INFO : 2021-01-18 20:27:14,959 : method: Soft-Actor Critic
INFO : 2021-01-18 20:27:14,960 : parameter n_steps: 1000 ensemble_size: 5 env: Hopper-v2
INFO : 2021-01-18 20:27:18,363 : mpc_function policy
INFO : 2021-01-18 20:27:18,363 : sac
INFO : 2021-01-18 20:27:18,446 : episode: 0 score: 32.6 100 games avg: 32.6 steps 61 
INFO : 2021-01-18 20:27:18,521 : episode: 1 score: 26.5 100 games avg: 26.5 steps 56 
INFO : 2021-01-18 20:27:18,585 : episode: 2 score: 20.0 100 games avg: 20.0 steps 49 
INFO : 2021-01-18 20:27:18,661 : episode: 3 score: 30.3 100 games avg: 30.3 steps 58 
INFO : 2021-01-18 20:27:19,071 : episode: 4 score: 21.7 100 games avg: 21.7 steps 48 
INFO : 2021-01-18 20:27:19,716 : episode: 5 score: 9.1 100 games avg: 9.1 steps 32 
INFO : 2021-01-18 20:27:20,329 : episode: 6 score: 5.3 100 games avg: 5.3 steps 30 
INFO : 2021-01-18 20:27:21,119 : episode: 7 score: 8.5 100 games avg: 8.5 steps 36 
INFO : 2021-01-18 20:27:21,490 : episode: 8 score: 16.2 100 games avg: 16.2 steps 17 
INFO : 2021-01-18 20:27:21,847 : episode: 9 score: 14.5 100 games avg: 14.5 steps 17 
INFO : 2021-01-18 20:27:22,700 : episode: 10 score: 30.7 100 games avg: 30.7 steps 38 
INFO : 2021-01-18 20:27:23,665 : episode: 11 score: 79.6 100 games avg: 79.6 steps 51 
INFO : 2021-01-18 20:27:24,405 : episode: 12 score: 58.7 100 games avg: 58.7 steps 35 
INFO : 2021-01-18 20:27:25,131 : episode: 13 score: 58.2 100 games avg: 58.2 steps 35 
INFO : 2021-01-18 20:27:25,641 : episode: 14 score: 47.6 100 games avg: 47.6 steps 29 
INFO : 2021-01-18 20:27:26,292 : episode: 15 score: 50.5 100 games avg: 50.5 steps 30 
INFO : 2021-01-18 20:27:26,991 : episode: 16 score: 62.6 100 games avg: 62.6 steps 37 
INFO : 2021-01-18 20:27:27,696 : episode: 17 score: 53.0 100 games avg: 53.0 steps 31 
INFO : 2021-01-18 20:27:28,552 : episode: 18 score: 62.5 100 games avg: 62.5 steps 36 
INFO : 2021-01-18 20:27:29,665 : episode: 19 score: 111.1 100 games avg: 111.1 steps 65 
INFO : 2021-01-18 20:27:30,942 : episode: 20 score: 136.6 100 games avg: 136.6 steps 77 
INFO : 2021-01-18 20:27:31,590 : episode: 21 score: 71.8 100 games avg: 71.8 steps 42 
INFO : 2021-01-18 20:27:32,235 : episode: 22 score: 71.0 100 games avg: 71.0 steps 41 
INFO : 2021-01-18 20:27:32,803 : episode: 23 score: 62.0 100 games avg: 62.0 steps 36 
INFO : 2021-01-18 20:27:33,373 : episode: 24 score: 63.6 100 games avg: 63.6 steps 37 
INFO : 2021-01-18 20:27:34,056 : episode: 25 score: 76.0 100 games avg: 76.0 steps 44 
INFO : 2021-01-18 20:27:34,850 : episode: 26 score: 92.9 100 games avg: 92.9 steps 51 
INFO : 2021-01-18 20:27:35,407 : episode: 27 score: 68.2 100 games avg: 68.2 steps 39 
INFO : 2021-01-18 20:27:36,047 : episode: 28 score: 66.8 100 games avg: 66.8 steps 39 
INFO : 2021-01-18 20:27:36,711 : episode: 29 score: 81.2 100 games avg: 81.2 steps 46 
INFO : 2021-01-18 20:27:37,369 : episode: 30 score: 82.4 100 games avg: 82.4 steps 46 
INFO : 2021-01-18 20:27:37,861 : episode: 31 score: 59.6 100 games avg: 59.6 steps 34 
INFO : 2021-01-18 20:27:38,435 : episode: 32 score: 70.7 100 games avg: 70.7 steps 40 
INFO : 2021-01-18 20:27:39,019 : episode: 33 score: 72.5 100 games avg: 72.5 steps 41 
INFO : 2021-01-18 20:27:39,740 : episode: 34 score: 87.9 100 games avg: 87.9 steps 50 
INFO : 2021-01-18 20:27:40,246 : episode: 35 score: 61.9 100 games avg: 61.9 steps 35 
INFO : 2021-01-18 20:27:40,863 : episode: 36 score: 68.4 100 games avg: 68.4 steps 39 
INFO : 2021-01-18 20:27:41,566 : episode: 37 score: 78.4 100 games avg: 78.4 steps 44 
INFO : 2021-01-18 20:27:42,143 : episode: 38 score: 70.7 100 games avg: 70.7 steps 40 
INFO : 2021-01-18 20:27:42,879 : episode: 39 score: 90.6 100 games avg: 90.6 steps 52 
INFO : 2021-01-18 20:27:43,380 : episode: 40 score: 62.0 100 games avg: 62.0 steps 35 
INFO : 2021-01-18 20:27:43,845 : episode: 41 score: 56.2 100 games avg: 56.2 steps 32 
INFO : 2021-01-18 20:27:45,083 : episode: 42 score: 172.0 100 games avg: 172.0 steps 87 
INFO : 2021-01-18 20:27:46,005 : episode: 43 score: 114.0 100 games avg: 114.0 steps 62 
INFO : 2021-01-18 20:27:47,061 : episode: 44 score: 139.6 100 games avg: 139.6 steps 72 
INFO : 2021-01-18 20:27:48,237 : episode: 45 score: 171.7 100 games avg: 171.7 steps 82 
INFO : 2021-01-18 20:27:49,476 : episode: 46 score: 173.5 100 games avg: 173.5 steps 86 
INFO : 2021-01-18 20:27:50,697 : episode: 47 score: 168.1 100 games avg: 168.1 steps 85 
INFO : 2021-01-18 20:27:51,894 : episode: 48 score: 163.7 100 games avg: 163.7 steps 83 
INFO : 2021-01-18 20:27:53,114 : episode: 49 score: 169.5 100 games avg: 169.5 steps 85 
INFO : 2021-01-18 20:27:54,454 : episode: 50 score: 170.4 100 games avg: 170.4 steps 86 
INFO : 2021-01-18 20:27:55,710 : episode: 51 score: 169.9 100 games avg: 169.9 steps 86 
INFO : 2021-01-18 20:27:57,014 : episode: 52 score: 173.5 100 games avg: 173.5 steps 86 
INFO : 2021-01-18 20:27:58,238 : episode: 53 score: 173.7 100 games avg: 173.7 steps 86 
INFO : 2021-01-18 20:27:59,463 : episode: 54 score: 169.4 100 games avg: 169.4 steps 86 
INFO : 2021-01-18 20:28:00,653 : episode: 55 score: 173.5 100 games avg: 173.5 steps 84 
INFO : 2021-01-18 20:28:01,851 : episode: 56 score: 172.2 100 games avg: 172.2 steps 84 
INFO : 2021-01-18 20:28:03,076 : episode: 57 score: 172.1 100 games avg: 172.1 steps 86 
INFO : 2021-01-18 20:28:04,293 : episode: 58 score: 171.4 100 games avg: 171.4 steps 85 
INFO : 2021-01-18 20:28:05,533 : episode: 59 score: 171.7 100 games avg: 171.7 steps 87 
INFO : 2021-01-18 20:28:06,788 : episode: 60 score: 175.2 100 games avg: 175.2 steps 85 
INFO : 2021-01-18 20:28:08,128 : episode: 61 score: 175.7 100 games avg: 175.7 steps 85 
INFO : 2021-01-18 20:28:09,326 : episode: 62 score: 172.4 100 games avg: 172.4 steps 84 
INFO : 2021-01-18 20:28:10,509 : episode: 63 score: 171.4 100 games avg: 171.4 steps 82 
INFO : 2021-01-18 20:28:11,698 : episode: 64 score: 171.6 100 games avg: 171.6 steps 83 
INFO : 2021-01-18 20:28:12,884 : episode: 65 score: 177.4 100 games avg: 177.4 steps 83 
INFO : 2021-01-18 20:28:14,064 : episode: 66 score: 170.0 100 games avg: 170.0 steps 82 
INFO : 2021-01-18 20:28:15,272 : episode: 67 score: 183.5 100 games avg: 183.5 steps 85 
INFO : 2021-01-18 20:28:16,492 : episode: 68 score: 184.3 100 games avg: 184.3 steps 85 
INFO : 2021-01-18 20:28:17,750 : episode: 69 score: 181.9 100 games avg: 181.9 steps 84 
INFO : 2021-01-18 20:28:18,903 : episode: 70 score: 168.1 100 games avg: 168.1 steps 80 
INFO : 2021-01-18 20:28:20,122 : episode: 71 score: 176.5 100 games avg: 176.5 steps 82 
INFO : 2021-01-18 20:28:21,367 : episode: 72 score: 182.3 100 games avg: 182.3 steps 84 
INFO : 2021-01-18 20:28:22,651 : episode: 73 score: 187.6 100 games avg: 187.6 steps 86 
INFO : 2021-01-18 20:28:23,583 : episode: 74 score: 123.0 100 games avg: 123.0 steps 65 
INFO : 2021-01-18 20:28:24,812 : episode: 75 score: 186.9 100 games avg: 186.9 steps 86 
INFO : 2021-01-18 20:28:25,995 : episode: 76 score: 177.8 100 games avg: 177.8 steps 83 
INFO : 2021-01-18 20:28:27,187 : episode: 77 score: 181.3 100 games avg: 181.3 steps 84 
INFO : 2021-01-18 20:28:28,476 : episode: 78 score: 187.2 100 games avg: 187.2 steps 86 
INFO : 2021-01-18 20:28:30,112 : episode: 79 score: 209.6 100 games avg: 209.6 steps 110 
INFO : 2021-01-18 20:28:31,319 : episode: 80 score: 183.3 100 games avg: 183.3 steps 85 
INFO : 2021-01-18 20:28:32,528 : episode: 81 score: 185.6 100 games avg: 185.6 steps 85 
INFO : 2021-01-18 20:28:33,866 : episode: 82 score: 187.3 100 games avg: 187.3 steps 89 
INFO : 2021-01-18 20:28:35,395 : episode: 83 score: 201.4 100 games avg: 201.4 steps 103 
INFO : 2021-01-18 20:28:36,723 : episode: 84 score: 194.4 100 games avg: 194.4 steps 93 
INFO : 2021-01-18 20:28:38,197 : episode: 85 score: 204.5 100 games avg: 204.5 steps 103 
INFO : 2021-01-18 20:28:39,719 : episode: 86 score: 200.4 100 games avg: 200.4 steps 102 
INFO : 2021-01-18 20:28:41,212 : episode: 87 score: 202.7 100 games avg: 202.7 steps 104 
INFO : 2021-01-18 20:28:42,533 : episode: 88 score: 157.5 100 games avg: 157.5 steps 92 
INFO : 2021-01-18 20:28:43,698 : episode: 89 score: 144.3 100 games avg: 144.3 steps 81 
INFO : 2021-01-18 20:28:44,857 : episode: 90 score: 145.6 100 games avg: 145.6 steps 81 
INFO : 2021-01-18 20:28:46,076 : episode: 91 score: 189.9 100 games avg: 189.9 steps 86 
INFO : 2021-01-18 20:28:47,317 : episode: 92 score: 140.6 100 games avg: 140.6 steps 80 
INFO : 2021-01-18 20:28:48,554 : episode: 93 score: 147.4 100 games avg: 147.4 steps 81 
INFO : 2021-01-18 20:28:49,925 : episode: 94 score: 162.7 100 games avg: 162.7 steps 91 
INFO : 2021-01-18 20:28:51,101 : episode: 95 score: 144.6 100 games avg: 144.6 steps 82 
INFO : 2021-01-18 20:28:52,551 : episode: 96 score: 169.2 100 games avg: 169.2 steps 96 
INFO : 2021-01-18 20:28:53,912 : episode: 97 score: 167.5 100 games avg: 167.5 steps 96 
INFO : 2021-01-18 20:28:55,233 : episode: 98 score: 163.2 100 games avg: 163.2 steps 92 
INFO : 2021-01-18 20:28:56,597 : episode: 99 score: 167.8 100 games avg: 167.8 steps 95 
INFO : 2021-01-18 20:28:57,879 : episode: 100 score: 159.7 100 games avg: 159.7 steps 90 
INFO : 2021-01-18 20:28:59,148 : episode: 101 score: 156.8 100 games avg: 156.8 steps 89 
INFO : 2021-01-18 20:29:00,667 : episode: 102 score: 166.4 100 games avg: 166.4 steps 94 
INFO : 2021-01-18 20:29:01,970 : episode: 103 score: 178.3 100 games avg: 178.3 steps 85 
INFO : 2021-01-18 20:29:03,203 : episode: 104 score: 152.8 100 games avg: 152.8 steps 86 
INFO : 2021-01-18 20:29:04,401 : episode: 105 score: 175.9 100 games avg: 175.9 steps 84 
INFO : 2021-01-18 20:29:05,606 : episode: 106 score: 149.9 100 games avg: 149.9 steps 84 
INFO : 2021-01-18 20:29:06,810 : episode: 107 score: 145.5 100 games avg: 145.5 steps 83 
INFO : 2021-01-18 20:29:07,769 : episode: 108 score: 115.5 100 games avg: 115.5 steps 67 
INFO : 2021-01-18 20:29:08,924 : episode: 109 score: 141.7 100 games avg: 141.7 steps 81 
INFO : 2021-01-18 20:29:10,421 : episode: 110 score: 173.4 100 games avg: 173.4 steps 99 
INFO : 2021-01-18 20:29:11,564 : episode: 111 score: 141.7 100 games avg: 141.7 steps 80 
INFO : 2021-01-18 20:29:12,641 : episode: 112 score: 134.7 100 games avg: 134.7 steps 76 
INFO : 2021-01-18 20:29:14,006 : episode: 113 score: 165.6 100 games avg: 165.6 steps 93 
INFO : 2021-01-18 20:29:15,103 : episode: 114 score: 130.2 100 games avg: 130.2 steps 72 
INFO : 2021-01-18 20:29:16,377 : episode: 115 score: 190.9 100 games avg: 190.9 steps 89 
INFO : 2021-01-18 20:29:17,398 : episode: 116 score: 128.3 100 games avg: 128.3 steps 72 
INFO : 2021-01-18 20:29:18,579 : episode: 117 score: 145.9 100 games avg: 145.9 steps 83 
INFO : 2021-01-18 20:29:20,111 : episode: 118 score: 212.7 100 games avg: 212.7 steps 106 
INFO : 2021-01-18 20:29:21,242 : episode: 119 score: 132.5 100 games avg: 132.5 steps 75 
INFO : 2021-01-18 20:29:22,366 : episode: 120 score: 131.2 100 games avg: 131.2 steps 74 
INFO : 2021-01-18 20:29:23,609 : episode: 121 score: 145.6 100 games avg: 145.6 steps 87 
INFO : 2021-01-18 20:29:24,600 : episode: 122 score: 133.4 100 games avg: 133.4 steps 69 
INFO : 2021-01-18 20:29:25,775 : episode: 123 score: 144.9 100 games avg: 144.9 steps 82 
INFO : 2021-01-18 20:29:27,075 : episode: 124 score: 188.7 100 games avg: 188.7 steps 86 
INFO : 2021-01-18 20:29:28,414 : episode: 125 score: 151.1 100 games avg: 151.1 steps 87 
INFO : 2021-01-18 20:29:29,498 : episode: 126 score: 133.9 100 games avg: 133.9 steps 76 
INFO : 2021-01-18 20:29:30,601 : episode: 127 score: 130.3 100 games avg: 130.3 steps 77 
INFO : 2021-01-18 20:29:31,890 : episode: 128 score: 184.5 100 games avg: 184.5 steps 84 
INFO : 2021-01-18 20:29:33,154 : episode: 129 score: 154.7 100 games avg: 154.7 steps 85 
INFO : 2021-01-18 20:29:34,386 : episode: 130 score: 190.3 100 games avg: 190.3 steps 86 
INFO : 2021-01-18 20:29:35,624 : episode: 131 score: 144.5 100 games avg: 144.5 steps 86 
INFO : 2021-01-18 20:29:36,833 : episode: 132 score: 140.8 100 games avg: 140.8 steps 84 
INFO : 2021-01-18 20:29:37,962 : episode: 133 score: 145.7 100 games avg: 145.7 steps 79 
INFO : 2021-01-18 20:29:39,226 : episode: 134 score: 187.7 100 games avg: 187.7 steps 88 
INFO : 2021-01-18 20:29:40,447 : episode: 135 score: 186.1 100 games avg: 186.1 steps 85 
INFO : 2021-01-18 20:29:41,797 : episode: 136 score: 155.7 100 games avg: 155.7 steps 86 
INFO : 2021-01-18 20:29:43,084 : episode: 137 score: 186.8 100 games avg: 186.8 steps 86 
INFO : 2021-01-18 20:29:44,507 : episode: 138 score: 194.7 100 games avg: 194.7 steps 99 
INFO : 2021-01-18 20:29:45,998 : episode: 139 score: 204.1 100 games avg: 204.1 steps 105 
INFO : 2021-01-18 20:29:47,586 : episode: 140 score: 216.7 100 games avg: 216.7 steps 110 
INFO : 2021-01-18 20:29:48,897 : episode: 141 score: 169.6 100 games avg: 169.6 steps 92 
INFO : 2021-01-18 20:29:50,359 : episode: 142 score: 197.0 100 games avg: 197.0 steps 102 
INFO : 2021-01-18 20:29:51,640 : episode: 143 score: 162.5 100 games avg: 162.5 steps 89 
INFO : 2021-01-18 20:29:52,917 : episode: 144 score: 190.1 100 games avg: 190.1 steps 86 
INFO : 2021-01-18 20:29:54,265 : episode: 145 score: 180.1 100 games avg: 180.1 steps 83 
INFO : 2021-01-18 20:29:55,646 : episode: 146 score: 186.8 100 games avg: 186.8 steps 96 
INFO : 2021-01-18 20:29:57,013 : episode: 147 score: 186.5 100 games avg: 186.5 steps 95 
INFO : 2021-01-18 20:29:58,439 : episode: 148 score: 194.3 100 games avg: 194.3 steps 100 
INFO : 2021-01-18 20:29:59,819 : episode: 149 score: 184.2 100 games avg: 184.2 steps 96 
INFO : 2021-01-18 20:30:01,256 : episode: 150 score: 193.2 100 games avg: 193.2 steps 100 
INFO : 2021-01-18 20:30:02,749 : episode: 151 score: 196.4 100 games avg: 196.4 steps 101 
INFO : 2021-01-18 20:30:04,191 : episode: 152 score: 190.9 100 games avg: 190.9 steps 98 
INFO : 2021-01-18 20:30:05,392 : episode: 153 score: 176.5 100 games avg: 176.5 steps 84 
INFO : 2021-01-18 20:30:06,806 : episode: 154 score: 187.8 100 games avg: 187.8 steps 96 
INFO : 2021-01-18 20:30:08,331 : episode: 155 score: 177.0 100 games avg: 177.0 steps 91 
INFO : 2021-01-18 20:30:09,647 : episode: 156 score: 172.3 100 games avg: 172.3 steps 89 
INFO : 2021-01-18 20:30:10,961 : episode: 157 score: 179.8 100 games avg: 179.8 steps 92 
INFO : 2021-01-18 20:30:12,148 : episode: 158 score: 174.9 100 games avg: 174.9 steps 83 
INFO : 2021-01-18 20:30:13,458 : episode: 159 score: 174.4 100 games avg: 174.4 steps 86 
INFO : 2021-01-18 20:30:14,766 : episode: 160 score: 176.4 100 games avg: 176.4 steps 86 
INFO : 2021-01-18 20:30:16,006 : episode: 161 score: 174.1 100 games avg: 174.1 steps 86 
INFO : 2021-01-18 20:30:17,228 : episode: 162 score: 175.9 100 games avg: 175.9 steps 85 
INFO : 2021-01-18 20:30:18,475 : episode: 163 score: 173.2 100 games avg: 173.2 steps 87 
INFO : 2021-01-18 20:30:19,753 : episode: 164 score: 178.6 100 games avg: 178.6 steps 90 
INFO : 2021-01-18 20:30:21,044 : episode: 165 score: 173.1 100 games avg: 173.1 steps 87 
INFO : 2021-01-18 20:30:22,332 : episode: 166 score: 177.7 100 games avg: 177.7 steps 86 
INFO : 2021-01-18 20:30:23,584 : episode: 167 score: 172.8 100 games avg: 172.8 steps 87 
INFO : 2021-01-18 20:30:24,810 : episode: 168 score: 174.9 100 games avg: 174.9 steps 85 
INFO : 2021-01-18 20:30:26,090 : episode: 169 score: 176.5 100 games avg: 176.5 steps 86 
INFO : 2021-01-18 20:30:27,317 : episode: 170 score: 172.9 100 games avg: 172.9 steps 86 
INFO : 2021-01-18 20:30:28,527 : episode: 171 score: 172.8 100 games avg: 172.8 steps 85 
INFO : 2021-01-18 20:30:29,752 : episode: 172 score: 180.3 100 games avg: 180.3 steps 86 
INFO : 2021-01-18 20:30:31,011 : episode: 173 score: 171.7 100 games avg: 171.7 steps 87 
INFO : 2021-01-18 20:30:32,235 : episode: 174 score: 177.8 100 games avg: 177.8 steps 85 
INFO : 2021-01-18 20:30:33,490 : episode: 175 score: 175.7 100 games avg: 175.7 steps 84 
INFO : 2021-01-18 20:30:34,887 : episode: 176 score: 171.2 100 games avg: 171.2 steps 86 
INFO : 2021-01-18 20:30:36,163 : episode: 177 score: 177.0 100 games avg: 177.0 steps 85 
INFO : 2021-01-18 20:30:37,396 : episode: 178 score: 174.1 100 games avg: 174.1 steps 86 
INFO : 2021-01-18 20:30:38,617 : episode: 179 score: 173.3 100 games avg: 173.3 steps 85 
INFO : 2021-01-18 20:30:39,856 : episode: 180 score: 176.4 100 games avg: 176.4 steps 86 
INFO : 2021-01-18 20:30:41,097 : episode: 181 score: 177.7 100 games avg: 177.7 steps 86 
INFO : 2021-01-18 20:30:42,339 : episode: 182 score: 175.4 100 games avg: 175.4 steps 87 
INFO : 2021-01-18 20:30:43,567 : episode: 183 score: 178.2 100 games avg: 178.2 steps 86 
INFO : 2021-01-18 20:30:44,824 : episode: 184 score: 177.6 100 games avg: 177.6 steps 88 
INFO : 2021-01-18 20:30:46,116 : episode: 185 score: 175.9 100 games avg: 175.9 steps 85 
INFO : 2021-01-18 20:30:47,444 : episode: 186 score: 177.9 100 games avg: 177.9 steps 88 
INFO : 2021-01-18 20:30:48,725 : episode: 187 score: 182.2 100 games avg: 182.2 steps 87 
INFO : 2021-01-18 20:30:49,925 : episode: 188 score: 178.5 100 games avg: 178.5 steps 84 
INFO : 2021-01-18 20:30:51,150 : episode: 189 score: 180.7 100 games avg: 180.7 steps 86 
INFO : 2021-01-18 20:30:52,399 : episode: 190 score: 176.9 100 games avg: 176.9 steps 87 
INFO : 2021-01-18 20:30:53,643 : episode: 191 score: 182.1 100 games avg: 182.1 steps 87 
INFO : 2021-01-18 20:30:54,913 : episode: 192 score: 184.5 100 games avg: 184.5 steps 88 
INFO : 2021-01-18 20:30:56,259 : episode: 193 score: 178.6 100 games avg: 178.6 steps 89 
INFO : 2021-01-18 20:30:57,495 : episode: 194 score: 181.2 100 games avg: 181.2 steps 86 
INFO : 2021-01-18 20:30:58,773 : episode: 195 score: 186.9 100 games avg: 186.9 steps 89 
INFO : 2021-01-18 20:31:00,020 : episode: 196 score: 179.2 100 games avg: 179.2 steps 87 
INFO : 2021-01-18 20:31:01,394 : episode: 197 score: 190.1 100 games avg: 190.1 steps 87 
INFO : 2021-01-18 20:31:02,683 : episode: 198 score: 203.0 100 games avg: 203.0 steps 90 
INFO : 2021-01-18 20:31:03,960 : episode: 199 score: 180.2 100 games avg: 180.2 steps 89 
INFO : 2021-01-18 20:31:05,199 : episode: 200 score: 178.6 100 games avg: 178.6 steps 87 
INFO : 2021-01-18 20:31:06,496 : episode: 201 score: 176.0 100 games avg: 176.0 steps 88 
INFO : 2021-01-18 20:31:07,825 : episode: 202 score: 180.8 100 games avg: 180.8 steps 88 
INFO : 2021-01-18 20:31:09,086 : episode: 203 score: 187.7 100 games avg: 187.7 steps 88 
INFO : 2021-01-18 20:31:10,351 : episode: 204 score: 197.9 100 games avg: 197.9 steps 89 
INFO : 2021-01-18 20:31:11,643 : episode: 205 score: 189.9 100 games avg: 189.9 steps 90 
INFO : 2021-01-18 20:31:12,929 : episode: 206 score: 190.4 100 games avg: 190.4 steps 90 
INFO : 2021-01-18 20:31:14,432 : episode: 207 score: 214.5 100 games avg: 214.5 steps 93 
INFO : 2021-01-18 20:31:15,777 : episode: 208 score: 201.8 100 games avg: 201.8 steps 90 
INFO : 2021-01-18 20:31:17,096 : episode: 209 score: 201.3 100 games avg: 201.3 steps 91 
INFO : 2021-01-18 20:31:18,481 : episode: 210 score: 207.2 100 games avg: 207.2 steps 93 
INFO : 2021-01-18 20:31:19,846 : episode: 211 score: 208.5 100 games avg: 208.5 steps 94 
INFO : 2021-01-18 20:31:21,163 : episode: 212 score: 209.4 100 games avg: 209.4 steps 91 
INFO : 2021-01-18 20:31:22,402 : episode: 213 score: 192.2 100 games avg: 192.2 steps 87 
INFO : 2021-01-18 20:31:23,703 : episode: 214 score: 192.3 100 games avg: 192.3 steps 91 
INFO : 2021-01-18 20:31:24,990 : episode: 215 score: 184.0 100 games avg: 184.0 steps 90 
INFO : 2021-01-18 20:31:26,316 : episode: 216 score: 207.5 100 games avg: 207.5 steps 92 
INFO : 2021-01-18 20:31:27,572 : episode: 217 score: 172.0 100 games avg: 172.0 steps 85 
INFO : 2021-01-18 20:31:29,091 : episode: 218 score: 209.1 100 games avg: 209.1 steps 97 
INFO : 2021-01-18 20:31:30,459 : episode: 219 score: 195.4 100 games avg: 195.4 steps 95 
INFO : 2021-01-18 20:31:31,709 : episode: 220 score: 199.4 100 games avg: 199.4 steps 87 
INFO : 2021-01-18 20:31:32,991 : episode: 221 score: 207.0 100 games avg: 207.0 steps 89 
INFO : 2021-01-18 20:31:34,237 : episode: 222 score: 184.9 100 games avg: 184.9 steps 87 
INFO : 2021-01-18 20:31:35,684 : episode: 223 score: 255.5 100 games avg: 255.5 steps 101 
INFO : 2021-01-18 20:31:37,251 : episode: 224 score: 236.6 100 games avg: 236.6 steps 110 
INFO : 2021-01-18 20:31:38,722 : episode: 225 score: 224.7 100 games avg: 224.7 steps 100 
INFO : 2021-01-18 20:31:40,154 : episode: 226 score: 224.9 100 games avg: 224.9 steps 96 
INFO : 2021-01-18 20:31:41,579 : episode: 227 score: 209.4 100 games avg: 209.4 steps 92 
INFO : 2021-01-18 20:31:42,982 : episode: 228 score: 233.5 100 games avg: 233.5 steps 98 
INFO : 2021-01-18 20:31:44,816 : episode: 229 score: 295.3 100 games avg: 295.3 steps 127 
INFO : 2021-01-18 20:31:46,534 : episode: 230 score: 285.8 100 games avg: 285.8 steps 120 
INFO : 2021-01-18 20:31:47,874 : episode: 231 score: 204.9 100 games avg: 204.9 steps 94 
INFO : 2021-01-18 20:31:49,706 : episode: 232 score: 286.1 100 games avg: 286.1 steps 123 
INFO : 2021-01-18 20:31:51,168 : episode: 233 score: 208.2 100 games avg: 208.2 steps 101 
INFO : 2021-01-18 20:31:52,202 : episode: 234 score: 132.7 100 games avg: 132.7 steps 72 
INFO : 2021-01-18 20:31:52,842 : episode: 235 score: 74.8 100 games avg: 74.8 steps 45 
INFO : 2021-01-18 20:31:53,619 : episode: 236 score: 92.1 100 games avg: 92.1 steps 54 
INFO : 2021-01-18 20:31:54,198 : episode: 237 score: 60.1 100 games avg: 60.1 steps 37 
INFO : 2021-01-18 20:31:54,755 : episode: 238 score: 52.7 100 games avg: 52.7 steps 33 
INFO : 2021-01-18 20:31:55,228 : episode: 239 score: 54.2 100 games avg: 54.2 steps 33 
INFO : 2021-01-18 20:31:55,727 : episode: 240 score: 57.6 100 games avg: 57.6 steps 35 
INFO : 2021-01-18 20:31:56,268 : episode: 241 score: 63.1 100 games avg: 63.1 steps 38 
INFO : 2021-01-18 20:31:56,854 : episode: 242 score: 68.7 100 games avg: 68.7 steps 41 
INFO : 2021-01-18 20:31:57,371 : episode: 243 score: 57.9 100 games avg: 57.9 steps 36 
INFO : 2021-01-18 20:32:00,518 : episode: 244 score: 455.9 100 games avg: 455.9 steps 215 
INFO : 2021-01-18 20:32:01,482 : episode: 245 score: 112.4 100 games avg: 112.4 steps 63 
INFO : 2021-01-18 20:32:02,571 : episode: 246 score: 130.6 100 games avg: 130.6 steps 76 
INFO : 2021-01-18 20:32:04,219 : episode: 247 score: 282.4 100 games avg: 282.4 steps 115 
INFO : 2021-01-18 20:32:05,319 : episode: 248 score: 172.3 100 games avg: 172.3 steps 77 
INFO : 2021-01-18 20:32:06,995 : episode: 249 score: 318.4 100 games avg: 318.4 steps 117 
INFO : 2021-01-18 20:32:08,452 : episode: 250 score: 179.0 100 games avg: 179.0 steps 92 
INFO : 2021-01-18 20:32:09,741 : episode: 251 score: 177.5 100 games avg: 177.5 steps 90 
INFO : 2021-01-18 20:32:11,603 : episode: 252 score: 288.0 100 games avg: 288.0 steps 125 
INFO : 2021-01-18 20:32:13,451 : episode: 253 score: 293.3 100 games avg: 293.3 steps 129 
INFO : 2021-01-18 20:32:15,091 : episode: 254 score: 279.9 100 games avg: 279.9 steps 115 
INFO : 2021-01-18 20:32:16,521 : episode: 255 score: 211.0 100 games avg: 211.0 steps 100 
INFO : 2021-01-18 20:32:17,831 : episode: 256 score: 208.0 100 games avg: 208.0 steps 91 
INFO : 2021-01-18 20:32:19,766 : episode: 257 score: 349.6 100 games avg: 349.6 steps 136 
INFO : 2021-01-18 20:32:21,666 : episode: 258 score: 289.3 100 games avg: 289.3 steps 120 
INFO : 2021-01-18 20:32:23,253 : episode: 259 score: 227.5 100 games avg: 227.5 steps 109 
INFO : 2021-01-18 20:32:24,476 : episode: 260 score: 163.2 100 games avg: 163.2 steps 85 
INFO : 2021-01-18 20:32:26,784 : episode: 261 score: 411.0 100 games avg: 411.0 steps 161 
INFO : 2021-01-18 20:32:28,796 : episode: 262 score: 349.2 100 games avg: 349.2 steps 141 
INFO : 2021-01-18 20:32:30,922 : episode: 263 score: 355.1 100 games avg: 355.1 steps 149 
INFO : 2021-01-18 20:32:32,977 : episode: 264 score: 318.0 100 games avg: 318.0 steps 140 
INFO : 2021-01-18 20:32:34,553 : episode: 265 score: 256.9 100 games avg: 256.9 steps 107 
INFO : 2021-01-18 20:32:36,722 : episode: 266 score: 364.3 100 games avg: 364.3 steps 149 
INFO : 2021-01-18 20:32:38,615 : episode: 267 score: 291.3 100 games avg: 291.3 steps 132 
INFO : 2021-01-18 20:32:40,114 : episode: 268 score: 257.1 100 games avg: 257.1 steps 104 
INFO : 2021-01-18 20:32:41,708 : episode: 269 score: 260.7 100 games avg: 260.7 steps 108 
INFO : 2021-01-18 20:32:43,116 : episode: 270 score: 225.2 100 games avg: 225.2 steps 96 
INFO : 2021-01-18 20:32:44,707 : episode: 271 score: 253.4 100 games avg: 253.4 steps 110 
INFO : 2021-01-18 20:32:46,223 : episode: 272 score: 252.9 100 games avg: 252.9 steps 104 
INFO : 2021-01-18 20:32:47,830 : episode: 273 score: 231.7 100 games avg: 231.7 steps 104 
INFO : 2021-01-18 20:32:49,283 : episode: 274 score: 238.3 100 games avg: 238.3 steps 101 
INFO : 2021-01-18 20:32:50,722 : episode: 275 score: 236.7 100 games avg: 236.7 steps 101 
INFO : 2021-01-18 20:32:52,233 : episode: 276 score: 241.5 100 games avg: 241.5 steps 104 
INFO : 2021-01-18 20:32:54,199 : episode: 277 score: 351.7 100 games avg: 351.7 steps 133 
INFO : 2021-01-18 20:32:55,689 : episode: 278 score: 237.2 100 games avg: 237.2 steps 103 
INFO : 2021-01-18 20:32:57,545 : episode: 279 score: 348.5 100 games avg: 348.5 steps 130 
INFO : 2021-01-18 20:32:59,421 : episode: 280 score: 353.6 100 games avg: 353.6 steps 131 
INFO : 2021-01-18 20:33:01,655 : episode: 281 score: 400.0 100 games avg: 400.0 steps 146 
INFO : 2021-01-18 20:33:03,337 : episode: 282 score: 291.7 100 games avg: 291.7 steps 115 
INFO : 2021-01-18 20:33:05,395 : episode: 283 score: 362.4 100 games avg: 362.4 steps 139 
INFO : 2021-01-18 20:33:07,373 : episode: 284 score: 369.3 100 games avg: 369.3 steps 138 
INFO : 2021-01-18 20:33:09,456 : episode: 285 score: 390.4 100 games avg: 390.4 steps 146 
INFO : 2021-01-18 20:33:11,367 : episode: 286 score: 363.4 100 games avg: 363.4 steps 133 
INFO : 2021-01-18 20:33:13,340 : episode: 287 score: 390.1 100 games avg: 390.1 steps 137 
INFO : 2021-01-18 20:33:15,482 : episode: 288 score: 382.9 100 games avg: 382.9 steps 138 
INFO : 2021-01-18 20:33:17,512 : episode: 289 score: 406.4 100 games avg: 406.4 steps 142 
INFO : 2021-01-18 20:33:19,725 : episode: 290 score: 466.2 100 games avg: 466.2 steps 155 
INFO : 2021-01-18 20:33:21,574 : episode: 291 score: 355.2 100 games avg: 355.2 steps 130 
INFO : 2021-01-18 20:33:23,287 : episode: 292 score: 310.5 100 games avg: 310.5 steps 118 
INFO : 2021-01-18 20:33:25,450 : episode: 293 score: 441.4 100 games avg: 441.4 steps 148 
INFO : 2021-01-18 20:33:27,461 : episode: 294 score: 355.0 100 games avg: 355.0 steps 130 
INFO : 2021-01-18 20:33:29,292 : episode: 295 score: 327.1 100 games avg: 327.1 steps 126 
INFO : 2021-01-18 20:33:31,185 : episode: 296 score: 366.4 100 games avg: 366.4 steps 132 
INFO : 2021-01-18 20:33:33,410 : episode: 297 score: 481.5 100 games avg: 481.5 steps 155 
INFO : 2021-01-18 20:33:35,266 : episode: 298 score: 326.0 100 games avg: 326.0 steps 126 
INFO : 2021-01-18 20:33:37,346 : episode: 299 score: 424.5 100 games avg: 424.5 steps 146 
INFO : 2021-01-18 20:33:38,922 : episode: 300 score: 265.7 100 games avg: 265.7 steps 110 
INFO : 2021-01-18 20:33:40,882 : episode: 301 score: 361.9 100 games avg: 361.9 steps 134 
INFO : 2021-01-18 20:33:43,058 : episode: 302 score: 439.5 100 games avg: 439.5 steps 149 
INFO : 2021-01-18 20:33:44,836 : episode: 303 score: 328.4 100 games avg: 328.4 steps 124 
INFO : 2021-01-18 20:33:47,020 : episode: 304 score: 412.2 100 games avg: 412.2 steps 145 
INFO : 2021-01-18 20:33:48,908 : episode: 305 score: 352.0 100 games avg: 352.0 steps 130 
INFO : 2021-01-18 20:33:51,113 : episode: 306 score: 363.3 100 games avg: 363.3 steps 136 
INFO : 2021-01-18 20:33:53,141 : episode: 307 score: 331.3 100 games avg: 331.3 steps 124 
INFO : 2021-01-18 20:33:55,102 : episode: 308 score: 300.8 100 games avg: 300.8 steps 117 
INFO : 2021-01-18 20:33:57,261 : episode: 309 score: 344.2 100 games avg: 344.2 steps 131 
INFO : 2021-01-18 20:33:59,343 : episode: 310 score: 368.5 100 games avg: 368.5 steps 129 
INFO : 2021-01-18 20:34:01,501 : episode: 311 score: 358.2 100 games avg: 358.2 steps 134 
INFO : 2021-01-18 20:34:03,474 : episode: 312 score: 332.1 100 games avg: 332.1 steps 122 
INFO : 2021-01-18 20:34:05,632 : episode: 313 score: 361.1 100 games avg: 361.1 steps 135 
INFO : 2021-01-18 20:34:08,001 : episode: 314 score: 358.4 100 games avg: 358.4 steps 134 
INFO : 2021-01-18 20:34:09,706 : episode: 315 score: 303.8 100 games avg: 303.8 steps 113 
INFO : 2021-01-18 20:34:11,625 : episode: 316 score: 358.6 100 games avg: 358.6 steps 135 
INFO : 2021-01-18 20:34:13,369 : episode: 317 score: 335.1 100 games avg: 335.1 steps 123 
INFO : 2021-01-18 20:34:15,317 : episode: 318 score: 370.3 100 games avg: 370.3 steps 137 
INFO : 2021-01-18 20:34:17,021 : episode: 319 score: 308.3 100 games avg: 308.3 steps 120 
INFO : 2021-01-18 20:34:18,925 : episode: 320 score: 360.4 100 games avg: 360.4 steps 132 
INFO : 2021-01-18 20:34:20,787 : episode: 321 score: 330.1 100 games avg: 330.1 steps 122 
INFO : 2021-01-18 20:34:22,661 : episode: 322 score: 361.4 100 games avg: 361.4 steps 132 
INFO : 2021-01-18 20:34:24,553 : episode: 323 score: 371.7 100 games avg: 371.7 steps 133 
INFO : 2021-01-18 20:34:26,257 : episode: 324 score: 333.2 100 games avg: 333.2 steps 120 
INFO : 2021-01-18 20:34:27,866 : episode: 325 score: 290.0 100 games avg: 290.0 steps 110 
INFO : 2021-01-18 20:34:29,834 : episode: 326 score: 374.0 100 games avg: 374.0 steps 137 
INFO : 2021-01-18 20:34:31,472 : episode: 327 score: 296.3 100 games avg: 296.3 steps 114 
INFO : 2021-01-18 20:34:33,094 : episode: 328 score: 286.5 100 games avg: 286.5 steps 111 
INFO : 2021-01-18 20:34:34,761 : episode: 329 score: 245.7 100 games avg: 245.7 steps 106 
INFO : 2021-01-18 20:34:35,218 : episode: 330 score: 4.4 100 games avg: 4.4 steps 29 
INFO : 2021-01-18 20:34:35,632 : episode: 331 score: 4.4 100 games avg: 4.4 steps 29 
INFO : 2021-01-18 20:34:36,060 : episode: 332 score: 4.9 100 games avg: 4.9 steps 30 
INFO : 2021-01-18 20:34:36,486 : episode: 333 score: 5.8 100 games avg: 5.8 steps 30 
INFO : 2021-01-18 20:34:36,933 : episode: 334 score: 6.0 100 games avg: 6.0 steps 31 
INFO : 2021-01-18 20:34:37,374 : episode: 335 score: 5.8 100 games avg: 5.8 steps 31 
INFO : 2021-01-18 20:34:37,802 : episode: 336 score: 5.7 100 games avg: 5.7 steps 30 
INFO : 2021-01-18 20:34:38,283 : episode: 337 score: 5.5 100 games avg: 5.5 steps 32 
INFO : 2021-01-18 20:34:38,740 : episode: 338 score: 5.8 100 games avg: 5.8 steps 32 
INFO : 2021-01-18 20:34:39,211 : episode: 339 score: 5.8 100 games avg: 5.8 steps 32 
INFO : 2021-01-18 20:34:39,700 : episode: 340 score: 5.3 100 games avg: 5.3 steps 31 
INFO : 2021-01-18 20:34:40,133 : episode: 341 score: 5.5 100 games avg: 5.5 steps 30 
INFO : 2021-01-18 20:34:40,594 : episode: 342 score: 6.0 100 games avg: 6.0 steps 32 
INFO : 2021-01-18 20:34:41,038 : episode: 343 score: 5.8 100 games avg: 5.8 steps 31 
INFO : 2021-01-18 20:34:41,467 : episode: 344 score: 5.0 100 games avg: 5.0 steps 30 
INFO : 2021-01-18 20:34:41,855 : episode: 345 score: 3.9 100 games avg: 3.9 steps 27 
INFO : 2021-01-18 20:34:42,258 : episode: 346 score: 3.9 100 games avg: 3.9 steps 28 
INFO : 2021-01-18 20:34:42,647 : episode: 347 score: 3.9 100 games avg: 3.9 steps 27 
INFO : 2021-01-18 20:34:43,050 : episode: 348 score: 4.2 100 games avg: 4.2 steps 28 
INFO : 2021-01-18 20:34:43,461 : episode: 349 score: 4.5 100 games avg: 4.5 steps 29 
INFO : 2021-01-18 20:34:43,905 : episode: 350 score: 5.3 100 games avg: 5.3 steps 31 
INFO : 2021-01-18 20:34:44,357 : episode: 351 score: 5.8 100 games avg: 5.8 steps 31 
INFO : 2021-01-18 20:34:44,799 : episode: 352 score: 5.5 100 games avg: 5.5 steps 31 
INFO : 2021-01-18 20:34:45,225 : episode: 353 score: 5.9 100 games avg: 5.9 steps 30 
INFO : 2021-01-18 20:34:45,670 : episode: 354 score: 5.8 100 games avg: 5.8 steps 31 
INFO : 2021-01-18 20:34:46,143 : episode: 355 score: 5.6 100 games avg: 5.6 steps 30 
INFO : 2021-01-18 20:34:46,599 : episode: 356 score: 6.3 100 games avg: 6.3 steps 32 
INFO : 2021-01-18 20:34:47,074 : episode: 357 score: 5.8 100 games avg: 5.8 steps 33 
INFO : 2021-01-18 20:34:47,552 : episode: 358 score: 6.3 100 games avg: 6.3 steps 33 
INFO : 2021-01-18 20:34:48,099 : episode: 359 score: 6.8 100 games avg: 6.8 steps 34 
INFO : 2021-01-18 20:34:48,571 : episode: 360 score: 6.3 100 games avg: 6.3 steps 33 
INFO : 2021-01-18 20:34:49,042 : episode: 361 score: 6.6 100 games avg: 6.6 steps 33 
INFO : 2021-01-18 20:34:49,566 : episode: 362 score: 6.8 100 games avg: 6.8 steps 35 
INFO : 2021-01-18 20:34:50,071 : episode: 363 score: 6.9 100 games avg: 6.9 steps 34 
INFO : 2021-01-18 20:34:50,577 : episode: 364 score: 7.4 100 games avg: 7.4 steps 35 
INFO : 2021-01-18 20:34:51,076 : episode: 365 score: 7.2 100 games avg: 7.2 steps 35 
INFO : 2021-01-18 20:34:51,593 : episode: 366 score: 7.1 100 games avg: 7.1 steps 36 
INFO : 2021-01-18 20:34:52,097 : episode: 367 score: 6.6 100 games avg: 6.6 steps 35 
INFO : 2021-01-18 20:34:52,597 : episode: 368 score: 6.9 100 games avg: 6.9 steps 35 
INFO : 2021-01-18 20:34:53,098 : episode: 369 score: 7.0 100 games avg: 7.0 steps 35 
INFO : 2021-01-18 20:34:53,581 : episode: 370 score: 6.8 100 games avg: 6.8 steps 34 
INFO : 2021-01-18 20:34:54,080 : episode: 371 score: 7.1 100 games avg: 7.1 steps 35 
INFO : 2021-01-18 20:34:54,580 : episode: 372 score: 7.2 100 games avg: 7.2 steps 35 
INFO : 2021-01-18 20:34:55,078 : episode: 373 score: 7.6 100 games avg: 7.6 steps 35 
INFO : 2021-01-18 20:34:55,584 : episode: 374 score: 7.4 100 games avg: 7.4 steps 35 
INFO : 2021-01-18 20:34:56,092 : episode: 375 score: 7.3 100 games avg: 7.3 steps 35 
INFO : 2021-01-18 20:34:56,580 : episode: 376 score: 7.5 100 games avg: 7.5 steps 34 
INFO : 2021-01-18 20:34:57,082 : episode: 377 score: 7.1 100 games avg: 7.1 steps 35 
INFO : 2021-01-18 20:34:57,589 : episode: 378 score: 7.1 100 games avg: 7.1 steps 35 
INFO : 2021-01-18 20:34:58,088 : episode: 379 score: 7.3 100 games avg: 7.3 steps 35 
INFO : 2021-01-18 20:34:58,576 : episode: 380 score: 7.7 100 games avg: 7.7 steps 34 
INFO : 2021-01-18 20:34:59,099 : episode: 381 score: 6.8 100 games avg: 6.8 steps 35 
INFO : 2021-01-18 20:34:59,598 : episode: 382 score: 7.5 100 games avg: 7.5 steps 35 
INFO : 2021-01-18 20:35:00,174 : episode: 383 score: 7.1 100 games avg: 7.1 steps 35 
INFO : 2021-01-18 20:35:00,745 : episode: 384 score: 7.5 100 games avg: 7.5 steps 35 
INFO : 2021-01-18 20:35:01,279 : episode: 385 score: 7.5 100 games avg: 7.5 steps 36 
INFO : 2021-01-18 20:35:01,795 : episode: 386 score: 6.7 100 games avg: 6.7 steps 36 
INFO : 2021-01-18 20:35:02,304 : episode: 387 score: 7.5 100 games avg: 7.5 steps 35 
INFO : 2021-01-18 20:35:02,806 : episode: 388 score: 7.2 100 games avg: 7.2 steps 35 
INFO : 2021-01-18 20:35:03,290 : episode: 389 score: 7.3 100 games avg: 7.3 steps 34 
INFO : 2021-01-18 20:35:03,792 : episode: 390 score: 6.6 100 games avg: 6.6 steps 35 
INFO : 2021-01-18 20:35:04,278 : episode: 391 score: 7.1 100 games avg: 7.1 steps 34 
INFO : 2021-01-18 20:35:04,774 : episode: 392 score: 7.1 100 games avg: 7.1 steps 35 
INFO : 2021-01-18 20:35:05,261 : episode: 393 score: 7.4 100 games avg: 7.4 steps 34 
INFO : 2021-01-18 20:35:05,761 : episode: 394 score: 7.4 100 games avg: 7.4 steps 35 
INFO : 2021-01-18 20:35:06,261 : episode: 395 score: 7.1 100 games avg: 7.1 steps 35 
INFO : 2021-01-18 20:35:06,752 : episode: 396 score: 7.1 100 games avg: 7.1 steps 34 
INFO : 2021-01-18 20:35:07,252 : episode: 397 score: 7.0 100 games avg: 7.0 steps 35 
INFO : 2021-01-18 20:35:07,753 : episode: 398 score: 6.9 100 games avg: 6.9 steps 35 
INFO : 2021-01-18 20:35:08,251 : episode: 399 score: 7.1 100 games avg: 7.1 steps 35 
INFO : 2021-01-18 20:35:08,760 : episode: 400 score: 7.5 100 games avg: 7.5 steps 35 
INFO : 2021-01-18 20:35:09,252 : episode: 401 score: 7.1 100 games avg: 7.1 steps 34 
INFO : 2021-01-18 20:35:09,738 : episode: 402 score: 6.6 100 games avg: 6.6 steps 34 
INFO : 2021-01-18 20:35:10,272 : episode: 403 score: 7.2 100 games avg: 7.2 steps 34 
INFO : 2021-01-18 20:35:10,771 : episode: 404 score: 6.8 100 games avg: 6.8 steps 35 
INFO : 2021-01-18 20:35:11,258 : episode: 405 score: 7.0 100 games avg: 7.0 steps 34 
INFO : 2021-01-18 20:35:11,748 : episode: 406 score: 7.4 100 games avg: 7.4 steps 34 
INFO : 2021-01-18 20:35:12,238 : episode: 407 score: 7.0 100 games avg: 7.0 steps 34 
INFO : 2021-01-18 20:35:12,721 : episode: 408 score: 6.8 100 games avg: 6.8 steps 33 
INFO : 2021-01-18 20:35:13,231 : episode: 409 score: 7.4 100 games avg: 7.4 steps 33 
INFO : 2021-01-18 20:35:13,771 : episode: 410 score: 6.8 100 games avg: 6.8 steps 33 
INFO : 2021-01-18 20:35:14,254 : episode: 411 score: 7.2 100 games avg: 7.2 steps 34 
INFO : 2021-01-18 20:35:14,730 : episode: 412 score: 7.8 100 games avg: 7.8 steps 33 
INFO : 2021-01-18 20:35:15,213 : episode: 413 score: 7.2 100 games avg: 7.2 steps 34 
INFO : 2021-01-18 20:35:15,699 : episode: 414 score: 7.3 100 games avg: 7.3 steps 34 
INFO : 2021-01-18 20:35:16,184 : episode: 415 score: 6.6 100 games avg: 6.6 steps 34 
INFO : 2021-01-18 20:35:16,669 : episode: 416 score: 7.1 100 games avg: 7.1 steps 34 
INFO : 2021-01-18 20:35:17,159 : episode: 417 score: 7.6 100 games avg: 7.6 steps 34 
INFO : 2021-01-18 20:35:17,661 : episode: 418 score: 6.9 100 games avg: 6.9 steps 35 
INFO : 2021-01-18 20:35:18,166 : episode: 419 score: 7.4 100 games avg: 7.4 steps 35 
INFO : 2021-01-18 20:35:18,651 : episode: 420 score: 7.4 100 games avg: 7.4 steps 34 
INFO : 2021-01-18 20:35:19,135 : episode: 421 score: 7.3 100 games avg: 7.3 steps 34 
INFO : 2021-01-18 20:35:19,651 : episode: 422 score: 7.7 100 games avg: 7.7 steps 36 
INFO : 2021-01-18 20:35:20,150 : episode: 423 score: 7.0 100 games avg: 7.0 steps 35 
INFO : 2021-01-18 20:35:20,688 : episode: 424 score: 7.2 100 games avg: 7.2 steps 35 
INFO : 2021-01-18 20:35:21,196 : episode: 425 score: 7.6 100 games avg: 7.6 steps 35 
INFO : 2021-01-18 20:35:21,698 : episode: 426 score: 7.7 100 games avg: 7.7 steps 35 
INFO : 2021-01-18 20:35:22,195 : episode: 427 score: 7.6 100 games avg: 7.6 steps 35 
INFO : 2021-01-18 20:35:23,899 : episode: 428 score: 309.8 100 games avg: 309.8 steps 119 
INFO : 2021-01-18 20:35:26,200 : episode: 429 score: 379.4 100 games avg: 379.4 steps 156 
INFO : 2021-01-18 20:35:28,090 : episode: 430 score: 317.2 100 games avg: 317.2 steps 128 
INFO : 2021-01-18 20:35:29,805 : episode: 431 score: 311.4 100 games avg: 311.4 steps 119 
INFO : 2021-01-18 20:35:31,507 : episode: 432 score: 289.4 100 games avg: 289.4 steps 115 
INFO : 2021-01-18 20:35:33,194 : episode: 433 score: 296.3 100 games avg: 296.3 steps 114 
INFO : 2021-01-18 20:35:34,898 : episode: 434 score: 304.8 100 games avg: 304.8 steps 119 
INFO : 2021-01-18 20:35:36,455 : episode: 435 score: 281.1 100 games avg: 281.1 steps 109 
INFO : 2021-01-18 20:35:38,117 : episode: 436 score: 308.2 100 games avg: 308.2 steps 116 
INFO : 2021-01-18 20:35:39,950 : episode: 437 score: 317.8 100 games avg: 317.8 steps 121 
INFO : 2021-01-18 20:35:41,784 : episode: 438 score: 334.9 100 games avg: 334.9 steps 126 
INFO : 2021-01-18 20:35:43,579 : episode: 439 score: 323.5 100 games avg: 323.5 steps 121 
INFO : 2021-01-18 20:35:45,316 : episode: 440 score: 321.9 100 games avg: 321.9 steps 121 
INFO : 2021-01-18 20:35:47,095 : episode: 441 score: 332.5 100 games avg: 332.5 steps 124 
INFO : 2021-01-18 20:35:48,742 : episode: 442 score: 308.4 100 games avg: 308.4 steps 115 
INFO : 2021-01-18 20:35:50,396 : episode: 443 score: 297.7 100 games avg: 297.7 steps 116 
INFO : 2021-01-18 20:35:52,258 : episode: 444 score: 338.7 100 games avg: 338.7 steps 126 
INFO : 2021-01-18 20:35:54,062 : episode: 445 score: 309.6 100 games avg: 309.6 steps 117 
INFO : 2021-01-18 20:35:55,899 : episode: 446 score: 334.3 100 games avg: 334.3 steps 123 
INFO : 2021-01-18 20:35:57,624 : episode: 447 score: 324.0 100 games avg: 324.0 steps 120 
INFO : 2021-01-18 20:35:59,412 : episode: 448 score: 338.8 100 games avg: 338.8 steps 124 
INFO : 2021-01-18 20:36:01,091 : episode: 449 score: 310.8 100 games avg: 310.8 steps 117 
INFO : 2021-01-18 20:36:02,963 : episode: 450 score: 322.7 100 games avg: 322.7 steps 123 
INFO : 2021-01-18 20:36:04,640 : episode: 451 score: 306.2 100 games avg: 306.2 steps 115 
INFO : 2021-01-18 20:36:06,614 : episode: 452 score: 355.2 100 games avg: 355.2 steps 131 
INFO : 2021-01-18 20:36:08,372 : episode: 453 score: 319.5 100 games avg: 319.5 steps 119 
INFO : 2021-01-18 20:36:10,014 : episode: 454 score: 307.2 100 games avg: 307.2 steps 115 
INFO : 2021-01-18 20:36:12,408 : episode: 455 score: 504.9 100 games avg: 504.9 steps 166 
INFO : 2021-01-18 20:36:14,201 : episode: 456 score: 322.4 100 games avg: 322.4 steps 122 
INFO : 2021-01-18 20:36:15,929 : episode: 457 score: 307.3 100 games avg: 307.3 steps 120 
INFO : 2021-01-18 20:36:17,556 : episode: 458 score: 296.2 100 games avg: 296.2 steps 113 
INFO : 2021-01-18 20:36:19,338 : episode: 459 score: 320.4 100 games avg: 320.4 steps 124 
INFO : 2021-01-18 20:36:21,679 : episode: 460 score: 457.9 100 games avg: 457.9 steps 153 
INFO : 2021-01-18 20:36:23,296 : episode: 461 score: 296.1 100 games avg: 296.1 steps 113 
INFO : 2021-01-18 20:36:25,440 : episode: 462 score: 404.4 100 games avg: 404.4 steps 142 
INFO : 2021-01-18 20:36:26,609 : episode: 463 score: 151.1 100 games avg: 151.1 steps 81 
INFO : 2021-01-18 20:36:28,259 : episode: 464 score: 289.4 100 games avg: 289.4 steps 115 
INFO : 2021-01-18 20:36:29,869 : episode: 465 score: 284.6 100 games avg: 284.6 steps 112 
INFO : 2021-01-18 20:36:31,509 : episode: 466 score: 295.9 100 games avg: 295.9 steps 115 
INFO : 2021-01-18 20:36:33,406 : episode: 467 score: 322.2 100 games avg: 322.2 steps 123 
INFO : 2021-01-18 20:36:35,045 : episode: 468 score: 286.1 100 games avg: 286.1 steps 114 
INFO : 2021-01-18 20:36:36,846 : episode: 469 score: 317.8 100 games avg: 317.8 steps 125 
INFO : 2021-01-18 20:36:38,465 : episode: 470 score: 292.4 100 games avg: 292.4 steps 113 
INFO : 2021-01-18 20:36:40,198 : episode: 471 score: 295.3 100 games avg: 295.3 steps 121 
INFO : 2021-01-18 20:36:41,899 : episode: 472 score: 289.8 100 games avg: 289.8 steps 119 
INFO : 2021-01-18 20:36:43,594 : episode: 473 score: 301.2 100 games avg: 301.2 steps 118 
INFO : 2021-01-18 20:36:45,460 : episode: 474 score: 331.7 100 games avg: 331.7 steps 128 
INFO : 2021-01-18 20:36:47,186 : episode: 475 score: 282.4 100 games avg: 282.4 steps 115 
INFO : 2021-01-18 20:36:48,955 : episode: 476 score: 300.6 100 games avg: 300.6 steps 119 
INFO : 2021-01-18 20:36:50,703 : episode: 477 score: 316.6 100 games avg: 316.6 steps 122 
INFO : 2021-01-18 20:36:52,550 : episode: 478 score: 332.6 100 games avg: 332.6 steps 129 
INFO : 2021-01-18 20:36:54,249 : episode: 479 score: 302.5 100 games avg: 302.5 steps 119 
INFO : 2021-01-18 20:36:55,930 : episode: 480 score: 300.5 100 games avg: 300.5 steps 117 
INFO : 2021-01-18 20:36:57,811 : episode: 481 score: 337.1 100 games avg: 337.1 steps 129 
INFO : 2021-01-18 20:36:59,654 : episode: 482 score: 293.7 100 games avg: 293.7 steps 123 
INFO : 2021-01-18 20:37:01,481 : episode: 483 score: 331.2 100 games avg: 331.2 steps 125 
INFO : 2021-01-18 20:37:03,435 : episode: 484 score: 366.1 100 games avg: 366.1 steps 136 
INFO : 2021-01-18 20:37:05,497 : episode: 485 score: 412.8 100 games avg: 412.8 steps 143 
INFO : 2021-01-18 20:37:07,331 : episode: 486 score: 310.0 100 games avg: 310.0 steps 124 
INFO : 2021-01-18 20:37:09,225 : episode: 487 score: 350.9 100 games avg: 350.9 steps 132 
INFO : 2021-01-18 20:37:10,938 : episode: 488 score: 306.9 100 games avg: 306.9 steps 120 
INFO : 2021-01-18 20:37:12,875 : episode: 489 score: 339.7 100 games avg: 339.7 steps 130 
INFO : 2021-01-18 20:37:15,916 : episode: 490 score: 621.4 100 games avg: 621.4 steps 208 
INFO : 2021-01-18 20:37:17,682 : episode: 491 score: 302.5 100 games avg: 302.5 steps 120 
INFO : 2021-01-18 20:37:19,506 : episode: 492 score: 287.4 100 games avg: 287.4 steps 120 
INFO : 2021-01-18 20:37:21,146 : episode: 493 score: 277.7 100 games avg: 277.7 steps 115 
INFO : 2021-01-18 20:37:22,834 : episode: 494 score: 285.0 100 games avg: 285.0 steps 118 
INFO : 2021-01-18 20:37:24,371 : episode: 495 score: 247.5 100 games avg: 247.5 steps 107 
INFO : 2021-01-18 20:37:26,027 : episode: 496 score: 276.7 100 games avg: 276.7 steps 114 
INFO : 2021-01-18 20:37:28,583 : episode: 497 score: 499.5 100 games avg: 499.5 steps 170 
INFO : 2021-01-18 20:37:30,221 : episode: 498 score: 279.2 100 games avg: 279.2 steps 114 
INFO : 2021-01-18 20:37:31,799 : episode: 499 score: 254.3 100 games avg: 254.3 steps 110 
INFO : 2021-01-18 20:37:33,531 : episode: 500 score: 301.7 100 games avg: 301.7 steps 121 
INFO : 2021-01-18 20:37:35,393 : episode: 501 score: 330.2 100 games avg: 330.2 steps 130 
INFO : 2021-01-18 20:37:36,995 : episode: 502 score: 266.7 100 games avg: 266.7 steps 112 
INFO : 2021-01-18 20:37:38,683 : episode: 503 score: 259.9 100 games avg: 259.9 steps 112 
INFO : 2021-01-18 20:37:40,483 : episode: 504 score: 298.1 100 games avg: 298.1 steps 120 
INFO : 2021-01-18 20:37:42,093 : episode: 505 score: 262.1 100 games avg: 262.1 steps 112 
INFO : 2021-01-18 20:37:43,573 : episode: 506 score: 233.9 100 games avg: 233.9 steps 104 
INFO : 2021-01-18 20:37:45,244 : episode: 507 score: 277.6 100 games avg: 277.6 steps 117 
INFO : 2021-01-18 20:37:46,866 : episode: 508 score: 278.5 100 games avg: 278.5 steps 114 
INFO : 2021-01-18 20:37:48,536 : episode: 509 score: 274.3 100 games avg: 274.3 steps 116 
INFO : 2021-01-18 20:37:50,300 : episode: 510 score: 292.1 100 games avg: 292.1 steps 120 
INFO : 2021-01-18 20:37:52,079 : episode: 511 score: 295.0 100 games avg: 295.0 steps 121 
INFO : 2021-01-18 20:37:53,756 : episode: 512 score: 265.3 100 games avg: 265.3 steps 112 
INFO : 2021-01-18 20:37:55,306 : episode: 513 score: 251.6 100 games avg: 251.6 steps 108 
INFO : 2021-01-18 20:37:57,154 : episode: 514 score: 330.0 100 games avg: 330.0 steps 129 
INFO : 2021-01-18 20:37:58,927 : episode: 515 score: 315.5 100 games avg: 315.5 steps 123 
INFO : 2021-01-18 20:38:00,629 : episode: 516 score: 277.8 100 games avg: 277.8 steps 117 
INFO : 2021-01-18 20:38:02,246 : episode: 517 score: 263.5 100 games avg: 263.5 steps 113 
INFO : 2021-01-18 20:38:03,941 : episode: 518 score: 281.5 100 games avg: 281.5 steps 116 
INFO : 2021-01-18 20:38:05,558 : episode: 519 score: 266.7 100 games avg: 266.7 steps 114 
INFO : 2021-01-18 20:38:07,197 : episode: 520 score: 251.5 100 games avg: 251.5 steps 109 
INFO : 2021-01-18 20:38:08,648 : episode: 521 score: 225.6 100 games avg: 225.6 steps 101 
INFO : 2021-01-18 20:38:10,281 : episode: 522 score: 253.3 100 games avg: 253.3 steps 110 
INFO : 2021-01-18 20:38:11,859 : episode: 523 score: 236.4 100 games avg: 236.4 steps 104 
INFO : 2021-01-18 20:38:13,379 : episode: 524 score: 246.0 100 games avg: 246.0 steps 106 
INFO : 2021-01-18 20:38:14,902 : episode: 525 score: 242.1 100 games avg: 242.1 steps 106 
INFO : 2021-01-18 20:38:16,635 : episode: 526 score: 274.4 100 games avg: 274.4 steps 116 
INFO : 2021-01-18 20:38:18,270 : episode: 527 score: 252.6 100 games avg: 252.6 steps 110 
INFO : 2021-01-18 20:38:20,055 : episode: 528 score: 279.2 100 games avg: 279.2 steps 119 
INFO : 2021-01-18 20:38:21,737 : episode: 529 score: 260.0 100 games avg: 260.0 steps 112 
INFO : 2021-01-18 20:38:23,321 : episode: 530 score: 250.6 100 games avg: 250.6 steps 110 
INFO : 2021-01-18 20:38:25,012 : episode: 531 score: 273.2 100 games avg: 273.2 steps 118 
INFO : 2021-01-18 20:38:26,568 : episode: 532 score: 248.6 100 games avg: 248.6 steps 109 
INFO : 2021-01-18 20:38:28,149 : episode: 533 score: 255.6 100 games avg: 255.6 steps 110 
INFO : 2021-01-18 20:38:29,789 : episode: 534 score: 270.3 100 games avg: 270.3 steps 115 
INFO : 2021-01-18 20:38:31,686 : episode: 535 score: 303.0 100 games avg: 303.0 steps 124 
INFO : 2021-01-18 20:38:33,482 : episode: 536 score: 282.1 100 games avg: 282.1 steps 119 
INFO : 2021-01-18 20:38:35,249 : episode: 537 score: 287.2 100 games avg: 287.2 steps 123 
INFO : 2021-01-18 20:38:36,989 : episode: 538 score: 278.8 100 games avg: 278.8 steps 121 
INFO : 2021-01-18 20:38:38,595 : episode: 539 score: 258.6 100 games avg: 258.6 steps 112 
INFO : 2021-01-18 20:38:40,166 : episode: 540 score: 255.8 100 games avg: 255.8 steps 110 
INFO : 2021-01-18 20:38:41,849 : episode: 541 score: 269.9 100 games avg: 269.9 steps 118 
INFO : 2021-01-18 20:38:43,546 : episode: 542 score: 276.3 100 games avg: 276.3 steps 115 
INFO : 2021-01-18 20:38:45,378 : episode: 543 score: 305.7 100 games avg: 305.7 steps 124 
INFO : 2021-01-18 20:38:47,178 : episode: 544 score: 296.3 100 games avg: 296.3 steps 122 
INFO : 2021-01-18 20:38:48,936 : episode: 545 score: 291.1 100 games avg: 291.1 steps 123 
INFO : 2021-01-18 20:38:50,561 : episode: 546 score: 268.8 100 games avg: 268.8 steps 113 
INFO : 2021-01-18 20:38:52,199 : episode: 547 score: 275.7 100 games avg: 275.7 steps 114 
INFO : 2021-01-18 20:38:54,018 : episode: 548 score: 314.0 100 games avg: 314.0 steps 124 
INFO : 2021-01-18 20:38:55,745 : episode: 549 score: 290.8 100 games avg: 290.8 steps 120 
INFO : 2021-01-18 20:38:57,484 : episode: 550 score: 290.9 100 games avg: 290.9 steps 117 
INFO : 2021-01-18 20:38:59,146 : episode: 551 score: 279.9 100 games avg: 279.9 steps 115 
INFO : 2021-01-18 20:39:00,676 : episode: 552 score: 237.2 100 games avg: 237.2 steps 101 
INFO : 2021-01-18 20:39:02,265 : episode: 553 score: 248.7 100 games avg: 248.7 steps 107 
INFO : 2021-01-18 20:39:03,914 : episode: 554 score: 260.4 100 games avg: 260.4 steps 108 
INFO : 2021-01-18 20:39:05,739 : episode: 555 score: 303.6 100 games avg: 303.6 steps 123 
INFO : 2021-01-18 20:39:07,443 : episode: 556 score: 296.2 100 games avg: 296.2 steps 118 
INFO : 2021-01-18 20:39:09,218 : episode: 557 score: 310.6 100 games avg: 310.6 steps 124 
INFO : 2021-01-18 20:39:10,991 : episode: 558 score: 294.4 100 games avg: 294.4 steps 117 
INFO : 2021-01-18 20:39:12,764 : episode: 559 score: 302.8 100 games avg: 302.8 steps 121 
INFO : 2021-01-18 20:39:14,465 : episode: 560 score: 297.5 100 games avg: 297.5 steps 119 
INFO : 2021-01-18 20:39:16,346 : episode: 561 score: 317.1 100 games avg: 317.1 steps 127 
INFO : 2021-01-18 20:39:18,576 : episode: 562 score: 474.0 100 games avg: 474.0 steps 155 
INFO : 2021-01-18 20:39:20,737 : episode: 563 score: 426.4 100 games avg: 426.4 steps 151 
INFO : 2021-01-18 20:39:22,379 : episode: 564 score: 285.5 100 games avg: 285.5 steps 114 
INFO : 2021-01-18 20:39:24,334 : episode: 565 score: 333.4 100 games avg: 333.4 steps 130 
INFO : 2021-01-18 20:39:26,231 : episode: 566 score: 327.7 100 games avg: 327.7 steps 126 
INFO : 2021-01-18 20:39:27,920 : episode: 567 score: 302.2 100 games avg: 302.2 steps 118 
INFO : 2021-01-18 20:39:29,764 : episode: 568 score: 343.9 100 games avg: 343.9 steps 129 
INFO : 2021-01-18 20:39:31,636 : episode: 569 score: 356.8 100 games avg: 356.8 steps 131 
INFO : 2021-01-18 20:39:33,671 : episode: 570 score: 386.7 100 games avg: 386.7 steps 141 
INFO : 2021-01-18 20:39:35,517 : episode: 571 score: 325.4 100 games avg: 325.4 steps 125 
INFO : 2021-01-18 20:39:37,022 : episode: 572 score: 246.9 100 games avg: 246.9 steps 104 
INFO : 2021-01-18 20:39:39,256 : episode: 573 score: 476.7 100 games avg: 476.7 steps 153 
INFO : 2021-01-18 20:39:40,944 : episode: 574 score: 301.5 100 games avg: 301.5 steps 118 
INFO : 2021-01-18 20:39:43,012 : episode: 575 score: 429.7 100 games avg: 429.7 steps 145 
INFO : 2021-01-18 20:39:44,766 : episode: 576 score: 318.0 100 games avg: 318.0 steps 123 
INFO : 2021-01-18 20:39:46,782 : episode: 577 score: 371.2 100 games avg: 371.2 steps 137 
INFO : 2021-01-18 20:39:48,581 : episode: 578 score: 328.2 100 games avg: 328.2 steps 126 
INFO : 2021-01-18 20:39:50,579 : episode: 579 score: 352.1 100 games avg: 352.1 steps 135 
INFO : 2021-01-18 20:39:52,639 : episode: 580 score: 411.1 100 games avg: 411.1 steps 139 
INFO : 2021-01-18 20:39:55,115 : episode: 581 score: 559.1 100 games avg: 559.1 steps 173 
INFO : 2021-01-18 20:39:57,579 : episode: 582 score: 505.0 100 games avg: 505.0 steps 161 
INFO : 2021-01-18 20:39:59,537 : episode: 583 score: 358.6 100 games avg: 358.6 steps 136 
INFO : 2021-01-18 20:40:01,520 : episode: 584 score: 377.7 100 games avg: 377.7 steps 138 
INFO : 2021-01-18 20:40:03,550 : episode: 585 score: 383.0 100 games avg: 383.0 steps 138 
INFO : 2021-01-18 20:40:05,552 : episode: 586 score: 384.8 100 games avg: 384.8 steps 137 
INFO : 2021-01-18 20:40:08,470 : episode: 587 score: 619.2 100 games avg: 619.2 steps 196 
INFO : 2021-01-18 20:40:10,326 : episode: 588 score: 363.9 100 games avg: 363.9 steps 130 
INFO : 2021-01-18 20:40:12,188 : episode: 589 score: 371.2 100 games avg: 371.2 steps 130 
INFO : 2021-01-18 20:40:14,406 : episode: 590 score: 489.9 100 games avg: 489.9 steps 154 
INFO : 2021-01-18 20:40:16,419 : episode: 591 score: 385.4 100 games avg: 385.4 steps 138 
INFO : 2021-01-18 20:40:18,493 : episode: 592 score: 451.4 100 games avg: 451.4 steps 142 
INFO : 2021-01-18 20:40:20,467 : episode: 593 score: 383.1 100 games avg: 383.1 steps 136 
INFO : 2021-01-18 20:40:22,730 : episode: 594 score: 511.1 100 games avg: 511.1 steps 158 
INFO : 2021-01-18 20:40:24,467 : episode: 595 score: 336.4 100 games avg: 336.4 steps 121 
INFO : 2021-01-18 20:40:26,654 : episode: 596 score: 481.4 100 games avg: 481.4 steps 153 
INFO : 2021-01-18 20:40:28,661 : episode: 597 score: 378.7 100 games avg: 378.7 steps 136 
INFO : 2021-01-18 20:40:30,467 : episode: 598 score: 325.7 100 games avg: 325.7 steps 121 
INFO : 2021-01-18 20:40:32,744 : episode: 599 score: 513.7 100 games avg: 513.7 steps 155 
INFO : 2021-01-18 20:40:35,008 : episode: 600 score: 504.8 100 games avg: 504.8 steps 158 
INFO : 2021-01-18 20:40:37,211 : episode: 601 score: 487.7 100 games avg: 487.7 steps 154 
INFO : 2021-01-18 20:40:39,400 : episode: 602 score: 470.9 100 games avg: 470.9 steps 149 
INFO : 2021-01-18 20:40:41,433 : episode: 603 score: 438.6 100 games avg: 438.6 steps 141 
INFO : 2021-01-18 20:40:44,030 : episode: 604 score: 494.4 100 games avg: 494.4 steps 177 
INFO : 2021-01-18 20:40:45,870 : episode: 605 score: 362.3 100 games avg: 362.3 steps 126 
INFO : 2021-01-18 20:40:47,659 : episode: 606 score: 353.1 100 games avg: 353.1 steps 125 
INFO : 2021-01-18 20:40:49,405 : episode: 607 score: 332.9 100 games avg: 332.9 steps 119 
INFO : 2021-01-18 20:40:51,541 : episode: 608 score: 433.7 100 games avg: 433.7 steps 142 
INFO : 2021-01-18 20:40:53,565 : episode: 609 score: 435.6 100 games avg: 435.6 steps 141 
INFO : 2021-01-18 20:40:55,767 : episode: 610 score: 485.2 100 games avg: 485.2 steps 154 
INFO : 2021-01-18 20:40:57,668 : episode: 611 score: 365.4 100 games avg: 365.4 steps 127 
INFO : 2021-01-18 20:40:59,464 : episode: 612 score: 342.0 100 games avg: 342.0 steps 123 
INFO : 2021-01-18 20:41:01,286 : episode: 613 score: 352.0 100 games avg: 352.0 steps 124 
INFO : 2021-01-18 20:41:03,327 : episode: 614 score: 442.0 100 games avg: 442.0 steps 143 
INFO : 2021-01-18 20:41:05,557 : episode: 615 score: 505.3 100 games avg: 505.3 steps 156 
INFO : 2021-01-18 20:41:07,603 : episode: 616 score: 431.1 100 games avg: 431.1 steps 142 
INFO : 2021-01-18 20:41:09,423 : episode: 617 score: 350.9 100 games avg: 350.9 steps 125 
INFO : 2021-01-18 20:41:11,285 : episode: 618 score: 354.2 100 games avg: 354.2 steps 124 
INFO : 2021-01-18 20:41:13,287 : episode: 619 score: 430.8 100 games avg: 430.8 steps 137 
INFO : 2021-01-18 20:41:15,059 : episode: 620 score: 348.7 100 games avg: 348.7 steps 124 
INFO : 2021-01-18 20:41:16,856 : episode: 621 score: 355.0 100 games avg: 355.0 steps 126 
INFO : 2021-01-18 20:41:18,738 : episode: 622 score: 379.5 100 games avg: 379.5 steps 131 
INFO : 2021-01-18 20:41:20,607 : episode: 623 score: 366.3 100 games avg: 366.3 steps 130 
INFO : 2021-01-18 20:41:22,943 : episode: 624 score: 485.0 100 games avg: 485.0 steps 156 
INFO : 2021-01-18 20:41:24,787 : episode: 625 score: 368.9 100 games avg: 368.9 steps 129 
INFO : 2021-01-18 20:41:27,083 : episode: 626 score: 406.1 100 games avg: 406.1 steps 156 
INFO : 2021-01-18 20:41:28,836 : episode: 627 score: 340.7 100 games avg: 340.7 steps 123 
INFO : 2021-01-18 20:41:31,369 : episode: 628 score: 444.0 100 games avg: 444.0 steps 171 
INFO : 2021-01-18 20:41:33,081 : episode: 629 score: 338.9 100 games avg: 338.9 steps 120 
INFO : 2021-01-18 20:41:35,180 : episode: 630 score: 456.0 100 games avg: 456.0 steps 143 
INFO : 2021-01-18 20:41:37,049 : episode: 631 score: 364.4 100 games avg: 364.4 steps 126 
INFO : 2021-01-18 20:41:39,584 : episode: 632 score: 447.0 100 games avg: 447.0 steps 175 
INFO : 2021-01-18 20:41:42,151 : episode: 633 score: 449.9 100 games avg: 449.9 steps 174 
INFO : 2021-01-18 20:41:44,573 : episode: 634 score: 423.5 100 games avg: 423.5 steps 162 
INFO : 2021-01-18 20:41:46,931 : episode: 635 score: 424.3 100 games avg: 424.3 steps 164 
INFO : 2021-01-18 20:41:49,605 : episode: 636 score: 470.8 100 games avg: 470.8 steps 184 
INFO : 2021-01-18 20:41:52,178 : episode: 637 score: 474.4 100 games avg: 474.4 steps 175 
INFO : 2021-01-18 20:41:54,705 : episode: 638 score: 448.2 100 games avg: 448.2 steps 171 
INFO : 2021-01-18 20:41:56,711 : episode: 639 score: 439.0 100 games avg: 439.0 steps 140 
INFO : 2021-01-18 20:41:59,333 : episode: 640 score: 517.4 100 games avg: 517.4 steps 183 
INFO : 2021-01-18 20:42:01,780 : episode: 641 score: 437.7 100 games avg: 437.7 steps 171 
INFO : 2021-01-18 20:42:04,741 : episode: 642 score: 568.5 100 games avg: 568.5 steps 190 
INFO : 2021-01-18 20:42:07,208 : episode: 643 score: 446.4 100 games avg: 446.4 steps 173 
INFO : 2021-01-18 20:42:09,776 : episode: 644 score: 511.7 100 games avg: 511.7 steps 180 
INFO : 2021-01-18 20:42:12,180 : episode: 645 score: 439.3 100 games avg: 439.3 steps 168 
INFO : 2021-01-18 20:42:14,601 : episode: 646 score: 451.1 100 games avg: 451.1 steps 167 
INFO : 2021-01-18 20:42:17,388 : episode: 647 score: 560.6 100 games avg: 560.6 steps 189 
INFO : 2021-01-18 20:42:18,930 : episode: 648 score: 180.9 100 games avg: 180.9 steps 104 
INFO : 2021-01-18 20:42:21,346 : episode: 649 score: 442.4 100 games avg: 442.4 steps 167 
INFO : 2021-01-18 20:42:23,989 : episode: 650 score: 547.5 100 games avg: 547.5 steps 183 
INFO : 2021-01-18 20:42:26,748 : episode: 651 score: 556.7 100 games avg: 556.7 steps 188 
INFO : 2021-01-18 20:42:28,988 : episode: 652 score: 409.2 100 games avg: 409.2 steps 152 
INFO : 2021-01-18 20:42:31,454 : episode: 653 score: 470.8 100 games avg: 470.8 steps 172 
INFO : 2021-01-18 20:42:34,213 : episode: 654 score: 539.3 100 games avg: 539.3 steps 186 
INFO : 2021-01-18 20:42:36,922 : episode: 655 score: 515.9 100 games avg: 515.9 steps 182 
INFO : 2021-01-18 20:42:38,993 : episode: 656 score: 390.0 100 games avg: 390.0 steps 145 
INFO : 2021-01-18 20:42:41,278 : episode: 657 score: 417.9 100 games avg: 417.9 steps 158 
INFO : 2021-01-18 20:42:43,706 : episode: 658 score: 431.7 100 games avg: 431.7 steps 164 
INFO : 2021-01-18 20:42:46,142 : episode: 659 score: 450.9 100 games avg: 450.9 steps 165 
INFO : 2021-01-18 20:42:48,517 : episode: 660 score: 435.2 100 games avg: 435.2 steps 163 
INFO : 2021-01-18 20:42:51,719 : episode: 661 score: 670.6 100 games avg: 670.6 steps 221 
INFO : 2021-01-18 20:42:54,313 : episode: 662 score: 523.3 100 games avg: 523.3 steps 180 
INFO : 2021-01-18 20:42:56,894 : episode: 663 score: 445.8 100 games avg: 445.8 steps 173 
INFO : 2021-01-18 20:42:59,235 : episode: 664 score: 427.6 100 games avg: 427.6 steps 161 
INFO : 2021-01-18 20:43:01,668 : episode: 665 score: 447.2 100 games avg: 447.2 steps 170 
INFO : 2021-01-18 20:43:04,210 : episode: 666 score: 483.4 100 games avg: 483.4 steps 177 
INFO : 2021-01-18 20:43:06,614 : episode: 667 score: 443.5 100 games avg: 443.5 steps 168 
INFO : 2021-01-18 20:43:09,191 : episode: 668 score: 435.8 100 games avg: 435.8 steps 166 
INFO : 2021-01-18 20:43:11,457 : episode: 669 score: 405.3 100 games avg: 405.3 steps 154 
INFO : 2021-01-18 20:43:13,629 : episode: 670 score: 398.6 100 games avg: 398.6 steps 151 
INFO : 2021-01-18 20:43:15,951 : episode: 671 score: 436.4 100 games avg: 436.4 steps 162 
INFO : 2021-01-18 20:43:18,703 : episode: 672 score: 454.7 100 games avg: 454.7 steps 187 
INFO : 2021-01-18 20:43:21,125 : episode: 673 score: 444.5 100 games avg: 444.5 steps 169 
INFO : 2021-01-18 20:43:23,822 : episode: 674 score: 553.4 100 games avg: 553.4 steps 186 
INFO : 2021-01-18 20:43:27,175 : episode: 675 score: 581.5 100 games avg: 581.5 steps 225 
INFO : 2021-01-18 20:43:29,688 : episode: 676 score: 445.0 100 games avg: 445.0 steps 165 
INFO : 2021-01-18 20:43:32,035 : episode: 677 score: 441.1 100 games avg: 441.1 steps 164 
INFO : 2021-01-18 20:43:34,356 : episode: 678 score: 428.9 100 games avg: 428.9 steps 161 
INFO : 2021-01-18 20:43:36,656 : episode: 679 score: 416.4 100 games avg: 416.4 steps 158 
INFO : 2021-01-18 20:43:39,077 : episode: 680 score: 443.0 100 games avg: 443.0 steps 163 
INFO : 2021-01-18 20:43:41,560 : episode: 681 score: 480.0 100 games avg: 480.0 steps 171 
INFO : 2021-01-18 20:43:44,193 : episode: 682 score: 529.5 100 games avg: 529.5 steps 184 
INFO : 2021-01-18 20:43:46,459 : episode: 683 score: 411.4 100 games avg: 411.4 steps 158 
INFO : 2021-01-18 20:43:48,771 : episode: 684 score: 416.4 100 games avg: 416.4 steps 157 
INFO : 2021-01-18 20:43:51,246 : episode: 685 score: 438.1 100 games avg: 438.1 steps 163 
INFO : 2021-01-18 20:43:53,636 : episode: 686 score: 439.7 100 games avg: 439.7 steps 164 
INFO : 2021-01-18 20:43:56,179 : episode: 687 score: 506.6 100 games avg: 506.6 steps 178 
INFO : 2021-01-18 20:43:58,273 : episode: 688 score: 421.5 100 games avg: 421.5 steps 146 
INFO : 2021-01-18 20:44:01,380 : episode: 689 score: 653.0 100 games avg: 653.0 steps 215 
INFO : 2021-01-18 20:44:03,697 : episode: 690 score: 413.8 100 games avg: 413.8 steps 157 
INFO : 2021-01-18 20:44:05,952 : episode: 691 score: 405.5 100 games avg: 405.5 steps 155 
INFO : 2021-01-18 20:44:08,772 : episode: 692 score: 581.3 100 games avg: 581.3 steps 197 
INFO : 2021-01-18 20:44:11,224 : episode: 693 score: 433.4 100 games avg: 433.4 steps 164 
INFO : 2021-01-18 20:44:13,809 : episode: 694 score: 476.9 100 games avg: 476.9 steps 180 
INFO : 2021-01-18 20:44:16,232 : episode: 695 score: 433.4 100 games avg: 433.4 steps 168 
INFO : 2021-01-18 20:44:18,693 : episode: 696 score: 444.7 100 games avg: 444.7 steps 167 
INFO : 2021-01-18 20:44:21,118 : episode: 697 score: 443.1 100 games avg: 443.1 steps 167 
INFO : 2021-01-18 20:44:23,462 : episode: 698 score: 410.4 100 games avg: 410.4 steps 158 
INFO : 2021-01-18 20:44:26,322 : episode: 699 score: 575.5 100 games avg: 575.5 steps 200 
INFO : 2021-01-18 20:44:29,196 : episode: 700 score: 586.1 100 games avg: 586.1 steps 197 
INFO : 2021-01-18 20:44:31,377 : episode: 701 score: 451.2 100 games avg: 451.2 steps 147 
INFO : 2021-01-18 20:44:33,688 : episode: 702 score: 456.3 100 games avg: 456.3 steps 147 
INFO : 2021-01-18 20:44:35,559 : episode: 703 score: 344.6 100 games avg: 344.6 steps 129 
INFO : 2021-01-18 20:44:37,547 : episode: 704 score: 412.8 100 games avg: 412.8 steps 139 
INFO : 2021-01-18 20:44:39,107 : episode: 705 score: 270.1 100 games avg: 270.1 steps 108 
INFO : 2021-01-18 20:44:41,005 : episode: 706 score: 358.0 100 games avg: 358.0 steps 129 
INFO : 2021-01-18 20:44:43,233 : episode: 707 score: 447.2 100 games avg: 447.2 steps 151 
INFO : 2021-01-18 20:44:45,552 : episode: 708 score: 504.7 100 games avg: 504.7 steps 158 
INFO : 2021-01-18 20:44:47,832 : episode: 709 score: 494.5 100 games avg: 494.5 steps 159 
INFO : 2021-01-18 20:44:49,877 : episode: 710 score: 421.9 100 games avg: 421.9 steps 142 
INFO : 2021-01-18 20:44:52,205 : episode: 711 score: 533.4 100 games avg: 533.4 steps 163 
INFO : 2021-01-18 20:44:54,450 : episode: 712 score: 471.9 100 games avg: 471.9 steps 152 
INFO : 2021-01-18 20:44:56,419 : episode: 713 score: 333.9 100 games avg: 333.9 steps 136 
INFO : 2021-01-18 20:44:59,324 : episode: 714 score: 567.1 100 games avg: 567.1 steps 197 
INFO : 2021-01-18 20:44:59,825 : episode: 715 score: 57.3 100 games avg: 57.3 steps 35 
INFO : 2021-01-18 20:45:01,666 : episode: 716 score: 342.2 100 games avg: 342.2 steps 127 
INFO : 2021-01-18 20:45:04,063 : episode: 717 score: 422.2 100 games avg: 422.2 steps 162 
INFO : 2021-01-18 20:45:06,592 : episode: 718 score: 501.2 100 games avg: 501.2 steps 177 
INFO : 2021-01-18 20:45:08,565 : episode: 719 score: 396.4 100 games avg: 396.4 steps 136 
INFO : 2021-01-18 20:45:10,986 : episode: 720 score: 555.0 100 games avg: 555.0 steps 169 
INFO : 2021-01-18 20:45:13,374 : episode: 721 score: 534.9 100 games avg: 534.9 steps 162 
INFO : 2021-01-18 20:45:15,981 : episode: 722 score: 560.2 100 games avg: 560.2 steps 178 
INFO : 2021-01-18 20:45:18,007 : episode: 723 score: 364.1 100 games avg: 364.1 steps 141 
INFO : 2021-01-18 20:45:20,054 : episode: 724 score: 376.0 100 games avg: 376.0 steps 143 
INFO : 2021-01-18 20:45:21,544 : episode: 725 score: 194.5 100 games avg: 194.5 steps 102 
INFO : 2021-01-18 20:45:23,366 : episode: 726 score: 334.5 100 games avg: 334.5 steps 126 
INFO : 2021-01-18 20:45:26,008 : episode: 727 score: 529.5 100 games avg: 529.5 steps 174 
INFO : 2021-01-18 20:45:27,459 : episode: 728 score: 193.3 100 games avg: 193.3 steps 101 
INFO : 2021-01-18 20:45:29,230 : episode: 729 score: 329.3 100 games avg: 329.3 steps 124 
INFO : 2021-01-18 20:45:31,401 : episode: 730 score: 472.7 100 games avg: 472.7 steps 151 
INFO : 2021-01-18 20:45:33,117 : episode: 731 score: 300.3 100 games avg: 300.3 steps 120 
INFO : 2021-01-18 20:45:35,844 : episode: 732 score: 622.8 100 games avg: 622.8 steps 182 
INFO : 2021-01-18 20:45:38,068 : episode: 733 score: 452.7 100 games avg: 452.7 steps 147 
INFO : 2021-01-18 20:45:40,546 : episode: 734 score: 578.5 100 games avg: 578.5 steps 172 
INFO : 2021-01-18 20:45:43,146 : episode: 735 score: 615.6 100 games avg: 615.6 steps 182 
INFO : 2021-01-18 20:45:45,208 : episode: 736 score: 445.3 100 games avg: 445.3 steps 144 
INFO : 2021-01-18 20:45:47,440 : episode: 737 score: 466.0 100 games avg: 466.0 steps 148 
INFO : 2021-01-18 20:45:49,121 : episode: 738 score: 227.7 100 games avg: 227.7 steps 117 
INFO : 2021-01-18 20:45:51,919 : episode: 739 score: 589.9 100 games avg: 589.9 steps 191 
INFO : 2021-01-18 20:45:53,830 : episode: 740 score: 375.7 100 games avg: 375.7 steps 133 
INFO : 2021-01-18 20:45:56,011 : episode: 741 score: 466.0 100 games avg: 466.0 steps 151 
INFO : 2021-01-18 20:45:57,320 : episode: 742 score: 174.8 100 games avg: 174.8 steps 90 
INFO : 2021-01-18 20:45:59,141 : episode: 743 score: 296.9 100 games avg: 296.9 steps 126 
INFO : 2021-01-18 20:46:01,095 : episode: 744 score: 283.8 100 games avg: 283.8 steps 128 
INFO : 2021-01-18 20:46:02,934 : episode: 745 score: 309.6 100 games avg: 309.6 steps 128 
INFO : 2021-01-18 20:46:05,423 : episode: 746 score: 580.2 100 games avg: 580.2 steps 172 
INFO : 2021-01-18 20:46:07,604 : episode: 747 score: 379.0 100 games avg: 379.0 steps 147 
INFO : 2021-01-18 20:46:09,550 : episode: 748 score: 303.9 100 games avg: 303.9 steps 133 
INFO : 2021-01-18 20:46:10,914 : episode: 749 score: 179.5 100 games avg: 179.5 steps 95 
INFO : 2021-01-18 20:46:12,777 : episode: 750 score: 354.8 100 games avg: 354.8 steps 129 
INFO : 2021-01-18 20:46:15,507 : episode: 751 score: 647.9 100 games avg: 647.9 steps 189 
INFO : 2021-01-18 20:46:17,537 : episode: 752 score: 430.6 100 games avg: 430.6 steps 142 
INFO : 2021-01-18 20:46:19,354 : episode: 753 score: 284.6 100 games avg: 284.6 steps 120 
INFO : 2021-01-18 20:46:21,465 : episode: 754 score: 447.2 100 games avg: 447.2 steps 147 
INFO : 2021-01-18 20:46:23,120 : episode: 755 score: 273.4 100 games avg: 273.4 steps 114 
INFO : 2021-01-18 20:46:25,129 : episode: 756 score: 418.0 100 games avg: 418.0 steps 140 
INFO : 2021-01-18 20:46:27,318 : episode: 757 score: 453.8 100 games avg: 453.8 steps 150 
INFO : 2021-01-18 20:46:30,142 : episode: 758 score: 652.3 100 games avg: 652.3 steps 195 
INFO : 2021-01-18 20:46:32,075 : episode: 759 score: 369.5 100 games avg: 369.5 steps 132 
INFO : 2021-01-18 20:46:34,805 : episode: 760 score: 637.4 100 games avg: 637.4 steps 190 
INFO : 2021-01-18 20:46:36,775 : episode: 761 score: 385.2 100 games avg: 385.2 steps 137 
INFO : 2021-01-18 20:46:38,588 : episode: 762 score: 308.9 100 games avg: 308.9 steps 123 
INFO : 2021-01-18 20:46:40,608 : episode: 763 score: 401.7 100 games avg: 401.7 steps 138 
INFO : 2021-01-18 20:46:42,482 : episode: 764 score: 351.6 100 games avg: 351.6 steps 131 
INFO : 2021-01-18 20:46:45,055 : episode: 765 score: 584.7 100 games avg: 584.7 steps 173 
INFO : 2021-01-18 20:46:47,185 : episode: 766 score: 422.4 100 games avg: 422.4 steps 145 
INFO : 2021-01-18 20:46:49,759 : episode: 767 score: 523.3 100 games avg: 523.3 steps 176 
INFO : 2021-01-18 20:46:51,866 : episode: 768 score: 460.0 100 games avg: 460.0 steps 147 
INFO : 2021-01-18 20:46:53,112 : episode: 769 score: 172.0 100 games avg: 172.0 steps 84 
INFO : 2021-01-18 20:46:55,289 : episode: 770 score: 465.0 100 games avg: 465.0 steps 152 
INFO : 2021-01-18 20:46:57,486 : episode: 771 score: 475.0 100 games avg: 475.0 steps 153 
INFO : 2021-01-18 20:47:00,178 : episode: 772 score: 600.8 100 games avg: 600.8 steps 182 
INFO : 2021-01-18 20:47:02,085 : episode: 773 score: 369.0 100 games avg: 369.0 steps 131 
INFO : 2021-01-18 20:47:03,255 : episode: 774 score: 160.0 100 games avg: 160.0 steps 81 
INFO : 2021-01-18 20:47:05,184 : episode: 775 score: 377.1 100 games avg: 377.1 steps 134 
INFO : 2021-01-18 20:47:07,486 : episode: 776 score: 462.5 100 games avg: 462.5 steps 152 
INFO : 2021-01-18 20:47:09,408 : episode: 777 score: 369.6 100 games avg: 369.6 steps 134 
INFO : 2021-01-18 20:47:11,745 : episode: 778 score: 477.1 100 games avg: 477.1 steps 155 
INFO : 2021-01-18 20:47:13,644 : episode: 779 score: 369.7 100 games avg: 369.7 steps 132 
INFO : 2021-01-18 20:47:16,095 : episode: 780 score: 573.7 100 games avg: 573.7 steps 171 
INFO : 2021-01-18 20:47:17,926 : episode: 781 score: 345.5 100 games avg: 345.5 steps 128 
INFO : 2021-01-18 20:47:19,658 : episode: 782 score: 313.2 100 games avg: 313.2 steps 120 
INFO : 2021-01-18 20:47:20,983 : episode: 783 score: 175.3 100 games avg: 175.3 steps 86 
INFO : 2021-01-18 20:47:23,177 : episode: 784 score: 470.7 100 games avg: 470.7 steps 153 
INFO : 2021-01-18 20:47:25,200 : episode: 785 score: 401.9 100 games avg: 401.9 steps 137 
INFO : 2021-01-18 20:47:27,872 : episode: 786 score: 617.2 100 games avg: 617.2 steps 186 
INFO : 2021-01-18 20:47:30,087 : episode: 787 score: 488.3 100 games avg: 488.3 steps 155 
INFO : 2021-01-18 20:47:32,611 : episode: 788 score: 568.7 100 games avg: 568.7 steps 171 
INFO : 2021-01-18 20:47:35,065 : episode: 789 score: 570.2 100 games avg: 570.2 steps 170 
INFO : 2021-01-18 20:47:37,017 : episode: 790 score: 378.5 100 games avg: 378.5 steps 137 
INFO : 2021-01-18 20:47:39,576 : episode: 791 score: 583.3 100 games avg: 583.3 steps 179 
INFO : 2021-01-18 20:47:41,962 : episode: 792 score: 550.1 100 games avg: 550.1 steps 166 
INFO : 2021-01-18 20:47:44,099 : episode: 793 score: 471.7 100 games avg: 471.7 steps 150 
INFO : 2021-01-18 20:47:46,531 : episode: 794 score: 441.0 100 games avg: 441.0 steps 149 
INFO : 2021-01-18 20:47:48,330 : episode: 795 score: 284.2 100 games avg: 284.2 steps 112 
INFO : 2021-01-18 20:47:50,782 : episode: 796 score: 459.2 100 games avg: 459.2 steps 150 
INFO : 2021-01-18 20:47:53,360 : episode: 797 score: 478.8 100 games avg: 478.8 steps 153 
INFO : 2021-01-18 20:47:55,644 : episode: 798 score: 422.2 100 games avg: 422.2 steps 142 
INFO : 2021-01-18 20:47:58,578 : episode: 799 score: 620.6 100 games avg: 620.6 steps 182 
INFO : 2021-01-18 20:48:01,318 : episode: 800 score: 570.4 100 games avg: 570.4 steps 171 
INFO : 2021-01-18 20:48:03,890 : episode: 801 score: 498.3 100 games avg: 498.3 steps 156 
INFO : 2021-01-18 20:48:06,734 : episode: 802 score: 657.4 100 games avg: 657.4 steps 190 
INFO : 2021-01-18 20:48:08,724 : episode: 803 score: 398.7 100 games avg: 398.7 steps 138 
INFO : 2021-01-18 20:48:10,759 : episode: 804 score: 432.9 100 games avg: 432.9 steps 142 
INFO : 2021-01-18 20:48:13,128 : episode: 805 score: 519.0 100 games avg: 519.0 steps 159 
INFO : 2021-01-18 20:48:15,787 : episode: 806 score: 620.2 100 games avg: 620.2 steps 183 
INFO : 2021-01-18 20:48:17,439 : episode: 807 score: 293.8 100 games avg: 293.8 steps 114 
INFO : 2021-01-18 20:48:19,436 : episode: 808 score: 392.3 100 games avg: 392.3 steps 138 
INFO : 2021-01-18 20:48:21,304 : episode: 809 score: 364.2 100 games avg: 364.2 steps 130 
INFO : 2021-01-18 20:48:23,210 : episode: 810 score: 356.1 100 games avg: 356.1 steps 132 
INFO : 2021-01-18 20:48:25,753 : episode: 811 score: 590.9 100 games avg: 590.9 steps 174 
INFO : 2021-01-18 20:48:27,611 : episode: 812 score: 346.6 100 games avg: 346.6 steps 128 
INFO : 2021-01-18 20:48:30,174 : episode: 813 score: 571.8 100 games avg: 571.8 steps 177 
INFO : 2021-01-18 20:48:32,346 : episode: 814 score: 446.0 100 games avg: 446.0 steps 148 
INFO : 2021-01-18 20:48:34,792 : episode: 815 score: 543.1 100 games avg: 543.1 steps 167 
INFO : 2021-01-18 20:48:37,030 : episode: 816 score: 500.2 100 games avg: 500.2 steps 155 
INFO : 2021-01-18 20:48:39,602 : episode: 817 score: 603.3 100 games avg: 603.3 steps 177 
INFO : 2021-01-18 20:48:42,297 : episode: 818 score: 614.4 100 games avg: 614.4 steps 188 
INFO : 2021-01-18 20:48:45,183 : episode: 819 score: 663.3 100 games avg: 663.3 steps 195 
INFO : 2021-01-18 20:48:47,148 : episode: 820 score: 367.0 100 games avg: 367.0 steps 134 
INFO : 2021-01-18 20:48:49,568 : episode: 821 score: 558.5 100 games avg: 558.5 steps 169 
INFO : 2021-01-18 20:48:51,436 : episode: 822 score: 362.5 100 games avg: 362.5 steps 130 
INFO : 2021-01-18 20:48:53,466 : episode: 823 score: 386.6 100 games avg: 386.6 steps 138 
INFO : 2021-01-18 20:48:55,959 : episode: 824 score: 586.8 100 games avg: 586.8 steps 174 
INFO : 2021-01-18 20:48:57,812 : episode: 825 score: 328.4 100 games avg: 328.4 steps 126 
INFO : 2021-01-18 20:49:00,640 : episode: 826 score: 661.6 100 games avg: 661.6 steps 193 
INFO : 2021-01-18 20:49:02,533 : episode: 827 score: 356.8 100 games avg: 356.8 steps 131 
INFO : 2021-01-18 20:49:05,111 : episode: 828 score: 603.2 100 games avg: 603.2 steps 178 
INFO : 2021-01-18 20:49:07,727 : episode: 829 score: 611.3 100 games avg: 611.3 steps 181 
INFO : 2021-01-18 20:49:09,820 : episode: 830 score: 437.6 100 games avg: 437.6 steps 145 
INFO : 2021-01-18 20:49:12,111 : episode: 831 score: 513.5 100 games avg: 513.5 steps 158 
INFO : 2021-01-18 20:49:14,784 : episode: 832 score: 612.5 100 games avg: 612.5 steps 186 
INFO : 2021-01-18 20:49:16,740 : episode: 833 score: 345.4 100 games avg: 345.4 steps 133 
INFO : 2021-01-18 20:49:19,701 : episode: 834 score: 661.0 100 games avg: 661.0 steps 199 
INFO : 2021-01-18 20:49:21,545 : episode: 835 score: 328.7 100 games avg: 328.7 steps 128 
INFO : 2021-01-18 20:49:24,426 : episode: 836 score: 642.3 100 games avg: 642.3 steps 196 
INFO : 2021-01-18 20:49:27,476 : episode: 837 score: 685.3 100 games avg: 685.3 steps 208 
INFO : 2021-01-18 20:49:30,213 : episode: 838 score: 626.1 100 games avg: 626.1 steps 191 
INFO : 2021-01-18 20:49:32,890 : episode: 839 score: 628.3 100 games avg: 628.3 steps 185 
INFO : 2021-01-18 20:49:35,367 : episode: 840 score: 583.8 100 games avg: 583.8 steps 173 
INFO : 2021-01-18 20:49:37,374 : episode: 841 score: 328.9 100 games avg: 328.9 steps 133 
INFO : 2021-01-18 20:49:39,246 : episode: 842 score: 336.7 100 games avg: 336.7 steps 128 
INFO : 2021-01-18 20:49:41,715 : episode: 843 score: 583.9 100 games avg: 583.9 steps 173 
INFO : 2021-01-18 20:49:44,680 : episode: 844 score: 653.1 100 games avg: 653.1 steps 207 
INFO : 2021-01-18 20:49:47,223 : episode: 845 score: 592.7 100 games avg: 592.7 steps 177 
INFO : 2021-01-18 20:49:49,909 : episode: 846 score: 578.6 100 games avg: 578.6 steps 180 
INFO : 2021-01-18 20:49:52,453 : episode: 847 score: 597.3 100 games avg: 597.3 steps 178 
INFO : 2021-01-18 20:49:55,128 : episode: 848 score: 598.2 100 games avg: 598.2 steps 187 
INFO : 2021-01-18 20:49:57,820 : episode: 849 score: 594.5 100 games avg: 594.5 steps 184 
INFO : 2021-01-18 20:50:00,698 : episode: 850 score: 583.4 100 games avg: 583.4 steps 196 
INFO : 2021-01-18 20:50:03,224 : episode: 851 score: 570.9 100 games avg: 570.9 steps 173 
INFO : 2021-01-18 20:50:06,163 : episode: 852 score: 632.7 100 games avg: 632.7 steps 202 
INFO : 2021-01-18 20:50:08,569 : episode: 853 score: 466.6 100 games avg: 466.6 steps 167 
INFO : 2021-01-18 20:50:11,457 : episode: 854 score: 635.2 100 games avg: 635.2 steps 196 
INFO : 2021-01-18 20:50:14,050 : episode: 855 score: 593.0 100 games avg: 593.0 steps 181 
INFO : 2021-01-18 20:50:16,763 : episode: 856 score: 579.0 100 games avg: 579.0 steps 190 
INFO : 2021-01-18 20:50:20,600 : episode: 857 score: 809.0 100 games avg: 809.0 steps 261 
INFO : 2021-01-18 20:50:23,313 : episode: 858 score: 577.5 100 games avg: 577.5 steps 189 
INFO : 2021-01-18 20:50:25,236 : episode: 859 score: 308.4 100 games avg: 308.4 steps 129 
INFO : 2021-01-18 20:50:27,925 : episode: 860 score: 548.5 100 games avg: 548.5 steps 188 
INFO : 2021-01-18 20:50:30,541 : episode: 861 score: 524.5 100 games avg: 524.5 steps 175 
INFO : 2021-01-18 20:50:33,831 : episode: 862 score: 635.3 100 games avg: 635.3 steps 225 
INFO : 2021-01-18 20:50:36,754 : episode: 863 score: 599.0 100 games avg: 599.0 steps 203 
INFO : 2021-01-18 20:50:39,594 : episode: 864 score: 569.6 100 games avg: 569.6 steps 195 
INFO : 2021-01-18 20:50:42,199 : episode: 865 score: 576.2 100 games avg: 576.2 steps 177 
INFO : 2021-01-18 20:50:44,879 : episode: 866 score: 532.5 100 games avg: 532.5 steps 184 
INFO : 2021-01-18 20:50:47,665 : episode: 867 score: 602.5 100 games avg: 602.5 steps 194 
INFO : 2021-01-18 20:50:50,286 : episode: 868 score: 523.7 100 games avg: 523.7 steps 183 
INFO : 2021-01-18 20:50:52,832 : episode: 869 score: 565.9 100 games avg: 565.9 steps 168 
INFO : 2021-01-18 20:50:55,513 : episode: 870 score: 569.2 100 games avg: 569.2 steps 187 
INFO : 2021-01-18 20:50:58,396 : episode: 871 score: 563.6 100 games avg: 563.6 steps 197 
INFO : 2021-01-18 20:51:00,968 : episode: 872 score: 481.5 100 games avg: 481.5 steps 180 
INFO : 2021-01-18 20:51:03,421 : episode: 873 score: 458.7 100 games avg: 458.7 steps 166 
INFO : 2021-01-18 20:51:06,144 : episode: 874 score: 547.0 100 games avg: 547.0 steps 185 
INFO : 2021-01-18 20:51:08,742 : episode: 875 score: 551.3 100 games avg: 551.3 steps 181 
INFO : 2021-01-18 20:51:10,685 : episode: 876 score: 319.2 100 games avg: 319.2 steps 130 
INFO : 2021-01-18 20:51:13,059 : episode: 877 score: 515.2 100 games avg: 515.2 steps 157 
INFO : 2021-01-18 20:51:15,413 : episode: 878 score: 546.9 100 games avg: 546.9 steps 165 
INFO : 2021-01-18 20:51:18,818 : episode: 879 score: 703.1 100 games avg: 703.1 steps 234 
INFO : 2021-01-18 20:51:21,470 : episode: 880 score: 584.7 100 games avg: 584.7 steps 184 
INFO : 2021-01-18 20:51:24,189 : episode: 881 score: 554.5 100 games avg: 554.5 steps 178 
INFO : 2021-01-18 20:51:27,516 : episode: 882 score: 623.6 100 games avg: 623.6 steps 230 
INFO : 2021-01-18 20:51:30,036 : episode: 883 score: 550.1 100 games avg: 550.1 steps 174 
INFO : 2021-01-18 20:51:32,536 : episode: 884 score: 525.6 100 games avg: 525.6 steps 173 
INFO : 2021-01-18 20:51:35,003 : episode: 885 score: 558.5 100 games avg: 558.5 steps 166 
INFO : 2021-01-18 20:51:37,434 : episode: 886 score: 488.4 100 games avg: 488.4 steps 167 
INFO : 2021-01-18 20:51:40,148 : episode: 887 score: 528.1 100 games avg: 528.1 steps 188 
INFO : 2021-01-18 20:51:41,998 : episode: 888 score: 358.4 100 games avg: 358.4 steps 129 
INFO : 2021-01-18 20:51:44,364 : episode: 889 score: 524.3 100 games avg: 524.3 steps 159 
INFO : 2021-01-18 20:51:46,731 : episode: 890 score: 459.6 100 games avg: 459.6 steps 159 
INFO : 2021-01-18 20:51:49,123 : episode: 891 score: 467.2 100 games avg: 467.2 steps 166 
INFO : 2021-01-18 20:51:51,875 : episode: 892 score: 547.0 100 games avg: 547.0 steps 188 
INFO : 2021-01-18 20:51:54,318 : episode: 893 score: 475.0 100 games avg: 475.0 steps 170 
INFO : 2021-01-18 20:51:56,737 : episode: 894 score: 432.2 100 games avg: 432.2 steps 161 
INFO : 2021-01-18 20:51:59,386 : episode: 895 score: 517.1 100 games avg: 517.1 steps 183 
INFO : 2021-01-18 20:52:01,649 : episode: 896 score: 446.0 100 games avg: 446.0 steps 158 
INFO : 2021-01-18 20:52:04,140 : episode: 897 score: 469.6 100 games avg: 469.6 steps 166 
INFO : 2021-01-18 20:52:06,621 : episode: 898 score: 482.5 100 games avg: 482.5 steps 165 
INFO : 2021-01-18 20:52:09,167 : episode: 899 score: 586.4 100 games avg: 586.4 steps 177 
INFO : 2021-01-18 20:52:11,526 : episode: 900 score: 528.6 100 games avg: 528.6 steps 159 
INFO : 2021-01-18 20:52:13,787 : episode: 901 score: 452.1 100 games avg: 452.1 steps 158 
INFO : 2021-01-18 20:52:15,639 : episode: 902 score: 352.9 100 games avg: 352.9 steps 129 
INFO : 2021-01-18 20:52:18,127 : episode: 903 score: 423.5 100 games avg: 423.5 steps 156 
INFO : 2021-01-18 20:52:20,421 : episode: 904 score: 446.8 100 games avg: 446.8 steps 160 
INFO : 2021-01-18 20:52:22,807 : episode: 905 score: 515.1 100 games avg: 515.1 steps 166 
INFO : 2021-01-18 20:52:24,661 : episode: 906 score: 359.9 100 games avg: 359.9 steps 130 
INFO : 2021-01-18 20:52:26,601 : episode: 907 score: 409.0 100 games avg: 409.0 steps 136 
INFO : 2021-01-18 20:52:29,048 : episode: 908 score: 458.5 100 games avg: 458.5 steps 166 
INFO : 2021-01-18 20:52:31,587 : episode: 909 score: 491.7 100 games avg: 491.7 steps 175 
INFO : 2021-01-18 20:52:34,056 : episode: 910 score: 549.1 100 games avg: 549.1 steps 171 
INFO : 2021-01-18 20:52:36,344 : episode: 911 score: 437.7 100 games avg: 437.7 steps 157 
INFO : 2021-01-18 20:52:38,218 : episode: 912 score: 351.9 100 games avg: 351.9 steps 127 
INFO : 2021-01-18 20:52:40,615 : episode: 913 score: 474.6 100 games avg: 474.6 steps 161 
INFO : 2021-01-18 20:52:42,975 : episode: 914 score: 456.3 100 games avg: 456.3 steps 164 
INFO : 2021-01-18 20:52:44,789 : episode: 915 score: 345.2 100 games avg: 345.2 steps 124 
INFO : 2021-01-18 20:52:47,119 : episode: 916 score: 514.5 100 games avg: 514.5 steps 163 
INFO : 2021-01-18 20:52:49,353 : episode: 917 score: 403.1 100 games avg: 403.1 steps 151 
INFO : 2021-01-18 20:52:51,588 : episode: 918 score: 416.8 100 games avg: 416.8 steps 153 
INFO : 2021-01-18 20:52:53,867 : episode: 919 score: 441.3 100 games avg: 441.3 steps 160 
INFO : 2021-01-18 20:52:56,227 : episode: 920 score: 456.9 100 games avg: 456.9 steps 165 
INFO : 2021-01-18 20:52:58,576 : episode: 921 score: 446.3 100 games avg: 446.3 steps 158 
INFO : 2021-01-18 20:53:00,940 : episode: 922 score: 466.4 100 games avg: 466.4 steps 162 
INFO : 2021-01-18 20:53:02,800 : episode: 923 score: 347.1 100 games avg: 347.1 steps 125 
INFO : 2021-01-18 20:53:05,112 : episode: 924 score: 533.6 100 games avg: 533.6 steps 161 
INFO : 2021-01-18 20:53:07,369 : episode: 925 score: 444.9 100 games avg: 444.9 steps 158 
INFO : 2021-01-18 20:53:09,803 : episode: 926 score: 460.3 100 games avg: 460.3 steps 164 
INFO : 2021-01-18 20:53:12,218 : episode: 927 score: 457.2 100 games avg: 457.2 steps 162 
INFO : 2021-01-18 20:53:14,538 : episode: 928 score: 435.2 100 games avg: 435.2 steps 162 
INFO : 2021-01-18 20:53:16,896 : episode: 929 score: 437.2 100 games avg: 437.2 steps 159 
INFO : 2021-01-18 20:53:19,171 : episode: 930 score: 463.2 100 games avg: 463.2 steps 158 
INFO : 2021-01-18 20:53:21,535 : episode: 931 score: 455.4 100 games avg: 455.4 steps 160 
INFO : 2021-01-18 20:53:23,994 : episode: 932 score: 517.4 100 games avg: 517.4 steps 163 
INFO : 2021-01-18 20:53:26,352 : episode: 933 score: 438.2 100 games avg: 438.2 steps 165 
INFO : 2021-01-18 20:53:28,757 : episode: 934 score: 440.2 100 games avg: 440.2 steps 163 
INFO : 2021-01-18 20:53:31,187 : episode: 935 score: 463.8 100 games avg: 463.8 steps 169 
INFO : 2021-01-18 20:53:33,100 : episode: 936 score: 349.0 100 games avg: 349.0 steps 127 
INFO : 2021-01-18 20:53:35,413 : episode: 937 score: 449.6 100 games avg: 449.6 steps 161 
INFO : 2021-01-18 20:53:37,731 : episode: 938 score: 439.1 100 games avg: 439.1 steps 157 
INFO : 2021-01-18 20:53:40,031 : episode: 939 score: 434.5 100 games avg: 434.5 steps 160 
INFO : 2021-01-18 20:53:42,466 : episode: 940 score: 434.7 100 games avg: 434.7 steps 162 
INFO : 2021-01-18 20:53:44,567 : episode: 941 score: 453.4 100 games avg: 453.4 steps 143 
INFO : 2021-01-18 20:53:46,690 : episode: 942 score: 475.9 100 games avg: 475.9 steps 148 
INFO : 2021-01-18 20:53:48,489 : episode: 943 score: 345.0 100 games avg: 345.0 steps 125 
INFO : 2021-01-18 20:53:50,428 : episode: 944 score: 385.8 100 games avg: 385.8 steps 132 
INFO : 2021-01-18 20:53:52,519 : episode: 945 score: 433.4 100 games avg: 433.4 steps 141 
INFO : 2021-01-18 20:53:54,892 : episode: 946 score: 483.4 100 games avg: 483.4 steps 165 
INFO : 2021-01-18 20:53:57,089 : episode: 947 score: 392.0 100 games avg: 392.0 steps 148 
INFO : 2021-01-18 20:53:58,894 : episode: 948 score: 340.7 100 games avg: 340.7 steps 126 
INFO : 2021-01-18 20:54:00,741 : episode: 949 score: 341.8 100 games avg: 341.8 steps 128 
INFO : 2021-01-18 20:54:03,241 : episode: 950 score: 556.1 100 games avg: 556.1 steps 166 
INFO : 2021-01-18 20:54:05,116 : episode: 951 score: 338.5 100 games avg: 338.5 steps 126 
INFO : 2021-01-18 20:54:06,905 : episode: 952 score: 346.7 100 games avg: 346.7 steps 125 
INFO : 2021-01-18 20:54:08,739 : episode: 953 score: 344.1 100 games avg: 344.1 steps 126 
INFO : 2021-01-18 20:54:10,529 : episode: 954 score: 337.4 100 games avg: 337.4 steps 125 
INFO : 2021-01-18 20:54:12,322 : episode: 955 score: 338.6 100 games avg: 338.6 steps 125 
INFO : 2021-01-18 20:54:14,151 : episode: 956 score: 343.8 100 games avg: 343.8 steps 124 
INFO : 2021-01-18 20:54:17,172 : episode: 957 score: 658.6 100 games avg: 658.6 steps 204 
INFO : 2021-01-18 20:54:18,937 : episode: 958 score: 342.9 100 games avg: 342.9 steps 123 
INFO : 2021-01-18 20:54:20,740 : episode: 959 score: 350.9 100 games avg: 350.9 steps 125 
INFO : 2021-01-18 20:54:22,535 : episode: 960 score: 342.7 100 games avg: 342.7 steps 125 
INFO : 2021-01-18 20:54:25,261 : episode: 961 score: 611.3 100 games avg: 611.3 steps 188 
INFO : 2021-01-18 20:54:27,301 : episode: 962 score: 439.1 100 games avg: 439.1 steps 142 
INFO : 2021-01-18 20:54:29,237 : episode: 963 score: 344.8 100 games avg: 344.8 steps 127 
INFO : 2021-01-18 20:54:31,099 : episode: 964 score: 347.5 100 games avg: 347.5 steps 125 
INFO : 2021-01-18 20:54:32,901 : episode: 965 score: 336.5 100 games avg: 336.5 steps 125 
INFO : 2021-01-18 20:54:34,818 : episode: 966 score: 349.5 100 games avg: 349.5 steps 130 
INFO : 2021-01-18 20:54:36,679 : episode: 967 score: 353.1 100 games avg: 353.1 steps 128 
INFO : 2021-01-18 20:54:38,473 : episode: 968 score: 346.4 100 games avg: 346.4 steps 126 
INFO : 2021-01-18 20:54:40,633 : episode: 969 score: 477.9 100 games avg: 477.9 steps 150 
INFO : 2021-01-18 20:54:42,442 : episode: 970 score: 345.1 100 games avg: 345.1 steps 126 
INFO : 2021-01-18 20:54:44,360 : episode: 971 score: 356.1 100 games avg: 356.1 steps 127 
INFO : 2021-01-18 20:54:46,351 : episode: 972 score: 391.6 100 games avg: 391.6 steps 134 
INFO : 2021-01-18 20:54:48,255 : episode: 973 score: 354.5 100 games avg: 354.5 steps 127 
INFO : 2021-01-18 20:54:50,097 : episode: 974 score: 354.2 100 games avg: 354.2 steps 127 
INFO : 2021-01-18 20:54:51,918 : episode: 975 score: 350.6 100 games avg: 350.6 steps 127 
INFO : 2021-01-18 20:54:53,719 : episode: 976 score: 356.8 100 games avg: 356.8 steps 126 
INFO : 2021-01-18 20:54:56,105 : episode: 977 score: 529.5 100 games avg: 529.5 steps 164 
INFO : 2021-01-18 20:54:57,987 : episode: 978 score: 345.9 100 games avg: 345.9 steps 124 
INFO : 2021-01-18 20:54:59,762 : episode: 979 score: 338.5 100 games avg: 338.5 steps 123 
INFO : 2021-01-18 20:55:02,360 : episode: 980 score: 584.0 100 games avg: 584.0 steps 180 
INFO : 2021-01-18 20:55:04,191 : episode: 981 score: 343.6 100 games avg: 343.6 steps 127 
INFO : 2021-01-18 20:55:05,987 : episode: 982 score: 344.7 100 games avg: 344.7 steps 125 
INFO : 2021-01-18 20:55:07,828 : episode: 983 score: 344.7 100 games avg: 344.7 steps 124 
INFO : 2021-01-18 20:55:10,071 : episode: 984 score: 491.8 100 games avg: 491.8 steps 152 
INFO : 2021-01-18 20:55:11,867 : episode: 985 score: 352.8 100 games avg: 352.8 steps 126 
INFO : 2021-01-18 20:55:14,329 : episode: 986 score: 557.0 100 games avg: 557.0 steps 172 
INFO : 2021-01-18 20:55:16,705 : episode: 987 score: 522.7 100 games avg: 522.7 steps 161 
INFO : 2021-01-18 20:55:18,566 : episode: 988 score: 354.2 100 games avg: 354.2 steps 127 
INFO : 2021-01-18 20:55:20,665 : episode: 989 score: 461.7 100 games avg: 461.7 steps 146 
INFO : 2021-01-18 20:55:23,138 : episode: 990 score: 547.6 100 games avg: 547.6 steps 170 
INFO : 2021-01-18 20:55:26,537 : episode: 991 score: 704.4 100 games avg: 704.4 steps 237 
INFO : 2021-01-18 20:55:29,616 : episode: 992 score: 612.2 100 games avg: 612.2 steps 207 
INFO : 2021-01-18 20:55:32,579 : episode: 993 score: 629.9 100 games avg: 629.9 steps 207 
INFO : 2021-01-18 20:55:34,862 : episode: 994 score: 517.2 100 games avg: 517.2 steps 159 
INFO : 2021-01-18 20:55:36,844 : episode: 995 score: 374.1 100 games avg: 374.1 steps 131 
INFO : 2021-01-18 20:55:38,975 : episode: 996 score: 448.0 100 games avg: 448.0 steps 145 
INFO : 2021-01-18 20:55:41,331 : episode: 997 score: 516.9 100 games avg: 516.9 steps 159 
INFO : 2021-01-18 20:55:44,708 : episode: 998 score: 657.3 100 games avg: 657.3 steps 234 
INFO : 2021-01-18 20:55:47,010 : episode: 999 score: 537.4 100 games avg: 537.4 steps 160 
