INFO : 2021-01-19 21:27:00,420 : method: Soft-Actor Critic
INFO : 2021-01-19 21:27:00,421 : parameter n_steps: 1000 ensemble_size: 5 env: Hopper-v2
INFO : 2021-01-19 21:27:03,137 : mpc_function policy
INFO : 2021-01-19 21:27:03,137 : sac
INFO : 2021-01-19 21:27:03,157 : episode: 0 score: 15.1 100 games avg: 15.1 steps 17 
INFO : 2021-01-19 21:27:03,174 : episode: 1 score: 14.1 100 games avg: 14.1 steps 16 
INFO : 2021-01-19 21:27:03,190 : episode: 2 score: 14.1 100 games avg: 14.1 steps 16 
INFO : 2021-01-19 21:27:03,208 : episode: 3 score: 15.2 100 games avg: 15.2 steps 17 
INFO : 2021-01-19 21:27:03,226 : episode: 4 score: 14.4 100 games avg: 14.4 steps 17 
INFO : 2021-01-19 21:27:03,244 : episode: 5 score: 15.2 100 games avg: 15.2 steps 17 
INFO : 2021-01-19 21:27:03,261 : episode: 6 score: 15.1 100 games avg: 15.1 steps 17 
INFO : 2021-01-19 21:27:03,278 : episode: 7 score: 13.9 100 games avg: 13.9 steps 16 
INFO : 2021-01-19 21:27:03,296 : episode: 8 score: 15.2 100 games avg: 15.2 steps 17 
INFO : 2021-01-19 21:27:03,314 : episode: 9 score: 14.8 100 games avg: 14.8 steps 17 
INFO : 2021-01-19 21:27:03,331 : episode: 10 score: 14.6 100 games avg: 14.6 steps 17 
INFO : 2021-01-19 21:27:03,349 : episode: 11 score: 15.0 100 games avg: 15.0 steps 17 
INFO : 2021-01-19 21:27:03,367 : episode: 12 score: 15.2 100 games avg: 15.2 steps 17 
INFO : 2021-01-19 21:27:03,384 : episode: 13 score: 14.5 100 games avg: 14.5 steps 16 
INFO : 2021-01-19 21:27:03,401 : episode: 14 score: 15.1 100 games avg: 15.1 steps 17 
INFO : 2021-01-19 21:27:03,809 : episode: 15 score: 17.4 100 games avg: 17.4 steps 18 
INFO : 2021-01-19 21:27:04,426 : episode: 16 score: 19.2 100 games avg: 19.2 steps 21 
INFO : 2021-01-19 21:27:05,086 : episode: 17 score: 25.3 100 games avg: 25.3 steps 22 
INFO : 2021-01-19 21:27:05,526 : episode: 18 score: 11.3 100 games avg: 11.3 steps 15 
INFO : 2021-01-19 21:27:06,744 : episode: 19 score: 54.8 100 games avg: 54.8 steps 41 
INFO : 2021-01-19 21:27:08,318 : episode: 20 score: 92.5 100 games avg: 92.5 steps 53 
INFO : 2021-01-19 21:27:09,628 : episode: 21 score: 73.8 100 games avg: 73.8 steps 45 
INFO : 2021-01-19 21:27:10,095 : episode: 22 score: 15.2 100 games avg: 15.2 steps 16 
INFO : 2021-01-19 21:27:10,938 : episode: 23 score: 47.8 100 games avg: 47.8 steps 29 
INFO : 2021-01-19 21:27:12,069 : episode: 24 score: 63.9 100 games avg: 63.9 steps 39 
INFO : 2021-01-19 21:27:14,044 : episode: 25 score: 97.0 100 games avg: 97.0 steps 68 
INFO : 2021-01-19 21:27:14,992 : episode: 26 score: 52.2 100 games avg: 52.2 steps 32 
INFO : 2021-01-19 21:27:16,279 : episode: 27 score: 69.6 100 games avg: 69.6 steps 44 
INFO : 2021-01-19 21:27:17,268 : episode: 28 score: 54.2 100 games avg: 54.2 steps 33 
INFO : 2021-01-19 21:27:18,365 : episode: 29 score: 62.3 100 games avg: 62.3 steps 38 
INFO : 2021-01-19 21:27:19,457 : episode: 30 score: 62.2 100 games avg: 62.2 steps 38 
INFO : 2021-01-19 21:27:20,214 : episode: 31 score: 58.9 100 games avg: 58.9 steps 36 
INFO : 2021-01-19 21:27:20,952 : episode: 32 score: 70.1 100 games avg: 70.1 steps 43 
INFO : 2021-01-19 21:27:21,495 : episode: 33 score: 52.6 100 games avg: 52.6 steps 32 
INFO : 2021-01-19 21:27:22,279 : episode: 34 score: 75.6 100 games avg: 75.6 steps 46 
INFO : 2021-01-19 21:27:22,632 : episode: 35 score: 41.4 100 games avg: 41.4 steps 24 
INFO : 2021-01-19 21:27:23,124 : episode: 36 score: 60.7 100 games avg: 60.7 steps 39 
INFO : 2021-01-19 21:27:23,440 : episode: 37 score: 42.8 100 games avg: 42.8 steps 25 
INFO : 2021-01-19 21:27:23,756 : episode: 38 score: 42.0 100 games avg: 42.0 steps 25 
INFO : 2021-01-19 21:27:24,148 : episode: 39 score: 49.3 100 games avg: 49.3 steps 31 
INFO : 2021-01-19 21:27:24,489 : episode: 40 score: 46.2 100 games avg: 46.2 steps 27 
INFO : 2021-01-19 21:27:24,793 : episode: 41 score: 41.9 100 games avg: 41.9 steps 24 
INFO : 2021-01-19 21:27:25,121 : episode: 42 score: 44.6 100 games avg: 44.6 steps 26 
INFO : 2021-01-19 21:27:25,475 : episode: 43 score: 47.3 100 games avg: 47.3 steps 28 
INFO : 2021-01-19 21:27:25,753 : episode: 44 score: 37.4 100 games avg: 37.4 steps 22 
INFO : 2021-01-19 21:27:26,057 : episode: 45 score: 41.6 100 games avg: 41.6 steps 24 
INFO : 2021-01-19 21:27:26,360 : episode: 46 score: 41.9 100 games avg: 41.9 steps 24 
INFO : 2021-01-19 21:27:26,701 : episode: 47 score: 47.0 100 games avg: 47.0 steps 27 
INFO : 2021-01-19 21:27:27,055 : episode: 48 score: 46.5 100 games avg: 46.5 steps 28 
INFO : 2021-01-19 21:27:27,446 : episode: 49 score: 55.2 100 games avg: 55.2 steps 31 
INFO : 2021-01-19 21:27:27,737 : episode: 50 score: 40.3 100 games avg: 40.3 steps 23 
INFO : 2021-01-19 21:27:28,116 : episode: 51 score: 53.9 100 games avg: 53.9 steps 30 
INFO : 2021-01-19 21:27:28,444 : episode: 52 score: 46.5 100 games avg: 46.5 steps 26 
INFO : 2021-01-19 21:27:28,823 : episode: 53 score: 52.8 100 games avg: 52.8 steps 30 
INFO : 2021-01-19 21:27:29,228 : episode: 54 score: 57.3 100 games avg: 57.3 steps 32 
INFO : 2021-01-19 21:27:29,594 : episode: 55 score: 51.1 100 games avg: 51.1 steps 29 
INFO : 2021-01-19 21:27:29,948 : episode: 56 score: 49.7 100 games avg: 49.7 steps 28 
INFO : 2021-01-19 21:27:30,377 : episode: 57 score: 62.8 100 games avg: 62.8 steps 34 
INFO : 2021-01-19 21:27:30,795 : episode: 58 score: 58.6 100 games avg: 58.6 steps 33 
INFO : 2021-01-19 21:27:31,249 : episode: 59 score: 65.6 100 games avg: 65.6 steps 36 
INFO : 2021-01-19 21:27:31,717 : episode: 60 score: 67.6 100 games avg: 67.6 steps 37 
INFO : 2021-01-19 21:27:32,197 : episode: 61 score: 69.8 100 games avg: 69.8 steps 38 
INFO : 2021-01-19 21:27:32,677 : episode: 62 score: 69.3 100 games avg: 69.3 steps 38 
INFO : 2021-01-19 21:27:33,157 : episode: 63 score: 69.6 100 games avg: 69.6 steps 38 
INFO : 2021-01-19 21:27:33,864 : episode: 64 score: 104.9 100 games avg: 104.9 steps 56 
INFO : 2021-01-19 21:27:34,319 : episode: 65 score: 65.0 100 games avg: 65.0 steps 36 
INFO : 2021-01-19 21:27:34,850 : episode: 66 score: 76.9 100 games avg: 76.9 steps 42 
INFO : 2021-01-19 21:27:35,380 : episode: 67 score: 77.2 100 games avg: 77.2 steps 42 
INFO : 2021-01-19 21:27:35,873 : episode: 68 score: 71.8 100 games avg: 71.8 steps 39 
INFO : 2021-01-19 21:27:36,391 : episode: 69 score: 76.0 100 games avg: 76.0 steps 41 
INFO : 2021-01-19 21:27:36,871 : episode: 70 score: 69.2 100 games avg: 69.2 steps 38 
INFO : 2021-01-19 21:27:37,490 : episode: 71 score: 91.1 100 games avg: 91.1 steps 49 
INFO : 2021-01-19 21:27:38,550 : episode: 72 score: 168.1 100 games avg: 168.1 steps 84 
INFO : 2021-01-19 21:27:39,548 : episode: 73 score: 147.2 100 games avg: 147.2 steps 79 
INFO : 2021-01-19 21:27:40,255 : episode: 74 score: 96.9 100 games avg: 96.9 steps 56 
INFO : 2021-01-19 21:27:41,025 : episode: 75 score: 107.7 100 games avg: 107.7 steps 61 
INFO : 2021-01-19 21:27:42,023 : episode: 76 score: 148.0 100 games avg: 148.0 steps 79 
INFO : 2021-01-19 21:27:43,071 : episode: 77 score: 161.4 100 games avg: 161.4 steps 83 
INFO : 2021-01-19 21:27:44,119 : episode: 78 score: 159.9 100 games avg: 159.9 steps 83 
INFO : 2021-01-19 21:27:45,155 : episode: 79 score: 169.3 100 games avg: 169.3 steps 82 
INFO : 2021-01-19 21:27:46,241 : episode: 80 score: 166.9 100 games avg: 166.9 steps 86 
INFO : 2021-01-19 21:27:47,303 : episode: 81 score: 163.9 100 games avg: 163.9 steps 84 
INFO : 2021-01-19 21:27:48,373 : episode: 82 score: 161.4 100 games avg: 161.4 steps 84 
INFO : 2021-01-19 21:27:49,469 : episode: 83 score: 169.6 100 games avg: 169.6 steps 86 
INFO : 2021-01-19 21:27:50,483 : episode: 84 score: 155.1 100 games avg: 155.1 steps 80 
INFO : 2021-01-19 21:27:51,582 : episode: 85 score: 168.6 100 games avg: 168.6 steps 87 
INFO : 2021-01-19 21:27:52,681 : episode: 86 score: 171.6 100 games avg: 171.6 steps 87 
INFO : 2021-01-19 21:27:53,792 : episode: 87 score: 172.2 100 games avg: 172.2 steps 88 
INFO : 2021-01-19 21:27:54,904 : episode: 88 score: 172.4 100 games avg: 172.4 steps 88 
INFO : 2021-01-19 21:27:55,965 : episode: 89 score: 165.9 100 games avg: 165.9 steps 84 
INFO : 2021-01-19 21:27:58,386 : episode: 90 score: 170.1 100 games avg: 170.1 steps 87 
INFO : 2021-01-19 21:28:00,825 : episode: 91 score: 165.5 100 games avg: 165.5 steps 85 
INFO : 2021-01-19 21:28:03,276 : episode: 92 score: 165.3 100 games avg: 165.3 steps 85 
INFO : 2021-01-19 21:28:05,821 : episode: 93 score: 169.3 100 games avg: 169.3 steps 85 
INFO : 2021-01-19 21:28:08,414 : episode: 94 score: 171.9 100 games avg: 171.9 steps 87 
INFO : 2021-01-19 21:28:10,872 : episode: 95 score: 159.2 100 games avg: 159.2 steps 83 
INFO : 2021-01-19 21:28:13,400 : episode: 96 score: 168.8 100 games avg: 168.8 steps 85 
INFO : 2021-01-19 21:28:15,959 : episode: 97 score: 169.8 100 games avg: 169.8 steps 86 
INFO : 2021-01-19 21:28:18,373 : episode: 98 score: 167.7 100 games avg: 167.7 steps 81 
INFO : 2021-01-19 21:28:20,804 : episode: 99 score: 165.3 100 games avg: 165.3 steps 82 
INFO : 2021-01-19 21:28:23,212 : episode: 100 score: 171.0 100 games avg: 171.0 steps 81 
INFO : 2021-01-19 21:28:25,746 : episode: 101 score: 169.5 100 games avg: 169.5 steps 85 
INFO : 2021-01-19 21:28:28,227 : episode: 102 score: 181.3 100 games avg: 181.3 steps 84 
INFO : 2021-01-19 21:28:30,713 : episode: 103 score: 179.1 100 games avg: 179.1 steps 83 
INFO : 2021-01-19 21:28:33,219 : episode: 104 score: 168.2 100 games avg: 168.2 steps 84 
INFO : 2021-01-19 21:28:35,716 : episode: 105 score: 165.4 100 games avg: 165.4 steps 84 
INFO : 2021-01-19 21:28:37,939 : episode: 106 score: 150.1 100 games avg: 150.1 steps 74 
INFO : 2021-01-19 21:28:40,400 : episode: 107 score: 172.9 100 games avg: 172.9 steps 82 
INFO : 2021-01-19 21:28:42,660 : episode: 108 score: 153.4 100 games avg: 153.4 steps 74 
INFO : 2021-01-19 21:28:45,288 : episode: 109 score: 194.4 100 games avg: 194.4 steps 88 
INFO : 2021-01-19 21:28:47,725 : episode: 110 score: 176.6 100 games avg: 176.6 steps 82 
INFO : 2021-01-19 21:28:50,329 : episode: 111 score: 194.4 100 games avg: 194.4 steps 88 
INFO : 2021-01-19 21:28:53,179 : episode: 112 score: 214.3 100 games avg: 214.3 steps 95 
INFO : 2021-01-19 21:28:55,889 : episode: 113 score: 204.4 100 games avg: 204.4 steps 91 
INFO : 2021-01-19 21:28:58,255 : episode: 114 score: 168.2 100 games avg: 168.2 steps 79 
INFO : 2021-01-19 21:29:00,783 : episode: 115 score: 186.5 100 games avg: 186.5 steps 85 
INFO : 2021-01-19 21:29:03,330 : episode: 116 score: 185.8 100 games avg: 185.8 steps 85 
INFO : 2021-01-19 21:29:05,929 : episode: 117 score: 185.7 100 games avg: 185.7 steps 85 
INFO : 2021-01-19 21:29:08,512 : episode: 118 score: 182.0 100 games avg: 182.0 steps 84 
INFO : 2021-01-19 21:29:10,907 : episode: 119 score: 172.3 100 games avg: 172.3 steps 80 
INFO : 2021-01-19 21:29:13,439 : episode: 120 score: 179.6 100 games avg: 179.6 steps 83 
INFO : 2021-01-19 21:29:15,860 : episode: 121 score: 166.6 100 games avg: 166.6 steps 80 
INFO : 2021-01-19 21:29:18,442 : episode: 122 score: 182.1 100 games avg: 182.1 steps 84 
INFO : 2021-01-19 21:29:20,921 : episode: 123 score: 172.9 100 games avg: 172.9 steps 81 
INFO : 2021-01-19 21:29:23,508 : episode: 124 score: 181.8 100 games avg: 181.8 steps 84 
INFO : 2021-01-19 21:29:26,071 : episode: 125 score: 182.2 100 games avg: 182.2 steps 84 
INFO : 2021-01-19 21:29:28,386 : episode: 126 score: 177.8 100 games avg: 177.8 steps 82 
INFO : 2021-01-19 21:29:30,569 : episode: 127 score: 174.3 100 games avg: 174.3 steps 82 
INFO : 2021-01-19 21:29:32,916 : episode: 128 score: 169.5 100 games avg: 169.5 steps 81 
INFO : 2021-01-19 21:29:35,212 : episode: 129 score: 182.0 100 games avg: 182.0 steps 84 
INFO : 2021-01-19 21:29:36,927 : episode: 130 score: 178.8 100 games avg: 178.8 steps 83 
INFO : 2021-01-19 21:29:38,079 : episode: 131 score: 176.9 100 games avg: 176.9 steps 82 
INFO : 2021-01-19 21:29:39,220 : episode: 132 score: 173.8 100 games avg: 173.8 steps 81 
INFO : 2021-01-19 21:29:40,354 : episode: 133 score: 173.9 100 games avg: 173.9 steps 81 
INFO : 2021-01-19 21:29:41,541 : episode: 134 score: 182.5 100 games avg: 182.5 steps 84 
INFO : 2021-01-19 21:29:43,495 : episode: 135 score: 182.1 100 games avg: 182.1 steps 84 
INFO : 2021-01-19 21:29:45,425 : episode: 136 score: 176.1 100 games avg: 176.1 steps 82 
INFO : 2021-01-19 21:29:47,256 : episode: 137 score: 183.5 100 games avg: 183.5 steps 84 
INFO : 2021-01-19 21:29:49,195 : episode: 138 score: 171.2 100 games avg: 171.2 steps 82 
INFO : 2021-01-19 21:29:51,451 : episode: 139 score: 176.5 100 games avg: 176.5 steps 82 
INFO : 2021-01-19 21:29:54,114 : episode: 140 score: 177.4 100 games avg: 177.4 steps 83 
INFO : 2021-01-19 21:29:55,839 : episode: 141 score: 180.8 100 games avg: 180.8 steps 84 
INFO : 2021-01-19 21:29:57,298 : episode: 142 score: 177.9 100 games avg: 177.9 steps 83 
INFO : 2021-01-19 21:29:58,887 : episode: 143 score: 170.4 100 games avg: 170.4 steps 80 
INFO : 2021-01-19 21:30:01,192 : episode: 144 score: 190.8 100 games avg: 190.8 steps 87 
INFO : 2021-01-19 21:30:03,379 : episode: 145 score: 170.6 100 games avg: 170.6 steps 81 
INFO : 2021-01-19 21:30:04,731 : episode: 146 score: 178.8 100 games avg: 178.8 steps 83 
INFO : 2021-01-19 21:30:06,162 : episode: 147 score: 181.7 100 games avg: 181.7 steps 84 
INFO : 2021-01-19 21:30:07,339 : episode: 148 score: 180.3 100 games avg: 180.3 steps 84 
INFO : 2021-01-19 21:30:08,467 : episode: 149 score: 171.7 100 games avg: 171.7 steps 80 
INFO : 2021-01-19 21:30:09,614 : episode: 150 score: 174.0 100 games avg: 174.0 steps 82 
INFO : 2021-01-19 21:30:10,725 : episode: 151 score: 167.1 100 games avg: 167.1 steps 79 
INFO : 2021-01-19 21:30:11,852 : episode: 152 score: 169.4 100 games avg: 169.4 steps 80 
INFO : 2021-01-19 21:30:13,050 : episode: 153 score: 173.5 100 games avg: 173.5 steps 82 
INFO : 2021-01-19 21:30:15,581 : episode: 154 score: 187.3 100 games avg: 187.3 steps 86 
INFO : 2021-01-19 21:30:17,959 : episode: 155 score: 180.2 100 games avg: 180.2 steps 83 
INFO : 2021-01-19 21:30:20,014 : episode: 156 score: 186.8 100 games avg: 186.8 steps 86 
INFO : 2021-01-19 21:30:21,466 : episode: 157 score: 176.7 100 games avg: 176.7 steps 82 
INFO : 2021-01-19 21:30:23,733 : episode: 158 score: 172.9 100 games avg: 172.9 steps 84 
INFO : 2021-01-19 21:30:26,388 : episode: 159 score: 164.5 100 games avg: 164.5 steps 79 
INFO : 2021-01-19 21:30:28,037 : episode: 160 score: 168.9 100 games avg: 168.9 steps 80 
INFO : 2021-01-19 21:30:30,202 : episode: 161 score: 178.3 100 games avg: 178.3 steps 83 
INFO : 2021-01-19 21:30:31,617 : episode: 162 score: 174.0 100 games avg: 174.0 steps 82 
INFO : 2021-01-19 21:30:33,078 : episode: 163 score: 174.3 100 games avg: 174.3 steps 82 
INFO : 2021-01-19 21:30:34,580 : episode: 164 score: 172.2 100 games avg: 172.2 steps 82 
INFO : 2021-01-19 21:30:36,646 : episode: 165 score: 170.2 100 games avg: 170.2 steps 83 
INFO : 2021-01-19 21:30:39,109 : episode: 166 score: 173.7 100 games avg: 173.7 steps 82 
INFO : 2021-01-19 21:30:41,551 : episode: 167 score: 168.1 100 games avg: 168.1 steps 81 
INFO : 2021-01-19 21:30:44,389 : episode: 168 score: 206.1 100 games avg: 206.1 steps 96 
INFO : 2021-01-19 21:30:46,853 : episode: 169 score: 177.8 100 games avg: 177.8 steps 83 
INFO : 2021-01-19 21:30:49,316 : episode: 170 score: 176.9 100 games avg: 176.9 steps 83 
INFO : 2021-01-19 21:30:51,745 : episode: 171 score: 173.0 100 games avg: 173.0 steps 82 
INFO : 2021-01-19 21:30:54,380 : episode: 172 score: 169.8 100 games avg: 169.8 steps 82 
INFO : 2021-01-19 21:30:56,152 : episode: 173 score: 177.6 100 games avg: 177.6 steps 83 
INFO : 2021-01-19 21:30:58,942 : episode: 174 score: 201.9 100 games avg: 201.9 steps 96 
INFO : 2021-01-19 21:31:01,509 : episode: 175 score: 170.0 100 games avg: 170.0 steps 83 
INFO : 2021-01-19 21:31:04,047 : episode: 176 score: 170.6 100 games avg: 170.6 steps 84 
INFO : 2021-01-19 21:31:06,817 : episode: 177 score: 189.1 100 games avg: 189.1 steps 92 
INFO : 2021-01-19 21:31:09,324 : episode: 178 score: 168.9 100 games avg: 168.9 steps 83 
INFO : 2021-01-19 21:31:12,012 : episode: 179 score: 170.4 100 games avg: 170.4 steps 82 
INFO : 2021-01-19 21:31:14,404 : episode: 180 score: 171.8 100 games avg: 171.8 steps 85 
INFO : 2021-01-19 21:31:17,228 : episode: 181 score: 173.9 100 games avg: 173.9 steps 82 
INFO : 2021-01-19 21:31:19,601 : episode: 182 score: 176.7 100 games avg: 176.7 steps 83 
INFO : 2021-01-19 21:31:22,640 : episode: 183 score: 202.2 100 games avg: 202.2 steps 91 
INFO : 2021-01-19 21:31:25,458 : episode: 184 score: 202.5 100 games avg: 202.5 steps 91 
INFO : 2021-01-19 21:31:27,429 : episode: 185 score: 198.9 100 games avg: 198.9 steps 90 
INFO : 2021-01-19 21:31:29,873 : episode: 186 score: 194.9 100 games avg: 194.9 steps 89 
INFO : 2021-01-19 21:31:31,661 : episode: 187 score: 210.4 100 games avg: 210.4 steps 92 
INFO : 2021-01-19 21:31:34,105 : episode: 188 score: 192.0 100 games avg: 192.0 steps 86 
INFO : 2021-01-19 21:31:36,578 : episode: 189 score: 165.2 100 games avg: 165.2 steps 82 
INFO : 2021-01-19 21:31:39,269 : episode: 190 score: 206.1 100 games avg: 206.1 steps 90 
INFO : 2021-01-19 21:31:41,969 : episode: 191 score: 204.4 100 games avg: 204.4 steps 90 
INFO : 2021-01-19 21:31:44,567 : episode: 192 score: 194.6 100 games avg: 194.6 steps 86 
INFO : 2021-01-19 21:31:47,066 : episode: 193 score: 175.5 100 games avg: 175.5 steps 83 
INFO : 2021-01-19 21:31:49,754 : episode: 194 score: 201.8 100 games avg: 201.8 steps 89 
INFO : 2021-01-19 21:31:51,624 : episode: 195 score: 211.1 100 games avg: 211.1 steps 92 
INFO : 2021-01-19 21:31:52,977 : episode: 196 score: 215.3 100 games avg: 215.3 steps 92 
INFO : 2021-01-19 21:31:54,337 : episode: 197 score: 204.2 100 games avg: 204.2 steps 93 
INFO : 2021-01-19 21:31:55,742 : episode: 198 score: 230.8 100 games avg: 230.8 steps 96 
INFO : 2021-01-19 21:31:56,911 : episode: 199 score: 159.3 100 games avg: 159.3 steps 80 
INFO : 2021-01-19 21:31:58,262 : episode: 200 score: 209.3 100 games avg: 209.3 steps 92 
INFO : 2021-01-19 21:31:59,689 : episode: 201 score: 231.4 100 games avg: 231.4 steps 97 
INFO : 2021-01-19 21:32:00,906 : episode: 202 score: 175.9 100 games avg: 175.9 steps 83 
INFO : 2021-01-19 21:32:02,231 : episode: 203 score: 189.4 100 games avg: 189.4 steps 90 
INFO : 2021-01-19 21:32:03,565 : episode: 204 score: 195.4 100 games avg: 195.4 steps 91 
INFO : 2021-01-19 21:32:04,875 : episode: 205 score: 183.4 100 games avg: 183.4 steps 89 
INFO : 2021-01-19 21:32:06,259 : episode: 206 score: 216.4 100 games avg: 216.4 steps 94 
INFO : 2021-01-19 21:32:07,615 : episode: 207 score: 212.8 100 games avg: 212.8 steps 92 
INFO : 2021-01-19 21:32:08,946 : episode: 208 score: 194.0 100 games avg: 194.0 steps 91 
INFO : 2021-01-19 21:32:10,380 : episode: 209 score: 223.6 100 games avg: 223.6 steps 98 
INFO : 2021-01-19 21:32:11,841 : episode: 210 score: 233.7 100 games avg: 233.7 steps 100 
INFO : 2021-01-19 21:32:13,218 : episode: 211 score: 208.8 100 games avg: 208.8 steps 94 
INFO : 2021-01-19 21:32:14,594 : episode: 212 score: 215.7 100 games avg: 215.7 steps 94 
INFO : 2021-01-19 21:32:15,985 : episode: 213 score: 218.0 100 games avg: 218.0 steps 95 
INFO : 2021-01-19 21:32:17,115 : episode: 214 score: 146.8 100 games avg: 146.8 steps 77 
INFO : 2021-01-19 21:32:18,440 : episode: 215 score: 190.8 100 games avg: 190.8 steps 90 
INFO : 2021-01-19 21:32:19,817 : episode: 216 score: 198.6 100 games avg: 198.6 steps 94 
INFO : 2021-01-19 21:32:20,731 : episode: 217 score: 109.5 100 games avg: 109.5 steps 62 
INFO : 2021-01-19 21:32:21,553 : episode: 218 score: 95.4 100 games avg: 95.4 steps 56 
INFO : 2021-01-19 21:32:22,994 : episode: 219 score: 224.0 100 games avg: 224.0 steps 98 
INFO : 2021-01-19 21:32:24,110 : episode: 220 score: 145.2 100 games avg: 145.2 steps 76 
INFO : 2021-01-19 21:32:25,031 : episode: 221 score: 111.5 100 games avg: 111.5 steps 63 
INFO : 2021-01-19 21:32:26,410 : episode: 222 score: 207.8 100 games avg: 207.8 steps 94 
INFO : 2021-01-19 21:32:27,748 : episode: 223 score: 190.5 100 games avg: 190.5 steps 91 
INFO : 2021-01-19 21:32:29,131 : episode: 224 score: 215.0 100 games avg: 215.0 steps 94 
INFO : 2021-01-19 21:32:30,547 : episode: 225 score: 223.2 100 games avg: 223.2 steps 96 
INFO : 2021-01-19 21:32:31,365 : episode: 226 score: 96.4 100 games avg: 96.4 steps 56 
INFO : 2021-01-19 21:32:31,542 : episode: 227 score: 10.6 100 games avg: 10.6 steps 12 
INFO : 2021-01-19 21:32:32,996 : episode: 228 score: 213.0 100 games avg: 213.0 steps 99 
INFO : 2021-01-19 21:32:34,147 : episode: 229 score: 151.6 100 games avg: 151.6 steps 78 
INFO : 2021-01-19 21:32:34,854 : episode: 230 score: 82.0 100 games avg: 82.0 steps 48 
INFO : 2021-01-19 21:32:35,664 : episode: 231 score: 94.2 100 games avg: 94.2 steps 55 
INFO : 2021-01-19 21:32:37,032 : episode: 232 score: 197.1 100 games avg: 197.1 steps 93 
INFO : 2021-01-19 21:32:37,737 : episode: 233 score: 80.8 100 games avg: 80.8 steps 48 
INFO : 2021-01-19 21:32:39,481 : episode: 234 score: 207.6 100 games avg: 207.6 steps 98 
INFO : 2021-01-19 21:32:41,804 : episode: 235 score: 207.5 100 games avg: 207.5 steps 91 
INFO : 2021-01-19 21:32:44,563 : episode: 236 score: 205.6 100 games avg: 205.6 steps 95 
INFO : 2021-01-19 21:32:46,855 : episode: 237 score: 210.3 100 games avg: 210.3 steps 93 
INFO : 2021-01-19 21:32:48,498 : episode: 238 score: 207.8 100 games avg: 207.8 steps 92 
INFO : 2021-01-19 21:32:50,402 : episode: 239 score: 201.2 100 games avg: 201.2 steps 95 
INFO : 2021-01-19 21:32:51,858 : episode: 240 score: 81.1 100 games avg: 81.1 steps 48 
INFO : 2021-01-19 21:32:54,531 : episode: 241 score: 212.2 100 games avg: 212.2 steps 99 
INFO : 2021-01-19 21:32:56,633 : episode: 242 score: 210.5 100 games avg: 210.5 steps 92 
INFO : 2021-01-19 21:32:59,200 : episode: 243 score: 212.3 100 games avg: 212.3 steps 93 
INFO : 2021-01-19 21:33:01,945 : episode: 244 score: 206.8 100 games avg: 206.8 steps 97 
INFO : 2021-01-19 21:33:04,600 : episode: 245 score: 182.8 100 games avg: 182.8 steps 88 
INFO : 2021-01-19 21:33:07,058 : episode: 246 score: 204.3 100 games avg: 204.3 steps 91 
INFO : 2021-01-19 21:33:09,364 : episode: 247 score: 198.5 100 games avg: 198.5 steps 88 
INFO : 2021-01-19 21:33:10,769 : episode: 248 score: 197.7 100 games avg: 197.7 steps 88 
INFO : 2021-01-19 21:33:12,056 : episode: 249 score: 197.5 100 games avg: 197.5 steps 91 
INFO : 2021-01-19 21:33:14,342 : episode: 250 score: 200.1 100 games avg: 200.1 steps 97 
INFO : 2021-01-19 21:33:17,209 : episode: 251 score: 196.8 100 games avg: 196.8 steps 93 
INFO : 2021-01-19 21:33:20,303 : episode: 252 score: 208.5 100 games avg: 208.5 steps 98 
INFO : 2021-01-19 21:33:22,318 : episode: 253 score: 191.1 100 games avg: 191.1 steps 87 
INFO : 2021-01-19 21:33:24,390 : episode: 254 score: 201.8 100 games avg: 201.8 steps 94 
INFO : 2021-01-19 21:33:27,067 : episode: 255 score: 201.7 100 games avg: 201.7 steps 94 
INFO : 2021-01-19 21:33:29,502 : episode: 256 score: 169.8 100 games avg: 169.8 steps 91 
INFO : 2021-01-19 21:33:32,796 : episode: 257 score: 226.0 100 games avg: 226.0 steps 100 
INFO : 2021-01-19 21:33:35,090 : episode: 258 score: 181.4 100 games avg: 181.4 steps 85 
INFO : 2021-01-19 21:33:37,376 : episode: 259 score: 231.7 100 games avg: 231.7 steps 103 
INFO : 2021-01-19 21:33:39,221 : episode: 260 score: 193.7 100 games avg: 193.7 steps 92 
INFO : 2021-01-19 21:33:40,462 : episode: 261 score: 199.8 100 games avg: 199.8 steps 88 
INFO : 2021-01-19 21:33:41,720 : episode: 262 score: 204.3 100 games avg: 204.3 steps 89 
INFO : 2021-01-19 21:33:43,229 : episode: 263 score: 248.9 100 games avg: 248.9 steps 104 
INFO : 2021-01-19 21:33:44,610 : episode: 264 score: 200.9 100 games avg: 200.9 steps 95 
INFO : 2021-01-19 21:33:46,033 : episode: 265 score: 206.4 100 games avg: 206.4 steps 98 
INFO : 2021-01-19 21:33:47,542 : episode: 266 score: 177.7 100 games avg: 177.7 steps 84 
INFO : 2021-01-19 21:33:50,739 : episode: 267 score: 258.3 100 games avg: 258.3 steps 106 
INFO : 2021-01-19 21:33:53,397 : episode: 268 score: 204.9 100 games avg: 204.9 steps 90 
INFO : 2021-01-19 21:33:56,242 : episode: 269 score: 233.1 100 games avg: 233.1 steps 95 
INFO : 2021-01-19 21:33:59,027 : episode: 270 score: 194.8 100 games avg: 194.8 steps 93 
INFO : 2021-01-19 21:34:01,734 : episode: 271 score: 211.0 100 games avg: 211.0 steps 90 
INFO : 2021-01-19 21:34:04,283 : episode: 272 score: 218.2 100 games avg: 218.2 steps 90 
INFO : 2021-01-19 21:34:06,353 : episode: 273 score: 233.4 100 games avg: 233.4 steps 95 
INFO : 2021-01-19 21:34:07,940 : episode: 274 score: 212.3 100 games avg: 212.3 steps 89 
INFO : 2021-01-19 21:34:09,480 : episode: 275 score: 262.9 100 games avg: 262.9 steps 107 
INFO : 2021-01-19 21:34:10,732 : episode: 276 score: 207.6 100 games avg: 207.6 steps 89 
INFO : 2021-01-19 21:34:13,041 : episode: 277 score: 214.9 100 games avg: 214.9 steps 90 
INFO : 2021-01-19 21:34:15,500 : episode: 278 score: 233.7 100 games avg: 233.7 steps 98 
INFO : 2021-01-19 21:34:16,861 : episode: 279 score: 238.8 100 games avg: 238.8 steps 97 
INFO : 2021-01-19 21:34:18,227 : episode: 280 score: 227.3 100 games avg: 227.3 steps 92 
INFO : 2021-01-19 21:34:20,328 : episode: 281 score: 223.7 100 games avg: 223.7 steps 94 
INFO : 2021-01-19 21:34:21,596 : episode: 282 score: 210.9 100 games avg: 210.9 steps 89 
INFO : 2021-01-19 21:34:23,047 : episode: 283 score: 223.9 100 games avg: 223.9 steps 103 
INFO : 2021-01-19 21:34:24,475 : episode: 284 score: 192.1 100 games avg: 192.1 steps 101 
INFO : 2021-01-19 21:34:25,843 : episode: 285 score: 240.1 100 games avg: 240.1 steps 96 
INFO : 2021-01-19 21:34:27,026 : episode: 286 score: 155.0 100 games avg: 155.0 steps 84 
INFO : 2021-01-19 21:34:28,294 : episode: 287 score: 169.2 100 games avg: 169.2 steps 90 
INFO : 2021-01-19 21:34:29,459 : episode: 288 score: 155.1 100 games avg: 155.1 steps 83 
INFO : 2021-01-19 21:34:30,693 : episode: 289 score: 168.1 100 games avg: 168.1 steps 88 
INFO : 2021-01-19 21:34:32,067 : episode: 290 score: 244.3 100 games avg: 244.3 steps 98 
INFO : 2021-01-19 21:34:33,435 : episode: 291 score: 182.4 100 games avg: 182.4 steps 97 
INFO : 2021-01-19 21:34:34,839 : episode: 292 score: 227.1 100 games avg: 227.1 steps 100 
INFO : 2021-01-19 21:34:36,173 : episode: 293 score: 235.7 100 games avg: 235.7 steps 95 
INFO : 2021-01-19 21:34:36,891 : episode: 294 score: 90.1 100 games avg: 90.1 steps 51 
INFO : 2021-01-19 21:34:38,492 : episode: 295 score: 265.2 100 games avg: 265.2 steps 114 
INFO : 2021-01-19 21:34:39,156 : episode: 296 score: 80.3 100 games avg: 80.3 steps 47 
INFO : 2021-01-19 21:34:40,583 : episode: 297 score: 239.3 100 games avg: 239.3 steps 101 
INFO : 2021-01-19 21:34:41,944 : episode: 298 score: 184.2 100 games avg: 184.2 steps 97 
INFO : 2021-01-19 21:34:43,535 : episode: 299 score: 269.1 100 games avg: 269.1 steps 113 
INFO : 2021-01-19 21:34:44,961 : episode: 300 score: 234.3 100 games avg: 234.3 steps 101 
INFO : 2021-01-19 21:34:46,448 : episode: 301 score: 252.4 100 games avg: 252.4 steps 106 
INFO : 2021-01-19 21:34:47,579 : episode: 302 score: 171.1 100 games avg: 171.1 steps 80 
INFO : 2021-01-19 21:34:49,960 : episode: 303 score: 241.5 100 games avg: 241.5 steps 105 
INFO : 2021-01-19 21:34:51,520 : episode: 304 score: 285.5 100 games avg: 285.5 steps 109 
INFO : 2021-01-19 21:34:53,145 : episode: 305 score: 270.6 100 games avg: 270.6 steps 114 
INFO : 2021-01-19 21:34:54,734 : episode: 306 score: 293.2 100 games avg: 293.2 steps 113 
INFO : 2021-01-19 21:34:56,302 : episode: 307 score: 296.3 100 games avg: 296.3 steps 112 
INFO : 2021-01-19 21:34:57,834 : episode: 308 score: 286.4 100 games avg: 286.4 steps 109 
INFO : 2021-01-19 21:34:59,395 : episode: 309 score: 275.5 100 games avg: 275.5 steps 109 
INFO : 2021-01-19 21:35:00,940 : episode: 310 score: 261.0 100 games avg: 261.0 steps 108 
INFO : 2021-01-19 21:35:02,451 : episode: 311 score: 262.3 100 games avg: 262.3 steps 107 
INFO : 2021-01-19 21:35:03,773 : episode: 312 score: 223.9 100 games avg: 223.9 steps 94 
INFO : 2021-01-19 21:35:05,122 : episode: 313 score: 214.5 100 games avg: 214.5 steps 96 
INFO : 2021-01-19 21:35:06,439 : episode: 314 score: 210.2 100 games avg: 210.2 steps 94 
INFO : 2021-01-19 21:35:09,156 : episode: 315 score: 276.3 100 games avg: 276.3 steps 116 
INFO : 2021-01-19 21:35:12,395 : episode: 316 score: 309.9 100 games avg: 309.9 steps 115 
INFO : 2021-01-19 21:35:15,469 : episode: 317 score: 287.5 100 games avg: 287.5 steps 110 
INFO : 2021-01-19 21:35:19,351 : episode: 318 score: 273.3 100 games avg: 273.3 steps 117 
INFO : 2021-01-19 21:35:21,500 : episode: 319 score: 288.5 100 games avg: 288.5 steps 120 
INFO : 2021-01-19 21:35:24,042 : episode: 320 score: 274.1 100 games avg: 274.1 steps 104 
INFO : 2021-01-19 21:35:25,891 : episode: 321 score: 270.9 100 games avg: 270.9 steps 104 
INFO : 2021-01-19 21:35:27,856 : episode: 322 score: 297.5 100 games avg: 297.5 steps 110 
INFO : 2021-01-19 21:35:29,599 : episode: 323 score: 233.2 100 games avg: 233.2 steps 98 
INFO : 2021-01-19 21:35:31,608 : episode: 324 score: 283.4 100 games avg: 283.4 steps 113 
INFO : 2021-01-19 21:35:33,518 : episode: 325 score: 281.2 100 games avg: 281.2 steps 107 
INFO : 2021-01-19 21:35:35,713 : episode: 326 score: 281.9 100 games avg: 281.9 steps 123 
INFO : 2021-01-19 21:35:37,621 : episode: 327 score: 275.9 100 games avg: 275.9 steps 107 
INFO : 2021-01-19 21:35:39,427 : episode: 328 score: 257.4 100 games avg: 257.4 steps 101 
INFO : 2021-01-19 21:35:41,952 : episode: 329 score: 271.3 100 games avg: 271.3 steps 103 
INFO : 2021-01-19 21:35:45,471 : episode: 330 score: 290.0 100 games avg: 290.0 steps 118 
INFO : 2021-01-19 21:35:48,807 : episode: 331 score: 281.2 100 games avg: 281.2 steps 112 
INFO : 2021-01-19 21:35:52,410 : episode: 332 score: 315.7 100 games avg: 315.7 steps 121 
INFO : 2021-01-19 21:35:56,045 : episode: 333 score: 334.4 100 games avg: 334.4 steps 119 
INFO : 2021-01-19 21:35:59,794 : episode: 334 score: 321.0 100 games avg: 321.0 steps 125 
INFO : 2021-01-19 21:36:02,037 : episode: 335 score: 161.4 100 games avg: 161.4 steps 81 
INFO : 2021-01-19 21:36:04,943 : episode: 336 score: 271.7 100 games avg: 271.7 steps 102 
INFO : 2021-01-19 21:36:08,220 : episode: 337 score: 320.0 100 games avg: 320.0 steps 116 
INFO : 2021-01-19 21:36:11,247 : episode: 338 score: 265.3 100 games avg: 265.3 steps 103 
INFO : 2021-01-19 21:36:14,785 : episode: 339 score: 321.8 100 games avg: 321.8 steps 117 
INFO : 2021-01-19 21:36:18,084 : episode: 340 score: 345.0 100 games avg: 345.0 steps 124 
INFO : 2021-01-19 21:36:20,298 : episode: 341 score: 250.1 100 games avg: 250.1 steps 99 
INFO : 2021-01-19 21:36:22,714 : episode: 342 score: 188.3 100 games avg: 188.3 steps 83 
INFO : 2021-01-19 21:36:24,950 : episode: 343 score: 180.6 100 games avg: 180.6 steps 80 
INFO : 2021-01-19 21:36:27,212 : episode: 344 score: 297.0 100 games avg: 297.0 steps 115 
INFO : 2021-01-19 21:36:28,335 : episode: 345 score: 181.1 100 games avg: 181.1 steps 80 
INFO : 2021-01-19 21:36:29,463 : episode: 346 score: 179.6 100 games avg: 179.6 steps 80 
INFO : 2021-01-19 21:36:30,585 : episode: 347 score: 182.3 100 games avg: 182.3 steps 80 
INFO : 2021-01-19 21:36:32,137 : episode: 348 score: 307.6 100 games avg: 307.6 steps 110 
INFO : 2021-01-19 21:36:33,788 : episode: 349 score: 320.5 100 games avg: 320.5 steps 117 
INFO : 2021-01-19 21:36:35,269 : episode: 350 score: 247.1 100 games avg: 247.1 steps 103 
INFO : 2021-01-19 21:36:36,413 : episode: 351 score: 178.0 100 games avg: 178.0 steps 79 
INFO : 2021-01-19 21:36:37,582 : episode: 352 score: 178.4 100 games avg: 178.4 steps 80 
INFO : 2021-01-19 21:36:39,421 : episode: 353 score: 347.9 100 games avg: 347.9 steps 125 
INFO : 2021-01-19 21:36:41,146 : episode: 354 score: 307.1 100 games avg: 307.1 steps 118 
INFO : 2021-01-19 21:36:42,364 : episode: 355 score: 178.2 100 games avg: 178.2 steps 79 
INFO : 2021-01-19 21:36:46,069 : episode: 356 score: 318.2 100 games avg: 318.2 steps 121 
INFO : 2021-01-19 21:36:48,644 : episode: 357 score: 263.5 100 games avg: 263.5 steps 99 
INFO : 2021-01-19 21:36:52,420 : episode: 358 score: 353.4 100 games avg: 353.4 steps 126 
INFO : 2021-01-19 21:36:55,096 : episode: 359 score: 308.0 100 games avg: 308.0 steps 118 
INFO : 2021-01-19 21:36:56,439 : episode: 360 score: 246.2 100 games avg: 246.2 steps 95 
INFO : 2021-01-19 21:36:58,182 : episode: 361 score: 184.2 100 games avg: 184.2 steps 81 
INFO : 2021-01-19 21:37:01,473 : episode: 362 score: 315.8 100 games avg: 315.8 steps 119 
INFO : 2021-01-19 21:37:03,971 : episode: 363 score: 327.7 100 games avg: 327.7 steps 118 
INFO : 2021-01-19 21:37:06,524 : episode: 364 score: 328.3 100 games avg: 328.3 steps 118 
INFO : 2021-01-19 21:37:09,552 : episode: 365 score: 319.8 100 games avg: 319.8 steps 120 
INFO : 2021-01-19 21:37:11,400 : episode: 366 score: 326.7 100 games avg: 326.7 steps 122 
INFO : 2021-01-19 21:37:13,161 : episode: 367 score: 326.9 100 games avg: 326.9 steps 125 
INFO : 2021-01-19 21:37:14,778 : episode: 368 score: 329.7 100 games avg: 329.7 steps 115 
INFO : 2021-01-19 21:37:16,351 : episode: 369 score: 285.4 100 games avg: 285.4 steps 112 
INFO : 2021-01-19 21:37:18,083 : episode: 370 score: 323.7 100 games avg: 323.7 steps 123 
INFO : 2021-01-19 21:37:19,827 : episode: 371 score: 326.2 100 games avg: 326.2 steps 124 
INFO : 2021-01-19 21:37:21,587 : episode: 372 score: 346.1 100 games avg: 346.1 steps 123 
INFO : 2021-01-19 21:37:23,313 : episode: 373 score: 338.0 100 games avg: 338.0 steps 120 
INFO : 2021-01-19 21:37:24,868 : episode: 374 score: 266.2 100 games avg: 266.2 steps 107 
INFO : 2021-01-19 21:37:26,541 : episode: 375 score: 326.5 100 games avg: 326.5 steps 115 
INFO : 2021-01-19 21:37:28,283 : episode: 376 score: 340.4 100 games avg: 340.4 steps 120 
INFO : 2021-01-19 21:37:30,244 : episode: 377 score: 376.9 100 games avg: 376.9 steps 135 
INFO : 2021-01-19 21:37:31,959 : episode: 378 score: 309.8 100 games avg: 309.8 steps 118 
INFO : 2021-01-19 21:37:33,834 : episode: 379 score: 367.5 100 games avg: 367.5 steps 129 
INFO : 2021-01-19 21:37:35,595 : episode: 380 score: 353.9 100 games avg: 353.9 steps 121 
INFO : 2021-01-19 21:37:37,515 : episode: 381 score: 377.0 100 games avg: 377.0 steps 132 
INFO : 2021-01-19 21:37:39,244 : episode: 382 score: 313.0 100 games avg: 313.0 steps 119 
INFO : 2021-01-19 21:37:41,223 : episode: 383 score: 381.1 100 games avg: 381.1 steps 136 
INFO : 2021-01-19 21:37:42,751 : episode: 384 score: 258.9 100 games avg: 258.9 steps 105 
INFO : 2021-01-19 21:37:44,730 : episode: 385 score: 366.4 100 games avg: 366.4 steps 136 
INFO : 2021-01-19 21:37:45,836 : episode: 386 score: 145.3 100 games avg: 145.3 steps 76 
INFO : 2021-01-19 21:37:47,726 : episode: 387 score: 362.4 100 games avg: 362.4 steps 130 
INFO : 2021-01-19 21:37:49,442 : episode: 388 score: 304.2 100 games avg: 304.2 steps 118 
INFO : 2021-01-19 21:37:51,994 : episode: 389 score: 358.3 100 games avg: 358.3 steps 127 
INFO : 2021-01-19 21:37:54,163 : episode: 390 score: 293.7 100 games avg: 293.7 steps 114 
INFO : 2021-01-19 21:37:56,173 : episode: 391 score: 283.2 100 games avg: 283.2 steps 113 
INFO : 2021-01-19 21:37:58,385 : episode: 392 score: 324.1 100 games avg: 324.1 steps 123 
INFO : 2021-01-19 21:37:59,797 : episode: 393 score: 152.0 100 games avg: 152.0 steps 79 
INFO : 2021-01-19 21:38:03,199 : episode: 394 score: 298.4 100 games avg: 298.4 steps 116 
INFO : 2021-01-19 21:38:06,564 : episode: 395 score: 312.2 100 games avg: 312.2 steps 122 
INFO : 2021-01-19 21:38:09,034 : episode: 396 score: 308.0 100 games avg: 308.0 steps 119 
INFO : 2021-01-19 21:38:12,696 : episode: 397 score: 312.9 100 games avg: 312.9 steps 120 
INFO : 2021-01-19 21:38:15,724 : episode: 398 score: 281.7 100 games avg: 281.7 steps 111 
INFO : 2021-01-19 21:38:18,885 : episode: 399 score: 304.0 100 games avg: 304.0 steps 119 
INFO : 2021-01-19 21:38:21,043 : episode: 400 score: 309.7 100 games avg: 309.7 steps 119 
INFO : 2021-01-19 21:38:22,707 : episode: 401 score: 287.6 100 games avg: 287.6 steps 118 
INFO : 2021-01-19 21:38:24,402 : episode: 402 score: 311.7 100 games avg: 311.7 steps 121 
INFO : 2021-01-19 21:38:26,050 : episode: 403 score: 302.0 100 games avg: 302.0 steps 118 
INFO : 2021-01-19 21:38:27,938 : episode: 404 score: 365.5 100 games avg: 365.5 steps 135 
INFO : 2021-01-19 21:38:29,612 : episode: 405 score: 303.0 100 games avg: 303.0 steps 119 
INFO : 2021-01-19 21:38:31,157 : episode: 406 score: 270.8 100 games avg: 270.8 steps 110 
INFO : 2021-01-19 21:38:32,958 : episode: 407 score: 336.1 100 games avg: 336.1 steps 128 
INFO : 2021-01-19 21:38:34,683 : episode: 408 score: 299.7 100 games avg: 299.7 steps 122 
INFO : 2021-01-19 21:38:36,445 : episode: 409 score: 323.5 100 games avg: 323.5 steps 125 
INFO : 2021-01-19 21:38:38,050 : episode: 410 score: 281.7 100 games avg: 281.7 steps 114 
INFO : 2021-01-19 21:38:39,749 : episode: 411 score: 292.5 100 games avg: 292.5 steps 121 
INFO : 2021-01-19 21:38:41,476 : episode: 412 score: 320.7 100 games avg: 320.7 steps 123 
INFO : 2021-01-19 21:38:43,107 : episode: 413 score: 287.4 100 games avg: 287.4 steps 116 
INFO : 2021-01-19 21:38:46,744 : episode: 414 score: 332.1 100 games avg: 332.1 steps 129 
INFO : 2021-01-19 21:38:49,925 : episode: 415 score: 319.4 100 games avg: 319.4 steps 123 
INFO : 2021-01-19 21:38:52,075 : episode: 416 score: 316.7 100 games avg: 316.7 steps 123 
INFO : 2021-01-19 21:38:54,724 : episode: 417 score: 352.4 100 games avg: 352.4 steps 132 
INFO : 2021-01-19 21:38:57,948 : episode: 418 score: 304.0 100 games avg: 304.0 steps 121 
INFO : 2021-01-19 21:39:00,206 : episode: 419 score: 148.4 100 games avg: 148.4 steps 78 
INFO : 2021-01-19 21:39:02,915 : episode: 420 score: 281.4 100 games avg: 281.4 steps 113 
INFO : 2021-01-19 21:39:04,879 : episode: 421 score: 354.7 100 games avg: 354.7 steps 135 
INFO : 2021-01-19 21:39:06,520 : episode: 422 score: 322.7 100 games avg: 322.7 steps 113 
INFO : 2021-01-19 21:39:08,309 : episode: 423 score: 311.1 100 games avg: 311.1 steps 123 
INFO : 2021-01-19 21:39:11,035 : episode: 424 score: 340.1 100 games avg: 340.1 steps 122 
INFO : 2021-01-19 21:39:14,398 : episode: 425 score: 333.8 100 games avg: 333.8 steps 127 
INFO : 2021-01-19 21:39:17,770 : episode: 426 score: 367.4 100 games avg: 367.4 steps 136 
INFO : 2021-01-19 21:39:21,215 : episode: 427 score: 354.8 100 games avg: 354.8 steps 129 
INFO : 2021-01-19 21:39:23,523 : episode: 428 score: 345.0 100 games avg: 345.0 steps 131 
INFO : 2021-01-19 21:39:26,725 : episode: 429 score: 367.8 100 games avg: 367.8 steps 136 
INFO : 2021-01-19 21:39:30,332 : episode: 430 score: 319.0 100 games avg: 319.0 steps 123 
INFO : 2021-01-19 21:39:34,184 : episode: 431 score: 357.0 100 games avg: 357.0 steps 131 
INFO : 2021-01-19 21:39:38,545 : episode: 432 score: 354.3 100 games avg: 354.3 steps 132 
INFO : 2021-01-19 21:39:41,055 : episode: 433 score: 332.6 100 games avg: 332.6 steps 126 
INFO : 2021-01-19 21:39:43,000 : episode: 434 score: 350.6 100 games avg: 350.6 steps 133 
INFO : 2021-01-19 21:39:44,845 : episode: 435 score: 331.6 100 games avg: 331.6 steps 126 
INFO : 2021-01-19 21:39:46,791 : episode: 436 score: 371.0 100 games avg: 371.0 steps 133 
INFO : 2021-01-19 21:39:48,708 : episode: 437 score: 351.9 100 games avg: 351.9 steps 131 
INFO : 2021-01-19 21:39:50,568 : episode: 438 score: 332.7 100 games avg: 332.7 steps 127 
INFO : 2021-01-19 21:39:52,441 : episode: 439 score: 339.9 100 games avg: 339.9 steps 128 
INFO : 2021-01-19 21:39:54,300 : episode: 440 score: 337.7 100 games avg: 337.7 steps 127 
INFO : 2021-01-19 21:39:55,970 : episode: 441 score: 329.1 100 games avg: 329.1 steps 118 
INFO : 2021-01-19 21:39:57,846 : episode: 442 score: 363.7 100 games avg: 363.7 steps 134 
INFO : 2021-01-19 21:39:59,510 : episode: 443 score: 340.7 100 games avg: 340.7 steps 119 
INFO : 2021-01-19 21:40:01,310 : episode: 444 score: 368.3 100 games avg: 368.3 steps 129 
INFO : 2021-01-19 21:40:03,131 : episode: 445 score: 350.6 100 games avg: 350.6 steps 130 
INFO : 2021-01-19 21:40:04,968 : episode: 446 score: 348.1 100 games avg: 348.1 steps 130 
INFO : 2021-01-19 21:40:06,748 : episode: 447 score: 346.2 100 games avg: 346.2 steps 124 
INFO : 2021-01-19 21:40:08,463 : episode: 448 score: 340.5 100 games avg: 340.5 steps 119 
INFO : 2021-01-19 21:40:10,326 : episode: 449 score: 370.8 100 games avg: 370.8 steps 129 
INFO : 2021-01-19 21:40:12,233 : episode: 450 score: 375.0 100 games avg: 375.0 steps 132 
INFO : 2021-01-19 21:40:14,062 : episode: 451 score: 360.1 100 games avg: 360.1 steps 126 
INFO : 2021-01-19 21:40:15,915 : episode: 452 score: 366.8 100 games avg: 366.8 steps 127 
INFO : 2021-01-19 21:40:17,844 : episode: 453 score: 350.3 100 games avg: 350.3 steps 132 
INFO : 2021-01-19 21:40:19,643 : episode: 454 score: 348.9 100 games avg: 348.9 steps 123 
INFO : 2021-01-19 21:40:21,539 : episode: 455 score: 344.3 100 games avg: 344.3 steps 130 
INFO : 2021-01-19 21:40:23,421 : episode: 456 score: 358.3 100 games avg: 358.3 steps 129 
INFO : 2021-01-19 21:40:25,350 : episode: 457 score: 355.7 100 games avg: 355.7 steps 132 
INFO : 2021-01-19 21:40:27,178 : episode: 458 score: 351.5 100 games avg: 351.5 steps 127 
INFO : 2021-01-19 21:40:29,041 : episode: 459 score: 353.7 100 games avg: 353.7 steps 134 
INFO : 2021-01-19 21:40:30,927 : episode: 460 score: 362.3 100 games avg: 362.3 steps 135 
INFO : 2021-01-19 21:40:32,796 : episode: 461 score: 355.6 100 games avg: 355.6 steps 134 
INFO : 2021-01-19 21:40:34,725 : episode: 462 score: 350.0 100 games avg: 350.0 steps 134 
INFO : 2021-01-19 21:40:36,660 : episode: 463 score: 344.6 100 games avg: 344.6 steps 133 
INFO : 2021-01-19 21:40:38,576 : episode: 464 score: 349.4 100 games avg: 349.4 steps 132 
INFO : 2021-01-19 21:40:40,479 : episode: 465 score: 361.1 100 games avg: 361.1 steps 131 
INFO : 2021-01-19 21:40:42,471 : episode: 466 score: 371.2 100 games avg: 371.2 steps 137 
INFO : 2021-01-19 21:40:44,405 : episode: 467 score: 354.3 100 games avg: 354.3 steps 133 
INFO : 2021-01-19 21:40:46,325 : episode: 468 score: 366.5 100 games avg: 366.5 steps 132 
INFO : 2021-01-19 21:40:47,618 : episode: 469 score: 173.5 100 games avg: 173.5 steps 89 
INFO : 2021-01-19 21:40:49,506 : episode: 470 score: 343.0 100 games avg: 343.0 steps 130 
INFO : 2021-01-19 21:40:51,481 : episode: 471 score: 354.1 100 games avg: 354.1 steps 136 
INFO : 2021-01-19 21:40:53,447 : episode: 472 score: 350.0 100 games avg: 350.0 steps 135 
INFO : 2021-01-19 21:40:55,350 : episode: 473 score: 354.8 100 games avg: 354.8 steps 131 
INFO : 2021-01-19 21:40:57,238 : episode: 474 score: 344.4 100 games avg: 344.4 steps 130 
INFO : 2021-01-19 21:40:59,187 : episode: 475 score: 347.2 100 games avg: 347.2 steps 134 
INFO : 2021-01-19 21:41:02,874 : episode: 476 score: 359.8 100 games avg: 359.8 steps 134 
INFO : 2021-01-19 21:41:06,659 : episode: 477 score: 360.2 100 games avg: 360.2 steps 136 
INFO : 2021-01-19 21:41:10,514 : episode: 478 score: 353.0 100 games avg: 353.0 steps 130 
INFO : 2021-01-19 21:41:14,186 : episode: 479 score: 357.7 100 games avg: 357.7 steps 131 
INFO : 2021-01-19 21:41:16,809 : episode: 480 score: 339.3 100 games avg: 339.3 steps 128 
INFO : 2021-01-19 21:41:20,050 : episode: 481 score: 345.6 100 games avg: 345.6 steps 136 
INFO : 2021-01-19 21:41:23,660 : episode: 482 score: 349.5 100 games avg: 349.5 steps 130 
INFO : 2021-01-19 21:41:27,914 : episode: 483 score: 359.5 100 games avg: 359.5 steps 137 
INFO : 2021-01-19 21:41:31,905 : episode: 484 score: 354.5 100 games avg: 354.5 steps 129 
INFO : 2021-01-19 21:41:35,231 : episode: 485 score: 341.8 100 games avg: 341.8 steps 130 
INFO : 2021-01-19 21:41:38,975 : episode: 486 score: 361.6 100 games avg: 361.6 steps 129 
INFO : 2021-01-19 21:41:41,983 : episode: 487 score: 353.4 100 games avg: 353.4 steps 129 
INFO : 2021-01-19 21:41:43,905 : episode: 488 score: 352.1 100 games avg: 352.1 steps 133 
INFO : 2021-01-19 21:41:45,796 : episode: 489 score: 352.6 100 games avg: 352.6 steps 131 
INFO : 2021-01-19 21:41:47,702 : episode: 490 score: 351.0 100 games avg: 351.0 steps 132 
INFO : 2021-01-19 21:41:49,578 : episode: 491 score: 355.6 100 games avg: 355.6 steps 130 
INFO : 2021-01-19 21:41:51,424 : episode: 492 score: 348.0 100 games avg: 348.0 steps 128 
INFO : 2021-01-19 21:41:53,398 : episode: 493 score: 366.8 100 games avg: 366.8 steps 137 
INFO : 2021-01-19 21:41:55,213 : episode: 494 score: 356.4 100 games avg: 356.4 steps 129 
INFO : 2021-01-19 21:41:56,983 : episode: 495 score: 360.4 100 games avg: 360.4 steps 126 
INFO : 2021-01-19 21:41:59,396 : episode: 496 score: 347.5 100 games avg: 347.5 steps 132 
INFO : 2021-01-19 21:42:01,259 : episode: 497 score: 354.2 100 games avg: 354.2 steps 131 
INFO : 2021-01-19 21:42:03,885 : episode: 498 score: 337.7 100 games avg: 337.7 steps 128 
INFO : 2021-01-19 21:42:07,946 : episode: 499 score: 368.9 100 games avg: 368.9 steps 131 
INFO : 2021-01-19 21:42:11,728 : episode: 500 score: 363.6 100 games avg: 363.6 steps 133 
INFO : 2021-01-19 21:42:13,799 : episode: 501 score: 335.8 100 games avg: 335.8 steps 128 
INFO : 2021-01-19 21:42:17,366 : episode: 502 score: 352.0 100 games avg: 352.0 steps 130 
INFO : 2021-01-19 21:42:19,933 : episode: 503 score: 325.9 100 games avg: 325.9 steps 127 
INFO : 2021-01-19 21:42:23,459 : episode: 504 score: 337.6 100 games avg: 337.6 steps 122 
INFO : 2021-01-19 21:42:27,248 : episode: 505 score: 367.7 100 games avg: 367.7 steps 128 
INFO : 2021-01-19 21:42:31,066 : episode: 506 score: 340.7 100 games avg: 340.7 steps 129 
INFO : 2021-01-19 21:42:35,192 : episode: 507 score: 360.3 100 games avg: 360.3 steps 129 
INFO : 2021-01-19 21:42:39,285 : episode: 508 score: 335.4 100 games avg: 335.4 steps 128 
INFO : 2021-01-19 21:42:41,175 : episode: 509 score: 376.6 100 games avg: 376.6 steps 135 
INFO : 2021-01-19 21:42:42,974 : episode: 510 score: 362.2 100 games avg: 362.2 steps 129 
INFO : 2021-01-19 21:42:44,175 : episode: 511 score: 175.8 100 games avg: 175.8 steps 86 
INFO : 2021-01-19 21:42:45,992 : episode: 512 score: 297.3 100 games avg: 297.3 steps 130 
INFO : 2021-01-19 21:42:47,559 : episode: 513 score: 277.3 100 games avg: 277.3 steps 112 
INFO : 2021-01-19 21:42:49,937 : episode: 514 score: 281.4 100 games avg: 281.4 steps 112 
INFO : 2021-01-19 21:42:51,302 : episode: 515 score: 151.0 100 games avg: 151.0 steps 78 
INFO : 2021-01-19 21:42:53,417 : episode: 516 score: 327.2 100 games avg: 327.2 steps 121 
INFO : 2021-01-19 21:42:55,546 : episode: 517 score: 297.3 100 games avg: 297.3 steps 116 
INFO : 2021-01-19 21:42:56,753 : episode: 518 score: 179.3 100 games avg: 179.3 steps 86 
INFO : 2021-01-19 21:42:58,585 : episode: 519 score: 348.6 100 games avg: 348.6 steps 130 
INFO : 2021-01-19 21:43:00,391 : episode: 520 score: 344.5 100 games avg: 344.5 steps 128 
INFO : 2021-01-19 21:43:01,488 : episode: 521 score: 148.8 100 games avg: 148.8 steps 78 
INFO : 2021-01-19 21:43:03,299 : episode: 522 score: 349.6 100 games avg: 349.6 steps 129 
INFO : 2021-01-19 21:43:05,278 : episode: 523 score: 302.7 100 games avg: 302.7 steps 112 
INFO : 2021-01-19 21:43:09,260 : episode: 524 score: 344.1 100 games avg: 344.1 steps 131 
INFO : 2021-01-19 21:43:10,544 : episode: 525 score: 147.1 100 games avg: 147.1 steps 77 
INFO : 2021-01-19 21:43:12,377 : episode: 526 score: 345.4 100 games avg: 345.4 steps 128 
INFO : 2021-01-19 21:43:14,268 : episode: 527 score: 342.1 100 games avg: 342.1 steps 129 
INFO : 2021-01-19 21:43:16,173 : episode: 528 score: 346.0 100 games avg: 346.0 steps 130 
INFO : 2021-01-19 21:43:17,988 : episode: 529 score: 328.2 100 games avg: 328.2 steps 124 
INFO : 2021-01-19 21:43:19,571 : episode: 530 score: 265.6 100 games avg: 265.6 steps 108 
INFO : 2021-01-19 21:43:21,506 : episode: 531 score: 357.9 100 games avg: 357.9 steps 132 
INFO : 2021-01-19 21:43:23,118 : episode: 532 score: 270.7 100 games avg: 270.7 steps 110 
INFO : 2021-01-19 21:43:24,642 : episode: 533 score: 251.2 100 games avg: 251.2 steps 104 
INFO : 2021-01-19 21:43:26,181 : episode: 534 score: 253.8 100 games avg: 253.8 steps 105 
INFO : 2021-01-19 21:43:26,990 : episode: 535 score: 95.8 100 games avg: 95.8 steps 55 
INFO : 2021-01-19 21:43:28,630 : episode: 536 score: 271.3 100 games avg: 271.3 steps 112 
INFO : 2021-01-19 21:43:30,459 : episode: 537 score: 337.1 100 games avg: 337.1 steps 125 
INFO : 2021-01-19 21:43:32,097 : episode: 538 score: 272.8 100 games avg: 272.8 steps 112 
INFO : 2021-01-19 21:43:33,589 : episode: 539 score: 244.0 100 games avg: 244.0 steps 102 
INFO : 2021-01-19 21:43:37,336 : episode: 540 score: 347.7 100 games avg: 347.7 steps 125 
INFO : 2021-01-19 21:43:40,455 : episode: 541 score: 256.2 100 games avg: 256.2 steps 106 
INFO : 2021-01-19 21:43:43,305 : episode: 542 score: 264.8 100 games avg: 264.8 steps 106 
INFO : 2021-01-19 21:43:46,431 : episode: 543 score: 350.6 100 games avg: 350.6 steps 125 
INFO : 2021-01-19 21:43:49,473 : episode: 544 score: 351.4 100 games avg: 351.4 steps 124 
INFO : 2021-01-19 21:43:52,524 : episode: 545 score: 362.3 100 games avg: 362.3 steps 129 
INFO : 2021-01-19 21:43:55,786 : episode: 546 score: 362.2 100 games avg: 362.2 steps 132 
INFO : 2021-01-19 21:43:57,445 : episode: 547 score: 310.3 100 games avg: 310.3 steps 117 
INFO : 2021-01-19 21:43:59,223 : episode: 548 score: 338.3 100 games avg: 338.3 steps 126 
INFO : 2021-01-19 21:44:01,117 : episode: 549 score: 365.2 100 games avg: 365.2 steps 135 
INFO : 2021-01-19 21:44:03,016 : episode: 550 score: 372.8 100 games avg: 372.8 steps 135 
INFO : 2021-01-19 21:44:04,493 : episode: 551 score: 253.1 100 games avg: 253.1 steps 105 
INFO : 2021-01-19 21:44:06,045 : episode: 552 score: 275.5 100 games avg: 275.5 steps 110 
INFO : 2021-01-19 21:44:07,714 : episode: 553 score: 341.5 100 games avg: 341.5 steps 119 
INFO : 2021-01-19 21:44:09,217 : episode: 554 score: 258.6 100 games avg: 258.6 steps 107 
INFO : 2021-01-19 21:44:10,893 : episode: 555 score: 344.7 100 games avg: 344.7 steps 119 
INFO : 2021-01-19 21:44:12,413 : episode: 556 score: 260.9 100 games avg: 260.9 steps 108 
INFO : 2021-01-19 21:44:14,185 : episode: 557 score: 348.9 100 games avg: 348.9 steps 126 
INFO : 2021-01-19 21:44:15,987 : episode: 558 score: 355.4 100 games avg: 355.4 steps 127 
INFO : 2021-01-19 21:44:17,556 : episode: 559 score: 272.0 100 games avg: 272.0 steps 111 
INFO : 2021-01-19 21:44:19,230 : episode: 560 score: 324.6 100 games avg: 324.6 steps 119 
INFO : 2021-01-19 21:44:20,974 : episode: 561 score: 345.5 100 games avg: 345.5 steps 123 
INFO : 2021-01-19 21:44:22,693 : episode: 562 score: 331.8 100 games avg: 331.8 steps 120 
INFO : 2021-01-19 21:44:24,339 : episode: 563 score: 299.2 100 games avg: 299.2 steps 115 
INFO : 2021-01-19 21:44:26,204 : episode: 564 score: 371.2 100 games avg: 371.2 steps 131 
INFO : 2021-01-19 21:44:27,910 : episode: 565 score: 341.3 100 games avg: 341.3 steps 119 
INFO : 2021-01-19 21:44:29,622 : episode: 566 score: 303.4 100 games avg: 303.4 steps 118 
INFO : 2021-01-19 21:44:31,593 : episode: 567 score: 361.7 100 games avg: 361.7 steps 134 
INFO : 2021-01-19 21:44:33,454 : episode: 568 score: 351.3 100 games avg: 351.3 steps 129 
INFO : 2021-01-19 21:44:35,328 : episode: 569 score: 364.8 100 games avg: 364.8 steps 133 
INFO : 2021-01-19 21:44:37,016 : episode: 570 score: 348.2 100 games avg: 348.2 steps 120 
INFO : 2021-01-19 21:44:38,835 : episode: 571 score: 330.2 100 games avg: 330.2 steps 124 
INFO : 2021-01-19 21:44:40,612 : episode: 572 score: 349.8 100 games avg: 349.8 steps 121 
INFO : 2021-01-19 21:44:42,534 : episode: 573 score: 370.1 100 games avg: 370.1 steps 131 
INFO : 2021-01-19 21:44:44,353 : episode: 574 score: 345.4 100 games avg: 345.4 steps 124 
INFO : 2021-01-19 21:44:45,955 : episode: 575 score: 277.9 100 games avg: 277.9 steps 113 
INFO : 2021-01-19 21:44:47,853 : episode: 576 score: 378.8 100 games avg: 378.8 steps 134 
INFO : 2021-01-19 21:44:49,780 : episode: 577 score: 385.1 100 games avg: 385.1 steps 133 
INFO : 2021-01-19 21:44:51,648 : episode: 578 score: 354.1 100 games avg: 354.1 steps 127 
INFO : 2021-01-19 21:44:53,540 : episode: 579 score: 361.7 100 games avg: 361.7 steps 129 
INFO : 2021-01-19 21:44:55,243 : episode: 580 score: 323.5 100 games avg: 323.5 steps 116 
INFO : 2021-01-19 21:44:57,090 : episode: 581 score: 365.6 100 games avg: 365.6 steps 126 
INFO : 2021-01-19 21:44:58,984 : episode: 582 score: 379.2 100 games avg: 379.2 steps 129 
INFO : 2021-01-19 21:45:00,877 : episode: 583 score: 367.3 100 games avg: 367.3 steps 129 
INFO : 2021-01-19 21:45:03,377 : episode: 584 score: 365.3 100 games avg: 365.3 steps 129 
INFO : 2021-01-19 21:45:05,286 : episode: 585 score: 377.6 100 games avg: 377.6 steps 137 
INFO : 2021-01-19 21:45:07,114 : episode: 586 score: 372.2 100 games avg: 372.2 steps 131 
INFO : 2021-01-19 21:45:08,968 : episode: 587 score: 380.9 100 games avg: 380.9 steps 133 
INFO : 2021-01-19 21:45:11,985 : episode: 588 score: 312.6 100 games avg: 312.6 steps 113 
INFO : 2021-01-19 21:45:15,726 : episode: 589 score: 377.6 100 games avg: 377.6 steps 133 
INFO : 2021-01-19 21:45:19,450 : episode: 590 score: 305.5 100 games avg: 305.5 steps 119 
INFO : 2021-01-19 21:45:23,360 : episode: 591 score: 380.3 100 games avg: 380.3 steps 133 
INFO : 2021-01-19 21:45:26,574 : episode: 592 score: 390.0 100 games avg: 390.0 steps 134 
INFO : 2021-01-19 21:45:28,281 : episode: 593 score: 307.8 100 games avg: 307.8 steps 120 
INFO : 2021-01-19 21:45:30,124 : episode: 594 score: 369.0 100 games avg: 369.0 steps 132 
INFO : 2021-01-19 21:45:31,962 : episode: 595 score: 371.1 100 games avg: 371.1 steps 131 
INFO : 2021-01-19 21:45:33,843 : episode: 596 score: 388.3 100 games avg: 388.3 steps 135 
INFO : 2021-01-19 21:45:36,066 : episode: 597 score: 374.3 100 games avg: 374.3 steps 128 
INFO : 2021-01-19 21:45:38,529 : episode: 598 score: 387.5 100 games avg: 387.5 steps 134 
INFO : 2021-01-19 21:45:40,992 : episode: 599 score: 372.7 100 games avg: 372.7 steps 135 
INFO : 2021-01-19 21:45:43,390 : episode: 600 score: 379.6 100 games avg: 379.6 steps 131 
INFO : 2021-01-19 21:45:45,680 : episode: 601 score: 353.1 100 games avg: 353.1 steps 126 
INFO : 2021-01-19 21:45:48,805 : episode: 602 score: 361.7 100 games avg: 361.7 steps 134 
INFO : 2021-01-19 21:45:52,749 : episode: 603 score: 367.8 100 games avg: 367.8 steps 129 
INFO : 2021-01-19 21:45:56,134 : episode: 604 score: 282.9 100 games avg: 282.9 steps 115 
INFO : 2021-01-19 21:45:59,924 : episode: 605 score: 354.6 100 games avg: 354.6 steps 127 
INFO : 2021-01-19 21:46:03,090 : episode: 606 score: 427.9 100 games avg: 427.9 steps 145 
INFO : 2021-01-19 21:46:06,921 : episode: 607 score: 409.2 100 games avg: 409.2 steps 142 
INFO : 2021-01-19 21:46:12,160 : episode: 608 score: 455.4 100 games avg: 455.4 steps 152 
INFO : 2021-01-19 21:46:16,247 : episode: 609 score: 364.8 100 games avg: 364.8 steps 134 
INFO : 2021-01-19 21:46:17,546 : episode: 610 score: 56.6 100 games avg: 56.6 steps 35 
INFO : 2021-01-19 21:46:21,954 : episode: 611 score: 380.2 100 games avg: 380.2 steps 135 
INFO : 2021-01-19 21:46:26,264 : episode: 612 score: 381.5 100 games avg: 381.5 steps 133 
INFO : 2021-01-19 21:46:30,704 : episode: 613 score: 391.9 100 games avg: 391.9 steps 138 
INFO : 2021-01-19 21:46:34,950 : episode: 614 score: 375.0 100 games avg: 375.0 steps 133 
INFO : 2021-01-19 21:46:38,368 : episode: 615 score: 286.7 100 games avg: 286.7 steps 117 
INFO : 2021-01-19 21:46:42,283 : episode: 616 score: 382.9 100 games avg: 382.9 steps 134 
INFO : 2021-01-19 21:46:46,276 : episode: 617 score: 383.2 100 games avg: 383.2 steps 134 
INFO : 2021-01-19 21:46:50,463 : episode: 618 score: 401.5 100 games avg: 401.5 steps 139 
INFO : 2021-01-19 21:46:54,615 : episode: 619 score: 387.1 100 games avg: 387.1 steps 138 
INFO : 2021-01-19 21:46:58,240 : episode: 620 score: 300.3 100 games avg: 300.3 steps 121 
INFO : 2021-01-19 21:47:02,328 : episode: 621 score: 387.9 100 games avg: 387.9 steps 136 
INFO : 2021-01-19 21:47:06,368 : episode: 622 score: 382.2 100 games avg: 382.2 steps 134 
INFO : 2021-01-19 21:47:10,497 : episode: 623 score: 385.9 100 games avg: 385.9 steps 135 
INFO : 2021-01-19 21:47:13,221 : episode: 624 score: 378.9 100 games avg: 378.9 steps 135 
INFO : 2021-01-19 21:47:15,123 : episode: 625 score: 386.5 100 games avg: 386.5 steps 135 
INFO : 2021-01-19 21:47:17,038 : episode: 626 score: 376.4 100 games avg: 376.4 steps 136 
INFO : 2021-01-19 21:47:18,923 : episode: 627 score: 366.7 100 games avg: 366.7 steps 134 
INFO : 2021-01-19 21:47:20,841 : episode: 628 score: 365.5 100 games avg: 365.5 steps 136 
INFO : 2021-01-19 21:47:24,072 : episode: 629 score: 377.5 100 games avg: 377.5 steps 136 
INFO : 2021-01-19 21:47:25,984 : episode: 630 score: 390.3 100 games avg: 390.3 steps 136 
INFO : 2021-01-19 21:47:28,014 : episode: 631 score: 413.5 100 games avg: 413.5 steps 145 
INFO : 2021-01-19 21:47:29,850 : episode: 632 score: 353.7 100 games avg: 353.7 steps 131 
INFO : 2021-01-19 21:47:33,011 : episode: 633 score: 350.8 100 games avg: 350.8 steps 131 
INFO : 2021-01-19 21:47:37,927 : episode: 634 score: 390.0 100 games avg: 390.0 steps 135 
INFO : 2021-01-19 21:47:42,885 : episode: 635 score: 348.6 100 games avg: 348.6 steps 123 
INFO : 2021-01-19 21:47:46,545 : episode: 636 score: 382.3 100 games avg: 382.3 steps 133 
INFO : 2021-01-19 21:47:48,673 : episode: 637 score: 388.9 100 games avg: 388.9 steps 135 
INFO : 2021-01-19 21:47:50,345 : episode: 638 score: 272.4 100 games avg: 272.4 steps 115 
INFO : 2021-01-19 21:47:52,394 : episode: 639 score: 411.9 100 games avg: 411.9 steps 146 
INFO : 2021-01-19 21:47:54,391 : episode: 640 score: 396.8 100 games avg: 396.8 steps 142 
INFO : 2021-01-19 21:47:56,299 : episode: 641 score: 383.7 100 games avg: 383.7 steps 136 
INFO : 2021-01-19 21:47:58,393 : episode: 642 score: 441.5 100 games avg: 441.5 steps 149 
INFO : 2021-01-19 21:48:00,612 : episode: 643 score: 451.2 100 games avg: 451.2 steps 158 
INFO : 2021-01-19 21:48:02,630 : episode: 644 score: 305.9 100 games avg: 305.9 steps 124 
INFO : 2021-01-19 21:48:05,803 : episode: 645 score: 367.7 100 games avg: 367.7 steps 134 
INFO : 2021-01-19 21:48:09,872 : episode: 646 score: 368.5 100 games avg: 368.5 steps 139 
INFO : 2021-01-19 21:48:14,056 : episode: 647 score: 461.1 100 games avg: 461.1 steps 160 
INFO : 2021-01-19 21:48:16,226 : episode: 648 score: 297.6 100 games avg: 297.6 steps 122 
INFO : 2021-01-19 21:48:18,929 : episode: 649 score: 444.5 100 games avg: 444.5 steps 152 
INFO : 2021-01-19 21:48:21,320 : episode: 650 score: 263.3 100 games avg: 263.3 steps 113 
INFO : 2021-01-19 21:48:24,004 : episode: 651 score: 355.9 100 games avg: 355.9 steps 135 
INFO : 2021-01-19 21:48:27,180 : episode: 652 score: 417.5 100 games avg: 417.5 steps 149 
INFO : 2021-01-19 21:48:29,467 : episode: 653 score: 351.8 100 games avg: 351.8 steps 132 
INFO : 2021-01-19 21:48:31,992 : episode: 654 score: 413.6 100 games avg: 413.6 steps 144 
INFO : 2021-01-19 21:48:34,469 : episode: 655 score: 380.4 100 games avg: 380.4 steps 141 
INFO : 2021-01-19 21:48:36,976 : episode: 656 score: 398.6 100 games avg: 398.6 steps 143 
INFO : 2021-01-19 21:48:39,392 : episode: 657 score: 363.3 100 games avg: 363.3 steps 138 
INFO : 2021-01-19 21:48:41,911 : episode: 658 score: 401.5 100 games avg: 401.5 steps 144 
INFO : 2021-01-19 21:48:44,287 : episode: 659 score: 382.0 100 games avg: 382.0 steps 136 
INFO : 2021-01-19 21:48:46,554 : episode: 660 score: 325.1 100 games avg: 325.1 steps 129 
INFO : 2021-01-19 21:48:49,402 : episode: 661 score: 482.6 100 games avg: 482.6 steps 162 
INFO : 2021-01-19 21:48:51,885 : episode: 662 score: 408.6 100 games avg: 408.6 steps 141 
INFO : 2021-01-19 21:48:54,347 : episode: 663 score: 400.3 100 games avg: 400.3 steps 140 
INFO : 2021-01-19 21:48:56,799 : episode: 664 score: 396.7 100 games avg: 396.7 steps 140 
INFO : 2021-01-19 21:48:59,335 : episode: 665 score: 401.6 100 games avg: 401.6 steps 144 
INFO : 2021-01-19 21:49:01,799 : episode: 666 score: 405.9 100 games avg: 405.9 steps 141 
INFO : 2021-01-19 21:49:04,177 : episode: 667 score: 376.0 100 games avg: 376.0 steps 136 
INFO : 2021-01-19 21:49:06,480 : episode: 668 score: 353.4 100 games avg: 353.4 steps 129 
INFO : 2021-01-19 21:49:10,222 : episode: 669 score: 399.0 100 games avg: 399.0 steps 141 
INFO : 2021-01-19 21:49:13,986 : episode: 670 score: 367.3 100 games avg: 367.3 steps 132 
INFO : 2021-01-19 21:49:17,541 : episode: 671 score: 398.8 100 games avg: 398.8 steps 142 
INFO : 2021-01-19 21:49:21,831 : episode: 672 score: 407.7 100 games avg: 407.7 steps 142 
INFO : 2021-01-19 21:49:26,138 : episode: 673 score: 411.9 100 games avg: 411.9 steps 143 
INFO : 2021-01-19 21:49:30,837 : episode: 674 score: 401.1 100 games avg: 401.1 steps 139 
INFO : 2021-01-19 21:49:33,440 : episode: 675 score: 386.1 100 games avg: 386.1 steps 142 
INFO : 2021-01-19 21:49:35,498 : episode: 676 score: 402.4 100 games avg: 402.4 steps 142 
INFO : 2021-01-19 21:49:39,635 : episode: 677 score: 384.5 100 games avg: 384.5 steps 137 
INFO : 2021-01-19 21:49:43,799 : episode: 678 score: 400.4 100 games avg: 400.4 steps 139 
INFO : 2021-01-19 21:49:47,964 : episode: 679 score: 399.2 100 games avg: 399.2 steps 140 
INFO : 2021-01-19 21:49:50,734 : episode: 680 score: 198.4 100 games avg: 198.4 steps 91 
INFO : 2021-01-19 21:49:55,001 : episode: 681 score: 354.1 100 games avg: 354.1 steps 129 
INFO : 2021-01-19 21:49:59,387 : episode: 682 score: 418.2 100 games avg: 418.2 steps 145 
INFO : 2021-01-19 21:50:01,899 : episode: 683 score: 182.4 100 games avg: 182.4 steps 87 
INFO : 2021-01-19 21:50:05,898 : episode: 684 score: 396.5 100 games avg: 396.5 steps 141 
INFO : 2021-01-19 21:50:10,279 : episode: 685 score: 385.3 100 games avg: 385.3 steps 137 
INFO : 2021-01-19 21:50:14,551 : episode: 686 score: 392.2 100 games avg: 392.2 steps 141 
INFO : 2021-01-19 21:50:16,663 : episode: 687 score: 426.4 100 games avg: 426.4 steps 150 
INFO : 2021-01-19 21:50:18,438 : episode: 688 score: 344.6 100 games avg: 344.6 steps 126 
INFO : 2021-01-19 21:50:20,465 : episode: 689 score: 424.9 100 games avg: 424.9 steps 144 
INFO : 2021-01-19 21:50:22,404 : episode: 690 score: 397.8 100 games avg: 397.8 steps 137 
INFO : 2021-01-19 21:50:24,296 : episode: 691 score: 388.1 100 games avg: 388.1 steps 134 
INFO : 2021-01-19 21:50:26,213 : episode: 692 score: 382.7 100 games avg: 382.7 steps 136 
INFO : 2021-01-19 21:50:28,041 : episode: 693 score: 357.2 100 games avg: 357.2 steps 129 
INFO : 2021-01-19 21:50:30,068 : episode: 694 score: 391.7 100 games avg: 391.7 steps 139 
INFO : 2021-01-19 21:50:33,001 : episode: 695 score: 470.6 100 games avg: 470.6 steps 160 
INFO : 2021-01-19 21:50:37,259 : episode: 696 score: 387.3 100 games avg: 387.3 steps 134 
INFO : 2021-01-19 21:50:42,395 : episode: 697 score: 459.8 100 games avg: 459.8 steps 153 
INFO : 2021-01-19 21:50:46,462 : episode: 698 score: 378.3 100 games avg: 378.3 steps 136 
INFO : 2021-01-19 21:50:50,272 : episode: 699 score: 442.5 100 games avg: 442.5 steps 150 
INFO : 2021-01-19 21:50:54,534 : episode: 700 score: 400.8 100 games avg: 400.8 steps 140 
INFO : 2021-01-19 21:50:58,577 : episode: 701 score: 428.0 100 games avg: 428.0 steps 146 
INFO : 2021-01-19 21:51:01,657 : episode: 702 score: 456.6 100 games avg: 456.6 steps 155 
INFO : 2021-01-19 21:51:06,186 : episode: 703 score: 464.8 100 games avg: 464.8 steps 163 
INFO : 2021-01-19 21:51:10,647 : episode: 704 score: 433.9 100 games avg: 433.9 steps 149 
INFO : 2021-01-19 21:51:14,445 : episode: 705 score: 432.2 100 games avg: 432.2 steps 151 
INFO : 2021-01-19 21:51:17,025 : episode: 706 score: 442.8 100 games avg: 442.8 steps 156 
INFO : 2021-01-19 21:51:20,912 : episode: 707 score: 408.5 100 games avg: 408.5 steps 149 
INFO : 2021-01-19 21:51:25,096 : episode: 708 score: 382.3 100 games avg: 382.3 steps 140 
INFO : 2021-01-19 21:51:29,686 : episode: 709 score: 537.0 100 games avg: 537.0 steps 184 
INFO : 2021-01-19 21:51:32,267 : episode: 710 score: 426.7 100 games avg: 426.7 steps 144 
INFO : 2021-01-19 21:51:34,393 : episode: 711 score: 404.9 100 games avg: 404.9 steps 146 
INFO : 2021-01-19 21:51:36,403 : episode: 712 score: 413.8 100 games avg: 413.8 steps 143 
INFO : 2021-01-19 21:51:38,528 : episode: 713 score: 424.0 100 games avg: 424.0 steps 151 
INFO : 2021-01-19 21:51:40,624 : episode: 714 score: 422.4 100 games avg: 422.4 steps 149 
INFO : 2021-01-19 21:51:42,717 : episode: 715 score: 407.6 100 games avg: 407.6 steps 147 
INFO : 2021-01-19 21:51:44,797 : episode: 716 score: 411.0 100 games avg: 411.0 steps 145 
INFO : 2021-01-19 21:51:47,080 : episode: 717 score: 440.2 100 games avg: 440.2 steps 159 
INFO : 2021-01-19 21:51:49,148 : episode: 718 score: 424.3 100 games avg: 424.3 steps 144 
INFO : 2021-01-19 21:51:51,189 : episode: 719 score: 388.8 100 games avg: 388.8 steps 143 
INFO : 2021-01-19 21:51:53,355 : episode: 720 score: 410.0 100 games avg: 410.0 steps 151 
INFO : 2021-01-19 21:51:55,503 : episode: 721 score: 413.6 100 games avg: 413.6 steps 150 
INFO : 2021-01-19 21:51:57,544 : episode: 722 score: 395.1 100 games avg: 395.1 steps 142 
INFO : 2021-01-19 21:51:59,623 : episode: 723 score: 394.1 100 games avg: 394.1 steps 145 
INFO : 2021-01-19 21:52:01,673 : episode: 724 score: 393.3 100 games avg: 393.3 steps 143 
INFO : 2021-01-19 21:52:03,668 : episode: 725 score: 385.2 100 games avg: 385.2 steps 141 
INFO : 2021-01-19 21:52:05,608 : episode: 726 score: 389.3 100 games avg: 389.3 steps 138 
INFO : 2021-01-19 21:52:07,575 : episode: 727 score: 382.1 100 games avg: 382.1 steps 140 
INFO : 2021-01-19 21:52:09,637 : episode: 728 score: 403.4 100 games avg: 403.4 steps 146 
INFO : 2021-01-19 21:52:11,679 : episode: 729 score: 383.6 100 games avg: 383.6 steps 145 
INFO : 2021-01-19 21:52:13,748 : episode: 730 score: 405.6 100 games avg: 405.6 steps 147 
INFO : 2021-01-19 21:52:15,672 : episode: 731 score: 374.8 100 games avg: 374.8 steps 137 
INFO : 2021-01-19 21:52:17,692 : episode: 732 score: 395.2 100 games avg: 395.2 steps 141 
INFO : 2021-01-19 21:52:19,526 : episode: 733 score: 377.3 100 games avg: 377.3 steps 128 
INFO : 2021-01-19 21:52:21,451 : episode: 734 score: 360.6 100 games avg: 360.6 steps 136 
INFO : 2021-01-19 21:52:23,396 : episode: 735 score: 364.3 100 games avg: 364.3 steps 138 
INFO : 2021-01-19 21:52:25,321 : episode: 736 score: 368.8 100 games avg: 368.8 steps 137 
INFO : 2021-01-19 21:52:27,322 : episode: 737 score: 383.2 100 games avg: 383.2 steps 142 
INFO : 2021-01-19 21:52:29,300 : episode: 738 score: 383.9 100 games avg: 383.9 steps 141 
INFO : 2021-01-19 21:52:31,218 : episode: 739 score: 357.7 100 games avg: 357.7 steps 137 
INFO : 2021-01-19 21:52:33,156 : episode: 740 score: 364.3 100 games avg: 364.3 steps 138 
INFO : 2021-01-19 21:52:35,054 : episode: 741 score: 379.0 100 games avg: 379.0 steps 135 
INFO : 2021-01-19 21:52:36,709 : episode: 742 score: 331.8 100 games avg: 331.8 steps 118 
INFO : 2021-01-19 21:52:38,775 : episode: 743 score: 401.8 100 games avg: 401.8 steps 147 
INFO : 2021-01-19 21:52:40,729 : episode: 744 score: 370.0 100 games avg: 370.0 steps 139 
INFO : 2021-01-19 21:52:42,666 : episode: 745 score: 369.9 100 games avg: 369.9 steps 138 
INFO : 2021-01-19 21:52:44,623 : episode: 746 score: 378.9 100 games avg: 378.9 steps 139 
INFO : 2021-01-19 21:52:46,555 : episode: 747 score: 398.4 100 games avg: 398.4 steps 137 
INFO : 2021-01-19 21:52:48,537 : episode: 748 score: 376.2 100 games avg: 376.2 steps 141 
INFO : 2021-01-19 21:52:50,438 : episode: 749 score: 346.9 100 games avg: 346.9 steps 135 
INFO : 2021-01-19 21:52:52,464 : episode: 750 score: 396.1 100 games avg: 396.1 steps 144 
INFO : 2021-01-19 21:52:54,524 : episode: 751 score: 419.3 100 games avg: 419.3 steps 145 
INFO : 2021-01-19 21:52:56,640 : episode: 752 score: 380.9 100 games avg: 380.9 steps 145 
INFO : 2021-01-19 21:52:58,696 : episode: 753 score: 393.6 100 games avg: 393.6 steps 140 
INFO : 2021-01-19 21:53:01,344 : episode: 754 score: 400.2 100 games avg: 400.2 steps 146 
INFO : 2021-01-19 21:53:05,669 : episode: 755 score: 383.7 100 games avg: 383.7 steps 142 
INFO : 2021-01-19 21:53:10,052 : episode: 756 score: 418.9 100 games avg: 418.9 steps 142 
INFO : 2021-01-19 21:53:14,358 : episode: 757 score: 409.5 100 games avg: 409.5 steps 146 
INFO : 2021-01-19 21:53:18,115 : episode: 758 score: 406.9 100 games avg: 406.9 steps 150 
INFO : 2021-01-19 21:53:20,061 : episode: 759 score: 358.7 100 games avg: 358.7 steps 134 
INFO : 2021-01-19 21:53:22,183 : episode: 760 score: 426.3 100 games avg: 426.3 steps 146 
INFO : 2021-01-19 21:53:24,156 : episode: 761 score: 359.6 100 games avg: 359.6 steps 136 
INFO : 2021-01-19 21:53:26,129 : episode: 762 score: 366.2 100 games avg: 366.2 steps 136 
INFO : 2021-01-19 21:53:27,766 : episode: 763 score: 247.5 100 games avg: 247.5 steps 113 
INFO : 2021-01-19 21:53:29,756 : episode: 764 score: 396.1 100 games avg: 396.1 steps 137 
INFO : 2021-01-19 21:53:31,841 : episode: 765 score: 371.1 100 games avg: 371.1 steps 144 
INFO : 2021-01-19 21:53:33,799 : episode: 766 score: 380.4 100 games avg: 380.4 steps 135 
INFO : 2021-01-19 21:53:35,412 : episode: 767 score: 316.3 100 games avg: 316.3 steps 111 
INFO : 2021-01-19 21:53:38,997 : episode: 768 score: 362.4 100 games avg: 362.4 steps 125 
INFO : 2021-01-19 21:53:43,622 : episode: 769 score: 458.6 100 games avg: 458.6 steps 155 
INFO : 2021-01-19 21:53:47,276 : episode: 770 score: 398.2 100 games avg: 398.2 steps 139 
INFO : 2021-01-19 21:53:51,218 : episode: 771 score: 393.4 100 games avg: 393.4 steps 143 
INFO : 2021-01-19 21:53:53,347 : episode: 772 score: 404.9 100 games avg: 404.9 steps 141 
INFO : 2021-01-19 21:53:54,621 : episode: 773 score: 192.6 100 games avg: 192.6 steps 91 
INFO : 2021-01-19 21:53:56,682 : episode: 774 score: 394.4 100 games avg: 394.4 steps 147 
INFO : 2021-01-19 21:53:58,767 : episode: 775 score: 388.8 100 games avg: 388.8 steps 149 
INFO : 2021-01-19 21:54:00,718 : episode: 776 score: 405.3 100 games avg: 405.3 steps 139 
INFO : 2021-01-19 21:54:03,559 : episode: 777 score: 389.7 100 games avg: 389.7 steps 138 
INFO : 2021-01-19 21:54:07,695 : episode: 778 score: 405.2 100 games avg: 405.2 steps 150 
INFO : 2021-01-19 21:54:11,566 : episode: 779 score: 365.0 100 games avg: 365.0 steps 137 
INFO : 2021-01-19 21:54:14,779 : episode: 780 score: 381.4 100 games avg: 381.4 steps 132 
INFO : 2021-01-19 21:54:16,932 : episode: 781 score: 429.3 100 games avg: 429.3 steps 154 
INFO : 2021-01-19 21:54:18,810 : episode: 782 score: 370.7 100 games avg: 370.7 steps 134 
INFO : 2021-01-19 21:54:22,767 : episode: 783 score: 407.7 100 games avg: 407.7 steps 147 
INFO : 2021-01-19 21:54:26,440 : episode: 784 score: 412.8 100 games avg: 412.8 steps 141 
INFO : 2021-01-19 21:54:30,415 : episode: 785 score: 396.3 100 games avg: 396.3 steps 139 
INFO : 2021-01-19 21:54:34,374 : episode: 786 score: 365.7 100 games avg: 365.7 steps 126 
INFO : 2021-01-19 21:54:37,752 : episode: 787 score: 376.7 100 games avg: 376.7 steps 129 
INFO : 2021-01-19 21:54:39,283 : episode: 788 score: 231.9 100 games avg: 231.9 steps 109 
INFO : 2021-01-19 21:54:41,059 : episode: 789 score: 373.4 100 games avg: 373.4 steps 126 
INFO : 2021-01-19 21:54:43,071 : episode: 790 score: 366.3 100 games avg: 366.3 steps 142 
INFO : 2021-01-19 21:54:45,039 : episode: 791 score: 333.8 100 games avg: 333.8 steps 134 
INFO : 2021-01-19 21:54:47,217 : episode: 792 score: 388.2 100 games avg: 388.2 steps 148 
INFO : 2021-01-19 21:54:49,251 : episode: 793 score: 389.5 100 games avg: 389.5 steps 138 
INFO : 2021-01-19 21:54:51,337 : episode: 794 score: 373.3 100 games avg: 373.3 steps 142 
INFO : 2021-01-19 21:54:53,416 : episode: 795 score: 359.0 100 games avg: 359.0 steps 141 
INFO : 2021-01-19 21:54:55,402 : episode: 796 score: 385.3 100 games avg: 385.3 steps 135 
INFO : 2021-01-19 21:54:57,461 : episode: 797 score: 387.8 100 games avg: 387.8 steps 140 
INFO : 2021-01-19 21:54:59,563 : episode: 798 score: 362.3 100 games avg: 362.3 steps 143 
INFO : 2021-01-19 21:55:01,501 : episode: 799 score: 325.1 100 games avg: 325.1 steps 132 
INFO : 2021-01-19 21:55:03,432 : episode: 800 score: 383.3 100 games avg: 383.3 steps 135 
INFO : 2021-01-19 21:55:05,433 : episode: 801 score: 399.8 100 games avg: 399.8 steps 142 
INFO : 2021-01-19 21:55:07,429 : episode: 802 score: 398.3 100 games avg: 398.3 steps 140 
INFO : 2021-01-19 21:55:09,463 : episode: 803 score: 409.4 100 games avg: 409.4 steps 137 
INFO : 2021-01-19 21:55:11,599 : episode: 804 score: 372.6 100 games avg: 372.6 steps 141 
INFO : 2021-01-19 21:55:13,587 : episode: 805 score: 362.4 100 games avg: 362.4 steps 141 
INFO : 2021-01-19 21:55:15,618 : episode: 806 score: 403.2 100 games avg: 403.2 steps 143 
INFO : 2021-01-19 21:55:17,632 : episode: 807 score: 396.4 100 games avg: 396.4 steps 140 
INFO : 2021-01-19 21:55:19,625 : episode: 808 score: 334.5 100 games avg: 334.5 steps 135 
INFO : 2021-01-19 21:55:21,660 : episode: 809 score: 354.1 100 games avg: 354.1 steps 138 
INFO : 2021-01-19 21:55:23,652 : episode: 810 score: 368.3 100 games avg: 368.3 steps 135 
INFO : 2021-01-19 21:55:25,685 : episode: 811 score: 406.1 100 games avg: 406.1 steps 141 
INFO : 2021-01-19 21:55:27,676 : episode: 812 score: 346.7 100 games avg: 346.7 steps 139 
INFO : 2021-01-19 21:55:30,602 : episode: 813 score: 385.0 100 games avg: 385.0 steps 136 
INFO : 2021-01-19 21:55:32,875 : episode: 814 score: 371.6 100 games avg: 371.6 steps 130 
INFO : 2021-01-19 21:55:35,785 : episode: 815 score: 379.1 100 games avg: 379.1 steps 144 
INFO : 2021-01-19 21:55:39,730 : episode: 816 score: 370.7 100 games avg: 370.7 steps 141 
INFO : 2021-01-19 21:55:43,664 : episode: 817 score: 383.6 100 games avg: 383.6 steps 134 
INFO : 2021-01-19 21:55:47,243 : episode: 818 score: 408.2 100 games avg: 408.2 steps 144 
INFO : 2021-01-19 21:55:49,266 : episode: 819 score: 369.0 100 games avg: 369.0 steps 139 
INFO : 2021-01-19 21:55:51,263 : episode: 820 score: 344.1 100 games avg: 344.1 steps 137 
INFO : 2021-01-19 21:55:53,271 : episode: 821 score: 355.4 100 games avg: 355.4 steps 138 
INFO : 2021-01-19 21:55:55,236 : episode: 822 score: 342.9 100 games avg: 342.9 steps 135 
INFO : 2021-01-19 21:55:57,260 : episode: 823 score: 380.7 100 games avg: 380.7 steps 139 
INFO : 2021-01-19 21:55:59,226 : episode: 824 score: 387.0 100 games avg: 387.0 steps 135 
INFO : 2021-01-19 21:56:01,192 : episode: 825 score: 340.8 100 games avg: 340.8 steps 135 
INFO : 2021-01-19 21:56:03,114 : episode: 826 score: 387.4 100 games avg: 387.4 steps 137 
INFO : 2021-01-19 21:56:05,110 : episode: 827 score: 383.9 100 games avg: 383.9 steps 142 
INFO : 2021-01-19 21:56:06,945 : episode: 828 score: 379.3 100 games avg: 379.3 steps 131 
INFO : 2021-01-19 21:56:08,979 : episode: 829 score: 392.6 100 games avg: 392.6 steps 145 
INFO : 2021-01-19 21:56:10,916 : episode: 830 score: 359.6 100 games avg: 359.6 steps 138 
INFO : 2021-01-19 21:56:12,785 : episode: 831 score: 335.2 100 games avg: 335.2 steps 133 
INFO : 2021-01-19 21:56:13,629 : episode: 832 score: 113.9 100 games avg: 113.9 steps 60 
INFO : 2021-01-19 21:56:15,527 : episode: 833 score: 336.2 100 games avg: 336.2 steps 135 
INFO : 2021-01-19 21:56:17,436 : episode: 834 score: 400.5 100 games avg: 400.5 steps 136 
INFO : 2021-01-19 21:56:19,357 : episode: 835 score: 358.4 100 games avg: 358.4 steps 136 
INFO : 2021-01-19 21:56:21,489 : episode: 836 score: 411.0 100 games avg: 411.0 steps 151 
INFO : 2021-01-19 21:56:23,462 : episode: 837 score: 367.9 100 games avg: 367.9 steps 140 
INFO : 2021-01-19 21:56:26,843 : episode: 838 score: 419.5 100 games avg: 419.5 steps 143 
INFO : 2021-01-19 21:56:29,823 : episode: 839 score: 371.9 100 games avg: 371.9 steps 141 
INFO : 2021-01-19 21:56:34,251 : episode: 840 score: 435.1 100 games avg: 435.1 steps 152 
INFO : 2021-01-19 21:56:37,645 : episode: 841 score: 365.7 100 games avg: 365.7 steps 141 
INFO : 2021-01-19 21:56:40,157 : episode: 842 score: 375.9 100 games avg: 375.9 steps 142 
INFO : 2021-01-19 21:56:43,345 : episode: 843 score: 366.8 100 games avg: 366.8 steps 138 
INFO : 2021-01-19 21:56:47,162 : episode: 844 score: 419.6 100 games avg: 419.6 steps 148 
INFO : 2021-01-19 21:56:49,125 : episode: 845 score: 372.5 100 games avg: 372.5 steps 140 
INFO : 2021-01-19 21:56:51,239 : episode: 846 score: 408.3 100 games avg: 408.3 steps 148 
INFO : 2021-01-19 21:56:53,464 : episode: 847 score: 456.1 100 games avg: 456.1 steps 154 
INFO : 2021-01-19 21:56:55,628 : episode: 848 score: 408.1 100 games avg: 408.1 steps 145 
INFO : 2021-01-19 21:56:59,944 : episode: 849 score: 450.7 100 games avg: 450.7 steps 157 
INFO : 2021-01-19 21:57:03,974 : episode: 850 score: 391.3 100 games avg: 391.3 steps 144 
INFO : 2021-01-19 21:57:08,170 : episode: 851 score: 379.0 100 games avg: 379.0 steps 142 
INFO : 2021-01-19 21:57:12,032 : episode: 852 score: 450.3 100 games avg: 450.3 steps 152 
INFO : 2021-01-19 21:57:16,517 : episode: 853 score: 459.6 100 games avg: 459.6 steps 157 
INFO : 2021-01-19 21:57:21,995 : episode: 854 score: 451.3 100 games avg: 451.3 steps 154 
INFO : 2021-01-19 21:57:27,144 : episode: 855 score: 512.5 100 games avg: 512.5 steps 171 
INFO : 2021-01-19 21:57:31,549 : episode: 856 score: 392.9 100 games avg: 392.9 steps 146 
INFO : 2021-01-19 21:57:35,712 : episode: 857 score: 448.8 100 games avg: 448.8 steps 153 
INFO : 2021-01-19 21:57:38,210 : episode: 858 score: 378.8 100 games avg: 378.8 steps 143 
INFO : 2021-01-19 21:57:42,443 : episode: 859 score: 399.4 100 games avg: 399.4 steps 148 
INFO : 2021-01-19 21:57:45,496 : episode: 860 score: 408.7 100 games avg: 408.7 steps 142 
INFO : 2021-01-19 21:57:47,369 : episode: 861 score: 324.4 100 games avg: 324.4 steps 127 
INFO : 2021-01-19 21:57:49,288 : episode: 862 score: 325.2 100 games avg: 325.2 steps 131 
INFO : 2021-01-19 21:57:51,441 : episode: 863 score: 418.0 100 games avg: 418.0 steps 147 
INFO : 2021-01-19 21:57:53,669 : episode: 864 score: 429.8 100 games avg: 429.8 steps 152 
INFO : 2021-01-19 21:57:55,808 : episode: 865 score: 405.8 100 games avg: 405.8 steps 146 
INFO : 2021-01-19 21:57:58,032 : episode: 866 score: 412.6 100 games avg: 412.6 steps 155 
INFO : 2021-01-19 21:57:58,947 : episode: 867 score: 121.1 100 games avg: 121.1 steps 65 
INFO : 2021-01-19 21:58:01,941 : episode: 868 score: 424.3 100 games avg: 424.3 steps 151 
INFO : 2021-01-19 21:58:03,520 : episode: 869 score: 240.5 100 games avg: 240.5 steps 113 
INFO : 2021-01-19 21:58:07,614 : episode: 870 score: 428.9 100 games avg: 428.9 steps 147 
INFO : 2021-01-19 21:58:11,946 : episode: 871 score: 395.2 100 games avg: 395.2 steps 146 
INFO : 2021-01-19 21:58:16,046 : episode: 872 score: 392.7 100 games avg: 392.7 steps 144 
INFO : 2021-01-19 21:58:20,122 : episode: 873 score: 409.9 100 games avg: 409.9 steps 146 
INFO : 2021-01-19 21:58:23,767 : episode: 874 score: 399.9 100 games avg: 399.9 steps 147 
INFO : 2021-01-19 21:58:25,843 : episode: 875 score: 386.1 100 games avg: 386.1 steps 144 
INFO : 2021-01-19 21:58:28,095 : episode: 876 score: 424.3 100 games avg: 424.3 steps 155 
INFO : 2021-01-19 21:58:32,227 : episode: 877 score: 402.1 100 games avg: 402.1 steps 145 
INFO : 2021-01-19 21:58:36,261 : episode: 878 score: 426.9 100 games avg: 426.9 steps 154 
INFO : 2021-01-19 21:58:40,280 : episode: 879 score: 441.4 100 games avg: 441.4 steps 146 
INFO : 2021-01-19 21:58:42,584 : episode: 880 score: 410.6 100 games avg: 410.6 steps 147 
INFO : 2021-01-19 21:58:44,793 : episode: 881 score: 464.4 100 games avg: 464.4 steps 157 
INFO : 2021-01-19 21:58:46,901 : episode: 882 score: 444.9 100 games avg: 444.9 steps 149 
INFO : 2021-01-19 21:58:48,947 : episode: 883 score: 405.1 100 games avg: 405.1 steps 139 
INFO : 2021-01-19 21:58:51,151 : episode: 884 score: 449.4 100 games avg: 449.4 steps 152 
INFO : 2021-01-19 21:58:53,491 : episode: 885 score: 473.5 100 games avg: 473.5 steps 161 
INFO : 2021-01-19 21:58:55,308 : episode: 886 score: 369.6 100 games avg: 369.6 steps 125 
INFO : 2021-01-19 21:58:57,404 : episode: 887 score: 415.8 100 games avg: 415.8 steps 144 
INFO : 2021-01-19 21:58:59,421 : episode: 888 score: 412.2 100 games avg: 412.2 steps 139 
INFO : 2021-01-19 21:59:01,661 : episode: 889 score: 440.8 100 games avg: 440.8 steps 154 
INFO : 2021-01-19 21:59:03,662 : episode: 890 score: 383.1 100 games avg: 383.1 steps 138 
INFO : 2021-01-19 21:59:05,492 : episode: 891 score: 372.0 100 games avg: 372.0 steps 126 
INFO : 2021-01-19 21:59:07,500 : episode: 892 score: 405.2 100 games avg: 405.2 steps 138 
INFO : 2021-01-19 21:59:09,617 : episode: 893 score: 407.2 100 games avg: 407.2 steps 146 
INFO : 2021-01-19 21:59:11,843 : episode: 894 score: 456.4 100 games avg: 456.4 steps 158 
INFO : 2021-01-19 21:59:15,821 : episode: 895 score: 422.6 100 games avg: 422.6 steps 144 
INFO : 2021-01-19 21:59:19,688 : episode: 896 score: 379.2 100 games avg: 379.2 steps 133 
INFO : 2021-01-19 21:59:23,480 : episode: 897 score: 458.1 100 games avg: 458.1 steps 150 
INFO : 2021-01-19 21:59:26,440 : episode: 898 score: 486.1 100 games avg: 486.1 steps 161 
INFO : 2021-01-19 21:59:28,746 : episode: 899 score: 475.9 100 games avg: 475.9 steps 158 
INFO : 2021-01-19 21:59:31,201 : episode: 900 score: 512.4 100 games avg: 512.4 steps 168 
INFO : 2021-01-19 21:59:33,643 : episode: 901 score: 495.6 100 games avg: 495.6 steps 167 
INFO : 2021-01-19 21:59:35,606 : episode: 902 score: 400.8 100 games avg: 400.8 steps 136 
INFO : 2021-01-19 21:59:37,725 : episode: 903 score: 452.8 100 games avg: 452.8 steps 151 
INFO : 2021-01-19 21:59:39,718 : episode: 904 score: 424.6 100 games avg: 424.6 steps 142 
INFO : 2021-01-19 21:59:42,229 : episode: 905 score: 565.6 100 games avg: 565.6 steps 179 
INFO : 2021-01-19 21:59:44,423 : episode: 906 score: 468.7 100 games avg: 468.7 steps 156 
INFO : 2021-01-19 21:59:46,717 : episode: 907 score: 489.4 100 games avg: 489.4 steps 163 
INFO : 2021-01-19 21:59:49,228 : episode: 908 score: 499.2 100 games avg: 499.2 steps 161 
INFO : 2021-01-19 21:59:53,695 : episode: 909 score: 453.6 100 games avg: 453.6 steps 150 
INFO : 2021-01-19 21:59:57,780 : episode: 910 score: 609.4 100 games avg: 609.4 steps 204 
INFO : 2021-01-19 22:00:01,152 : episode: 911 score: 563.4 100 games avg: 563.4 steps 191 
INFO : 2021-01-19 22:00:04,662 : episode: 912 score: 391.6 100 games avg: 391.6 steps 133 
INFO : 2021-01-19 22:00:08,593 : episode: 913 score: 424.7 100 games avg: 424.7 steps 143 
INFO : 2021-01-19 22:00:11,222 : episode: 914 score: 457.6 100 games avg: 457.6 steps 151 
INFO : 2021-01-19 22:00:13,339 : episode: 915 score: 395.2 100 games avg: 395.2 steps 136 
INFO : 2021-01-19 22:00:17,157 : episode: 916 score: 384.9 100 games avg: 384.9 steps 134 
INFO : 2021-01-19 22:00:21,581 : episode: 917 score: 473.0 100 games avg: 473.0 steps 156 
INFO : 2021-01-19 22:00:27,977 : episode: 918 score: 543.7 100 games avg: 543.7 steps 178 
INFO : 2021-01-19 22:00:32,231 : episode: 919 score: 385.0 100 games avg: 385.0 steps 135 
INFO : 2021-01-19 22:00:37,119 : episode: 920 score: 557.5 100 games avg: 557.5 steps 170 
INFO : 2021-01-19 22:00:40,397 : episode: 921 score: 379.7 100 games avg: 379.7 steps 138 
INFO : 2021-01-19 22:00:43,425 : episode: 922 score: 596.7 100 games avg: 596.7 steps 206 
INFO : 2021-01-19 22:00:45,620 : episode: 923 score: 456.9 100 games avg: 456.9 steps 151 
INFO : 2021-01-19 22:00:47,425 : episode: 924 score: 327.1 100 games avg: 327.1 steps 124 
INFO : 2021-01-19 22:00:49,450 : episode: 925 score: 407.3 100 games avg: 407.3 steps 139 
INFO : 2021-01-19 22:00:51,900 : episode: 926 score: 535.9 100 games avg: 535.9 steps 168 
INFO : 2021-01-19 22:00:53,847 : episode: 927 score: 350.5 100 games avg: 350.5 steps 133 
INFO : 2021-01-19 22:00:56,075 : episode: 928 score: 470.4 100 games avg: 470.4 steps 152 
INFO : 2021-01-19 22:00:58,468 : episode: 929 score: 560.6 100 games avg: 560.6 steps 173 
INFO : 2021-01-19 22:01:00,103 : episode: 930 score: 335.1 100 games avg: 335.1 steps 126 
INFO : 2021-01-19 22:01:01,666 : episode: 931 score: 318.9 100 games avg: 318.9 steps 122 
INFO : 2021-01-19 22:01:03,227 : episode: 932 score: 325.5 100 games avg: 325.5 steps 123 
INFO : 2021-01-19 22:01:05,180 : episode: 933 score: 447.1 100 games avg: 447.1 steps 154 
INFO : 2021-01-19 22:01:06,816 : episode: 934 score: 348.1 100 games avg: 348.1 steps 129 
INFO : 2021-01-19 22:01:08,808 : episode: 935 score: 479.8 100 games avg: 479.8 steps 157 
INFO : 2021-01-19 22:01:11,774 : episode: 936 score: 340.5 100 games avg: 340.5 steps 127 
INFO : 2021-01-19 22:01:15,557 : episode: 937 score: 392.4 100 games avg: 392.4 steps 135 
INFO : 2021-01-19 22:01:19,328 : episode: 938 score: 395.1 100 games avg: 395.1 steps 134 
INFO : 2021-01-19 22:01:23,737 : episode: 939 score: 385.5 100 games avg: 385.5 steps 136 
INFO : 2021-01-19 22:01:28,469 : episode: 940 score: 438.3 100 games avg: 438.3 steps 145 
INFO : 2021-01-19 22:01:33,092 : episode: 941 score: 457.4 100 games avg: 457.4 steps 152 
INFO : 2021-01-19 22:01:37,801 : episode: 942 score: 448.7 100 games avg: 448.7 steps 148 
INFO : 2021-01-19 22:01:42,799 : episode: 943 score: 429.8 100 games avg: 429.8 steps 146 
INFO : 2021-01-19 22:01:47,242 : episode: 944 score: 456.5 100 games avg: 456.5 steps 151 
INFO : 2021-01-19 22:01:51,062 : episode: 945 score: 391.2 100 games avg: 391.2 steps 132 
INFO : 2021-01-19 22:01:55,641 : episode: 946 score: 511.6 100 games avg: 511.6 steps 162 
INFO : 2021-01-19 22:02:00,217 : episode: 947 score: 491.8 100 games avg: 491.8 steps 169 
INFO : 2021-01-19 22:02:03,293 : episode: 948 score: 565.6 100 games avg: 565.6 steps 180 
INFO : 2021-01-19 22:02:07,736 : episode: 949 score: 483.6 100 games avg: 483.6 steps 158 
INFO : 2021-01-19 22:02:11,818 : episode: 950 score: 386.8 100 games avg: 386.8 steps 135 
INFO : 2021-01-19 22:02:15,847 : episode: 951 score: 387.2 100 games avg: 387.2 steps 135 
INFO : 2021-01-19 22:02:20,855 : episode: 952 score: 482.2 100 games avg: 482.2 steps 167 
INFO : 2021-01-19 22:02:24,972 : episode: 953 score: 389.0 100 games avg: 389.0 steps 138 
INFO : 2021-01-19 22:02:29,600 : episode: 954 score: 471.6 100 games avg: 471.6 steps 155 
INFO : 2021-01-19 22:02:33,746 : episode: 955 score: 398.6 100 games avg: 398.6 steps 139 
INFO : 2021-01-19 22:02:38,421 : episode: 956 score: 488.7 100 games avg: 488.7 steps 157 
INFO : 2021-01-19 22:02:43,096 : episode: 957 score: 479.6 100 games avg: 479.6 steps 158 
INFO : 2021-01-19 22:02:48,077 : episode: 958 score: 518.2 100 games avg: 518.2 steps 169 
INFO : 2021-01-19 22:02:52,519 : episode: 959 score: 451.7 100 games avg: 451.7 steps 150 
INFO : 2021-01-19 22:02:56,609 : episode: 960 score: 417.1 100 games avg: 417.1 steps 142 
INFO : 2021-01-19 22:03:01,298 : episode: 961 score: 494.2 100 games avg: 494.2 steps 163 
INFO : 2021-01-19 22:03:04,545 : episode: 962 score: 450.1 100 games avg: 450.1 steps 151 
INFO : 2021-01-19 22:03:08,840 : episode: 963 score: 438.0 100 games avg: 438.0 steps 148 
INFO : 2021-01-19 22:03:13,510 : episode: 964 score: 474.5 100 games avg: 474.5 steps 157 
INFO : 2021-01-19 22:03:17,929 : episode: 965 score: 428.0 100 games avg: 428.0 steps 144 
INFO : 2021-01-19 22:03:22,537 : episode: 966 score: 385.8 100 games avg: 385.8 steps 135 
INFO : 2021-01-19 22:03:27,185 : episode: 967 score: 393.1 100 games avg: 393.1 steps 134 
INFO : 2021-01-19 22:03:31,923 : episode: 968 score: 464.4 100 games avg: 464.4 steps 152 
INFO : 2021-01-19 22:03:36,371 : episode: 969 score: 459.0 100 games avg: 459.0 steps 153 
INFO : 2021-01-19 22:03:38,181 : episode: 970 score: 406.5 100 games avg: 406.5 steps 141 
INFO : 2021-01-19 22:03:40,130 : episode: 971 score: 445.6 100 games avg: 445.6 steps 153 
INFO : 2021-01-19 22:03:42,244 : episode: 972 score: 508.6 100 games avg: 508.6 steps 166 
INFO : 2021-01-19 22:03:44,294 : episode: 973 score: 482.3 100 games avg: 482.3 steps 161 
INFO : 2021-01-19 22:03:46,242 : episode: 974 score: 457.3 100 games avg: 457.3 steps 153 
INFO : 2021-01-19 22:03:48,267 : episode: 975 score: 472.4 100 games avg: 472.4 steps 159 
INFO : 2021-01-19 22:03:50,229 : episode: 976 score: 460.7 100 games avg: 460.7 steps 154 
INFO : 2021-01-19 22:03:52,190 : episode: 977 score: 461.3 100 games avg: 461.3 steps 154 
INFO : 2021-01-19 22:03:54,241 : episode: 978 score: 487.2 100 games avg: 487.2 steps 161 
INFO : 2021-01-19 22:03:56,240 : episode: 979 score: 469.7 100 games avg: 469.7 steps 157 
INFO : 2021-01-19 22:03:58,189 : episode: 980 score: 463.8 100 games avg: 463.8 steps 153 
INFO : 2021-01-19 22:04:00,137 : episode: 981 score: 457.5 100 games avg: 457.5 steps 153 
INFO : 2021-01-19 22:04:02,047 : episode: 982 score: 440.1 100 games avg: 440.1 steps 150 
INFO : 2021-01-19 22:04:04,148 : episode: 983 score: 506.5 100 games avg: 506.5 steps 165 
INFO : 2021-01-19 22:04:05,918 : episode: 984 score: 396.8 100 games avg: 396.8 steps 139 
INFO : 2021-01-19 22:04:07,752 : episode: 985 score: 421.9 100 games avg: 421.9 steps 144 
INFO : 2021-01-19 22:04:09,688 : episode: 986 score: 452.1 100 games avg: 452.1 steps 152 
INFO : 2021-01-19 22:04:11,801 : episode: 987 score: 496.1 100 games avg: 496.1 steps 166 
INFO : 2021-01-19 22:04:13,738 : episode: 988 score: 454.1 100 games avg: 454.1 steps 152 
INFO : 2021-01-19 22:04:15,788 : episode: 989 score: 470.9 100 games avg: 470.9 steps 161 
INFO : 2021-01-19 22:04:17,470 : episode: 990 score: 384.5 100 games avg: 384.5 steps 132 
INFO : 2021-01-19 22:04:19,457 : episode: 991 score: 447.1 100 games avg: 447.1 steps 156 
INFO : 2021-01-19 22:04:21,407 : episode: 992 score: 455.5 100 games avg: 455.5 steps 153 
INFO : 2021-01-19 22:04:23,444 : episode: 993 score: 480.9 100 games avg: 480.9 steps 160 
INFO : 2021-01-19 22:04:25,571 : episode: 994 score: 492.1 100 games avg: 492.1 steps 167 
INFO : 2021-01-19 22:04:27,622 : episode: 995 score: 479.5 100 games avg: 479.5 steps 161 
INFO : 2021-01-19 22:04:29,557 : episode: 996 score: 442.9 100 games avg: 442.9 steps 152 
INFO : 2021-01-19 22:04:31,532 : episode: 997 score: 457.4 100 games avg: 457.4 steps 155 
INFO : 2021-01-19 22:04:33,456 : episode: 998 score: 423.7 100 games avg: 423.7 steps 151 
INFO : 2021-01-19 22:04:35,443 : episode: 999 score: 446.4 100 games avg: 446.4 steps 156 
