INFO : 2021-01-18 20:28:18,430 : method: Soft-Actor Critic
INFO : 2021-01-18 20:28:18,431 : parameter n_steps: 1000 ensemble_size: 5 env: Hopper-v2
INFO : 2021-01-18 20:28:21,311 : mpc_function policy
INFO : 2021-01-18 20:28:21,312 : sac
INFO : 2021-01-18 20:28:21,415 : episode: 0 score: 70.0 100 games avg: 70.0 steps 72 
INFO : 2021-01-18 20:28:21,532 : episode: 1 score: 72.8 100 games avg: 72.8 steps 87 
INFO : 2021-01-18 20:28:21,650 : episode: 2 score: 75.5 100 games avg: 75.5 steps 90 
INFO : 2021-01-18 20:28:22,461 : episode: 3 score: 27.0 100 games avg: 27.0 steps 36 
INFO : 2021-01-18 20:28:22,775 : episode: 4 score: 8.0 100 games avg: 8.0 steps 11 
INFO : 2021-01-18 20:28:23,143 : episode: 5 score: 5.9 100 games avg: 5.9 steps 15 
INFO : 2021-01-18 20:28:25,700 : episode: 6 score: 181.0 100 games avg: 181.0 steps 94 
INFO : 2021-01-18 20:28:25,922 : episode: 7 score: 10.5 100 games avg: 10.5 steps 11 
INFO : 2021-01-18 20:28:26,449 : episode: 8 score: 64.2 100 games avg: 64.2 steps 38 
INFO : 2021-01-18 20:28:27,091 : episode: 9 score: 78.4 100 games avg: 78.4 steps 46 
INFO : 2021-01-18 20:28:27,686 : episode: 10 score: 73.0 100 games avg: 73.0 steps 43 
INFO : 2021-01-18 20:28:28,169 : episode: 11 score: 21.8 100 games avg: 21.8 steps 35 
INFO : 2021-01-18 20:28:28,323 : episode: 12 score: 8.1 100 games avg: 8.1 steps 11 
INFO : 2021-01-18 20:28:28,699 : episode: 13 score: 45.7 100 games avg: 45.7 steps 27 
INFO : 2021-01-18 20:28:29,281 : episode: 14 score: 71.9 100 games avg: 71.9 steps 42 
INFO : 2021-01-18 20:28:29,645 : episode: 15 score: 43.8 100 games avg: 43.8 steps 26 
INFO : 2021-01-18 20:28:29,974 : episode: 16 score: 40.8 100 games avg: 40.8 steps 24 
INFO : 2021-01-18 20:28:30,366 : episode: 17 score: 46.7 100 games avg: 46.7 steps 28 
INFO : 2021-01-18 20:28:31,117 : episode: 18 score: 92.6 100 games avg: 92.6 steps 54 
INFO : 2021-01-18 20:28:31,991 : episode: 19 score: 115.0 100 games avg: 115.0 steps 63 
INFO : 2021-01-18 20:28:32,684 : episode: 20 score: 89.1 100 games avg: 89.1 steps 50 
INFO : 2021-01-18 20:28:33,602 : episode: 21 score: 123.7 100 games avg: 123.7 steps 66 
INFO : 2021-01-18 20:28:33,974 : episode: 22 score: 45.6 100 games avg: 45.6 steps 27 
INFO : 2021-01-18 20:28:34,575 : episode: 23 score: 77.5 100 games avg: 77.5 steps 43 
INFO : 2021-01-18 20:28:35,549 : episode: 24 score: 132.2 100 games avg: 132.2 steps 70 
INFO : 2021-01-18 20:28:36,772 : episode: 25 score: 185.7 100 games avg: 185.7 steps 88 
INFO : 2021-01-18 20:28:37,581 : episode: 26 score: 67.8 100 games avg: 67.8 steps 38 
INFO : 2021-01-18 20:28:38,971 : episode: 27 score: 93.3 100 games avg: 93.3 steps 50 
INFO : 2021-01-18 20:28:40,334 : episode: 28 score: 233.9 100 games avg: 233.9 steps 98 
INFO : 2021-01-18 20:28:41,554 : episode: 29 score: 180.1 100 games avg: 180.1 steps 88 
INFO : 2021-01-18 20:28:42,766 : episode: 30 score: 173.1 100 games avg: 173.1 steps 87 
INFO : 2021-01-18 20:28:44,025 : episode: 31 score: 201.8 100 games avg: 201.8 steps 91 
INFO : 2021-01-18 20:28:45,289 : episode: 32 score: 187.7 100 games avg: 187.7 steps 91 
INFO : 2021-01-18 20:28:46,858 : episode: 33 score: 174.9 100 games avg: 174.9 steps 89 
INFO : 2021-01-18 20:28:49,535 : episode: 34 score: 190.4 100 games avg: 190.4 steps 88 
INFO : 2021-01-18 20:28:51,113 : episode: 35 score: 115.7 100 games avg: 115.7 steps 63 
INFO : 2021-01-18 20:28:51,986 : episode: 36 score: 72.0 100 games avg: 72.0 steps 40 
INFO : 2021-01-18 20:28:53,159 : episode: 37 score: 100.9 100 games avg: 100.9 steps 55 
INFO : 2021-01-18 20:28:54,336 : episode: 38 score: 161.3 100 games avg: 161.3 steps 84 
INFO : 2021-01-18 20:28:56,109 : episode: 39 score: 160.7 100 games avg: 160.7 steps 84 
INFO : 2021-01-18 20:28:58,776 : episode: 40 score: 204.0 100 games avg: 204.0 steps 96 
INFO : 2021-01-18 20:29:00,831 : episode: 41 score: 153.2 100 games avg: 153.2 steps 78 
INFO : 2021-01-18 20:29:03,319 : episode: 42 score: 169.8 100 games avg: 169.8 steps 87 
INFO : 2021-01-18 20:29:04,912 : episode: 43 score: 176.0 100 games avg: 176.0 steps 88 
INFO : 2021-01-18 20:29:06,035 : episode: 44 score: 162.8 100 games avg: 162.8 steps 80 
INFO : 2021-01-18 20:29:07,213 : episode: 45 score: 160.8 100 games avg: 160.8 steps 84 
INFO : 2021-01-18 20:29:08,388 : episode: 46 score: 173.6 100 games avg: 173.6 steps 84 
INFO : 2021-01-18 20:29:10,190 : episode: 47 score: 165.1 100 games avg: 165.1 steps 85 
INFO : 2021-01-18 20:29:11,772 : episode: 48 score: 194.6 100 games avg: 194.6 steps 94 
INFO : 2021-01-18 20:29:12,951 : episode: 49 score: 174.8 100 games avg: 174.8 steps 85 
INFO : 2021-01-18 20:29:14,164 : episode: 50 score: 174.4 100 games avg: 174.4 steps 88 
INFO : 2021-01-18 20:29:15,300 : episode: 51 score: 168.2 100 games avg: 168.2 steps 82 
INFO : 2021-01-18 20:29:16,640 : episode: 52 score: 204.9 100 games avg: 204.9 steps 97 
INFO : 2021-01-18 20:29:17,983 : episode: 53 score: 211.7 100 games avg: 211.7 steps 97 
INFO : 2021-01-18 20:29:19,601 : episode: 54 score: 214.9 100 games avg: 214.9 steps 99 
INFO : 2021-01-18 20:29:22,114 : episode: 55 score: 208.4 100 games avg: 208.4 steps 96 
INFO : 2021-01-18 20:29:24,671 : episode: 56 score: 200.4 100 games avg: 200.4 steps 96 
INFO : 2021-01-18 20:29:26,491 : episode: 57 score: 164.6 100 games avg: 164.6 steps 85 
INFO : 2021-01-18 20:29:27,775 : episode: 58 score: 190.6 100 games avg: 190.6 steps 92 
INFO : 2021-01-18 20:29:29,053 : episode: 59 score: 190.9 100 games avg: 190.9 steps 92 
INFO : 2021-01-18 20:29:30,212 : episode: 60 score: 161.2 100 games avg: 161.2 steps 83 
INFO : 2021-01-18 20:29:31,314 : episode: 61 score: 151.5 100 games avg: 151.5 steps 79 
INFO : 2021-01-18 20:29:33,595 : episode: 62 score: 228.0 100 games avg: 228.0 steps 93 
INFO : 2021-01-18 20:29:35,834 : episode: 63 score: 155.9 100 games avg: 155.9 steps 81 
INFO : 2021-01-18 20:29:37,820 : episode: 64 score: 144.6 100 games avg: 144.6 steps 72 
INFO : 2021-01-18 20:29:40,832 : episode: 65 score: 211.6 100 games avg: 211.6 steps 97 
INFO : 2021-01-18 20:29:42,970 : episode: 66 score: 172.8 100 games avg: 172.8 steps 83 
INFO : 2021-01-18 20:29:44,086 : episode: 67 score: 158.5 100 games avg: 158.5 steps 80 
INFO : 2021-01-18 20:29:45,225 : episode: 68 score: 154.4 100 games avg: 154.4 steps 81 
INFO : 2021-01-18 20:29:46,610 : episode: 69 score: 214.1 100 games avg: 214.1 steps 99 
INFO : 2021-01-18 20:29:47,718 : episode: 70 score: 154.3 100 games avg: 154.3 steps 79 
INFO : 2021-01-18 20:29:48,990 : episode: 71 score: 176.1 100 games avg: 176.1 steps 91 
INFO : 2021-01-18 20:29:50,326 : episode: 72 score: 205.3 100 games avg: 205.3 steps 95 
INFO : 2021-01-18 20:29:51,487 : episode: 73 score: 164.9 100 games avg: 164.9 steps 83 
INFO : 2021-01-18 20:29:52,911 : episode: 74 score: 229.0 100 games avg: 229.0 steps 101 
INFO : 2021-01-18 20:29:54,112 : episode: 75 score: 178.3 100 games avg: 178.3 steps 86 
INFO : 2021-01-18 20:29:55,293 : episode: 76 score: 174.6 100 games avg: 174.6 steps 84 
INFO : 2021-01-18 20:29:56,564 : episode: 77 score: 180.8 100 games avg: 180.8 steps 91 
INFO : 2021-01-18 20:29:57,885 : episode: 78 score: 202.0 100 games avg: 202.0 steps 94 
INFO : 2021-01-18 20:29:58,371 : episode: 79 score: 62.0 100 games avg: 62.0 steps 35 
INFO : 2021-01-18 20:29:59,664 : episode: 80 score: 190.6 100 games avg: 190.6 steps 92 
INFO : 2021-01-18 20:30:01,106 : episode: 81 score: 224.0 100 games avg: 224.0 steps 103 
INFO : 2021-01-18 20:30:02,544 : episode: 82 score: 219.3 100 games avg: 219.3 steps 102 
INFO : 2021-01-18 20:30:04,002 : episode: 83 score: 224.5 100 games avg: 224.5 steps 104 
INFO : 2021-01-18 20:30:05,443 : episode: 84 score: 224.2 100 games avg: 224.2 steps 103 
INFO : 2021-01-18 20:30:06,942 : episode: 85 score: 244.6 100 games avg: 244.6 steps 107 
INFO : 2021-01-18 20:30:08,118 : episode: 86 score: 173.7 100 games avg: 173.7 steps 84 
INFO : 2021-01-18 20:30:09,330 : episode: 87 score: 176.8 100 games avg: 176.8 steps 87 
INFO : 2021-01-18 20:30:10,799 : episode: 88 score: 236.9 100 games avg: 236.9 steps 105 
INFO : 2021-01-18 20:30:12,396 : episode: 89 score: 241.4 100 games avg: 241.4 steps 105 
INFO : 2021-01-18 20:30:15,004 : episode: 90 score: 240.5 100 games avg: 240.5 steps 107 
INFO : 2021-01-18 20:30:17,232 : episode: 91 score: 177.0 100 games avg: 177.0 steps 87 
INFO : 2021-01-18 20:30:20,036 : episode: 92 score: 245.0 100 games avg: 245.0 steps 111 
INFO : 2021-01-18 20:30:22,284 : episode: 93 score: 171.4 100 games avg: 171.4 steps 86 
INFO : 2021-01-18 20:30:25,496 : episode: 94 score: 242.2 100 games avg: 242.2 steps 110 
INFO : 2021-01-18 20:30:28,038 : episode: 95 score: 223.2 100 games avg: 223.2 steps 99 
INFO : 2021-01-18 20:30:31,144 : episode: 96 score: 249.0 100 games avg: 249.0 steps 111 
INFO : 2021-01-18 20:30:33,607 : episode: 97 score: 211.4 100 games avg: 211.4 steps 93 
INFO : 2021-01-18 20:30:36,255 : episode: 98 score: 250.1 100 games avg: 250.1 steps 105 
INFO : 2021-01-18 20:30:38,187 : episode: 99 score: 259.7 100 games avg: 259.7 steps 117 
INFO : 2021-01-18 20:30:39,656 : episode: 100 score: 247.3 100 games avg: 247.3 steps 106 
INFO : 2021-01-18 20:30:41,150 : episode: 101 score: 264.1 100 games avg: 264.1 steps 108 
INFO : 2021-01-18 20:30:43,728 : episode: 102 score: 266.1 100 games avg: 266.1 steps 121 
INFO : 2021-01-18 20:30:47,084 : episode: 103 score: 270.5 100 games avg: 270.5 steps 128 
INFO : 2021-01-18 20:30:50,028 : episode: 104 score: 267.2 100 games avg: 267.2 steps 120 
INFO : 2021-01-18 20:30:51,227 : episode: 105 score: 161.6 100 games avg: 161.6 steps 86 
INFO : 2021-01-18 20:30:54,036 : episode: 106 score: 285.4 100 games avg: 285.4 steps 132 
INFO : 2021-01-18 20:30:56,978 : episode: 107 score: 269.0 100 games avg: 269.0 steps 120 
INFO : 2021-01-18 20:31:00,410 : episode: 108 score: 271.1 100 games avg: 271.1 steps 124 
INFO : 2021-01-18 20:31:03,978 : episode: 109 score: 262.5 100 games avg: 262.5 steps 122 
INFO : 2021-01-18 20:31:07,702 : episode: 110 score: 291.0 100 games avg: 291.0 steps 137 
INFO : 2021-01-18 20:31:08,836 : episode: 111 score: 89.2 100 games avg: 89.2 steps 51 
INFO : 2021-01-18 20:31:10,183 : episode: 112 score: 73.0 100 games avg: 73.0 steps 42 
INFO : 2021-01-18 20:31:11,515 : episode: 113 score: 79.0 100 games avg: 79.0 steps 45 
INFO : 2021-01-18 20:31:14,553 : episode: 114 score: 270.1 100 games avg: 270.1 steps 111 
INFO : 2021-01-18 20:31:16,051 : episode: 115 score: 95.3 100 games avg: 95.3 steps 54 
INFO : 2021-01-18 20:31:18,673 : episode: 116 score: 253.3 100 games avg: 253.3 steps 120 
INFO : 2021-01-18 20:31:20,560 : episode: 117 score: 238.7 100 games avg: 238.7 steps 123 
INFO : 2021-01-18 20:31:23,765 : episode: 118 score: 254.2 100 games avg: 254.2 steps 115 
INFO : 2021-01-18 20:31:26,543 : episode: 119 score: 259.2 100 games avg: 259.2 steps 110 
INFO : 2021-01-18 20:31:29,872 : episode: 120 score: 255.3 100 games avg: 255.3 steps 115 
INFO : 2021-01-18 20:31:33,287 : episode: 121 score: 261.5 100 games avg: 261.5 steps 126 
INFO : 2021-01-18 20:31:35,618 : episode: 122 score: 267.0 100 games avg: 267.0 steps 116 
INFO : 2021-01-18 20:31:37,214 : episode: 123 score: 261.0 100 games avg: 261.0 steps 114 
INFO : 2021-01-18 20:31:38,823 : episode: 124 score: 246.0 100 games avg: 246.0 steps 115 
INFO : 2021-01-18 20:31:41,926 : episode: 125 score: 269.6 100 games avg: 269.6 steps 114 
INFO : 2021-01-18 20:31:45,171 : episode: 126 score: 262.2 100 games avg: 262.2 steps 123 
INFO : 2021-01-18 20:31:48,421 : episode: 127 score: 265.8 100 games avg: 265.8 steps 115 
INFO : 2021-01-18 20:31:51,490 : episode: 128 score: 275.2 100 games avg: 275.2 steps 115 
INFO : 2021-01-18 20:31:54,158 : episode: 129 score: 249.1 100 games avg: 249.1 steps 124 
INFO : 2021-01-18 20:31:55,759 : episode: 130 score: 273.1 100 games avg: 273.1 steps 116 
INFO : 2021-01-18 20:31:57,349 : episode: 131 score: 273.1 100 games avg: 273.1 steps 115 
INFO : 2021-01-18 20:31:58,957 : episode: 132 score: 271.6 100 games avg: 271.6 steps 116 
INFO : 2021-01-18 20:31:59,813 : episode: 133 score: 110.6 100 games avg: 110.6 steps 62 
INFO : 2021-01-18 20:32:02,707 : episode: 134 score: 274.3 100 games avg: 274.3 steps 116 
INFO : 2021-01-18 20:32:05,133 : episode: 135 score: 239.4 100 games avg: 239.4 steps 112 
INFO : 2021-01-18 20:32:08,020 : episode: 136 score: 265.8 100 games avg: 265.8 steps 114 
INFO : 2021-01-18 20:32:11,275 : episode: 137 score: 247.7 100 games avg: 247.7 steps 117 
INFO : 2021-01-18 20:32:14,210 : episode: 138 score: 277.0 100 games avg: 277.0 steps 116 
INFO : 2021-01-18 20:32:17,182 : episode: 139 score: 265.4 100 games avg: 265.4 steps 113 
INFO : 2021-01-18 20:32:20,362 : episode: 140 score: 264.9 100 games avg: 264.9 steps 110 
INFO : 2021-01-18 20:32:21,631 : episode: 141 score: 107.7 100 games avg: 107.7 steps 61 
INFO : 2021-01-18 20:32:23,302 : episode: 142 score: 240.0 100 games avg: 240.0 steps 119 
INFO : 2021-01-18 20:32:25,731 : episode: 143 score: 242.1 100 games avg: 242.1 steps 103 
INFO : 2021-01-18 20:32:28,896 : episode: 144 score: 244.4 100 games avg: 244.4 steps 108 
INFO : 2021-01-18 20:32:32,090 : episode: 145 score: 267.4 100 games avg: 267.4 steps 112 
INFO : 2021-01-18 20:32:34,602 : episode: 146 score: 250.8 100 games avg: 250.8 steps 108 
INFO : 2021-01-18 20:32:37,345 : episode: 147 score: 270.2 100 games avg: 270.2 steps 114 
INFO : 2021-01-18 20:32:40,171 : episode: 148 score: 257.3 100 games avg: 257.3 steps 108 
INFO : 2021-01-18 20:32:43,110 : episode: 149 score: 260.3 100 games avg: 260.3 steps 112 
INFO : 2021-01-18 20:32:46,145 : episode: 150 score: 270.5 100 games avg: 270.5 steps 114 
INFO : 2021-01-18 20:32:48,473 : episode: 151 score: 255.5 100 games avg: 255.5 steps 107 
INFO : 2021-01-18 20:32:50,469 : episode: 152 score: 263.0 100 games avg: 263.0 steps 109 
INFO : 2021-01-18 20:32:52,024 : episode: 153 score: 266.8 100 games avg: 266.8 steps 112 
INFO : 2021-01-18 20:32:53,549 : episode: 154 score: 258.1 100 games avg: 258.1 steps 110 
INFO : 2021-01-18 20:32:55,315 : episode: 155 score: 255.8 100 games avg: 255.8 steps 108 
INFO : 2021-01-18 20:32:58,537 : episode: 156 score: 265.0 100 games avg: 265.0 steps 111 
INFO : 2021-01-18 20:33:00,970 : episode: 157 score: 213.2 100 games avg: 213.2 steps 93 
INFO : 2021-01-18 20:33:03,908 : episode: 158 score: 258.6 100 games avg: 258.6 steps 109 
INFO : 2021-01-18 20:33:06,855 : episode: 159 score: 251.4 100 games avg: 251.4 steps 112 
INFO : 2021-01-18 20:33:09,799 : episode: 160 score: 260.1 100 games avg: 260.1 steps 112 
INFO : 2021-01-18 20:33:12,904 : episode: 161 score: 266.4 100 games avg: 266.4 steps 112 
INFO : 2021-01-18 20:33:15,654 : episode: 162 score: 283.6 100 games avg: 283.6 steps 115 
INFO : 2021-01-18 20:33:17,203 : episode: 163 score: 255.3 100 games avg: 255.3 steps 112 
INFO : 2021-01-18 20:33:18,653 : episode: 164 score: 270.2 100 games avg: 270.2 steps 105 
INFO : 2021-01-18 20:33:20,200 : episode: 165 score: 259.8 100 games avg: 259.8 steps 112 
INFO : 2021-01-18 20:33:21,685 : episode: 166 score: 233.9 100 games avg: 233.9 steps 107 
INFO : 2021-01-18 20:33:23,371 : episode: 167 score: 300.2 100 games avg: 300.2 steps 122 
INFO : 2021-01-18 20:33:24,919 : episode: 168 score: 269.0 100 games avg: 269.0 steps 112 
INFO : 2021-01-18 20:33:26,495 : episode: 169 score: 296.0 100 games avg: 296.0 steps 114 
INFO : 2021-01-18 20:33:28,070 : episode: 170 score: 263.5 100 games avg: 263.5 steps 114 
INFO : 2021-01-18 20:33:29,249 : episode: 171 score: 188.6 100 games avg: 188.6 steps 85 
INFO : 2021-01-18 20:33:30,825 : episode: 172 score: 302.5 100 games avg: 302.5 steps 114 
INFO : 2021-01-18 20:33:32,427 : episode: 173 score: 298.9 100 games avg: 298.9 steps 116 
INFO : 2021-01-18 20:33:33,578 : episode: 174 score: 180.1 100 games avg: 180.1 steps 83 
INFO : 2021-01-18 20:33:35,138 : episode: 175 score: 289.0 100 games avg: 289.0 steps 113 
INFO : 2021-01-18 20:33:36,670 : episode: 176 score: 255.3 100 games avg: 255.3 steps 111 
INFO : 2021-01-18 20:33:38,245 : episode: 177 score: 297.0 100 games avg: 297.0 steps 114 
INFO : 2021-01-18 20:33:39,863 : episode: 178 score: 260.3 100 games avg: 260.3 steps 117 
INFO : 2021-01-18 20:33:41,376 : episode: 179 score: 259.4 100 games avg: 259.4 steps 109 
INFO : 2021-01-18 20:33:42,437 : episode: 180 score: 161.5 100 games avg: 161.5 steps 77 
INFO : 2021-01-18 20:33:44,110 : episode: 181 score: 302.2 100 games avg: 302.2 steps 121 
INFO : 2021-01-18 20:33:45,581 : episode: 182 score: 251.5 100 games avg: 251.5 steps 106 
INFO : 2021-01-18 20:33:47,085 : episode: 183 score: 265.5 100 games avg: 265.5 steps 109 
INFO : 2021-01-18 20:33:48,605 : episode: 184 score: 261.0 100 games avg: 261.0 steps 110 
INFO : 2021-01-18 20:33:50,282 : episode: 185 score: 289.6 100 games avg: 289.6 steps 121 
INFO : 2021-01-18 20:33:52,055 : episode: 186 score: 313.5 100 games avg: 313.5 steps 128 
INFO : 2021-01-18 20:33:53,675 : episode: 187 score: 263.6 100 games avg: 263.6 steps 109 
INFO : 2021-01-18 20:33:55,350 : episode: 188 score: 299.8 100 games avg: 299.8 steps 121 
INFO : 2021-01-18 20:33:56,966 : episode: 189 score: 150.7 100 games avg: 150.7 steps 74 
INFO : 2021-01-18 20:33:58,867 : episode: 190 score: 146.4 100 games avg: 146.4 steps 72 
INFO : 2021-01-18 20:34:02,351 : episode: 191 score: 315.5 100 games avg: 315.5 steps 130 
INFO : 2021-01-18 20:34:04,125 : episode: 192 score: 159.1 100 games avg: 159.1 steps 77 
INFO : 2021-01-18 20:34:06,921 : episode: 193 score: 273.5 100 games avg: 273.5 steps 123 
INFO : 2021-01-18 20:34:09,775 : episode: 194 score: 259.6 100 games avg: 259.6 steps 112 
INFO : 2021-01-18 20:34:12,451 : episode: 195 score: 269.7 100 games avg: 269.7 steps 118 
INFO : 2021-01-18 20:34:15,904 : episode: 196 score: 285.9 100 games avg: 285.9 steps 125 
INFO : 2021-01-18 20:34:17,670 : episode: 197 score: 207.9 100 games avg: 207.9 steps 108 
INFO : 2021-01-18 20:34:20,198 : episode: 198 score: 265.9 100 games avg: 265.9 steps 114 
INFO : 2021-01-18 20:34:23,284 : episode: 199 score: 253.3 100 games avg: 253.3 steps 114 
INFO : 2021-01-18 20:34:26,391 : episode: 200 score: 261.6 100 games avg: 261.6 steps 118 
INFO : 2021-01-18 20:34:30,612 : episode: 201 score: 312.4 100 games avg: 312.4 steps 147 
INFO : 2021-01-18 20:34:33,689 : episode: 202 score: 285.9 100 games avg: 285.9 steps 123 
INFO : 2021-01-18 20:34:37,588 : episode: 203 score: 292.2 100 games avg: 292.2 steps 136 
INFO : 2021-01-18 20:34:40,251 : episode: 204 score: 193.3 100 games avg: 193.3 steps 104 
INFO : 2021-01-18 20:34:43,950 : episode: 205 score: 281.8 100 games avg: 281.8 steps 130 
INFO : 2021-01-18 20:34:46,982 : episode: 206 score: 273.5 100 games avg: 273.5 steps 111 
INFO : 2021-01-18 20:34:49,883 : episode: 207 score: 280.4 100 games avg: 280.4 steps 113 
INFO : 2021-01-18 20:34:52,553 : episode: 208 score: 235.1 100 games avg: 235.1 steps 100 
INFO : 2021-01-18 20:34:55,683 : episode: 209 score: 270.7 100 games avg: 270.7 steps 109 
INFO : 2021-01-18 20:34:57,718 : episode: 210 score: 278.4 100 games avg: 278.4 steps 116 
INFO : 2021-01-18 20:34:59,259 : episode: 211 score: 271.5 100 games avg: 271.5 steps 111 
INFO : 2021-01-18 20:35:00,844 : episode: 212 score: 281.4 100 games avg: 281.4 steps 114 
INFO : 2021-01-18 20:35:02,445 : episode: 213 score: 285.3 100 games avg: 285.3 steps 114 
INFO : 2021-01-18 20:35:04,042 : episode: 214 score: 281.8 100 games avg: 281.8 steps 115 
INFO : 2021-01-18 20:35:05,575 : episode: 215 score: 274.6 100 games avg: 274.6 steps 110 
INFO : 2021-01-18 20:35:07,107 : episode: 216 score: 275.2 100 games avg: 275.2 steps 110 
INFO : 2021-01-18 20:35:09,809 : episode: 217 score: 272.1 100 games avg: 272.1 steps 109 
INFO : 2021-01-18 20:35:13,070 : episode: 218 score: 286.3 100 games avg: 286.3 steps 117 
INFO : 2021-01-18 20:35:16,200 : episode: 219 score: 277.3 100 games avg: 277.3 steps 113 
INFO : 2021-01-18 20:35:18,354 : episode: 220 score: 274.6 100 games avg: 274.6 steps 114 
INFO : 2021-01-18 20:35:19,947 : episode: 221 score: 275.0 100 games avg: 275.0 steps 114 
INFO : 2021-01-18 20:35:21,538 : episode: 222 score: 273.2 100 games avg: 273.2 steps 114 
INFO : 2021-01-18 20:35:23,109 : episode: 223 score: 271.5 100 games avg: 271.5 steps 113 
INFO : 2021-01-18 20:35:24,696 : episode: 224 score: 275.6 100 games avg: 275.6 steps 114 
INFO : 2021-01-18 20:35:26,270 : episode: 225 score: 279.2 100 games avg: 279.2 steps 113 
INFO : 2021-01-18 20:35:27,830 : episode: 226 score: 282.8 100 games avg: 282.8 steps 112 
INFO : 2021-01-18 20:35:29,388 : episode: 227 score: 272.9 100 games avg: 272.9 steps 112 
INFO : 2021-01-18 20:35:30,976 : episode: 228 score: 257.6 100 games avg: 257.6 steps 114 
INFO : 2021-01-18 20:35:32,566 : episode: 229 score: 267.6 100 games avg: 267.6 steps 114 
INFO : 2021-01-18 20:35:34,110 : episode: 230 score: 280.9 100 games avg: 280.9 steps 111 
INFO : 2021-01-18 20:35:35,655 : episode: 231 score: 273.9 100 games avg: 273.9 steps 111 
INFO : 2021-01-18 20:35:37,118 : episode: 232 score: 261.6 100 games avg: 261.6 steps 105 
INFO : 2021-01-18 20:35:38,719 : episode: 233 score: 273.3 100 games avg: 273.3 steps 115 
INFO : 2021-01-18 20:35:41,220 : episode: 234 score: 271.9 100 games avg: 271.9 steps 112 
INFO : 2021-01-18 20:35:42,751 : episode: 235 score: 274.0 100 games avg: 274.0 steps 110 
INFO : 2021-01-18 20:35:44,320 : episode: 236 score: 265.3 100 games avg: 265.3 steps 113 
INFO : 2021-01-18 20:35:45,898 : episode: 237 score: 267.7 100 games avg: 267.7 steps 113 
INFO : 2021-01-18 20:35:47,482 : episode: 238 score: 268.0 100 games avg: 268.0 steps 114 
INFO : 2021-01-18 20:35:49,055 : episode: 239 score: 254.8 100 games avg: 254.8 steps 113 
INFO : 2021-01-18 20:35:50,612 : episode: 240 score: 270.8 100 games avg: 270.8 steps 112 
INFO : 2021-01-18 20:35:52,211 : episode: 241 score: 258.7 100 games avg: 258.7 steps 115 
INFO : 2021-01-18 20:35:53,828 : episode: 242 score: 261.8 100 games avg: 261.8 steps 116 
INFO : 2021-01-18 20:35:55,428 : episode: 243 score: 274.4 100 games avg: 274.4 steps 115 
INFO : 2021-01-18 20:35:57,626 : episode: 244 score: 276.7 100 games avg: 276.7 steps 113 
INFO : 2021-01-18 20:36:00,755 : episode: 245 score: 270.5 100 games avg: 270.5 steps 117 
INFO : 2021-01-18 20:36:02,810 : episode: 246 score: 253.2 100 games avg: 253.2 steps 111 
INFO : 2021-01-18 20:36:04,383 : episode: 247 score: 272.1 100 games avg: 272.1 steps 114 
INFO : 2021-01-18 20:36:05,958 : episode: 248 score: 286.5 100 games avg: 286.5 steps 114 
INFO : 2021-01-18 20:36:07,576 : episode: 249 score: 274.0 100 games avg: 274.0 steps 117 
INFO : 2021-01-18 20:36:09,337 : episode: 250 score: 263.0 100 games avg: 263.0 steps 118 
INFO : 2021-01-18 20:36:12,364 : episode: 251 score: 286.0 100 games avg: 286.0 steps 116 
INFO : 2021-01-18 20:36:15,382 : episode: 252 score: 262.0 100 games avg: 262.0 steps 116 
INFO : 2021-01-18 20:36:17,801 : episode: 253 score: 259.9 100 games avg: 259.9 steps 113 
INFO : 2021-01-18 20:36:19,435 : episode: 254 score: 263.5 100 games avg: 263.5 steps 117 
INFO : 2021-01-18 20:36:21,030 : episode: 255 score: 258.2 100 games avg: 258.2 steps 114 
INFO : 2021-01-18 20:36:22,652 : episode: 256 score: 275.9 100 games avg: 275.9 steps 116 
INFO : 2021-01-18 20:36:24,290 : episode: 257 score: 284.5 100 games avg: 284.5 steps 117 
INFO : 2021-01-18 20:36:25,924 : episode: 258 score: 312.3 100 games avg: 312.3 steps 117 
INFO : 2021-01-18 20:36:27,667 : episode: 259 score: 270.4 100 games avg: 270.4 steps 116 
INFO : 2021-01-18 20:36:30,576 : episode: 260 score: 263.9 100 games avg: 263.9 steps 116 
INFO : 2021-01-18 20:36:33,798 : episode: 261 score: 287.7 100 games avg: 287.7 steps 115 
INFO : 2021-01-18 20:36:36,751 : episode: 262 score: 260.1 100 games avg: 260.1 steps 114 
INFO : 2021-01-18 20:36:39,838 : episode: 263 score: 273.3 100 games avg: 273.3 steps 105 
INFO : 2021-01-18 20:36:41,417 : episode: 264 score: 265.5 100 games avg: 265.5 steps 113 
INFO : 2021-01-18 20:36:42,967 : episode: 265 score: 257.5 100 games avg: 257.5 steps 112 
INFO : 2021-01-18 20:36:44,547 : episode: 266 score: 291.1 100 games avg: 291.1 steps 114 
INFO : 2021-01-18 20:36:46,169 : episode: 267 score: 293.2 100 games avg: 293.2 steps 117 
INFO : 2021-01-18 20:36:47,778 : episode: 268 score: 286.8 100 games avg: 286.8 steps 116 
INFO : 2021-01-18 20:36:49,528 : episode: 269 score: 287.5 100 games avg: 287.5 steps 115 
INFO : 2021-01-18 20:36:51,515 : episode: 270 score: 294.4 100 games avg: 294.4 steps 115 
INFO : 2021-01-18 20:36:53,104 : episode: 271 score: 288.2 100 games avg: 288.2 steps 114 
INFO : 2021-01-18 20:36:54,764 : episode: 272 score: 313.2 100 games avg: 313.2 steps 119 
INFO : 2021-01-18 20:36:57,682 : episode: 273 score: 287.1 100 games avg: 287.1 steps 117 
INFO : 2021-01-18 20:37:00,967 : episode: 274 score: 295.6 100 games avg: 295.6 steps 119 
INFO : 2021-01-18 20:37:03,542 : episode: 275 score: 280.1 100 games avg: 280.1 steps 114 
INFO : 2021-01-18 20:37:07,087 : episode: 276 score: 303.4 100 games avg: 303.4 steps 120 
INFO : 2021-01-18 20:37:10,374 : episode: 277 score: 292.0 100 games avg: 292.0 steps 116 
INFO : 2021-01-18 20:37:13,747 : episode: 278 score: 298.9 100 games avg: 298.9 steps 117 
INFO : 2021-01-18 20:37:15,377 : episode: 279 score: 289.4 100 games avg: 289.4 steps 117 
INFO : 2021-01-18 20:37:16,979 : episode: 280 score: 311.3 100 games avg: 311.3 steps 115 
INFO : 2021-01-18 20:37:18,636 : episode: 281 score: 308.9 100 games avg: 308.9 steps 119 
INFO : 2021-01-18 20:37:20,240 : episode: 282 score: 296.3 100 games avg: 296.3 steps 115 
INFO : 2021-01-18 20:37:21,412 : episode: 283 score: 181.9 100 games avg: 181.9 steps 84 
INFO : 2021-01-18 20:37:22,944 : episode: 284 score: 291.3 100 games avg: 291.3 steps 110 
INFO : 2021-01-18 20:37:25,038 : episode: 285 score: 294.1 100 games avg: 294.1 steps 117 
INFO : 2021-01-18 20:37:27,525 : episode: 286 score: 303.5 100 games avg: 303.5 steps 117 
INFO : 2021-01-18 20:37:30,028 : episode: 287 score: 260.4 100 games avg: 260.4 steps 111 
INFO : 2021-01-18 20:37:31,713 : episode: 288 score: 298.1 100 games avg: 298.1 steps 115 
INFO : 2021-01-18 20:37:34,967 : episode: 289 score: 303.5 100 games avg: 303.5 steps 113 
INFO : 2021-01-18 20:37:37,915 : episode: 290 score: 266.3 100 games avg: 266.3 steps 103 
INFO : 2021-01-18 20:37:41,247 : episode: 291 score: 307.2 100 games avg: 307.2 steps 119 
INFO : 2021-01-18 20:37:44,604 : episode: 292 score: 304.8 100 games avg: 304.8 steps 118 
INFO : 2021-01-18 20:37:47,152 : episode: 293 score: 235.7 100 games avg: 235.7 steps 97 
INFO : 2021-01-18 20:37:50,330 : episode: 294 score: 305.6 100 games avg: 305.6 steps 115 
INFO : 2021-01-18 20:37:53,377 : episode: 295 score: 306.1 100 games avg: 306.1 steps 120 
INFO : 2021-01-18 20:37:56,273 : episode: 296 score: 218.8 100 games avg: 218.8 steps 103 
INFO : 2021-01-18 20:37:59,535 : episode: 297 score: 301.1 100 games avg: 301.1 steps 116 
INFO : 2021-01-18 20:38:01,693 : episode: 298 score: 300.4 100 games avg: 300.4 steps 113 
INFO : 2021-01-18 20:38:03,391 : episode: 299 score: 315.1 100 games avg: 315.1 steps 122 
INFO : 2021-01-18 20:38:04,979 : episode: 300 score: 299.1 100 games avg: 299.1 steps 114 
INFO : 2021-01-18 20:38:06,564 : episode: 301 score: 243.9 100 games avg: 243.9 steps 114 
INFO : 2021-01-18 20:38:08,769 : episode: 302 score: 297.3 100 games avg: 297.3 steps 119 
INFO : 2021-01-18 20:38:11,243 : episode: 303 score: 269.8 100 games avg: 269.8 steps 111 
INFO : 2021-01-18 20:38:12,972 : episode: 304 score: 315.9 100 games avg: 315.9 steps 125 
INFO : 2021-01-18 20:38:14,564 : episode: 305 score: 298.3 100 games avg: 298.3 steps 115 
INFO : 2021-01-18 20:38:16,240 : episode: 306 score: 310.2 100 games avg: 310.2 steps 121 
INFO : 2021-01-18 20:38:17,488 : episode: 307 score: 173.3 100 games avg: 173.3 steps 90 
INFO : 2021-01-18 20:38:18,771 : episode: 308 score: 186.3 100 games avg: 186.3 steps 93 
INFO : 2021-01-18 20:38:20,250 : episode: 309 score: 233.3 100 games avg: 233.3 steps 107 
INFO : 2021-01-18 20:38:21,936 : episode: 310 score: 324.3 100 games avg: 324.3 steps 122 
INFO : 2021-01-18 20:38:23,558 : episode: 311 score: 288.5 100 games avg: 288.5 steps 117 
INFO : 2021-01-18 20:38:25,219 : episode: 312 score: 315.1 100 games avg: 315.1 steps 120 
INFO : 2021-01-18 20:38:26,961 : episode: 313 score: 266.8 100 games avg: 266.8 steps 126 
INFO : 2021-01-18 20:38:29,171 : episode: 314 score: 383.7 100 games avg: 383.7 steps 160 
INFO : 2021-01-18 20:38:30,924 : episode: 315 score: 275.0 100 games avg: 275.0 steps 127 
INFO : 2021-01-18 20:38:32,860 : episode: 316 score: 388.6 100 games avg: 388.6 steps 140 
INFO : 2021-01-18 20:38:36,075 : episode: 317 score: 423.2 100 games avg: 423.2 steps 170 
INFO : 2021-01-18 20:38:40,033 : episode: 318 score: 296.2 100 games avg: 296.2 steps 141 
INFO : 2021-01-18 20:38:43,367 : episode: 319 score: 288.9 100 games avg: 288.9 steps 133 
INFO : 2021-01-18 20:38:47,151 : episode: 320 score: 319.6 100 games avg: 319.6 steps 147 
INFO : 2021-01-18 20:38:51,121 : episode: 321 score: 296.4 100 games avg: 296.4 steps 142 
INFO : 2021-01-18 20:38:54,195 : episode: 322 score: 287.1 100 games avg: 287.1 steps 133 
INFO : 2021-01-18 20:38:56,409 : episode: 323 score: 305.4 100 games avg: 305.4 steps 142 
INFO : 2021-01-18 20:38:58,874 : episode: 324 score: 290.1 100 games avg: 290.1 steps 140 
INFO : 2021-01-18 20:39:02,229 : episode: 325 score: 307.4 100 games avg: 307.4 steps 149 
INFO : 2021-01-18 20:39:04,195 : episode: 326 score: 307.3 100 games avg: 307.3 steps 142 
INFO : 2021-01-18 20:39:06,314 : episode: 327 score: 333.3 100 games avg: 333.3 steps 153 
INFO : 2021-01-18 20:39:08,355 : episode: 328 score: 302.5 100 games avg: 302.5 steps 148 
INFO : 2021-01-18 20:39:10,362 : episode: 329 score: 350.4 100 games avg: 350.4 steps 145 
INFO : 2021-01-18 20:39:12,621 : episode: 330 score: 297.3 100 games avg: 297.3 steps 147 
INFO : 2021-01-18 20:39:16,355 : episode: 331 score: 243.8 100 games avg: 243.8 steps 127 
INFO : 2021-01-18 20:39:20,242 : episode: 332 score: 310.9 100 games avg: 310.9 steps 138 
INFO : 2021-01-18 20:39:24,205 : episode: 333 score: 300.9 100 games avg: 300.9 steps 144 
INFO : 2021-01-18 20:39:27,767 : episode: 334 score: 306.6 100 games avg: 306.6 steps 144 
INFO : 2021-01-18 20:39:31,152 : episode: 335 score: 244.3 100 games avg: 244.3 steps 125 
INFO : 2021-01-18 20:39:34,644 : episode: 336 score: 316.3 100 games avg: 316.3 steps 144 
INFO : 2021-01-18 20:39:38,337 : episode: 337 score: 302.6 100 games avg: 302.6 steps 132 
INFO : 2021-01-18 20:39:42,064 : episode: 338 score: 366.9 100 games avg: 366.9 steps 142 
INFO : 2021-01-18 20:39:45,734 : episode: 339 score: 324.4 100 games avg: 324.4 steps 143 
INFO : 2021-01-18 20:39:48,177 : episode: 340 score: 368.6 100 games avg: 368.6 steps 144 
INFO : 2021-01-18 20:39:52,169 : episode: 341 score: 338.5 100 games avg: 338.5 steps 139 
INFO : 2021-01-18 20:39:55,721 : episode: 342 score: 345.4 100 games avg: 345.4 steps 137 
INFO : 2021-01-18 20:39:59,281 : episode: 343 score: 370.3 100 games avg: 370.3 steps 143 
INFO : 2021-01-18 20:40:01,095 : episode: 344 score: 322.3 100 games avg: 322.3 steps 130 
INFO : 2021-01-18 20:40:03,054 : episode: 345 score: 335.9 100 games avg: 335.9 steps 141 
INFO : 2021-01-18 20:40:04,895 : episode: 346 score: 313.0 100 games avg: 313.0 steps 132 
INFO : 2021-01-18 20:40:06,733 : episode: 347 score: 338.7 100 games avg: 338.7 steps 132 
INFO : 2021-01-18 20:40:08,549 : episode: 348 score: 315.6 100 games avg: 315.6 steps 126 
INFO : 2021-01-18 20:40:11,700 : episode: 349 score: 314.5 100 games avg: 314.5 steps 126 
INFO : 2021-01-18 20:40:15,121 : episode: 350 score: 344.6 100 games avg: 344.6 steps 133 
INFO : 2021-01-18 20:40:18,743 : episode: 351 score: 304.7 100 games avg: 304.7 steps 130 
INFO : 2021-01-18 20:40:21,492 : episode: 352 score: 348.5 100 games avg: 348.5 steps 135 
INFO : 2021-01-18 20:40:23,436 : episode: 353 score: 325.4 100 games avg: 325.4 steps 133 
INFO : 2021-01-18 20:40:26,752 : episode: 354 score: 323.7 100 games avg: 323.7 steps 130 
INFO : 2021-01-18 20:40:30,223 : episode: 355 score: 328.4 100 games avg: 328.4 steps 129 
INFO : 2021-01-18 20:40:33,830 : episode: 356 score: 329.5 100 games avg: 329.5 steps 135 
INFO : 2021-01-18 20:40:35,587 : episode: 357 score: 320.1 100 games avg: 320.1 steps 126 
INFO : 2021-01-18 20:40:37,345 : episode: 358 score: 315.7 100 games avg: 315.7 steps 126 
INFO : 2021-01-18 20:40:39,216 : episode: 359 score: 326.9 100 games avg: 326.9 steps 134 
INFO : 2021-01-18 20:40:41,012 : episode: 360 score: 326.5 100 games avg: 326.5 steps 128 
INFO : 2021-01-18 20:40:42,863 : episode: 361 score: 327.2 100 games avg: 327.2 steps 127 
INFO : 2021-01-18 20:40:44,526 : episode: 362 score: 304.1 100 games avg: 304.1 steps 120 
INFO : 2021-01-18 20:40:46,217 : episode: 363 score: 316.0 100 games avg: 316.0 steps 122 
INFO : 2021-01-18 20:40:47,935 : episode: 364 score: 307.8 100 games avg: 307.8 steps 124 
INFO : 2021-01-18 20:40:49,679 : episode: 365 score: 310.2 100 games avg: 310.2 steps 126 
INFO : 2021-01-18 20:40:51,394 : episode: 366 score: 324.2 100 games avg: 324.2 steps 124 
INFO : 2021-01-18 20:40:53,100 : episode: 367 score: 309.0 100 games avg: 309.0 steps 123 
INFO : 2021-01-18 20:40:54,801 : episode: 368 score: 314.2 100 games avg: 314.2 steps 123 
INFO : 2021-01-18 20:40:57,667 : episode: 369 score: 314.9 100 games avg: 314.9 steps 126 
INFO : 2021-01-18 20:40:59,387 : episode: 370 score: 326.3 100 games avg: 326.3 steps 124 
INFO : 2021-01-18 20:41:01,096 : episode: 371 score: 321.8 100 games avg: 321.8 steps 123 
INFO : 2021-01-18 20:41:02,816 : episode: 372 score: 314.8 100 games avg: 314.8 steps 124 
INFO : 2021-01-18 20:41:04,498 : episode: 373 score: 299.7 100 games avg: 299.7 steps 121 
INFO : 2021-01-18 20:41:06,217 : episode: 374 score: 305.6 100 games avg: 305.6 steps 124 
INFO : 2021-01-18 20:41:07,881 : episode: 375 score: 316.6 100 games avg: 316.6 steps 120 
INFO : 2021-01-18 20:41:09,607 : episode: 376 score: 323.6 100 games avg: 323.6 steps 124 
INFO : 2021-01-18 20:41:11,356 : episode: 377 score: 338.9 100 games avg: 338.9 steps 126 
INFO : 2021-01-18 20:41:13,090 : episode: 378 score: 322.1 100 games avg: 322.1 steps 125 
INFO : 2021-01-18 20:41:14,814 : episode: 379 score: 340.5 100 games avg: 340.5 steps 124 
INFO : 2021-01-18 20:41:16,590 : episode: 380 score: 328.3 100 games avg: 328.3 steps 128 
INFO : 2021-01-18 20:41:18,199 : episode: 381 score: 296.5 100 games avg: 296.5 steps 116 
INFO : 2021-01-18 20:41:19,920 : episode: 382 score: 330.4 100 games avg: 330.4 steps 124 
INFO : 2021-01-18 20:41:21,680 : episode: 383 score: 317.8 100 games avg: 317.8 steps 127 
INFO : 2021-01-18 20:41:23,415 : episode: 384 score: 314.6 100 games avg: 314.6 steps 125 
INFO : 2021-01-18 20:41:25,216 : episode: 385 score: 331.4 100 games avg: 331.4 steps 130 
INFO : 2021-01-18 20:41:27,085 : episode: 386 score: 333.5 100 games avg: 333.5 steps 135 
INFO : 2021-01-18 20:41:28,656 : episode: 387 score: 296.3 100 games avg: 296.3 steps 113 
INFO : 2021-01-18 20:41:30,389 : episode: 388 score: 336.4 100 games avg: 336.4 steps 125 
INFO : 2021-01-18 20:41:32,188 : episode: 389 score: 341.1 100 games avg: 341.1 steps 130 
INFO : 2021-01-18 20:41:33,883 : episode: 390 score: 312.5 100 games avg: 312.5 steps 122 
INFO : 2021-01-18 20:41:36,942 : episode: 391 score: 332.5 100 games avg: 332.5 steps 124 
INFO : 2021-01-18 20:41:40,786 : episode: 392 score: 347.4 100 games avg: 347.4 steps 131 
INFO : 2021-01-18 20:41:44,243 : episode: 393 score: 347.1 100 games avg: 347.1 steps 136 
INFO : 2021-01-18 20:41:47,926 : episode: 394 score: 343.8 100 games avg: 343.8 steps 131 
INFO : 2021-01-18 20:41:51,017 : episode: 395 score: 351.4 100 games avg: 351.4 steps 136 
INFO : 2021-01-18 20:41:52,747 : episode: 396 score: 319.3 100 games avg: 319.3 steps 125 
INFO : 2021-01-18 20:41:54,821 : episode: 397 score: 400.4 100 games avg: 400.4 steps 150 
INFO : 2021-01-18 20:41:56,650 : episode: 398 score: 332.3 100 games avg: 332.3 steps 132 
INFO : 2021-01-18 20:42:00,220 : episode: 399 score: 354.7 100 games avg: 354.7 steps 147 
INFO : 2021-01-18 20:42:03,499 : episode: 400 score: 388.3 100 games avg: 388.3 steps 137 
INFO : 2021-01-18 20:42:07,052 : episode: 401 score: 386.8 100 games avg: 386.8 steps 138 
INFO : 2021-01-18 20:42:10,928 : episode: 402 score: 403.4 100 games avg: 403.4 steps 143 
INFO : 2021-01-18 20:42:13,260 : episode: 403 score: 398.5 100 games avg: 398.5 steps 143 
INFO : 2021-01-18 20:42:15,361 : episode: 404 score: 429.7 100 games avg: 429.7 steps 151 
INFO : 2021-01-18 20:42:17,201 : episode: 405 score: 372.8 100 games avg: 372.8 steps 132 
INFO : 2021-01-18 20:42:20,268 : episode: 406 score: 468.1 100 games avg: 468.1 steps 158 
INFO : 2021-01-18 20:42:22,360 : episode: 407 score: 419.2 100 games avg: 419.2 steps 144 
INFO : 2021-01-18 20:42:24,885 : episode: 408 score: 389.7 100 games avg: 389.7 steps 136 
INFO : 2021-01-18 20:42:28,468 : episode: 409 score: 332.4 100 games avg: 332.4 steps 124 
INFO : 2021-01-18 20:42:31,723 : episode: 410 score: 323.6 100 games avg: 323.6 steps 122 
INFO : 2021-01-18 20:42:34,559 : episode: 411 score: 371.3 100 games avg: 371.3 steps 134 
INFO : 2021-01-18 20:42:38,106 : episode: 412 score: 351.7 100 games avg: 351.7 steps 127 
INFO : 2021-01-18 20:42:42,121 : episode: 413 score: 410.6 100 games avg: 410.6 steps 147 
INFO : 2021-01-18 20:42:45,819 : episode: 414 score: 470.0 100 games avg: 470.0 steps 165 
INFO : 2021-01-18 20:42:47,486 : episode: 415 score: 276.8 100 games avg: 276.8 steps 120 
INFO : 2021-01-18 20:42:49,697 : episode: 416 score: 429.4 100 games avg: 429.4 steps 159 
INFO : 2021-01-18 20:42:53,670 : episode: 417 score: 479.3 100 games avg: 479.3 steps 162 
INFO : 2021-01-18 20:42:57,122 : episode: 418 score: 328.3 100 games avg: 328.3 steps 125 
INFO : 2021-01-18 20:43:00,558 : episode: 419 score: 343.7 100 games avg: 343.7 steps 128 
INFO : 2021-01-18 20:43:05,299 : episode: 420 score: 475.7 100 games avg: 475.7 steps 156 
INFO : 2021-01-18 20:43:08,120 : episode: 421 score: 393.1 100 games avg: 393.1 steps 138 
INFO : 2021-01-18 20:43:10,819 : episode: 422 score: 475.3 100 games avg: 475.3 steps 161 
INFO : 2021-01-18 20:43:12,815 : episode: 423 score: 306.4 100 games avg: 306.4 steps 125 
INFO : 2021-01-18 20:43:14,547 : episode: 424 score: 277.8 100 games avg: 277.8 steps 124 
INFO : 2021-01-18 20:43:16,725 : episode: 425 score: 447.9 100 games avg: 447.9 steps 156 
INFO : 2021-01-18 20:43:18,627 : episode: 426 score: 341.6 100 games avg: 341.6 steps 136 
INFO : 2021-01-18 20:43:20,405 : episode: 427 score: 336.5 100 games avg: 336.5 steps 128 
INFO : 2021-01-18 20:43:22,278 : episode: 428 score: 362.1 100 games avg: 362.1 steps 134 
INFO : 2021-01-18 20:43:24,158 : episode: 429 score: 354.5 100 games avg: 354.5 steps 135 
INFO : 2021-01-18 20:43:25,871 : episode: 430 score: 289.9 100 games avg: 289.9 steps 123 
INFO : 2021-01-18 20:43:27,711 : episode: 431 score: 373.5 100 games avg: 373.5 steps 132 
INFO : 2021-01-18 20:43:29,423 : episode: 432 score: 327.8 100 games avg: 327.8 steps 123 
INFO : 2021-01-18 20:43:31,250 : episode: 433 score: 345.7 100 games avg: 345.7 steps 131 
INFO : 2021-01-18 20:43:33,069 : episode: 434 score: 335.5 100 games avg: 335.5 steps 131 
INFO : 2021-01-18 20:43:34,862 : episode: 435 score: 321.9 100 games avg: 321.9 steps 125 
INFO : 2021-01-18 20:43:36,618 : episode: 436 score: 294.9 100 games avg: 294.9 steps 126 
INFO : 2021-01-18 20:43:38,405 : episode: 437 score: 324.9 100 games avg: 324.9 steps 128 
INFO : 2021-01-18 20:43:41,935 : episode: 438 score: 340.3 100 games avg: 340.3 steps 128 
INFO : 2021-01-18 20:43:45,362 : episode: 439 score: 320.4 100 games avg: 320.4 steps 128 
INFO : 2021-01-18 20:43:49,068 : episode: 440 score: 313.5 100 games avg: 313.5 steps 130 
INFO : 2021-01-18 20:43:52,640 : episode: 441 score: 341.0 100 games avg: 341.0 steps 127 
INFO : 2021-01-18 20:43:54,496 : episode: 442 score: 353.8 100 games avg: 353.8 steps 133 
INFO : 2021-01-18 20:43:56,525 : episode: 443 score: 338.8 100 games avg: 338.8 steps 132 
INFO : 2021-01-18 20:43:59,845 : episode: 444 score: 312.0 100 games avg: 312.0 steps 128 
INFO : 2021-01-18 20:44:03,082 : episode: 445 score: 323.9 100 games avg: 323.9 steps 130 
INFO : 2021-01-18 20:44:06,997 : episode: 446 score: 360.0 100 games avg: 360.0 steps 135 
INFO : 2021-01-18 20:44:10,394 : episode: 447 score: 377.5 100 games avg: 377.5 steps 143 
INFO : 2021-01-18 20:44:12,273 : episode: 448 score: 366.0 100 games avg: 366.0 steps 134 
INFO : 2021-01-18 20:44:14,082 : episode: 449 score: 351.6 100 games avg: 351.6 steps 129 
INFO : 2021-01-18 20:44:15,867 : episode: 450 score: 315.9 100 games avg: 315.9 steps 127 
INFO : 2021-01-18 20:44:17,950 : episode: 451 score: 408.6 100 games avg: 408.6 steps 149 
INFO : 2021-01-18 20:44:19,992 : episode: 452 score: 323.1 100 games avg: 323.1 steps 128 
INFO : 2021-01-18 20:44:21,994 : episode: 453 score: 330.6 100 games avg: 330.6 steps 124 
INFO : 2021-01-18 20:44:24,930 : episode: 454 score: 337.4 100 games avg: 337.4 steps 126 
INFO : 2021-01-18 20:44:27,816 : episode: 455 score: 329.9 100 games avg: 329.9 steps 123 
INFO : 2021-01-18 20:44:29,646 : episode: 456 score: 349.9 100 games avg: 349.9 steps 131 
INFO : 2021-01-18 20:44:31,448 : episode: 457 score: 355.2 100 games avg: 355.2 steps 129 
INFO : 2021-01-18 20:44:33,225 : episode: 458 score: 343.2 100 games avg: 343.2 steps 127 
INFO : 2021-01-18 20:44:34,969 : episode: 459 score: 338.6 100 games avg: 338.6 steps 125 
INFO : 2021-01-18 20:44:36,677 : episode: 460 score: 319.2 100 games avg: 319.2 steps 122 
INFO : 2021-01-18 20:44:38,353 : episode: 461 score: 314.7 100 games avg: 314.7 steps 120 
INFO : 2021-01-18 20:44:40,167 : episode: 462 score: 345.6 100 games avg: 345.6 steps 130 
INFO : 2021-01-18 20:44:41,956 : episode: 463 score: 350.0 100 games avg: 350.0 steps 128 
INFO : 2021-01-18 20:44:43,771 : episode: 464 score: 341.7 100 games avg: 341.7 steps 130 
INFO : 2021-01-18 20:44:45,670 : episode: 465 score: 335.0 100 games avg: 335.0 steps 136 
INFO : 2021-01-18 20:44:47,468 : episode: 466 score: 288.1 100 games avg: 288.1 steps 129 
INFO : 2021-01-18 20:44:49,213 : episode: 467 score: 324.6 100 games avg: 324.6 steps 125 
INFO : 2021-01-18 20:44:51,026 : episode: 468 score: 351.3 100 games avg: 351.3 steps 130 
INFO : 2021-01-18 20:44:52,758 : episode: 469 score: 343.0 100 games avg: 343.0 steps 124 
INFO : 2021-01-18 20:44:54,529 : episode: 470 score: 340.7 100 games avg: 340.7 steps 127 
INFO : 2021-01-18 20:44:56,258 : episode: 471 score: 327.6 100 games avg: 327.6 steps 124 
INFO : 2021-01-18 20:44:58,043 : episode: 472 score: 349.1 100 games avg: 349.1 steps 128 
INFO : 2021-01-18 20:44:59,840 : episode: 473 score: 339.8 100 games avg: 339.8 steps 129 
INFO : 2021-01-18 20:45:02,157 : episode: 474 score: 343.1 100 games avg: 343.1 steps 151 
INFO : 2021-01-18 20:45:05,695 : episode: 475 score: 358.5 100 games avg: 358.5 steps 148 
INFO : 2021-01-18 20:45:09,496 : episode: 476 score: 349.2 100 games avg: 349.2 steps 144 
INFO : 2021-01-18 20:45:12,249 : episode: 477 score: 352.1 100 games avg: 352.1 steps 146 
INFO : 2021-01-18 20:45:15,352 : episode: 478 score: 305.9 100 games avg: 305.9 steps 129 
INFO : 2021-01-18 20:45:17,792 : episode: 479 score: 341.7 100 games avg: 341.7 steps 126 
INFO : 2021-01-18 20:45:21,261 : episode: 480 score: 349.8 100 games avg: 349.8 steps 146 
INFO : 2021-01-18 20:45:25,106 : episode: 481 score: 334.3 100 games avg: 334.3 steps 127 
INFO : 2021-01-18 20:45:27,987 : episode: 482 score: 344.5 100 games avg: 344.5 steps 145 
INFO : 2021-01-18 20:45:29,769 : episode: 483 score: 353.8 100 games avg: 353.8 steps 128 
INFO : 2021-01-18 20:45:31,568 : episode: 484 score: 339.6 100 games avg: 339.6 steps 129 
INFO : 2021-01-18 20:45:33,336 : episode: 485 score: 332.5 100 games avg: 332.5 steps 127 
INFO : 2021-01-18 20:45:36,060 : episode: 486 score: 323.4 100 games avg: 323.4 steps 138 
INFO : 2021-01-18 20:45:39,603 : episode: 487 score: 343.4 100 games avg: 343.4 steps 128 
INFO : 2021-01-18 20:45:41,406 : episode: 488 score: 339.4 100 games avg: 339.4 steps 129 
INFO : 2021-01-18 20:45:44,129 : episode: 489 score: 356.2 100 games avg: 356.2 steps 130 
INFO : 2021-01-18 20:45:46,403 : episode: 490 score: 132.1 100 games avg: 132.1 steps 82 
INFO : 2021-01-18 20:45:49,371 : episode: 491 score: 343.5 100 games avg: 343.5 steps 129 
INFO : 2021-01-18 20:45:51,535 : episode: 492 score: 345.9 100 games avg: 345.9 steps 155 
INFO : 2021-01-18 20:45:53,604 : episode: 493 score: 344.4 100 games avg: 344.4 steps 148 
INFO : 2021-01-18 20:45:57,237 : episode: 494 score: 341.8 100 games avg: 341.8 steps 143 
INFO : 2021-01-18 20:45:59,025 : episode: 495 score: 342.5 100 games avg: 342.5 steps 127 
INFO : 2021-01-18 20:46:00,991 : episode: 496 score: 306.8 100 games avg: 306.8 steps 141 
INFO : 2021-01-18 20:46:03,273 : episode: 497 score: 322.9 100 games avg: 322.9 steps 139 
INFO : 2021-01-18 20:46:05,027 : episode: 498 score: 334.2 100 games avg: 334.2 steps 126 
INFO : 2021-01-18 20:46:06,124 : episode: 499 score: 120.2 100 games avg: 120.2 steps 69 
INFO : 2021-01-18 20:46:08,675 : episode: 500 score: 336.8 100 games avg: 336.8 steps 136 
INFO : 2021-01-18 20:46:10,638 : episode: 501 score: 298.8 100 games avg: 298.8 steps 141 
INFO : 2021-01-18 20:46:12,443 : episode: 502 score: 339.0 100 games avg: 339.0 steps 130 
INFO : 2021-01-18 20:46:14,337 : episode: 503 score: 333.6 100 games avg: 333.6 steps 136 
INFO : 2021-01-18 20:46:16,223 : episode: 504 score: 322.8 100 games avg: 322.8 steps 135 
INFO : 2021-01-18 20:46:18,133 : episode: 505 score: 327.7 100 games avg: 327.7 steps 137 
INFO : 2021-01-18 20:46:19,918 : episode: 506 score: 339.9 100 games avg: 339.9 steps 128 
INFO : 2021-01-18 20:46:21,712 : episode: 507 score: 342.8 100 games avg: 342.8 steps 129 
INFO : 2021-01-18 20:46:23,713 : episode: 508 score: 348.6 100 games avg: 348.6 steps 144 
INFO : 2021-01-18 20:46:24,731 : episode: 509 score: 125.6 100 games avg: 125.6 steps 73 
INFO : 2021-01-18 20:46:26,845 : episode: 510 score: 326.7 100 games avg: 326.7 steps 152 
INFO : 2021-01-18 20:46:27,803 : episode: 511 score: 117.7 100 games avg: 117.7 steps 69 
INFO : 2021-01-18 20:46:29,625 : episode: 512 score: 356.7 100 games avg: 356.7 steps 130 
INFO : 2021-01-18 20:46:33,198 : episode: 513 score: 292.8 100 games avg: 292.8 steps 133 
INFO : 2021-01-18 20:46:36,541 : episode: 514 score: 306.5 100 games avg: 306.5 steps 140 
INFO : 2021-01-18 20:46:38,335 : episode: 515 score: 350.8 100 games avg: 350.8 steps 128 
INFO : 2021-01-18 20:46:40,253 : episode: 516 score: 338.4 100 games avg: 338.4 steps 128 
INFO : 2021-01-18 20:46:43,605 : episode: 517 score: 341.3 100 games avg: 341.3 steps 126 
INFO : 2021-01-18 20:46:46,783 : episode: 518 score: 345.6 100 games avg: 345.6 steps 145 
INFO : 2021-01-18 20:46:47,826 : episode: 519 score: 54.6 100 games avg: 54.6 steps 34 
INFO : 2021-01-18 20:46:49,747 : episode: 520 score: 329.5 100 games avg: 329.5 steps 120 
INFO : 2021-01-18 20:46:51,743 : episode: 521 score: 346.7 100 games avg: 346.7 steps 143 
INFO : 2021-01-18 20:46:53,625 : episode: 522 score: 331.0 100 games avg: 331.0 steps 135 
INFO : 2021-01-18 20:46:55,554 : episode: 523 score: 331.3 100 games avg: 331.3 steps 119 
INFO : 2021-01-18 20:46:58,184 : episode: 524 score: 332.0 100 games avg: 332.0 steps 139 
INFO : 2021-01-18 20:47:00,137 : episode: 525 score: 347.4 100 games avg: 347.4 steps 139 
INFO : 2021-01-18 20:47:01,878 : episode: 526 score: 330.7 100 games avg: 330.7 steps 124 
INFO : 2021-01-18 20:47:04,153 : episode: 527 score: 305.2 100 games avg: 305.2 steps 128 
INFO : 2021-01-18 20:47:07,933 : episode: 528 score: 352.5 100 games avg: 352.5 steps 142 
INFO : 2021-01-18 20:47:10,487 : episode: 529 score: 318.0 100 games avg: 318.0 steps 117 
INFO : 2021-01-18 20:47:12,274 : episode: 530 score: 327.8 100 games avg: 327.8 steps 127 
INFO : 2021-01-18 20:47:14,019 : episode: 531 score: 321.4 100 games avg: 321.4 steps 124 
INFO : 2021-01-18 20:47:15,898 : episode: 532 score: 369.9 100 games avg: 369.9 steps 133 
INFO : 2021-01-18 20:47:17,666 : episode: 533 score: 331.4 100 games avg: 331.4 steps 126 
INFO : 2021-01-18 20:47:19,435 : episode: 534 score: 339.4 100 games avg: 339.4 steps 126 
INFO : 2021-01-18 20:47:21,249 : episode: 535 score: 357.8 100 games avg: 357.8 steps 129 
INFO : 2021-01-18 20:47:22,516 : episode: 536 score: 170.4 100 games avg: 170.4 steps 90 
INFO : 2021-01-18 20:47:24,174 : episode: 537 score: 322.6 100 games avg: 322.6 steps 118 
INFO : 2021-01-18 20:47:25,948 : episode: 538 score: 331.5 100 games avg: 331.5 steps 126 
INFO : 2021-01-18 20:47:28,275 : episode: 539 score: 338.8 100 games avg: 338.8 steps 127 
INFO : 2021-01-18 20:47:31,382 : episode: 540 score: 351.4 100 games avg: 351.4 steps 131 
INFO : 2021-01-18 20:47:34,700 : episode: 541 score: 351.5 100 games avg: 351.5 steps 131 
INFO : 2021-01-18 20:47:37,860 : episode: 542 score: 328.8 100 games avg: 328.8 steps 124 
INFO : 2021-01-18 20:47:41,406 : episode: 543 score: 341.3 100 games avg: 341.3 steps 126 
INFO : 2021-01-18 20:47:43,614 : episode: 544 score: 356.0 100 games avg: 356.0 steps 130 
INFO : 2021-01-18 20:47:47,493 : episode: 545 score: 353.0 100 games avg: 353.0 steps 130 
INFO : 2021-01-18 20:47:49,332 : episode: 546 score: 357.0 100 games avg: 357.0 steps 131 
INFO : 2021-01-18 20:47:51,137 : episode: 547 score: 340.6 100 games avg: 340.6 steps 129 
INFO : 2021-01-18 20:47:52,927 : episode: 548 score: 345.4 100 games avg: 345.4 steps 128 
INFO : 2021-01-18 20:47:54,672 : episode: 549 score: 336.0 100 games avg: 336.0 steps 125 
INFO : 2021-01-18 20:47:56,555 : episode: 550 score: 384.7 100 games avg: 384.7 steps 135 
INFO : 2021-01-18 20:47:58,247 : episode: 551 score: 329.1 100 games avg: 329.1 steps 121 
INFO : 2021-01-18 20:48:00,052 : episode: 552 score: 351.6 100 games avg: 351.6 steps 129 
INFO : 2021-01-18 20:48:01,866 : episode: 553 score: 354.4 100 games avg: 354.4 steps 128 
INFO : 2021-01-18 20:48:04,857 : episode: 554 score: 344.7 100 games avg: 344.7 steps 126 
INFO : 2021-01-18 20:48:06,658 : episode: 555 score: 344.3 100 games avg: 344.3 steps 129 
INFO : 2021-01-18 20:48:08,710 : episode: 556 score: 346.0 100 games avg: 346.0 steps 127 
INFO : 2021-01-18 20:48:11,930 : episode: 557 score: 354.0 100 games avg: 354.0 steps 130 
INFO : 2021-01-18 20:48:15,102 : episode: 558 score: 355.5 100 games avg: 355.5 steps 130 
INFO : 2021-01-18 20:48:18,779 : episode: 559 score: 361.1 100 games avg: 361.1 steps 130 
INFO : 2021-01-18 20:48:22,395 : episode: 560 score: 353.5 100 games avg: 353.5 steps 129 
INFO : 2021-01-18 20:48:26,215 : episode: 561 score: 373.7 100 games avg: 373.7 steps 134 
INFO : 2021-01-18 20:48:30,032 : episode: 562 score: 351.5 100 games avg: 351.5 steps 130 
INFO : 2021-01-18 20:48:33,983 : episode: 563 score: 362.9 100 games avg: 362.9 steps 132 
INFO : 2021-01-18 20:48:37,366 : episode: 564 score: 346.1 100 games avg: 346.1 steps 129 
INFO : 2021-01-18 20:48:40,705 : episode: 565 score: 341.5 100 games avg: 341.5 steps 129 
INFO : 2021-01-18 20:48:44,056 : episode: 566 score: 370.8 100 games avg: 370.8 steps 133 
INFO : 2021-01-18 20:48:47,929 : episode: 567 score: 367.3 100 games avg: 367.3 steps 133 
INFO : 2021-01-18 20:48:51,925 : episode: 568 score: 412.0 100 games avg: 412.0 steps 141 
INFO : 2021-01-18 20:48:54,452 : episode: 569 score: 359.3 100 games avg: 359.3 steps 130 
INFO : 2021-01-18 20:48:56,915 : episode: 570 score: 373.2 100 games avg: 373.2 steps 134 
INFO : 2021-01-18 20:48:58,676 : episode: 571 score: 352.1 100 games avg: 352.1 steps 127 
INFO : 2021-01-18 20:49:01,080 : episode: 572 score: 366.6 100 games avg: 366.6 steps 133 
INFO : 2021-01-18 20:49:04,704 : episode: 573 score: 393.8 100 games avg: 393.8 steps 138 
INFO : 2021-01-18 20:49:08,013 : episode: 574 score: 352.4 100 games avg: 352.4 steps 127 
INFO : 2021-01-18 20:49:11,643 : episode: 575 score: 374.6 100 games avg: 374.6 steps 132 
INFO : 2021-01-18 20:49:13,880 : episode: 576 score: 359.5 100 games avg: 359.5 steps 138 
INFO : 2021-01-18 20:49:15,795 : episode: 577 score: 393.2 100 games avg: 393.2 steps 137 
INFO : 2021-01-18 20:49:17,692 : episode: 578 score: 379.7 100 games avg: 379.7 steps 136 
INFO : 2021-01-18 20:49:19,808 : episode: 579 score: 396.5 100 games avg: 396.5 steps 140 
INFO : 2021-01-18 20:49:23,696 : episode: 580 score: 393.0 100 games avg: 393.0 steps 140 
INFO : 2021-01-18 20:49:27,733 : episode: 581 score: 438.5 100 games avg: 438.5 steps 148 
INFO : 2021-01-18 20:49:31,127 : episode: 582 score: 444.4 100 games avg: 444.4 steps 149 
INFO : 2021-01-18 20:49:34,432 : episode: 583 score: 363.0 100 games avg: 363.0 steps 127 
INFO : 2021-01-18 20:49:37,526 : episode: 584 score: 430.1 100 games avg: 430.1 steps 146 
INFO : 2021-01-18 20:49:39,560 : episode: 585 score: 429.6 100 games avg: 429.6 steps 147 
INFO : 2021-01-18 20:49:41,538 : episode: 586 score: 410.6 100 games avg: 410.6 steps 143 
INFO : 2021-01-18 20:49:44,499 : episode: 587 score: 421.1 100 games avg: 421.1 steps 144 
INFO : 2021-01-18 20:49:48,437 : episode: 588 score: 419.5 100 games avg: 419.5 steps 143 
INFO : 2021-01-18 20:49:52,155 : episode: 589 score: 437.0 100 games avg: 437.0 steps 145 
INFO : 2021-01-18 20:49:55,937 : episode: 590 score: 407.8 100 games avg: 407.8 steps 147 
INFO : 2021-01-18 20:49:59,910 : episode: 591 score: 438.0 100 games avg: 438.0 steps 150 
INFO : 2021-01-18 20:50:02,551 : episode: 592 score: 406.2 100 games avg: 406.2 steps 141 
INFO : 2021-01-18 20:50:05,542 : episode: 593 score: 447.0 100 games avg: 447.0 steps 150 
INFO : 2021-01-18 20:50:07,482 : episode: 594 score: 383.6 100 games avg: 383.6 steps 137 
INFO : 2021-01-18 20:50:09,550 : episode: 595 score: 426.1 100 games avg: 426.1 steps 148 
INFO : 2021-01-18 20:50:11,504 : episode: 596 score: 406.5 100 games avg: 406.5 steps 140 
INFO : 2021-01-18 20:50:13,591 : episode: 597 score: 445.6 100 games avg: 445.6 steps 150 
INFO : 2021-01-18 20:50:15,587 : episode: 598 score: 400.1 100 games avg: 400.1 steps 143 
INFO : 2021-01-18 20:50:17,594 : episode: 599 score: 413.1 100 games avg: 413.1 steps 144 
INFO : 2021-01-18 20:50:19,589 : episode: 600 score: 385.6 100 games avg: 385.6 steps 143 
INFO : 2021-01-18 20:50:21,683 : episode: 601 score: 450.9 100 games avg: 450.9 steps 150 
INFO : 2021-01-18 20:50:23,618 : episode: 602 score: 397.3 100 games avg: 397.3 steps 139 
INFO : 2021-01-18 20:50:25,672 : episode: 603 score: 442.5 100 games avg: 442.5 steps 147 
INFO : 2021-01-18 20:50:27,667 : episode: 604 score: 389.7 100 games avg: 389.7 steps 143 
INFO : 2021-01-18 20:50:29,689 : episode: 605 score: 394.1 100 games avg: 394.1 steps 145 
INFO : 2021-01-18 20:50:31,813 : episode: 606 score: 446.2 100 games avg: 446.2 steps 152 
INFO : 2021-01-18 20:50:33,820 : episode: 607 score: 401.1 100 games avg: 401.1 steps 144 
INFO : 2021-01-18 20:50:35,832 : episode: 608 score: 400.6 100 games avg: 400.6 steps 144 
INFO : 2021-01-18 20:50:38,052 : episode: 609 score: 473.6 100 games avg: 473.6 steps 155 
INFO : 2021-01-18 20:50:39,850 : episode: 610 score: 358.4 100 games avg: 358.4 steps 130 
INFO : 2021-01-18 20:50:41,929 : episode: 611 score: 433.7 100 games avg: 433.7 steps 150 
INFO : 2021-01-18 20:50:43,889 : episode: 612 score: 389.2 100 games avg: 389.2 steps 142 
INFO : 2021-01-18 20:50:46,021 : episode: 613 score: 464.8 100 games avg: 464.8 steps 154 
INFO : 2021-01-18 20:50:48,081 : episode: 614 score: 406.1 100 games avg: 406.1 steps 149 
INFO : 2021-01-18 20:50:50,117 : episode: 615 score: 394.5 100 games avg: 394.5 steps 147 
INFO : 2021-01-18 20:50:52,082 : episode: 616 score: 393.5 100 games avg: 393.5 steps 142 
INFO : 2021-01-18 20:50:54,123 : episode: 617 score: 413.1 100 games avg: 413.1 steps 148 
INFO : 2021-01-18 20:50:57,050 : episode: 618 score: 411.4 100 games avg: 411.4 steps 142 
INFO : 2021-01-18 20:51:00,973 : episode: 619 score: 393.2 100 games avg: 393.2 steps 139 
INFO : 2021-01-18 20:51:04,617 : episode: 620 score: 387.8 100 games avg: 387.8 steps 141 
INFO : 2021-01-18 20:51:06,585 : episode: 621 score: 387.6 100 games avg: 387.6 steps 141 
INFO : 2021-01-18 20:51:08,661 : episode: 622 score: 417.9 100 games avg: 417.9 steps 149 
INFO : 2021-01-18 20:51:10,642 : episode: 623 score: 395.3 100 games avg: 395.3 steps 142 
INFO : 2021-01-18 20:51:13,456 : episode: 624 score: 445.0 100 games avg: 445.0 steps 156 
INFO : 2021-01-18 20:51:17,236 : episode: 625 score: 394.4 100 games avg: 394.4 steps 140 
INFO : 2021-01-18 20:51:20,192 : episode: 626 score: 398.8 100 games avg: 398.8 steps 142 
INFO : 2021-01-18 20:51:22,255 : episode: 627 score: 419.9 100 games avg: 419.9 steps 149 
INFO : 2021-01-18 20:51:23,999 : episode: 628 score: 354.6 100 games avg: 354.6 steps 126 
INFO : 2021-01-18 20:51:27,196 : episode: 629 score: 409.6 100 games avg: 409.6 steps 148 
INFO : 2021-01-18 20:51:29,551 : episode: 630 score: 470.4 100 games avg: 470.4 steps 165 
INFO : 2021-01-18 20:51:31,482 : episode: 631 score: 394.7 100 games avg: 394.7 steps 139 
INFO : 2021-01-18 20:51:33,477 : episode: 632 score: 402.1 100 games avg: 402.1 steps 143 
INFO : 2021-01-18 20:51:35,447 : episode: 633 score: 396.6 100 games avg: 396.6 steps 141 
INFO : 2021-01-18 20:51:37,893 : episode: 634 score: 525.8 100 games avg: 525.8 steps 175 
INFO : 2021-01-18 20:51:39,746 : episode: 635 score: 372.9 100 games avg: 372.9 steps 133 
INFO : 2021-01-18 20:51:41,893 : episode: 636 score: 443.7 100 games avg: 443.7 steps 154 
INFO : 2021-01-18 20:51:43,947 : episode: 637 score: 417.4 100 games avg: 417.4 steps 147 
INFO : 2021-01-18 20:51:46,009 : episode: 638 score: 426.4 100 games avg: 426.4 steps 148 
INFO : 2021-01-18 20:51:48,252 : episode: 639 score: 469.3 100 games avg: 469.3 steps 161 
INFO : 2021-01-18 20:51:50,683 : episode: 640 score: 450.7 100 games avg: 450.7 steps 155 
INFO : 2021-01-18 20:51:54,791 : episode: 641 score: 472.2 100 games avg: 472.2 steps 162 
INFO : 2021-01-18 20:51:59,227 : episode: 642 score: 429.4 100 games avg: 429.4 steps 151 
INFO : 2021-01-18 20:52:01,752 : episode: 643 score: 462.2 100 games avg: 462.2 steps 157 
INFO : 2021-01-18 20:52:05,869 : episode: 644 score: 544.3 100 games avg: 544.3 steps 179 
INFO : 2021-01-18 20:52:09,146 : episode: 645 score: 389.9 100 games avg: 389.9 steps 143 
INFO : 2021-01-18 20:52:13,233 : episode: 646 score: 375.0 100 games avg: 375.0 steps 145 
INFO : 2021-01-18 20:52:16,265 : episode: 647 score: 584.3 100 games avg: 584.3 steps 190 
INFO : 2021-01-18 20:52:19,961 : episode: 648 score: 512.6 100 games avg: 512.6 steps 178 
INFO : 2021-01-18 20:52:23,453 : episode: 649 score: 463.4 100 games avg: 463.4 steps 161 
INFO : 2021-01-18 20:52:25,917 : episode: 650 score: 533.2 100 games avg: 533.2 steps 178 
INFO : 2021-01-18 20:52:28,358 : episode: 651 score: 515.9 100 games avg: 515.9 steps 176 
INFO : 2021-01-18 20:52:30,403 : episode: 652 score: 399.9 100 games avg: 399.9 steps 148 
INFO : 2021-01-18 20:52:32,510 : episode: 653 score: 437.8 100 games avg: 437.8 steps 152 
INFO : 2021-01-18 20:52:34,407 : episode: 654 score: 388.1 100 games avg: 388.1 steps 137 
INFO : 2021-01-18 20:52:37,535 : episode: 655 score: 485.0 100 games avg: 485.0 steps 174 
INFO : 2021-01-18 20:52:41,871 : episode: 656 score: 484.2 100 games avg: 484.2 steps 175 
INFO : 2021-01-18 20:52:45,690 : episode: 657 score: 403.9 100 games avg: 403.9 steps 144 
INFO : 2021-01-18 20:52:48,407 : episode: 658 score: 220.8 100 games avg: 220.8 steps 98 
INFO : 2021-01-18 20:52:52,837 : episode: 659 score: 463.9 100 games avg: 463.9 steps 171 
INFO : 2021-01-18 20:52:57,668 : episode: 660 score: 522.0 100 games avg: 522.0 steps 174 
INFO : 2021-01-18 20:53:01,172 : episode: 661 score: 390.2 100 games avg: 390.2 steps 138 
INFO : 2021-01-18 20:53:05,616 : episode: 662 score: 483.6 100 games avg: 483.6 steps 171 
INFO : 2021-01-18 20:53:09,416 : episode: 663 score: 394.0 100 games avg: 394.0 steps 138 
INFO : 2021-01-18 20:53:14,172 : episode: 664 score: 489.1 100 games avg: 489.1 steps 175 
INFO : 2021-01-18 20:53:17,512 : episode: 665 score: 382.5 100 games avg: 382.5 steps 132 
INFO : 2021-01-18 20:53:19,522 : episode: 666 score: 179.8 100 games avg: 179.8 steps 83 
INFO : 2021-01-18 20:53:23,060 : episode: 667 score: 389.9 100 games avg: 389.9 steps 136 
INFO : 2021-01-18 20:53:26,484 : episode: 668 score: 402.5 100 games avg: 402.5 steps 146 
INFO : 2021-01-18 20:53:29,330 : episode: 669 score: 376.2 100 games avg: 376.2 steps 134 
INFO : 2021-01-18 20:53:34,212 : episode: 670 score: 480.4 100 games avg: 480.4 steps 166 
INFO : 2021-01-18 20:53:39,122 : episode: 671 score: 511.7 100 games avg: 511.7 steps 169 
INFO : 2021-01-18 20:53:41,442 : episode: 672 score: 180.6 100 games avg: 180.6 steps 86 
INFO : 2021-01-18 20:53:44,573 : episode: 673 score: 369.5 100 games avg: 369.5 steps 133 
INFO : 2021-01-18 20:53:45,804 : episode: 674 score: 194.7 100 games avg: 194.7 steps 88 
INFO : 2021-01-18 20:53:47,006 : episode: 675 score: 190.4 100 games avg: 190.4 steps 86 
INFO : 2021-01-18 20:53:48,229 : episode: 676 score: 173.6 100 games avg: 173.6 steps 88 
INFO : 2021-01-18 20:53:51,412 : episode: 677 score: 551.3 100 games avg: 551.3 steps 182 
INFO : 2021-01-18 20:53:54,962 : episode: 678 score: 371.1 100 games avg: 371.1 steps 131 
INFO : 2021-01-18 20:53:58,639 : episode: 679 score: 660.8 100 games avg: 660.8 steps 219 
INFO : 2021-01-18 20:54:03,536 : episode: 680 score: 577.2 100 games avg: 577.2 steps 190 
INFO : 2021-01-18 20:54:07,168 : episode: 681 score: 501.9 100 games avg: 501.9 steps 167 
INFO : 2021-01-18 20:54:11,820 : episode: 682 score: 652.9 100 games avg: 652.9 steps 218 
INFO : 2021-01-18 20:54:14,212 : episode: 683 score: 202.3 100 games avg: 202.3 steps 97 
INFO : 2021-01-18 20:54:17,693 : episode: 684 score: 393.4 100 games avg: 393.4 steps 139 
INFO : 2021-01-18 20:54:22,273 : episode: 685 score: 655.7 100 games avg: 655.7 steps 208 
INFO : 2021-01-18 20:54:26,909 : episode: 686 score: 462.6 100 games avg: 462.6 steps 158 
INFO : 2021-01-18 20:54:31,732 : episode: 687 score: 653.1 100 games avg: 653.1 steps 211 
INFO : 2021-01-18 20:54:33,647 : episode: 688 score: 383.4 100 games avg: 383.4 steps 135 
INFO : 2021-01-18 20:54:39,193 : episode: 689 score: 600.0 100 games avg: 600.0 steps 201 
INFO : 2021-01-18 20:54:42,117 : episode: 690 score: 651.7 100 games avg: 651.7 steps 207 
INFO : 2021-01-18 20:54:44,505 : episode: 691 score: 526.4 100 games avg: 526.4 steps 171 
INFO : 2021-01-18 20:54:47,527 : episode: 692 score: 650.3 100 games avg: 650.3 steps 217 
INFO : 2021-01-18 20:54:50,547 : episode: 693 score: 667.4 100 games avg: 667.4 steps 217 
INFO : 2021-01-18 20:54:56,008 : episode: 694 score: 685.7 100 games avg: 685.7 steps 215 
INFO : 2021-01-18 20:55:00,417 : episode: 695 score: 584.4 100 games avg: 584.4 steps 187 
INFO : 2021-01-18 20:55:05,727 : episode: 696 score: 663.3 100 games avg: 663.3 steps 212 
INFO : 2021-01-18 20:55:10,926 : episode: 697 score: 678.5 100 games avg: 678.5 steps 218 
INFO : 2021-01-18 20:55:14,018 : episode: 698 score: 684.5 100 games avg: 684.5 steps 221 
INFO : 2021-01-18 20:55:17,123 : episode: 699 score: 676.4 100 games avg: 676.4 steps 222 
INFO : 2021-01-18 20:55:19,856 : episode: 700 score: 566.8 100 games avg: 566.8 steps 195 
INFO : 2021-01-18 20:55:24,378 : episode: 701 score: 581.3 100 games avg: 581.3 steps 205 
INFO : 2021-01-18 20:55:28,330 : episode: 702 score: 714.1 100 games avg: 714.1 steps 239 
INFO : 2021-01-18 20:55:33,363 : episode: 703 score: 675.2 100 games avg: 675.2 steps 216 
INFO : 2021-01-18 20:55:37,673 : episode: 704 score: 637.4 100 games avg: 637.4 steps 205 
INFO : 2021-01-18 20:55:43,726 : episode: 705 score: 629.1 100 games avg: 629.1 steps 219 
INFO : 2021-01-18 20:55:50,114 : episode: 706 score: 688.5 100 games avg: 688.5 steps 219 
INFO : 2021-01-18 20:55:56,818 : episode: 707 score: 693.0 100 games avg: 693.0 steps 234 
INFO : 2021-01-18 20:56:02,358 : episode: 708 score: 788.2 100 games avg: 788.2 steps 263 
INFO : 2021-01-18 20:56:06,881 : episode: 709 score: 617.2 100 games avg: 617.2 steps 224 
INFO : 2021-01-18 20:56:13,510 : episode: 710 score: 633.5 100 games avg: 633.5 steps 226 
INFO : 2021-01-18 20:56:16,476 : episode: 711 score: 214.9 100 games avg: 214.9 steps 110 
INFO : 2021-01-18 20:56:23,930 : episode: 712 score: 859.3 100 games avg: 859.3 steps 275 
INFO : 2021-01-18 20:56:27,400 : episode: 713 score: 641.2 100 games avg: 641.2 steps 239 
INFO : 2021-01-18 20:56:30,928 : episode: 714 score: 792.6 100 games avg: 792.6 steps 253 
INFO : 2021-01-18 20:56:35,880 : episode: 715 score: 817.0 100 games avg: 817.0 steps 264 
INFO : 2021-01-18 20:56:39,108 : episode: 716 score: 610.3 100 games avg: 610.3 steps 231 
INFO : 2021-01-18 20:56:43,518 : episode: 717 score: 724.5 100 games avg: 724.5 steps 236 
INFO : 2021-01-18 20:56:51,159 : episode: 718 score: 833.3 100 games avg: 833.3 steps 274 
INFO : 2021-01-18 20:56:57,059 : episode: 719 score: 969.4 100 games avg: 969.4 steps 313 
INFO : 2021-01-18 20:56:59,948 : episode: 720 score: 208.8 100 games avg: 208.8 steps 109 
INFO : 2021-01-18 20:57:06,462 : episode: 721 score: 798.2 100 games avg: 798.2 steps 269 
INFO : 2021-01-18 20:57:12,431 : episode: 722 score: 694.0 100 games avg: 694.0 steps 251 
INFO : 2021-01-18 20:57:19,686 : episode: 723 score: 783.4 100 games avg: 783.4 steps 266 
INFO : 2021-01-18 20:57:24,685 : episode: 724 score: 973.9 100 games avg: 973.9 steps 313 
INFO : 2021-01-18 20:57:29,420 : episode: 725 score: 891.2 100 games avg: 891.2 steps 296 
INFO : 2021-01-18 20:57:32,735 : episode: 726 score: 636.3 100 games avg: 636.3 steps 239 
INFO : 2021-01-18 20:57:35,774 : episode: 727 score: 580.7 100 games avg: 580.7 steps 219 
INFO : 2021-01-18 20:57:39,006 : episode: 728 score: 681.9 100 games avg: 681.9 steps 233 
INFO : 2021-01-18 20:57:42,429 : episode: 729 score: 747.1 100 games avg: 747.1 steps 247 
INFO : 2021-01-18 20:57:45,897 : episode: 730 score: 770.9 100 games avg: 770.9 steps 250 
INFO : 2021-01-18 20:57:50,031 : episode: 731 score: 804.6 100 games avg: 804.6 steps 273 
INFO : 2021-01-18 20:57:57,189 : episode: 732 score: 895.9 100 games avg: 895.9 steps 298 
INFO : 2021-01-18 20:58:04,246 : episode: 733 score: 694.8 100 games avg: 694.8 steps 241 
INFO : 2021-01-18 20:58:11,687 : episode: 734 score: 971.8 100 games avg: 971.8 steps 318 
INFO : 2021-01-18 20:58:15,035 : episode: 735 score: 637.4 100 games avg: 637.4 steps 239 
INFO : 2021-01-18 20:58:21,120 : episode: 736 score: 1253.6 100 games avg: 1253.6 steps 403 
INFO : 2021-01-18 20:58:26,974 : episode: 737 score: 972.1 100 games avg: 972.1 steps 322 
INFO : 2021-01-18 20:58:30,833 : episode: 738 score: 789.7 100 games avg: 789.7 steps 258 
INFO : 2021-01-18 20:58:34,536 : episode: 739 score: 738.2 100 games avg: 738.2 steps 250 
INFO : 2021-01-18 20:58:39,340 : episode: 740 score: 1011.9 100 games avg: 1011.9 steps 321 
INFO : 2021-01-18 20:58:45,585 : episode: 741 score: 809.3 100 games avg: 809.3 steps 294 
INFO : 2021-01-18 20:58:49,114 : episode: 742 score: 723.4 100 games avg: 723.4 steps 255 
INFO : 2021-01-18 20:58:52,675 : episode: 743 score: 748.3 100 games avg: 748.3 steps 257 
INFO : 2021-01-18 20:58:56,630 : episode: 744 score: 699.7 100 games avg: 699.7 steps 232 
INFO : 2021-01-18 20:59:00,579 : episode: 745 score: 760.9 100 games avg: 760.9 steps 254 
INFO : 2021-01-18 20:59:04,999 : episode: 746 score: 688.2 100 games avg: 688.2 steps 241 
INFO : 2021-01-18 20:59:11,687 : episode: 747 score: 760.3 100 games avg: 760.3 steps 253 
INFO : 2021-01-18 20:59:20,666 : episode: 748 score: 936.8 100 games avg: 936.8 steps 306 
INFO : 2021-01-18 20:59:27,616 : episode: 749 score: 701.4 100 games avg: 701.4 steps 237 
INFO : 2021-01-18 20:59:33,119 : episode: 750 score: 618.8 100 games avg: 618.8 steps 191 
INFO : 2021-01-18 20:59:42,098 : episode: 751 score: 915.2 100 games avg: 915.2 steps 316 
INFO : 2021-01-18 20:59:48,042 : episode: 752 score: 657.2 100 games avg: 657.2 steps 205 
INFO : 2021-01-18 20:59:53,989 : episode: 753 score: 692.5 100 games avg: 692.5 steps 211 
INFO : 2021-01-18 21:00:00,331 : episode: 754 score: 672.4 100 games avg: 672.4 steps 219 
INFO : 2021-01-18 21:00:07,596 : episode: 755 score: 729.5 100 games avg: 729.5 steps 249 
INFO : 2021-01-18 21:00:14,748 : episode: 756 score: 724.6 100 games avg: 724.6 steps 267 
INFO : 2021-01-18 21:00:22,755 : episode: 757 score: 836.6 100 games avg: 836.6 steps 275 
INFO : 2021-01-18 21:00:28,077 : episode: 758 score: 909.9 100 games avg: 909.9 steps 297 
INFO : 2021-01-18 21:00:33,888 : episode: 759 score: 925.3 100 games avg: 925.3 steps 315 
INFO : 2021-01-18 21:00:42,582 : episode: 760 score: 977.4 100 games avg: 977.4 steps 322 
INFO : 2021-01-18 21:00:45,878 : episode: 761 score: 726.1 100 games avg: 726.1 steps 238 
INFO : 2021-01-18 21:00:49,755 : episode: 762 score: 854.4 100 games avg: 854.4 steps 280 
INFO : 2021-01-18 21:00:53,980 : episode: 763 score: 972.9 100 games avg: 972.9 steps 305 
INFO : 2021-01-18 21:00:58,191 : episode: 764 score: 924.1 100 games avg: 924.1 steps 304 
INFO : 2021-01-18 21:01:02,129 : episode: 765 score: 826.8 100 games avg: 826.8 steps 284 
INFO : 2021-01-18 21:01:05,396 : episode: 766 score: 655.0 100 games avg: 655.0 steps 236 
INFO : 2021-01-18 21:01:09,090 : episode: 767 score: 782.8 100 games avg: 782.8 steps 264 
INFO : 2021-01-18 21:01:18,702 : episode: 768 score: 1008.5 100 games avg: 1008.5 steps 329 
INFO : 2021-01-18 21:01:26,819 : episode: 769 score: 799.0 100 games avg: 799.0 steps 277 
INFO : 2021-01-18 21:01:35,166 : episode: 770 score: 968.5 100 games avg: 968.5 steps 308 
INFO : 2021-01-18 21:01:42,956 : episode: 771 score: 790.3 100 games avg: 790.3 steps 268 
INFO : 2021-01-18 21:01:51,315 : episode: 772 score: 1003.2 100 games avg: 1003.2 steps 309 
INFO : 2021-01-18 21:01:59,269 : episode: 773 score: 808.6 100 games avg: 808.6 steps 268 
INFO : 2021-01-18 21:02:05,983 : episode: 774 score: 643.8 100 games avg: 643.8 steps 231 
INFO : 2021-01-18 21:02:13,373 : episode: 775 score: 769.6 100 games avg: 769.6 steps 256 
INFO : 2021-01-18 21:02:17,565 : episode: 776 score: 491.7 100 games avg: 491.7 steps 176 
INFO : 2021-01-18 21:02:23,459 : episode: 777 score: 675.8 100 games avg: 675.8 steps 233 
INFO : 2021-01-18 21:02:25,830 : episode: 778 score: 445.1 100 games avg: 445.1 steps 169 
INFO : 2021-01-18 21:02:28,111 : episode: 779 score: 497.3 100 games avg: 497.3 steps 163 
INFO : 2021-01-18 21:02:31,467 : episode: 780 score: 652.5 100 games avg: 652.5 steps 239 
INFO : 2021-01-18 21:02:35,390 : episode: 781 score: 878.3 100 games avg: 878.3 steps 280 
INFO : 2021-01-18 21:02:38,221 : episode: 782 score: 632.5 100 games avg: 632.5 steps 202 
INFO : 2021-01-18 21:02:40,701 : episode: 783 score: 477.3 100 games avg: 477.3 steps 177 
INFO : 2021-01-18 21:02:45,152 : episode: 784 score: 588.5 100 games avg: 588.5 steps 206 
INFO : 2021-01-18 21:02:50,545 : episode: 785 score: 521.9 100 games avg: 521.9 steps 191 
INFO : 2021-01-18 21:02:56,652 : episode: 786 score: 601.4 100 games avg: 601.4 steps 205 
INFO : 2021-01-18 21:03:02,253 : episode: 787 score: 564.9 100 games avg: 564.9 steps 209 
INFO : 2021-01-18 21:03:09,493 : episode: 788 score: 884.9 100 games avg: 884.9 steps 292 
INFO : 2021-01-18 21:03:11,384 : episode: 789 score: 341.5 100 games avg: 341.5 steps 136 
INFO : 2021-01-18 21:03:14,762 : episode: 790 score: 753.9 100 games avg: 753.9 steps 243 
INFO : 2021-01-18 21:03:17,947 : episode: 791 score: 635.9 100 games avg: 635.9 steps 229 
INFO : 2021-01-18 21:03:20,033 : episode: 792 score: 440.6 100 games avg: 440.6 steps 150 
INFO : 2021-01-18 21:03:23,174 : episode: 793 score: 695.2 100 games avg: 695.2 steps 226 
INFO : 2021-01-18 21:03:26,006 : episode: 794 score: 570.1 100 games avg: 570.1 steps 204 
INFO : 2021-01-18 21:03:31,511 : episode: 795 score: 565.8 100 games avg: 565.8 steps 210 
INFO : 2021-01-18 21:03:36,443 : episode: 796 score: 494.8 100 games avg: 494.8 steps 180 
INFO : 2021-01-18 21:03:42,230 : episode: 797 score: 679.9 100 games avg: 679.9 steps 217 
INFO : 2021-01-18 21:03:47,543 : episode: 798 score: 496.2 100 games avg: 496.2 steps 174 
INFO : 2021-01-18 21:03:50,771 : episode: 799 score: 504.6 100 games avg: 504.6 steps 165 
INFO : 2021-01-18 21:03:54,343 : episode: 800 score: 745.5 100 games avg: 745.5 steps 237 
INFO : 2021-01-18 21:04:00,576 : episode: 801 score: 594.1 100 games avg: 594.1 steps 207 
INFO : 2021-01-18 21:04:07,476 : episode: 802 score: 720.8 100 games avg: 720.8 steps 239 
INFO : 2021-01-18 21:04:15,985 : episode: 803 score: 846.3 100 games avg: 846.3 steps 284 
INFO : 2021-01-18 21:04:24,598 : episode: 804 score: 895.0 100 games avg: 895.0 steps 297 
INFO : 2021-01-18 21:04:30,312 : episode: 805 score: 595.1 100 games avg: 595.1 steps 189 
INFO : 2021-01-18 21:04:37,462 : episode: 806 score: 724.9 100 games avg: 724.9 steps 238 
INFO : 2021-01-18 21:04:41,250 : episode: 807 score: 393.3 100 games avg: 393.3 steps 140 
INFO : 2021-01-18 21:04:49,319 : episode: 808 score: 812.1 100 games avg: 812.1 steps 279 
INFO : 2021-01-18 21:04:54,468 : episode: 809 score: 724.5 100 games avg: 724.5 steps 235 
INFO : 2021-01-18 21:05:01,515 : episode: 810 score: 745.7 100 games avg: 745.7 steps 235 
INFO : 2021-01-18 21:05:08,452 : episode: 811 score: 827.6 100 games avg: 827.6 steps 268 
INFO : 2021-01-18 21:05:10,316 : episode: 812 score: 344.0 100 games avg: 344.0 steps 134 
INFO : 2021-01-18 21:05:13,176 : episode: 813 score: 663.9 100 games avg: 663.9 steps 206 
INFO : 2021-01-18 21:05:17,203 : episode: 814 score: 895.5 100 games avg: 895.5 steps 290 
INFO : 2021-01-18 21:05:20,077 : episode: 815 score: 600.6 100 games avg: 600.6 steps 207 
INFO : 2021-01-18 21:05:23,533 : episode: 816 score: 752.3 100 games avg: 752.3 steps 249 
INFO : 2021-01-18 21:05:27,548 : episode: 817 score: 893.9 100 games avg: 893.9 steps 289 
INFO : 2021-01-18 21:05:31,714 : episode: 818 score: 887.6 100 games avg: 887.6 steps 300 
INFO : 2021-01-18 21:05:35,587 : episode: 819 score: 860.7 100 games avg: 860.7 steps 279 
INFO : 2021-01-18 21:05:38,583 : episode: 820 score: 573.2 100 games avg: 573.2 steps 216 
INFO : 2021-01-18 21:05:45,357 : episode: 821 score: 813.3 100 games avg: 813.3 steps 275 
INFO : 2021-01-18 21:05:51,879 : episode: 822 score: 795.5 100 games avg: 795.5 steps 255 
INFO : 2021-01-18 21:05:54,509 : episode: 823 score: 566.9 100 games avg: 566.9 steps 180 
INFO : 2021-01-18 21:05:58,639 : episode: 824 score: 840.6 100 games avg: 840.6 steps 294 
INFO : 2021-01-18 21:06:02,377 : episode: 825 score: 808.6 100 games avg: 808.6 steps 266 
INFO : 2021-01-18 21:06:10,603 : episode: 826 score: 887.2 100 games avg: 887.2 steps 286 
INFO : 2021-01-18 21:06:19,292 : episode: 827 score: 845.9 100 games avg: 845.9 steps 282 
INFO : 2021-01-18 21:06:26,683 : episode: 828 score: 813.9 100 games avg: 813.9 steps 247 
INFO : 2021-01-18 21:06:34,227 : episode: 829 score: 816.7 100 games avg: 816.7 steps 255 
INFO : 2021-01-18 21:06:42,291 : episode: 830 score: 975.4 100 games avg: 975.4 steps 308 
INFO : 2021-01-18 21:06:46,354 : episode: 831 score: 420.5 100 games avg: 420.5 steps 144 
INFO : 2021-01-18 21:06:53,967 : episode: 832 score: 800.6 100 games avg: 800.6 steps 251 
INFO : 2021-01-18 21:07:02,080 : episode: 833 score: 886.0 100 games avg: 886.0 steps 284 
INFO : 2021-01-18 21:07:10,289 : episode: 834 score: 873.7 100 games avg: 873.7 steps 278 
INFO : 2021-01-18 21:07:20,172 : episode: 835 score: 1044.4 100 games avg: 1044.4 steps 332 
INFO : 2021-01-18 21:07:28,614 : episode: 836 score: 871.5 100 games avg: 871.5 steps 282 
INFO : 2021-01-18 21:07:37,572 : episode: 837 score: 965.9 100 games avg: 965.9 steps 301 
INFO : 2021-01-18 21:07:46,115 : episode: 838 score: 885.9 100 games avg: 885.9 steps 292 
INFO : 2021-01-18 21:07:54,959 : episode: 839 score: 960.2 100 games avg: 960.2 steps 302 
INFO : 2021-01-18 21:08:02,596 : episode: 840 score: 972.5 100 games avg: 972.5 steps 309 
INFO : 2021-01-18 21:08:10,034 : episode: 841 score: 996.7 100 games avg: 996.7 steps 307 
INFO : 2021-01-18 21:08:18,262 : episode: 842 score: 1034.6 100 games avg: 1034.6 steps 317 
INFO : 2021-01-18 21:08:26,297 : episode: 843 score: 1094.4 100 games avg: 1094.4 steps 348 
INFO : 2021-01-18 21:08:35,344 : episode: 844 score: 957.3 100 games avg: 957.3 steps 308 
INFO : 2021-01-18 21:08:44,768 : episode: 845 score: 999.7 100 games avg: 999.7 steps 325 
INFO : 2021-01-18 21:08:53,541 : episode: 846 score: 893.9 100 games avg: 893.9 steps 293 
INFO : 2021-01-18 21:09:00,202 : episode: 847 score: 1086.8 100 games avg: 1086.8 steps 342 
INFO : 2021-01-18 21:09:06,924 : episode: 848 score: 995.1 100 games avg: 995.1 steps 302 
INFO : 2021-01-18 21:09:15,623 : episode: 849 score: 930.2 100 games avg: 930.2 steps 306 
INFO : 2021-01-18 21:09:24,612 : episode: 850 score: 970.7 100 games avg: 970.7 steps 309 
INFO : 2021-01-18 21:09:33,159 : episode: 851 score: 929.7 100 games avg: 929.7 steps 296 
INFO : 2021-01-18 21:09:41,372 : episode: 852 score: 860.2 100 games avg: 860.2 steps 272 
INFO : 2021-01-18 21:09:51,513 : episode: 853 score: 1086.3 100 games avg: 1086.3 steps 344 
INFO : 2021-01-18 21:10:02,518 : episode: 854 score: 1107.3 100 games avg: 1107.3 steps 372 
INFO : 2021-01-18 21:10:10,653 : episode: 855 score: 834.4 100 games avg: 834.4 steps 269 
INFO : 2021-01-18 21:10:17,980 : episode: 856 score: 975.7 100 games avg: 975.7 steps 309 
INFO : 2021-01-18 21:10:22,139 : episode: 857 score: 981.8 100 games avg: 981.8 steps 299 
INFO : 2021-01-18 21:10:25,238 : episode: 858 score: 602.3 100 games avg: 602.3 steps 223 
INFO : 2021-01-18 21:10:28,283 : episode: 859 score: 587.8 100 games avg: 587.8 steps 219 
INFO : 2021-01-18 21:10:32,147 : episode: 860 score: 900.8 100 games avg: 900.8 steps 278 
INFO : 2021-01-18 21:10:35,748 : episode: 861 score: 805.6 100 games avg: 805.6 steps 259 
INFO : 2021-01-18 21:10:40,087 : episode: 862 score: 1030.5 100 games avg: 1030.5 steps 312 
INFO : 2021-01-18 21:10:43,786 : episode: 863 score: 827.8 100 games avg: 827.8 steps 266 
INFO : 2021-01-18 21:10:52,887 : episode: 864 score: 1236.3 100 games avg: 1236.3 steps 385 
INFO : 2021-01-18 21:11:03,228 : episode: 865 score: 1135.9 100 games avg: 1135.9 steps 349 
INFO : 2021-01-18 21:11:14,882 : episode: 866 score: 1334.2 100 games avg: 1334.2 steps 406 
INFO : 2021-01-18 21:11:25,952 : episode: 867 score: 1304.9 100 games avg: 1304.9 steps 395 
INFO : 2021-01-18 21:11:32,549 : episode: 868 score: 724.0 100 games avg: 724.0 steps 223 
INFO : 2021-01-18 21:11:41,477 : episode: 869 score: 970.6 100 games avg: 970.6 steps 304 
INFO : 2021-01-18 21:11:47,362 : episode: 870 score: 829.3 100 games avg: 829.3 steps 268 
INFO : 2021-01-18 21:11:55,197 : episode: 871 score: 958.8 100 games avg: 958.8 steps 299 
INFO : 2021-01-18 21:11:59,427 : episode: 872 score: 952.9 100 games avg: 952.9 steps 301 
INFO : 2021-01-18 21:12:05,492 : episode: 873 score: 1028.4 100 games avg: 1028.4 steps 319 
INFO : 2021-01-18 21:12:11,732 : episode: 874 score: 591.3 100 games avg: 591.3 steps 205 
INFO : 2021-01-18 21:12:18,483 : episode: 875 score: 711.3 100 games avg: 711.3 steps 232 
INFO : 2021-01-18 21:12:26,276 : episode: 876 score: 958.6 100 games avg: 958.6 steps 301 
INFO : 2021-01-18 21:12:33,350 : episode: 877 score: 753.6 100 games avg: 753.6 steps 249 
INFO : 2021-01-18 21:12:43,596 : episode: 878 score: 1073.4 100 games avg: 1073.4 steps 341 
INFO : 2021-01-18 21:12:51,700 : episode: 879 score: 795.8 100 games avg: 795.8 steps 260 
INFO : 2021-01-18 21:13:00,334 : episode: 880 score: 926.1 100 games avg: 926.1 steps 295 
INFO : 2021-01-18 21:13:11,273 : episode: 881 score: 1143.2 100 games avg: 1143.2 steps 362 
INFO : 2021-01-18 21:13:18,353 : episode: 882 score: 741.4 100 games avg: 741.4 steps 242 
INFO : 2021-01-18 21:13:27,155 : episode: 883 score: 903.5 100 games avg: 903.5 steps 289 
INFO : 2021-01-18 21:13:36,242 : episode: 884 score: 919.2 100 games avg: 919.2 steps 298 
INFO : 2021-01-18 21:13:45,080 : episode: 885 score: 915.8 100 games avg: 915.8 steps 294 
INFO : 2021-01-18 21:13:52,329 : episode: 886 score: 770.9 100 games avg: 770.9 steps 250 
INFO : 2021-01-18 21:14:01,330 : episode: 887 score: 976.7 100 games avg: 976.7 steps 306 
INFO : 2021-01-18 21:14:10,525 : episode: 888 score: 929.4 100 games avg: 929.4 steps 307 
INFO : 2021-01-18 21:14:20,407 : episode: 889 score: 1068.4 100 games avg: 1068.4 steps 342 
INFO : 2021-01-18 21:14:32,370 : episode: 890 score: 1298.6 100 games avg: 1298.6 steps 409 
INFO : 2021-01-18 21:14:41,317 : episode: 891 score: 969.6 100 games avg: 969.6 steps 303 
INFO : 2021-01-18 21:14:49,537 : episode: 892 score: 804.5 100 games avg: 804.5 steps 264 
INFO : 2021-01-18 21:14:57,987 : episode: 893 score: 924.5 100 games avg: 924.5 steps 295 
INFO : 2021-01-18 21:15:09,147 : episode: 894 score: 1190.7 100 games avg: 1190.7 steps 376 
INFO : 2021-01-18 21:15:15,825 : episode: 895 score: 1107.6 100 games avg: 1107.6 steps 346 
INFO : 2021-01-18 21:15:20,401 : episode: 896 score: 969.3 100 games avg: 969.3 steps 326 
INFO : 2021-01-18 21:15:24,962 : episode: 897 score: 980.5 100 games avg: 980.5 steps 325 
INFO : 2021-01-18 21:15:30,799 : episode: 898 score: 1344.2 100 games avg: 1344.2 steps 416 
INFO : 2021-01-18 21:15:36,193 : episode: 899 score: 1229.2 100 games avg: 1229.2 steps 384 
INFO : 2021-01-18 21:15:40,755 : episode: 900 score: 988.0 100 games avg: 988.0 steps 325 
INFO : 2021-01-18 21:15:47,585 : episode: 901 score: 1525.8 100 games avg: 1525.8 steps 486 
INFO : 2021-01-18 21:15:52,601 : episode: 902 score: 1125.7 100 games avg: 1125.7 steps 357 
INFO : 2021-01-18 21:15:57,595 : episode: 903 score: 1073.2 100 games avg: 1073.2 steps 355 
INFO : 2021-01-18 21:16:04,524 : episode: 904 score: 1585.8 100 games avg: 1585.8 steps 491 
INFO : 2021-01-18 21:16:13,406 : episode: 905 score: 1323.3 100 games avg: 1323.3 steps 421 
INFO : 2021-01-18 21:16:23,327 : episode: 906 score: 977.7 100 games avg: 977.7 steps 336 
INFO : 2021-01-18 21:16:30,587 : episode: 907 score: 1496.2 100 games avg: 1496.2 steps 473 
INFO : 2021-01-18 21:16:38,271 : episode: 908 score: 1748.2 100 games avg: 1748.2 steps 553 
INFO : 2021-01-18 21:16:40,135 : episode: 909 score: 299.9 100 games avg: 299.9 steps 134 
INFO : 2021-01-18 21:16:50,788 : episode: 910 score: 2411.0 100 games avg: 2411.0 steps 763 
INFO : 2021-01-18 21:17:03,638 : episode: 911 score: 1333.6 100 games avg: 1333.6 steps 433 
INFO : 2021-01-18 21:17:19,201 : episode: 912 score: 1669.3 100 games avg: 1669.3 steps 521 
INFO : 2021-01-18 21:17:23,398 : episode: 913 score: 307.5 100 games avg: 307.5 steps 138 
INFO : 2021-01-18 21:17:32,866 : episode: 914 score: 857.7 100 games avg: 857.7 steps 322 
INFO : 2021-01-18 21:17:36,744 : episode: 915 score: 288.1 100 games avg: 288.1 steps 133 
INFO : 2021-01-18 21:17:40,624 : episode: 916 score: 292.8 100 games avg: 292.8 steps 132 
INFO : 2021-01-18 21:17:44,625 : episode: 917 score: 309.4 100 games avg: 309.4 steps 136 
INFO : 2021-01-18 21:17:48,675 : episode: 918 score: 302.2 100 games avg: 302.2 steps 133 
INFO : 2021-01-18 21:17:57,853 : episode: 919 score: 792.2 100 games avg: 792.2 steps 306 
INFO : 2021-01-18 21:18:12,828 : episode: 920 score: 1937.2 100 games avg: 1937.2 steps 670 
INFO : 2021-01-18 21:18:28,359 : episode: 921 score: 1682.1 100 games avg: 1682.1 steps 531 
INFO : 2021-01-18 21:18:47,884 : episode: 922 score: 1969.6 100 games avg: 1969.6 steps 678 
INFO : 2021-01-18 21:18:57,117 : episode: 923 score: 789.6 100 games avg: 789.6 steps 311 
INFO : 2021-01-18 21:19:06,515 : episode: 924 score: 852.4 100 games avg: 852.4 steps 319 
INFO : 2021-01-18 21:19:09,711 : episode: 925 score: 298.0 100 games avg: 298.0 steps 131 
INFO : 2021-01-18 21:19:13,774 : episode: 926 score: 294.9 100 games avg: 294.9 steps 131 
INFO : 2021-01-18 21:19:17,055 : episode: 927 score: 292.0 100 games avg: 292.0 steps 132 
INFO : 2021-01-18 21:19:24,456 : episode: 928 score: 1103.4 100 games avg: 1103.4 steps 361 
INFO : 2021-01-18 21:19:26,367 : episode: 929 score: 317.3 100 games avg: 317.3 steps 136 
INFO : 2021-01-18 21:19:28,268 : episode: 930 score: 304.7 100 games avg: 304.7 steps 135 
INFO : 2021-01-18 21:19:38,074 : episode: 931 score: 2049.1 100 games avg: 2049.1 steps 698 
INFO : 2021-01-18 21:19:45,252 : episode: 932 score: 1376.9 100 games avg: 1376.9 steps 431 
INFO : 2021-01-18 21:19:57,549 : episode: 933 score: 1340.8 100 games avg: 1340.8 steps 430 
INFO : 2021-01-18 21:20:05,559 : episode: 934 score: 1834.5 100 games avg: 1834.5 steps 576 
INFO : 2021-01-18 21:20:32,424 : episode: 935 score: 2929.3 100 games avg: 2929.3 steps 1000 
INFO : 2021-01-18 21:20:39,036 : episode: 936 score: 1464.9 100 games avg: 1464.9 steps 466 
INFO : 2021-01-18 21:20:44,267 : episode: 937 score: 1148.6 100 games avg: 1148.6 steps 373 
INFO : 2021-01-18 21:20:50,096 : episode: 938 score: 1327.6 100 games avg: 1327.6 steps 415 
INFO : 2021-01-18 21:20:55,765 : episode: 939 score: 1295.4 100 games avg: 1295.4 steps 404 
INFO : 2021-01-18 21:21:02,936 : episode: 940 score: 1627.8 100 games avg: 1627.8 steps 511 
INFO : 2021-01-18 21:21:12,136 : episode: 941 score: 2058.3 100 games avg: 2058.3 steps 655 
INFO : 2021-01-18 21:21:19,586 : episode: 942 score: 1738.4 100 games avg: 1738.4 steps 531 
INFO : 2021-01-18 21:21:25,280 : episode: 943 score: 1295.8 100 games avg: 1295.8 steps 406 
INFO : 2021-01-18 21:21:31,302 : episode: 944 score: 1333.5 100 games avg: 1333.5 steps 427 
INFO : 2021-01-18 21:21:37,978 : episode: 945 score: 1504.7 100 games avg: 1504.7 steps 472 
INFO : 2021-01-18 21:21:44,552 : episode: 946 score: 1511.3 100 games avg: 1511.3 steps 465 
INFO : 2021-01-18 21:21:50,889 : episode: 947 score: 1410.9 100 games avg: 1410.9 steps 448 
INFO : 2021-01-18 21:21:56,522 : episode: 948 score: 1253.4 100 games avg: 1253.4 steps 398 
INFO : 2021-01-18 21:22:01,838 : episode: 949 score: 1160.9 100 games avg: 1160.9 steps 376 
INFO : 2021-01-18 21:22:10,341 : episode: 950 score: 1869.1 100 games avg: 1869.1 steps 601 
INFO : 2021-01-18 21:22:15,217 : episode: 951 score: 1064.2 100 games avg: 1064.2 steps 345 
INFO : 2021-01-18 21:22:22,150 : episode: 952 score: 1540.0 100 games avg: 1540.0 steps 490 
INFO : 2021-01-18 21:22:27,116 : episode: 953 score: 1128.3 100 games avg: 1128.3 steps 351 
INFO : 2021-01-18 21:22:32,508 : episode: 954 score: 1179.6 100 games avg: 1179.6 steps 381 
INFO : 2021-01-18 21:22:42,493 : episode: 955 score: 1439.0 100 games avg: 1439.0 steps 458 
INFO : 2021-01-18 21:22:53,897 : episode: 956 score: 1144.5 100 games avg: 1144.5 steps 377 
INFO : 2021-01-18 21:23:05,891 : episode: 957 score: 1263.1 100 games avg: 1263.1 steps 411 
INFO : 2021-01-18 21:23:16,811 : episode: 958 score: 1166.5 100 games avg: 1166.5 steps 365 
INFO : 2021-01-18 21:23:25,497 : episode: 959 score: 967.0 100 games avg: 967.0 steps 324 
INFO : 2021-01-18 21:23:36,374 : episode: 960 score: 1140.6 100 games avg: 1140.6 steps 367 
INFO : 2021-01-18 21:23:53,091 : episode: 961 score: 1756.7 100 games avg: 1756.7 steps 579 
INFO : 2021-01-18 21:24:01,511 : episode: 962 score: 1018.7 100 games avg: 1018.7 steps 336 
INFO : 2021-01-18 21:24:10,669 : episode: 963 score: 1026.2 100 games avg: 1026.2 steps 327 
INFO : 2021-01-18 21:24:20,251 : episode: 964 score: 918.1 100 games avg: 918.1 steps 316 
INFO : 2021-01-18 21:24:35,382 : episode: 965 score: 1567.9 100 games avg: 1567.9 steps 516 
INFO : 2021-01-18 21:24:44,793 : episode: 966 score: 918.7 100 games avg: 918.7 steps 310 
INFO : 2021-01-18 21:24:56,308 : episode: 967 score: 1353.7 100 games avg: 1353.7 steps 425 
INFO : 2021-01-18 21:25:12,618 : episode: 968 score: 1739.5 100 games avg: 1739.5 steps 550 
INFO : 2021-01-18 21:25:21,944 : episode: 969 score: 1088.8 100 games avg: 1088.8 steps 363 
INFO : 2021-01-18 21:25:26,904 : episode: 970 score: 1041.7 100 games avg: 1041.7 steps 353 
INFO : 2021-01-18 21:25:31,611 : episode: 971 score: 1013.2 100 games avg: 1013.2 steps 336 
INFO : 2021-01-18 21:25:37,187 : episode: 972 score: 1215.9 100 games avg: 1215.9 steps 397 
INFO : 2021-01-18 21:25:42,521 : episode: 973 score: 1205.7 100 games avg: 1205.7 steps 380 
INFO : 2021-01-18 21:26:10,918 : episode: 974 score: 2944.5 100 games avg: 2944.5 steps 1000 
INFO : 2021-01-18 21:26:18,144 : episode: 975 score: 1241.1 100 games avg: 1241.1 steps 400 
INFO : 2021-01-18 21:26:22,767 : episode: 976 score: 965.7 100 games avg: 965.7 steps 329 
INFO : 2021-01-18 21:26:27,721 : episode: 977 score: 1060.2 100 games avg: 1060.2 steps 352 
INFO : 2021-01-18 21:26:33,001 : episode: 978 score: 1188.5 100 games avg: 1188.5 steps 376 
INFO : 2021-01-18 21:26:39,538 : episode: 979 score: 1432.8 100 games avg: 1432.8 steps 465 
INFO : 2021-01-18 21:26:45,010 : episode: 980 score: 1183.9 100 games avg: 1183.9 steps 390 
INFO : 2021-01-18 21:26:53,640 : episode: 981 score: 1134.3 100 games avg: 1134.3 steps 374 
INFO : 2021-01-18 21:27:13,674 : episode: 982 score: 2080.3 100 games avg: 2080.3 steps 693 
INFO : 2021-01-18 21:27:30,549 : episode: 983 score: 1905.2 100 games avg: 1905.2 steps 632 
INFO : 2021-01-18 21:27:36,459 : episode: 984 score: 1312.7 100 games avg: 1312.7 steps 417 
INFO : 2021-01-18 21:27:44,388 : episode: 985 score: 891.5 100 games avg: 891.5 steps 297 
INFO : 2021-01-18 21:28:11,750 : episode: 986 score: 2760.3 100 games avg: 2760.3 steps 913 
INFO : 2021-01-18 21:28:15,758 : episode: 987 score: 277.8 100 games avg: 277.8 steps 134 
INFO : 2021-01-18 21:28:19,830 : episode: 988 score: 277.2 100 games avg: 277.2 steps 133 
INFO : 2021-01-18 21:28:47,378 : episode: 989 score: 2862.5 100 games avg: 2862.5 steps 1000 
INFO : 2021-01-18 21:28:50,966 : episode: 990 score: 275.5 100 games avg: 275.5 steps 128 
INFO : 2021-01-18 21:29:01,184 : episode: 991 score: 1185.9 100 games avg: 1185.9 steps 388 
INFO : 2021-01-18 21:29:03,423 : episode: 992 score: 262.0 100 games avg: 262.0 steps 126 
INFO : 2021-01-18 21:29:05,650 : episode: 993 score: 263.7 100 games avg: 263.7 steps 126 
INFO : 2021-01-18 21:29:09,222 : episode: 994 score: 290.7 100 games avg: 290.7 steps 134 
INFO : 2021-01-18 21:29:19,272 : episode: 995 score: 1099.9 100 games avg: 1099.9 steps 360 
INFO : 2021-01-18 21:29:33,443 : episode: 996 score: 2654.7 100 games avg: 2654.7 steps 1000 
INFO : 2021-01-18 21:29:38,788 : episode: 997 score: 1165.1 100 games avg: 1165.1 steps 377 
INFO : 2021-01-18 21:29:40,643 : episode: 998 score: 267.9 100 games avg: 267.9 steps 131 
INFO : 2021-01-18 21:29:42,469 : episode: 999 score: 262.1 100 games avg: 262.1 steps 129 
