INFO : 2021-01-20 03:08:45,123 : method: Soft-Actor Critic
INFO : 2021-01-20 03:08:45,124 : parameter n_steps: 1000 ensemble_size: 5 env: Hopper-v2
INFO : 2021-01-20 03:08:47,771 : mpc_function policy
INFO : 2021-01-20 03:08:47,771 : policy
INFO : 2021-01-20 03:08:47,853 : episode: 0 score: 48.2 100 games avg: 48.2 steps 77 
INFO : 2021-01-20 03:08:47,932 : episode: 1 score: 48.4 100 games avg: 48.4 steps 77 
INFO : 2021-01-20 03:08:48,012 : episode: 2 score: 48.1 100 games avg: 48.1 steps 77 
INFO : 2021-01-20 03:08:48,654 : episode: 3 score: 32.8 100 games avg: 32.8 steps 46 
INFO : 2021-01-20 03:08:49,335 : episode: 4 score: 7.4 100 games avg: 7.4 steps 24 
INFO : 2021-01-20 03:08:49,621 : episode: 5 score: 8.0 100 games avg: 8.0 steps 10 
INFO : 2021-01-20 03:08:50,394 : episode: 6 score: 12.6 100 games avg: 12.6 steps 27 
INFO : 2021-01-20 03:08:50,791 : episode: 7 score: 9.4 100 games avg: 9.4 steps 14 
INFO : 2021-01-20 03:08:51,304 : episode: 8 score: 9.1 100 games avg: 9.1 steps 18 
INFO : 2021-01-20 03:08:51,981 : episode: 9 score: 11.2 100 games avg: 11.2 steps 24 
INFO : 2021-01-20 03:08:53,066 : episode: 10 score: 16.6 100 games avg: 16.6 steps 38 
INFO : 2021-01-20 03:08:55,058 : episode: 11 score: 129.8 100 games avg: 129.8 steps 69 
INFO : 2021-01-20 03:08:58,311 : episode: 12 score: 159.3 100 games avg: 159.3 steps 114 
INFO : 2021-01-20 03:08:59,078 : episode: 13 score: 44.9 100 games avg: 44.9 steps 27 
INFO : 2021-01-20 03:08:59,898 : episode: 14 score: 49.0 100 games avg: 49.0 steps 29 
INFO : 2021-01-20 03:09:00,787 : episode: 15 score: 50.6 100 games avg: 50.6 steps 31 
INFO : 2021-01-20 03:09:01,650 : episode: 16 score: 49.7 100 games avg: 49.7 steps 30 
INFO : 2021-01-20 03:09:02,497 : episode: 17 score: 48.9 100 games avg: 48.9 steps 29 
INFO : 2021-01-20 03:09:03,289 : episode: 18 score: 46.0 100 games avg: 46.0 steps 28 
INFO : 2021-01-20 03:09:04,240 : episode: 19 score: 53.8 100 games avg: 53.8 steps 33 
INFO : 2021-01-20 03:09:05,011 : episode: 20 score: 45.4 100 games avg: 45.4 steps 27 
INFO : 2021-01-20 03:09:05,829 : episode: 21 score: 48.6 100 games avg: 48.6 steps 29 
INFO : 2021-01-20 03:09:06,877 : episode: 22 score: 60.5 100 games avg: 60.5 steps 37 
INFO : 2021-01-20 03:09:07,653 : episode: 23 score: 45.7 100 games avg: 45.7 steps 27 
INFO : 2021-01-20 03:09:08,450 : episode: 24 score: 46.9 100 games avg: 46.9 steps 28 
INFO : 2021-01-20 03:09:09,328 : episode: 25 score: 51.2 100 games avg: 51.2 steps 31 
INFO : 2021-01-20 03:09:10,238 : episode: 26 score: 52.7 100 games avg: 52.7 steps 32 
INFO : 2021-01-20 03:09:11,007 : episode: 27 score: 46.0 100 games avg: 46.0 steps 27 
INFO : 2021-01-20 03:09:12,111 : episode: 28 score: 66.5 100 games avg: 66.5 steps 40 
INFO : 2021-01-20 03:09:14,494 : episode: 29 score: 182.9 100 games avg: 182.9 steps 87 
INFO : 2021-01-20 03:09:15,501 : episode: 30 score: 53.8 100 games avg: 53.8 steps 35 
INFO : 2021-01-20 03:09:17,580 : episode: 31 score: 136.8 100 games avg: 136.8 steps 73 
INFO : 2021-01-20 03:09:18,344 : episode: 32 score: 45.2 100 games avg: 45.2 steps 27 
INFO : 2021-01-20 03:09:19,469 : episode: 33 score: 66.7 100 games avg: 66.7 steps 39 
INFO : 2021-01-20 03:09:20,523 : episode: 34 score: 62.2 100 games avg: 62.2 steps 37 
INFO : 2021-01-20 03:09:21,778 : episode: 35 score: 74.9 100 games avg: 74.9 steps 44 
INFO : 2021-01-20 03:09:22,730 : episode: 36 score: 53.6 100 games avg: 53.6 steps 33 
INFO : 2021-01-20 03:09:23,956 : episode: 37 score: 71.7 100 games avg: 71.7 steps 43 
INFO : 2021-01-20 03:09:24,745 : episode: 38 score: 54.7 100 games avg: 54.7 steps 33 
INFO : 2021-01-20 03:09:25,929 : episode: 39 score: 125.3 100 games avg: 125.3 steps 68 
INFO : 2021-01-20 03:09:27,431 : episode: 40 score: 119.9 100 games avg: 119.9 steps 66 
INFO : 2021-01-20 03:09:29,141 : episode: 41 score: 119.5 100 games avg: 119.5 steps 65 
INFO : 2021-01-20 03:09:30,667 : episode: 42 score: 105.8 100 games avg: 105.8 steps 58 
INFO : 2021-01-20 03:09:32,775 : episode: 43 score: 147.6 100 games avg: 147.6 steps 74 
INFO : 2021-01-20 03:09:35,542 : episode: 44 score: 227.5 100 games avg: 227.5 steps 97 
INFO : 2021-01-20 03:09:38,103 : episode: 45 score: 183.6 100 games avg: 183.6 steps 90 
INFO : 2021-01-20 03:09:40,401 : episode: 46 score: 179.2 100 games avg: 179.2 steps 88 
INFO : 2021-01-20 03:09:42,662 : episode: 47 score: 198.2 100 games avg: 198.2 steps 91 
INFO : 2021-01-20 03:09:45,331 : episode: 48 score: 203.8 100 games avg: 203.8 steps 95 
INFO : 2021-01-20 03:09:47,922 : episode: 49 score: 187.1 100 games avg: 187.1 steps 91 
INFO : 2021-01-20 03:09:50,413 : episode: 50 score: 167.7 100 games avg: 167.7 steps 87 
INFO : 2021-01-20 03:09:52,521 : episode: 51 score: 121.0 100 games avg: 121.0 steps 70 
INFO : 2021-01-20 03:09:55,346 : episode: 52 score: 201.9 100 games avg: 201.9 steps 98 
INFO : 2021-01-20 03:09:57,368 : episode: 53 score: 127.2 100 games avg: 127.2 steps 71 
INFO : 2021-01-20 03:09:59,954 : episode: 54 score: 174.7 100 games avg: 174.7 steps 91 
INFO : 2021-01-20 03:10:02,733 : episode: 55 score: 207.9 100 games avg: 207.9 steps 101 
INFO : 2021-01-20 03:10:05,171 : episode: 56 score: 179.7 100 games avg: 179.7 steps 88 
INFO : 2021-01-20 03:10:07,426 : episode: 57 score: 145.2 100 games avg: 145.2 steps 77 
INFO : 2021-01-20 03:10:10,384 : episode: 58 score: 191.4 100 games avg: 191.4 steps 96 
INFO : 2021-01-20 03:10:12,630 : episode: 59 score: 124.2 100 games avg: 124.2 steps 70 
INFO : 2021-01-20 03:10:13,910 : episode: 60 score: 67.1 100 games avg: 67.1 steps 40 
INFO : 2021-01-20 03:10:16,123 : episode: 61 score: 123.7 100 games avg: 123.7 steps 69 
INFO : 2021-01-20 03:10:19,325 : episode: 62 score: 202.2 100 games avg: 202.2 steps 100 
INFO : 2021-01-20 03:10:22,322 : episode: 63 score: 214.4 100 games avg: 214.4 steps 102 
INFO : 2021-01-20 03:10:25,075 : episode: 64 score: 197.4 100 games avg: 197.4 steps 96 
INFO : 2021-01-20 03:10:28,047 : episode: 65 score: 240.5 100 games avg: 240.5 steps 104 
INFO : 2021-01-20 03:10:30,738 : episode: 66 score: 189.8 100 games avg: 189.8 steps 94 
INFO : 2021-01-20 03:10:33,588 : episode: 67 score: 220.6 100 games avg: 220.6 steps 100 
INFO : 2021-01-20 03:10:36,424 : episode: 68 score: 212.9 100 games avg: 212.9 steps 99 
INFO : 2021-01-20 03:10:39,183 : episode: 69 score: 200.7 100 games avg: 200.7 steps 97 
INFO : 2021-01-20 03:10:42,064 : episode: 70 score: 213.7 100 games avg: 213.7 steps 101 
INFO : 2021-01-20 03:10:44,778 : episode: 71 score: 196.6 100 games avg: 196.6 steps 95 
INFO : 2021-01-20 03:10:47,474 : episode: 72 score: 198.7 100 games avg: 198.7 steps 95 
INFO : 2021-01-20 03:10:49,631 : episode: 73 score: 197.3 100 games avg: 197.3 steps 93 
INFO : 2021-01-20 03:10:51,363 : episode: 74 score: 206.9 100 games avg: 206.9 steps 101 
INFO : 2021-01-20 03:10:53,590 : episode: 75 score: 189.2 100 games avg: 189.2 steps 94 
INFO : 2021-01-20 03:10:56,301 : episode: 76 score: 200.7 100 games avg: 200.7 steps 95 
INFO : 2021-01-20 03:10:59,248 : episode: 77 score: 212.7 100 games avg: 212.7 steps 103 
INFO : 2021-01-20 03:11:02,112 : episode: 78 score: 219.0 100 games avg: 219.0 steps 100 
INFO : 2021-01-20 03:11:05,068 : episode: 79 score: 223.6 100 games avg: 223.6 steps 105 
INFO : 2021-01-20 03:11:08,101 : episode: 80 score: 231.1 100 games avg: 231.1 steps 106 
INFO : 2021-01-20 03:11:11,231 : episode: 81 score: 231.9 100 games avg: 231.9 steps 110 
INFO : 2021-01-20 03:11:14,165 : episode: 82 score: 223.4 100 games avg: 223.4 steps 102 
INFO : 2021-01-20 03:11:17,267 : episode: 83 score: 259.6 100 games avg: 259.6 steps 109 
INFO : 2021-01-20 03:11:20,595 : episode: 84 score: 254.9 100 games avg: 254.9 steps 116 
INFO : 2021-01-20 03:11:23,799 : episode: 85 score: 243.4 100 games avg: 243.4 steps 112 
INFO : 2021-01-20 03:11:26,644 : episode: 86 score: 233.6 100 games avg: 233.6 steps 100 
INFO : 2021-01-20 03:11:29,557 : episode: 87 score: 232.2 100 games avg: 232.2 steps 102 
INFO : 2021-01-20 03:11:32,621 : episode: 88 score: 230.0 100 games avg: 230.0 steps 107 
INFO : 2021-01-20 03:11:35,345 : episode: 89 score: 225.7 100 games avg: 225.7 steps 96 
INFO : 2021-01-20 03:11:38,178 : episode: 90 score: 226.2 100 games avg: 226.2 steps 99 
INFO : 2021-01-20 03:11:40,977 : episode: 91 score: 229.7 100 games avg: 229.7 steps 98 
INFO : 2021-01-20 03:11:43,742 : episode: 92 score: 220.1 100 games avg: 220.1 steps 97 
INFO : 2021-01-20 03:11:46,694 : episode: 93 score: 248.7 100 games avg: 248.7 steps 103 
INFO : 2021-01-20 03:11:49,642 : episode: 94 score: 238.2 100 games avg: 238.2 steps 103 
INFO : 2021-01-20 03:11:52,494 : episode: 95 score: 238.0 100 games avg: 238.0 steps 100 
INFO : 2021-01-20 03:11:55,362 : episode: 96 score: 219.9 100 games avg: 219.9 steps 100 
INFO : 2021-01-20 03:11:58,039 : episode: 97 score: 216.2 100 games avg: 216.2 steps 94 
INFO : 2021-01-20 03:12:01,014 : episode: 98 score: 245.1 100 games avg: 245.1 steps 105 
INFO : 2021-01-20 03:12:03,974 : episode: 99 score: 234.7 100 games avg: 234.7 steps 104 
INFO : 2021-01-20 03:12:07,365 : episode: 100 score: 276.0 100 games avg: 276.0 steps 119 
INFO : 2021-01-20 03:12:10,384 : episode: 101 score: 226.0 100 games avg: 226.0 steps 106 
INFO : 2021-01-20 03:12:13,062 : episode: 102 score: 226.4 100 games avg: 226.4 steps 94 
INFO : 2021-01-20 03:12:15,821 : episode: 103 score: 217.1 100 games avg: 217.1 steps 97 
INFO : 2021-01-20 03:12:18,614 : episode: 104 score: 234.0 100 games avg: 234.0 steps 98 
INFO : 2021-01-20 03:12:21,252 : episode: 105 score: 218.8 100 games avg: 218.8 steps 92 
INFO : 2021-01-20 03:12:23,973 : episode: 106 score: 216.5 100 games avg: 216.5 steps 93 
INFO : 2021-01-20 03:12:27,153 : episode: 107 score: 251.0 100 games avg: 251.0 steps 108 
INFO : 2021-01-20 03:12:30,517 : episode: 108 score: 259.3 100 games avg: 259.3 steps 114 
INFO : 2021-01-20 03:12:33,701 : episode: 109 score: 251.1 100 games avg: 251.1 steps 108 
INFO : 2021-01-20 03:12:36,726 : episode: 110 score: 242.2 100 games avg: 242.2 steps 103 
INFO : 2021-01-20 03:12:39,928 : episode: 111 score: 252.1 100 games avg: 252.1 steps 109 
INFO : 2021-01-20 03:12:42,850 : episode: 112 score: 212.9 100 games avg: 212.9 steps 100 
INFO : 2021-01-20 03:12:45,971 : episode: 113 score: 239.0 100 games avg: 239.0 steps 106 
INFO : 2021-01-20 03:12:49,091 : episode: 114 score: 252.3 100 games avg: 252.3 steps 109 
INFO : 2021-01-20 03:12:51,985 : episode: 115 score: 228.5 100 games avg: 228.5 steps 101 
INFO : 2021-01-20 03:12:54,811 : episode: 116 score: 217.0 100 games avg: 217.0 steps 99 
INFO : 2021-01-20 03:12:57,834 : episode: 117 score: 242.0 100 games avg: 242.0 steps 105 
INFO : 2021-01-20 03:12:59,538 : episode: 118 score: 211.6 100 games avg: 211.6 steps 94 
INFO : 2021-01-20 03:13:00,793 : episode: 119 score: 222.6 100 games avg: 222.6 steps 101 
INFO : 2021-01-20 03:13:01,972 : episode: 120 score: 207.1 100 games avg: 207.1 steps 95 
INFO : 2021-01-20 03:13:03,214 : episode: 121 score: 223.4 100 games avg: 223.4 steps 100 
INFO : 2021-01-20 03:13:04,506 : episode: 122 score: 239.8 100 games avg: 239.8 steps 104 
INFO : 2021-01-20 03:13:05,724 : episode: 123 score: 205.8 100 games avg: 205.8 steps 98 
INFO : 2021-01-20 03:13:06,917 : episode: 124 score: 205.7 100 games avg: 205.7 steps 96 
INFO : 2021-01-20 03:13:09,363 : episode: 125 score: 219.3 100 games avg: 219.3 steps 100 
INFO : 2021-01-20 03:13:12,024 : episode: 126 score: 200.5 100 games avg: 200.5 steps 93 
INFO : 2021-01-20 03:13:14,968 : episode: 127 score: 214.5 100 games avg: 214.5 steps 103 
INFO : 2021-01-20 03:13:17,757 : episode: 128 score: 199.5 100 games avg: 199.5 steps 97 
INFO : 2021-01-20 03:13:20,487 : episode: 129 score: 203.5 100 games avg: 203.5 steps 96 
INFO : 2021-01-20 03:13:23,428 : episode: 130 score: 230.2 100 games avg: 230.2 steps 103 
INFO : 2021-01-20 03:13:26,317 : episode: 131 score: 209.1 100 games avg: 209.1 steps 101 
INFO : 2021-01-20 03:13:29,086 : episode: 132 score: 204.9 100 games avg: 204.9 steps 97 
INFO : 2021-01-20 03:13:30,352 : episode: 133 score: 199.8 100 games avg: 199.8 steps 96 
INFO : 2021-01-20 03:13:31,597 : episode: 134 score: 219.1 100 games avg: 219.1 steps 101 
INFO : 2021-01-20 03:13:32,843 : episode: 135 score: 210.2 100 games avg: 210.2 steps 101 
INFO : 2021-01-20 03:13:34,148 : episode: 136 score: 214.8 100 games avg: 214.8 steps 97 
INFO : 2021-01-20 03:13:37,029 : episode: 137 score: 203.6 100 games avg: 203.6 steps 99 
INFO : 2021-01-20 03:13:40,206 : episode: 138 score: 237.4 100 games avg: 237.4 steps 108 
INFO : 2021-01-20 03:13:43,031 : episode: 139 score: 202.5 100 games avg: 202.5 steps 97 
INFO : 2021-01-20 03:13:46,028 : episode: 140 score: 231.6 100 games avg: 231.6 steps 103 
INFO : 2021-01-20 03:13:48,848 : episode: 141 score: 207.3 100 games avg: 207.3 steps 99 
INFO : 2021-01-20 03:13:51,687 : episode: 142 score: 208.4 100 games avg: 208.4 steps 100 
INFO : 2021-01-20 03:13:54,480 : episode: 143 score: 217.1 100 games avg: 217.1 steps 97 
INFO : 2021-01-20 03:13:57,249 : episode: 144 score: 202.9 100 games avg: 202.9 steps 97 
INFO : 2021-01-20 03:14:00,051 : episode: 145 score: 208.3 100 games avg: 208.3 steps 99 
INFO : 2021-01-20 03:14:02,715 : episode: 146 score: 199.3 100 games avg: 199.3 steps 93 
INFO : 2021-01-20 03:14:05,530 : episode: 147 score: 221.2 100 games avg: 221.2 steps 99 
INFO : 2021-01-20 03:14:08,177 : episode: 148 score: 203.4 100 games avg: 203.4 steps 93 
INFO : 2021-01-20 03:14:10,834 : episode: 149 score: 203.0 100 games avg: 203.0 steps 93 
INFO : 2021-01-20 03:14:13,647 : episode: 150 score: 207.9 100 games avg: 207.9 steps 99 
INFO : 2021-01-20 03:14:16,339 : episode: 151 score: 200.0 100 games avg: 200.0 steps 95 
INFO : 2021-01-20 03:14:19,107 : episode: 152 score: 212.3 100 games avg: 212.3 steps 98 
INFO : 2021-01-20 03:14:21,913 : episode: 153 score: 226.8 100 games avg: 226.8 steps 99 
INFO : 2021-01-20 03:14:24,760 : episode: 154 score: 211.2 100 games avg: 211.2 steps 100 
INFO : 2021-01-20 03:14:27,461 : episode: 155 score: 203.1 100 games avg: 203.1 steps 95 
INFO : 2021-01-20 03:14:30,164 : episode: 156 score: 195.6 100 games avg: 195.6 steps 95 
INFO : 2021-01-20 03:14:32,786 : episode: 157 score: 205.6 100 games avg: 205.6 steps 92 
INFO : 2021-01-20 03:14:35,694 : episode: 158 score: 217.1 100 games avg: 217.1 steps 102 
INFO : 2021-01-20 03:14:38,540 : episode: 159 score: 211.6 100 games avg: 211.6 steps 100 
INFO : 2021-01-20 03:14:41,501 : episode: 160 score: 218.6 100 games avg: 218.6 steps 99 
INFO : 2021-01-20 03:14:44,609 : episode: 161 score: 231.1 100 games avg: 231.1 steps 109 
INFO : 2021-01-20 03:14:47,495 : episode: 162 score: 228.6 100 games avg: 228.6 steps 101 
INFO : 2021-01-20 03:14:50,336 : episode: 163 score: 246.0 100 games avg: 246.0 steps 106 
INFO : 2021-01-20 03:14:52,906 : episode: 164 score: 202.5 100 games avg: 202.5 steps 97 
INFO : 2021-01-20 03:14:55,726 : episode: 165 score: 218.5 100 games avg: 218.5 steps 99 
INFO : 2021-01-20 03:14:58,557 : episode: 166 score: 222.0 100 games avg: 222.0 steps 99 
INFO : 2021-01-20 03:15:01,452 : episode: 167 score: 214.8 100 games avg: 214.8 steps 102 
INFO : 2021-01-20 03:15:04,463 : episode: 168 score: 242.2 100 games avg: 242.2 steps 107 
INFO : 2021-01-20 03:15:06,723 : episode: 169 score: 151.1 100 games avg: 151.1 steps 79 
INFO : 2021-01-20 03:15:09,369 : episode: 170 score: 188.7 100 games avg: 188.7 steps 93 
INFO : 2021-01-20 03:15:12,105 : episode: 171 score: 205.8 100 games avg: 205.8 steps 96 
INFO : 2021-01-20 03:15:15,131 : episode: 172 score: 207.3 100 games avg: 207.3 steps 98 
INFO : 2021-01-20 03:15:18,360 : episode: 173 score: 240.4 100 games avg: 240.4 steps 112 
INFO : 2021-01-20 03:15:21,295 : episode: 174 score: 217.8 100 games avg: 217.8 steps 103 
INFO : 2021-01-20 03:15:23,988 : episode: 175 score: 192.0 100 games avg: 192.0 steps 94 
INFO : 2021-01-20 03:15:26,395 : episode: 176 score: 166.5 100 games avg: 166.5 steps 84 
INFO : 2021-01-20 03:15:29,829 : episode: 177 score: 265.3 100 games avg: 265.3 steps 119 
INFO : 2021-01-20 03:15:32,497 : episode: 178 score: 190.6 100 games avg: 190.6 steps 92 
INFO : 2021-01-20 03:15:35,501 : episode: 179 score: 223.7 100 games avg: 223.7 steps 104 
INFO : 2021-01-20 03:15:38,559 : episode: 180 score: 222.2 100 games avg: 222.2 steps 105 
INFO : 2021-01-20 03:15:41,473 : episode: 181 score: 213.9 100 games avg: 213.9 steps 101 
INFO : 2021-01-20 03:15:44,877 : episode: 182 score: 259.5 100 games avg: 259.5 steps 118 
INFO : 2021-01-20 03:15:47,659 : episode: 183 score: 220.5 100 games avg: 220.5 steps 96 
INFO : 2021-01-20 03:15:50,415 : episode: 184 score: 210.4 100 games avg: 210.4 steps 95 
INFO : 2021-01-20 03:15:53,193 : episode: 185 score: 206.4 100 games avg: 206.4 steps 96 
INFO : 2021-01-20 03:15:56,147 : episode: 186 score: 220.0 100 games avg: 220.0 steps 103 
INFO : 2021-01-20 03:15:58,939 : episode: 187 score: 195.8 100 games avg: 195.8 steps 98 
INFO : 2021-01-20 03:16:01,767 : episode: 188 score: 214.9 100 games avg: 214.9 steps 102 
INFO : 2021-01-20 03:16:04,135 : episode: 189 score: 208.6 100 games avg: 208.6 steps 98 
INFO : 2021-01-20 03:16:07,538 : episode: 190 score: 259.0 100 games avg: 259.0 steps 118 
INFO : 2021-01-20 03:16:10,605 : episode: 191 score: 233.8 100 games avg: 233.8 steps 108 
INFO : 2021-01-20 03:16:13,474 : episode: 192 score: 216.4 100 games avg: 216.4 steps 101 
INFO : 2021-01-20 03:16:16,368 : episode: 193 score: 222.9 100 games avg: 222.9 steps 102 
INFO : 2021-01-20 03:16:19,184 : episode: 194 score: 215.5 100 games avg: 215.5 steps 99 
INFO : 2021-01-20 03:16:21,795 : episode: 195 score: 182.2 100 games avg: 182.2 steps 92 
INFO : 2021-01-20 03:16:24,656 : episode: 196 score: 213.5 100 games avg: 213.5 steps 100 
INFO : 2021-01-20 03:16:27,551 : episode: 197 score: 225.5 100 games avg: 225.5 steps 102 
INFO : 2021-01-20 03:16:30,325 : episode: 198 score: 208.3 100 games avg: 208.3 steps 98 
INFO : 2021-01-20 03:16:33,104 : episode: 199 score: 211.9 100 games avg: 211.9 steps 98 
INFO : 2021-01-20 03:16:36,073 : episode: 200 score: 221.1 100 games avg: 221.1 steps 104 
INFO : 2021-01-20 03:16:39,084 : episode: 201 score: 231.8 100 games avg: 231.8 steps 106 
INFO : 2021-01-20 03:16:41,887 : episode: 202 score: 209.2 100 games avg: 209.2 steps 99 
INFO : 2021-01-20 03:16:44,641 : episode: 203 score: 192.8 100 games avg: 192.8 steps 97 
INFO : 2021-01-20 03:16:47,653 : episode: 204 score: 225.2 100 games avg: 225.2 steps 106 
INFO : 2021-01-20 03:16:50,474 : episode: 205 score: 228.4 100 games avg: 228.4 steps 99 
INFO : 2021-01-20 03:16:53,281 : episode: 206 score: 207.4 100 games avg: 207.4 steps 99 
INFO : 2021-01-20 03:16:56,214 : episode: 207 score: 215.9 100 games avg: 215.9 steps 104 
INFO : 2021-01-20 03:16:59,128 : episode: 208 score: 220.9 100 games avg: 220.9 steps 103 
INFO : 2021-01-20 03:17:01,978 : episode: 209 score: 198.9 100 games avg: 198.9 steps 98 
INFO : 2021-01-20 03:17:04,791 : episode: 210 score: 202.3 100 games avg: 202.3 steps 97 
INFO : 2021-01-20 03:17:07,816 : episode: 211 score: 221.0 100 games avg: 221.0 steps 103 
INFO : 2021-01-20 03:17:10,727 : episode: 212 score: 214.1 100 games avg: 214.1 steps 102 
INFO : 2021-01-20 03:17:13,841 : episode: 213 score: 238.0 100 games avg: 238.0 steps 108 
INFO : 2021-01-20 03:17:17,067 : episode: 214 score: 250.6 100 games avg: 250.6 steps 113 
INFO : 2021-01-20 03:17:20,250 : episode: 215 score: 240.1 100 games avg: 240.1 steps 112 
INFO : 2021-01-20 03:17:23,345 : episode: 216 score: 231.8 100 games avg: 231.8 steps 104 
INFO : 2021-01-20 03:17:26,114 : episode: 217 score: 184.7 100 games avg: 184.7 steps 91 
INFO : 2021-01-20 03:17:28,975 : episode: 218 score: 215.7 100 games avg: 215.7 steps 101 
INFO : 2021-01-20 03:17:32,027 : episode: 219 score: 231.8 100 games avg: 231.8 steps 107 
INFO : 2021-01-20 03:17:35,101 : episode: 220 score: 234.4 100 games avg: 234.4 steps 108 
INFO : 2021-01-20 03:17:38,114 : episode: 221 score: 227.0 100 games avg: 227.0 steps 106 
INFO : 2021-01-20 03:17:41,299 : episode: 222 score: 273.9 100 games avg: 273.9 steps 112 
INFO : 2021-01-20 03:17:44,237 : episode: 223 score: 220.5 100 games avg: 220.5 steps 103 
INFO : 2021-01-20 03:17:47,649 : episode: 224 score: 255.4 100 games avg: 255.4 steps 119 
INFO : 2021-01-20 03:17:50,756 : episode: 225 score: 245.4 100 games avg: 245.4 steps 109 
INFO : 2021-01-20 03:17:53,838 : episode: 226 score: 242.2 100 games avg: 242.2 steps 108 
INFO : 2021-01-20 03:17:56,943 : episode: 227 score: 237.7 100 games avg: 237.7 steps 109 
INFO : 2021-01-20 03:18:00,007 : episode: 228 score: 235.1 100 games avg: 235.1 steps 108 
INFO : 2021-01-20 03:18:03,563 : episode: 229 score: 280.4 100 games avg: 280.4 steps 125 
INFO : 2021-01-20 03:18:06,690 : episode: 230 score: 244.6 100 games avg: 244.6 steps 110 
INFO : 2021-01-20 03:18:09,795 : episode: 231 score: 260.0 100 games avg: 260.0 steps 109 
INFO : 2021-01-20 03:18:12,971 : episode: 232 score: 245.7 100 games avg: 245.7 steps 111 
INFO : 2021-01-20 03:18:15,909 : episode: 233 score: 212.4 100 games avg: 212.4 steps 103 
INFO : 2021-01-20 03:18:18,793 : episode: 234 score: 241.2 100 games avg: 241.2 steps 102 
INFO : 2021-01-20 03:18:22,175 : episode: 235 score: 263.0 100 games avg: 263.0 steps 119 
INFO : 2021-01-20 03:18:25,337 : episode: 236 score: 254.8 100 games avg: 254.8 steps 110 
INFO : 2021-01-20 03:18:28,728 : episode: 237 score: 266.4 100 games avg: 266.4 steps 118 
INFO : 2021-01-20 03:18:32,059 : episode: 238 score: 267.3 100 games avg: 267.3 steps 117 
INFO : 2021-01-20 03:18:35,051 : episode: 239 score: 224.3 100 games avg: 224.3 steps 105 
INFO : 2021-01-20 03:18:38,258 : episode: 240 score: 281.8 100 games avg: 281.8 steps 113 
INFO : 2021-01-20 03:18:41,341 : episode: 241 score: 262.8 100 games avg: 262.8 steps 108 
INFO : 2021-01-20 03:18:44,785 : episode: 242 score: 275.7 100 games avg: 275.7 steps 121 
INFO : 2021-01-20 03:18:47,910 : episode: 243 score: 271.4 100 games avg: 271.4 steps 110 
INFO : 2021-01-20 03:18:51,628 : episode: 244 score: 293.1 100 games avg: 293.1 steps 130 
INFO : 2021-01-20 03:18:54,981 : episode: 245 score: 268.9 100 games avg: 268.9 steps 117 
INFO : 2021-01-20 03:18:58,474 : episode: 246 score: 273.5 100 games avg: 273.5 steps 122 
INFO : 2021-01-20 03:19:01,524 : episode: 247 score: 258.2 100 games avg: 258.2 steps 107 
INFO : 2021-01-20 03:19:04,785 : episode: 248 score: 272.7 100 games avg: 272.7 steps 114 
INFO : 2021-01-20 03:19:07,880 : episode: 249 score: 261.3 100 games avg: 261.3 steps 109 
INFO : 2021-01-20 03:19:11,620 : episode: 250 score: 297.9 100 games avg: 297.9 steps 131 
INFO : 2021-01-20 03:19:14,911 : episode: 251 score: 278.7 100 games avg: 278.7 steps 117 
INFO : 2021-01-20 03:19:17,823 : episode: 252 score: 227.3 100 games avg: 227.3 steps 101 
INFO : 2021-01-20 03:19:21,071 : episode: 253 score: 268.0 100 games avg: 268.0 steps 114 
INFO : 2021-01-20 03:19:24,851 : episode: 254 score: 290.2 100 games avg: 290.2 steps 133 
INFO : 2021-01-20 03:19:28,461 : episode: 255 score: 265.8 100 games avg: 265.8 steps 127 
INFO : 2021-01-20 03:19:31,575 : episode: 256 score: 265.0 100 games avg: 265.0 steps 109 
INFO : 2021-01-20 03:19:34,758 : episode: 257 score: 273.3 100 games avg: 273.3 steps 111 
INFO : 2021-01-20 03:19:38,439 : episode: 258 score: 284.0 100 games avg: 284.0 steps 126 
INFO : 2021-01-20 03:19:40,703 : episode: 259 score: 267.9 100 games avg: 267.9 steps 117 
INFO : 2021-01-20 03:19:42,282 : episode: 260 score: 261.2 100 games avg: 261.2 steps 128 
INFO : 2021-01-20 03:19:43,614 : episode: 261 score: 266.5 100 games avg: 266.5 steps 108 
INFO : 2021-01-20 03:19:45,193 : episode: 262 score: 280.0 100 games avg: 280.0 steps 128 
INFO : 2021-01-20 03:19:46,659 : episode: 263 score: 274.8 100 games avg: 274.8 steps 119 
INFO : 2021-01-20 03:19:48,063 : episode: 264 score: 284.1 100 games avg: 284.1 steps 114 
INFO : 2021-01-20 03:19:49,801 : episode: 265 score: 281.9 100 games avg: 281.9 steps 141 
INFO : 2021-01-20 03:19:51,181 : episode: 266 score: 268.4 100 games avg: 268.4 steps 112 
INFO : 2021-01-20 03:19:52,586 : episode: 267 score: 264.5 100 games avg: 264.5 steps 114 
INFO : 2021-01-20 03:19:54,313 : episode: 268 score: 272.1 100 games avg: 272.1 steps 140 
INFO : 2021-01-20 03:19:55,718 : episode: 269 score: 275.4 100 games avg: 275.4 steps 114 
INFO : 2021-01-20 03:19:58,333 : episode: 270 score: 365.4 100 games avg: 365.4 steps 212 
INFO : 2021-01-20 03:19:59,776 : episode: 271 score: 281.7 100 games avg: 281.7 steps 117 
INFO : 2021-01-20 03:20:01,403 : episode: 272 score: 282.7 100 games avg: 282.7 steps 132 
INFO : 2021-01-20 03:20:03,057 : episode: 273 score: 269.0 100 games avg: 269.0 steps 134 
INFO : 2021-01-20 03:20:05,143 : episode: 274 score: 300.2 100 games avg: 300.2 steps 169 
INFO : 2021-01-20 03:20:06,685 : episode: 275 score: 269.5 100 games avg: 269.5 steps 125 
INFO : 2021-01-20 03:20:08,252 : episode: 276 score: 284.5 100 games avg: 284.5 steps 127 
INFO : 2021-01-20 03:20:09,967 : episode: 277 score: 285.6 100 games avg: 285.6 steps 139 
INFO : 2021-01-20 03:20:12,028 : episode: 278 score: 313.9 100 games avg: 313.9 steps 167 
INFO : 2021-01-20 03:20:13,506 : episode: 279 score: 288.5 100 games avg: 288.5 steps 120 
INFO : 2021-01-20 03:20:16,942 : episode: 280 score: 293.4 100 games avg: 293.4 steps 154 
INFO : 2021-01-20 03:20:21,848 : episode: 281 score: 321.3 100 games avg: 321.3 steps 172 
INFO : 2021-01-20 03:20:26,725 : episode: 282 score: 317.5 100 games avg: 317.5 steps 171 
INFO : 2021-01-20 03:20:30,966 : episode: 283 score: 293.7 100 games avg: 293.7 steps 149 
INFO : 2021-01-20 03:20:35,468 : episode: 284 score: 301.3 100 games avg: 301.3 steps 158 
INFO : 2021-01-20 03:20:39,729 : episode: 285 score: 285.3 100 games avg: 285.3 steps 149 
INFO : 2021-01-20 03:20:40,271 : episode: 286 score: 9.2 100 games avg: 9.2 steps 19 
INFO : 2021-01-20 03:20:40,781 : episode: 287 score: 8.4 100 games avg: 8.4 steps 18 
INFO : 2021-01-20 03:20:41,299 : episode: 288 score: 9.0 100 games avg: 9.0 steps 18 
INFO : 2021-01-20 03:20:41,877 : episode: 289 score: 8.4 100 games avg: 8.4 steps 18 
INFO : 2021-01-20 03:20:42,453 : episode: 290 score: 8.6 100 games avg: 8.6 steps 18 
INFO : 2021-01-20 03:20:43,034 : episode: 291 score: 8.9 100 games avg: 8.9 steps 18 
INFO : 2021-01-20 03:20:43,576 : episode: 292 score: 8.5 100 games avg: 8.5 steps 17 
INFO : 2021-01-20 03:20:44,143 : episode: 293 score: 9.0 100 games avg: 9.0 steps 18 
INFO : 2021-01-20 03:20:44,674 : episode: 294 score: 7.6 100 games avg: 7.6 steps 16 
INFO : 2021-01-20 03:20:45,218 : episode: 295 score: 8.0 100 games avg: 8.0 steps 17 
INFO : 2021-01-20 03:20:45,737 : episode: 296 score: 7.6 100 games avg: 7.6 steps 16 
INFO : 2021-01-20 03:20:46,293 : episode: 297 score: 8.5 100 games avg: 8.5 steps 17 
INFO : 2021-01-20 03:20:46,858 : episode: 298 score: 8.2 100 games avg: 8.2 steps 17 
INFO : 2021-01-20 03:20:47,436 : episode: 299 score: 9.8 100 games avg: 9.8 steps 19 
INFO : 2021-01-20 03:20:47,948 : episode: 300 score: 6.7 100 games avg: 6.7 steps 16 
INFO : 2021-01-20 03:20:48,494 : episode: 301 score: 7.9 100 games avg: 7.9 steps 17 
INFO : 2021-01-20 03:20:49,009 : episode: 302 score: 6.8 100 games avg: 6.8 steps 16 
INFO : 2021-01-20 03:20:49,503 : episode: 303 score: 6.9 100 games avg: 6.9 steps 16 
INFO : 2021-01-20 03:20:50,087 : episode: 304 score: 9.5 100 games avg: 9.5 steps 18 
INFO : 2021-01-20 03:20:50,590 : episode: 305 score: 7.9 100 games avg: 7.9 steps 16 
INFO : 2021-01-20 03:20:55,316 : episode: 306 score: 248.4 100 games avg: 248.4 steps 147 
INFO : 2021-01-20 03:20:59,837 : episode: 307 score: 274.2 100 games avg: 274.2 steps 140 
INFO : 2021-01-20 03:21:02,137 : episode: 308 score: 133.6 100 games avg: 133.6 steps 82 
INFO : 2021-01-20 03:21:03,716 : episode: 309 score: 261.1 100 games avg: 261.1 steps 129 
INFO : 2021-01-20 03:21:05,231 : episode: 310 score: 268.5 100 games avg: 268.5 steps 124 
INFO : 2021-01-20 03:21:06,855 : episode: 311 score: 274.5 100 games avg: 274.5 steps 133 
INFO : 2021-01-20 03:21:08,357 : episode: 312 score: 263.9 100 games avg: 263.9 steps 123 
INFO : 2021-01-20 03:21:10,068 : episode: 313 score: 254.5 100 games avg: 254.5 steps 140 
INFO : 2021-01-20 03:21:11,631 : episode: 314 score: 260.2 100 games avg: 260.2 steps 128 
INFO : 2021-01-20 03:21:15,456 : episode: 315 score: 282.8 100 games avg: 282.8 steps 153 
INFO : 2021-01-20 03:21:19,502 : episode: 316 score: 272.9 100 games avg: 272.9 steps 142 
INFO : 2021-01-20 03:21:22,134 : episode: 317 score: 270.2 100 games avg: 270.2 steps 143 
INFO : 2021-01-20 03:21:26,831 : episode: 318 score: 305.5 100 games avg: 305.5 steps 165 
INFO : 2021-01-20 03:21:29,969 : episode: 319 score: 257.0 100 games avg: 257.0 steps 110 
INFO : 2021-01-20 03:21:34,372 : episode: 320 score: 251.8 100 games avg: 251.8 steps 154 
INFO : 2021-01-20 03:21:37,842 : episode: 321 score: 273.2 100 games avg: 273.2 steps 121 
INFO : 2021-01-20 03:21:41,011 : episode: 322 score: 298.1 100 games avg: 298.1 steps 151 
INFO : 2021-01-20 03:21:42,766 : episode: 323 score: 214.9 100 games avg: 214.9 steps 142 
INFO : 2021-01-20 03:21:44,582 : episode: 324 score: 191.2 100 games avg: 191.2 steps 147 
INFO : 2021-01-20 03:21:46,089 : episode: 325 score: 272.3 100 games avg: 272.3 steps 122 
INFO : 2021-01-20 03:21:47,559 : episode: 326 score: 287.2 100 games avg: 287.2 steps 119 
INFO : 2021-01-20 03:21:49,375 : episode: 327 score: 283.2 100 games avg: 283.2 steps 147 
INFO : 2021-01-20 03:21:51,006 : episode: 328 score: 276.2 100 games avg: 276.2 steps 132 
INFO : 2021-01-20 03:21:52,636 : episode: 329 score: 277.5 100 games avg: 277.5 steps 132 
INFO : 2021-01-20 03:21:54,168 : episode: 330 score: 276.9 100 games avg: 276.9 steps 124 
INFO : 2021-01-20 03:21:55,687 : episode: 331 score: 304.0 100 games avg: 304.0 steps 123 
INFO : 2021-01-20 03:21:57,206 : episode: 332 score: 270.1 100 games avg: 270.1 steps 123 
INFO : 2021-01-20 03:21:58,812 : episode: 333 score: 269.6 100 games avg: 269.6 steps 130 
INFO : 2021-01-20 03:22:00,405 : episode: 334 score: 279.3 100 games avg: 279.3 steps 129 
INFO : 2021-01-20 03:22:01,949 : episode: 335 score: 282.0 100 games avg: 282.0 steps 125 
INFO : 2021-01-20 03:22:03,517 : episode: 336 score: 281.0 100 games avg: 281.0 steps 127 
INFO : 2021-01-20 03:22:04,974 : episode: 337 score: 281.5 100 games avg: 281.5 steps 118 
INFO : 2021-01-20 03:22:06,493 : episode: 338 score: 277.8 100 games avg: 277.8 steps 123 
INFO : 2021-01-20 03:22:08,063 : episode: 339 score: 278.8 100 games avg: 278.8 steps 127 
INFO : 2021-01-20 03:22:11,090 : episode: 340 score: 298.4 100 games avg: 298.4 steps 123 
INFO : 2021-01-20 03:22:14,547 : episode: 341 score: 280.5 100 games avg: 280.5 steps 121 
INFO : 2021-01-20 03:22:18,093 : episode: 342 score: 277.8 100 games avg: 277.8 steps 124 
INFO : 2021-01-20 03:22:21,546 : episode: 343 score: 277.8 100 games avg: 277.8 steps 121 
INFO : 2021-01-20 03:22:25,096 : episode: 344 score: 288.6 100 games avg: 288.6 steps 124 
INFO : 2021-01-20 03:22:28,623 : episode: 345 score: 282.4 100 games avg: 282.4 steps 123 
INFO : 2021-01-20 03:22:31,950 : episode: 346 score: 284.7 100 games avg: 284.7 steps 117 
INFO : 2021-01-20 03:22:35,229 : episode: 347 score: 290.6 100 games avg: 290.6 steps 123 
INFO : 2021-01-20 03:22:38,825 : episode: 348 score: 278.0 100 games avg: 278.0 steps 126 
INFO : 2021-01-20 03:22:42,319 : episode: 349 score: 284.2 100 games avg: 284.2 steps 122 
INFO : 2021-01-20 03:22:45,957 : episode: 350 score: 277.4 100 games avg: 277.4 steps 128 
INFO : 2021-01-20 03:22:49,398 : episode: 351 score: 286.6 100 games avg: 286.6 steps 120 
INFO : 2021-01-20 03:22:52,956 : episode: 352 score: 293.9 100 games avg: 293.9 steps 123 
INFO : 2021-01-20 03:22:56,505 : episode: 353 score: 301.6 100 games avg: 301.6 steps 124 
INFO : 2021-01-20 03:22:59,859 : episode: 354 score: 278.8 100 games avg: 278.8 steps 117 
INFO : 2021-01-20 03:23:03,627 : episode: 355 score: 291.2 100 games avg: 291.2 steps 131 
INFO : 2021-01-20 03:23:07,317 : episode: 356 score: 283.6 100 games avg: 283.6 steps 131 
INFO : 2021-01-20 03:23:10,648 : episode: 357 score: 275.1 100 games avg: 275.1 steps 116 
INFO : 2021-01-20 03:23:13,896 : episode: 358 score: 276.5 100 games avg: 276.5 steps 114 
INFO : 2021-01-20 03:23:17,038 : episode: 359 score: 267.5 100 games avg: 267.5 steps 109 
INFO : 2021-01-20 03:23:20,503 : episode: 360 score: 286.6 100 games avg: 286.6 steps 120 
INFO : 2021-01-20 03:23:24,191 : episode: 361 score: 269.9 100 games avg: 269.9 steps 129 
INFO : 2021-01-20 03:23:27,657 : episode: 362 score: 279.5 100 games avg: 279.5 steps 121 
INFO : 2021-01-20 03:23:30,953 : episode: 363 score: 273.8 100 games avg: 273.8 steps 114 
INFO : 2021-01-20 03:23:34,405 : episode: 364 score: 274.6 100 games avg: 274.6 steps 118 
INFO : 2021-01-20 03:23:37,707 : episode: 365 score: 268.4 100 games avg: 268.4 steps 116 
INFO : 2021-01-20 03:23:41,125 : episode: 366 score: 283.5 100 games avg: 283.5 steps 117 
INFO : 2021-01-20 03:23:44,443 : episode: 367 score: 282.4 100 games avg: 282.4 steps 115 
INFO : 2021-01-20 03:23:47,763 : episode: 368 score: 278.5 100 games avg: 278.5 steps 115 
INFO : 2021-01-20 03:23:51,307 : episode: 369 score: 282.7 100 games avg: 282.7 steps 120 
INFO : 2021-01-20 03:23:54,764 : episode: 370 score: 264.0 100 games avg: 264.0 steps 118 
INFO : 2021-01-20 03:23:57,814 : episode: 371 score: 253.1 100 games avg: 253.1 steps 107 
INFO : 2021-01-20 03:24:00,723 : episode: 372 score: 250.1 100 games avg: 250.1 steps 103 
INFO : 2021-01-20 03:24:03,642 : episode: 373 score: 245.0 100 games avg: 245.0 steps 101 
INFO : 2021-01-20 03:24:06,756 : episode: 374 score: 267.9 100 games avg: 267.9 steps 109 
INFO : 2021-01-20 03:24:09,984 : episode: 375 score: 265.9 100 games avg: 265.9 steps 113 
INFO : 2021-01-20 03:24:13,624 : episode: 376 score: 279.6 100 games avg: 279.6 steps 127 
INFO : 2021-01-20 03:24:16,792 : episode: 377 score: 255.2 100 games avg: 255.2 steps 108 
INFO : 2021-01-20 03:24:20,129 : episode: 378 score: 253.0 100 games avg: 253.0 steps 114 
INFO : 2021-01-20 03:24:23,348 : episode: 379 score: 262.4 100 games avg: 262.4 steps 110 
INFO : 2021-01-20 03:24:26,382 : episode: 380 score: 247.6 100 games avg: 247.6 steps 106 
INFO : 2021-01-20 03:24:29,286 : episode: 381 score: 236.0 100 games avg: 236.0 steps 102 
INFO : 2021-01-20 03:24:32,255 : episode: 382 score: 229.5 100 games avg: 229.5 steps 104 
INFO : 2021-01-20 03:24:35,270 : episode: 383 score: 242.8 100 games avg: 242.8 steps 105 
INFO : 2021-01-20 03:24:38,749 : episode: 384 score: 273.6 100 games avg: 273.6 steps 122 
INFO : 2021-01-20 03:24:41,312 : episode: 385 score: 192.9 100 games avg: 192.9 steps 90 
INFO : 2021-01-20 03:24:44,919 : episode: 386 score: 278.9 100 games avg: 278.9 steps 126 
INFO : 2021-01-20 03:24:48,274 : episode: 387 score: 273.2 100 games avg: 273.2 steps 118 
INFO : 2021-01-20 03:24:51,872 : episode: 388 score: 278.5 100 games avg: 278.5 steps 126 
INFO : 2021-01-20 03:24:55,288 : episode: 389 score: 281.1 100 games avg: 281.1 steps 120 
INFO : 2021-01-20 03:24:58,986 : episode: 390 score: 280.3 100 games avg: 280.3 steps 130 
INFO : 2021-01-20 03:25:02,605 : episode: 391 score: 278.3 100 games avg: 278.3 steps 125 
INFO : 2021-01-20 03:25:05,281 : episode: 392 score: 202.6 100 games avg: 202.6 steps 94 
INFO : 2021-01-20 03:25:08,919 : episode: 393 score: 285.3 100 games avg: 285.3 steps 129 
INFO : 2021-01-20 03:25:12,207 : episode: 394 score: 290.5 100 games avg: 290.5 steps 115 
INFO : 2021-01-20 03:25:15,281 : episode: 395 score: 258.0 100 games avg: 258.0 steps 108 
INFO : 2021-01-20 03:25:18,962 : episode: 396 score: 289.0 100 games avg: 289.0 steps 129 
INFO : 2021-01-20 03:25:22,469 : episode: 397 score: 284.1 100 games avg: 284.1 steps 121 
INFO : 2021-01-20 03:25:26,973 : episode: 398 score: 279.3 100 games avg: 279.3 steps 154 
INFO : 2021-01-20 03:25:30,444 : episode: 399 score: 287.6 100 games avg: 287.6 steps 117 
INFO : 2021-01-20 03:25:33,514 : episode: 400 score: 257.3 100 games avg: 257.3 steps 108 
INFO : 2021-01-20 03:25:37,610 : episode: 401 score: 283.6 100 games avg: 283.6 steps 130 
INFO : 2021-01-20 03:25:41,158 : episode: 402 score: 284.3 100 games avg: 284.3 steps 125 
INFO : 2021-01-20 03:25:44,715 : episode: 403 score: 285.5 100 games avg: 285.5 steps 125 
INFO : 2021-01-20 03:25:48,387 : episode: 404 score: 283.2 100 games avg: 283.2 steps 130 
INFO : 2021-01-20 03:25:52,193 : episode: 405 score: 274.8 100 games avg: 274.8 steps 140 
INFO : 2021-01-20 03:25:55,033 : episode: 406 score: 272.4 100 games avg: 272.4 steps 110 
INFO : 2021-01-20 03:25:59,249 : episode: 407 score: 270.3 100 games avg: 270.3 steps 148 
INFO : 2021-01-20 03:26:03,151 : episode: 408 score: 272.6 100 games avg: 272.6 steps 136 
INFO : 2021-01-20 03:26:06,942 : episode: 409 score: 259.3 100 games avg: 259.3 steps 133 
INFO : 2021-01-20 03:26:10,387 : episode: 410 score: 276.7 100 games avg: 276.7 steps 120 
INFO : 2021-01-20 03:26:14,089 : episode: 411 score: 272.1 100 games avg: 272.1 steps 130 
INFO : 2021-01-20 03:26:17,615 : episode: 412 score: 275.9 100 games avg: 275.9 steps 123 
INFO : 2021-01-20 03:26:20,985 : episode: 413 score: 277.6 100 games avg: 277.6 steps 118 
INFO : 2021-01-20 03:26:24,255 : episode: 414 score: 261.0 100 games avg: 261.0 steps 115 
INFO : 2021-01-20 03:26:27,882 : episode: 415 score: 281.5 100 games avg: 281.5 steps 127 
INFO : 2021-01-20 03:26:31,081 : episode: 416 score: 276.4 100 games avg: 276.4 steps 112 
INFO : 2021-01-20 03:26:34,354 : episode: 417 score: 273.6 100 games avg: 273.6 steps 115 
INFO : 2021-01-20 03:26:37,871 : episode: 418 score: 304.0 100 games avg: 304.0 steps 123 
INFO : 2021-01-20 03:26:41,231 : episode: 419 score: 272.0 100 games avg: 272.0 steps 118 
INFO : 2021-01-20 03:26:44,412 : episode: 420 score: 261.3 100 games avg: 261.3 steps 109 
INFO : 2021-01-20 03:26:48,161 : episode: 421 score: 281.5 100 games avg: 281.5 steps 124 
INFO : 2021-01-20 03:26:51,650 : episode: 422 score: 279.8 100 games avg: 279.8 steps 120 
INFO : 2021-01-20 03:26:54,999 : episode: 423 score: 282.0 100 games avg: 282.0 steps 117 
INFO : 2021-01-20 03:26:58,379 : episode: 424 score: 280.0 100 games avg: 280.0 steps 118 
INFO : 2021-01-20 03:27:01,824 : episode: 425 score: 281.2 100 games avg: 281.2 steps 120 
INFO : 2021-01-20 03:27:05,105 : episode: 426 score: 268.3 100 games avg: 268.3 steps 115 
INFO : 2021-01-20 03:27:08,565 : episode: 427 score: 275.5 100 games avg: 275.5 steps 116 
INFO : 2021-01-20 03:27:11,740 : episode: 428 score: 279.8 100 games avg: 279.8 steps 111 
INFO : 2021-01-20 03:27:15,064 : episode: 429 score: 276.2 100 games avg: 276.2 steps 118 
INFO : 2021-01-20 03:27:18,168 : episode: 430 score: 251.9 100 games avg: 251.9 steps 108 
INFO : 2021-01-20 03:27:21,449 : episode: 431 score: 266.9 100 games avg: 266.9 steps 114 
INFO : 2021-01-20 03:27:24,798 : episode: 432 score: 286.5 100 games avg: 286.5 steps 117 
INFO : 2021-01-20 03:27:28,114 : episode: 433 score: 284.0 100 games avg: 284.0 steps 116 
INFO : 2021-01-20 03:27:31,753 : episode: 434 score: 284.3 100 games avg: 284.3 steps 125 
INFO : 2021-01-20 03:27:35,194 : episode: 435 score: 263.4 100 games avg: 263.4 steps 118 
INFO : 2021-01-20 03:27:38,535 : episode: 436 score: 264.5 100 games avg: 264.5 steps 114 
INFO : 2021-01-20 03:27:41,850 : episode: 437 score: 271.6 100 games avg: 271.6 steps 115 
INFO : 2021-01-20 03:27:45,468 : episode: 438 score: 283.8 100 games avg: 283.8 steps 124 
INFO : 2021-01-20 03:27:50,002 : episode: 439 score: 301.8 100 games avg: 301.8 steps 155 
INFO : 2021-01-20 03:27:53,560 : episode: 440 score: 271.1 100 games avg: 271.1 steps 121 
INFO : 2021-01-20 03:27:57,117 : episode: 441 score: 275.9 100 games avg: 275.9 steps 121 
INFO : 2021-01-20 03:28:00,795 : episode: 442 score: 280.1 100 games avg: 280.1 steps 124 
INFO : 2021-01-20 03:28:03,816 : episode: 443 score: 235.7 100 games avg: 235.7 steps 106 
INFO : 2021-01-20 03:28:06,811 : episode: 444 score: 265.6 100 games avg: 265.6 steps 105 
INFO : 2021-01-20 03:28:10,063 : episode: 445 score: 269.7 100 games avg: 269.7 steps 114 
INFO : 2021-01-20 03:28:13,826 : episode: 446 score: 316.8 100 games avg: 316.8 steps 130 
INFO : 2021-01-20 03:28:17,096 : episode: 447 score: 275.0 100 games avg: 275.0 steps 115 
INFO : 2021-01-20 03:28:20,564 : episode: 448 score: 270.0 100 games avg: 270.0 steps 122 
INFO : 2021-01-20 03:28:23,909 : episode: 449 score: 276.3 100 games avg: 276.3 steps 117 
INFO : 2021-01-20 03:28:27,080 : episode: 450 score: 274.5 100 games avg: 274.5 steps 112 
INFO : 2021-01-20 03:28:30,288 : episode: 451 score: 269.4 100 games avg: 269.4 steps 113 
INFO : 2021-01-20 03:28:33,572 : episode: 452 score: 279.5 100 games avg: 279.5 steps 115 
INFO : 2021-01-20 03:28:37,291 : episode: 453 score: 297.9 100 games avg: 297.9 steps 131 
INFO : 2021-01-20 03:28:40,703 : episode: 454 score: 272.0 100 games avg: 272.0 steps 119 
INFO : 2021-01-20 03:28:44,037 : episode: 455 score: 260.9 100 games avg: 260.9 steps 117 
INFO : 2021-01-20 03:28:47,519 : episode: 456 score: 284.7 100 games avg: 284.7 steps 122 
INFO : 2021-01-20 03:28:50,961 : episode: 457 score: 283.7 100 games avg: 283.7 steps 121 
INFO : 2021-01-20 03:28:54,221 : episode: 458 score: 281.5 100 games avg: 281.5 steps 115 
INFO : 2021-01-20 03:28:57,523 : episode: 459 score: 264.4 100 games avg: 264.4 steps 116 
INFO : 2021-01-20 03:29:01,651 : episode: 460 score: 281.2 100 games avg: 281.2 steps 145 
INFO : 2021-01-20 03:29:04,940 : episode: 461 score: 267.7 100 games avg: 267.7 steps 115 
INFO : 2021-01-20 03:29:08,393 : episode: 462 score: 274.0 100 games avg: 274.0 steps 121 
INFO : 2021-01-20 03:29:11,787 : episode: 463 score: 266.4 100 games avg: 266.4 steps 119 
INFO : 2021-01-20 03:29:15,327 : episode: 464 score: 283.6 100 games avg: 283.6 steps 125 
INFO : 2021-01-20 03:29:18,815 : episode: 465 score: 271.6 100 games avg: 271.6 steps 123 
INFO : 2021-01-20 03:29:22,526 : episode: 466 score: 280.3 100 games avg: 280.3 steps 131 
INFO : 2021-01-20 03:29:26,079 : episode: 467 score: 279.2 100 games avg: 279.2 steps 125 
INFO : 2021-01-20 03:29:29,514 : episode: 468 score: 270.8 100 games avg: 270.8 steps 121 
INFO : 2021-01-20 03:29:33,742 : episode: 469 score: 262.3 100 games avg: 262.3 steps 149 
INFO : 2021-01-20 03:29:37,397 : episode: 470 score: 284.2 100 games avg: 284.2 steps 129 
INFO : 2021-01-20 03:29:43,447 : episode: 471 score: 392.9 100 games avg: 392.9 steps 213 
INFO : 2021-01-20 03:29:47,326 : episode: 472 score: 283.4 100 games avg: 283.4 steps 136 
INFO : 2021-01-20 03:29:51,264 : episode: 473 score: 279.6 100 games avg: 279.6 steps 138 
INFO : 2021-01-20 03:29:54,964 : episode: 474 score: 254.8 100 games avg: 254.8 steps 130 
INFO : 2021-01-20 03:29:58,809 : episode: 475 score: 277.8 100 games avg: 277.8 steps 135 
INFO : 2021-01-20 03:30:02,440 : episode: 476 score: 280.1 100 games avg: 280.1 steps 128 
INFO : 2021-01-20 03:30:06,099 : episode: 477 score: 294.6 100 games avg: 294.6 steps 154 
INFO : 2021-01-20 03:30:10,147 : episode: 478 score: 280.2 100 games avg: 280.2 steps 142 
INFO : 2021-01-20 03:30:14,170 : episode: 479 score: 297.6 100 games avg: 297.6 steps 141 
INFO : 2021-01-20 03:30:18,618 : episode: 480 score: 284.7 100 games avg: 284.7 steps 154 
INFO : 2021-01-20 03:30:21,702 : episode: 481 score: 277.2 100 games avg: 277.2 steps 114 
INFO : 2021-01-20 03:30:25,809 : episode: 482 score: 267.0 100 games avg: 267.0 steps 142 
INFO : 2021-01-20 03:30:29,473 : episode: 483 score: 282.1 100 games avg: 282.1 steps 126 
INFO : 2021-01-20 03:30:33,388 : episode: 484 score: 281.6 100 games avg: 281.6 steps 129 
INFO : 2021-01-20 03:30:38,408 : episode: 485 score: 331.7 100 games avg: 331.7 steps 156 
INFO : 2021-01-20 03:30:42,687 : episode: 486 score: 286.1 100 games avg: 286.1 steps 134 
INFO : 2021-01-20 03:30:46,269 : episode: 487 score: 275.0 100 games avg: 275.0 steps 128 
INFO : 2021-01-20 03:30:50,579 : episode: 488 score: 313.3 100 games avg: 313.3 steps 154 
INFO : 2021-01-20 03:30:54,553 : episode: 489 score: 266.0 100 games avg: 266.0 steps 139 
INFO : 2021-01-20 03:30:58,560 : episode: 490 score: 281.1 100 games avg: 281.1 steps 140 
INFO : 2021-01-20 03:31:01,718 : episode: 491 score: 231.0 100 games avg: 231.0 steps 111 
INFO : 2021-01-20 03:31:05,509 : episode: 492 score: 280.6 100 games avg: 280.6 steps 133 
INFO : 2021-01-20 03:31:09,185 : episode: 493 score: 270.0 100 games avg: 270.0 steps 129 
INFO : 2021-01-20 03:31:13,330 : episode: 494 score: 274.2 100 games avg: 274.2 steps 145 
INFO : 2021-01-20 03:31:17,047 : episode: 495 score: 288.3 100 games avg: 288.3 steps 130 
INFO : 2021-01-20 03:31:20,774 : episode: 496 score: 288.8 100 games avg: 288.8 steps 130 
INFO : 2021-01-20 03:31:24,767 : episode: 497 score: 274.4 100 games avg: 274.4 steps 134 
INFO : 2021-01-20 03:31:28,398 : episode: 498 score: 280.2 100 games avg: 280.2 steps 130 
INFO : 2021-01-20 03:31:32,189 : episode: 499 score: 276.4 100 games avg: 276.4 steps 133 
INFO : 2021-01-20 03:31:35,844 : episode: 500 score: 284.2 100 games avg: 284.2 steps 128 
INFO : 2021-01-20 03:31:39,168 : episode: 501 score: 264.0 100 games avg: 264.0 steps 117 
INFO : 2021-01-20 03:31:42,632 : episode: 502 score: 267.0 100 games avg: 267.0 steps 121 
INFO : 2021-01-20 03:31:46,169 : episode: 503 score: 283.8 100 games avg: 283.8 steps 124 
INFO : 2021-01-20 03:31:49,436 : episode: 504 score: 279.0 100 games avg: 279.0 steps 115 
INFO : 2021-01-20 03:31:52,614 : episode: 505 score: 263.7 100 games avg: 263.7 steps 112 
INFO : 2021-01-20 03:31:56,273 : episode: 506 score: 286.7 100 games avg: 286.7 steps 128 
INFO : 2021-01-20 03:31:59,290 : episode: 507 score: 263.9 100 games avg: 263.9 steps 120 
INFO : 2021-01-20 03:32:01,488 : episode: 508 score: 285.1 100 games avg: 285.1 steps 130 
INFO : 2021-01-20 03:32:03,689 : episode: 509 score: 289.9 100 games avg: 289.9 steps 130 
INFO : 2021-01-20 03:32:06,014 : episode: 510 score: 270.5 100 games avg: 270.5 steps 123 
INFO : 2021-01-20 03:32:08,139 : episode: 511 score: 291.2 100 games avg: 291.2 steps 126 
INFO : 2021-01-20 03:32:11,168 : episode: 512 score: 276.7 100 games avg: 276.7 steps 115 
INFO : 2021-01-20 03:32:14,399 : episode: 513 score: 256.2 100 games avg: 256.2 steps 113 
INFO : 2021-01-20 03:32:17,822 : episode: 514 score: 280.4 100 games avg: 280.4 steps 120 
INFO : 2021-01-20 03:32:21,357 : episode: 515 score: 273.7 100 games avg: 273.7 steps 124 
INFO : 2021-01-20 03:32:25,340 : episode: 516 score: 299.7 100 games avg: 299.7 steps 140 
INFO : 2021-01-20 03:32:28,877 : episode: 517 score: 281.3 100 games avg: 281.3 steps 124 
INFO : 2021-01-20 03:32:32,252 : episode: 518 score: 264.7 100 games avg: 264.7 steps 119 
INFO : 2021-01-20 03:32:35,606 : episode: 519 score: 281.0 100 games avg: 281.0 steps 116 
INFO : 2021-01-20 03:32:39,207 : episode: 520 score: 282.8 100 games avg: 282.8 steps 123 
INFO : 2021-01-20 03:32:42,652 : episode: 521 score: 274.2 100 games avg: 274.2 steps 117 
INFO : 2021-01-20 03:32:46,223 : episode: 522 score: 278.7 100 games avg: 278.7 steps 123 
INFO : 2021-01-20 03:32:49,759 : episode: 523 score: 275.0 100 games avg: 275.0 steps 122 
INFO : 2021-01-20 03:32:53,511 : episode: 524 score: 281.6 100 games avg: 281.6 steps 128 
INFO : 2021-01-20 03:32:57,146 : episode: 525 score: 275.6 100 games avg: 275.6 steps 125 
INFO : 2021-01-20 03:33:00,536 : episode: 526 score: 274.1 100 games avg: 274.1 steps 116 
INFO : 2021-01-20 03:33:04,106 : episode: 527 score: 279.6 100 games avg: 279.6 steps 125 
INFO : 2021-01-20 03:33:07,643 : episode: 528 score: 274.2 100 games avg: 274.2 steps 123 
INFO : 2021-01-20 03:33:11,542 : episode: 529 score: 295.8 100 games avg: 295.8 steps 135 
INFO : 2021-01-20 03:33:14,982 : episode: 530 score: 276.4 100 games avg: 276.4 steps 121 
INFO : 2021-01-20 03:33:18,368 : episode: 531 score: 283.0 100 games avg: 283.0 steps 122 
INFO : 2021-01-20 03:33:21,643 : episode: 532 score: 286.2 100 games avg: 286.2 steps 116 
INFO : 2021-01-20 03:33:24,910 : episode: 533 score: 265.2 100 games avg: 265.2 steps 115 
INFO : 2021-01-20 03:33:28,291 : episode: 534 score: 270.9 100 games avg: 270.9 steps 119 
INFO : 2021-01-20 03:33:31,939 : episode: 535 score: 291.1 100 games avg: 291.1 steps 127 
INFO : 2021-01-20 03:33:35,744 : episode: 536 score: 298.6 100 games avg: 298.6 steps 133 
INFO : 2021-01-20 03:33:39,052 : episode: 537 score: 280.0 100 games avg: 280.0 steps 116 
INFO : 2021-01-20 03:33:42,661 : episode: 538 score: 280.9 100 games avg: 280.9 steps 126 
INFO : 2021-01-20 03:33:46,157 : episode: 539 score: 272.4 100 games avg: 272.4 steps 122 
INFO : 2021-01-20 03:33:49,693 : episode: 540 score: 272.5 100 games avg: 272.5 steps 124 
INFO : 2021-01-20 03:33:52,938 : episode: 541 score: 275.4 100 games avg: 275.4 steps 113 
INFO : 2021-01-20 03:33:56,255 : episode: 542 score: 269.5 100 games avg: 269.5 steps 116 
INFO : 2021-01-20 03:33:59,851 : episode: 543 score: 280.4 100 games avg: 280.4 steps 125 
INFO : 2021-01-20 03:34:03,132 : episode: 544 score: 272.7 100 games avg: 272.7 steps 115 
INFO : 2021-01-20 03:34:07,025 : episode: 545 score: 290.8 100 games avg: 290.8 steps 136 
INFO : 2021-01-20 03:34:10,467 : episode: 546 score: 278.0 100 games avg: 278.0 steps 119 
INFO : 2021-01-20 03:34:13,828 : episode: 547 score: 280.1 100 games avg: 280.1 steps 118 
INFO : 2021-01-20 03:34:17,138 : episode: 548 score: 282.8 100 games avg: 282.8 steps 116 
INFO : 2021-01-20 03:34:20,617 : episode: 549 score: 273.9 100 games avg: 273.9 steps 122 
INFO : 2021-01-20 03:34:24,273 : episode: 550 score: 275.2 100 games avg: 275.2 steps 128 
INFO : 2021-01-20 03:34:27,680 : episode: 551 score: 272.7 100 games avg: 272.7 steps 120 
INFO : 2021-01-20 03:34:30,969 : episode: 552 score: 260.7 100 games avg: 260.7 steps 114 
INFO : 2021-01-20 03:34:35,203 : episode: 553 score: 303.9 100 games avg: 303.9 steps 149 
INFO : 2021-01-20 03:34:37,621 : episode: 554 score: 276.3 100 games avg: 276.3 steps 126 
INFO : 2021-01-20 03:34:39,979 : episode: 555 score: 268.8 100 games avg: 268.8 steps 123 
INFO : 2021-01-20 03:34:43,232 : episode: 556 score: 267.3 100 games avg: 267.3 steps 114 
INFO : 2021-01-20 03:34:46,486 : episode: 557 score: 267.2 100 games avg: 267.2 steps 114 
INFO : 2021-01-20 03:34:50,001 : episode: 558 score: 271.3 100 games avg: 271.3 steps 123 
INFO : 2021-01-20 03:34:53,428 : episode: 559 score: 283.1 100 games avg: 283.1 steps 120 
INFO : 2021-01-20 03:34:56,947 : episode: 560 score: 278.6 100 games avg: 278.6 steps 124 
INFO : 2021-01-20 03:35:00,254 : episode: 561 score: 262.5 100 games avg: 262.5 steps 115 
INFO : 2021-01-20 03:35:03,576 : episode: 562 score: 250.8 100 games avg: 250.8 steps 116 
INFO : 2021-01-20 03:35:06,979 : episode: 563 score: 268.3 100 games avg: 268.3 steps 119 
INFO : 2021-01-20 03:35:10,383 : episode: 564 score: 293.4 100 games avg: 293.4 steps 119 
INFO : 2021-01-20 03:35:13,780 : episode: 565 score: 268.2 100 games avg: 268.2 steps 118 
INFO : 2021-01-20 03:35:17,243 : episode: 566 score: 278.2 100 games avg: 278.2 steps 121 
INFO : 2021-01-20 03:35:20,579 : episode: 567 score: 266.0 100 games avg: 266.0 steps 117 
INFO : 2021-01-20 03:35:24,005 : episode: 568 score: 276.7 100 games avg: 276.7 steps 120 
INFO : 2021-01-20 03:35:27,368 : episode: 569 score: 291.4 100 games avg: 291.4 steps 117 
INFO : 2021-01-20 03:35:30,896 : episode: 570 score: 270.6 100 games avg: 270.6 steps 121 
INFO : 2021-01-20 03:35:34,359 : episode: 571 score: 275.5 100 games avg: 275.5 steps 122 
INFO : 2021-01-20 03:35:37,869 : episode: 572 score: 277.4 100 games avg: 277.4 steps 124 
INFO : 2021-01-20 03:35:40,796 : episode: 573 score: 285.8 100 games avg: 285.8 steps 116 
INFO : 2021-01-20 03:35:44,417 : episode: 574 score: 266.9 100 games avg: 266.9 steps 117 
INFO : 2021-01-20 03:35:48,866 : episode: 575 score: 279.3 100 games avg: 279.3 steps 138 
INFO : 2021-01-20 03:35:53,326 : episode: 576 score: 301.7 100 games avg: 301.7 steps 138 
INFO : 2021-01-20 03:35:57,151 : episode: 577 score: 283.5 100 games avg: 283.5 steps 119 
INFO : 2021-01-20 03:36:00,688 : episode: 578 score: 274.7 100 games avg: 274.7 steps 118 
INFO : 2021-01-20 03:36:04,142 : episode: 579 score: 271.7 100 games avg: 271.7 steps 122 
INFO : 2021-01-20 03:36:08,638 : episode: 580 score: 332.1 100 games avg: 332.1 steps 158 
INFO : 2021-01-20 03:36:12,442 : episode: 581 score: 282.8 100 games avg: 282.8 steps 132 
INFO : 2021-01-20 03:36:15,863 : episode: 582 score: 269.5 100 games avg: 269.5 steps 117 
INFO : 2021-01-20 03:36:19,335 : episode: 583 score: 267.0 100 games avg: 267.0 steps 122 
INFO : 2021-01-20 03:36:22,877 : episode: 584 score: 286.3 100 games avg: 286.3 steps 124 
INFO : 2021-01-20 03:36:26,960 : episode: 585 score: 303.1 100 games avg: 303.1 steps 143 
INFO : 2021-01-20 03:36:30,804 : episode: 586 score: 294.6 100 games avg: 294.6 steps 135 
INFO : 2021-01-20 03:36:34,411 : episode: 587 score: 270.7 100 games avg: 270.7 steps 125 
INFO : 2021-01-20 03:36:38,312 : episode: 588 score: 298.3 100 games avg: 298.3 steps 136 
INFO : 2021-01-20 03:36:41,907 : episode: 589 score: 271.9 100 games avg: 271.9 steps 125 
INFO : 2021-01-20 03:36:45,253 : episode: 590 score: 267.1 100 games avg: 267.1 steps 116 
INFO : 2021-01-20 03:36:48,690 : episode: 591 score: 274.7 100 games avg: 274.7 steps 121 
INFO : 2021-01-20 03:36:52,078 : episode: 592 score: 264.8 100 games avg: 264.8 steps 119 
INFO : 2021-01-20 03:36:55,880 : episode: 593 score: 293.8 100 games avg: 293.8 steps 133 
INFO : 2021-01-20 03:37:00,066 : episode: 594 score: 308.9 100 games avg: 308.9 steps 146 
INFO : 2021-01-20 03:37:03,437 : episode: 595 score: 274.6 100 games avg: 274.6 steps 121 
INFO : 2021-01-20 03:37:06,172 : episode: 596 score: 319.0 100 games avg: 319.0 steps 147 
INFO : 2021-01-20 03:37:07,812 : episode: 597 score: 266.0 100 games avg: 266.0 steps 121 
INFO : 2021-01-20 03:37:09,354 : episode: 598 score: 275.7 100 games avg: 275.7 steps 125 
INFO : 2021-01-20 03:37:11,191 : episode: 599 score: 310.0 100 games avg: 310.0 steps 149 
INFO : 2021-01-20 03:37:13,078 : episode: 600 score: 309.3 100 games avg: 309.3 steps 149 
INFO : 2021-01-20 03:37:14,644 : episode: 601 score: 274.7 100 games avg: 274.7 steps 127 
INFO : 2021-01-20 03:37:16,260 : episode: 602 score: 277.0 100 games avg: 277.0 steps 131 
INFO : 2021-01-20 03:37:17,777 : episode: 603 score: 281.5 100 games avg: 281.5 steps 123 
INFO : 2021-01-20 03:37:19,206 : episode: 604 score: 277.8 100 games avg: 277.8 steps 116 
INFO : 2021-01-20 03:37:20,637 : episode: 605 score: 282.0 100 games avg: 282.0 steps 116 
INFO : 2021-01-20 03:37:22,129 : episode: 606 score: 274.9 100 games avg: 274.9 steps 121 
INFO : 2021-01-20 03:37:23,806 : episode: 607 score: 303.6 100 games avg: 303.6 steps 136 
INFO : 2021-01-20 03:37:27,630 : episode: 608 score: 294.4 100 games avg: 294.4 steps 134 
INFO : 2021-01-20 03:37:31,107 : episode: 609 score: 262.5 100 games avg: 262.5 steps 119 
INFO : 2021-01-20 03:37:34,517 : episode: 610 score: 260.1 100 games avg: 260.1 steps 117 
INFO : 2021-01-20 03:37:37,886 : episode: 611 score: 270.7 100 games avg: 270.7 steps 117 
INFO : 2021-01-20 03:37:41,273 : episode: 612 score: 277.9 100 games avg: 277.9 steps 120 
INFO : 2021-01-20 03:37:44,897 : episode: 613 score: 277.3 100 games avg: 277.3 steps 123 
INFO : 2021-01-20 03:37:49,117 : episode: 614 score: 324.6 100 games avg: 324.6 steps 149 
INFO : 2021-01-20 03:37:52,427 : episode: 615 score: 279.3 100 games avg: 279.3 steps 117 
INFO : 2021-01-20 03:37:55,794 : episode: 616 score: 293.4 100 games avg: 293.4 steps 118 
INFO : 2021-01-20 03:37:59,076 : episode: 617 score: 284.2 100 games avg: 284.2 steps 119 
INFO : 2021-01-20 03:38:02,673 : episode: 618 score: 253.5 100 games avg: 253.5 steps 128 
INFO : 2021-01-20 03:38:06,911 : episode: 619 score: 313.7 100 games avg: 313.7 steps 149 
INFO : 2021-01-20 03:38:10,650 : episode: 620 score: 280.6 100 games avg: 280.6 steps 131 
INFO : 2021-01-20 03:38:14,566 : episode: 621 score: 287.7 100 games avg: 287.7 steps 138 
INFO : 2021-01-20 03:38:18,008 : episode: 622 score: 288.1 100 games avg: 288.1 steps 121 
INFO : 2021-01-20 03:38:21,319 : episode: 623 score: 281.2 100 games avg: 281.2 steps 116 
INFO : 2021-01-20 03:38:25,288 : episode: 624 score: 289.1 100 games avg: 289.1 steps 140 
INFO : 2021-01-20 03:38:28,635 : episode: 625 score: 288.3 100 games avg: 288.3 steps 117 
INFO : 2021-01-20 03:38:32,847 : episode: 626 score: 316.5 100 games avg: 316.5 steps 148 
INFO : 2021-01-20 03:38:37,146 : episode: 627 score: 317.4 100 games avg: 317.4 steps 151 
INFO : 2021-01-20 03:38:40,436 : episode: 628 score: 267.7 100 games avg: 267.7 steps 115 
INFO : 2021-01-20 03:38:44,022 : episode: 629 score: 275.0 100 games avg: 275.0 steps 126 
INFO : 2021-01-20 03:38:47,460 : episode: 630 score: 287.1 100 games avg: 287.1 steps 121 
INFO : 2021-01-20 03:38:50,643 : episode: 631 score: 263.3 100 games avg: 263.3 steps 112 
INFO : 2021-01-20 03:38:54,467 : episode: 632 score: 283.8 100 games avg: 283.8 steps 134 
INFO : 2021-01-20 03:38:57,934 : episode: 633 score: 284.9 100 games avg: 284.9 steps 122 
INFO : 2021-01-20 03:39:01,268 : episode: 634 score: 268.3 100 games avg: 268.3 steps 116 
INFO : 2021-01-20 03:39:04,698 : episode: 635 score: 273.7 100 games avg: 273.7 steps 128 
INFO : 2021-01-20 03:39:08,107 : episode: 636 score: 284.9 100 games avg: 284.9 steps 119 
INFO : 2021-01-20 03:39:11,317 : episode: 637 score: 277.9 100 games avg: 277.9 steps 113 
INFO : 2021-01-20 03:39:14,613 : episode: 638 score: 285.7 100 games avg: 285.7 steps 118 
INFO : 2021-01-20 03:39:17,866 : episode: 639 score: 284.6 100 games avg: 284.6 steps 115 
INFO : 2021-01-20 03:39:21,172 : episode: 640 score: 282.0 100 games avg: 282.0 steps 116 
INFO : 2021-01-20 03:39:24,573 : episode: 641 score: 280.2 100 games avg: 280.2 steps 119 
INFO : 2021-01-20 03:39:28,019 : episode: 642 score: 270.8 100 games avg: 270.8 steps 120 
INFO : 2021-01-20 03:39:31,333 : episode: 643 score: 280.0 100 games avg: 280.0 steps 116 
INFO : 2021-01-20 03:39:34,708 : episode: 644 score: 275.5 100 games avg: 275.5 steps 118 
INFO : 2021-01-20 03:39:38,013 : episode: 645 score: 283.1 100 games avg: 283.1 steps 115 
INFO : 2021-01-20 03:39:41,201 : episode: 646 score: 260.0 100 games avg: 260.0 steps 111 
INFO : 2021-01-20 03:39:44,631 : episode: 647 score: 286.9 100 games avg: 286.9 steps 119 
INFO : 2021-01-20 03:39:48,033 : episode: 648 score: 284.9 100 games avg: 284.9 steps 118 
INFO : 2021-01-20 03:39:51,363 : episode: 649 score: 280.8 100 games avg: 280.8 steps 116 
INFO : 2021-01-20 03:39:54,816 : episode: 650 score: 269.4 100 games avg: 269.4 steps 120 
INFO : 2021-01-20 03:39:58,247 : episode: 651 score: 315.4 100 games avg: 315.4 steps 120 
INFO : 2021-01-20 03:40:01,569 : episode: 652 score: 295.4 100 games avg: 295.4 steps 116 
INFO : 2021-01-20 03:40:05,073 : episode: 653 score: 290.2 100 games avg: 290.2 steps 122 
INFO : 2021-01-20 03:40:08,444 : episode: 654 score: 285.0 100 games avg: 285.0 steps 117 
INFO : 2021-01-20 03:40:11,819 : episode: 655 score: 277.1 100 games avg: 277.1 steps 115 
INFO : 2021-01-20 03:40:15,416 : episode: 656 score: 281.0 100 games avg: 281.0 steps 123 
INFO : 2021-01-20 03:40:18,901 : episode: 657 score: 287.8 100 games avg: 287.8 steps 119 
INFO : 2021-01-20 03:40:22,187 : episode: 658 score: 268.3 100 games avg: 268.3 steps 112 
INFO : 2021-01-20 03:40:25,557 : episode: 659 score: 281.3 100 games avg: 281.3 steps 115 
INFO : 2021-01-20 03:40:29,204 : episode: 660 score: 286.7 100 games avg: 286.7 steps 124 
INFO : 2021-01-20 03:40:32,417 : episode: 661 score: 302.5 100 games avg: 302.5 steps 120 
INFO : 2021-01-20 03:40:35,847 : episode: 662 score: 277.9 100 games avg: 277.9 steps 117 
INFO : 2021-01-20 03:40:39,350 : episode: 663 score: 301.8 100 games avg: 301.8 steps 122 
INFO : 2021-01-20 03:40:42,715 : episode: 664 score: 289.0 100 games avg: 289.0 steps 118 
INFO : 2021-01-20 03:40:45,052 : episode: 665 score: 279.6 100 games avg: 279.6 steps 116 
INFO : 2021-01-20 03:40:47,094 : episode: 666 score: 288.8 100 games avg: 288.8 steps 119 
INFO : 2021-01-20 03:40:49,144 : episode: 667 score: 304.6 100 games avg: 304.6 steps 122 
INFO : 2021-01-20 03:40:52,165 : episode: 668 score: 288.6 100 games avg: 288.6 steps 120 
INFO : 2021-01-20 03:40:55,598 : episode: 669 score: 302.6 100 games avg: 302.6 steps 121 
INFO : 2021-01-20 03:40:58,941 : episode: 670 score: 283.0 100 games avg: 283.0 steps 118 
INFO : 2021-01-20 03:41:02,568 : episode: 671 score: 284.7 100 games avg: 284.7 steps 129 
INFO : 2021-01-20 03:41:06,021 : episode: 672 score: 284.4 100 games avg: 284.4 steps 121 
INFO : 2021-01-20 03:41:09,417 : episode: 673 score: 292.5 100 games avg: 292.5 steps 119 
INFO : 2021-01-20 03:41:12,860 : episode: 674 score: 290.3 100 games avg: 290.3 steps 121 
INFO : 2021-01-20 03:41:16,354 : episode: 675 score: 298.1 100 games avg: 298.1 steps 122 
INFO : 2021-01-20 03:41:20,046 : episode: 676 score: 327.4 100 games avg: 327.4 steps 130 
INFO : 2021-01-20 03:41:23,075 : episode: 677 score: 269.1 100 games avg: 269.1 steps 115 
INFO : 2021-01-20 03:41:25,995 : episode: 678 score: 296.0 100 games avg: 296.0 steps 119 
INFO : 2021-01-20 03:41:27,438 : episode: 679 score: 291.2 100 games avg: 291.2 steps 118 
INFO : 2021-01-20 03:41:28,929 : episode: 680 score: 295.5 100 games avg: 295.5 steps 122 
INFO : 2021-01-20 03:41:30,469 : episode: 681 score: 321.7 100 games avg: 321.7 steps 126 
INFO : 2021-01-20 03:41:31,972 : episode: 682 score: 288.9 100 games avg: 288.9 steps 123 
INFO : 2021-01-20 03:41:33,464 : episode: 683 score: 297.6 100 games avg: 297.6 steps 122 
INFO : 2021-01-20 03:41:34,930 : episode: 684 score: 296.4 100 games avg: 296.4 steps 120 
INFO : 2021-01-20 03:41:38,169 : episode: 685 score: 277.9 100 games avg: 277.9 steps 122 
INFO : 2021-01-20 03:41:41,624 : episode: 686 score: 301.2 100 games avg: 301.2 steps 122 
INFO : 2021-01-20 03:41:45,259 : episode: 687 score: 317.6 100 games avg: 317.6 steps 127 
INFO : 2021-01-20 03:41:48,596 : episode: 688 score: 290.6 100 games avg: 290.6 steps 118 
INFO : 2021-01-20 03:41:51,914 : episode: 689 score: 298.2 100 games avg: 298.2 steps 124 
INFO : 2021-01-20 03:41:55,449 : episode: 690 score: 290.4 100 games avg: 290.4 steps 124 
INFO : 2021-01-20 03:41:58,945 : episode: 691 score: 294.5 100 games avg: 294.5 steps 123 
INFO : 2021-01-20 03:42:02,417 : episode: 692 score: 289.3 100 games avg: 289.3 steps 121 
INFO : 2021-01-20 03:42:06,026 : episode: 693 score: 296.7 100 games avg: 296.7 steps 123 
INFO : 2021-01-20 03:42:09,487 : episode: 694 score: 286.8 100 games avg: 286.8 steps 121 
INFO : 2021-01-20 03:42:13,156 : episode: 695 score: 294.4 100 games avg: 294.4 steps 129 
INFO : 2021-01-20 03:42:16,752 : episode: 696 score: 297.4 100 games avg: 297.4 steps 126 
INFO : 2021-01-20 03:42:20,267 : episode: 697 score: 302.1 100 games avg: 302.1 steps 123 
INFO : 2021-01-20 03:42:23,783 : episode: 698 score: 295.8 100 games avg: 295.8 steps 123 
INFO : 2021-01-20 03:42:27,228 : episode: 699 score: 296.2 100 games avg: 296.2 steps 121 
INFO : 2021-01-20 03:42:30,749 : episode: 700 score: 303.3 100 games avg: 303.3 steps 124 
INFO : 2021-01-20 03:42:34,192 : episode: 701 score: 298.1 100 games avg: 298.1 steps 121 
INFO : 2021-01-20 03:42:37,905 : episode: 702 score: 305.2 100 games avg: 305.2 steps 131 
INFO : 2021-01-20 03:42:41,809 : episode: 703 score: 304.1 100 games avg: 304.1 steps 137 
INFO : 2021-01-20 03:42:45,300 : episode: 704 score: 289.6 100 games avg: 289.6 steps 123 
INFO : 2021-01-20 03:42:49,374 : episode: 705 score: 318.1 100 games avg: 318.1 steps 142 
INFO : 2021-01-20 03:42:52,491 : episode: 706 score: 319.3 100 games avg: 319.3 steps 123 
INFO : 2021-01-20 03:42:56,299 : episode: 707 score: 304.3 100 games avg: 304.3 steps 123 
INFO : 2021-01-20 03:43:00,198 : episode: 708 score: 287.1 100 games avg: 287.1 steps 122 
INFO : 2021-01-20 03:43:04,089 : episode: 709 score: 303.3 100 games avg: 303.3 steps 123 
INFO : 2021-01-20 03:43:07,672 : episode: 710 score: 305.9 100 games avg: 305.9 steps 123 
INFO : 2021-01-20 03:43:11,158 : episode: 711 score: 286.4 100 games avg: 286.4 steps 122 
INFO : 2021-01-20 03:43:14,960 : episode: 712 score: 310.3 100 games avg: 310.3 steps 133 
INFO : 2021-01-20 03:43:18,582 : episode: 713 score: 289.3 100 games avg: 289.3 steps 126 
INFO : 2021-01-20 03:43:22,095 : episode: 714 score: 307.8 100 games avg: 307.8 steps 123 
INFO : 2021-01-20 03:43:25,581 : episode: 715 score: 304.9 100 games avg: 304.9 steps 123 
INFO : 2021-01-20 03:43:29,138 : episode: 716 score: 313.8 100 games avg: 313.8 steps 125 
INFO : 2021-01-20 03:43:32,602 : episode: 717 score: 291.2 100 games avg: 291.2 steps 122 
INFO : 2021-01-20 03:43:36,061 : episode: 718 score: 296.1 100 games avg: 296.1 steps 122 
INFO : 2021-01-20 03:43:39,653 : episode: 719 score: 287.0 100 games avg: 287.0 steps 127 
INFO : 2021-01-20 03:43:43,141 : episode: 720 score: 299.9 100 games avg: 299.9 steps 123 
INFO : 2021-01-20 03:43:46,731 : episode: 721 score: 319.0 100 games avg: 319.0 steps 126 
INFO : 2021-01-20 03:43:50,143 : episode: 722 score: 308.5 100 games avg: 308.5 steps 121 
INFO : 2021-01-20 03:43:53,549 : episode: 723 score: 286.7 100 games avg: 286.7 steps 119 
INFO : 2021-01-20 03:43:57,234 : episode: 724 score: 308.9 100 games avg: 308.9 steps 129 
INFO : 2021-01-20 03:44:00,808 : episode: 725 score: 308.7 100 games avg: 308.7 steps 125 
INFO : 2021-01-20 03:44:04,420 : episode: 726 score: 305.6 100 games avg: 305.6 steps 127 
INFO : 2021-01-20 03:44:07,942 : episode: 727 score: 306.8 100 games avg: 306.8 steps 123 
INFO : 2021-01-20 03:44:11,607 : episode: 728 score: 305.9 100 games avg: 305.9 steps 128 
INFO : 2021-01-20 03:44:15,346 : episode: 729 score: 320.5 100 games avg: 320.5 steps 131 
INFO : 2021-01-20 03:44:18,903 : episode: 730 score: 317.3 100 games avg: 317.3 steps 124 
INFO : 2021-01-20 03:44:22,482 : episode: 731 score: 302.7 100 games avg: 302.7 steps 125 
INFO : 2021-01-20 03:44:26,035 : episode: 732 score: 311.7 100 games avg: 311.7 steps 124 
INFO : 2021-01-20 03:44:29,505 : episode: 733 score: 301.5 100 games avg: 301.5 steps 122 
INFO : 2021-01-20 03:44:33,124 : episode: 734 score: 306.3 100 games avg: 306.3 steps 127 
INFO : 2021-01-20 03:44:36,859 : episode: 735 score: 305.8 100 games avg: 305.8 steps 131 
INFO : 2021-01-20 03:44:40,447 : episode: 736 score: 308.6 100 games avg: 308.6 steps 125 
INFO : 2021-01-20 03:44:44,123 : episode: 737 score: 316.0 100 games avg: 316.0 steps 129 
INFO : 2021-01-20 03:44:47,721 : episode: 738 score: 320.5 100 games avg: 320.5 steps 126 
INFO : 2021-01-20 03:44:51,297 : episode: 739 score: 292.4 100 games avg: 292.4 steps 125 
INFO : 2021-01-20 03:44:54,866 : episode: 740 score: 303.6 100 games avg: 303.6 steps 125 
INFO : 2021-01-20 03:44:58,442 : episode: 741 score: 282.0 100 games avg: 282.0 steps 125 
INFO : 2021-01-20 03:45:01,919 : episode: 742 score: 314.7 100 games avg: 314.7 steps 126 
INFO : 2021-01-20 03:45:03,441 : episode: 743 score: 300.8 100 games avg: 300.8 steps 123 
INFO : 2021-01-20 03:45:04,968 : episode: 744 score: 305.7 100 games avg: 305.7 steps 123 
INFO : 2021-01-20 03:45:06,500 : episode: 745 score: 305.5 100 games avg: 305.5 steps 123 
INFO : 2021-01-20 03:45:08,031 : episode: 746 score: 315.8 100 games avg: 315.8 steps 124 
INFO : 2021-01-20 03:45:09,501 : episode: 747 score: 281.3 100 games avg: 281.3 steps 119 
INFO : 2021-01-20 03:45:11,056 : episode: 748 score: 298.3 100 games avg: 298.3 steps 126 
INFO : 2021-01-20 03:45:12,759 : episode: 749 score: 292.9 100 games avg: 292.9 steps 122 
INFO : 2021-01-20 03:45:16,287 : episode: 750 score: 289.6 100 games avg: 289.6 steps 123 
INFO : 2021-01-20 03:45:19,986 : episode: 751 score: 310.3 100 games avg: 310.3 steps 127 
INFO : 2021-01-20 03:45:23,421 : episode: 752 score: 282.7 100 games avg: 282.7 steps 120 
INFO : 2021-01-20 03:45:27,080 : episode: 753 score: 311.1 100 games avg: 311.1 steps 128 
INFO : 2021-01-20 03:45:30,808 : episode: 754 score: 305.0 100 games avg: 305.0 steps 130 
INFO : 2021-01-20 03:45:34,435 : episode: 755 score: 309.1 100 games avg: 309.1 steps 127 
INFO : 2021-01-20 03:45:37,250 : episode: 756 score: 215.3 100 games avg: 215.3 steps 99 
INFO : 2021-01-20 03:45:40,831 : episode: 757 score: 312.0 100 games avg: 312.0 steps 125 
INFO : 2021-01-20 03:45:44,397 : episode: 758 score: 289.0 100 games avg: 289.0 steps 124 
INFO : 2021-01-20 03:45:47,946 : episode: 759 score: 292.0 100 games avg: 292.0 steps 124 
INFO : 2021-01-20 03:45:51,538 : episode: 760 score: 307.8 100 games avg: 307.8 steps 126 
INFO : 2021-01-20 03:45:55,076 : episode: 761 score: 313.3 100 games avg: 313.3 steps 126 
INFO : 2021-01-20 03:45:58,824 : episode: 762 score: 316.1 100 games avg: 316.1 steps 131 
INFO : 2021-01-20 03:46:02,700 : episode: 763 score: 340.6 100 games avg: 340.6 steps 136 
INFO : 2021-01-20 03:46:06,748 : episode: 764 score: 325.0 100 games avg: 325.0 steps 142 
INFO : 2021-01-20 03:46:10,637 : episode: 765 score: 360.2 100 games avg: 360.2 steps 137 
INFO : 2021-01-20 03:46:14,355 : episode: 766 score: 331.4 100 games avg: 331.4 steps 131 
INFO : 2021-01-20 03:46:18,208 : episode: 767 score: 312.7 100 games avg: 312.7 steps 134 
INFO : 2021-01-20 03:46:22,348 : episode: 768 score: 351.9 100 games avg: 351.9 steps 138 
INFO : 2021-01-20 03:46:26,372 : episode: 769 score: 314.3 100 games avg: 314.3 steps 127 
INFO : 2021-01-20 03:46:29,625 : episode: 770 score: 255.0 100 games avg: 255.0 steps 114 
INFO : 2021-01-20 03:46:32,538 : episode: 771 score: 244.0 100 games avg: 244.0 steps 102 
INFO : 2021-01-20 03:46:36,290 : episode: 772 score: 318.4 100 games avg: 318.4 steps 132 
INFO : 2021-01-20 03:46:40,170 : episode: 773 score: 348.8 100 games avg: 348.8 steps 136 
INFO : 2021-01-20 03:46:44,094 : episode: 774 score: 330.1 100 games avg: 330.1 steps 138 
INFO : 2021-01-20 03:46:46,992 : episode: 775 score: 231.6 100 games avg: 231.6 steps 102 
INFO : 2021-01-20 03:46:51,000 : episode: 776 score: 348.9 100 games avg: 348.9 steps 141 
INFO : 2021-01-20 03:46:54,741 : episode: 777 score: 309.9 100 games avg: 309.9 steps 131 
INFO : 2021-01-20 03:46:58,459 : episode: 778 score: 315.6 100 games avg: 315.6 steps 131 
INFO : 2021-01-20 03:47:02,705 : episode: 779 score: 383.5 100 games avg: 383.5 steps 150 
INFO : 2021-01-20 03:47:06,443 : episode: 780 score: 346.0 100 games avg: 346.0 steps 132 
INFO : 2021-01-20 03:47:10,051 : episode: 781 score: 322.6 100 games avg: 322.6 steps 127 
INFO : 2021-01-20 03:47:14,018 : episode: 782 score: 354.5 100 games avg: 354.5 steps 139 
INFO : 2021-01-20 03:47:18,013 : episode: 783 score: 335.4 100 games avg: 335.4 steps 141 
INFO : 2021-01-20 03:47:21,915 : episode: 784 score: 354.4 100 games avg: 354.4 steps 137 
INFO : 2021-01-20 03:47:25,892 : episode: 785 score: 315.3 100 games avg: 315.3 steps 140 
INFO : 2021-01-20 03:47:30,031 : episode: 786 score: 359.8 100 games avg: 359.8 steps 146 
INFO : 2021-01-20 03:47:34,116 : episode: 787 score: 353.7 100 games avg: 353.7 steps 143 
INFO : 2021-01-20 03:47:38,140 : episode: 788 score: 360.8 100 games avg: 360.8 steps 142 
INFO : 2021-01-20 03:47:41,934 : episode: 789 score: 355.1 100 games avg: 355.1 steps 133 
INFO : 2021-01-20 03:47:45,859 : episode: 790 score: 336.7 100 games avg: 336.7 steps 138 
INFO : 2021-01-20 03:47:50,168 : episode: 791 score: 378.0 100 games avg: 378.0 steps 151 
INFO : 2021-01-20 03:47:54,385 : episode: 792 score: 404.8 100 games avg: 404.8 steps 149 
INFO : 2021-01-20 03:47:58,395 : episode: 793 score: 373.1 100 games avg: 373.1 steps 141 
INFO : 2021-01-20 03:48:02,025 : episode: 794 score: 310.1 100 games avg: 310.1 steps 133 
INFO : 2021-01-20 03:48:03,845 : episode: 795 score: 392.9 100 games avg: 392.9 steps 147 
INFO : 2021-01-20 03:48:05,590 : episode: 796 score: 337.6 100 games avg: 337.6 steps 142 
INFO : 2021-01-20 03:48:07,318 : episode: 797 score: 349.0 100 games avg: 349.0 steps 141 
INFO : 2021-01-20 03:48:11,576 : episode: 798 score: 408.5 100 games avg: 408.5 steps 150 
INFO : 2021-01-20 03:48:14,301 : episode: 799 score: 342.9 100 games avg: 342.9 steps 142 
INFO : 2021-01-20 03:48:17,768 : episode: 800 score: 361.7 100 games avg: 361.7 steps 140 
INFO : 2021-01-20 03:48:21,852 : episode: 801 score: 398.0 100 games avg: 398.0 steps 144 
INFO : 2021-01-20 03:48:26,005 : episode: 802 score: 346.0 100 games avg: 346.0 steps 145 
INFO : 2021-01-20 03:48:30,096 : episode: 803 score: 363.3 100 games avg: 363.3 steps 142 
INFO : 2021-01-20 03:48:33,941 : episode: 804 score: 318.8 100 games avg: 318.8 steps 135 
INFO : 2021-01-20 03:48:37,066 : episode: 805 score: 256.6 100 games avg: 256.6 steps 110 
INFO : 2021-01-20 03:48:41,083 : episode: 806 score: 356.3 100 games avg: 356.3 steps 142 
INFO : 2021-01-20 03:48:45,940 : episode: 807 score: 469.8 100 games avg: 469.8 steps 170 
INFO : 2021-01-20 03:48:49,888 : episode: 808 score: 359.0 100 games avg: 359.0 steps 138 
INFO : 2021-01-20 03:48:53,796 : episode: 809 score: 368.1 100 games avg: 368.1 steps 137 
INFO : 2021-01-20 03:48:57,766 : episode: 810 score: 327.4 100 games avg: 327.4 steps 138 
INFO : 2021-01-20 03:49:01,685 : episode: 811 score: 343.8 100 games avg: 343.8 steps 134 
INFO : 2021-01-20 03:49:05,605 : episode: 812 score: 336.8 100 games avg: 336.8 steps 137 
INFO : 2021-01-20 03:49:09,626 : episode: 813 score: 374.8 100 games avg: 374.8 steps 141 
INFO : 2021-01-20 03:49:13,514 : episode: 814 score: 336.7 100 games avg: 336.7 steps 134 
INFO : 2021-01-20 03:49:17,606 : episode: 815 score: 324.0 100 games avg: 324.0 steps 144 
INFO : 2021-01-20 03:49:21,511 : episode: 816 score: 341.3 100 games avg: 341.3 steps 137 
INFO : 2021-01-20 03:49:25,365 : episode: 817 score: 314.0 100 games avg: 314.0 steps 136 
INFO : 2021-01-20 03:49:29,364 : episode: 818 score: 322.1 100 games avg: 322.1 steps 141 
INFO : 2021-01-20 03:49:33,049 : episode: 819 score: 314.7 100 games avg: 314.7 steps 131 
INFO : 2021-01-20 03:49:37,383 : episode: 820 score: 371.0 100 games avg: 371.0 steps 153 
INFO : 2021-01-20 03:49:41,398 : episode: 821 score: 328.6 100 games avg: 328.6 steps 136 
INFO : 2021-01-20 03:49:45,532 : episode: 822 score: 349.1 100 games avg: 349.1 steps 144 
INFO : 2021-01-20 03:49:49,546 : episode: 823 score: 353.5 100 games avg: 353.5 steps 140 
INFO : 2021-01-20 03:49:54,147 : episode: 824 score: 407.4 100 games avg: 407.4 steps 163 
INFO : 2021-01-20 03:49:58,266 : episode: 825 score: 358.8 100 games avg: 358.8 steps 146 
INFO : 2021-01-20 03:50:02,311 : episode: 826 score: 359.4 100 games avg: 359.4 steps 148 
INFO : 2021-01-20 03:50:05,231 : episode: 827 score: 221.3 100 games avg: 221.3 steps 102 
INFO : 2021-01-20 03:50:08,052 : episode: 828 score: 205.9 100 games avg: 205.9 steps 99 
INFO : 2021-01-20 03:50:11,072 : episode: 829 score: 233.0 100 games avg: 233.0 steps 105 
INFO : 2021-01-20 03:50:15,090 : episode: 830 score: 343.3 100 games avg: 343.3 steps 140 
INFO : 2021-01-20 03:50:19,059 : episode: 831 score: 319.4 100 games avg: 319.4 steps 138 
INFO : 2021-01-20 03:50:23,026 : episode: 832 score: 322.0 100 games avg: 322.0 steps 140 
INFO : 2021-01-20 03:50:26,948 : episode: 833 score: 309.8 100 games avg: 309.8 steps 138 
INFO : 2021-01-20 03:50:30,802 : episode: 834 score: 322.9 100 games avg: 322.9 steps 136 
INFO : 2021-01-20 03:50:34,868 : episode: 835 score: 341.8 100 games avg: 341.8 steps 143 
INFO : 2021-01-20 03:50:38,495 : episode: 836 score: 296.5 100 games avg: 296.5 steps 128 
INFO : 2021-01-20 03:50:42,450 : episode: 837 score: 326.8 100 games avg: 326.8 steps 141 
INFO : 2021-01-20 03:50:46,214 : episode: 838 score: 329.4 100 games avg: 329.4 steps 133 
INFO : 2021-01-20 03:50:52,133 : episode: 839 score: 503.1 100 games avg: 503.1 steps 190 
INFO : 2021-01-20 03:50:56,760 : episode: 840 score: 334.0 100 games avg: 334.0 steps 144 
INFO : 2021-01-20 03:51:00,506 : episode: 841 score: 298.5 100 games avg: 298.5 steps 131 
INFO : 2021-01-20 03:51:03,501 : episode: 842 score: 579.7 100 games avg: 579.7 steps 192 
INFO : 2021-01-20 03:51:06,190 : episode: 843 score: 598.0 100 games avg: 598.0 steps 218 
INFO : 2021-01-20 03:51:07,868 : episode: 844 score: 340.9 100 games avg: 340.9 steps 136 
INFO : 2021-01-20 03:51:09,522 : episode: 845 score: 315.1 100 games avg: 315.1 steps 134 
INFO : 2021-01-20 03:51:11,990 : episode: 846 score: 609.1 100 games avg: 609.1 steps 200 
INFO : 2021-01-20 03:51:18,811 : episode: 847 score: 804.9 100 games avg: 804.9 steps 252 
INFO : 2021-01-20 03:51:26,829 : episode: 848 score: 878.4 100 games avg: 878.4 steps 280 
INFO : 2021-01-20 03:51:30,925 : episode: 849 score: 324.0 100 games avg: 324.0 steps 145 
INFO : 2021-01-20 03:51:39,780 : episode: 850 score: 992.6 100 games avg: 992.6 steps 309 
INFO : 2021-01-20 03:51:44,157 : episode: 851 score: 343.1 100 games avg: 343.1 steps 149 
INFO : 2021-01-20 03:51:48,517 : episode: 852 score: 350.9 100 games avg: 350.9 steps 150 
INFO : 2021-01-20 03:51:52,688 : episode: 853 score: 358.4 100 games avg: 358.4 steps 146 
INFO : 2021-01-20 03:51:56,964 : episode: 854 score: 332.1 100 games avg: 332.1 steps 148 
INFO : 2021-01-20 03:52:01,240 : episode: 855 score: 351.6 100 games avg: 351.6 steps 148 
INFO : 2021-01-20 03:52:05,477 : episode: 856 score: 294.9 100 games avg: 294.9 steps 138 
INFO : 2021-01-20 03:52:10,552 : episode: 857 score: 507.3 100 games avg: 507.3 steps 179 
INFO : 2021-01-20 03:52:14,691 : episode: 858 score: 371.2 100 games avg: 371.2 steps 145 
INFO : 2021-01-20 03:52:22,527 : episode: 859 score: 843.0 100 games avg: 843.0 steps 275 
INFO : 2021-01-20 03:52:26,720 : episode: 860 score: 357.6 100 games avg: 357.6 steps 148 
INFO : 2021-01-20 03:52:30,791 : episode: 861 score: 349.6 100 games avg: 349.6 steps 144 
INFO : 2021-01-20 03:52:34,868 : episode: 862 score: 352.0 100 games avg: 352.0 steps 144 
INFO : 2021-01-20 03:52:41,562 : episode: 863 score: 708.5 100 games avg: 708.5 steps 236 
INFO : 2021-01-20 03:52:46,567 : episode: 864 score: 370.4 100 games avg: 370.4 steps 176 
INFO : 2021-01-20 03:52:53,239 : episode: 865 score: 574.7 100 games avg: 574.7 steps 235 
INFO : 2021-01-20 03:53:05,276 : episode: 866 score: 1338.9 100 games avg: 1338.9 steps 423 
INFO : 2021-01-20 03:53:08,880 : episode: 867 score: 257.0 100 games avg: 257.0 steps 127 
INFO : 2021-01-20 03:53:12,615 : episode: 868 score: 272.1 100 games avg: 272.1 steps 131 
INFO : 2021-01-20 03:53:16,197 : episode: 869 score: 264.9 100 games avg: 264.9 steps 127 
INFO : 2021-01-20 03:53:19,766 : episode: 870 score: 247.3 100 games avg: 247.3 steps 124 
INFO : 2021-01-20 03:53:23,395 : episode: 871 score: 255.7 100 games avg: 255.7 steps 128 
INFO : 2021-01-20 03:53:29,632 : episode: 872 score: 561.5 100 games avg: 561.5 steps 219 
INFO : 2021-01-20 03:53:39,276 : episode: 873 score: 1074.2 100 games avg: 1074.2 steps 338 
INFO : 2021-01-20 03:53:45,635 : episode: 874 score: 621.9 100 games avg: 621.9 steps 224 
INFO : 2021-01-20 03:53:49,542 : episode: 875 score: 280.1 100 games avg: 280.1 steps 138 
INFO : 2021-01-20 03:53:53,307 : episode: 876 score: 268.2 100 games avg: 268.2 steps 133 
INFO : 2021-01-20 03:53:59,768 : episode: 877 score: 557.7 100 games avg: 557.7 steps 226 
INFO : 2021-01-20 03:54:03,694 : episode: 878 score: 289.3 100 games avg: 289.3 steps 139 
INFO : 2021-01-20 03:54:07,823 : episode: 879 score: 321.3 100 games avg: 321.3 steps 145 
INFO : 2021-01-20 03:54:11,868 : episode: 880 score: 315.8 100 games avg: 315.8 steps 143 
INFO : 2021-01-20 03:54:15,906 : episode: 881 score: 350.7 100 games avg: 350.7 steps 142 
INFO : 2021-01-20 03:54:19,935 : episode: 882 score: 301.2 100 games avg: 301.2 steps 140 
INFO : 2021-01-20 03:54:23,816 : episode: 883 score: 277.1 100 games avg: 277.1 steps 135 
INFO : 2021-01-20 03:54:27,626 : episode: 884 score: 264.7 100 games avg: 264.7 steps 133 
INFO : 2021-01-20 03:54:34,218 : episode: 885 score: 647.7 100 games avg: 647.7 steps 228 
INFO : 2021-01-20 03:54:40,446 : episode: 886 score: 610.4 100 games avg: 610.4 steps 218 
INFO : 2021-01-20 03:54:44,308 : episode: 887 score: 276.2 100 games avg: 276.2 steps 135 
INFO : 2021-01-20 03:54:48,198 : episode: 888 score: 279.1 100 games avg: 279.1 steps 136 
INFO : 2021-01-20 03:54:52,154 : episode: 889 score: 294.5 100 games avg: 294.5 steps 139 
INFO : 2021-01-20 03:54:59,659 : episode: 890 score: 829.4 100 games avg: 829.4 steps 266 
INFO : 2021-01-20 03:55:05,434 : episode: 891 score: 621.3 100 games avg: 621.3 steps 204 
INFO : 2021-01-20 03:55:09,358 : episode: 892 score: 288.2 100 games avg: 288.2 steps 137 
INFO : 2021-01-20 03:55:15,713 : episode: 893 score: 700.6 100 games avg: 700.6 steps 233 
INFO : 2021-01-20 03:55:22,145 : episode: 894 score: 683.8 100 games avg: 683.8 steps 227 
INFO : 2021-01-20 03:55:28,089 : episode: 895 score: 608.8 100 games avg: 608.8 steps 207 
INFO : 2021-01-20 03:55:28,776 : episode: 896 score: 38.0 100 games avg: 38.0 steps 24 
INFO : 2021-01-20 03:55:35,262 : episode: 897 score: 703.8 100 games avg: 703.8 steps 225 
INFO : 2021-01-20 03:55:40,677 : episode: 898 score: 556.9 100 games avg: 556.9 steps 188 
INFO : 2021-01-20 03:55:46,650 : episode: 899 score: 593.7 100 games avg: 593.7 steps 207 
INFO : 2021-01-20 03:55:52,382 : episode: 900 score: 596.1 100 games avg: 596.1 steps 199 
INFO : 2021-01-20 03:55:57,378 : episode: 901 score: 484.9 100 games avg: 484.9 steps 179 
INFO : 2021-01-20 03:56:01,735 : episode: 902 score: 389.0 100 games avg: 389.0 steps 154 
INFO : 2021-01-20 03:56:07,903 : episode: 903 score: 608.0 100 games avg: 608.0 steps 216 
INFO : 2021-01-20 03:56:12,539 : episode: 904 score: 407.4 100 games avg: 407.4 steps 163 
INFO : 2021-01-20 03:56:18,607 : episode: 905 score: 612.9 100 games avg: 612.9 steps 214 
INFO : 2021-01-20 03:56:23,411 : episode: 906 score: 408.6 100 games avg: 408.6 steps 164 
INFO : 2021-01-20 03:56:28,934 : episode: 907 score: 562.5 100 games avg: 562.5 steps 194 
INFO : 2021-01-20 03:56:34,959 : episode: 908 score: 606.4 100 games avg: 606.4 steps 211 
INFO : 2021-01-20 03:56:39,555 : episode: 909 score: 406.5 100 games avg: 406.5 steps 161 
INFO : 2021-01-20 03:56:45,204 : episode: 910 score: 585.2 100 games avg: 585.2 steps 198 
INFO : 2021-01-20 03:56:51,048 : episode: 911 score: 611.0 100 games avg: 611.0 steps 204 
INFO : 2021-01-20 03:56:57,445 : episode: 912 score: 628.5 100 games avg: 628.5 steps 223 
INFO : 2021-01-20 03:57:02,878 : episode: 913 score: 609.9 100 games avg: 609.9 steps 208 
INFO : 2021-01-20 03:57:05,992 : episode: 914 score: 589.4 100 games avg: 589.4 steps 194 
INFO : 2021-01-20 03:57:09,847 : episode: 915 score: 663.3 100 games avg: 663.3 steps 220 
INFO : 2021-01-20 03:57:12,179 : episode: 916 score: 567.7 100 games avg: 567.7 steps 187 
INFO : 2021-01-20 03:57:18,543 : episode: 917 score: 701.5 100 games avg: 701.5 steps 227 
INFO : 2021-01-20 03:57:25,059 : episode: 918 score: 682.5 100 games avg: 682.5 steps 227 
INFO : 2021-01-20 03:57:31,167 : episode: 919 score: 662.2 100 games avg: 662.2 steps 213 
INFO : 2021-01-20 03:57:39,158 : episode: 920 score: 839.3 100 games avg: 839.3 steps 279 
INFO : 2021-01-20 03:57:45,058 : episode: 921 score: 633.6 100 games avg: 633.6 steps 206 
INFO : 2021-01-20 03:57:51,484 : episode: 922 score: 689.3 100 games avg: 689.3 steps 226 
INFO : 2021-01-20 03:57:58,172 : episode: 923 score: 722.4 100 games avg: 722.4 steps 235 
INFO : 2021-01-20 03:58:04,804 : episode: 924 score: 711.5 100 games avg: 711.5 steps 234 
INFO : 2021-01-20 03:58:10,567 : episode: 925 score: 615.5 100 games avg: 615.5 steps 202 
INFO : 2021-01-20 03:58:18,049 : episode: 926 score: 811.2 100 games avg: 811.2 steps 262 
INFO : 2021-01-20 03:58:23,910 : episode: 927 score: 641.6 100 games avg: 641.6 steps 207 
INFO : 2021-01-20 03:58:29,865 : episode: 928 score: 640.8 100 games avg: 640.8 steps 210 
INFO : 2021-01-20 03:58:36,470 : episode: 929 score: 711.4 100 games avg: 711.4 steps 233 
INFO : 2021-01-20 03:58:42,442 : episode: 930 score: 646.1 100 games avg: 646.1 steps 211 
INFO : 2021-01-20 03:58:48,922 : episode: 931 score: 698.4 100 games avg: 698.4 steps 229 
INFO : 2021-01-20 03:58:54,680 : episode: 932 score: 621.7 100 games avg: 621.7 steps 203 
INFO : 2021-01-20 03:59:00,760 : episode: 933 score: 659.7 100 games avg: 659.7 steps 214 
INFO : 2021-01-20 03:59:07,214 : episode: 934 score: 693.1 100 games avg: 693.1 steps 227 
INFO : 2021-01-20 03:59:12,772 : episode: 935 score: 597.5 100 games avg: 597.5 steps 196 
INFO : 2021-01-20 03:59:19,339 : episode: 936 score: 702.5 100 games avg: 702.5 steps 229 
INFO : 2021-01-20 03:59:25,660 : episode: 937 score: 655.2 100 games avg: 655.2 steps 221 
INFO : 2021-01-20 03:59:31,535 : episode: 938 score: 628.8 100 games avg: 628.8 steps 205 
INFO : 2021-01-20 03:59:34,626 : episode: 939 score: 674.2 100 games avg: 674.2 steps 224 
INFO : 2021-01-20 03:59:36,743 : episode: 940 score: 461.1 100 games avg: 461.1 steps 170 
INFO : 2021-01-20 03:59:41,571 : episode: 941 score: 606.2 100 games avg: 606.2 steps 198 
INFO : 2021-01-20 03:59:47,263 : episode: 942 score: 562.0 100 games avg: 562.0 steps 200 
INFO : 2021-01-20 03:59:53,257 : episode: 943 score: 644.5 100 games avg: 644.5 steps 211 
INFO : 2021-01-20 03:59:59,233 : episode: 944 score: 640.3 100 games avg: 640.3 steps 211 
INFO : 2021-01-20 04:00:04,864 : episode: 945 score: 600.2 100 games avg: 600.2 steps 196 
INFO : 2021-01-20 04:00:10,995 : episode: 946 score: 662.2 100 games avg: 662.2 steps 216 
INFO : 2021-01-20 04:00:17,919 : episode: 947 score: 690.8 100 games avg: 690.8 steps 224 
INFO : 2021-01-20 04:00:24,778 : episode: 948 score: 671.3 100 games avg: 671.3 steps 221 
INFO : 2021-01-20 04:00:31,048 : episode: 949 score: 681.8 100 games avg: 681.8 steps 223 
INFO : 2021-01-20 04:00:38,918 : episode: 950 score: 794.3 100 games avg: 794.3 steps 258 
INFO : 2021-01-20 04:00:45,682 : episode: 951 score: 645.6 100 games avg: 645.6 steps 209 
INFO : 2021-01-20 04:00:52,164 : episode: 952 score: 613.9 100 games avg: 613.9 steps 199 
INFO : 2021-01-20 04:00:57,423 : episode: 953 score: 577.3 100 games avg: 577.3 steps 189 
INFO : 2021-01-20 04:01:03,161 : episode: 954 score: 648.9 100 games avg: 648.9 steps 213 
INFO : 2021-01-20 04:01:09,326 : episode: 955 score: 652.8 100 games avg: 652.8 steps 215 
INFO : 2021-01-20 04:01:15,403 : episode: 956 score: 655.1 100 games avg: 655.1 steps 214 
INFO : 2021-01-20 04:01:21,450 : episode: 957 score: 656.5 100 games avg: 656.5 steps 213 
INFO : 2021-01-20 04:01:27,330 : episode: 958 score: 638.6 100 games avg: 638.6 steps 207 
INFO : 2021-01-20 04:01:32,796 : episode: 959 score: 587.1 100 games avg: 587.1 steps 193 
INFO : 2021-01-20 04:01:38,814 : episode: 960 score: 654.0 100 games avg: 654.0 steps 216 
INFO : 2021-01-20 04:01:47,164 : episode: 961 score: 891.0 100 games avg: 891.0 steps 293 
INFO : 2021-01-20 04:01:53,294 : episode: 962 score: 656.1 100 games avg: 656.1 steps 216 
INFO : 2021-01-20 04:02:00,482 : episode: 963 score: 757.1 100 games avg: 757.1 steps 254 
INFO : 2021-01-20 04:02:06,868 : episode: 964 score: 731.4 100 games avg: 731.4 steps 243 
INFO : 2021-01-20 04:02:13,159 : episode: 965 score: 664.8 100 games avg: 664.8 steps 221 
INFO : 2021-01-20 04:02:20,092 : episode: 966 score: 746.7 100 games avg: 746.7 steps 245 
INFO : 2021-01-20 04:02:26,334 : episode: 967 score: 646.9 100 games avg: 646.9 steps 220 
INFO : 2021-01-20 04:02:33,679 : episode: 968 score: 770.4 100 games avg: 770.4 steps 260 
INFO : 2021-01-20 04:02:40,931 : episode: 969 score: 763.2 100 games avg: 763.2 steps 255 
INFO : 2021-01-20 04:02:46,229 : episode: 970 score: 563.0 100 games avg: 563.0 steps 186 
INFO : 2021-01-20 04:02:52,085 : episode: 971 score: 640.7 100 games avg: 640.7 steps 210 
INFO : 2021-01-20 04:02:57,359 : episode: 972 score: 561.2 100 games avg: 561.2 steps 186 
INFO : 2021-01-20 04:03:03,255 : episode: 973 score: 624.6 100 games avg: 624.6 steps 204 
INFO : 2021-01-20 04:03:09,135 : episode: 974 score: 636.0 100 games avg: 636.0 steps 205 
INFO : 2021-01-20 04:03:15,112 : episode: 975 score: 640.5 100 games avg: 640.5 steps 208 
INFO : 2021-01-20 04:03:20,662 : episode: 976 score: 592.1 100 games avg: 592.1 steps 194 
INFO : 2021-01-20 04:03:26,365 : episode: 977 score: 615.2 100 games avg: 615.2 steps 200 
INFO : 2021-01-20 04:03:31,976 : episode: 978 score: 606.3 100 games avg: 606.3 steps 197 
INFO : 2021-01-20 04:03:38,655 : episode: 979 score: 709.0 100 games avg: 709.0 steps 234 
INFO : 2021-01-20 04:03:44,719 : episode: 980 score: 651.7 100 games avg: 651.7 steps 213 
INFO : 2021-01-20 04:03:50,712 : episode: 981 score: 633.7 100 games avg: 633.7 steps 205 
INFO : 2021-01-20 04:03:56,977 : episode: 982 score: 648.9 100 games avg: 648.9 steps 217 
INFO : 2021-01-20 04:04:03,346 : episode: 983 score: 666.0 100 games avg: 666.0 steps 221 
INFO : 2021-01-20 04:04:09,656 : episode: 984 score: 650.1 100 games avg: 650.1 steps 218 
INFO : 2021-01-20 04:04:14,917 : episode: 985 score: 551.0 100 games avg: 551.0 steps 182 
INFO : 2021-01-20 04:04:21,396 : episode: 986 score: 668.1 100 games avg: 668.1 steps 225 
INFO : 2021-01-20 04:04:27,430 : episode: 987 score: 643.1 100 games avg: 643.1 steps 209 
INFO : 2021-01-20 04:04:33,810 : episode: 988 score: 664.3 100 games avg: 664.3 steps 223 
INFO : 2021-01-20 04:04:39,822 : episode: 989 score: 640.1 100 games avg: 640.1 steps 208 
INFO : 2021-01-20 04:04:44,974 : episode: 990 score: 839.6 100 games avg: 839.6 steps 280 
INFO : 2021-01-20 04:04:47,747 : episode: 991 score: 706.2 100 games avg: 706.2 steps 224 
INFO : 2021-01-20 04:04:50,236 : episode: 992 score: 614.5 100 games avg: 614.5 steps 201 
INFO : 2021-01-20 04:04:53,468 : episode: 993 score: 778.5 100 games avg: 778.5 steps 261 
INFO : 2021-01-20 04:04:55,634 : episode: 994 score: 521.4 100 games avg: 521.4 steps 175 
INFO : 2021-01-20 04:04:58,137 : episode: 995 score: 621.8 100 games avg: 621.8 steps 202 
INFO : 2021-01-20 04:04:58,938 : episode: 996 score: 43.1 100 games avg: 43.1 steps 27 
INFO : 2021-01-20 04:05:04,318 : episode: 997 score: 567.2 100 games avg: 567.2 steps 188 
INFO : 2021-01-20 04:05:10,029 : episode: 998 score: 613.1 100 games avg: 613.1 steps 201 
INFO : 2021-01-20 04:05:14,548 : episode: 999 score: 469.3 100 games avg: 469.3 steps 160 
