INFO : 2021-01-11 17:37:51,204 : method: Soft-Actor Critic
INFO : 2021-01-11 17:37:51,204 : parameter n_steps: 100 ensemble_size: 5 env: Continuous_CartPole
INFO : 2021-01-11 17:37:53,877 : mpc_function policy
INFO : 2021-01-11 17:37:53,877 : sac
INFO : 2021-01-11 17:37:53,893 : episode: 0 score: 16.0 100 games avg: 16.0 steps 17 
INFO : 2021-01-11 17:37:53,908 : episode: 1 score: 18.0 100 games avg: 18.0 steps 19 
INFO : 2021-01-11 17:37:53,926 : episode: 2 score: 20.0 100 games avg: 20.0 steps 21 
INFO : 2021-01-11 17:37:53,940 : episode: 3 score: 16.0 100 games avg: 16.0 steps 17 
INFO : 2021-01-11 17:37:53,953 : episode: 4 score: 15.0 100 games avg: 15.0 steps 16 
INFO : 2021-01-11 17:37:53,969 : episode: 5 score: 18.0 100 games avg: 18.0 steps 19 
INFO : 2021-01-11 17:37:53,984 : episode: 6 score: 17.0 100 games avg: 17.0 steps 18 
INFO : 2021-01-11 17:37:54,000 : episode: 7 score: 19.0 100 games avg: 19.0 steps 20 
INFO : 2021-01-11 17:37:54,018 : episode: 8 score: 21.0 100 games avg: 21.0 steps 22 
INFO : 2021-01-11 17:37:54,037 : episode: 9 score: 22.0 100 games avg: 22.0 steps 23 
INFO : 2021-01-11 17:37:54,055 : episode: 10 score: 20.0 100 games avg: 20.0 steps 21 
INFO : 2021-01-11 17:37:54,075 : episode: 11 score: 24.0 100 games avg: 24.0 steps 25 
INFO : 2021-01-11 17:37:54,090 : episode: 12 score: 16.0 100 games avg: 16.0 steps 17 
INFO : 2021-01-11 17:37:54,719 : episode: 13 score: 22.0 100 games avg: 22.0 steps 23 
INFO : 2021-01-11 17:37:55,038 : episode: 14 score: 10.0 100 games avg: 10.0 steps 11 
INFO : 2021-01-11 17:37:55,273 : episode: 15 score: 7.0 100 games avg: 7.0 steps 8 
INFO : 2021-01-11 17:37:55,549 : episode: 16 score: 10.0 100 games avg: 10.0 steps 11 
INFO : 2021-01-11 17:37:55,781 : episode: 17 score: 7.0 100 games avg: 7.0 steps 8 
INFO : 2021-01-11 17:37:56,515 : episode: 18 score: 26.0 100 games avg: 26.0 steps 27 
INFO : 2021-01-11 17:37:56,907 : episode: 19 score: 12.0 100 games avg: 12.0 steps 13 
INFO : 2021-01-11 17:37:57,342 : episode: 20 score: 14.0 100 games avg: 14.0 steps 15 
INFO : 2021-01-11 17:37:57,622 : episode: 21 score: 10.0 100 games avg: 10.0 steps 11 
INFO : 2021-01-11 17:37:58,316 : episode: 22 score: 23.0 100 games avg: 23.0 steps 24 
INFO : 2021-01-11 17:37:58,617 : episode: 23 score: 11.0 100 games avg: 11.0 steps 12 
INFO : 2021-01-11 17:37:58,820 : episode: 24 score: 6.0 100 games avg: 6.0 steps 7 
INFO : 2021-01-11 17:37:59,022 : episode: 25 score: 6.0 100 games avg: 6.0 steps 7 
INFO : 2021-01-11 17:37:59,194 : episode: 26 score: 5.0 100 games avg: 5.0 steps 6 
INFO : 2021-01-11 17:37:59,606 : episode: 27 score: 15.0 100 games avg: 15.0 steps 16 
INFO : 2021-01-11 17:37:59,954 : episode: 28 score: 11.0 100 games avg: 11.0 steps 12 
INFO : 2021-01-11 17:38:00,397 : episode: 29 score: 16.0 100 games avg: 16.0 steps 17 
INFO : 2021-01-11 17:38:00,601 : episode: 30 score: 6.0 100 games avg: 6.0 steps 7 
INFO : 2021-01-11 17:38:00,802 : episode: 31 score: 6.0 100 games avg: 6.0 steps 7 
INFO : 2021-01-11 17:38:01,031 : episode: 32 score: 7.0 100 games avg: 7.0 steps 8 
INFO : 2021-01-11 17:38:01,261 : episode: 33 score: 7.0 100 games avg: 7.0 steps 8 
INFO : 2021-01-11 17:38:01,398 : episode: 34 score: 5.0 100 games avg: 5.0 steps 6 
INFO : 2021-01-11 17:38:01,746 : episode: 35 score: 11.0 100 games avg: 11.0 steps 12 
INFO : 2021-01-11 17:38:01,953 : episode: 36 score: 6.0 100 games avg: 6.0 steps 7 
INFO : 2021-01-11 17:38:02,126 : episode: 37 score: 5.0 100 games avg: 5.0 steps 6 
INFO : 2021-01-11 17:38:02,279 : episode: 38 score: 5.0 100 games avg: 5.0 steps 6 
INFO : 2021-01-11 17:38:02,425 : episode: 39 score: 5.0 100 games avg: 5.0 steps 6 
INFO : 2021-01-11 17:38:02,600 : episode: 40 score: 5.0 100 games avg: 5.0 steps 6 
INFO : 2021-01-11 17:38:02,831 : episode: 41 score: 7.0 100 games avg: 7.0 steps 8 
INFO : 2021-01-11 17:38:03,034 : episode: 42 score: 6.0 100 games avg: 6.0 steps 7 
INFO : 2021-01-11 17:38:03,239 : episode: 43 score: 6.0 100 games avg: 6.0 steps 7 
INFO : 2021-01-11 17:38:03,388 : episode: 44 score: 6.0 100 games avg: 6.0 steps 7 
INFO : 2021-01-11 17:38:03,618 : episode: 45 score: 7.0 100 games avg: 7.0 steps 8 
INFO : 2021-01-11 17:38:03,849 : episode: 46 score: 7.0 100 games avg: 7.0 steps 8 
INFO : 2021-01-11 17:38:04,226 : episode: 47 score: 12.0 100 games avg: 12.0 steps 13 
INFO : 2021-01-11 17:38:04,391 : episode: 48 score: 6.0 100 games avg: 6.0 steps 7 
INFO : 2021-01-11 17:38:04,564 : episode: 49 score: 5.0 100 games avg: 5.0 steps 6 
INFO : 2021-01-11 17:38:04,795 : episode: 50 score: 7.0 100 games avg: 7.0 steps 8 
INFO : 2021-01-11 17:38:04,996 : episode: 51 score: 6.0 100 games avg: 6.0 steps 7 
INFO : 2021-01-11 17:38:05,211 : episode: 52 score: 7.0 100 games avg: 7.0 steps 8 
INFO : 2021-01-11 17:38:05,410 : episode: 53 score: 7.0 100 games avg: 7.0 steps 8 
INFO : 2021-01-11 17:38:05,649 : episode: 54 score: 7.0 100 games avg: 7.0 steps 8 
INFO : 2021-01-11 17:38:05,845 : episode: 55 score: 6.0 100 games avg: 6.0 steps 7 
INFO : 2021-01-11 17:38:06,070 : episode: 56 score: 7.0 100 games avg: 7.0 steps 8 
INFO : 2021-01-11 17:38:06,213 : episode: 57 score: 5.0 100 games avg: 5.0 steps 6 
INFO : 2021-01-11 17:38:06,407 : episode: 58 score: 6.0 100 games avg: 6.0 steps 7 
INFO : 2021-01-11 17:38:06,608 : episode: 59 score: 6.0 100 games avg: 6.0 steps 7 
INFO : 2021-01-11 17:38:06,839 : episode: 60 score: 7.0 100 games avg: 7.0 steps 8 
INFO : 2021-01-11 17:38:07,129 : episode: 61 score: 9.0 100 games avg: 9.0 steps 10 
INFO : 2021-01-11 17:38:07,352 : episode: 62 score: 8.0 100 games avg: 8.0 steps 9 
INFO : 2021-01-11 17:38:07,668 : episode: 63 score: 10.0 100 games avg: 10.0 steps 11 
INFO : 2021-01-11 17:38:07,899 : episode: 64 score: 7.0 100 games avg: 7.0 steps 8 
INFO : 2021-01-11 17:38:08,267 : episode: 65 score: 13.0 100 games avg: 13.0 steps 14 
INFO : 2021-01-11 17:38:08,728 : episode: 66 score: 15.0 100 games avg: 15.0 steps 16 
INFO : 2021-01-11 17:38:09,076 : episode: 67 score: 11.0 100 games avg: 11.0 steps 12 
INFO : 2021-01-11 17:38:09,536 : episode: 68 score: 16.0 100 games avg: 16.0 steps 17 
INFO : 2021-01-11 17:38:10,139 : episode: 69 score: 21.0 100 games avg: 21.0 steps 22 
INFO : 2021-01-11 17:38:10,709 : episode: 70 score: 19.0 100 games avg: 19.0 steps 20 
INFO : 2021-01-11 17:38:11,184 : episode: 71 score: 17.0 100 games avg: 17.0 steps 18 
INFO : 2021-01-11 17:38:11,421 : episode: 72 score: 7.0 100 games avg: 7.0 steps 8 
INFO : 2021-01-11 17:38:11,711 : episode: 73 score: 9.0 100 games avg: 9.0 steps 10 
INFO : 2021-01-11 17:38:12,076 : episode: 74 score: 12.0 100 games avg: 12.0 steps 13 
INFO : 2021-01-11 17:38:12,628 : episode: 75 score: 19.0 100 games avg: 19.0 steps 20 
INFO : 2021-01-11 17:38:13,088 : episode: 76 score: 16.0 100 games avg: 16.0 steps 17 
INFO : 2021-01-11 17:38:13,860 : episode: 77 score: 26.0 100 games avg: 26.0 steps 27 
INFO : 2021-01-11 17:38:14,775 : episode: 78 score: 32.0 100 games avg: 32.0 steps 33 
INFO : 2021-01-11 17:38:15,229 : episode: 79 score: 16.0 100 games avg: 16.0 steps 17 
INFO : 2021-01-11 17:38:15,576 : episode: 80 score: 11.0 100 games avg: 11.0 steps 12 
INFO : 2021-01-11 17:38:16,697 : episode: 81 score: 39.0 100 games avg: 39.0 steps 40 
INFO : 2021-01-11 17:38:17,231 : episode: 82 score: 19.0 100 games avg: 19.0 steps 20 
INFO : 2021-01-11 17:38:17,810 : episode: 83 score: 19.0 100 games avg: 19.0 steps 20 
INFO : 2021-01-11 17:38:18,565 : episode: 84 score: 27.0 100 games avg: 27.0 steps 28 
INFO : 2021-01-11 17:38:19,206 : episode: 85 score: 23.0 100 games avg: 23.0 steps 24 
INFO : 2021-01-11 17:38:19,939 : episode: 86 score: 25.0 100 games avg: 25.0 steps 26 
INFO : 2021-01-11 17:38:21,290 : episode: 87 score: 48.0 100 games avg: 48.0 steps 49 
INFO : 2021-01-11 17:38:22,035 : episode: 88 score: 26.0 100 games avg: 26.0 steps 27 
INFO : 2021-01-11 17:38:24,296 : episode: 89 score: 79.0 100 games avg: 79.0 steps 80 
INFO : 2021-01-11 17:38:25,642 : episode: 90 score: 47.0 100 games avg: 47.0 steps 48 
INFO : 2021-01-11 17:38:26,601 : episode: 91 score: 34.0 100 games avg: 34.0 steps 35 
INFO : 2021-01-11 17:38:27,659 : episode: 92 score: 38.0 100 games avg: 38.0 steps 39 
INFO : 2021-01-11 17:38:31,016 : episode: 93 score: 196.0 100 games avg: 196.0 steps 197 
INFO : 2021-01-11 17:38:35,412 : episode: 94 score: 158.0 100 games avg: 158.0 steps 159 
INFO : 2021-01-11 17:38:39,019 : episode: 95 score: 128.0 100 games avg: 128.0 steps 129 
INFO : 2021-01-11 17:38:44,680 : episode: 96 score: 200.0 100 games avg: 200.0 steps 201 
INFO : 2021-01-11 17:38:50,328 : episode: 97 score: 200.0 100 games avg: 200.0 steps 201 
INFO : 2021-01-11 17:38:55,302 : episode: 98 score: 175.0 100 games avg: 175.0 steps 176 
INFO : 2021-01-11 17:38:59,397 : episode: 99 score: 146.0 100 games avg: 146.0 steps 147 
