INFO : 2021-01-22 12:45:35,720 : method: Model Predictive Contorol
INFO : 2021-01-22 12:45:35,720 : parameter n_steps: 100 ensemble_size: 5 env: HalfCheetah-v2
INFO : 2021-01-22 12:45:38,679 : mpc horizon: 10 mpc_samples: 100 elite_sample: 30 grad_steps: 10
INFO : 2021-01-22 12:45:38,679 : mpc_function policy
INFO : 2021-01-22 12:45:38,680 : policy
INFO : 2021-01-22 12:45:38,875 : state_square_error: 2.042 reward_error: 2.191
INFO : 2021-01-22 12:45:57,970 : state_square_error: 1.779 reward_error: 2.537
INFO : 2021-01-22 12:46:16,986 : state_square_error: 0.610 reward_error: 1.655
INFO : 2021-01-22 12:46:36,829 : state_square_error: 59.711 reward_error: 18.613
INFO : 2021-01-22 12:46:57,089 : state_square_error: 56.478 reward_error: 36.488
INFO : 2021-01-22 12:47:17,508 : state_square_error: 158.169 reward_error: 19.623
INFO : 2021-01-22 12:47:37,830 : state_square_error: 374.530 reward_error: 19.633
INFO : 2021-01-22 12:47:58,604 : state_square_error: 64.693 reward_error: 16.865
INFO : 2021-01-22 12:48:19,168 : state_square_error: 80.542 reward_error: 16.911
INFO : 2021-01-22 12:48:39,635 : state_square_error: 64.362 reward_error: 23.302
INFO : 2021-01-22 12:48:59,739 : episode: 0 score: -143.6 100 games avg: -143.6 steps 1000 
INFO : 2021-01-22 12:49:00,259 : state_square_error: 12.049 reward_error: 8.933
INFO : 2021-01-22 12:49:20,433 : state_square_error: 18.306 reward_error: 3.699
INFO : 2021-01-22 12:49:41,261 : state_square_error: 7.161 reward_error: 0.329
INFO : 2021-01-22 12:50:01,766 : state_square_error: 43.978 reward_error: 7.778
INFO : 2021-01-22 12:50:22,439 : state_square_error: 17.249 reward_error: 1.920
INFO : 2021-01-22 12:50:42,961 : state_square_error: 5.736 reward_error: 3.293
INFO : 2021-01-22 12:51:03,405 : state_square_error: 22.779 reward_error: 7.300
INFO : 2021-01-22 12:51:23,877 : state_square_error: 7.622 reward_error: 8.816
INFO : 2021-01-22 12:51:44,011 : state_square_error: 5.659 reward_error: 9.916
INFO : 2021-01-22 12:52:04,607 : state_square_error: 12.689 reward_error: -1.714
INFO : 2021-01-22 12:52:24,667 : episode: 1 score: -156.1 100 games avg: -156.1 steps 1000 
INFO : 2021-01-22 12:52:25,300 : state_square_error: 186.589 reward_error: 16.811
INFO : 2021-01-22 12:52:45,624 : state_square_error: 29.874 reward_error: 14.741
INFO : 2021-01-22 12:53:05,933 : state_square_error: 107.623 reward_error: 19.414
INFO : 2021-01-22 12:53:26,430 : state_square_error: 29.889 reward_error: 17.291
INFO : 2021-01-22 12:53:47,054 : state_square_error: 154.138 reward_error: 17.976
INFO : 2021-01-22 12:54:07,517 : state_square_error: 82.259 reward_error: 21.992
INFO : 2021-01-22 12:54:28,227 : state_square_error: 80.051 reward_error: 14.676
INFO : 2021-01-22 12:54:48,801 : state_square_error: 53.595 reward_error: 23.826
INFO : 2021-01-22 12:55:09,365 : state_square_error: 48.621 reward_error: 20.365
INFO : 2021-01-22 12:55:29,673 : state_square_error: 157.792 reward_error: 17.874
INFO : 2021-01-22 12:55:49,950 : episode: 2 score: -109.5 100 games avg: -109.5 steps 1000 
INFO : 2021-01-22 12:55:50,807 : state_square_error: 89.299 reward_error: 13.235
INFO : 2021-01-22 12:56:11,456 : state_square_error: 2478.182 reward_error: 21.405
INFO : 2021-01-22 12:56:32,001 : state_square_error: 405.898 reward_error: 24.011
INFO : 2021-01-22 12:56:52,556 : state_square_error: 80.817 reward_error: 15.406
INFO : 2021-01-22 12:57:13,102 : state_square_error: 262.566 reward_error: 23.924
INFO : 2021-01-22 12:57:33,495 : state_square_error: 48.173 reward_error: 20.332
INFO : 2021-01-22 12:57:53,886 : state_square_error: 302.718 reward_error: 14.084
INFO : 2021-01-22 12:58:14,079 : state_square_error: 306.046 reward_error: 19.680
INFO : 2021-01-22 12:58:34,893 : state_square_error: 300.070 reward_error: 19.476
INFO : 2021-01-22 12:58:55,086 : state_square_error: 416.724 reward_error: 24.392
INFO : 2021-01-22 12:59:15,545 : episode: 3 score: -260.3 100 games avg: -260.3 steps 1000 
INFO : 2021-01-22 12:59:16,890 : state_square_error: 28.848 reward_error: 10.024
INFO : 2021-01-22 12:59:36,887 : state_square_error: 32.712 reward_error: 15.195
INFO : 2021-01-22 12:59:57,154 : state_square_error: 123.846 reward_error: 12.739
INFO : 2021-01-22 13:00:17,722 : state_square_error: 120.514 reward_error: 13.654
INFO : 2021-01-22 13:00:38,579 : state_square_error: 70.518 reward_error: 15.126
INFO : 2021-01-22 13:00:59,150 : state_square_error: 71.621 reward_error: 12.634
INFO : 2021-01-22 13:01:19,731 : state_square_error: 119.162 reward_error: 10.826
INFO : 2021-01-22 13:01:40,390 : state_square_error: 92.688 reward_error: 15.161
INFO : 2021-01-22 13:02:01,033 : state_square_error: 62.069 reward_error: 17.061
INFO : 2021-01-22 13:02:21,447 : state_square_error: 87.339 reward_error: 10.084
INFO : 2021-01-22 13:02:41,814 : episode: 4 score: -230.5 100 games avg: -230.5 steps 1000 
INFO : 2021-01-22 13:02:43,492 : state_square_error: 30.192 reward_error: 5.742
INFO : 2021-01-22 13:03:04,055 : state_square_error: 60.139 reward_error: 13.564
INFO : 2021-01-22 13:03:24,666 : state_square_error: 38.848 reward_error: 13.998
INFO : 2021-01-22 13:03:44,984 : state_square_error: 96.869 reward_error: 16.255
INFO : 2021-01-22 13:04:05,198 : state_square_error: 67.638 reward_error: 7.347
INFO : 2021-01-22 13:04:25,874 : state_square_error: 45.620 reward_error: 11.013
INFO : 2021-01-22 13:04:46,310 : state_square_error: 89.980 reward_error: 8.499
INFO : 2021-01-22 13:05:06,602 : state_square_error: 44.696 reward_error: 12.273
INFO : 2021-01-22 13:05:26,844 : state_square_error: 27.439 reward_error: 6.336
INFO : 2021-01-22 13:05:47,494 : state_square_error: 68.319 reward_error: 13.158
INFO : 2021-01-22 13:06:07,816 : episode: 5 score: -160.8 100 games avg: -160.8 steps 1000 
INFO : 2021-01-22 13:06:09,886 : state_square_error: 255.229 reward_error: 3.894
INFO : 2021-01-22 13:06:30,326 : state_square_error: 39.654 reward_error: 4.662
INFO : 2021-01-22 13:06:50,912 : state_square_error: 72.792 reward_error: 4.450
INFO : 2021-01-22 13:07:11,305 : state_square_error: 40.555 reward_error: 4.416
INFO : 2021-01-22 13:07:31,619 : state_square_error: 52.346 reward_error: 4.381
INFO : 2021-01-22 13:07:52,675 : state_square_error: 24.965 reward_error: 12.111
INFO : 2021-01-22 13:08:13,308 : state_square_error: 63.344 reward_error: 11.743
INFO : 2021-01-22 13:08:33,852 : state_square_error: 51.206 reward_error: 8.110
INFO : 2021-01-22 13:08:54,057 : state_square_error: 36.866 reward_error: 6.406
INFO : 2021-01-22 13:09:14,314 : state_square_error: 46.834 reward_error: 4.729
INFO : 2021-01-22 13:09:34,249 : episode: 6 score: -121.3 100 games avg: -121.3 steps 1000 
INFO : 2021-01-22 13:09:36,552 : state_square_error: 26.652 reward_error: 5.550
INFO : 2021-01-22 13:09:57,011 : state_square_error: 8.906 reward_error: 9.495
INFO : 2021-01-22 13:10:17,390 : state_square_error: 41.997 reward_error: 7.294
INFO : 2021-01-22 13:10:37,766 : state_square_error: 60.373 reward_error: 10.294
INFO : 2021-01-22 13:10:57,797 : state_square_error: 25.722 reward_error: 6.392
INFO : 2021-01-22 13:11:18,289 : state_square_error: 57.470 reward_error: 5.811
INFO : 2021-01-22 13:11:38,339 : state_square_error: 10.324 reward_error: 9.142
INFO : 2021-01-22 13:11:58,669 : state_square_error: 14.446 reward_error: 6.443
INFO : 2021-01-22 13:12:19,468 : state_square_error: 28.962 reward_error: 7.942
INFO : 2021-01-22 13:12:39,938 : state_square_error: 62.040 reward_error: 9.371
INFO : 2021-01-22 13:13:00,359 : episode: 7 score: -177.5 100 games avg: -177.5 steps 1000 
INFO : 2021-01-22 13:13:03,223 : state_square_error: 17.207 reward_error: 6.398
INFO : 2021-01-22 13:13:23,534 : state_square_error: 32.374 reward_error: 1.129
INFO : 2021-01-22 13:13:44,193 : state_square_error: 52.263 reward_error: 7.838
INFO : 2021-01-22 13:14:04,403 : state_square_error: 41.121 reward_error: 9.408
INFO : 2021-01-22 13:14:24,891 : state_square_error: 65.475 reward_error: 4.573
INFO : 2021-01-22 13:14:45,371 : state_square_error: 40.526 reward_error: 5.446
INFO : 2021-01-22 13:15:05,358 : state_square_error: 47.390 reward_error: 6.493
INFO : 2021-01-22 13:15:25,995 : state_square_error: 37.045 reward_error: 10.347
INFO : 2021-01-22 13:15:46,373 : state_square_error: 24.733 reward_error: 7.479
INFO : 2021-01-22 13:16:06,719 : state_square_error: 25.629 reward_error: 3.341
INFO : 2021-01-22 13:16:26,765 : episode: 8 score: -135.0 100 games avg: -135.0 steps 1000 
INFO : 2021-01-22 13:16:29,718 : state_square_error: 18.063 reward_error: 9.282
INFO : 2021-01-22 13:16:50,533 : state_square_error: 17.916 reward_error: 5.085
INFO : 2021-01-22 13:17:10,788 : state_square_error: 61.753 reward_error: 4.412
INFO : 2021-01-22 13:17:31,469 : state_square_error: 6.348 reward_error: 5.183
INFO : 2021-01-22 13:17:51,930 : state_square_error: 35.436 reward_error: 7.192
INFO : 2021-01-22 13:18:12,317 : state_square_error: 88.161 reward_error: 5.337
INFO : 2021-01-22 13:18:32,834 : state_square_error: 31.927 reward_error: 3.217
INFO : 2021-01-22 13:18:53,430 : state_square_error: 22.034 reward_error: 6.362
INFO : 2021-01-22 13:19:14,023 : state_square_error: 34.454 reward_error: 8.623
INFO : 2021-01-22 13:19:34,878 : state_square_error: 19.260 reward_error: 6.098
INFO : 2021-01-22 13:19:55,215 : episode: 9 score: -90.9 100 games avg: -90.9 steps 1000 
INFO : 2021-01-22 13:19:58,797 : state_square_error: 10.339 reward_error: 7.919
INFO : 2021-01-22 13:20:19,317 : state_square_error: 19.595 reward_error: 5.243
INFO : 2021-01-22 13:20:39,943 : state_square_error: 42.237 reward_error: 1.688
INFO : 2021-01-22 13:21:00,210 : state_square_error: 42.810 reward_error: 6.909
INFO : 2021-01-22 13:21:20,530 : state_square_error: 16.890 reward_error: 4.880
INFO : 2021-01-22 13:21:40,978 : state_square_error: 23.932 reward_error: 6.740
INFO : 2021-01-22 13:22:01,288 : state_square_error: 16.242 reward_error: 3.114
INFO : 2021-01-22 13:22:21,631 : state_square_error: 58.558 reward_error: 9.173
INFO : 2021-01-22 13:22:41,950 : state_square_error: 56.558 reward_error: 5.965
INFO : 2021-01-22 13:23:02,246 : state_square_error: 4.904 reward_error: 3.099
INFO : 2021-01-22 13:23:22,536 : episode: 10 score: -64.3 100 games avg: -64.3 steps 1000 
INFO : 2021-01-22 13:23:25,965 : state_square_error: 9.281 reward_error: 8.307
INFO : 2021-01-22 13:23:46,418 : state_square_error: 38.925 reward_error: 8.520
INFO : 2021-01-22 13:24:06,865 : state_square_error: 16.436 reward_error: 8.106
INFO : 2021-01-22 13:24:27,553 : state_square_error: 8.143 reward_error: 0.423
INFO : 2021-01-22 13:24:48,230 : state_square_error: 51.748 reward_error: 4.021
INFO : 2021-01-22 13:25:08,900 : state_square_error: 35.713 reward_error: 2.854
INFO : 2021-01-22 13:25:29,156 : state_square_error: 25.130 reward_error: 3.965
INFO : 2021-01-22 13:25:49,378 : state_square_error: 26.551 reward_error: 5.141
INFO : 2021-01-22 13:26:10,130 : state_square_error: 60.770 reward_error: 4.986
INFO : 2021-01-22 13:26:30,043 : state_square_error: 37.114 reward_error: 5.799
INFO : 2021-01-22 13:26:50,339 : episode: 11 score: -21.3 100 games avg: -21.3 steps 1000 
INFO : 2021-01-22 13:26:54,090 : state_square_error: 12.834 reward_error: 1.615
INFO : 2021-01-22 13:27:14,711 : state_square_error: 43.082 reward_error: 0.733
INFO : 2021-01-22 13:27:34,953 : state_square_error: 70.332 reward_error: 3.108
INFO : 2021-01-22 13:27:55,384 : state_square_error: 29.333 reward_error: 3.856
INFO : 2021-01-22 13:28:15,943 : state_square_error: 11.788 reward_error: 0.517
INFO : 2021-01-22 13:28:36,216 : state_square_error: 45.364 reward_error: 5.988
INFO : 2021-01-22 13:28:56,594 : state_square_error: 71.111 reward_error: 6.412
INFO : 2021-01-22 13:29:17,629 : state_square_error: 48.485 reward_error: 5.731
INFO : 2021-01-22 13:29:38,161 : state_square_error: 54.985 reward_error: 3.573
INFO : 2021-01-22 13:29:58,891 : state_square_error: 15.102 reward_error: 3.568
INFO : 2021-01-22 13:30:18,968 : episode: 12 score: -82.9 100 games avg: -82.9 steps 1000 
INFO : 2021-01-22 13:30:22,703 : state_square_error: 30.534 reward_error: 2.357
INFO : 2021-01-22 13:30:43,185 : state_square_error: 18.056 reward_error: 4.412
INFO : 2021-01-22 13:31:03,360 : state_square_error: 19.534 reward_error: 5.651
INFO : 2021-01-22 13:31:24,082 : state_square_error: 44.201 reward_error: 4.048
INFO : 2021-01-22 13:31:44,432 : state_square_error: 16.491 reward_error: 2.458
INFO : 2021-01-22 13:32:05,253 : state_square_error: 33.607 reward_error: 9.075
INFO : 2021-01-22 13:32:25,918 : state_square_error: 91.980 reward_error: 4.764
INFO : 2021-01-22 13:32:46,420 : state_square_error: 79.856 reward_error: 2.708
INFO : 2021-01-22 13:33:07,250 : state_square_error: 19.301 reward_error: 1.821
INFO : 2021-01-22 13:33:28,085 : state_square_error: 16.462 reward_error: 5.829
INFO : 2021-01-22 13:33:48,328 : episode: 13 score: -44.8 100 games avg: -44.8 steps 1000 
INFO : 2021-01-22 13:33:52,767 : state_square_error: 37.123 reward_error: 4.961
INFO : 2021-01-22 13:34:13,113 : state_square_error: 8.894 reward_error: 7.002
INFO : 2021-01-22 13:34:33,976 : state_square_error: 30.357 reward_error: 1.662
INFO : 2021-01-22 13:34:54,427 : state_square_error: 18.597 reward_error: 6.871
INFO : 2021-01-22 13:35:14,811 : state_square_error: 10.460 reward_error: 5.857
INFO : 2021-01-22 13:35:35,118 : state_square_error: 31.832 reward_error: 5.296
INFO : 2021-01-22 13:35:55,777 : state_square_error: 36.714 reward_error: 4.305
INFO : 2021-01-22 13:36:16,274 : state_square_error: 90.725 reward_error: 5.377
INFO : 2021-01-22 13:36:36,827 : state_square_error: 14.352 reward_error: 2.783
INFO : 2021-01-22 13:36:57,265 : state_square_error: 18.638 reward_error: 2.961
INFO : 2021-01-22 13:37:17,339 : episode: 14 score: 54.7 100 games avg: 54.7 steps 1000 
INFO : 2021-01-22 13:37:22,148 : state_square_error: 99.607 reward_error: 4.557
INFO : 2021-01-22 13:37:42,444 : state_square_error: 27.309 reward_error: 1.141
INFO : 2021-01-22 13:38:02,851 : state_square_error: 55.962 reward_error: 4.140
INFO : 2021-01-22 13:38:23,254 : state_square_error: 27.568 reward_error: 4.679
INFO : 2021-01-22 13:38:43,961 : state_square_error: 48.851 reward_error: 0.794
INFO : 2021-01-22 13:39:04,463 : state_square_error: 25.015 reward_error: 1.417
INFO : 2021-01-22 13:39:24,928 : state_square_error: 19.794 reward_error: 3.008
INFO : 2021-01-22 13:39:45,465 : state_square_error: 32.613 reward_error: 4.467
INFO : 2021-01-22 13:40:05,886 : state_square_error: 120.527 reward_error: 2.325
INFO : 2021-01-22 13:40:26,697 : state_square_error: 37.494 reward_error: 5.333
INFO : 2021-01-22 13:40:46,761 : episode: 15 score: 69.4 100 games avg: 69.4 steps 1000 
INFO : 2021-01-22 13:40:51,253 : state_square_error: 0.907 reward_error: 3.785
INFO : 2021-01-22 13:41:11,760 : state_square_error: 111.691 reward_error: 9.439
INFO : 2021-01-22 13:41:32,444 : state_square_error: 43.249 reward_error: 6.661
INFO : 2021-01-22 13:41:52,988 : state_square_error: 77.836 reward_error: 7.208
INFO : 2021-01-22 13:42:13,237 : state_square_error: 32.629 reward_error: 2.792
INFO : 2021-01-22 13:42:34,024 : state_square_error: 43.153 reward_error: 4.915
INFO : 2021-01-22 13:42:54,697 : state_square_error: 61.452 reward_error: 4.830
INFO : 2021-01-22 13:43:14,911 : state_square_error: 22.391 reward_error: 7.073
INFO : 2021-01-22 13:43:35,441 : state_square_error: 85.068 reward_error: 3.552
INFO : 2021-01-22 13:43:56,136 : state_square_error: 60.780 reward_error: 5.452
INFO : 2021-01-22 13:44:16,767 : episode: 16 score: 52.7 100 games avg: 52.7 steps 1000 
INFO : 2021-01-22 13:44:21,949 : state_square_error: 33.896 reward_error: 1.369
INFO : 2021-01-22 13:44:42,174 : state_square_error: 6.300 reward_error: 12.812
INFO : 2021-01-22 13:45:02,531 : state_square_error: 30.505 reward_error: 7.264
INFO : 2021-01-22 13:45:23,244 : state_square_error: 29.754 reward_error: 6.807
INFO : 2021-01-22 13:45:43,620 : state_square_error: 46.890 reward_error: 7.306
INFO : 2021-01-22 13:46:04,182 : state_square_error: 26.653 reward_error: 2.532
INFO : 2021-01-22 13:46:24,534 : state_square_error: 27.352 reward_error: 4.430
INFO : 2021-01-22 13:46:45,013 : state_square_error: 18.319 reward_error: 3.862
INFO : 2021-01-22 13:47:05,305 : state_square_error: 16.055 reward_error: 2.556
INFO : 2021-01-22 13:47:25,607 : state_square_error: 20.813 reward_error: 8.483
INFO : 2021-01-22 13:47:46,053 : episode: 17 score: 41.3 100 games avg: 41.3 steps 1000 
INFO : 2021-01-22 13:47:51,725 : state_square_error: 26.740 reward_error: 4.719
INFO : 2021-01-22 13:48:12,440 : state_square_error: 78.344 reward_error: 4.935
INFO : 2021-01-22 13:48:32,852 : state_square_error: 32.026 reward_error: 5.930
INFO : 2021-01-22 13:48:53,179 : state_square_error: 28.727 reward_error: 3.138
INFO : 2021-01-22 13:49:13,775 : state_square_error: 22.973 reward_error: 3.894
INFO : 2021-01-22 13:49:34,215 : state_square_error: 26.349 reward_error: 7.336
INFO : 2021-01-22 13:49:54,955 : state_square_error: 61.538 reward_error: 3.577
INFO : 2021-01-22 13:50:15,466 : state_square_error: 62.554 reward_error: 4.792
INFO : 2021-01-22 13:50:35,991 : state_square_error: 14.497 reward_error: 4.519
INFO : 2021-01-22 13:50:56,470 : state_square_error: 63.689 reward_error: 7.301
INFO : 2021-01-22 13:51:16,545 : episode: 18 score: 159.5 100 games avg: 159.5 steps 1000 
INFO : 2021-01-22 13:51:23,101 : state_square_error: 31.351 reward_error: 3.836
INFO : 2021-01-22 13:51:43,085 : state_square_error: 35.039 reward_error: 5.712
INFO : 2021-01-22 13:52:03,763 : state_square_error: 33.806 reward_error: 5.180
INFO : 2021-01-22 13:52:24,336 : state_square_error: 18.060 reward_error: 4.722
INFO : 2021-01-22 13:52:44,845 : state_square_error: 47.605 reward_error: 2.162
INFO : 2021-01-22 13:53:05,366 : state_square_error: 23.876 reward_error: 7.635
INFO : 2021-01-22 13:53:26,036 : state_square_error: 13.249 reward_error: 5.357
INFO : 2021-01-22 13:53:46,692 : state_square_error: 6.902 reward_error: 4.546
INFO : 2021-01-22 13:54:07,181 : state_square_error: 42.103 reward_error: 7.588
INFO : 2021-01-22 13:54:27,459 : state_square_error: 2.276 reward_error: 4.030
INFO : 2021-01-22 13:54:47,621 : episode: 19 score: 130.0 100 games avg: 130.0 steps 1000 
INFO : 2021-01-22 13:54:54,427 : state_square_error: 23.216 reward_error: 5.127
INFO : 2021-01-22 13:55:14,789 : state_square_error: 95.720 reward_error: 1.172
INFO : 2021-01-22 13:55:35,104 : state_square_error: 27.479 reward_error: 3.240
INFO : 2021-01-22 13:55:55,455 : state_square_error: 56.341 reward_error: 2.055
INFO : 2021-01-22 13:56:16,093 : state_square_error: 19.692 reward_error: 6.693
INFO : 2021-01-22 13:56:36,521 : state_square_error: 19.541 reward_error: 3.188
INFO : 2021-01-22 13:56:56,717 : state_square_error: 10.161 reward_error: 5.238
INFO : 2021-01-22 13:57:17,269 : state_square_error: 17.877 reward_error: 7.295
INFO : 2021-01-22 13:57:37,688 : state_square_error: 38.248 reward_error: 6.471
INFO : 2021-01-22 13:57:57,881 : state_square_error: 39.861 reward_error: 5.592
INFO : 2021-01-22 13:58:17,879 : episode: 20 score: 167.4 100 games avg: 167.4 steps 1000 
INFO : 2021-01-22 13:58:25,095 : state_square_error: 5.696 reward_error: 0.263
INFO : 2021-01-22 13:58:45,774 : state_square_error: 34.198 reward_error: 2.953
INFO : 2021-01-22 13:59:05,879 : state_square_error: 49.210 reward_error: 8.270
INFO : 2021-01-22 13:59:25,991 : state_square_error: 67.949 reward_error: 7.241
INFO : 2021-01-22 13:59:46,687 : state_square_error: 53.652 reward_error: 4.923
INFO : 2021-01-22 14:00:07,441 : state_square_error: 38.113 reward_error: 3.519
INFO : 2021-01-22 14:00:27,906 : state_square_error: 32.996 reward_error: 4.498
INFO : 2021-01-22 14:00:48,436 : state_square_error: 28.866 reward_error: 3.631
INFO : 2021-01-22 14:01:08,668 : state_square_error: 44.334 reward_error: 4.188
INFO : 2021-01-22 14:01:29,008 : state_square_error: 54.900 reward_error: 6.074
INFO : 2021-01-22 14:01:49,009 : episode: 21 score: 152.1 100 games avg: 152.1 steps 1000 
INFO : 2021-01-22 14:01:57,088 : state_square_error: 32.713 reward_error: 2.875
INFO : 2021-01-22 14:02:17,770 : state_square_error: 48.361 reward_error: 6.263
INFO : 2021-01-22 14:02:38,388 : state_square_error: 17.226 reward_error: 2.194
INFO : 2021-01-22 14:02:58,695 : state_square_error: 37.490 reward_error: 0.880
INFO : 2021-01-22 14:03:19,287 : state_square_error: 25.097 reward_error: 2.603
INFO : 2021-01-22 14:03:39,680 : state_square_error: 6.951 reward_error: 4.582
INFO : 2021-01-22 14:03:59,873 : state_square_error: 69.704 reward_error: 9.966
INFO : 2021-01-22 14:04:20,471 : state_square_error: 35.584 reward_error: 4.147
INFO : 2021-01-22 14:04:40,976 : state_square_error: 6.355 reward_error: 1.837
INFO : 2021-01-22 14:05:01,293 : state_square_error: 44.817 reward_error: 5.948
INFO : 2021-01-22 14:05:21,508 : episode: 22 score: 161.4 100 games avg: 161.4 steps 1000 
INFO : 2021-01-22 14:05:28,810 : state_square_error: 12.109 reward_error: 4.245
INFO : 2021-01-22 14:05:49,453 : state_square_error: 20.863 reward_error: 2.609
INFO : 2021-01-22 14:06:10,277 : state_square_error: 27.294 reward_error: 2.140
INFO : 2021-01-22 14:06:30,568 : state_square_error: 13.568 reward_error: 3.069
INFO : 2021-01-22 14:06:50,769 : state_square_error: 39.382 reward_error: 9.824
INFO : 2021-01-22 14:07:11,349 : state_square_error: 22.382 reward_error: 3.932
INFO : 2021-01-22 14:07:31,858 : state_square_error: 20.136 reward_error: 3.547
INFO : 2021-01-22 14:07:52,589 : state_square_error: 22.779 reward_error: 1.987
INFO : 2021-01-22 14:08:13,252 : state_square_error: 16.929 reward_error: 2.050
INFO : 2021-01-22 14:08:33,796 : state_square_error: 8.329 reward_error: 2.808
INFO : 2021-01-22 14:08:53,895 : episode: 23 score: 174.3 100 games avg: 174.3 steps 1000 
INFO : 2021-01-22 14:09:01,601 : state_square_error: 19.377 reward_error: 4.998
INFO : 2021-01-22 14:09:22,059 : state_square_error: 14.822 reward_error: 4.509
INFO : 2021-01-22 14:09:42,620 : state_square_error: 26.078 reward_error: 6.715
INFO : 2021-01-22 14:10:03,131 : state_square_error: 34.412 reward_error: 0.738
INFO : 2021-01-22 14:10:23,435 : state_square_error: 38.741 reward_error: 4.135
INFO : 2021-01-22 14:10:44,179 : state_square_error: 77.875 reward_error: 6.635
INFO : 2021-01-22 14:11:04,999 : state_square_error: 18.750 reward_error: 7.644
INFO : 2021-01-22 14:11:25,624 : state_square_error: 53.356 reward_error: 6.289
INFO : 2021-01-22 14:11:46,518 : state_square_error: 12.411 reward_error: 2.126
INFO : 2021-01-22 14:12:07,226 : state_square_error: 31.533 reward_error: 3.674
INFO : 2021-01-22 14:12:28,012 : episode: 24 score: 199.4 100 games avg: 199.4 steps 1000 
INFO : 2021-01-22 14:12:36,773 : state_square_error: 14.942 reward_error: 1.323
INFO : 2021-01-22 14:12:57,440 : state_square_error: 31.793 reward_error: 3.257
INFO : 2021-01-22 14:13:17,710 : state_square_error: 39.739 reward_error: 9.798
INFO : 2021-01-22 14:13:37,764 : state_square_error: 55.731 reward_error: 4.263
INFO : 2021-01-22 14:13:58,518 : state_square_error: 8.074 reward_error: 5.428
INFO : 2021-01-22 14:14:19,114 : state_square_error: 22.107 reward_error: 5.840
INFO : 2021-01-22 14:14:39,530 : state_square_error: 12.262 reward_error: 4.253
INFO : 2021-01-22 14:14:59,819 : state_square_error: 65.551 reward_error: 6.138
INFO : 2021-01-22 14:15:20,498 : state_square_error: 8.868 reward_error: 5.807
INFO : 2021-01-22 14:15:41,075 : state_square_error: 50.879 reward_error: 1.460
INFO : 2021-01-22 14:16:01,470 : episode: 25 score: 310.0 100 games avg: 310.0 steps 1000 
INFO : 2021-01-22 14:16:09,930 : state_square_error: 65.938 reward_error: 5.008
INFO : 2021-01-22 14:16:30,187 : state_square_error: 52.330 reward_error: 4.927
INFO : 2021-01-22 14:16:50,887 : state_square_error: 26.806 reward_error: 4.104
INFO : 2021-01-22 14:17:11,707 : state_square_error: 23.493 reward_error: 5.494
INFO : 2021-01-22 14:17:32,065 : state_square_error: 43.636 reward_error: 5.034
INFO : 2021-01-22 14:17:52,680 : state_square_error: 42.980 reward_error: 6.473
INFO : 2021-01-22 14:18:12,987 : state_square_error: 19.977 reward_error: 6.745
INFO : 2021-01-22 14:18:33,471 : state_square_error: 18.012 reward_error: 0.653
INFO : 2021-01-22 14:18:54,182 : state_square_error: 29.487 reward_error: 5.332
INFO : 2021-01-22 14:19:14,381 : state_square_error: 34.334 reward_error: 7.227
INFO : 2021-01-22 14:19:34,463 : episode: 26 score: 347.7 100 games avg: 347.7 steps 1000 
INFO : 2021-01-22 14:19:43,251 : state_square_error: 23.243 reward_error: 6.356
INFO : 2021-01-22 14:20:03,721 : state_square_error: 15.123 reward_error: 6.582
INFO : 2021-01-22 14:20:23,907 : state_square_error: 33.043 reward_error: -0.514
INFO : 2021-01-22 14:20:44,292 : state_square_error: 31.709 reward_error: 1.879
INFO : 2021-01-22 14:21:04,622 : state_square_error: 39.696 reward_error: 6.287
INFO : 2021-01-22 14:21:25,206 : state_square_error: 22.289 reward_error: 1.333
INFO : 2021-01-22 14:21:45,789 : state_square_error: 16.484 reward_error: 5.113
INFO : 2021-01-22 14:22:06,748 : state_square_error: 106.488 reward_error: 6.250
INFO : 2021-01-22 14:22:26,993 : state_square_error: 13.402 reward_error: 4.459
INFO : 2021-01-22 14:22:47,642 : state_square_error: 6.533 reward_error: 6.761
INFO : 2021-01-22 14:23:07,608 : episode: 27 score: 266.9 100 games avg: 266.9 steps 1000 
INFO : 2021-01-22 14:23:16,937 : state_square_error: 31.647 reward_error: 2.456
INFO : 2021-01-22 14:23:37,221 : state_square_error: 24.230 reward_error: 5.510
INFO : 2021-01-22 14:23:57,757 : state_square_error: 44.167 reward_error: 8.116
INFO : 2021-01-22 14:24:17,958 : state_square_error: 22.206 reward_error: 7.387
INFO : 2021-01-22 14:24:38,648 : state_square_error: 40.843 reward_error: 4.865
INFO : 2021-01-22 14:24:59,083 : state_square_error: 45.748 reward_error: 17.942
INFO : 2021-01-22 14:25:19,251 : state_square_error: 36.762 reward_error: 7.267
INFO : 2021-01-22 14:25:39,435 : state_square_error: 50.598 reward_error: 7.879
INFO : 2021-01-22 14:25:59,553 : state_square_error: 23.971 reward_error: 4.884
INFO : 2021-01-22 14:26:20,228 : state_square_error: 31.625 reward_error: 4.732
INFO : 2021-01-22 14:26:40,276 : episode: 28 score: 305.2 100 games avg: 305.2 steps 1000 
INFO : 2021-01-22 14:26:49,412 : state_square_error: 48.815 reward_error: 4.948
INFO : 2021-01-22 14:27:09,729 : state_square_error: 21.048 reward_error: 12.781
INFO : 2021-01-22 14:27:30,123 : state_square_error: 25.361 reward_error: 3.691
INFO : 2021-01-22 14:27:50,435 : state_square_error: 12.592 reward_error: 8.013
INFO : 2021-01-22 14:28:11,011 : state_square_error: 43.700 reward_error: 6.019
INFO : 2021-01-22 14:28:31,308 : state_square_error: 21.809 reward_error: 3.177
INFO : 2021-01-22 14:28:52,006 : state_square_error: 31.022 reward_error: 7.879
INFO : 2021-01-22 14:29:12,124 : state_square_error: 5.072 reward_error: 10.374
INFO : 2021-01-22 14:29:32,600 : state_square_error: 13.567 reward_error: 6.754
INFO : 2021-01-22 14:29:53,303 : state_square_error: 41.369 reward_error: 2.233
INFO : 2021-01-22 14:30:13,794 : episode: 29 score: 360.9 100 games avg: 360.9 steps 1000 
INFO : 2021-01-22 14:30:23,820 : state_square_error: 33.858 reward_error: 5.698
INFO : 2021-01-22 14:30:44,589 : state_square_error: 26.401 reward_error: 4.508
INFO : 2021-01-22 14:31:04,718 : state_square_error: 15.759 reward_error: 3.645
INFO : 2021-01-22 14:31:24,922 : state_square_error: 12.937 reward_error: 7.321
INFO : 2021-01-22 14:31:45,548 : state_square_error: 21.377 reward_error: 6.967
INFO : 2021-01-22 14:32:06,563 : state_square_error: 55.464 reward_error: 7.215
INFO : 2021-01-22 14:32:27,214 : state_square_error: 61.841 reward_error: 4.066
INFO : 2021-01-22 14:32:47,395 : state_square_error: 37.027 reward_error: 5.440
INFO : 2021-01-22 14:33:08,196 : state_square_error: 11.362 reward_error: 6.956
INFO : 2021-01-22 14:33:28,604 : state_square_error: 21.114 reward_error: 7.021
INFO : 2021-01-22 14:33:48,780 : episode: 30 score: 366.9 100 games avg: 366.9 steps 1000 
INFO : 2021-01-22 14:33:57,618 : state_square_error: 20.842 reward_error: -0.256
INFO : 2021-01-22 14:34:17,869 : state_square_error: 47.560 reward_error: 5.974
INFO : 2021-01-22 14:34:38,387 : state_square_error: 56.073 reward_error: 6.726
INFO : 2021-01-22 14:34:59,019 : state_square_error: 15.062 reward_error: 8.640
INFO : 2021-01-22 14:35:19,472 : state_square_error: 17.445 reward_error: 6.559
INFO : 2021-01-22 14:35:40,281 : state_square_error: 26.319 reward_error: 10.956
INFO : 2021-01-22 14:36:00,708 : state_square_error: 61.758 reward_error: 9.824
INFO : 2021-01-22 14:36:20,941 : state_square_error: 12.357 reward_error: 2.898
INFO : 2021-01-22 14:36:41,508 : state_square_error: 31.038 reward_error: 10.105
INFO : 2021-01-22 14:37:02,005 : state_square_error: 20.689 reward_error: 6.532
INFO : 2021-01-22 14:37:22,283 : episode: 31 score: 488.9 100 games avg: 488.9 steps 1000 
INFO : 2021-01-22 14:37:33,170 : state_square_error: 58.952 reward_error: 5.926
INFO : 2021-01-22 14:37:53,632 : state_square_error: 72.944 reward_error: 13.103
INFO : 2021-01-22 14:38:14,243 : state_square_error: 30.944 reward_error: 7.518
INFO : 2021-01-22 14:38:34,653 : state_square_error: 21.268 reward_error: 8.655
INFO : 2021-01-22 14:38:55,185 : state_square_error: 56.988 reward_error: 11.195
INFO : 2021-01-22 14:39:15,718 : state_square_error: 12.038 reward_error: 8.672
INFO : 2021-01-22 14:39:36,407 : state_square_error: 32.492 reward_error: 7.409
INFO : 2021-01-22 14:39:56,965 : state_square_error: 24.973 reward_error: 9.923
INFO : 2021-01-22 14:40:17,306 : state_square_error: 43.810 reward_error: 13.155
INFO : 2021-01-22 14:40:37,607 : state_square_error: 57.809 reward_error: 7.979
INFO : 2021-01-22 14:40:57,847 : episode: 32 score: 529.2 100 games avg: 529.2 steps 1000 
INFO : 2021-01-22 14:41:08,337 : state_square_error: 6.052 reward_error: 3.863
INFO : 2021-01-22 14:41:28,757 : state_square_error: 43.890 reward_error: 8.855
INFO : 2021-01-22 14:41:49,294 : state_square_error: 24.970 reward_error: 5.486
INFO : 2021-01-22 14:42:09,408 : state_square_error: 52.243 reward_error: 4.177
INFO : 2021-01-22 14:42:29,905 : state_square_error: 37.371 reward_error: 20.239
INFO : 2021-01-22 14:42:49,982 : state_square_error: 34.097 reward_error: 10.894
INFO : 2021-01-22 14:43:10,792 : state_square_error: 43.226 reward_error: 10.683
INFO : 2021-01-22 14:43:30,931 : state_square_error: 27.156 reward_error: 5.856
INFO : 2021-01-22 14:43:51,555 : state_square_error: 31.282 reward_error: 6.833
INFO : 2021-01-22 14:44:12,016 : state_square_error: 82.153 reward_error: 9.654
INFO : 2021-01-22 14:44:32,593 : episode: 33 score: 517.4 100 games avg: 517.4 steps 1000 
INFO : 2021-01-22 14:44:42,977 : state_square_error: 69.539 reward_error: 7.038
INFO : 2021-01-22 14:45:03,554 : state_square_error: 22.684 reward_error: 2.826
INFO : 2021-01-22 14:45:24,103 : state_square_error: 17.983 reward_error: 13.931
INFO : 2021-01-22 14:45:44,426 : state_square_error: 31.647 reward_error: 8.091
INFO : 2021-01-22 14:46:04,776 : state_square_error: 30.721 reward_error: 4.642
INFO : 2021-01-22 14:46:24,990 : state_square_error: 21.280 reward_error: 9.335
INFO : 2021-01-22 14:46:45,685 : state_square_error: 46.666 reward_error: 6.442
INFO : 2021-01-22 14:47:06,110 : state_square_error: 47.692 reward_error: 8.131
INFO : 2021-01-22 14:47:26,526 : state_square_error: 31.625 reward_error: 7.657
INFO : 2021-01-22 14:47:47,096 : state_square_error: 13.673 reward_error: 1.263
INFO : 2021-01-22 14:48:07,620 : episode: 34 score: 487.9 100 games avg: 487.9 steps 1000 
INFO : 2021-01-22 14:48:19,060 : state_square_error: 42.254 reward_error: 0.492
INFO : 2021-01-22 14:48:39,462 : state_square_error: 33.243 reward_error: 6.491
INFO : 2021-01-22 14:48:59,796 : state_square_error: 45.822 reward_error: 2.919
INFO : 2021-01-22 14:49:20,121 : state_square_error: 38.408 reward_error: 5.980
INFO : 2021-01-22 14:49:41,205 : state_square_error: 97.611 reward_error: 9.630
INFO : 2021-01-22 14:50:01,864 : state_square_error: 21.020 reward_error: 11.186
INFO : 2021-01-22 14:50:22,229 : state_square_error: 30.517 reward_error: 7.126
INFO : 2021-01-22 14:50:42,437 : state_square_error: 32.485 reward_error: 6.267
INFO : 2021-01-22 14:51:03,223 : state_square_error: 84.042 reward_error: 6.511
INFO : 2021-01-22 14:51:23,710 : state_square_error: 27.146 reward_error: 9.666
INFO : 2021-01-22 14:51:43,830 : episode: 35 score: 558.6 100 games avg: 558.6 steps 1000 
INFO : 2021-01-22 14:51:56,404 : state_square_error: 60.399 reward_error: 1.939
INFO : 2021-01-22 14:52:16,950 : state_square_error: 48.672 reward_error: 9.950
INFO : 2021-01-22 14:52:37,218 : state_square_error: 27.619 reward_error: 16.352
INFO : 2021-01-22 14:52:57,587 : state_square_error: 30.588 reward_error: 15.031
INFO : 2021-01-22 14:53:17,910 : state_square_error: 78.808 reward_error: 10.087
INFO : 2021-01-22 14:53:38,168 : state_square_error: 52.081 reward_error: 16.225
INFO : 2021-01-22 14:53:58,676 : state_square_error: 169.240 reward_error: 23.970
INFO : 2021-01-22 14:54:19,104 : state_square_error: 114.342 reward_error: 22.083
INFO : 2021-01-22 14:54:39,485 : state_square_error: 79.760 reward_error: 8.578
INFO : 2021-01-22 14:54:59,983 : state_square_error: 13.300 reward_error: 16.178
INFO : 2021-01-22 14:55:20,188 : episode: 36 score: 221.8 100 games avg: 221.8 steps 1000 
INFO : 2021-01-22 14:55:32,915 : state_square_error: 12.125 reward_error: 7.009
INFO : 2021-01-22 14:55:53,272 : state_square_error: 43.350 reward_error: 9.786
INFO : 2021-01-22 14:56:13,934 : state_square_error: 55.082 reward_error: 11.385
INFO : 2021-01-22 14:56:34,491 : state_square_error: 27.880 reward_error: 7.471
INFO : 2021-01-22 14:56:54,893 : state_square_error: 16.200 reward_error: 0.314
INFO : 2021-01-22 14:57:15,269 : state_square_error: 48.100 reward_error: 8.135
INFO : 2021-01-22 14:57:35,659 : state_square_error: 54.580 reward_error: 10.912
INFO : 2021-01-22 14:57:56,057 : state_square_error: 20.372 reward_error: 8.181
INFO : 2021-01-22 14:58:16,628 : state_square_error: 23.709 reward_error: 4.265
INFO : 2021-01-22 14:58:37,058 : state_square_error: 33.661 reward_error: 11.665
INFO : 2021-01-22 14:58:57,243 : episode: 37 score: 687.5 100 games avg: 687.5 steps 1000 
INFO : 2021-01-22 14:59:09,025 : state_square_error: 42.105 reward_error: 6.324
INFO : 2021-01-22 14:59:29,645 : state_square_error: 29.941 reward_error: 12.031
INFO : 2021-01-22 14:59:50,264 : state_square_error: 24.331 reward_error: 12.491
INFO : 2021-01-22 15:00:11,329 : state_square_error: 46.808 reward_error: 16.608
INFO : 2021-01-22 15:00:31,916 : state_square_error: 8.661 reward_error: 10.509
INFO : 2021-01-22 15:00:52,667 : state_square_error: 28.488 reward_error: 4.148
INFO : 2021-01-22 15:01:13,560 : state_square_error: 46.876 reward_error: 2.351
INFO : 2021-01-22 15:01:33,786 : state_square_error: 31.859 reward_error: 13.592
INFO : 2021-01-22 15:01:54,200 : state_square_error: 19.724 reward_error: 8.369
INFO : 2021-01-22 15:02:14,478 : state_square_error: 69.722 reward_error: 7.902
INFO : 2021-01-22 15:02:34,985 : episode: 38 score: 724.1 100 games avg: 724.1 steps 1000 
INFO : 2021-01-22 15:02:47,427 : state_square_error: 29.633 reward_error: 7.480
INFO : 2021-01-22 15:03:07,615 : state_square_error: 95.193 reward_error: 7.171
INFO : 2021-01-22 15:03:28,247 : state_square_error: 25.344 reward_error: 8.156
INFO : 2021-01-22 15:03:48,260 : state_square_error: 69.445 reward_error: 7.075
INFO : 2021-01-22 15:04:09,079 : state_square_error: 20.767 reward_error: 5.160
INFO : 2021-01-22 15:04:29,760 : state_square_error: 73.875 reward_error: 10.351
INFO : 2021-01-22 15:04:50,293 : state_square_error: 36.487 reward_error: 8.610
INFO : 2021-01-22 15:05:10,682 : state_square_error: 45.942 reward_error: 6.174
INFO : 2021-01-22 15:05:30,929 : state_square_error: 11.762 reward_error: 3.157
INFO : 2021-01-22 15:05:51,269 : state_square_error: 17.409 reward_error: 10.356
INFO : 2021-01-22 15:06:11,323 : episode: 39 score: 733.8 100 games avg: 733.8 steps 1000 
INFO : 2021-01-22 15:06:23,762 : state_square_error: 79.812 reward_error: -1.485
INFO : 2021-01-22 15:06:44,026 : state_square_error: 47.787 reward_error: 10.525
INFO : 2021-01-22 15:07:04,559 : state_square_error: 13.994 reward_error: 5.021
INFO : 2021-01-22 15:07:24,892 : state_square_error: 33.352 reward_error: 5.341
INFO : 2021-01-22 15:07:45,522 : state_square_error: 54.987 reward_error: 4.004
INFO : 2021-01-22 15:08:06,207 : state_square_error: 38.737 reward_error: 4.473
INFO : 2021-01-22 15:08:26,759 : state_square_error: 48.407 reward_error: 8.757
INFO : 2021-01-22 15:08:47,352 : state_square_error: 18.822 reward_error: 6.728
INFO : 2021-01-22 15:09:07,636 : state_square_error: 21.012 reward_error: 8.915
INFO : 2021-01-22 15:09:28,446 : state_square_error: 61.522 reward_error: 7.550
INFO : 2021-01-22 15:09:48,748 : episode: 40 score: 825.6 100 games avg: 825.6 steps 1000 
INFO : 2021-01-22 15:10:01,340 : state_square_error: 29.304 reward_error: 10.895
INFO : 2021-01-22 15:10:21,722 : state_square_error: 24.054 reward_error: 6.800
INFO : 2021-01-22 15:10:42,501 : state_square_error: 48.617 reward_error: 3.738
INFO : 2021-01-22 15:11:02,914 : state_square_error: 32.210 reward_error: 5.392
INFO : 2021-01-22 15:11:23,236 : state_square_error: 4.695 reward_error: 13.132
INFO : 2021-01-22 15:11:44,011 : state_square_error: 88.835 reward_error: 5.236
INFO : 2021-01-22 15:12:04,340 : state_square_error: 29.016 reward_error: 0.058
INFO : 2021-01-22 15:12:24,771 : state_square_error: 11.456 reward_error: 12.879
INFO : 2021-01-22 15:12:45,533 : state_square_error: 20.628 reward_error: 3.410
INFO : 2021-01-22 15:13:06,385 : state_square_error: 9.301 reward_error: 7.993
INFO : 2021-01-22 15:13:26,720 : episode: 41 score: 870.1 100 games avg: 870.1 steps 1000 
INFO : 2021-01-22 15:13:39,851 : state_square_error: 47.029 reward_error: 7.942
INFO : 2021-01-22 15:14:00,461 : state_square_error: 18.296 reward_error: 3.269
INFO : 2021-01-22 15:14:21,020 : state_square_error: 25.163 reward_error: 12.055
INFO : 2021-01-22 15:14:41,835 : state_square_error: 15.943 reward_error: 5.706
INFO : 2021-01-22 15:15:02,222 : state_square_error: 93.482 reward_error: 10.356
INFO : 2021-01-22 15:15:22,260 : state_square_error: 43.225 reward_error: 11.491
INFO : 2021-01-22 15:15:43,054 : state_square_error: 17.278 reward_error: 8.043
INFO : 2021-01-22 15:16:03,450 : state_square_error: 25.556 reward_error: 5.484
INFO : 2021-01-22 15:16:23,840 : state_square_error: 24.880 reward_error: 4.381
INFO : 2021-01-22 15:16:44,644 : state_square_error: 64.545 reward_error: 8.766
INFO : 2021-01-22 15:17:04,837 : episode: 42 score: 815.0 100 games avg: 815.0 steps 1000 
INFO : 2021-01-22 15:17:18,400 : state_square_error: 41.987 reward_error: 4.147
INFO : 2021-01-22 15:17:38,873 : state_square_error: 80.403 reward_error: 9.650
INFO : 2021-01-22 15:17:59,361 : state_square_error: 40.526 reward_error: 8.970
INFO : 2021-01-22 15:18:20,030 : state_square_error: 34.859 reward_error: 5.354
INFO : 2021-01-22 15:18:40,454 : state_square_error: 11.025 reward_error: 18.070
INFO : 2021-01-22 15:19:01,181 : state_square_error: 62.261 reward_error: 10.560
INFO : 2021-01-22 15:19:21,491 : state_square_error: 16.037 reward_error: 9.940
INFO : 2021-01-22 15:19:42,011 : state_square_error: 17.110 reward_error: 12.629
INFO : 2021-01-22 15:20:02,285 : state_square_error: 7.171 reward_error: 4.790
INFO : 2021-01-22 15:20:22,726 : state_square_error: 68.232 reward_error: 5.678
INFO : 2021-01-22 15:20:43,066 : episode: 43 score: 853.0 100 games avg: 853.0 steps 1000 
INFO : 2021-01-22 15:20:56,894 : state_square_error: 40.738 reward_error: 2.153
INFO : 2021-01-22 15:21:17,076 : state_square_error: 36.608 reward_error: 12.663
INFO : 2021-01-22 15:21:37,355 : state_square_error: 21.768 reward_error: 12.938
INFO : 2021-01-22 15:21:58,013 : state_square_error: 46.892 reward_error: 6.869
INFO : 2021-01-22 15:22:18,229 : state_square_error: 50.891 reward_error: 5.001
INFO : 2021-01-22 15:22:38,361 : state_square_error: 28.060 reward_error: 6.583
INFO : 2021-01-22 15:22:58,919 : state_square_error: 41.778 reward_error: 10.006
INFO : 2021-01-22 15:23:19,196 : state_square_error: 48.700 reward_error: 10.769
INFO : 2021-01-22 15:23:40,164 : state_square_error: 21.870 reward_error: 13.895
INFO : 2021-01-22 15:24:00,740 : state_square_error: 46.150 reward_error: 6.937
INFO : 2021-01-22 15:24:21,488 : episode: 44 score: 878.6 100 games avg: 878.6 steps 1000 
INFO : 2021-01-22 15:24:35,311 : state_square_error: 33.729 reward_error: 8.080
INFO : 2021-01-22 15:24:55,593 : state_square_error: 23.525 reward_error: 11.834
INFO : 2021-01-22 15:25:15,781 : state_square_error: 32.042 reward_error: 9.108
INFO : 2021-01-22 15:25:35,989 : state_square_error: 93.067 reward_error: 14.894
INFO : 2021-01-22 15:25:56,352 : state_square_error: 27.205 reward_error: 11.516
INFO : 2021-01-22 15:26:16,972 : state_square_error: 32.189 reward_error: 16.578
INFO : 2021-01-22 15:26:37,472 : state_square_error: 56.898 reward_error: 9.445
INFO : 2021-01-22 15:26:58,330 : state_square_error: 36.691 reward_error: 6.210
INFO : 2021-01-22 15:27:18,687 : state_square_error: 43.450 reward_error: 12.448
INFO : 2021-01-22 15:27:38,990 : state_square_error: 50.708 reward_error: 5.255
INFO : 2021-01-22 15:27:59,321 : episode: 45 score: 845.1 100 games avg: 845.1 steps 1000 
INFO : 2021-01-22 15:28:15,257 : state_square_error: 25.698 reward_error: 7.222
INFO : 2021-01-22 15:28:35,513 : state_square_error: 70.566 reward_error: 1.919
INFO : 2021-01-22 15:28:56,204 : state_square_error: 7.565 reward_error: 3.669
INFO : 2021-01-22 15:29:16,934 : state_square_error: 51.029 reward_error: 5.309
INFO : 2021-01-22 15:29:37,372 : state_square_error: 61.665 reward_error: 11.245
INFO : 2021-01-22 15:29:57,685 : state_square_error: 28.584 reward_error: 8.015
INFO : 2021-01-22 15:30:18,326 : state_square_error: 21.578 reward_error: 11.416
INFO : 2021-01-22 15:30:38,745 : state_square_error: 80.168 reward_error: 7.795
INFO : 2021-01-22 15:30:59,053 : state_square_error: 49.770 reward_error: 13.011
INFO : 2021-01-22 15:31:19,558 : state_square_error: 97.835 reward_error: 17.323
INFO : 2021-01-22 15:31:39,699 : episode: 46 score: 889.8 100 games avg: 889.8 steps 1000 
INFO : 2021-01-22 15:31:54,565 : state_square_error: 18.755 reward_error: 7.165
INFO : 2021-01-22 15:32:14,909 : state_square_error: 27.777 reward_error: 14.494
INFO : 2021-01-22 15:32:35,395 : state_square_error: 27.398 reward_error: 11.962
INFO : 2021-01-22 15:32:56,157 : state_square_error: 30.005 reward_error: 10.239
INFO : 2021-01-22 15:33:16,738 : state_square_error: 66.658 reward_error: 8.046
INFO : 2021-01-22 15:33:37,094 : state_square_error: 33.367 reward_error: 12.196
INFO : 2021-01-22 15:33:57,427 : state_square_error: 8.712 reward_error: 11.291
INFO : 2021-01-22 15:34:17,932 : state_square_error: 26.677 reward_error: 5.809
INFO : 2021-01-22 15:34:38,479 : state_square_error: 70.013 reward_error: 7.969
INFO : 2021-01-22 15:34:58,820 : state_square_error: 21.533 reward_error: 12.300
INFO : 2021-01-22 15:35:19,190 : episode: 47 score: 884.8 100 games avg: 884.8 steps 1000 
INFO : 2021-01-22 15:35:33,602 : state_square_error: 30.677 reward_error: 8.253
INFO : 2021-01-22 15:35:54,329 : state_square_error: 118.889 reward_error: 6.688
INFO : 2021-01-22 15:36:14,848 : state_square_error: 20.163 reward_error: 17.996
INFO : 2021-01-22 15:36:35,318 : state_square_error: 20.174 reward_error: 13.947
INFO : 2021-01-22 15:36:55,675 : state_square_error: 29.117 reward_error: 6.984
INFO : 2021-01-22 15:37:16,379 : state_square_error: 12.309 reward_error: 6.319
INFO : 2021-01-22 15:37:36,615 : state_square_error: 76.653 reward_error: 9.103
INFO : 2021-01-22 15:37:57,558 : state_square_error: 19.585 reward_error: 5.192
INFO : 2021-01-22 15:38:18,372 : state_square_error: 16.848 reward_error: 4.227
INFO : 2021-01-22 15:38:38,979 : state_square_error: 10.014 reward_error: 8.895
INFO : 2021-01-22 15:38:59,107 : episode: 48 score: 825.4 100 games avg: 825.4 steps 1000 
INFO : 2021-01-22 15:39:14,997 : state_square_error: 56.212 reward_error: 4.706
INFO : 2021-01-22 15:39:35,508 : state_square_error: 16.407 reward_error: 8.903
INFO : 2021-01-22 15:39:56,138 : state_square_error: 9.344 reward_error: 8.438
INFO : 2021-01-22 15:40:16,678 : state_square_error: 29.568 reward_error: 11.112
INFO : 2021-01-22 15:40:37,271 : state_square_error: 73.974 reward_error: 8.369
INFO : 2021-01-22 15:40:57,991 : state_square_error: 30.636 reward_error: 7.579
INFO : 2021-01-22 15:41:18,899 : state_square_error: 9.994 reward_error: 5.950
INFO : 2021-01-22 15:41:39,423 : state_square_error: 22.553 reward_error: 10.547
INFO : 2021-01-22 15:41:59,773 : state_square_error: 25.411 reward_error: 6.698
INFO : 2021-01-22 15:42:20,107 : state_square_error: 62.381 reward_error: 8.770
INFO : 2021-01-22 15:42:40,255 : episode: 49 score: 842.0 100 games avg: 842.0 steps 1000 
INFO : 2021-01-22 15:42:55,774 : state_square_error: 21.989 reward_error: 9.462
INFO : 2021-01-22 15:43:16,149 : state_square_error: 18.980 reward_error: 7.376
INFO : 2021-01-22 15:43:36,385 : state_square_error: 53.212 reward_error: 11.970
INFO : 2021-01-22 15:43:56,747 : state_square_error: 12.065 reward_error: 2.722
INFO : 2021-01-22 15:44:16,814 : state_square_error: 23.483 reward_error: 16.415
INFO : 2021-01-22 15:44:37,497 : state_square_error: 24.933 reward_error: 10.675
INFO : 2021-01-22 15:44:57,754 : state_square_error: 55.563 reward_error: 7.791
INFO : 2021-01-22 15:45:18,279 : state_square_error: 26.747 reward_error: 12.902
INFO : 2021-01-22 15:45:38,492 : state_square_error: 74.981 reward_error: 10.820
INFO : 2021-01-22 15:45:58,778 : state_square_error: 5.194 reward_error: 2.534
INFO : 2021-01-22 15:46:19,018 : episode: 50 score: 896.1 100 games avg: 896.1 steps 1000 
INFO : 2021-01-22 15:46:34,356 : state_square_error: 41.143 reward_error: 5.627
INFO : 2021-01-22 15:46:54,779 : state_square_error: 84.016 reward_error: 10.534
INFO : 2021-01-22 15:47:15,444 : state_square_error: 20.255 reward_error: 11.158
INFO : 2021-01-22 15:47:35,669 : state_square_error: 13.592 reward_error: 8.965
INFO : 2021-01-22 15:47:55,774 : state_square_error: 37.075 reward_error: 3.629
INFO : 2021-01-22 15:48:16,590 : state_square_error: 41.173 reward_error: 10.778
INFO : 2021-01-22 15:48:36,948 : state_square_error: 51.738 reward_error: 7.319
INFO : 2021-01-22 15:48:57,454 : state_square_error: 60.165 reward_error: 6.190
INFO : 2021-01-22 15:49:17,945 : state_square_error: 21.835 reward_error: 5.326
INFO : 2021-01-22 15:49:38,259 : state_square_error: 71.980 reward_error: 10.155
INFO : 2021-01-22 15:49:58,323 : episode: 51 score: 866.0 100 games avg: 866.0 steps 1000 
INFO : 2021-01-22 15:50:13,548 : state_square_error: 59.166 reward_error: 5.361
INFO : 2021-01-22 15:50:33,795 : state_square_error: 78.317 reward_error: 22.454
INFO : 2021-01-22 15:50:54,041 : state_square_error: 24.886 reward_error: 5.571
INFO : 2021-01-22 15:51:14,788 : state_square_error: 54.049 reward_error: 6.778
INFO : 2021-01-22 15:51:35,138 : state_square_error: 28.219 reward_error: 19.270
INFO : 2021-01-22 15:51:55,754 : state_square_error: 56.951 reward_error: 18.066
INFO : 2021-01-22 15:52:16,227 : state_square_error: 17.068 reward_error: 11.630
INFO : 2021-01-22 15:52:36,484 : state_square_error: 35.110 reward_error: 10.966
INFO : 2021-01-22 15:52:57,273 : state_square_error: 46.176 reward_error: 8.985
INFO : 2021-01-22 15:53:17,591 : state_square_error: 17.459 reward_error: 9.384
INFO : 2021-01-22 15:53:37,923 : episode: 52 score: 816.9 100 games avg: 816.9 steps 1000 
INFO : 2021-01-22 15:53:53,886 : state_square_error: 32.838 reward_error: 6.299
INFO : 2021-01-22 15:54:14,348 : state_square_error: 60.771 reward_error: 5.054
INFO : 2021-01-22 15:54:35,049 : state_square_error: 59.067 reward_error: 2.987
INFO : 2021-01-22 15:54:55,892 : state_square_error: 55.777 reward_error: 7.297
INFO : 2021-01-22 15:55:16,248 : state_square_error: 79.725 reward_error: 7.403
INFO : 2021-01-22 15:55:36,934 : state_square_error: 17.809 reward_error: 2.864
INFO : 2021-01-22 15:55:57,469 : state_square_error: 41.653 reward_error: 11.735
INFO : 2021-01-22 15:56:17,616 : state_square_error: 10.724 reward_error: 3.656
INFO : 2021-01-22 15:56:38,445 : state_square_error: 27.517 reward_error: 11.734
INFO : 2021-01-22 15:56:58,908 : state_square_error: 41.672 reward_error: 7.883
INFO : 2021-01-22 15:57:19,122 : episode: 53 score: 971.2 100 games avg: 971.2 steps 1000 
INFO : 2021-01-22 15:57:34,439 : state_square_error: 18.044 reward_error: 5.076
INFO : 2021-01-22 15:57:54,735 : state_square_error: 31.493 reward_error: 7.649
INFO : 2021-01-22 15:58:15,179 : state_square_error: 24.229 reward_error: 10.080
INFO : 2021-01-22 15:58:35,783 : state_square_error: 21.959 reward_error: 1.883
INFO : 2021-01-22 15:58:56,614 : state_square_error: 17.542 reward_error: 7.411
INFO : 2021-01-22 15:59:17,124 : state_square_error: 12.302 reward_error: 8.143
INFO : 2021-01-22 15:59:37,630 : state_square_error: 24.536 reward_error: 10.322
INFO : 2021-01-22 15:59:58,394 : state_square_error: 23.631 reward_error: 4.901
INFO : 2021-01-22 16:00:19,018 : state_square_error: 48.597 reward_error: 4.308
INFO : 2021-01-22 16:00:39,634 : state_square_error: 30.933 reward_error: 9.474
INFO : 2021-01-22 16:00:59,747 : episode: 54 score: 1016.7 100 games avg: 1016.7 steps 1000 
INFO : 2021-01-22 16:01:16,920 : state_square_error: 15.295 reward_error: 7.523
INFO : 2021-01-22 16:01:37,494 : state_square_error: 7.627 reward_error: 7.270
INFO : 2021-01-22 16:01:58,156 : state_square_error: 47.799 reward_error: 13.211
INFO : 2021-01-22 16:02:18,485 : state_square_error: 12.864 reward_error: 16.373
INFO : 2021-01-22 16:02:39,426 : state_square_error: 49.929 reward_error: 14.442
INFO : 2021-01-22 16:02:59,906 : state_square_error: 82.335 reward_error: 8.614
INFO : 2021-01-22 16:03:20,425 : state_square_error: 51.670 reward_error: 17.849
INFO : 2021-01-22 16:03:40,821 : state_square_error: 28.305 reward_error: 7.389
INFO : 2021-01-22 16:04:01,812 : state_square_error: 56.066 reward_error: 13.410
INFO : 2021-01-22 16:04:22,305 : state_square_error: 62.071 reward_error: 7.391
INFO : 2021-01-22 16:04:42,484 : episode: 55 score: 633.2 100 games avg: 633.2 steps 1000 
INFO : 2021-01-22 16:05:00,698 : state_square_error: 19.407 reward_error: 1.481
INFO : 2021-01-22 16:05:20,801 : state_square_error: 7.660 reward_error: 2.491
INFO : 2021-01-22 16:05:41,398 : state_square_error: 13.859 reward_error: 9.741
INFO : 2021-01-22 16:06:02,210 : state_square_error: 44.044 reward_error: 10.530
INFO : 2021-01-22 16:06:22,697 : state_square_error: 21.108 reward_error: 6.190
INFO : 2021-01-22 16:06:43,301 : state_square_error: 3.909 reward_error: 6.537
INFO : 2021-01-22 16:07:03,780 : state_square_error: 13.361 reward_error: 10.394
INFO : 2021-01-22 16:07:24,440 : state_square_error: 19.825 reward_error: 7.740
INFO : 2021-01-22 16:07:44,882 : state_square_error: 30.030 reward_error: 11.508
INFO : 2021-01-22 16:08:05,489 : state_square_error: 9.875 reward_error: 10.371
INFO : 2021-01-22 16:08:25,602 : episode: 56 score: 948.4 100 games avg: 948.4 steps 1000 
INFO : 2021-01-22 16:08:45,142 : state_square_error: 6.088 reward_error: 8.837
INFO : 2021-01-22 16:09:06,039 : state_square_error: 15.939 reward_error: 11.663
INFO : 2021-01-22 16:09:26,323 : state_square_error: 20.612 reward_error: 6.363
INFO : 2021-01-22 16:09:46,736 : state_square_error: 87.408 reward_error: 8.787
INFO : 2021-01-22 16:10:07,374 : state_square_error: 13.594 reward_error: 11.078
INFO : 2021-01-22 16:10:27,966 : state_square_error: 58.236 reward_error: 9.735
INFO : 2021-01-22 16:10:48,373 : state_square_error: 52.392 reward_error: 10.096
INFO : 2021-01-22 16:11:09,144 : state_square_error: 40.425 reward_error: 8.879
INFO : 2021-01-22 16:11:29,590 : state_square_error: 37.786 reward_error: 8.327
INFO : 2021-01-22 16:11:49,944 : state_square_error: 8.156 reward_error: 5.796
INFO : 2021-01-22 16:12:10,463 : episode: 57 score: 913.5 100 games avg: 913.5 steps 1000 
INFO : 2021-01-22 16:12:29,364 : state_square_error: 35.591 reward_error: 9.188
INFO : 2021-01-22 16:12:49,853 : state_square_error: 38.047 reward_error: 3.383
INFO : 2021-01-22 16:13:10,655 : state_square_error: 41.815 reward_error: 11.283
INFO : 2021-01-22 16:13:31,245 : state_square_error: 24.781 reward_error: 7.657
INFO : 2021-01-22 16:13:51,732 : state_square_error: 30.969 reward_error: 2.474
INFO : 2021-01-22 16:14:12,033 : state_square_error: 27.716 reward_error: 11.413
INFO : 2021-01-22 16:14:32,496 : state_square_error: 16.298 reward_error: 9.407
INFO : 2021-01-22 16:14:52,930 : state_square_error: 30.733 reward_error: 9.070
INFO : 2021-01-22 16:15:13,377 : state_square_error: 17.384 reward_error: 6.549
INFO : 2021-01-22 16:15:33,727 : state_square_error: 6.432 reward_error: 7.700
INFO : 2021-01-22 16:15:54,055 : episode: 58 score: 995.0 100 games avg: 995.0 steps 1000 
INFO : 2021-01-22 16:16:13,644 : state_square_error: 48.346 reward_error: 3.301
INFO : 2021-01-22 16:16:34,076 : state_square_error: 38.622 reward_error: 8.001
INFO : 2021-01-22 16:16:55,116 : state_square_error: 143.812 reward_error: 7.518
INFO : 2021-01-22 16:17:15,849 : state_square_error: 91.293 reward_error: 10.020
INFO : 2021-01-22 16:17:36,305 : state_square_error: 18.216 reward_error: 6.024
INFO : 2021-01-22 16:17:56,791 : state_square_error: 63.331 reward_error: 6.249
INFO : 2021-01-22 16:18:17,422 : state_square_error: 38.032 reward_error: 10.919
INFO : 2021-01-22 16:18:37,766 : state_square_error: 31.792 reward_error: 9.309
INFO : 2021-01-22 16:18:58,403 : state_square_error: 20.321 reward_error: 17.404
INFO : 2021-01-22 16:19:19,394 : state_square_error: 16.498 reward_error: 8.679
INFO : 2021-01-22 16:19:39,962 : episode: 59 score: 905.9 100 games avg: 905.9 steps 1000 
INFO : 2021-01-22 16:19:58,777 : state_square_error: 4.857 reward_error: 5.614
INFO : 2021-01-22 16:20:19,104 : state_square_error: 28.199 reward_error: 10.969
INFO : 2021-01-22 16:20:39,618 : state_square_error: 46.712 reward_error: 7.607
INFO : 2021-01-22 16:21:00,368 : state_square_error: 40.754 reward_error: 7.600
INFO : 2021-01-22 16:21:20,888 : state_square_error: 63.353 reward_error: 8.960
INFO : 2021-01-22 16:21:41,360 : state_square_error: 16.253 reward_error: 10.003
INFO : 2021-01-22 16:22:02,060 : state_square_error: 21.680 reward_error: 11.815
INFO : 2021-01-22 16:22:22,556 : state_square_error: 24.016 reward_error: 6.337
INFO : 2021-01-22 16:22:42,617 : state_square_error: 24.263 reward_error: 3.179
INFO : 2021-01-22 16:23:03,057 : state_square_error: 46.871 reward_error: 6.517
INFO : 2021-01-22 16:23:23,682 : episode: 60 score: 989.2 100 games avg: 989.2 steps 1000 
INFO : 2021-01-22 16:23:43,424 : state_square_error: 46.220 reward_error: 5.682
INFO : 2021-01-22 16:24:04,069 : state_square_error: 44.440 reward_error: 10.048
INFO : 2021-01-22 16:24:24,599 : state_square_error: 68.162 reward_error: 7.906
INFO : 2021-01-22 16:24:45,421 : state_square_error: 146.307 reward_error: 6.796
INFO : 2021-01-22 16:25:06,011 : state_square_error: 50.188 reward_error: 15.369
INFO : 2021-01-22 16:25:26,490 : state_square_error: 77.605 reward_error: 3.561
INFO : 2021-01-22 16:25:46,769 : state_square_error: 29.673 reward_error: 6.391
INFO : 2021-01-22 16:26:07,365 : state_square_error: 17.105 reward_error: 8.130
INFO : 2021-01-22 16:26:27,897 : state_square_error: 46.294 reward_error: 13.734
INFO : 2021-01-22 16:26:48,556 : state_square_error: 58.054 reward_error: 9.267
INFO : 2021-01-22 16:27:09,034 : episode: 61 score: 1037.0 100 games avg: 1037.0 steps 1000 
INFO : 2021-01-22 16:27:28,325 : state_square_error: 14.808 reward_error: 10.469
INFO : 2021-01-22 16:27:48,588 : state_square_error: 35.675 reward_error: 10.518
INFO : 2021-01-22 16:28:09,184 : state_square_error: 66.861 reward_error: 3.913
INFO : 2021-01-22 16:28:29,591 : state_square_error: 22.087 reward_error: 11.047
INFO : 2021-01-22 16:28:50,232 : state_square_error: 24.797 reward_error: 5.017
INFO : 2021-01-22 16:29:10,660 : state_square_error: 40.549 reward_error: 6.947
INFO : 2021-01-22 16:29:31,235 : state_square_error: 19.010 reward_error: 14.321
INFO : 2021-01-22 16:29:51,840 : state_square_error: 48.754 reward_error: 9.192
INFO : 2021-01-22 16:30:12,107 : state_square_error: 137.579 reward_error: 6.854
INFO : 2021-01-22 16:30:32,351 : state_square_error: 24.207 reward_error: 5.719
INFO : 2021-01-22 16:30:52,340 : episode: 62 score: 1001.2 100 games avg: 1001.2 steps 1000 
INFO : 2021-01-22 16:31:12,678 : state_square_error: 45.688 reward_error: 6.087
INFO : 2021-01-22 16:31:33,429 : state_square_error: 18.771 reward_error: 8.464
INFO : 2021-01-22 16:31:53,748 : state_square_error: 42.533 reward_error: 9.401
INFO : 2021-01-22 16:32:14,550 : state_square_error: 20.431 reward_error: 7.227
INFO : 2021-01-22 16:32:35,058 : state_square_error: 18.407 reward_error: 7.062
INFO : 2021-01-22 16:32:55,626 : state_square_error: 59.379 reward_error: 9.566
INFO : 2021-01-22 16:33:15,979 : state_square_error: 33.661 reward_error: -0.955
INFO : 2021-01-22 16:33:36,460 : state_square_error: 54.493 reward_error: 11.876
INFO : 2021-01-22 16:33:57,094 : state_square_error: 30.364 reward_error: 7.138
INFO : 2021-01-22 16:34:17,520 : state_square_error: 45.613 reward_error: 4.263
INFO : 2021-01-22 16:34:37,892 : episode: 63 score: 725.3 100 games avg: 725.3 steps 1000 
INFO : 2021-01-22 16:34:57,533 : state_square_error: 32.519 reward_error: 6.919
INFO : 2021-01-22 16:35:18,091 : state_square_error: 16.449 reward_error: 7.537
INFO : 2021-01-22 16:35:38,584 : state_square_error: 80.509 reward_error: 5.669
INFO : 2021-01-22 16:35:59,079 : state_square_error: 56.621 reward_error: 6.286
INFO : 2021-01-22 16:36:19,447 : state_square_error: 24.177 reward_error: 9.665
INFO : 2021-01-22 16:36:39,898 : state_square_error: 50.702 reward_error: 9.061
INFO : 2021-01-22 16:36:59,934 : state_square_error: 41.887 reward_error: 2.870
INFO : 2021-01-22 16:37:20,453 : state_square_error: 41.177 reward_error: 11.489
INFO : 2021-01-22 16:37:41,164 : state_square_error: 53.879 reward_error: 9.386
INFO : 2021-01-22 16:38:01,758 : state_square_error: 66.799 reward_error: 0.069
INFO : 2021-01-22 16:38:22,124 : episode: 64 score: 693.2 100 games avg: 693.2 steps 1000 
INFO : 2021-01-22 16:38:43,265 : state_square_error: 55.611 reward_error: 5.885
INFO : 2021-01-22 16:39:04,064 : state_square_error: 28.625 reward_error: 7.414
INFO : 2021-01-22 16:39:24,606 : state_square_error: 27.462 reward_error: 11.773
INFO : 2021-01-22 16:39:45,174 : state_square_error: 31.848 reward_error: 4.592
INFO : 2021-01-22 16:40:05,433 : state_square_error: 33.028 reward_error: 13.164
INFO : 2021-01-22 16:40:25,684 : state_square_error: 33.861 reward_error: 6.273
INFO : 2021-01-22 16:40:46,132 : state_square_error: 13.895 reward_error: 7.858
INFO : 2021-01-22 16:41:06,491 : state_square_error: 28.865 reward_error: 8.936
INFO : 2021-01-22 16:41:27,022 : state_square_error: 97.292 reward_error: 11.822
INFO : 2021-01-22 16:41:48,082 : state_square_error: 11.809 reward_error: 8.477
INFO : 2021-01-22 16:42:08,605 : episode: 65 score: 1083.2 100 games avg: 1083.2 steps 1000 
INFO : 2021-01-22 16:42:29,561 : state_square_error: 11.811 reward_error: 5.431
INFO : 2021-01-22 16:42:50,356 : state_square_error: 37.144 reward_error: 13.409
INFO : 2021-01-22 16:43:10,714 : state_square_error: 35.985 reward_error: 11.356
INFO : 2021-01-22 16:43:31,151 : state_square_error: 42.245 reward_error: 3.263
INFO : 2021-01-22 16:43:52,036 : state_square_error: 24.577 reward_error: 13.194
INFO : 2021-01-22 16:44:12,544 : state_square_error: 23.301 reward_error: 9.653
INFO : 2021-01-22 16:44:33,155 : state_square_error: 13.026 reward_error: 1.546
INFO : 2021-01-22 16:44:53,808 : state_square_error: 57.703 reward_error: 6.196
INFO : 2021-01-22 16:45:14,404 : state_square_error: 37.391 reward_error: 6.845
INFO : 2021-01-22 16:45:34,838 : state_square_error: 62.783 reward_error: 6.332
INFO : 2021-01-22 16:45:55,106 : episode: 66 score: 985.8 100 games avg: 985.8 steps 1000 
INFO : 2021-01-22 16:46:15,486 : state_square_error: 44.350 reward_error: 8.937
INFO : 2021-01-22 16:46:35,708 : state_square_error: 39.330 reward_error: 13.006
INFO : 2021-01-22 16:46:56,328 : state_square_error: 27.591 reward_error: 5.363
INFO : 2021-01-22 16:47:16,821 : state_square_error: 34.182 reward_error: 9.722
INFO : 2021-01-22 16:47:36,879 : state_square_error: 26.190 reward_error: 11.042
INFO : 2021-01-22 16:47:57,493 : state_square_error: 10.822 reward_error: 11.546
INFO : 2021-01-22 16:48:17,879 : state_square_error: 58.312 reward_error: 7.925
INFO : 2021-01-22 16:48:38,425 : state_square_error: 30.551 reward_error: 10.084
INFO : 2021-01-22 16:48:58,911 : state_square_error: 9.981 reward_error: 6.797
INFO : 2021-01-22 16:49:19,610 : state_square_error: 54.214 reward_error: 9.486
INFO : 2021-01-22 16:49:40,010 : episode: 67 score: 1014.4 100 games avg: 1014.4 steps 1000 
INFO : 2021-01-22 16:50:01,417 : state_square_error: 85.541 reward_error: 3.775
INFO : 2021-01-22 16:50:21,966 : state_square_error: 39.937 reward_error: 0.346
INFO : 2021-01-22 16:50:42,688 : state_square_error: 18.618 reward_error: 9.027
INFO : 2021-01-22 16:51:03,270 : state_square_error: 55.850 reward_error: 8.364
INFO : 2021-01-22 16:51:23,570 : state_square_error: 81.682 reward_error: 4.328
INFO : 2021-01-22 16:51:44,283 : state_square_error: 41.933 reward_error: 9.138
INFO : 2021-01-22 16:52:05,113 : state_square_error: 27.635 reward_error: 11.427
INFO : 2021-01-22 16:52:25,574 : state_square_error: 26.379 reward_error: 9.269
INFO : 2021-01-22 16:52:45,987 : state_square_error: 33.783 reward_error: 5.994
INFO : 2021-01-22 16:53:06,271 : state_square_error: 56.647 reward_error: 10.168
INFO : 2021-01-22 16:53:26,602 : episode: 68 score: 894.4 100 games avg: 894.4 steps 1000 
INFO : 2021-01-22 16:53:48,164 : state_square_error: 11.667 reward_error: 6.542
INFO : 2021-01-22 16:54:08,725 : state_square_error: 60.206 reward_error: 5.476
INFO : 2021-01-22 16:54:29,190 : state_square_error: 6.571 reward_error: 8.712
INFO : 2021-01-22 16:54:49,805 : state_square_error: 40.958 reward_error: 3.241
INFO : 2021-01-22 16:55:10,376 : state_square_error: 28.802 reward_error: 6.060
INFO : 2021-01-22 16:55:30,864 : state_square_error: 47.873 reward_error: 7.631
INFO : 2021-01-22 16:55:51,394 : state_square_error: 14.850 reward_error: 21.970
INFO : 2021-01-22 16:56:11,647 : state_square_error: 27.326 reward_error: 11.144
INFO : 2021-01-22 16:56:31,936 : state_square_error: 30.402 reward_error: 5.723
INFO : 2021-01-22 16:56:52,411 : state_square_error: 30.443 reward_error: 12.395
INFO : 2021-01-22 16:57:12,983 : episode: 69 score: 800.2 100 games avg: 800.2 steps 1000 
INFO : 2021-01-22 16:57:35,198 : state_square_error: 13.541 reward_error: 3.483
INFO : 2021-01-22 16:57:55,419 : state_square_error: 15.187 reward_error: 4.089
INFO : 2021-01-22 16:58:15,669 : state_square_error: 10.816 reward_error: 12.182
INFO : 2021-01-22 16:58:36,070 : state_square_error: 26.772 reward_error: 8.856
INFO : 2021-01-22 16:58:56,304 : state_square_error: 86.368 reward_error: 7.687
INFO : 2021-01-22 16:59:16,878 : state_square_error: 81.837 reward_error: 8.390
INFO : 2021-01-22 16:59:37,893 : state_square_error: 33.357 reward_error: 7.868
INFO : 2021-01-22 16:59:58,426 : state_square_error: 37.119 reward_error: 8.692
INFO : 2021-01-22 17:00:18,734 : state_square_error: 25.698 reward_error: 10.934
INFO : 2021-01-22 17:00:39,162 : state_square_error: 2.455 reward_error: 9.223
INFO : 2021-01-22 17:00:59,475 : episode: 70 score: 1051.7 100 games avg: 1051.7 steps 1000 
INFO : 2021-01-22 17:01:21,318 : state_square_error: 69.122 reward_error: 9.736
INFO : 2021-01-22 17:01:41,789 : state_square_error: 15.346 reward_error: 4.009
INFO : 2021-01-22 17:02:02,287 : state_square_error: 9.975 reward_error: 4.444
INFO : 2021-01-22 17:02:22,503 : state_square_error: 82.916 reward_error: 10.820
INFO : 2021-01-22 17:02:42,888 : state_square_error: 38.752 reward_error: 12.142
INFO : 2021-01-22 17:03:03,383 : state_square_error: 61.724 reward_error: 7.567
INFO : 2021-01-22 17:03:23,776 : state_square_error: 28.562 reward_error: 6.562
INFO : 2021-01-22 17:03:44,483 : state_square_error: 10.629 reward_error: 7.686
INFO : 2021-01-22 17:04:05,042 : state_square_error: 37.541 reward_error: 6.363
INFO : 2021-01-22 17:04:25,492 : state_square_error: 13.301 reward_error: 7.411
INFO : 2021-01-22 17:04:45,857 : episode: 71 score: 983.2 100 games avg: 983.2 steps 1000 
INFO : 2021-01-22 17:05:10,070 : state_square_error: 0.627 reward_error: 2.287
INFO : 2021-01-22 17:05:30,984 : state_square_error: 52.283 reward_error: 10.837
INFO : 2021-01-22 17:05:51,463 : state_square_error: 37.215 reward_error: 4.749
INFO : 2021-01-22 17:06:11,997 : state_square_error: 52.106 reward_error: 9.292
INFO : 2021-01-22 17:06:32,443 : state_square_error: 49.428 reward_error: 8.292
INFO : 2021-01-22 17:06:53,172 : state_square_error: 13.342 reward_error: 11.045
INFO : 2021-01-22 17:07:13,476 : state_square_error: 12.833 reward_error: 5.471
INFO : 2021-01-22 17:07:34,589 : state_square_error: 37.966 reward_error: 2.718
INFO : 2021-01-22 17:07:55,110 : state_square_error: 90.336 reward_error: 3.963
INFO : 2021-01-22 17:08:15,819 : state_square_error: 33.139 reward_error: 3.021
INFO : 2021-01-22 17:08:36,018 : episode: 72 score: 1039.8 100 games avg: 1039.8 steps 1000 
INFO : 2021-01-22 17:09:00,131 : state_square_error: 48.440 reward_error: 5.786
INFO : 2021-01-22 17:09:20,979 : state_square_error: 18.333 reward_error: 10.378
INFO : 2021-01-22 17:09:41,339 : state_square_error: 17.750 reward_error: 16.859
INFO : 2021-01-22 17:10:02,091 : state_square_error: 57.768 reward_error: 8.826
INFO : 2021-01-22 17:10:22,487 : state_square_error: 19.785 reward_error: 10.707
INFO : 2021-01-22 17:10:42,946 : state_square_error: 38.094 reward_error: 8.134
INFO : 2021-01-22 17:11:03,648 : state_square_error: 49.489 reward_error: 11.916
INFO : 2021-01-22 17:11:24,078 : state_square_error: 51.306 reward_error: 7.535
INFO : 2021-01-22 17:11:44,558 : state_square_error: 18.215 reward_error: 9.988
INFO : 2021-01-22 17:12:05,338 : state_square_error: 25.108 reward_error: 5.519
INFO : 2021-01-22 17:12:25,607 : episode: 73 score: 650.0 100 games avg: 650.0 steps 1000 
INFO : 2021-01-22 17:12:48,126 : state_square_error: 14.974 reward_error: 9.227
INFO : 2021-01-22 17:13:08,457 : state_square_error: 30.354 reward_error: 8.489
INFO : 2021-01-22 17:13:29,274 : state_square_error: 7.061 reward_error: 12.394
INFO : 2021-01-22 17:13:49,603 : state_square_error: 65.604 reward_error: 7.469
INFO : 2021-01-22 17:14:10,144 : state_square_error: 11.101 reward_error: 11.005
INFO : 2021-01-22 17:14:30,934 : state_square_error: 79.929 reward_error: 7.273
INFO : 2021-01-22 17:14:51,278 : state_square_error: 24.213 reward_error: 15.407
INFO : 2021-01-22 17:15:11,719 : state_square_error: 22.571 reward_error: 2.270
INFO : 2021-01-22 17:15:32,213 : state_square_error: 42.646 reward_error: 10.608
INFO : 2021-01-22 17:15:53,169 : state_square_error: 62.773 reward_error: 10.026
INFO : 2021-01-22 17:16:13,533 : episode: 74 score: 969.8 100 games avg: 969.8 steps 1000 
INFO : 2021-01-22 17:16:37,364 : state_square_error: 15.495 reward_error: 7.767
INFO : 2021-01-22 17:16:58,166 : state_square_error: 18.231 reward_error: 9.820
INFO : 2021-01-22 17:17:18,516 : state_square_error: 18.876 reward_error: 5.139
INFO : 2021-01-22 17:17:38,833 : state_square_error: 66.054 reward_error: 10.971
INFO : 2021-01-22 17:17:59,285 : state_square_error: 22.514 reward_error: 7.548
INFO : 2021-01-22 17:18:20,020 : state_square_error: 24.796 reward_error: 15.729
INFO : 2021-01-22 17:18:40,730 : state_square_error: 38.699 reward_error: 8.035
INFO : 2021-01-22 17:19:01,274 : state_square_error: 18.280 reward_error: 2.732
INFO : 2021-01-22 17:19:21,602 : state_square_error: 107.574 reward_error: 3.771
INFO : 2021-01-22 17:19:42,301 : state_square_error: 16.506 reward_error: 3.046
INFO : 2021-01-22 17:20:02,814 : episode: 75 score: 1106.4 100 games avg: 1106.4 steps 1000 
INFO : 2021-01-22 17:20:27,048 : state_square_error: 71.925 reward_error: 11.665
INFO : 2021-01-22 17:20:47,317 : state_square_error: 42.342 reward_error: 10.835
INFO : 2021-01-22 17:21:07,714 : state_square_error: 67.585 reward_error: 8.017
INFO : 2021-01-22 17:21:28,431 : state_square_error: 44.936 reward_error: 2.955
INFO : 2021-01-22 17:21:49,382 : state_square_error: 15.070 reward_error: 7.751
INFO : 2021-01-22 17:22:09,656 : state_square_error: 56.666 reward_error: 6.842
INFO : 2021-01-22 17:22:29,973 : state_square_error: 58.965 reward_error: 10.808
INFO : 2021-01-22 17:22:50,110 : state_square_error: 5.111 reward_error: 6.516
INFO : 2021-01-22 17:23:10,390 : state_square_error: 13.920 reward_error: 6.019
INFO : 2021-01-22 17:23:31,074 : state_square_error: 30.305 reward_error: 5.968
INFO : 2021-01-22 17:23:51,192 : episode: 76 score: 1062.7 100 games avg: 1062.7 steps 1000 
INFO : 2021-01-22 17:24:16,534 : state_square_error: 22.467 reward_error: 10.567
INFO : 2021-01-22 17:24:36,955 : state_square_error: 27.043 reward_error: 14.441
INFO : 2021-01-22 17:24:57,524 : state_square_error: 24.317 reward_error: 11.069
INFO : 2021-01-22 17:25:17,770 : state_square_error: 51.007 reward_error: 7.130
INFO : 2021-01-22 17:25:38,378 : state_square_error: 31.249 reward_error: 14.748
INFO : 2021-01-22 17:25:58,848 : state_square_error: 17.600 reward_error: 10.292
INFO : 2021-01-22 17:26:19,143 : state_square_error: 24.352 reward_error: 4.289
INFO : 2021-01-22 17:26:39,720 : state_square_error: 24.405 reward_error: 10.179
INFO : 2021-01-22 17:27:00,546 : state_square_error: 41.725 reward_error: 8.848
INFO : 2021-01-22 17:27:21,247 : state_square_error: 16.821 reward_error: 2.920
INFO : 2021-01-22 17:27:41,321 : episode: 77 score: 1050.7 100 games avg: 1050.7 steps 1000 
INFO : 2021-01-22 17:28:06,911 : state_square_error: 11.025 reward_error: 8.481
INFO : 2021-01-22 17:28:27,455 : state_square_error: 42.161 reward_error: 16.142
INFO : 2021-01-22 17:28:48,067 : state_square_error: 50.504 reward_error: 11.541
INFO : 2021-01-22 17:29:08,330 : state_square_error: 59.598 reward_error: 7.647
INFO : 2021-01-22 17:29:28,828 : state_square_error: 47.396 reward_error: 13.975
INFO : 2021-01-22 17:29:49,006 : state_square_error: 50.861 reward_error: 10.407
INFO : 2021-01-22 17:30:09,640 : state_square_error: 45.930 reward_error: 5.125
INFO : 2021-01-22 17:30:30,330 : state_square_error: 28.754 reward_error: 11.721
INFO : 2021-01-22 17:30:50,690 : state_square_error: 60.866 reward_error: 4.971
INFO : 2021-01-22 17:31:11,248 : state_square_error: 25.073 reward_error: 5.188
INFO : 2021-01-22 17:31:31,593 : episode: 78 score: 1124.8 100 games avg: 1124.8 steps 1000 
INFO : 2021-01-22 17:31:54,993 : state_square_error: 38.337 reward_error: 2.448
INFO : 2021-01-22 17:32:15,883 : state_square_error: 81.975 reward_error: 4.170
INFO : 2021-01-22 17:32:36,307 : state_square_error: 54.916 reward_error: 4.318
INFO : 2021-01-22 17:32:56,852 : state_square_error: 8.447 reward_error: 4.895
INFO : 2021-01-22 17:33:17,498 : state_square_error: 8.899 reward_error: 10.774
INFO : 2021-01-22 17:33:38,069 : state_square_error: 23.644 reward_error: 10.319
INFO : 2021-01-22 17:33:58,584 : state_square_error: 28.622 reward_error: 5.186
INFO : 2021-01-22 17:34:19,317 : state_square_error: 21.535 reward_error: 8.516
INFO : 2021-01-22 17:34:39,882 : state_square_error: 7.076 reward_error: 6.491
INFO : 2021-01-22 17:35:00,182 : state_square_error: 64.035 reward_error: 9.125
INFO : 2021-01-22 17:35:20,802 : episode: 79 score: 1122.1 100 games avg: 1122.1 steps 1000 
INFO : 2021-01-22 17:35:45,063 : state_square_error: 47.749 reward_error: 9.202
INFO : 2021-01-22 17:36:05,472 : state_square_error: 28.230 reward_error: 5.286
INFO : 2021-01-22 17:36:25,590 : state_square_error: 38.394 reward_error: 3.303
INFO : 2021-01-22 17:36:46,274 : state_square_error: 21.234 reward_error: 4.752
INFO : 2021-01-22 17:37:06,652 : state_square_error: 41.625 reward_error: 12.501
INFO : 2021-01-22 17:37:27,237 : state_square_error: 16.221 reward_error: 10.692
INFO : 2021-01-22 17:37:47,444 : state_square_error: 5.809 reward_error: 8.869
INFO : 2021-01-22 17:38:07,515 : state_square_error: 44.144 reward_error: 2.248
INFO : 2021-01-22 17:38:28,039 : state_square_error: 73.793 reward_error: 8.620
INFO : 2021-01-22 17:38:48,555 : state_square_error: 74.452 reward_error: 10.858
INFO : 2021-01-22 17:39:08,751 : episode: 80 score: 1120.0 100 games avg: 1120.0 steps 1000 
INFO : 2021-01-22 17:39:33,104 : state_square_error: 32.532 reward_error: 3.848
INFO : 2021-01-22 17:39:53,413 : state_square_error: 7.071 reward_error: 4.782
INFO : 2021-01-22 17:40:13,889 : state_square_error: 10.682 reward_error: 10.303
INFO : 2021-01-22 17:40:34,289 : state_square_error: 5.717 reward_error: 7.632
INFO : 2021-01-22 17:40:54,948 : state_square_error: 5.730 reward_error: 6.206
INFO : 2021-01-22 17:41:15,533 : state_square_error: 15.199 reward_error: 6.597
INFO : 2021-01-22 17:41:35,848 : state_square_error: 14.627 reward_error: 8.782
INFO : 2021-01-22 17:41:56,480 : state_square_error: 8.544 reward_error: 6.366
INFO : 2021-01-22 17:42:16,877 : state_square_error: 23.622 reward_error: 3.705
INFO : 2021-01-22 17:42:37,264 : state_square_error: 75.673 reward_error: 3.478
INFO : 2021-01-22 17:42:57,601 : episode: 81 score: 1010.2 100 games avg: 1010.2 steps 1000 
INFO : 2021-01-22 17:43:22,516 : state_square_error: 66.779 reward_error: 7.057
INFO : 2021-01-22 17:43:43,218 : state_square_error: 55.720 reward_error: 12.921
INFO : 2021-01-22 17:44:04,145 : state_square_error: 20.437 reward_error: 11.576
INFO : 2021-01-22 17:44:24,669 : state_square_error: 24.789 reward_error: 12.870
INFO : 2021-01-22 17:44:44,989 : state_square_error: 22.027 reward_error: 9.749
INFO : 2021-01-22 17:45:06,038 : state_square_error: 5.148 reward_error: 10.352
INFO : 2021-01-22 17:45:26,560 : state_square_error: 49.484 reward_error: 8.962
INFO : 2021-01-22 17:45:47,242 : state_square_error: 52.737 reward_error: 4.338
INFO : 2021-01-22 17:46:07,785 : state_square_error: 7.044 reward_error: 7.849
INFO : 2021-01-22 17:46:28,146 : state_square_error: 29.741 reward_error: 5.696
INFO : 2021-01-22 17:46:48,530 : episode: 82 score: 1150.3 100 games avg: 1150.3 steps 1000 
INFO : 2021-01-22 17:47:13,709 : state_square_error: 31.604 reward_error: 5.269
INFO : 2021-01-22 17:47:34,044 : state_square_error: 31.758 reward_error: 5.429
INFO : 2021-01-22 17:47:54,389 : state_square_error: 8.907 reward_error: 10.020
INFO : 2021-01-22 17:48:15,017 : state_square_error: 35.298 reward_error: 9.260
INFO : 2021-01-22 17:48:35,373 : state_square_error: 57.041 reward_error: 9.073
INFO : 2021-01-22 17:48:55,990 : state_square_error: 6.524 reward_error: 7.236
INFO : 2021-01-22 17:49:16,296 : state_square_error: 22.170 reward_error: 11.491
INFO : 2021-01-22 17:49:36,628 : state_square_error: 65.727 reward_error: 7.512
INFO : 2021-01-22 17:49:57,150 : state_square_error: 58.002 reward_error: 7.494
INFO : 2021-01-22 17:50:17,778 : state_square_error: 13.586 reward_error: 7.742
INFO : 2021-01-22 17:50:38,075 : episode: 83 score: 1120.3 100 games avg: 1120.3 steps 1000 
INFO : 2021-01-22 17:51:04,662 : state_square_error: 50.791 reward_error: 10.040
INFO : 2021-01-22 17:51:24,875 : state_square_error: 17.268 reward_error: 14.447
INFO : 2021-01-22 17:51:45,282 : state_square_error: 77.824 reward_error: 5.011
INFO : 2021-01-22 17:52:05,768 : state_square_error: 6.072 reward_error: 7.039
INFO : 2021-01-22 17:52:26,793 : state_square_error: 20.814 reward_error: 2.578
INFO : 2021-01-22 17:52:47,473 : state_square_error: 23.983 reward_error: 11.968
INFO : 2021-01-22 17:53:07,970 : state_square_error: 44.044 reward_error: 10.567
INFO : 2021-01-22 17:53:28,288 : state_square_error: 26.701 reward_error: 14.222
INFO : 2021-01-22 17:53:48,748 : state_square_error: 95.148 reward_error: 5.114
INFO : 2021-01-22 17:54:09,451 : state_square_error: 32.202 reward_error: 6.037
INFO : 2021-01-22 17:54:29,492 : episode: 84 score: 1154.9 100 games avg: 1154.9 steps 1000 
INFO : 2021-01-22 17:54:56,982 : state_square_error: 55.872 reward_error: 6.522
INFO : 2021-01-22 17:55:17,333 : state_square_error: 3.994 reward_error: 8.720
INFO : 2021-01-22 17:55:37,809 : state_square_error: 80.019 reward_error: 5.494
INFO : 2021-01-22 17:55:58,312 : state_square_error: 13.497 reward_error: 6.914
INFO : 2021-01-22 17:56:18,759 : state_square_error: 37.480 reward_error: 4.087
INFO : 2021-01-22 17:56:39,287 : state_square_error: 46.577 reward_error: 6.568
INFO : 2021-01-22 17:56:59,862 : state_square_error: 61.576 reward_error: 15.990
INFO : 2021-01-22 17:57:20,289 : state_square_error: 37.956 reward_error: 19.747
INFO : 2021-01-22 17:57:40,947 : state_square_error: 52.100 reward_error: 12.106
INFO : 2021-01-22 17:58:01,343 : state_square_error: 36.984 reward_error: 14.642
INFO : 2021-01-22 17:58:21,630 : episode: 85 score: 846.1 100 games avg: 846.1 steps 1000 
INFO : 2021-01-22 17:58:48,902 : state_square_error: 52.734 reward_error: 3.450
INFO : 2021-01-22 17:59:09,527 : state_square_error: 49.793 reward_error: 8.239
INFO : 2021-01-22 17:59:29,983 : state_square_error: 3.185 reward_error: 11.709
INFO : 2021-01-22 17:59:50,147 : state_square_error: 55.421 reward_error: 8.487
INFO : 2021-01-22 18:00:10,746 : state_square_error: 18.518 reward_error: 7.999
INFO : 2021-01-22 18:00:31,098 : state_square_error: 33.599 reward_error: 10.730
INFO : 2021-01-22 18:00:51,282 : state_square_error: 18.236 reward_error: 11.957
INFO : 2021-01-22 18:01:11,865 : state_square_error: 25.174 reward_error: 11.001
INFO : 2021-01-22 18:01:32,215 : state_square_error: 35.475 reward_error: 4.987
INFO : 2021-01-22 18:01:52,675 : state_square_error: 22.414 reward_error: 11.859
INFO : 2021-01-22 18:02:12,665 : episode: 86 score: 1085.2 100 games avg: 1085.2 steps 1000 
INFO : 2021-01-22 18:02:41,728 : state_square_error: 64.489 reward_error: 5.208
INFO : 2021-01-22 18:03:02,432 : state_square_error: 27.348 reward_error: 4.594
INFO : 2021-01-22 18:03:22,967 : state_square_error: 25.456 reward_error: 6.039
INFO : 2021-01-22 18:03:43,438 : state_square_error: 81.403 reward_error: 13.648
INFO : 2021-01-22 18:04:03,874 : state_square_error: 35.881 reward_error: 11.972
INFO : 2021-01-22 18:04:24,395 : state_square_error: 42.069 reward_error: 11.810
INFO : 2021-01-22 18:04:44,737 : state_square_error: 29.196 reward_error: 10.056
INFO : 2021-01-22 18:05:05,348 : state_square_error: 64.951 reward_error: 13.626
INFO : 2021-01-22 18:05:25,725 : state_square_error: 71.984 reward_error: 2.497
INFO : 2021-01-22 18:05:46,484 : state_square_error: 7.663 reward_error: 6.116
INFO : 2021-01-22 18:06:06,867 : episode: 87 score: 1072.1 100 games avg: 1072.1 steps 1000 
INFO : 2021-01-22 18:06:34,835 : state_square_error: 27.757 reward_error: 5.872
INFO : 2021-01-22 18:06:55,390 : state_square_error: 57.185 reward_error: 5.745
INFO : 2021-01-22 18:07:15,481 : state_square_error: 17.057 reward_error: 7.722
INFO : 2021-01-22 18:07:35,831 : state_square_error: 46.377 reward_error: -0.279
INFO : 2021-01-22 18:07:56,320 : state_square_error: 40.708 reward_error: 12.686
INFO : 2021-01-22 18:08:16,720 : state_square_error: 13.954 reward_error: 6.517
INFO : 2021-01-22 18:08:37,242 : state_square_error: 21.151 reward_error: 3.950
INFO : 2021-01-22 18:08:57,656 : state_square_error: 48.203 reward_error: 10.807
INFO : 2021-01-22 18:09:18,173 : state_square_error: 43.765 reward_error: 6.753
INFO : 2021-01-22 18:09:38,379 : state_square_error: 9.500 reward_error: 8.168
INFO : 2021-01-22 18:09:58,484 : episode: 88 score: 1103.4 100 games avg: 1103.4 steps 1000 
INFO : 2021-01-22 18:10:26,676 : state_square_error: 22.792 reward_error: 7.511
INFO : 2021-01-22 18:10:47,103 : state_square_error: 42.912 reward_error: 5.754
INFO : 2021-01-22 18:11:07,634 : state_square_error: 31.562 reward_error: 12.537
INFO : 2021-01-22 18:11:27,909 : state_square_error: 20.160 reward_error: 11.389
INFO : 2021-01-22 18:11:48,356 : state_square_error: 45.907 reward_error: 9.948
INFO : 2021-01-22 18:12:08,544 : state_square_error: 21.303 reward_error: 11.212
INFO : 2021-01-22 18:12:29,314 : state_square_error: 15.334 reward_error: 13.274
INFO : 2021-01-22 18:12:49,888 : state_square_error: 50.208 reward_error: 8.585
INFO : 2021-01-22 18:13:10,779 : state_square_error: 14.932 reward_error: 17.152
INFO : 2021-01-22 18:13:31,148 : state_square_error: 18.188 reward_error: 4.516
INFO : 2021-01-22 18:13:51,264 : episode: 89 score: 1102.4 100 games avg: 1102.4 steps 1000 
INFO : 2021-01-22 18:14:19,118 : state_square_error: 42.598 reward_error: 4.941
INFO : 2021-01-22 18:14:39,724 : state_square_error: 28.345 reward_error: 13.075
INFO : 2021-01-22 18:15:00,382 : state_square_error: 44.212 reward_error: 6.724
INFO : 2021-01-22 18:15:21,272 : state_square_error: 35.554 reward_error: 7.487
INFO : 2021-01-22 18:15:41,862 : state_square_error: 18.953 reward_error: 7.991
INFO : 2021-01-22 18:16:02,554 : state_square_error: 17.035 reward_error: 9.738
INFO : 2021-01-22 18:16:23,142 : state_square_error: 50.055 reward_error: 10.254
INFO : 2021-01-22 18:16:43,839 : state_square_error: 83.569 reward_error: 2.163
INFO : 2021-01-22 18:17:04,232 : state_square_error: 27.120 reward_error: 8.700
INFO : 2021-01-22 18:17:24,554 : state_square_error: 43.019 reward_error: 11.434
INFO : 2021-01-22 18:17:44,928 : episode: 90 score: 1094.4 100 games avg: 1094.4 steps 1000 
INFO : 2021-01-22 18:18:14,831 : state_square_error: 12.802 reward_error: 2.656
INFO : 2021-01-22 18:18:35,132 : state_square_error: 32.463 reward_error: 9.196
INFO : 2021-01-22 18:18:55,692 : state_square_error: 52.871 reward_error: 10.519
INFO : 2021-01-22 18:19:15,935 : state_square_error: 44.006 reward_error: 6.749
INFO : 2021-01-22 18:19:36,509 : state_square_error: 10.997 reward_error: 5.652
INFO : 2021-01-22 18:19:57,029 : state_square_error: 32.596 reward_error: 8.144
INFO : 2021-01-22 18:20:17,617 : state_square_error: 12.523 reward_error: 6.896
INFO : 2021-01-22 18:20:38,260 : state_square_error: 19.173 reward_error: 6.003
INFO : 2021-01-22 18:20:58,395 : state_square_error: 24.245 reward_error: 12.109
INFO : 2021-01-22 18:21:19,060 : state_square_error: 25.730 reward_error: 7.791
INFO : 2021-01-22 18:21:39,218 : episode: 91 score: 1044.6 100 games avg: 1044.6 steps 1000 
INFO : 2021-01-22 18:22:08,480 : state_square_error: 36.387 reward_error: 8.412
INFO : 2021-01-22 18:22:29,040 : state_square_error: 56.725 reward_error: 8.236
INFO : 2021-01-22 18:22:49,561 : state_square_error: 5.686 reward_error: 12.035
INFO : 2021-01-22 18:23:09,662 : state_square_error: 14.371 reward_error: 11.166
INFO : 2021-01-22 18:23:30,253 : state_square_error: 40.795 reward_error: 5.423
INFO : 2021-01-22 18:23:50,819 : state_square_error: 35.838 reward_error: 5.494
INFO : 2021-01-22 18:24:11,936 : state_square_error: 19.591 reward_error: 7.828
INFO : 2021-01-22 18:24:32,595 : state_square_error: 9.946 reward_error: 2.396
INFO : 2021-01-22 18:24:52,919 : state_square_error: 17.215 reward_error: 9.303
INFO : 2021-01-22 18:25:13,288 : state_square_error: 21.531 reward_error: 11.283
INFO : 2021-01-22 18:25:33,493 : episode: 92 score: 1061.1 100 games avg: 1061.1 steps 1000 
INFO : 2021-01-22 18:26:01,944 : state_square_error: 39.180 reward_error: 6.887
INFO : 2021-01-22 18:26:22,333 : state_square_error: 41.259 reward_error: 6.349
INFO : 2021-01-22 18:26:42,857 : state_square_error: 20.518 reward_error: 11.109
INFO : 2021-01-22 18:27:03,477 : state_square_error: 76.794 reward_error: 11.505
INFO : 2021-01-22 18:27:23,865 : state_square_error: 114.605 reward_error: 8.470
INFO : 2021-01-22 18:27:44,610 : state_square_error: 11.398 reward_error: 7.844
INFO : 2021-01-22 18:28:04,929 : state_square_error: 35.437 reward_error: 11.860
INFO : 2021-01-22 18:28:25,286 : state_square_error: 20.006 reward_error: 6.143
INFO : 2021-01-22 18:28:45,808 : state_square_error: 36.705 reward_error: 4.044
INFO : 2021-01-22 18:29:06,298 : state_square_error: 25.934 reward_error: 9.722
INFO : 2021-01-22 18:29:26,524 : episode: 93 score: 1179.2 100 games avg: 1179.2 steps 1000 
INFO : 2021-01-22 18:29:57,019 : state_square_error: 40.548 reward_error: 8.638
INFO : 2021-01-22 18:30:17,457 : state_square_error: 22.431 reward_error: 7.169
INFO : 2021-01-22 18:30:37,956 : state_square_error: 17.109 reward_error: 17.837
INFO : 2021-01-22 18:30:59,018 : state_square_error: 22.678 reward_error: 7.100
INFO : 2021-01-22 18:31:19,573 : state_square_error: 8.118 reward_error: 3.306
INFO : 2021-01-22 18:31:39,734 : state_square_error: 12.032 reward_error: 7.999
INFO : 2021-01-22 18:32:00,231 : state_square_error: 22.434 reward_error: 5.409
INFO : 2021-01-22 18:32:20,596 : state_square_error: 27.957 reward_error: 5.723
INFO : 2021-01-22 18:32:41,385 : state_square_error: 34.331 reward_error: 6.976
INFO : 2021-01-22 18:33:02,042 : state_square_error: 56.830 reward_error: 7.979
INFO : 2021-01-22 18:33:22,711 : episode: 94 score: 1185.1 100 games avg: 1185.1 steps 1000 
INFO : 2021-01-22 18:33:52,363 : state_square_error: 49.358 reward_error: 4.291
INFO : 2021-01-22 18:34:12,773 : state_square_error: 24.886 reward_error: 6.897
INFO : 2021-01-22 18:34:33,312 : state_square_error: 17.201 reward_error: 6.206
INFO : 2021-01-22 18:34:53,932 : state_square_error: 30.284 reward_error: 2.846
INFO : 2021-01-22 18:35:14,812 : state_square_error: 17.553 reward_error: 6.979
INFO : 2021-01-22 18:35:35,222 : state_square_error: 20.407 reward_error: 4.573
INFO : 2021-01-22 18:35:55,856 : state_square_error: 52.199 reward_error: 14.903
INFO : 2021-01-22 18:36:16,467 : state_square_error: 73.454 reward_error: 4.456
INFO : 2021-01-22 18:36:36,752 : state_square_error: 105.976 reward_error: 6.152
INFO : 2021-01-22 18:36:57,352 : state_square_error: 61.009 reward_error: 13.401
INFO : 2021-01-22 18:37:17,601 : episode: 95 score: 1132.8 100 games avg: 1132.8 steps 1000 
INFO : 2021-01-22 18:37:47,332 : state_square_error: 30.877 reward_error: 2.142
INFO : 2021-01-22 18:38:07,960 : state_square_error: 28.977 reward_error: 4.599
INFO : 2021-01-22 18:38:28,459 : state_square_error: 22.158 reward_error: 7.484
INFO : 2021-01-22 18:38:48,785 : state_square_error: 61.084 reward_error: 7.678
INFO : 2021-01-22 18:39:09,494 : state_square_error: 19.932 reward_error: 11.021
INFO : 2021-01-22 18:39:30,111 : state_square_error: 12.562 reward_error: 6.356
INFO : 2021-01-22 18:39:50,734 : state_square_error: 14.178 reward_error: 3.880
INFO : 2021-01-22 18:40:11,438 : state_square_error: 39.279 reward_error: 13.972
INFO : 2021-01-22 18:40:31,832 : state_square_error: 17.543 reward_error: 8.592
INFO : 2021-01-22 18:40:52,253 : state_square_error: 61.447 reward_error: 6.423
INFO : 2021-01-22 18:41:12,562 : episode: 96 score: 1119.9 100 games avg: 1119.9 steps 1000 
INFO : 2021-01-22 18:41:43,333 : state_square_error: 6.387 reward_error: 5.019
INFO : 2021-01-22 18:42:03,773 : state_square_error: 23.278 reward_error: 8.428
INFO : 2021-01-22 18:42:24,149 : state_square_error: 30.754 reward_error: 4.749
INFO : 2021-01-22 18:42:44,528 : state_square_error: 67.297 reward_error: 10.815
INFO : 2021-01-22 18:43:05,193 : state_square_error: 42.633 reward_error: 0.361
INFO : 2021-01-22 18:43:25,843 : state_square_error: 65.637 reward_error: 12.295
INFO : 2021-01-22 18:43:46,410 : state_square_error: 24.074 reward_error: 8.195
INFO : 2021-01-22 18:44:06,822 : state_square_error: 72.353 reward_error: 8.255
INFO : 2021-01-22 18:44:26,980 : state_square_error: 52.037 reward_error: 8.878
INFO : 2021-01-22 18:44:47,534 : state_square_error: 33.469 reward_error: 3.846
INFO : 2021-01-22 18:45:07,672 : episode: 97 score: 1068.9 100 games avg: 1068.9 steps 1000 
INFO : 2021-01-22 18:45:38,061 : state_square_error: 23.471 reward_error: 7.213
INFO : 2021-01-22 18:45:58,467 : state_square_error: 21.178 reward_error: 4.102
INFO : 2021-01-22 18:46:19,291 : state_square_error: 19.405 reward_error: 9.110
INFO : 2021-01-22 18:46:39,652 : state_square_error: 52.096 reward_error: 8.384
INFO : 2021-01-22 18:46:59,961 : state_square_error: 36.021 reward_error: 5.701
INFO : 2021-01-22 18:47:19,792 : state_square_error: 27.284 reward_error: 0.398
INFO : 2021-01-22 18:47:39,685 : state_square_error: 8.183 reward_error: 8.138
INFO : 2021-01-22 18:47:59,809 : state_square_error: 44.567 reward_error: 6.917
INFO : 2021-01-22 18:48:20,169 : state_square_error: 22.225 reward_error: 3.627
INFO : 2021-01-22 18:48:40,235 : state_square_error: 56.804 reward_error: 2.040
INFO : 2021-01-22 18:49:00,098 : episode: 98 score: 1040.2 100 games avg: 1040.2 steps 1000 
INFO : 2021-01-22 18:49:29,553 : state_square_error: 33.516 reward_error: 6.972
INFO : 2021-01-22 18:49:49,385 : state_square_error: 30.997 reward_error: 2.488
INFO : 2021-01-22 18:50:09,048 : state_square_error: 2.602 reward_error: 7.409
INFO : 2021-01-22 18:50:28,891 : state_square_error: 71.640 reward_error: 5.329
INFO : 2021-01-22 18:50:48,734 : state_square_error: 50.187 reward_error: 5.215
INFO : 2021-01-22 18:51:09,162 : state_square_error: 13.527 reward_error: 6.468
INFO : 2021-01-22 18:51:29,299 : state_square_error: 4.713 reward_error: 14.897
INFO : 2021-01-22 18:51:49,063 : state_square_error: 39.414 reward_error: 3.701
INFO : 2021-01-22 18:52:08,974 : state_square_error: 26.330 reward_error: 8.734
INFO : 2021-01-22 18:52:28,872 : state_square_error: 29.725 reward_error: 4.669
INFO : 2021-01-22 18:52:48,548 : episode: 99 score: 1157.5 100 games avg: 1157.5 steps 1000 
