INFO : 2021-01-22 12:45:08,180 : method: Model Predictive Contorol
INFO : 2021-01-22 12:45:08,181 : parameter n_steps: 100 ensemble_size: 5 env: HalfCheetah-v2
INFO : 2021-01-22 12:45:11,291 : mpc horizon: 10 mpc_samples: 100 elite_sample: 30 grad_steps: 10
INFO : 2021-01-22 12:45:11,292 : mpc_function policy
INFO : 2021-01-22 12:45:11,292 : policy
INFO : 2021-01-22 12:45:11,471 : state_square_error: 1.068 reward_error: 3.344
INFO : 2021-01-22 12:45:29,657 : state_square_error: 0.769 reward_error: 2.082
INFO : 2021-01-22 12:45:47,885 : state_square_error: 2.261 reward_error: 2.701
INFO : 2021-01-22 12:46:06,289 : state_square_error: 116.180 reward_error: 5.901
INFO : 2021-01-22 12:46:24,869 : state_square_error: 246.640 reward_error: 20.011
INFO : 2021-01-22 12:46:43,438 : state_square_error: 114.249 reward_error: 22.011
INFO : 2021-01-22 12:47:02,068 : state_square_error: 87.531 reward_error: 6.066
INFO : 2021-01-22 12:47:20,581 : state_square_error: 228.161 reward_error: 23.514
INFO : 2021-01-22 12:47:39,129 : state_square_error: 70.635 reward_error: 18.125
INFO : 2021-01-22 12:47:57,772 : state_square_error: 40.624 reward_error: 15.092
INFO : 2021-01-22 12:48:16,169 : episode: 0 score: -202.5 100 games avg: -202.5 steps 1000 
INFO : 2021-01-22 12:48:16,543 : state_square_error: 17.139 reward_error: 7.855
INFO : 2021-01-22 12:48:35,149 : state_square_error: 19.111 reward_error: 4.058
INFO : 2021-01-22 12:48:53,703 : state_square_error: 9.373 reward_error: 2.479
INFO : 2021-01-22 12:49:12,347 : state_square_error: 8.941 reward_error: 4.789
INFO : 2021-01-22 12:49:30,990 : state_square_error: 6.561 reward_error: 7.277
INFO : 2021-01-22 12:49:49,627 : state_square_error: 6.502 reward_error: 7.387
INFO : 2021-01-22 12:50:08,226 : state_square_error: 12.359 reward_error: 3.636
INFO : 2021-01-22 12:50:26,805 : state_square_error: 17.754 reward_error: 7.436
INFO : 2021-01-22 12:50:45,424 : state_square_error: 30.402 reward_error: 10.562
INFO : 2021-01-22 12:51:04,092 : state_square_error: 11.753 reward_error: 9.936
INFO : 2021-01-22 12:51:22,534 : episode: 1 score: -185.7 100 games avg: -185.7 steps 1000 
INFO : 2021-01-22 12:51:23,139 : state_square_error: 161.784 reward_error: 19.291
INFO : 2021-01-22 12:51:41,685 : state_square_error: 50.068 reward_error: 25.016
INFO : 2021-01-22 12:52:00,354 : state_square_error: 66.015 reward_error: 14.708
INFO : 2021-01-22 12:52:18,978 : state_square_error: 136.860 reward_error: 18.760
INFO : 2021-01-22 12:52:37,471 : state_square_error: 103.616 reward_error: 28.176
INFO : 2021-01-22 12:52:56,123 : state_square_error: 78.992 reward_error: 19.095
INFO : 2021-01-22 12:53:14,716 : state_square_error: 111.598 reward_error: 24.741
INFO : 2021-01-22 12:53:33,377 : state_square_error: 150.166 reward_error: 16.927
INFO : 2021-01-22 12:53:52,000 : state_square_error: 72.595 reward_error: 19.373
INFO : 2021-01-22 12:54:10,570 : state_square_error: 95.042 reward_error: 11.425
INFO : 2021-01-22 12:54:29,038 : episode: 2 score: -161.2 100 games avg: -161.2 steps 1000 
INFO : 2021-01-22 12:54:29,875 : state_square_error: 855.276 reward_error: 12.722
INFO : 2021-01-22 12:54:48,512 : state_square_error: 110.910 reward_error: 15.747
INFO : 2021-01-22 12:55:07,139 : state_square_error: 457.012 reward_error: 15.554
INFO : 2021-01-22 12:55:25,630 : state_square_error: 219.632 reward_error: 8.450
INFO : 2021-01-22 12:55:44,140 : state_square_error: 988.109 reward_error: 18.299
INFO : 2021-01-22 12:56:02,676 : state_square_error: 135.107 reward_error: 21.495
INFO : 2021-01-22 12:56:21,252 : state_square_error: 671.476 reward_error: 14.275
INFO : 2021-01-22 12:56:39,888 : state_square_error: 1036.894 reward_error: 18.394
INFO : 2021-01-22 12:56:58,466 : state_square_error: 147.224 reward_error: 27.363
INFO : 2021-01-22 12:57:17,129 : state_square_error: 223.640 reward_error: 15.888
INFO : 2021-01-22 12:57:35,525 : episode: 3 score: -247.9 100 games avg: -247.9 steps 1000 
INFO : 2021-01-22 12:57:36,718 : state_square_error: 99.839 reward_error: 7.281
INFO : 2021-01-22 12:57:55,305 : state_square_error: 95.052 reward_error: 13.878
INFO : 2021-01-22 12:58:13,956 : state_square_error: 220.580 reward_error: 14.248
INFO : 2021-01-22 12:58:32,617 : state_square_error: 632.993 reward_error: 18.107
INFO : 2021-01-22 12:58:51,235 : state_square_error: 29.041 reward_error: 18.863
INFO : 2021-01-22 12:59:09,869 : state_square_error: 136.091 reward_error: 16.567
INFO : 2021-01-22 12:59:28,473 : state_square_error: 149.223 reward_error: 24.558
INFO : 2021-01-22 12:59:47,047 : state_square_error: 146.463 reward_error: 18.188
INFO : 2021-01-22 13:00:05,720 : state_square_error: 236.564 reward_error: 19.392
INFO : 2021-01-22 13:00:24,318 : state_square_error: 188.245 reward_error: 13.276
INFO : 2021-01-22 13:00:42,669 : episode: 4 score: -86.3 100 games avg: -86.3 steps 1000 
INFO : 2021-01-22 13:00:44,033 : state_square_error: 13.611 reward_error: 8.569
INFO : 2021-01-22 13:01:02,631 : state_square_error: 43.020 reward_error: 8.476
INFO : 2021-01-22 13:01:21,252 : state_square_error: 7.878 reward_error: 8.302
INFO : 2021-01-22 13:01:39,896 : state_square_error: 71.155 reward_error: 6.414
INFO : 2021-01-22 13:01:58,590 : state_square_error: 191.767 reward_error: 6.521
INFO : 2021-01-22 13:02:17,265 : state_square_error: 75.662 reward_error: 11.759
INFO : 2021-01-22 13:02:35,857 : state_square_error: 115.496 reward_error: 7.453
INFO : 2021-01-22 13:02:54,486 : state_square_error: 43.163 reward_error: 10.343
INFO : 2021-01-22 13:03:13,150 : state_square_error: 70.743 reward_error: 8.629
INFO : 2021-01-22 13:03:31,807 : state_square_error: 119.672 reward_error: 4.017
INFO : 2021-01-22 13:03:50,291 : episode: 5 score: 8.4 100 games avg: 8.4 steps 1000 
INFO : 2021-01-22 13:03:51,944 : state_square_error: 42.798 reward_error: 2.151
INFO : 2021-01-22 13:04:10,701 : state_square_error: 59.097 reward_error: 7.337
INFO : 2021-01-22 13:04:29,323 : state_square_error: 50.032 reward_error: 13.837
INFO : 2021-01-22 13:04:47,873 : state_square_error: 38.556 reward_error: 10.883
INFO : 2021-01-22 13:05:06,536 : state_square_error: 225.672 reward_error: 11.538
INFO : 2021-01-22 13:05:25,148 : state_square_error: 35.995 reward_error: 3.727
INFO : 2021-01-22 13:05:43,759 : state_square_error: 23.667 reward_error: 7.830
INFO : 2021-01-22 13:06:02,376 : state_square_error: 82.628 reward_error: 9.051
INFO : 2021-01-22 13:06:20,973 : state_square_error: 24.151 reward_error: 8.405
INFO : 2021-01-22 13:06:39,588 : state_square_error: 9.086 reward_error: 11.188
INFO : 2021-01-22 13:06:58,021 : episode: 6 score: 76.0 100 games avg: 76.0 steps 1000 
INFO : 2021-01-22 13:06:59,992 : state_square_error: 48.150 reward_error: 5.505
INFO : 2021-01-22 13:07:18,651 : state_square_error: 7.563 reward_error: 5.559
INFO : 2021-01-22 13:07:37,334 : state_square_error: 8.872 reward_error: 5.107
INFO : 2021-01-22 13:07:55,926 : state_square_error: 65.908 reward_error: 0.964
INFO : 2021-01-22 13:08:14,573 : state_square_error: 40.595 reward_error: 8.166
INFO : 2021-01-22 13:08:33,084 : state_square_error: 114.223 reward_error: 10.422
INFO : 2021-01-22 13:08:51,679 : state_square_error: 62.665 reward_error: 6.338
INFO : 2021-01-22 13:09:10,314 : state_square_error: 95.804 reward_error: 6.130
INFO : 2021-01-22 13:09:28,964 : state_square_error: 20.350 reward_error: 12.662
INFO : 2021-01-22 13:09:47,635 : state_square_error: 58.671 reward_error: 5.256
INFO : 2021-01-22 13:10:06,037 : episode: 7 score: -32.5 100 games avg: -32.5 steps 1000 
INFO : 2021-01-22 13:10:08,192 : state_square_error: 9.630 reward_error: 4.306
INFO : 2021-01-22 13:10:26,758 : state_square_error: 55.053 reward_error: 2.836
INFO : 2021-01-22 13:10:45,350 : state_square_error: 17.805 reward_error: 6.497
INFO : 2021-01-22 13:11:03,996 : state_square_error: 26.984 reward_error: 6.047
INFO : 2021-01-22 13:11:22,636 : state_square_error: 33.993 reward_error: 3.834
INFO : 2021-01-22 13:11:41,327 : state_square_error: 25.427 reward_error: 5.033
INFO : 2021-01-22 13:11:59,890 : state_square_error: 42.528 reward_error: 7.887
INFO : 2021-01-22 13:12:18,566 : state_square_error: 8.555 reward_error: 9.494
INFO : 2021-01-22 13:12:37,157 : state_square_error: 39.353 reward_error: 5.719
INFO : 2021-01-22 13:12:55,785 : state_square_error: 37.877 reward_error: 5.521
INFO : 2021-01-22 13:13:14,253 : episode: 8 score: 112.1 100 games avg: 112.1 steps 1000 
INFO : 2021-01-22 13:13:16,725 : state_square_error: 48.591 reward_error: 4.907
INFO : 2021-01-22 13:13:35,383 : state_square_error: 26.549 reward_error: 3.903
INFO : 2021-01-22 13:13:53,992 : state_square_error: 37.445 reward_error: 1.627
INFO : 2021-01-22 13:14:12,635 : state_square_error: 21.915 reward_error: 3.705
INFO : 2021-01-22 13:14:31,286 : state_square_error: 16.012 reward_error: 4.211
INFO : 2021-01-22 13:14:49,902 : state_square_error: 58.372 reward_error: 6.904
INFO : 2021-01-22 13:15:08,641 : state_square_error: 24.703 reward_error: 9.142
INFO : 2021-01-22 13:15:27,222 : state_square_error: 21.415 reward_error: 3.565
INFO : 2021-01-22 13:15:45,775 : state_square_error: 35.485 reward_error: 6.100
INFO : 2021-01-22 13:16:04,460 : state_square_error: 45.749 reward_error: 5.403
INFO : 2021-01-22 13:16:22,899 : episode: 9 score: -130.0 100 games avg: -130.0 steps 1000 
INFO : 2021-01-22 13:16:25,597 : state_square_error: 11.182 reward_error: 5.029
INFO : 2021-01-22 13:16:44,256 : state_square_error: 30.482 reward_error: 6.524
INFO : 2021-01-22 13:17:02,929 : state_square_error: 20.631 reward_error: 6.359
INFO : 2021-01-22 13:17:21,458 : state_square_error: 24.567 reward_error: 7.186
INFO : 2021-01-22 13:17:39,975 : state_square_error: 34.052 reward_error: 8.614
INFO : 2021-01-22 13:17:58,691 : state_square_error: 7.979 reward_error: 2.000
INFO : 2021-01-22 13:18:17,334 : state_square_error: 32.245 reward_error: 3.819
INFO : 2021-01-22 13:18:35,920 : state_square_error: 41.682 reward_error: 7.514
INFO : 2021-01-22 13:18:54,506 : state_square_error: 8.351 reward_error: 2.773
INFO : 2021-01-22 13:19:13,150 : state_square_error: 17.593 reward_error: 4.685
INFO : 2021-01-22 13:19:31,615 : episode: 10 score: -231.0 100 games avg: -231.0 steps 1000 
INFO : 2021-01-22 13:19:34,524 : state_square_error: 36.020 reward_error: 6.360
INFO : 2021-01-22 13:19:53,176 : state_square_error: 9.374 reward_error: 2.352
INFO : 2021-01-22 13:20:11,789 : state_square_error: 10.465 reward_error: 5.009
INFO : 2021-01-22 13:20:30,382 : state_square_error: 43.969 reward_error: 4.171
INFO : 2021-01-22 13:20:49,032 : state_square_error: 37.749 reward_error: 5.100
INFO : 2021-01-22 13:21:07,699 : state_square_error: 125.670 reward_error: 4.302
INFO : 2021-01-22 13:21:26,320 : state_square_error: 66.549 reward_error: 8.961
INFO : 2021-01-22 13:21:44,889 : state_square_error: 40.458 reward_error: 1.863
INFO : 2021-01-22 13:22:03,546 : state_square_error: 26.905 reward_error: 6.361
INFO : 2021-01-22 13:22:22,189 : state_square_error: 45.791 reward_error: 5.621
INFO : 2021-01-22 13:22:40,586 : episode: 11 score: 294.8 100 games avg: 294.8 steps 1000 
INFO : 2021-01-22 13:22:43,826 : state_square_error: 15.063 reward_error: 3.152
INFO : 2021-01-22 13:23:02,501 : state_square_error: 27.230 reward_error: 3.196
INFO : 2021-01-22 13:23:21,124 : state_square_error: 110.696 reward_error: -2.246
INFO : 2021-01-22 13:23:39,771 : state_square_error: 121.775 reward_error: 6.213
INFO : 2021-01-22 13:23:58,435 : state_square_error: 57.928 reward_error: 5.689
INFO : 2021-01-22 13:24:17,110 : state_square_error: 9.800 reward_error: 7.008
INFO : 2021-01-22 13:24:35,645 : state_square_error: 33.917 reward_error: 5.487
INFO : 2021-01-22 13:24:54,199 : state_square_error: 41.250 reward_error: 5.654
INFO : 2021-01-22 13:25:12,827 : state_square_error: 33.371 reward_error: 10.248
INFO : 2021-01-22 13:25:31,515 : state_square_error: 35.738 reward_error: 9.992
INFO : 2021-01-22 13:25:50,005 : episode: 12 score: -126.1 100 games avg: -126.1 steps 1000 
INFO : 2021-01-22 13:25:53,561 : state_square_error: 14.250 reward_error: 6.944
INFO : 2021-01-22 13:26:12,195 : state_square_error: 16.416 reward_error: 7.361
INFO : 2021-01-22 13:26:30,796 : state_square_error: 8.275 reward_error: 5.778
INFO : 2021-01-22 13:26:49,423 : state_square_error: 73.797 reward_error: 12.952
INFO : 2021-01-22 13:27:07,998 : state_square_error: 42.892 reward_error: 3.570
INFO : 2021-01-22 13:27:26,681 : state_square_error: 13.764 reward_error: -0.065
INFO : 2021-01-22 13:27:45,222 : state_square_error: 59.564 reward_error: 7.155
INFO : 2021-01-22 13:28:03,902 : state_square_error: 58.364 reward_error: 10.203
INFO : 2021-01-22 13:28:22,428 : state_square_error: 24.104 reward_error: 3.369
INFO : 2021-01-22 13:28:41,065 : state_square_error: 54.110 reward_error: 5.330
INFO : 2021-01-22 13:28:59,477 : episode: 13 score: 43.4 100 games avg: 43.4 steps 1000 
INFO : 2021-01-22 13:29:03,189 : state_square_error: 97.207 reward_error: 9.996
INFO : 2021-01-22 13:29:21,777 : state_square_error: 31.404 reward_error: 4.966
INFO : 2021-01-22 13:29:40,460 : state_square_error: 46.244 reward_error: 7.456
INFO : 2021-01-22 13:29:58,967 : state_square_error: 9.690 reward_error: 4.188
INFO : 2021-01-22 13:30:17,479 : state_square_error: 47.861 reward_error: 3.957
INFO : 2021-01-22 13:30:36,060 : state_square_error: 67.078 reward_error: 2.554
INFO : 2021-01-22 13:30:54,616 : state_square_error: 8.939 reward_error: 10.996
INFO : 2021-01-22 13:31:13,251 : state_square_error: 24.369 reward_error: 6.858
INFO : 2021-01-22 13:31:31,906 : state_square_error: 21.227 reward_error: 5.082
INFO : 2021-01-22 13:31:50,567 : state_square_error: 18.655 reward_error: 9.809
INFO : 2021-01-22 13:32:08,979 : episode: 14 score: 279.0 100 games avg: 279.0 steps 1000 
INFO : 2021-01-22 13:32:13,117 : state_square_error: 12.302 reward_error: 2.923
INFO : 2021-01-22 13:32:31,722 : state_square_error: 34.763 reward_error: 12.292
INFO : 2021-01-22 13:32:50,331 : state_square_error: 34.753 reward_error: 4.324
INFO : 2021-01-22 13:33:09,081 : state_square_error: 31.138 reward_error: 0.757
INFO : 2021-01-22 13:33:27,620 : state_square_error: 32.658 reward_error: -0.065
INFO : 2021-01-22 13:33:46,255 : state_square_error: 20.556 reward_error: 4.767
INFO : 2021-01-22 13:34:04,837 : state_square_error: 57.679 reward_error: 6.912
INFO : 2021-01-22 13:34:23,452 : state_square_error: 9.937 reward_error: 4.489
INFO : 2021-01-22 13:34:42,061 : state_square_error: 54.916 reward_error: 1.442
INFO : 2021-01-22 13:35:00,693 : state_square_error: 89.248 reward_error: 5.434
INFO : 2021-01-22 13:35:19,058 : episode: 15 score: 337.1 100 games avg: 337.1 steps 1000 
INFO : 2021-01-22 13:35:23,301 : state_square_error: 81.356 reward_error: 9.887
INFO : 2021-01-22 13:35:41,923 : state_square_error: 41.977 reward_error: 5.534
INFO : 2021-01-22 13:36:00,497 : state_square_error: 17.818 reward_error: 7.640
INFO : 2021-01-22 13:36:19,168 : state_square_error: 48.876 reward_error: 6.664
INFO : 2021-01-22 13:36:37,809 : state_square_error: 168.573 reward_error: 9.276
INFO : 2021-01-22 13:36:56,438 : state_square_error: 39.694 reward_error: 1.196
INFO : 2021-01-22 13:37:15,067 : state_square_error: 37.596 reward_error: 8.107
INFO : 2021-01-22 13:37:33,715 : state_square_error: 25.982 reward_error: 5.493
INFO : 2021-01-22 13:37:52,317 : state_square_error: 37.132 reward_error: 7.493
INFO : 2021-01-22 13:38:10,872 : state_square_error: 24.749 reward_error: 8.387
INFO : 2021-01-22 13:38:29,300 : episode: 16 score: -57.5 100 games avg: -57.5 steps 1000 
INFO : 2021-01-22 13:38:33,893 : state_square_error: 20.066 reward_error: 10.511
INFO : 2021-01-22 13:38:52,530 : state_square_error: 10.534 reward_error: 8.303
INFO : 2021-01-22 13:39:11,116 : state_square_error: 24.044 reward_error: 3.473
INFO : 2021-01-22 13:39:29,789 : state_square_error: 10.883 reward_error: 4.296
INFO : 2021-01-22 13:39:48,482 : state_square_error: 28.139 reward_error: 6.013
INFO : 2021-01-22 13:40:07,091 : state_square_error: 24.511 reward_error: 6.991
INFO : 2021-01-22 13:40:25,704 : state_square_error: 80.025 reward_error: 7.571
INFO : 2021-01-22 13:40:44,359 : state_square_error: 53.671 reward_error: 3.193
INFO : 2021-01-22 13:41:02,992 : state_square_error: 70.253 reward_error: 6.935
INFO : 2021-01-22 13:41:21,556 : state_square_error: 14.007 reward_error: 7.989
INFO : 2021-01-22 13:41:39,932 : episode: 17 score: 482.7 100 games avg: 482.7 steps 1000 
INFO : 2021-01-22 13:41:44,922 : state_square_error: 70.280 reward_error: 7.981
INFO : 2021-01-22 13:42:03,520 : state_square_error: 39.645 reward_error: 8.555
INFO : 2021-01-22 13:42:22,213 : state_square_error: 48.054 reward_error: 9.112
INFO : 2021-01-22 13:42:40,832 : state_square_error: 82.482 reward_error: 9.904
INFO : 2021-01-22 13:42:59,421 : state_square_error: 35.646 reward_error: 5.392
INFO : 2021-01-22 13:43:17,966 : state_square_error: 60.575 reward_error: 9.199
INFO : 2021-01-22 13:43:36,647 : state_square_error: 41.861 reward_error: 5.639
INFO : 2021-01-22 13:43:55,212 : state_square_error: 31.376 reward_error: 6.933
INFO : 2021-01-22 13:44:13,799 : state_square_error: 23.334 reward_error: 8.470
INFO : 2021-01-22 13:44:32,465 : state_square_error: 65.845 reward_error: 10.798
INFO : 2021-01-22 13:44:50,983 : episode: 18 score: 290.2 100 games avg: 290.2 steps 1000 
INFO : 2021-01-22 13:44:56,189 : state_square_error: 18.915 reward_error: 5.561
INFO : 2021-01-22 13:45:14,784 : state_square_error: 59.857 reward_error: 7.784
INFO : 2021-01-22 13:45:33,384 : state_square_error: 18.227 reward_error: 3.598
INFO : 2021-01-22 13:45:52,029 : state_square_error: 43.684 reward_error: 0.332
INFO : 2021-01-22 13:46:10,683 : state_square_error: 41.611 reward_error: 4.917
INFO : 2021-01-22 13:46:29,277 : state_square_error: 27.573 reward_error: 4.593
INFO : 2021-01-22 13:46:47,894 : state_square_error: 40.126 reward_error: 7.553
INFO : 2021-01-22 13:47:06,564 : state_square_error: 12.520 reward_error: 9.148
INFO : 2021-01-22 13:47:25,165 : state_square_error: 20.948 reward_error: 8.032
INFO : 2021-01-22 13:47:43,751 : state_square_error: 19.983 reward_error: 7.762
INFO : 2021-01-22 13:48:02,247 : episode: 19 score: 146.9 100 games avg: 146.9 steps 1000 
INFO : 2021-01-22 13:48:07,562 : state_square_error: 42.658 reward_error: 5.732
INFO : 2021-01-22 13:48:26,255 : state_square_error: 80.257 reward_error: 3.685
INFO : 2021-01-22 13:48:44,824 : state_square_error: 125.385 reward_error: 8.612
INFO : 2021-01-22 13:49:03,542 : state_square_error: 4.508 reward_error: 2.342
INFO : 2021-01-22 13:49:22,145 : state_square_error: 22.591 reward_error: -1.997
INFO : 2021-01-22 13:49:40,740 : state_square_error: 20.812 reward_error: 6.956
INFO : 2021-01-22 13:49:59,403 : state_square_error: 11.227 reward_error: 3.702
INFO : 2021-01-22 13:50:17,880 : state_square_error: 18.764 reward_error: 2.636
INFO : 2021-01-22 13:50:36,534 : state_square_error: 45.182 reward_error: 6.203
INFO : 2021-01-22 13:50:55,252 : state_square_error: 47.764 reward_error: 5.224
INFO : 2021-01-22 13:51:13,742 : episode: 20 score: 803.1 100 games avg: 803.1 steps 1000 
INFO : 2021-01-22 13:51:19,487 : state_square_error: 40.338 reward_error: 13.013
INFO : 2021-01-22 13:51:38,010 : state_square_error: 26.187 reward_error: 6.001
INFO : 2021-01-22 13:51:56,663 : state_square_error: 42.357 reward_error: 8.565
INFO : 2021-01-22 13:52:15,179 : state_square_error: 35.285 reward_error: 7.239
INFO : 2021-01-22 13:52:33,789 : state_square_error: 98.389 reward_error: 11.242
INFO : 2021-01-22 13:52:52,382 : state_square_error: 75.705 reward_error: 8.649
INFO : 2021-01-22 13:53:10,873 : state_square_error: 31.750 reward_error: 9.422
INFO : 2021-01-22 13:53:29,544 : state_square_error: 39.565 reward_error: 8.715
INFO : 2021-01-22 13:53:48,079 : state_square_error: 64.248 reward_error: 8.211
INFO : 2021-01-22 13:54:06,720 : state_square_error: 32.339 reward_error: 4.547
INFO : 2021-01-22 13:54:25,150 : episode: 21 score: 928.9 100 games avg: 928.9 steps 1000 
INFO : 2021-01-22 13:54:31,029 : state_square_error: 13.838 reward_error: 3.080
INFO : 2021-01-22 13:54:49,600 : state_square_error: 7.275 reward_error: 15.784
INFO : 2021-01-22 13:55:08,175 : state_square_error: 20.898 reward_error: 8.676
INFO : 2021-01-22 13:55:26,818 : state_square_error: 36.006 reward_error: 1.654
INFO : 2021-01-22 13:55:45,417 : state_square_error: 34.844 reward_error: 3.173
INFO : 2021-01-22 13:56:04,078 : state_square_error: 19.017 reward_error: 3.154
INFO : 2021-01-22 13:56:22,677 : state_square_error: 67.093 reward_error: 12.494
INFO : 2021-01-22 13:56:41,255 : state_square_error: 22.107 reward_error: 6.717
INFO : 2021-01-22 13:56:59,923 : state_square_error: 45.571 reward_error: 5.070
INFO : 2021-01-22 13:57:18,545 : state_square_error: 22.794 reward_error: 3.517
INFO : 2021-01-22 13:57:36,951 : episode: 22 score: 206.0 100 games avg: 206.0 steps 1000 
INFO : 2021-01-22 13:57:43,128 : state_square_error: 30.081 reward_error: 5.558
INFO : 2021-01-22 13:58:01,692 : state_square_error: 8.586 reward_error: 5.696
INFO : 2021-01-22 13:58:20,280 : state_square_error: 17.422 reward_error: 9.625
INFO : 2021-01-22 13:58:38,880 : state_square_error: 123.390 reward_error: 7.778
INFO : 2021-01-22 13:58:57,524 : state_square_error: 40.956 reward_error: 4.341
INFO : 2021-01-22 13:59:16,102 : state_square_error: 20.795 reward_error: 6.571
INFO : 2021-01-22 13:59:34,742 : state_square_error: 30.874 reward_error: 2.205
INFO : 2021-01-22 13:59:53,355 : state_square_error: 25.565 reward_error: 3.664
INFO : 2021-01-22 14:00:12,043 : state_square_error: 10.236 reward_error: 8.079
INFO : 2021-01-22 14:00:30,656 : state_square_error: 12.713 reward_error: 2.593
INFO : 2021-01-22 14:00:49,117 : episode: 23 score: 225.5 100 games avg: 225.5 steps 1000 
INFO : 2021-01-22 14:00:55,376 : state_square_error: 36.026 reward_error: 6.272
INFO : 2021-01-22 14:01:13,928 : state_square_error: 41.034 reward_error: 15.247
INFO : 2021-01-22 14:01:32,669 : state_square_error: 56.100 reward_error: 7.596
INFO : 2021-01-22 14:01:51,243 : state_square_error: 182.886 reward_error: 9.355
INFO : 2021-01-22 14:02:09,885 : state_square_error: 14.631 reward_error: 3.926
INFO : 2021-01-22 14:02:28,420 : state_square_error: 199.100 reward_error: 7.498
INFO : 2021-01-22 14:02:46,953 : state_square_error: 49.680 reward_error: 2.855
INFO : 2021-01-22 14:03:05,543 : state_square_error: 23.681 reward_error: 4.773
INFO : 2021-01-22 14:03:24,196 : state_square_error: 27.402 reward_error: 9.730
INFO : 2021-01-22 14:03:42,778 : state_square_error: 120.575 reward_error: 6.616
INFO : 2021-01-22 14:04:01,226 : episode: 24 score: 1171.4 100 games avg: 1171.4 steps 1000 
INFO : 2021-01-22 14:04:07,838 : state_square_error: 72.494 reward_error: 5.332
INFO : 2021-01-22 14:04:26,494 : state_square_error: 31.426 reward_error: 8.214
INFO : 2021-01-22 14:04:45,097 : state_square_error: 89.183 reward_error: 6.890
INFO : 2021-01-22 14:05:03,703 : state_square_error: 12.875 reward_error: -0.704
INFO : 2021-01-22 14:05:22,253 : state_square_error: 54.718 reward_error: 5.306
INFO : 2021-01-22 14:05:40,836 : state_square_error: 18.978 reward_error: 2.729
INFO : 2021-01-22 14:05:59,401 : state_square_error: 58.336 reward_error: 3.271
INFO : 2021-01-22 14:06:18,091 : state_square_error: 29.024 reward_error: 2.199
INFO : 2021-01-22 14:06:36,702 : state_square_error: 56.924 reward_error: 5.000
INFO : 2021-01-22 14:06:55,291 : state_square_error: 20.054 reward_error: 13.087
INFO : 2021-01-22 14:07:13,739 : episode: 25 score: 137.7 100 games avg: 137.7 steps 1000 
INFO : 2021-01-22 14:07:20,769 : state_square_error: 67.637 reward_error: 7.549
INFO : 2021-01-22 14:07:39,387 : state_square_error: 52.075 reward_error: 7.654
INFO : 2021-01-22 14:07:57,924 : state_square_error: 129.829 reward_error: 11.302
INFO : 2021-01-22 14:08:16,522 : state_square_error: 34.676 reward_error: 7.726
INFO : 2021-01-22 14:08:35,045 : state_square_error: 98.773 reward_error: 19.166
INFO : 2021-01-22 14:08:53,657 : state_square_error: 14.312 reward_error: 12.907
INFO : 2021-01-22 14:09:12,335 : state_square_error: 37.251 reward_error: 11.557
INFO : 2021-01-22 14:09:30,965 : state_square_error: 36.466 reward_error: 3.468
INFO : 2021-01-22 14:09:49,519 : state_square_error: 32.067 reward_error: 7.645
INFO : 2021-01-22 14:10:08,147 : state_square_error: 30.942 reward_error: 8.723
INFO : 2021-01-22 14:10:26,633 : episode: 26 score: 1193.1 100 games avg: 1193.1 steps 1000 
INFO : 2021-01-22 14:10:33,955 : state_square_error: 94.724 reward_error: 9.609
INFO : 2021-01-22 14:10:52,594 : state_square_error: 55.506 reward_error: 20.213
INFO : 2021-01-22 14:11:11,187 : state_square_error: 45.501 reward_error: 8.051
INFO : 2021-01-22 14:11:29,809 : state_square_error: 97.929 reward_error: 8.501
INFO : 2021-01-22 14:11:48,324 : state_square_error: 19.360 reward_error: 11.164
INFO : 2021-01-22 14:12:06,906 : state_square_error: 32.182 reward_error: 5.863
INFO : 2021-01-22 14:12:25,554 : state_square_error: 36.625 reward_error: 13.043
INFO : 2021-01-22 14:12:44,125 : state_square_error: 43.237 reward_error: 7.714
INFO : 2021-01-22 14:13:02,716 : state_square_error: 103.314 reward_error: 15.050
INFO : 2021-01-22 14:13:21,364 : state_square_error: 62.507 reward_error: 8.409
INFO : 2021-01-22 14:13:39,716 : episode: 27 score: 1229.8 100 games avg: 1229.8 steps 1000 
INFO : 2021-01-22 14:13:47,237 : state_square_error: 115.893 reward_error: 9.107
INFO : 2021-01-22 14:14:05,926 : state_square_error: 107.329 reward_error: 9.019
INFO : 2021-01-22 14:14:24,600 : state_square_error: 21.536 reward_error: 11.014
INFO : 2021-01-22 14:14:43,208 : state_square_error: 25.979 reward_error: 8.783
INFO : 2021-01-22 14:15:01,898 : state_square_error: 13.571 reward_error: 8.561
INFO : 2021-01-22 14:15:20,480 : state_square_error: 31.854 reward_error: 15.625
INFO : 2021-01-22 14:15:39,098 : state_square_error: 34.449 reward_error: 10.192
INFO : 2021-01-22 14:15:57,715 : state_square_error: 48.003 reward_error: 7.401
INFO : 2021-01-22 14:16:16,315 : state_square_error: 54.167 reward_error: 5.271
INFO : 2021-01-22 14:16:34,912 : state_square_error: 44.079 reward_error: 7.878
INFO : 2021-01-22 14:16:53,361 : episode: 28 score: 1276.9 100 games avg: 1276.9 steps 1000 
INFO : 2021-01-22 14:17:01,233 : state_square_error: 60.439 reward_error: 1.674
INFO : 2021-01-22 14:17:19,928 : state_square_error: 164.308 reward_error: 11.222
INFO : 2021-01-22 14:17:38,556 : state_square_error: 123.830 reward_error: 7.913
INFO : 2021-01-22 14:17:57,135 : state_square_error: 55.277 reward_error: 6.934
INFO : 2021-01-22 14:18:15,790 : state_square_error: 28.825 reward_error: 3.835
INFO : 2021-01-22 14:18:34,398 : state_square_error: 30.975 reward_error: 7.989
INFO : 2021-01-22 14:18:52,962 : state_square_error: 9.090 reward_error: 5.842
INFO : 2021-01-22 14:19:11,564 : state_square_error: 13.340 reward_error: 6.538
INFO : 2021-01-22 14:19:30,208 : state_square_error: 22.163 reward_error: 6.253
INFO : 2021-01-22 14:19:48,779 : state_square_error: 49.706 reward_error: 3.850
INFO : 2021-01-22 14:20:07,213 : episode: 29 score: 174.4 100 games avg: 174.4 steps 1000 
INFO : 2021-01-22 14:20:15,281 : state_square_error: 59.516 reward_error: 5.984
INFO : 2021-01-22 14:20:33,883 : state_square_error: 59.145 reward_error: 7.351
INFO : 2021-01-22 14:20:52,441 : state_square_error: 58.417 reward_error: 9.200
INFO : 2021-01-22 14:21:10,962 : state_square_error: 90.458 reward_error: 8.317
INFO : 2021-01-22 14:21:29,665 : state_square_error: 28.079 reward_error: 5.629
INFO : 2021-01-22 14:21:48,258 : state_square_error: 179.427 reward_error: 5.757
INFO : 2021-01-22 14:22:06,870 : state_square_error: 22.222 reward_error: 2.922
INFO : 2021-01-22 14:22:25,445 : state_square_error: 19.320 reward_error: 10.807
INFO : 2021-01-22 14:22:44,077 : state_square_error: 87.063 reward_error: 8.671
INFO : 2021-01-22 14:23:02,635 : state_square_error: 16.424 reward_error: 3.071
INFO : 2021-01-22 14:23:22,176 : episode: 30 score: 1254.3 100 games avg: 1254.3 steps 1000 
INFO : 2021-01-22 14:23:30,561 : state_square_error: 44.829 reward_error: 13.518
INFO : 2021-01-22 14:23:49,233 : state_square_error: 34.351 reward_error: 5.519
INFO : 2021-01-22 14:24:07,893 : state_square_error: 49.249 reward_error: 12.887
INFO : 2021-01-22 14:24:26,457 : state_square_error: 34.713 reward_error: 10.458
INFO : 2021-01-22 14:24:45,059 : state_square_error: 63.201 reward_error: 5.533
INFO : 2021-01-22 14:25:03,646 : state_square_error: 51.606 reward_error: 5.721
INFO : 2021-01-22 14:25:22,354 : state_square_error: 15.944 reward_error: 7.601
INFO : 2021-01-22 14:25:40,988 : state_square_error: 43.553 reward_error: 4.611
INFO : 2021-01-22 14:25:59,651 : state_square_error: 17.771 reward_error: 7.903
INFO : 2021-01-22 14:26:18,304 : state_square_error: 55.307 reward_error: 9.247
INFO : 2021-01-22 14:26:36,755 : episode: 31 score: 392.5 100 games avg: 392.5 steps 1000 
INFO : 2021-01-22 14:26:45,442 : state_square_error: 9.035 reward_error: 3.749
INFO : 2021-01-22 14:27:04,077 : state_square_error: 105.849 reward_error: 13.733
INFO : 2021-01-22 14:27:22,858 : state_square_error: 29.811 reward_error: 8.657
INFO : 2021-01-22 14:27:41,544 : state_square_error: 61.026 reward_error: 6.666
INFO : 2021-01-22 14:28:00,189 : state_square_error: 23.361 reward_error: 7.889
INFO : 2021-01-22 14:28:18,839 : state_square_error: 25.761 reward_error: 7.448
INFO : 2021-01-22 14:28:37,384 : state_square_error: 17.350 reward_error: 2.390
INFO : 2021-01-22 14:28:56,021 : state_square_error: 41.300 reward_error: 5.341
INFO : 2021-01-22 14:29:14,664 : state_square_error: 39.522 reward_error: 7.123
INFO : 2021-01-22 14:29:33,315 : state_square_error: 18.252 reward_error: 3.043
INFO : 2021-01-22 14:29:51,783 : episode: 32 score: 232.3 100 games avg: 232.3 steps 1000 
INFO : 2021-01-22 14:30:00,664 : state_square_error: 28.241 reward_error: 6.046
INFO : 2021-01-22 14:30:19,293 : state_square_error: 23.292 reward_error: 5.558
INFO : 2021-01-22 14:30:37,911 : state_square_error: 49.024 reward_error: 14.622
INFO : 2021-01-22 14:30:56,518 : state_square_error: 29.304 reward_error: 1.988
INFO : 2021-01-22 14:31:15,151 : state_square_error: 36.181 reward_error: 8.659
INFO : 2021-01-22 14:31:33,732 : state_square_error: 25.387 reward_error: 3.467
INFO : 2021-01-22 14:31:52,452 : state_square_error: 49.381 reward_error: 4.024
INFO : 2021-01-22 14:32:11,045 : state_square_error: 75.343 reward_error: 6.350
INFO : 2021-01-22 14:32:29,570 : state_square_error: 85.140 reward_error: 8.669
INFO : 2021-01-22 14:32:48,217 : state_square_error: 25.765 reward_error: 0.927
INFO : 2021-01-22 14:33:06,654 : episode: 33 score: 1118.8 100 games avg: 1118.8 steps 1000 
INFO : 2021-01-22 14:33:15,804 : state_square_error: 67.214 reward_error: 9.723
INFO : 2021-01-22 14:33:34,448 : state_square_error: 51.421 reward_error: 7.707
INFO : 2021-01-22 14:33:53,011 : state_square_error: 7.392 reward_error: 6.216
INFO : 2021-01-22 14:34:11,605 : state_square_error: 13.525 reward_error: 10.934
INFO : 2021-01-22 14:34:30,131 : state_square_error: 34.930 reward_error: 5.253
INFO : 2021-01-22 14:34:48,748 : state_square_error: 67.932 reward_error: 5.130
INFO : 2021-01-22 14:35:07,237 : state_square_error: 76.029 reward_error: 5.264
INFO : 2021-01-22 14:35:25,816 : state_square_error: 65.988 reward_error: 6.642
INFO : 2021-01-22 14:35:44,439 : state_square_error: 59.958 reward_error: 12.596
INFO : 2021-01-22 14:36:03,065 : state_square_error: 12.288 reward_error: 6.838
INFO : 2021-01-22 14:36:21,505 : episode: 34 score: 804.7 100 games avg: 804.7 steps 1000 
INFO : 2021-01-22 14:36:31,019 : state_square_error: 166.696 reward_error: 10.003
INFO : 2021-01-22 14:36:49,557 : state_square_error: 43.567 reward_error: 8.946
INFO : 2021-01-22 14:37:08,176 : state_square_error: 119.253 reward_error: 14.162
INFO : 2021-01-22 14:37:26,739 : state_square_error: 67.033 reward_error: 8.424
INFO : 2021-01-22 14:37:45,358 : state_square_error: 69.690 reward_error: 0.209
INFO : 2021-01-22 14:38:03,918 : state_square_error: 55.027 reward_error: 9.555
INFO : 2021-01-22 14:38:22,478 : state_square_error: 33.595 reward_error: 7.985
INFO : 2021-01-22 14:38:41,099 : state_square_error: 36.250 reward_error: 7.305
INFO : 2021-01-22 14:38:59,772 : state_square_error: 33.283 reward_error: 6.170
INFO : 2021-01-22 14:39:18,408 : state_square_error: 11.301 reward_error: 10.911
INFO : 2021-01-22 14:39:36,881 : episode: 35 score: 454.8 100 games avg: 454.8 steps 1000 
INFO : 2021-01-22 14:39:46,556 : state_square_error: 14.568 reward_error: 3.240
INFO : 2021-01-22 14:40:05,189 : state_square_error: 88.166 reward_error: 4.039
INFO : 2021-01-22 14:40:23,873 : state_square_error: 84.528 reward_error: 11.643
INFO : 2021-01-22 14:40:42,501 : state_square_error: 57.375 reward_error: 4.231
INFO : 2021-01-22 14:41:01,189 : state_square_error: 115.666 reward_error: 7.197
INFO : 2021-01-22 14:41:19,806 : state_square_error: 34.399 reward_error: 11.162
INFO : 2021-01-22 14:41:38,420 : state_square_error: 102.367 reward_error: 10.808
INFO : 2021-01-22 14:41:57,002 : state_square_error: 27.553 reward_error: 6.965
INFO : 2021-01-22 14:42:15,572 : state_square_error: 44.019 reward_error: 9.016
INFO : 2021-01-22 14:42:34,205 : state_square_error: 32.838 reward_error: 6.595
INFO : 2021-01-22 14:42:55,355 : episode: 36 score: 1207.0 100 games avg: 1207.0 steps 1000 
INFO : 2021-01-22 14:43:05,441 : state_square_error: 43.147 reward_error: 5.720
INFO : 2021-01-22 14:43:24,216 : state_square_error: 18.760 reward_error: 4.670
INFO : 2021-01-22 14:43:42,768 : state_square_error: 58.113 reward_error: 12.111
INFO : 2021-01-22 14:44:01,406 : state_square_error: 157.297 reward_error: 6.312
INFO : 2021-01-22 14:44:20,099 : state_square_error: 212.658 reward_error: 3.440
INFO : 2021-01-22 14:44:38,690 : state_square_error: 41.673 reward_error: 5.465
INFO : 2021-01-22 14:44:57,312 : state_square_error: 72.739 reward_error: 11.222
INFO : 2021-01-22 14:45:15,984 : state_square_error: 38.306 reward_error: 4.844
INFO : 2021-01-22 14:45:34,641 : state_square_error: 27.057 reward_error: 5.223
INFO : 2021-01-22 14:45:53,266 : state_square_error: 52.788 reward_error: 7.598
INFO : 2021-01-22 14:46:11,731 : episode: 37 score: 1573.9 100 games avg: 1573.9 steps 1000 
INFO : 2021-01-22 14:46:21,988 : state_square_error: 51.402 reward_error: 1.954
INFO : 2021-01-22 14:46:40,734 : state_square_error: 89.244 reward_error: 10.902
INFO : 2021-01-22 14:46:59,256 : state_square_error: 48.223 reward_error: 16.051
INFO : 2021-01-22 14:47:17,877 : state_square_error: 58.163 reward_error: 13.155
INFO : 2021-01-22 14:47:36,483 : state_square_error: 20.229 reward_error: 3.358
INFO : 2021-01-22 14:47:55,059 : state_square_error: 84.616 reward_error: 11.731
INFO : 2021-01-22 14:48:13,706 : state_square_error: 26.956 reward_error: 8.279
INFO : 2021-01-22 14:48:32,250 : state_square_error: 7.872 reward_error: 6.741
INFO : 2021-01-22 14:48:50,912 : state_square_error: 138.219 reward_error: 7.910
INFO : 2021-01-22 14:49:09,487 : state_square_error: 43.583 reward_error: 3.110
INFO : 2021-01-22 14:49:27,863 : episode: 38 score: 1516.0 100 games avg: 1516.0 steps 1000 
INFO : 2021-01-22 14:49:38,470 : state_square_error: 30.489 reward_error: 5.089
INFO : 2021-01-22 14:49:57,057 : state_square_error: 139.629 reward_error: 11.052
INFO : 2021-01-22 14:50:15,703 : state_square_error: 124.987 reward_error: 3.257
INFO : 2021-01-22 14:50:34,267 : state_square_error: 187.871 reward_error: 7.559
INFO : 2021-01-22 14:50:52,894 : state_square_error: 33.385 reward_error: 4.671
INFO : 2021-01-22 14:51:11,592 : state_square_error: 68.145 reward_error: 13.817
INFO : 2021-01-22 14:51:30,188 : state_square_error: 144.666 reward_error: 7.807
INFO : 2021-01-22 14:51:48,808 : state_square_error: 37.418 reward_error: 8.186
INFO : 2021-01-22 14:52:07,378 : state_square_error: 35.118 reward_error: 3.107
INFO : 2021-01-22 14:52:25,979 : state_square_error: 50.764 reward_error: 12.805
INFO : 2021-01-22 14:52:44,379 : episode: 39 score: 1507.9 100 games avg: 1507.9 steps 1000 
INFO : 2021-01-22 14:52:55,079 : state_square_error: 113.548 reward_error: 3.304
INFO : 2021-01-22 14:53:13,666 : state_square_error: 19.155 reward_error: 8.372
INFO : 2021-01-22 14:53:32,199 : state_square_error: 134.822 reward_error: 10.732
INFO : 2021-01-22 14:53:50,750 : state_square_error: 50.491 reward_error: 11.359
INFO : 2021-01-22 14:54:09,393 : state_square_error: 68.701 reward_error: 10.820
INFO : 2021-01-22 14:54:28,059 : state_square_error: 40.356 reward_error: 6.249
INFO : 2021-01-22 14:54:46,752 : state_square_error: 69.557 reward_error: 9.833
INFO : 2021-01-22 14:55:05,371 : state_square_error: 49.600 reward_error: 5.942
INFO : 2021-01-22 14:55:23,987 : state_square_error: 9.189 reward_error: 10.158
INFO : 2021-01-22 14:55:42,572 : state_square_error: 34.834 reward_error: 3.893
INFO : 2021-01-22 14:56:01,024 : episode: 40 score: 662.3 100 games avg: 662.3 steps 1000 
INFO : 2021-01-22 14:56:12,020 : state_square_error: 34.518 reward_error: 6.461
INFO : 2021-01-22 14:56:30,667 : state_square_error: 32.370 reward_error: 3.612
INFO : 2021-01-22 14:56:49,291 : state_square_error: 65.951 reward_error: 10.619
INFO : 2021-01-22 14:57:07,926 : state_square_error: 21.110 reward_error: 5.219
INFO : 2021-01-22 14:57:26,628 : state_square_error: 22.197 reward_error: 12.806
INFO : 2021-01-22 14:57:45,360 : state_square_error: 26.556 reward_error: 4.904
INFO : 2021-01-22 14:58:04,009 : state_square_error: 13.142 reward_error: 5.015
INFO : 2021-01-22 14:58:22,603 : state_square_error: 12.661 reward_error: 12.349
INFO : 2021-01-22 14:58:41,248 : state_square_error: 58.921 reward_error: 2.915
INFO : 2021-01-22 14:58:59,834 : state_square_error: 8.154 reward_error: 2.290
INFO : 2021-01-22 14:59:18,254 : episode: 41 score: 989.0 100 games avg: 989.0 steps 1000 
INFO : 2021-01-22 14:59:29,644 : state_square_error: 18.993 reward_error: 12.385
INFO : 2021-01-22 14:59:48,259 : state_square_error: 99.622 reward_error: 7.738
INFO : 2021-01-22 15:00:06,929 : state_square_error: 104.771 reward_error: 10.001
INFO : 2021-01-22 15:00:25,517 : state_square_error: 22.673 reward_error: 7.376
INFO : 2021-01-22 15:00:44,182 : state_square_error: 225.279 reward_error: 4.000
INFO : 2021-01-22 15:01:02,760 : state_square_error: 81.939 reward_error: 4.592
INFO : 2021-01-22 15:01:21,378 : state_square_error: 112.624 reward_error: 8.441
INFO : 2021-01-22 15:01:40,021 : state_square_error: 77.764 reward_error: 8.865
INFO : 2021-01-22 15:01:58,699 : state_square_error: 3.031 reward_error: 9.536
INFO : 2021-01-22 15:02:17,351 : state_square_error: 34.654 reward_error: 8.210
INFO : 2021-01-22 15:02:35,795 : episode: 42 score: 1691.4 100 games avg: 1691.4 steps 1000 
INFO : 2021-01-22 15:02:47,319 : state_square_error: 52.018 reward_error: 4.195
INFO : 2021-01-22 15:03:05,919 : state_square_error: 42.116 reward_error: 5.337
INFO : 2021-01-22 15:03:24,564 : state_square_error: 114.237 reward_error: 16.659
INFO : 2021-01-22 15:03:43,119 : state_square_error: 109.188 reward_error: 13.122
INFO : 2021-01-22 15:04:01,728 : state_square_error: 51.275 reward_error: 2.479
INFO : 2021-01-22 15:04:20,309 : state_square_error: 205.011 reward_error: 15.015
INFO : 2021-01-22 15:04:38,904 : state_square_error: 86.069 reward_error: 12.790
INFO : 2021-01-22 15:04:57,492 : state_square_error: 35.224 reward_error: 10.655
INFO : 2021-01-22 15:05:16,140 : state_square_error: 46.104 reward_error: 8.585
INFO : 2021-01-22 15:05:34,742 : state_square_error: 25.675 reward_error: 4.856
INFO : 2021-01-22 15:05:53,133 : episode: 43 score: 1696.8 100 games avg: 1696.8 steps 1000 
INFO : 2021-01-22 15:06:05,020 : state_square_error: 17.543 reward_error: 8.978
INFO : 2021-01-22 15:06:23,591 : state_square_error: 89.453 reward_error: 10.807
INFO : 2021-01-22 15:06:42,171 : state_square_error: 136.267 reward_error: 16.698
INFO : 2021-01-22 15:07:00,753 : state_square_error: 22.188 reward_error: 4.533
INFO : 2021-01-22 15:07:19,358 : state_square_error: 39.154 reward_error: 4.143
INFO : 2021-01-22 15:07:37,992 : state_square_error: 43.111 reward_error: 6.393
INFO : 2021-01-22 15:07:56,641 : state_square_error: 11.363 reward_error: 8.109
INFO : 2021-01-22 15:08:15,306 : state_square_error: 23.723 reward_error: 6.497
INFO : 2021-01-22 15:08:33,880 : state_square_error: 184.600 reward_error: 6.647
INFO : 2021-01-22 15:08:52,494 : state_square_error: 141.912 reward_error: 4.398
INFO : 2021-01-22 15:09:10,954 : episode: 44 score: 1915.6 100 games avg: 1915.6 steps 1000 
INFO : 2021-01-22 15:09:23,080 : state_square_error: 24.696 reward_error: 8.052
INFO : 2021-01-22 15:09:41,622 : state_square_error: 122.090 reward_error: 10.226
INFO : 2021-01-22 15:10:00,244 : state_square_error: 67.761 reward_error: 11.168
INFO : 2021-01-22 15:10:18,934 : state_square_error: 59.917 reward_error: 4.864
INFO : 2021-01-22 15:10:37,508 : state_square_error: 66.279 reward_error: 16.551
INFO : 2021-01-22 15:10:56,079 : state_square_error: 85.582 reward_error: 7.623
INFO : 2021-01-22 15:11:14,647 : state_square_error: 46.500 reward_error: 3.493
INFO : 2021-01-22 15:11:33,275 : state_square_error: 27.147 reward_error: 6.465
INFO : 2021-01-22 15:11:51,982 : state_square_error: 22.768 reward_error: 13.494
INFO : 2021-01-22 15:12:10,645 : state_square_error: 88.475 reward_error: 11.472
INFO : 2021-01-22 15:12:29,057 : episode: 45 score: 1726.7 100 games avg: 1726.7 steps 1000 
INFO : 2021-01-22 15:12:41,465 : state_square_error: 63.304 reward_error: 6.252
INFO : 2021-01-22 15:13:00,088 : state_square_error: 42.306 reward_error: 5.323
INFO : 2021-01-22 15:13:18,645 : state_square_error: 21.122 reward_error: 6.503
INFO : 2021-01-22 15:13:37,373 : state_square_error: 56.062 reward_error: 4.826
INFO : 2021-01-22 15:13:55,895 : state_square_error: 97.173 reward_error: 9.406
INFO : 2021-01-22 15:14:14,430 : state_square_error: 42.077 reward_error: 6.486
INFO : 2021-01-22 15:14:33,037 : state_square_error: 65.514 reward_error: 9.970
INFO : 2021-01-22 15:14:51,628 : state_square_error: 83.414 reward_error: 16.036
INFO : 2021-01-22 15:15:10,325 : state_square_error: 71.911 reward_error: 7.603
INFO : 2021-01-22 15:15:28,904 : state_square_error: 47.413 reward_error: 27.521
INFO : 2021-01-22 15:15:47,299 : episode: 46 score: 1662.6 100 games avg: 1662.6 steps 1000 
INFO : 2021-01-22 15:15:59,975 : state_square_error: 22.980 reward_error: 6.736
INFO : 2021-01-22 15:16:18,585 : state_square_error: 28.166 reward_error: 12.963
INFO : 2021-01-22 15:16:37,230 : state_square_error: 46.769 reward_error: 11.625
INFO : 2021-01-22 15:16:55,937 : state_square_error: 79.941 reward_error: 7.209
INFO : 2021-01-22 15:17:14,553 : state_square_error: 84.313 reward_error: 7.286
INFO : 2021-01-22 15:17:33,181 : state_square_error: 62.339 reward_error: 6.589
INFO : 2021-01-22 15:17:51,765 : state_square_error: 59.951 reward_error: 10.202
INFO : 2021-01-22 15:18:10,400 : state_square_error: 35.204 reward_error: 10.984
INFO : 2021-01-22 15:18:29,097 : state_square_error: 58.704 reward_error: 4.082
INFO : 2021-01-22 15:18:47,739 : state_square_error: 61.844 reward_error: 14.379
INFO : 2021-01-22 15:19:06,239 : episode: 47 score: 2098.5 100 games avg: 2098.5 steps 1000 
INFO : 2021-01-22 15:19:19,099 : state_square_error: 47.161 reward_error: 7.643
INFO : 2021-01-22 15:19:37,845 : state_square_error: 81.483 reward_error: 3.002
INFO : 2021-01-22 15:19:56,373 : state_square_error: 34.414 reward_error: 3.295
INFO : 2021-01-22 15:20:14,958 : state_square_error: 11.638 reward_error: 6.041
INFO : 2021-01-22 15:20:33,592 : state_square_error: 70.274 reward_error: 12.173
INFO : 2021-01-22 15:20:52,246 : state_square_error: 25.745 reward_error: 3.274
INFO : 2021-01-22 15:21:10,856 : state_square_error: 17.580 reward_error: 4.724
INFO : 2021-01-22 15:21:29,486 : state_square_error: 22.641 reward_error: 6.646
INFO : 2021-01-22 15:21:48,045 : state_square_error: 43.946 reward_error: 1.286
INFO : 2021-01-22 15:22:06,735 : state_square_error: 24.857 reward_error: 7.763
INFO : 2021-01-22 15:22:25,130 : episode: 48 score: 185.4 100 games avg: 185.4 steps 1000 
INFO : 2021-01-22 15:22:38,228 : state_square_error: 36.322 reward_error: 10.289
INFO : 2021-01-22 15:22:56,809 : state_square_error: 20.007 reward_error: 9.947
INFO : 2021-01-22 15:23:15,481 : state_square_error: 26.747 reward_error: 5.881
INFO : 2021-01-22 15:23:34,163 : state_square_error: 37.846 reward_error: 7.177
INFO : 2021-01-22 15:23:52,761 : state_square_error: 106.470 reward_error: 10.964
INFO : 2021-01-22 15:24:11,414 : state_square_error: 42.315 reward_error: 11.460
INFO : 2021-01-22 15:24:30,070 : state_square_error: 29.455 reward_error: 9.112
INFO : 2021-01-22 15:24:48,709 : state_square_error: 25.290 reward_error: 6.000
INFO : 2021-01-22 15:25:07,370 : state_square_error: 25.660 reward_error: 3.035
INFO : 2021-01-22 15:25:26,017 : state_square_error: 33.311 reward_error: 10.310
INFO : 2021-01-22 15:25:44,414 : episode: 49 score: 2175.9 100 games avg: 2175.9 steps 1000 
INFO : 2021-01-22 15:25:57,859 : state_square_error: 20.798 reward_error: 10.634
INFO : 2021-01-22 15:26:16,437 : state_square_error: 33.890 reward_error: 6.187
INFO : 2021-01-22 15:26:34,988 : state_square_error: 129.334 reward_error: 6.607
INFO : 2021-01-22 15:26:53,640 : state_square_error: 11.492 reward_error: 13.514
INFO : 2021-01-22 15:27:12,275 : state_square_error: 50.318 reward_error: 11.020
INFO : 2021-01-22 15:27:30,942 : state_square_error: 143.606 reward_error: 6.032
INFO : 2021-01-22 15:27:49,606 : state_square_error: 39.363 reward_error: 9.766
INFO : 2021-01-22 15:28:08,271 : state_square_error: 19.394 reward_error: 6.442
INFO : 2021-01-22 15:28:26,894 : state_square_error: 130.286 reward_error: 10.696
INFO : 2021-01-22 15:28:45,474 : state_square_error: 173.648 reward_error: 9.692
INFO : 2021-01-22 15:29:03,856 : episode: 50 score: 2061.8 100 games avg: 2061.8 steps 1000 
INFO : 2021-01-22 15:29:17,645 : state_square_error: 73.213 reward_error: 11.384
INFO : 2021-01-22 15:29:36,255 : state_square_error: 48.031 reward_error: 14.053
INFO : 2021-01-22 15:29:54,839 : state_square_error: 85.405 reward_error: 6.132
INFO : 2021-01-22 15:30:13,489 : state_square_error: 59.882 reward_error: 7.322
INFO : 2021-01-22 15:30:32,059 : state_square_error: 123.808 reward_error: 5.785
INFO : 2021-01-22 15:30:50,617 : state_square_error: 25.984 reward_error: 3.930
INFO : 2021-01-22 15:31:09,282 : state_square_error: 22.364 reward_error: 4.490
INFO : 2021-01-22 15:31:27,961 : state_square_error: 186.599 reward_error: 8.825
INFO : 2021-01-22 15:31:46,505 : state_square_error: 61.865 reward_error: 9.337
INFO : 2021-01-22 15:32:05,222 : state_square_error: 48.273 reward_error: 7.136
INFO : 2021-01-22 15:32:23,670 : episode: 51 score: 2039.3 100 games avg: 2039.3 steps 1000 
INFO : 2021-01-22 15:32:37,618 : state_square_error: 33.229 reward_error: 7.466
INFO : 2021-01-22 15:32:56,193 : state_square_error: 31.576 reward_error: 9.617
INFO : 2021-01-22 15:33:14,834 : state_square_error: 76.616 reward_error: 14.056
INFO : 2021-01-22 15:33:33,487 : state_square_error: 25.861 reward_error: 11.195
INFO : 2021-01-22 15:33:52,125 : state_square_error: 86.222 reward_error: 7.433
INFO : 2021-01-22 15:34:10,718 : state_square_error: 40.180 reward_error: 8.366
INFO : 2021-01-22 15:34:29,366 : state_square_error: 32.006 reward_error: 9.840
INFO : 2021-01-22 15:34:48,000 : state_square_error: 59.851 reward_error: 7.445
INFO : 2021-01-22 15:35:06,622 : state_square_error: 63.832 reward_error: 3.294
INFO : 2021-01-22 15:35:25,191 : state_square_error: 51.361 reward_error: 7.685
INFO : 2021-01-22 15:35:43,703 : episode: 52 score: 1722.8 100 games avg: 1722.8 steps 1000 
INFO : 2021-01-22 15:35:57,895 : state_square_error: 101.986 reward_error: 8.748
INFO : 2021-01-22 15:36:16,538 : state_square_error: 19.141 reward_error: 8.787
INFO : 2021-01-22 15:36:35,150 : state_square_error: 45.595 reward_error: 6.446
INFO : 2021-01-22 15:36:53,756 : state_square_error: 27.062 reward_error: 4.285
INFO : 2021-01-22 15:37:12,415 : state_square_error: 62.101 reward_error: 6.485
INFO : 2021-01-22 15:37:31,005 : state_square_error: 27.704 reward_error: 4.793
INFO : 2021-01-22 15:37:49,568 : state_square_error: 38.622 reward_error: 8.234
INFO : 2021-01-22 15:38:08,230 : state_square_error: 33.618 reward_error: 6.912
INFO : 2021-01-22 15:38:26,768 : state_square_error: 3.354 reward_error: 5.695
INFO : 2021-01-22 15:38:45,364 : state_square_error: 33.762 reward_error: 10.745
INFO : 2021-01-22 15:39:03,842 : episode: 53 score: 431.3 100 games avg: 431.3 steps 1000 
INFO : 2021-01-22 15:39:18,483 : state_square_error: 98.312 reward_error: 7.663
INFO : 2021-01-22 15:39:37,048 : state_square_error: 86.584 reward_error: 8.872
INFO : 2021-01-22 15:39:55,647 : state_square_error: 106.540 reward_error: 11.020
INFO : 2021-01-22 15:40:14,290 : state_square_error: 43.103 reward_error: 7.893
INFO : 2021-01-22 15:40:32,920 : state_square_error: 40.016 reward_error: 6.744
INFO : 2021-01-22 15:40:51,462 : state_square_error: 62.031 reward_error: 5.699
INFO : 2021-01-22 15:41:09,994 : state_square_error: 58.640 reward_error: 8.502
INFO : 2021-01-22 15:41:28,627 : state_square_error: 22.962 reward_error: 8.069
INFO : 2021-01-22 15:41:47,275 : state_square_error: 76.523 reward_error: 10.461
INFO : 2021-01-22 15:42:05,886 : state_square_error: 178.761 reward_error: 9.840
INFO : 2021-01-22 15:42:24,286 : episode: 54 score: 2144.3 100 games avg: 2144.3 steps 1000 
INFO : 2021-01-22 15:42:39,166 : state_square_error: 23.312 reward_error: 15.687
INFO : 2021-01-22 15:42:57,785 : state_square_error: 47.854 reward_error: 8.036
INFO : 2021-01-22 15:43:16,396 : state_square_error: 69.544 reward_error: 4.096
INFO : 2021-01-22 15:43:34,994 : state_square_error: 16.850 reward_error: 10.699
INFO : 2021-01-22 15:43:53,661 : state_square_error: 35.091 reward_error: 9.253
INFO : 2021-01-22 15:44:12,302 : state_square_error: 47.522 reward_error: 8.925
INFO : 2021-01-22 15:44:30,904 : state_square_error: 31.789 reward_error: 11.971
INFO : 2021-01-22 15:44:49,563 : state_square_error: 44.554 reward_error: 7.376
INFO : 2021-01-22 15:45:08,168 : state_square_error: 64.482 reward_error: 6.649
INFO : 2021-01-22 15:45:26,786 : state_square_error: 63.829 reward_error: 6.440
INFO : 2021-01-22 15:45:45,274 : episode: 55 score: 2196.5 100 games avg: 2196.5 steps 1000 
INFO : 2021-01-22 15:46:00,471 : state_square_error: 93.490 reward_error: 13.501
INFO : 2021-01-22 15:46:19,046 : state_square_error: 94.479 reward_error: 4.729
INFO : 2021-01-22 15:46:37,674 : state_square_error: 32.705 reward_error: 9.861
INFO : 2021-01-22 15:46:56,335 : state_square_error: 60.372 reward_error: 7.789
INFO : 2021-01-22 15:47:14,943 : state_square_error: 27.331 reward_error: 4.468
INFO : 2021-01-22 15:47:33,649 : state_square_error: 51.201 reward_error: 5.684
INFO : 2021-01-22 15:47:52,243 : state_square_error: 62.598 reward_error: 6.018
INFO : 2021-01-22 15:48:10,841 : state_square_error: 40.560 reward_error: 4.712
INFO : 2021-01-22 15:48:29,499 : state_square_error: 109.264 reward_error: 10.844
INFO : 2021-01-22 15:48:48,180 : state_square_error: 14.679 reward_error: 3.869
INFO : 2021-01-22 15:49:06,654 : episode: 56 score: 2307.9 100 games avg: 2307.9 steps 1000 
INFO : 2021-01-22 15:49:22,111 : state_square_error: 29.552 reward_error: 9.222
INFO : 2021-01-22 15:49:40,641 : state_square_error: 56.233 reward_error: 0.669
INFO : 2021-01-22 15:49:59,154 : state_square_error: 86.657 reward_error: 8.359
INFO : 2021-01-22 15:50:17,812 : state_square_error: 55.905 reward_error: 8.518
INFO : 2021-01-22 15:50:36,392 : state_square_error: 134.903 reward_error: 11.312
INFO : 2021-01-22 15:50:54,868 : state_square_error: 18.664 reward_error: 8.259
INFO : 2021-01-22 15:51:13,587 : state_square_error: 17.989 reward_error: 5.283
INFO : 2021-01-22 15:51:32,161 : state_square_error: 93.591 reward_error: 5.356
INFO : 2021-01-22 15:51:50,846 : state_square_error: 21.313 reward_error: 5.805
INFO : 2021-01-22 15:52:09,434 : state_square_error: 44.818 reward_error: 3.942
INFO : 2021-01-22 15:52:27,916 : episode: 57 score: 1054.0 100 games avg: 1054.0 steps 1000 
INFO : 2021-01-22 15:52:43,581 : state_square_error: 90.681 reward_error: 11.569
INFO : 2021-01-22 15:53:02,254 : state_square_error: 24.860 reward_error: 4.672
INFO : 2021-01-22 15:53:20,828 : state_square_error: 148.471 reward_error: 4.911
INFO : 2021-01-22 15:53:39,433 : state_square_error: 27.554 reward_error: 9.953
INFO : 2021-01-22 15:53:57,959 : state_square_error: 51.720 reward_error: 12.338
INFO : 2021-01-22 15:54:16,580 : state_square_error: 33.236 reward_error: 6.435
INFO : 2021-01-22 15:54:35,226 : state_square_error: 43.821 reward_error: 3.102
INFO : 2021-01-22 15:54:53,826 : state_square_error: 31.083 reward_error: 6.066
INFO : 2021-01-22 15:55:12,431 : state_square_error: 25.494 reward_error: 9.150
INFO : 2021-01-22 15:55:31,089 : state_square_error: 28.119 reward_error: 14.448
INFO : 2021-01-22 15:55:49,556 : episode: 58 score: 2299.2 100 games avg: 2299.2 steps 1000 
INFO : 2021-01-22 15:56:05,536 : state_square_error: 87.376 reward_error: 4.946
INFO : 2021-01-22 15:56:24,159 : state_square_error: 46.092 reward_error: 3.144
INFO : 2021-01-22 15:56:42,860 : state_square_error: 19.227 reward_error: 6.541
INFO : 2021-01-22 15:57:01,483 : state_square_error: 67.078 reward_error: 7.967
INFO : 2021-01-22 15:57:20,122 : state_square_error: 16.864 reward_error: 4.496
INFO : 2021-01-22 15:57:38,802 : state_square_error: 30.934 reward_error: 5.549
INFO : 2021-01-22 15:57:57,435 : state_square_error: 25.649 reward_error: 5.777
INFO : 2021-01-22 15:58:16,011 : state_square_error: 61.490 reward_error: 5.320
INFO : 2021-01-22 15:58:34,631 : state_square_error: 34.709 reward_error: 5.035
INFO : 2021-01-22 15:58:53,223 : state_square_error: 61.027 reward_error: 6.596
INFO : 2021-01-22 15:59:11,580 : episode: 59 score: 2421.8 100 games avg: 2421.8 steps 1000 
INFO : 2021-01-22 15:59:27,721 : state_square_error: 24.830 reward_error: 5.254
INFO : 2021-01-22 15:59:46,302 : state_square_error: 16.116 reward_error: 5.572
INFO : 2021-01-22 16:00:04,970 : state_square_error: 35.448 reward_error: 18.525
INFO : 2021-01-22 16:00:23,545 : state_square_error: 80.504 reward_error: 6.690
INFO : 2021-01-22 16:00:42,168 : state_square_error: 110.230 reward_error: 8.366
INFO : 2021-01-22 16:01:00,791 : state_square_error: 45.436 reward_error: 4.950
INFO : 2021-01-22 16:01:19,356 : state_square_error: 18.315 reward_error: 10.296
INFO : 2021-01-22 16:01:37,916 : state_square_error: 31.136 reward_error: 6.739
INFO : 2021-01-22 16:01:56,413 : state_square_error: 75.495 reward_error: 5.508
INFO : 2021-01-22 16:02:15,007 : state_square_error: 20.456 reward_error: 6.190
INFO : 2021-01-22 16:02:33,438 : episode: 60 score: 2325.5 100 games avg: 2325.5 steps 1000 
INFO : 2021-01-22 16:02:49,888 : state_square_error: 131.480 reward_error: 7.896
INFO : 2021-01-22 16:03:08,514 : state_square_error: 13.217 reward_error: 5.291
INFO : 2021-01-22 16:03:27,101 : state_square_error: 36.824 reward_error: 7.101
INFO : 2021-01-22 16:03:45,748 : state_square_error: 23.612 reward_error: 6.021
INFO : 2021-01-22 16:04:04,366 : state_square_error: 11.604 reward_error: 7.950
INFO : 2021-01-22 16:04:23,017 : state_square_error: 43.542 reward_error: 11.523
INFO : 2021-01-22 16:04:41,659 : state_square_error: 11.066 reward_error: 9.262
INFO : 2021-01-22 16:05:00,266 : state_square_error: 17.716 reward_error: 4.728
INFO : 2021-01-22 16:05:18,934 : state_square_error: 53.873 reward_error: 5.325
INFO : 2021-01-22 16:05:37,487 : state_square_error: 17.310 reward_error: 4.746
INFO : 2021-01-22 16:05:55,906 : episode: 61 score: 2325.4 100 games avg: 2325.4 steps 1000 
INFO : 2021-01-22 16:06:12,532 : state_square_error: 106.481 reward_error: 6.239
INFO : 2021-01-22 16:06:31,148 : state_square_error: 30.528 reward_error: 5.795
INFO : 2021-01-22 16:06:49,763 : state_square_error: 191.490 reward_error: 9.297
INFO : 2021-01-22 16:07:08,280 : state_square_error: 70.585 reward_error: 8.103
INFO : 2021-01-22 16:07:26,896 : state_square_error: 30.441 reward_error: 5.923
INFO : 2021-01-22 16:07:45,553 : state_square_error: 46.782 reward_error: 10.208
INFO : 2021-01-22 16:08:04,151 : state_square_error: 12.937 reward_error: 4.190
INFO : 2021-01-22 16:08:22,785 : state_square_error: 53.440 reward_error: 5.237
INFO : 2021-01-22 16:08:41,440 : state_square_error: 38.971 reward_error: 1.771
INFO : 2021-01-22 16:09:00,071 : state_square_error: 32.580 reward_error: 10.250
INFO : 2021-01-22 16:09:18,567 : episode: 62 score: 598.2 100 games avg: 598.2 steps 1000 
INFO : 2021-01-22 16:09:35,540 : state_square_error: 170.558 reward_error: 5.230
INFO : 2021-01-22 16:09:54,142 : state_square_error: 33.354 reward_error: 10.340
INFO : 2021-01-22 16:10:12,763 : state_square_error: 201.089 reward_error: 7.485
INFO : 2021-01-22 16:10:31,356 : state_square_error: 56.088 reward_error: 8.074
INFO : 2021-01-22 16:10:50,006 : state_square_error: 131.804 reward_error: 5.302
INFO : 2021-01-22 16:11:08,632 : state_square_error: 17.659 reward_error: 3.564
INFO : 2021-01-22 16:11:27,191 : state_square_error: 159.819 reward_error: 5.210
INFO : 2021-01-22 16:11:45,830 : state_square_error: 96.810 reward_error: 4.778
INFO : 2021-01-22 16:12:04,444 : state_square_error: 36.719 reward_error: 3.078
INFO : 2021-01-22 16:12:23,029 : state_square_error: 40.526 reward_error: 4.575
INFO : 2021-01-22 16:12:41,379 : episode: 63 score: 2420.0 100 games avg: 2420.0 steps 1000 
INFO : 2021-01-22 16:12:58,576 : state_square_error: 62.975 reward_error: 7.969
INFO : 2021-01-22 16:13:17,188 : state_square_error: 11.080 reward_error: 7.990
INFO : 2021-01-22 16:13:35,828 : state_square_error: 98.233 reward_error: 7.551
INFO : 2021-01-22 16:13:54,471 : state_square_error: 28.943 reward_error: 10.874
INFO : 2021-01-22 16:14:13,110 : state_square_error: 105.244 reward_error: 9.615
INFO : 2021-01-22 16:14:31,780 : state_square_error: 63.477 reward_error: 9.173
INFO : 2021-01-22 16:14:50,413 : state_square_error: 80.631 reward_error: 12.990
INFO : 2021-01-22 16:15:09,082 : state_square_error: 37.810 reward_error: 5.775
INFO : 2021-01-22 16:15:27,682 : state_square_error: 40.265 reward_error: 7.076
INFO : 2021-01-22 16:15:46,331 : state_square_error: 73.540 reward_error: 6.973
INFO : 2021-01-22 16:16:04,736 : episode: 64 score: 2342.4 100 games avg: 2342.4 steps 1000 
INFO : 2021-01-22 16:16:22,206 : state_square_error: 20.623 reward_error: 5.867
INFO : 2021-01-22 16:16:40,785 : state_square_error: 63.784 reward_error: 8.670
INFO : 2021-01-22 16:16:59,359 : state_square_error: 197.503 reward_error: 7.842
INFO : 2021-01-22 16:17:18,007 : state_square_error: 124.959 reward_error: 11.864
INFO : 2021-01-22 16:17:36,621 : state_square_error: 128.775 reward_error: 8.362
INFO : 2021-01-22 16:17:55,177 : state_square_error: 30.055 reward_error: 10.870
INFO : 2021-01-22 16:18:13,812 : state_square_error: 79.286 reward_error: 8.034
INFO : 2021-01-22 16:18:32,442 : state_square_error: 69.365 reward_error: 9.140
INFO : 2021-01-22 16:18:51,082 : state_square_error: 102.569 reward_error: 4.647
INFO : 2021-01-22 16:19:09,740 : state_square_error: 30.876 reward_error: 3.395
INFO : 2021-01-22 16:19:28,174 : episode: 65 score: 2350.7 100 games avg: 2350.7 steps 1000 
INFO : 2021-01-22 16:19:45,974 : state_square_error: 68.265 reward_error: 8.492
INFO : 2021-01-22 16:20:04,600 : state_square_error: 95.101 reward_error: 7.264
INFO : 2021-01-22 16:20:23,197 : state_square_error: 136.651 reward_error: 9.588
INFO : 2021-01-22 16:20:41,832 : state_square_error: 103.648 reward_error: 7.753
INFO : 2021-01-22 16:21:00,428 : state_square_error: 72.367 reward_error: 18.138
INFO : 2021-01-22 16:21:19,108 : state_square_error: 34.098 reward_error: 5.979
INFO : 2021-01-22 16:21:37,739 : state_square_error: 39.101 reward_error: 13.657
INFO : 2021-01-22 16:21:56,404 : state_square_error: 26.354 reward_error: 7.209
INFO : 2021-01-22 16:22:15,004 : state_square_error: 60.430 reward_error: 4.523
INFO : 2021-01-22 16:22:33,643 : state_square_error: 70.533 reward_error: 3.759
INFO : 2021-01-22 16:22:52,111 : episode: 66 score: 2538.0 100 games avg: 2538.0 steps 1000 
INFO : 2021-01-22 16:23:10,156 : state_square_error: 71.545 reward_error: 8.352
INFO : 2021-01-22 16:23:28,726 : state_square_error: 26.372 reward_error: 5.649
INFO : 2021-01-22 16:23:47,186 : state_square_error: 151.831 reward_error: 4.382
INFO : 2021-01-22 16:24:05,799 : state_square_error: 17.590 reward_error: 4.549
INFO : 2021-01-22 16:24:24,392 : state_square_error: 51.916 reward_error: 5.587
INFO : 2021-01-22 16:24:42,934 : state_square_error: 73.135 reward_error: 4.768
INFO : 2021-01-22 16:25:01,513 : state_square_error: 33.324 reward_error: 14.209
INFO : 2021-01-22 16:25:20,090 : state_square_error: 13.219 reward_error: 6.253
INFO : 2021-01-22 16:25:38,761 : state_square_error: 33.330 reward_error: 8.082
INFO : 2021-01-22 16:25:57,390 : state_square_error: 27.299 reward_error: 5.162
INFO : 2021-01-22 16:26:15,846 : episode: 67 score: 2451.6 100 games avg: 2451.6 steps 1000 
INFO : 2021-01-22 16:26:34,392 : state_square_error: 37.943 reward_error: 3.885
INFO : 2021-01-22 16:26:52,890 : state_square_error: 37.764 reward_error: 6.222
INFO : 2021-01-22 16:27:11,596 : state_square_error: 155.039 reward_error: 8.114
INFO : 2021-01-22 16:27:30,206 : state_square_error: 33.391 reward_error: 5.949
INFO : 2021-01-22 16:27:48,807 : state_square_error: 76.776 reward_error: 6.572
INFO : 2021-01-22 16:28:07,442 : state_square_error: 39.088 reward_error: 4.386
INFO : 2021-01-22 16:28:26,023 : state_square_error: 85.826 reward_error: 4.215
INFO : 2021-01-22 16:28:44,669 : state_square_error: 33.419 reward_error: 6.602
INFO : 2021-01-22 16:29:03,263 : state_square_error: 22.406 reward_error: 3.817
INFO : 2021-01-22 16:29:21,842 : state_square_error: 134.338 reward_error: 4.279
INFO : 2021-01-22 16:29:40,354 : episode: 68 score: 2488.0 100 games avg: 2488.0 steps 1000 
INFO : 2021-01-22 16:29:58,926 : state_square_error: 57.059 reward_error: 5.166
INFO : 2021-01-22 16:30:17,600 : state_square_error: 18.310 reward_error: 5.809
INFO : 2021-01-22 16:30:36,292 : state_square_error: 31.546 reward_error: 12.763
INFO : 2021-01-22 16:30:54,894 : state_square_error: 45.631 reward_error: 6.790
INFO : 2021-01-22 16:31:13,498 : state_square_error: 82.852 reward_error: 16.350
INFO : 2021-01-22 16:31:32,085 : state_square_error: 72.492 reward_error: 5.855
INFO : 2021-01-22 16:31:50,712 : state_square_error: 21.087 reward_error: 2.544
INFO : 2021-01-22 16:32:09,438 : state_square_error: 12.190 reward_error: 4.311
INFO : 2021-01-22 16:32:28,034 : state_square_error: 130.605 reward_error: 5.991
INFO : 2021-01-22 16:32:46,701 : state_square_error: 25.944 reward_error: 6.369
INFO : 2021-01-22 16:33:05,187 : episode: 69 score: 2372.8 100 games avg: 2372.8 steps 1000 
INFO : 2021-01-22 16:33:24,136 : state_square_error: 37.418 reward_error: 9.437
INFO : 2021-01-22 16:33:42,696 : state_square_error: 58.766 reward_error: 3.490
INFO : 2021-01-22 16:34:01,392 : state_square_error: 93.134 reward_error: 5.563
INFO : 2021-01-22 16:34:20,003 : state_square_error: 43.078 reward_error: 10.858
INFO : 2021-01-22 16:34:38,477 : state_square_error: 2.490 reward_error: 9.396
INFO : 2021-01-22 16:34:57,103 : state_square_error: 78.615 reward_error: 11.066
INFO : 2021-01-22 16:35:15,666 : state_square_error: 55.304 reward_error: 4.655
INFO : 2021-01-22 16:35:34,275 : state_square_error: 26.079 reward_error: 3.317
INFO : 2021-01-22 16:35:52,867 : state_square_error: 39.332 reward_error: 8.447
INFO : 2021-01-22 16:36:11,440 : state_square_error: 169.400 reward_error: 11.937
INFO : 2021-01-22 16:36:29,865 : episode: 70 score: 2565.4 100 games avg: 2565.4 steps 1000 
INFO : 2021-01-22 16:36:49,103 : state_square_error: 55.782 reward_error: 11.860
INFO : 2021-01-22 16:37:07,758 : state_square_error: 40.130 reward_error: 4.116
INFO : 2021-01-22 16:37:26,416 : state_square_error: 203.506 reward_error: 7.574
INFO : 2021-01-22 16:37:45,097 : state_square_error: 93.563 reward_error: 6.412
INFO : 2021-01-22 16:38:03,692 : state_square_error: 125.995 reward_error: 5.272
INFO : 2021-01-22 16:38:22,347 : state_square_error: 16.045 reward_error: 6.067
INFO : 2021-01-22 16:38:41,014 : state_square_error: 56.172 reward_error: 8.652
INFO : 2021-01-22 16:38:59,681 : state_square_error: 90.411 reward_error: 12.314
INFO : 2021-01-22 16:39:18,295 : state_square_error: 16.913 reward_error: 4.571
INFO : 2021-01-22 16:39:36,863 : state_square_error: 39.402 reward_error: 5.245
INFO : 2021-01-22 16:39:55,309 : episode: 71 score: 2473.2 100 games avg: 2473.2 steps 1000 
INFO : 2021-01-22 16:40:14,630 : state_square_error: 45.876 reward_error: 4.662
INFO : 2021-01-22 16:40:33,271 : state_square_error: 43.309 reward_error: 10.379
INFO : 2021-01-22 16:40:51,911 : state_square_error: 37.778 reward_error: 10.821
INFO : 2021-01-22 16:41:10,559 : state_square_error: 28.921 reward_error: 10.131
INFO : 2021-01-22 16:41:29,238 : state_square_error: 47.169 reward_error: 12.443
INFO : 2021-01-22 16:41:47,867 : state_square_error: 49.566 reward_error: 10.038
INFO : 2021-01-22 16:42:06,494 : state_square_error: 20.920 reward_error: 10.913
INFO : 2021-01-22 16:42:25,101 : state_square_error: 82.545 reward_error: 8.225
INFO : 2021-01-22 16:42:43,739 : state_square_error: 22.026 reward_error: 4.881
INFO : 2021-01-22 16:43:02,440 : state_square_error: 189.975 reward_error: 8.892
INFO : 2021-01-22 16:43:20,868 : episode: 72 score: 2742.6 100 games avg: 2742.6 steps 1000 
INFO : 2021-01-22 16:43:40,652 : state_square_error: 48.415 reward_error: 4.418
INFO : 2021-01-22 16:43:59,255 : state_square_error: 64.979 reward_error: 13.849
INFO : 2021-01-22 16:44:17,858 : state_square_error: 16.819 reward_error: 4.568
INFO : 2021-01-22 16:44:36,483 : state_square_error: 141.844 reward_error: 9.491
INFO : 2021-01-22 16:44:55,098 : state_square_error: 50.659 reward_error: 5.807
INFO : 2021-01-22 16:45:13,733 : state_square_error: 100.764 reward_error: 8.741
INFO : 2021-01-22 16:45:32,315 : state_square_error: 13.913 reward_error: 6.159
INFO : 2021-01-22 16:45:50,839 : state_square_error: 40.007 reward_error: 4.790
INFO : 2021-01-22 16:46:09,377 : state_square_error: 34.682 reward_error: 4.644
INFO : 2021-01-22 16:46:27,989 : state_square_error: 72.998 reward_error: 7.928
INFO : 2021-01-22 16:46:46,460 : episode: 73 score: 2669.0 100 games avg: 2669.0 steps 1000 
INFO : 2021-01-22 16:47:06,412 : state_square_error: 89.448 reward_error: 10.133
INFO : 2021-01-22 16:47:25,034 : state_square_error: 40.958 reward_error: 7.061
INFO : 2021-01-22 16:47:43,547 : state_square_error: 39.107 reward_error: 5.347
INFO : 2021-01-22 16:48:02,113 : state_square_error: 20.638 reward_error: 8.181
INFO : 2021-01-22 16:48:20,697 : state_square_error: 76.463 reward_error: 3.429
INFO : 2021-01-22 16:48:39,258 : state_square_error: 23.922 reward_error: 11.492
INFO : 2021-01-22 16:48:57,810 : state_square_error: 22.812 reward_error: 6.464
INFO : 2021-01-22 16:49:16,462 : state_square_error: 40.468 reward_error: 7.788
INFO : 2021-01-22 16:49:35,190 : state_square_error: 135.441 reward_error: 5.848
INFO : 2021-01-22 16:49:53,740 : state_square_error: 46.262 reward_error: 13.978
INFO : 2021-01-22 16:50:12,207 : episode: 74 score: 2144.7 100 games avg: 2144.7 steps 1000 
INFO : 2021-01-22 16:50:32,358 : state_square_error: 38.294 reward_error: 10.436
INFO : 2021-01-22 16:50:50,949 : state_square_error: 31.676 reward_error: 10.895
INFO : 2021-01-22 16:51:09,632 : state_square_error: 8.158 reward_error: 2.929
INFO : 2021-01-22 16:51:28,335 : state_square_error: 143.305 reward_error: 9.455
INFO : 2021-01-22 16:51:46,900 : state_square_error: 45.633 reward_error: 8.949
INFO : 2021-01-22 16:52:05,575 : state_square_error: 9.163 reward_error: 12.972
INFO : 2021-01-22 16:52:24,156 : state_square_error: 46.645 reward_error: 6.986
INFO : 2021-01-22 16:52:42,739 : state_square_error: 29.176 reward_error: 3.511
INFO : 2021-01-22 16:53:01,308 : state_square_error: 14.034 reward_error: 3.049
INFO : 2021-01-22 16:53:19,958 : state_square_error: 67.561 reward_error: 25.245
INFO : 2021-01-22 16:53:38,378 : episode: 75 score: 2472.7 100 games avg: 2472.7 steps 1000 
INFO : 2021-01-22 16:53:59,142 : state_square_error: 48.116 reward_error: 6.988
INFO : 2021-01-22 16:54:17,778 : state_square_error: 29.842 reward_error: 7.435
INFO : 2021-01-22 16:54:36,373 : state_square_error: 42.227 reward_error: 6.307
INFO : 2021-01-22 16:54:55,002 : state_square_error: 133.854 reward_error: 11.665
INFO : 2021-01-22 16:55:13,663 : state_square_error: 197.032 reward_error: 10.586
INFO : 2021-01-22 16:55:32,286 : state_square_error: 52.187 reward_error: 7.066
INFO : 2021-01-22 16:55:50,809 : state_square_error: 123.984 reward_error: 9.410
INFO : 2021-01-22 16:56:09,444 : state_square_error: 77.716 reward_error: 6.604
INFO : 2021-01-22 16:56:27,982 : state_square_error: 7.631 reward_error: 5.745
INFO : 2021-01-22 16:56:46,456 : state_square_error: 67.316 reward_error: 8.113
INFO : 2021-01-22 16:57:04,917 : episode: 76 score: 2762.4 100 games avg: 2762.4 steps 1000 
INFO : 2021-01-22 16:57:25,730 : state_square_error: 99.956 reward_error: 10.547
INFO : 2021-01-22 16:57:44,432 : state_square_error: 72.373 reward_error: 4.456
INFO : 2021-01-22 16:58:03,095 : state_square_error: 154.354 reward_error: 6.452
INFO : 2021-01-22 16:58:21,688 : state_square_error: 24.698 reward_error: 9.131
INFO : 2021-01-22 16:58:40,330 : state_square_error: 65.251 reward_error: 11.540
INFO : 2021-01-22 16:58:58,882 : state_square_error: 25.193 reward_error: 5.325
INFO : 2021-01-22 16:59:17,410 : state_square_error: 143.950 reward_error: 5.726
INFO : 2021-01-22 16:59:35,978 : state_square_error: 37.375 reward_error: 5.505
INFO : 2021-01-22 16:59:54,589 : state_square_error: 33.097 reward_error: 6.015
INFO : 2021-01-22 17:00:13,205 : state_square_error: 22.130 reward_error: 8.361
INFO : 2021-01-22 17:00:31,662 : episode: 77 score: 2807.0 100 games avg: 2807.0 steps 1000 
INFO : 2021-01-22 17:00:52,820 : state_square_error: 40.238 reward_error: 7.056
INFO : 2021-01-22 17:01:11,347 : state_square_error: 80.861 reward_error: 4.244
INFO : 2021-01-22 17:01:29,904 : state_square_error: 87.198 reward_error: 1.402
INFO : 2021-01-22 17:01:48,577 : state_square_error: 13.925 reward_error: 8.416
INFO : 2021-01-22 17:02:07,225 : state_square_error: 80.482 reward_error: 3.775
INFO : 2021-01-22 17:02:25,797 : state_square_error: 17.268 reward_error: 7.168
INFO : 2021-01-22 17:02:44,322 : state_square_error: 68.551 reward_error: 7.896
INFO : 2021-01-22 17:03:02,946 : state_square_error: 87.496 reward_error: 9.570
INFO : 2021-01-22 17:03:21,512 : state_square_error: 21.716 reward_error: 12.428
INFO : 2021-01-22 17:03:40,186 : state_square_error: 30.139 reward_error: 14.634
INFO : 2021-01-22 17:03:58,512 : episode: 78 score: 2685.6 100 games avg: 2685.6 steps 1000 
INFO : 2021-01-22 17:04:19,954 : state_square_error: 128.456 reward_error: 10.577
INFO : 2021-01-22 17:04:38,545 : state_square_error: 37.385 reward_error: 9.525
INFO : 2021-01-22 17:04:57,180 : state_square_error: 27.579 reward_error: 8.254
INFO : 2021-01-22 17:05:15,801 : state_square_error: 177.541 reward_error: 7.549
INFO : 2021-01-22 17:05:34,367 : state_square_error: 111.416 reward_error: 7.872
INFO : 2021-01-22 17:05:52,922 : state_square_error: 9.732 reward_error: 7.061
INFO : 2021-01-22 17:06:11,607 : state_square_error: 20.358 reward_error: 6.250
INFO : 2021-01-22 17:06:30,335 : state_square_error: 19.503 reward_error: 11.007
INFO : 2021-01-22 17:06:48,888 : state_square_error: 26.575 reward_error: 1.920
INFO : 2021-01-22 17:07:07,517 : state_square_error: 7.437 reward_error: 5.801
INFO : 2021-01-22 17:07:25,913 : episode: 79 score: 1323.9 100 games avg: 1323.9 steps 1000 
INFO : 2021-01-22 17:07:47,215 : state_square_error: 37.595 reward_error: 7.277
INFO : 2021-01-22 17:08:05,869 : state_square_error: 133.744 reward_error: 3.553
INFO : 2021-01-22 17:08:24,535 : state_square_error: 47.879 reward_error: 9.823
INFO : 2021-01-22 17:08:43,114 : state_square_error: 53.605 reward_error: 13.210
INFO : 2021-01-22 17:09:01,699 : state_square_error: 25.204 reward_error: 6.172
INFO : 2021-01-22 17:09:20,427 : state_square_error: 110.135 reward_error: 8.749
INFO : 2021-01-22 17:09:39,040 : state_square_error: 146.558 reward_error: 11.933
INFO : 2021-01-22 17:09:57,631 : state_square_error: 30.245 reward_error: 10.432
INFO : 2021-01-22 17:10:16,243 : state_square_error: 86.200 reward_error: 1.898
INFO : 2021-01-22 17:10:34,786 : state_square_error: 70.751 reward_error: 7.144
INFO : 2021-01-22 17:10:53,176 : episode: 80 score: 2714.0 100 games avg: 2714.0 steps 1000 
INFO : 2021-01-22 17:11:14,979 : state_square_error: 32.968 reward_error: 5.627
INFO : 2021-01-22 17:11:33,620 : state_square_error: 165.938 reward_error: 3.971
INFO : 2021-01-22 17:11:52,261 : state_square_error: 72.980 reward_error: 7.975
INFO : 2021-01-22 17:12:10,926 : state_square_error: 11.401 reward_error: 4.257
INFO : 2021-01-22 17:12:29,603 : state_square_error: 55.703 reward_error: 5.381
INFO : 2021-01-22 17:12:48,191 : state_square_error: 93.575 reward_error: 9.470
INFO : 2021-01-22 17:13:06,755 : state_square_error: 16.899 reward_error: 10.493
INFO : 2021-01-22 17:13:25,365 : state_square_error: 19.306 reward_error: 5.791
INFO : 2021-01-22 17:13:43,960 : state_square_error: 68.463 reward_error: 11.577
INFO : 2021-01-22 17:14:02,498 : state_square_error: 206.826 reward_error: 9.077
INFO : 2021-01-22 17:14:20,862 : episode: 81 score: 2674.5 100 games avg: 2674.5 steps 1000 
INFO : 2021-01-22 17:14:42,839 : state_square_error: 160.854 reward_error: 6.136
INFO : 2021-01-22 17:15:01,560 : state_square_error: 10.214 reward_error: 4.700
INFO : 2021-01-22 17:15:20,238 : state_square_error: 146.358 reward_error: 10.019
INFO : 2021-01-22 17:15:38,903 : state_square_error: 28.124 reward_error: 3.453
INFO : 2021-01-22 17:15:57,501 : state_square_error: 12.308 reward_error: 4.745
INFO : 2021-01-22 17:16:16,175 : state_square_error: 56.794 reward_error: 9.875
INFO : 2021-01-22 17:16:34,768 : state_square_error: 18.251 reward_error: 10.428
INFO : 2021-01-22 17:16:53,366 : state_square_error: 27.551 reward_error: 10.700
INFO : 2021-01-22 17:17:12,022 : state_square_error: 166.487 reward_error: 12.716
INFO : 2021-01-22 17:17:30,663 : state_square_error: 82.724 reward_error: 7.902
INFO : 2021-01-22 17:17:49,067 : episode: 82 score: 2722.9 100 games avg: 2722.9 steps 1000 
INFO : 2021-01-22 17:18:11,435 : state_square_error: 13.800 reward_error: 6.227
INFO : 2021-01-22 17:18:30,051 : state_square_error: 82.333 reward_error: 5.837
INFO : 2021-01-22 17:18:48,575 : state_square_error: 79.746 reward_error: 7.988
INFO : 2021-01-22 17:19:07,087 : state_square_error: 6.093 reward_error: 5.693
INFO : 2021-01-22 17:19:25,762 : state_square_error: 91.129 reward_error: 1.249
INFO : 2021-01-22 17:19:44,275 : state_square_error: 115.571 reward_error: 8.308
INFO : 2021-01-22 17:20:02,944 : state_square_error: 37.014 reward_error: 11.239
INFO : 2021-01-22 17:20:21,587 : state_square_error: 49.400 reward_error: 8.163
INFO : 2021-01-22 17:20:40,179 : state_square_error: 58.710 reward_error: 9.662
INFO : 2021-01-22 17:20:58,791 : state_square_error: 91.944 reward_error: 12.649
INFO : 2021-01-22 17:21:17,272 : episode: 83 score: 2769.4 100 games avg: 2769.4 steps 1000 
INFO : 2021-01-22 17:21:40,215 : state_square_error: 80.637 reward_error: 7.852
INFO : 2021-01-22 17:21:58,899 : state_square_error: 43.669 reward_error: 12.529
INFO : 2021-01-22 17:22:17,527 : state_square_error: 72.451 reward_error: 11.510
INFO : 2021-01-22 17:22:36,103 : state_square_error: 104.245 reward_error: 12.460
INFO : 2021-01-22 17:22:54,728 : state_square_error: 51.184 reward_error: 1.541
INFO : 2021-01-22 17:23:13,415 : state_square_error: 21.787 reward_error: 7.710
INFO : 2021-01-22 17:23:32,061 : state_square_error: 90.363 reward_error: 7.404
INFO : 2021-01-22 17:23:50,633 : state_square_error: 138.883 reward_error: 8.126
INFO : 2021-01-22 17:24:09,275 : state_square_error: 213.640 reward_error: 8.345
INFO : 2021-01-22 17:24:27,926 : state_square_error: 15.107 reward_error: 6.863
INFO : 2021-01-22 17:24:46,452 : episode: 84 score: 2724.6 100 games avg: 2724.6 steps 1000 
INFO : 2021-01-22 17:25:09,445 : state_square_error: 8.283 reward_error: 10.814
INFO : 2021-01-22 17:25:28,001 : state_square_error: 97.156 reward_error: 12.052
INFO : 2021-01-22 17:25:46,566 : state_square_error: 17.847 reward_error: 5.176
INFO : 2021-01-22 17:26:05,147 : state_square_error: 27.332 reward_error: 10.674
INFO : 2021-01-22 17:26:23,744 : state_square_error: 17.042 reward_error: 11.168
INFO : 2021-01-22 17:26:42,417 : state_square_error: 155.499 reward_error: 15.513
INFO : 2021-01-22 17:27:00,979 : state_square_error: 51.765 reward_error: 7.994
INFO : 2021-01-22 17:27:19,522 : state_square_error: 75.386 reward_error: 4.333
INFO : 2021-01-22 17:27:38,212 : state_square_error: 26.958 reward_error: 7.114
INFO : 2021-01-22 17:27:56,818 : state_square_error: 3.978 reward_error: 6.633
INFO : 2021-01-22 17:28:15,291 : episode: 85 score: 2848.4 100 games avg: 2848.4 steps 1000 
INFO : 2021-01-22 17:28:38,397 : state_square_error: 47.579 reward_error: 10.183
INFO : 2021-01-22 17:28:57,048 : state_square_error: 42.866 reward_error: 9.200
INFO : 2021-01-22 17:29:15,605 : state_square_error: 23.025 reward_error: 8.636
INFO : 2021-01-22 17:29:34,144 : state_square_error: 5.869 reward_error: 4.945
INFO : 2021-01-22 17:29:52,639 : state_square_error: 77.805 reward_error: 5.220
INFO : 2021-01-22 17:30:11,271 : state_square_error: 148.886 reward_error: 11.788
INFO : 2021-01-22 17:30:29,926 : state_square_error: 40.307 reward_error: 11.574
INFO : 2021-01-22 17:30:48,535 : state_square_error: 89.211 reward_error: 6.346
INFO : 2021-01-22 17:31:07,176 : state_square_error: 30.712 reward_error: 7.116
INFO : 2021-01-22 17:31:25,840 : state_square_error: 64.288 reward_error: 17.695
INFO : 2021-01-22 17:31:44,265 : episode: 86 score: 2846.8 100 games avg: 2846.8 steps 1000 
INFO : 2021-01-22 17:32:07,721 : state_square_error: 127.102 reward_error: 5.914
INFO : 2021-01-22 17:32:26,356 : state_square_error: 55.959 reward_error: 10.961
INFO : 2021-01-22 17:32:45,015 : state_square_error: 18.513 reward_error: 4.878
INFO : 2021-01-22 17:33:03,645 : state_square_error: 23.686 reward_error: 7.368
INFO : 2021-01-22 17:33:22,280 : state_square_error: 77.229 reward_error: 13.142
INFO : 2021-01-22 17:33:40,877 : state_square_error: 82.312 reward_error: 6.123
INFO : 2021-01-22 17:33:59,479 : state_square_error: 53.875 reward_error: 4.926
INFO : 2021-01-22 17:34:18,098 : state_square_error: 36.998 reward_error: 13.955
INFO : 2021-01-22 17:34:36,755 : state_square_error: 40.813 reward_error: 5.723
INFO : 2021-01-22 17:34:55,360 : state_square_error: 18.114 reward_error: 13.119
INFO : 2021-01-22 17:35:13,756 : episode: 87 score: 2904.8 100 games avg: 2904.8 steps 1000 
INFO : 2021-01-22 17:35:37,767 : state_square_error: 94.803 reward_error: 3.948
INFO : 2021-01-22 17:35:56,375 : state_square_error: 60.944 reward_error: 5.414
INFO : 2021-01-22 17:36:15,040 : state_square_error: 17.247 reward_error: 12.489
INFO : 2021-01-22 17:36:33,619 : state_square_error: 40.651 reward_error: 11.651
INFO : 2021-01-22 17:36:52,298 : state_square_error: 65.135 reward_error: 6.880
INFO : 2021-01-22 17:37:10,957 : state_square_error: 99.985 reward_error: 8.505
INFO : 2021-01-22 17:37:29,481 : state_square_error: 38.895 reward_error: 7.665
INFO : 2021-01-22 17:37:48,126 : state_square_error: 40.616 reward_error: 11.110
INFO : 2021-01-22 17:38:06,748 : state_square_error: 29.962 reward_error: 7.534
INFO : 2021-01-22 17:38:25,402 : state_square_error: 50.436 reward_error: 11.522
INFO : 2021-01-22 17:38:43,781 : episode: 88 score: 2978.1 100 games avg: 2978.1 steps 1000 
INFO : 2021-01-22 17:39:07,863 : state_square_error: 28.679 reward_error: 8.187
INFO : 2021-01-22 17:39:26,493 : state_square_error: 66.694 reward_error: 10.541
INFO : 2021-01-22 17:39:45,085 : state_square_error: 27.026 reward_error: 9.504
INFO : 2021-01-22 17:40:03,692 : state_square_error: 36.030 reward_error: 4.120
INFO : 2021-01-22 17:40:22,339 : state_square_error: 36.390 reward_error: 5.346
INFO : 2021-01-22 17:40:40,912 : state_square_error: 30.441 reward_error: 1.555
INFO : 2021-01-22 17:40:59,510 : state_square_error: 143.292 reward_error: 5.000
INFO : 2021-01-22 17:41:18,115 : state_square_error: 157.922 reward_error: 9.347
INFO : 2021-01-22 17:41:36,747 : state_square_error: 49.195 reward_error: 3.459
INFO : 2021-01-22 17:41:55,276 : state_square_error: 35.159 reward_error: 8.887
INFO : 2021-01-22 17:42:13,685 : episode: 89 score: 2862.1 100 games avg: 2862.1 steps 1000 
INFO : 2021-01-22 17:42:38,230 : state_square_error: 11.401 reward_error: 9.863
INFO : 2021-01-22 17:42:56,857 : state_square_error: 26.631 reward_error: 4.899
INFO : 2021-01-22 17:43:15,433 : state_square_error: 35.021 reward_error: 5.367
INFO : 2021-01-22 17:43:34,068 : state_square_error: 61.589 reward_error: 4.147
INFO : 2021-01-22 17:43:52,695 : state_square_error: 23.638 reward_error: 5.993
INFO : 2021-01-22 17:44:11,342 : state_square_error: 20.265 reward_error: 5.000
INFO : 2021-01-22 17:44:29,934 : state_square_error: 146.870 reward_error: 8.887
INFO : 2021-01-22 17:44:48,574 : state_square_error: 75.106 reward_error: 3.716
INFO : 2021-01-22 17:45:07,264 : state_square_error: 32.161 reward_error: 12.813
INFO : 2021-01-22 17:45:25,938 : state_square_error: 202.552 reward_error: 9.471
INFO : 2021-01-22 17:45:44,425 : episode: 90 score: 2992.9 100 games avg: 2992.9 steps 1000 
INFO : 2021-01-22 17:46:09,151 : state_square_error: 54.060 reward_error: 7.513
INFO : 2021-01-22 17:46:27,726 : state_square_error: 25.149 reward_error: 8.787
INFO : 2021-01-22 17:46:46,283 : state_square_error: 78.165 reward_error: 4.680
INFO : 2021-01-22 17:47:04,873 : state_square_error: 78.067 reward_error: 2.854
INFO : 2021-01-22 17:47:23,481 : state_square_error: 137.531 reward_error: 7.071
INFO : 2021-01-22 17:47:42,047 : state_square_error: 79.692 reward_error: 6.607
INFO : 2021-01-22 17:48:00,644 : state_square_error: 30.184 reward_error: 10.631
INFO : 2021-01-22 17:48:19,280 : state_square_error: 50.433 reward_error: 6.978
INFO : 2021-01-22 17:48:37,878 : state_square_error: 23.116 reward_error: 5.912
INFO : 2021-01-22 17:48:56,516 : state_square_error: 21.363 reward_error: 6.675
INFO : 2021-01-22 17:49:14,989 : episode: 91 score: 2871.6 100 games avg: 2871.6 steps 1000 
INFO : 2021-01-22 17:49:39,869 : state_square_error: 10.447 reward_error: 8.916
INFO : 2021-01-22 17:49:58,506 : state_square_error: 47.042 reward_error: 8.622
INFO : 2021-01-22 17:50:17,157 : state_square_error: 60.449 reward_error: 9.355
INFO : 2021-01-22 17:50:35,725 : state_square_error: 30.848 reward_error: 7.213
INFO : 2021-01-22 17:50:54,367 : state_square_error: 86.895 reward_error: 10.844
INFO : 2021-01-22 17:51:13,026 : state_square_error: 60.477 reward_error: 3.062
INFO : 2021-01-22 17:51:31,662 : state_square_error: 66.780 reward_error: 5.176
INFO : 2021-01-22 17:51:50,132 : state_square_error: 167.629 reward_error: 6.446
INFO : 2021-01-22 17:52:08,613 : state_square_error: 16.037 reward_error: 5.037
INFO : 2021-01-22 17:52:27,215 : state_square_error: 117.015 reward_error: 8.662
INFO : 2021-01-22 17:52:45,586 : episode: 92 score: 2821.1 100 games avg: 2821.1 steps 1000 
INFO : 2021-01-22 17:53:10,722 : state_square_error: 9.977 reward_error: 6.906
INFO : 2021-01-22 17:53:29,366 : state_square_error: 76.378 reward_error: 8.443
INFO : 2021-01-22 17:53:48,015 : state_square_error: 53.605 reward_error: 10.337
INFO : 2021-01-22 17:54:06,655 : state_square_error: 69.031 reward_error: 8.993
INFO : 2021-01-22 17:54:25,296 : state_square_error: 74.555 reward_error: 8.838
INFO : 2021-01-22 17:54:43,897 : state_square_error: 145.207 reward_error: 14.725
INFO : 2021-01-22 17:55:02,554 : state_square_error: 106.188 reward_error: 6.793
INFO : 2021-01-22 17:55:21,144 : state_square_error: 33.900 reward_error: 3.178
INFO : 2021-01-22 17:55:39,694 : state_square_error: 24.018 reward_error: 7.324
INFO : 2021-01-22 17:55:58,410 : state_square_error: 32.874 reward_error: 3.046
INFO : 2021-01-22 17:56:16,865 : episode: 93 score: 2702.0 100 games avg: 2702.0 steps 1000 
INFO : 2021-01-22 17:56:42,293 : state_square_error: 37.348 reward_error: 9.386
INFO : 2021-01-22 17:57:00,966 : state_square_error: 17.904 reward_error: 6.620
INFO : 2021-01-22 17:57:19,573 : state_square_error: 42.265 reward_error: 10.118
INFO : 2021-01-22 17:57:38,193 : state_square_error: 149.993 reward_error: 10.868
INFO : 2021-01-22 17:57:56,764 : state_square_error: 54.400 reward_error: 8.720
INFO : 2021-01-22 17:58:15,363 : state_square_error: 19.849 reward_error: 4.923
INFO : 2021-01-22 17:58:33,959 : state_square_error: 23.898 reward_error: 5.037
INFO : 2021-01-22 17:58:52,528 : state_square_error: 28.784 reward_error: 9.954
INFO : 2021-01-22 17:59:11,167 : state_square_error: 24.199 reward_error: 5.595
INFO : 2021-01-22 17:59:29,717 : state_square_error: 162.679 reward_error: 7.688
INFO : 2021-01-22 17:59:48,165 : episode: 94 score: 2893.5 100 games avg: 2893.5 steps 1000 
INFO : 2021-01-22 18:00:13,844 : state_square_error: 36.084 reward_error: 6.559
INFO : 2021-01-22 18:00:32,447 : state_square_error: 30.333 reward_error: 8.295
INFO : 2021-01-22 18:00:51,080 : state_square_error: 10.558 reward_error: 5.105
INFO : 2021-01-22 18:01:09,690 : state_square_error: 119.758 reward_error: 1.620
INFO : 2021-01-22 18:01:28,340 : state_square_error: 73.465 reward_error: 9.497
INFO : 2021-01-22 18:01:46,853 : state_square_error: 17.275 reward_error: 2.446
INFO : 2021-01-22 18:02:05,585 : state_square_error: 60.710 reward_error: 8.370
INFO : 2021-01-22 18:02:24,235 : state_square_error: 162.056 reward_error: 8.756
INFO : 2021-01-22 18:02:42,745 : state_square_error: 35.516 reward_error: 7.240
INFO : 2021-01-22 18:03:01,335 : state_square_error: 51.967 reward_error: 9.929
INFO : 2021-01-22 18:03:19,806 : episode: 95 score: 2773.1 100 games avg: 2773.1 steps 1000 
INFO : 2021-01-22 18:03:45,895 : state_square_error: 103.676 reward_error: 7.140
INFO : 2021-01-22 18:04:04,521 : state_square_error: 18.936 reward_error: 7.757
INFO : 2021-01-22 18:04:23,045 : state_square_error: 33.874 reward_error: 6.836
INFO : 2021-01-22 18:04:41,669 : state_square_error: 109.740 reward_error: 7.203
INFO : 2021-01-22 18:05:00,373 : state_square_error: 37.201 reward_error: 4.622
INFO : 2021-01-22 18:05:19,082 : state_square_error: 153.252 reward_error: 4.520
INFO : 2021-01-22 18:05:37,639 : state_square_error: 198.473 reward_error: 5.485
INFO : 2021-01-22 18:05:56,294 : state_square_error: 14.523 reward_error: 3.614
INFO : 2021-01-22 18:06:14,872 : state_square_error: 60.178 reward_error: 7.662
INFO : 2021-01-22 18:06:33,478 : state_square_error: 11.376 reward_error: 10.539
INFO : 2021-01-22 18:06:51,957 : episode: 96 score: 2830.6 100 games avg: 2830.6 steps 1000 
INFO : 2021-01-22 18:07:18,015 : state_square_error: 61.280 reward_error: 4.966
INFO : 2021-01-22 18:07:36,621 : state_square_error: 13.992 reward_error: 3.849
INFO : 2021-01-22 18:07:55,224 : state_square_error: 8.435 reward_error: 5.483
INFO : 2021-01-22 18:08:13,825 : state_square_error: 165.757 reward_error: 10.320
INFO : 2021-01-22 18:08:32,479 : state_square_error: 55.773 reward_error: 7.968
INFO : 2021-01-22 18:08:51,166 : state_square_error: 17.649 reward_error: 5.687
INFO : 2021-01-22 18:09:09,747 : state_square_error: 57.048 reward_error: 7.114
INFO : 2021-01-22 18:09:28,385 : state_square_error: 100.259 reward_error: 8.148
INFO : 2021-01-22 18:09:47,046 : state_square_error: 92.183 reward_error: 3.545
INFO : 2021-01-22 18:10:05,739 : state_square_error: 59.662 reward_error: 8.799
INFO : 2021-01-22 18:10:24,259 : episode: 97 score: 2926.4 100 games avg: 2926.4 steps 1000 
INFO : 2021-01-22 18:10:50,748 : state_square_error: 59.211 reward_error: 7.065
INFO : 2021-01-22 18:11:09,373 : state_square_error: 78.090 reward_error: 11.656
INFO : 2021-01-22 18:11:27,925 : state_square_error: 45.640 reward_error: 9.880
INFO : 2021-01-22 18:11:46,647 : state_square_error: 85.090 reward_error: 3.790
INFO : 2021-01-22 18:12:05,276 : state_square_error: 87.482 reward_error: 6.829
INFO : 2021-01-22 18:12:23,915 : state_square_error: 45.671 reward_error: 4.274
INFO : 2021-01-22 18:12:42,514 : state_square_error: 33.866 reward_error: 3.117
INFO : 2021-01-22 18:13:01,080 : state_square_error: 59.628 reward_error: 5.580
INFO : 2021-01-22 18:13:19,694 : state_square_error: 9.077 reward_error: 6.120
INFO : 2021-01-22 18:13:38,298 : state_square_error: 81.466 reward_error: 11.657
INFO : 2021-01-22 18:13:56,620 : episode: 98 score: 3029.5 100 games avg: 3029.5 steps 1000 
INFO : 2021-01-22 18:14:23,349 : state_square_error: 73.779 reward_error: 10.191
INFO : 2021-01-22 18:14:41,972 : state_square_error: 20.627 reward_error: 8.507
INFO : 2021-01-22 18:15:00,533 : state_square_error: 107.176 reward_error: 11.278
INFO : 2021-01-22 18:15:19,150 : state_square_error: 108.674 reward_error: 13.505
INFO : 2021-01-22 18:15:37,751 : state_square_error: 72.025 reward_error: 12.548
INFO : 2021-01-22 18:15:56,369 : state_square_error: 99.167 reward_error: 10.668
INFO : 2021-01-22 18:16:15,060 : state_square_error: 23.690 reward_error: 14.674
INFO : 2021-01-22 18:16:33,673 : state_square_error: 198.880 reward_error: 5.396
INFO : 2021-01-22 18:16:52,346 : state_square_error: 43.421 reward_error: 9.752
INFO : 2021-01-22 18:17:10,954 : state_square_error: 39.779 reward_error: 19.118
INFO : 2021-01-22 18:17:29,428 : episode: 99 score: 3094.4 100 games avg: 3094.4 steps 1000 
