INFO : 2021-02-02 02:20:15,709 : method: Model Predictive Contorol
INFO : 2021-02-02 02:20:15,709 : parameter n_steps: 100 ensemble_size: 5 env: Continuous_CartPole
INFO : 2021-02-02 02:20:18,123 : mpc horizon: 10 mpc_samples: 100 elite_sample: 30 grad_steps: 10
INFO : 2021-02-02 02:20:18,123 : mpc_function policy-kl5
INFO : 2021-02-02 02:20:18,123 : policy-kl5
INFO : 2021-02-02 02:20:21,146 : episode: 0 score: 13.0 100 games avg: 13.0 steps 14 
INFO : 2021-02-02 02:20:24,020 : episode: 1 score: 12.0 100 games avg: 12.0 steps 13 
INFO : 2021-02-02 02:20:28,203 : episode: 2 score: 18.0 100 games avg: 18.0 steps 19 
INFO : 2021-02-02 02:20:31,723 : episode: 3 score: 15.0 100 games avg: 15.0 steps 16 
INFO : 2021-02-02 02:20:37,188 : episode: 4 score: 24.0 100 games avg: 24.0 steps 25 
INFO : 2021-02-02 02:20:40,714 : episode: 5 score: 15.0 100 games avg: 15.0 steps 16 
INFO : 2021-02-02 02:20:44,023 : episode: 6 score: 14.0 100 games avg: 14.0 steps 15 
INFO : 2021-02-02 02:20:48,605 : episode: 7 score: 20.0 100 games avg: 20.0 steps 21 
INFO : 2021-02-02 02:20:52,329 : episode: 8 score: 16.0 100 games avg: 16.0 steps 17 
INFO : 2021-02-02 02:20:55,674 : episode: 9 score: 14.0 100 games avg: 14.0 steps 15 
INFO : 2021-02-02 02:20:59,617 : episode: 10 score: 17.0 100 games avg: 17.0 steps 18 
INFO : 2021-02-02 02:21:07,009 : episode: 11 score: 33.0 100 games avg: 33.0 steps 34 
INFO : 2021-02-02 02:21:11,167 : episode: 12 score: 18.0 100 games avg: 18.0 steps 19 
INFO : 2021-02-02 02:21:14,506 : episode: 13 score: 14.0 100 games avg: 14.0 steps 15 
INFO : 2021-02-02 02:21:17,419 : episode: 14 score: 11.0 100 games avg: 11.0 steps 12 
INFO : 2021-02-02 02:21:32,648 : episode: 15 score: 63.0 100 games avg: 63.0 steps 64 
INFO : 2021-02-02 02:21:35,568 : episode: 16 score: 11.0 100 games avg: 11.0 steps 12 
INFO : 2021-02-02 02:21:40,375 : episode: 17 score: 19.0 100 games avg: 19.0 steps 20 
INFO : 2021-02-02 02:21:46,161 : episode: 18 score: 23.0 100 games avg: 23.0 steps 24 
INFO : 2021-02-02 02:21:48,157 : episode: 19 score: 7.0 100 games avg: 7.0 steps 8 
INFO : 2021-02-02 02:21:56,536 : episode: 20 score: 34.0 100 games avg: 34.0 steps 35 
INFO : 2021-02-02 02:21:58,035 : episode: 21 score: 5.0 100 games avg: 5.0 steps 6 
INFO : 2021-02-02 02:22:09,785 : episode: 22 score: 48.0 100 games avg: 48.0 steps 49 
INFO : 2021-02-02 02:22:20,070 : episode: 23 score: 42.0 100 games avg: 42.0 steps 43 
INFO : 2021-02-02 02:22:26,627 : episode: 24 score: 26.0 100 games avg: 26.0 steps 27 
INFO : 2021-02-02 02:22:31,762 : episode: 25 score: 20.0 100 games avg: 20.0 steps 21 
INFO : 2021-02-02 02:22:37,588 : episode: 26 score: 23.0 100 games avg: 23.0 steps 24 
INFO : 2021-02-02 02:22:42,502 : episode: 27 score: 19.0 100 games avg: 19.0 steps 20 
INFO : 2021-02-02 02:22:44,314 : episode: 28 score: 6.0 100 games avg: 6.0 steps 7 
INFO : 2021-02-02 02:22:53,744 : episode: 29 score: 38.0 100 games avg: 38.0 steps 39 
INFO : 2021-02-02 02:23:06,495 : episode: 30 score: 52.0 100 games avg: 52.0 steps 53 
INFO : 2021-02-02 02:23:10,222 : episode: 31 score: 14.0 100 games avg: 14.0 steps 15 
INFO : 2021-02-02 02:23:17,500 : episode: 32 score: 29.0 100 games avg: 29.0 steps 30 
INFO : 2021-02-02 02:23:29,580 : episode: 33 score: 49.0 100 games avg: 49.0 steps 50 
INFO : 2021-02-02 02:23:37,882 : episode: 34 score: 33.0 100 games avg: 33.0 steps 34 
INFO : 2021-02-02 02:23:46,165 : episode: 35 score: 33.0 100 games avg: 33.0 steps 34 
INFO : 2021-02-02 02:23:55,142 : episode: 36 score: 36.0 100 games avg: 36.0 steps 37 
INFO : 2021-02-02 02:24:02,964 : episode: 37 score: 31.0 100 games avg: 31.0 steps 32 
INFO : 2021-02-02 02:24:17,927 : episode: 38 score: 61.0 100 games avg: 61.0 steps 62 
INFO : 2021-02-02 02:24:40,493 : episode: 39 score: 93.0 100 games avg: 93.0 steps 94 
INFO : 2021-02-02 02:24:43,163 : episode: 40 score: 9.0 100 games avg: 9.0 steps 10 
INFO : 2021-02-02 02:25:00,515 : episode: 41 score: 71.0 100 games avg: 71.0 steps 72 
INFO : 2021-02-02 02:25:19,545 : episode: 42 score: 78.0 100 games avg: 78.0 steps 79 
INFO : 2021-02-02 02:25:58,765 : episode: 43 score: 163.0 100 games avg: 163.0 steps 164 
INFO : 2021-02-02 02:26:43,548 : episode: 44 score: 186.0 100 games avg: 186.0 steps 187 
INFO : 2021-02-02 02:27:24,100 : episode: 45 score: 168.0 100 games avg: 168.0 steps 169 
INFO : 2021-02-02 02:28:08,053 : episode: 46 score: 182.0 100 games avg: 182.0 steps 183 
INFO : 2021-02-02 02:28:52,359 : episode: 47 score: 183.0 100 games avg: 183.0 steps 184 
INFO : 2021-02-02 02:29:40,817 : episode: 48 score: 200.0 100 games avg: 200.0 steps 201 
INFO : 2021-02-02 02:30:29,210 : episode: 49 score: 200.0 100 games avg: 200.0 steps 201 
INFO : 2021-02-02 02:31:17,612 : episode: 50 score: 200.0 100 games avg: 200.0 steps 201 
INFO : 2021-02-02 02:32:06,059 : episode: 51 score: 200.0 100 games avg: 200.0 steps 201 
INFO : 2021-02-02 02:32:53,544 : episode: 52 score: 196.0 100 games avg: 196.0 steps 197 
INFO : 2021-02-02 02:33:39,791 : episode: 53 score: 190.0 100 games avg: 190.0 steps 191 
INFO : 2021-02-02 02:34:20,749 : episode: 54 score: 168.0 100 games avg: 168.0 steps 169 
INFO : 2021-02-02 02:35:04,465 : episode: 55 score: 179.0 100 games avg: 179.0 steps 180 
INFO : 2021-02-02 02:35:53,117 : episode: 56 score: 200.0 100 games avg: 200.0 steps 201 
INFO : 2021-02-02 02:36:41,566 : episode: 57 score: 199.0 100 games avg: 199.0 steps 200 
INFO : 2021-02-02 02:37:28,336 : episode: 58 score: 191.0 100 games avg: 191.0 steps 192 
INFO : 2021-02-02 02:38:17,170 : episode: 59 score: 200.0 100 games avg: 200.0 steps 201 
INFO : 2021-02-02 02:39:01,614 : episode: 60 score: 181.0 100 games avg: 181.0 steps 182 
INFO : 2021-02-02 02:39:48,059 : episode: 61 score: 189.0 100 games avg: 189.0 steps 190 
INFO : 2021-02-02 02:40:27,365 : episode: 62 score: 159.0 100 games avg: 159.0 steps 160 
INFO : 2021-02-02 02:41:16,423 : episode: 63 score: 200.0 100 games avg: 200.0 steps 201 
INFO : 2021-02-02 02:42:05,636 : episode: 64 score: 200.0 100 games avg: 200.0 steps 201 
INFO : 2021-02-02 02:42:54,819 : episode: 65 score: 200.0 100 games avg: 200.0 steps 201 
INFO : 2021-02-02 02:43:44,024 : episode: 66 score: 200.0 100 games avg: 200.0 steps 201 
INFO : 2021-02-02 02:44:33,248 : episode: 67 score: 200.0 100 games avg: 200.0 steps 201 
INFO : 2021-02-02 02:45:22,693 : episode: 68 score: 200.0 100 games avg: 200.0 steps 201 
INFO : 2021-02-02 02:46:12,147 : episode: 69 score: 200.0 100 games avg: 200.0 steps 201 
INFO : 2021-02-02 02:46:53,290 : episode: 70 score: 164.0 100 games avg: 164.0 steps 165 
INFO : 2021-02-02 02:47:42,613 : episode: 71 score: 199.0 100 games avg: 199.0 steps 200 
INFO : 2021-02-02 02:48:21,685 : episode: 72 score: 156.0 100 games avg: 156.0 steps 157 
INFO : 2021-02-02 02:49:03,039 : episode: 73 score: 165.0 100 games avg: 165.0 steps 166 
INFO : 2021-02-02 02:49:52,706 : episode: 74 score: 200.0 100 games avg: 200.0 steps 201 
INFO : 2021-02-02 02:50:38,288 : episode: 75 score: 182.0 100 games avg: 182.0 steps 183 
INFO : 2021-02-02 02:51:27,810 : episode: 76 score: 199.0 100 games avg: 199.0 steps 200 
INFO : 2021-02-02 02:52:07,297 : episode: 77 score: 156.0 100 games avg: 156.0 steps 157 
INFO : 2021-02-02 02:52:47,493 : episode: 78 score: 159.0 100 games avg: 159.0 steps 160 
INFO : 2021-02-02 02:53:31,267 : episode: 79 score: 174.0 100 games avg: 174.0 steps 175 
INFO : 2021-02-02 02:54:19,290 : episode: 80 score: 192.0 100 games avg: 192.0 steps 193 
INFO : 2021-02-02 02:54:59,762 : episode: 81 score: 160.0 100 games avg: 160.0 steps 161 
INFO : 2021-02-02 02:55:49,837 : episode: 82 score: 199.0 100 games avg: 199.0 steps 200 
INFO : 2021-02-02 02:56:37,281 : episode: 83 score: 188.0 100 games avg: 188.0 steps 189 
INFO : 2021-02-02 02:57:26,986 : episode: 84 score: 198.0 100 games avg: 198.0 steps 199 
INFO : 2021-02-02 02:58:17,163 : episode: 85 score: 200.0 100 games avg: 200.0 steps 201 
INFO : 2021-02-02 02:59:01,137 : episode: 86 score: 173.0 100 games avg: 173.0 steps 174 
INFO : 2021-02-02 02:59:42,082 : episode: 87 score: 160.0 100 games avg: 160.0 steps 161 
INFO : 2021-02-02 03:00:25,628 : episode: 88 score: 171.0 100 games avg: 171.0 steps 172 
INFO : 2021-02-02 03:01:09,129 : episode: 89 score: 171.0 100 games avg: 171.0 steps 172 
INFO : 2021-02-02 03:01:51,229 : episode: 90 score: 164.0 100 games avg: 164.0 steps 165 
INFO : 2021-02-02 03:02:35,384 : episode: 91 score: 173.0 100 games avg: 173.0 steps 174 
INFO : 2021-02-02 03:03:18,160 : episode: 92 score: 167.0 100 games avg: 167.0 steps 168 
INFO : 2021-02-02 03:04:01,088 : episode: 93 score: 168.0 100 games avg: 168.0 steps 169 
INFO : 2021-02-02 03:04:47,581 : episode: 94 score: 183.0 100 games avg: 183.0 steps 184 
INFO : 2021-02-02 03:05:38,374 : episode: 95 score: 200.0 100 games avg: 200.0 steps 201 
INFO : 2021-02-02 03:06:23,071 : episode: 96 score: 174.0 100 games avg: 174.0 steps 175 
INFO : 2021-02-02 03:07:05,080 : episode: 97 score: 163.0 100 games avg: 163.0 steps 164 
INFO : 2021-02-02 03:07:52,671 : episode: 98 score: 186.0 100 games avg: 186.0 steps 187 
INFO : 2021-02-02 03:08:39,971 : episode: 99 score: 185.0 100 games avg: 185.0 steps 186 
