INFO : 2020-12-23 18:23:59,942 : method: Model Predictive Contorol
INFO : 2020-12-23 18:23:59,943 : parameter n_steps: 100 ensemble_size: 5 env: HalfCheetah-v2
INFO : 2020-12-23 18:24:02,880 : mpc horizon: 5 mpc_samples: 100 grad_steps: 10
INFO : 2020-12-23 18:24:02,880 : mpc_function policy
INFO : 2020-12-23 18:27:32,744 : episode: 0 score: -440.5 100 games avg: -440.5 steps 1000 
INFO : 2020-12-23 18:31:03,973 : episode: 1 score: -613.2 100 games avg: -613.2 steps 1000 
INFO : 2020-12-23 18:34:35,532 : episode: 2 score: -508.1 100 games avg: -508.1 steps 1000 
INFO : 2020-12-23 18:38:06,077 : episode: 3 score: -588.4 100 games avg: -588.4 steps 1000 
INFO : 2020-12-23 18:41:37,650 : episode: 4 score: -356.1 100 games avg: -356.1 steps 1000 
INFO : 2020-12-23 18:45:09,046 : episode: 5 score: -339.4 100 games avg: -339.4 steps 1000 
INFO : 2020-12-23 18:48:38,908 : episode: 6 score: -444.3 100 games avg: -444.3 steps 1000 
INFO : 2020-12-23 18:52:10,501 : episode: 7 score: -352.5 100 games avg: -352.5 steps 1000 
INFO : 2020-12-23 18:55:44,384 : episode: 8 score: -337.0 100 games avg: -337.0 steps 1000 
INFO : 2020-12-23 18:59:17,503 : episode: 9 score: -298.6 100 games avg: -298.6 steps 1000 
INFO : 2020-12-23 19:02:49,317 : episode: 10 score: -264.5 100 games avg: -264.5 steps 1000 
INFO : 2020-12-23 19:06:21,702 : episode: 11 score: -139.2 100 games avg: -139.2 steps 1000 
INFO : 2020-12-23 19:09:55,068 : episode: 12 score: -243.8 100 games avg: -243.8 steps 1000 
INFO : 2020-12-23 19:13:29,647 : episode: 13 score: -126.8 100 games avg: -126.8 steps 1000 
INFO : 2020-12-23 19:17:03,183 : episode: 14 score: 88.9 100 games avg: 88.9 steps 1000 
INFO : 2020-12-23 19:20:38,618 : episode: 15 score: -154.7 100 games avg: -154.7 steps 1000 
INFO : 2020-12-23 19:24:14,266 : episode: 16 score: -217.5 100 games avg: -217.5 steps 1000 
INFO : 2020-12-23 19:27:50,098 : episode: 17 score: -145.0 100 games avg: -145.0 steps 1000 
INFO : 2020-12-23 19:31:27,033 : episode: 18 score: -114.3 100 games avg: -114.3 steps 1000 
INFO : 2020-12-23 19:35:05,960 : episode: 19 score: -122.5 100 games avg: -122.5 steps 1000 
INFO : 2020-12-23 19:38:43,866 : episode: 20 score: -126.6 100 games avg: -126.6 steps 1000 
INFO : 2020-12-23 19:42:21,183 : episode: 21 score: -152.9 100 games avg: -152.9 steps 1000 
INFO : 2020-12-23 19:45:57,404 : episode: 22 score: -122.4 100 games avg: -122.4 steps 1000 
INFO : 2020-12-23 19:49:34,278 : episode: 23 score: -98.2 100 games avg: -98.2 steps 1000 
INFO : 2020-12-23 19:53:10,979 : episode: 24 score: -137.5 100 games avg: -137.5 steps 1000 
INFO : 2020-12-23 19:56:50,557 : episode: 25 score: -79.7 100 games avg: -79.7 steps 1000 
INFO : 2020-12-23 20:00:31,782 : episode: 26 score: -71.8 100 games avg: -71.8 steps 1000 
INFO : 2020-12-23 20:04:10,414 : episode: 27 score: -30.9 100 games avg: -30.9 steps 1000 
INFO : 2020-12-23 20:07:50,175 : episode: 28 score: -74.6 100 games avg: -74.6 steps 1000 
INFO : 2020-12-23 20:11:30,040 : episode: 29 score: -120.0 100 games avg: -120.0 steps 1000 
INFO : 2020-12-23 20:15:10,722 : episode: 30 score: -70.3 100 games avg: -70.3 steps 1000 
INFO : 2020-12-23 20:18:52,466 : episode: 31 score: -62.1 100 games avg: -62.1 steps 1000 
INFO : 2020-12-23 20:22:32,795 : episode: 32 score: 100.3 100 games avg: 100.3 steps 1000 
INFO : 2020-12-23 20:26:13,030 : episode: 33 score: 155.7 100 games avg: 155.7 steps 1000 
INFO : 2020-12-23 20:29:53,903 : episode: 34 score: 89.2 100 games avg: 89.2 steps 1000 
INFO : 2020-12-23 20:33:35,224 : episode: 35 score: 247.2 100 games avg: 247.2 steps 1000 
INFO : 2020-12-23 20:37:16,149 : episode: 36 score: 135.0 100 games avg: 135.0 steps 1000 
INFO : 2020-12-23 20:40:57,646 : episode: 37 score: 244.7 100 games avg: 244.7 steps 1000 
INFO : 2020-12-23 20:44:40,898 : episode: 38 score: 131.3 100 games avg: 131.3 steps 1000 
INFO : 2020-12-23 20:48:22,130 : episode: 39 score: -105.6 100 games avg: -105.6 steps 1000 
INFO : 2020-12-23 20:52:04,629 : episode: 40 score: 170.8 100 games avg: 170.8 steps 1000 
INFO : 2020-12-23 20:55:46,334 : episode: 41 score: 162.3 100 games avg: 162.3 steps 1000 
INFO : 2020-12-23 20:59:28,980 : episode: 42 score: 274.2 100 games avg: 274.2 steps 1000 
INFO : 2020-12-23 21:03:12,227 : episode: 43 score: 284.7 100 games avg: 284.7 steps 1000 
INFO : 2020-12-23 21:06:56,382 : episode: 44 score: 351.6 100 games avg: 351.6 steps 1000 
INFO : 2020-12-23 21:10:41,945 : episode: 45 score: -58.5 100 games avg: -58.5 steps 1000 
INFO : 2020-12-23 21:14:27,322 : episode: 46 score: 381.7 100 games avg: 381.7 steps 1000 
INFO : 2020-12-23 21:18:12,713 : episode: 47 score: 368.8 100 games avg: 368.8 steps 1000 
INFO : 2020-12-23 21:21:58,974 : episode: 48 score: 453.1 100 games avg: 453.1 steps 1000 
INFO : 2020-12-23 21:25:46,778 : episode: 49 score: 833.7 100 games avg: 833.7 steps 1000 
INFO : 2020-12-23 21:29:33,697 : episode: 50 score: 887.7 100 games avg: 887.7 steps 1000 
INFO : 2020-12-23 21:33:20,697 : episode: 51 score: 967.5 100 games avg: 967.5 steps 1000 
INFO : 2020-12-23 21:37:07,354 : episode: 52 score: 1049.2 100 games avg: 1049.2 steps 1000 
INFO : 2020-12-23 21:40:54,276 : episode: 53 score: 1129.5 100 games avg: 1129.5 steps 1000 
INFO : 2020-12-23 21:44:39,997 : episode: 54 score: 1223.8 100 games avg: 1223.8 steps 1000 
INFO : 2020-12-23 21:48:28,429 : episode: 55 score: 908.9 100 games avg: 908.9 steps 1000 
INFO : 2020-12-23 21:52:16,946 : episode: 56 score: 1388.7 100 games avg: 1388.7 steps 1000 
INFO : 2020-12-23 21:56:05,024 : episode: 57 score: 1415.0 100 games avg: 1415.0 steps 1000 
INFO : 2020-12-23 21:59:52,566 : episode: 58 score: 763.9 100 games avg: 763.9 steps 1000 
INFO : 2020-12-23 22:03:41,281 : episode: 59 score: 1527.4 100 games avg: 1527.4 steps 1000 
INFO : 2020-12-23 22:07:32,368 : episode: 60 score: 1697.9 100 games avg: 1697.9 steps 1000 
INFO : 2020-12-23 22:11:22,564 : episode: 61 score: 1638.3 100 games avg: 1638.3 steps 1000 
INFO : 2020-12-23 22:15:15,983 : episode: 62 score: 1750.3 100 games avg: 1750.3 steps 1000 
INFO : 2020-12-23 22:19:07,238 : episode: 63 score: 1909.5 100 games avg: 1909.5 steps 1000 
INFO : 2020-12-23 22:22:58,160 : episode: 64 score: 1229.1 100 games avg: 1229.1 steps 1000 
INFO : 2020-12-23 22:26:49,510 : episode: 65 score: 1257.9 100 games avg: 1257.9 steps 1000 
INFO : 2020-12-23 22:30:41,127 : episode: 66 score: 852.6 100 games avg: 852.6 steps 1000 
INFO : 2020-12-23 22:34:33,227 : episode: 67 score: 823.2 100 games avg: 823.2 steps 1000 
INFO : 2020-12-23 22:38:26,249 : episode: 68 score: 949.3 100 games avg: 949.3 steps 1000 
INFO : 2020-12-23 22:42:18,136 : episode: 69 score: 842.6 100 games avg: 842.6 steps 1000 
INFO : 2020-12-23 22:46:11,840 : episode: 70 score: 939.6 100 games avg: 939.6 steps 1000 
INFO : 2020-12-23 22:50:05,864 : episode: 71 score: 1943.6 100 games avg: 1943.6 steps 1000 
INFO : 2020-12-23 22:54:00,295 : episode: 72 score: 1286.2 100 games avg: 1286.2 steps 1000 
INFO : 2020-12-23 22:57:54,369 : episode: 73 score: 1243.1 100 games avg: 1243.1 steps 1000 
INFO : 2020-12-23 23:01:47,945 : episode: 74 score: 2222.3 100 games avg: 2222.3 steps 1000 
INFO : 2020-12-23 23:05:42,995 : episode: 75 score: 2116.7 100 games avg: 2116.7 steps 1000 
INFO : 2020-12-23 23:09:37,905 : episode: 76 score: 1428.5 100 games avg: 1428.5 steps 1000 
INFO : 2020-12-23 23:13:33,958 : episode: 77 score: 899.4 100 games avg: 899.4 steps 1000 
INFO : 2020-12-23 23:17:28,450 : episode: 78 score: 2185.8 100 games avg: 2185.8 steps 1000 
INFO : 2020-12-23 23:21:25,011 : episode: 79 score: 1959.1 100 games avg: 1959.1 steps 1000 
INFO : 2020-12-23 23:25:22,507 : episode: 80 score: 2277.5 100 games avg: 2277.5 steps 1000 
INFO : 2020-12-23 23:29:20,317 : episode: 81 score: 2032.6 100 games avg: 2032.6 steps 1000 
INFO : 2020-12-23 23:33:17,490 : episode: 82 score: 955.9 100 games avg: 955.9 steps 1000 
INFO : 2020-12-23 23:37:14,980 : episode: 83 score: 1207.8 100 games avg: 1207.8 steps 1000 
INFO : 2020-12-23 23:41:14,619 : episode: 84 score: 2180.7 100 games avg: 2180.7 steps 1000 
INFO : 2020-12-23 23:45:13,126 : episode: 85 score: 2171.8 100 games avg: 2171.8 steps 1000 
INFO : 2020-12-23 23:49:10,260 : episode: 86 score: 1065.1 100 games avg: 1065.1 steps 1000 
INFO : 2020-12-23 23:53:07,551 : episode: 87 score: 2405.0 100 games avg: 2405.0 steps 1000 
INFO : 2020-12-23 23:57:05,572 : episode: 88 score: 1681.9 100 games avg: 1681.9 steps 1000 
INFO : 2020-12-24 00:01:04,092 : episode: 89 score: 2533.1 100 games avg: 2533.1 steps 1000 
INFO : 2020-12-24 00:05:03,053 : episode: 90 score: 2660.8 100 games avg: 2660.8 steps 1000 
INFO : 2020-12-24 00:09:00,866 : episode: 91 score: 2846.8 100 games avg: 2846.8 steps 1000 
INFO : 2020-12-24 00:13:00,080 : episode: 92 score: 2628.3 100 games avg: 2628.3 steps 1000 
INFO : 2020-12-24 00:17:01,282 : episode: 93 score: 2934.7 100 games avg: 2934.7 steps 1000 
INFO : 2020-12-24 00:21:01,408 : episode: 94 score: 1369.7 100 games avg: 1369.7 steps 1000 
INFO : 2020-12-24 00:25:01,259 : episode: 95 score: 2837.0 100 games avg: 2837.0 steps 1000 
INFO : 2020-12-24 00:29:01,383 : episode: 96 score: 2093.6 100 games avg: 2093.6 steps 1000 
INFO : 2020-12-24 00:33:01,855 : episode: 97 score: 2787.1 100 games avg: 2787.1 steps 1000 
INFO : 2020-12-24 00:37:03,902 : episode: 98 score: 2072.8 100 games avg: 2072.8 steps 1000 
INFO : 2020-12-24 00:41:00,420 : episode: 99 score: 2808.7 100 games avg: 2808.7 steps 1000 
