INFO : 2021-02-02 12:28:42,374 : method: Model Predictive Contorol
INFO : 2021-02-02 12:28:42,375 : parameter n_steps: 100 ensemble_size: 5 env: Continuous_CartPole
INFO : 2021-02-02 12:28:45,422 : mpc horizon: 10 mpc_samples: 100 elite_sample: 30 grad_steps: 10
INFO : 2021-02-02 12:28:45,422 : mpc_function policy-kl5
INFO : 2021-02-02 12:28:45,423 : policy-kl5
INFO : 2021-02-02 12:28:55,979 : episode: 0 score: 45.0 100 games avg: 45.0 steps 46 
INFO : 2021-02-02 12:29:01,664 : episode: 1 score: 23.0 100 games avg: 23.0 steps 24 
INFO : 2021-02-02 12:29:07,254 : episode: 2 score: 23.0 100 games avg: 23.0 steps 24 
INFO : 2021-02-02 12:29:18,347 : episode: 3 score: 47.0 100 games avg: 47.0 steps 48 
INFO : 2021-02-02 12:29:31,053 : episode: 4 score: 54.0 100 games avg: 54.0 steps 55 
INFO : 2021-02-02 12:29:38,869 : episode: 5 score: 32.0 100 games avg: 32.0 steps 33 
INFO : 2021-02-02 12:29:47,443 : episode: 6 score: 35.0 100 games avg: 35.0 steps 36 
INFO : 2021-02-02 12:29:50,053 : episode: 7 score: 9.0 100 games avg: 9.0 steps 10 
INFO : 2021-02-02 12:29:52,914 : episode: 8 score: 10.0 100 games avg: 10.0 steps 11 
INFO : 2021-02-02 12:29:55,019 : episode: 9 score: 7.0 100 games avg: 7.0 steps 8 
INFO : 2021-02-02 12:29:57,881 : episode: 10 score: 10.0 100 games avg: 10.0 steps 11 
INFO : 2021-02-02 12:30:04,006 : episode: 11 score: 23.0 100 games avg: 23.0 steps 24 
INFO : 2021-02-02 12:30:06,364 : episode: 12 score: 8.0 100 games avg: 8.0 steps 9 
INFO : 2021-02-02 12:30:27,126 : episode: 13 score: 81.0 100 games avg: 81.0 steps 82 
INFO : 2021-02-02 12:30:35,276 : episode: 14 score: 31.0 100 games avg: 31.0 steps 32 
INFO : 2021-02-02 12:30:37,653 : episode: 15 score: 8.0 100 games avg: 8.0 steps 9 
INFO : 2021-02-02 12:30:53,130 : episode: 16 score: 60.0 100 games avg: 60.0 steps 61 
INFO : 2021-02-02 12:30:58,621 : episode: 17 score: 20.0 100 games avg: 20.0 steps 21 
INFO : 2021-02-02 12:31:04,090 : episode: 18 score: 20.0 100 games avg: 20.0 steps 21 
INFO : 2021-02-02 12:31:12,842 : episode: 19 score: 33.0 100 games avg: 33.0 steps 34 
INFO : 2021-02-02 12:31:38,939 : episode: 20 score: 102.0 100 games avg: 102.0 steps 103 
INFO : 2021-02-02 12:31:55,270 : episode: 21 score: 63.0 100 games avg: 63.0 steps 64 
INFO : 2021-02-02 12:32:01,484 : episode: 22 score: 23.0 100 games avg: 23.0 steps 24 
INFO : 2021-02-02 12:32:23,639 : episode: 23 score: 86.0 100 games avg: 86.0 steps 87 
INFO : 2021-02-02 12:32:30,228 : episode: 24 score: 24.0 100 games avg: 24.0 steps 25 
INFO : 2021-02-02 12:33:03,474 : episode: 25 score: 130.0 100 games avg: 130.0 steps 131 
INFO : 2021-02-02 12:33:36,827 : episode: 26 score: 130.0 100 games avg: 130.0 steps 131 
INFO : 2021-02-02 12:34:09,408 : episode: 27 score: 127.0 100 games avg: 127.0 steps 128 
INFO : 2021-02-02 12:34:55,990 : episode: 28 score: 182.0 100 games avg: 182.0 steps 183 
INFO : 2021-02-02 12:35:38,931 : episode: 29 score: 167.0 100 games avg: 167.0 steps 168 
INFO : 2021-02-02 12:36:18,020 : episode: 30 score: 152.0 100 games avg: 152.0 steps 153 
INFO : 2021-02-02 12:37:07,524 : episode: 31 score: 193.0 100 games avg: 193.0 steps 194 
INFO : 2021-02-02 12:37:51,450 : episode: 32 score: 171.0 100 games avg: 171.0 steps 172 
INFO : 2021-02-02 12:38:36,743 : episode: 33 score: 176.0 100 games avg: 176.0 steps 177 
INFO : 2021-02-02 12:39:24,168 : episode: 34 score: 184.0 100 games avg: 184.0 steps 185 
INFO : 2021-02-02 12:40:04,231 : episode: 35 score: 155.0 100 games avg: 155.0 steps 156 
INFO : 2021-02-02 12:40:55,618 : episode: 36 score: 200.0 100 games avg: 200.0 steps 201 
INFO : 2021-02-02 12:41:41,892 : episode: 37 score: 179.0 100 games avg: 179.0 steps 180 
INFO : 2021-02-02 12:42:33,466 : episode: 38 score: 200.0 100 games avg: 200.0 steps 201 
INFO : 2021-02-02 12:43:20,398 : episode: 39 score: 181.0 100 games avg: 181.0 steps 182 
INFO : 2021-02-02 12:44:12,171 : episode: 40 score: 200.0 100 games avg: 200.0 steps 201 
INFO : 2021-02-02 12:45:04,035 : episode: 41 score: 200.0 100 games avg: 200.0 steps 201 
INFO : 2021-02-02 12:45:55,680 : episode: 42 score: 200.0 100 games avg: 200.0 steps 201 
INFO : 2021-02-02 12:46:40,989 : episode: 43 score: 175.0 100 games avg: 175.0 steps 176 
INFO : 2021-02-02 12:47:28,158 : episode: 44 score: 182.0 100 games avg: 182.0 steps 183 
INFO : 2021-02-02 12:48:16,921 : episode: 45 score: 188.0 100 games avg: 188.0 steps 189 
INFO : 2021-02-02 12:49:06,946 : episode: 46 score: 192.0 100 games avg: 192.0 steps 193 
INFO : 2021-02-02 12:49:52,315 : episode: 47 score: 174.0 100 games avg: 174.0 steps 175 
INFO : 2021-02-02 12:50:44,281 : episode: 48 score: 200.0 100 games avg: 200.0 steps 201 
INFO : 2021-02-02 12:51:36,764 : episode: 49 score: 200.0 100 games avg: 200.0 steps 201 
INFO : 2021-02-02 12:52:29,172 : episode: 50 score: 200.0 100 games avg: 200.0 steps 201 
INFO : 2021-02-02 12:53:21,645 : episode: 51 score: 200.0 100 games avg: 200.0 steps 201 
INFO : 2021-02-02 12:54:14,248 : episode: 52 score: 200.0 100 games avg: 200.0 steps 201 
INFO : 2021-02-02 12:55:06,921 : episode: 53 score: 200.0 100 games avg: 200.0 steps 201 
INFO : 2021-02-02 12:55:59,703 : episode: 54 score: 200.0 100 games avg: 200.0 steps 201 
INFO : 2021-02-02 12:56:52,472 : episode: 55 score: 200.0 100 games avg: 200.0 steps 201 
INFO : 2021-02-02 12:57:45,377 : episode: 56 score: 200.0 100 games avg: 200.0 steps 201 
INFO : 2021-02-02 12:58:37,314 : episode: 57 score: 196.0 100 games avg: 196.0 steps 197 
INFO : 2021-02-02 12:59:25,433 : episode: 58 score: 182.0 100 games avg: 182.0 steps 183 
INFO : 2021-02-02 13:00:18,511 : episode: 59 score: 200.0 100 games avg: 200.0 steps 201 
INFO : 2021-02-02 13:01:11,231 : episode: 60 score: 200.0 100 games avg: 200.0 steps 201 
INFO : 2021-02-02 13:02:04,290 : episode: 61 score: 200.0 100 games avg: 200.0 steps 201 
INFO : 2021-02-02 13:02:54,071 : episode: 62 score: 186.0 100 games avg: 186.0 steps 187 
INFO : 2021-02-02 13:03:47,498 : episode: 63 score: 200.0 100 games avg: 200.0 steps 201 
INFO : 2021-02-02 13:04:40,710 : episode: 64 score: 200.0 100 games avg: 200.0 steps 201 
INFO : 2021-02-02 13:05:33,809 : episode: 65 score: 200.0 100 games avg: 200.0 steps 201 
INFO : 2021-02-02 13:06:27,035 : episode: 66 score: 200.0 100 games avg: 200.0 steps 201 
INFO : 2021-02-02 13:07:20,344 : episode: 67 score: 200.0 100 games avg: 200.0 steps 201 
INFO : 2021-02-02 13:08:13,919 : episode: 68 score: 200.0 100 games avg: 200.0 steps 201 
INFO : 2021-02-02 13:09:05,202 : episode: 69 score: 190.0 100 games avg: 190.0 steps 191 
INFO : 2021-02-02 13:09:59,107 : episode: 70 score: 200.0 100 games avg: 200.0 steps 201 
INFO : 2021-02-02 13:10:53,042 : episode: 71 score: 200.0 100 games avg: 200.0 steps 201 
INFO : 2021-02-02 13:11:42,080 : episode: 72 score: 181.0 100 games avg: 181.0 steps 182 
INFO : 2021-02-02 13:12:35,848 : episode: 73 score: 200.0 100 games avg: 200.0 steps 201 
INFO : 2021-02-02 13:13:29,588 : episode: 74 score: 200.0 100 games avg: 200.0 steps 201 
INFO : 2021-02-02 13:14:23,841 : episode: 75 score: 200.0 100 games avg: 200.0 steps 201 
INFO : 2021-02-02 13:15:18,201 : episode: 76 score: 200.0 100 games avg: 200.0 steps 201 
INFO : 2021-02-02 13:16:08,739 : episode: 77 score: 185.0 100 games avg: 185.0 steps 186 
INFO : 2021-02-02 13:17:03,149 : episode: 78 score: 200.0 100 games avg: 200.0 steps 201 
INFO : 2021-02-02 13:17:57,628 : episode: 79 score: 200.0 100 games avg: 200.0 steps 201 
INFO : 2021-02-02 13:18:51,972 : episode: 80 score: 200.0 100 games avg: 200.0 steps 201 
INFO : 2021-02-02 13:19:43,478 : episode: 81 score: 187.0 100 games avg: 187.0 steps 188 
INFO : 2021-02-02 13:20:38,340 : episode: 82 score: 200.0 100 games avg: 200.0 steps 201 
INFO : 2021-02-02 13:21:33,189 : episode: 83 score: 200.0 100 games avg: 200.0 steps 201 
INFO : 2021-02-02 13:22:19,743 : episode: 84 score: 166.0 100 games avg: 166.0 steps 167 
INFO : 2021-02-02 13:23:10,183 : episode: 85 score: 182.0 100 games avg: 182.0 steps 183 
INFO : 2021-02-02 13:23:59,589 : episode: 86 score: 177.0 100 games avg: 177.0 steps 178 
INFO : 2021-02-02 13:24:54,732 : episode: 87 score: 200.0 100 games avg: 200.0 steps 201 
INFO : 2021-02-02 13:25:45,149 : episode: 88 score: 181.0 100 games avg: 181.0 steps 182 
INFO : 2021-02-02 13:26:40,470 : episode: 89 score: 200.0 100 games avg: 200.0 steps 201 
