INFO : 2021-02-02 10:07:03,030 : method: Model Predictive Contorol
INFO : 2021-02-02 10:07:03,031 : parameter n_steps: 100 ensemble_size: 5 env: HalfCheetah-v2
INFO : 2021-02-02 10:07:05,451 : mpc horizon: 10 mpc_samples: 100 elite_sample: 30 grad_steps: 10
INFO : 2021-02-02 10:07:05,451 : mpc_function policy-kl5
INFO : 2021-02-02 10:07:05,451 : policy-kl5
INFO : 2021-02-02 10:07:05,691 : state_square_error: 1.028 reward_error: 1.797
INFO : 2021-02-02 10:07:28,346 : state_square_error: 1.206 reward_error: 2.086
INFO : 2021-02-02 10:07:50,996 : state_square_error: 0.470 reward_error: 2.118
INFO : 2021-02-02 10:08:14,638 : state_square_error: 44.024 reward_error: 13.186
INFO : 2021-02-02 10:08:39,534 : state_square_error: 67.620 reward_error: 5.742
INFO : 2021-02-02 10:09:04,569 : state_square_error: 81.216 reward_error: 11.374
INFO : 2021-02-02 10:09:29,881 : state_square_error: 60.200 reward_error: 21.732
INFO : 2021-02-02 10:09:55,078 : state_square_error: 25.814 reward_error: 3.824
INFO : 2021-02-02 10:10:20,130 : state_square_error: 165.534 reward_error: 13.450
INFO : 2021-02-02 10:10:44,983 : state_square_error: 85.053 reward_error: 8.367
INFO : 2021-02-02 10:11:09,663 : episode: 0 score: -149.2 100 games avg: -149.2 steps 1000 
INFO : 2021-02-02 10:11:10,146 : state_square_error: 35.993 reward_error: 2.996
INFO : 2021-02-02 10:11:35,146 : state_square_error: 18.019 reward_error: 13.442
INFO : 2021-02-02 10:12:00,249 : state_square_error: 12.098 reward_error: 6.800
INFO : 2021-02-02 10:12:25,373 : state_square_error: 23.159 reward_error: -0.083
INFO : 2021-02-02 10:12:50,307 : state_square_error: 18.377 reward_error: -4.210
INFO : 2021-02-02 10:13:15,366 : state_square_error: 19.841 reward_error: 14.791
INFO : 2021-02-02 10:13:40,360 : state_square_error: 19.967 reward_error: 1.935
INFO : 2021-02-02 10:14:05,227 : state_square_error: 12.808 reward_error: 4.480
INFO : 2021-02-02 10:14:30,193 : state_square_error: 25.121 reward_error: 0.484
INFO : 2021-02-02 10:14:55,192 : state_square_error: 21.448 reward_error: 9.100
INFO : 2021-02-02 10:15:19,921 : episode: 1 score: -194.3 100 games avg: -194.3 steps 1000 
INFO : 2021-02-02 10:15:20,700 : state_square_error: 24.722 reward_error: 5.402
INFO : 2021-02-02 10:15:45,767 : state_square_error: 23.706 reward_error: 7.643
INFO : 2021-02-02 10:16:10,831 : state_square_error: 46.936 reward_error: 9.157
INFO : 2021-02-02 10:16:35,570 : state_square_error: 41.407 reward_error: 13.508
INFO : 2021-02-02 10:17:00,266 : state_square_error: 34.304 reward_error: 19.226
INFO : 2021-02-02 10:17:24,948 : state_square_error: 17.494 reward_error: 6.861
INFO : 2021-02-02 10:17:49,624 : state_square_error: 23.331 reward_error: 7.876
INFO : 2021-02-02 10:18:14,366 : state_square_error: 18.260 reward_error: 10.810
INFO : 2021-02-02 10:18:39,158 : state_square_error: 69.279 reward_error: 3.162
INFO : 2021-02-02 10:19:03,907 : state_square_error: 24.011 reward_error: 5.206
INFO : 2021-02-02 10:19:28,409 : episode: 2 score: -88.2 100 games avg: -88.2 steps 1000 
INFO : 2021-02-02 10:19:29,528 : state_square_error: 70.863 reward_error: 8.949
INFO : 2021-02-02 10:19:54,313 : state_square_error: 129.217 reward_error: 6.244
INFO : 2021-02-02 10:20:19,095 : state_square_error: 63.365 reward_error: 8.377
INFO : 2021-02-02 10:20:43,859 : state_square_error: 354.678 reward_error: 7.778
INFO : 2021-02-02 10:21:08,579 : state_square_error: 79.794 reward_error: 11.937
INFO : 2021-02-02 10:21:33,249 : state_square_error: 38.819 reward_error: 17.252
INFO : 2021-02-02 10:21:57,928 : state_square_error: 47.937 reward_error: 6.689
INFO : 2021-02-02 10:22:22,616 : state_square_error: 90.669 reward_error: 12.587
INFO : 2021-02-02 10:22:47,320 : state_square_error: 16.362 reward_error: 13.722
INFO : 2021-02-02 10:23:12,171 : state_square_error: 86.955 reward_error: 8.351
INFO : 2021-02-02 10:23:36,718 : episode: 3 score: -126.1 100 games avg: -126.1 steps 1000 
INFO : 2021-02-02 10:23:38,158 : state_square_error: 32.761 reward_error: 5.931
INFO : 2021-02-02 10:24:02,982 : state_square_error: 88.689 reward_error: 5.598
INFO : 2021-02-02 10:24:27,689 : state_square_error: 102.661 reward_error: 13.638
INFO : 2021-02-02 10:24:52,394 : state_square_error: 45.116 reward_error: 8.458
INFO : 2021-02-02 10:25:17,051 : state_square_error: 45.545 reward_error: 5.224
INFO : 2021-02-02 10:25:41,898 : state_square_error: 128.872 reward_error: 18.071
INFO : 2021-02-02 10:26:06,729 : state_square_error: 65.469 reward_error: 13.208
INFO : 2021-02-02 10:26:31,546 : state_square_error: 99.306 reward_error: 11.536
INFO : 2021-02-02 10:26:56,388 : state_square_error: 21.002 reward_error: 12.316
INFO : 2021-02-02 10:27:21,285 : state_square_error: 145.570 reward_error: 15.215
INFO : 2021-02-02 10:27:45,903 : episode: 4 score: -158.3 100 games avg: -158.3 steps 1000 
INFO : 2021-02-02 10:27:47,662 : state_square_error: 9.292 reward_error: 8.842
INFO : 2021-02-02 10:28:12,574 : state_square_error: 56.880 reward_error: 4.799
INFO : 2021-02-02 10:28:37,448 : state_square_error: 6.373 reward_error: 9.577
INFO : 2021-02-02 10:29:02,296 : state_square_error: 85.399 reward_error: 8.459
INFO : 2021-02-02 10:29:27,190 : state_square_error: 43.261 reward_error: 10.508
INFO : 2021-02-02 10:29:52,061 : state_square_error: 53.854 reward_error: 6.756
INFO : 2021-02-02 10:30:16,927 : state_square_error: 17.069 reward_error: 4.733
INFO : 2021-02-02 10:30:41,827 : state_square_error: 62.009 reward_error: 9.747
INFO : 2021-02-02 10:31:06,939 : state_square_error: 52.024 reward_error: 5.729
INFO : 2021-02-02 10:31:31,908 : state_square_error: 31.275 reward_error: 9.402
INFO : 2021-02-02 10:31:56,692 : episode: 5 score: -227.8 100 games avg: -227.8 steps 1000 
INFO : 2021-02-02 10:31:58,807 : state_square_error: 17.066 reward_error: 5.844
INFO : 2021-02-02 10:32:23,874 : state_square_error: 5.712 reward_error: 5.358
INFO : 2021-02-02 10:32:48,877 : state_square_error: 4.057 reward_error: 6.857
INFO : 2021-02-02 10:33:13,917 : state_square_error: 3.971 reward_error: 13.095
INFO : 2021-02-02 10:33:38,867 : state_square_error: 6.907 reward_error: 7.386
INFO : 2021-02-02 10:34:03,873 : state_square_error: 11.339 reward_error: 6.680
INFO : 2021-02-02 10:34:28,880 : state_square_error: 4.770 reward_error: 8.426
INFO : 2021-02-02 10:34:53,858 : state_square_error: 23.837 reward_error: 8.157
INFO : 2021-02-02 10:35:18,906 : state_square_error: 6.482 reward_error: 7.013
INFO : 2021-02-02 10:35:43,926 : state_square_error: 27.600 reward_error: 7.635
INFO : 2021-02-02 10:36:08,713 : episode: 6 score: -185.1 100 games avg: -185.1 steps 1000 
INFO : 2021-02-02 10:36:11,057 : state_square_error: 7.776 reward_error: 3.401
INFO : 2021-02-02 10:36:36,061 : state_square_error: 12.548 reward_error: 2.643
INFO : 2021-02-02 10:37:01,019 : state_square_error: 13.315 reward_error: 8.787
INFO : 2021-02-02 10:37:25,996 : state_square_error: 7.477 reward_error: 9.319
INFO : 2021-02-02 10:37:50,981 : state_square_error: 2.950 reward_error: 3.634
INFO : 2021-02-02 10:38:16,043 : state_square_error: 10.117 reward_error: 6.477
INFO : 2021-02-02 10:38:40,942 : state_square_error: 3.844 reward_error: 5.855
INFO : 2021-02-02 10:39:05,863 : state_square_error: 15.121 reward_error: 7.000
INFO : 2021-02-02 10:39:30,848 : state_square_error: 8.130 reward_error: 6.042
INFO : 2021-02-02 10:39:55,782 : state_square_error: 12.786 reward_error: 8.565
INFO : 2021-02-02 10:40:20,505 : episode: 7 score: -113.8 100 games avg: -113.8 steps 1000 
INFO : 2021-02-02 10:40:23,161 : state_square_error: 2.568 reward_error: 4.373
INFO : 2021-02-02 10:40:48,144 : state_square_error: 4.413 reward_error: 9.716
INFO : 2021-02-02 10:41:13,095 : state_square_error: 2.096 reward_error: 8.102
INFO : 2021-02-02 10:41:38,055 : state_square_error: 4.532 reward_error: 9.559
INFO : 2021-02-02 10:42:03,066 : state_square_error: 2.592 reward_error: 6.153
INFO : 2021-02-02 10:42:28,059 : state_square_error: 2.171 reward_error: 5.749
INFO : 2021-02-02 10:42:53,009 : state_square_error: 2.299 reward_error: 4.393
INFO : 2021-02-02 10:43:18,083 : state_square_error: 1.216 reward_error: 5.422
INFO : 2021-02-02 10:43:43,075 : state_square_error: 2.309 reward_error: 2.330
INFO : 2021-02-02 10:44:08,110 : state_square_error: 3.739 reward_error: 5.685
INFO : 2021-02-02 10:44:32,858 : episode: 8 score: -141.5 100 games avg: -141.5 steps 1000 
INFO : 2021-02-02 10:44:35,875 : state_square_error: 1.053 reward_error: 4.012
INFO : 2021-02-02 10:45:00,861 : state_square_error: 3.665 reward_error: 6.948
INFO : 2021-02-02 10:45:25,939 : state_square_error: 1.206 reward_error: 3.650
INFO : 2021-02-02 10:45:50,906 : state_square_error: 9.200 reward_error: 9.217
INFO : 2021-02-02 10:46:15,905 : state_square_error: 4.318 reward_error: 6.263
INFO : 2021-02-02 10:46:40,922 : state_square_error: 3.541 reward_error: 6.779
INFO : 2021-02-02 10:47:05,874 : state_square_error: 1.589 reward_error: 2.877
INFO : 2021-02-02 10:47:30,822 : state_square_error: 3.101 reward_error: 5.539
INFO : 2021-02-02 10:47:55,811 : state_square_error: 3.677 reward_error: 2.711
INFO : 2021-02-02 10:48:20,856 : state_square_error: 2.100 reward_error: 6.082
INFO : 2021-02-02 10:48:45,542 : episode: 9 score: -70.4 100 games avg: -70.4 steps 1000 
INFO : 2021-02-02 10:48:48,795 : state_square_error: 1.153 reward_error: 8.332
INFO : 2021-02-02 10:49:13,726 : state_square_error: 2.835 reward_error: 3.660
INFO : 2021-02-02 10:49:38,701 : state_square_error: 1.153 reward_error: 4.453
INFO : 2021-02-02 10:50:03,690 : state_square_error: 2.513 reward_error: 7.475
INFO : 2021-02-02 10:50:28,649 : state_square_error: 0.666 reward_error: 3.272
INFO : 2021-02-02 10:50:53,638 : state_square_error: 1.835 reward_error: 3.410
INFO : 2021-02-02 10:51:18,732 : state_square_error: 0.447 reward_error: 4.428
INFO : 2021-02-02 10:51:43,685 : state_square_error: 2.699 reward_error: 4.445
INFO : 2021-02-02 10:52:08,661 : state_square_error: 3.045 reward_error: 8.629
INFO : 2021-02-02 10:52:33,632 : state_square_error: 1.629 reward_error: 6.136
INFO : 2021-02-02 10:52:58,416 : episode: 10 score: -94.9 100 games avg: -94.9 steps 1000 
INFO : 2021-02-02 10:53:01,957 : state_square_error: 2.925 reward_error: 6.461
INFO : 2021-02-02 10:53:26,906 : state_square_error: 1.632 reward_error: 6.245
INFO : 2021-02-02 10:53:52,006 : state_square_error: 2.552 reward_error: 5.929
INFO : 2021-02-02 10:54:16,961 : state_square_error: 6.399 reward_error: 8.300
INFO : 2021-02-02 10:54:41,924 : state_square_error: 1.174 reward_error: 3.863
INFO : 2021-02-02 10:55:06,929 : state_square_error: 3.328 reward_error: 5.619
INFO : 2021-02-02 10:55:31,940 : state_square_error: 0.523 reward_error: 4.631
INFO : 2021-02-02 10:55:56,963 : state_square_error: 7.013 reward_error: 8.309
INFO : 2021-02-02 10:56:21,926 : state_square_error: 1.615 reward_error: 4.496
INFO : 2021-02-02 10:56:46,954 : state_square_error: 4.386 reward_error: 1.300
INFO : 2021-02-02 10:57:11,741 : episode: 11 score: -34.4 100 games avg: -34.4 steps 1000 
INFO : 2021-02-02 10:57:15,628 : state_square_error: 0.920 reward_error: 6.258
INFO : 2021-02-02 10:57:40,658 : state_square_error: 2.769 reward_error: 4.268
INFO : 2021-02-02 10:58:05,603 : state_square_error: 2.097 reward_error: 0.607
INFO : 2021-02-02 10:58:30,422 : state_square_error: 1.278 reward_error: 3.929
INFO : 2021-02-02 10:58:55,361 : state_square_error: 2.298 reward_error: 3.638
INFO : 2021-02-02 10:59:20,387 : state_square_error: 5.438 reward_error: 4.803
INFO : 2021-02-02 10:59:45,423 : state_square_error: 2.988 reward_error: 6.575
INFO : 2021-02-02 11:00:10,462 : state_square_error: 4.756 reward_error: 5.256
INFO : 2021-02-02 11:00:35,426 : state_square_error: 1.111 reward_error: 2.438
INFO : 2021-02-02 11:01:00,408 : state_square_error: 0.649 reward_error: -0.468
INFO : 2021-02-02 11:01:25,110 : episode: 12 score: -54.9 100 games avg: -54.9 steps 1000 
INFO : 2021-02-02 11:01:29,244 : state_square_error: 1.205 reward_error: 10.496
INFO : 2021-02-02 11:01:54,292 : state_square_error: 4.270 reward_error: 3.406
INFO : 2021-02-02 11:02:19,318 : state_square_error: 6.648 reward_error: 9.878
INFO : 2021-02-02 11:02:44,336 : state_square_error: 1.143 reward_error: 1.785
INFO : 2021-02-02 11:03:09,304 : state_square_error: 0.659 reward_error: 6.544
INFO : 2021-02-02 11:03:34,246 : state_square_error: 2.011 reward_error: 8.146
INFO : 2021-02-02 11:03:59,197 : state_square_error: 4.062 reward_error: 4.220
INFO : 2021-02-02 11:04:24,197 : state_square_error: 2.341 reward_error: 6.735
INFO : 2021-02-02 11:04:49,138 : state_square_error: 1.212 reward_error: 4.660
INFO : 2021-02-02 11:05:14,019 : state_square_error: 4.038 reward_error: 3.660
INFO : 2021-02-02 11:05:38,758 : episode: 13 score: 11.9 100 games avg: 11.9 steps 1000 
INFO : 2021-02-02 11:05:43,253 : state_square_error: 1.463 reward_error: 5.814
INFO : 2021-02-02 11:06:08,226 : state_square_error: 1.461 reward_error: 1.752
INFO : 2021-02-02 11:06:33,126 : state_square_error: 4.044 reward_error: 7.642
INFO : 2021-02-02 11:06:58,109 : state_square_error: 1.823 reward_error: 5.534
INFO : 2021-02-02 11:07:23,149 : state_square_error: 1.712 reward_error: 1.305
INFO : 2021-02-02 11:07:48,154 : state_square_error: 0.765 reward_error: 3.964
INFO : 2021-02-02 11:08:13,185 : state_square_error: 1.281 reward_error: 4.093
INFO : 2021-02-02 11:08:38,174 : state_square_error: 2.153 reward_error: 6.596
INFO : 2021-02-02 11:09:03,236 : state_square_error: 2.788 reward_error: 3.967
INFO : 2021-02-02 11:09:27,970 : state_square_error: 1.409 reward_error: 1.199
INFO : 2021-02-02 11:09:52,406 : episode: 14 score: -59.7 100 games avg: -59.7 steps 1000 
INFO : 2021-02-02 11:09:57,228 : state_square_error: 3.558 reward_error: 6.095
INFO : 2021-02-02 11:10:21,995 : state_square_error: 0.651 reward_error: 0.429
INFO : 2021-02-02 11:10:46,851 : state_square_error: 1.870 reward_error: 3.218
INFO : 2021-02-02 11:11:11,687 : state_square_error: 1.657 reward_error: 4.009
INFO : 2021-02-02 11:11:36,477 : state_square_error: 1.400 reward_error: 4.605
INFO : 2021-02-02 11:12:01,674 : state_square_error: 1.384 reward_error: 4.471
INFO : 2021-02-02 11:12:26,668 : state_square_error: 1.407 reward_error: 2.820
INFO : 2021-02-02 11:12:51,668 : state_square_error: 2.499 reward_error: 1.556
INFO : 2021-02-02 11:13:16,766 : state_square_error: 7.933 reward_error: 5.692
INFO : 2021-02-02 11:13:41,740 : state_square_error: 2.766 reward_error: 5.066
INFO : 2021-02-02 11:14:06,385 : episode: 15 score: 83.8 100 games avg: 83.8 steps 1000 
INFO : 2021-02-02 11:14:11,442 : state_square_error: 1.711 reward_error: 6.010
INFO : 2021-02-02 11:14:36,353 : state_square_error: 0.702 reward_error: 4.502
INFO : 2021-02-02 11:15:01,422 : state_square_error: 1.109 reward_error: 4.644
INFO : 2021-02-02 11:15:26,290 : state_square_error: 1.025 reward_error: 3.153
INFO : 2021-02-02 11:15:51,265 : state_square_error: 3.827 reward_error: 5.199
INFO : 2021-02-02 11:16:16,296 : state_square_error: 2.177 reward_error: 6.834
INFO : 2021-02-02 11:16:41,390 : state_square_error: 1.926 reward_error: 3.586
INFO : 2021-02-02 11:17:06,361 : state_square_error: 0.744 reward_error: 1.972
INFO : 2021-02-02 11:17:31,342 : state_square_error: 2.971 reward_error: 8.360
INFO : 2021-02-02 11:17:56,316 : state_square_error: 0.740 reward_error: 5.878
INFO : 2021-02-02 11:18:21,078 : episode: 16 score: -4.9 100 games avg: -4.9 steps 1000 
INFO : 2021-02-02 11:18:26,513 : state_square_error: 4.649 reward_error: 2.368
INFO : 2021-02-02 11:18:51,599 : state_square_error: 4.806 reward_error: 3.209
INFO : 2021-02-02 11:19:16,619 : state_square_error: 1.012 reward_error: 3.607
INFO : 2021-02-02 11:19:41,662 : state_square_error: 1.887 reward_error: 3.383
INFO : 2021-02-02 11:20:06,645 : state_square_error: 1.891 reward_error: 4.427
INFO : 2021-02-02 11:20:31,609 : state_square_error: 3.212 reward_error: 7.979
INFO : 2021-02-02 11:20:56,514 : state_square_error: 7.296 reward_error: 4.125
INFO : 2021-02-02 11:21:21,516 : state_square_error: 1.121 reward_error: 5.347
INFO : 2021-02-02 11:21:46,514 : state_square_error: 2.858 reward_error: 3.784
INFO : 2021-02-02 11:22:11,542 : state_square_error: 2.732 reward_error: 2.513
INFO : 2021-02-02 11:22:36,248 : episode: 17 score: 56.6 100 games avg: 56.6 steps 1000 
INFO : 2021-02-02 11:22:41,946 : state_square_error: 4.455 reward_error: 6.336
INFO : 2021-02-02 11:23:06,992 : state_square_error: 1.296 reward_error: 4.926
INFO : 2021-02-02 11:23:31,964 : state_square_error: 1.509 reward_error: 5.119
INFO : 2021-02-02 11:23:56,935 : state_square_error: 3.468 reward_error: 6.985
INFO : 2021-02-02 11:24:21,968 : state_square_error: 3.828 reward_error: 5.168
INFO : 2021-02-02 11:24:46,964 : state_square_error: 4.799 reward_error: 5.643
INFO : 2021-02-02 11:25:11,918 : state_square_error: 1.007 reward_error: 2.596
INFO : 2021-02-02 11:25:36,906 : state_square_error: 5.598 reward_error: 1.848
INFO : 2021-02-02 11:26:01,882 : state_square_error: 2.688 reward_error: 5.803
INFO : 2021-02-02 11:26:26,867 : state_square_error: 1.692 reward_error: 3.961
INFO : 2021-02-02 11:26:51,649 : episode: 18 score: 132.6 100 games avg: 132.6 steps 1000 
INFO : 2021-02-02 11:26:57,734 : state_square_error: 4.063 reward_error: 6.309
INFO : 2021-02-02 11:27:22,736 : state_square_error: 0.647 reward_error: 3.905
INFO : 2021-02-02 11:27:47,710 : state_square_error: 1.420 reward_error: 1.992
INFO : 2021-02-02 11:28:12,593 : state_square_error: 2.726 reward_error: 4.708
INFO : 2021-02-02 11:28:37,443 : state_square_error: 0.861 reward_error: 1.324
INFO : 2021-02-02 11:29:02,231 : state_square_error: 2.926 reward_error: 7.179
INFO : 2021-02-02 11:29:27,030 : state_square_error: 1.445 reward_error: 3.573
INFO : 2021-02-02 11:29:51,836 : state_square_error: 1.045 reward_error: 1.772
INFO : 2021-02-02 11:30:16,681 : state_square_error: 3.039 reward_error: 6.075
INFO : 2021-02-02 11:30:41,487 : state_square_error: 0.733 reward_error: 4.533
INFO : 2021-02-02 11:31:06,081 : episode: 19 score: 190.9 100 games avg: 190.9 steps 1000 
INFO : 2021-02-02 11:31:12,550 : state_square_error: 2.398 reward_error: 6.713
INFO : 2021-02-02 11:31:37,304 : state_square_error: 1.526 reward_error: 2.252
INFO : 2021-02-02 11:32:01,996 : state_square_error: 1.303 reward_error: 5.846
INFO : 2021-02-02 11:32:26,663 : state_square_error: 0.583 reward_error: 4.419
INFO : 2021-02-02 11:32:51,362 : state_square_error: 1.963 reward_error: 4.327
INFO : 2021-02-02 11:33:16,174 : state_square_error: 1.933 reward_error: 0.150
INFO : 2021-02-02 11:33:40,888 : state_square_error: 1.145 reward_error: 5.843
INFO : 2021-02-02 11:34:05,667 : state_square_error: 1.485 reward_error: 2.453
INFO : 2021-02-02 11:34:30,401 : state_square_error: 1.663 reward_error: 4.792
INFO : 2021-02-02 11:34:55,170 : state_square_error: 1.748 reward_error: 5.800
INFO : 2021-02-02 11:35:19,645 : episode: 20 score: 249.8 100 games avg: 249.8 steps 1000 
INFO : 2021-02-02 11:35:26,447 : state_square_error: 6.694 reward_error: 1.303
INFO : 2021-02-02 11:35:51,225 : state_square_error: 1.523 reward_error: 4.010
INFO : 2021-02-02 11:36:15,999 : state_square_error: 0.677 reward_error: 3.135
INFO : 2021-02-02 11:36:40,767 : state_square_error: 1.354 reward_error: 6.076
INFO : 2021-02-02 11:37:05,442 : state_square_error: 1.547 reward_error: 6.248
INFO : 2021-02-02 11:37:30,067 : state_square_error: 2.979 reward_error: 6.650
INFO : 2021-02-02 11:37:54,721 : state_square_error: 2.275 reward_error: 10.988
INFO : 2021-02-02 11:38:19,407 : state_square_error: 5.306 reward_error: 1.501
INFO : 2021-02-02 11:38:44,219 : state_square_error: 6.703 reward_error: -0.942
INFO : 2021-02-02 11:39:09,054 : state_square_error: 1.029 reward_error: 4.895
INFO : 2021-02-02 11:39:33,617 : episode: 21 score: 320.9 100 games avg: 320.9 steps 1000 
INFO : 2021-02-02 11:39:40,672 : state_square_error: 1.587 reward_error: 5.427
INFO : 2021-02-02 11:40:05,402 : state_square_error: 3.088 reward_error: 8.695
INFO : 2021-02-02 11:40:30,178 : state_square_error: 1.436 reward_error: 6.222
INFO : 2021-02-02 11:40:54,876 : state_square_error: 4.270 reward_error: 4.125
INFO : 2021-02-02 11:41:19,533 : state_square_error: 0.569 reward_error: 1.625
INFO : 2021-02-02 11:41:44,223 : state_square_error: 2.909 reward_error: 2.993
INFO : 2021-02-02 11:42:08,945 : state_square_error: 3.008 reward_error: 5.737
INFO : 2021-02-02 11:42:33,808 : state_square_error: 1.491 reward_error: 2.875
INFO : 2021-02-02 11:42:58,692 : state_square_error: 3.032 reward_error: 5.058
INFO : 2021-02-02 11:43:23,579 : state_square_error: 1.320 reward_error: 5.031
INFO : 2021-02-02 11:43:48,186 : episode: 22 score: 458.3 100 games avg: 458.3 steps 1000 
INFO : 2021-02-02 11:43:55,527 : state_square_error: 5.606 reward_error: 5.684
INFO : 2021-02-02 11:44:20,415 : state_square_error: 0.607 reward_error: 7.186
INFO : 2021-02-02 11:44:45,305 : state_square_error: 2.130 reward_error: 2.029
INFO : 2021-02-02 11:45:10,532 : state_square_error: 2.078 reward_error: 12.230
INFO : 2021-02-02 11:45:35,562 : state_square_error: 0.540 reward_error: 5.078
INFO : 2021-02-02 11:46:00,553 : state_square_error: 4.102 reward_error: 3.500
INFO : 2021-02-02 11:46:25,603 : state_square_error: 2.862 reward_error: 5.364
INFO : 2021-02-02 11:46:50,599 : state_square_error: 1.365 reward_error: 5.394
INFO : 2021-02-02 11:47:15,625 : state_square_error: 2.184 reward_error: 4.210
INFO : 2021-02-02 11:47:40,600 : state_square_error: 1.032 reward_error: 4.806
INFO : 2021-02-02 11:48:05,406 : episode: 23 score: 573.8 100 games avg: 573.8 steps 1000 
INFO : 2021-02-02 11:48:12,742 : state_square_error: 5.635 reward_error: 5.878
INFO : 2021-02-02 11:48:37,822 : state_square_error: 4.550 reward_error: 8.579
INFO : 2021-02-02 11:49:02,714 : state_square_error: 1.850 reward_error: 7.237
INFO : 2021-02-02 11:49:27,640 : state_square_error: 2.203 reward_error: 11.194
INFO : 2021-02-02 11:49:52,643 : state_square_error: 7.187 reward_error: 6.421
INFO : 2021-02-02 11:50:17,591 : state_square_error: 1.743 reward_error: 10.954
INFO : 2021-02-02 11:50:42,616 : state_square_error: 2.267 reward_error: 0.612
INFO : 2021-02-02 11:51:07,641 : state_square_error: 2.109 reward_error: 6.093
INFO : 2021-02-02 11:51:32,644 : state_square_error: 2.717 reward_error: 11.102
INFO : 2021-02-02 11:51:57,594 : state_square_error: 1.688 reward_error: 11.492
INFO : 2021-02-02 11:52:22,230 : episode: 24 score: 703.1 100 games avg: 703.1 steps 1000 
INFO : 2021-02-02 11:52:29,868 : state_square_error: 20.156 reward_error: 2.414
INFO : 2021-02-02 11:52:54,863 : state_square_error: 1.370 reward_error: 6.715
INFO : 2021-02-02 11:53:19,788 : state_square_error: 2.960 reward_error: 7.964
INFO : 2021-02-02 11:53:44,870 : state_square_error: 5.113 reward_error: 9.435
INFO : 2021-02-02 11:54:09,830 : state_square_error: 2.485 reward_error: 4.287
INFO : 2021-02-02 11:54:34,812 : state_square_error: 1.962 reward_error: 12.760
INFO : 2021-02-02 11:54:59,789 : state_square_error: 0.823 reward_error: 5.283
INFO : 2021-02-02 11:55:24,743 : state_square_error: 7.606 reward_error: 8.283
INFO : 2021-02-02 11:55:49,711 : state_square_error: 3.486 reward_error: 3.115
INFO : 2021-02-02 11:56:14,735 : state_square_error: 5.469 reward_error: 5.996
INFO : 2021-02-02 11:56:39,556 : episode: 25 score: 749.6 100 games avg: 749.6 steps 1000 
INFO : 2021-02-02 11:56:47,517 : state_square_error: 1.318 reward_error: 4.392
INFO : 2021-02-02 11:57:12,587 : state_square_error: 0.900 reward_error: 2.306
INFO : 2021-02-02 11:57:37,578 : state_square_error: 4.375 reward_error: 7.864
INFO : 2021-02-02 11:58:02,540 : state_square_error: 2.602 reward_error: 0.892
INFO : 2021-02-02 11:58:27,591 : state_square_error: 1.242 reward_error: 1.854
INFO : 2021-02-02 11:58:52,622 : state_square_error: 5.404 reward_error: 3.075
INFO : 2021-02-02 11:59:17,598 : state_square_error: 4.342 reward_error: 7.416
INFO : 2021-02-02 11:59:42,490 : state_square_error: 3.832 reward_error: 6.368
INFO : 2021-02-02 12:00:07,525 : state_square_error: 1.232 reward_error: 8.687
INFO : 2021-02-02 12:00:32,579 : state_square_error: 6.939 reward_error: 6.993
INFO : 2021-02-02 12:00:57,340 : episode: 26 score: 779.9 100 games avg: 779.9 steps 1000 
INFO : 2021-02-02 12:01:05,549 : state_square_error: 2.350 reward_error: 3.790
INFO : 2021-02-02 12:01:30,579 : state_square_error: 0.706 reward_error: 8.290
INFO : 2021-02-02 12:01:55,472 : state_square_error: 2.411 reward_error: 11.467
INFO : 2021-02-02 12:02:20,429 : state_square_error: 3.468 reward_error: 5.504
INFO : 2021-02-02 12:02:45,332 : state_square_error: 0.611 reward_error: 8.897
INFO : 2021-02-02 12:03:10,271 : state_square_error: 2.112 reward_error: 11.663
INFO : 2021-02-02 12:03:35,186 : state_square_error: 1.337 reward_error: 3.752
INFO : 2021-02-02 12:04:00,121 : state_square_error: 2.413 reward_error: 12.938
INFO : 2021-02-02 12:04:25,118 : state_square_error: 1.930 reward_error: 7.992
INFO : 2021-02-02 12:04:50,084 : state_square_error: 1.989 reward_error: 13.757
INFO : 2021-02-02 12:05:14,870 : episode: 27 score: 834.7 100 games avg: 834.7 steps 1000 
INFO : 2021-02-02 12:05:23,387 : state_square_error: 1.536 reward_error: 1.133
INFO : 2021-02-02 12:05:48,340 : state_square_error: 1.874 reward_error: 9.650
INFO : 2021-02-02 12:06:13,361 : state_square_error: 1.723 reward_error: 3.406
INFO : 2021-02-02 12:06:38,362 : state_square_error: 1.085 reward_error: 4.964
INFO : 2021-02-02 12:07:03,334 : state_square_error: 2.544 reward_error: 8.814
INFO : 2021-02-02 12:07:28,361 : state_square_error: 1.475 reward_error: 13.807
INFO : 2021-02-02 12:07:53,395 : state_square_error: 2.811 reward_error: 2.365
INFO : 2021-02-02 12:08:18,490 : state_square_error: 2.196 reward_error: 3.816
INFO : 2021-02-02 12:08:43,483 : state_square_error: 0.993 reward_error: 6.197
INFO : 2021-02-02 12:09:08,534 : state_square_error: 0.749 reward_error: 2.397
INFO : 2021-02-02 12:09:33,389 : episode: 28 score: 837.3 100 games avg: 837.3 steps 1000 
INFO : 2021-02-02 12:09:42,432 : state_square_error: 2.200 reward_error: 2.788
INFO : 2021-02-02 12:10:07,515 : state_square_error: 3.132 reward_error: 9.501
INFO : 2021-02-02 12:10:32,472 : state_square_error: 1.935 reward_error: 4.215
INFO : 2021-02-02 12:10:57,404 : state_square_error: 7.018 reward_error: 6.071
INFO : 2021-02-02 12:11:22,459 : state_square_error: 3.100 reward_error: 13.809
INFO : 2021-02-02 12:11:47,338 : state_square_error: 1.946 reward_error: 9.175
INFO : 2021-02-02 12:12:12,321 : state_square_error: 0.674 reward_error: 3.984
INFO : 2021-02-02 12:12:37,266 : state_square_error: 2.582 reward_error: 10.278
INFO : 2021-02-02 12:13:02,362 : state_square_error: 2.179 reward_error: 5.901
INFO : 2021-02-02 12:13:27,293 : state_square_error: 2.899 reward_error: 6.042
INFO : 2021-02-02 12:13:52,053 : episode: 29 score: 850.2 100 games avg: 850.2 steps 1000 
INFO : 2021-02-02 12:14:01,261 : state_square_error: 2.643 reward_error: 7.696
INFO : 2021-02-02 12:14:26,286 : state_square_error: 1.460 reward_error: 1.936
INFO : 2021-02-02 12:14:51,274 : state_square_error: 0.426 reward_error: 9.737
INFO : 2021-02-02 12:15:16,267 : state_square_error: 7.141 reward_error: 7.271
INFO : 2021-02-02 12:15:41,239 : state_square_error: 3.291 reward_error: 7.950
INFO : 2021-02-02 12:16:06,259 : state_square_error: 4.093 reward_error: 12.263
INFO : 2021-02-02 12:16:31,191 : state_square_error: 1.581 reward_error: 4.615
INFO : 2021-02-02 12:16:56,075 : state_square_error: 3.038 reward_error: 6.624
INFO : 2021-02-02 12:17:21,094 : state_square_error: 3.947 reward_error: 5.774
INFO : 2021-02-02 12:17:46,114 : state_square_error: 1.912 reward_error: 12.211
INFO : 2021-02-02 12:18:10,934 : episode: 30 score: 846.8 100 games avg: 846.8 steps 1000 
INFO : 2021-02-02 12:18:20,469 : state_square_error: 1.311 reward_error: 4.275
INFO : 2021-02-02 12:18:45,394 : state_square_error: 2.300 reward_error: 5.031
INFO : 2021-02-02 12:19:10,390 : state_square_error: 1.878 reward_error: 7.280
INFO : 2021-02-02 12:19:35,417 : state_square_error: 3.502 reward_error: -2.392
INFO : 2021-02-02 12:20:00,419 : state_square_error: 1.119 reward_error: 10.399
INFO : 2021-02-02 12:20:25,488 : state_square_error: 1.473 reward_error: 10.601
INFO : 2021-02-02 12:20:50,523 : state_square_error: 0.662 reward_error: 2.770
INFO : 2021-02-02 12:21:15,574 : state_square_error: 4.425 reward_error: 9.005
INFO : 2021-02-02 12:21:40,582 : state_square_error: 3.500 reward_error: 13.248
INFO : 2021-02-02 12:22:05,565 : state_square_error: 3.420 reward_error: 4.755
INFO : 2021-02-02 12:22:30,286 : episode: 31 score: 894.5 100 games avg: 894.5 steps 1000 
INFO : 2021-02-02 12:22:40,135 : state_square_error: 3.177 reward_error: 7.983
INFO : 2021-02-02 12:23:05,083 : state_square_error: 1.947 reward_error: 4.939
INFO : 2021-02-02 12:23:30,019 : state_square_error: 1.618 reward_error: 4.455
INFO : 2021-02-02 12:23:55,022 : state_square_error: 2.536 reward_error: 4.383
INFO : 2021-02-02 12:24:20,037 : state_square_error: 3.024 reward_error: 11.635
INFO : 2021-02-02 12:24:45,014 : state_square_error: 3.105 reward_error: 16.699
INFO : 2021-02-02 12:25:10,028 : state_square_error: 3.289 reward_error: 5.103
INFO : 2021-02-02 12:25:34,979 : state_square_error: 1.440 reward_error: 5.396
INFO : 2021-02-02 12:26:00,004 : state_square_error: 1.516 reward_error: 10.485
INFO : 2021-02-02 12:26:24,926 : state_square_error: 1.368 reward_error: 5.748
INFO : 2021-02-02 12:26:49,680 : episode: 32 score: 996.2 100 games avg: 996.2 steps 1000 
INFO : 2021-02-02 12:26:59,712 : state_square_error: 2.339 reward_error: 6.073
INFO : 2021-02-02 12:27:24,755 : state_square_error: 0.573 reward_error: 12.085
INFO : 2021-02-02 12:27:49,774 : state_square_error: 1.011 reward_error: 10.380
INFO : 2021-02-02 12:28:14,826 : state_square_error: 2.503 reward_error: 11.070
INFO : 2021-02-02 12:28:39,863 : state_square_error: 4.696 reward_error: 7.303
INFO : 2021-02-02 12:29:04,882 : state_square_error: 1.512 reward_error: 10.469
INFO : 2021-02-02 12:29:29,925 : state_square_error: 3.242 reward_error: 11.832
INFO : 2021-02-02 12:29:54,872 : state_square_error: 1.007 reward_error: 16.253
INFO : 2021-02-02 12:30:19,767 : state_square_error: 2.822 reward_error: 5.676
INFO : 2021-02-02 12:30:44,798 : state_square_error: 0.940 reward_error: 9.585
INFO : 2021-02-02 12:31:09,537 : episode: 33 score: 965.6 100 games avg: 965.6 steps 1000 
INFO : 2021-02-02 12:31:19,920 : state_square_error: 3.194 reward_error: 5.076
INFO : 2021-02-02 12:31:44,910 : state_square_error: 1.386 reward_error: 8.736
INFO : 2021-02-02 12:32:09,954 : state_square_error: 4.787 reward_error: 8.192
INFO : 2021-02-02 12:32:34,955 : state_square_error: 2.445 reward_error: 10.873
INFO : 2021-02-02 12:32:59,978 : state_square_error: 0.880 reward_error: 9.278
INFO : 2021-02-02 12:33:24,965 : state_square_error: 2.637 reward_error: 13.722
INFO : 2021-02-02 12:33:49,985 : state_square_error: 1.511 reward_error: 6.233
INFO : 2021-02-02 12:34:14,938 : state_square_error: 2.443 reward_error: 7.463
INFO : 2021-02-02 12:34:39,943 : state_square_error: 0.649 reward_error: 6.546
INFO : 2021-02-02 12:35:04,970 : state_square_error: 1.408 reward_error: 8.089
INFO : 2021-02-02 12:35:29,669 : episode: 34 score: 1000.5 100 games avg: 1000.5 steps 1000 
INFO : 2021-02-02 12:35:40,484 : state_square_error: 1.526 reward_error: 7.244
INFO : 2021-02-02 12:36:05,402 : state_square_error: 1.464 reward_error: 7.296
INFO : 2021-02-02 12:36:30,392 : state_square_error: 4.292 reward_error: 14.537
INFO : 2021-02-02 12:36:55,417 : state_square_error: 0.942 reward_error: 4.918
INFO : 2021-02-02 12:37:20,409 : state_square_error: 2.542 reward_error: 5.244
INFO : 2021-02-02 12:37:45,298 : state_square_error: 3.547 reward_error: 7.302
INFO : 2021-02-02 12:38:10,257 : state_square_error: 4.437 reward_error: 5.806
INFO : 2021-02-02 12:38:35,078 : state_square_error: 1.421 reward_error: 8.231
INFO : 2021-02-02 12:39:00,057 : state_square_error: 1.954 reward_error: 4.509
INFO : 2021-02-02 12:39:24,967 : state_square_error: 0.621 reward_error: 10.497
INFO : 2021-02-02 12:39:49,608 : episode: 35 score: 993.7 100 games avg: 993.7 steps 1000 
INFO : 2021-02-02 12:40:00,857 : state_square_error: 7.403 reward_error: -0.601
INFO : 2021-02-02 12:40:25,778 : state_square_error: 1.698 reward_error: 14.058
INFO : 2021-02-02 12:40:50,781 : state_square_error: 2.727 reward_error: 10.548
INFO : 2021-02-02 12:41:15,823 : state_square_error: 3.559 reward_error: 9.483
INFO : 2021-02-02 12:41:40,803 : state_square_error: 2.364 reward_error: 11.576
INFO : 2021-02-02 12:42:05,856 : state_square_error: 1.446 reward_error: 8.137
INFO : 2021-02-02 12:42:30,870 : state_square_error: 1.511 reward_error: 7.061
INFO : 2021-02-02 12:42:55,911 : state_square_error: 2.072 reward_error: 2.818
INFO : 2021-02-02 12:43:20,955 : state_square_error: 2.730 reward_error: 6.381
INFO : 2021-02-02 12:43:45,823 : state_square_error: 2.197 reward_error: 11.828
INFO : 2021-02-02 12:44:10,614 : episode: 36 score: 982.6 100 games avg: 982.6 steps 1000 
INFO : 2021-02-02 12:44:22,208 : state_square_error: 2.027 reward_error: 3.341
INFO : 2021-02-02 12:44:47,230 : state_square_error: 3.286 reward_error: 4.943
INFO : 2021-02-02 12:45:12,281 : state_square_error: 1.203 reward_error: 12.144
INFO : 2021-02-02 12:45:37,360 : state_square_error: 6.508 reward_error: 4.836
INFO : 2021-02-02 12:46:02,362 : state_square_error: 1.375 reward_error: 4.717
INFO : 2021-02-02 12:46:27,435 : state_square_error: 2.626 reward_error: 1.801
INFO : 2021-02-02 12:46:52,540 : state_square_error: 2.210 reward_error: 10.323
INFO : 2021-02-02 12:47:17,521 : state_square_error: 14.679 reward_error: 15.604
INFO : 2021-02-02 12:47:42,519 : state_square_error: 2.035 reward_error: 10.697
INFO : 2021-02-02 12:48:07,607 : state_square_error: 3.027 reward_error: 4.072
INFO : 2021-02-02 12:48:32,396 : episode: 37 score: 965.7 100 games avg: 965.7 steps 1000 
INFO : 2021-02-02 12:48:44,040 : state_square_error: 6.204 reward_error: 8.756
INFO : 2021-02-02 12:49:09,026 : state_square_error: 0.913 reward_error: 8.847
INFO : 2021-02-02 12:49:34,004 : state_square_error: 2.007 reward_error: 9.382
INFO : 2021-02-02 12:49:58,997 : state_square_error: 1.846 reward_error: 8.983
INFO : 2021-02-02 12:50:24,027 : state_square_error: 3.093 reward_error: 6.029
INFO : 2021-02-02 12:50:49,081 : state_square_error: 2.635 reward_error: 10.339
INFO : 2021-02-02 12:51:14,180 : state_square_error: 5.066 reward_error: 14.195
INFO : 2021-02-02 12:51:39,273 : state_square_error: 3.255 reward_error: 11.726
INFO : 2021-02-02 12:52:04,389 : state_square_error: 2.987 reward_error: 5.151
INFO : 2021-02-02 12:52:29,409 : state_square_error: 0.559 reward_error: 8.587
INFO : 2021-02-02 12:52:54,082 : episode: 38 score: 998.4 100 games avg: 998.4 steps 1000 
INFO : 2021-02-02 12:53:06,030 : state_square_error: 4.329 reward_error: 6.594
INFO : 2021-02-02 12:53:31,082 : state_square_error: 3.391 reward_error: 13.626
INFO : 2021-02-02 12:53:56,094 : state_square_error: 1.330 reward_error: 5.894
INFO : 2021-02-02 12:54:21,147 : state_square_error: 1.264 reward_error: 6.701
INFO : 2021-02-02 12:54:46,127 : state_square_error: 1.635 reward_error: 11.418
INFO : 2021-02-02 12:55:11,148 : state_square_error: 2.883 reward_error: 11.600
INFO : 2021-02-02 12:55:36,146 : state_square_error: 2.754 reward_error: 12.545
INFO : 2021-02-02 12:56:01,158 : state_square_error: 3.821 reward_error: 8.494
INFO : 2021-02-02 12:56:26,166 : state_square_error: 3.312 reward_error: 9.839
INFO : 2021-02-02 12:56:51,202 : state_square_error: 2.735 reward_error: 9.628
INFO : 2021-02-02 12:57:16,009 : episode: 39 score: 1004.3 100 games avg: 1004.3 steps 1000 
INFO : 2021-02-02 12:57:28,324 : state_square_error: 0.593 reward_error: 4.175
INFO : 2021-02-02 12:57:53,374 : state_square_error: 1.785 reward_error: 4.022
INFO : 2021-02-02 12:58:18,370 : state_square_error: 1.318 reward_error: 7.670
INFO : 2021-02-02 12:58:43,399 : state_square_error: 2.841 reward_error: 5.013
INFO : 2021-02-02 12:59:08,319 : state_square_error: 1.483 reward_error: 9.111
INFO : 2021-02-02 12:59:33,335 : state_square_error: 0.644 reward_error: 7.179
INFO : 2021-02-02 12:59:58,366 : state_square_error: 1.687 reward_error: 10.879
INFO : 2021-02-02 13:00:23,403 : state_square_error: 1.732 reward_error: 6.556
INFO : 2021-02-02 13:00:48,363 : state_square_error: 0.764 reward_error: 6.573
INFO : 2021-02-02 13:01:13,366 : state_square_error: 1.291 reward_error: 7.163
INFO : 2021-02-02 13:01:38,101 : episode: 40 score: 1000.5 100 games avg: 1000.5 steps 1000 
INFO : 2021-02-02 13:01:51,016 : state_square_error: 3.507 reward_error: 13.675
INFO : 2021-02-02 13:02:16,020 : state_square_error: 1.955 reward_error: 9.519
INFO : 2021-02-02 13:02:41,036 : state_square_error: 7.759 reward_error: 10.001
INFO : 2021-02-02 13:03:06,028 : state_square_error: 1.349 reward_error: 5.643
INFO : 2021-02-02 13:03:31,080 : state_square_error: 1.519 reward_error: 4.465
INFO : 2021-02-02 13:03:56,093 : state_square_error: 1.261 reward_error: 10.061
INFO : 2021-02-02 13:04:21,158 : state_square_error: 3.358 reward_error: 8.308
INFO : 2021-02-02 13:04:46,148 : state_square_error: 13.186 reward_error: 6.502
INFO : 2021-02-02 13:05:11,111 : state_square_error: 1.428 reward_error: 5.210
INFO : 2021-02-02 13:05:36,046 : state_square_error: 1.913 reward_error: 9.529
INFO : 2021-02-02 13:06:00,849 : episode: 41 score: 1043.7 100 games avg: 1043.7 steps 1000 
INFO : 2021-02-02 13:06:13,793 : state_square_error: 1.030 reward_error: 6.609
INFO : 2021-02-02 13:06:38,803 : state_square_error: 2.966 reward_error: 7.256
INFO : 2021-02-02 13:07:03,822 : state_square_error: 1.154 reward_error: 10.207
INFO : 2021-02-02 13:07:28,802 : state_square_error: 2.027 reward_error: 7.801
INFO : 2021-02-02 13:07:53,725 : state_square_error: 3.410 reward_error: 8.180
INFO : 2021-02-02 13:08:18,633 : state_square_error: 1.862 reward_error: 1.146
INFO : 2021-02-02 13:08:43,646 : state_square_error: 1.238 reward_error: 10.904
INFO : 2021-02-02 13:09:08,776 : state_square_error: 0.754 reward_error: 10.032
INFO : 2021-02-02 13:09:33,842 : state_square_error: 1.768 reward_error: 8.096
INFO : 2021-02-02 13:09:58,826 : state_square_error: 1.294 reward_error: 5.155
INFO : 2021-02-02 13:10:23,575 : episode: 42 score: 1071.2 100 games avg: 1071.2 steps 1000 
INFO : 2021-02-02 13:10:36,641 : state_square_error: 3.788 reward_error: 9.577
INFO : 2021-02-02 13:11:01,775 : state_square_error: 6.109 reward_error: 9.045
INFO : 2021-02-02 13:11:26,800 : state_square_error: 6.914 reward_error: 12.641
INFO : 2021-02-02 13:11:51,752 : state_square_error: 36.967 reward_error: -5.018
INFO : 2021-02-02 13:12:16,692 : state_square_error: 1.893 reward_error: 4.326
INFO : 2021-02-02 13:12:41,696 : state_square_error: 15.713 reward_error: 3.901
INFO : 2021-02-02 13:13:06,580 : state_square_error: 15.074 reward_error: 13.630
INFO : 2021-02-02 13:13:31,593 : state_square_error: 9.734 reward_error: 19.148
INFO : 2021-02-02 13:13:56,650 : state_square_error: 4.819 reward_error: 0.722
INFO : 2021-02-02 13:14:21,659 : state_square_error: 7.958 reward_error: 5.425
INFO : 2021-02-02 13:14:46,341 : episode: 43 score: 552.5 100 games avg: 552.5 steps 1000 
INFO : 2021-02-02 13:15:00,035 : state_square_error: 1.942 reward_error: 7.324
INFO : 2021-02-02 13:15:25,083 : state_square_error: 3.961 reward_error: 5.586
INFO : 2021-02-02 13:15:50,131 : state_square_error: 8.279 reward_error: 11.459
INFO : 2021-02-02 13:16:15,170 : state_square_error: 2.378 reward_error: 5.225
INFO : 2021-02-02 13:16:40,127 : state_square_error: 0.791 reward_error: 5.953
INFO : 2021-02-02 13:17:05,053 : state_square_error: 1.440 reward_error: 17.873
INFO : 2021-02-02 13:17:30,052 : state_square_error: 2.930 reward_error: -0.621
INFO : 2021-02-02 13:17:55,048 : state_square_error: 5.094 reward_error: 8.511
INFO : 2021-02-02 13:18:20,086 : state_square_error: 1.411 reward_error: 6.616
INFO : 2021-02-02 13:18:45,099 : state_square_error: 4.460 reward_error: 10.255
INFO : 2021-02-02 13:19:09,842 : episode: 44 score: 979.7 100 games avg: 979.7 steps 1000 
INFO : 2021-02-02 13:19:23,912 : state_square_error: 8.843 reward_error: 8.196
INFO : 2021-02-02 13:19:48,934 : state_square_error: 1.833 reward_error: 14.632
INFO : 2021-02-02 13:20:13,938 : state_square_error: 3.250 reward_error: 3.341
INFO : 2021-02-02 13:20:39,013 : state_square_error: 3.215 reward_error: 5.544
INFO : 2021-02-02 13:21:04,027 : state_square_error: 3.353 reward_error: 2.085
INFO : 2021-02-02 13:21:29,079 : state_square_error: 2.448 reward_error: 10.050
INFO : 2021-02-02 13:21:54,072 : state_square_error: 2.082 reward_error: 9.780
INFO : 2021-02-02 13:22:18,973 : state_square_error: 1.482 reward_error: 6.941
INFO : 2021-02-02 13:22:43,961 : state_square_error: 2.189 reward_error: 11.866
INFO : 2021-02-02 13:23:08,914 : state_square_error: 1.559 reward_error: 9.528
INFO : 2021-02-02 13:23:33,712 : episode: 45 score: 1050.7 100 games avg: 1050.7 steps 1000 
INFO : 2021-02-02 13:23:47,748 : state_square_error: 4.164 reward_error: 11.383
INFO : 2021-02-02 13:24:12,691 : state_square_error: 3.316 reward_error: -0.717
INFO : 2021-02-02 13:24:37,706 : state_square_error: 3.941 reward_error: 4.965
INFO : 2021-02-02 13:25:02,661 : state_square_error: 1.970 reward_error: 1.497
INFO : 2021-02-02 13:25:27,451 : state_square_error: 1.951 reward_error: 13.317
INFO : 2021-02-02 13:25:52,088 : state_square_error: 0.609 reward_error: 16.002
INFO : 2021-02-02 13:26:16,696 : state_square_error: 2.596 reward_error: 12.277
