INFO : 2021-01-28 16:37:27,932 : method: Model Predictive Contorol
INFO : 2021-01-28 16:37:27,933 : parameter n_steps: 100 ensemble_size: 5 env: HalfCheetah-v2
INFO : 2021-01-28 16:37:30,683 : mpc horizon: 10 mpc_samples: 100 elite_sample: 30 grad_steps: 10
INFO : 2021-01-28 16:37:30,683 : mpc_function policy-gamma
INFO : 2021-01-28 16:37:30,683 : policy-gamma
INFO : 2021-01-28 16:37:30,864 : state_square_error: 0.290 reward_error: 1.636
INFO : 2021-01-28 16:37:48,076 : state_square_error: 1.396 reward_error: 2.057
INFO : 2021-01-28 16:38:05,608 : state_square_error: 0.781 reward_error: 2.180
INFO : 2021-01-28 16:38:23,416 : state_square_error: 28.032 reward_error: -5.452
INFO : 2021-01-28 16:38:41,533 : state_square_error: 60.670 reward_error: 7.263
INFO : 2021-01-28 16:38:59,668 : state_square_error: 180.843 reward_error: 3.357
INFO : 2021-01-28 16:39:17,820 : state_square_error: 47.749 reward_error: 6.861
INFO : 2021-01-28 16:39:36,060 : state_square_error: 37.695 reward_error: 20.395
INFO : 2021-01-28 16:39:54,385 : state_square_error: 155.063 reward_error: 87.900
INFO : 2021-01-28 16:40:12,504 : state_square_error: 81.560 reward_error: 18.315
INFO : 2021-01-28 16:40:30,494 : episode: 0 score: -134.2 100 games avg: -134.2 steps 1000 
INFO : 2021-01-28 16:40:30,908 : state_square_error: 3.781 reward_error: 21.806
INFO : 2021-01-28 16:40:49,277 : state_square_error: 12.584 reward_error: 14.620
INFO : 2021-01-28 16:41:07,769 : state_square_error: 19.742 reward_error: 21.151
INFO : 2021-01-28 16:41:25,967 : state_square_error: 18.238 reward_error: 15.351
INFO : 2021-01-28 16:41:44,305 : state_square_error: 19.435 reward_error: 25.777
INFO : 2021-01-28 16:42:02,610 : state_square_error: 13.307 reward_error: 17.631
INFO : 2021-01-28 16:42:20,983 : state_square_error: 15.666 reward_error: 30.473
INFO : 2021-01-28 16:42:39,084 : state_square_error: 47.778 reward_error: 31.340
INFO : 2021-01-28 16:42:57,263 : state_square_error: 27.379 reward_error: 24.200
INFO : 2021-01-28 16:43:15,408 : state_square_error: 19.758 reward_error: 36.166
INFO : 2021-01-28 16:43:33,342 : episode: 1 score: -228.7 100 games avg: -228.7 steps 1000 
INFO : 2021-01-28 16:43:34,054 : state_square_error: 22.144 reward_error: 32.566
INFO : 2021-01-28 16:43:52,218 : state_square_error: 64.396 reward_error: 47.150
INFO : 2021-01-28 16:44:09,967 : state_square_error: 53.151 reward_error: 35.064
INFO : 2021-01-28 16:44:27,620 : state_square_error: 36.544 reward_error: 46.772
INFO : 2021-01-28 16:44:45,278 : state_square_error: 42.950 reward_error: 36.879
INFO : 2021-01-28 16:45:03,013 : state_square_error: 67.043 reward_error: 37.025
INFO : 2021-01-28 16:45:21,472 : state_square_error: 33.104 reward_error: 44.267
INFO : 2021-01-28 16:45:39,442 : state_square_error: 26.964 reward_error: 50.549
INFO : 2021-01-28 16:45:57,394 : state_square_error: 139.835 reward_error: 43.163
INFO : 2021-01-28 16:46:15,326 : state_square_error: 28.740 reward_error: 58.833
INFO : 2021-01-28 16:46:32,945 : episode: 2 score: -58.6 100 games avg: -58.6 steps 1000 
INFO : 2021-01-28 16:46:33,956 : state_square_error: 48.321 reward_error: 23.107
INFO : 2021-01-28 16:46:51,863 : state_square_error: 167.488 reward_error: 36.613
INFO : 2021-01-28 16:47:09,751 : state_square_error: 582.476 reward_error: 26.602
INFO : 2021-01-28 16:47:27,679 : state_square_error: 211.160 reward_error: 37.638
INFO : 2021-01-28 16:47:45,591 : state_square_error: 147.701 reward_error: 40.412
INFO : 2021-01-28 16:48:03,505 : state_square_error: 552.353 reward_error: 35.100
INFO : 2021-01-28 16:48:21,881 : state_square_error: 752.308 reward_error: 28.101
INFO : 2021-01-28 16:48:40,214 : state_square_error: 38.098 reward_error: 47.659
INFO : 2021-01-28 16:48:58,491 : state_square_error: 69.565 reward_error: 25.368
INFO : 2021-01-28 16:49:16,769 : state_square_error: 78.204 reward_error: 39.590
INFO : 2021-01-28 16:49:34,872 : episode: 3 score: -145.0 100 games avg: -145.0 steps 1000 
INFO : 2021-01-28 16:49:35,921 : state_square_error: 23.924 reward_error: 22.601
INFO : 2021-01-28 16:49:54,093 : state_square_error: 34.995 reward_error: 36.737
INFO : 2021-01-28 16:50:11,885 : state_square_error: 76.272 reward_error: 28.748
INFO : 2021-01-28 16:50:29,579 : state_square_error: 33.256 reward_error: 28.694
INFO : 2021-01-28 16:50:47,211 : state_square_error: 36.456 reward_error: 20.065
INFO : 2021-01-28 16:51:05,039 : state_square_error: 18.498 reward_error: 41.800
INFO : 2021-01-28 16:51:23,608 : state_square_error: 22.162 reward_error: 49.726
INFO : 2021-01-28 16:51:41,569 : state_square_error: 56.683 reward_error: 32.835
INFO : 2021-01-28 16:51:59,872 : state_square_error: 46.336 reward_error: 31.673
INFO : 2021-01-28 16:52:17,953 : state_square_error: 98.825 reward_error: 36.253
INFO : 2021-01-28 16:52:35,813 : episode: 4 score: -144.1 100 games avg: -144.1 steps 1000 
INFO : 2021-01-28 16:52:37,415 : state_square_error: 39.478 reward_error: 19.751
INFO : 2021-01-28 16:52:55,460 : state_square_error: 189.649 reward_error: 32.660
INFO : 2021-01-28 16:53:13,521 : state_square_error: 36.013 reward_error: 22.858
INFO : 2021-01-28 16:53:31,702 : state_square_error: 92.181 reward_error: 22.718
INFO : 2021-01-28 16:53:49,843 : state_square_error: 45.405 reward_error: 18.256
INFO : 2021-01-28 16:54:08,037 : state_square_error: 27.985 reward_error: 24.223
INFO : 2021-01-28 16:54:26,169 : state_square_error: 182.290 reward_error: 19.276
INFO : 2021-01-28 16:54:44,327 : state_square_error: 57.977 reward_error: 27.029
INFO : 2021-01-28 16:55:02,062 : state_square_error: 68.268 reward_error: 22.178
INFO : 2021-01-28 16:55:19,902 : state_square_error: 61.579 reward_error: 14.912
INFO : 2021-01-28 16:55:37,795 : episode: 5 score: -161.8 100 games avg: -161.8 steps 1000 
INFO : 2021-01-28 16:55:39,759 : state_square_error: 7.503 reward_error: 26.361
INFO : 2021-01-28 16:55:57,749 : state_square_error: 10.595 reward_error: 30.639
INFO : 2021-01-28 16:56:16,135 : state_square_error: 4.042 reward_error: 36.163
INFO : 2021-01-28 16:56:34,604 : state_square_error: 7.401 reward_error: 21.249
INFO : 2021-01-28 16:56:52,903 : state_square_error: 52.362 reward_error: 28.803
INFO : 2021-01-28 16:57:11,272 : state_square_error: 2.100 reward_error: 34.646
INFO : 2021-01-28 16:57:29,578 : state_square_error: 5.480 reward_error: 33.122
INFO : 2021-01-28 16:57:47,563 : state_square_error: 12.910 reward_error: 39.003
INFO : 2021-01-28 16:58:05,924 : state_square_error: 8.556 reward_error: 23.197
INFO : 2021-01-28 16:58:24,490 : state_square_error: 4.935 reward_error: 30.024
INFO : 2021-01-28 16:58:42,991 : episode: 6 score: -80.5 100 games avg: -80.5 steps 1000 
INFO : 2021-01-28 16:58:45,365 : state_square_error: 1.955 reward_error: 29.523
INFO : 2021-01-28 16:59:03,782 : state_square_error: 23.951 reward_error: 22.247
INFO : 2021-01-28 16:59:22,317 : state_square_error: 2.752 reward_error: 18.249
INFO : 2021-01-28 16:59:40,834 : state_square_error: 2.629 reward_error: 22.577
INFO : 2021-01-28 16:59:59,327 : state_square_error: 4.396 reward_error: 35.152
INFO : 2021-01-28 17:00:17,854 : state_square_error: 2.028 reward_error: 4.962
INFO : 2021-01-28 17:00:36,142 : state_square_error: 1.965 reward_error: 8.623
INFO : 2021-01-28 17:00:54,313 : state_square_error: 10.728 reward_error: 10.835
INFO : 2021-01-28 17:01:12,580 : state_square_error: 12.959 reward_error: 5.309
INFO : 2021-01-28 17:01:30,704 : state_square_error: 1.134 reward_error: 6.837
INFO : 2021-01-28 17:01:48,146 : episode: 7 score: -122.2 100 games avg: -122.2 steps 1000 
INFO : 2021-01-28 17:01:50,685 : state_square_error: 1.481 reward_error: 27.216
INFO : 2021-01-28 17:02:08,359 : state_square_error: 3.612 reward_error: 21.322
INFO : 2021-01-28 17:02:25,975 : state_square_error: 2.514 reward_error: 30.764
INFO : 2021-01-28 17:02:43,660 : state_square_error: 1.099 reward_error: 19.151
INFO : 2021-01-28 17:03:01,388 : state_square_error: 2.858 reward_error: 20.328
INFO : 2021-01-28 17:03:19,574 : state_square_error: 3.995 reward_error: 21.832
INFO : 2021-01-28 17:03:37,737 : state_square_error: 3.280 reward_error: 23.317
INFO : 2021-01-28 17:03:56,258 : state_square_error: 1.592 reward_error: 9.623
INFO : 2021-01-28 17:04:14,413 : state_square_error: 4.667 reward_error: 15.062
INFO : 2021-01-28 17:04:32,717 : state_square_error: 1.993 reward_error: 8.749
INFO : 2021-01-28 17:04:50,482 : episode: 8 score: -62.8 100 games avg: -62.8 steps 1000 
INFO : 2021-01-28 17:04:52,842 : state_square_error: 4.171 reward_error: 34.336
INFO : 2021-01-28 17:05:10,974 : state_square_error: 3.513 reward_error: 30.061
INFO : 2021-01-28 17:05:29,060 : state_square_error: 2.063 reward_error: 21.926
INFO : 2021-01-28 17:05:47,133 : state_square_error: 2.566 reward_error: 18.181
INFO : 2021-01-28 17:06:05,556 : state_square_error: 3.912 reward_error: 18.505
INFO : 2021-01-28 17:06:23,658 : state_square_error: 4.591 reward_error: 28.449
INFO : 2021-01-28 17:06:41,540 : state_square_error: 1.138 reward_error: 24.348
INFO : 2021-01-28 17:06:59,543 : state_square_error: 0.825 reward_error: 38.474
INFO : 2021-01-28 17:07:17,842 : state_square_error: 2.584 reward_error: 31.591
INFO : 2021-01-28 17:07:35,748 : state_square_error: 7.009 reward_error: 21.793
INFO : 2021-01-28 17:07:53,672 : episode: 9 score: 1.8 100 games avg: 1.8 steps 1000 
INFO : 2021-01-28 17:07:56,906 : state_square_error: 2.380 reward_error: 46.432
INFO : 2021-01-28 17:08:14,728 : state_square_error: 10.580 reward_error: 36.608
INFO : 2021-01-28 17:08:32,522 : state_square_error: 4.355 reward_error: 35.562
INFO : 2021-01-28 17:08:50,870 : state_square_error: 5.283 reward_error: 2.585
INFO : 2021-01-28 17:09:09,065 : state_square_error: 2.150 reward_error: 5.050
INFO : 2021-01-28 17:09:27,210 : state_square_error: 0.989 reward_error: 6.518
INFO : 2021-01-28 17:09:45,339 : state_square_error: 4.165 reward_error: 7.200
INFO : 2021-01-28 17:10:03,472 : state_square_error: 1.386 reward_error: 4.239
INFO : 2021-01-28 17:10:21,898 : state_square_error: 1.186 reward_error: 8.840
INFO : 2021-01-28 17:10:40,276 : state_square_error: 1.313 reward_error: 10.306
INFO : 2021-01-28 17:10:58,051 : episode: 10 score: -76.9 100 games avg: -76.9 steps 1000 
INFO : 2021-01-28 17:11:00,906 : state_square_error: 2.046 reward_error: 42.068
INFO : 2021-01-28 17:11:18,998 : state_square_error: 5.439 reward_error: 31.558
INFO : 2021-01-28 17:11:36,830 : state_square_error: 2.378 reward_error: 28.096
INFO : 2021-01-28 17:11:54,752 : state_square_error: 9.605 reward_error: 28.488
INFO : 2021-01-28 17:12:12,616 : state_square_error: 2.842 reward_error: 26.150
INFO : 2021-01-28 17:12:30,428 : state_square_error: 3.761 reward_error: 24.971
INFO : 2021-01-28 17:12:48,233 : state_square_error: 1.825 reward_error: 31.783
INFO : 2021-01-28 17:13:06,000 : state_square_error: 2.196 reward_error: 24.205
INFO : 2021-01-28 17:13:23,756 : state_square_error: 2.005 reward_error: 19.357
INFO : 2021-01-28 17:13:41,590 : state_square_error: 3.427 reward_error: 6.829
INFO : 2021-01-28 17:13:59,260 : episode: 11 score: 108.4 100 games avg: 108.4 steps 1000 
INFO : 2021-01-28 17:14:03,039 : state_square_error: 1.147 reward_error: 52.820
INFO : 2021-01-28 17:14:20,858 : state_square_error: 1.081 reward_error: 25.433
INFO : 2021-01-28 17:14:38,828 : state_square_error: 4.769 reward_error: 29.790
INFO : 2021-01-28 17:14:56,888 : state_square_error: 0.969 reward_error: 36.424
INFO : 2021-01-28 17:15:14,903 : state_square_error: 1.902 reward_error: 21.832
INFO : 2021-01-28 17:15:33,385 : state_square_error: 2.299 reward_error: 35.961
INFO : 2021-01-28 17:15:52,062 : state_square_error: 6.837 reward_error: 34.859
INFO : 2021-01-28 17:16:10,186 : state_square_error: 2.567 reward_error: 32.003
INFO : 2021-01-28 17:16:28,201 : state_square_error: 2.476 reward_error: 37.189
INFO : 2021-01-28 17:16:46,208 : state_square_error: 5.660 reward_error: 20.859
INFO : 2021-01-28 17:17:04,038 : episode: 12 score: 227.4 100 games avg: 227.4 steps 1000 
INFO : 2021-01-28 17:17:08,052 : state_square_error: 2.650 reward_error: 37.791
INFO : 2021-01-28 17:17:26,124 : state_square_error: 3.344 reward_error: 36.497
INFO : 2021-01-28 17:17:44,767 : state_square_error: 2.799 reward_error: 28.675
INFO : 2021-01-28 17:18:02,848 : state_square_error: 3.043 reward_error: 21.049
INFO : 2021-01-28 17:18:21,131 : state_square_error: 4.189 reward_error: 32.206
INFO : 2021-01-28 17:18:39,107 : state_square_error: 1.186 reward_error: 50.782
INFO : 2021-01-28 17:18:57,426 : state_square_error: 1.052 reward_error: 34.208
INFO : 2021-01-28 17:19:15,573 : state_square_error: 2.564 reward_error: 29.917
INFO : 2021-01-28 17:19:33,647 : state_square_error: 5.065 reward_error: 46.202
INFO : 2021-01-28 17:19:51,681 : state_square_error: 5.962 reward_error: 41.911
INFO : 2021-01-28 17:20:10,351 : episode: 13 score: 360.0 100 games avg: 360.0 steps 1000 
INFO : 2021-01-28 17:20:15,323 : state_square_error: 2.193 reward_error: 40.512
INFO : 2021-01-28 17:20:34,361 : state_square_error: 13.751 reward_error: 42.350
INFO : 2021-01-28 17:20:52,200 : state_square_error: 10.273 reward_error: 55.359
INFO : 2021-01-28 17:21:10,943 : state_square_error: 3.721 reward_error: 33.897
INFO : 2021-01-28 17:21:29,139 : state_square_error: 0.481 reward_error: 22.589
INFO : 2021-01-28 17:21:47,371 : state_square_error: 15.276 reward_error: 34.295
INFO : 2021-01-28 17:22:05,468 : state_square_error: 1.670 reward_error: 37.994
INFO : 2021-01-28 17:22:23,522 : state_square_error: 2.705 reward_error: 36.783
INFO : 2021-01-28 17:22:41,548 : state_square_error: 6.140 reward_error: 59.137
INFO : 2021-01-28 17:22:59,323 : state_square_error: 13.383 reward_error: 47.482
INFO : 2021-01-28 17:23:17,191 : episode: 14 score: 553.4 100 games avg: 553.4 steps 1000 
INFO : 2021-01-28 17:23:21,735 : state_square_error: 5.692 reward_error: 43.630
INFO : 2021-01-28 17:23:39,739 : state_square_error: 2.537 reward_error: 19.414
INFO : 2021-01-28 17:23:57,959 : state_square_error: 6.299 reward_error: 50.467
INFO : 2021-01-28 17:24:16,258 : state_square_error: 4.240 reward_error: 42.406
INFO : 2021-01-28 17:24:34,674 : state_square_error: 15.448 reward_error: 45.521
INFO : 2021-01-28 17:24:52,949 : state_square_error: 3.260 reward_error: 28.002
INFO : 2021-01-28 17:25:11,210 : state_square_error: 5.814 reward_error: 44.561
INFO : 2021-01-28 17:25:29,472 : state_square_error: 0.704 reward_error: 38.442
INFO : 2021-01-28 17:25:47,733 : state_square_error: 5.302 reward_error: 40.150
INFO : 2021-01-28 17:26:05,997 : state_square_error: 2.103 reward_error: 40.769
INFO : 2021-01-28 17:26:25,190 : episode: 15 score: 508.3 100 games avg: 508.3 steps 1000 
INFO : 2021-01-28 17:26:29,888 : state_square_error: 5.356 reward_error: 47.693
INFO : 2021-01-28 17:26:47,790 : state_square_error: 1.338 reward_error: 5.748
INFO : 2021-01-28 17:27:05,691 : state_square_error: 1.720 reward_error: 8.057
INFO : 2021-01-28 17:27:23,896 : state_square_error: 4.885 reward_error: 11.171
INFO : 2021-01-28 17:27:41,957 : state_square_error: 2.884 reward_error: 9.632
INFO : 2021-01-28 17:28:00,199 : state_square_error: 3.944 reward_error: 9.476
INFO : 2021-01-28 17:28:17,955 : state_square_error: 1.966 reward_error: 14.534
INFO : 2021-01-28 17:28:36,345 : state_square_error: 2.509 reward_error: 15.667
INFO : 2021-01-28 17:28:54,289 : state_square_error: 3.178 reward_error: 9.332
INFO : 2021-01-28 17:29:12,204 : state_square_error: 2.441 reward_error: 10.701
INFO : 2021-01-28 17:29:29,938 : episode: 16 score: -101.2 100 games avg: -101.2 steps 1000 
INFO : 2021-01-28 17:29:35,126 : state_square_error: 8.660 reward_error: 41.366
INFO : 2021-01-28 17:29:53,054 : state_square_error: 12.161 reward_error: 63.634
INFO : 2021-01-28 17:30:11,232 : state_square_error: 7.484 reward_error: 44.367
INFO : 2021-01-28 17:30:29,710 : state_square_error: 6.443 reward_error: 67.080
INFO : 2021-01-28 17:30:47,715 : state_square_error: 3.432 reward_error: 55.416
INFO : 2021-01-28 17:31:05,767 : state_square_error: 9.289 reward_error: 49.096
INFO : 2021-01-28 17:31:23,817 : state_square_error: 3.060 reward_error: 10.051
INFO : 2021-01-28 17:31:41,941 : state_square_error: 2.733 reward_error: 11.910
INFO : 2021-01-28 17:31:59,934 : state_square_error: 5.420 reward_error: 12.954
INFO : 2021-01-28 17:32:18,869 : state_square_error: 1.261 reward_error: 11.545
INFO : 2021-01-28 17:32:36,625 : episode: 17 score: 487.8 100 games avg: 487.8 steps 1000 
INFO : 2021-01-28 17:32:41,994 : state_square_error: 2.193 reward_error: 61.701
INFO : 2021-01-28 17:32:59,745 : state_square_error: 5.637 reward_error: 33.446
INFO : 2021-01-28 17:33:18,196 : state_square_error: 5.729 reward_error: 62.308
INFO : 2021-01-28 17:33:36,420 : state_square_error: 1.210 reward_error: 8.569
INFO : 2021-01-28 17:33:54,976 : state_square_error: 4.958 reward_error: 22.405
INFO : 2021-01-28 17:34:13,719 : state_square_error: 1.367 reward_error: 12.877
INFO : 2021-01-28 17:34:32,027 : state_square_error: 4.156 reward_error: 14.478
INFO : 2021-01-28 17:34:50,348 : state_square_error: 1.087 reward_error: 13.315
INFO : 2021-01-28 17:35:08,444 : state_square_error: 4.032 reward_error: 11.074
INFO : 2021-01-28 17:35:26,476 : state_square_error: 1.072 reward_error: 15.340
INFO : 2021-01-28 17:35:44,119 : episode: 18 score: 97.6 100 games avg: 97.6 steps 1000 
INFO : 2021-01-28 17:35:49,299 : state_square_error: 13.322 reward_error: 50.368
INFO : 2021-01-28 17:36:07,252 : state_square_error: 2.566 reward_error: 14.337
INFO : 2021-01-28 17:36:24,971 : state_square_error: 6.005 reward_error: 10.860
INFO : 2021-01-28 17:36:42,691 : state_square_error: 0.772 reward_error: 12.388
INFO : 2021-01-28 17:37:00,316 : state_square_error: 1.131 reward_error: 14.949
INFO : 2021-01-28 17:37:18,648 : state_square_error: 3.191 reward_error: 13.153
INFO : 2021-01-28 17:37:37,007 : state_square_error: 6.137 reward_error: 12.565
INFO : 2021-01-28 17:37:55,353 : state_square_error: 2.452 reward_error: 10.016
INFO : 2021-01-28 17:38:13,696 : state_square_error: 1.337 reward_error: 9.596
INFO : 2021-01-28 17:38:32,032 : state_square_error: 2.751 reward_error: 15.205
INFO : 2021-01-28 17:38:50,185 : episode: 19 score: -37.4 100 games avg: -37.4 steps 1000 
INFO : 2021-01-28 17:38:55,879 : state_square_error: 4.920 reward_error: 62.528
INFO : 2021-01-28 17:39:14,037 : state_square_error: 0.899 reward_error: 58.011
INFO : 2021-01-28 17:39:32,577 : state_square_error: 0.933 reward_error: 61.911
INFO : 2021-01-28 17:39:50,628 : state_square_error: 3.466 reward_error: 71.685
INFO : 2021-01-28 17:40:08,621 : state_square_error: 1.837 reward_error: 49.622
INFO : 2021-01-28 17:40:26,641 : state_square_error: 1.948 reward_error: 9.277
INFO : 2021-01-28 17:40:44,663 : state_square_error: 1.958 reward_error: 11.241
INFO : 2021-01-28 17:41:02,898 : state_square_error: 2.099 reward_error: 12.115
INFO : 2021-01-28 17:41:21,974 : state_square_error: 1.962 reward_error: 11.238
INFO : 2021-01-28 17:41:41,417 : state_square_error: 5.559 reward_error: 10.776
INFO : 2021-01-28 17:42:00,429 : episode: 20 score: 410.8 100 games avg: 410.8 steps 1000 
INFO : 2021-01-28 17:42:06,949 : state_square_error: 9.082 reward_error: 64.024
INFO : 2021-01-28 17:42:24,748 : state_square_error: 6.461 reward_error: 66.320
INFO : 2021-01-28 17:42:42,428 : state_square_error: 12.419 reward_error: 75.634
INFO : 2021-01-28 17:43:00,130 : state_square_error: 2.900 reward_error: 92.086
INFO : 2021-01-28 17:43:18,622 : state_square_error: 9.410 reward_error: 74.574
INFO : 2021-01-28 17:43:37,064 : state_square_error: 4.267 reward_error: 68.820
INFO : 2021-01-28 17:43:54,778 : state_square_error: 9.437 reward_error: 55.034
INFO : 2021-01-28 17:44:12,647 : state_square_error: 1.630 reward_error: 9.195
INFO : 2021-01-28 17:44:30,853 : state_square_error: 2.410 reward_error: 13.040
INFO : 2021-01-28 17:44:49,123 : state_square_error: 0.971 reward_error: 13.620
INFO : 2021-01-28 17:45:07,089 : episode: 21 score: 708.7 100 games avg: 708.7 steps 1000 
INFO : 2021-01-28 17:45:13,996 : state_square_error: 14.096 reward_error: 64.875
INFO : 2021-01-28 17:45:32,942 : state_square_error: 4.087 reward_error: 58.010
INFO : 2021-01-28 17:45:52,224 : state_square_error: 1.616 reward_error: 19.864
INFO : 2021-01-28 17:46:10,697 : state_square_error: 0.953 reward_error: 25.368
INFO : 2021-01-28 17:46:29,217 : state_square_error: 1.344 reward_error: 26.333
INFO : 2021-01-28 17:46:47,758 : state_square_error: 1.061 reward_error: 21.582
INFO : 2021-01-28 17:47:06,248 : state_square_error: 4.042 reward_error: 16.598
INFO : 2021-01-28 17:47:24,601 : state_square_error: 3.412 reward_error: 20.273
INFO : 2021-01-28 17:47:42,703 : state_square_error: 1.783 reward_error: 13.420
INFO : 2021-01-28 17:48:00,771 : state_square_error: 0.826 reward_error: 15.779
INFO : 2021-01-28 17:48:19,208 : episode: 22 score: 91.5 100 games avg: 91.5 steps 1000 
INFO : 2021-01-28 17:48:26,596 : state_square_error: 15.989 reward_error: 75.706
INFO : 2021-01-28 17:48:44,982 : state_square_error: 4.271 reward_error: 71.349
INFO : 2021-01-28 17:49:03,427 : state_square_error: 1.564 reward_error: 18.522
INFO : 2021-01-28 17:49:21,984 : state_square_error: 1.649 reward_error: 10.868
INFO : 2021-01-28 17:49:41,847 : state_square_error: 0.535 reward_error: 9.949
INFO : 2021-01-28 17:50:00,040 : state_square_error: 1.239 reward_error: 18.190
INFO : 2021-01-28 17:50:17,932 : state_square_error: 2.066 reward_error: 15.845
INFO : 2021-01-28 17:50:35,805 : state_square_error: 2.521 reward_error: 11.542
INFO : 2021-01-28 17:50:53,738 : state_square_error: 1.444 reward_error: 9.478
INFO : 2021-01-28 17:51:11,694 : state_square_error: 1.266 reward_error: 9.143
INFO : 2021-01-28 17:51:30,259 : episode: 23 score: -65.9 100 games avg: -65.9 steps 1000 
INFO : 2021-01-28 17:51:36,682 : state_square_error: 1.745 reward_error: 74.571
INFO : 2021-01-28 17:51:54,945 : state_square_error: 3.110 reward_error: 78.464
INFO : 2021-01-28 17:52:13,212 : state_square_error: 9.879 reward_error: 85.370
INFO : 2021-01-28 17:52:32,354 : state_square_error: 13.846 reward_error: 81.388
INFO : 2021-01-28 17:52:50,395 : state_square_error: 12.534 reward_error: 91.796
INFO : 2021-01-28 17:53:08,402 : state_square_error: 37.539 reward_error: 105.297
INFO : 2021-01-28 17:53:26,792 : state_square_error: 25.749 reward_error: 96.744
INFO : 2021-01-28 17:53:45,549 : state_square_error: 278.154 reward_error: 91.941
INFO : 2021-01-28 17:54:03,534 : state_square_error: 273.881 reward_error: 101.722
INFO : 2021-01-28 17:54:21,694 : state_square_error: 404.867 reward_error: 124.804
INFO : 2021-01-28 17:54:39,534 : episode: 24 score: 532.0 100 games avg: 532.0 steps 1000 
INFO : 2021-01-28 17:54:48,139 : state_square_error: 1.080 reward_error: 76.540
INFO : 2021-01-28 17:55:06,386 : state_square_error: 5.488 reward_error: 85.800
INFO : 2021-01-28 17:55:24,744 : state_square_error: 1.222 reward_error: 15.181
INFO : 2021-01-28 17:55:43,094 : state_square_error: 0.850 reward_error: 11.514
INFO : 2021-01-28 17:56:01,307 : state_square_error: 1.940 reward_error: 15.720
INFO : 2021-01-28 17:56:19,455 : state_square_error: 1.536 reward_error: 22.922
INFO : 2021-01-28 17:56:37,568 : state_square_error: 1.362 reward_error: 14.321
INFO : 2021-01-28 17:56:55,590 : state_square_error: 1.153 reward_error: 27.667
INFO : 2021-01-28 17:57:14,523 : state_square_error: 2.141 reward_error: 14.845
INFO : 2021-01-28 17:57:32,493 : state_square_error: 4.172 reward_error: 12.174
INFO : 2021-01-28 17:57:50,166 : episode: 25 score: 88.2 100 games avg: 88.2 steps 1000 
INFO : 2021-01-28 17:57:58,702 : state_square_error: 15.728 reward_error: 81.834
INFO : 2021-01-28 17:58:16,625 : state_square_error: 15.457 reward_error: 96.915
INFO : 2021-01-28 17:58:34,613 : state_square_error: 4.861 reward_error: 99.210
INFO : 2021-01-28 17:58:52,746 : state_square_error: 3.015 reward_error: 28.856
INFO : 2021-01-28 17:59:11,164 : state_square_error: 3.964 reward_error: 23.421
INFO : 2021-01-28 17:59:29,500 : state_square_error: 3.438 reward_error: 14.181
INFO : 2021-01-28 17:59:47,834 : state_square_error: 0.549 reward_error: 15.069
INFO : 2021-01-28 18:00:06,175 : state_square_error: 3.404 reward_error: 17.746
INFO : 2021-01-28 18:00:24,509 : state_square_error: 0.776 reward_error: 22.795
INFO : 2021-01-28 18:00:42,897 : state_square_error: 3.537 reward_error: 13.193
INFO : 2021-01-28 18:01:01,049 : episode: 26 score: 246.6 100 games avg: 246.6 steps 1000 
INFO : 2021-01-28 18:01:07,124 : state_square_error: 2.291 reward_error: 102.171
INFO : 2021-01-28 18:01:25,452 : state_square_error: 3.835 reward_error: 94.312
INFO : 2021-01-28 18:01:43,797 : state_square_error: 6.293 reward_error: 18.758
INFO : 2021-01-28 18:02:02,135 : state_square_error: 2.860 reward_error: 15.248
INFO : 2021-01-28 18:02:20,476 : state_square_error: 0.844 reward_error: 19.754
INFO : 2021-01-28 18:02:38,840 : state_square_error: 0.755 reward_error: 34.625
INFO : 2021-01-28 18:02:57,017 : state_square_error: 2.269 reward_error: 17.933
INFO : 2021-01-28 18:03:15,097 : state_square_error: 2.346 reward_error: 8.327
INFO : 2021-01-28 18:03:33,365 : state_square_error: 6.258 reward_error: 20.015
INFO : 2021-01-28 18:03:51,892 : state_square_error: 3.092 reward_error: 13.017
INFO : 2021-01-28 18:04:09,951 : episode: 27 score: -49.5 100 games avg: -49.5 steps 1000 
INFO : 2021-01-28 18:04:17,819 : state_square_error: 6.853 reward_error: 88.144
INFO : 2021-01-28 18:04:36,421 : state_square_error: 1.924 reward_error: 91.013
INFO : 2021-01-28 18:04:54,796 : state_square_error: 6.435 reward_error: 84.130
INFO : 2021-01-28 18:05:12,844 : state_square_error: 3.458 reward_error: 93.011
INFO : 2021-01-28 18:05:31,241 : state_square_error: 2.285 reward_error: 92.840
INFO : 2021-01-28 18:05:50,619 : state_square_error: 6.213 reward_error: 103.707
INFO : 2021-01-28 18:06:09,020 : state_square_error: 1.567 reward_error: 98.639
INFO : 2021-01-28 18:06:27,414 : state_square_error: 6.843 reward_error: 101.271
INFO : 2021-01-28 18:06:45,963 : state_square_error: 6.088 reward_error: 108.383
INFO : 2021-01-28 18:07:04,409 : state_square_error: 2.734 reward_error: 87.345
INFO : 2021-01-28 18:07:22,579 : episode: 28 score: 1236.7 100 games avg: 1236.7 steps 1000 
INFO : 2021-01-28 18:07:31,918 : state_square_error: 4.919 reward_error: 87.848
INFO : 2021-01-28 18:07:49,669 : state_square_error: 1.085 reward_error: 101.220
INFO : 2021-01-28 18:08:07,701 : state_square_error: 4.377 reward_error: 102.908
INFO : 2021-01-28 18:08:25,902 : state_square_error: 4.510 reward_error: 89.196
INFO : 2021-01-28 18:08:45,463 : state_square_error: 4.243 reward_error: 89.385
INFO : 2021-01-28 18:09:04,178 : state_square_error: 21.269 reward_error: 90.516
INFO : 2021-01-28 18:09:21,956 : state_square_error: 8.031 reward_error: 98.761
INFO : 2021-01-28 18:09:39,941 : state_square_error: 3.726 reward_error: 94.557
INFO : 2021-01-28 18:09:58,267 : state_square_error: 12.586 reward_error: 101.427
INFO : 2021-01-28 18:10:16,502 : state_square_error: 9.427 reward_error: 92.397
INFO : 2021-01-28 18:10:34,607 : episode: 29 score: 1082.6 100 games avg: 1082.6 steps 1000 
INFO : 2021-01-28 18:10:45,687 : state_square_error: 5.270 reward_error: 80.325
INFO : 2021-01-28 18:11:05,175 : state_square_error: 18.421 reward_error: 96.969
INFO : 2021-01-28 18:11:23,119 : state_square_error: 2.931 reward_error: 93.060
INFO : 2021-01-28 18:11:41,126 : state_square_error: 14.714 reward_error: 91.061
INFO : 2021-01-28 18:11:59,098 : state_square_error: 1.324 reward_error: 100.390
INFO : 2021-01-28 18:12:17,103 : state_square_error: 2.470 reward_error: 93.680
INFO : 2021-01-28 18:12:34,842 : state_square_error: 3.201 reward_error: 96.148
INFO : 2021-01-28 18:12:52,971 : state_square_error: 12.543 reward_error: 104.976
INFO : 2021-01-28 18:13:11,825 : state_square_error: 5.920 reward_error: 21.412
INFO : 2021-01-28 18:13:29,942 : state_square_error: 0.889 reward_error: 12.931
INFO : 2021-01-28 18:13:47,776 : episode: 30 score: 809.3 100 games avg: 809.3 steps 1000 
INFO : 2021-01-28 18:13:54,779 : state_square_error: 4.861 reward_error: 91.514
INFO : 2021-01-28 18:14:13,057 : state_square_error: 1.688 reward_error: 83.016
INFO : 2021-01-28 18:14:31,343 : state_square_error: 4.394 reward_error: 99.554
INFO : 2021-01-28 18:14:49,782 : state_square_error: 3.030 reward_error: 96.010
INFO : 2021-01-28 18:15:07,971 : state_square_error: 20.984 reward_error: 135.491
INFO : 2021-01-28 18:15:26,036 : state_square_error: 29.424 reward_error: 103.770
INFO : 2021-01-28 18:15:43,988 : state_square_error: 4.054 reward_error: 98.220
INFO : 2021-01-28 18:16:02,083 : state_square_error: 2.155 reward_error: 94.248
INFO : 2021-01-28 18:16:20,112 : state_square_error: 0.687 reward_error: 14.854
INFO : 2021-01-28 18:16:38,261 : state_square_error: 1.047 reward_error: 14.470
INFO : 2021-01-28 18:16:57,051 : episode: 31 score: 981.7 100 games avg: 981.7 steps 1000 
INFO : 2021-01-28 18:17:05,657 : state_square_error: 4.627 reward_error: 88.351
INFO : 2021-01-28 18:17:23,769 : state_square_error: 8.124 reward_error: 109.162
INFO : 2021-01-28 18:17:42,190 : state_square_error: 3.680 reward_error: 128.486
INFO : 2021-01-28 18:18:00,113 : state_square_error: 6.750 reward_error: 101.924
INFO : 2021-01-28 18:18:18,459 : state_square_error: 1.012 reward_error: 114.746
INFO : 2021-01-28 18:18:36,692 : state_square_error: 10.560 reward_error: 121.298
INFO : 2021-01-28 18:18:54,763 : state_square_error: 7.029 reward_error: 77.103
INFO : 2021-01-28 18:19:13,642 : state_square_error: 0.658 reward_error: 19.372
INFO : 2021-01-28 18:19:33,510 : state_square_error: 0.477 reward_error: 13.532
INFO : 2021-01-28 18:19:51,735 : state_square_error: 1.785 reward_error: 31.290
INFO : 2021-01-28 18:20:09,412 : episode: 32 score: 614.9 100 games avg: 614.9 steps 1000 
INFO : 2021-01-28 18:20:17,742 : state_square_error: 1.722 reward_error: 92.037
INFO : 2021-01-28 18:20:35,606 : state_square_error: 3.219 reward_error: 117.421
INFO : 2021-01-28 18:20:53,479 : state_square_error: 1.666 reward_error: 102.600
INFO : 2021-01-28 18:21:11,415 : state_square_error: 10.414 reward_error: 111.390
INFO : 2021-01-28 18:21:29,930 : state_square_error: 13.432 reward_error: 102.199
INFO : 2021-01-28 18:21:48,222 : state_square_error: 7.239 reward_error: 85.721
INFO : 2021-01-28 18:22:06,253 : state_square_error: 0.408 reward_error: 21.066
INFO : 2021-01-28 18:22:24,579 : state_square_error: 1.332 reward_error: 29.981
INFO : 2021-01-28 18:22:42,976 : state_square_error: 3.685 reward_error: 15.414
INFO : 2021-01-28 18:23:01,586 : state_square_error: 10.535 reward_error: 17.226
INFO : 2021-01-28 18:23:20,507 : episode: 33 score: 567.1 100 games avg: 567.1 steps 1000 
INFO : 2021-01-28 18:23:29,795 : state_square_error: 5.232 reward_error: 87.184
INFO : 2021-01-28 18:23:47,798 : state_square_error: 3.431 reward_error: 92.464
INFO : 2021-01-28 18:24:05,847 : state_square_error: 5.139 reward_error: 104.791
INFO : 2021-01-28 18:24:23,937 : state_square_error: 2.661 reward_error: 99.782
INFO : 2021-01-28 18:24:41,946 : state_square_error: 2.199 reward_error: 108.775
INFO : 2021-01-28 18:25:00,019 : state_square_error: 3.204 reward_error: 96.326
INFO : 2021-01-28 18:25:18,709 : state_square_error: 0.610 reward_error: 105.404
INFO : 2021-01-28 18:25:37,537 : state_square_error: 1.846 reward_error: 13.574
INFO : 2021-01-28 18:25:56,104 : state_square_error: 1.645 reward_error: 17.428
INFO : 2021-01-28 18:26:14,649 : state_square_error: 3.233 reward_error: 15.755
INFO : 2021-01-28 18:26:33,073 : episode: 34 score: 769.6 100 games avg: 769.6 steps 1000 
INFO : 2021-01-28 18:26:45,617 : state_square_error: 1.313 reward_error: 86.116
INFO : 2021-01-28 18:27:04,197 : state_square_error: 8.775 reward_error: 120.533
INFO : 2021-01-28 18:27:22,841 : state_square_error: 4.801 reward_error: 120.193
INFO : 2021-01-28 18:27:41,241 : state_square_error: 1.411 reward_error: 124.545
INFO : 2021-01-28 18:27:59,742 : state_square_error: 3.894 reward_error: 114.990
INFO : 2021-01-28 18:28:18,249 : state_square_error: 4.835 reward_error: 115.928
INFO : 2021-01-28 18:28:36,758 : state_square_error: 5.767 reward_error: 111.829
INFO : 2021-01-28 18:28:55,303 : state_square_error: 4.909 reward_error: 115.346
INFO : 2021-01-28 18:29:14,170 : state_square_error: 0.874 reward_error: 103.846
INFO : 2021-01-28 18:29:32,734 : state_square_error: 5.869 reward_error: 114.162
INFO : 2021-01-28 18:29:50,262 : episode: 35 score: 1005.1 100 games avg: 1005.1 steps 1000 
INFO : 2021-01-28 18:30:00,048 : state_square_error: 2.614 reward_error: 93.646
INFO : 2021-01-28 18:30:18,630 : state_square_error: 2.235 reward_error: 101.358
INFO : 2021-01-28 18:30:36,581 : state_square_error: 15.876 reward_error: 111.402
INFO : 2021-01-28 18:30:55,974 : state_square_error: 10.918 reward_error: 112.428
INFO : 2021-01-28 18:31:13,926 : state_square_error: 2.227 reward_error: 120.180
INFO : 2021-01-28 18:31:32,236 : state_square_error: 3.985 reward_error: 124.809
INFO : 2021-01-28 18:31:50,361 : state_square_error: 6.972 reward_error: 129.652
INFO : 2021-01-28 18:32:08,338 : state_square_error: 0.684 reward_error: 120.497
INFO : 2021-01-28 18:32:26,325 : state_square_error: 3.047 reward_error: 108.536
INFO : 2021-01-28 18:32:44,658 : state_square_error: 4.246 reward_error: 111.669
INFO : 2021-01-28 18:33:02,544 : episode: 36 score: 1126.6 100 games avg: 1126.6 steps 1000 
INFO : 2021-01-28 18:33:14,171 : state_square_error: 7.491 reward_error: 95.944
INFO : 2021-01-28 18:33:32,367 : state_square_error: 6.053 reward_error: 117.010
INFO : 2021-01-28 18:33:50,326 : state_square_error: 14.345 reward_error: 117.946
INFO : 2021-01-28 18:34:07,925 : state_square_error: 5.899 reward_error: 132.293
INFO : 2021-01-28 18:34:25,675 : state_square_error: 3.404 reward_error: 112.955
INFO : 2021-01-28 18:34:43,357 : state_square_error: 2.743 reward_error: 120.863
INFO : 2021-01-28 18:35:01,061 : state_square_error: 3.242 reward_error: 117.474
INFO : 2021-01-28 18:35:19,700 : state_square_error: 3.377 reward_error: 113.709
INFO : 2021-01-28 18:35:38,455 : state_square_error: 13.923 reward_error: 121.719
INFO : 2021-01-28 18:35:57,884 : state_square_error: 2.247 reward_error: 121.872
INFO : 2021-01-28 18:36:15,990 : episode: 37 score: 1200.2 100 games avg: 1200.2 steps 1000 
INFO : 2021-01-28 18:36:28,182 : state_square_error: 6.482 reward_error: 100.896
INFO : 2021-01-28 18:36:46,649 : state_square_error: 4.417 reward_error: 120.366
INFO : 2021-01-28 18:37:05,177 : state_square_error: 3.739 reward_error: 134.567
INFO : 2021-01-28 18:37:23,710 : state_square_error: 4.113 reward_error: 126.170
INFO : 2021-01-28 18:37:42,511 : state_square_error: 2.392 reward_error: 106.484
INFO : 2021-01-28 18:38:01,867 : state_square_error: 11.181 reward_error: 126.095
INFO : 2021-01-28 18:38:21,985 : state_square_error: 2.154 reward_error: 20.461
INFO : 2021-01-28 18:38:41,055 : state_square_error: 3.134 reward_error: 13.748
INFO : 2021-01-28 18:38:59,211 : state_square_error: 0.589 reward_error: 15.709
INFO : 2021-01-28 18:39:18,258 : state_square_error: 1.197 reward_error: 15.172
INFO : 2021-01-28 18:39:37,159 : episode: 38 score: 657.0 100 games avg: 657.0 steps 1000 
INFO : 2021-01-28 18:39:49,181 : state_square_error: 1.618 reward_error: 125.336
INFO : 2021-01-28 18:40:07,849 : state_square_error: 2.741 reward_error: 120.299
INFO : 2021-01-28 18:40:27,164 : state_square_error: 2.273 reward_error: 135.703
INFO : 2021-01-28 18:40:45,456 : state_square_error: 18.608 reward_error: 116.164
INFO : 2021-01-28 18:41:03,743 : state_square_error: 3.037 reward_error: 13.436
INFO : 2021-01-28 18:41:21,996 : state_square_error: 0.715 reward_error: 24.889
INFO : 2021-01-28 18:41:40,378 : state_square_error: 0.846 reward_error: 17.601
INFO : 2021-01-28 18:41:58,538 : state_square_error: 2.947 reward_error: 23.459
INFO : 2021-01-28 18:42:17,719 : state_square_error: 1.283 reward_error: 15.392
INFO : 2021-01-28 18:42:35,643 : state_square_error: 0.869 reward_error: 15.388
INFO : 2021-01-28 18:42:53,142 : episode: 39 score: 364.1 100 games avg: 364.1 steps 1000 
INFO : 2021-01-28 18:43:05,696 : state_square_error: 4.432 reward_error: 104.332
INFO : 2021-01-28 18:43:24,127 : state_square_error: 6.364 reward_error: 135.566
INFO : 2021-01-28 18:43:41,930 : state_square_error: 2.280 reward_error: 133.967
INFO : 2021-01-28 18:44:00,223 : state_square_error: 4.519 reward_error: 115.041
INFO : 2021-01-28 18:44:18,563 : state_square_error: 3.012 reward_error: 135.588
INFO : 2021-01-28 18:44:37,610 : state_square_error: 4.980 reward_error: 124.692
INFO : 2021-01-28 18:44:55,928 : state_square_error: 7.356 reward_error: 118.054
INFO : 2021-01-28 18:45:14,249 : state_square_error: 2.763 reward_error: 114.859
INFO : 2021-01-28 18:45:32,690 : state_square_error: 2.385 reward_error: 126.276
INFO : 2021-01-28 18:45:50,710 : state_square_error: 10.064 reward_error: 114.816
INFO : 2021-01-28 18:46:08,271 : episode: 40 score: 1406.0 100 games avg: 1406.0 steps 1000 
INFO : 2021-01-28 18:46:20,964 : state_square_error: 7.200 reward_error: 105.824
INFO : 2021-01-28 18:46:40,671 : state_square_error: 5.331 reward_error: 161.028
INFO : 2021-01-28 18:46:58,628 : state_square_error: 5.910 reward_error: 148.248
INFO : 2021-01-28 18:47:16,670 : state_square_error: 56.080 reward_error: 168.656
INFO : 2021-01-28 18:47:34,773 : state_square_error: 9.768 reward_error: 180.268
INFO : 2021-01-28 18:47:52,910 : state_square_error: 4.490 reward_error: 153.458
INFO : 2021-01-28 18:48:11,060 : state_square_error: 12.165 reward_error: 166.975
INFO : 2021-01-28 18:48:29,199 : state_square_error: 5.373 reward_error: 178.303
INFO : 2021-01-28 18:48:47,343 : state_square_error: 3.970 reward_error: 140.389
INFO : 2021-01-28 18:49:05,486 : state_square_error: 27.131 reward_error: 149.262
INFO : 2021-01-28 18:49:23,445 : episode: 41 score: -307.8 100 games avg: -307.8 steps 1000 
INFO : 2021-01-28 18:49:38,972 : state_square_error: 2.492 reward_error: 105.947
INFO : 2021-01-28 18:49:57,108 : state_square_error: 3.156 reward_error: 138.938
INFO : 2021-01-28 18:50:15,247 : state_square_error: 3.872 reward_error: 135.702
INFO : 2021-01-28 18:50:33,384 : state_square_error: 2.283 reward_error: 21.788
INFO : 2021-01-28 18:50:51,521 : state_square_error: 2.538 reward_error: 34.175
INFO : 2021-01-28 18:51:09,691 : state_square_error: 0.960 reward_error: 12.499
INFO : 2021-01-28 18:51:27,917 : state_square_error: 1.952 reward_error: 16.029
INFO : 2021-01-28 18:51:46,151 : state_square_error: 1.905 reward_error: 19.948
INFO : 2021-01-28 18:52:04,389 : state_square_error: 1.194 reward_error: 24.870
INFO : 2021-01-28 18:52:22,652 : state_square_error: 1.674 reward_error: 18.256
INFO : 2021-01-28 18:52:40,646 : episode: 42 score: 392.7 100 games avg: 392.7 steps 1000 
INFO : 2021-01-28 18:52:56,480 : state_square_error: 10.702 reward_error: 109.748
INFO : 2021-01-28 18:53:14,620 : state_square_error: 6.141 reward_error: 143.705
INFO : 2021-01-28 18:53:32,756 : state_square_error: 8.198 reward_error: 130.111
INFO : 2021-01-28 18:53:50,896 : state_square_error: 4.288 reward_error: 136.407
INFO : 2021-01-28 18:54:09,045 : state_square_error: 3.307 reward_error: 125.428
INFO : 2021-01-28 18:54:27,185 : state_square_error: 3.490 reward_error: 141.447
INFO : 2021-01-28 18:54:45,323 : state_square_error: 10.364 reward_error: 141.630
INFO : 2021-01-28 18:55:03,463 : state_square_error: 4.583 reward_error: 131.351
INFO : 2021-01-28 18:55:21,601 : state_square_error: 15.670 reward_error: 135.813
INFO : 2021-01-28 18:55:39,744 : state_square_error: 3.777 reward_error: 151.008
INFO : 2021-01-28 18:55:57,701 : episode: 43 score: 1503.7 100 games avg: 1503.7 steps 1000 
INFO : 2021-01-28 18:56:13,930 : state_square_error: 2.792 reward_error: 111.693
INFO : 2021-01-28 18:56:32,070 : state_square_error: 1.210 reward_error: 127.160
INFO : 2021-01-28 18:56:50,207 : state_square_error: 9.347 reward_error: 139.781
INFO : 2021-01-28 18:57:08,382 : state_square_error: 2.352 reward_error: 134.593
INFO : 2021-01-28 18:57:26,525 : state_square_error: 9.896 reward_error: 128.758
INFO : 2021-01-28 18:57:44,663 : state_square_error: 4.290 reward_error: 135.103
INFO : 2021-01-28 18:58:02,803 : state_square_error: 5.088 reward_error: 139.292
INFO : 2021-01-28 18:58:20,941 : state_square_error: 4.169 reward_error: 140.849
INFO : 2021-01-28 18:58:39,081 : state_square_error: 3.168 reward_error: 118.835
INFO : 2021-01-28 18:58:57,222 : state_square_error: 2.224 reward_error: 151.400
INFO : 2021-01-28 18:59:15,179 : episode: 44 score: 1474.5 100 games avg: 1474.5 steps 1000 
INFO : 2021-01-28 18:59:31,825 : state_square_error: 17.050 reward_error: 126.859
INFO : 2021-01-28 18:59:49,959 : state_square_error: 14.892 reward_error: 132.652
INFO : 2021-01-28 19:00:08,046 : state_square_error: 6.440 reward_error: 146.306
INFO : 2021-01-28 19:00:26,275 : state_square_error: 7.981 reward_error: 148.794
INFO : 2021-01-28 19:00:44,413 : state_square_error: 4.471 reward_error: 27.340
INFO : 2021-01-28 19:01:02,552 : state_square_error: 0.767 reward_error: 25.922
INFO : 2021-01-28 19:01:20,692 : state_square_error: 1.887 reward_error: 19.580
INFO : 2021-01-28 19:01:38,832 : state_square_error: 5.913 reward_error: 29.483
INFO : 2021-01-28 19:01:56,970 : state_square_error: 1.298 reward_error: 20.553
INFO : 2021-01-28 19:02:15,110 : state_square_error: 1.480 reward_error: 16.835
INFO : 2021-01-28 19:02:33,067 : episode: 45 score: 613.4 100 games avg: 613.4 steps 1000 
INFO : 2021-01-28 19:02:50,078 : state_square_error: 3.615 reward_error: 129.535
INFO : 2021-01-28 19:03:08,220 : state_square_error: 6.573 reward_error: 138.664
INFO : 2021-01-28 19:03:26,359 : state_square_error: 4.427 reward_error: 164.023
INFO : 2021-01-28 19:03:44,495 : state_square_error: 69.866 reward_error: 160.669
INFO : 2021-01-28 19:04:02,968 : state_square_error: 2.220 reward_error: 150.676
INFO : 2021-01-28 19:04:21,440 : state_square_error: 3.857 reward_error: 126.173
INFO : 2021-01-28 19:04:39,914 : state_square_error: 4.088 reward_error: 172.309
INFO : 2021-01-28 19:04:58,382 : state_square_error: 4.023 reward_error: 143.552
INFO : 2021-01-28 19:05:18,026 : state_square_error: 4.818 reward_error: 146.953
INFO : 2021-01-28 19:05:36,488 : state_square_error: 1.405 reward_error: 36.830
INFO : 2021-01-28 19:05:54,516 : episode: 46 score: 1173.3 100 games avg: 1173.3 steps 1000 
INFO : 2021-01-28 19:06:08,434 : state_square_error: 1.707 reward_error: 118.730
INFO : 2021-01-28 19:06:26,563 : state_square_error: 7.123 reward_error: 158.188
INFO : 2021-01-28 19:06:44,700 : state_square_error: 4.772 reward_error: 150.182
INFO : 2021-01-28 19:07:02,839 : state_square_error: 17.525 reward_error: 149.124
INFO : 2021-01-28 19:07:20,977 : state_square_error: 8.725 reward_error: 186.538
INFO : 2021-01-28 19:07:39,115 : state_square_error: 20.975 reward_error: 140.961
INFO : 2021-01-28 19:07:57,253 : state_square_error: 3.125 reward_error: 149.413
INFO : 2021-01-28 19:08:15,394 : state_square_error: 7.766 reward_error: 137.264
INFO : 2021-01-28 19:08:33,726 : state_square_error: 6.076 reward_error: 148.594
INFO : 2021-01-28 19:08:52,162 : state_square_error: 4.709 reward_error: 153.970
INFO : 2021-01-28 19:09:10,421 : episode: 47 score: 1721.0 100 games avg: 1721.0 steps 1000 
INFO : 2021-01-28 19:09:28,142 : state_square_error: 5.842 reward_error: 132.852
INFO : 2021-01-28 19:09:46,297 : state_square_error: 3.946 reward_error: 176.721
INFO : 2021-01-28 19:10:04,395 : state_square_error: 1.716 reward_error: 170.313
INFO : 2021-01-28 19:10:22,263 : state_square_error: 2.031 reward_error: 162.724
INFO : 2021-01-28 19:10:40,200 : state_square_error: 1.660 reward_error: 162.176
INFO : 2021-01-28 19:10:58,069 : state_square_error: 4.795 reward_error: 172.118
INFO : 2021-01-28 19:11:16,213 : state_square_error: 8.052 reward_error: 154.560
INFO : 2021-01-28 19:11:34,355 : state_square_error: 6.875 reward_error: 145.333
INFO : 2021-01-28 19:11:52,495 : state_square_error: 3.632 reward_error: 159.035
INFO : 2021-01-28 19:12:10,655 : state_square_error: 8.288 reward_error: 148.706
INFO : 2021-01-28 19:12:28,616 : episode: 48 score: 1674.9 100 games avg: 1674.9 steps 1000 
INFO : 2021-01-28 19:12:46,726 : state_square_error: 1.875 reward_error: 126.190
INFO : 2021-01-28 19:13:04,873 : state_square_error: 2.254 reward_error: 153.014
INFO : 2021-01-28 19:13:23,012 : state_square_error: 3.502 reward_error: 156.659
INFO : 2021-01-28 19:13:41,148 : state_square_error: 14.158 reward_error: 147.346
INFO : 2021-01-28 19:13:59,287 : state_square_error: 0.781 reward_error: 163.821
INFO : 2021-01-28 19:14:17,427 : state_square_error: 2.701 reward_error: 154.532
INFO : 2021-01-28 19:14:35,567 : state_square_error: 3.590 reward_error: 176.106
INFO : 2021-01-28 19:14:53,787 : state_square_error: 3.466 reward_error: 165.641
INFO : 2021-01-28 19:15:12,038 : state_square_error: 5.506 reward_error: 80.013
INFO : 2021-01-28 19:15:30,249 : state_square_error: 1.292 reward_error: 19.960
INFO : 2021-01-28 19:15:48,269 : episode: 49 score: 1427.7 100 games avg: 1427.7 steps 1000 
INFO : 2021-01-28 19:16:06,858 : state_square_error: 4.959 reward_error: 143.183
INFO : 2021-01-28 19:16:25,046 : state_square_error: 2.598 reward_error: 169.123
INFO : 2021-01-28 19:16:43,220 : state_square_error: 3.905 reward_error: 189.980
INFO : 2021-01-28 19:17:01,392 : state_square_error: 14.741 reward_error: 155.430
INFO : 2021-01-28 19:17:19,581 : state_square_error: 7.884 reward_error: 171.216
INFO : 2021-01-28 19:17:37,752 : state_square_error: 4.149 reward_error: 168.634
INFO : 2021-01-28 19:17:55,931 : state_square_error: 3.406 reward_error: 152.367
INFO : 2021-01-28 19:18:14,139 : state_square_error: 5.146 reward_error: 175.235
INFO : 2021-01-28 19:18:32,358 : state_square_error: 10.448 reward_error: 174.672
INFO : 2021-01-28 19:18:50,541 : state_square_error: 2.275 reward_error: 32.554
INFO : 2021-01-28 19:19:08,556 : episode: 50 score: 1509.4 100 games avg: 1509.4 steps 1000 
INFO : 2021-01-28 19:19:27,456 : state_square_error: 1.842 reward_error: 129.797
INFO : 2021-01-28 19:19:45,653 : state_square_error: 3.968 reward_error: 141.800
INFO : 2021-01-28 19:20:03,840 : state_square_error: 17.638 reward_error: 204.384
INFO : 2021-01-28 19:20:22,024 : state_square_error: 0.906 reward_error: 179.589
INFO : 2021-01-28 19:20:40,208 : state_square_error: 16.444 reward_error: 187.078
INFO : 2021-01-28 19:20:58,405 : state_square_error: 2.581 reward_error: 142.011
INFO : 2021-01-28 19:21:16,588 : state_square_error: 18.352 reward_error: 181.737
INFO : 2021-01-28 19:21:34,767 : state_square_error: 12.548 reward_error: 144.127
INFO : 2021-01-28 19:21:52,968 : state_square_error: 5.547 reward_error: 41.389
INFO : 2021-01-28 19:22:11,148 : state_square_error: 3.044 reward_error: 22.993
INFO : 2021-01-28 19:22:29,134 : episode: 51 score: 1143.1 100 games avg: 1143.1 steps 1000 
INFO : 2021-01-28 19:22:48,421 : state_square_error: 0.960 reward_error: 145.512
INFO : 2021-01-28 19:23:06,595 : state_square_error: 11.484 reward_error: 177.811
INFO : 2021-01-28 19:23:24,779 : state_square_error: 3.206 reward_error: 188.426
INFO : 2021-01-28 19:23:42,940 : state_square_error: 4.616 reward_error: 163.818
INFO : 2021-01-28 19:24:01,103 : state_square_error: 27.773 reward_error: 169.112
INFO : 2021-01-28 19:24:19,292 : state_square_error: 6.038 reward_error: 172.411
INFO : 2021-01-28 19:24:37,462 : state_square_error: 10.215 reward_error: 167.286
INFO : 2021-01-28 19:24:55,643 : state_square_error: 2.086 reward_error: 212.867
INFO : 2021-01-28 19:25:13,853 : state_square_error: 0.863 reward_error: 172.271
INFO : 2021-01-28 19:25:32,034 : state_square_error: 5.626 reward_error: 188.163
INFO : 2021-01-28 19:25:50,030 : episode: 52 score: 1782.4 100 games avg: 1782.4 steps 1000 
INFO : 2021-01-28 19:26:09,686 : state_square_error: 5.060 reward_error: 153.239
INFO : 2021-01-28 19:26:27,866 : state_square_error: 5.552 reward_error: 154.516
INFO : 2021-01-28 19:26:46,052 : state_square_error: 2.474 reward_error: 186.192
INFO : 2021-01-28 19:27:04,250 : state_square_error: 5.023 reward_error: 174.119
INFO : 2021-01-28 19:27:22,443 : state_square_error: 20.193 reward_error: 182.939
INFO : 2021-01-28 19:27:40,637 : state_square_error: 24.068 reward_error: 169.323
INFO : 2021-01-28 19:27:58,826 : state_square_error: 4.535 reward_error: 170.786
INFO : 2021-01-28 19:28:17,029 : state_square_error: 7.780 reward_error: 160.599
INFO : 2021-01-28 19:28:35,247 : state_square_error: 2.464 reward_error: 185.340
INFO : 2021-01-28 19:28:53,425 : state_square_error: 2.975 reward_error: 190.878
INFO : 2021-01-28 19:29:11,438 : episode: 53 score: 1643.2 100 games avg: 1643.2 steps 1000 
INFO : 2021-01-28 19:29:31,398 : state_square_error: 2.681 reward_error: 133.669
INFO : 2021-01-28 19:29:49,585 : state_square_error: 2.472 reward_error: 172.024
INFO : 2021-01-28 19:30:07,786 : state_square_error: 6.029 reward_error: 158.635
INFO : 2021-01-28 19:30:25,978 : state_square_error: 1.155 reward_error: 190.478
INFO : 2021-01-28 19:30:44,119 : state_square_error: 14.182 reward_error: 166.423
INFO : 2021-01-28 19:31:02,291 : state_square_error: 2.681 reward_error: 174.282
INFO : 2021-01-28 19:31:20,474 : state_square_error: 19.640 reward_error: 173.626
INFO : 2021-01-28 19:31:38,655 : state_square_error: 7.461 reward_error: 176.625
INFO : 2021-01-28 19:31:56,846 : state_square_error: 6.125 reward_error: 164.402
INFO : 2021-01-28 19:32:15,010 : state_square_error: 1.275 reward_error: 183.896
INFO : 2021-01-28 19:32:33,000 : episode: 54 score: 1962.5 100 games avg: 1962.5 steps 1000 
INFO : 2021-01-28 19:32:53,516 : state_square_error: 2.826 reward_error: 142.541
INFO : 2021-01-28 19:33:11,667 : state_square_error: 4.343 reward_error: 169.903
INFO : 2021-01-28 19:33:29,813 : state_square_error: 5.019 reward_error: 195.596
INFO : 2021-01-28 19:33:47,972 : state_square_error: 4.766 reward_error: 172.539
INFO : 2021-01-28 19:34:06,107 : state_square_error: 2.403 reward_error: 196.270
INFO : 2021-01-28 19:34:24,325 : state_square_error: 5.246 reward_error: 180.739
INFO : 2021-01-28 19:34:42,536 : state_square_error: 16.643 reward_error: 197.044
INFO : 2021-01-28 19:35:00,748 : state_square_error: 2.930 reward_error: 158.211
INFO : 2021-01-28 19:35:19,213 : state_square_error: 3.423 reward_error: 206.719
INFO : 2021-01-28 19:35:37,440 : state_square_error: 3.596 reward_error: 182.043
INFO : 2021-01-28 19:35:55,479 : episode: 55 score: 1909.2 100 games avg: 1909.2 steps 1000 
INFO : 2021-01-28 19:36:16,309 : state_square_error: 4.209 reward_error: 145.796
INFO : 2021-01-28 19:36:34,521 : state_square_error: 2.259 reward_error: 189.026
INFO : 2021-01-28 19:36:52,730 : state_square_error: 2.680 reward_error: 162.230
INFO : 2021-01-28 19:37:10,954 : state_square_error: 4.613 reward_error: 219.517
INFO : 2021-01-28 19:37:29,182 : state_square_error: 10.339 reward_error: 217.965
INFO : 2021-01-28 19:37:47,396 : state_square_error: 2.451 reward_error: 204.829
INFO : 2021-01-28 19:38:05,613 : state_square_error: 1.990 reward_error: 207.326
INFO : 2021-01-28 19:38:23,850 : state_square_error: 3.700 reward_error: 170.089
INFO : 2021-01-28 19:38:42,107 : state_square_error: 28.722 reward_error: 184.585
INFO : 2021-01-28 19:39:00,317 : state_square_error: 1.271 reward_error: 172.443
INFO : 2021-01-28 19:39:18,355 : episode: 56 score: 1945.6 100 games avg: 1945.6 steps 1000 
INFO : 2021-01-28 19:39:39,347 : state_square_error: 1.490 reward_error: 152.870
INFO : 2021-01-28 19:39:57,561 : state_square_error: 5.689 reward_error: 181.528
INFO : 2021-01-28 19:40:15,770 : state_square_error: 8.656 reward_error: 179.467
INFO : 2021-01-28 19:40:33,965 : state_square_error: 9.039 reward_error: 193.214
INFO : 2021-01-28 19:40:52,176 : state_square_error: 13.259 reward_error: 189.619
INFO : 2021-01-28 19:41:10,384 : state_square_error: 6.636 reward_error: 184.310
INFO : 2021-01-28 19:41:28,597 : state_square_error: 5.340 reward_error: 165.713
INFO : 2021-01-28 19:41:46,832 : state_square_error: 1.258 reward_error: 180.809
INFO : 2021-01-28 19:42:05,117 : state_square_error: 3.411 reward_error: 178.661
INFO : 2021-01-28 19:42:23,340 : state_square_error: 3.159 reward_error: 188.640
INFO : 2021-01-28 19:42:41,372 : episode: 57 score: 2170.5 100 games avg: 2170.5 steps 1000 
INFO : 2021-01-28 19:43:02,805 : state_square_error: 7.110 reward_error: 149.413
INFO : 2021-01-28 19:43:20,969 : state_square_error: 1.937 reward_error: 176.415
INFO : 2021-01-28 19:43:39,151 : state_square_error: 1.551 reward_error: 169.642
INFO : 2021-01-28 19:43:57,303 : state_square_error: 1.040 reward_error: 208.829
INFO : 2021-01-28 19:44:15,486 : state_square_error: 9.307 reward_error: 195.663
INFO : 2021-01-28 19:44:33,662 : state_square_error: 6.669 reward_error: 176.997
INFO : 2021-01-28 19:44:51,833 : state_square_error: 5.238 reward_error: 209.688
INFO : 2021-01-28 19:45:10,045 : state_square_error: 3.958 reward_error: 193.259
INFO : 2021-01-28 19:45:28,392 : state_square_error: 7.083 reward_error: 189.917
INFO : 2021-01-28 19:45:46,567 : state_square_error: 16.522 reward_error: 183.285
INFO : 2021-01-28 19:46:04,647 : episode: 58 score: 2074.0 100 games avg: 2074.0 steps 1000 
INFO : 2021-01-28 19:46:26,705 : state_square_error: 6.517 reward_error: 147.880
INFO : 2021-01-28 19:46:44,876 : state_square_error: 2.966 reward_error: 179.891
INFO : 2021-01-28 19:47:03,015 : state_square_error: 2.792 reward_error: 182.492
INFO : 2021-01-28 19:47:21,155 : state_square_error: 7.422 reward_error: 200.957
INFO : 2021-01-28 19:47:39,294 : state_square_error: 4.280 reward_error: 199.456
INFO : 2021-01-28 19:47:57,435 : state_square_error: 7.125 reward_error: 182.351
INFO : 2021-01-28 19:48:15,574 : state_square_error: 2.970 reward_error: 200.937
INFO : 2021-01-28 19:48:33,713 : state_square_error: 16.496 reward_error: 207.066
INFO : 2021-01-28 19:48:51,854 : state_square_error: 7.630 reward_error: 190.148
INFO : 2021-01-28 19:49:10,003 : state_square_error: 0.877 reward_error: 218.380
INFO : 2021-01-28 19:49:27,959 : episode: 59 score: 2103.4 100 games avg: 2103.4 steps 1000 
INFO : 2021-01-28 19:49:50,176 : state_square_error: 20.785 reward_error: 173.734
INFO : 2021-01-28 19:50:08,305 : state_square_error: 0.917 reward_error: 43.496
INFO : 2021-01-28 19:50:26,442 : state_square_error: 1.289 reward_error: 47.505
INFO : 2021-01-28 19:50:44,582 : state_square_error: 2.127 reward_error: 24.793
INFO : 2021-01-28 19:51:02,753 : state_square_error: 4.021 reward_error: 73.570
INFO : 2021-01-28 19:51:20,905 : state_square_error: 1.720 reward_error: 37.459
INFO : 2021-01-28 19:51:39,044 : state_square_error: 1.130 reward_error: 42.158
INFO : 2021-01-28 19:51:57,273 : state_square_error: 7.156 reward_error: 95.335
INFO : 2021-01-28 19:52:15,673 : state_square_error: 0.412 reward_error: 25.289
INFO : 2021-01-28 19:52:34,021 : state_square_error: 3.186 reward_error: 25.650
INFO : 2021-01-28 19:52:52,170 : episode: 60 score: 115.8 100 games avg: 115.8 steps 1000 
INFO : 2021-01-28 19:53:14,868 : state_square_error: 14.435 reward_error: 173.269
INFO : 2021-01-28 19:53:33,235 : state_square_error: 13.865 reward_error: 219.697
INFO : 2021-01-28 19:53:51,603 : state_square_error: 3.583 reward_error: 208.363
INFO : 2021-01-28 19:54:09,986 : state_square_error: 2.140 reward_error: 209.498
INFO : 2021-01-28 19:54:28,373 : state_square_error: 7.241 reward_error: 189.639
INFO : 2021-01-28 19:54:46,746 : state_square_error: 2.152 reward_error: 193.675
INFO : 2021-01-28 19:55:05,108 : state_square_error: 4.242 reward_error: 205.021
INFO : 2021-01-28 19:55:23,482 : state_square_error: 14.730 reward_error: 226.104
INFO : 2021-01-28 19:55:41,865 : state_square_error: 10.307 reward_error: 181.568
INFO : 2021-01-28 19:56:00,220 : state_square_error: 2.049 reward_error: 216.587
INFO : 2021-01-28 19:56:18,415 : episode: 61 score: 2307.2 100 games avg: 2307.2 steps 1000 
INFO : 2021-01-28 19:56:41,396 : state_square_error: 0.374 reward_error: 163.629
INFO : 2021-01-28 19:56:59,770 : state_square_error: 5.290 reward_error: 208.347
INFO : 2021-01-28 19:57:18,138 : state_square_error: 1.069 reward_error: 202.179
INFO : 2021-01-28 19:57:36,518 : state_square_error: 6.317 reward_error: 208.413
INFO : 2021-01-28 19:57:54,872 : state_square_error: 2.050 reward_error: 212.811
INFO : 2021-01-28 19:58:13,233 : state_square_error: 3.061 reward_error: 35.935
INFO : 2021-01-28 19:58:31,611 : state_square_error: 10.154 reward_error: 51.022
INFO : 2021-01-28 19:58:49,998 : state_square_error: 3.074 reward_error: 36.259
INFO : 2021-01-28 19:59:08,365 : state_square_error: 0.882 reward_error: 19.707
INFO : 2021-01-28 19:59:26,709 : state_square_error: 2.511 reward_error: 29.144
INFO : 2021-01-28 19:59:44,888 : episode: 62 score: 1100.1 100 games avg: 1100.1 steps 1000 
INFO : 2021-01-28 20:00:08,174 : state_square_error: 7.215 reward_error: 167.053
INFO : 2021-01-28 20:00:26,572 : state_square_error: 4.161 reward_error: 201.078
INFO : 2021-01-28 20:00:44,959 : state_square_error: 1.630 reward_error: 204.437
INFO : 2021-01-28 20:01:03,318 : state_square_error: 10.925 reward_error: 176.123
INFO : 2021-01-28 20:01:21,669 : state_square_error: 3.452 reward_error: 215.128
INFO : 2021-01-28 20:01:40,027 : state_square_error: 3.671 reward_error: 219.259
INFO : 2021-01-28 20:01:58,386 : state_square_error: 6.820 reward_error: 209.007
INFO : 2021-01-28 20:02:16,762 : state_square_error: 3.806 reward_error: 218.881
INFO : 2021-01-28 20:02:35,151 : state_square_error: 3.996 reward_error: 215.335
INFO : 2021-01-28 20:02:53,507 : state_square_error: 0.679 reward_error: 196.195
INFO : 2021-01-28 20:03:11,688 : episode: 63 score: 2074.7 100 games avg: 2074.7 steps 1000 
INFO : 2021-01-28 20:03:35,364 : state_square_error: 9.425 reward_error: 176.132
INFO : 2021-01-28 20:03:53,743 : state_square_error: 46.746 reward_error: 192.731
INFO : 2021-01-28 20:04:12,128 : state_square_error: 26.149 reward_error: 201.358
INFO : 2021-01-28 20:04:30,487 : state_square_error: 4.598 reward_error: 212.114
INFO : 2021-01-28 20:04:48,845 : state_square_error: 1.950 reward_error: 205.094
INFO : 2021-01-28 20:05:07,215 : state_square_error: 2.117 reward_error: 206.297
INFO : 2021-01-28 20:05:25,577 : state_square_error: 2.027 reward_error: 212.064
INFO : 2021-01-28 20:05:43,954 : state_square_error: 1.927 reward_error: 205.775
INFO : 2021-01-28 20:06:02,337 : state_square_error: 3.514 reward_error: 211.186
INFO : 2021-01-28 20:06:20,722 : state_square_error: 7.236 reward_error: 204.686
INFO : 2021-01-28 20:06:38,921 : episode: 64 score: 2445.5 100 games avg: 2445.5 steps 1000 
INFO : 2021-01-28 20:07:02,947 : state_square_error: 2.419 reward_error: 183.613
INFO : 2021-01-28 20:07:21,084 : state_square_error: 6.916 reward_error: 222.512
INFO : 2021-01-28 20:07:39,222 : state_square_error: 4.196 reward_error: 210.792
INFO : 2021-01-28 20:07:57,360 : state_square_error: 4.780 reward_error: 222.117
INFO : 2021-01-28 20:08:15,497 : state_square_error: 1.476 reward_error: 212.460
INFO : 2021-01-28 20:08:33,639 : state_square_error: 16.385 reward_error: 258.138
INFO : 2021-01-28 20:08:51,767 : state_square_error: 3.204 reward_error: 210.232
INFO : 2021-01-28 20:09:09,920 : state_square_error: 6.316 reward_error: 212.557
INFO : 2021-01-28 20:09:28,061 : state_square_error: 1.256 reward_error: 202.331
INFO : 2021-01-28 20:09:46,199 : state_square_error: 21.849 reward_error: 234.111
INFO : 2021-01-28 20:10:04,152 : episode: 65 score: 2344.7 100 games avg: 2344.7 steps 1000 
INFO : 2021-01-28 20:10:28,545 : state_square_error: 9.878 reward_error: 173.616
INFO : 2021-01-28 20:10:46,681 : state_square_error: 2.605 reward_error: 226.145
INFO : 2021-01-28 20:11:04,817 : state_square_error: 4.410 reward_error: 192.676
INFO : 2021-01-28 20:11:22,952 : state_square_error: 10.989 reward_error: 237.365
INFO : 2021-01-28 20:11:41,091 : state_square_error: 1.226 reward_error: 224.408
INFO : 2021-01-28 20:11:59,231 : state_square_error: 9.888 reward_error: 222.089
INFO : 2021-01-28 20:12:17,381 : state_square_error: 10.084 reward_error: 213.518
INFO : 2021-01-28 20:12:35,525 : state_square_error: 8.111 reward_error: 211.335
INFO : 2021-01-28 20:12:53,678 : state_square_error: 11.690 reward_error: 215.270
INFO : 2021-01-28 20:13:11,814 : state_square_error: 2.271 reward_error: 250.324
INFO : 2021-01-28 20:13:29,773 : episode: 66 score: 2223.1 100 games avg: 2223.1 steps 1000 
INFO : 2021-01-28 20:13:54,460 : state_square_error: 3.016 reward_error: 183.712
INFO : 2021-01-28 20:14:12,594 : state_square_error: 3.937 reward_error: 234.333
INFO : 2021-01-28 20:14:30,731 : state_square_error: 12.323 reward_error: 217.034
INFO : 2021-01-28 20:14:48,872 : state_square_error: 3.203 reward_error: 190.449
INFO : 2021-01-28 20:15:07,023 : state_square_error: 4.539 reward_error: 235.839
INFO : 2021-01-28 20:15:25,154 : state_square_error: 1.472 reward_error: 221.396
INFO : 2021-01-28 20:15:43,290 : state_square_error: 30.028 reward_error: 232.795
INFO : 2021-01-28 20:16:01,434 : state_square_error: 4.429 reward_error: 213.218
INFO : 2021-01-28 20:16:19,583 : state_square_error: 19.494 reward_error: 215.704
INFO : 2021-01-28 20:16:37,718 : state_square_error: 3.797 reward_error: 215.933
INFO : 2021-01-28 20:16:55,737 : episode: 67 score: 2384.7 100 games avg: 2384.7 steps 1000 
INFO : 2021-01-28 20:17:20,926 : state_square_error: 7.805 reward_error: 180.746
INFO : 2021-01-28 20:17:39,128 : state_square_error: 5.284 reward_error: 237.379
INFO : 2021-01-28 20:17:57,325 : state_square_error: 27.208 reward_error: 248.762
INFO : 2021-01-28 20:18:15,588 : state_square_error: 3.814 reward_error: 222.262
INFO : 2021-01-28 20:18:33,780 : state_square_error: 26.883 reward_error: 216.605
INFO : 2021-01-28 20:18:51,977 : state_square_error: 8.246 reward_error: 175.012
INFO : 2021-01-28 20:19:10,258 : state_square_error: 1.815 reward_error: 28.473
INFO : 2021-01-28 20:19:28,588 : state_square_error: 2.356 reward_error: 50.175
INFO : 2021-01-28 20:19:46,865 : state_square_error: 1.703 reward_error: 49.065
INFO : 2021-01-28 20:20:05,001 : state_square_error: 0.863 reward_error: 71.616
INFO : 2021-01-28 20:20:22,958 : episode: 68 score: 1107.9 100 games avg: 1107.9 steps 1000 
INFO : 2021-01-28 20:20:48,474 : state_square_error: 1.895 reward_error: 179.011
INFO : 2021-01-28 20:21:06,616 : state_square_error: 6.140 reward_error: 233.868
INFO : 2021-01-28 20:21:24,779 : state_square_error: 3.989 reward_error: 231.522
INFO : 2021-01-28 20:21:42,955 : state_square_error: 1.458 reward_error: 236.932
INFO : 2021-01-28 20:22:01,136 : state_square_error: 1.758 reward_error: 253.373
INFO : 2021-01-28 20:22:19,301 : state_square_error: 35.224 reward_error: 237.877
INFO : 2021-01-28 20:22:37,552 : state_square_error: 21.962 reward_error: 229.227
INFO : 2021-01-28 20:22:56,117 : state_square_error: 27.285 reward_error: 259.030
INFO : 2021-01-28 20:23:14,586 : state_square_error: 4.071 reward_error: 241.976
INFO : 2021-01-28 20:23:32,766 : state_square_error: 2.573 reward_error: 253.141
INFO : 2021-01-28 20:23:50,765 : episode: 69 score: 2630.2 100 games avg: 2630.2 steps 1000 
INFO : 2021-01-28 20:24:11,835 : state_square_error: 2.959 reward_error: 193.402
INFO : 2021-01-28 20:24:29,955 : state_square_error: 0.901 reward_error: 22.939
INFO : 2021-01-28 20:24:48,092 : state_square_error: 1.084 reward_error: 30.343
INFO : 2021-01-28 20:25:06,234 : state_square_error: 1.732 reward_error: 34.839
INFO : 2021-01-28 20:25:24,374 : state_square_error: 2.356 reward_error: 44.999
INFO : 2021-01-28 20:25:42,513 : state_square_error: 8.149 reward_error: 55.967
INFO : 2021-01-28 20:26:00,651 : state_square_error: 3.784 reward_error: 81.424
INFO : 2021-01-28 20:26:18,799 : state_square_error: 1.809 reward_error: 38.618
INFO : 2021-01-28 20:26:37,035 : state_square_error: 1.128 reward_error: 53.049
INFO : 2021-01-28 20:26:55,209 : state_square_error: 6.204 reward_error: 61.454
INFO : 2021-01-28 20:27:13,219 : episode: 70 score: 240.7 100 games avg: 240.7 steps 1000 
INFO : 2021-01-28 20:27:39,540 : state_square_error: 8.039 reward_error: 192.128
INFO : 2021-01-28 20:27:57,723 : state_square_error: 0.955 reward_error: 219.073
INFO : 2021-01-28 20:28:15,906 : state_square_error: 4.814 reward_error: 227.878
INFO : 2021-01-28 20:28:34,095 : state_square_error: 3.363 reward_error: 236.623
INFO : 2021-01-28 20:28:52,272 : state_square_error: 2.070 reward_error: 249.099
INFO : 2021-01-28 20:29:10,466 : state_square_error: 8.655 reward_error: 239.251
INFO : 2021-01-28 20:29:28,656 : state_square_error: 6.798 reward_error: 236.019
INFO : 2021-01-28 20:29:46,867 : state_square_error: 4.069 reward_error: 229.299
INFO : 2021-01-28 20:30:05,100 : state_square_error: 2.827 reward_error: 232.502
INFO : 2021-01-28 20:30:23,279 : state_square_error: 6.536 reward_error: 245.922
INFO : 2021-01-28 20:30:41,274 : episode: 71 score: 2589.4 100 games avg: 2589.4 steps 1000 
INFO : 2021-01-28 20:31:07,970 : state_square_error: 2.582 reward_error: 201.311
INFO : 2021-01-28 20:31:26,137 : state_square_error: 5.462 reward_error: 234.564
INFO : 2021-01-28 20:31:44,314 : state_square_error: 6.733 reward_error: 258.025
INFO : 2021-01-28 20:32:02,493 : state_square_error: 10.250 reward_error: 242.156
INFO : 2021-01-28 20:32:20,673 : state_square_error: 4.247 reward_error: 249.234
INFO : 2021-01-28 20:32:38,854 : state_square_error: 12.438 reward_error: 239.652
INFO : 2021-01-28 20:32:57,041 : state_square_error: 2.524 reward_error: 58.287
INFO : 2021-01-28 20:33:15,297 : state_square_error: 0.961 reward_error: 23.969
INFO : 2021-01-28 20:33:33,599 : state_square_error: 1.975 reward_error: 36.878
INFO : 2021-01-28 20:33:51,864 : state_square_error: 0.344 reward_error: 38.859
INFO : 2021-01-28 20:34:09,972 : episode: 72 score: 1378.4 100 games avg: 1378.4 steps 1000 
INFO : 2021-01-28 20:34:37,065 : state_square_error: 4.714 reward_error: 202.715
INFO : 2021-01-28 20:34:55,377 : state_square_error: 2.644 reward_error: 248.764
INFO : 2021-01-28 20:35:13,692 : state_square_error: 7.312 reward_error: 256.994
INFO : 2021-01-28 20:35:31,994 : state_square_error: 3.847 reward_error: 258.266
INFO : 2021-01-28 20:35:50,295 : state_square_error: 1.118 reward_error: 72.559
INFO : 2021-01-28 20:36:08,613 : state_square_error: 1.266 reward_error: 67.212
INFO : 2021-01-28 20:36:26,879 : state_square_error: 0.783 reward_error: 31.754
INFO : 2021-01-28 20:36:45,118 : state_square_error: 2.287 reward_error: 52.433
INFO : 2021-01-28 20:37:03,332 : state_square_error: 0.948 reward_error: 47.442
INFO : 2021-01-28 20:37:21,482 : state_square_error: 1.024 reward_error: 27.379
INFO : 2021-01-28 20:37:39,460 : episode: 73 score: 1101.4 100 games avg: 1101.4 steps 1000 
INFO : 2021-01-28 20:38:06,877 : state_square_error: 1.428 reward_error: 202.431
INFO : 2021-01-28 20:38:25,018 : state_square_error: 5.292 reward_error: 238.552
INFO : 2021-01-28 20:38:43,155 : state_square_error: 17.721 reward_error: 212.056
INFO : 2021-01-28 20:39:01,295 : state_square_error: 1.987 reward_error: 272.633
INFO : 2021-01-28 20:39:19,496 : state_square_error: 4.264 reward_error: 261.360
INFO : 2021-01-28 20:39:37,692 : state_square_error: 6.093 reward_error: 246.757
INFO : 2021-01-28 20:39:55,870 : state_square_error: 2.914 reward_error: 269.923
INFO : 2021-01-28 20:40:14,081 : state_square_error: 4.132 reward_error: 238.189
INFO : 2021-01-28 20:40:32,312 : state_square_error: 2.980 reward_error: 244.535
INFO : 2021-01-28 20:40:50,446 : state_square_error: 6.239 reward_error: 249.642
INFO : 2021-01-28 20:41:08,400 : episode: 74 score: 2641.4 100 games avg: 2641.4 steps 1000 
INFO : 2021-01-28 20:41:36,093 : state_square_error: 11.374 reward_error: 201.488
INFO : 2021-01-28 20:41:54,245 : state_square_error: 24.906 reward_error: 258.157
INFO : 2021-01-28 20:42:12,396 : state_square_error: 2.739 reward_error: 257.747
INFO : 2021-01-28 20:42:30,532 : state_square_error: 1.892 reward_error: 234.537
INFO : 2021-01-28 20:42:48,668 : state_square_error: 12.123 reward_error: 250.839
INFO : 2021-01-28 20:43:06,805 : state_square_error: 3.214 reward_error: 253.084
INFO : 2021-01-28 20:43:24,944 : state_square_error: 3.541 reward_error: 261.188
INFO : 2021-01-28 20:43:43,093 : state_square_error: 3.650 reward_error: 244.223
INFO : 2021-01-28 20:44:01,339 : state_square_error: 0.922 reward_error: 73.699
INFO : 2021-01-28 20:44:19,560 : state_square_error: 2.174 reward_error: 76.421
INFO : 2021-01-28 20:44:37,589 : episode: 75 score: 2141.0 100 games avg: 2141.0 steps 1000 
INFO : 2021-01-28 20:45:05,800 : state_square_error: 15.190 reward_error: 205.699
INFO : 2021-01-28 20:45:23,934 : state_square_error: 1.986 reward_error: 265.967
INFO : 2021-01-28 20:45:42,070 : state_square_error: 2.538 reward_error: 241.169
INFO : 2021-01-28 20:46:00,208 : state_square_error: 2.680 reward_error: 238.285
INFO : 2021-01-28 20:46:18,347 : state_square_error: 0.513 reward_error: 35.558
INFO : 2021-01-28 20:46:36,484 : state_square_error: 1.201 reward_error: 101.957
INFO : 2021-01-28 20:46:54,623 : state_square_error: 1.809 reward_error: 38.696
INFO : 2021-01-28 20:47:12,766 : state_square_error: 0.765 reward_error: 35.682
INFO : 2021-01-28 20:47:30,906 : state_square_error: 2.504 reward_error: 70.390
INFO : 2021-01-28 20:47:49,043 : state_square_error: 1.439 reward_error: 46.236
INFO : 2021-01-28 20:48:07,012 : episode: 76 score: 772.6 100 games avg: 772.6 steps 1000 
INFO : 2021-01-28 20:48:35,488 : state_square_error: 3.660 reward_error: 215.191
INFO : 2021-01-28 20:48:53,735 : state_square_error: 19.882 reward_error: 270.640
INFO : 2021-01-28 20:49:12,026 : state_square_error: 24.320 reward_error: 268.997
INFO : 2021-01-28 20:49:30,221 : state_square_error: 9.226 reward_error: 245.609
INFO : 2021-01-28 20:49:48,402 : state_square_error: 2.326 reward_error: 263.351
INFO : 2021-01-28 20:50:06,589 : state_square_error: 2.044 reward_error: 239.939
INFO : 2021-01-28 20:50:24,766 : state_square_error: 4.681 reward_error: 272.505
INFO : 2021-01-28 20:50:42,983 : state_square_error: 7.298 reward_error: 252.235
INFO : 2021-01-28 20:51:01,215 : state_square_error: 7.886 reward_error: 241.412
INFO : 2021-01-28 20:51:19,424 : state_square_error: 10.168 reward_error: 267.094
INFO : 2021-01-28 20:51:37,440 : episode: 77 score: 2634.2 100 games avg: 2634.2 steps 1000 
INFO : 2021-01-28 20:52:06,205 : state_square_error: 2.632 reward_error: 209.977
INFO : 2021-01-28 20:52:24,396 : state_square_error: 10.620 reward_error: 256.023
INFO : 2021-01-28 20:52:42,571 : state_square_error: 1.762 reward_error: 235.181
INFO : 2021-01-28 20:53:00,758 : state_square_error: 2.310 reward_error: 247.440
INFO : 2021-01-28 20:53:18,943 : state_square_error: 14.466 reward_error: 259.684
INFO : 2021-01-28 20:53:37,129 : state_square_error: 18.681 reward_error: 279.196
INFO : 2021-01-28 20:53:55,297 : state_square_error: 1.954 reward_error: 282.729
INFO : 2021-01-28 20:54:13,526 : state_square_error: 3.473 reward_error: 266.292
INFO : 2021-01-28 20:54:31,758 : state_square_error: 20.754 reward_error: 268.812
INFO : 2021-01-28 20:54:49,947 : state_square_error: 9.181 reward_error: 247.847
INFO : 2021-01-28 20:55:07,959 : episode: 78 score: 2641.1 100 games avg: 2641.1 steps 1000 
INFO : 2021-01-28 20:55:37,209 : state_square_error: 1.768 reward_error: 202.799
INFO : 2021-01-28 20:55:55,394 : state_square_error: 7.867 reward_error: 278.730
INFO : 2021-01-28 20:56:13,589 : state_square_error: 9.515 reward_error: 254.288
INFO : 2021-01-28 20:56:31,784 : state_square_error: 1.998 reward_error: 271.671
INFO : 2021-01-28 20:56:49,963 : state_square_error: 8.132 reward_error: 267.872
INFO : 2021-01-28 20:57:08,178 : state_square_error: 29.571 reward_error: 273.246
INFO : 2021-01-28 20:57:26,314 : state_square_error: 1.518 reward_error: 263.990
INFO : 2021-01-28 20:57:44,454 : state_square_error: 2.520 reward_error: 271.498
INFO : 2021-01-28 20:58:02,595 : state_square_error: 3.869 reward_error: 263.461
INFO : 2021-01-28 20:58:20,737 : state_square_error: 0.747 reward_error: 268.151
INFO : 2021-01-28 20:58:38,694 : episode: 79 score: 2799.5 100 games avg: 2799.5 steps 1000 
INFO : 2021-01-28 20:59:08,297 : state_square_error: 7.227 reward_error: 210.981
INFO : 2021-01-28 20:59:26,613 : state_square_error: 7.732 reward_error: 279.453
INFO : 2021-01-28 20:59:44,941 : state_square_error: 6.331 reward_error: 273.534
INFO : 2021-01-28 21:00:03,283 : state_square_error: 7.343 reward_error: 266.157
INFO : 2021-01-28 21:00:21,640 : state_square_error: 39.960 reward_error: 287.146
INFO : 2021-01-28 21:00:39,991 : state_square_error: 9.623 reward_error: 261.787
INFO : 2021-01-28 21:00:58,365 : state_square_error: 3.119 reward_error: 263.669
INFO : 2021-01-28 21:01:16,741 : state_square_error: 7.092 reward_error: 266.464
INFO : 2021-01-28 21:01:35,118 : state_square_error: 3.912 reward_error: 257.728
INFO : 2021-01-28 21:01:53,463 : state_square_error: 8.432 reward_error: 257.329
INFO : 2021-01-28 21:02:11,621 : episode: 80 score: 2722.7 100 games avg: 2722.7 steps 1000 
INFO : 2021-01-28 21:02:41,645 : state_square_error: 1.756 reward_error: 228.365
INFO : 2021-01-28 21:02:59,811 : state_square_error: 3.992 reward_error: 226.644
INFO : 2021-01-28 21:03:17,982 : state_square_error: 1.896 reward_error: 290.411
INFO : 2021-01-28 21:03:36,138 : state_square_error: 10.565 reward_error: 270.606
INFO : 2021-01-28 21:03:54,299 : state_square_error: 5.497 reward_error: 262.569
INFO : 2021-01-28 21:04:12,472 : state_square_error: 8.865 reward_error: 275.871
INFO : 2021-01-28 21:04:30,783 : state_square_error: 9.343 reward_error: 283.524
INFO : 2021-01-28 21:04:49,137 : state_square_error: 15.249 reward_error: 263.461
INFO : 2021-01-28 21:05:07,483 : state_square_error: 1.538 reward_error: 281.460
INFO : 2021-01-28 21:05:25,775 : state_square_error: 4.175 reward_error: 275.429
INFO : 2021-01-28 21:05:43,904 : episode: 81 score: 2780.0 100 games avg: 2780.0 steps 1000 
INFO : 2021-01-28 21:06:05,339 : state_square_error: 4.282 reward_error: 217.505
INFO : 2021-01-28 21:06:23,471 : state_square_error: 1.389 reward_error: 269.837
INFO : 2021-01-28 21:06:41,606 : state_square_error: 6.170 reward_error: 299.490
INFO : 2021-01-28 21:06:59,742 : state_square_error: 2.068 reward_error: 248.328
INFO : 2021-01-28 21:07:17,877 : state_square_error: 3.712 reward_error: 274.025
INFO : 2021-01-28 21:07:36,015 : state_square_error: 11.382 reward_error: 288.381
INFO : 2021-01-28 21:07:54,152 : state_square_error: 4.407 reward_error: 280.532
INFO : 2021-01-28 21:08:12,341 : state_square_error: 4.352 reward_error: 280.694
INFO : 2021-01-28 21:08:30,546 : state_square_error: 1.196 reward_error: 284.212
INFO : 2021-01-28 21:08:48,755 : state_square_error: 2.831 reward_error: 273.234
INFO : 2021-01-28 21:09:06,778 : episode: 82 score: 2493.8 100 games avg: 2493.8 steps 1000 
INFO : 2021-01-28 21:09:37,911 : state_square_error: 4.793 reward_error: 224.254
INFO : 2021-01-28 21:09:56,104 : state_square_error: 11.503 reward_error: 316.819
INFO : 2021-01-28 21:10:14,318 : state_square_error: 2.749 reward_error: 280.096
INFO : 2021-01-28 21:10:32,543 : state_square_error: 12.742 reward_error: 264.453
INFO : 2021-01-28 21:10:50,757 : state_square_error: 6.424 reward_error: 276.477
INFO : 2021-01-28 21:11:08,942 : state_square_error: 18.035 reward_error: 309.809
INFO : 2021-01-28 21:11:27,087 : state_square_error: 5.119 reward_error: 270.489
INFO : 2021-01-28 21:11:45,231 : state_square_error: 13.607 reward_error: 319.901
INFO : 2021-01-28 21:12:03,389 : state_square_error: 9.776 reward_error: 292.867
INFO : 2021-01-28 21:12:21,526 : state_square_error: 5.864 reward_error: 270.367
INFO : 2021-01-28 21:12:39,482 : episode: 83 score: 2849.5 100 games avg: 2849.5 steps 1000 
INFO : 2021-01-28 21:13:10,613 : state_square_error: 3.123 reward_error: 241.447
INFO : 2021-01-28 21:13:28,751 : state_square_error: 2.986 reward_error: 251.893
INFO : 2021-01-28 21:13:46,885 : state_square_error: 9.691 reward_error: 310.124
INFO : 2021-01-28 21:14:05,024 : state_square_error: 8.985 reward_error: 302.024
INFO : 2021-01-28 21:14:23,166 : state_square_error: 4.298 reward_error: 298.655
INFO : 2021-01-28 21:14:41,306 : state_square_error: 0.835 reward_error: 276.924
INFO : 2021-01-28 21:14:59,444 : state_square_error: 15.480 reward_error: 267.114
INFO : 2021-01-28 21:15:17,597 : state_square_error: 5.565 reward_error: 264.631
INFO : 2021-01-28 21:15:35,765 : state_square_error: 18.499 reward_error: 280.054
INFO : 2021-01-28 21:15:53,916 : state_square_error: 4.380 reward_error: 299.363
INFO : 2021-01-28 21:16:11,875 : episode: 84 score: 2849.4 100 games avg: 2849.4 steps 1000 
INFO : 2021-01-28 21:16:43,484 : state_square_error: 7.349 reward_error: 234.265
INFO : 2021-01-28 21:17:01,622 : state_square_error: 13.035 reward_error: 291.567
INFO : 2021-01-28 21:17:19,759 : state_square_error: 2.683 reward_error: 278.946
INFO : 2021-01-28 21:17:37,899 : state_square_error: 4.513 reward_error: 254.009
INFO : 2021-01-28 21:17:56,039 : state_square_error: 5.555 reward_error: 261.231
INFO : 2021-01-28 21:18:14,189 : state_square_error: 6.863 reward_error: 297.678
INFO : 2021-01-28 21:18:32,330 : state_square_error: 5.943 reward_error: 286.879
INFO : 2021-01-28 21:18:50,472 : state_square_error: 1.153 reward_error: 263.974
INFO : 2021-01-28 21:19:08,619 : state_square_error: 1.428 reward_error: 52.847
INFO : 2021-01-28 21:19:26,762 : state_square_error: 0.346 reward_error: 40.176
INFO : 2021-01-28 21:19:44,719 : episode: 85 score: 2179.9 100 games avg: 2179.9 steps 1000 
INFO : 2021-01-28 21:20:16,569 : state_square_error: 0.642 reward_error: 231.808
INFO : 2021-01-28 21:20:34,776 : state_square_error: 26.063 reward_error: 266.233
INFO : 2021-01-28 21:20:52,987 : state_square_error: 9.029 reward_error: 283.138
INFO : 2021-01-28 21:21:11,204 : state_square_error: 4.695 reward_error: 277.972
INFO : 2021-01-28 21:21:29,414 : state_square_error: 4.607 reward_error: 294.662
INFO : 2021-01-28 21:21:47,620 : state_square_error: 2.576 reward_error: 288.593
INFO : 2021-01-28 21:22:05,833 : state_square_error: 2.495 reward_error: 277.539
INFO : 2021-01-28 21:22:24,047 : state_square_error: 6.670 reward_error: 294.343
INFO : 2021-01-28 21:22:42,296 : state_square_error: 1.964 reward_error: 263.652
INFO : 2021-01-28 21:23:00,521 : state_square_error: 20.126 reward_error: 281.225
INFO : 2021-01-28 21:23:18,558 : episode: 86 score: 2821.4 100 games avg: 2821.4 steps 1000 
INFO : 2021-01-28 21:23:50,470 : state_square_error: 10.968 reward_error: 240.367
INFO : 2021-01-28 21:24:08,606 : state_square_error: 0.517 reward_error: 252.433
INFO : 2021-01-28 21:24:26,770 : state_square_error: 0.462 reward_error: 278.492
INFO : 2021-01-28 21:24:44,932 : state_square_error: 15.625 reward_error: 286.994
INFO : 2021-01-28 21:25:03,068 : state_square_error: 5.927 reward_error: 294.299
INFO : 2021-01-28 21:25:21,238 : state_square_error: 7.230 reward_error: 285.136
INFO : 2021-01-28 21:25:39,409 : state_square_error: 14.145 reward_error: 277.899
INFO : 2021-01-28 21:25:57,584 : state_square_error: 13.012 reward_error: 273.103
INFO : 2021-01-28 21:26:15,792 : state_square_error: 17.665 reward_error: 309.889
INFO : 2021-01-28 21:26:33,956 : state_square_error: 2.556 reward_error: 302.667
INFO : 2021-01-28 21:26:51,907 : episode: 87 score: 2766.6 100 games avg: 2766.6 steps 1000 
INFO : 2021-01-28 21:27:24,782 : state_square_error: 4.372 reward_error: 238.291
INFO : 2021-01-28 21:27:42,927 : state_square_error: 7.483 reward_error: 284.303
INFO : 2021-01-28 21:28:01,072 : state_square_error: 5.270 reward_error: 288.063
INFO : 2021-01-28 21:28:19,206 : state_square_error: 3.771 reward_error: 276.675
INFO : 2021-01-28 21:28:37,340 : state_square_error: 2.257 reward_error: 274.700
INFO : 2021-01-28 21:28:55,478 : state_square_error: 2.074 reward_error: 278.191
INFO : 2021-01-28 21:29:13,612 : state_square_error: 4.023 reward_error: 301.537
INFO : 2021-01-28 21:29:31,773 : state_square_error: 6.334 reward_error: 260.026
INFO : 2021-01-28 21:29:49,958 : state_square_error: 6.075 reward_error: 293.091
INFO : 2021-01-28 21:30:08,113 : state_square_error: 3.439 reward_error: 281.618
INFO : 2021-01-28 21:30:26,066 : episode: 88 score: 2632.2 100 games avg: 2632.2 steps 1000 
INFO : 2021-01-28 21:30:58,799 : state_square_error: 1.591 reward_error: 229.058
INFO : 2021-01-28 21:31:16,924 : state_square_error: 3.475 reward_error: 301.541
INFO : 2021-01-28 21:31:35,077 : state_square_error: 5.361 reward_error: 277.945
INFO : 2021-01-28 21:31:53,216 : state_square_error: 9.457 reward_error: 280.576
INFO : 2021-01-28 21:32:11,357 : state_square_error: 23.774 reward_error: 292.431
INFO : 2021-01-28 21:32:29,495 : state_square_error: 9.457 reward_error: 294.272
INFO : 2021-01-28 21:32:47,634 : state_square_error: 2.875 reward_error: 275.107
INFO : 2021-01-28 21:33:05,784 : state_square_error: 1.395 reward_error: 291.135
INFO : 2021-01-28 21:33:23,925 : state_square_error: 3.069 reward_error: 290.661
INFO : 2021-01-28 21:33:42,066 : state_square_error: 3.051 reward_error: 302.820
INFO : 2021-01-28 21:34:00,018 : episode: 89 score: 2674.4 100 games avg: 2674.4 steps 1000 
INFO : 2021-01-28 21:34:33,217 : state_square_error: 2.031 reward_error: 234.003
INFO : 2021-01-28 21:34:51,400 : state_square_error: 9.525 reward_error: 304.879
INFO : 2021-01-28 21:35:09,626 : state_square_error: 10.673 reward_error: 289.777
INFO : 2021-01-28 21:35:27,762 : state_square_error: 2.127 reward_error: 271.821
