INFO : 2021-01-31 03:20:16,831 : method: Model Predictive Contorol
INFO : 2021-01-31 03:20:16,831 : parameter n_steps: 200 ensemble_size: 5 env: Ant-v2
INFO : 2021-01-31 03:20:19,841 : mpc horizon: 10 mpc_samples: 100 elite_sample: 30 grad_steps: 10
INFO : 2021-01-31 03:20:19,842 : mpc_function policy-kl3
INFO : 2021-01-31 03:20:19,842 : policy-kl3
INFO : 2021-01-31 03:28:08,500 : episode: 0 score: 260.2 100 games avg: 260.2 steps 386 
INFO : 2021-01-31 03:29:06,501 : episode: 1 score: -13.5 100 games avg: -13.5 steps 46 
INFO : 2021-01-31 03:30:16,294 : episode: 2 score: -40.4 100 games avg: -40.4 steps 55 
INFO : 2021-01-31 03:30:42,121 : episode: 3 score: 2.1 100 games avg: 2.1 steps 20 
INFO : 2021-01-31 03:32:10,853 : episode: 4 score: -57.5 100 games avg: -57.5 steps 72 
INFO : 2021-01-31 03:33:03,786 : episode: 5 score: -5.0 100 games avg: -5.0 steps 41 
INFO : 2021-01-31 03:33:58,625 : episode: 6 score: -31.8 100 games avg: -31.8 steps 43 
INFO : 2021-01-31 03:34:31,909 : episode: 7 score: -13.1 100 games avg: -13.1 steps 25 
INFO : 2021-01-31 03:35:00,824 : episode: 8 score: -8.9 100 games avg: -8.9 steps 21 
INFO : 2021-01-31 03:36:33,817 : episode: 9 score: -49.8 100 games avg: -49.8 steps 74 
INFO : 2021-01-31 03:37:16,191 : episode: 10 score: -29.5 100 games avg: -29.5 steps 32 
INFO : 2021-01-31 03:37:50,825 : episode: 11 score: -33.9 100 games avg: -33.9 steps 25 
INFO : 2021-01-31 03:40:25,313 : episode: 12 score: -2.2 100 games avg: -2.2 steps 122 
INFO : 2021-01-31 03:42:53,449 : episode: 13 score: -19.1 100 games avg: -19.1 steps 117 
INFO : 2021-01-31 04:03:32,538 : episode: 14 score: 28.4 100 games avg: 28.4 steps 1000 
INFO : 2021-01-31 04:24:19,533 : episode: 15 score: 353.6 100 games avg: 353.6 steps 1000 
INFO : 2021-01-31 04:45:12,790 : episode: 16 score: 359.9 100 games avg: 359.9 steps 1000 
INFO : 2021-01-31 05:06:05,081 : episode: 17 score: 466.2 100 games avg: 466.2 steps 1000 
INFO : 2021-01-31 05:07:00,369 : episode: 18 score: 7.6 100 games avg: 7.6 steps 27 
INFO : 2021-01-31 05:28:01,074 : episode: 19 score: 429.2 100 games avg: 429.2 steps 1000 
INFO : 2021-01-31 05:31:39,669 : episode: 20 score: 83.3 100 games avg: 83.3 steps 154 
INFO : 2021-01-31 05:52:15,332 : episode: 21 score: 302.7 100 games avg: 302.7 steps 1000 
INFO : 2021-01-31 05:55:07,629 : episode: 22 score: 60.8 100 games avg: 60.8 steps 123 
INFO : 2021-01-31 06:02:01,368 : episode: 23 score: 180.2 100 games avg: 180.2 steps 357 
INFO : 2021-01-31 06:18:41,396 : episode: 24 score: 420.3 100 games avg: 420.3 steps 1000 
INFO : 2021-01-31 06:35:25,312 : episode: 25 score: 344.7 100 games avg: 344.7 steps 1000 
INFO : 2021-01-31 06:38:12,368 : episode: 26 score: 72.2 100 games avg: 72.2 steps 133 
INFO : 2021-01-31 06:55:01,926 : episode: 27 score: 483.5 100 games avg: 483.5 steps 1000 
INFO : 2021-01-31 06:56:43,278 : episode: 28 score: 39.7 100 games avg: 39.7 steps 66 
INFO : 2021-01-31 07:03:57,029 : episode: 29 score: 241.0 100 games avg: 241.0 steps 433 
INFO : 2021-01-31 07:19:48,122 : episode: 30 score: 530.2 100 games avg: 530.2 steps 1000 
INFO : 2021-01-31 07:35:39,761 : episode: 31 score: 527.6 100 games avg: 527.6 steps 1000 
INFO : 2021-01-31 07:37:30,576 : episode: 32 score: 38.1 100 games avg: 38.1 steps 68 
INFO : 2021-01-31 07:52:51,350 : episode: 33 score: 377.2 100 games avg: 377.2 steps 1000 
INFO : 2021-01-31 08:06:04,013 : episode: 34 score: 477.6 100 games avg: 477.6 steps 1000 
INFO : 2021-01-31 08:13:34,166 : episode: 35 score: 318.8 100 games avg: 318.8 steps 728 
INFO : 2021-01-31 08:14:55,153 : episode: 36 score: 40.2 100 games avg: 40.2 steps 91 
INFO : 2021-01-31 08:25:24,265 : episode: 37 score: 408.3 100 games avg: 408.3 steps 1000 
INFO : 2021-01-31 08:35:41,346 : episode: 38 score: 573.4 100 games avg: 573.4 steps 1000 
INFO : 2021-01-31 08:42:56,034 : episode: 39 score: 520.0 100 games avg: 520.0 steps 1000 
INFO : 2021-01-31 08:47:06,000 : episode: 40 score: 490.8 100 games avg: 490.8 steps 1000 
INFO : 2021-01-31 08:49:13,471 : episode: 41 score: 215.6 100 games avg: 215.6 steps 500 
INFO : 2021-01-31 08:49:37,303 : episode: 42 score: 61.2 100 games avg: 61.2 steps 78 
INFO : 2021-01-31 08:53:47,593 : episode: 43 score: 552.1 100 games avg: 552.1 steps 1000 
INFO : 2021-01-31 08:57:58,563 : episode: 44 score: 553.1 100 games avg: 553.1 steps 1000 
INFO : 2021-01-31 09:02:09,437 : episode: 45 score: 691.9 100 games avg: 691.9 steps 1000 
INFO : 2021-01-31 09:06:20,584 : episode: 46 score: 617.8 100 games avg: 617.8 steps 1000 
INFO : 2021-01-31 09:10:31,769 : episode: 47 score: 490.4 100 games avg: 490.4 steps 1000 
INFO : 2021-01-31 09:10:53,300 : episode: 48 score: 64.4 100 games avg: 64.4 steps 64 
INFO : 2021-01-31 09:11:11,619 : episode: 49 score: 51.2 100 games avg: 51.2 steps 51 
INFO : 2021-01-31 09:14:14,785 : episode: 50 score: 282.9 100 games avg: 282.9 steps 722 
INFO : 2021-01-31 09:18:05,781 : episode: 51 score: 581.3 100 games avg: 581.3 steps 915 
INFO : 2021-01-31 09:18:20,052 : episode: 52 score: 30.6 100 games avg: 30.6 steps 32 
INFO : 2021-01-31 09:22:31,717 : episode: 53 score: 546.9 100 games avg: 546.9 steps 1000 
INFO : 2021-01-31 09:26:43,684 : episode: 54 score: 719.1 100 games avg: 719.1 steps 1000 
INFO : 2021-01-31 09:30:56,009 : episode: 55 score: 667.7 100 games avg: 667.7 steps 1000 
INFO : 2021-01-31 09:35:08,319 : episode: 56 score: 417.0 100 games avg: 417.0 steps 1000 
INFO : 2021-01-31 09:35:49,634 : episode: 57 score: 92.5 100 games avg: 92.5 steps 139 
INFO : 2021-01-31 09:40:02,450 : episode: 58 score: 704.1 100 games avg: 704.1 steps 1000 
INFO : 2021-01-31 09:43:50,425 : episode: 59 score: 460.9 100 games avg: 460.9 steps 898 
INFO : 2021-01-31 09:48:03,627 : episode: 60 score: 760.5 100 games avg: 760.5 steps 1000 
INFO : 2021-01-31 09:52:16,723 : episode: 61 score: 868.5 100 games avg: 868.5 steps 1000 
INFO : 2021-01-31 09:56:30,470 : episode: 62 score: 759.7 100 games avg: 759.7 steps 1000 
INFO : 2021-01-31 10:00:44,672 : episode: 63 score: 632.4 100 games avg: 632.4 steps 1000 
INFO : 2021-01-31 10:02:37,584 : episode: 64 score: 273.7 100 games avg: 273.7 steps 425 
INFO : 2021-01-31 10:03:11,237 : episode: 65 score: 78.4 100 games avg: 78.4 steps 101 
INFO : 2021-01-31 10:03:32,834 : episode: 66 score: 42.2 100 games avg: 42.2 steps 52 
INFO : 2021-01-31 10:04:00,679 : episode: 67 score: 89.3 100 games avg: 89.3 steps 78 
INFO : 2021-01-31 10:08:14,556 : episode: 68 score: 639.1 100 games avg: 639.1 steps 1000 
INFO : 2021-01-31 10:12:29,323 : episode: 69 score: 676.3 100 games avg: 676.3 steps 1000 
INFO : 2021-01-31 10:14:51,875 : episode: 70 score: 410.2 100 games avg: 410.2 steps 543 
INFO : 2021-01-31 10:19:06,974 : episode: 71 score: 546.1 100 games avg: 546.1 steps 1000 
INFO : 2021-01-31 10:23:21,589 : episode: 72 score: 790.5 100 games avg: 790.5 steps 1000 
INFO : 2021-01-31 10:27:37,082 : episode: 73 score: 459.4 100 games avg: 459.4 steps 1000 
INFO : 2021-01-31 10:31:52,855 : episode: 74 score: 521.6 100 games avg: 521.6 steps 1000 
INFO : 2021-01-31 10:36:09,362 : episode: 75 score: 489.3 100 games avg: 489.3 steps 1000 
INFO : 2021-01-31 10:40:25,748 : episode: 76 score: 532.1 100 games avg: 532.1 steps 1000 
INFO : 2021-01-31 10:44:42,216 : episode: 77 score: 485.5 100 games avg: 485.5 steps 1000 
INFO : 2021-01-31 10:46:30,730 : episode: 78 score: 319.8 100 games avg: 319.8 steps 396 
INFO : 2021-01-31 10:50:47,584 : episode: 79 score: 888.2 100 games avg: 888.2 steps 1000 
INFO : 2021-01-31 10:55:05,039 : episode: 80 score: 637.7 100 games avg: 637.7 steps 1000 
INFO : 2021-01-31 10:59:22,085 : episode: 81 score: 568.4 100 games avg: 568.4 steps 1000 
INFO : 2021-01-31 10:59:40,191 : episode: 82 score: 28.1 100 games avg: 28.1 steps 26 
INFO : 2021-01-31 11:03:57,683 : episode: 83 score: 610.1 100 games avg: 610.1 steps 1000 
INFO : 2021-01-31 11:04:33,303 : episode: 84 score: 84.3 100 games avg: 84.3 steps 96 
INFO : 2021-01-31 11:08:51,236 : episode: 85 score: 647.7 100 games avg: 647.7 steps 1000 
INFO : 2021-01-31 11:09:12,512 : episode: 86 score: 30.4 100 games avg: 30.4 steps 35 
INFO : 2021-01-31 11:09:45,677 : episode: 87 score: 98.2 100 games avg: 98.2 steps 85 
INFO : 2021-01-31 11:14:03,404 : episode: 88 score: 548.0 100 games avg: 548.0 steps 1000 
INFO : 2021-01-31 11:18:21,723 : episode: 89 score: 577.0 100 games avg: 577.0 steps 1000 
INFO : 2021-01-31 11:19:51,532 : episode: 90 score: 297.0 100 games avg: 297.0 steps 314 
INFO : 2021-01-31 11:24:10,254 : episode: 91 score: 602.2 100 games avg: 602.2 steps 1000 
INFO : 2021-01-31 11:28:28,607 : episode: 92 score: 660.7 100 games avg: 660.7 steps 1000 
INFO : 2021-01-31 11:32:47,172 : episode: 93 score: 966.3 100 games avg: 966.3 steps 1000 
INFO : 2021-01-31 11:37:05,883 : episode: 94 score: 720.2 100 games avg: 720.2 steps 1000 
INFO : 2021-01-31 11:41:24,723 : episode: 95 score: 746.6 100 games avg: 746.6 steps 1000 
INFO : 2021-01-31 11:45:43,737 : episode: 96 score: 566.5 100 games avg: 566.5 steps 1000 
INFO : 2021-01-31 11:48:04,929 : episode: 97 score: 550.9 100 games avg: 550.9 steps 517 
INFO : 2021-01-31 11:49:45,889 : episode: 98 score: 318.9 100 games avg: 318.9 steps 353 
INFO : 2021-01-31 11:54:05,664 : episode: 99 score: 535.6 100 games avg: 535.6 steps 1000 
INFO : 2021-01-31 11:58:25,576 : episode: 100 score: 596.2 100 games avg: 596.2 steps 1000 
INFO : 2021-01-31 12:02:45,707 : episode: 101 score: 775.3 100 games avg: 775.3 steps 1000 
INFO : 2021-01-31 12:04:40,939 : episode: 102 score: 447.3 100 games avg: 447.3 steps 407 
INFO : 2021-01-31 12:05:40,050 : episode: 103 score: 177.8 100 games avg: 177.8 steps 179 
INFO : 2021-01-31 12:10:00,826 : episode: 104 score: 530.2 100 games avg: 530.2 steps 1000 
INFO : 2021-01-31 12:14:21,452 : episode: 105 score: 592.2 100 games avg: 592.2 steps 1000 
INFO : 2021-01-31 12:18:42,566 : episode: 106 score: 881.5 100 games avg: 881.5 steps 1000 
INFO : 2021-01-31 12:19:50,481 : episode: 107 score: 232.9 100 games avg: 232.9 steps 212 
INFO : 2021-01-31 12:24:12,075 : episode: 108 score: 526.3 100 games avg: 526.3 steps 1000 
INFO : 2021-01-31 12:26:02,141 : episode: 109 score: 391.5 100 games avg: 391.5 steps 382 
INFO : 2021-01-31 12:30:24,338 : episode: 110 score: 1120.4 100 games avg: 1120.4 steps 1000 
INFO : 2021-01-31 12:32:19,781 : episode: 111 score: 481.8 100 games avg: 481.8 steps 403 
INFO : 2021-01-31 12:32:53,162 : episode: 112 score: 75.9 100 games avg: 75.9 steps 68 
INFO : 2021-01-31 12:42:16,438 : episode: 113 score: 670.1 100 games avg: 670.1 steps 637 
INFO : 2021-01-31 12:46:38,809 : episode: 114 score: 1179.7 100 games avg: 1179.7 steps 1000 
INFO : 2021-01-31 12:48:34,158 : episode: 115 score: 435.6 100 games avg: 435.6 steps 398 
INFO : 2021-01-31 12:52:57,696 : episode: 116 score: 641.8 100 games avg: 641.8 steps 1000 
INFO : 2021-01-31 12:57:09,887 : episode: 117 score: 1109.3 100 games avg: 1109.3 steps 953 
INFO : 2021-01-31 13:00:37,601 : episode: 118 score: 821.4 100 games avg: 821.4 steps 772 
INFO : 2021-01-31 13:13:20,251 : episode: 119 score: 620.6 100 games avg: 620.6 steps 1000 
INFO : 2021-01-31 13:17:57,519 : episode: 120 score: 112.5 100 games avg: 112.5 steps 104 
INFO : 2021-01-31 13:27:44,200 : episode: 121 score: 480.3 100 games avg: 480.3 steps 444 
INFO : 2021-01-31 13:46:02,891 : episode: 122 score: 547.5 100 games avg: 547.5 steps 1000 
INFO : 2021-01-31 14:04:15,211 : episode: 123 score: 833.1 100 games avg: 833.1 steps 1000 
INFO : 2021-01-31 14:12:03,338 : episode: 124 score: 325.8 100 games avg: 325.8 steps 274 
INFO : 2021-01-31 14:31:20,630 : episode: 125 score: 920.7 100 games avg: 920.7 steps 1000 
INFO : 2021-01-31 14:50:04,463 : episode: 126 score: 534.6 100 games avg: 534.6 steps 1000 
INFO : 2021-01-31 14:59:08,783 : episode: 127 score: 410.3 100 games avg: 410.3 steps 333 
INFO : 2021-01-31 15:23:32,710 : episode: 128 score: 657.5 100 games avg: 657.5 steps 1000 
INFO : 2021-01-31 15:30:59,235 : episode: 129 score: 308.8 100 games avg: 308.8 steps 221 
INFO : 2021-01-31 15:36:53,412 : episode: 130 score: 29.5 100 games avg: 29.5 steps 34 
INFO : 2021-01-31 15:52:48,266 : episode: 131 score: 893.8 100 games avg: 893.8 steps 725 
INFO : 2021-01-31 16:13:13,786 : episode: 132 score: 1154.0 100 games avg: 1154.0 steps 1000 
INFO : 2021-01-31 16:33:57,809 : episode: 133 score: 517.8 100 games avg: 517.8 steps 1000 
INFO : 2021-01-31 16:54:07,906 : episode: 134 score: 682.8 100 games avg: 682.8 steps 1000 
INFO : 2021-01-31 17:01:25,327 : episode: 135 score: 227.5 100 games avg: 227.5 steps 175 
INFO : 2021-01-31 17:06:24,374 : episode: 136 score: 73.3 100 games avg: 73.3 steps 53 
INFO : 2021-01-31 17:27:44,565 : episode: 137 score: 706.9 100 games avg: 706.9 steps 1000 
INFO : 2021-01-31 17:33:09,073 : episode: 138 score: 57.9 100 games avg: 57.9 steps 45 
INFO : 2021-01-31 17:43:51,140 : episode: 139 score: 426.6 100 games avg: 426.6 steps 354 
INFO : 2021-01-31 18:04:42,375 : episode: 140 score: 811.3 100 games avg: 811.3 steps 1000 
INFO : 2021-01-31 18:15:40,333 : episode: 141 score: 461.7 100 games avg: 461.7 steps 359 
INFO : 2021-01-31 18:36:45,033 : episode: 142 score: 758.6 100 games avg: 758.6 steps 1000 
INFO : 2021-01-31 18:43:11,058 : episode: 143 score: 138.2 100 games avg: 138.2 steps 130 
INFO : 2021-01-31 18:51:14,199 : episode: 144 score: 250.2 100 games avg: 250.2 steps 171 
INFO : 2021-01-31 19:19:00,903 : episode: 145 score: 659.2 100 games avg: 659.2 steps 1000 
INFO : 2021-01-31 19:42:36,779 : episode: 146 score: 518.1 100 games avg: 518.1 steps 1000 
INFO : 2021-01-31 20:06:54,719 : episode: 147 score: 825.9 100 games avg: 825.9 steps 1000 
INFO : 2021-01-31 20:16:07,342 : episode: 148 score: 101.4 100 games avg: 101.4 steps 77 
INFO : 2021-01-31 20:40:28,446 : episode: 149 score: 1101.4 100 games avg: 1101.4 steps 1000 
INFO : 2021-01-31 20:47:37,974 : episode: 150 score: 61.8 100 games avg: 61.8 steps 45 
INFO : 2021-01-31 20:56:08,474 : episode: 151 score: 200.7 100 games avg: 200.7 steps 168 
INFO : 2021-01-31 21:16:55,035 : episode: 152 score: 789.9 100 games avg: 789.9 steps 1000 
INFO : 2021-01-31 21:27:36,220 : episode: 153 score: 398.8 100 games avg: 398.8 steps 273 
INFO : 2021-01-31 21:48:01,078 : episode: 154 score: 1373.9 100 games avg: 1373.9 steps 942 
INFO : 2021-01-31 21:56:05,542 : episode: 155 score: 268.2 100 games avg: 268.2 steps 184 
INFO : 2021-01-31 22:18:03,218 : episode: 156 score: 1441.5 100 games avg: 1441.5 steps 1000 
INFO : 2021-01-31 22:25:41,466 : episode: 157 score: 76.7 100 games avg: 76.7 steps 60 
INFO : 2021-01-31 22:46:35,987 : episode: 158 score: 558.2 100 games avg: 558.2 steps 1000 
INFO : 2021-01-31 23:07:46,271 : episode: 159 score: 1603.1 100 games avg: 1603.1 steps 1000 
INFO : 2021-01-31 23:29:33,607 : episode: 160 score: 1482.3 100 games avg: 1482.3 steps 1000 
INFO : 2021-01-31 23:57:47,021 : episode: 161 score: 659.3 100 games avg: 659.3 steps 1000 
INFO : 2021-02-01 00:30:05,421 : episode: 162 score: 626.6 100 games avg: 626.6 steps 1000 
INFO : 2021-02-01 01:01:16,450 : episode: 163 score: 888.5 100 games avg: 888.5 steps 1000 
INFO : 2021-02-01 01:33:12,229 : episode: 164 score: 906.1 100 games avg: 906.1 steps 1000 
INFO : 2021-02-01 02:04:53,412 : episode: 165 score: 1488.8 100 games avg: 1488.8 steps 1000 
INFO : 2021-02-01 02:16:08,009 : episode: 166 score: 109.1 100 games avg: 109.1 steps 64 
INFO : 2021-02-01 02:30:30,948 : episode: 167 score: 288.9 100 games avg: 288.9 steps 202 
INFO : 2021-02-01 03:02:30,129 : episode: 168 score: 1322.3 100 games avg: 1322.3 steps 1000 
INFO : 2021-02-01 03:34:46,057 : episode: 169 score: 601.9 100 games avg: 601.9 steps 1000 
INFO : 2021-02-01 04:06:51,429 : episode: 170 score: 576.8 100 games avg: 576.8 steps 1000 
INFO : 2021-02-01 04:39:43,763 : episode: 171 score: 896.2 100 games avg: 896.2 steps 1000 
INFO : 2021-02-01 05:11:38,780 : episode: 172 score: 1166.8 100 games avg: 1166.8 steps 1000 
INFO : 2021-02-01 05:44:35,949 : episode: 173 score: 956.5 100 games avg: 956.5 steps 1000 
INFO : 2021-02-01 06:17:16,720 : episode: 174 score: 1743.0 100 games avg: 1743.0 steps 1000 
INFO : 2021-02-01 06:49:49,942 : episode: 175 score: 1126.9 100 games avg: 1126.9 steps 1000 
INFO : 2021-02-01 07:22:34,957 : episode: 176 score: 1646.3 100 games avg: 1646.3 steps 1000 
INFO : 2021-02-01 07:34:18,833 : episode: 177 score: 35.9 100 games avg: 35.9 steps 28 
INFO : 2021-02-01 08:03:35,173 : episode: 178 score: 1270.3 100 games avg: 1270.3 steps 818 
INFO : 2021-02-01 08:27:38,763 : episode: 179 score: 1531.6 100 games avg: 1531.6 steps 1000 
INFO : 2021-02-01 08:50:21,358 : episode: 180 score: 1078.3 100 games avg: 1078.3 steps 1000 
INFO : 2021-02-01 08:59:54,385 : episode: 181 score: 214.1 100 games avg: 214.1 steps 138 
INFO : 2021-02-01 09:22:46,472 : episode: 182 score: 1731.2 100 games avg: 1731.2 steps 1000 
INFO : 2021-02-01 09:31:58,375 : episode: 183 score: 74.2 100 games avg: 74.2 steps 66 
INFO : 2021-02-01 09:43:53,554 : episode: 184 score: 368.9 100 games avg: 368.9 steps 241 
INFO : 2021-02-01 10:08:08,912 : episode: 185 score: 1048.0 100 games avg: 1048.0 steps 1000 
INFO : 2021-02-01 10:30:58,955 : episode: 186 score: 567.5 100 games avg: 567.5 steps 1000 
INFO : 2021-02-01 10:43:13,064 : episode: 187 score: 446.4 100 games avg: 446.4 steps 294 
INFO : 2021-02-01 10:54:33,034 : episode: 188 score: 346.8 100 games avg: 346.8 steps 213 
