INFO : 2021-01-26 12:39:53,681 : method: Model Predictive Contorol
INFO : 2021-01-26 12:39:53,681 : parameter n_steps: 100 ensemble_size: 5 env: HalfCheetah-v2
INFO : 2021-01-26 12:39:56,579 : mpc horizon: 10 mpc_samples: 100 elite_sample: 30 grad_steps: 10
INFO : 2021-01-26 12:39:56,579 : mpc_function policy-kl2
INFO : 2021-01-26 12:39:56,579 : policy-kl2
INFO : 2021-01-26 12:44:01,125 : episode: 0 score: -88.1 100 games avg: -88.1 steps 1000 
INFO : 2021-01-26 12:48:08,288 : episode: 1 score: -219.2 100 games avg: -219.2 steps 1000 
INFO : 2021-01-26 12:52:16,315 : episode: 2 score: -165.1 100 games avg: -165.1 steps 1000 
INFO : 2021-01-26 12:56:24,506 : episode: 3 score: -203.3 100 games avg: -203.3 steps 1000 
INFO : 2021-01-26 13:00:32,900 : episode: 4 score: -237.0 100 games avg: -237.0 steps 1000 
INFO : 2021-01-26 13:04:41,924 : episode: 5 score: -254.7 100 games avg: -254.7 steps 1000 
INFO : 2021-01-26 13:08:51,293 : episode: 6 score: -122.2 100 games avg: -122.2 steps 1000 
INFO : 2021-01-26 13:13:00,854 : episode: 7 score: -188.2 100 games avg: -188.2 steps 1000 
INFO : 2021-01-26 13:17:10,852 : episode: 8 score: -147.3 100 games avg: -147.3 steps 1000 
INFO : 2021-01-26 13:21:21,110 : episode: 9 score: -176.8 100 games avg: -176.8 steps 1000 
INFO : 2021-01-26 13:25:31,306 : episode: 10 score: -164.2 100 games avg: -164.2 steps 1000 
INFO : 2021-01-26 13:29:42,003 : episode: 11 score: 7.5 100 games avg: 7.5 steps 1000 
INFO : 2021-01-26 13:33:54,085 : episode: 12 score: 97.0 100 games avg: 97.0 steps 1000 
INFO : 2021-01-26 13:38:06,472 : episode: 13 score: 49.9 100 games avg: 49.9 steps 1000 
INFO : 2021-01-26 13:42:19,070 : episode: 14 score: 196.3 100 games avg: 196.3 steps 1000 
INFO : 2021-01-26 13:46:31,155 : episode: 15 score: 270.8 100 games avg: 270.8 steps 1000 
INFO : 2021-01-26 13:50:43,946 : episode: 16 score: 337.4 100 games avg: 337.4 steps 1000 
INFO : 2021-01-26 13:54:57,467 : episode: 17 score: -380.6 100 games avg: -380.6 steps 1000 
INFO : 2021-01-26 13:59:11,282 : episode: 18 score: 212.4 100 games avg: 212.4 steps 1000 
INFO : 2021-01-26 14:03:25,166 : episode: 19 score: 208.4 100 games avg: 208.4 steps 1000 
INFO : 2021-01-26 14:07:39,762 : episode: 20 score: 224.7 100 games avg: 224.7 steps 1000 
INFO : 2021-01-26 14:11:54,468 : episode: 21 score: 368.3 100 games avg: 368.3 steps 1000 
INFO : 2021-01-26 14:16:10,570 : episode: 22 score: -48.4 100 games avg: -48.4 steps 1000 
INFO : 2021-01-26 14:20:26,103 : episode: 23 score: 52.4 100 games avg: 52.4 steps 1000 
INFO : 2021-01-26 14:24:41,900 : episode: 24 score: 57.6 100 games avg: 57.6 steps 1000 
INFO : 2021-01-26 14:28:58,217 : episode: 25 score: -71.5 100 games avg: -71.5 steps 1000 
INFO : 2021-01-26 14:33:14,880 : episode: 26 score: 150.8 100 games avg: 150.8 steps 1000 
INFO : 2021-01-26 14:37:32,398 : episode: 27 score: 482.3 100 games avg: 482.3 steps 1000 
INFO : 2021-01-26 14:41:50,055 : episode: 28 score: 88.7 100 games avg: 88.7 steps 1000 
INFO : 2021-01-26 14:46:08,437 : episode: 29 score: 5.8 100 games avg: 5.8 steps 1000 
INFO : 2021-01-26 14:50:26,504 : episode: 30 score: 616.4 100 games avg: 616.4 steps 1000 
INFO : 2021-01-26 14:54:45,695 : episode: 31 score: 276.2 100 games avg: 276.2 steps 1000 
INFO : 2021-01-26 14:59:04,773 : episode: 32 score: 476.8 100 games avg: 476.8 steps 1000 
INFO : 2021-01-26 15:03:24,068 : episode: 33 score: 657.0 100 games avg: 657.0 steps 1000 
INFO : 2021-01-26 15:07:43,824 : episode: 34 score: 155.7 100 games avg: 155.7 steps 1000 
INFO : 2021-01-26 15:12:03,843 : episode: 35 score: 247.9 100 games avg: 247.9 steps 1000 
INFO : 2021-01-26 15:16:25,305 : episode: 36 score: 375.5 100 games avg: 375.5 steps 1000 
INFO : 2021-01-26 15:20:46,302 : episode: 37 score: 808.7 100 games avg: 808.7 steps 1000 
INFO : 2021-01-26 15:25:07,991 : episode: 38 score: 1170.8 100 games avg: 1170.8 steps 1000 
INFO : 2021-01-26 15:29:29,561 : episode: 39 score: 1233.7 100 games avg: 1233.7 steps 1000 
INFO : 2021-01-26 15:33:52,057 : episode: 40 score: 1244.0 100 games avg: 1244.0 steps 1000 
INFO : 2021-01-26 15:38:14,783 : episode: 41 score: 1257.4 100 games avg: 1257.4 steps 1000 
INFO : 2021-01-26 15:42:37,761 : episode: 42 score: 333.5 100 games avg: 333.5 steps 1000 
INFO : 2021-01-26 15:47:01,127 : episode: 43 score: 1409.6 100 games avg: 1409.6 steps 1000 
INFO : 2021-01-26 15:51:24,260 : episode: 44 score: 1638.5 100 games avg: 1638.5 steps 1000 
INFO : 2021-01-26 15:55:48,339 : episode: 45 score: 812.7 100 games avg: 812.7 steps 1000 
INFO : 2021-01-26 16:00:12,792 : episode: 46 score: 1795.0 100 games avg: 1795.0 steps 1000 
INFO : 2021-01-26 16:04:38,054 : episode: 47 score: 1841.7 100 games avg: 1841.7 steps 1000 
INFO : 2021-01-26 16:09:03,346 : episode: 48 score: 1720.6 100 games avg: 1720.6 steps 1000 
INFO : 2021-01-26 16:13:28,903 : episode: 49 score: 2110.9 100 games avg: 2110.9 steps 1000 
INFO : 2021-01-26 16:17:54,958 : episode: 50 score: 299.2 100 games avg: 299.2 steps 1000 
INFO : 2021-01-26 16:22:21,350 : episode: 51 score: 810.3 100 games avg: 810.3 steps 1000 
INFO : 2021-01-26 16:26:47,967 : episode: 52 score: 2108.7 100 games avg: 2108.7 steps 1000 
INFO : 2021-01-26 16:31:15,146 : episode: 53 score: 2161.7 100 games avg: 2161.7 steps 1000 
INFO : 2021-01-26 16:35:42,478 : episode: 54 score: 2058.9 100 games avg: 2058.9 steps 1000 
INFO : 2021-01-26 16:40:10,583 : episode: 55 score: 2145.3 100 games avg: 2145.3 steps 1000 
INFO : 2021-01-26 16:44:38,840 : episode: 56 score: 2401.5 100 games avg: 2401.5 steps 1000 
INFO : 2021-01-26 16:49:07,624 : episode: 57 score: 2289.3 100 games avg: 2289.3 steps 1000 
INFO : 2021-01-26 16:53:36,514 : episode: 58 score: 2473.6 100 games avg: 2473.6 steps 1000 
INFO : 2021-01-26 16:58:05,752 : episode: 59 score: 2688.7 100 games avg: 2688.7 steps 1000 
INFO : 2021-01-26 17:02:35,774 : episode: 60 score: 2692.4 100 games avg: 2692.4 steps 1000 
INFO : 2021-01-26 17:07:05,546 : episode: 61 score: 2630.1 100 games avg: 2630.1 steps 1000 
INFO : 2021-01-26 17:11:35,682 : episode: 62 score: 2802.9 100 games avg: 2802.9 steps 1000 
INFO : 2021-01-26 17:16:06,517 : episode: 63 score: 2849.6 100 games avg: 2849.6 steps 1000 
INFO : 2021-01-26 17:20:37,256 : episode: 64 score: 2776.6 100 games avg: 2776.6 steps 1000 
INFO : 2021-01-26 17:25:09,210 : episode: 65 score: 2917.8 100 games avg: 2917.8 steps 1000 
INFO : 2021-01-26 17:29:40,869 : episode: 66 score: 2887.9 100 games avg: 2887.9 steps 1000 
INFO : 2021-01-26 17:34:13,501 : episode: 67 score: 2975.2 100 games avg: 2975.2 steps 1000 
INFO : 2021-01-26 17:38:45,787 : episode: 68 score: 3203.8 100 games avg: 3203.8 steps 1000 
INFO : 2021-01-26 17:43:18,727 : episode: 69 score: 2990.0 100 games avg: 2990.0 steps 1000 
INFO : 2021-01-26 17:47:52,302 : episode: 70 score: 3070.2 100 games avg: 3070.2 steps 1000 
INFO : 2021-01-26 17:52:26,184 : episode: 71 score: 3210.2 100 games avg: 3210.2 steps 1000 
INFO : 2021-01-26 17:57:00,210 : episode: 72 score: 2943.4 100 games avg: 2943.4 steps 1000 
INFO : 2021-01-26 18:01:35,173 : episode: 73 score: 3121.5 100 games avg: 3121.5 steps 1000 
INFO : 2021-01-26 18:06:10,266 : episode: 74 score: 3208.3 100 games avg: 3208.3 steps 1000 
INFO : 2021-01-26 18:10:45,867 : episode: 75 score: 3179.7 100 games avg: 3179.7 steps 1000 
INFO : 2021-01-26 18:15:21,784 : episode: 76 score: 3138.8 100 games avg: 3138.8 steps 1000 
INFO : 2021-01-26 18:19:57,317 : episode: 77 score: 3218.5 100 games avg: 3218.5 steps 1000 
INFO : 2021-01-26 18:24:33,185 : episode: 78 score: 3090.1 100 games avg: 3090.1 steps 1000 
INFO : 2021-01-26 18:29:09,766 : episode: 79 score: 3275.3 100 games avg: 3275.3 steps 1000 
INFO : 2021-01-26 18:33:46,969 : episode: 80 score: 3184.1 100 games avg: 3184.1 steps 1000 
INFO : 2021-01-26 18:38:24,869 : episode: 81 score: 3116.9 100 games avg: 3116.9 steps 1000 
INFO : 2021-01-26 18:43:02,065 : episode: 82 score: 3274.8 100 games avg: 3274.8 steps 1000 
INFO : 2021-01-26 18:47:40,134 : episode: 83 score: 3286.8 100 games avg: 3286.8 steps 1000 
INFO : 2021-01-26 18:52:18,410 : episode: 84 score: 3373.0 100 games avg: 3373.0 steps 1000 
INFO : 2021-01-26 18:56:57,646 : episode: 85 score: 3318.7 100 games avg: 3318.7 steps 1000 
INFO : 2021-01-26 19:01:37,870 : episode: 86 score: 3189.4 100 games avg: 3189.4 steps 1000 
INFO : 2021-01-26 19:06:17,939 : episode: 87 score: 3429.2 100 games avg: 3429.2 steps 1000 
INFO : 2021-01-26 19:10:58,035 : episode: 88 score: 3160.0 100 games avg: 3160.0 steps 1000 
INFO : 2021-01-26 19:15:38,293 : episode: 89 score: 3246.6 100 games avg: 3246.6 steps 1000 
INFO : 2021-01-26 19:20:19,317 : episode: 90 score: 3212.5 100 games avg: 3212.5 steps 1000 
INFO : 2021-01-26 19:25:01,373 : episode: 91 score: 3498.2 100 games avg: 3498.2 steps 1000 
INFO : 2021-01-26 19:29:43,650 : episode: 92 score: 3452.2 100 games avg: 3452.2 steps 1000 
INFO : 2021-01-26 19:34:26,697 : episode: 93 score: 3509.1 100 games avg: 3509.1 steps 1000 
INFO : 2021-01-26 19:39:09,058 : episode: 94 score: 3324.9 100 games avg: 3324.9 steps 1000 
INFO : 2021-01-26 19:43:52,054 : episode: 95 score: 3606.4 100 games avg: 3606.4 steps 1000 
INFO : 2021-01-26 19:48:35,415 : episode: 96 score: 3190.0 100 games avg: 3190.0 steps 1000 
INFO : 2021-01-26 19:53:19,187 : episode: 97 score: 3600.1 100 games avg: 3600.1 steps 1000 
INFO : 2021-01-26 19:58:03,342 : episode: 98 score: 3446.5 100 games avg: 3446.5 steps 1000 
INFO : 2021-01-26 20:02:47,871 : episode: 99 score: 3519.8 100 games avg: 3519.8 steps 1000 
