INFO : 2021-01-30 02:02:16,815 : method: Model Predictive Contorol
INFO : 2021-01-30 02:02:16,816 : parameter n_steps: 200 ensemble_size: 5 env: Ant-v2
INFO : 2021-01-30 02:02:20,114 : mpc horizon: 5 mpc_samples: 100 elite_sample: 30 grad_steps: 10
INFO : 2021-01-30 02:02:20,114 : mpc_function policy-kl3
INFO : 2021-01-30 02:02:20,114 : policy-kl3
INFO : 2021-01-30 02:07:28,081 : episode: 0 score: 341.1 100 games avg: 341.1 steps 1000 
INFO : 2021-01-30 02:10:55,164 : episode: 1 score: 146.4 100 games avg: 146.4 steps 644 
INFO : 2021-01-30 02:12:02,276 : episode: 2 score: 98.7 100 games avg: 98.7 steps 204 
INFO : 2021-01-30 02:12:18,866 : episode: 3 score: -16.5 100 games avg: -16.5 steps 48 
INFO : 2021-01-30 02:17:43,046 : episode: 4 score: 166.2 100 games avg: 166.2 steps 1000 
INFO : 2021-01-30 02:23:10,894 : episode: 5 score: 452.1 100 games avg: 452.1 steps 1000 
INFO : 2021-01-30 02:27:14,648 : episode: 6 score: 331.1 100 games avg: 331.1 steps 729 
INFO : 2021-01-30 02:32:55,950 : episode: 7 score: 334.0 100 games avg: 334.0 steps 1000 
INFO : 2021-01-30 02:38:37,326 : episode: 8 score: 472.3 100 games avg: 472.3 steps 1000 
INFO : 2021-01-30 02:42:35,470 : episode: 9 score: 156.7 100 games avg: 156.7 steps 697 
INFO : 2021-01-30 02:48:20,495 : episode: 10 score: 369.5 100 games avg: 369.5 steps 1000 
INFO : 2021-01-30 02:54:04,806 : episode: 11 score: 351.4 100 games avg: 351.4 steps 1000 
INFO : 2021-01-30 02:59:47,801 : episode: 12 score: 419.5 100 games avg: 419.5 steps 1000 
INFO : 2021-01-30 03:03:47,057 : episode: 13 score: 330.2 100 games avg: 330.2 steps 685 
INFO : 2021-01-30 03:04:43,690 : episode: 14 score: 86.5 100 games avg: 86.5 steps 145 
INFO : 2021-01-30 03:07:38,091 : episode: 15 score: 261.6 100 games avg: 261.6 steps 491 
INFO : 2021-01-30 03:08:05,075 : episode: 16 score: 39.7 100 games avg: 39.7 steps 56 
INFO : 2021-01-30 03:13:13,081 : episode: 17 score: 457.2 100 games avg: 457.2 steps 898 
INFO : 2021-01-30 03:18:57,459 : episode: 18 score: 391.3 100 games avg: 391.3 steps 1000 
INFO : 2021-01-30 03:24:43,849 : episode: 19 score: 419.1 100 games avg: 419.1 steps 1000 
INFO : 2021-01-30 03:25:53,625 : episode: 20 score: 104.3 100 games avg: 104.3 steps 180 
INFO : 2021-01-30 03:27:52,765 : episode: 21 score: 252.1 100 games avg: 252.1 steps 327 
INFO : 2021-01-30 03:30:20,594 : episode: 22 score: 204.2 100 games avg: 204.2 steps 420 
INFO : 2021-01-30 03:36:02,017 : episode: 23 score: 434.8 100 games avg: 434.8 steps 1000 
INFO : 2021-01-30 03:41:44,960 : episode: 24 score: 493.9 100 games avg: 493.9 steps 1000 
INFO : 2021-01-30 03:47:24,091 : episode: 25 score: 609.2 100 games avg: 609.2 steps 1000 
INFO : 2021-01-30 03:53:04,173 : episode: 26 score: 540.1 100 games avg: 540.1 steps 1000 
INFO : 2021-01-30 03:58:43,769 : episode: 27 score: 653.4 100 games avg: 653.4 steps 1000 
INFO : 2021-01-30 04:02:08,678 : episode: 28 score: 384.5 100 games avg: 384.5 steps 588 
INFO : 2021-01-30 04:07:50,043 : episode: 29 score: 578.9 100 games avg: 578.9 steps 1000 
INFO : 2021-01-30 04:13:34,698 : episode: 30 score: 661.2 100 games avg: 661.2 steps 1000 
INFO : 2021-01-30 04:19:16,988 : episode: 31 score: 609.5 100 games avg: 609.5 steps 1000 
INFO : 2021-01-30 04:24:57,276 : episode: 32 score: 572.5 100 games avg: 572.5 steps 1000 
INFO : 2021-01-30 04:30:40,126 : episode: 33 score: 694.3 100 games avg: 694.3 steps 1000 
INFO : 2021-01-30 04:36:22,682 : episode: 34 score: 585.3 100 games avg: 585.3 steps 1000 
INFO : 2021-01-30 04:39:53,393 : episode: 35 score: 454.0 100 games avg: 454.0 steps 585 
INFO : 2021-01-30 04:41:39,290 : episode: 36 score: 233.8 100 games avg: 233.8 steps 270 
INFO : 2021-01-30 04:47:24,378 : episode: 37 score: 513.4 100 games avg: 513.4 steps 1000 
INFO : 2021-01-30 04:53:11,605 : episode: 38 score: 622.7 100 games avg: 622.7 steps 1000 
INFO : 2021-01-30 04:59:01,344 : episode: 39 score: 579.0 100 games avg: 579.0 steps 1000 
INFO : 2021-01-30 05:00:12,509 : episode: 40 score: 199.7 100 games avg: 199.7 steps 165 
INFO : 2021-01-30 05:06:01,967 : episode: 41 score: 650.5 100 games avg: 650.5 steps 1000 
INFO : 2021-01-30 05:07:12,538 : episode: 42 score: 124.1 100 games avg: 124.1 steps 146 
INFO : 2021-01-30 05:13:06,970 : episode: 43 score: 679.9 100 games avg: 679.9 steps 1000 
INFO : 2021-01-30 05:18:54,839 : episode: 44 score: 846.8 100 games avg: 846.8 steps 1000 
INFO : 2021-01-30 05:24:46,313 : episode: 45 score: 631.6 100 games avg: 631.6 steps 1000 
INFO : 2021-01-30 05:30:36,290 : episode: 46 score: 608.6 100 games avg: 608.6 steps 1000 
INFO : 2021-01-30 05:36:28,551 : episode: 47 score: 580.0 100 games avg: 580.0 steps 1000 
INFO : 2021-01-30 05:38:49,139 : episode: 48 score: 291.4 100 games avg: 291.4 steps 354 
INFO : 2021-01-30 05:44:38,483 : episode: 49 score: 746.5 100 games avg: 746.5 steps 1000 
INFO : 2021-01-30 05:45:40,858 : episode: 50 score: 105.6 100 games avg: 105.6 steps 116 
INFO : 2021-01-30 05:51:31,132 : episode: 51 score: 667.0 100 games avg: 667.0 steps 1000 
INFO : 2021-01-30 05:53:40,200 : episode: 52 score: 290.1 100 games avg: 290.1 steps 318 
INFO : 2021-01-30 05:59:34,379 : episode: 53 score: 486.4 100 games avg: 486.4 steps 1000 
INFO : 2021-01-30 06:05:26,146 : episode: 54 score: 585.2 100 games avg: 585.2 steps 1000 
INFO : 2021-01-30 06:11:14,833 : episode: 55 score: 561.2 100 games avg: 561.2 steps 1000 
INFO : 2021-01-30 06:17:09,443 : episode: 56 score: 626.3 100 games avg: 626.3 steps 1000 
INFO : 2021-01-30 06:23:03,344 : episode: 57 score: 668.3 100 games avg: 668.3 steps 1000 
INFO : 2021-01-30 06:23:37,801 : episode: 58 score: 15.9 100 games avg: 15.9 steps 21 
INFO : 2021-01-30 06:29:37,274 : episode: 59 score: 584.1 100 games avg: 584.1 steps 1000 
INFO : 2021-01-30 06:35:31,921 : episode: 60 score: 718.5 100 games avg: 718.5 steps 1000 
INFO : 2021-01-30 06:41:31,864 : episode: 61 score: 798.1 100 games avg: 798.1 steps 1000 
INFO : 2021-01-30 06:47:29,652 : episode: 62 score: 916.0 100 games avg: 916.0 steps 1000 
INFO : 2021-01-30 06:53:33,469 : episode: 63 score: 779.4 100 games avg: 779.4 steps 1000 
INFO : 2021-01-30 06:55:30,965 : episode: 64 score: 207.4 100 games avg: 207.4 steps 268 
INFO : 2021-01-30 07:01:29,676 : episode: 65 score: 543.3 100 games avg: 543.3 steps 1000 
INFO : 2021-01-30 07:07:39,629 : episode: 66 score: 810.3 100 games avg: 810.3 steps 1000 
INFO : 2021-01-30 07:13:44,695 : episode: 67 score: 545.4 100 games avg: 545.4 steps 1000 
INFO : 2021-01-30 07:19:50,404 : episode: 68 score: 640.5 100 games avg: 640.5 steps 1000 
INFO : 2021-01-30 07:26:03,111 : episode: 69 score: 568.9 100 games avg: 568.9 steps 1000 
INFO : 2021-01-30 07:32:12,496 : episode: 70 score: 632.2 100 games avg: 632.2 steps 1000 
INFO : 2021-01-30 07:38:24,844 : episode: 71 score: 658.5 100 games avg: 658.5 steps 1000 
INFO : 2021-01-30 07:40:39,114 : episode: 72 score: 274.0 100 games avg: 274.0 steps 287 
INFO : 2021-01-30 07:46:53,343 : episode: 73 score: 676.2 100 games avg: 676.2 steps 1000 
INFO : 2021-01-30 07:53:12,449 : episode: 74 score: 584.4 100 games avg: 584.4 steps 1000 
INFO : 2021-01-30 07:59:30,715 : episode: 75 score: 903.1 100 games avg: 903.1 steps 1000 
INFO : 2021-01-30 08:01:56,110 : episode: 76 score: 345.7 100 games avg: 345.7 steps 320 
INFO : 2021-01-30 08:03:03,186 : episode: 77 score: 79.0 100 games avg: 79.0 steps 90 
INFO : 2021-01-30 08:04:08,581 : episode: 78 score: 87.2 100 games avg: 87.2 steps 74 
INFO : 2021-01-30 08:10:25,858 : episode: 79 score: 946.8 100 games avg: 946.8 steps 1000 
INFO : 2021-01-30 08:16:47,827 : episode: 80 score: 637.6 100 games avg: 637.6 steps 1000 
INFO : 2021-01-30 08:23:12,075 : episode: 81 score: 596.7 100 games avg: 596.7 steps 1000 
INFO : 2021-01-30 08:29:45,983 : episode: 82 score: 727.2 100 games avg: 727.2 steps 1000 
INFO : 2021-01-30 08:36:28,065 : episode: 83 score: 618.9 100 games avg: 618.9 steps 1000 
INFO : 2021-01-30 08:43:03,459 : episode: 84 score: 614.6 100 games avg: 614.6 steps 1000 
INFO : 2021-01-30 08:45:09,085 : episode: 85 score: 241.7 100 games avg: 241.7 steps 216 
INFO : 2021-01-30 08:51:26,591 : episode: 86 score: 1039.3 100 games avg: 1039.3 steps 1000 
INFO : 2021-01-30 08:53:45,955 : episode: 87 score: 386.1 100 games avg: 386.1 steps 294 
INFO : 2021-01-30 08:58:02,731 : episode: 88 score: 710.3 100 games avg: 710.3 steps 633 
INFO : 2021-01-30 09:00:48,919 : episode: 89 score: 402.0 100 games avg: 402.0 steps 377 
INFO : 2021-01-30 09:07:06,984 : episode: 90 score: 547.7 100 games avg: 547.7 steps 1000 
INFO : 2021-01-30 09:13:53,127 : episode: 91 score: 1011.3 100 games avg: 1011.3 steps 1000 
INFO : 2021-01-30 09:15:22,458 : episode: 92 score: 137.7 100 games avg: 137.7 steps 107 
INFO : 2021-01-30 09:21:49,480 : episode: 93 score: 756.6 100 games avg: 756.6 steps 1000 
INFO : 2021-01-30 09:28:21,442 : episode: 94 score: 560.5 100 games avg: 560.5 steps 1000 
INFO : 2021-01-30 09:30:10,192 : episode: 95 score: 206.4 100 games avg: 206.4 steps 182 
INFO : 2021-01-30 09:32:24,506 : episode: 96 score: 245.6 100 games avg: 245.6 steps 207 
INFO : 2021-01-30 09:35:33,115 : episode: 97 score: 408.9 100 games avg: 408.9 steps 375 
INFO : 2021-01-30 09:41:52,381 : episode: 98 score: 742.0 100 games avg: 742.0 steps 1000 
INFO : 2021-01-30 09:43:35,090 : episode: 99 score: 195.1 100 games avg: 195.1 steps 157 
INFO : 2021-01-30 09:46:48,218 : episode: 100 score: 556.2 100 games avg: 556.2 steps 438 
INFO : 2021-01-30 09:48:57,503 : episode: 101 score: 291.2 100 games avg: 291.2 steps 223 
INFO : 2021-01-30 09:50:24,256 : episode: 102 score: 86.6 100 games avg: 86.6 steps 86 
INFO : 2021-01-30 09:53:13,514 : episode: 103 score: 477.9 100 games avg: 477.9 steps 352 
INFO : 2021-01-30 09:59:36,916 : episode: 104 score: 1359.1 100 games avg: 1359.1 steps 1000 
INFO : 2021-01-30 10:06:06,028 : episode: 105 score: 803.1 100 games avg: 803.1 steps 1000 
INFO : 2021-01-30 10:12:37,602 : episode: 106 score: 1291.4 100 games avg: 1291.4 steps 1000 
INFO : 2021-01-30 10:19:09,683 : episode: 107 score: 830.1 100 games avg: 830.1 steps 1000 
INFO : 2021-01-30 10:25:47,354 : episode: 108 score: 1219.5 100 games avg: 1219.5 steps 1000 
INFO : 2021-01-30 10:28:18,885 : episode: 109 score: 361.7 100 games avg: 361.7 steps 284 
INFO : 2021-01-30 10:34:44,150 : episode: 110 score: 623.0 100 games avg: 623.0 steps 1000 
INFO : 2021-01-30 10:37:12,668 : episode: 111 score: 408.3 100 games avg: 408.3 steps 304 
INFO : 2021-01-30 10:43:47,763 : episode: 112 score: 741.3 100 games avg: 741.3 steps 1000 
INFO : 2021-01-30 10:50:20,770 : episode: 113 score: 886.0 100 games avg: 886.0 steps 1000 
INFO : 2021-01-30 10:56:52,328 : episode: 114 score: 715.4 100 games avg: 715.4 steps 1000 
INFO : 2021-01-30 10:58:43,966 : episode: 115 score: 232.8 100 games avg: 232.8 steps 138 
INFO : 2021-01-30 11:01:04,674 : episode: 116 score: 451.6 100 games avg: 451.6 steps 271 
INFO : 2021-01-30 11:07:26,648 : episode: 117 score: 632.7 100 games avg: 632.7 steps 1000 
INFO : 2021-01-30 11:13:52,610 : episode: 118 score: 758.4 100 games avg: 758.4 steps 1000 
INFO : 2021-01-30 11:20:20,220 : episode: 119 score: 557.3 100 games avg: 557.3 steps 1000 
INFO : 2021-01-30 11:21:37,361 : episode: 120 score: 93.0 100 games avg: 93.0 steps 76 
INFO : 2021-01-30 11:28:08,610 : episode: 121 score: 621.6 100 games avg: 621.6 steps 1000 
INFO : 2021-01-30 11:34:38,796 : episode: 122 score: 585.9 100 games avg: 585.9 steps 1000 
INFO : 2021-01-30 11:37:00,092 : episode: 123 score: 382.0 100 games avg: 382.0 steps 251 
INFO : 2021-01-30 11:38:40,787 : episode: 124 score: 180.4 100 games avg: 180.4 steps 139 
INFO : 2021-01-30 11:40:20,291 : episode: 125 score: 99.3 100 games avg: 99.3 steps 85 
INFO : 2021-01-30 11:47:14,220 : episode: 126 score: 1139.0 100 games avg: 1139.0 steps 1000 
INFO : 2021-01-30 11:54:06,547 : episode: 127 score: 670.5 100 games avg: 670.5 steps 1000 
INFO : 2021-01-30 12:00:44,984 : episode: 128 score: 1091.5 100 games avg: 1091.5 steps 1000 
INFO : 2021-01-30 12:07:06,448 : episode: 129 score: 1375.1 100 games avg: 1375.1 steps 974 
INFO : 2021-01-30 12:13:33,225 : episode: 130 score: 543.6 100 games avg: 543.6 steps 1000 
INFO : 2021-01-30 12:20:19,593 : episode: 131 score: 1300.8 100 games avg: 1300.8 steps 1000 
INFO : 2021-01-30 12:26:22,906 : episode: 132 score: 1434.5 100 games avg: 1434.5 steps 901 
INFO : 2021-01-30 12:32:57,559 : episode: 133 score: 650.1 100 games avg: 650.1 steps 1000 
INFO : 2021-01-30 12:36:25,450 : episode: 134 score: 743.8 100 games avg: 743.8 steps 439 
INFO : 2021-01-30 12:40:32,121 : episode: 135 score: 774.5 100 games avg: 774.5 steps 493 
INFO : 2021-01-30 12:47:15,809 : episode: 136 score: 1011.0 100 games avg: 1011.0 steps 1000 
INFO : 2021-01-30 12:53:59,810 : episode: 137 score: 617.7 100 games avg: 617.7 steps 1000 
INFO : 2021-01-30 12:57:07,002 : episode: 138 score: 633.6 100 games avg: 633.6 steps 340 
INFO : 2021-01-30 12:59:26,840 : episode: 139 score: 388.0 100 games avg: 388.0 steps 219 
INFO : 2021-01-30 13:06:10,071 : episode: 140 score: 691.4 100 games avg: 691.4 steps 1000 
INFO : 2021-01-30 13:12:56,242 : episode: 141 score: 1761.0 100 games avg: 1761.0 steps 1000 
INFO : 2021-01-30 13:15:14,268 : episode: 142 score: 260.3 100 games avg: 260.3 steps 174 
INFO : 2021-01-30 13:20:42,320 : episode: 143 score: 1391.9 100 games avg: 1391.9 steps 779 
INFO : 2021-01-30 13:27:23,183 : episode: 144 score: 1001.3 100 games avg: 1001.3 steps 1000 
