INFO : 2021-01-16 03:04:30,261 : method: Model Predictive Contorol
INFO : 2021-01-16 03:04:30,262 : parameter n_steps: 100 ensemble_size: 5 env: HalfCheetah-v2
INFO : 2021-01-16 03:04:33,216 : mpc horizon: 10 mpc_samples: 100 elite_sample: 10 grad_steps: 10
INFO : 2021-01-16 03:04:33,216 : mpc_function policy-kl
INFO : 2021-01-16 03:04:33,216 : policy-kl
INFO : 2021-01-16 03:33:16,439 : episode: 0 score: -237.4 100 games avg: -237.4 steps 1000 
INFO : 2021-01-16 04:02:02,798 : episode: 1 score: -128.7 100 games avg: -128.7 steps 1000 
INFO : 2021-01-16 04:30:50,195 : episode: 2 score: -205.4 100 games avg: -205.4 steps 1000 
INFO : 2021-01-16 04:59:37,153 : episode: 3 score: -209.7 100 games avg: -209.7 steps 1000 
INFO : 2021-01-16 05:28:23,582 : episode: 4 score: -212.0 100 games avg: -212.0 steps 1000 
INFO : 2021-01-16 05:57:10,401 : episode: 5 score: -231.1 100 games avg: -231.1 steps 1000 
INFO : 2021-01-16 06:25:59,903 : episode: 6 score: -190.2 100 games avg: -190.2 steps 1000 
INFO : 2021-01-16 06:54:48,176 : episode: 7 score: -129.5 100 games avg: -129.5 steps 1000 
INFO : 2021-01-16 07:23:36,614 : episode: 8 score: -42.7 100 games avg: -42.7 steps 1000 
INFO : 2021-01-16 07:52:27,159 : episode: 9 score: -95.7 100 games avg: -95.7 steps 1000 
INFO : 2021-01-16 08:21:11,680 : episode: 10 score: 70.8 100 games avg: 70.8 steps 1000 
INFO : 2021-01-16 08:49:49,392 : episode: 11 score: 123.9 100 games avg: 123.9 steps 1000 
INFO : 2021-01-16 09:18:29,427 : episode: 12 score: 89.5 100 games avg: 89.5 steps 1000 
INFO : 2021-01-16 09:47:09,741 : episode: 13 score: -66.2 100 games avg: -66.2 steps 1000 
INFO : 2021-01-16 10:15:50,467 : episode: 14 score: 24.8 100 games avg: 24.8 steps 1000 
INFO : 2021-01-16 10:44:31,945 : episode: 15 score: -23.0 100 games avg: -23.0 steps 1000 
INFO : 2021-01-16 11:13:13,744 : episode: 16 score: 563.4 100 games avg: 563.4 steps 1000 
INFO : 2021-01-16 11:41:53,065 : episode: 17 score: 573.9 100 games avg: 573.9 steps 1000 
INFO : 2021-01-16 12:10:27,462 : episode: 18 score: 840.7 100 games avg: 840.7 steps 1000 
INFO : 2021-01-16 12:39:03,147 : episode: 19 score: 1169.5 100 games avg: 1169.5 steps 1000 
INFO : 2021-01-16 13:07:37,327 : episode: 20 score: 1092.3 100 games avg: 1092.3 steps 1000 
INFO : 2021-01-16 13:36:11,123 : episode: 21 score: 1393.2 100 games avg: 1393.2 steps 1000 
INFO : 2021-01-16 14:04:47,546 : episode: 22 score: 1479.6 100 games avg: 1479.6 steps 1000 
INFO : 2021-01-16 14:33:19,914 : episode: 23 score: 1446.3 100 games avg: 1446.3 steps 1000 
INFO : 2021-01-16 15:01:50,787 : episode: 24 score: 1549.3 100 games avg: 1549.3 steps 1000 
INFO : 2021-01-16 15:30:19,485 : episode: 25 score: 1572.0 100 games avg: 1572.0 steps 1000 
INFO : 2021-01-16 15:58:47,189 : episode: 26 score: 1757.6 100 games avg: 1757.6 steps 1000 
INFO : 2021-01-16 16:26:55,173 : episode: 27 score: 1641.5 100 games avg: 1641.5 steps 1000 
INFO : 2021-01-16 16:55:04,460 : episode: 28 score: 419.1 100 games avg: 419.1 steps 1000 
INFO : 2021-01-16 17:23:14,245 : episode: 29 score: 1987.8 100 games avg: 1987.8 steps 1000 
INFO : 2021-01-16 17:51:23,730 : episode: 30 score: 1947.9 100 games avg: 1947.9 steps 1000 
INFO : 2021-01-16 18:19:33,383 : episode: 31 score: 2173.5 100 games avg: 2173.5 steps 1000 
INFO : 2021-01-16 18:47:42,058 : episode: 32 score: 2060.9 100 games avg: 2060.9 steps 1000 
INFO : 2021-01-16 19:15:54,775 : episode: 33 score: 2220.8 100 games avg: 2220.8 steps 1000 
INFO : 2021-01-16 19:44:29,709 : episode: 34 score: 2219.4 100 games avg: 2219.4 steps 1000 
INFO : 2021-01-16 20:13:10,574 : episode: 35 score: 2204.0 100 games avg: 2204.0 steps 1000 
INFO : 2021-01-16 20:41:54,004 : episode: 36 score: 2287.0 100 games avg: 2287.0 steps 1000 
INFO : 2021-01-16 21:10:36,395 : episode: 37 score: 2474.7 100 games avg: 2474.7 steps 1000 
INFO : 2021-01-16 21:39:19,501 : episode: 38 score: 2270.1 100 games avg: 2270.1 steps 1000 
INFO : 2021-01-16 22:08:04,167 : episode: 39 score: 2378.5 100 games avg: 2378.5 steps 1000 
INFO : 2021-01-16 22:36:47,973 : episode: 40 score: 2689.9 100 games avg: 2689.9 steps 1000 
INFO : 2021-01-16 23:05:32,745 : episode: 41 score: 2507.1 100 games avg: 2507.1 steps 1000 
INFO : 2021-01-16 23:34:18,854 : episode: 42 score: 2541.2 100 games avg: 2541.2 steps 1000 
INFO : 2021-01-17 00:03:05,608 : episode: 43 score: 2405.1 100 games avg: 2405.1 steps 1000 
INFO : 2021-01-17 00:31:49,958 : episode: 44 score: 2529.4 100 games avg: 2529.4 steps 1000 
INFO : 2021-01-17 01:00:36,857 : episode: 45 score: 2548.2 100 games avg: 2548.2 steps 1000 
INFO : 2021-01-17 01:29:24,029 : episode: 46 score: 2760.9 100 games avg: 2760.9 steps 1000 
INFO : 2021-01-17 01:58:11,081 : episode: 47 score: 2579.1 100 games avg: 2579.1 steps 1000 
INFO : 2021-01-17 02:26:57,159 : episode: 48 score: 2565.9 100 games avg: 2565.9 steps 1000 
INFO : 2021-01-17 02:55:46,674 : episode: 49 score: 2680.2 100 games avg: 2680.2 steps 1000 
INFO : 2021-01-17 03:24:32,535 : episode: 50 score: 2886.9 100 games avg: 2886.9 steps 1000 
INFO : 2021-01-17 03:53:19,002 : episode: 51 score: 2493.1 100 games avg: 2493.1 steps 1000 
INFO : 2021-01-17 04:22:10,201 : episode: 52 score: 2726.0 100 games avg: 2726.0 steps 1000 
INFO : 2021-01-17 04:50:58,732 : episode: 53 score: 2779.9 100 games avg: 2779.9 steps 1000 
INFO : 2021-01-17 05:19:48,914 : episode: 54 score: 2845.8 100 games avg: 2845.8 steps 1000 
INFO : 2021-01-17 05:48:37,021 : episode: 55 score: 2304.4 100 games avg: 2304.4 steps 1000 
INFO : 2021-01-17 06:17:26,944 : episode: 56 score: 2963.6 100 games avg: 2963.6 steps 1000 
INFO : 2021-01-17 06:46:17,187 : episode: 57 score: 2577.1 100 games avg: 2577.1 steps 1000 
INFO : 2021-01-17 07:15:08,922 : episode: 58 score: 1448.6 100 games avg: 1448.6 steps 1000 
INFO : 2021-01-17 07:43:59,924 : episode: 59 score: 3039.2 100 games avg: 3039.2 steps 1000 
INFO : 2021-01-17 08:12:52,513 : episode: 60 score: 2703.8 100 games avg: 2703.8 steps 1000 
INFO : 2021-01-17 08:41:42,450 : episode: 61 score: 2969.9 100 games avg: 2969.9 steps 1000 
INFO : 2021-01-17 09:10:35,105 : episode: 62 score: 278.1 100 games avg: 278.1 steps 1000 
INFO : 2021-01-17 09:39:27,556 : episode: 63 score: 3034.8 100 games avg: 3034.8 steps 1000 
INFO : 2021-01-17 10:08:22,524 : episode: 64 score: 3044.3 100 games avg: 3044.3 steps 1000 
INFO : 2021-01-17 10:37:16,846 : episode: 65 score: 3324.0 100 games avg: 3324.0 steps 1000 
INFO : 2021-01-17 11:06:11,246 : episode: 66 score: 3064.3 100 games avg: 3064.3 steps 1000 
INFO : 2021-01-17 11:35:05,265 : episode: 67 score: 3159.8 100 games avg: 3159.8 steps 1000 
INFO : 2021-01-17 12:04:01,233 : episode: 68 score: 3173.2 100 games avg: 3173.2 steps 1000 
INFO : 2021-01-17 12:32:58,504 : episode: 69 score: 3037.5 100 games avg: 3037.5 steps 1000 
INFO : 2021-01-17 13:01:53,348 : episode: 70 score: 3251.9 100 games avg: 3251.9 steps 1000 
INFO : 2021-01-17 13:30:48,502 : episode: 71 score: 3341.3 100 games avg: 3341.3 steps 1000 
INFO : 2021-01-17 13:59:46,897 : episode: 72 score: 3047.5 100 games avg: 3047.5 steps 1000 
INFO : 2021-01-17 14:28:59,156 : episode: 73 score: 3294.7 100 games avg: 3294.7 steps 1000 
INFO : 2021-01-17 14:58:12,921 : episode: 74 score: 3004.2 100 games avg: 3004.2 steps 1000 
INFO : 2021-01-17 15:27:26,680 : episode: 75 score: 2940.0 100 games avg: 2940.0 steps 1000 
INFO : 2021-01-17 15:56:42,092 : episode: 76 score: 3244.0 100 games avg: 3244.0 steps 1000 
INFO : 2021-01-17 16:25:56,293 : episode: 77 score: 2849.4 100 games avg: 2849.4 steps 1000 
INFO : 2021-01-17 16:55:10,556 : episode: 78 score: 3135.3 100 games avg: 3135.3 steps 1000 
INFO : 2021-01-17 17:24:25,710 : episode: 79 score: 3195.3 100 games avg: 3195.3 steps 1000 
INFO : 2021-01-17 17:53:41,936 : episode: 80 score: 3331.5 100 games avg: 3331.5 steps 1000 
INFO : 2021-01-17 18:22:58,030 : episode: 81 score: 3462.1 100 games avg: 3462.1 steps 1000 
INFO : 2021-01-17 18:52:15,154 : episode: 82 score: 3239.8 100 games avg: 3239.8 steps 1000 
INFO : 2021-01-17 19:21:32,045 : episode: 83 score: 3071.6 100 games avg: 3071.6 steps 1000 
INFO : 2021-01-17 19:50:48,966 : episode: 84 score: 3241.9 100 games avg: 3241.9 steps 1000 
INFO : 2021-01-17 20:20:07,444 : episode: 85 score: 2958.9 100 games avg: 2958.9 steps 1000 
INFO : 2021-01-17 20:49:25,020 : episode: 86 score: 3026.8 100 games avg: 3026.8 steps 1000 
