INFO : 2021-01-31 15:02:32,070 : method: Model Predictive Contorol
INFO : 2021-01-31 15:02:32,070 : parameter n_steps: 100 ensemble_size: 5 env: Continuous_CartPole
INFO : 2021-01-31 15:02:35,274 : mpc horizon: 5 mpc_samples: 100 elite_sample: 30 grad_steps: 10
INFO : 2021-01-31 15:02:35,275 : mpc_function policy
INFO : 2021-01-31 15:02:35,275 : policy
INFO : 2021-01-31 15:02:37,658 : episode: 0 score: 22.0 100 games avg: 22.0 steps 23 
INFO : 2021-01-31 15:02:39,644 : episode: 1 score: 18.0 100 games avg: 18.0 steps 19 
INFO : 2021-01-31 15:02:41,645 : episode: 2 score: 19.0 100 games avg: 19.0 steps 20 
INFO : 2021-01-31 15:02:43,430 : episode: 3 score: 19.0 100 games avg: 19.0 steps 20 
INFO : 2021-01-31 15:02:46,847 : episode: 4 score: 30.0 100 games avg: 30.0 steps 31 
INFO : 2021-01-31 15:02:49,019 : episode: 5 score: 17.0 100 games avg: 17.0 steps 18 
INFO : 2021-01-31 15:02:51,057 : episode: 6 score: 20.0 100 games avg: 20.0 steps 21 
INFO : 2021-01-31 15:02:53,212 : episode: 7 score: 20.0 100 games avg: 20.0 steps 21 
INFO : 2021-01-31 15:02:56,060 : episode: 8 score: 26.0 100 games avg: 26.0 steps 27 
INFO : 2021-01-31 15:02:58,061 : episode: 9 score: 20.0 100 games avg: 20.0 steps 21 
INFO : 2021-01-31 15:03:00,315 : episode: 10 score: 22.0 100 games avg: 22.0 steps 23 
INFO : 2021-01-31 15:03:02,160 : episode: 11 score: 18.0 100 games avg: 18.0 steps 19 
INFO : 2021-01-31 15:03:03,137 : episode: 12 score: 9.0 100 games avg: 9.0 steps 10 
INFO : 2021-01-31 15:03:04,790 : episode: 13 score: 13.0 100 games avg: 13.0 steps 14 
INFO : 2021-01-31 15:03:05,712 : episode: 14 score: 7.0 100 games avg: 7.0 steps 8 
INFO : 2021-01-31 15:03:06,622 : episode: 15 score: 8.0 100 games avg: 8.0 steps 9 
INFO : 2021-01-31 15:03:08,600 : episode: 16 score: 11.0 100 games avg: 11.0 steps 12 
INFO : 2021-01-31 15:03:09,980 : episode: 17 score: 7.0 100 games avg: 7.0 steps 8 
INFO : 2021-01-31 15:03:11,551 : episode: 18 score: 9.0 100 games avg: 9.0 steps 10 
INFO : 2021-01-31 15:03:13,544 : episode: 19 score: 8.0 100 games avg: 8.0 steps 9 
INFO : 2021-01-31 15:03:15,659 : episode: 20 score: 9.0 100 games avg: 9.0 steps 10 
INFO : 2021-01-31 15:03:16,621 : episode: 21 score: 5.0 100 games avg: 5.0 steps 6 
INFO : 2021-01-31 15:03:18,197 : episode: 22 score: 8.0 100 games avg: 8.0 steps 9 
INFO : 2021-01-31 15:03:20,000 : episode: 23 score: 9.0 100 games avg: 9.0 steps 10 
INFO : 2021-01-31 15:03:20,936 : episode: 24 score: 5.0 100 games avg: 5.0 steps 6 
INFO : 2021-01-31 15:03:22,260 : episode: 25 score: 6.0 100 games avg: 6.0 steps 7 
INFO : 2021-01-31 15:03:23,613 : episode: 26 score: 7.0 100 games avg: 7.0 steps 8 
INFO : 2021-01-31 15:03:25,450 : episode: 27 score: 8.0 100 games avg: 8.0 steps 9 
INFO : 2021-01-31 15:03:26,903 : episode: 28 score: 6.0 100 games avg: 6.0 steps 7 
INFO : 2021-01-31 15:03:28,464 : episode: 29 score: 6.0 100 games avg: 6.0 steps 7 
INFO : 2021-01-31 15:03:30,252 : episode: 30 score: 8.0 100 games avg: 8.0 steps 9 
INFO : 2021-01-31 15:03:31,811 : episode: 31 score: 6.0 100 games avg: 6.0 steps 7 
INFO : 2021-01-31 15:03:33,050 : episode: 32 score: 6.0 100 games avg: 6.0 steps 7 
INFO : 2021-01-31 15:03:33,956 : episode: 33 score: 6.0 100 games avg: 6.0 steps 7 
INFO : 2021-01-31 15:03:35,545 : episode: 34 score: 8.0 100 games avg: 8.0 steps 9 
INFO : 2021-01-31 15:03:38,193 : episode: 35 score: 14.0 100 games avg: 14.0 steps 15 
INFO : 2021-01-31 15:03:40,124 : episode: 36 score: 9.0 100 games avg: 9.0 steps 10 
INFO : 2021-01-31 15:03:42,019 : episode: 37 score: 9.0 100 games avg: 9.0 steps 10 
INFO : 2021-01-31 15:03:44,467 : episode: 38 score: 14.0 100 games avg: 14.0 steps 15 
INFO : 2021-01-31 15:03:46,067 : episode: 39 score: 8.0 100 games avg: 8.0 steps 9 
INFO : 2021-01-31 15:03:47,598 : episode: 40 score: 6.0 100 games avg: 6.0 steps 7 
INFO : 2021-01-31 15:03:49,117 : episode: 41 score: 6.0 100 games avg: 6.0 steps 7 
INFO : 2021-01-31 15:03:51,205 : episode: 42 score: 10.0 100 games avg: 10.0 steps 11 
INFO : 2021-01-31 15:03:53,090 : episode: 43 score: 8.0 100 games avg: 8.0 steps 9 
INFO : 2021-01-31 15:03:55,031 : episode: 44 score: 8.0 100 games avg: 8.0 steps 9 
INFO : 2021-01-31 15:03:56,444 : episode: 45 score: 8.0 100 games avg: 8.0 steps 9 
INFO : 2021-01-31 15:04:01,073 : episode: 46 score: 22.0 100 games avg: 22.0 steps 23 
INFO : 2021-01-31 15:04:03,265 : episode: 47 score: 10.0 100 games avg: 10.0 steps 11 
INFO : 2021-01-31 15:04:04,729 : episode: 48 score: 6.0 100 games avg: 6.0 steps 7 
INFO : 2021-01-31 15:04:06,705 : episode: 49 score: 10.0 100 games avg: 10.0 steps 11 
INFO : 2021-01-31 15:04:10,414 : episode: 50 score: 19.0 100 games avg: 19.0 steps 20 
INFO : 2021-01-31 15:04:16,149 : episode: 51 score: 31.0 100 games avg: 31.0 steps 32 
INFO : 2021-01-31 15:04:19,382 : episode: 52 score: 14.0 100 games avg: 14.0 steps 15 
INFO : 2021-01-31 15:04:22,647 : episode: 53 score: 17.0 100 games avg: 17.0 steps 18 
INFO : 2021-01-31 15:04:29,917 : episode: 54 score: 38.0 100 games avg: 38.0 steps 39 
INFO : 2021-01-31 15:04:31,658 : episode: 55 score: 7.0 100 games avg: 7.0 steps 8 
INFO : 2021-01-31 15:04:35,727 : episode: 56 score: 22.0 100 games avg: 22.0 steps 23 
INFO : 2021-01-31 15:04:44,663 : episode: 57 score: 55.0 100 games avg: 55.0 steps 56 
INFO : 2021-01-31 15:04:58,451 : episode: 58 score: 85.0 100 games avg: 85.0 steps 86 
INFO : 2021-01-31 15:05:04,910 : episode: 59 score: 43.0 100 games avg: 43.0 steps 44 
INFO : 2021-01-31 15:05:16,004 : episode: 60 score: 71.0 100 games avg: 71.0 steps 72 
INFO : 2021-01-31 15:05:21,802 : episode: 61 score: 36.0 100 games avg: 36.0 steps 37 
INFO : 2021-01-31 15:05:29,811 : episode: 62 score: 53.0 100 games avg: 53.0 steps 54 
INFO : 2021-01-31 15:05:38,636 : episode: 63 score: 61.0 100 games avg: 61.0 steps 62 
INFO : 2021-01-31 15:05:52,259 : episode: 64 score: 95.0 100 games avg: 95.0 steps 96 
INFO : 2021-01-31 15:05:58,866 : episode: 65 score: 44.0 100 games avg: 44.0 steps 45 
INFO : 2021-01-31 15:06:13,406 : episode: 66 score: 95.0 100 games avg: 95.0 steps 96 
INFO : 2021-01-31 15:06:20,797 : episode: 67 score: 49.0 100 games avg: 49.0 steps 50 
INFO : 2021-01-31 15:06:33,583 : episode: 68 score: 118.0 100 games avg: 118.0 steps 119 
INFO : 2021-01-31 15:06:42,753 : episode: 69 score: 80.0 100 games avg: 80.0 steps 81 
INFO : 2021-01-31 15:06:57,354 : episode: 70 score: 131.0 100 games avg: 131.0 steps 132 
INFO : 2021-01-31 15:07:11,537 : episode: 71 score: 128.0 100 games avg: 128.0 steps 129 
INFO : 2021-01-31 15:07:28,801 : episode: 72 score: 154.0 100 games avg: 154.0 steps 155 
INFO : 2021-01-31 15:07:45,794 : episode: 73 score: 153.0 100 games avg: 153.0 steps 154 
INFO : 2021-01-31 15:08:01,522 : episode: 74 score: 139.0 100 games avg: 139.0 steps 140 
INFO : 2021-01-31 15:08:23,096 : episode: 75 score: 200.0 100 games avg: 200.0 steps 201 
INFO : 2021-01-31 15:08:45,022 : episode: 76 score: 200.0 100 games avg: 200.0 steps 201 
INFO : 2021-01-31 15:09:02,681 : episode: 77 score: 146.0 100 games avg: 146.0 steps 147 
INFO : 2021-01-31 15:09:24,223 : episode: 78 score: 137.0 100 games avg: 137.0 steps 138 
INFO : 2021-01-31 15:09:48,301 : episode: 79 score: 146.0 100 games avg: 146.0 steps 147 
INFO : 2021-01-31 15:10:15,942 : episode: 80 score: 179.0 100 games avg: 179.0 steps 180 
INFO : 2021-01-31 15:10:44,430 : episode: 81 score: 181.0 100 games avg: 181.0 steps 182 
INFO : 2021-01-31 15:11:11,672 : episode: 82 score: 171.0 100 games avg: 171.0 steps 172 
INFO : 2021-01-31 15:11:40,564 : episode: 83 score: 182.0 100 games avg: 182.0 steps 183 
INFO : 2021-01-31 15:12:07,094 : episode: 84 score: 167.0 100 games avg: 167.0 steps 168 
INFO : 2021-01-31 15:12:32,766 : episode: 85 score: 194.0 100 games avg: 194.0 steps 195 
INFO : 2021-01-31 15:12:52,122 : episode: 86 score: 171.0 100 games avg: 171.0 steps 172 
INFO : 2021-01-31 15:13:15,374 : episode: 87 score: 183.0 100 games avg: 183.0 steps 184 
INFO : 2021-01-31 15:13:42,850 : episode: 88 score: 165.0 100 games avg: 165.0 steps 166 
INFO : 2021-01-31 15:14:06,684 : episode: 89 score: 158.0 100 games avg: 158.0 steps 159 
INFO : 2021-01-31 15:14:31,559 : episode: 90 score: 154.0 100 games avg: 154.0 steps 155 
INFO : 2021-01-31 15:14:56,742 : episode: 91 score: 150.0 100 games avg: 150.0 steps 151 
INFO : 2021-01-31 15:15:19,791 : episode: 92 score: 165.0 100 games avg: 165.0 steps 166 
INFO : 2021-01-31 15:15:43,112 : episode: 93 score: 160.0 100 games avg: 160.0 steps 161 
INFO : 2021-01-31 15:16:05,595 : episode: 94 score: 140.0 100 games avg: 140.0 steps 141 
INFO : 2021-01-31 15:16:29,225 : episode: 95 score: 184.0 100 games avg: 184.0 steps 185 
INFO : 2021-01-31 15:16:52,104 : episode: 96 score: 198.0 100 games avg: 198.0 steps 199 
INFO : 2021-01-31 15:17:10,419 : episode: 97 score: 160.0 100 games avg: 160.0 steps 161 
INFO : 2021-01-31 15:17:30,510 : episode: 98 score: 167.0 100 games avg: 167.0 steps 168 
INFO : 2021-01-31 15:17:55,167 : episode: 99 score: 200.0 100 games avg: 200.0 steps 201 
