INFO : 2021-01-31 00:30:05,479 : method: Model Predictive Contorol
INFO : 2021-01-31 00:30:05,479 : parameter n_steps: 100 ensemble_size: 5 env: Continuous_CartPole
INFO : 2021-01-31 00:30:08,480 : mpc horizon: 30 mpc_samples: 100 elite_sample: 30 grad_steps: 10
INFO : 2021-01-31 00:30:08,480 : mpc_function policy-kl3
INFO : 2021-01-31 00:30:08,480 : policy-kl3
INFO : 2021-01-31 00:30:19,102 : episode: 0 score: 14.0 100 games avg: 14.0 steps 15 
INFO : 2021-01-31 00:30:44,328 : episode: 1 score: 35.0 100 games avg: 35.0 steps 36 
INFO : 2021-01-31 00:31:01,853 : episode: 2 score: 24.0 100 games avg: 24.0 steps 25 
INFO : 2021-01-31 00:31:13,789 : episode: 3 score: 16.0 100 games avg: 16.0 steps 17 
INFO : 2021-01-31 00:31:23,630 : episode: 4 score: 13.0 100 games avg: 13.0 steps 14 
INFO : 2021-01-31 00:31:33,480 : episode: 5 score: 13.0 100 games avg: 13.0 steps 14 
INFO : 2021-01-31 00:31:47,438 : episode: 6 score: 19.0 100 games avg: 19.0 steps 20 
INFO : 2021-01-31 00:31:56,593 : episode: 7 score: 12.0 100 games avg: 12.0 steps 13 
INFO : 2021-01-31 00:32:09,193 : episode: 8 score: 17.0 100 games avg: 17.0 steps 18 
INFO : 2021-01-31 00:32:31,529 : episode: 9 score: 31.0 100 games avg: 31.0 steps 32 
INFO : 2021-01-31 00:32:42,752 : episode: 10 score: 15.0 100 games avg: 15.0 steps 16 
INFO : 2021-01-31 00:33:08,104 : episode: 11 score: 35.0 100 games avg: 35.0 steps 36 
INFO : 2021-01-31 00:33:21,319 : episode: 12 score: 17.0 100 games avg: 17.0 steps 18 
INFO : 2021-01-31 00:33:29,330 : episode: 13 score: 10.0 100 games avg: 10.0 steps 11 
INFO : 2021-01-31 00:34:14,062 : episode: 14 score: 61.0 100 games avg: 61.0 steps 62 
INFO : 2021-01-31 00:34:27,117 : episode: 15 score: 17.0 100 games avg: 17.0 steps 18 
INFO : 2021-01-31 00:34:44,540 : episode: 16 score: 23.0 100 games avg: 23.0 steps 24 
INFO : 2021-01-31 00:35:18,519 : episode: 17 score: 46.0 100 games avg: 46.0 steps 47 
INFO : 2021-01-31 00:36:22,823 : episode: 18 score: 88.0 100 games avg: 88.0 steps 89 
INFO : 2021-01-31 00:36:43,931 : episode: 19 score: 28.0 100 games avg: 28.0 steps 29 
INFO : 2021-01-31 00:37:14,412 : episode: 20 score: 41.0 100 games avg: 41.0 steps 42 
INFO : 2021-01-31 00:37:44,117 : episode: 21 score: 40.0 100 games avg: 40.0 steps 41 
INFO : 2021-01-31 00:38:16,708 : episode: 22 score: 44.0 100 games avg: 44.0 steps 45 
INFO : 2021-01-31 00:38:50,023 : episode: 23 score: 45.0 100 games avg: 45.0 steps 46 
INFO : 2021-01-31 00:39:21,874 : episode: 24 score: 43.0 100 games avg: 43.0 steps 44 
INFO : 2021-01-31 00:40:48,500 : episode: 25 score: 119.0 100 games avg: 119.0 steps 120 
INFO : 2021-01-31 00:42:31,602 : episode: 26 score: 142.0 100 games avg: 142.0 steps 143 
INFO : 2021-01-31 00:44:54,626 : episode: 27 score: 197.0 100 games avg: 197.0 steps 198 
INFO : 2021-01-31 00:47:19,815 : episode: 28 score: 200.0 100 games avg: 200.0 steps 201 
INFO : 2021-01-31 00:49:28,583 : episode: 29 score: 177.0 100 games avg: 177.0 steps 178 
INFO : 2021-01-31 00:51:45,453 : episode: 30 score: 188.0 100 games avg: 188.0 steps 189 
INFO : 2021-01-31 00:53:49,892 : episode: 31 score: 171.0 100 games avg: 171.0 steps 172 
INFO : 2021-01-31 00:56:10,899 : episode: 32 score: 194.0 100 games avg: 194.0 steps 195 
INFO : 2021-01-31 00:58:13,096 : episode: 33 score: 168.0 100 games avg: 168.0 steps 169 
INFO : 2021-01-31 01:00:06,552 : episode: 34 score: 156.0 100 games avg: 156.0 steps 157 
INFO : 2021-01-31 01:02:18,478 : episode: 35 score: 181.0 100 games avg: 181.0 steps 182 
INFO : 2021-01-31 01:04:44,005 : episode: 36 score: 200.0 100 games avg: 200.0 steps 201 
INFO : 2021-01-31 01:06:51,191 : episode: 37 score: 174.0 100 games avg: 174.0 steps 175 
INFO : 2021-01-31 01:08:51,225 : episode: 38 score: 164.0 100 games avg: 164.0 steps 165 
INFO : 2021-01-31 01:10:39,604 : episode: 39 score: 148.0 100 games avg: 148.0 steps 149 
INFO : 2021-01-31 01:12:55,190 : episode: 40 score: 186.0 100 games avg: 186.0 steps 187 
INFO : 2021-01-31 01:14:58,099 : episode: 41 score: 168.0 100 games avg: 168.0 steps 169 
INFO : 2021-01-31 01:17:18,400 : episode: 42 score: 192.0 100 games avg: 192.0 steps 193 
INFO : 2021-01-31 01:19:31,020 : episode: 43 score: 181.0 100 games avg: 181.0 steps 182 
INFO : 2021-01-31 01:21:57,371 : episode: 44 score: 200.0 100 games avg: 200.0 steps 201 
INFO : 2021-01-31 01:24:02,637 : episode: 45 score: 171.0 100 games avg: 171.0 steps 172 
INFO : 2021-01-31 01:26:11,968 : episode: 46 score: 177.0 100 games avg: 177.0 steps 178 
INFO : 2021-01-31 01:28:38,071 : episode: 47 score: 200.0 100 games avg: 200.0 steps 201 
INFO : 2021-01-31 01:31:04,428 : episode: 48 score: 200.0 100 games avg: 200.0 steps 201 
INFO : 2021-01-31 01:33:31,046 : episode: 49 score: 200.0 100 games avg: 200.0 steps 201 
INFO : 2021-01-31 01:35:38,884 : episode: 50 score: 174.0 100 games avg: 174.0 steps 175 
INFO : 2021-01-31 01:37:39,616 : episode: 51 score: 164.0 100 games avg: 164.0 steps 165 
INFO : 2021-01-31 01:39:54,740 : episode: 52 score: 184.0 100 games avg: 184.0 steps 185 
INFO : 2021-01-31 01:41:55,627 : episode: 53 score: 164.0 100 games avg: 164.0 steps 165 
INFO : 2021-01-31 01:44:07,303 : episode: 54 score: 179.0 100 games avg: 179.0 steps 180 
INFO : 2021-01-31 01:46:03,060 : episode: 55 score: 157.0 100 games avg: 157.0 steps 158 
INFO : 2021-01-31 01:48:05,058 : episode: 56 score: 166.0 100 games avg: 166.0 steps 167 
INFO : 2021-01-31 01:50:31,486 : episode: 57 score: 200.0 100 games avg: 200.0 steps 201 
INFO : 2021-01-31 01:52:58,417 : episode: 58 score: 200.0 100 games avg: 200.0 steps 201 
INFO : 2021-01-31 01:54:58,654 : episode: 59 score: 163.0 100 games avg: 163.0 steps 164 
INFO : 2021-01-31 01:57:05,143 : episode: 60 score: 172.0 100 games avg: 172.0 steps 173 
INFO : 2021-01-31 01:59:04,576 : episode: 61 score: 162.0 100 games avg: 162.0 steps 163 
INFO : 2021-01-31 02:01:28,517 : episode: 62 score: 196.0 100 games avg: 196.0 steps 197 
INFO : 2021-01-31 02:03:34,013 : episode: 63 score: 170.0 100 games avg: 170.0 steps 171 
INFO : 2021-01-31 02:05:45,791 : episode: 64 score: 179.0 100 games avg: 179.0 steps 180 
INFO : 2021-01-31 02:07:52,773 : episode: 65 score: 172.0 100 games avg: 172.0 steps 173 
INFO : 2021-01-31 02:09:47,984 : episode: 66 score: 155.0 100 games avg: 155.0 steps 156 
INFO : 2021-01-31 02:13:44,057 : episode: 67 score: 172.0 100 games avg: 172.0 steps 173 
INFO : 2021-01-31 02:23:57,180 : episode: 68 score: 200.0 100 games avg: 200.0 steps 201 
INFO : 2021-01-31 02:34:10,459 : episode: 69 score: 200.0 100 games avg: 200.0 steps 201 
INFO : 2021-01-31 02:42:46,398 : episode: 70 score: 168.0 100 games avg: 168.0 steps 169 
INFO : 2021-01-31 02:51:04,396 : episode: 71 score: 162.0 100 games avg: 162.0 steps 163 
INFO : 2021-01-31 03:01:02,794 : episode: 72 score: 195.0 100 games avg: 195.0 steps 196 
INFO : 2021-01-31 03:09:55,236 : episode: 73 score: 173.0 100 games avg: 173.0 steps 174 
INFO : 2021-01-31 03:19:15,121 : episode: 74 score: 182.0 100 games avg: 182.0 steps 183 
INFO : 2021-01-31 03:25:54,249 : episode: 75 score: 162.0 100 games avg: 162.0 steps 163 
