INFO : 2021-01-29 22:48:07,627 : method: Model Predictive Contorol
INFO : 2021-01-29 22:48:07,628 : parameter n_steps: 200 ensemble_size: 5 env: Hopper-v2
INFO : 2021-01-29 22:48:10,418 : mpc horizon: 5 mpc_samples: 100 elite_sample: 30 grad_steps: 10
INFO : 2021-01-29 22:48:10,419 : mpc_function policy-kl3
INFO : 2021-01-29 22:48:10,419 : policy-kl3
INFO : 2021-01-29 22:48:15,680 : episode: 0 score: 15.4 100 games avg: 15.4 steps 27 
INFO : 2021-01-29 22:48:20,753 : episode: 1 score: 15.2 100 games avg: 15.2 steps 26 
INFO : 2021-01-29 22:48:26,239 : episode: 2 score: 15.6 100 games avg: 15.6 steps 28 
INFO : 2021-01-29 22:48:31,568 : episode: 3 score: 15.4 100 games avg: 15.4 steps 27 
INFO : 2021-01-29 22:48:36,877 : episode: 4 score: 15.5 100 games avg: 15.5 steps 27 
INFO : 2021-01-29 22:48:41,938 : episode: 5 score: 15.4 100 games avg: 15.4 steps 26 
INFO : 2021-01-29 22:48:47,214 : episode: 6 score: 15.3 100 games avg: 15.3 steps 27 
INFO : 2021-01-29 22:48:52,516 : episode: 7 score: 15.7 100 games avg: 15.7 steps 27 
INFO : 2021-01-29 22:48:57,633 : episode: 8 score: 15.2 100 games avg: 15.2 steps 26 
INFO : 2021-01-29 22:49:02,803 : episode: 9 score: 15.1 100 games avg: 15.1 steps 25 
INFO : 2021-01-29 22:49:15,087 : episode: 10 score: 63.2 100 games avg: 63.2 steps 57 
INFO : 2021-01-29 22:49:19,262 : episode: 11 score: 21.5 100 games avg: 21.5 steps 19 
INFO : 2021-01-29 22:49:25,065 : episode: 12 score: 40.5 100 games avg: 40.5 steps 27 
INFO : 2021-01-29 22:49:35,657 : episode: 13 score: 83.9 100 games avg: 83.9 steps 50 
INFO : 2021-01-29 22:49:44,189 : episode: 14 score: 64.4 100 games avg: 64.4 steps 40 
INFO : 2021-01-29 22:49:50,623 : episode: 15 score: 49.3 100 games avg: 49.3 steps 30 
INFO : 2021-01-29 22:49:56,380 : episode: 16 score: 45.2 100 games avg: 45.2 steps 27 
INFO : 2021-01-29 22:50:02,722 : episode: 17 score: 48.3 100 games avg: 48.3 steps 29 
INFO : 2021-01-29 22:50:08,009 : episode: 18 score: 41.2 100 games avg: 41.2 steps 24 
INFO : 2021-01-29 22:50:13,259 : episode: 19 score: 43.3 100 games avg: 43.3 steps 25 
INFO : 2021-01-29 22:50:18,515 : episode: 20 score: 43.1 100 games avg: 43.1 steps 25 
INFO : 2021-01-29 22:50:23,963 : episode: 21 score: 44.2 100 games avg: 44.2 steps 26 
INFO : 2021-01-29 22:50:29,189 : episode: 22 score: 42.7 100 games avg: 42.7 steps 25 
INFO : 2021-01-29 22:50:34,250 : episode: 23 score: 41.7 100 games avg: 41.7 steps 24 
INFO : 2021-01-29 22:50:39,305 : episode: 24 score: 40.9 100 games avg: 40.9 steps 24 
INFO : 2021-01-29 22:50:47,588 : episode: 25 score: 55.9 100 games avg: 55.9 steps 40 
INFO : 2021-01-29 22:50:54,849 : episode: 26 score: 60.5 100 games avg: 60.5 steps 35 
INFO : 2021-01-29 22:51:00,198 : episode: 27 score: 42.3 100 games avg: 42.3 steps 25 
INFO : 2021-01-29 22:51:05,826 : episode: 28 score: 44.2 100 games avg: 44.2 steps 26 
INFO : 2021-01-29 22:51:10,765 : episode: 29 score: 38.7 100 games avg: 38.7 steps 23 
INFO : 2021-01-29 22:51:15,715 : episode: 30 score: 39.6 100 games avg: 39.6 steps 23 
INFO : 2021-01-29 22:51:21,290 : episode: 31 score: 44.1 100 games avg: 44.1 steps 26 
INFO : 2021-01-29 22:51:26,662 : episode: 32 score: 43.1 100 games avg: 43.1 steps 25 
INFO : 2021-01-29 22:51:31,807 : episode: 33 score: 40.9 100 games avg: 40.9 steps 24 
INFO : 2021-01-29 22:51:37,348 : episode: 34 score: 43.6 100 games avg: 43.6 steps 26 
INFO : 2021-01-29 22:51:42,295 : episode: 35 score: 39.9 100 games avg: 39.9 steps 23 
INFO : 2021-01-29 22:51:47,653 : episode: 36 score: 42.9 100 games avg: 42.9 steps 25 
INFO : 2021-01-29 22:51:52,686 : episode: 37 score: 39.9 100 games avg: 39.9 steps 23 
INFO : 2021-01-29 22:51:57,922 : episode: 38 score: 40.9 100 games avg: 40.9 steps 24 
INFO : 2021-01-29 22:52:03,149 : episode: 39 score: 41.8 100 games avg: 41.8 steps 24 
INFO : 2021-01-29 22:52:08,199 : episode: 40 score: 40.0 100 games avg: 40.0 steps 23 
INFO : 2021-01-29 22:52:13,644 : episode: 41 score: 42.7 100 games avg: 42.7 steps 25 
INFO : 2021-01-29 22:52:18,898 : episode: 42 score: 41.5 100 games avg: 41.5 steps 24 
INFO : 2021-01-29 22:52:24,129 : episode: 43 score: 41.6 100 games avg: 41.6 steps 24 
INFO : 2021-01-29 22:52:29,169 : episode: 44 score: 40.0 100 games avg: 40.0 steps 23 
INFO : 2021-01-29 22:52:34,409 : episode: 45 score: 41.7 100 games avg: 41.7 steps 24 
INFO : 2021-01-29 22:52:39,678 : episode: 46 score: 41.3 100 games avg: 41.3 steps 24 
INFO : 2021-01-29 22:52:45,118 : episode: 47 score: 43.3 100 games avg: 43.3 steps 25 
INFO : 2021-01-29 22:52:50,449 : episode: 48 score: 41.4 100 games avg: 41.4 steps 24 
INFO : 2021-01-29 22:52:56,401 : episode: 49 score: 46.7 100 games avg: 46.7 steps 27 
INFO : 2021-01-29 22:53:01,741 : episode: 50 score: 41.9 100 games avg: 41.9 steps 24 
INFO : 2021-01-29 22:53:06,896 : episode: 51 score: 40.4 100 games avg: 40.4 steps 23 
INFO : 2021-01-29 22:53:12,629 : episode: 52 score: 44.6 100 games avg: 44.6 steps 26 
INFO : 2021-01-29 22:53:17,976 : episode: 53 score: 41.7 100 games avg: 41.7 steps 24 
INFO : 2021-01-29 22:53:23,133 : episode: 54 score: 39.9 100 games avg: 39.9 steps 23 
INFO : 2021-01-29 22:53:28,283 : episode: 55 score: 40.2 100 games avg: 40.2 steps 23 
INFO : 2021-01-29 22:53:33,423 : episode: 56 score: 39.9 100 games avg: 39.9 steps 23 
INFO : 2021-01-29 22:53:38,761 : episode: 57 score: 41.2 100 games avg: 41.2 steps 24 
INFO : 2021-01-29 22:53:44,199 : episode: 58 score: 41.2 100 games avg: 41.2 steps 24 
INFO : 2021-01-29 22:53:50,245 : episode: 59 score: 46.2 100 games avg: 46.2 steps 27 
INFO : 2021-01-29 22:53:55,692 : episode: 60 score: 41.1 100 games avg: 41.1 steps 24 
INFO : 2021-01-29 22:54:01,118 : episode: 61 score: 41.4 100 games avg: 41.4 steps 24 
INFO : 2021-01-29 22:54:06,629 : episode: 62 score: 41.3 100 games avg: 41.3 steps 24 
INFO : 2021-01-29 22:54:11,676 : episode: 63 score: 38.2 100 games avg: 38.2 steps 22 
INFO : 2021-01-29 22:54:16,924 : episode: 64 score: 39.8 100 games avg: 39.8 steps 23 
INFO : 2021-01-29 22:54:21,950 : episode: 65 score: 37.6 100 games avg: 37.6 steps 22 
INFO : 2021-01-29 22:54:27,209 : episode: 66 score: 39.5 100 games avg: 39.5 steps 23 
INFO : 2021-01-29 22:54:32,659 : episode: 67 score: 41.7 100 games avg: 41.7 steps 24 
INFO : 2021-01-29 22:54:37,906 : episode: 68 score: 39.5 100 games avg: 39.5 steps 23 
INFO : 2021-01-29 22:54:43,652 : episode: 69 score: 42.9 100 games avg: 42.9 steps 25 
INFO : 2021-01-29 22:54:51,607 : episode: 70 score: 50.2 100 games avg: 50.2 steps 36 
INFO : 2021-01-29 22:54:56,741 : episode: 71 score: 38.4 100 games avg: 38.4 steps 22 
INFO : 2021-01-29 22:55:01,877 : episode: 72 score: 38.1 100 games avg: 38.1 steps 22 
INFO : 2021-01-29 22:55:12,659 : episode: 73 score: 77.6 100 games avg: 77.6 steps 50 
INFO : 2021-01-29 22:55:17,793 : episode: 74 score: 38.4 100 games avg: 38.4 steps 22 
INFO : 2021-01-29 22:55:26,365 : episode: 75 score: 54.6 100 games avg: 54.6 steps 39 
INFO : 2021-01-29 22:55:35,929 : episode: 76 score: 65.0 100 games avg: 65.0 steps 44 
INFO : 2021-01-29 22:55:41,162 : episode: 77 score: 38.3 100 games avg: 38.3 steps 22 
INFO : 2021-01-29 22:55:46,589 : episode: 78 score: 39.8 100 games avg: 39.8 steps 23 
INFO : 2021-01-29 22:55:58,479 : episode: 79 score: 93.8 100 games avg: 93.8 steps 55 
INFO : 2021-01-29 22:56:03,701 : episode: 80 score: 38.3 100 games avg: 38.3 steps 22 
INFO : 2021-01-29 22:56:08,925 : episode: 81 score: 38.4 100 games avg: 38.4 steps 22 
INFO : 2021-01-29 22:56:19,813 : episode: 82 score: 82.5 100 games avg: 82.5 steps 50 
INFO : 2021-01-29 22:56:27,864 : episode: 83 score: 63.3 100 games avg: 63.3 steps 36 
INFO : 2021-01-29 22:56:33,098 : episode: 84 score: 38.3 100 games avg: 38.3 steps 22 
INFO : 2021-01-29 22:56:38,426 : episode: 85 score: 38.0 100 games avg: 38.0 steps 22 
INFO : 2021-01-29 22:56:50,403 : episode: 86 score: 96.3 100 games avg: 96.3 steps 55 
INFO : 2021-01-29 22:57:01,605 : episode: 87 score: 87.6 100 games avg: 87.6 steps 51 
INFO : 2021-01-29 22:57:14,670 : episode: 88 score: 105.3 100 games avg: 105.3 steps 60 
INFO : 2021-01-29 22:57:26,488 : episode: 89 score: 94.0 100 games avg: 94.0 steps 54 
INFO : 2021-01-29 22:57:37,805 : episode: 90 score: 87.6 100 games avg: 87.6 steps 51 
INFO : 2021-01-29 22:57:48,902 : episode: 91 score: 86.5 100 games avg: 86.5 steps 50 
INFO : 2021-01-29 22:57:59,583 : episode: 92 score: 82.7 100 games avg: 82.7 steps 48 
INFO : 2021-01-29 22:58:10,886 : episode: 93 score: 90.5 100 games avg: 90.5 steps 51 
INFO : 2021-01-29 22:58:23,810 : episode: 94 score: 103.7 100 games avg: 103.7 steps 59 
INFO : 2021-01-29 22:58:36,822 : episode: 95 score: 103.5 100 games avg: 103.5 steps 59 
INFO : 2021-01-29 22:58:48,803 : episode: 96 score: 92.3 100 games avg: 92.3 steps 54 
INFO : 2021-01-29 22:59:02,023 : episode: 97 score: 105.2 100 games avg: 105.2 steps 60 
INFO : 2021-01-29 22:59:14,607 : episode: 98 score: 99.3 100 games avg: 99.3 steps 57 
INFO : 2021-01-29 22:59:23,789 : episode: 99 score: 68.1 100 games avg: 68.1 steps 40 
INFO : 2021-01-29 22:59:36,475 : episode: 100 score: 99.7 100 games avg: 99.7 steps 57 
INFO : 2021-01-29 22:59:45,333 : episode: 101 score: 64.2 100 games avg: 64.2 steps 38 
INFO : 2021-01-29 22:59:55,993 : episode: 102 score: 83.3 100 games avg: 83.3 steps 47 
INFO : 2021-01-29 23:00:08,157 : episode: 103 score: 94.0 100 games avg: 94.0 steps 54 
INFO : 2021-01-29 23:00:17,623 : episode: 104 score: 69.0 100 games avg: 69.0 steps 41 
INFO : 2021-01-29 23:00:28,326 : episode: 105 score: 82.0 100 games avg: 82.0 steps 47 
INFO : 2021-01-29 23:00:36,679 : episode: 106 score: 58.2 100 games avg: 58.2 steps 35 
INFO : 2021-01-29 23:00:43,807 : episode: 107 score: 47.6 100 games avg: 47.6 steps 29 
INFO : 2021-01-29 23:00:54,194 : episode: 108 score: 77.2 100 games avg: 77.2 steps 45 
INFO : 2021-01-29 23:01:02,586 : episode: 109 score: 58.4 100 games avg: 58.4 steps 35 
INFO : 2021-01-29 23:01:07,081 : episode: 110 score: 21.2 100 games avg: 21.2 steps 16 
INFO : 2021-01-29 23:01:17,654 : episode: 111 score: 79.1 100 games avg: 79.1 steps 46 
INFO : 2021-01-29 23:01:27,602 : episode: 112 score: 74.1 100 games avg: 74.1 steps 43 
INFO : 2021-01-29 23:01:37,848 : episode: 113 score: 75.3 100 games avg: 75.3 steps 44 
INFO : 2021-01-29 23:01:49,498 : episode: 114 score: 89.2 100 games avg: 89.2 steps 51 
INFO : 2021-01-29 23:01:57,326 : episode: 115 score: 52.2 100 games avg: 52.2 steps 32 
INFO : 2021-01-29 23:02:07,565 : episode: 116 score: 75.5 100 games avg: 75.5 steps 44 
INFO : 2021-01-29 23:02:16,193 : episode: 117 score: 61.5 100 games avg: 61.5 steps 36 
INFO : 2021-01-29 23:02:26,622 : episode: 118 score: 78.0 100 games avg: 78.0 steps 45 
INFO : 2021-01-29 23:02:37,786 : episode: 119 score: 85.7 100 games avg: 85.7 steps 48 
INFO : 2021-01-29 23:02:46,493 : episode: 120 score: 61.7 100 games avg: 61.7 steps 36 
INFO : 2021-01-29 23:02:57,658 : episode: 121 score: 83.6 100 games avg: 83.6 steps 48 
INFO : 2021-01-29 23:03:08,883 : episode: 122 score: 83.7 100 games avg: 83.7 steps 48 
INFO : 2021-01-29 23:03:20,294 : episode: 123 score: 84.3 100 games avg: 84.3 steps 49 
INFO : 2021-01-29 23:03:31,587 : episode: 124 score: 84.0 100 games avg: 84.0 steps 48 
INFO : 2021-01-29 23:03:42,850 : episode: 125 score: 83.2 100 games avg: 83.2 steps 48 
INFO : 2021-01-29 23:03:54,732 : episode: 126 score: 91.4 100 games avg: 91.4 steps 51 
INFO : 2021-01-29 23:04:06,221 : episode: 127 score: 86.7 100 games avg: 86.7 steps 49 
INFO : 2021-01-29 23:04:17,698 : episode: 128 score: 86.4 100 games avg: 86.4 steps 49 
INFO : 2021-01-29 23:04:28,968 : episode: 129 score: 83.2 100 games avg: 83.2 steps 48 
INFO : 2021-01-29 23:04:40,080 : episode: 130 score: 81.8 100 games avg: 81.8 steps 47 
INFO : 2021-01-29 23:04:51,367 : episode: 131 score: 82.1 100 games avg: 82.1 steps 48 
INFO : 2021-01-29 23:05:02,847 : episode: 132 score: 86.0 100 games avg: 86.0 steps 49 
INFO : 2021-01-29 23:05:14,505 : episode: 133 score: 88.3 100 games avg: 88.3 steps 50 
INFO : 2021-01-29 23:05:26,205 : episode: 134 score: 85.7 100 games avg: 85.7 steps 50 
INFO : 2021-01-29 23:05:38,147 : episode: 135 score: 89.2 100 games avg: 89.2 steps 51 
INFO : 2021-01-29 23:05:50,124 : episode: 136 score: 90.3 100 games avg: 90.3 steps 51 
INFO : 2021-01-29 23:06:02,173 : episode: 137 score: 89.9 100 games avg: 89.9 steps 51 
INFO : 2021-01-29 23:06:14,416 : episode: 138 score: 93.7 100 games avg: 93.7 steps 52 
INFO : 2021-01-29 23:06:26,394 : episode: 139 score: 90.4 100 games avg: 90.4 steps 51 
INFO : 2021-01-29 23:06:38,658 : episode: 140 score: 91.5 100 games avg: 91.5 steps 52 
INFO : 2021-01-29 23:06:50,690 : episode: 141 score: 89.7 100 games avg: 89.7 steps 51 
INFO : 2021-01-29 23:07:03,404 : episode: 142 score: 96.5 100 games avg: 96.5 steps 54 
INFO : 2021-01-29 23:07:15,685 : episode: 143 score: 90.9 100 games avg: 90.9 steps 52 
INFO : 2021-01-29 23:07:27,945 : episode: 144 score: 90.5 100 games avg: 90.5 steps 52 
INFO : 2021-01-29 23:07:40,498 : episode: 145 score: 92.6 100 games avg: 92.6 steps 53 
INFO : 2021-01-29 23:07:52,906 : episode: 146 score: 89.5 100 games avg: 89.5 steps 52 
INFO : 2021-01-29 23:08:05,867 : episode: 147 score: 98.1 100 games avg: 98.1 steps 55 
INFO : 2021-01-29 23:08:18,027 : episode: 148 score: 86.0 100 games avg: 86.0 steps 51 
INFO : 2021-01-29 23:08:30,608 : episode: 149 score: 91.8 100 games avg: 91.8 steps 53 
INFO : 2021-01-29 23:08:43,468 : episode: 150 score: 93.4 100 games avg: 93.4 steps 54 
INFO : 2021-01-29 23:08:55,525 : episode: 151 score: 84.0 100 games avg: 84.0 steps 50 
INFO : 2021-01-29 23:09:08,082 : episode: 152 score: 90.0 100 games avg: 90.0 steps 52 
INFO : 2021-01-29 23:09:21,393 : episode: 153 score: 88.2 100 games avg: 88.2 steps 51 
INFO : 2021-01-29 23:09:34,032 : episode: 154 score: 83.0 100 games avg: 83.0 steps 50 
INFO : 2021-01-29 23:09:46,526 : episode: 155 score: 80.9 100 games avg: 80.9 steps 49 
INFO : 2021-01-29 23:09:59,451 : episode: 156 score: 82.0 100 games avg: 82.0 steps 51 
INFO : 2021-01-29 23:10:13,444 : episode: 157 score: 92.6 100 games avg: 92.6 steps 56 
INFO : 2021-01-29 23:10:27,197 : episode: 158 score: 92.1 100 games avg: 92.1 steps 55 
INFO : 2021-01-29 23:10:41,204 : episode: 159 score: 93.8 100 games avg: 93.8 steps 56 
INFO : 2021-01-29 23:11:03,035 : episode: 160 score: 203.9 100 games avg: 203.9 steps 93 
INFO : 2021-01-29 23:11:27,439 : episode: 161 score: 242.2 100 games avg: 242.2 steps 105 
INFO : 2021-01-29 23:11:49,732 : episode: 162 score: 211.7 100 games avg: 211.7 steps 95 
INFO : 2021-01-29 23:12:12,405 : episode: 163 score: 214.8 100 games avg: 214.8 steps 96 
INFO : 2021-01-29 23:12:34,397 : episode: 164 score: 204.9 100 games avg: 204.9 steps 93 
INFO : 2021-01-29 23:12:46,413 : episode: 165 score: 75.2 100 games avg: 75.2 steps 45 
INFO : 2021-01-29 23:13:00,134 : episode: 166 score: 91.6 100 games avg: 91.6 steps 54 
INFO : 2021-01-29 23:13:21,352 : episode: 167 score: 163.6 100 games avg: 163.6 steps 90 
INFO : 2021-01-29 23:13:34,933 : episode: 168 score: 89.1 100 games avg: 89.1 steps 53 
INFO : 2021-01-29 23:13:55,433 : episode: 169 score: 157.0 100 games avg: 157.0 steps 86 
INFO : 2021-01-29 23:14:05,554 : episode: 170 score: 48.1 100 games avg: 48.1 steps 36 
INFO : 2021-01-29 23:14:17,729 : episode: 171 score: 62.9 100 games avg: 62.9 steps 46 
INFO : 2021-01-29 23:14:28,685 : episode: 172 score: 54.6 100 games avg: 54.6 steps 40 
INFO : 2021-01-29 23:14:48,566 : episode: 173 score: 143.3 100 games avg: 143.3 steps 83 
INFO : 2021-01-29 23:15:00,626 : episode: 174 score: 62.2 100 games avg: 62.2 steps 45 
INFO : 2021-01-29 23:15:12,958 : episode: 175 score: 64.1 100 games avg: 64.1 steps 46 
INFO : 2021-01-29 23:15:24,625 : episode: 176 score: 59.4 100 games avg: 59.4 steps 43 
INFO : 2021-01-29 23:15:37,134 : episode: 177 score: 63.0 100 games avg: 63.0 steps 47 
INFO : 2021-01-29 23:15:48,598 : episode: 178 score: 55.2 100 games avg: 55.2 steps 42 
INFO : 2021-01-29 23:16:11,398 : episode: 179 score: 187.2 100 games avg: 187.2 steps 96 
INFO : 2021-01-29 23:16:26,916 : episode: 180 score: 102.9 100 games avg: 102.9 steps 61 
INFO : 2021-01-29 23:16:50,859 : episode: 181 score: 175.0 100 games avg: 175.0 steps 101 
INFO : 2021-01-29 23:17:17,185 : episode: 182 score: 210.8 100 games avg: 210.8 steps 112 
INFO : 2021-01-29 23:17:46,630 : episode: 183 score: 250.3 100 games avg: 250.3 steps 127 
INFO : 2021-01-29 23:18:12,787 : episode: 184 score: 212.9 100 games avg: 212.9 steps 111 
INFO : 2021-01-29 23:18:36,851 : episode: 185 score: 187.2 100 games avg: 187.2 steps 100 
INFO : 2021-01-29 23:19:03,505 : episode: 186 score: 225.7 100 games avg: 225.7 steps 113 
INFO : 2021-01-29 23:19:33,805 : episode: 187 score: 275.2 100 games avg: 275.2 steps 130 
INFO : 2021-01-29 23:20:03,651 : episode: 188 score: 272.6 100 games avg: 272.6 steps 128 
INFO : 2021-01-29 23:20:35,586 : episode: 189 score: 289.3 100 games avg: 289.3 steps 137 
INFO : 2021-01-29 23:21:12,155 : episode: 190 score: 313.9 100 games avg: 313.9 steps 159 
INFO : 2021-01-29 23:21:42,896 : episode: 191 score: 273.6 100 games avg: 273.6 steps 131 
INFO : 2021-01-29 23:22:13,201 : episode: 192 score: 272.0 100 games avg: 272.0 steps 129 
INFO : 2021-01-29 23:22:31,102 : episode: 193 score: 112.2 100 games avg: 112.2 steps 69 
INFO : 2021-01-29 23:23:05,374 : episode: 194 score: 293.8 100 games avg: 293.8 steps 147 
INFO : 2021-01-29 23:23:36,326 : episode: 195 score: 191.2 100 games avg: 191.2 steps 131 
INFO : 2021-01-29 23:24:10,185 : episode: 196 score: 296.9 100 games avg: 296.9 steps 145 
INFO : 2021-01-29 23:24:32,859 : episode: 197 score: 136.0 100 games avg: 136.0 steps 91 
INFO : 2021-01-29 23:25:07,817 : episode: 198 score: 309.6 100 games avg: 309.6 steps 150 
INFO : 2021-01-29 23:25:54,408 : episode: 199 score: 380.9 100 games avg: 380.9 steps 205 
