INFO : 2021-01-31 18:52:50,399 : method: Model Predictive Contorol
INFO : 2021-01-31 18:52:50,399 : parameter n_steps: 100 ensemble_size: 5 env: Continuous_CartPole
INFO : 2021-01-31 18:52:56,153 : mpc horizon: 5 mpc_samples: 100 elite_sample: 30 grad_steps: 10
INFO : 2021-01-31 18:52:56,166 : mpc_function policy-kl4
INFO : 2021-01-31 18:52:56,166 : policy-kl4
INFO : 2021-01-31 18:52:59,246 : episode: 0 score: 12.0 100 games avg: 12.0 steps 13 
INFO : 2021-01-31 18:53:03,957 : episode: 1 score: 16.0 100 games avg: 16.0 steps 17 
INFO : 2021-01-31 18:53:07,678 : episode: 2 score: 15.0 100 games avg: 15.0 steps 16 
INFO : 2021-01-31 18:53:10,802 : episode: 3 score: 13.0 100 games avg: 13.0 steps 14 
INFO : 2021-01-31 18:53:14,653 : episode: 4 score: 17.0 100 games avg: 17.0 steps 18 
INFO : 2021-01-31 18:53:19,092 : episode: 5 score: 20.0 100 games avg: 20.0 steps 21 
INFO : 2021-01-31 18:53:23,203 : episode: 6 score: 15.0 100 games avg: 15.0 steps 16 
INFO : 2021-01-31 18:53:27,618 : episode: 7 score: 17.0 100 games avg: 17.0 steps 18 
INFO : 2021-01-31 18:53:32,085 : episode: 8 score: 19.0 100 games avg: 19.0 steps 20 
INFO : 2021-01-31 18:53:34,854 : episode: 9 score: 12.0 100 games avg: 12.0 steps 13 
INFO : 2021-01-31 18:53:38,433 : episode: 10 score: 14.0 100 games avg: 14.0 steps 15 
INFO : 2021-01-31 18:53:41,667 : episode: 11 score: 14.0 100 games avg: 14.0 steps 15 
INFO : 2021-01-31 18:53:47,403 : episode: 12 score: 22.0 100 games avg: 22.0 steps 23 
INFO : 2021-01-31 18:53:50,906 : episode: 13 score: 15.0 100 games avg: 15.0 steps 16 
INFO : 2021-01-31 18:53:54,928 : episode: 14 score: 17.0 100 games avg: 17.0 steps 18 
INFO : 2021-01-31 18:53:59,502 : episode: 15 score: 18.0 100 games avg: 18.0 steps 19 
INFO : 2021-01-31 18:54:02,694 : episode: 16 score: 13.0 100 games avg: 13.0 steps 14 
INFO : 2021-01-31 18:54:06,274 : episode: 17 score: 12.0 100 games avg: 12.0 steps 13 
INFO : 2021-01-31 18:54:10,362 : episode: 18 score: 16.0 100 games avg: 16.0 steps 17 
INFO : 2021-01-31 18:54:12,756 : episode: 19 score: 10.0 100 games avg: 10.0 steps 11 
INFO : 2021-01-31 18:54:14,908 : episode: 20 score: 8.0 100 games avg: 8.0 steps 9 
INFO : 2021-01-31 18:54:18,191 : episode: 21 score: 11.0 100 games avg: 11.0 steps 12 
INFO : 2021-01-31 18:54:24,120 : episode: 22 score: 22.0 100 games avg: 22.0 steps 23 
INFO : 2021-01-31 18:54:33,689 : episode: 23 score: 35.0 100 games avg: 35.0 steps 36 
INFO : 2021-01-31 18:54:44,516 : episode: 24 score: 44.0 100 games avg: 44.0 steps 45 
INFO : 2021-01-31 18:54:55,493 : episode: 25 score: 47.0 100 games avg: 47.0 steps 48 
INFO : 2021-01-31 18:55:06,236 : episode: 26 score: 45.0 100 games avg: 45.0 steps 46 
INFO : 2021-01-31 18:55:24,858 : episode: 27 score: 72.0 100 games avg: 72.0 steps 73 
INFO : 2021-01-31 18:55:34,719 : episode: 28 score: 40.0 100 games avg: 40.0 steps 41 
INFO : 2021-01-31 18:55:49,049 : episode: 29 score: 60.0 100 games avg: 60.0 steps 61 
INFO : 2021-01-31 18:56:05,390 : episode: 30 score: 65.0 100 games avg: 65.0 steps 66 
INFO : 2021-01-31 18:56:16,299 : episode: 31 score: 46.0 100 games avg: 46.0 steps 47 
INFO : 2021-01-31 18:56:33,636 : episode: 32 score: 68.0 100 games avg: 68.0 steps 69 
INFO : 2021-01-31 18:56:54,698 : episode: 33 score: 113.0 100 games avg: 113.0 steps 114 
INFO : 2021-01-31 18:57:26,079 : episode: 34 score: 200.0 100 games avg: 200.0 steps 201 
INFO : 2021-01-31 18:57:52,890 : episode: 35 score: 166.0 100 games avg: 166.0 steps 167 
INFO : 2021-01-31 18:58:18,272 : episode: 36 score: 157.0 100 games avg: 157.0 steps 158 
INFO : 2021-01-31 18:58:37,619 : episode: 37 score: 123.0 100 games avg: 123.0 steps 124 
INFO : 2021-01-31 18:59:02,570 : episode: 38 score: 156.0 100 games avg: 156.0 steps 157 
INFO : 2021-01-31 18:59:24,590 : episode: 39 score: 145.0 100 games avg: 145.0 steps 146 
INFO : 2021-01-31 19:00:03,890 : episode: 40 score: 200.0 100 games avg: 200.0 steps 201 
INFO : 2021-01-31 19:00:41,928 : episode: 41 score: 169.0 100 games avg: 169.0 steps 170 
INFO : 2021-01-31 19:01:06,545 : episode: 42 score: 124.0 100 games avg: 124.0 steps 125 
INFO : 2021-01-31 19:01:40,414 : episode: 43 score: 157.0 100 games avg: 157.0 steps 158 
INFO : 2021-01-31 19:02:14,664 : episode: 44 score: 172.0 100 games avg: 172.0 steps 173 
INFO : 2021-01-31 19:02:36,677 : episode: 45 score: 117.0 100 games avg: 117.0 steps 118 
INFO : 2021-01-31 19:02:56,672 : episode: 46 score: 96.0 100 games avg: 96.0 steps 97 
INFO : 2021-01-31 19:03:27,636 : episode: 47 score: 154.0 100 games avg: 154.0 steps 155 
INFO : 2021-01-31 19:04:01,073 : episode: 48 score: 174.0 100 games avg: 174.0 steps 175 
INFO : 2021-01-31 19:04:41,896 : episode: 49 score: 200.0 100 games avg: 200.0 steps 201 
INFO : 2021-01-31 19:05:15,720 : episode: 50 score: 200.0 100 games avg: 200.0 steps 201 
INFO : 2021-01-31 19:05:31,532 : episode: 51 score: 102.0 100 games avg: 102.0 steps 103 
INFO : 2021-01-31 19:05:54,674 : episode: 52 score: 151.0 100 games avg: 151.0 steps 152 
INFO : 2021-01-31 19:06:09,474 : episode: 53 score: 93.0 100 games avg: 93.0 steps 94 
INFO : 2021-01-31 19:06:29,717 : episode: 54 score: 132.0 100 games avg: 132.0 steps 133 
INFO : 2021-01-31 19:06:53,030 : episode: 55 score: 121.0 100 games avg: 121.0 steps 122 
INFO : 2021-01-31 19:07:16,578 : episode: 56 score: 116.0 100 games avg: 116.0 steps 117 
INFO : 2021-01-31 19:07:37,739 : episode: 57 score: 99.0 100 games avg: 99.0 steps 100 
INFO : 2021-01-31 19:08:12,847 : episode: 58 score: 165.0 100 games avg: 165.0 steps 166 
INFO : 2021-01-31 19:08:33,318 : episode: 59 score: 104.0 100 games avg: 104.0 steps 105 
INFO : 2021-01-31 19:08:59,114 : episode: 60 score: 120.0 100 games avg: 120.0 steps 121 
INFO : 2021-01-31 19:09:21,865 : episode: 61 score: 108.0 100 games avg: 108.0 steps 109 
INFO : 2021-01-31 19:10:01,658 : episode: 62 score: 200.0 100 games avg: 200.0 steps 201 
INFO : 2021-01-31 19:10:39,955 : episode: 63 score: 200.0 100 games avg: 200.0 steps 201 
INFO : 2021-01-31 19:11:08,844 : episode: 64 score: 145.0 100 games avg: 145.0 steps 146 
INFO : 2021-01-31 19:11:49,975 : episode: 65 score: 200.0 100 games avg: 200.0 steps 201 
INFO : 2021-01-31 19:12:25,065 : episode: 66 score: 200.0 100 games avg: 200.0 steps 201 
INFO : 2021-01-31 19:12:43,706 : episode: 67 score: 119.0 100 games avg: 119.0 steps 120 
INFO : 2021-01-31 19:13:00,485 : episode: 68 score: 99.0 100 games avg: 99.0 steps 100 
INFO : 2021-01-31 19:13:19,068 : episode: 69 score: 117.0 100 games avg: 117.0 steps 118 
INFO : 2021-01-31 19:13:46,220 : episode: 70 score: 174.0 100 games avg: 174.0 steps 175 
INFO : 2021-01-31 19:14:17,684 : episode: 71 score: 200.0 100 games avg: 200.0 steps 201 
INFO : 2021-01-31 19:14:36,395 : episode: 72 score: 107.0 100 games avg: 107.0 steps 108 
INFO : 2021-01-31 19:15:01,092 : episode: 73 score: 119.0 100 games avg: 119.0 steps 120 
INFO : 2021-01-31 19:15:22,992 : episode: 74 score: 93.0 100 games avg: 93.0 steps 94 
INFO : 2021-01-31 19:15:46,483 : episode: 75 score: 112.0 100 games avg: 112.0 steps 113 
INFO : 2021-01-31 19:16:08,561 : episode: 76 score: 107.0 100 games avg: 107.0 steps 108 
INFO : 2021-01-31 19:16:31,391 : episode: 77 score: 99.0 100 games avg: 99.0 steps 100 
INFO : 2021-01-31 19:16:58,576 : episode: 78 score: 132.0 100 games avg: 132.0 steps 133 
INFO : 2021-01-31 19:17:26,650 : episode: 79 score: 133.0 100 games avg: 133.0 steps 134 
INFO : 2021-01-31 19:17:50,803 : episode: 80 score: 111.0 100 games avg: 111.0 steps 112 
INFO : 2021-01-31 19:18:18,052 : episode: 81 score: 134.0 100 games avg: 134.0 steps 135 
INFO : 2021-01-31 19:18:49,122 : episode: 82 score: 157.0 100 games avg: 157.0 steps 158 
INFO : 2021-01-31 19:19:17,114 : episode: 83 score: 122.0 100 games avg: 122.0 steps 123 
INFO : 2021-01-31 19:19:49,709 : episode: 84 score: 125.0 100 games avg: 125.0 steps 126 
INFO : 2021-01-31 19:20:15,528 : episode: 85 score: 119.0 100 games avg: 119.0 steps 120 
INFO : 2021-01-31 19:20:38,884 : episode: 86 score: 139.0 100 games avg: 139.0 steps 140 
INFO : 2021-01-31 19:21:04,374 : episode: 87 score: 156.0 100 games avg: 156.0 steps 157 
INFO : 2021-01-31 19:21:34,836 : episode: 88 score: 181.0 100 games avg: 181.0 steps 182 
INFO : 2021-01-31 19:22:06,157 : episode: 89 score: 189.0 100 games avg: 189.0 steps 190 
INFO : 2021-01-31 19:22:36,762 : episode: 90 score: 187.0 100 games avg: 187.0 steps 188 
INFO : 2021-01-31 19:23:18,492 : episode: 91 score: 200.0 100 games avg: 200.0 steps 201 
INFO : 2021-01-31 19:24:02,021 : episode: 92 score: 182.0 100 games avg: 182.0 steps 183 
INFO : 2021-01-31 19:24:48,148 : episode: 93 score: 191.0 100 games avg: 191.0 steps 192 
INFO : 2021-01-31 19:25:32,889 : episode: 94 score: 200.0 100 games avg: 200.0 steps 201 
INFO : 2021-01-31 19:26:15,421 : episode: 95 score: 175.0 100 games avg: 175.0 steps 176 
INFO : 2021-01-31 19:26:56,818 : episode: 96 score: 192.0 100 games avg: 192.0 steps 193 
INFO : 2021-01-31 19:27:39,600 : episode: 97 score: 200.0 100 games avg: 200.0 steps 201 
INFO : 2021-01-31 19:28:21,698 : episode: 98 score: 200.0 100 games avg: 200.0 steps 201 
INFO : 2021-01-31 19:28:56,494 : episode: 99 score: 189.0 100 games avg: 189.0 steps 190 
