INFO : 2021-01-31 23:21:13,905 : method: Model Predictive Contorol
INFO : 2021-01-31 23:21:13,905 : parameter n_steps: 200 ensemble_size: 5 env: Ant-v2
INFO : 2021-01-31 23:21:16,477 : mpc horizon: 10 mpc_samples: 100 elite_sample: 30 grad_steps: 10
INFO : 2021-01-31 23:21:16,477 : mpc_function policy
INFO : 2021-01-31 23:21:16,477 : policy
INFO : 2021-01-31 23:22:16,940 : episode: 0 score: 237.0 100 games avg: 237.0 steps 323 
INFO : 2021-01-31 23:22:27,132 : episode: 1 score: -23.5 100 games avg: -23.5 steps 50 
INFO : 2021-01-31 23:23:18,712 : episode: 2 score: -115.6 100 games avg: -115.6 steps 257 
INFO : 2021-01-31 23:23:36,290 : episode: 3 score: -10.0 100 games avg: -10.0 steps 86 
INFO : 2021-01-31 23:23:41,423 : episode: 4 score: -25.4 100 games avg: -25.4 steps 23 
INFO : 2021-01-31 23:27:01,664 : episode: 5 score: -157.7 100 games avg: -157.7 steps 1000 
INFO : 2021-01-31 23:30:22,725 : episode: 6 score: 352.6 100 games avg: 352.6 steps 1000 
INFO : 2021-01-31 23:33:45,503 : episode: 7 score: 518.3 100 games avg: 518.3 steps 1000 
INFO : 2021-01-31 23:34:06,314 : episode: 8 score: 50.8 100 games avg: 50.8 steps 83 
INFO : 2021-01-31 23:34:13,438 : episode: 9 score: -4.7 100 games avg: -4.7 steps 14 
INFO : 2021-01-31 23:34:21,186 : episode: 10 score: 10.6 100 games avg: 10.6 steps 17 
INFO : 2021-01-31 23:35:35,684 : episode: 11 score: 165.0 100 games avg: 165.0 steps 353 
INFO : 2021-01-31 23:35:52,933 : episode: 12 score: 38.7 100 games avg: 38.7 steps 62 
INFO : 2021-01-31 23:36:02,022 : episode: 13 score: -1.2 100 games avg: -1.2 steps 20 
INFO : 2021-01-31 23:36:11,406 : episode: 14 score: 2.7 100 games avg: 2.7 steps 22 
INFO : 2021-01-31 23:39:36,251 : episode: 15 score: 532.6 100 games avg: 532.6 steps 1000 
INFO : 2021-01-31 23:43:01,216 : episode: 16 score: 550.6 100 games avg: 550.6 steps 1000 
INFO : 2021-01-31 23:46:27,175 : episode: 17 score: 594.6 100 games avg: 594.6 steps 1000 
INFO : 2021-01-31 23:46:52,203 : episode: 18 score: 37.4 100 games avg: 37.4 steps 81 
INFO : 2021-01-31 23:48:22,596 : episode: 19 score: 216.0 100 games avg: 216.0 steps 412 
INFO : 2021-01-31 23:51:50,786 : episode: 20 score: 449.2 100 games avg: 449.2 steps 1000 
INFO : 2021-01-31 23:52:50,870 : episode: 21 score: 111.1 100 games avg: 111.1 steps 252 
INFO : 2021-01-31 23:53:45,274 : episode: 22 score: 67.4 100 games avg: 67.4 steps 219 
INFO : 2021-01-31 23:54:56,871 : episode: 23 score: 169.3 100 games avg: 169.3 steps 301 
INFO : 2021-01-31 23:55:54,522 : episode: 24 score: 121.7 100 games avg: 121.7 steps 234 
INFO : 2021-01-31 23:56:36,705 : episode: 25 score: 92.9 100 games avg: 92.9 steps 153 
INFO : 2021-01-31 23:56:56,867 : episode: 26 score: 23.3 100 games avg: 23.3 steps 41 
INFO : 2021-02-01 00:00:27,087 : episode: 27 score: 453.2 100 games avg: 453.2 steps 1000 
INFO : 2021-02-01 00:00:47,968 : episode: 28 score: 16.7 100 games avg: 16.7 steps 38 
INFO : 2021-02-01 00:04:19,362 : episode: 29 score: 622.3 100 games avg: 622.3 steps 1000 
INFO : 2021-02-01 00:05:06,435 : episode: 30 score: 70.5 100 games avg: 70.5 steps 163 
INFO : 2021-02-01 00:07:30,897 : episode: 31 score: 355.9 100 games avg: 355.9 steps 656 
INFO : 2021-02-01 00:07:51,906 : episode: 32 score: 5.5 100 games avg: 5.5 steps 26 
INFO : 2021-02-01 00:11:25,604 : episode: 33 score: 711.6 100 games avg: 711.6 steps 1000 
INFO : 2021-02-01 00:12:58,783 : episode: 34 score: 252.2 100 games avg: 252.2 steps 382 
INFO : 2021-02-01 00:16:36,651 : episode: 35 score: 668.9 100 games avg: 668.9 steps 1000 
INFO : 2021-02-01 00:20:16,350 : episode: 36 score: 601.3 100 games avg: 601.3 steps 1000 
INFO : 2021-02-01 00:20:51,934 : episode: 37 score: 56.5 100 games avg: 56.5 steps 73 
INFO : 2021-02-01 00:24:28,829 : episode: 38 score: 839.7 100 games avg: 839.7 steps 1000 
INFO : 2021-02-01 00:25:11,757 : episode: 39 score: 61.0 100 games avg: 61.0 steps 112 
INFO : 2021-02-01 00:25:53,952 : episode: 40 score: 67.1 100 games avg: 67.1 steps 96 
INFO : 2021-02-01 00:29:32,733 : episode: 41 score: 562.3 100 games avg: 562.3 steps 1000 
INFO : 2021-02-01 00:32:37,685 : episode: 42 score: 624.5 100 games avg: 624.5 steps 816 
INFO : 2021-02-01 00:36:19,018 : episode: 43 score: 724.7 100 games avg: 724.7 steps 1000 
INFO : 2021-02-01 00:40:01,190 : episode: 44 score: 810.2 100 games avg: 810.2 steps 1000 
INFO : 2021-02-01 00:43:10,998 : episode: 45 score: 702.7 100 games avg: 702.7 steps 833 
INFO : 2021-02-01 00:46:55,872 : episode: 46 score: 768.5 100 games avg: 768.5 steps 1000 
INFO : 2021-02-01 00:47:34,897 : episode: 47 score: 31.0 100 games avg: 31.0 steps 53 
INFO : 2021-02-01 00:51:19,873 : episode: 48 score: 485.0 100 games avg: 485.0 steps 1000 
INFO : 2021-02-01 00:52:34,304 : episode: 49 score: 158.7 100 games avg: 158.7 steps 225 
INFO : 2021-02-01 00:56:20,565 : episode: 50 score: 753.6 100 games avg: 753.6 steps 1000 
INFO : 2021-02-01 00:57:06,519 : episode: 51 score: 65.5 100 games avg: 65.5 steps 77 
INFO : 2021-02-01 01:00:43,171 : episode: 52 score: 839.9 100 games avg: 839.9 steps 919 
INFO : 2021-02-01 01:04:08,858 : episode: 53 score: 710.0 100 games avg: 710.0 steps 861 
INFO : 2021-02-01 01:07:59,614 : episode: 54 score: 448.2 100 games avg: 448.2 steps 1000 
INFO : 2021-02-01 01:09:18,976 : episode: 55 score: 223.6 100 games avg: 223.6 steps 233 
INFO : 2021-02-01 01:12:16,722 : episode: 56 score: 474.4 100 games avg: 474.4 steps 714 
INFO : 2021-02-01 01:13:36,537 : episode: 57 score: 185.8 100 games avg: 185.8 steps 203 
INFO : 2021-02-01 01:17:29,303 : episode: 58 score: 689.8 100 games avg: 689.8 steps 1000 
INFO : 2021-02-01 01:21:22,635 : episode: 59 score: 430.3 100 games avg: 430.3 steps 1000 
INFO : 2021-02-01 01:25:16,558 : episode: 60 score: 541.9 100 games avg: 541.9 steps 1000 
INFO : 2021-02-01 01:29:12,936 : episode: 61 score: 543.1 100 games avg: 543.1 steps 1000 
INFO : 2021-02-01 01:30:28,583 : episode: 62 score: 164.8 100 games avg: 164.8 steps 174 
INFO : 2021-02-01 01:32:09,466 : episode: 63 score: 334.2 100 games avg: 334.2 steps 308 
INFO : 2021-02-01 01:36:09,426 : episode: 64 score: 495.1 100 games avg: 495.1 steps 1000 
INFO : 2021-02-01 01:37:09,928 : episode: 65 score: 105.2 100 games avg: 105.2 steps 82 
INFO : 2021-02-01 01:41:07,785 : episode: 66 score: 572.7 100 games avg: 572.7 steps 1000 
INFO : 2021-02-01 01:42:10,850 : episode: 67 score: 114.5 100 games avg: 114.5 steps 94 
INFO : 2021-02-01 01:46:10,213 : episode: 68 score: 502.1 100 games avg: 502.1 steps 1000 
INFO : 2021-02-01 01:50:10,541 : episode: 69 score: 477.7 100 games avg: 477.7 steps 1000 
INFO : 2021-02-01 01:54:13,859 : episode: 70 score: 579.3 100 games avg: 579.3 steps 1000 
INFO : 2021-02-01 01:58:24,768 : episode: 71 score: 918.1 100 games avg: 918.1 steps 1000 
INFO : 2021-02-01 02:01:49,359 : episode: 72 score: 786.5 100 games avg: 786.5 steps 771 
INFO : 2021-02-01 02:03:02,682 : episode: 73 score: 161.7 100 games avg: 161.7 steps 113 
INFO : 2021-02-01 02:04:02,366 : episode: 74 score: 36.0 100 games avg: 36.0 steps 35 
INFO : 2021-02-01 02:06:48,019 : episode: 75 score: 632.8 100 games avg: 632.8 steps 568 
INFO : 2021-02-01 02:08:21,006 : episode: 76 score: 166.4 100 games avg: 166.4 steps 213 
INFO : 2021-02-01 02:12:27,251 : episode: 77 score: 715.0 100 games avg: 715.0 steps 1000 
INFO : 2021-02-01 02:13:46,031 : episode: 78 score: 180.4 100 games avg: 180.4 steps 136 
INFO : 2021-02-01 02:17:59,091 : episode: 79 score: 572.0 100 games avg: 572.0 steps 1000 
INFO : 2021-02-01 02:22:15,225 : episode: 80 score: 620.2 100 games avg: 620.2 steps 1000 
INFO : 2021-02-01 02:24:00,748 : episode: 81 score: 267.4 100 games avg: 267.4 steps 227 
INFO : 2021-02-01 02:28:11,182 : episode: 82 score: 743.9 100 games avg: 743.9 steps 1000 
INFO : 2021-02-01 02:32:22,146 : episode: 83 score: 813.4 100 games avg: 813.4 steps 1000 
INFO : 2021-02-01 02:36:29,974 : episode: 84 score: 1119.8 100 games avg: 1119.8 steps 1000 
INFO : 2021-02-01 02:37:56,303 : episode: 85 score: 189.1 100 games avg: 189.1 steps 137 
INFO : 2021-02-01 02:39:17,965 : episode: 86 score: 128.9 100 games avg: 128.9 steps 113 
INFO : 2021-02-01 02:43:31,783 : episode: 87 score: 464.6 100 games avg: 464.6 steps 1000 
INFO : 2021-02-01 02:44:55,855 : episode: 88 score: 121.9 100 games avg: 121.9 steps 108 
INFO : 2021-02-01 02:46:08,611 : episode: 89 score: 44.2 100 games avg: 44.2 steps 40 
INFO : 2021-02-01 02:50:25,612 : episode: 90 score: 614.9 100 games avg: 614.9 steps 1000 
INFO : 2021-02-01 02:54:42,130 : episode: 91 score: 622.4 100 games avg: 622.4 steps 1000 
INFO : 2021-02-01 02:56:39,237 : episode: 92 score: 286.3 100 games avg: 286.3 steps 271 
INFO : 2021-02-01 03:01:05,291 : episode: 93 score: 480.0 100 games avg: 480.0 steps 1000 
INFO : 2021-02-01 03:05:31,939 : episode: 94 score: 533.2 100 games avg: 533.2 steps 1000 
INFO : 2021-02-01 03:09:59,707 : episode: 95 score: 560.4 100 games avg: 560.4 steps 1000 
INFO : 2021-02-01 03:11:48,524 : episode: 96 score: 210.3 100 games avg: 210.3 steps 185 
INFO : 2021-02-01 03:13:02,722 : episode: 97 score: 32.4 100 games avg: 32.4 steps 32 
