INFO : 2020-12-18 00:03:19,629 : method: Model Predictive Contorol
INFO : 2020-12-18 00:03:19,630 : parameter n_steps: 100 ensemble_size: 5 env: HalfCheetah-v2
INFO : 2020-12-18 00:03:25,279 : mpc horizon: 10 mpc_samples: 100
INFO : 2020-12-18 00:07:10,547 : episode: 0 score: -376.4 100 games avg: -376.4 steps 1000 
INFO : 2020-12-18 00:10:57,998 : episode: 1 score: -504.8 100 games avg: -504.8 steps 1000 
INFO : 2020-12-18 00:14:45,389 : episode: 2 score: -398.3 100 games avg: -398.3 steps 1000 
INFO : 2020-12-18 00:18:32,831 : episode: 3 score: -447.8 100 games avg: -447.8 steps 1000 
INFO : 2020-12-18 00:22:20,335 : episode: 4 score: -211.1 100 games avg: -211.1 steps 1000 
INFO : 2020-12-18 00:26:07,231 : episode: 5 score: -223.4 100 games avg: -223.4 steps 1000 
INFO : 2020-12-18 00:29:54,069 : episode: 6 score: -255.5 100 games avg: -255.5 steps 1000 
INFO : 2020-12-18 00:33:40,996 : episode: 7 score: -206.5 100 games avg: -206.5 steps 1000 
INFO : 2020-12-18 00:37:28,590 : episode: 8 score: -152.2 100 games avg: -152.2 steps 1000 
INFO : 2020-12-18 00:41:16,290 : episode: 9 score: -169.2 100 games avg: -169.2 steps 1000 
INFO : 2020-12-18 00:45:03,364 : episode: 10 score: -88.7 100 games avg: -88.7 steps 1000 
INFO : 2020-12-18 00:48:50,493 : episode: 11 score: -138.5 100 games avg: -138.5 steps 1000 
INFO : 2020-12-18 00:52:38,207 : episode: 12 score: -102.4 100 games avg: -102.4 steps 1000 
INFO : 2020-12-18 00:56:25,819 : episode: 13 score: -181.7 100 games avg: -181.7 steps 1000 
INFO : 2020-12-18 01:00:13,098 : episode: 14 score: -123.0 100 games avg: -123.0 steps 1000 
INFO : 2020-12-18 01:04:00,818 : episode: 15 score: -185.3 100 games avg: -185.3 steps 1000 
INFO : 2020-12-18 01:07:48,484 : episode: 16 score: -135.3 100 games avg: -135.3 steps 1000 
INFO : 2020-12-18 01:11:36,085 : episode: 17 score: -118.3 100 games avg: -118.3 steps 1000 
INFO : 2020-12-18 01:15:23,424 : episode: 18 score: -177.2 100 games avg: -177.2 steps 1000 
INFO : 2020-12-18 01:19:10,965 : episode: 19 score: -167.0 100 games avg: -167.0 steps 1000 
INFO : 2020-12-18 01:22:58,720 : episode: 20 score: -174.8 100 games avg: -174.8 steps 1000 
INFO : 2020-12-18 01:26:45,965 : episode: 21 score: -192.4 100 games avg: -192.4 steps 1000 
INFO : 2020-12-18 01:30:33,549 : episode: 22 score: -183.7 100 games avg: -183.7 steps 1000 
INFO : 2020-12-18 01:34:21,712 : episode: 23 score: -159.0 100 games avg: -159.0 steps 1000 
INFO : 2020-12-18 01:38:09,248 : episode: 24 score: -125.1 100 games avg: -125.1 steps 1000 
INFO : 2020-12-18 01:41:56,950 : episode: 25 score: -115.7 100 games avg: -115.7 steps 1000 
INFO : 2020-12-18 01:45:45,305 : episode: 26 score: -134.3 100 games avg: -134.3 steps 1000 
INFO : 2020-12-18 01:49:33,840 : episode: 27 score: -179.3 100 games avg: -179.3 steps 1000 
INFO : 2020-12-18 01:53:21,661 : episode: 28 score: -138.2 100 games avg: -138.2 steps 1000 
INFO : 2020-12-18 01:57:09,606 : episode: 29 score: -110.6 100 games avg: -110.6 steps 1000 
INFO : 2020-12-18 02:00:58,263 : episode: 30 score: -246.0 100 games avg: -246.0 steps 1000 
INFO : 2020-12-18 02:04:46,344 : episode: 31 score: -115.2 100 games avg: -115.2 steps 1000 
INFO : 2020-12-18 02:08:34,944 : episode: 32 score: -200.4 100 games avg: -200.4 steps 1000 
INFO : 2020-12-18 02:12:23,611 : episode: 33 score: -113.5 100 games avg: -113.5 steps 1000 
INFO : 2020-12-18 02:16:12,314 : episode: 34 score: -92.4 100 games avg: -92.4 steps 1000 
INFO : 2020-12-18 02:20:00,979 : episode: 35 score: -88.3 100 games avg: -88.3 steps 1000 
INFO : 2020-12-18 02:23:49,628 : episode: 36 score: -68.4 100 games avg: -68.4 steps 1000 
INFO : 2020-12-18 02:27:38,417 : episode: 37 score: -68.5 100 games avg: -68.5 steps 1000 
INFO : 2020-12-18 02:31:27,404 : episode: 38 score: -59.5 100 games avg: -59.5 steps 1000 
INFO : 2020-12-18 02:35:16,609 : episode: 39 score: 148.5 100 games avg: 148.5 steps 1000 
INFO : 2020-12-18 02:39:04,931 : episode: 40 score: 64.4 100 games avg: 64.4 steps 1000 
INFO : 2020-12-18 02:42:53,476 : episode: 41 score: 131.2 100 games avg: 131.2 steps 1000 
INFO : 2020-12-18 02:46:42,326 : episode: 42 score: 189.6 100 games avg: 189.6 steps 1000 
INFO : 2020-12-18 02:50:31,347 : episode: 43 score: 374.4 100 games avg: 374.4 steps 1000 
INFO : 2020-12-18 02:54:20,079 : episode: 44 score: 469.5 100 games avg: 469.5 steps 1000 
INFO : 2020-12-18 02:58:09,120 : episode: 45 score: 488.2 100 games avg: 488.2 steps 1000 
INFO : 2020-12-18 03:01:57,605 : episode: 46 score: 533.5 100 games avg: 533.5 steps 1000 
INFO : 2020-12-18 03:05:45,954 : episode: 47 score: 584.6 100 games avg: 584.6 steps 1000 
INFO : 2020-12-18 03:09:35,284 : episode: 48 score: 663.2 100 games avg: 663.2 steps 1000 
INFO : 2020-12-18 03:13:24,637 : episode: 49 score: 601.7 100 games avg: 601.7 steps 1000 
INFO : 2020-12-18 03:17:13,949 : episode: 50 score: 745.7 100 games avg: 745.7 steps 1000 
INFO : 2020-12-18 03:21:03,179 : episode: 51 score: 726.3 100 games avg: 726.3 steps 1000 
INFO : 2020-12-18 03:24:52,044 : episode: 52 score: 719.0 100 games avg: 719.0 steps 1000 
INFO : 2020-12-18 03:28:42,387 : episode: 53 score: 731.9 100 games avg: 731.9 steps 1000 
INFO : 2020-12-18 03:32:31,965 : episode: 54 score: 695.0 100 games avg: 695.0 steps 1000 
INFO : 2020-12-18 03:36:21,648 : episode: 55 score: 733.6 100 games avg: 733.6 steps 1000 
INFO : 2020-12-18 03:40:11,356 : episode: 56 score: 736.1 100 games avg: 736.1 steps 1000 
INFO : 2020-12-18 03:44:01,157 : episode: 57 score: 811.5 100 games avg: 811.5 steps 1000 
INFO : 2020-12-18 03:47:50,772 : episode: 58 score: 823.2 100 games avg: 823.2 steps 1000 
INFO : 2020-12-18 03:51:40,576 : episode: 59 score: 935.6 100 games avg: 935.6 steps 1000 
INFO : 2020-12-18 03:55:30,381 : episode: 60 score: 922.0 100 games avg: 922.0 steps 1000 
INFO : 2020-12-18 03:59:19,983 : episode: 61 score: 784.1 100 games avg: 784.1 steps 1000 
INFO : 2020-12-18 04:03:09,822 : episode: 62 score: 874.7 100 games avg: 874.7 steps 1000 
INFO : 2020-12-18 04:06:59,686 : episode: 63 score: 814.3 100 games avg: 814.3 steps 1000 
INFO : 2020-12-18 04:10:49,821 : episode: 64 score: 825.1 100 games avg: 825.1 steps 1000 
INFO : 2020-12-18 04:14:39,799 : episode: 65 score: 790.7 100 games avg: 790.7 steps 1000 
INFO : 2020-12-18 04:18:29,677 : episode: 66 score: 889.0 100 games avg: 889.0 steps 1000 
INFO : 2020-12-18 04:22:19,752 : episode: 67 score: 831.1 100 games avg: 831.1 steps 1000 
INFO : 2020-12-18 04:26:09,808 : episode: 68 score: 854.2 100 games avg: 854.2 steps 1000 
INFO : 2020-12-18 04:29:59,265 : episode: 69 score: 930.3 100 games avg: 930.3 steps 1000 
INFO : 2020-12-18 04:33:49,057 : episode: 70 score: 878.6 100 games avg: 878.6 steps 1000 
INFO : 2020-12-18 04:37:38,771 : episode: 71 score: 843.4 100 games avg: 843.4 steps 1000 
INFO : 2020-12-18 04:41:28,761 : episode: 72 score: 858.7 100 games avg: 858.7 steps 1000 
INFO : 2020-12-18 04:45:18,780 : episode: 73 score: 823.3 100 games avg: 823.3 steps 1000 
INFO : 2020-12-18 04:49:09,242 : episode: 74 score: 958.6 100 games avg: 958.6 steps 1000 
INFO : 2020-12-18 04:52:59,825 : episode: 75 score: 835.6 100 games avg: 835.6 steps 1000 
INFO : 2020-12-18 04:56:50,306 : episode: 76 score: 885.0 100 games avg: 885.0 steps 1000 
INFO : 2020-12-18 05:00:40,437 : episode: 77 score: 876.4 100 games avg: 876.4 steps 1000 
INFO : 2020-12-18 05:04:31,334 : episode: 78 score: 977.5 100 games avg: 977.5 steps 1000 
INFO : 2020-12-18 05:08:21,950 : episode: 79 score: 1192.7 100 games avg: 1192.7 steps 1000 
INFO : 2020-12-18 05:12:12,971 : episode: 80 score: 920.8 100 games avg: 920.8 steps 1000 
INFO : 2020-12-18 05:16:03,480 : episode: 81 score: 1197.3 100 games avg: 1197.3 steps 1000 
INFO : 2020-12-18 05:19:53,798 : episode: 82 score: 844.2 100 games avg: 844.2 steps 1000 
INFO : 2020-12-18 05:23:44,403 : episode: 83 score: 865.7 100 games avg: 865.7 steps 1000 
INFO : 2020-12-18 05:27:34,719 : episode: 84 score: 892.5 100 games avg: 892.5 steps 1000 
INFO : 2020-12-18 05:31:25,683 : episode: 85 score: 1166.3 100 games avg: 1166.3 steps 1000 
INFO : 2020-12-18 05:35:16,834 : episode: 86 score: 871.6 100 games avg: 871.6 steps 1000 
INFO : 2020-12-18 05:39:07,086 : episode: 87 score: 867.7 100 games avg: 867.7 steps 1000 
INFO : 2020-12-18 05:42:58,381 : episode: 88 score: 939.1 100 games avg: 939.1 steps 1000 
INFO : 2020-12-18 05:46:49,359 : episode: 89 score: 1874.2 100 games avg: 1874.2 steps 1000 
INFO : 2020-12-18 05:50:40,613 : episode: 90 score: 1008.5 100 games avg: 1008.5 steps 1000 
INFO : 2020-12-18 05:54:32,063 : episode: 91 score: 1578.3 100 games avg: 1578.3 steps 1000 
INFO : 2020-12-18 05:58:23,072 : episode: 92 score: 1893.6 100 games avg: 1893.6 steps 1000 
INFO : 2020-12-18 06:02:14,234 : episode: 93 score: 1842.7 100 games avg: 1842.7 steps 1000 
INFO : 2020-12-18 06:06:05,733 : episode: 94 score: 1505.3 100 games avg: 1505.3 steps 1000 
INFO : 2020-12-18 06:09:57,377 : episode: 95 score: 1402.5 100 games avg: 1402.5 steps 1000 
INFO : 2020-12-18 06:13:48,404 : episode: 96 score: 1397.0 100 games avg: 1397.0 steps 1000 
INFO : 2020-12-18 06:17:39,391 : episode: 97 score: 937.6 100 games avg: 937.6 steps 1000 
INFO : 2020-12-18 06:21:30,614 : episode: 98 score: 1744.5 100 games avg: 1744.5 steps 1000 
INFO : 2020-12-18 06:25:21,609 : episode: 99 score: 871.4 100 games avg: 871.4 steps 1000 
