INFO : 2021-01-29 19:48:15,295 : method: Model Predictive Contorol
INFO : 2021-01-29 19:48:15,295 : parameter n_steps: 100 ensemble_size: 5 env: Continuous_CartPole
INFO : 2021-01-29 19:48:18,118 : mpc horizon: 10 mpc_samples: 100 elite_sample: 30 grad_steps: 10
INFO : 2021-01-29 19:48:18,118 : mpc_function policy
INFO : 2021-01-29 19:48:18,118 : policy
INFO : 2021-01-29 19:48:23,206 : episode: 0 score: 32.0 100 games avg: 32.0 steps 33 
INFO : 2021-01-29 19:48:28,568 : episode: 1 score: 33.0 100 games avg: 33.0 steps 34 
INFO : 2021-01-29 19:48:32,695 : episode: 2 score: 25.0 100 games avg: 25.0 steps 26 
INFO : 2021-01-29 19:48:40,517 : episode: 3 score: 49.0 100 games avg: 49.0 steps 50 
INFO : 2021-01-29 19:48:44,326 : episode: 4 score: 23.0 100 games avg: 23.0 steps 24 
INFO : 2021-01-29 19:48:48,444 : episode: 5 score: 25.0 100 games avg: 25.0 steps 26 
INFO : 2021-01-29 19:48:52,715 : episode: 6 score: 26.0 100 games avg: 26.0 steps 27 
INFO : 2021-01-29 19:48:58,748 : episode: 7 score: 37.0 100 games avg: 37.0 steps 38 
INFO : 2021-01-29 19:49:01,140 : episode: 8 score: 12.0 100 games avg: 12.0 steps 13 
INFO : 2021-01-29 19:49:03,174 : episode: 9 score: 10.0 100 games avg: 10.0 steps 11 
INFO : 2021-01-29 19:49:05,213 : episode: 10 score: 10.0 100 games avg: 10.0 steps 11 
INFO : 2021-01-29 19:49:07,424 : episode: 11 score: 11.0 100 games avg: 11.0 steps 12 
INFO : 2021-01-29 19:49:09,635 : episode: 12 score: 11.0 100 games avg: 11.0 steps 12 
INFO : 2021-01-29 19:49:11,321 : episode: 13 score: 8.0 100 games avg: 8.0 steps 9 
INFO : 2021-01-29 19:49:13,722 : episode: 14 score: 12.0 100 games avg: 12.0 steps 13 
INFO : 2021-01-29 19:49:15,769 : episode: 15 score: 10.0 100 games avg: 10.0 steps 11 
INFO : 2021-01-29 19:49:18,177 : episode: 16 score: 12.0 100 games avg: 12.0 steps 13 
INFO : 2021-01-29 19:49:20,778 : episode: 17 score: 13.0 100 games avg: 13.0 steps 14 
INFO : 2021-01-29 19:49:21,944 : episode: 18 score: 5.0 100 games avg: 5.0 steps 6 
INFO : 2021-01-29 19:49:25,038 : episode: 19 score: 16.0 100 games avg: 16.0 steps 17 
INFO : 2021-01-29 19:49:26,721 : episode: 20 score: 8.0 100 games avg: 8.0 steps 9 
INFO : 2021-01-29 19:49:28,930 : episode: 21 score: 11.0 100 games avg: 11.0 steps 12 
INFO : 2021-01-29 19:49:31,318 : episode: 22 score: 12.0 100 games avg: 12.0 steps 13 
INFO : 2021-01-29 19:49:33,537 : episode: 23 score: 11.0 100 games avg: 11.0 steps 12 
INFO : 2021-01-29 19:49:37,507 : episode: 24 score: 21.0 100 games avg: 21.0 steps 22 
INFO : 2021-01-29 19:49:39,893 : episode: 25 score: 12.0 100 games avg: 12.0 steps 13 
INFO : 2021-01-29 19:49:43,015 : episode: 26 score: 16.0 100 games avg: 16.0 steps 17 
INFO : 2021-01-29 19:49:46,106 : episode: 27 score: 16.0 100 games avg: 16.0 steps 17 
INFO : 2021-01-29 19:49:48,417 : episode: 28 score: 11.0 100 games avg: 11.0 steps 12 
INFO : 2021-01-29 19:49:50,542 : episode: 29 score: 10.0 100 games avg: 10.0 steps 11 
INFO : 2021-01-29 19:49:54,605 : episode: 30 score: 21.0 100 games avg: 21.0 steps 22 
INFO : 2021-01-29 19:49:56,040 : episode: 31 score: 6.0 100 games avg: 6.0 steps 7 
INFO : 2021-01-29 19:50:00,103 : episode: 32 score: 21.0 100 games avg: 21.0 steps 22 
INFO : 2021-01-29 19:50:02,771 : episode: 33 score: 13.0 100 games avg: 13.0 steps 14 
INFO : 2021-01-29 19:50:05,089 : episode: 34 score: 11.0 100 games avg: 11.0 steps 12 
INFO : 2021-01-29 19:50:10,386 : episode: 35 score: 28.0 100 games avg: 28.0 steps 29 
INFO : 2021-01-29 19:50:12,335 : episode: 36 score: 9.0 100 games avg: 9.0 steps 10 
INFO : 2021-01-29 19:50:15,340 : episode: 37 score: 15.0 100 games avg: 15.0 steps 16 
INFO : 2021-01-29 19:50:16,774 : episode: 38 score: 6.0 100 games avg: 6.0 steps 7 
INFO : 2021-01-29 19:50:27,903 : episode: 39 score: 61.0 100 games avg: 61.0 steps 62 
INFO : 2021-01-29 19:50:33,025 : episode: 40 score: 27.0 100 games avg: 27.0 steps 28 
INFO : 2021-01-29 19:50:38,499 : episode: 41 score: 29.0 100 games avg: 29.0 steps 30 
INFO : 2021-01-29 19:50:43,181 : episode: 42 score: 24.0 100 games avg: 24.0 steps 25 
INFO : 2021-01-29 19:50:44,867 : episode: 43 score: 7.0 100 games avg: 7.0 steps 8 
INFO : 2021-01-29 19:50:50,291 : episode: 44 score: 28.0 100 games avg: 28.0 steps 29 
INFO : 2021-01-29 19:50:54,975 : episode: 45 score: 24.0 100 games avg: 24.0 steps 25 
INFO : 2021-01-29 19:50:57,399 : episode: 46 score: 11.0 100 games avg: 11.0 steps 12 
INFO : 2021-01-29 19:51:00,500 : episode: 47 score: 15.0 100 games avg: 15.0 steps 16 
INFO : 2021-01-29 19:51:03,955 : episode: 48 score: 17.0 100 games avg: 17.0 steps 18 
INFO : 2021-01-29 19:51:08,821 : episode: 49 score: 25.0 100 games avg: 25.0 steps 26 
INFO : 2021-01-29 19:51:11,214 : episode: 50 score: 11.0 100 games avg: 11.0 steps 12 
INFO : 2021-01-29 19:51:16,784 : episode: 51 score: 29.0 100 games avg: 29.0 steps 30 
INFO : 2021-01-29 19:51:22,888 : episode: 52 score: 32.0 100 games avg: 32.0 steps 33 
INFO : 2021-01-29 19:51:26,275 : episode: 53 score: 16.0 100 games avg: 16.0 steps 17 
INFO : 2021-01-29 19:51:31,450 : episode: 54 score: 26.0 100 games avg: 26.0 steps 27 
INFO : 2021-01-29 19:51:45,617 : episode: 55 score: 77.0 100 games avg: 77.0 steps 78 
INFO : 2021-01-29 19:52:03,283 : episode: 56 score: 97.0 100 games avg: 97.0 steps 98 
INFO : 2021-01-29 19:52:24,650 : episode: 57 score: 118.0 100 games avg: 118.0 steps 119 
INFO : 2021-01-29 19:52:44,758 : episode: 58 score: 110.0 100 games avg: 110.0 steps 111 
INFO : 2021-01-29 19:53:07,665 : episode: 59 score: 126.0 100 games avg: 126.0 steps 127 
INFO : 2021-01-29 19:53:33,685 : episode: 60 score: 143.0 100 games avg: 143.0 steps 144 
INFO : 2021-01-29 19:54:06,394 : episode: 61 score: 180.0 100 games avg: 180.0 steps 181 
INFO : 2021-01-29 19:54:32,317 : episode: 62 score: 140.0 100 games avg: 140.0 steps 141 
INFO : 2021-01-29 19:55:08,604 : episode: 63 score: 200.0 100 games avg: 200.0 steps 201 
INFO : 2021-01-29 19:55:44,493 : episode: 64 score: 198.0 100 games avg: 198.0 steps 199 
INFO : 2021-01-29 19:56:20,807 : episode: 65 score: 200.0 100 games avg: 200.0 steps 201 
INFO : 2021-01-29 19:56:45,290 : episode: 66 score: 132.0 100 games avg: 132.0 steps 133 
INFO : 2021-01-29 19:57:21,723 : episode: 67 score: 200.0 100 games avg: 200.0 steps 201 
