INFO : 2021-01-31 01:59:27,720 : method: Model Predictive Contorol
INFO : 2021-01-31 01:59:27,721 : parameter n_steps: 200 ensemble_size: 5 env: Ant-v2
INFO : 2021-01-31 01:59:30,707 : mpc horizon: 10 mpc_samples: 100 elite_sample: 30 grad_steps: 10
INFO : 2021-01-31 01:59:30,708 : mpc_function policy-kl3
INFO : 2021-01-31 01:59:30,708 : policy-kl3
INFO : 2021-01-31 02:02:40,653 : episode: 0 score: 93.1 100 games avg: 93.1 steps 466 
INFO : 2021-01-31 02:02:52,230 : episode: 1 score: -26.9 100 games avg: -26.9 steps 27 
INFO : 2021-01-31 02:03:04,679 : episode: 2 score: -5.1 100 games avg: -5.1 steps 29 
INFO : 2021-01-31 02:11:31,119 : episode: 3 score: -219.8 100 games avg: -219.8 steps 1000 
INFO : 2021-01-31 02:20:33,467 : episode: 4 score: 422.7 100 games avg: 422.7 steps 1000 
INFO : 2021-01-31 02:29:38,910 : episode: 5 score: 587.5 100 games avg: 587.5 steps 1000 
INFO : 2021-01-31 02:38:45,321 : episode: 6 score: 524.7 100 games avg: 524.7 steps 1000 
INFO : 2021-01-31 02:47:54,570 : episode: 7 score: 426.0 100 games avg: 426.0 steps 1000 
INFO : 2021-01-31 02:57:04,989 : episode: 8 score: 559.2 100 games avg: 559.2 steps 1000 
INFO : 2021-01-31 03:06:15,993 : episode: 9 score: 566.0 100 games avg: 566.0 steps 1000 
INFO : 2021-01-31 03:12:25,349 : episode: 10 score: 421.7 100 games avg: 421.7 steps 666 
INFO : 2021-01-31 03:21:37,463 : episode: 11 score: 619.2 100 games avg: 619.2 steps 1000 
INFO : 2021-01-31 03:30:52,131 : episode: 12 score: 614.1 100 games avg: 614.1 steps 1000 
INFO : 2021-01-31 03:40:05,169 : episode: 13 score: 629.2 100 games avg: 629.2 steps 1000 
INFO : 2021-01-31 03:49:18,800 : episode: 14 score: 555.3 100 games avg: 555.3 steps 1000 
INFO : 2021-01-31 03:58:33,525 : episode: 15 score: 633.6 100 games avg: 633.6 steps 1000 
INFO : 2021-01-31 04:07:47,877 : episode: 16 score: 637.4 100 games avg: 637.4 steps 1000 
INFO : 2021-01-31 04:17:03,020 : episode: 17 score: 577.6 100 games avg: 577.6 steps 1000 
INFO : 2021-01-31 04:18:00,048 : episode: 18 score: 78.5 100 games avg: 78.5 steps 94 
INFO : 2021-01-31 04:27:13,858 : episode: 19 score: 714.8 100 games avg: 714.8 steps 1000 
INFO : 2021-01-31 04:36:32,987 : episode: 20 score: 661.6 100 games avg: 661.6 steps 1000 
INFO : 2021-01-31 04:45:53,798 : episode: 21 score: 541.6 100 games avg: 541.6 steps 1000 
INFO : 2021-01-31 04:55:13,293 : episode: 22 score: 563.0 100 games avg: 563.0 steps 1000 
INFO : 2021-01-31 05:04:29,075 : episode: 23 score: 526.8 100 games avg: 526.8 steps 1000 
INFO : 2021-01-31 05:13:46,239 : episode: 24 score: 554.9 100 games avg: 554.9 steps 1000 
INFO : 2021-01-31 05:23:08,367 : episode: 25 score: 567.8 100 games avg: 567.8 steps 1000 
INFO : 2021-01-31 05:32:30,838 : episode: 26 score: 516.4 100 games avg: 516.4 steps 1000 
INFO : 2021-01-31 05:41:52,488 : episode: 27 score: 614.9 100 games avg: 614.9 steps 1000 
INFO : 2021-01-31 05:51:15,591 : episode: 28 score: 657.7 100 games avg: 657.7 steps 1000 
INFO : 2021-01-31 06:00:37,790 : episode: 29 score: 690.7 100 games avg: 690.7 steps 1000 
INFO : 2021-01-31 06:09:59,068 : episode: 30 score: 526.4 100 games avg: 526.4 steps 1000 
INFO : 2021-01-31 06:18:15,736 : episode: 31 score: 502.7 100 games avg: 502.7 steps 870 
INFO : 2021-01-31 06:27:44,143 : episode: 32 score: 677.6 100 games avg: 677.6 steps 1000 
INFO : 2021-01-31 06:37:05,925 : episode: 33 score: 661.4 100 games avg: 661.4 steps 1000 
INFO : 2021-01-31 06:46:34,114 : episode: 34 score: 612.3 100 games avg: 612.3 steps 1000 
INFO : 2021-01-31 06:56:05,803 : episode: 35 score: 710.0 100 games avg: 710.0 steps 1000 
INFO : 2021-01-31 07:05:34,043 : episode: 36 score: 823.2 100 games avg: 823.2 steps 1000 
INFO : 2021-01-31 07:14:58,341 : episode: 37 score: 762.9 100 games avg: 762.9 steps 1000 
INFO : 2021-01-31 07:20:35,850 : episode: 38 score: 412.1 100 games avg: 412.1 steps 585 
INFO : 2021-01-31 07:30:01,390 : episode: 39 score: 689.2 100 games avg: 689.2 steps 1000 
INFO : 2021-01-31 07:39:27,743 : episode: 40 score: 715.0 100 games avg: 715.0 steps 1000 
INFO : 2021-01-31 07:48:58,078 : episode: 41 score: 732.3 100 games avg: 732.3 steps 1000 
INFO : 2021-01-31 07:58:25,420 : episode: 42 score: 754.3 100 games avg: 754.3 steps 1000 
INFO : 2021-01-31 08:07:54,681 : episode: 43 score: 601.3 100 games avg: 601.3 steps 1000 
INFO : 2021-01-31 08:17:25,898 : episode: 44 score: 658.3 100 games avg: 658.3 steps 1000 
INFO : 2021-01-31 08:20:08,533 : episode: 45 score: 205.0 100 games avg: 205.0 steps 258 
INFO : 2021-01-31 08:29:35,907 : episode: 46 score: 558.8 100 games avg: 558.8 steps 1000 
INFO : 2021-01-31 08:39:05,587 : episode: 47 score: 686.1 100 games avg: 686.1 steps 1000 
INFO : 2021-01-31 08:44:35,480 : episode: 48 score: 460.7 100 games avg: 460.7 steps 566 
INFO : 2021-01-31 08:54:04,930 : episode: 49 score: 772.7 100 games avg: 772.7 steps 1000 
INFO : 2021-01-31 09:03:40,588 : episode: 50 score: 578.2 100 games avg: 578.2 steps 1000 
INFO : 2021-01-31 09:13:13,746 : episode: 51 score: 672.3 100 games avg: 672.3 steps 1000 
INFO : 2021-01-31 09:22:46,480 : episode: 52 score: 806.5 100 games avg: 806.5 steps 1000 
INFO : 2021-01-31 09:27:28,055 : episode: 53 score: 380.5 100 games avg: 380.5 steps 483 
INFO : 2021-01-31 09:36:58,088 : episode: 54 score: 792.8 100 games avg: 792.8 steps 1000 
INFO : 2021-01-31 09:41:57,655 : episode: 55 score: 377.4 100 games avg: 377.4 steps 509 
INFO : 2021-01-31 09:51:31,331 : episode: 56 score: 755.1 100 games avg: 755.1 steps 1000 
INFO : 2021-01-31 09:52:10,026 : episode: 57 score: 40.1 100 games avg: 40.1 steps 30 
INFO : 2021-01-31 09:56:46,493 : episode: 58 score: 357.9 100 games avg: 357.9 steps 465 
INFO : 2021-01-31 10:06:19,245 : episode: 59 score: 699.3 100 games avg: 699.3 steps 1000 
INFO : 2021-01-31 10:07:14,228 : episode: 60 score: 72.2 100 games avg: 72.2 steps 62 
INFO : 2021-01-31 10:16:49,919 : episode: 61 score: 910.9 100 games avg: 910.9 steps 1000 
INFO : 2021-01-31 10:26:18,597 : episode: 62 score: 909.9 100 games avg: 909.9 steps 1000 
INFO : 2021-01-31 10:27:17,773 : episode: 63 score: 75.9 100 games avg: 75.9 steps 58 
INFO : 2021-01-31 10:36:47,602 : episode: 64 score: 792.0 100 games avg: 792.0 steps 1000 
INFO : 2021-01-31 10:45:32,827 : episode: 65 score: 729.2 100 games avg: 729.2 steps 1000 
INFO : 2021-01-31 10:53:07,574 : episode: 66 score: 943.0 100 games avg: 943.0 steps 1000 
INFO : 2021-01-31 11:00:35,977 : episode: 67 score: 850.8 100 games avg: 850.8 steps 1000 
INFO : 2021-01-31 11:04:11,242 : episode: 68 score: 336.8 100 games avg: 336.8 steps 453 
INFO : 2021-01-31 11:05:29,684 : episode: 69 score: 135.6 100 games avg: 135.6 steps 123 
INFO : 2021-01-31 11:06:24,272 : episode: 70 score: 47.7 100 games avg: 47.7 steps 71 
INFO : 2021-01-31 11:13:51,968 : episode: 71 score: 784.9 100 games avg: 784.9 steps 1000 
INFO : 2021-01-31 11:21:19,808 : episode: 72 score: 617.8 100 games avg: 617.8 steps 1000 
INFO : 2021-01-31 11:22:44,550 : episode: 73 score: 133.6 100 games avg: 133.6 steps 143 
INFO : 2021-01-31 11:30:13,405 : episode: 74 score: 615.2 100 games avg: 615.2 steps 1000 
INFO : 2021-01-31 11:37:36,227 : episode: 75 score: 740.9 100 games avg: 740.9 steps 1000 
INFO : 2021-01-31 11:45:10,261 : episode: 76 score: 555.3 100 games avg: 555.3 steps 1000 
INFO : 2021-01-31 11:49:08,273 : episode: 77 score: 483.9 100 games avg: 483.9 steps 496 
INFO : 2021-01-31 11:56:39,335 : episode: 78 score: 803.5 100 games avg: 803.5 steps 1000 
INFO : 2021-01-31 12:00:10,755 : episode: 79 score: 387.7 100 games avg: 387.7 steps 423 
INFO : 2021-01-31 12:07:49,216 : episode: 80 score: 725.2 100 games avg: 725.2 steps 1000 
INFO : 2021-01-31 12:15:20,765 : episode: 81 score: 628.9 100 games avg: 628.9 steps 1000 
INFO : 2021-01-31 12:22:55,409 : episode: 82 score: 599.8 100 games avg: 599.8 steps 1000 
