INFO : 2020-12-19 02:51:44,295 : method: Model Predictive Contorol
INFO : 2020-12-19 02:51:44,297 : parameter n_steps: 50 ensemble_size: 5 env: HalfCheetah-v2
INFO : 2020-12-19 02:51:47,142 : mpc horizon: 10 mpc_samples: 100
INFO : 2020-12-19 02:51:47,142 : mpc_function policy-kl
INFO : 2020-12-19 03:20:14,477 : episode: 0 score: -386.0 100 games avg: -386.0 steps 1000 
INFO : 2020-12-19 03:48:46,114 : episode: 1 score: -305.4 100 games avg: -305.4 steps 1000 
INFO : 2020-12-19 04:17:18,031 : episode: 2 score: 33.6 100 games avg: 33.6 steps 1000 
INFO : 2020-12-19 04:45:52,393 : episode: 3 score: -278.1 100 games avg: -278.1 steps 1000 
INFO : 2020-12-19 05:14:24,538 : episode: 4 score: -331.9 100 games avg: -331.9 steps 1000 
INFO : 2020-12-19 05:42:56,614 : episode: 5 score: -352.0 100 games avg: -352.0 steps 1000 
INFO : 2020-12-19 06:11:28,342 : episode: 6 score: -54.1 100 games avg: -54.1 steps 1000 
INFO : 2020-12-19 06:39:58,659 : episode: 7 score: 65.7 100 games avg: 65.7 steps 1000 
INFO : 2020-12-19 07:08:33,577 : episode: 8 score: 355.2 100 games avg: 355.2 steps 1000 
INFO : 2020-12-19 07:37:06,131 : episode: 9 score: -189.3 100 games avg: -189.3 steps 1000 
INFO : 2020-12-19 08:05:40,593 : episode: 10 score: -103.2 100 games avg: -103.2 steps 1000 
INFO : 2020-12-19 08:34:09,605 : episode: 11 score: -192.4 100 games avg: -192.4 steps 1000 
INFO : 2020-12-19 09:02:43,009 : episode: 12 score: 41.2 100 games avg: 41.2 steps 1000 
INFO : 2020-12-19 09:31:17,243 : episode: 13 score: 69.3 100 games avg: 69.3 steps 1000 
INFO : 2020-12-19 09:59:45,574 : episode: 14 score: 122.6 100 games avg: 122.6 steps 1000 
INFO : 2020-12-19 10:28:17,155 : episode: 15 score: 192.1 100 games avg: 192.1 steps 1000 
INFO : 2020-12-19 10:56:47,042 : episode: 16 score: 68.4 100 games avg: 68.4 steps 1000 
INFO : 2020-12-19 11:25:16,774 : episode: 17 score: 527.8 100 games avg: 527.8 steps 1000 
INFO : 2020-12-19 11:53:46,677 : episode: 18 score: 48.8 100 games avg: 48.8 steps 1000 
INFO : 2020-12-19 12:22:19,801 : episode: 19 score: 295.8 100 games avg: 295.8 steps 1000 
INFO : 2020-12-19 12:50:53,261 : episode: 20 score: -189.3 100 games avg: -189.3 steps 1000 
INFO : 2020-12-19 13:19:23,710 : episode: 21 score: -14.4 100 games avg: -14.4 steps 1000 
INFO : 2020-12-19 13:47:57,119 : episode: 22 score: -78.6 100 games avg: -78.6 steps 1000 
INFO : 2020-12-19 14:16:30,483 : episode: 23 score: -307.0 100 games avg: -307.0 steps 1000 
INFO : 2020-12-19 14:45:05,894 : episode: 24 score: 8.2 100 games avg: 8.2 steps 1000 
INFO : 2020-12-19 15:13:38,457 : episode: 25 score: 304.8 100 games avg: 304.8 steps 1000 
INFO : 2020-12-19 15:42:13,367 : episode: 26 score: 429.9 100 games avg: 429.9 steps 1000 
INFO : 2020-12-19 16:10:45,279 : episode: 27 score: 200.0 100 games avg: 200.0 steps 1000 
INFO : 2020-12-19 16:39:18,474 : episode: 28 score: 400.4 100 games avg: 400.4 steps 1000 
INFO : 2020-12-19 17:07:52,501 : episode: 29 score: 647.5 100 games avg: 647.5 steps 1000 
INFO : 2020-12-19 17:36:26,429 : episode: 30 score: 788.5 100 games avg: 788.5 steps 1000 
INFO : 2020-12-19 18:04:59,899 : episode: 31 score: 864.5 100 games avg: 864.5 steps 1000 
INFO : 2020-12-19 18:33:32,220 : episode: 32 score: 1022.9 100 games avg: 1022.9 steps 1000 
INFO : 2020-12-19 19:02:07,865 : episode: 33 score: 1196.0 100 games avg: 1196.0 steps 1000 
INFO : 2020-12-19 19:30:43,876 : episode: 34 score: -136.5 100 games avg: -136.5 steps 1000 
INFO : 2020-12-19 19:59:19,627 : episode: 35 score: 1267.7 100 games avg: 1267.7 steps 1000 
INFO : 2020-12-19 20:27:50,429 : episode: 36 score: 1093.9 100 games avg: 1093.9 steps 1000 
INFO : 2020-12-19 20:56:24,370 : episode: 37 score: 1436.9 100 games avg: 1436.9 steps 1000 
INFO : 2020-12-19 21:24:55,130 : episode: 38 score: 1537.7 100 games avg: 1537.7 steps 1000 
INFO : 2020-12-19 21:53:28,572 : episode: 39 score: 1660.7 100 games avg: 1660.7 steps 1000 
INFO : 2020-12-19 22:21:59,395 : episode: 40 score: 1655.1 100 games avg: 1655.1 steps 1000 
INFO : 2020-12-19 22:50:35,580 : episode: 41 score: 1807.7 100 games avg: 1807.7 steps 1000 
INFO : 2020-12-19 23:19:09,540 : episode: 42 score: -105.9 100 games avg: -105.9 steps 1000 
INFO : 2020-12-19 23:47:42,121 : episode: 43 score: 244.9 100 games avg: 244.9 steps 1000 
INFO : 2020-12-20 00:16:17,790 : episode: 44 score: 2415.4 100 games avg: 2415.4 steps 1000 
INFO : 2020-12-20 00:44:48,820 : episode: 45 score: 2405.8 100 games avg: 2405.8 steps 1000 
INFO : 2020-12-20 01:13:24,652 : episode: 46 score: 2381.1 100 games avg: 2381.1 steps 1000 
INFO : 2020-12-20 01:41:54,463 : episode: 47 score: 2748.0 100 games avg: 2748.0 steps 1000 
INFO : 2020-12-20 02:10:24,535 : episode: 48 score: 2947.2 100 games avg: 2947.2 steps 1000 
INFO : 2020-12-20 02:38:46,435 : episode: 49 score: 452.4 100 games avg: 452.4 steps 1000 
