INFO : 2020-12-17 20:24:37,778 : method: Model Predictive Contorol
INFO : 2020-12-17 20:24:37,780 : perameter n_steps: 100 ensemble_size: 3 env: HalfCheetah-v2
INFO : 2020-12-17 20:24:43,596 : mpc horizon: 10 mpc_samples: 100
INFO : 2020-12-17 20:29:00,798 : episode: 0 score: -140.2 100 games avg: -140.2 steps 1000 
INFO : 2020-12-17 20:33:26,693 : episode: 1 score: -139.0 100 games avg: -139.0 steps 1000 
INFO : 2020-12-17 20:37:53,102 : episode: 2 score: -39.2 100 games avg: -39.2 steps 1000 
INFO : 2020-12-17 20:42:19,170 : episode: 3 score: -0.9 100 games avg: -0.9 steps 1000 
INFO : 2020-12-17 20:46:45,744 : episode: 4 score: -75.6 100 games avg: -75.6 steps 1000 
INFO : 2020-12-17 20:51:12,134 : episode: 5 score: -180.1 100 games avg: -180.1 steps 1000 
INFO : 2020-12-17 20:55:38,676 : episode: 6 score: -180.5 100 games avg: -180.5 steps 1000 
INFO : 2020-12-17 21:00:05,167 : episode: 7 score: -128.4 100 games avg: -128.4 steps 1000 
INFO : 2020-12-17 21:04:31,238 : episode: 8 score: -142.6 100 games avg: -142.6 steps 1000 
INFO : 2020-12-17 21:08:57,765 : episode: 9 score: -35.3 100 games avg: -35.3 steps 1000 
INFO : 2020-12-17 21:13:23,687 : episode: 10 score: -85.4 100 games avg: -85.4 steps 1000 
INFO : 2020-12-17 21:17:49,394 : episode: 11 score: -95.4 100 games avg: -95.4 steps 1000 
INFO : 2020-12-17 21:22:15,784 : episode: 12 score: -98.0 100 games avg: -98.0 steps 1000 
INFO : 2020-12-17 21:26:42,306 : episode: 13 score: -89.1 100 games avg: -89.1 steps 1000 
INFO : 2020-12-17 21:31:08,096 : episode: 14 score: -123.4 100 games avg: -123.4 steps 1000 
INFO : 2020-12-17 21:35:33,957 : episode: 15 score: -92.1 100 games avg: -92.1 steps 1000 
INFO : 2020-12-17 21:39:59,608 : episode: 16 score: -114.0 100 games avg: -114.0 steps 1000 
INFO : 2020-12-17 21:44:25,736 : episode: 17 score: -71.8 100 games avg: -71.8 steps 1000 
INFO : 2020-12-17 21:48:51,587 : episode: 18 score: -67.5 100 games avg: -67.5 steps 1000 
INFO : 2020-12-17 21:53:17,598 : episode: 19 score: -64.0 100 games avg: -64.0 steps 1000 
INFO : 2020-12-17 21:57:43,786 : episode: 20 score: -38.4 100 games avg: -38.4 steps 1000 
INFO : 2020-12-17 22:02:09,816 : episode: 21 score: -63.0 100 games avg: -63.0 steps 1000 
INFO : 2020-12-17 22:06:36,354 : episode: 22 score: -27.7 100 games avg: -27.7 steps 1000 
INFO : 2020-12-17 22:11:02,689 : episode: 23 score: 33.0 100 games avg: 33.0 steps 1000 
INFO : 2020-12-17 22:15:29,117 : episode: 24 score: 8.2 100 games avg: 8.2 steps 1000 
INFO : 2020-12-17 22:19:55,421 : episode: 25 score: 68.1 100 games avg: 68.1 steps 1000 
INFO : 2020-12-17 22:24:21,747 : episode: 26 score: 124.4 100 games avg: 124.4 steps 1000 
INFO : 2020-12-17 22:28:48,047 : episode: 27 score: 118.1 100 games avg: 118.1 steps 1000 
INFO : 2020-12-17 22:33:13,873 : episode: 28 score: 153.6 100 games avg: 153.6 steps 1000 
INFO : 2020-12-17 22:37:39,816 : episode: 29 score: 242.6 100 games avg: 242.6 steps 1000 
INFO : 2020-12-17 22:42:05,969 : episode: 30 score: 227.2 100 games avg: 227.2 steps 1000 
INFO : 2020-12-17 22:46:32,148 : episode: 31 score: 267.2 100 games avg: 267.2 steps 1000 
INFO : 2020-12-17 22:51:02,453 : episode: 32 score: 380.4 100 games avg: 380.4 steps 1000 
INFO : 2020-12-17 22:55:28,466 : episode: 33 score: 462.5 100 games avg: 462.5 steps 1000 
INFO : 2020-12-17 22:59:54,477 : episode: 34 score: 492.9 100 games avg: 492.9 steps 1000 
INFO : 2020-12-17 23:04:20,381 : episode: 35 score: 475.7 100 games avg: 475.7 steps 1000 
INFO : 2020-12-17 23:08:46,414 : episode: 36 score: 579.4 100 games avg: 579.4 steps 1000 
INFO : 2020-12-17 23:13:12,596 : episode: 37 score: 569.6 100 games avg: 569.6 steps 1000 
INFO : 2020-12-17 23:17:38,757 : episode: 38 score: 631.3 100 games avg: 631.3 steps 1000 
INFO : 2020-12-17 23:22:17,061 : episode: 39 score: 638.9 100 games avg: 638.9 steps 1000 
INFO : 2020-12-17 23:27:01,890 : episode: 40 score: 715.3 100 games avg: 715.3 steps 1000 
INFO : 2020-12-17 23:31:46,758 : episode: 41 score: 644.1 100 games avg: 644.1 steps 1000 
INFO : 2020-12-17 23:36:31,283 : episode: 42 score: 720.5 100 games avg: 720.5 steps 1000 
INFO : 2020-12-17 23:41:15,947 : episode: 43 score: 704.8 100 games avg: 704.8 steps 1000 
INFO : 2020-12-17 23:46:00,653 : episode: 44 score: 737.3 100 games avg: 737.3 steps 1000 
INFO : 2020-12-17 23:50:44,898 : episode: 45 score: 704.6 100 games avg: 704.6 steps 1000 
INFO : 2020-12-17 23:55:28,926 : episode: 46 score: 802.6 100 games avg: 802.6 steps 1000 
INFO : 2020-12-18 00:00:13,555 : episode: 47 score: 727.1 100 games avg: 727.1 steps 1000 
INFO : 2020-12-18 00:04:42,947 : episode: 48 score: 710.9 100 games avg: 710.9 steps 1000 
INFO : 2020-12-18 00:09:02,266 : episode: 49 score: 682.5 100 games avg: 682.5 steps 1000 
INFO : 2020-12-18 00:13:21,536 : episode: 50 score: 708.2 100 games avg: 708.2 steps 1000 
INFO : 2020-12-18 00:17:38,555 : episode: 51 score: 674.8 100 games avg: 674.8 steps 1000 
INFO : 2020-12-18 00:21:55,852 : episode: 52 score: 846.9 100 games avg: 846.9 steps 1000 
INFO : 2020-12-18 00:26:13,588 : episode: 53 score: 779.2 100 games avg: 779.2 steps 1000 
INFO : 2020-12-18 00:30:31,205 : episode: 54 score: 735.0 100 games avg: 735.0 steps 1000 
INFO : 2020-12-18 00:34:50,508 : episode: 55 score: 697.6 100 games avg: 697.6 steps 1000 
INFO : 2020-12-18 00:39:07,403 : episode: 56 score: 760.5 100 games avg: 760.5 steps 1000 
INFO : 2020-12-18 00:43:22,480 : episode: 57 score: 720.7 100 games avg: 720.7 steps 1000 
INFO : 2020-12-18 00:47:42,862 : episode: 58 score: 783.4 100 games avg: 783.4 steps 1000 
INFO : 2020-12-18 00:51:56,354 : episode: 59 score: 693.7 100 games avg: 693.7 steps 1000 
INFO : 2020-12-18 00:56:14,091 : episode: 60 score: 799.0 100 games avg: 799.0 steps 1000 
INFO : 2020-12-18 01:00:28,856 : episode: 61 score: 730.1 100 games avg: 730.1 steps 1000 
INFO : 2020-12-18 01:04:43,325 : episode: 62 score: 780.9 100 games avg: 780.9 steps 1000 
INFO : 2020-12-18 01:09:01,708 : episode: 63 score: 763.5 100 games avg: 763.5 steps 1000 
INFO : 2020-12-18 01:13:22,404 : episode: 64 score: 838.3 100 games avg: 838.3 steps 1000 
INFO : 2020-12-18 01:17:42,451 : episode: 65 score: 750.0 100 games avg: 750.0 steps 1000 
INFO : 2020-12-18 01:22:00,915 : episode: 66 score: 720.0 100 games avg: 720.0 steps 1000 
INFO : 2020-12-18 01:26:18,372 : episode: 67 score: 789.9 100 games avg: 789.9 steps 1000 
INFO : 2020-12-18 01:30:38,569 : episode: 68 score: 742.9 100 games avg: 742.9 steps 1000 
INFO : 2020-12-18 01:34:57,080 : episode: 69 score: 819.8 100 games avg: 819.8 steps 1000 
INFO : 2020-12-18 01:39:10,363 : episode: 70 score: 857.3 100 games avg: 857.3 steps 1000 
INFO : 2020-12-18 01:43:28,510 : episode: 71 score: 809.3 100 games avg: 809.3 steps 1000 
INFO : 2020-12-18 01:47:48,775 : episode: 72 score: 712.4 100 games avg: 712.4 steps 1000 
INFO : 2020-12-18 01:52:05,720 : episode: 73 score: 832.0 100 games avg: 832.0 steps 1000 
INFO : 2020-12-18 01:56:23,799 : episode: 74 score: 850.7 100 games avg: 850.7 steps 1000 
INFO : 2020-12-18 02:00:42,514 : episode: 75 score: 823.6 100 games avg: 823.6 steps 1000 
INFO : 2020-12-18 02:05:01,581 : episode: 76 score: 842.3 100 games avg: 842.3 steps 1000 
INFO : 2020-12-18 02:09:16,117 : episode: 77 score: 775.6 100 games avg: 775.6 steps 1000 
INFO : 2020-12-18 02:13:34,412 : episode: 78 score: 891.1 100 games avg: 891.1 steps 1000 
INFO : 2020-12-18 02:17:53,397 : episode: 79 score: 844.9 100 games avg: 844.9 steps 1000 
INFO : 2020-12-18 02:22:11,373 : episode: 80 score: 810.8 100 games avg: 810.8 steps 1000 
INFO : 2020-12-18 02:26:29,693 : episode: 81 score: 893.5 100 games avg: 893.5 steps 1000 
INFO : 2020-12-18 02:30:40,411 : episode: 82 score: 947.8 100 games avg: 947.8 steps 1000 
INFO : 2020-12-18 02:34:54,130 : episode: 83 score: 821.5 100 games avg: 821.5 steps 1000 
INFO : 2020-12-18 02:39:11,856 : episode: 84 score: 911.5 100 games avg: 911.5 steps 1000 
INFO : 2020-12-18 02:43:28,901 : episode: 85 score: 806.7 100 games avg: 806.7 steps 1000 
INFO : 2020-12-18 02:47:46,091 : episode: 86 score: 900.1 100 games avg: 900.1 steps 1000 
INFO : 2020-12-18 02:52:03,974 : episode: 87 score: 892.1 100 games avg: 892.1 steps 1000 
INFO : 2020-12-18 02:56:17,823 : episode: 88 score: 790.8 100 games avg: 790.8 steps 1000 
INFO : 2020-12-18 03:00:34,337 : episode: 89 score: 896.7 100 games avg: 896.7 steps 1000 
INFO : 2020-12-18 03:04:46,888 : episode: 90 score: 970.6 100 games avg: 970.6 steps 1000 
INFO : 2020-12-18 03:09:02,329 : episode: 91 score: 870.6 100 games avg: 870.6 steps 1000 
INFO : 2020-12-18 03:13:16,806 : episode: 92 score: 928.9 100 games avg: 928.9 steps 1000 
INFO : 2020-12-18 03:17:35,357 : episode: 93 score: 850.9 100 games avg: 850.9 steps 1000 
INFO : 2020-12-18 03:21:53,431 : episode: 94 score: 926.8 100 games avg: 926.8 steps 1000 
INFO : 2020-12-18 03:26:12,190 : episode: 95 score: 917.6 100 games avg: 917.6 steps 1000 
INFO : 2020-12-18 03:30:29,347 : episode: 96 score: 891.4 100 games avg: 891.4 steps 1000 
INFO : 2020-12-18 03:34:45,773 : episode: 97 score: 917.5 100 games avg: 917.5 steps 1000 
INFO : 2020-12-18 03:39:02,092 : episode: 98 score: 963.7 100 games avg: 963.7 steps 1000 
INFO : 2020-12-18 03:43:17,958 : episode: 99 score: 926.8 100 games avg: 926.8 steps 1000 
