INFO : 2021-01-10 16:53:18,039 : method: Model Predictive Contorol
INFO : 2021-01-10 16:53:18,039 : parameter n_steps: 100 ensemble_size: 5 env: Continuous_CartPole
INFO : 2021-01-10 16:53:18,105 : mpc horizon: 5 mpc_samples: 100 elite_sample: 30 grad_steps: 10
INFO : 2021-01-10 16:53:18,106 : mpc_function cem
INFO : 2021-01-10 16:53:18,106 : cem
INFO : 2021-01-10 16:53:34,659 : episode: 0 score: 20.0 100 games avg: 20.0 steps 20 
INFO : 2021-01-10 16:53:41,167 : episode: 1 score: 7.0 100 games avg: 7.0 steps 7 
INFO : 2021-01-10 16:53:48,204 : episode: 2 score: 7.0 100 games avg: 7.0 steps 7 
INFO : 2021-01-10 16:53:54,105 : episode: 3 score: 6.0 100 games avg: 6.0 steps 6 
INFO : 2021-01-10 16:54:00,349 : episode: 4 score: 7.0 100 games avg: 7.0 steps 7 
INFO : 2021-01-10 16:54:05,862 : episode: 5 score: 6.0 100 games avg: 6.0 steps 6 
INFO : 2021-01-10 16:54:12,029 : episode: 6 score: 7.0 100 games avg: 7.0 steps 7 
INFO : 2021-01-10 16:54:18,938 : episode: 7 score: 8.0 100 games avg: 8.0 steps 8 
INFO : 2021-01-10 16:54:38,461 : episode: 8 score: 22.0 100 games avg: 22.0 steps 22 
INFO : 2021-01-10 16:54:43,749 : episode: 9 score: 6.0 100 games avg: 6.0 steps 6 
INFO : 2021-01-10 16:54:50,182 : episode: 10 score: 7.0 100 games avg: 7.0 steps 7 
INFO : 2021-01-10 16:54:55,484 : episode: 11 score: 6.0 100 games avg: 6.0 steps 6 
INFO : 2021-01-10 16:55:01,645 : episode: 12 score: 7.0 100 games avg: 7.0 steps 7 
INFO : 2021-01-10 16:55:07,779 : episode: 13 score: 7.0 100 games avg: 7.0 steps 7 
INFO : 2021-01-10 16:55:13,959 : episode: 14 score: 7.0 100 games avg: 7.0 steps 7 
INFO : 2021-01-10 16:55:19,591 : episode: 15 score: 6.0 100 games avg: 6.0 steps 6 
INFO : 2021-01-10 16:55:25,750 : episode: 16 score: 7.0 100 games avg: 7.0 steps 7 
INFO : 2021-01-10 16:55:31,266 : episode: 17 score: 6.0 100 games avg: 6.0 steps 6 
INFO : 2021-01-10 16:55:37,073 : episode: 18 score: 6.0 100 games avg: 6.0 steps 6 
INFO : 2021-01-10 16:55:44,639 : episode: 19 score: 7.0 100 games avg: 7.0 steps 7 
INFO : 2021-01-10 16:55:52,303 : episode: 20 score: 7.0 100 games avg: 7.0 steps 7 
INFO : 2021-01-10 16:56:10,782 : episode: 21 score: 21.0 100 games avg: 21.0 steps 21 
INFO : 2021-01-10 16:56:19,252 : episode: 22 score: 9.0 100 games avg: 9.0 steps 9 
INFO : 2021-01-10 16:56:25,207 : episode: 23 score: 6.0 100 games avg: 6.0 steps 6 
INFO : 2021-01-10 16:56:30,977 : episode: 24 score: 6.0 100 games avg: 6.0 steps 6 
INFO : 2021-01-10 16:56:37,326 : episode: 25 score: 7.0 100 games avg: 7.0 steps 7 
INFO : 2021-01-10 16:56:43,292 : episode: 26 score: 6.0 100 games avg: 6.0 steps 6 
INFO : 2021-01-10 16:56:49,938 : episode: 27 score: 7.0 100 games avg: 7.0 steps 7 
INFO : 2021-01-10 16:57:21,609 : episode: 28 score: 39.0 100 games avg: 39.0 steps 39 
INFO : 2021-01-10 16:57:27,723 : episode: 29 score: 6.0 100 games avg: 6.0 steps 6 
INFO : 2021-01-10 16:57:33,537 : episode: 30 score: 6.0 100 games avg: 6.0 steps 6 
INFO : 2021-01-10 16:57:40,087 : episode: 31 score: 7.0 100 games avg: 7.0 steps 7 
INFO : 2021-01-10 16:57:46,132 : episode: 32 score: 6.0 100 games avg: 6.0 steps 6 
INFO : 2021-01-10 16:57:51,955 : episode: 33 score: 6.0 100 games avg: 6.0 steps 6 
INFO : 2021-01-10 16:57:58,509 : episode: 34 score: 7.0 100 games avg: 7.0 steps 7 
INFO : 2021-01-10 16:58:04,550 : episode: 35 score: 6.0 100 games avg: 6.0 steps 6 
INFO : 2021-01-10 16:58:11,451 : episode: 36 score: 7.0 100 games avg: 7.0 steps 7 
INFO : 2021-01-10 16:58:51,812 : episode: 37 score: 48.0 100 games avg: 48.0 steps 48 
INFO : 2021-01-10 17:00:19,087 : episode: 38 score: 107.0 100 games avg: 107.0 steps 107 
INFO : 2021-01-10 17:01:38,030 : episode: 39 score: 95.0 100 games avg: 95.0 steps 95 
INFO : 2021-01-10 17:02:22,386 : episode: 40 score: 52.0 100 games avg: 52.0 steps 52 
INFO : 2021-01-10 17:02:29,244 : episode: 41 score: 6.0 100 games avg: 6.0 steps 6 
INFO : 2021-01-10 17:02:48,156 : episode: 42 score: 20.0 100 games avg: 20.0 steps 20 
INFO : 2021-01-10 17:02:55,189 : episode: 43 score: 6.0 100 games avg: 6.0 steps 6 
INFO : 2021-01-10 17:04:18,131 : episode: 44 score: 100.0 100 games avg: 100.0 steps 100 
INFO : 2021-01-10 17:04:32,767 : episode: 45 score: 16.0 100 games avg: 16.0 steps 16 
INFO : 2021-01-10 17:04:41,587 : episode: 46 score: 7.0 100 games avg: 7.0 steps 7 
INFO : 2021-01-10 17:04:51,272 : episode: 47 score: 8.0 100 games avg: 8.0 steps 8 
INFO : 2021-01-10 17:05:00,266 : episode: 48 score: 7.0 100 games avg: 7.0 steps 7 
INFO : 2021-01-10 17:05:10,051 : episode: 49 score: 8.0 100 games avg: 8.0 steps 8 
INFO : 2021-01-10 17:05:31,675 : episode: 50 score: 21.0 100 games avg: 21.0 steps 21 
INFO : 2021-01-10 17:05:57,176 : episode: 51 score: 26.0 100 games avg: 26.0 steps 26 
INFO : 2021-01-10 17:06:09,806 : episode: 52 score: 12.0 100 games avg: 12.0 steps 12 
INFO : 2021-01-10 17:06:41,334 : episode: 53 score: 36.0 100 games avg: 36.0 steps 36 
INFO : 2021-01-10 17:06:50,186 : episode: 54 score: 7.0 100 games avg: 7.0 steps 7 
INFO : 2021-01-10 17:07:02,551 : episode: 55 score: 11.0 100 games avg: 11.0 steps 11 
INFO : 2021-01-10 17:07:12,818 : episode: 56 score: 9.0 100 games avg: 9.0 steps 9 
INFO : 2021-01-10 17:07:25,984 : episode: 57 score: 12.0 100 games avg: 12.0 steps 12 
INFO : 2021-01-10 17:07:43,277 : episode: 58 score: 18.0 100 games avg: 18.0 steps 18 
INFO : 2021-01-10 17:07:59,203 : episode: 59 score: 15.0 100 games avg: 15.0 steps 15 
INFO : 2021-01-10 17:08:08,873 : episode: 60 score: 8.0 100 games avg: 8.0 steps 8 
INFO : 2021-01-10 17:08:30,328 : episode: 61 score: 22.0 100 games avg: 22.0 steps 22 
INFO : 2021-01-10 17:08:44,013 : episode: 62 score: 13.0 100 games avg: 13.0 steps 13 
INFO : 2021-01-10 17:08:59,767 : episode: 63 score: 16.0 100 games avg: 16.0 steps 16 
INFO : 2021-01-10 17:09:19,703 : episode: 64 score: 19.0 100 games avg: 19.0 steps 19 
INFO : 2021-01-10 17:09:51,076 : episode: 65 score: 34.0 100 games avg: 34.0 steps 34 
INFO : 2021-01-10 17:10:05,123 : episode: 66 score: 12.0 100 games avg: 12.0 steps 12 
INFO : 2021-01-10 17:10:34,205 : episode: 67 score: 31.0 100 games avg: 31.0 steps 31 
INFO : 2021-01-10 17:11:09,664 : episode: 68 score: 38.0 100 games avg: 38.0 steps 38 
INFO : 2021-01-10 17:11:32,155 : episode: 69 score: 23.0 100 games avg: 23.0 steps 23 
INFO : 2021-01-10 17:12:07,411 : episode: 70 score: 37.0 100 games avg: 37.0 steps 37 
INFO : 2021-01-10 17:12:43,066 : episode: 71 score: 34.0 100 games avg: 34.0 steps 34 
INFO : 2021-01-10 17:13:26,391 : episode: 72 score: 49.0 100 games avg: 49.0 steps 49 
INFO : 2021-01-10 17:13:46,365 : episode: 73 score: 18.0 100 games avg: 18.0 steps 18 
INFO : 2021-01-10 17:14:11,720 : episode: 74 score: 25.0 100 games avg: 25.0 steps 25 
INFO : 2021-01-10 17:14:26,771 : episode: 75 score: 12.0 100 games avg: 12.0 steps 12 
INFO : 2021-01-10 17:14:40,429 : episode: 76 score: 11.0 100 games avg: 11.0 steps 11 
INFO : 2021-01-10 17:14:59,039 : episode: 77 score: 17.0 100 games avg: 17.0 steps 17 
INFO : 2021-01-10 17:15:12,702 : episode: 78 score: 11.0 100 games avg: 11.0 steps 11 
INFO : 2021-01-10 17:15:34,309 : episode: 79 score: 20.0 100 games avg: 20.0 steps 20 
INFO : 2021-01-10 17:15:47,898 : episode: 80 score: 10.0 100 games avg: 10.0 steps 10 
INFO : 2021-01-10 17:16:15,711 : episode: 81 score: 29.0 100 games avg: 29.0 steps 29 
INFO : 2021-01-10 17:16:35,040 : episode: 82 score: 17.0 100 games avg: 17.0 steps 17 
INFO : 2021-01-10 17:16:46,806 : episode: 83 score: 8.0 100 games avg: 8.0 steps 8 
INFO : 2021-01-10 17:17:06,699 : episode: 84 score: 18.0 100 games avg: 18.0 steps 18 
INFO : 2021-01-10 17:17:17,243 : episode: 85 score: 7.0 100 games avg: 7.0 steps 7 
INFO : 2021-01-10 17:17:31,525 : episode: 86 score: 12.0 100 games avg: 12.0 steps 12 
INFO : 2021-01-10 17:17:43,448 : episode: 87 score: 9.0 100 games avg: 9.0 steps 9 
INFO : 2021-01-10 17:17:58,593 : episode: 88 score: 13.0 100 games avg: 13.0 steps 13 
INFO : 2021-01-10 17:18:11,088 : episode: 89 score: 8.0 100 games avg: 8.0 steps 8 
INFO : 2021-01-10 17:18:24,613 : episode: 90 score: 9.0 100 games avg: 9.0 steps 9 
INFO : 2021-01-10 17:18:39,182 : episode: 91 score: 10.0 100 games avg: 10.0 steps 10 
INFO : 2021-01-10 17:18:57,147 : episode: 92 score: 15.0 100 games avg: 15.0 steps 15 
INFO : 2021-01-10 17:19:15,658 : episode: 93 score: 14.0 100 games avg: 14.0 steps 14 
INFO : 2021-01-10 17:19:37,432 : episode: 94 score: 19.0 100 games avg: 19.0 steps 19 
INFO : 2021-01-10 17:20:00,051 : episode: 95 score: 20.0 100 games avg: 20.0 steps 20 
INFO : 2021-01-10 17:20:13,443 : episode: 96 score: 9.0 100 games avg: 9.0 steps 9 
INFO : 2021-01-10 17:20:28,974 : episode: 97 score: 11.0 100 games avg: 11.0 steps 11 
INFO : 2021-01-10 17:20:41,100 : episode: 98 score: 7.0 100 games avg: 7.0 steps 7 
INFO : 2021-01-10 17:21:06,381 : episode: 99 score: 23.0 100 games avg: 23.0 steps 23 
