INFO : 2021-01-10 16:19:40,875 : method: Model Predictive Contorol
INFO : 2021-01-10 16:19:40,875 : parameter n_steps: 100 ensemble_size: 5 env: Continuous_CartPole
INFO : 2021-01-10 16:19:40,934 : mpc horizon: 5 mpc_samples: 100 elite_sample: 10 grad_steps: 10
INFO : 2021-01-10 16:19:40,934 : mpc_function cem
INFO : 2021-01-10 16:19:40,934 : cem
INFO : 2021-01-10 16:19:52,462 : episode: 0 score: 13.0 100 games avg: 13.0 steps 13 
INFO : 2021-01-10 16:19:59,864 : episode: 1 score: 8.0 100 games avg: 8.0 steps 8 
INFO : 2021-01-10 16:20:06,225 : episode: 2 score: 6.0 100 games avg: 6.0 steps 6 
INFO : 2021-01-10 16:20:14,685 : episode: 3 score: 9.0 100 games avg: 9.0 steps 9 
INFO : 2021-01-10 16:20:21,682 : episode: 4 score: 7.0 100 games avg: 7.0 steps 7 
INFO : 2021-01-10 16:20:27,858 : episode: 5 score: 6.0 100 games avg: 6.0 steps 6 
INFO : 2021-01-10 16:20:43,847 : episode: 6 score: 17.0 100 games avg: 17.0 steps 17 
INFO : 2021-01-10 16:21:04,188 : episode: 7 score: 23.0 100 games avg: 23.0 steps 23 
INFO : 2021-01-10 16:21:14,701 : episode: 8 score: 12.0 100 games avg: 12.0 steps 12 
INFO : 2021-01-10 16:21:27,231 : episode: 9 score: 15.0 100 games avg: 15.0 steps 15 
INFO : 2021-01-10 16:21:34,693 : episode: 10 score: 8.0 100 games avg: 8.0 steps 8 
INFO : 2021-01-10 16:21:41,405 : episode: 11 score: 7.0 100 games avg: 7.0 steps 7 
INFO : 2021-01-10 16:21:58,965 : episode: 12 score: 20.0 100 games avg: 20.0 steps 20 
INFO : 2021-01-10 16:22:12,270 : episode: 13 score: 15.0 100 games avg: 15.0 steps 15 
INFO : 2021-01-10 16:22:18,007 : episode: 14 score: 6.0 100 games avg: 6.0 steps 6 
INFO : 2021-01-10 16:22:24,125 : episode: 15 score: 6.0 100 games avg: 6.0 steps 6 
INFO : 2021-01-10 16:22:29,831 : episode: 16 score: 6.0 100 games avg: 6.0 steps 6 
INFO : 2021-01-10 16:22:36,305 : episode: 17 score: 7.0 100 games avg: 7.0 steps 7 
INFO : 2021-01-10 16:22:42,125 : episode: 18 score: 6.0 100 games avg: 6.0 steps 6 
INFO : 2021-01-10 16:22:48,005 : episode: 19 score: 6.0 100 games avg: 6.0 steps 6 
INFO : 2021-01-10 16:22:53,847 : episode: 20 score: 6.0 100 games avg: 6.0 steps 6 
INFO : 2021-01-10 16:23:00,910 : episode: 21 score: 7.0 100 games avg: 7.0 steps 7 
INFO : 2021-01-10 16:23:07,091 : episode: 22 score: 6.0 100 games avg: 6.0 steps 6 
INFO : 2021-01-10 16:23:13,153 : episode: 23 score: 6.0 100 games avg: 6.0 steps 6 
INFO : 2021-01-10 16:23:26,287 : episode: 24 score: 15.0 100 games avg: 15.0 steps 15 
INFO : 2021-01-10 16:23:32,199 : episode: 25 score: 6.0 100 games avg: 6.0 steps 6 
INFO : 2021-01-10 16:23:38,413 : episode: 26 score: 6.0 100 games avg: 6.0 steps 6 
INFO : 2021-01-10 16:23:55,738 : episode: 27 score: 20.0 100 games avg: 20.0 steps 20 
INFO : 2021-01-10 16:24:17,398 : episode: 28 score: 25.0 100 games avg: 25.0 steps 25 
INFO : 2021-01-10 16:24:29,979 : episode: 29 score: 14.0 100 games avg: 14.0 steps 14 
INFO : 2021-01-10 16:24:43,193 : episode: 30 score: 15.0 100 games avg: 15.0 steps 15 
INFO : 2021-01-10 16:24:56,433 : episode: 31 score: 15.0 100 games avg: 15.0 steps 15 
INFO : 2021-01-10 16:25:10,340 : episode: 32 score: 16.0 100 games avg: 16.0 steps 16 
INFO : 2021-01-10 16:25:24,350 : episode: 33 score: 16.0 100 games avg: 16.0 steps 16 
INFO : 2021-01-10 16:25:40,733 : episode: 34 score: 18.0 100 games avg: 18.0 steps 18 
INFO : 2021-01-10 16:25:51,224 : episode: 35 score: 11.0 100 games avg: 11.0 steps 11 
INFO : 2021-01-10 16:25:59,647 : episode: 36 score: 9.0 100 games avg: 9.0 steps 9 
INFO : 2021-01-10 16:26:23,331 : episode: 37 score: 27.0 100 games avg: 27.0 steps 27 
INFO : 2021-01-10 16:26:46,994 : episode: 38 score: 28.0 100 games avg: 28.0 steps 28 
INFO : 2021-01-10 16:26:59,535 : episode: 39 score: 14.0 100 games avg: 14.0 steps 14 
INFO : 2021-01-10 16:27:15,126 : episode: 40 score: 18.0 100 games avg: 18.0 steps 18 
INFO : 2021-01-10 16:27:40,389 : episode: 41 score: 30.0 100 games avg: 30.0 steps 30 
INFO : 2021-01-10 16:28:00,112 : episode: 42 score: 21.0 100 games avg: 21.0 steps 21 
INFO : 2021-01-10 16:28:07,784 : episode: 43 score: 7.0 100 games avg: 7.0 steps 7 
INFO : 2021-01-10 16:28:23,544 : episode: 44 score: 17.0 100 games avg: 17.0 steps 17 
INFO : 2021-01-10 16:28:34,554 : episode: 45 score: 11.0 100 games avg: 11.0 steps 11 
INFO : 2021-01-10 16:28:50,652 : episode: 46 score: 17.0 100 games avg: 17.0 steps 17 
INFO : 2021-01-10 16:29:05,411 : episode: 47 score: 15.0 100 games avg: 15.0 steps 15 
INFO : 2021-01-10 16:29:35,220 : episode: 48 score: 35.0 100 games avg: 35.0 steps 35 
INFO : 2021-01-10 16:30:19,012 : episode: 49 score: 50.0 100 games avg: 50.0 steps 50 
INFO : 2021-01-10 16:30:27,114 : episode: 50 score: 7.0 100 games avg: 7.0 steps 7 
INFO : 2021-01-10 16:30:44,288 : episode: 51 score: 19.0 100 games avg: 19.0 steps 19 
INFO : 2021-01-10 16:30:59,130 : episode: 52 score: 16.0 100 games avg: 16.0 steps 16 
INFO : 2021-01-10 16:31:31,602 : episode: 53 score: 38.0 100 games avg: 38.0 steps 38 
INFO : 2021-01-10 16:32:03,322 : episode: 54 score: 35.0 100 games avg: 35.0 steps 35 
INFO : 2021-01-10 16:32:12,378 : episode: 55 score: 7.0 100 games avg: 7.0 steps 7 
INFO : 2021-01-10 16:32:22,689 : episode: 56 score: 9.0 100 games avg: 9.0 steps 9 
INFO : 2021-01-10 16:33:00,787 : episode: 57 score: 38.0 100 games avg: 38.0 steps 38 
INFO : 2021-01-10 16:33:16,023 : episode: 58 score: 13.0 100 games avg: 13.0 steps 13 
INFO : 2021-01-10 16:33:31,479 : episode: 59 score: 15.0 100 games avg: 15.0 steps 15 
INFO : 2021-01-10 16:33:43,535 : episode: 60 score: 11.0 100 games avg: 11.0 steps 11 
INFO : 2021-01-10 16:34:07,473 : episode: 61 score: 26.0 100 games avg: 26.0 steps 26 
INFO : 2021-01-10 16:34:47,530 : episode: 62 score: 44.0 100 games avg: 44.0 steps 44 
INFO : 2021-01-10 16:34:56,413 : episode: 63 score: 7.0 100 games avg: 7.0 steps 7 
INFO : 2021-01-10 16:35:08,384 : episode: 64 score: 11.0 100 games avg: 11.0 steps 11 
INFO : 2021-01-10 16:35:34,520 : episode: 65 score: 29.0 100 games avg: 29.0 steps 29 
INFO : 2021-01-10 16:35:50,477 : episode: 66 score: 15.0 100 games avg: 15.0 steps 15 
INFO : 2021-01-10 16:36:02,516 : episode: 67 score: 10.0 100 games avg: 10.0 steps 10 
INFO : 2021-01-10 16:36:34,742 : episode: 68 score: 34.0 100 games avg: 34.0 steps 34 
INFO : 2021-01-10 16:36:53,042 : episode: 69 score: 17.0 100 games avg: 17.0 steps 17 
INFO : 2021-01-10 16:37:09,045 : episode: 70 score: 15.0 100 games avg: 15.0 steps 15 
INFO : 2021-01-10 16:37:24,280 : episode: 71 score: 14.0 100 games avg: 14.0 steps 14 
INFO : 2021-01-10 16:37:51,544 : episode: 72 score: 29.0 100 games avg: 29.0 steps 29 
INFO : 2021-01-10 16:38:21,953 : episode: 73 score: 33.0 100 games avg: 33.0 steps 33 
INFO : 2021-01-10 16:38:32,722 : episode: 74 score: 8.0 100 games avg: 8.0 steps 8 
INFO : 2021-01-10 16:38:58,328 : episode: 75 score: 27.0 100 games avg: 27.0 steps 27 
INFO : 2021-01-10 16:39:08,047 : episode: 76 score: 7.0 100 games avg: 7.0 steps 7 
INFO : 2021-01-10 16:39:19,037 : episode: 77 score: 8.0 100 games avg: 8.0 steps 8 
INFO : 2021-01-10 16:39:38,731 : episode: 78 score: 19.0 100 games avg: 19.0 steps 19 
INFO : 2021-01-10 16:39:54,187 : episode: 79 score: 14.0 100 games avg: 14.0 steps 14 
INFO : 2021-01-10 16:40:05,095 : episode: 80 score: 9.0 100 games avg: 9.0 steps 9 
INFO : 2021-01-10 16:40:26,695 : episode: 81 score: 20.0 100 games avg: 20.0 steps 20 
INFO : 2021-01-10 16:40:46,388 : episode: 82 score: 19.0 100 games avg: 19.0 steps 19 
INFO : 2021-01-10 16:41:15,316 : episode: 83 score: 30.0 100 games avg: 30.0 steps 30 
INFO : 2021-01-10 16:41:29,250 : episode: 84 score: 11.0 100 games avg: 11.0 steps 11 
INFO : 2021-01-10 16:41:44,426 : episode: 85 score: 13.0 100 games avg: 13.0 steps 13 
INFO : 2021-01-10 16:42:00,196 : episode: 86 score: 13.0 100 games avg: 13.0 steps 13 
INFO : 2021-01-10 16:42:24,959 : episode: 87 score: 24.0 100 games avg: 24.0 steps 24 
INFO : 2021-01-10 16:42:48,852 : episode: 88 score: 23.0 100 games avg: 23.0 steps 23 
INFO : 2021-01-10 16:43:03,999 : episode: 89 score: 12.0 100 games avg: 12.0 steps 12 
INFO : 2021-01-10 16:43:13,972 : episode: 90 score: 6.0 100 games avg: 6.0 steps 6 
INFO : 2021-01-10 16:43:26,549 : episode: 91 score: 9.0 100 games avg: 9.0 steps 9 
INFO : 2021-01-10 16:43:43,520 : episode: 92 score: 15.0 100 games avg: 15.0 steps 15 
INFO : 2021-01-10 16:44:02,313 : episode: 93 score: 17.0 100 games avg: 17.0 steps 17 
INFO : 2021-01-10 16:44:17,539 : episode: 94 score: 13.0 100 games avg: 13.0 steps 13 
INFO : 2021-01-10 16:44:37,931 : episode: 95 score: 19.0 100 games avg: 19.0 steps 19 
INFO : 2021-01-10 16:44:48,577 : episode: 96 score: 7.0 100 games avg: 7.0 steps 7 
INFO : 2021-01-10 16:45:01,408 : episode: 97 score: 8.0 100 games avg: 8.0 steps 8 
INFO : 2021-01-10 16:45:23,271 : episode: 98 score: 19.0 100 games avg: 19.0 steps 19 
INFO : 2021-01-10 16:45:36,078 : episode: 99 score: 9.0 100 games avg: 9.0 steps 9 
