INFO : 2021-01-26 12:39:49,197 : method: Model Predictive Contorol
INFO : 2021-01-26 12:39:49,198 : parameter n_steps: 100 ensemble_size: 5 env: HalfCheetah-v2
INFO : 2021-01-26 12:39:54,980 : mpc horizon: 10 mpc_samples: 100 elite_sample: 30 grad_steps: 10
INFO : 2021-01-26 12:39:54,980 : mpc_function policy-kl2
INFO : 2021-01-26 12:39:54,980 : policy-kl2
INFO : 2021-01-26 12:43:59,051 : episode: 0 score: -138.5 100 games avg: -138.5 steps 1000 
INFO : 2021-01-26 12:48:06,003 : episode: 1 score: -203.3 100 games avg: -203.3 steps 1000 
INFO : 2021-01-26 12:52:13,447 : episode: 2 score: -152.5 100 games avg: -152.5 steps 1000 
INFO : 2021-01-26 12:56:20,722 : episode: 3 score: -240.1 100 games avg: -240.1 steps 1000 
INFO : 2021-01-26 13:00:28,865 : episode: 4 score: -220.5 100 games avg: -220.5 steps 1000 
INFO : 2021-01-26 13:04:37,437 : episode: 5 score: -197.6 100 games avg: -197.6 steps 1000 
INFO : 2021-01-26 13:08:46,334 : episode: 6 score: -123.1 100 games avg: -123.1 steps 1000 
INFO : 2021-01-26 13:12:54,856 : episode: 7 score: -269.8 100 games avg: -269.8 steps 1000 
INFO : 2021-01-26 13:17:04,380 : episode: 8 score: -299.1 100 games avg: -299.1 steps 1000 
INFO : 2021-01-26 13:21:14,532 : episode: 9 score: -185.7 100 games avg: -185.7 steps 1000 
INFO : 2021-01-26 13:25:25,044 : episode: 10 score: -136.7 100 games avg: -136.7 steps 1000 
INFO : 2021-01-26 13:29:35,178 : episode: 11 score: -83.0 100 games avg: -83.0 steps 1000 
INFO : 2021-01-26 13:33:45,338 : episode: 12 score: -145.2 100 games avg: -145.2 steps 1000 
INFO : 2021-01-26 13:37:56,074 : episode: 13 score: -130.5 100 games avg: -130.5 steps 1000 
INFO : 2021-01-26 13:42:07,180 : episode: 14 score: -65.5 100 games avg: -65.5 steps 1000 
INFO : 2021-01-26 13:46:19,488 : episode: 15 score: -18.0 100 games avg: -18.0 steps 1000 
INFO : 2021-01-26 13:50:32,232 : episode: 16 score: -45.0 100 games avg: -45.0 steps 1000 
INFO : 2021-01-26 13:54:45,416 : episode: 17 score: -32.4 100 games avg: -32.4 steps 1000 
INFO : 2021-01-26 13:58:58,285 : episode: 18 score: 44.0 100 games avg: 44.0 steps 1000 
INFO : 2021-01-26 14:03:11,983 : episode: 19 score: -18.1 100 games avg: -18.1 steps 1000 
INFO : 2021-01-26 14:07:25,987 : episode: 20 score: 54.8 100 games avg: 54.8 steps 1000 
INFO : 2021-01-26 14:11:40,675 : episode: 21 score: 1.4 100 games avg: 1.4 steps 1000 
INFO : 2021-01-26 14:15:55,652 : episode: 22 score: 105.0 100 games avg: 105.0 steps 1000 
INFO : 2021-01-26 14:20:10,833 : episode: 23 score: 55.5 100 games avg: 55.5 steps 1000 
INFO : 2021-01-26 14:24:26,698 : episode: 24 score: 110.1 100 games avg: 110.1 steps 1000 
INFO : 2021-01-26 14:28:42,336 : episode: 25 score: 104.7 100 games avg: 104.7 steps 1000 
INFO : 2021-01-26 14:32:58,814 : episode: 26 score: 220.8 100 games avg: 220.8 steps 1000 
INFO : 2021-01-26 14:37:15,789 : episode: 27 score: 245.5 100 games avg: 245.5 steps 1000 
INFO : 2021-01-26 14:41:33,087 : episode: 28 score: 208.2 100 games avg: 208.2 steps 1000 
INFO : 2021-01-26 14:45:50,653 : episode: 29 score: 285.8 100 games avg: 285.8 steps 1000 
INFO : 2021-01-26 14:50:08,899 : episode: 30 score: 438.8 100 games avg: 438.8 steps 1000 
INFO : 2021-01-26 14:54:27,520 : episode: 31 score: 435.8 100 games avg: 435.8 steps 1000 
INFO : 2021-01-26 14:58:46,389 : episode: 32 score: 507.4 100 games avg: 507.4 steps 1000 
INFO : 2021-01-26 15:03:05,549 : episode: 33 score: 540.2 100 games avg: 540.2 steps 1000 
INFO : 2021-01-26 15:07:24,931 : episode: 34 score: 588.7 100 games avg: 588.7 steps 1000 
INFO : 2021-01-26 15:11:44,398 : episode: 35 score: 717.8 100 games avg: 717.8 steps 1000 
INFO : 2021-01-26 15:16:04,709 : episode: 36 score: 819.0 100 games avg: 819.0 steps 1000 
INFO : 2021-01-26 15:20:25,427 : episode: 37 score: 818.1 100 games avg: 818.1 steps 1000 
INFO : 2021-01-26 15:24:46,598 : episode: 38 score: 780.6 100 games avg: 780.6 steps 1000 
INFO : 2021-01-26 15:29:08,102 : episode: 39 score: 904.3 100 games avg: 904.3 steps 1000 
INFO : 2021-01-26 15:33:29,955 : episode: 40 score: 858.9 100 games avg: 858.9 steps 1000 
INFO : 2021-01-26 15:37:52,317 : episode: 41 score: 864.0 100 games avg: 864.0 steps 1000 
INFO : 2021-01-26 15:42:15,016 : episode: 42 score: 931.3 100 games avg: 931.3 steps 1000 
INFO : 2021-01-26 15:46:37,475 : episode: 43 score: 847.1 100 games avg: 847.1 steps 1000 
INFO : 2021-01-26 15:51:00,726 : episode: 44 score: 841.4 100 games avg: 841.4 steps 1000 
INFO : 2021-01-26 15:55:24,333 : episode: 45 score: 881.9 100 games avg: 881.9 steps 1000 
INFO : 2021-01-26 15:59:47,854 : episode: 46 score: 885.5 100 games avg: 885.5 steps 1000 
INFO : 2021-01-26 16:04:12,104 : episode: 47 score: 931.0 100 games avg: 931.0 steps 1000 
INFO : 2021-01-26 16:08:37,043 : episode: 48 score: 927.7 100 games avg: 927.7 steps 1000 
INFO : 2021-01-26 16:13:02,342 : episode: 49 score: 875.5 100 games avg: 875.5 steps 1000 
INFO : 2021-01-26 16:17:27,482 : episode: 50 score: 834.9 100 games avg: 834.9 steps 1000 
INFO : 2021-01-26 16:21:52,786 : episode: 51 score: 830.8 100 games avg: 830.8 steps 1000 
INFO : 2021-01-26 16:26:19,224 : episode: 52 score: 901.4 100 games avg: 901.4 steps 1000 
INFO : 2021-01-26 16:30:46,165 : episode: 53 score: 800.9 100 games avg: 800.9 steps 1000 
INFO : 2021-01-26 16:35:12,998 : episode: 54 score: 772.6 100 games avg: 772.6 steps 1000 
INFO : 2021-01-26 16:39:40,421 : episode: 55 score: 848.2 100 games avg: 848.2 steps 1000 
INFO : 2021-01-26 16:44:08,369 : episode: 56 score: 854.5 100 games avg: 854.5 steps 1000 
INFO : 2021-01-26 16:48:36,606 : episode: 57 score: 902.2 100 games avg: 902.2 steps 1000 
INFO : 2021-01-26 16:53:05,274 : episode: 58 score: 827.9 100 games avg: 827.9 steps 1000 
INFO : 2021-01-26 16:57:34,344 : episode: 59 score: 869.7 100 games avg: 869.7 steps 1000 
INFO : 2021-01-26 17:02:03,710 : episode: 60 score: 814.2 100 games avg: 814.2 steps 1000 
INFO : 2021-01-26 17:06:33,570 : episode: 61 score: 819.7 100 games avg: 819.7 steps 1000 
INFO : 2021-01-26 17:11:03,806 : episode: 62 score: 809.5 100 games avg: 809.5 steps 1000 
INFO : 2021-01-26 17:15:34,381 : episode: 63 score: 790.5 100 games avg: 790.5 steps 1000 
INFO : 2021-01-26 17:20:05,450 : episode: 64 score: 776.3 100 games avg: 776.3 steps 1000 
INFO : 2021-01-26 17:24:36,871 : episode: 65 score: 863.1 100 games avg: 863.1 steps 1000 
INFO : 2021-01-26 17:29:08,718 : episode: 66 score: 831.2 100 games avg: 831.2 steps 1000 
INFO : 2021-01-26 17:33:40,745 : episode: 67 score: 875.5 100 games avg: 875.5 steps 1000 
INFO : 2021-01-26 17:38:13,130 : episode: 68 score: 873.9 100 games avg: 873.9 steps 1000 
INFO : 2021-01-26 17:42:46,180 : episode: 69 score: 912.7 100 games avg: 912.7 steps 1000 
INFO : 2021-01-26 17:47:19,497 : episode: 70 score: 871.9 100 games avg: 871.9 steps 1000 
INFO : 2021-01-26 17:51:53,506 : episode: 71 score: 833.2 100 games avg: 833.2 steps 1000 
INFO : 2021-01-26 17:56:27,567 : episode: 72 score: 873.3 100 games avg: 873.3 steps 1000 
INFO : 2021-01-26 18:01:02,097 : episode: 73 score: 826.9 100 games avg: 826.9 steps 1000 
INFO : 2021-01-26 18:05:36,667 : episode: 74 score: 872.7 100 games avg: 872.7 steps 1000 
INFO : 2021-01-26 18:10:11,747 : episode: 75 score: 812.8 100 games avg: 812.8 steps 1000 
INFO : 2021-01-26 18:14:47,372 : episode: 76 score: 848.4 100 games avg: 848.4 steps 1000 
INFO : 2021-01-26 18:19:23,385 : episode: 77 score: 853.7 100 games avg: 853.7 steps 1000 
INFO : 2021-01-26 18:23:59,735 : episode: 78 score: 846.2 100 games avg: 846.2 steps 1000 
INFO : 2021-01-26 18:28:36,653 : episode: 79 score: 958.3 100 games avg: 958.3 steps 1000 
INFO : 2021-01-26 18:33:13,748 : episode: 80 score: 901.2 100 games avg: 901.2 steps 1000 
INFO : 2021-01-26 18:37:51,517 : episode: 81 score: 836.5 100 games avg: 836.5 steps 1000 
INFO : 2021-01-26 18:42:29,440 : episode: 82 score: 892.8 100 games avg: 892.8 steps 1000 
INFO : 2021-01-26 18:47:07,705 : episode: 83 score: 866.3 100 games avg: 866.3 steps 1000 
INFO : 2021-01-26 18:51:46,462 : episode: 84 score: 857.2 100 games avg: 857.2 steps 1000 
INFO : 2021-01-26 18:56:25,544 : episode: 85 score: 934.3 100 games avg: 934.3 steps 1000 
INFO : 2021-01-26 19:01:04,935 : episode: 86 score: 887.2 100 games avg: 887.2 steps 1000 
INFO : 2021-01-26 19:05:44,831 : episode: 87 score: 903.5 100 games avg: 903.5 steps 1000 
INFO : 2021-01-26 19:10:25,007 : episode: 88 score: 865.0 100 games avg: 865.0 steps 1000 
INFO : 2021-01-26 19:15:05,313 : episode: 89 score: 850.7 100 games avg: 850.7 steps 1000 
INFO : 2021-01-26 19:19:46,382 : episode: 90 score: 931.5 100 games avg: 931.5 steps 1000 
INFO : 2021-01-26 19:24:27,704 : episode: 91 score: 851.6 100 games avg: 851.6 steps 1000 
INFO : 2021-01-26 19:29:09,435 : episode: 92 score: 900.2 100 games avg: 900.2 steps 1000 
INFO : 2021-01-26 19:33:51,508 : episode: 93 score: 889.9 100 games avg: 889.9 steps 1000 
INFO : 2021-01-26 19:38:33,275 : episode: 94 score: 985.9 100 games avg: 985.9 steps 1000 
INFO : 2021-01-26 19:43:15,979 : episode: 95 score: 847.1 100 games avg: 847.1 steps 1000 
INFO : 2021-01-26 19:47:58,786 : episode: 96 score: 919.6 100 games avg: 919.6 steps 1000 
INFO : 2021-01-26 19:52:42,474 : episode: 97 score: 1048.6 100 games avg: 1048.6 steps 1000 
INFO : 2021-01-26 19:57:25,553 : episode: 98 score: 995.9 100 games avg: 995.9 steps 1000 
INFO : 2021-01-26 20:02:09,441 : episode: 99 score: 923.8 100 games avg: 923.8 steps 1000 
