INFO : 2021-01-27 12:01:56,006 : method: Model Predictive Contorol
INFO : 2021-01-27 12:01:56,006 : parameter n_steps: 100 ensemble_size: 5 env: Ant-v2
INFO : 2021-01-27 12:01:59,680 : mpc horizon: 5 mpc_samples: 100 elite_sample: 30 grad_steps: 10
INFO : 2021-01-27 12:01:59,681 : mpc_function policy
INFO : 2021-01-27 12:01:59,681 : policy
INFO : 2021-01-27 12:01:59,842 : state_square_error: 0.759 reward_error: -3.461
INFO : 2021-01-27 12:02:13,663 : state_square_error: 0.397 reward_error: -3.807
INFO : 2021-01-27 12:02:27,297 : state_square_error: 0.488 reward_error: -5.064
INFO : 2021-01-27 12:02:49,328 : episode: 0 score: 302.9 100 games avg: 302.9 steps 346 
INFO : 2021-01-27 12:02:49,614 : state_square_error: 3.234 reward_error: 9.082
INFO : 2021-01-27 12:03:01,312 : episode: 1 score: -51.8 100 games avg: -51.8 steps 75 
INFO : 2021-01-27 12:03:01,612 : state_square_error: 2.083 reward_error: 7.369
INFO : 2021-01-27 12:03:08,653 : episode: 2 score: -25.9 100 games avg: -25.9 steps 45 
INFO : 2021-01-27 12:03:08,991 : state_square_error: 2.014 reward_error: 4.334
INFO : 2021-01-27 12:03:11,897 : episode: 3 score: -20.4 100 games avg: -20.4 steps 19 
INFO : 2021-01-27 12:03:12,236 : state_square_error: 3.702 reward_error: 4.135
INFO : 2021-01-27 12:03:18,319 : episode: 4 score: -4.6 100 games avg: -4.6 steps 39 
INFO : 2021-01-27 12:03:18,800 : state_square_error: 1.042 reward_error: 2.489
INFO : 2021-01-27 12:03:22,357 : episode: 5 score: -3.1 100 games avg: -3.1 steps 23 
INFO : 2021-01-27 12:03:22,805 : state_square_error: 0.697 reward_error: 0.745
INFO : 2021-01-27 12:03:40,531 : state_square_error: 3.084 reward_error: 3.198
INFO : 2021-01-27 12:03:58,804 : state_square_error: 4.082 reward_error: 5.219
INFO : 2021-01-27 12:04:15,361 : state_square_error: 2.502 reward_error: 3.349
INFO : 2021-01-27 12:04:32,339 : state_square_error: 1.635 reward_error: 3.472
INFO : 2021-01-27 12:04:51,248 : state_square_error: 0.539 reward_error: 0.002
INFO : 2021-01-27 12:05:08,194 : state_square_error: 0.396 reward_error: 1.349
INFO : 2021-01-27 12:05:27,344 : state_square_error: 1.612 reward_error: 2.177
INFO : 2021-01-27 12:05:45,083 : state_square_error: 0.654 reward_error: 0.680
INFO : 2021-01-27 12:06:04,388 : state_square_error: 1.641 reward_error: 4.091
INFO : 2021-01-27 12:06:22,880 : episode: 6 score: -307.4 100 games avg: -307.4 steps 1000 
INFO : 2021-01-27 12:06:23,966 : state_square_error: 1.187 reward_error: 3.350
INFO : 2021-01-27 12:06:42,068 : state_square_error: 0.680 reward_error: 0.333
INFO : 2021-01-27 12:06:59,677 : state_square_error: 1.137 reward_error: -1.359
INFO : 2021-01-27 12:07:18,507 : state_square_error: 0.445 reward_error: 2.741
INFO : 2021-01-27 12:07:37,936 : episode: 7 score: -0.8 100 games avg: -0.8 steps 406 
INFO : 2021-01-27 12:07:39,136 : state_square_error: 1.882 reward_error: 1.856
INFO : 2021-01-27 12:07:57,024 : state_square_error: 0.682 reward_error: -0.090
INFO : 2021-01-27 12:08:15,043 : state_square_error: 1.007 reward_error: -0.509
INFO : 2021-01-27 12:08:32,018 : state_square_error: 0.717 reward_error: 2.988
INFO : 2021-01-27 12:08:49,515 : state_square_error: 0.895 reward_error: 7.543
INFO : 2021-01-27 12:09:07,459 : state_square_error: 0.544 reward_error: 2.530
INFO : 2021-01-27 12:09:24,789 : state_square_error: 1.551 reward_error: 3.148
INFO : 2021-01-27 12:09:42,405 : state_square_error: 0.432 reward_error: 2.271
INFO : 2021-01-27 12:10:01,072 : state_square_error: 0.778 reward_error: 2.154
INFO : 2021-01-27 12:10:19,011 : state_square_error: 0.587 reward_error: 0.106
INFO : 2021-01-27 12:10:35,876 : episode: 8 score: 219.1 100 games avg: 219.1 steps 1000 
INFO : 2021-01-27 12:10:37,458 : state_square_error: 2.142 reward_error: 0.002
INFO : 2021-01-27 12:10:49,637 : episode: 9 score: 52.5 100 games avg: 52.5 steps 74 
INFO : 2021-01-27 12:10:51,204 : state_square_error: 1.733 reward_error: 7.123
INFO : 2021-01-27 12:11:08,582 : state_square_error: 1.153 reward_error: 0.990
INFO : 2021-01-27 12:11:25,776 : state_square_error: 1.261 reward_error: -1.321
INFO : 2021-01-27 12:11:42,568 : state_square_error: 0.572 reward_error: -0.460
INFO : 2021-01-27 12:11:59,803 : state_square_error: 0.872 reward_error: 3.100
INFO : 2021-01-27 12:12:17,358 : state_square_error: 0.758 reward_error: -1.426
INFO : 2021-01-27 12:12:34,530 : state_square_error: 0.628 reward_error: -0.260
INFO : 2021-01-27 12:12:51,555 : state_square_error: 0.624 reward_error: 0.586
INFO : 2021-01-27 12:13:08,543 : state_square_error: 1.406 reward_error: 0.102
INFO : 2021-01-27 12:13:25,286 : state_square_error: 0.416 reward_error: 0.590
INFO : 2021-01-27 12:13:42,724 : episode: 10 score: 352.8 100 games avg: 352.8 steps 1000 
INFO : 2021-01-27 12:13:44,961 : state_square_error: 3.036 reward_error: 3.640
INFO : 2021-01-27 12:14:02,232 : state_square_error: 0.311 reward_error: -0.724
INFO : 2021-01-27 12:14:19,728 : state_square_error: 0.421 reward_error: 2.401
INFO : 2021-01-27 12:14:36,474 : state_square_error: 0.359 reward_error: 3.546
INFO : 2021-01-27 12:14:53,060 : state_square_error: 0.299 reward_error: 0.820
INFO : 2021-01-27 12:15:09,479 : state_square_error: 0.946 reward_error: -0.899
INFO : 2021-01-27 12:15:26,504 : state_square_error: 0.701 reward_error: 2.053
INFO : 2021-01-27 12:15:43,559 : state_square_error: 1.199 reward_error: 4.099
INFO : 2021-01-27 12:16:00,458 : state_square_error: 0.723 reward_error: 0.336
INFO : 2021-01-27 12:16:17,006 : state_square_error: 0.404 reward_error: -0.721
INFO : 2021-01-27 12:16:35,453 : episode: 11 score: 444.5 100 games avg: 444.5 steps 1000 
INFO : 2021-01-27 12:16:38,404 : state_square_error: 1.802 reward_error: 1.363
INFO : 2021-01-27 12:16:57,751 : state_square_error: 0.745 reward_error: 0.930
INFO : 2021-01-27 12:17:15,199 : state_square_error: 0.332 reward_error: 1.853
INFO : 2021-01-27 12:17:32,756 : state_square_error: 0.712 reward_error: 0.070
INFO : 2021-01-27 12:17:49,789 : state_square_error: 0.688 reward_error: 1.113
INFO : 2021-01-27 12:18:08,770 : state_square_error: 0.698 reward_error: 2.188
INFO : 2021-01-27 12:18:26,126 : state_square_error: 0.686 reward_error: 0.951
INFO : 2021-01-27 12:18:43,442 : state_square_error: 1.574 reward_error: 0.887
INFO : 2021-01-27 12:19:00,568 : state_square_error: 2.231 reward_error: 3.715
INFO : 2021-01-27 12:19:17,000 : state_square_error: 1.400 reward_error: 0.439
INFO : 2021-01-27 12:19:33,665 : episode: 12 score: 178.0 100 games avg: 178.0 steps 1000 
INFO : 2021-01-27 12:19:36,921 : state_square_error: 4.815 reward_error: 2.159
INFO : 2021-01-27 12:19:55,957 : state_square_error: 0.715 reward_error: 1.775
INFO : 2021-01-27 12:20:12,585 : state_square_error: 0.224 reward_error: 0.312
INFO : 2021-01-27 12:20:29,178 : state_square_error: 0.367 reward_error: 1.934
INFO : 2021-01-27 12:20:45,912 : state_square_error: 0.601 reward_error: 1.860
INFO : 2021-01-27 12:21:02,116 : state_square_error: 0.487 reward_error: -0.366
INFO : 2021-01-27 12:21:20,014 : state_square_error: 0.496 reward_error: 2.528
INFO : 2021-01-27 12:21:36,761 : state_square_error: 0.585 reward_error: 0.846
INFO : 2021-01-27 12:21:54,464 : state_square_error: 0.306 reward_error: 1.487
INFO : 2021-01-27 12:22:11,689 : state_square_error: 0.347 reward_error: 1.654
INFO : 2021-01-27 12:22:29,211 : episode: 13 score: 455.8 100 games avg: 455.8 steps 1000 
INFO : 2021-01-27 12:22:33,061 : state_square_error: 1.112 reward_error: 3.518
INFO : 2021-01-27 12:22:51,276 : state_square_error: 0.328 reward_error: 2.690
INFO : 2021-01-27 12:23:10,207 : state_square_error: 0.773 reward_error: 4.670
INFO : 2021-01-27 12:23:27,711 : state_square_error: 0.892 reward_error: 0.288
INFO : 2021-01-27 12:23:45,384 : state_square_error: 0.329 reward_error: 0.445
INFO : 2021-01-27 12:24:02,022 : state_square_error: 0.495 reward_error: 0.555
INFO : 2021-01-27 12:24:22,132 : state_square_error: 0.652 reward_error: 2.348
INFO : 2021-01-27 12:24:39,188 : state_square_error: 0.597 reward_error: 2.762
INFO : 2021-01-27 12:24:57,110 : state_square_error: 0.792 reward_error: 3.561
INFO : 2021-01-27 12:25:13,738 : state_square_error: 0.373 reward_error: 0.747
INFO : 2021-01-27 12:25:29,695 : episode: 14 score: 487.0 100 games avg: 487.0 steps 1000 
INFO : 2021-01-27 12:25:34,259 : state_square_error: 0.989 reward_error: 1.675
INFO : 2021-01-27 12:25:51,807 : state_square_error: 0.600 reward_error: -1.144
INFO : 2021-01-27 12:25:56,056 : episode: 15 score: 88.7 100 games avg: 88.7 steps 123 
INFO : 2021-01-27 12:26:00,531 : state_square_error: 0.932 reward_error: -0.261
INFO : 2021-01-27 12:26:17,753 : state_square_error: 0.619 reward_error: 3.715
INFO : 2021-01-27 12:26:35,077 : state_square_error: 0.251 reward_error: 0.400
INFO : 2021-01-27 12:26:53,639 : state_square_error: 0.178 reward_error: 1.434
INFO : 2021-01-27 12:27:11,084 : state_square_error: 0.835 reward_error: 3.396
INFO : 2021-01-27 12:27:28,997 : state_square_error: 0.447 reward_error: 1.285
INFO : 2021-01-27 12:27:46,255 : state_square_error: 0.652 reward_error: 1.133
INFO : 2021-01-27 12:28:03,462 : state_square_error: 0.438 reward_error: 1.026
INFO : 2021-01-27 12:28:20,192 : state_square_error: 0.853 reward_error: 2.542
INFO : 2021-01-27 12:28:37,897 : state_square_error: 0.243 reward_error: 5.186
INFO : 2021-01-27 12:28:54,272 : episode: 16 score: 419.6 100 games avg: 419.6 steps 1000 
INFO : 2021-01-27 12:28:58,637 : state_square_error: 1.080 reward_error: 3.495
INFO : 2021-01-27 12:29:15,590 : state_square_error: 0.548 reward_error: 0.355
INFO : 2021-01-27 12:29:32,762 : state_square_error: 0.931 reward_error: 3.676
INFO : 2021-01-27 12:29:49,912 : state_square_error: 0.315 reward_error: -0.610
INFO : 2021-01-27 12:30:06,680 : state_square_error: 0.551 reward_error: 0.359
INFO : 2021-01-27 12:30:23,819 : state_square_error: 0.244 reward_error: 0.193
INFO : 2021-01-27 12:30:42,757 : state_square_error: 0.566 reward_error: 1.114
INFO : 2021-01-27 12:30:59,488 : state_square_error: 0.698 reward_error: 1.139
INFO : 2021-01-27 12:31:18,224 : state_square_error: 0.593 reward_error: 0.640
INFO : 2021-01-27 12:31:36,260 : state_square_error: 0.452 reward_error: 0.816
INFO : 2021-01-27 12:31:53,424 : episode: 17 score: 503.6 100 games avg: 503.6 steps 1000 
INFO : 2021-01-27 12:31:58,733 : state_square_error: 2.309 reward_error: 6.136
INFO : 2021-01-27 12:32:07,839 : episode: 18 score: 17.3 100 games avg: 17.3 steps 53 
INFO : 2021-01-27 12:32:13,566 : state_square_error: 1.816 reward_error: 4.544
INFO : 2021-01-27 12:32:29,982 : state_square_error: 0.498 reward_error: 1.231
INFO : 2021-01-27 12:32:46,560 : state_square_error: 0.182 reward_error: -0.074
INFO : 2021-01-27 12:33:03,233 : state_square_error: 1.280 reward_error: 8.354
INFO : 2021-01-27 12:33:21,316 : state_square_error: 0.932 reward_error: 1.598
INFO : 2021-01-27 12:33:38,489 : state_square_error: 0.927 reward_error: 4.452
INFO : 2021-01-27 12:33:55,919 : state_square_error: 0.317 reward_error: 1.712
INFO : 2021-01-27 12:34:13,134 : episode: 19 score: 351.3 100 games avg: 351.3 steps 702 
INFO : 2021-01-27 12:34:19,016 : state_square_error: 0.785 reward_error: 0.825
INFO : 2021-01-27 12:34:33,014 : episode: 20 score: 41.7 100 games avg: 41.7 steps 85 
INFO : 2021-01-27 12:34:38,805 : state_square_error: 0.628 reward_error: 0.814
INFO : 2021-01-27 12:34:55,618 : state_square_error: 2.733 reward_error: 1.890
INFO : 2021-01-27 12:35:12,170 : state_square_error: 0.816 reward_error: 3.870
INFO : 2021-01-27 12:35:28,435 : state_square_error: 0.746 reward_error: 1.528
INFO : 2021-01-27 12:35:45,805 : state_square_error: 0.332 reward_error: 2.496
INFO : 2021-01-27 12:36:02,483 : state_square_error: 0.645 reward_error: 0.656
INFO : 2021-01-27 12:36:20,870 : state_square_error: 0.786 reward_error: 0.873
INFO : 2021-01-27 12:36:38,993 : state_square_error: 0.342 reward_error: -1.024
INFO : 2021-01-27 12:36:56,780 : state_square_error: 0.300 reward_error: 3.337
INFO : 2021-01-27 12:37:14,868 : state_square_error: 0.344 reward_error: 1.984
INFO : 2021-01-27 12:37:32,171 : episode: 21 score: 353.9 100 games avg: 353.9 steps 1000 
INFO : 2021-01-27 12:37:38,763 : state_square_error: 1.211 reward_error: 1.521
INFO : 2021-01-27 12:37:56,074 : episode: 22 score: 59.0 100 games avg: 59.0 steps 101 
INFO : 2021-01-27 12:38:02,896 : state_square_error: 1.167 reward_error: 2.954
INFO : 2021-01-27 12:38:20,467 : state_square_error: 1.014 reward_error: 0.294
INFO : 2021-01-27 12:38:31,703 : episode: 23 score: 105.7 100 games avg: 105.7 steps 165 
INFO : 2021-01-27 12:38:37,469 : state_square_error: 0.599 reward_error: 4.341
INFO : 2021-01-27 12:38:54,683 : state_square_error: 0.787 reward_error: 2.846
INFO : 2021-01-27 12:39:12,298 : state_square_error: 0.817 reward_error: 0.557
INFO : 2021-01-27 12:39:20,407 : episode: 24 score: 139.3 100 games avg: 139.3 steps 243 
INFO : 2021-01-27 12:39:26,574 : state_square_error: 0.835 reward_error: 2.276
INFO : 2021-01-27 12:39:44,290 : state_square_error: 3.702 reward_error: 5.289
INFO : 2021-01-27 12:40:00,268 : state_square_error: 0.831 reward_error: 2.018
INFO : 2021-01-27 12:40:16,782 : state_square_error: 0.491 reward_error: 1.316
INFO : 2021-01-27 12:40:35,342 : state_square_error: 0.199 reward_error: 1.391
INFO : 2021-01-27 12:40:52,406 : state_square_error: 0.527 reward_error: 1.371
INFO : 2021-01-27 12:41:10,805 : state_square_error: 0.434 reward_error: -0.312
INFO : 2021-01-27 12:41:28,300 : state_square_error: 0.360 reward_error: 0.946
INFO : 2021-01-27 12:41:46,280 : state_square_error: 0.293 reward_error: -0.407
INFO : 2021-01-27 12:42:04,313 : state_square_error: 0.599 reward_error: -1.287
INFO : 2021-01-27 12:42:24,003 : episode: 25 score: 520.4 100 games avg: 520.4 steps 1000 
INFO : 2021-01-27 12:42:30,597 : state_square_error: 0.340 reward_error: 2.105
INFO : 2021-01-27 12:42:47,327 : state_square_error: 0.720 reward_error: 2.354
INFO : 2021-01-27 12:43:04,040 : state_square_error: 0.999 reward_error: 0.101
INFO : 2021-01-27 12:43:19,880 : state_square_error: 0.212 reward_error: 1.399
INFO : 2021-01-27 12:43:38,200 : state_square_error: 0.540 reward_error: 4.051
INFO : 2021-01-27 12:43:54,093 : state_square_error: 0.376 reward_error: 0.328
INFO : 2021-01-27 12:44:10,035 : state_square_error: 1.307 reward_error: 1.179
INFO : 2021-01-27 12:44:26,625 : state_square_error: 0.413 reward_error: -0.874
INFO : 2021-01-27 12:44:43,146 : state_square_error: 0.444 reward_error: -0.110
INFO : 2021-01-27 12:44:59,962 : state_square_error: 0.152 reward_error: 0.709
INFO : 2021-01-27 12:45:17,528 : episode: 26 score: 515.1 100 games avg: 515.1 steps 1000 
INFO : 2021-01-27 12:45:26,640 : state_square_error: 1.348 reward_error: 5.298
INFO : 2021-01-27 12:45:44,105 : state_square_error: 0.862 reward_error: 3.960
INFO : 2021-01-27 12:45:55,401 : episode: 27 score: 73.6 100 games avg: 73.6 steps 170 
INFO : 2021-01-27 12:46:02,616 : state_square_error: 1.153 reward_error: 1.640
INFO : 2021-01-27 12:46:19,339 : state_square_error: 0.729 reward_error: -0.748
INFO : 2021-01-27 12:46:36,230 : state_square_error: 1.380 reward_error: 4.202
INFO : 2021-01-27 12:46:53,140 : state_square_error: 0.858 reward_error: -1.106
INFO : 2021-01-27 12:47:09,864 : state_square_error: 0.312 reward_error: 4.108
INFO : 2021-01-27 12:47:26,616 : state_square_error: 0.557 reward_error: 2.696
INFO : 2021-01-27 12:47:43,880 : state_square_error: 0.302 reward_error: 2.691
INFO : 2021-01-27 12:48:01,277 : state_square_error: 0.359 reward_error: 0.893
INFO : 2021-01-27 12:48:20,149 : state_square_error: 0.500 reward_error: 2.161
INFO : 2021-01-27 12:48:39,134 : state_square_error: 0.422 reward_error: 2.093
INFO : 2021-01-27 12:48:56,619 : episode: 28 score: 388.8 100 games avg: 388.8 steps 1000 
INFO : 2021-01-27 12:49:04,414 : state_square_error: 0.523 reward_error: 5.803
INFO : 2021-01-27 12:49:23,060 : state_square_error: 2.027 reward_error: 1.881
INFO : 2021-01-27 12:49:39,680 : state_square_error: 0.630 reward_error: 1.635
INFO : 2021-01-27 12:49:55,672 : state_square_error: 0.215 reward_error: 0.441
INFO : 2021-01-27 12:50:12,269 : state_square_error: 0.313 reward_error: 3.113
INFO : 2021-01-27 12:50:30,597 : state_square_error: 0.499 reward_error: 1.776
INFO : 2021-01-27 12:50:47,725 : state_square_error: 0.517 reward_error: 0.317
INFO : 2021-01-27 12:51:03,921 : state_square_error: 0.096 reward_error: 0.075
INFO : 2021-01-27 12:51:21,071 : state_square_error: 0.131 reward_error: 2.404
INFO : 2021-01-27 12:51:39,416 : state_square_error: 0.148 reward_error: 1.401
INFO : 2021-01-27 12:51:55,917 : episode: 29 score: 617.2 100 games avg: 617.2 steps 1000 
INFO : 2021-01-27 12:52:04,532 : state_square_error: 0.497 reward_error: 4.768
INFO : 2021-01-27 12:52:07,202 : episode: 30 score: 1.6 100 games avg: 1.6 steps 18 
INFO : 2021-01-27 12:52:15,820 : state_square_error: 1.465 reward_error: 1.486
INFO : 2021-01-27 12:52:32,324 : state_square_error: 0.607 reward_error: 1.985
INFO : 2021-01-27 12:52:47,680 : state_square_error: 0.358 reward_error: 0.993
INFO : 2021-01-27 12:53:04,863 : state_square_error: 0.942 reward_error: 2.308
INFO : 2021-01-27 12:53:23,074 : state_square_error: 0.352 reward_error: 0.960
INFO : 2021-01-27 12:53:38,789 : state_square_error: 0.570 reward_error: 2.800
INFO : 2021-01-27 12:53:55,794 : state_square_error: 1.677 reward_error: 1.901
INFO : 2021-01-27 12:54:12,581 : state_square_error: 0.651 reward_error: 0.560
INFO : 2021-01-27 12:54:31,774 : state_square_error: 0.525 reward_error: 1.089
INFO : 2021-01-27 12:54:49,092 : state_square_error: 0.736 reward_error: 0.915
INFO : 2021-01-27 12:55:05,672 : episode: 31 score: 530.7 100 games avg: 530.7 steps 1000 
INFO : 2021-01-27 12:55:14,715 : state_square_error: 2.868 reward_error: 1.490
INFO : 2021-01-27 12:55:31,617 : state_square_error: 0.485 reward_error: 0.686
INFO : 2021-01-27 12:55:48,160 : state_square_error: 0.140 reward_error: 0.884
INFO : 2021-01-27 12:56:04,878 : state_square_error: 0.412 reward_error: 0.878
INFO : 2021-01-27 12:56:21,252 : state_square_error: 0.244 reward_error: 1.030
INFO : 2021-01-27 12:56:38,414 : state_square_error: 0.220 reward_error: -0.794
INFO : 2021-01-27 12:56:55,119 : state_square_error: 0.549 reward_error: 0.520
INFO : 2021-01-27 12:57:11,899 : state_square_error: 0.191 reward_error: 1.813
INFO : 2021-01-27 12:57:29,844 : state_square_error: 1.401 reward_error: 4.933
INFO : 2021-01-27 12:57:48,145 : state_square_error: 0.414 reward_error: 0.814
INFO : 2021-01-27 12:58:05,031 : episode: 32 score: 494.9 100 games avg: 494.9 steps 1000 
INFO : 2021-01-27 12:58:14,028 : state_square_error: 0.832 reward_error: 0.597
INFO : 2021-01-27 12:58:30,435 : state_square_error: 0.783 reward_error: 3.083
INFO : 2021-01-27 12:58:47,468 : state_square_error: 1.245 reward_error: 0.590
INFO : 2021-01-27 12:59:03,745 : state_square_error: 0.701 reward_error: 2.344
INFO : 2021-01-27 12:59:20,609 : state_square_error: 0.270 reward_error: 3.088
INFO : 2021-01-27 12:59:37,267 : state_square_error: 0.592 reward_error: 1.329
INFO : 2021-01-27 12:59:53,635 : state_square_error: 0.734 reward_error: 1.991
INFO : 2021-01-27 13:00:11,170 : state_square_error: 0.324 reward_error: 2.281
INFO : 2021-01-27 13:00:27,662 : state_square_error: 0.692 reward_error: 3.326
INFO : 2021-01-27 13:00:46,473 : state_square_error: 1.195 reward_error: 2.120
INFO : 2021-01-27 13:01:03,028 : episode: 33 score: 644.1 100 games avg: 644.1 steps 1000 
INFO : 2021-01-27 13:01:12,363 : state_square_error: 0.680 reward_error: 4.098
INFO : 2021-01-27 13:01:28,604 : state_square_error: 1.156 reward_error: -0.130
INFO : 2021-01-27 13:01:45,024 : state_square_error: 0.803 reward_error: -2.768
INFO : 2021-01-27 13:02:01,174 : state_square_error: 0.278 reward_error: 1.343
INFO : 2021-01-27 13:02:18,229 : state_square_error: 0.420 reward_error: 2.313
INFO : 2021-01-27 13:02:35,994 : state_square_error: 0.613 reward_error: 1.004
INFO : 2021-01-27 13:02:52,316 : state_square_error: 0.750 reward_error: 1.760
INFO : 2021-01-27 13:03:10,447 : state_square_error: 0.992 reward_error: 4.257
INFO : 2021-01-27 13:03:27,388 : state_square_error: 1.335 reward_error: 9.573
INFO : 2021-01-27 13:03:44,967 : state_square_error: 0.477 reward_error: 4.512
INFO : 2021-01-27 13:04:02,290 : episode: 34 score: 653.8 100 games avg: 653.8 steps 1000 
INFO : 2021-01-27 13:04:11,924 : state_square_error: 2.855 reward_error: 6.182
INFO : 2021-01-27 13:04:28,297 : state_square_error: 0.529 reward_error: 3.994
INFO : 2021-01-27 13:04:45,648 : state_square_error: 0.989 reward_error: 2.703
INFO : 2021-01-27 13:05:02,455 : state_square_error: 0.867 reward_error: 5.162
INFO : 2021-01-27 13:05:20,386 : state_square_error: 0.703 reward_error: 6.697
INFO : 2021-01-27 13:05:36,733 : state_square_error: 0.326 reward_error: 0.427
INFO : 2021-01-27 13:05:53,549 : state_square_error: 0.906 reward_error: 1.311
INFO : 2021-01-27 13:06:10,618 : state_square_error: 0.468 reward_error: 0.562
INFO : 2021-01-27 13:06:28,425 : state_square_error: 0.841 reward_error: 3.489
INFO : 2021-01-27 13:06:45,876 : state_square_error: 1.172 reward_error: 7.182
INFO : 2021-01-27 13:07:04,834 : episode: 35 score: 644.9 100 games avg: 644.9 steps 1000 
INFO : 2021-01-27 13:07:15,482 : state_square_error: 0.812 reward_error: 0.241
INFO : 2021-01-27 13:07:26,510 : episode: 36 score: 57.1 100 games avg: 57.1 steps 68 
INFO : 2021-01-27 13:07:37,643 : state_square_error: 2.078 reward_error: -0.844
INFO : 2021-01-27 13:07:53,341 : state_square_error: 0.474 reward_error: 0.453
INFO : 2021-01-27 13:08:09,761 : state_square_error: 0.504 reward_error: 3.295
INFO : 2021-01-27 13:08:25,509 : state_square_error: 0.430 reward_error: 1.485
INFO : 2021-01-27 13:08:43,526 : state_square_error: 0.800 reward_error: -0.051
INFO : 2021-01-27 13:09:00,079 : state_square_error: 0.501 reward_error: 4.052
INFO : 2021-01-27 13:09:16,418 : state_square_error: 0.592 reward_error: 2.672
INFO : 2021-01-27 13:09:33,179 : state_square_error: 0.911 reward_error: 2.851
INFO : 2021-01-27 13:09:50,947 : state_square_error: 0.563 reward_error: 3.063
INFO : 2021-01-27 13:10:09,007 : state_square_error: 0.902 reward_error: -0.595
INFO : 2021-01-27 13:10:25,259 : episode: 37 score: 739.1 100 games avg: 739.1 steps 1000 
INFO : 2021-01-27 13:10:37,017 : state_square_error: 1.214 reward_error: 6.085
INFO : 2021-01-27 13:10:53,202 : state_square_error: 1.458 reward_error: 5.574
INFO : 2021-01-27 13:11:09,952 : state_square_error: 0.502 reward_error: 3.736
INFO : 2021-01-27 13:11:26,503 : state_square_error: 0.891 reward_error: 0.842
INFO : 2021-01-27 13:11:42,939 : state_square_error: 1.081 reward_error: 2.018
INFO : 2021-01-27 13:12:00,981 : state_square_error: 0.324 reward_error: 1.766
INFO : 2021-01-27 13:12:17,468 : state_square_error: 0.781 reward_error: 1.603
INFO : 2021-01-27 13:12:34,388 : state_square_error: 0.325 reward_error: 1.536
INFO : 2021-01-27 13:12:50,913 : state_square_error: 0.677 reward_error: 1.127
INFO : 2021-01-27 13:13:08,136 : state_square_error: 0.468 reward_error: 0.877
INFO : 2021-01-27 13:13:27,174 : episode: 38 score: 552.7 100 games avg: 552.7 steps 1000 
INFO : 2021-01-27 13:13:38,843 : state_square_error: 1.198 reward_error: 4.290
INFO : 2021-01-27 13:13:56,490 : state_square_error: 0.583 reward_error: 2.329
INFO : 2021-01-27 13:14:13,545 : state_square_error: 2.072 reward_error: 6.817
INFO : 2021-01-27 13:14:30,019 : state_square_error: 0.254 reward_error: 3.890
INFO : 2021-01-27 13:14:46,452 : state_square_error: 0.353 reward_error: 0.663
INFO : 2021-01-27 13:15:04,591 : state_square_error: 0.465 reward_error: 3.488
INFO : 2021-01-27 13:15:21,755 : state_square_error: 0.512 reward_error: 1.678
INFO : 2021-01-27 13:15:38,410 : state_square_error: 0.974 reward_error: 3.431
INFO : 2021-01-27 13:15:55,497 : state_square_error: 0.525 reward_error: 0.511
INFO : 2021-01-27 13:16:12,520 : state_square_error: 0.269 reward_error: 2.068
INFO : 2021-01-27 13:16:31,793 : episode: 39 score: 724.4 100 games avg: 724.4 steps 1000 
INFO : 2021-01-27 13:16:44,085 : state_square_error: 0.752 reward_error: -0.467
INFO : 2021-01-27 13:17:00,591 : state_square_error: 2.102 reward_error: 3.709
INFO : 2021-01-27 13:17:17,175 : state_square_error: 0.587 reward_error: -0.206
INFO : 2021-01-27 13:17:33,833 : state_square_error: 0.374 reward_error: 3.505
INFO : 2021-01-27 13:17:51,025 : state_square_error: 0.366 reward_error: 0.636
INFO : 2021-01-27 13:18:08,388 : state_square_error: 0.528 reward_error: 2.301
INFO : 2021-01-27 13:18:25,716 : state_square_error: 0.408 reward_error: 6.503
INFO : 2021-01-27 13:18:42,863 : state_square_error: 0.424 reward_error: 2.504
INFO : 2021-01-27 13:19:00,037 : state_square_error: 0.382 reward_error: 0.168
INFO : 2021-01-27 13:19:18,156 : state_square_error: 0.288 reward_error: 1.105
INFO : 2021-01-27 13:19:23,437 : episode: 40 score: 650.3 100 games avg: 650.3 steps 928 
INFO : 2021-01-27 13:19:39,585 : state_square_error: 0.681 reward_error: 2.751
INFO : 2021-01-27 13:19:57,220 : state_square_error: 1.365 reward_error: 10.558
INFO : 2021-01-27 13:20:13,765 : state_square_error: 1.218 reward_error: 0.494
INFO : 2021-01-27 13:20:30,829 : state_square_error: 0.910 reward_error: 4.860
INFO : 2021-01-27 13:20:48,828 : state_square_error: 0.453 reward_error: 2.126
INFO : 2021-01-27 13:21:05,588 : state_square_error: 0.430 reward_error: 0.682
INFO : 2021-01-27 13:21:22,280 : state_square_error: 0.874 reward_error: -0.056
INFO : 2021-01-27 13:21:38,986 : state_square_error: 0.885 reward_error: 7.264
INFO : 2021-01-27 13:21:55,668 : state_square_error: 0.382 reward_error: 1.090
INFO : 2021-01-27 13:22:12,267 : state_square_error: 0.317 reward_error: -0.546
INFO : 2021-01-27 13:22:29,834 : episode: 41 score: 731.1 100 games avg: 731.1 steps 1000 
INFO : 2021-01-27 13:22:46,153 : state_square_error: 1.018 reward_error: 2.103
INFO : 2021-01-27 13:23:01,961 : state_square_error: 0.522 reward_error: 2.773
INFO : 2021-01-27 13:23:17,953 : state_square_error: 1.081 reward_error: -0.333
INFO : 2021-01-27 13:23:34,561 : state_square_error: 0.286 reward_error: 1.328
INFO : 2021-01-27 13:23:50,472 : state_square_error: 0.598 reward_error: 0.834
INFO : 2021-01-27 13:24:06,927 : state_square_error: 0.427 reward_error: 0.838
INFO : 2021-01-27 13:24:23,052 : state_square_error: 0.833 reward_error: 0.209
INFO : 2021-01-27 13:24:40,874 : state_square_error: 0.366 reward_error: -0.904
INFO : 2021-01-27 13:24:58,115 : state_square_error: 1.178 reward_error: 0.558
INFO : 2021-01-27 13:25:15,713 : state_square_error: 0.578 reward_error: 0.215
INFO : 2021-01-27 13:25:33,509 : episode: 42 score: 669.2 100 games avg: 669.2 steps 1000 
INFO : 2021-01-27 13:25:47,901 : state_square_error: 1.282 reward_error: 3.139
INFO : 2021-01-27 13:26:06,343 : state_square_error: 0.929 reward_error: -0.914
INFO : 2021-01-27 13:26:22,894 : state_square_error: 0.903 reward_error: 2.683
INFO : 2021-01-27 13:26:38,989 : state_square_error: 0.413 reward_error: 2.624
INFO : 2021-01-27 13:26:55,330 : state_square_error: 0.830 reward_error: 1.866
INFO : 2021-01-27 13:27:12,496 : state_square_error: 0.443 reward_error: 3.231
INFO : 2021-01-27 13:27:19,707 : episode: 43 score: 485.4 100 games avg: 485.4 steps 547 
INFO : 2021-01-27 13:27:34,144 : state_square_error: 1.574 reward_error: 5.367
INFO : 2021-01-27 13:27:50,171 : state_square_error: 2.181 reward_error: 2.899
INFO : 2021-01-27 13:28:07,452 : state_square_error: 0.533 reward_error: 0.508
INFO : 2021-01-27 13:28:24,113 : state_square_error: 0.972 reward_error: 2.903
INFO : 2021-01-27 13:28:28,173 : episode: 44 score: 230.7 100 games avg: 230.7 steps 324 
INFO : 2021-01-27 13:28:41,997 : state_square_error: 0.995 reward_error: 2.348
INFO : 2021-01-27 13:28:59,127 : state_square_error: 1.320 reward_error: 4.587
INFO : 2021-01-27 13:29:17,846 : state_square_error: 1.527 reward_error: 0.623
INFO : 2021-01-27 13:29:34,473 : state_square_error: 0.386 reward_error: 1.668
INFO : 2021-01-27 13:29:51,129 : state_square_error: 0.485 reward_error: 5.033
INFO : 2021-01-27 13:30:08,197 : state_square_error: 0.765 reward_error: 1.799
INFO : 2021-01-27 13:30:25,984 : state_square_error: 0.350 reward_error: 2.042
INFO : 2021-01-27 13:30:42,879 : state_square_error: 0.327 reward_error: 2.348
INFO : 2021-01-27 13:31:00,007 : state_square_error: 0.518 reward_error: 2.302
INFO : 2021-01-27 13:31:18,291 : state_square_error: 0.874 reward_error: -1.401
INFO : 2021-01-27 13:31:34,899 : episode: 45 score: 550.5 100 games avg: 550.5 steps 1000 
INFO : 2021-01-27 13:31:49,395 : state_square_error: 0.681 reward_error: -0.790
INFO : 2021-01-27 13:32:06,648 : state_square_error: 0.475 reward_error: 1.764
INFO : 2021-01-27 13:32:26,458 : state_square_error: 1.609 reward_error: 2.813
INFO : 2021-01-27 13:32:43,157 : state_square_error: 0.376 reward_error: 1.907
INFO : 2021-01-27 13:32:59,461 : state_square_error: 0.703 reward_error: 1.868
INFO : 2021-01-27 13:33:16,752 : state_square_error: 1.004 reward_error: -0.463
INFO : 2021-01-27 13:33:32,839 : state_square_error: 0.240 reward_error: 2.236
INFO : 2021-01-27 13:33:49,936 : state_square_error: 0.371 reward_error: 0.160
INFO : 2021-01-27 13:34:06,531 : state_square_error: 0.656 reward_error: 4.037
INFO : 2021-01-27 13:34:23,296 : state_square_error: 0.460 reward_error: 0.419
INFO : 2021-01-27 13:34:40,785 : episode: 46 score: 795.5 100 games avg: 795.5 steps 1000 
INFO : 2021-01-27 13:34:55,169 : state_square_error: 0.560 reward_error: 0.460
INFO : 2021-01-27 13:35:11,913 : state_square_error: 1.072 reward_error: -1.604
INFO : 2021-01-27 13:35:31,434 : state_square_error: 0.428 reward_error: 3.815
INFO : 2021-01-27 13:35:47,847 : state_square_error: 0.507 reward_error: 3.914
INFO : 2021-01-27 13:36:04,348 : state_square_error: 0.564 reward_error: 2.351
INFO : 2021-01-27 13:36:21,408 : state_square_error: 0.387 reward_error: 1.622
INFO : 2021-01-27 13:36:38,224 : state_square_error: 0.625 reward_error: -0.531
INFO : 2021-01-27 13:36:55,440 : state_square_error: 0.537 reward_error: 0.968
INFO : 2021-01-27 13:37:12,862 : state_square_error: 0.349 reward_error: 1.235
INFO : 2021-01-27 13:37:30,772 : state_square_error: 0.489 reward_error: -0.191
INFO : 2021-01-27 13:37:47,747 : episode: 47 score: 626.6 100 games avg: 626.6 steps 1000 
INFO : 2021-01-27 13:38:02,896 : state_square_error: 1.362 reward_error: 0.631
INFO : 2021-01-27 13:38:20,483 : episode: 48 score: 85.4 100 games avg: 85.4 steps 101 
INFO : 2021-01-27 13:38:37,240 : state_square_error: 0.340 reward_error: 2.682
INFO : 2021-01-27 13:38:55,831 : state_square_error: 1.238 reward_error: 3.927
INFO : 2021-01-27 13:39:12,508 : state_square_error: 0.208 reward_error: 0.149
INFO : 2021-01-27 13:39:31,290 : state_square_error: 0.496 reward_error: 1.510
INFO : 2021-01-27 13:39:50,463 : state_square_error: 1.172 reward_error: 2.214
INFO : 2021-01-27 13:40:10,855 : state_square_error: 1.021 reward_error: 5.685
INFO : 2021-01-27 13:40:28,899 : state_square_error: 0.666 reward_error: 1.200
INFO : 2021-01-27 13:40:46,114 : state_square_error: 0.472 reward_error: 1.150
INFO : 2021-01-27 13:41:03,665 : state_square_error: 1.356 reward_error: 5.395
INFO : 2021-01-27 13:41:20,477 : state_square_error: 1.757 reward_error: 2.828
INFO : 2021-01-27 13:41:37,651 : episode: 49 score: 761.7 100 games avg: 761.7 steps 1000 
INFO : 2021-01-27 13:41:55,527 : state_square_error: 1.011 reward_error: -0.368
INFO : 2021-01-27 13:42:12,785 : state_square_error: 1.370 reward_error: 1.325
INFO : 2021-01-27 13:42:29,143 : state_square_error: 0.379 reward_error: 2.353
INFO : 2021-01-27 13:42:45,779 : state_square_error: 0.320 reward_error: 0.909
INFO : 2021-01-27 13:43:05,805 : state_square_error: 0.381 reward_error: 0.541
INFO : 2021-01-27 13:43:23,979 : state_square_error: 0.390 reward_error: 2.315
INFO : 2021-01-27 13:43:41,656 : state_square_error: 0.812 reward_error: 1.317
INFO : 2021-01-27 13:43:58,601 : state_square_error: 0.617 reward_error: 1.761
INFO : 2021-01-27 13:44:15,156 : state_square_error: 0.860 reward_error: 0.434
INFO : 2021-01-27 13:44:32,561 : state_square_error: 0.295 reward_error: 1.849
INFO : 2021-01-27 13:44:49,851 : episode: 50 score: 722.8 100 games avg: 722.8 steps 1000 
INFO : 2021-01-27 13:45:08,136 : state_square_error: 1.797 reward_error: 1.995
INFO : 2021-01-27 13:45:25,268 : state_square_error: 0.203 reward_error: 2.965
INFO : 2021-01-27 13:45:42,260 : state_square_error: 0.665 reward_error: 1.966
INFO : 2021-01-27 13:45:59,959 : state_square_error: 0.643 reward_error: 1.326
INFO : 2021-01-27 13:46:19,540 : state_square_error: 0.331 reward_error: -0.529
INFO : 2021-01-27 13:46:37,482 : state_square_error: 0.999 reward_error: 2.493
INFO : 2021-01-27 13:46:54,891 : state_square_error: 0.356 reward_error: 3.020
INFO : 2021-01-27 13:47:12,308 : state_square_error: 0.893 reward_error: 2.113
INFO : 2021-01-27 13:47:29,051 : state_square_error: 0.818 reward_error: 0.996
INFO : 2021-01-27 13:47:45,743 : state_square_error: 0.539 reward_error: 6.684
INFO : 2021-01-27 13:48:02,513 : episode: 51 score: 795.3 100 games avg: 795.3 steps 1000 
INFO : 2021-01-27 13:48:19,393 : state_square_error: 1.989 reward_error: 2.260
INFO : 2021-01-27 13:48:35,993 : state_square_error: 0.477 reward_error: -0.344
INFO : 2021-01-27 13:48:51,799 : state_square_error: 0.716 reward_error: -2.049
INFO : 2021-01-27 13:49:08,001 : state_square_error: 0.941 reward_error: 0.342
INFO : 2021-01-27 13:49:28,437 : state_square_error: 1.358 reward_error: 2.400
INFO : 2021-01-27 13:49:46,307 : state_square_error: 0.942 reward_error: 1.986
INFO : 2021-01-27 13:50:03,441 : state_square_error: 1.050 reward_error: 7.790
INFO : 2021-01-27 13:50:20,174 : state_square_error: 0.666 reward_error: 5.962
INFO : 2021-01-27 13:50:37,351 : state_square_error: 0.272 reward_error: 0.464
INFO : 2021-01-27 13:50:54,446 : state_square_error: 1.033 reward_error: 2.763
INFO : 2021-01-27 13:51:12,336 : episode: 52 score: 858.2 100 games avg: 858.2 steps 1000 
INFO : 2021-01-27 13:51:30,588 : state_square_error: 2.375 reward_error: 2.771
INFO : 2021-01-27 13:51:46,940 : state_square_error: 0.380 reward_error: 4.190
INFO : 2021-01-27 13:52:03,989 : state_square_error: 0.653 reward_error: -0.295
INFO : 2021-01-27 13:52:22,158 : state_square_error: 1.267 reward_error: 0.521
INFO : 2021-01-27 13:52:41,206 : state_square_error: 0.433 reward_error: 2.042
INFO : 2021-01-27 13:52:59,288 : state_square_error: 1.954 reward_error: 0.181
INFO : 2021-01-27 13:53:17,331 : state_square_error: 1.302 reward_error: 1.773
INFO : 2021-01-27 13:53:34,244 : state_square_error: 0.842 reward_error: 2.278
INFO : 2021-01-27 13:53:52,527 : state_square_error: 0.768 reward_error: -0.087
INFO : 2021-01-27 13:54:09,990 : state_square_error: 0.515 reward_error: 4.225
INFO : 2021-01-27 13:54:26,777 : episode: 53 score: 875.5 100 games avg: 875.5 steps 1000 
INFO : 2021-01-27 13:54:45,798 : state_square_error: 0.441 reward_error: 1.018
INFO : 2021-01-27 13:55:04,780 : state_square_error: 0.835 reward_error: 0.380
INFO : 2021-01-27 13:55:22,075 : state_square_error: 0.953 reward_error: 1.510
INFO : 2021-01-27 13:55:41,794 : state_square_error: 0.353 reward_error: -0.188
INFO : 2021-01-27 13:55:59,928 : state_square_error: 0.451 reward_error: 4.287
INFO : 2021-01-27 13:56:16,693 : state_square_error: 1.292 reward_error: 1.424
INFO : 2021-01-27 13:56:34,366 : state_square_error: 1.621 reward_error: 1.362
INFO : 2021-01-27 13:56:51,130 : state_square_error: 0.687 reward_error: 2.892
INFO : 2021-01-27 13:57:07,459 : state_square_error: 1.114 reward_error: 1.620
INFO : 2021-01-27 13:57:17,237 : episode: 54 score: 756.4 100 games avg: 756.4 steps 860 
INFO : 2021-01-27 13:57:36,267 : state_square_error: 0.785 reward_error: 1.546
INFO : 2021-01-27 13:57:53,176 : state_square_error: 0.562 reward_error: 0.549
INFO : 2021-01-27 13:58:08,538 : episode: 55 score: 221.4 100 games avg: 221.4 steps 189 
INFO : 2021-01-27 13:58:27,079 : state_square_error: 0.897 reward_error: -1.809
INFO : 2021-01-27 13:58:44,460 : state_square_error: 0.533 reward_error: 3.388
INFO : 2021-01-27 13:59:05,233 : state_square_error: 0.336 reward_error: 1.357
INFO : 2021-01-27 13:59:23,134 : state_square_error: 0.995 reward_error: 1.654
INFO : 2021-01-27 13:59:40,876 : state_square_error: 0.688 reward_error: 1.502
INFO : 2021-01-27 13:59:56,825 : state_square_error: 0.940 reward_error: 4.197
INFO : 2021-01-27 14:00:12,458 : state_square_error: 0.582 reward_error: 0.508
INFO : 2021-01-27 14:00:46,742 : state_square_error: 0.695 reward_error: 0.961
INFO : 2021-01-27 14:01:03,497 : state_square_error: 0.437 reward_error: 3.137
INFO : 2021-01-27 14:01:21,517 : episode: 56 score: 927.1 100 games avg: 927.1 steps 1000 
INFO : 2021-01-27 14:01:41,262 : state_square_error: 0.466 reward_error: 1.978
INFO : 2021-01-27 14:01:57,754 : state_square_error: 0.713 reward_error: 2.276
INFO : 2021-01-27 14:02:18,034 : state_square_error: 0.282 reward_error: 0.473
INFO : 2021-01-27 14:02:34,998 : state_square_error: 0.279 reward_error: 1.906
INFO : 2021-01-27 14:02:52,410 : state_square_error: 0.276 reward_error: 0.759
INFO : 2021-01-27 14:03:10,177 : state_square_error: 0.340 reward_error: 0.611
INFO : 2021-01-27 14:03:27,197 : state_square_error: 0.311 reward_error: 0.441
INFO : 2021-01-27 14:03:44,123 : state_square_error: 0.213 reward_error: 0.773
INFO : 2021-01-27 14:04:03,586 : state_square_error: 0.276 reward_error: 0.752
INFO : 2021-01-27 14:04:20,574 : state_square_error: 0.899 reward_error: 1.040
INFO : 2021-01-27 14:04:38,139 : episode: 57 score: 523.6 100 games avg: 523.6 steps 1000 
INFO : 2021-01-27 14:04:58,128 : state_square_error: 0.503 reward_error: 1.967
INFO : 2021-01-27 14:05:15,401 : state_square_error: 0.617 reward_error: 3.324
INFO : 2021-01-27 14:05:25,180 : episode: 58 score: 126.8 100 games avg: 126.8 steps 150 
INFO : 2021-01-27 14:05:48,777 : state_square_error: 0.912 reward_error: -3.828
INFO : 2021-01-27 14:06:05,246 : state_square_error: 0.875 reward_error: 4.951
INFO : 2021-01-27 14:06:22,221 : state_square_error: 1.004 reward_error: 1.362
INFO : 2021-01-27 14:06:39,406 : state_square_error: 1.838 reward_error: 1.928
INFO : 2021-01-27 14:06:56,351 : state_square_error: 0.959 reward_error: 1.889
INFO : 2021-01-27 14:07:12,767 : state_square_error: 2.164 reward_error: 6.367
INFO : 2021-01-27 14:07:29,468 : state_square_error: 0.535 reward_error: 1.808
INFO : 2021-01-27 14:07:46,731 : state_square_error: 0.668 reward_error: 1.220
INFO : 2021-01-27 14:08:05,495 : state_square_error: 0.749 reward_error: 2.971
INFO : 2021-01-27 14:08:24,161 : state_square_error: 0.471 reward_error: 1.613
INFO : 2021-01-27 14:08:41,092 : episode: 59 score: 896.3 100 games avg: 896.3 steps 1000 
INFO : 2021-01-27 14:09:00,648 : state_square_error: 0.446 reward_error: 2.382
INFO : 2021-01-27 14:09:19,554 : state_square_error: 0.561 reward_error: 1.679
INFO : 2021-01-27 14:09:38,958 : state_square_error: 0.225 reward_error: 1.929
INFO : 2021-01-27 14:09:56,397 : state_square_error: 0.758 reward_error: 2.348
INFO : 2021-01-27 14:10:13,025 : state_square_error: 0.438 reward_error: 4.591
INFO : 2021-01-27 14:10:31,020 : state_square_error: 0.495 reward_error: 1.518
INFO : 2021-01-27 14:10:48,845 : state_square_error: 1.065 reward_error: 2.631
INFO : 2021-01-27 14:11:07,241 : state_square_error: 0.791 reward_error: 0.680
INFO : 2021-01-27 14:11:27,996 : state_square_error: 1.181 reward_error: 3.017
INFO : 2021-01-27 14:11:46,739 : state_square_error: 0.960 reward_error: 3.679
INFO : 2021-01-27 14:12:04,600 : episode: 60 score: 797.2 100 games avg: 797.2 steps 1000 
INFO : 2021-01-27 14:12:25,629 : state_square_error: 0.949 reward_error: 1.050
INFO : 2021-01-27 14:12:42,354 : state_square_error: 0.545 reward_error: 3.350
INFO : 2021-01-27 14:12:59,656 : state_square_error: 0.698 reward_error: 2.308
INFO : 2021-01-27 14:13:17,014 : state_square_error: 0.494 reward_error: 4.528
INFO : 2021-01-27 14:13:33,812 : state_square_error: 0.613 reward_error: -0.164
INFO : 2021-01-27 14:13:51,082 : state_square_error: 0.599 reward_error: 2.166
INFO : 2021-01-27 14:14:09,106 : state_square_error: 0.851 reward_error: 3.324
INFO : 2021-01-27 14:14:18,773 : episode: 61 score: 594.1 100 games avg: 594.1 steps 653 
INFO : 2021-01-27 14:14:42,966 : state_square_error: 1.310 reward_error: 5.569
INFO : 2021-01-27 14:14:59,554 : state_square_error: 0.948 reward_error: 7.091
INFO : 2021-01-27 14:15:15,736 : state_square_error: 0.992 reward_error: 3.072
INFO : 2021-01-27 14:15:33,004 : state_square_error: 0.236 reward_error: 3.074
INFO : 2021-01-27 14:15:49,789 : state_square_error: 0.287 reward_error: 2.149
INFO : 2021-01-27 14:16:07,429 : state_square_error: 0.535 reward_error: 1.720
INFO : 2021-01-27 14:16:24,448 : state_square_error: 0.243 reward_error: 2.598
INFO : 2021-01-27 14:16:42,793 : state_square_error: 0.302 reward_error: 0.278
INFO : 2021-01-27 14:17:00,666 : state_square_error: 2.003 reward_error: 3.113
INFO : 2021-01-27 14:17:17,988 : state_square_error: 1.020 reward_error: -0.913
INFO : 2021-01-27 14:17:37,077 : episode: 62 score: 593.5 100 games avg: 593.5 steps 1000 
INFO : 2021-01-27 14:18:01,584 : state_square_error: 1.073 reward_error: 1.591
INFO : 2021-01-27 14:18:18,622 : state_square_error: 0.783 reward_error: 5.390
INFO : 2021-01-27 14:18:38,905 : state_square_error: 1.477 reward_error: 4.195
INFO : 2021-01-27 14:18:55,557 : state_square_error: 0.374 reward_error: 0.152
INFO : 2021-01-27 14:19:12,706 : state_square_error: 1.303 reward_error: 2.548
INFO : 2021-01-27 14:19:29,959 : state_square_error: 0.503 reward_error: 2.924
INFO : 2021-01-27 14:19:47,345 : state_square_error: 0.831 reward_error: 1.393
INFO : 2021-01-27 14:20:06,121 : state_square_error: 0.626 reward_error: 1.591
INFO : 2021-01-27 14:20:22,951 : state_square_error: 0.841 reward_error: -0.710
INFO : 2021-01-27 14:20:40,190 : state_square_error: 1.274 reward_error: 6.078
INFO : 2021-01-27 14:20:56,643 : episode: 63 score: 1046.3 100 games avg: 1046.3 steps 1000 
INFO : 2021-01-27 14:21:17,756 : state_square_error: 0.492 reward_error: 0.514
INFO : 2021-01-27 14:21:35,233 : state_square_error: 0.719 reward_error: 6.304
INFO : 2021-01-27 14:21:44,245 : episode: 64 score: 128.5 100 games avg: 128.5 steps 148 
INFO : 2021-01-27 14:22:06,548 : state_square_error: 0.550 reward_error: 4.548
INFO : 2021-01-27 14:22:22,192 : state_square_error: 0.491 reward_error: 2.878
INFO : 2021-01-27 14:22:38,171 : state_square_error: 0.600 reward_error: -1.298
INFO : 2021-01-27 14:22:56,609 : state_square_error: 1.017 reward_error: 0.889
INFO : 2021-01-27 14:23:13,759 : state_square_error: 0.261 reward_error: -1.110
INFO : 2021-01-27 14:23:31,488 : state_square_error: 1.173 reward_error: 1.180
INFO : 2021-01-27 14:23:49,406 : state_square_error: 0.259 reward_error: 0.977
INFO : 2021-01-27 14:24:05,607 : state_square_error: 0.170 reward_error: 0.921
INFO : 2021-01-27 14:24:22,317 : state_square_error: 0.358 reward_error: 0.788
INFO : 2021-01-27 14:24:38,284 : state_square_error: 0.419 reward_error: 1.388
INFO : 2021-01-27 14:24:56,351 : episode: 65 score: 620.2 100 games avg: 620.2 steps 1000 
INFO : 2021-01-27 14:25:21,573 : state_square_error: 0.942 reward_error: 0.928
INFO : 2021-01-27 14:25:37,369 : state_square_error: 1.839 reward_error: 5.267
INFO : 2021-01-27 14:25:53,023 : state_square_error: 2.287 reward_error: 0.620
INFO : 2021-01-27 14:26:09,082 : state_square_error: 0.808 reward_error: 1.533
INFO : 2021-01-27 14:26:24,824 : state_square_error: 1.135 reward_error: 4.425
INFO : 2021-01-27 14:26:40,928 : state_square_error: 1.381 reward_error: 1.440
INFO : 2021-01-27 14:26:57,267 : state_square_error: 1.335 reward_error: 3.362
INFO : 2021-01-27 14:27:13,350 : state_square_error: 0.693 reward_error: 1.028
INFO : 2021-01-27 14:27:30,396 : state_square_error: 2.084 reward_error: -0.169
INFO : 2021-01-27 14:27:47,234 : state_square_error: 1.044 reward_error: 1.657
INFO : 2021-01-27 14:28:03,367 : episode: 66 score: 718.4 100 games avg: 718.4 steps 1000 
INFO : 2021-01-27 14:28:31,309 : state_square_error: 1.648 reward_error: 1.135
INFO : 2021-01-27 14:28:49,640 : state_square_error: 0.692 reward_error: 4.036
INFO : 2021-01-27 14:29:05,721 : state_square_error: 0.659 reward_error: 1.843
INFO : 2021-01-27 14:29:22,858 : state_square_error: 1.717 reward_error: 1.063
INFO : 2021-01-27 14:29:39,522 : state_square_error: 0.724 reward_error: 2.570
INFO : 2021-01-27 14:29:55,775 : state_square_error: 0.569 reward_error: -0.035
INFO : 2021-01-27 14:30:12,143 : state_square_error: 0.135 reward_error: 0.193
INFO : 2021-01-27 14:30:29,060 : state_square_error: 0.198 reward_error: 0.452
INFO : 2021-01-27 14:30:46,712 : state_square_error: 0.687 reward_error: 4.663
INFO : 2021-01-27 14:31:04,252 : state_square_error: 0.594 reward_error: 1.463
INFO : 2021-01-27 14:31:22,524 : episode: 67 score: 556.5 100 games avg: 556.5 steps 1000 
INFO : 2021-01-27 14:31:50,171 : state_square_error: 1.099 reward_error: 2.419
INFO : 2021-01-27 14:32:07,536 : state_square_error: 1.333 reward_error: 4.110
INFO : 2021-01-27 14:32:24,765 : state_square_error: 0.713 reward_error: -3.496
INFO : 2021-01-27 14:32:41,634 : state_square_error: 0.670 reward_error: 1.283
INFO : 2021-01-27 14:32:58,618 : state_square_error: 1.189 reward_error: 2.650
INFO : 2021-01-27 14:33:16,561 : state_square_error: 1.116 reward_error: 2.638
INFO : 2021-01-27 14:33:32,953 : state_square_error: 0.595 reward_error: 1.761
INFO : 2021-01-27 14:33:49,461 : state_square_error: 1.002 reward_error: 1.070
INFO : 2021-01-27 14:34:05,446 : state_square_error: 1.080 reward_error: 3.284
INFO : 2021-01-27 14:34:21,873 : state_square_error: 0.716 reward_error: 1.998
INFO : 2021-01-27 14:34:38,255 : episode: 68 score: 871.4 100 games avg: 871.4 steps 1000 
INFO : 2021-01-27 14:35:09,942 : state_square_error: 0.941 reward_error: 2.140
INFO : 2021-01-27 14:35:27,422 : state_square_error: 0.411 reward_error: -0.334
INFO : 2021-01-27 14:35:43,278 : state_square_error: 0.893 reward_error: 1.272
INFO : 2021-01-27 14:35:59,769 : state_square_error: 2.538 reward_error: 2.344
INFO : 2021-01-27 14:36:16,735 : state_square_error: 0.369 reward_error: 2.103
INFO : 2021-01-27 14:36:34,520 : state_square_error: 0.402 reward_error: 3.443
INFO : 2021-01-27 14:36:51,204 : state_square_error: 1.248 reward_error: 4.284
INFO : 2021-01-27 14:36:59,783 : episode: 69 score: 711.6 100 games avg: 711.6 steps 653 
INFO : 2021-01-27 14:37:24,155 : state_square_error: 0.568 reward_error: 5.740
INFO : 2021-01-27 14:37:40,804 : state_square_error: 1.250 reward_error: 6.008
INFO : 2021-01-27 14:37:57,775 : state_square_error: 0.359 reward_error: 4.650
INFO : 2021-01-27 14:38:14,154 : state_square_error: 0.634 reward_error: 0.139
INFO : 2021-01-27 14:38:34,736 : state_square_error: 0.733 reward_error: 2.130
INFO : 2021-01-27 14:38:52,387 : state_square_error: 0.936 reward_error: 1.764
INFO : 2021-01-27 14:39:08,694 : state_square_error: 0.415 reward_error: 1.194
INFO : 2021-01-27 14:39:25,169 : state_square_error: 1.411 reward_error: 2.449
INFO : 2021-01-27 14:39:41,856 : state_square_error: 1.845 reward_error: 1.040
INFO : 2021-01-27 14:39:58,910 : state_square_error: 1.200 reward_error: 1.407
INFO : 2021-01-27 14:40:16,323 : episode: 70 score: 892.7 100 games avg: 892.7 steps 1000 
INFO : 2021-01-27 14:40:41,149 : state_square_error: 0.336 reward_error: -0.573
INFO : 2021-01-27 14:40:58,600 : episode: 71 score: 115.7 100 games avg: 115.7 steps 98 
INFO : 2021-01-27 14:41:22,863 : state_square_error: 0.845 reward_error: 1.112
INFO : 2021-01-27 14:41:39,154 : state_square_error: 2.455 reward_error: 3.583
INFO : 2021-01-27 14:41:59,417 : state_square_error: 0.636 reward_error: 4.442
INFO : 2021-01-27 14:42:19,805 : state_square_error: 2.960 reward_error: 2.185
INFO : 2021-01-27 14:42:38,413 : state_square_error: 0.709 reward_error: 3.810
INFO : 2021-01-27 14:42:55,634 : state_square_error: 0.502 reward_error: 1.055
INFO : 2021-01-27 14:43:13,876 : state_square_error: 0.889 reward_error: 3.631
INFO : 2021-01-27 14:43:32,314 : state_square_error: 0.863 reward_error: 0.587
INFO : 2021-01-27 14:43:49,311 : state_square_error: 0.615 reward_error: 2.364
INFO : 2021-01-27 14:44:06,996 : state_square_error: 0.527 reward_error: 0.327
INFO : 2021-01-27 14:44:23,893 : episode: 72 score: 984.9 100 games avg: 984.9 steps 1000 
INFO : 2021-01-27 14:44:48,771 : state_square_error: 1.630 reward_error: 5.482
INFO : 2021-01-27 14:45:08,380 : state_square_error: 1.303 reward_error: 2.570
INFO : 2021-01-27 14:45:28,912 : state_square_error: 0.664 reward_error: 5.135
INFO : 2021-01-27 14:45:48,965 : state_square_error: 1.111 reward_error: 1.178
INFO : 2021-01-27 14:46:05,844 : state_square_error: 0.321 reward_error: 1.952
INFO : 2021-01-27 14:46:22,519 : state_square_error: 1.072 reward_error: 0.002
INFO : 2021-01-27 14:46:39,957 : state_square_error: 0.765 reward_error: 3.805
INFO : 2021-01-27 14:46:58,190 : state_square_error: 0.743 reward_error: 3.511
INFO : 2021-01-27 14:47:16,618 : state_square_error: 0.933 reward_error: 1.248
INFO : 2021-01-27 14:47:34,224 : state_square_error: 0.282 reward_error: 0.597
INFO : 2021-01-27 14:47:51,799 : episode: 73 score: 763.3 100 games avg: 763.3 steps 1000 
INFO : 2021-01-27 14:48:18,994 : state_square_error: 0.868 reward_error: 6.105
INFO : 2021-01-27 14:48:37,775 : state_square_error: 0.357 reward_error: 1.257
INFO : 2021-01-27 14:48:53,021 : episode: 74 score: 197.1 100 games avg: 197.1 steps 174 
INFO : 2021-01-27 14:49:18,505 : state_square_error: 2.607 reward_error: 2.670
INFO : 2021-01-27 14:49:34,527 : state_square_error: 0.195 reward_error: 5.623
INFO : 2021-01-27 14:49:35,012 : episode: 75 score: 97.7 100 games avg: 97.7 steps 104 
INFO : 2021-01-27 14:50:01,723 : state_square_error: 1.022 reward_error: 1.666
INFO : 2021-01-27 14:50:19,544 : state_square_error: 1.820 reward_error: 3.876
INFO : 2021-01-27 14:50:24,188 : episode: 76 score: 98.0 100 games avg: 98.0 steps 126 
INFO : 2021-01-27 14:50:50,394 : state_square_error: 1.748 reward_error: 2.481
INFO : 2021-01-27 14:51:07,829 : state_square_error: 1.354 reward_error: 6.490
INFO : 2021-01-27 14:51:24,626 : state_square_error: 0.261 reward_error: 2.551
INFO : 2021-01-27 14:51:43,204 : state_square_error: 0.465 reward_error: 1.235
INFO : 2021-01-27 14:52:01,261 : state_square_error: 1.118 reward_error: -0.859
INFO : 2021-01-27 14:52:22,763 : state_square_error: 0.336 reward_error: 0.510
INFO : 2021-01-27 14:52:40,344 : state_square_error: 0.359 reward_error: 1.704
INFO : 2021-01-27 14:52:58,269 : state_square_error: 0.558 reward_error: 1.081
INFO : 2021-01-27 14:53:16,154 : state_square_error: 0.632 reward_error: 1.313
INFO : 2021-01-27 14:53:36,451 : state_square_error: 0.270 reward_error: 0.669
INFO : 2021-01-27 14:53:55,803 : episode: 77 score: 603.1 100 games avg: 603.1 steps 1000 
INFO : 2021-01-27 14:54:24,046 : state_square_error: 0.671 reward_error: 1.405
INFO : 2021-01-27 14:54:41,077 : state_square_error: 0.621 reward_error: 2.224
INFO : 2021-01-27 14:54:57,012 : state_square_error: 0.415 reward_error: 0.887
INFO : 2021-01-27 14:55:13,862 : state_square_error: 1.230 reward_error: 4.854
INFO : 2021-01-27 14:55:33,433 : state_square_error: 1.628 reward_error: 5.862
INFO : 2021-01-27 14:55:50,350 : state_square_error: 0.626 reward_error: 6.944
INFO : 2021-01-27 14:56:03,949 : episode: 78 score: 409.5 100 games avg: 409.5 steps 577 
INFO : 2021-01-27 14:56:29,490 : state_square_error: 1.344 reward_error: 3.541
INFO : 2021-01-27 14:56:48,239 : state_square_error: 1.128 reward_error: 3.541
INFO : 2021-01-27 14:57:08,452 : state_square_error: 1.495 reward_error: -0.335
INFO : 2021-01-27 14:57:25,209 : state_square_error: 0.367 reward_error: 1.693
INFO : 2021-01-27 14:57:42,590 : state_square_error: 0.500 reward_error: 3.570
INFO : 2021-01-27 14:57:59,908 : state_square_error: 0.695 reward_error: 1.013
INFO : 2021-01-27 14:58:17,366 : state_square_error: 0.828 reward_error: -0.608
INFO : 2021-01-27 14:58:34,860 : state_square_error: 0.613 reward_error: 2.494
INFO : 2021-01-27 14:58:52,692 : state_square_error: 0.210 reward_error: 1.438
INFO : 2021-01-27 14:59:10,675 : state_square_error: 0.586 reward_error: 1.918
INFO : 2021-01-27 14:59:27,698 : episode: 79 score: 658.5 100 games avg: 658.5 steps 1000 
INFO : 2021-01-27 14:59:57,368 : state_square_error: 1.293 reward_error: 0.300
INFO : 2021-01-27 15:00:17,751 : state_square_error: 1.624 reward_error: 5.065
INFO : 2021-01-27 15:00:37,660 : state_square_error: 0.455 reward_error: 5.901
INFO : 2021-01-27 15:00:54,754 : state_square_error: 0.741 reward_error: 1.927
INFO : 2021-01-27 15:01:13,034 : state_square_error: 0.337 reward_error: 3.101
INFO : 2021-01-27 15:01:29,018 : state_square_error: 0.160 reward_error: 1.781
INFO : 2021-01-27 15:01:47,436 : state_square_error: 0.539 reward_error: 1.724
INFO : 2021-01-27 15:02:04,542 : state_square_error: 0.267 reward_error: 1.118
INFO : 2021-01-27 15:02:22,200 : state_square_error: 0.451 reward_error: 0.996
INFO : 2021-01-27 15:02:39,962 : state_square_error: 0.664 reward_error: 2.223
INFO : 2021-01-27 15:02:57,085 : episode: 80 score: 777.8 100 games avg: 777.8 steps 1000 
INFO : 2021-01-27 15:03:25,600 : state_square_error: 1.247 reward_error: -0.257
INFO : 2021-01-27 15:03:46,190 : state_square_error: 0.284 reward_error: 0.396
INFO : 2021-01-27 15:04:03,759 : state_square_error: 0.314 reward_error: 2.534
INFO : 2021-01-27 15:04:21,616 : state_square_error: 0.458 reward_error: 9.065
INFO : 2021-01-27 15:04:43,318 : state_square_error: 1.295 reward_error: 6.563
INFO : 2021-01-27 15:05:01,592 : state_square_error: 0.648 reward_error: 3.745
INFO : 2021-01-27 15:05:21,931 : state_square_error: 0.515 reward_error: 0.788
INFO : 2021-01-27 15:05:41,785 : state_square_error: 0.827 reward_error: 0.588
INFO : 2021-01-27 15:06:03,222 : state_square_error: 0.808 reward_error: 2.083
INFO : 2021-01-27 15:06:21,884 : state_square_error: 0.912 reward_error: 0.748
INFO : 2021-01-27 15:06:42,290 : episode: 81 score: 1097.5 100 games avg: 1097.5 steps 1000 
INFO : 2021-01-27 15:07:15,030 : state_square_error: 0.991 reward_error: 0.287
INFO : 2021-01-27 15:07:31,276 : state_square_error: 0.595 reward_error: 4.379
INFO : 2021-01-27 15:07:47,250 : state_square_error: 1.203 reward_error: 0.989
INFO : 2021-01-27 15:08:03,631 : state_square_error: 1.467 reward_error: 3.291
INFO : 2021-01-27 15:08:19,939 : state_square_error: 0.512 reward_error: 0.550
INFO : 2021-01-27 15:08:36,977 : state_square_error: 1.150 reward_error: 3.661
INFO : 2021-01-27 15:08:54,161 : state_square_error: 1.012 reward_error: 3.448
INFO : 2021-01-27 15:09:11,044 : state_square_error: 0.336 reward_error: 0.872
INFO : 2021-01-27 15:09:27,583 : state_square_error: 0.689 reward_error: 3.274
INFO : 2021-01-27 15:09:43,931 : state_square_error: 0.785 reward_error: 1.070
INFO : 2021-01-27 15:10:03,584 : episode: 82 score: 777.4 100 games avg: 777.4 steps 1000 
INFO : 2021-01-27 15:10:37,355 : state_square_error: 0.952 reward_error: 1.476
INFO : 2021-01-27 15:10:46,365 : episode: 83 score: 54.5 100 games avg: 54.5 steps 55 
INFO : 2021-01-27 15:11:24,622 : state_square_error: 0.646 reward_error: 1.782
INFO : 2021-01-27 15:11:40,884 : state_square_error: 0.414 reward_error: 1.204
INFO : 2021-01-27 15:11:57,471 : episode: 84 score: 162.5 100 games avg: 162.5 steps 202 
INFO : 2021-01-27 15:12:25,557 : state_square_error: 1.978 reward_error: 0.231
INFO : 2021-01-27 15:12:42,516 : state_square_error: 0.789 reward_error: 1.413
INFO : 2021-01-27 15:12:58,954 : state_square_error: 1.403 reward_error: 1.033
INFO : 2021-01-27 15:13:15,181 : state_square_error: 0.325 reward_error: 0.371
INFO : 2021-01-27 15:13:30,962 : state_square_error: 0.297 reward_error: 1.095
INFO : 2021-01-27 15:13:47,542 : state_square_error: 0.206 reward_error: 0.810
INFO : 2021-01-27 15:14:04,296 : state_square_error: 0.205 reward_error: 1.569
INFO : 2021-01-27 15:14:21,061 : state_square_error: 1.194 reward_error: 1.618
INFO : 2021-01-27 15:14:42,021 : state_square_error: 1.653 reward_error: 2.119
INFO : 2021-01-27 15:15:00,352 : state_square_error: 0.476 reward_error: 1.751
INFO : 2021-01-27 15:15:16,710 : episode: 85 score: 616.7 100 games avg: 616.7 steps 1000 
INFO : 2021-01-27 15:15:44,878 : state_square_error: 0.993 reward_error: 1.139
INFO : 2021-01-27 15:16:01,084 : state_square_error: 0.578 reward_error: 4.886
INFO : 2021-01-27 15:16:18,263 : state_square_error: 1.316 reward_error: 4.511
INFO : 2021-01-27 15:16:35,500 : state_square_error: 1.536 reward_error: 3.143
INFO : 2021-01-27 15:16:51,576 : state_square_error: 1.179 reward_error: 0.653
INFO : 2021-01-27 15:17:06,983 : state_square_error: 0.975 reward_error: 1.440
INFO : 2021-01-27 15:17:14,765 : episode: 86 score: 637.2 100 games avg: 637.2 steps 550 
INFO : 2021-01-27 15:17:42,933 : state_square_error: 0.267 reward_error: -0.523
INFO : 2021-01-27 15:18:02,681 : state_square_error: 0.406 reward_error: 0.531
INFO : 2021-01-27 15:18:23,827 : state_square_error: 0.400 reward_error: 1.435
INFO : 2021-01-27 15:18:41,092 : state_square_error: 0.937 reward_error: 3.389
INFO : 2021-01-27 15:18:58,179 : state_square_error: 0.208 reward_error: -0.037
INFO : 2021-01-27 15:19:15,450 : state_square_error: 1.273 reward_error: 3.394
INFO : 2021-01-27 15:19:33,799 : state_square_error: 0.090 reward_error: 1.818
INFO : 2021-01-27 15:19:50,962 : state_square_error: 0.501 reward_error: 3.493
INFO : 2021-01-27 15:20:10,493 : state_square_error: 0.566 reward_error: -0.240
INFO : 2021-01-27 15:20:27,982 : state_square_error: 0.542 reward_error: 1.651
INFO : 2021-01-27 15:20:44,767 : episode: 87 score: 694.7 100 games avg: 694.7 steps 1000 
INFO : 2021-01-27 15:21:14,907 : state_square_error: 0.858 reward_error: 1.972
INFO : 2021-01-27 15:21:33,991 : state_square_error: 0.834 reward_error: 2.501
INFO : 2021-01-27 15:21:53,049 : state_square_error: 0.643 reward_error: -0.129
INFO : 2021-01-27 15:22:09,282 : state_square_error: 0.901 reward_error: 2.248
INFO : 2021-01-27 15:22:28,548 : state_square_error: 0.305 reward_error: 10.257
INFO : 2021-01-27 15:22:48,656 : state_square_error: 0.838 reward_error: 10.383
INFO : 2021-01-27 15:23:06,079 : state_square_error: 1.237 reward_error: 2.908
INFO : 2021-01-27 15:23:25,706 : state_square_error: 0.894 reward_error: 3.063
INFO : 2021-01-27 15:23:45,701 : state_square_error: 0.753 reward_error: 6.750
INFO : 2021-01-27 15:24:03,020 : state_square_error: 0.564 reward_error: 1.657
INFO : 2021-01-27 15:24:19,855 : episode: 88 score: 1245.4 100 games avg: 1245.4 steps 1000 
INFO : 2021-01-27 15:24:57,404 : state_square_error: 1.481 reward_error: 0.229
INFO : 2021-01-27 15:25:14,823 : state_square_error: 0.962 reward_error: 3.771
INFO : 2021-01-27 15:25:32,086 : state_square_error: 0.474 reward_error: 4.171
INFO : 2021-01-27 15:25:49,544 : state_square_error: 1.219 reward_error: 1.766
INFO : 2021-01-27 15:26:03,528 : episode: 89 score: 382.4 100 games avg: 382.4 steps 379 
INFO : 2021-01-27 15:26:36,039 : state_square_error: 0.228 reward_error: -0.318
INFO : 2021-01-27 15:26:52,804 : state_square_error: 0.785 reward_error: 1.968
INFO : 2021-01-27 15:27:09,569 : state_square_error: 1.649 reward_error: 1.509
INFO : 2021-01-27 15:27:26,772 : state_square_error: 0.824 reward_error: 0.257
INFO : 2021-01-27 15:27:44,506 : state_square_error: 0.574 reward_error: 0.879
INFO : 2021-01-27 15:28:02,698 : state_square_error: 0.933 reward_error: 2.127
INFO : 2021-01-27 15:28:23,684 : state_square_error: 0.533 reward_error: 1.023
INFO : 2021-01-27 15:28:41,454 : state_square_error: 0.423 reward_error: 0.547
INFO : 2021-01-27 15:28:58,772 : state_square_error: 0.623 reward_error: 1.872
INFO : 2021-01-27 15:29:20,466 : state_square_error: 0.087 reward_error: 1.464
INFO : 2021-01-27 15:29:38,038 : episode: 90 score: 657.4 100 games avg: 657.4 steps 1000 
INFO : 2021-01-27 15:30:09,560 : state_square_error: 1.060 reward_error: 3.972
INFO : 2021-01-27 15:30:19,263 : episode: 91 score: 68.7 100 games avg: 68.7 steps 59 
INFO : 2021-01-27 15:30:51,388 : state_square_error: 1.934 reward_error: 1.130
INFO : 2021-01-27 15:31:01,639 : episode: 92 score: 67.8 100 games avg: 67.8 steps 63 
INFO : 2021-01-27 15:31:33,622 : state_square_error: 0.554 reward_error: 1.467
INFO : 2021-01-27 15:31:49,703 : state_square_error: 1.395 reward_error: 1.540
INFO : 2021-01-27 15:32:06,939 : state_square_error: 0.570 reward_error: 2.780
INFO : 2021-01-27 15:32:24,124 : state_square_error: 1.150 reward_error: 2.537
INFO : 2021-01-27 15:32:43,658 : state_square_error: 0.153 reward_error: 1.792
INFO : 2021-01-27 15:33:03,929 : state_square_error: 0.353 reward_error: 0.903
INFO : 2021-01-27 15:33:21,404 : state_square_error: 0.610 reward_error: 1.335
INFO : 2021-01-27 15:33:38,712 : state_square_error: 0.468 reward_error: 2.531
INFO : 2021-01-27 15:33:55,730 : state_square_error: 0.737 reward_error: -0.178
INFO : 2021-01-27 15:34:12,015 : state_square_error: 0.635 reward_error: 1.242
INFO : 2021-01-27 15:34:28,822 : episode: 93 score: 570.5 100 games avg: 570.5 steps 1000 
INFO : 2021-01-27 15:35:07,010 : state_square_error: 0.326 reward_error: 2.779
INFO : 2021-01-27 15:35:25,933 : state_square_error: 0.650 reward_error: 0.239
INFO : 2021-01-27 15:35:42,464 : state_square_error: 0.639 reward_error: 4.911
INFO : 2021-01-27 15:35:58,600 : state_square_error: 1.116 reward_error: 0.297
INFO : 2021-01-27 15:36:19,355 : state_square_error: 1.191 reward_error: 2.232
INFO : 2021-01-27 15:36:37,639 : state_square_error: 0.455 reward_error: 2.513
INFO : 2021-01-27 15:36:53,901 : state_square_error: 1.081 reward_error: 3.799
INFO : 2021-01-27 15:37:09,745 : state_square_error: 0.958 reward_error: 2.298
INFO : 2021-01-27 15:37:13,697 : episode: 94 score: 1032.2 100 games avg: 1032.2 steps 725 
INFO : 2021-01-27 15:37:47,483 : state_square_error: 0.575 reward_error: -2.378
INFO : 2021-01-27 15:38:04,053 : state_square_error: 0.563 reward_error: 2.780
INFO : 2021-01-27 15:38:21,095 : state_square_error: 1.051 reward_error: 3.563
INFO : 2021-01-27 15:38:39,676 : state_square_error: 1.824 reward_error: 1.447
INFO : 2021-01-27 15:38:58,748 : state_square_error: 0.338 reward_error: 0.925
INFO : 2021-01-27 15:39:16,287 : state_square_error: 0.242 reward_error: -1.083
INFO : 2021-01-27 15:39:33,745 : state_square_error: 0.115 reward_error: 1.032
INFO : 2021-01-27 15:39:54,688 : state_square_error: 1.903 reward_error: 2.429
INFO : 2021-01-27 15:40:12,636 : state_square_error: 1.250 reward_error: 3.229
INFO : 2021-01-27 15:40:29,513 : state_square_error: 0.389 reward_error: -0.255
INFO : 2021-01-27 15:40:46,207 : episode: 95 score: 895.6 100 games avg: 895.6 steps 1000 
INFO : 2021-01-27 15:41:17,746 : state_square_error: 1.489 reward_error: 0.631
INFO : 2021-01-27 15:41:34,085 : state_square_error: 0.476 reward_error: 0.973
INFO : 2021-01-27 15:41:49,451 : state_square_error: 1.268 reward_error: 6.784
INFO : 2021-01-27 15:42:06,385 : episode: 96 score: 337.3 100 games avg: 337.3 steps 293 
INFO : 2021-01-27 15:42:38,982 : state_square_error: 2.445 reward_error: 2.846
INFO : 2021-01-27 15:42:55,098 : state_square_error: 1.790 reward_error: 5.473
INFO : 2021-01-27 15:43:13,275 : state_square_error: 1.171 reward_error: 2.271
INFO : 2021-01-27 15:43:33,694 : state_square_error: 0.889 reward_error: 3.674
INFO : 2021-01-27 15:43:52,729 : state_square_error: 2.849 reward_error: 2.336
INFO : 2021-01-27 15:44:08,938 : state_square_error: 0.372 reward_error: 0.679
INFO : 2021-01-27 15:44:25,446 : state_square_error: 0.871 reward_error: 4.174
INFO : 2021-01-27 15:44:36,886 : episode: 97 score: 785.2 100 games avg: 785.2 steps 675 
INFO : 2021-01-27 15:45:09,699 : state_square_error: 0.873 reward_error: 2.490
INFO : 2021-01-27 15:45:25,535 : state_square_error: 0.384 reward_error: 3.384
INFO : 2021-01-27 15:45:39,637 : episode: 98 score: 245.4 100 games avg: 245.4 steps 171 
INFO : 2021-01-27 15:46:18,862 : state_square_error: 0.367 reward_error: 1.963
INFO : 2021-01-27 15:46:35,088 : state_square_error: 0.684 reward_error: 1.746
INFO : 2021-01-27 15:46:52,285 : state_square_error: 0.523 reward_error: 1.869
INFO : 2021-01-27 15:47:08,961 : state_square_error: 0.302 reward_error: 2.302
INFO : 2021-01-27 15:47:25,787 : state_square_error: 0.222 reward_error: 1.830
INFO : 2021-01-27 15:47:42,705 : state_square_error: 0.248 reward_error: -0.005
INFO : 2021-01-27 15:47:59,170 : state_square_error: 0.367 reward_error: 1.424
INFO : 2021-01-27 15:48:19,304 : state_square_error: 0.653 reward_error: 1.758
INFO : 2021-01-27 15:48:39,196 : state_square_error: 0.548 reward_error: 1.682
INFO : 2021-01-27 15:48:55,510 : state_square_error: 0.943 reward_error: 1.562
INFO : 2021-01-27 15:49:11,345 : episode: 99 score: 520.2 100 games avg: 520.2 steps 1000 
