INFO : 2021-01-23 02:35:43,849 : method: Model Predictive Contorol
INFO : 2021-01-23 02:35:43,850 : parameter n_steps: 100 ensemble_size: 5 env: HalfCheetah-v2
INFO : 2021-01-23 02:35:47,229 : mpc horizon: 10 mpc_samples: 100 elite_sample: 30 grad_steps: 10
INFO : 2021-01-23 02:35:47,229 : mpc_function policy-kl
INFO : 2021-01-23 02:35:47,229 : policy-kl
INFO : 2021-01-23 02:35:53,292 : state_square_error: 0.632 reward_error: 4.045
INFO : 2021-01-23 02:45:56,593 : state_square_error: 1.408 reward_error: 3.546
INFO : 2021-01-23 02:55:59,741 : state_square_error: 0.507 reward_error: 3.224
INFO : 2021-01-23 03:06:03,781 : state_square_error: 53.716 reward_error: 19.969
INFO : 2021-01-23 03:15:39,823 : state_square_error: 16.798 reward_error: 12.917
INFO : 2021-01-23 03:18:22,299 : state_square_error: 190.436 reward_error: 52.725
INFO : 2021-01-23 03:21:04,618 : state_square_error: 36.102 reward_error: 26.472
INFO : 2021-01-23 03:23:46,553 : state_square_error: 10.612 reward_error: 15.782
INFO : 2021-01-23 03:26:28,743 : state_square_error: 24.803 reward_error: 8.889
INFO : 2021-01-23 03:29:11,353 : state_square_error: 75.928 reward_error: 26.361
INFO : 2021-01-23 03:31:52,259 : episode: 0 score: -103.5 100 games avg: -103.5 steps 1000 
INFO : 2021-01-23 03:31:54,156 : state_square_error: 23.667 reward_error: 4.935
INFO : 2021-01-23 03:34:36,289 : state_square_error: 17.421 reward_error: 9.790
INFO : 2021-01-23 03:37:18,625 : state_square_error: 23.559 reward_error: 9.611
INFO : 2021-01-23 03:40:00,898 : state_square_error: 7.259 reward_error: 6.864
INFO : 2021-01-23 03:42:43,270 : state_square_error: 15.396 reward_error: 9.234
INFO : 2021-01-23 03:45:25,615 : state_square_error: 18.831 reward_error: 4.027
INFO : 2021-01-23 03:48:07,812 : state_square_error: 4.123 reward_error: 1.931
INFO : 2021-01-23 03:50:50,404 : state_square_error: 7.170 reward_error: 6.608
INFO : 2021-01-23 03:53:32,737 : state_square_error: 8.915 reward_error: 7.772
INFO : 2021-01-23 03:56:15,107 : state_square_error: 12.039 reward_error: 6.548
INFO : 2021-01-23 03:58:55,809 : episode: 1 score: -152.3 100 games avg: -152.3 steps 1000 
INFO : 2021-01-23 03:58:58,073 : state_square_error: 69.743 reward_error: 17.123
INFO : 2021-01-23 04:01:40,182 : state_square_error: 63.676 reward_error: 17.051
INFO : 2021-01-23 04:04:22,404 : state_square_error: 57.572 reward_error: 10.950
INFO : 2021-01-23 04:07:04,479 : state_square_error: 147.779 reward_error: 13.194
INFO : 2021-01-23 04:09:46,756 : state_square_error: 104.176 reward_error: 14.009
INFO : 2021-01-23 04:12:29,130 : state_square_error: 168.222 reward_error: 13.054
INFO : 2021-01-23 04:15:11,558 : state_square_error: 50.859 reward_error: 13.735
INFO : 2021-01-23 04:17:53,930 : state_square_error: 48.600 reward_error: 11.146
INFO : 2021-01-23 04:20:36,247 : state_square_error: 146.833 reward_error: 16.384
INFO : 2021-01-23 04:23:18,882 : state_square_error: 97.522 reward_error: 13.359
INFO : 2021-01-23 04:25:59,660 : episode: 2 score: -213.1 100 games avg: -213.1 steps 1000 
INFO : 2021-01-23 04:26:02,310 : state_square_error: 293.600 reward_error: 16.661
INFO : 2021-01-23 04:28:44,606 : state_square_error: 234.086 reward_error: 19.453
INFO : 2021-01-23 04:31:27,056 : state_square_error: 149.884 reward_error: 22.749
INFO : 2021-01-23 04:34:09,277 : state_square_error: 133.150 reward_error: 18.689
INFO : 2021-01-23 04:36:51,639 : state_square_error: 101.667 reward_error: 22.960
INFO : 2021-01-23 04:39:34,016 : state_square_error: 52.729 reward_error: 10.185
INFO : 2021-01-23 04:42:16,168 : state_square_error: 143.479 reward_error: 14.190
INFO : 2021-01-23 04:44:58,533 : state_square_error: 524.732 reward_error: 33.980
INFO : 2021-01-23 04:47:41,007 : state_square_error: 182.980 reward_error: 24.920
INFO : 2021-01-23 04:50:23,423 : state_square_error: 594.501 reward_error: 25.277
INFO : 2021-01-23 04:53:04,218 : episode: 3 score: -105.3 100 games avg: -105.3 steps 1000 
INFO : 2021-01-23 04:53:07,232 : state_square_error: 3600.010 reward_error: 53.652
INFO : 2021-01-23 04:55:49,383 : state_square_error: 4282.144 reward_error: 61.159
INFO : 2021-01-23 04:58:31,800 : state_square_error: 3059.272 reward_error: 61.083
INFO : 2021-01-23 05:01:14,144 : state_square_error: 4458.285 reward_error: 56.334
INFO : 2021-01-23 05:03:56,456 : state_square_error: 4546.405 reward_error: 62.151
INFO : 2021-01-23 05:06:38,669 : state_square_error: 3107.577 reward_error: 50.166
INFO : 2021-01-23 05:09:20,983 : state_square_error: 4148.410 reward_error: 57.788
INFO : 2021-01-23 05:12:03,140 : state_square_error: 4150.174 reward_error: 48.765
INFO : 2021-01-23 05:14:45,424 : state_square_error: 3893.748 reward_error: 52.617
INFO : 2021-01-23 05:17:27,860 : state_square_error: 5234.937 reward_error: 47.942
INFO : 2021-01-23 05:20:08,611 : episode: 4 score: -220.6 100 games avg: -220.6 steps 1000 
INFO : 2021-01-23 05:20:12,005 : state_square_error: 110.687 reward_error: 13.878
INFO : 2021-01-23 05:22:54,099 : state_square_error: 158.414 reward_error: 26.562
INFO : 2021-01-23 05:25:36,500 : state_square_error: 71.071 reward_error: 16.318
INFO : 2021-01-23 05:28:18,961 : state_square_error: 65.935 reward_error: 24.867
INFO : 2021-01-23 05:31:01,496 : state_square_error: 43.243 reward_error: 29.871
INFO : 2021-01-23 05:33:44,016 : state_square_error: 50.490 reward_error: 25.228
INFO : 2021-01-23 05:36:26,459 : state_square_error: 53.480 reward_error: 20.701
INFO : 2021-01-23 05:39:08,857 : state_square_error: 78.922 reward_error: 20.792
INFO : 2021-01-23 05:41:51,229 : state_square_error: 50.668 reward_error: 24.605
INFO : 2021-01-23 05:44:33,334 : state_square_error: 111.949 reward_error: 25.999
INFO : 2021-01-23 05:47:14,084 : episode: 5 score: -207.9 100 games avg: -207.9 steps 1000 
INFO : 2021-01-23 05:47:17,851 : state_square_error: 104.451 reward_error: 8.462
INFO : 2021-01-23 05:50:00,019 : state_square_error: 118.881 reward_error: 31.657
INFO : 2021-01-23 05:52:41,898 : state_square_error: 53.240 reward_error: 21.376
INFO : 2021-01-23 05:55:24,030 : state_square_error: 64.218 reward_error: 26.855
INFO : 2021-01-23 05:58:06,486 : state_square_error: 38.825 reward_error: 22.383
INFO : 2021-01-23 06:00:48,522 : state_square_error: 28.103 reward_error: 23.392
INFO : 2021-01-23 06:03:30,803 : state_square_error: 27.985 reward_error: 24.802
INFO : 2021-01-23 06:06:13,169 : state_square_error: 33.268 reward_error: 24.184
INFO : 2021-01-23 06:08:55,461 : state_square_error: 18.577 reward_error: 26.434
INFO : 2021-01-23 06:11:37,446 : state_square_error: 49.729 reward_error: 21.038
INFO : 2021-01-23 06:14:18,030 : episode: 6 score: -283.7 100 games avg: -283.7 steps 1000 
INFO : 2021-01-23 06:14:22,165 : state_square_error: 37.573 reward_error: 9.244
INFO : 2021-01-23 06:17:04,502 : state_square_error: 87.895 reward_error: 30.226
INFO : 2021-01-23 06:19:46,748 : state_square_error: 30.457 reward_error: 29.113
INFO : 2021-01-23 06:22:28,909 : state_square_error: 24.502 reward_error: 23.753
INFO : 2021-01-23 06:25:11,009 : state_square_error: 43.765 reward_error: 23.492
INFO : 2021-01-23 06:27:53,304 : state_square_error: 14.663 reward_error: 28.303
INFO : 2021-01-23 06:30:35,784 : state_square_error: 23.127 reward_error: 21.453
INFO : 2021-01-23 06:33:18,055 : state_square_error: 21.914 reward_error: 25.740
INFO : 2021-01-23 06:36:00,145 : state_square_error: 46.628 reward_error: 29.017
INFO : 2021-01-23 06:38:42,334 : state_square_error: 64.152 reward_error: 22.313
INFO : 2021-01-23 06:41:23,042 : episode: 7 score: -226.2 100 games avg: -226.2 steps 1000 
INFO : 2021-01-23 06:41:27,578 : state_square_error: 35.287 reward_error: 5.176
INFO : 2021-01-23 06:44:09,957 : state_square_error: 48.402 reward_error: 10.853
INFO : 2021-01-23 06:46:52,158 : state_square_error: 48.591 reward_error: 23.319
INFO : 2021-01-23 06:49:34,523 : state_square_error: 77.956 reward_error: 25.240
INFO : 2021-01-23 06:52:16,915 : state_square_error: 67.367 reward_error: 22.381
INFO : 2021-01-23 06:54:59,291 : state_square_error: 48.850 reward_error: 28.487
INFO : 2021-01-23 06:57:41,710 : state_square_error: 59.574 reward_error: 22.747
INFO : 2021-01-23 07:00:24,235 : state_square_error: 54.056 reward_error: 24.261
INFO : 2021-01-23 07:03:06,722 : state_square_error: 65.117 reward_error: 19.402
INFO : 2021-01-23 07:05:49,204 : state_square_error: 36.855 reward_error: 22.139
INFO : 2021-01-23 07:08:30,210 : episode: 8 score: -188.8 100 games avg: -188.8 steps 1000 
INFO : 2021-01-23 07:08:35,185 : state_square_error: 59.731 reward_error: 12.608
INFO : 2021-01-23 07:11:17,604 : state_square_error: 46.456 reward_error: 17.697
INFO : 2021-01-23 07:13:59,995 : state_square_error: 26.241 reward_error: 18.912
INFO : 2021-01-23 07:16:42,236 : state_square_error: 21.679 reward_error: 24.029
INFO : 2021-01-23 07:19:24,756 : state_square_error: 46.925 reward_error: 20.135
INFO : 2021-01-23 07:22:07,155 : state_square_error: 51.049 reward_error: 20.405
INFO : 2021-01-23 07:24:49,565 : state_square_error: 33.525 reward_error: 17.787
INFO : 2021-01-23 07:27:32,139 : state_square_error: 43.311 reward_error: 23.919
INFO : 2021-01-23 07:30:14,418 : state_square_error: 29.006 reward_error: 24.963
INFO : 2021-01-23 07:32:56,798 : state_square_error: 47.696 reward_error: 21.971
INFO : 2021-01-23 07:35:37,601 : episode: 9 score: -67.2 100 games avg: -67.2 steps 1000 
INFO : 2021-01-23 07:35:42,934 : state_square_error: 75.158 reward_error: 13.337
INFO : 2021-01-23 07:38:25,374 : state_square_error: 32.881 reward_error: 32.350
INFO : 2021-01-23 07:41:07,482 : state_square_error: 14.867 reward_error: 23.584
INFO : 2021-01-23 07:43:49,715 : state_square_error: 28.147 reward_error: 24.807
INFO : 2021-01-23 07:46:32,078 : state_square_error: 41.701 reward_error: 22.543
INFO : 2021-01-23 07:49:14,405 : state_square_error: 67.932 reward_error: 27.778
INFO : 2021-01-23 07:51:56,601 : state_square_error: 102.581 reward_error: 26.010
INFO : 2021-01-23 07:54:39,123 : state_square_error: 48.701 reward_error: 30.316
INFO : 2021-01-23 07:57:21,465 : state_square_error: 46.104 reward_error: 24.812
INFO : 2021-01-23 08:00:03,464 : state_square_error: 35.516 reward_error: 24.284
INFO : 2021-01-23 08:02:44,131 : episode: 10 score: -230.9 100 games avg: -230.9 steps 1000 
INFO : 2021-01-23 08:02:49,739 : state_square_error: 65.441 reward_error: 18.947
INFO : 2021-01-23 08:05:31,937 : state_square_error: 51.871 reward_error: 11.053
INFO : 2021-01-23 08:08:14,102 : state_square_error: 63.635 reward_error: 31.481
INFO : 2021-01-23 08:10:56,376 : state_square_error: 33.458 reward_error: 29.869
INFO : 2021-01-23 08:13:38,615 : state_square_error: 49.109 reward_error: 23.810
INFO : 2021-01-23 08:16:20,947 : state_square_error: 44.005 reward_error: 25.647
INFO : 2021-01-23 08:19:03,115 : state_square_error: 73.970 reward_error: 21.627
INFO : 2021-01-23 08:21:45,395 : state_square_error: 51.021 reward_error: 21.869
INFO : 2021-01-23 08:24:27,752 : state_square_error: 24.036 reward_error: 24.760
INFO : 2021-01-23 08:27:10,092 : state_square_error: 29.585 reward_error: 27.492
INFO : 2021-01-23 08:29:50,865 : episode: 11 score: -100.9 100 games avg: -100.9 steps 1000 
INFO : 2021-01-23 08:29:56,894 : state_square_error: 96.735 reward_error: 19.969
INFO : 2021-01-23 08:32:39,173 : state_square_error: 25.697 reward_error: 28.812
INFO : 2021-01-23 08:35:21,362 : state_square_error: 76.343 reward_error: 24.907
INFO : 2021-01-23 08:38:03,567 : state_square_error: 62.875 reward_error: 12.423
INFO : 2021-01-23 08:40:45,989 : state_square_error: 58.698 reward_error: 25.766
INFO : 2021-01-23 08:43:28,389 : state_square_error: 66.825 reward_error: 30.561
INFO : 2021-01-23 08:46:10,602 : state_square_error: 49.938 reward_error: 27.341
INFO : 2021-01-23 08:48:52,908 : state_square_error: 113.536 reward_error: 28.641
INFO : 2021-01-23 08:51:35,090 : state_square_error: 50.681 reward_error: 33.729
INFO : 2021-01-23 08:54:17,190 : state_square_error: 44.927 reward_error: 33.168
INFO : 2021-01-23 08:56:57,745 : episode: 12 score: -53.8 100 games avg: -53.8 steps 1000 
INFO : 2021-01-23 08:57:04,140 : state_square_error: 85.156 reward_error: 21.590
INFO : 2021-01-23 08:59:46,486 : state_square_error: 56.385 reward_error: 14.630
INFO : 2021-01-23 09:02:28,602 : state_square_error: 48.909 reward_error: 21.766
INFO : 2021-01-23 09:05:10,800 : state_square_error: 68.186 reward_error: 26.707
INFO : 2021-01-23 09:07:53,017 : state_square_error: 71.558 reward_error: 22.023
INFO : 2021-01-23 09:10:34,974 : state_square_error: 53.723 reward_error: 30.341
INFO : 2021-01-23 09:13:17,196 : state_square_error: 34.616 reward_error: 26.689
INFO : 2021-01-23 09:15:59,633 : state_square_error: 25.016 reward_error: 27.696
INFO : 2021-01-23 09:18:41,689 : state_square_error: 114.825 reward_error: 28.125
INFO : 2021-01-23 09:21:23,533 : state_square_error: 62.661 reward_error: 35.890
INFO : 2021-01-23 09:24:04,282 : episode: 13 score: -21.0 100 games avg: -21.0 steps 1000 
INFO : 2021-01-23 09:24:11,127 : state_square_error: 49.855 reward_error: 12.372
INFO : 2021-01-23 09:26:53,380 : state_square_error: 52.491 reward_error: 14.009
INFO : 2021-01-23 09:29:35,667 : state_square_error: 23.530 reward_error: 13.799
INFO : 2021-01-23 09:32:18,125 : state_square_error: 83.914 reward_error: 29.529
INFO : 2021-01-23 09:35:00,656 : state_square_error: 42.367 reward_error: 26.704
INFO : 2021-01-23 09:37:42,865 : state_square_error: 56.108 reward_error: 30.879
INFO : 2021-01-23 09:40:25,459 : state_square_error: 34.823 reward_error: 31.265
INFO : 2021-01-23 09:43:07,859 : state_square_error: 91.520 reward_error: 26.958
INFO : 2021-01-23 09:45:50,186 : state_square_error: 52.316 reward_error: 25.032
INFO : 2021-01-23 09:48:32,736 : state_square_error: 38.303 reward_error: 26.219
INFO : 2021-01-23 09:51:13,745 : episode: 14 score: 3.4 100 games avg: 3.4 steps 1000 
INFO : 2021-01-23 09:51:20,979 : state_square_error: 88.404 reward_error: 15.852
INFO : 2021-01-23 09:54:03,010 : state_square_error: 57.665 reward_error: 19.256
INFO : 2021-01-23 09:56:45,123 : state_square_error: 47.288 reward_error: 13.427
INFO : 2021-01-23 09:59:27,493 : state_square_error: 52.232 reward_error: 19.162
INFO : 2021-01-23 10:02:09,875 : state_square_error: 81.490 reward_error: 20.136
INFO : 2021-01-23 10:04:52,269 : state_square_error: 71.923 reward_error: 15.832
INFO : 2021-01-23 10:07:34,579 : state_square_error: 82.455 reward_error: 23.854
INFO : 2021-01-23 10:10:16,762 : state_square_error: 67.054 reward_error: 30.024
INFO : 2021-01-23 10:12:59,155 : state_square_error: 49.889 reward_error: 28.160
INFO : 2021-01-23 10:15:41,746 : state_square_error: 35.005 reward_error: 32.404
INFO : 2021-01-23 10:18:22,553 : episode: 15 score: -48.5 100 games avg: -48.5 steps 1000 
INFO : 2021-01-23 10:18:30,140 : state_square_error: 67.811 reward_error: 9.154
INFO : 2021-01-23 10:21:12,317 : state_square_error: 80.325 reward_error: 13.315
INFO : 2021-01-23 10:23:54,626 : state_square_error: 45.900 reward_error: 17.260
INFO : 2021-01-23 10:26:36,799 : state_square_error: 60.480 reward_error: 16.094
INFO : 2021-01-23 10:29:19,237 : state_square_error: 63.561 reward_error: 24.832
INFO : 2021-01-23 10:32:01,572 : state_square_error: 65.020 reward_error: 14.454
INFO : 2021-01-23 10:34:43,759 : state_square_error: 56.528 reward_error: 14.847
INFO : 2021-01-23 10:37:26,078 : state_square_error: 50.926 reward_error: 38.283
INFO : 2021-01-23 10:40:08,333 : state_square_error: 109.638 reward_error: 31.285
INFO : 2021-01-23 10:42:50,482 : state_square_error: 50.728 reward_error: 30.295
INFO : 2021-01-23 10:45:31,175 : episode: 16 score: 40.0 100 games avg: 40.0 steps 1000 
INFO : 2021-01-23 10:45:39,188 : state_square_error: 39.708 reward_error: 17.460
INFO : 2021-01-23 10:48:21,631 : state_square_error: 43.961 reward_error: 27.375
INFO : 2021-01-23 10:51:03,867 : state_square_error: 98.254 reward_error: 29.117
INFO : 2021-01-23 10:53:46,344 : state_square_error: 28.123 reward_error: 32.185
INFO : 2021-01-23 10:56:28,777 : state_square_error: 49.969 reward_error: 31.632
INFO : 2021-01-23 10:59:11,046 : state_square_error: 75.074 reward_error: 28.523
INFO : 2021-01-23 11:01:53,469 : state_square_error: 55.281 reward_error: 33.386
INFO : 2021-01-23 11:04:35,687 : state_square_error: 75.816 reward_error: 31.060
INFO : 2021-01-23 11:07:18,146 : state_square_error: 58.559 reward_error: 28.849
INFO : 2021-01-23 11:10:00,438 : state_square_error: 42.419 reward_error: 32.439
INFO : 2021-01-23 11:12:41,145 : episode: 17 score: -108.1 100 games avg: -108.1 steps 1000 
INFO : 2021-01-23 11:12:49,554 : state_square_error: 54.083 reward_error: 21.002
INFO : 2021-01-23 11:15:31,954 : state_square_error: 71.434 reward_error: 36.229
INFO : 2021-01-23 11:18:14,097 : state_square_error: 70.080 reward_error: 33.882
INFO : 2021-01-23 11:20:56,344 : state_square_error: 89.687 reward_error: 37.218
INFO : 2021-01-23 11:23:38,742 : state_square_error: 65.606 reward_error: 36.880
INFO : 2021-01-23 11:26:21,152 : state_square_error: 36.007 reward_error: 32.642
INFO : 2021-01-23 11:29:03,622 : state_square_error: 41.728 reward_error: 39.162
INFO : 2021-01-23 11:31:45,816 : state_square_error: 68.825 reward_error: 37.967
INFO : 2021-01-23 11:34:28,064 : state_square_error: 37.304 reward_error: 34.499
INFO : 2021-01-23 11:37:10,451 : state_square_error: 30.035 reward_error: 38.272
INFO : 2021-01-23 11:39:51,228 : episode: 18 score: -22.9 100 games avg: -22.9 steps 1000 
INFO : 2021-01-23 11:39:59,977 : state_square_error: 53.677 reward_error: 16.413
INFO : 2021-01-23 11:42:42,520 : state_square_error: 51.281 reward_error: 12.432
INFO : 2021-01-23 11:45:25,021 : state_square_error: 98.138 reward_error: 11.010
INFO : 2021-01-23 11:48:07,379 : state_square_error: 23.865 reward_error: 19.270
INFO : 2021-01-23 11:50:49,790 : state_square_error: 26.640 reward_error: 20.748
INFO : 2021-01-23 11:53:32,267 : state_square_error: 51.156 reward_error: 16.995
INFO : 2021-01-23 11:56:14,319 : state_square_error: 44.682 reward_error: 20.528
INFO : 2021-01-23 11:58:56,384 : state_square_error: 65.989 reward_error: 32.562
INFO : 2021-01-23 12:01:38,906 : state_square_error: 40.336 reward_error: 26.693
INFO : 2021-01-23 12:04:20,989 : state_square_error: 34.986 reward_error: 36.091
INFO : 2021-01-23 12:07:01,712 : episode: 19 score: -65.8 100 games avg: -65.8 steps 1000 
INFO : 2021-01-23 12:07:10,883 : state_square_error: 31.268 reward_error: 18.570
INFO : 2021-01-23 12:09:52,933 : state_square_error: 34.627 reward_error: 16.396
INFO : 2021-01-23 12:12:35,416 : state_square_error: 62.984 reward_error: 19.844
INFO : 2021-01-23 12:15:17,712 : state_square_error: 36.614 reward_error: 35.421
INFO : 2021-01-23 12:18:00,085 : state_square_error: 61.182 reward_error: 32.541
INFO : 2021-01-23 12:20:42,375 : state_square_error: 59.662 reward_error: 37.113
INFO : 2021-01-23 12:23:24,733 : state_square_error: 68.184 reward_error: 39.074
INFO : 2021-01-23 12:26:07,257 : state_square_error: 95.484 reward_error: 44.856
INFO : 2021-01-23 12:28:49,816 : state_square_error: 94.654 reward_error: 34.424
INFO : 2021-01-23 12:31:32,151 : state_square_error: 78.783 reward_error: 37.678
INFO : 2021-01-23 12:34:12,626 : episode: 20 score: -56.1 100 games avg: -56.1 steps 1000 
INFO : 2021-01-23 12:34:22,217 : state_square_error: 30.773 reward_error: 15.778
INFO : 2021-01-23 12:37:04,622 : state_square_error: 95.677 reward_error: 45.722
INFO : 2021-01-23 12:39:47,114 : state_square_error: 88.261 reward_error: 50.745
INFO : 2021-01-23 12:42:29,151 : state_square_error: 76.335 reward_error: 44.393
INFO : 2021-01-23 12:45:11,546 : state_square_error: 93.326 reward_error: 51.974
INFO : 2021-01-23 12:47:53,710 : state_square_error: 73.622 reward_error: 41.973
INFO : 2021-01-23 12:50:36,184 : state_square_error: 63.548 reward_error: 42.544
INFO : 2021-01-23 12:53:18,581 : state_square_error: 141.831 reward_error: 45.432
INFO : 2021-01-23 12:56:00,899 : state_square_error: 124.716 reward_error: 48.921
INFO : 2021-01-23 12:58:43,081 : state_square_error: 83.488 reward_error: 47.569
INFO : 2021-01-23 13:01:23,865 : episode: 21 score: -27.5 100 games avg: -27.5 steps 1000 
INFO : 2021-01-23 13:01:33,723 : state_square_error: 70.784 reward_error: 14.494
INFO : 2021-01-23 13:04:16,059 : state_square_error: 72.869 reward_error: 41.291
INFO : 2021-01-23 13:06:58,226 : state_square_error: 88.103 reward_error: 46.511
INFO : 2021-01-23 13:09:40,591 : state_square_error: 61.836 reward_error: 43.872
INFO : 2021-01-23 13:12:22,734 : state_square_error: 82.823 reward_error: 47.909
INFO : 2021-01-23 13:15:04,967 : state_square_error: 102.268 reward_error: 47.490
INFO : 2021-01-23 13:17:47,171 : state_square_error: 115.426 reward_error: 44.277
INFO : 2021-01-23 13:20:29,472 : state_square_error: 125.333 reward_error: 45.197
INFO : 2021-01-23 13:23:11,585 : state_square_error: 72.196 reward_error: 42.981
INFO : 2021-01-23 13:25:53,820 : state_square_error: 71.815 reward_error: 42.066
INFO : 2021-01-23 13:28:34,555 : episode: 22 score: 36.3 100 games avg: 36.3 steps 1000 
INFO : 2021-01-23 13:28:44,853 : state_square_error: 42.860 reward_error: 12.743
INFO : 2021-01-23 13:31:27,321 : state_square_error: 175.369 reward_error: 54.189
INFO : 2021-01-23 13:34:09,690 : state_square_error: 152.019 reward_error: 52.686
INFO : 2021-01-23 13:36:52,053 : state_square_error: 129.832 reward_error: 44.926
INFO : 2021-01-23 13:39:34,363 : state_square_error: 112.421 reward_error: 49.857
INFO : 2021-01-23 13:42:16,854 : state_square_error: 139.508 reward_error: 48.899
INFO : 2021-01-23 13:44:59,145 : state_square_error: 168.875 reward_error: 55.391
INFO : 2021-01-23 13:47:41,417 : state_square_error: 166.132 reward_error: 50.503
INFO : 2021-01-23 13:50:23,942 : state_square_error: 174.922 reward_error: 60.716
INFO : 2021-01-23 13:53:06,341 : state_square_error: 123.778 reward_error: 56.823
INFO : 2021-01-23 13:55:47,077 : episode: 23 score: 69.4 100 games avg: 69.4 steps 1000 
INFO : 2021-01-23 13:55:57,709 : state_square_error: 31.695 reward_error: 17.584
INFO : 2021-01-23 13:58:39,834 : state_square_error: 29.952 reward_error: 20.328
INFO : 2021-01-23 14:01:22,011 : state_square_error: 101.230 reward_error: 45.269
INFO : 2021-01-23 14:04:04,280 : state_square_error: 129.058 reward_error: 45.163
INFO : 2021-01-23 14:06:46,495 : state_square_error: 89.431 reward_error: 47.494
INFO : 2021-01-23 14:09:28,937 : state_square_error: 248.329 reward_error: 49.660
INFO : 2021-01-23 14:12:11,241 : state_square_error: 106.394 reward_error: 42.227
INFO : 2021-01-23 14:14:53,523 : state_square_error: 70.498 reward_error: 46.867
INFO : 2021-01-23 14:17:35,911 : state_square_error: 146.961 reward_error: 57.133
INFO : 2021-01-23 14:20:18,345 : state_square_error: 92.777 reward_error: 47.864
INFO : 2021-01-23 14:22:58,891 : episode: 24 score: 68.9 100 games avg: 68.9 steps 1000 
INFO : 2021-01-23 14:23:09,960 : state_square_error: 46.506 reward_error: 22.629
INFO : 2021-01-23 14:25:52,285 : state_square_error: 78.178 reward_error: 32.391
INFO : 2021-01-23 14:28:34,722 : state_square_error: 60.285 reward_error: 40.227
INFO : 2021-01-23 14:31:17,093 : state_square_error: 81.296 reward_error: 42.768
INFO : 2021-01-23 14:33:59,726 : state_square_error: 105.442 reward_error: 50.425
INFO : 2021-01-23 14:36:42,290 : state_square_error: 65.106 reward_error: 43.368
INFO : 2021-01-23 14:39:24,675 : state_square_error: 96.896 reward_error: 49.461
INFO : 2021-01-23 14:42:07,232 : state_square_error: 91.183 reward_error: 44.457
INFO : 2021-01-23 14:44:50,317 : state_square_error: 79.995 reward_error: 39.516
INFO : 2021-01-23 14:47:32,658 : state_square_error: 129.692 reward_error: 38.490
INFO : 2021-01-23 14:50:13,418 : episode: 25 score: 35.2 100 games avg: 35.2 steps 1000 
INFO : 2021-01-23 14:50:24,837 : state_square_error: 75.397 reward_error: 18.463
INFO : 2021-01-23 14:53:07,098 : state_square_error: 54.054 reward_error: 31.062
INFO : 2021-01-23 14:55:49,522 : state_square_error: 188.724 reward_error: 47.096
INFO : 2021-01-23 14:58:31,552 : state_square_error: 152.910 reward_error: 49.654
INFO : 2021-01-23 15:01:13,790 : state_square_error: 128.031 reward_error: 54.053
INFO : 2021-01-23 15:03:56,193 : state_square_error: 60.107 reward_error: 49.217
INFO : 2021-01-23 15:06:38,606 : state_square_error: 74.405 reward_error: 56.083
INFO : 2021-01-23 15:09:20,875 : state_square_error: 75.218 reward_error: 54.931
INFO : 2021-01-23 15:12:03,269 : state_square_error: 144.473 reward_error: 48.100
INFO : 2021-01-23 15:14:45,498 : state_square_error: 114.097 reward_error: 46.932
INFO : 2021-01-23 15:17:25,954 : episode: 26 score: 75.7 100 games avg: 75.7 steps 1000 
INFO : 2021-01-23 15:17:37,786 : state_square_error: 60.842 reward_error: 20.598
INFO : 2021-01-23 15:20:20,485 : state_square_error: 150.990 reward_error: 54.972
INFO : 2021-01-23 15:23:03,076 : state_square_error: 120.846 reward_error: 53.127
INFO : 2021-01-23 15:25:45,159 : state_square_error: 159.247 reward_error: 61.337
INFO : 2021-01-23 15:28:27,619 : state_square_error: 182.750 reward_error: 50.428
INFO : 2021-01-23 15:31:10,177 : state_square_error: 80.356 reward_error: 50.419
INFO : 2021-01-23 15:33:52,789 : state_square_error: 167.686 reward_error: 65.316
INFO : 2021-01-23 15:36:35,169 : state_square_error: 121.631 reward_error: 62.937
INFO : 2021-01-23 15:39:17,436 : state_square_error: 106.000 reward_error: 62.303
INFO : 2021-01-23 15:41:59,530 : state_square_error: 125.369 reward_error: 65.973
INFO : 2021-01-23 15:44:40,289 : episode: 27 score: 166.2 100 games avg: 166.2 steps 1000 
INFO : 2021-01-23 15:44:52,462 : state_square_error: 42.887 reward_error: 11.789
INFO : 2021-01-23 15:47:34,774 : state_square_error: 117.271 reward_error: 51.941
INFO : 2021-01-23 15:50:17,131 : state_square_error: 145.124 reward_error: 60.459
INFO : 2021-01-23 15:52:59,606 : state_square_error: 81.383 reward_error: 66.795
INFO : 2021-01-23 15:55:41,743 : state_square_error: 76.750 reward_error: 50.613
INFO : 2021-01-23 15:58:23,893 : state_square_error: 102.912 reward_error: 55.858
INFO : 2021-01-23 16:01:06,598 : state_square_error: 74.808 reward_error: 43.685
INFO : 2021-01-23 16:03:48,961 : state_square_error: 116.835 reward_error: 57.166
INFO : 2021-01-23 16:06:31,259 : state_square_error: 115.721 reward_error: 53.797
INFO : 2021-01-23 16:09:13,409 : state_square_error: 87.837 reward_error: 49.376
INFO : 2021-01-23 16:11:54,065 : episode: 28 score: 187.6 100 games avg: 187.6 steps 1000 
INFO : 2021-01-23 16:12:06,592 : state_square_error: 49.674 reward_error: 19.723
INFO : 2021-01-23 16:14:49,165 : state_square_error: 111.445 reward_error: 50.762
INFO : 2021-01-23 16:17:31,440 : state_square_error: 146.412 reward_error: 51.842
INFO : 2021-01-23 16:20:13,707 : state_square_error: 88.375 reward_error: 48.229
INFO : 2021-01-23 16:22:56,319 : state_square_error: 54.796 reward_error: 48.945
INFO : 2021-01-23 16:25:38,683 : state_square_error: 106.358 reward_error: 50.308
INFO : 2021-01-23 16:28:21,015 : state_square_error: 198.685 reward_error: 61.966
INFO : 2021-01-23 16:31:03,380 : state_square_error: 90.029 reward_error: 54.874
INFO : 2021-01-23 16:33:46,002 : state_square_error: 119.902 reward_error: 50.136
INFO : 2021-01-23 16:36:28,438 : state_square_error: 50.727 reward_error: 63.062
INFO : 2021-01-23 16:39:09,427 : episode: 29 score: 193.9 100 games avg: 193.9 steps 1000 
INFO : 2021-01-23 16:39:22,457 : state_square_error: 80.221 reward_error: 21.294
INFO : 2021-01-23 16:42:04,844 : state_square_error: 70.414 reward_error: 56.904
INFO : 2021-01-23 16:44:47,237 : state_square_error: 76.501 reward_error: 36.729
INFO : 2021-01-23 16:47:29,715 : state_square_error: 126.044 reward_error: 53.045
INFO : 2021-01-23 16:50:12,222 : state_square_error: 140.919 reward_error: 61.848
INFO : 2021-01-23 16:52:54,696 : state_square_error: 65.054 reward_error: 55.550
INFO : 2021-01-23 16:55:36,854 : state_square_error: 103.664 reward_error: 50.585
INFO : 2021-01-23 16:58:19,111 : state_square_error: 103.386 reward_error: 49.205
INFO : 2021-01-23 17:01:01,889 : state_square_error: 50.103 reward_error: 47.919
INFO : 2021-01-23 17:03:44,140 : state_square_error: 132.665 reward_error: 49.508
INFO : 2021-01-23 17:06:25,125 : episode: 30 score: 158.7 100 games avg: 158.7 steps 1000 
INFO : 2021-01-23 17:06:38,539 : state_square_error: 76.696 reward_error: 18.649
INFO : 2021-01-23 17:09:20,805 : state_square_error: 81.125 reward_error: 58.822
INFO : 2021-01-23 17:12:03,112 : state_square_error: 276.953 reward_error: 53.132
INFO : 2021-01-23 17:14:45,597 : state_square_error: 110.508 reward_error: 60.286
INFO : 2021-01-23 17:17:27,868 : state_square_error: 56.956 reward_error: 63.203
INFO : 2021-01-23 17:20:10,190 : state_square_error: 146.876 reward_error: 60.281
INFO : 2021-01-23 17:22:52,671 : state_square_error: 111.501 reward_error: 60.996
INFO : 2021-01-23 17:25:35,023 : state_square_error: 127.566 reward_error: 58.494
INFO : 2021-01-23 17:28:17,201 : state_square_error: 79.056 reward_error: 52.544
INFO : 2021-01-23 17:30:59,470 : state_square_error: 58.024 reward_error: 61.391
INFO : 2021-01-23 17:33:40,097 : episode: 31 score: 292.1 100 games avg: 292.1 steps 1000 
INFO : 2021-01-23 17:33:53,863 : state_square_error: 60.304 reward_error: 20.660
INFO : 2021-01-23 17:36:36,405 : state_square_error: 78.569 reward_error: 51.550
INFO : 2021-01-23 17:39:19,191 : state_square_error: 148.970 reward_error: 49.757
INFO : 2021-01-23 17:42:01,693 : state_square_error: 62.459 reward_error: 48.197
INFO : 2021-01-23 17:44:44,180 : state_square_error: 110.279 reward_error: 52.097
INFO : 2021-01-23 17:47:26,546 : state_square_error: 222.753 reward_error: 56.272
INFO : 2021-01-23 17:50:08,820 : state_square_error: 99.147 reward_error: 65.100
INFO : 2021-01-23 17:52:51,270 : state_square_error: 58.807 reward_error: 50.742
INFO : 2021-01-23 17:55:33,938 : state_square_error: 93.699 reward_error: 56.590
INFO : 2021-01-23 17:58:16,410 : state_square_error: 67.380 reward_error: 63.327
INFO : 2021-01-23 18:00:57,217 : episode: 32 score: 335.5 100 games avg: 335.5 steps 1000 
INFO : 2021-01-23 18:01:11,302 : state_square_error: 78.093 reward_error: 7.052
INFO : 2021-01-23 18:03:53,764 : state_square_error: 130.944 reward_error: 72.680
INFO : 2021-01-23 18:06:36,095 : state_square_error: 115.057 reward_error: 53.708
INFO : 2021-01-23 18:09:18,371 : state_square_error: 58.854 reward_error: 48.892
INFO : 2021-01-23 18:12:00,928 : state_square_error: 63.975 reward_error: 55.888
INFO : 2021-01-23 18:14:43,139 : state_square_error: 71.033 reward_error: 57.388
INFO : 2021-01-23 18:17:25,530 : state_square_error: 90.303 reward_error: 59.468
INFO : 2021-01-23 18:20:07,570 : state_square_error: 76.841 reward_error: 48.673
INFO : 2021-01-23 18:22:49,907 : state_square_error: 74.316 reward_error: 63.031
INFO : 2021-01-23 18:25:32,170 : state_square_error: 115.906 reward_error: 54.016
INFO : 2021-01-23 18:28:12,632 : episode: 33 score: 339.8 100 games avg: 339.8 steps 1000 
INFO : 2021-01-23 18:28:27,109 : state_square_error: 67.183 reward_error: 22.628
INFO : 2021-01-23 18:31:09,173 : state_square_error: 204.214 reward_error: 50.984
INFO : 2021-01-23 18:33:51,652 : state_square_error: 94.085 reward_error: 55.663
INFO : 2021-01-23 18:36:33,889 : state_square_error: 55.917 reward_error: 42.529
INFO : 2021-01-23 18:39:16,217 : state_square_error: 94.103 reward_error: 51.426
INFO : 2021-01-23 18:41:58,675 : state_square_error: 152.049 reward_error: 51.693
INFO : 2021-01-23 18:44:41,068 : state_square_error: 85.654 reward_error: 49.826
INFO : 2021-01-23 18:47:23,432 : state_square_error: 100.187 reward_error: 56.230
INFO : 2021-01-23 18:50:05,852 : state_square_error: 104.356 reward_error: 56.366
INFO : 2021-01-23 18:52:48,117 : state_square_error: 77.747 reward_error: 45.383
INFO : 2021-01-23 18:55:29,062 : episode: 34 score: 455.7 100 games avg: 455.7 steps 1000 
INFO : 2021-01-23 18:55:43,920 : state_square_error: 123.272 reward_error: 20.595
INFO : 2021-01-23 18:58:26,436 : state_square_error: 25.426 reward_error: 33.891
INFO : 2021-01-23 19:01:09,096 : state_square_error: 109.997 reward_error: 46.937
INFO : 2021-01-23 19:03:51,599 : state_square_error: 316.569 reward_error: 64.254
INFO : 2021-01-23 19:06:33,966 : state_square_error: 236.499 reward_error: 48.970
INFO : 2021-01-23 19:09:16,557 : state_square_error: 171.393 reward_error: 51.331
INFO : 2021-01-23 19:11:59,184 : state_square_error: 454.436 reward_error: 59.113
INFO : 2021-01-23 19:14:41,562 : state_square_error: 1738.965 reward_error: 57.881
INFO : 2021-01-23 19:17:23,868 : state_square_error: 150.739 reward_error: 54.879
INFO : 2021-01-23 19:20:06,161 : state_square_error: 104.759 reward_error: 61.207
INFO : 2021-01-23 19:22:46,899 : episode: 35 score: 331.7 100 games avg: 331.7 steps 1000 
INFO : 2021-01-23 19:23:02,191 : state_square_error: 64.358 reward_error: 22.898
INFO : 2021-01-23 19:25:44,811 : state_square_error: 89.904 reward_error: 52.703
INFO : 2021-01-23 19:28:27,290 : state_square_error: 54.240 reward_error: 41.962
INFO : 2021-01-23 19:31:09,553 : state_square_error: 125.314 reward_error: 53.887
INFO : 2021-01-23 19:33:51,953 : state_square_error: 73.522 reward_error: 55.738
INFO : 2021-01-23 19:36:34,365 : state_square_error: 65.636 reward_error: 40.342
INFO : 2021-01-23 19:39:16,749 : state_square_error: 132.727 reward_error: 49.564
INFO : 2021-01-23 19:41:58,770 : state_square_error: 115.897 reward_error: 61.272
INFO : 2021-01-23 19:44:41,095 : state_square_error: 203.920 reward_error: 53.537
INFO : 2021-01-23 19:47:23,565 : state_square_error: 92.864 reward_error: 57.889
INFO : 2021-01-23 19:50:04,264 : episode: 36 score: 701.5 100 games avg: 701.5 steps 1000 
INFO : 2021-01-23 19:50:20,017 : state_square_error: 52.262 reward_error: 17.110
INFO : 2021-01-23 19:53:02,622 : state_square_error: 76.103 reward_error: 71.823
INFO : 2021-01-23 19:55:45,067 : state_square_error: 107.406 reward_error: 58.927
INFO : 2021-01-23 19:58:27,706 : state_square_error: 81.114 reward_error: 49.856
INFO : 2021-01-23 20:01:10,153 : state_square_error: 60.536 reward_error: 65.134
INFO : 2021-01-23 20:03:52,372 : state_square_error: 124.125 reward_error: 59.758
INFO : 2021-01-23 20:06:34,770 : state_square_error: 88.573 reward_error: 54.558
INFO : 2021-01-23 20:09:17,453 : state_square_error: 107.777 reward_error: 49.698
INFO : 2021-01-23 20:11:59,859 : state_square_error: 58.870 reward_error: 51.165
INFO : 2021-01-23 20:14:42,499 : state_square_error: 76.270 reward_error: 48.731
INFO : 2021-01-23 20:17:23,497 : episode: 37 score: 598.6 100 games avg: 598.6 steps 1000 
INFO : 2021-01-23 20:17:39,589 : state_square_error: 74.891 reward_error: 25.947
INFO : 2021-01-23 20:20:22,083 : state_square_error: 496.528 reward_error: 63.523
INFO : 2021-01-23 20:23:04,674 : state_square_error: 145.843 reward_error: 47.137
INFO : 2021-01-23 20:25:46,871 : state_square_error: 321.985 reward_error: 46.158
INFO : 2021-01-23 20:28:29,216 : state_square_error: 121.014 reward_error: 50.728
INFO : 2021-01-23 20:31:11,457 : state_square_error: 70.080 reward_error: 53.909
INFO : 2021-01-23 20:33:53,817 : state_square_error: 214.752 reward_error: 46.948
INFO : 2021-01-23 20:36:36,365 : state_square_error: 182.271 reward_error: 59.226
INFO : 2021-01-23 20:39:18,791 : state_square_error: 71.632 reward_error: 54.667
INFO : 2021-01-23 20:42:01,445 : state_square_error: 164.824 reward_error: 56.480
INFO : 2021-01-23 20:44:42,102 : episode: 38 score: 659.7 100 games avg: 659.7 steps 1000 
INFO : 2021-01-23 20:44:58,556 : state_square_error: 71.630 reward_error: 25.437
INFO : 2021-01-23 20:47:41,340 : state_square_error: 106.288 reward_error: 52.285
INFO : 2021-01-23 20:50:23,775 : state_square_error: 283.597 reward_error: 54.239
INFO : 2021-01-23 20:53:06,154 : state_square_error: 341.991 reward_error: 59.260
INFO : 2021-01-23 20:55:48,481 : state_square_error: 308.370 reward_error: 58.086
INFO : 2021-01-23 20:58:30,836 : state_square_error: 91.874 reward_error: 66.857
INFO : 2021-01-23 21:01:13,368 : state_square_error: 251.053 reward_error: 61.475
INFO : 2021-01-23 21:03:55,783 : state_square_error: 197.021 reward_error: 52.522
INFO : 2021-01-23 21:06:38,364 : state_square_error: 63.172 reward_error: 60.069
INFO : 2021-01-23 21:09:20,088 : state_square_error: 254.313 reward_error: 60.040
INFO : 2021-01-23 21:12:00,260 : episode: 39 score: 718.7 100 games avg: 718.7 steps 1000 
INFO : 2021-01-23 21:12:17,075 : state_square_error: 85.980 reward_error: 24.820
INFO : 2021-01-23 21:14:58,937 : state_square_error: 191.455 reward_error: 59.779
INFO : 2021-01-23 21:17:40,889 : state_square_error: 221.367 reward_error: 55.207
INFO : 2021-01-23 21:20:22,861 : state_square_error: 230.852 reward_error: 54.871
INFO : 2021-01-23 21:23:04,836 : state_square_error: 296.660 reward_error: 59.143
INFO : 2021-01-23 21:25:46,630 : state_square_error: 116.338 reward_error: 54.157
INFO : 2021-01-23 21:28:28,394 : state_square_error: 135.191 reward_error: 57.239
INFO : 2021-01-23 21:31:10,496 : state_square_error: 388.092 reward_error: 60.312
INFO : 2021-01-23 21:33:52,423 : state_square_error: 110.808 reward_error: 60.818
INFO : 2021-01-23 21:36:33,633 : state_square_error: 135.170 reward_error: 65.679
INFO : 2021-01-23 21:39:13,425 : episode: 40 score: 717.8 100 games avg: 717.8 steps 1000 
INFO : 2021-01-23 21:39:30,504 : state_square_error: 53.040 reward_error: 17.125
INFO : 2021-01-23 21:42:12,022 : state_square_error: 71.796 reward_error: 52.476
INFO : 2021-01-23 21:44:53,457 : state_square_error: 117.866 reward_error: 50.917
INFO : 2021-01-23 21:47:34,866 : state_square_error: 66.235 reward_error: 52.036
INFO : 2021-01-23 21:50:15,810 : state_square_error: 367.798 reward_error: 47.974
INFO : 2021-01-23 21:52:57,098 : state_square_error: 90.167 reward_error: 62.557
INFO : 2021-01-23 21:55:38,111 : state_square_error: 133.363 reward_error: 49.466
INFO : 2021-01-23 21:58:18,893 : state_square_error: 272.196 reward_error: 56.425
INFO : 2021-01-23 22:00:59,826 : state_square_error: 217.999 reward_error: 46.602
INFO : 2021-01-23 22:03:40,981 : state_square_error: 273.534 reward_error: 52.353
INFO : 2021-01-23 22:06:20,497 : episode: 41 score: 769.7 100 games avg: 769.7 steps 1000 
INFO : 2021-01-23 22:06:38,117 : state_square_error: 115.762 reward_error: 23.529
INFO : 2021-01-23 22:09:18,912 : state_square_error: 68.915 reward_error: 62.602
INFO : 2021-01-23 22:12:00,016 : state_square_error: 87.946 reward_error: 54.805
INFO : 2021-01-23 22:14:41,116 : state_square_error: 62.197 reward_error: 67.095
INFO : 2021-01-23 22:17:22,334 : state_square_error: 324.028 reward_error: 54.229
INFO : 2021-01-23 22:20:03,696 : state_square_error: 42.308 reward_error: 61.788
INFO : 2021-01-23 22:22:45,051 : state_square_error: 237.897 reward_error: 58.568
INFO : 2021-01-23 22:25:26,313 : state_square_error: 146.478 reward_error: 55.081
INFO : 2021-01-23 22:28:07,613 : state_square_error: 44.626 reward_error: 61.127
INFO : 2021-01-23 22:30:48,885 : state_square_error: 36.151 reward_error: 51.709
INFO : 2021-01-23 22:33:28,438 : episode: 42 score: 799.0 100 games avg: 799.0 steps 1000 
INFO : 2021-01-23 22:33:46,303 : state_square_error: 193.553 reward_error: 16.661
INFO : 2021-01-23 22:36:27,512 : state_square_error: 156.385 reward_error: 73.005
INFO : 2021-01-23 22:39:08,812 : state_square_error: 846.647 reward_error: 50.349
INFO : 2021-01-23 22:41:50,315 : state_square_error: 164.455 reward_error: 49.518
INFO : 2021-01-23 22:44:31,300 : state_square_error: 41.000 reward_error: 63.066
INFO : 2021-01-23 22:47:12,480 : state_square_error: 137.927 reward_error: 44.748
INFO : 2021-01-23 22:49:53,684 : state_square_error: 145.581 reward_error: 43.272
INFO : 2021-01-23 22:52:34,593 : state_square_error: 63.082 reward_error: 49.839
INFO : 2021-01-23 22:55:15,621 : state_square_error: 552.084 reward_error: 46.598
INFO : 2021-01-23 22:57:56,757 : state_square_error: 566.836 reward_error: 52.291
INFO : 2021-01-23 23:00:36,241 : episode: 43 score: 783.1 100 games avg: 783.1 steps 1000 
INFO : 2021-01-23 23:00:54,508 : state_square_error: 86.227 reward_error: 17.738
INFO : 2021-01-23 23:03:35,595 : state_square_error: 57.836 reward_error: 49.428
INFO : 2021-01-23 23:06:17,978 : state_square_error: 151.388 reward_error: 53.494
INFO : 2021-01-23 23:09:03,718 : state_square_error: 136.751 reward_error: 52.742
INFO : 2021-01-23 23:11:50,168 : state_square_error: 168.550 reward_error: 58.792
INFO : 2021-01-23 23:14:36,539 : state_square_error: 174.003 reward_error: 54.772
INFO : 2021-01-23 23:17:22,973 : state_square_error: 134.180 reward_error: 51.447
INFO : 2021-01-23 23:20:09,491 : state_square_error: 129.182 reward_error: 68.097
INFO : 2021-01-23 23:22:56,070 : state_square_error: 297.109 reward_error: 65.183
INFO : 2021-01-23 23:25:42,702 : state_square_error: 129.292 reward_error: 55.209
INFO : 2021-01-23 23:28:27,289 : episode: 44 score: 818.0 100 games avg: 818.0 steps 1000 
INFO : 2021-01-23 23:28:40,318 : state_square_error: 51.861 reward_error: 23.222
INFO : 2021-01-23 23:31:26,834 : state_square_error: 34.301 reward_error: 56.505
INFO : 2021-01-23 23:34:13,286 : state_square_error: 119.362 reward_error: 55.343
INFO : 2021-01-23 23:37:00,016 : state_square_error: 84.952 reward_error: 54.592
INFO : 2021-01-23 23:39:46,635 : state_square_error: 275.793 reward_error: 57.272
INFO : 2021-01-23 23:42:33,230 : state_square_error: 70.853 reward_error: 65.962
INFO : 2021-01-23 23:45:19,868 : state_square_error: 57.015 reward_error: 58.578
INFO : 2021-01-23 23:48:06,413 : state_square_error: 39.532 reward_error: 61.027
INFO : 2021-01-23 23:50:52,963 : state_square_error: 330.227 reward_error: 50.626
INFO : 2021-01-23 23:53:39,692 : state_square_error: 16.196 reward_error: 55.084
INFO : 2021-01-23 23:56:24,270 : episode: 45 score: 743.6 100 games avg: 743.6 steps 1000 
INFO : 2021-01-23 23:56:37,446 : state_square_error: 29.219 reward_error: 24.095
INFO : 2021-01-23 23:59:24,071 : state_square_error: 45.539 reward_error: 95.703
INFO : 2021-01-24 00:02:10,665 : state_square_error: 164.369 reward_error: 93.011
INFO : 2021-01-24 00:04:57,126 : state_square_error: 50.541 reward_error: 83.118
INFO : 2021-01-24 00:07:43,410 : state_square_error: 298.763 reward_error: 99.718
INFO : 2021-01-24 00:10:29,964 : state_square_error: 35.888 reward_error: 78.260
INFO : 2021-01-24 00:13:16,232 : state_square_error: 75.705 reward_error: 87.413
INFO : 2021-01-24 00:16:02,531 : state_square_error: 49.157 reward_error: 99.145
INFO : 2021-01-24 00:18:49,044 : state_square_error: 53.670 reward_error: 82.410
INFO : 2021-01-24 00:21:35,434 : state_square_error: 30.205 reward_error: 87.564
INFO : 2021-01-24 00:24:20,262 : episode: 46 score: 403.1 100 games avg: 403.1 steps 1000 
INFO : 2021-01-24 00:24:33,747 : state_square_error: 55.660 reward_error: 24.182
INFO : 2021-01-24 00:27:20,201 : state_square_error: 233.574 reward_error: 40.625
INFO : 2021-01-24 00:30:06,458 : state_square_error: 153.771 reward_error: 48.559
INFO : 2021-01-24 00:32:52,681 : state_square_error: 345.070 reward_error: 47.166
INFO : 2021-01-24 00:35:38,983 : state_square_error: 445.018 reward_error: 50.764
INFO : 2021-01-24 00:38:25,327 : state_square_error: 57.597 reward_error: 53.447
INFO : 2021-01-24 00:41:11,537 : state_square_error: 50.430 reward_error: 61.329
INFO : 2021-01-24 00:43:57,887 : state_square_error: 386.054 reward_error: 50.559
INFO : 2021-01-24 00:46:44,267 : state_square_error: 249.821 reward_error: 44.052
INFO : 2021-01-24 00:49:30,612 : state_square_error: 659.804 reward_error: 48.070
INFO : 2021-01-24 00:52:14,809 : episode: 47 score: 836.5 100 games avg: 836.5 steps 1000 
INFO : 2021-01-24 00:52:28,514 : state_square_error: 103.419 reward_error: 19.663
INFO : 2021-01-24 00:55:14,796 : state_square_error: 79.216 reward_error: 47.225
INFO : 2021-01-24 00:58:01,113 : state_square_error: 294.695 reward_error: 51.642
INFO : 2021-01-24 01:00:47,446 : state_square_error: 701.912 reward_error: 57.853
INFO : 2021-01-24 01:03:33,787 : state_square_error: 593.485 reward_error: 52.411
INFO : 2021-01-24 01:06:20,174 : state_square_error: 126.734 reward_error: 43.181
INFO : 2021-01-24 01:09:06,541 : state_square_error: 989.875 reward_error: 63.821
INFO : 2021-01-24 01:11:52,721 : state_square_error: 518.726 reward_error: 58.828
INFO : 2021-01-24 01:14:39,037 : state_square_error: 275.895 reward_error: 59.620
INFO : 2021-01-24 01:17:25,319 : state_square_error: 566.201 reward_error: 52.037
INFO : 2021-01-24 01:20:09,863 : episode: 48 score: 846.4 100 games avg: 846.4 steps 1000 
INFO : 2021-01-24 01:20:23,864 : state_square_error: 55.488 reward_error: 19.794
INFO : 2021-01-24 01:23:10,035 : state_square_error: 65.584 reward_error: 52.898
INFO : 2021-01-24 01:25:56,309 : state_square_error: 414.800 reward_error: 55.168
INFO : 2021-01-24 01:28:42,677 : state_square_error: 200.886 reward_error: 54.493
INFO : 2021-01-24 01:31:28,912 : state_square_error: 329.741 reward_error: 56.914
INFO : 2021-01-24 01:34:15,273 : state_square_error: 152.603 reward_error: 65.057
INFO : 2021-01-24 01:37:01,529 : state_square_error: 892.625 reward_error: 61.780
INFO : 2021-01-24 01:39:47,855 : state_square_error: 195.676 reward_error: 59.336
INFO : 2021-01-24 01:42:33,878 : state_square_error: 247.054 reward_error: 56.500
INFO : 2021-01-24 01:45:19,916 : state_square_error: 300.999 reward_error: 62.791
INFO : 2021-01-24 01:48:04,120 : episode: 49 score: 849.6 100 games avg: 849.6 steps 1000 
INFO : 2021-01-24 01:48:18,401 : state_square_error: 64.245 reward_error: 12.289
INFO : 2021-01-24 01:51:04,549 : state_square_error: 99.887 reward_error: 42.609
INFO : 2021-01-24 01:53:50,768 : state_square_error: 139.434 reward_error: 50.377
INFO : 2021-01-24 01:56:36,998 : state_square_error: 207.190 reward_error: 53.897
INFO : 2021-01-24 01:59:23,046 : state_square_error: 164.490 reward_error: 52.574
INFO : 2021-01-24 02:02:09,216 : state_square_error: 157.165 reward_error: 66.984
INFO : 2021-01-24 02:04:55,367 : state_square_error: 139.616 reward_error: 50.265
INFO : 2021-01-24 02:07:41,512 : state_square_error: 322.073 reward_error: 69.884
INFO : 2021-01-24 02:10:27,804 : state_square_error: 120.607 reward_error: 64.766
INFO : 2021-01-24 02:13:14,063 : state_square_error: 247.906 reward_error: 52.382
INFO : 2021-01-24 02:15:58,539 : episode: 50 score: 874.6 100 games avg: 874.6 steps 1000 
INFO : 2021-01-24 02:16:13,036 : state_square_error: 68.993 reward_error: 25.090
INFO : 2021-01-24 02:18:59,134 : state_square_error: 69.101 reward_error: 55.277
INFO : 2021-01-24 02:21:45,300 : state_square_error: 187.834 reward_error: 51.864
INFO : 2021-01-24 02:24:31,441 : state_square_error: 65.561 reward_error: 51.999
INFO : 2021-01-24 02:27:17,501 : state_square_error: 77.735 reward_error: 37.413
INFO : 2021-01-24 02:30:03,674 : state_square_error: 138.319 reward_error: 44.194
INFO : 2021-01-24 02:32:49,939 : state_square_error: 288.027 reward_error: 52.264
INFO : 2021-01-24 02:35:35,994 : state_square_error: 134.275 reward_error: 50.251
INFO : 2021-01-24 02:38:22,274 : state_square_error: 159.094 reward_error: 48.755
INFO : 2021-01-24 02:41:08,583 : state_square_error: 222.234 reward_error: 50.020
INFO : 2021-01-24 02:43:52,862 : episode: 51 score: 893.0 100 games avg: 893.0 steps 1000 
INFO : 2021-01-24 02:44:07,679 : state_square_error: 58.100 reward_error: 23.927
INFO : 2021-01-24 02:46:53,803 : state_square_error: 75.844 reward_error: 14.899
INFO : 2021-01-24 02:49:39,837 : state_square_error: 87.116 reward_error: 50.149
INFO : 2021-01-24 02:52:25,896 : state_square_error: 210.632 reward_error: 49.446
INFO : 2021-01-24 02:55:11,995 : state_square_error: 232.468 reward_error: 49.241
INFO : 2021-01-24 02:57:58,225 : state_square_error: 255.689 reward_error: 50.024
INFO : 2021-01-24 03:00:44,620 : state_square_error: 66.617 reward_error: 62.612
INFO : 2021-01-24 03:03:30,764 : state_square_error: 268.197 reward_error: 53.696
INFO : 2021-01-24 03:06:16,804 : state_square_error: 59.706 reward_error: 42.844
INFO : 2021-01-24 03:09:03,066 : state_square_error: 70.387 reward_error: 43.029
INFO : 2021-01-24 03:11:47,641 : episode: 52 score: 934.1 100 games avg: 934.1 steps 1000 
INFO : 2021-01-24 03:12:02,747 : state_square_error: 49.763 reward_error: 18.112
INFO : 2021-01-24 03:14:48,872 : state_square_error: 81.092 reward_error: 47.061
INFO : 2021-01-24 03:17:35,207 : state_square_error: 94.394 reward_error: 45.676
INFO : 2021-01-24 03:20:21,545 : state_square_error: 109.134 reward_error: 54.153
INFO : 2021-01-24 03:23:07,551 : state_square_error: 36.296 reward_error: 44.518
INFO : 2021-01-24 03:25:53,843 : state_square_error: 199.509 reward_error: 45.536
INFO : 2021-01-24 03:28:39,791 : state_square_error: 133.330 reward_error: 53.179
INFO : 2021-01-24 03:31:25,930 : state_square_error: 158.594 reward_error: 56.834
INFO : 2021-01-24 03:34:11,925 : state_square_error: 97.900 reward_error: 45.976
INFO : 2021-01-24 03:36:57,906 : state_square_error: 184.105 reward_error: 54.941
INFO : 2021-01-24 03:39:42,182 : episode: 53 score: 920.8 100 games avg: 920.8 steps 1000 
INFO : 2021-01-24 03:39:57,347 : state_square_error: 62.275 reward_error: 18.151
INFO : 2021-01-24 03:42:43,670 : state_square_error: 146.268 reward_error: 55.480
INFO : 2021-01-24 03:45:30,086 : state_square_error: 133.518 reward_error: 44.612
INFO : 2021-01-24 03:48:16,260 : state_square_error: 151.016 reward_error: 42.759
INFO : 2021-01-24 03:51:02,570 : state_square_error: 22.690 reward_error: 47.590
INFO : 2021-01-24 03:53:48,444 : state_square_error: 44.436 reward_error: 37.810
INFO : 2021-01-24 03:56:34,658 : state_square_error: 167.100 reward_error: 61.502
INFO : 2021-01-24 03:59:20,885 : state_square_error: 46.894 reward_error: 47.282
INFO : 2021-01-24 04:02:07,183 : state_square_error: 29.400 reward_error: 59.961
INFO : 2021-01-24 04:04:53,297 : state_square_error: 50.376 reward_error: 39.023
INFO : 2021-01-24 04:07:37,734 : episode: 54 score: 959.2 100 games avg: 959.2 steps 1000 
INFO : 2021-01-24 04:07:53,348 : state_square_error: 97.495 reward_error: 18.923
INFO : 2021-01-24 04:10:39,587 : state_square_error: 95.471 reward_error: 45.451
INFO : 2021-01-24 04:13:25,636 : state_square_error: 171.129 reward_error: 56.062
INFO : 2021-01-24 04:16:11,773 : state_square_error: 111.649 reward_error: 45.561
INFO : 2021-01-24 04:18:57,940 : state_square_error: 104.054 reward_error: 45.656
INFO : 2021-01-24 04:21:44,375 : state_square_error: 19.079 reward_error: 46.721
INFO : 2021-01-24 04:24:30,500 : state_square_error: 93.052 reward_error: 43.549
INFO : 2021-01-24 04:27:16,562 : state_square_error: 138.029 reward_error: 45.684
INFO : 2021-01-24 04:30:02,604 : state_square_error: 102.545 reward_error: 59.057
INFO : 2021-01-24 04:32:48,760 : state_square_error: 38.436 reward_error: 45.797
INFO : 2021-01-24 04:35:33,079 : episode: 55 score: 950.1 100 games avg: 950.1 steps 1000 
INFO : 2021-01-24 04:35:48,896 : state_square_error: 48.694 reward_error: 17.494
INFO : 2021-01-24 04:38:34,990 : state_square_error: 220.197 reward_error: 58.395
INFO : 2021-01-24 04:41:21,389 : state_square_error: 22.639 reward_error: 41.615
INFO : 2021-01-24 04:44:07,426 : state_square_error: 81.413 reward_error: 37.375
INFO : 2021-01-24 04:46:53,518 : state_square_error: 61.763 reward_error: 34.978
INFO : 2021-01-24 04:49:39,597 : state_square_error: 74.858 reward_error: 37.740
INFO : 2021-01-24 04:52:25,630 : state_square_error: 53.277 reward_error: 40.129
INFO : 2021-01-24 04:55:10,847 : state_square_error: 24.141 reward_error: 57.355
INFO : 2021-01-24 04:57:55,401 : state_square_error: 12.481 reward_error: 48.642
INFO : 2021-01-24 05:00:39,930 : state_square_error: 188.476 reward_error: 37.836
INFO : 2021-01-24 05:03:22,550 : episode: 56 score: 865.4 100 games avg: 865.4 steps 1000 
INFO : 2021-01-24 05:03:39,744 : state_square_error: 34.305 reward_error: 19.503
INFO : 2021-01-24 05:06:24,370 : state_square_error: 134.090 reward_error: 40.509
INFO : 2021-01-24 05:09:08,956 : state_square_error: 86.229 reward_error: 38.054
INFO : 2021-01-24 05:11:53,611 : state_square_error: 36.505 reward_error: 42.367
INFO : 2021-01-24 05:14:38,228 : state_square_error: 94.652 reward_error: 42.541
INFO : 2021-01-24 05:17:22,908 : state_square_error: 64.358 reward_error: 53.799
INFO : 2021-01-24 05:20:07,602 : state_square_error: 58.535 reward_error: 51.520
INFO : 2021-01-24 05:22:52,301 : state_square_error: 31.583 reward_error: 41.671
INFO : 2021-01-24 05:25:36,928 : state_square_error: 141.558 reward_error: 44.267
INFO : 2021-01-24 05:28:21,679 : state_square_error: 42.546 reward_error: 45.898
INFO : 2021-01-24 05:31:04,577 : episode: 57 score: 890.5 100 games avg: 890.5 steps 1000 
INFO : 2021-01-24 05:31:21,941 : state_square_error: 31.009 reward_error: 14.578
INFO : 2021-01-24 05:34:06,532 : state_square_error: 54.943 reward_error: 35.729
INFO : 2021-01-24 05:36:51,115 : state_square_error: 38.959 reward_error: 40.534
INFO : 2021-01-24 05:39:35,687 : state_square_error: 67.741 reward_error: 37.718
INFO : 2021-01-24 05:42:20,301 : state_square_error: 65.744 reward_error: 36.939
INFO : 2021-01-24 05:45:04,922 : state_square_error: 47.308 reward_error: 39.905
INFO : 2021-01-24 05:47:49,129 : state_square_error: 53.427 reward_error: 37.855
INFO : 2021-01-24 05:50:33,413 : state_square_error: 45.948 reward_error: 45.884
INFO : 2021-01-24 05:53:17,586 : state_square_error: 26.938 reward_error: 41.619
INFO : 2021-01-24 05:56:01,829 : state_square_error: 17.034 reward_error: 34.718
INFO : 2021-01-24 05:58:44,218 : episode: 58 score: 860.0 100 games avg: 860.0 steps 1000 
INFO : 2021-01-24 05:59:04,592 : state_square_error: 61.621 reward_error: 17.310
INFO : 2021-01-24 06:01:48,806 : state_square_error: 133.078 reward_error: 36.554
INFO : 2021-01-24 06:04:33,033 : state_square_error: 193.699 reward_error: 46.146
INFO : 2021-01-24 06:07:17,429 : state_square_error: 91.990 reward_error: 46.932
INFO : 2021-01-24 06:10:01,745 : state_square_error: 116.381 reward_error: 43.229
INFO : 2021-01-24 06:12:45,886 : state_square_error: 101.854 reward_error: 51.994
INFO : 2021-01-24 06:15:30,141 : state_square_error: 98.248 reward_error: 42.161
INFO : 2021-01-24 06:18:14,462 : state_square_error: 88.986 reward_error: 42.521
INFO : 2021-01-24 06:20:58,672 : state_square_error: 27.316 reward_error: 42.095
INFO : 2021-01-24 06:23:43,064 : state_square_error: 217.656 reward_error: 40.807
INFO : 2021-01-24 06:26:25,482 : episode: 59 score: 903.6 100 games avg: 903.6 steps 1000 
INFO : 2021-01-24 06:26:45,901 : state_square_error: 85.375 reward_error: 19.539
INFO : 2021-01-24 06:29:30,079 : state_square_error: 163.067 reward_error: 40.220
INFO : 2021-01-24 06:32:14,160 : state_square_error: 248.927 reward_error: 44.543
INFO : 2021-01-24 06:34:58,403 : state_square_error: 66.861 reward_error: 43.951
INFO : 2021-01-24 06:37:42,460 : state_square_error: 199.655 reward_error: 57.732
INFO : 2021-01-24 06:40:26,697 : state_square_error: 152.829 reward_error: 46.026
INFO : 2021-01-24 06:43:10,843 : state_square_error: 102.239 reward_error: 39.923
INFO : 2021-01-24 06:45:54,946 : state_square_error: 107.151 reward_error: 39.443
INFO : 2021-01-24 06:48:39,096 : state_square_error: 127.396 reward_error: 55.147
INFO : 2021-01-24 06:51:23,324 : state_square_error: 115.570 reward_error: 38.049
INFO : 2021-01-24 06:54:05,614 : episode: 60 score: 924.6 100 games avg: 924.6 steps 1000 
INFO : 2021-01-24 06:54:26,292 : state_square_error: 29.779 reward_error: 16.729
INFO : 2021-01-24 06:57:10,479 : state_square_error: 45.297 reward_error: 50.498
INFO : 2021-01-24 06:59:54,634 : state_square_error: 88.064 reward_error: 49.584
INFO : 2021-01-24 07:02:38,974 : state_square_error: 22.370 reward_error: 52.971
INFO : 2021-01-24 07:05:23,258 : state_square_error: 139.144 reward_error: 52.305
INFO : 2021-01-24 07:08:07,542 : state_square_error: 102.132 reward_error: 40.975
INFO : 2021-01-24 07:10:51,935 : state_square_error: 134.744 reward_error: 50.787
INFO : 2021-01-24 07:13:36,187 : state_square_error: 48.579 reward_error: 38.108
INFO : 2021-01-24 07:16:20,590 : state_square_error: 184.018 reward_error: 47.606
INFO : 2021-01-24 07:19:04,966 : state_square_error: 95.461 reward_error: 43.305
INFO : 2021-01-24 07:21:47,239 : episode: 61 score: 927.5 100 games avg: 927.5 steps 1000 
INFO : 2021-01-24 07:22:08,722 : state_square_error: 36.679 reward_error: 20.737
INFO : 2021-01-24 07:24:52,879 : state_square_error: 24.874 reward_error: 39.066
INFO : 2021-01-24 07:27:36,966 : state_square_error: 159.249 reward_error: 55.693
INFO : 2021-01-24 07:30:21,181 : state_square_error: 74.200 reward_error: 58.047
INFO : 2021-01-24 07:33:05,403 : state_square_error: 180.221 reward_error: 51.028
INFO : 2021-01-24 07:35:49,505 : state_square_error: 62.718 reward_error: 39.819
INFO : 2021-01-24 07:38:33,631 : state_square_error: 89.151 reward_error: 44.038
INFO : 2021-01-24 07:41:17,980 : state_square_error: 108.089 reward_error: 42.975
INFO : 2021-01-24 07:44:02,247 : state_square_error: 142.319 reward_error: 47.153
INFO : 2021-01-24 07:46:46,391 : state_square_error: 86.135 reward_error: 56.419
INFO : 2021-01-24 07:49:28,708 : episode: 62 score: 909.3 100 games avg: 909.3 steps 1000 
INFO : 2021-01-24 07:49:50,499 : state_square_error: 68.946 reward_error: 12.328
INFO : 2021-01-24 07:52:35,011 : state_square_error: 103.138 reward_error: 54.934
INFO : 2021-01-24 07:55:19,253 : state_square_error: 178.247 reward_error: 41.075
INFO : 2021-01-24 07:58:03,580 : state_square_error: 121.270 reward_error: 54.763
INFO : 2021-01-24 08:00:47,795 : state_square_error: 21.363 reward_error: 36.833
INFO : 2021-01-24 08:03:32,090 : state_square_error: 146.575 reward_error: 46.165
INFO : 2021-01-24 08:06:16,374 : state_square_error: 76.157 reward_error: 39.142
INFO : 2021-01-24 08:09:00,736 : state_square_error: 34.994 reward_error: 40.512
INFO : 2021-01-24 08:11:45,028 : state_square_error: 165.925 reward_error: 37.653
INFO : 2021-01-24 08:14:29,292 : state_square_error: 166.982 reward_error: 41.931
INFO : 2021-01-24 08:17:11,593 : episode: 63 score: 972.6 100 games avg: 972.6 steps 1000 
INFO : 2021-01-24 08:17:33,633 : state_square_error: 36.969 reward_error: 11.242
INFO : 2021-01-24 08:20:17,833 : state_square_error: 88.310 reward_error: 41.667
INFO : 2021-01-24 08:23:02,123 : state_square_error: 73.548 reward_error: 51.425
INFO : 2021-01-24 08:25:46,284 : state_square_error: 97.442 reward_error: 30.192
INFO : 2021-01-24 08:28:30,390 : state_square_error: 84.598 reward_error: 48.998
INFO : 2021-01-24 08:31:14,793 : state_square_error: 20.224 reward_error: 41.663
INFO : 2021-01-24 08:33:58,989 : state_square_error: 107.905 reward_error: 46.059
INFO : 2021-01-24 08:36:43,164 : state_square_error: 152.140 reward_error: 46.604
INFO : 2021-01-24 08:39:27,485 : state_square_error: 111.438 reward_error: 35.106
INFO : 2021-01-24 08:42:11,678 : state_square_error: 109.024 reward_error: 33.120
INFO : 2021-01-24 08:44:53,902 : episode: 64 score: 917.8 100 games avg: 917.8 steps 1000 
INFO : 2021-01-24 08:45:16,321 : state_square_error: 46.618 reward_error: 18.703
INFO : 2021-01-24 08:48:00,748 : state_square_error: 306.934 reward_error: 49.752
INFO : 2021-01-24 08:50:44,977 : state_square_error: 200.595 reward_error: 47.416
INFO : 2021-01-24 08:53:29,250 : state_square_error: 160.986 reward_error: 51.628
INFO : 2021-01-24 08:56:13,695 : state_square_error: 74.170 reward_error: 35.818
INFO : 2021-01-24 08:58:58,006 : state_square_error: 129.312 reward_error: 42.357
INFO : 2021-01-24 09:01:42,252 : state_square_error: 42.799 reward_error: 47.536
INFO : 2021-01-24 09:04:26,481 : state_square_error: 85.878 reward_error: 36.639
INFO : 2021-01-24 09:07:10,697 : state_square_error: 142.866 reward_error: 40.914
INFO : 2021-01-24 09:09:54,989 : state_square_error: 221.789 reward_error: 44.436
INFO : 2021-01-24 09:12:37,382 : episode: 65 score: 932.7 100 games avg: 932.7 steps 1000 
INFO : 2021-01-24 09:12:59,994 : state_square_error: 54.872 reward_error: 16.625
INFO : 2021-01-24 09:15:44,468 : state_square_error: 63.767 reward_error: 38.253
INFO : 2021-01-24 09:18:28,897 : state_square_error: 69.033 reward_error: 34.456
INFO : 2021-01-24 09:21:13,452 : state_square_error: 28.940 reward_error: 37.319
INFO : 2021-01-24 09:23:57,770 : state_square_error: 38.930 reward_error: 38.354
INFO : 2021-01-24 09:26:42,195 : state_square_error: 53.131 reward_error: 45.776
INFO : 2021-01-24 09:29:26,316 : state_square_error: 259.617 reward_error: 54.345
INFO : 2021-01-24 09:32:10,647 : state_square_error: 32.846 reward_error: 42.333
INFO : 2021-01-24 09:34:55,036 : state_square_error: 66.969 reward_error: 25.827
INFO : 2021-01-24 09:37:39,358 : state_square_error: 73.019 reward_error: 39.815
INFO : 2021-01-24 09:40:21,909 : episode: 66 score: 939.8 100 games avg: 939.8 steps 1000 
INFO : 2021-01-24 09:40:44,968 : state_square_error: 44.327 reward_error: 15.564
INFO : 2021-01-24 09:43:29,137 : state_square_error: 128.728 reward_error: 51.568
INFO : 2021-01-24 09:46:13,517 : state_square_error: 131.416 reward_error: 52.379
INFO : 2021-01-24 09:48:57,735 : state_square_error: 66.009 reward_error: 48.294
INFO : 2021-01-24 09:51:41,994 : state_square_error: 62.936 reward_error: 40.292
INFO : 2021-01-24 09:54:26,336 : state_square_error: 45.798 reward_error: 41.486
INFO : 2021-01-24 09:57:10,403 : state_square_error: 137.390 reward_error: 59.756
INFO : 2021-01-24 09:59:54,689 : state_square_error: 64.708 reward_error: 42.212
INFO : 2021-01-24 10:02:38,944 : state_square_error: 41.004 reward_error: 46.082
INFO : 2021-01-24 10:05:22,960 : state_square_error: 56.665 reward_error: 42.086
INFO : 2021-01-24 10:08:05,308 : episode: 67 score: 942.1 100 games avg: 942.1 steps 1000 
INFO : 2021-01-24 10:08:28,106 : state_square_error: 63.578 reward_error: 9.800
INFO : 2021-01-24 10:11:12,497 : state_square_error: 24.178 reward_error: 39.456
INFO : 2021-01-24 10:13:56,747 : state_square_error: 55.942 reward_error: 50.395
INFO : 2021-01-24 10:16:41,122 : state_square_error: 64.156 reward_error: 49.451
INFO : 2021-01-24 10:19:25,537 : state_square_error: 148.660 reward_error: 49.660
INFO : 2021-01-24 10:22:09,906 : state_square_error: 128.576 reward_error: 37.813
INFO : 2021-01-24 10:24:54,232 : state_square_error: 130.790 reward_error: 38.480
INFO : 2021-01-24 10:27:38,706 : state_square_error: 101.462 reward_error: 35.144
INFO : 2021-01-24 10:30:22,964 : state_square_error: 41.577 reward_error: 40.729
INFO : 2021-01-24 10:33:07,276 : state_square_error: 80.881 reward_error: 55.389
INFO : 2021-01-24 10:35:49,852 : episode: 68 score: 1003.8 100 games avg: 1003.8 steps 1000 
INFO : 2021-01-24 10:36:12,496 : state_square_error: 77.388 reward_error: 17.439
INFO : 2021-01-24 10:38:56,893 : state_square_error: 35.936 reward_error: 37.715
INFO : 2021-01-24 10:41:41,033 : state_square_error: 109.157 reward_error: 51.899
INFO : 2021-01-24 10:44:25,163 : state_square_error: 102.577 reward_error: 38.017
INFO : 2021-01-24 10:47:09,427 : state_square_error: 67.358 reward_error: 33.811
INFO : 2021-01-24 10:49:53,708 : state_square_error: 137.036 reward_error: 40.430
INFO : 2021-01-24 10:52:37,938 : state_square_error: 49.720 reward_error: 43.933
INFO : 2021-01-24 10:55:22,092 : state_square_error: 52.122 reward_error: 35.803
INFO : 2021-01-24 10:58:06,428 : state_square_error: 30.011 reward_error: 33.369
INFO : 2021-01-24 11:00:50,616 : state_square_error: 74.738 reward_error: 36.896
INFO : 2021-01-24 11:03:33,182 : episode: 69 score: 994.2 100 games avg: 994.2 steps 1000 
INFO : 2021-01-24 11:03:56,221 : state_square_error: 47.830 reward_error: 11.922
INFO : 2021-01-24 11:06:40,749 : state_square_error: 46.264 reward_error: 53.779
INFO : 2021-01-24 11:09:25,126 : state_square_error: 115.249 reward_error: 52.816
INFO : 2021-01-24 11:12:09,374 : state_square_error: 88.249 reward_error: 35.364
INFO : 2021-01-24 11:14:53,643 : state_square_error: 98.608 reward_error: 35.816
INFO : 2021-01-24 11:17:38,067 : state_square_error: 53.771 reward_error: 40.025
INFO : 2021-01-24 11:20:22,467 : state_square_error: 291.486 reward_error: 47.701
INFO : 2021-01-24 11:23:06,764 : state_square_error: 82.810 reward_error: 37.698
INFO : 2021-01-24 11:25:51,218 : state_square_error: 141.704 reward_error: 44.587
INFO : 2021-01-24 11:28:35,670 : state_square_error: 84.518 reward_error: 28.070
INFO : 2021-01-24 11:31:18,358 : episode: 70 score: 989.0 100 games avg: 989.0 steps 1000 
INFO : 2021-01-24 11:31:41,091 : state_square_error: 40.789 reward_error: 16.166
INFO : 2021-01-24 11:34:25,499 : state_square_error: 298.518 reward_error: 47.122
INFO : 2021-01-24 11:37:09,999 : state_square_error: 140.848 reward_error: 31.449
INFO : 2021-01-24 11:39:54,412 : state_square_error: 94.539 reward_error: 35.265
INFO : 2021-01-24 11:42:38,857 : state_square_error: 63.980 reward_error: 32.922
INFO : 2021-01-24 11:45:23,190 : state_square_error: 145.795 reward_error: 35.008
INFO : 2021-01-24 11:48:07,690 : state_square_error: 53.853 reward_error: 32.218
INFO : 2021-01-24 11:50:52,072 : state_square_error: 107.180 reward_error: 41.881
INFO : 2021-01-24 11:53:36,492 : state_square_error: 195.219 reward_error: 39.554
INFO : 2021-01-24 11:56:20,926 : state_square_error: 70.328 reward_error: 52.446
INFO : 2021-01-24 11:59:03,640 : episode: 71 score: 998.6 100 games avg: 998.6 steps 1000 
INFO : 2021-01-24 11:59:27,011 : state_square_error: 36.431 reward_error: 10.450
INFO : 2021-01-24 12:02:11,125 : state_square_error: 86.135 reward_error: 30.988
INFO : 2021-01-24 12:04:55,298 : state_square_error: 112.145 reward_error: 35.531
INFO : 2021-01-24 12:07:39,625 : state_square_error: 183.562 reward_error: 30.645
INFO : 2021-01-24 12:10:23,775 : state_square_error: 84.766 reward_error: 34.328
INFO : 2021-01-24 12:13:07,938 : state_square_error: 96.715 reward_error: 33.070
INFO : 2021-01-24 12:15:52,158 : state_square_error: 72.530 reward_error: 33.189
INFO : 2021-01-24 12:18:36,506 : state_square_error: 155.946 reward_error: 36.146
INFO : 2021-01-24 12:21:20,775 : state_square_error: 99.750 reward_error: 30.820
INFO : 2021-01-24 12:24:05,116 : state_square_error: 83.117 reward_error: 35.600
INFO : 2021-01-24 12:26:47,837 : episode: 72 score: 1056.3 100 games avg: 1056.3 steps 1000 
INFO : 2021-01-24 12:27:11,698 : state_square_error: 54.591 reward_error: 11.498
INFO : 2021-01-24 12:29:55,841 : state_square_error: 68.838 reward_error: 33.083
INFO : 2021-01-24 12:32:40,245 : state_square_error: 57.597 reward_error: 45.433
INFO : 2021-01-24 12:35:24,476 : state_square_error: 40.242 reward_error: 26.248
INFO : 2021-01-24 12:38:08,696 : state_square_error: 96.080 reward_error: 34.794
INFO : 2021-01-24 12:40:53,030 : state_square_error: 87.706 reward_error: 32.229
INFO : 2021-01-24 12:43:37,261 : state_square_error: 57.823 reward_error: 45.574
INFO : 2021-01-24 12:46:21,609 : state_square_error: 78.096 reward_error: 27.581
INFO : 2021-01-24 12:49:05,999 : state_square_error: 144.051 reward_error: 28.989
INFO : 2021-01-24 12:51:50,170 : state_square_error: 63.283 reward_error: 52.846
INFO : 2021-01-24 12:54:32,738 : episode: 73 score: 1006.7 100 games avg: 1006.7 steps 1000 
INFO : 2021-01-24 12:54:57,534 : state_square_error: 32.055 reward_error: 14.230
INFO : 2021-01-24 12:57:41,652 : state_square_error: 62.501 reward_error: 31.392
INFO : 2021-01-24 13:00:25,889 : state_square_error: 84.757 reward_error: 31.501
INFO : 2021-01-24 13:03:10,195 : state_square_error: 50.854 reward_error: 36.702
INFO : 2021-01-24 13:05:54,466 : state_square_error: 133.708 reward_error: 32.485
INFO : 2021-01-24 13:08:38,712 : state_square_error: 124.846 reward_error: 41.273
INFO : 2021-01-24 13:11:22,990 : state_square_error: 105.476 reward_error: 33.337
INFO : 2021-01-24 13:14:07,306 : state_square_error: 70.199 reward_error: 28.807
INFO : 2021-01-24 13:16:51,673 : state_square_error: 61.367 reward_error: 29.773
INFO : 2021-01-24 13:19:35,941 : state_square_error: 51.770 reward_error: 30.460
INFO : 2021-01-24 13:22:18,694 : episode: 74 score: 956.5 100 games avg: 956.5 steps 1000 
INFO : 2021-01-24 13:22:43,768 : state_square_error: 98.218 reward_error: 13.465
INFO : 2021-01-24 13:25:27,699 : state_square_error: 170.776 reward_error: 32.131
INFO : 2021-01-24 13:28:11,893 : state_square_error: 49.033 reward_error: 31.274
INFO : 2021-01-24 13:30:56,376 : state_square_error: 130.300 reward_error: 27.785
INFO : 2021-01-24 13:33:40,702 : state_square_error: 71.636 reward_error: 40.248
INFO : 2021-01-24 13:36:24,977 : state_square_error: 422.144 reward_error: 34.887
INFO : 2021-01-24 13:39:09,383 : state_square_error: 46.905 reward_error: 41.263
INFO : 2021-01-24 13:41:53,712 : state_square_error: 27.553 reward_error: 40.943
INFO : 2021-01-24 13:44:37,979 : state_square_error: 132.743 reward_error: 47.760
INFO : 2021-01-24 13:47:22,306 : state_square_error: 75.180 reward_error: 38.273
INFO : 2021-01-24 13:50:04,972 : episode: 75 score: 1032.7 100 games avg: 1032.7 steps 1000 
INFO : 2021-01-24 13:50:30,526 : state_square_error: 54.581 reward_error: 13.883
INFO : 2021-01-24 13:53:14,548 : state_square_error: 203.031 reward_error: 34.798
INFO : 2021-01-24 13:55:58,894 : state_square_error: 108.666 reward_error: 46.432
INFO : 2021-01-24 13:58:43,194 : state_square_error: 116.724 reward_error: 39.117
INFO : 2021-01-24 14:01:27,601 : state_square_error: 85.084 reward_error: 37.810
INFO : 2021-01-24 14:04:11,981 : state_square_error: 113.270 reward_error: 26.457
INFO : 2021-01-24 14:06:56,351 : state_square_error: 81.586 reward_error: 41.887
INFO : 2021-01-24 14:09:40,728 : state_square_error: 260.619 reward_error: 46.948
INFO : 2021-01-24 14:12:25,124 : state_square_error: 128.945 reward_error: 40.558
INFO : 2021-01-24 14:15:09,585 : state_square_error: 72.977 reward_error: 49.764
INFO : 2021-01-24 14:17:52,399 : episode: 76 score: 933.3 100 games avg: 933.3 steps 1000 
INFO : 2021-01-24 14:18:18,428 : state_square_error: 38.045 reward_error: 13.114
INFO : 2021-01-24 14:21:02,425 : state_square_error: 93.978 reward_error: 47.573
INFO : 2021-01-24 14:23:46,614 : state_square_error: 138.488 reward_error: 31.688
INFO : 2021-01-24 14:26:30,877 : state_square_error: 176.975 reward_error: 47.713
INFO : 2021-01-24 14:29:15,119 : state_square_error: 62.177 reward_error: 40.808
INFO : 2021-01-24 14:31:59,397 : state_square_error: 81.167 reward_error: 35.835
INFO : 2021-01-24 14:34:43,517 : state_square_error: 62.000 reward_error: 52.364
INFO : 2021-01-24 14:37:27,649 : state_square_error: 76.720 reward_error: 40.744
INFO : 2021-01-24 14:40:11,992 : state_square_error: 70.215 reward_error: 32.995
INFO : 2021-01-24 14:42:56,318 : state_square_error: 79.983 reward_error: 29.884
INFO : 2021-01-24 14:45:38,784 : episode: 77 score: 1014.6 100 games avg: 1014.6 steps 1000 
INFO : 2021-01-24 14:46:05,083 : state_square_error: 69.833 reward_error: 14.695
INFO : 2021-01-24 14:48:49,148 : state_square_error: 125.570 reward_error: 42.505
INFO : 2021-01-24 14:51:33,552 : state_square_error: 118.407 reward_error: 37.798
INFO : 2021-01-24 14:54:17,917 : state_square_error: 90.697 reward_error: 29.275
INFO : 2021-01-24 14:57:02,042 : state_square_error: 114.286 reward_error: 39.089
INFO : 2021-01-24 14:59:46,302 : state_square_error: 131.271 reward_error: 45.276
INFO : 2021-01-24 15:02:30,933 : state_square_error: 233.666 reward_error: 48.107
INFO : 2021-01-24 15:05:15,280 : state_square_error: 65.823 reward_error: 32.519
INFO : 2021-01-24 15:07:59,658 : state_square_error: 46.028 reward_error: 30.947
INFO : 2021-01-24 15:10:44,057 : state_square_error: 56.873 reward_error: 38.645
INFO : 2021-01-24 15:13:26,766 : episode: 78 score: 1045.4 100 games avg: 1045.4 steps 1000 
INFO : 2021-01-24 15:13:53,825 : state_square_error: 132.956 reward_error: 10.713
INFO : 2021-01-24 15:16:37,768 : state_square_error: 99.711 reward_error: 55.855
INFO : 2021-01-24 15:19:22,031 : state_square_error: 104.937 reward_error: 29.970
INFO : 2021-01-24 15:22:06,286 : state_square_error: 59.676 reward_error: 32.968
INFO : 2021-01-24 15:24:50,597 : state_square_error: 53.304 reward_error: 36.611
INFO : 2021-01-24 15:27:34,890 : state_square_error: 103.937 reward_error: 30.185
INFO : 2021-01-24 15:30:19,215 : state_square_error: 96.759 reward_error: 28.103
INFO : 2021-01-24 15:33:03,447 : state_square_error: 60.204 reward_error: 39.615
INFO : 2021-01-24 15:35:47,568 : state_square_error: 29.968 reward_error: 42.419
INFO : 2021-01-24 15:38:31,775 : state_square_error: 106.531 reward_error: 33.474
INFO : 2021-01-24 15:41:14,286 : episode: 79 score: 1047.0 100 games avg: 1047.0 steps 1000 
INFO : 2021-01-24 15:41:41,487 : state_square_error: 161.578 reward_error: 21.608
INFO : 2021-01-24 15:44:25,396 : state_square_error: 84.363 reward_error: 32.022
INFO : 2021-01-24 15:47:09,649 : state_square_error: 76.176 reward_error: 29.050
INFO : 2021-01-24 15:49:53,848 : state_square_error: 71.663 reward_error: 52.139
INFO : 2021-01-24 15:52:38,026 : state_square_error: 70.268 reward_error: 38.285
INFO : 2021-01-24 15:55:22,231 : state_square_error: 94.028 reward_error: 37.337
INFO : 2021-01-24 15:58:06,399 : state_square_error: 75.701 reward_error: 41.032
INFO : 2021-01-24 16:00:50,676 : state_square_error: 164.713 reward_error: 51.172
INFO : 2021-01-24 16:03:34,893 : state_square_error: 61.805 reward_error: 34.144
INFO : 2021-01-24 16:06:19,179 : state_square_error: 71.433 reward_error: 45.661
INFO : 2021-01-24 16:09:01,706 : episode: 80 score: 975.5 100 games avg: 975.5 steps 1000 
INFO : 2021-01-24 16:09:28,892 : state_square_error: 97.749 reward_error: 22.174
INFO : 2021-01-24 16:12:12,767 : state_square_error: 78.418 reward_error: 38.654
INFO : 2021-01-24 16:14:57,146 : state_square_error: 81.993 reward_error: 31.353
INFO : 2021-01-24 16:17:41,514 : state_square_error: 117.142 reward_error: 34.446
INFO : 2021-01-24 16:20:25,844 : state_square_error: 77.017 reward_error: 32.901
INFO : 2021-01-24 16:23:10,169 : state_square_error: 143.198 reward_error: 36.285
INFO : 2021-01-24 16:25:54,365 : state_square_error: 68.152 reward_error: 34.907
INFO : 2021-01-24 16:28:38,727 : state_square_error: 145.046 reward_error: 44.871
INFO : 2021-01-24 16:31:23,052 : state_square_error: 126.585 reward_error: 29.188
INFO : 2021-01-24 16:34:07,449 : state_square_error: 175.327 reward_error: 62.245
INFO : 2021-01-24 16:36:50,051 : episode: 81 score: 1061.1 100 games avg: 1061.1 steps 1000 
INFO : 2021-01-24 16:37:17,698 : state_square_error: 39.459 reward_error: 22.850
INFO : 2021-01-24 16:40:01,767 : state_square_error: 145.205 reward_error: 43.720
INFO : 2021-01-24 16:42:46,068 : state_square_error: 124.555 reward_error: 41.720
INFO : 2021-01-24 16:45:30,240 : state_square_error: 89.238 reward_error: 54.035
INFO : 2021-01-24 16:48:14,551 : state_square_error: 43.819 reward_error: 46.983
INFO : 2021-01-24 16:50:58,761 : state_square_error: 137.135 reward_error: 52.240
INFO : 2021-01-24 16:53:43,021 : state_square_error: 82.646 reward_error: 50.067
INFO : 2021-01-24 16:56:27,068 : state_square_error: 55.379 reward_error: 44.276
INFO : 2021-01-24 16:59:11,473 : state_square_error: 97.587 reward_error: 36.023
INFO : 2021-01-24 17:01:55,677 : state_square_error: 31.015 reward_error: 42.346
INFO : 2021-01-24 17:04:38,091 : episode: 82 score: 1007.1 100 games avg: 1007.1 steps 1000 
INFO : 2021-01-24 17:05:05,961 : state_square_error: 78.673 reward_error: 14.829
