INFO : 2021-01-10 19:56:08,071 : method: Model Predictive Contorol
INFO : 2021-01-10 19:56:08,072 : parameter n_steps: 200 ensemble_size: 5 env: Continuous_CartPole
INFO : 2021-01-10 19:56:10,709 : mpc horizon: 20 mpc_samples: 200 elite_sample: 50 grad_steps: 10
INFO : 2021-01-10 19:56:10,709 : mpc_function cem
INFO : 2021-01-10 19:56:10,709 : cem
INFO : 2021-01-10 19:57:16,563 : episode: 0 score: 40.0 100 games avg: 40.0 steps 40 
INFO : 2021-01-10 19:57:26,567 : episode: 1 score: 6.0 100 games avg: 6.0 steps 6 
INFO : 2021-01-10 19:57:38,172 : episode: 2 score: 7.0 100 games avg: 7.0 steps 7 
INFO : 2021-01-10 19:57:48,106 : episode: 3 score: 6.0 100 games avg: 6.0 steps 6 
INFO : 2021-01-10 19:57:59,705 : episode: 4 score: 7.0 100 games avg: 7.0 steps 7 
INFO : 2021-01-10 19:58:11,287 : episode: 5 score: 7.0 100 games avg: 7.0 steps 7 
INFO : 2021-01-10 19:58:22,913 : episode: 6 score: 7.0 100 games avg: 7.0 steps 7 
INFO : 2021-01-10 19:58:36,251 : episode: 7 score: 8.0 100 games avg: 8.0 steps 8 
INFO : 2021-01-10 19:58:47,852 : episode: 8 score: 7.0 100 games avg: 7.0 steps 7 
INFO : 2021-01-10 19:58:59,455 : episode: 9 score: 7.0 100 games avg: 7.0 steps 7 
INFO : 2021-01-10 19:59:11,115 : episode: 10 score: 7.0 100 games avg: 7.0 steps 7 
INFO : 2021-01-10 19:59:52,567 : episode: 11 score: 25.0 100 games avg: 25.0 steps 25 
INFO : 2021-01-10 20:00:05,865 : episode: 12 score: 8.0 100 games avg: 8.0 steps 8 
INFO : 2021-01-10 20:00:17,498 : episode: 13 score: 7.0 100 games avg: 7.0 steps 7 
INFO : 2021-01-10 20:00:27,484 : episode: 14 score: 6.0 100 games avg: 6.0 steps 6 
INFO : 2021-01-10 20:00:37,480 : episode: 15 score: 6.0 100 games avg: 6.0 steps 6 
INFO : 2021-01-10 20:00:47,446 : episode: 16 score: 6.0 100 games avg: 6.0 steps 6 
INFO : 2021-01-10 20:01:13,963 : episode: 17 score: 16.0 100 games avg: 16.0 steps 16 
INFO : 2021-01-10 20:01:50,400 : episode: 18 score: 22.0 100 games avg: 22.0 steps 22 
INFO : 2021-01-10 20:02:16,918 : episode: 19 score: 16.0 100 games avg: 16.0 steps 16 
INFO : 2021-01-10 20:03:51,159 : episode: 20 score: 57.0 100 games avg: 57.0 steps 57 
INFO : 2021-01-10 20:05:27,002 : episode: 21 score: 58.0 100 games avg: 58.0 steps 58 
INFO : 2021-01-10 20:05:56,768 : episode: 22 score: 18.0 100 games avg: 18.0 steps 18 
INFO : 2021-01-10 20:06:24,905 : episode: 23 score: 17.0 100 games avg: 17.0 steps 17 
INFO : 2021-01-10 20:06:41,472 : episode: 24 score: 10.0 100 games avg: 10.0 steps 10 
INFO : 2021-01-10 20:06:53,102 : episode: 25 score: 7.0 100 games avg: 7.0 steps 7 
INFO : 2021-01-10 20:08:53,522 : episode: 26 score: 73.0 100 games avg: 73.0 steps 73 
INFO : 2021-01-10 20:10:17,716 : episode: 27 score: 51.0 100 games avg: 51.0 steps 51 
INFO : 2021-01-10 20:10:37,660 : episode: 28 score: 12.0 100 games avg: 12.0 steps 12 
INFO : 2021-01-10 20:10:49,365 : episode: 29 score: 7.0 100 games avg: 7.0 steps 7 
INFO : 2021-01-10 20:11:01,081 : episode: 30 score: 7.0 100 games avg: 7.0 steps 7 
INFO : 2021-01-10 20:11:11,167 : episode: 31 score: 6.0 100 games avg: 6.0 steps 6 
INFO : 2021-01-10 20:11:21,230 : episode: 32 score: 6.0 100 games avg: 6.0 steps 6 
INFO : 2021-01-10 20:11:32,908 : episode: 33 score: 7.0 100 games avg: 7.0 steps 7 
INFO : 2021-01-10 20:11:42,959 : episode: 34 score: 6.0 100 games avg: 6.0 steps 6 
INFO : 2021-01-10 20:11:53,019 : episode: 35 score: 6.0 100 games avg: 6.0 steps 6 
INFO : 2021-01-10 20:12:55,843 : episode: 36 score: 38.0 100 games avg: 38.0 steps 38 
INFO : 2021-01-10 20:13:20,694 : episode: 37 score: 15.0 100 games avg: 15.0 steps 15 
INFO : 2021-01-10 20:13:43,976 : episode: 38 score: 14.0 100 games avg: 14.0 steps 14 
INFO : 2021-01-10 20:14:13,739 : episode: 39 score: 18.0 100 games avg: 18.0 steps 18 
INFO : 2021-01-10 20:15:54,446 : episode: 40 score: 61.0 100 games avg: 61.0 steps 61 
INFO : 2021-01-10 20:16:55,582 : episode: 41 score: 37.0 100 games avg: 37.0 steps 37 
INFO : 2021-01-10 20:17:38,633 : episode: 42 score: 26.0 100 games avg: 26.0 steps 26 
INFO : 2021-01-10 20:18:34,963 : episode: 43 score: 34.0 100 games avg: 34.0 steps 34 
INFO : 2021-01-10 20:19:14,785 : episode: 44 score: 24.0 100 games avg: 24.0 steps 24 
INFO : 2021-01-10 20:19:44,527 : episode: 45 score: 18.0 100 games avg: 18.0 steps 18 
INFO : 2021-01-10 20:21:47,843 : episode: 46 score: 75.0 100 games avg: 75.0 steps 75 
INFO : 2021-01-10 20:22:20,998 : episode: 47 score: 20.0 100 games avg: 20.0 steps 20 
INFO : 2021-01-10 20:22:58,929 : episode: 48 score: 23.0 100 games avg: 23.0 steps 23 
INFO : 2021-01-10 20:24:42,992 : episode: 49 score: 63.0 100 games avg: 63.0 steps 63 
INFO : 2021-01-10 20:28:21,197 : episode: 50 score: 132.0 100 games avg: 132.0 steps 132 
INFO : 2021-01-10 20:28:31,281 : episode: 51 score: 6.0 100 games avg: 6.0 steps 6 
INFO : 2021-01-10 20:29:22,252 : episode: 52 score: 31.0 100 games avg: 31.0 steps 31 
INFO : 2021-01-10 20:30:23,661 : episode: 53 score: 37.0 100 games avg: 37.0 steps 37 
INFO : 2021-01-10 20:31:05,252 : episode: 54 score: 25.0 100 games avg: 25.0 steps 25 
INFO : 2021-01-10 20:31:38,614 : episode: 55 score: 20.0 100 games avg: 20.0 steps 20 
INFO : 2021-01-10 20:32:26,902 : episode: 56 score: 29.0 100 games avg: 29.0 steps 29 
INFO : 2021-01-10 20:34:21,198 : episode: 57 score: 69.0 100 games avg: 69.0 steps 69 
INFO : 2021-01-10 20:35:12,718 : episode: 58 score: 31.0 100 games avg: 31.0 steps 31 
INFO : 2021-01-10 20:36:32,353 : episode: 59 score: 48.0 100 games avg: 48.0 steps 48 
INFO : 2021-01-10 20:37:30,557 : episode: 60 score: 35.0 100 games avg: 35.0 steps 35 
INFO : 2021-01-10 20:38:13,896 : episode: 61 score: 26.0 100 games avg: 26.0 steps 26 
INFO : 2021-01-10 20:38:44,033 : episode: 62 score: 18.0 100 games avg: 18.0 steps 18 
INFO : 2021-01-10 20:39:33,880 : episode: 63 score: 30.0 100 games avg: 30.0 steps 30 
INFO : 2021-01-10 20:39:54,196 : episode: 64 score: 12.0 100 games avg: 12.0 steps 12 
INFO : 2021-01-10 20:40:22,629 : episode: 65 score: 17.0 100 games avg: 17.0 steps 17 
INFO : 2021-01-10 20:40:56,001 : episode: 66 score: 20.0 100 games avg: 20.0 steps 20 
INFO : 2021-01-10 20:41:32,474 : episode: 67 score: 22.0 100 games avg: 22.0 steps 22 
INFO : 2021-01-10 20:41:54,176 : episode: 68 score: 13.0 100 games avg: 13.0 steps 13 
INFO : 2021-01-10 20:42:24,253 : episode: 69 score: 18.0 100 games avg: 18.0 steps 18 
INFO : 2021-01-10 20:42:52,861 : episode: 70 score: 17.0 100 games avg: 17.0 steps 17 
INFO : 2021-01-10 20:43:21,191 : episode: 71 score: 17.0 100 games avg: 17.0 steps 17 
INFO : 2021-01-10 20:43:34,870 : episode: 72 score: 8.0 100 games avg: 8.0 steps 8 
INFO : 2021-01-10 20:43:56,697 : episode: 73 score: 13.0 100 games avg: 13.0 steps 13 
INFO : 2021-01-10 20:44:10,309 : episode: 74 score: 8.0 100 games avg: 8.0 steps 8 
INFO : 2021-01-10 20:44:53,425 : episode: 75 score: 26.0 100 games avg: 26.0 steps 26 
INFO : 2021-01-10 20:45:13,636 : episode: 76 score: 12.0 100 games avg: 12.0 steps 12 
INFO : 2021-01-10 20:45:30,591 : episode: 77 score: 10.0 100 games avg: 10.0 steps 10 
INFO : 2021-01-10 20:45:49,137 : episode: 78 score: 11.0 100 games avg: 11.0 steps 11 
INFO : 2021-01-10 20:46:11,084 : episode: 79 score: 13.0 100 games avg: 13.0 steps 13 
INFO : 2021-01-10 20:46:32,689 : episode: 80 score: 13.0 100 games avg: 13.0 steps 13 
INFO : 2021-01-10 20:47:01,146 : episode: 81 score: 17.0 100 games avg: 17.0 steps 17 
INFO : 2021-01-10 20:47:18,288 : episode: 82 score: 10.0 100 games avg: 10.0 steps 10 
INFO : 2021-01-10 20:47:32,119 : episode: 83 score: 8.0 100 games avg: 8.0 steps 8 
INFO : 2021-01-10 20:47:57,325 : episode: 84 score: 15.0 100 games avg: 15.0 steps 15 
INFO : 2021-01-10 20:48:24,298 : episode: 85 score: 16.0 100 games avg: 16.0 steps 16 
INFO : 2021-01-10 20:48:38,239 : episode: 86 score: 8.0 100 games avg: 8.0 steps 8 
INFO : 2021-01-10 20:48:53,757 : episode: 87 score: 9.0 100 games avg: 9.0 steps 9 
INFO : 2021-01-10 20:49:09,250 : episode: 88 score: 9.0 100 games avg: 9.0 steps 9 
INFO : 2021-01-10 20:49:27,897 : episode: 89 score: 11.0 100 games avg: 11.0 steps 11 
INFO : 2021-01-10 20:49:43,348 : episode: 90 score: 9.0 100 games avg: 9.0 steps 9 
INFO : 2021-01-10 20:50:00,490 : episode: 91 score: 10.0 100 games avg: 10.0 steps 10 
INFO : 2021-01-10 20:50:15,951 : episode: 92 score: 9.0 100 games avg: 9.0 steps 9 
INFO : 2021-01-10 20:50:33,084 : episode: 93 score: 10.0 100 games avg: 10.0 steps 10 
INFO : 2021-01-10 20:50:46,901 : episode: 94 score: 8.0 100 games avg: 8.0 steps 8 
INFO : 2021-01-10 20:51:02,309 : episode: 95 score: 9.0 100 games avg: 9.0 steps 9 
INFO : 2021-01-10 20:51:17,719 : episode: 96 score: 9.0 100 games avg: 9.0 steps 9 
INFO : 2021-01-10 20:51:32,883 : episode: 97 score: 9.0 100 games avg: 9.0 steps 9 
INFO : 2021-01-10 20:51:46,241 : episode: 98 score: 8.0 100 games avg: 8.0 steps 8 
INFO : 2021-01-10 20:52:01,207 : episode: 99 score: 9.0 100 games avg: 9.0 steps 9 
INFO : 2021-01-10 20:52:14,688 : episode: 100 score: 8.0 100 games avg: 8.0 steps 8 
INFO : 2021-01-10 20:52:41,247 : episode: 101 score: 16.0 100 games avg: 16.0 steps 16 
INFO : 2021-01-10 20:53:04,777 : episode: 102 score: 14.0 100 games avg: 14.0 steps 14 
INFO : 2021-01-10 20:54:11,325 : episode: 103 score: 40.0 100 games avg: 40.0 steps 40 
INFO : 2021-01-10 20:54:56,368 : episode: 104 score: 27.0 100 games avg: 27.0 steps 27 
INFO : 2021-01-10 20:55:39,940 : episode: 105 score: 26.0 100 games avg: 26.0 steps 26 
INFO : 2021-01-10 20:56:11,962 : episode: 106 score: 19.0 100 games avg: 19.0 steps 19 
INFO : 2021-01-10 20:56:30,756 : episode: 107 score: 11.0 100 games avg: 11.0 steps 11 
INFO : 2021-01-10 20:57:09,302 : episode: 108 score: 23.0 100 games avg: 23.0 steps 23 
INFO : 2021-01-10 20:57:36,328 : episode: 109 score: 16.0 100 games avg: 16.0 steps 16 
INFO : 2021-01-10 20:58:10,009 : episode: 110 score: 20.0 100 games avg: 20.0 steps 20 
INFO : 2021-01-10 20:58:43,650 : episode: 111 score: 20.0 100 games avg: 20.0 steps 20 
INFO : 2021-01-10 20:59:55,122 : episode: 112 score: 43.0 100 games avg: 43.0 steps 43 
INFO : 2021-01-10 21:00:50,195 : episode: 113 score: 33.0 100 games avg: 33.0 steps 33 
INFO : 2021-01-10 21:01:53,897 : episode: 114 score: 38.0 100 games avg: 38.0 steps 38 
INFO : 2021-01-10 21:02:44,334 : episode: 115 score: 30.0 100 games avg: 30.0 steps 30 
INFO : 2021-01-10 21:03:34,714 : episode: 116 score: 30.0 100 games avg: 30.0 steps 30 
INFO : 2021-01-10 21:04:01,872 : episode: 117 score: 16.0 100 games avg: 16.0 steps 16 
INFO : 2021-01-10 21:04:35,486 : episode: 118 score: 20.0 100 games avg: 20.0 steps 20 
INFO : 2021-01-10 21:05:04,270 : episode: 119 score: 17.0 100 games avg: 17.0 steps 17 
INFO : 2021-01-10 21:06:11,045 : episode: 120 score: 40.0 100 games avg: 40.0 steps 40 
INFO : 2021-01-10 21:06:44,781 : episode: 121 score: 20.0 100 games avg: 20.0 steps 20 
INFO : 2021-01-10 21:06:58,752 : episode: 122 score: 8.0 100 games avg: 8.0 steps 8 
INFO : 2021-01-10 21:07:20,808 : episode: 123 score: 13.0 100 games avg: 13.0 steps 13 
INFO : 2021-01-10 21:07:43,025 : episode: 124 score: 13.0 100 games avg: 13.0 steps 13 
INFO : 2021-01-10 21:09:04,515 : episode: 125 score: 49.0 100 games avg: 49.0 steps 49 
INFO : 2021-01-10 21:09:48,458 : episode: 126 score: 26.0 100 games avg: 26.0 steps 26 
INFO : 2021-01-10 21:10:30,685 : episode: 127 score: 25.0 100 games avg: 25.0 steps 25 
INFO : 2021-01-10 21:11:20,926 : episode: 128 score: 30.0 100 games avg: 30.0 steps 30 
INFO : 2021-01-10 21:12:09,489 : episode: 129 score: 29.0 100 games avg: 29.0 steps 29 
INFO : 2021-01-10 21:12:38,322 : episode: 130 score: 17.0 100 games avg: 17.0 steps 17 
INFO : 2021-01-10 21:13:40,052 : episode: 131 score: 37.0 100 games avg: 37.0 steps 37 
INFO : 2021-01-10 21:14:26,972 : episode: 132 score: 28.0 100 games avg: 28.0 steps 28 
INFO : 2021-01-10 21:15:04,090 : episode: 133 score: 22.0 100 games avg: 22.0 steps 22 
INFO : 2021-01-10 21:15:46,181 : episode: 134 score: 25.0 100 games avg: 25.0 steps 25 
INFO : 2021-01-10 21:16:43,108 : episode: 135 score: 34.0 100 games avg: 34.0 steps 34 
INFO : 2021-01-10 21:18:03,228 : episode: 136 score: 48.0 100 games avg: 48.0 steps 48 
INFO : 2021-01-10 21:18:43,730 : episode: 137 score: 24.0 100 games avg: 24.0 steps 24 
INFO : 2021-01-10 21:21:18,018 : episode: 138 score: 93.0 100 games avg: 93.0 steps 93 
INFO : 2021-01-10 21:21:53,646 : episode: 139 score: 21.0 100 games avg: 21.0 steps 21 
INFO : 2021-01-10 21:22:35,952 : episode: 140 score: 25.0 100 games avg: 25.0 steps 25 
INFO : 2021-01-10 21:23:03,375 : episode: 141 score: 16.0 100 games avg: 16.0 steps 16 
INFO : 2021-01-10 21:23:33,987 : episode: 142 score: 18.0 100 games avg: 18.0 steps 18 
INFO : 2021-01-10 21:23:59,787 : episode: 143 score: 15.0 100 games avg: 15.0 steps 15 
INFO : 2021-01-10 21:25:01,396 : episode: 144 score: 37.0 100 games avg: 37.0 steps 37 
INFO : 2021-01-10 21:25:27,083 : episode: 145 score: 15.0 100 games avg: 15.0 steps 15 
INFO : 2021-01-10 21:26:07,532 : episode: 146 score: 24.0 100 games avg: 24.0 steps 24 
INFO : 2021-01-10 21:26:52,904 : episode: 147 score: 27.0 100 games avg: 27.0 steps 27 
INFO : 2021-01-10 21:27:25,005 : episode: 148 score: 19.0 100 games avg: 19.0 steps 19 
INFO : 2021-01-10 21:27:58,944 : episode: 149 score: 20.0 100 games avg: 20.0 steps 20 
INFO : 2021-01-10 21:28:21,360 : episode: 150 score: 13.0 100 games avg: 13.0 steps 13 
INFO : 2021-01-10 21:28:53,688 : episode: 151 score: 19.0 100 games avg: 19.0 steps 19 
INFO : 2021-01-10 21:29:14,561 : episode: 152 score: 12.0 100 games avg: 12.0 steps 12 
INFO : 2021-01-10 21:29:43,383 : episode: 153 score: 17.0 100 games avg: 17.0 steps 17 
INFO : 2021-01-10 21:30:02,377 : episode: 154 score: 11.0 100 games avg: 11.0 steps 11 
INFO : 2021-01-10 21:30:29,517 : episode: 155 score: 16.0 100 games avg: 16.0 steps 16 
INFO : 2021-01-10 21:30:52,081 : episode: 156 score: 13.0 100 games avg: 13.0 steps 13 
INFO : 2021-01-10 21:32:10,584 : episode: 157 score: 47.0 100 games avg: 47.0 steps 47 
INFO : 2021-01-10 21:32:44,600 : episode: 158 score: 20.0 100 games avg: 20.0 steps 20 
INFO : 2021-01-10 21:33:16,949 : episode: 159 score: 19.0 100 games avg: 19.0 steps 19 
INFO : 2021-01-10 21:34:35,831 : episode: 160 score: 47.0 100 games avg: 47.0 steps 47 
INFO : 2021-01-10 21:34:56,728 : episode: 161 score: 12.0 100 games avg: 12.0 steps 12 
INFO : 2021-01-10 21:35:44,245 : episode: 162 score: 28.0 100 games avg: 28.0 steps 28 
INFO : 2021-01-10 21:36:01,269 : episode: 163 score: 10.0 100 games avg: 10.0 steps 10 
INFO : 2021-01-10 21:37:15,884 : episode: 164 score: 45.0 100 games avg: 45.0 steps 45 
INFO : 2021-01-10 21:37:56,109 : episode: 165 score: 24.0 100 games avg: 24.0 steps 24 
INFO : 2021-01-10 21:38:23,660 : episode: 166 score: 16.0 100 games avg: 16.0 steps 16 
INFO : 2021-01-10 21:38:52,377 : episode: 167 score: 17.0 100 games avg: 17.0 steps 17 
INFO : 2021-01-10 21:39:09,896 : episode: 168 score: 10.0 100 games avg: 10.0 steps 10 
INFO : 2021-01-10 21:39:43,787 : episode: 169 score: 20.0 100 games avg: 20.0 steps 20 
INFO : 2021-01-10 21:41:09,927 : episode: 170 score: 52.0 100 games avg: 52.0 steps 52 
INFO : 2021-01-10 21:41:25,980 : episode: 171 score: 9.0 100 games avg: 9.0 steps 9 
INFO : 2021-01-10 21:42:04,946 : episode: 172 score: 23.0 100 games avg: 23.0 steps 23 
INFO : 2021-01-10 21:42:32,440 : episode: 173 score: 16.0 100 games avg: 16.0 steps 16 
INFO : 2021-01-10 21:43:13,086 : episode: 174 score: 24.0 100 games avg: 24.0 steps 24 
INFO : 2021-01-10 21:43:42,100 : episode: 175 score: 17.0 100 games avg: 17.0 steps 17 
INFO : 2021-01-10 21:44:21,227 : episode: 176 score: 23.0 100 games avg: 23.0 steps 23 
INFO : 2021-01-10 21:44:46,702 : episode: 177 score: 15.0 100 games avg: 15.0 steps 15 
INFO : 2021-01-10 21:45:02,966 : episode: 178 score: 9.0 100 games avg: 9.0 steps 9 
INFO : 2021-01-10 21:45:25,758 : episode: 179 score: 13.0 100 games avg: 13.0 steps 13 
INFO : 2021-01-10 21:45:53,450 : episode: 180 score: 16.0 100 games avg: 16.0 steps 16 
INFO : 2021-01-10 21:46:16,258 : episode: 181 score: 13.0 100 games avg: 13.0 steps 13 
INFO : 2021-01-10 21:47:03,404 : episode: 182 score: 28.0 100 games avg: 28.0 steps 28 
INFO : 2021-01-10 21:48:36,658 : episode: 183 score: 56.0 100 games avg: 56.0 steps 56 
INFO : 2021-01-10 21:49:12,576 : episode: 184 score: 21.0 100 games avg: 21.0 steps 21 
INFO : 2021-01-10 21:50:03,402 : episode: 185 score: 30.0 100 games avg: 30.0 steps 30 
INFO : 2021-01-10 21:51:15,620 : episode: 186 score: 43.0 100 games avg: 43.0 steps 43 
INFO : 2021-01-10 21:51:56,560 : episode: 187 score: 24.0 100 games avg: 24.0 steps 24 
INFO : 2021-01-10 21:52:37,516 : episode: 188 score: 24.0 100 games avg: 24.0 steps 24 
INFO : 2021-01-10 21:53:49,781 : episode: 189 score: 43.0 100 games avg: 43.0 steps 43 
INFO : 2021-01-10 21:54:20,858 : episode: 190 score: 18.0 100 games avg: 18.0 steps 18 
INFO : 2021-01-10 21:54:43,652 : episode: 191 score: 13.0 100 games avg: 13.0 steps 13 
INFO : 2021-01-10 21:55:27,681 : episode: 192 score: 26.0 100 games avg: 26.0 steps 26 
INFO : 2021-01-10 21:56:03,742 : episode: 193 score: 21.0 100 games avg: 21.0 steps 21 
INFO : 2021-01-10 21:57:42,407 : episode: 194 score: 59.0 100 games avg: 59.0 steps 59 
INFO : 2021-01-10 21:58:05,374 : episode: 195 score: 13.0 100 games avg: 13.0 steps 13 
INFO : 2021-01-10 21:58:29,759 : episode: 196 score: 14.0 100 games avg: 14.0 steps 14 
INFO : 2021-01-10 21:58:47,652 : episode: 197 score: 10.0 100 games avg: 10.0 steps 10 
INFO : 2021-01-10 22:00:00,319 : episode: 198 score: 43.0 100 games avg: 43.0 steps 43 
INFO : 2021-01-10 22:00:23,198 : episode: 199 score: 13.0 100 games avg: 13.0 steps 13 
