INFO : 2021-02-02 00:32:58,261 : method: Model Predictive Contorol
INFO : 2021-02-02 00:32:58,262 : parameter n_steps: 200 ensemble_size: 5 env: Ant-v2
INFO : 2021-02-02 00:33:01,749 : mpc horizon: 5 mpc_samples: 100 elite_sample: 30 grad_steps: 10
INFO : 2021-02-02 00:33:01,750 : mpc_function policy-kl4
INFO : 2021-02-02 00:33:01,750 : policy-kl4
INFO : 2021-02-02 00:34:43,483 : episode: 0 score: 293.4 100 games avg: 293.4 steps 362 
INFO : 2021-02-02 00:34:50,268 : episode: 1 score: -23.8 100 games avg: -23.8 steps 21 
INFO : 2021-02-02 00:35:54,068 : episode: 2 score: -167.2 100 games avg: -167.2 steps 219 
INFO : 2021-02-02 00:36:09,842 : episode: 3 score: -44.0 100 games avg: -44.0 steps 55 
INFO : 2021-02-02 00:36:21,348 : episode: 4 score: -19.8 100 games avg: -19.8 steps 41 
INFO : 2021-02-02 00:36:31,814 : episode: 5 score: -2.5 100 games avg: -2.5 steps 36 
INFO : 2021-02-02 00:37:20,539 : episode: 6 score: -47.7 100 games avg: -47.7 steps 163 
INFO : 2021-02-02 00:42:20,515 : episode: 7 score: -100.1 100 games avg: -100.1 steps 1000 
INFO : 2021-02-02 00:47:23,365 : episode: 8 score: 106.1 100 games avg: 106.1 steps 1000 
INFO : 2021-02-02 00:52:22,379 : episode: 9 score: 316.4 100 games avg: 316.4 steps 1000 
INFO : 2021-02-02 00:55:07,197 : episode: 10 score: 220.7 100 games avg: 220.7 steps 515 
INFO : 2021-02-02 00:56:15,617 : episode: 11 score: 126.3 100 games avg: 126.3 steps 221 
INFO : 2021-02-02 01:01:22,320 : episode: 12 score: 346.8 100 games avg: 346.8 steps 1000 
INFO : 2021-02-02 01:05:11,543 : episode: 13 score: 383.6 100 games avg: 383.6 steps 742 
INFO : 2021-02-02 01:10:26,089 : episode: 14 score: 468.7 100 games avg: 468.7 steps 1000 
INFO : 2021-02-02 01:15:34,199 : episode: 15 score: 528.7 100 games avg: 528.7 steps 1000 
INFO : 2021-02-02 01:20:49,865 : episode: 16 score: 451.8 100 games avg: 451.8 steps 1000 
INFO : 2021-02-02 01:22:59,544 : episode: 17 score: 136.5 100 games avg: 136.5 steps 415 
INFO : 2021-02-02 01:28:06,251 : episode: 18 score: 437.0 100 games avg: 437.0 steps 1000 
INFO : 2021-02-02 01:33:19,890 : episode: 19 score: 515.8 100 games avg: 515.8 steps 1000 
INFO : 2021-02-02 01:38:31,874 : episode: 20 score: 543.3 100 games avg: 543.3 steps 1000 
INFO : 2021-02-02 01:41:44,356 : episode: 21 score: 326.0 100 games avg: 326.0 steps 582 
INFO : 2021-02-02 01:47:04,038 : episode: 22 score: 484.9 100 games avg: 484.9 steps 1000 
INFO : 2021-02-02 01:52:26,334 : episode: 23 score: 509.3 100 games avg: 509.3 steps 1000 
