INFO : 2021-01-29 23:09:14,323 : method: Model Predictive Contorol
INFO : 2021-01-29 23:09:14,324 : parameter n_steps: 200 ensemble_size: 5 env: Hopper-v2
INFO : 2021-01-29 23:09:16,989 : mpc horizon: 5 mpc_samples: 100 elite_sample: 30 grad_steps: 10
INFO : 2021-01-29 23:09:16,990 : mpc_function policy-kl3
INFO : 2021-01-29 23:09:16,990 : polic-kl3
INFO : 2021-01-29 23:09:20,029 : episode: 0 score: 17.1 100 games avg: 17.1 steps 18 
INFO : 2021-01-29 23:09:23,177 : episode: 1 score: 16.2 100 games avg: 16.2 steps 18 
INFO : 2021-01-29 23:09:26,298 : episode: 2 score: 16.4 100 games avg: 16.4 steps 18 
INFO : 2021-01-29 23:09:29,252 : episode: 3 score: 15.4 100 games avg: 15.4 steps 17 
INFO : 2021-01-29 23:09:32,369 : episode: 4 score: 16.8 100 games avg: 16.8 steps 18 
INFO : 2021-01-29 23:09:35,500 : episode: 5 score: 16.4 100 games avg: 16.4 steps 18 
INFO : 2021-01-29 23:09:38,629 : episode: 6 score: 16.3 100 games avg: 16.3 steps 18 
INFO : 2021-01-29 23:09:41,753 : episode: 7 score: 16.3 100 games avg: 16.3 steps 18 
INFO : 2021-01-29 23:09:44,868 : episode: 8 score: 16.4 100 games avg: 16.4 steps 18 
INFO : 2021-01-29 23:09:48,002 : episode: 9 score: 16.4 100 games avg: 16.4 steps 18 
INFO : 2021-01-29 23:09:51,127 : episode: 10 score: 16.4 100 games avg: 16.4 steps 18 
INFO : 2021-01-29 23:09:54,243 : episode: 11 score: 16.5 100 games avg: 16.5 steps 18 
INFO : 2021-01-29 23:09:57,363 : episode: 12 score: 16.1 100 games avg: 16.1 steps 18 
INFO : 2021-01-29 23:10:00,488 : episode: 13 score: 16.3 100 games avg: 16.3 steps 18 
INFO : 2021-01-29 23:10:04,283 : episode: 14 score: 18.0 100 games avg: 18.0 steps 20 
INFO : 2021-01-29 23:10:08,697 : episode: 15 score: 26.4 100 games avg: 26.4 steps 23 
INFO : 2021-01-29 23:10:11,624 : episode: 16 score: 15.8 100 games avg: 15.8 steps 15 
INFO : 2021-01-29 23:10:14,182 : episode: 17 score: 9.0 100 games avg: 9.0 steps 13 
INFO : 2021-01-29 23:10:21,060 : episode: 18 score: 59.8 100 games avg: 59.8 steps 36 
INFO : 2021-01-29 23:10:29,460 : episode: 19 score: 71.4 100 games avg: 71.4 steps 44 
INFO : 2021-01-29 23:10:47,068 : episode: 20 score: 114.3 100 games avg: 114.3 steps 93 
INFO : 2021-01-29 23:10:59,558 : episode: 21 score: 94.4 100 games avg: 94.4 steps 66 
INFO : 2021-01-29 23:11:09,029 : episode: 22 score: 76.6 100 games avg: 76.6 steps 49 
INFO : 2021-01-29 23:11:17,265 : episode: 23 score: 70.1 100 games avg: 70.1 steps 43 
INFO : 2021-01-29 23:11:24,998 : episode: 24 score: 65.0 100 games avg: 65.0 steps 40 
INFO : 2021-01-29 23:11:32,547 : episode: 25 score: 63.9 100 games avg: 63.9 steps 39 
INFO : 2021-01-29 23:11:39,129 : episode: 26 score: 55.9 100 games avg: 55.9 steps 34 
INFO : 2021-01-29 23:11:45,718 : episode: 27 score: 56.4 100 games avg: 56.4 steps 34 
INFO : 2021-01-29 23:11:52,815 : episode: 28 score: 58.3 100 games avg: 58.3 steps 36 
INFO : 2021-01-29 23:12:01,353 : episode: 29 score: 71.9 100 games avg: 71.9 steps 44 
INFO : 2021-01-29 23:12:10,137 : episode: 30 score: 73.0 100 games avg: 73.0 steps 45 
INFO : 2021-01-29 23:12:18,735 : episode: 31 score: 71.2 100 games avg: 71.2 steps 44 
INFO : 2021-01-29 23:12:27,334 : episode: 32 score: 71.2 100 games avg: 71.2 steps 44 
INFO : 2021-01-29 23:12:35,731 : episode: 33 score: 69.7 100 games avg: 69.7 steps 43 
INFO : 2021-01-29 23:12:44,216 : episode: 34 score: 69.4 100 games avg: 69.4 steps 43 
INFO : 2021-01-29 23:12:52,714 : episode: 35 score: 69.8 100 games avg: 69.8 steps 43 
INFO : 2021-01-29 23:13:03,065 : episode: 36 score: 91.7 100 games avg: 91.7 steps 53 
INFO : 2021-01-29 23:13:13,969 : episode: 37 score: 90.9 100 games avg: 90.9 steps 56 
INFO : 2021-01-29 23:13:24,890 : episode: 38 score: 90.0 100 games avg: 90.0 steps 56 
INFO : 2021-01-29 23:13:31,570 : episode: 39 score: 54.0 100 games avg: 54.0 steps 33 
INFO : 2021-01-29 23:13:39,788 : episode: 40 score: 66.9 100 games avg: 66.9 steps 41 
INFO : 2021-01-29 23:13:46,997 : episode: 41 score: 58.8 100 games avg: 58.8 steps 36 
INFO : 2021-01-29 23:13:53,506 : episode: 42 score: 53.1 100 games avg: 53.1 steps 32 
INFO : 2021-01-29 23:14:00,414 : episode: 43 score: 56.3 100 games avg: 56.3 steps 34 
INFO : 2021-01-29 23:14:07,495 : episode: 44 score: 57.6 100 games avg: 57.6 steps 35 
INFO : 2021-01-29 23:14:14,542 : episode: 45 score: 57.3 100 games avg: 57.3 steps 35 
INFO : 2021-01-29 23:14:22,088 : episode: 46 score: 58.5 100 games avg: 58.5 steps 37 
INFO : 2021-01-29 23:14:29,809 : episode: 47 score: 62.0 100 games avg: 62.0 steps 38 
INFO : 2021-01-29 23:14:39,584 : episode: 48 score: 82.1 100 games avg: 82.1 steps 49 
INFO : 2021-01-29 23:14:49,365 : episode: 49 score: 82.7 100 games avg: 82.7 steps 49 
INFO : 2021-01-29 23:15:03,158 : episode: 50 score: 124.9 100 games avg: 124.9 steps 70 
INFO : 2021-01-29 23:15:16,072 : episode: 51 score: 117.9 100 games avg: 117.9 steps 65 
INFO : 2021-01-29 23:15:33,659 : episode: 52 score: 177.1 100 games avg: 177.1 steps 90 
INFO : 2021-01-29 23:15:47,120 : episode: 53 score: 126.7 100 games avg: 126.7 steps 68 
INFO : 2021-01-29 23:15:56,664 : episode: 54 score: 83.9 100 games avg: 83.9 steps 47 
INFO : 2021-01-29 23:16:05,326 : episode: 55 score: 76.6 100 games avg: 76.6 steps 42 
INFO : 2021-01-29 23:16:14,575 : episode: 56 score: 82.1 100 games avg: 82.1 steps 45 
INFO : 2021-01-29 23:16:24,741 : episode: 57 score: 91.1 100 games avg: 91.1 steps 50 
INFO : 2021-01-29 23:16:35,683 : episode: 58 score: 97.7 100 games avg: 97.7 steps 54 
INFO : 2021-01-29 23:16:46,394 : episode: 59 score: 96.2 100 games avg: 96.2 steps 53 
INFO : 2021-01-29 23:16:55,567 : episode: 60 score: 79.3 100 games avg: 79.3 steps 44 
INFO : 2021-01-29 23:17:05,252 : episode: 61 score: 85.8 100 games avg: 85.8 steps 47 
INFO : 2021-01-29 23:17:16,998 : episode: 62 score: 104.9 100 games avg: 104.9 steps 58 
INFO : 2021-01-29 23:17:28,793 : episode: 63 score: 104.8 100 games avg: 104.8 steps 58 
INFO : 2021-01-29 23:17:43,352 : episode: 64 score: 134.7 100 games avg: 134.7 steps 73 
INFO : 2021-01-29 23:18:02,961 : episode: 65 score: 197.7 100 games avg: 197.7 steps 99 
INFO : 2021-01-29 23:18:13,905 : episode: 66 score: 92.2 100 games avg: 92.2 steps 53 
INFO : 2021-01-29 23:18:27,700 : episode: 67 score: 117.8 100 games avg: 117.8 steps 68 
INFO : 2021-01-29 23:18:46,075 : episode: 68 score: 190.4 100 games avg: 190.4 steps 92 
INFO : 2021-01-29 23:19:05,535 : episode: 69 score: 218.9 100 games avg: 218.9 steps 98 
INFO : 2021-01-29 23:19:27,237 : episode: 70 score: 226.7 100 games avg: 226.7 steps 110 
INFO : 2021-01-29 23:19:48,145 : episode: 71 score: 215.3 100 games avg: 215.3 steps 105 
INFO : 2021-01-29 23:20:08,653 : episode: 72 score: 218.3 100 games avg: 218.3 steps 103 
INFO : 2021-01-29 23:20:26,758 : episode: 73 score: 188.6 100 games avg: 188.6 steps 90 
INFO : 2021-01-29 23:20:45,171 : episode: 74 score: 193.3 100 games avg: 193.3 steps 91 
INFO : 2021-01-29 23:21:05,606 : episode: 75 score: 216.7 100 games avg: 216.7 steps 102 
INFO : 2021-01-29 23:21:26,337 : episode: 76 score: 209.6 100 games avg: 209.6 steps 103 
INFO : 2021-01-29 23:21:44,404 : episode: 77 score: 181.9 100 games avg: 181.9 steps 89 
INFO : 2021-01-29 23:22:01,920 : episode: 78 score: 169.7 100 games avg: 169.7 steps 86 
INFO : 2021-01-29 23:22:19,553 : episode: 79 score: 172.9 100 games avg: 172.9 steps 86 
INFO : 2021-01-29 23:22:40,551 : episode: 80 score: 217.8 100 games avg: 217.8 steps 104 
INFO : 2021-01-29 23:22:58,133 : episode: 81 score: 174.8 100 games avg: 174.8 steps 86 
INFO : 2021-01-29 23:23:17,063 : episode: 82 score: 185.0 100 games avg: 185.0 steps 92 
INFO : 2021-01-29 23:23:34,147 : episode: 83 score: 161.8 100 games avg: 161.8 steps 83 
INFO : 2021-01-29 23:23:52,232 : episode: 84 score: 176.2 100 games avg: 176.2 steps 88 
INFO : 2021-01-29 23:24:10,998 : episode: 85 score: 197.0 100 games avg: 197.0 steps 91 
INFO : 2021-01-29 23:24:34,668 : episode: 86 score: 261.5 100 games avg: 261.5 steps 117 
INFO : 2021-01-29 23:25:01,724 : episode: 87 score: 301.3 100 games avg: 301.3 steps 135 
INFO : 2021-01-29 23:25:27,542 : episode: 88 score: 313.3 100 games avg: 313.3 steps 128 
INFO : 2021-01-29 23:25:52,424 : episode: 89 score: 294.0 100 games avg: 294.0 steps 123 
INFO : 2021-01-29 23:26:18,486 : episode: 90 score: 297.7 100 games avg: 297.7 steps 132 
INFO : 2021-01-29 23:26:45,839 : episode: 91 score: 353.4 100 games avg: 353.4 steps 141 
INFO : 2021-01-29 23:27:11,609 : episode: 92 score: 334.0 100 games avg: 334.0 steps 132 
INFO : 2021-01-29 23:27:35,475 : episode: 93 score: 297.8 100 games avg: 297.8 steps 121 
INFO : 2021-01-29 23:27:59,808 : episode: 94 score: 306.5 100 games avg: 306.5 steps 124 
INFO : 2021-01-29 23:28:19,966 : episode: 95 score: 214.0 100 games avg: 214.0 steps 100 
INFO : 2021-01-29 23:28:45,493 : episode: 96 score: 276.5 100 games avg: 276.5 steps 130 
INFO : 2021-01-29 23:29:09,865 : episode: 97 score: 244.2 100 games avg: 244.2 steps 123 
INFO : 2021-01-29 23:29:34,404 : episode: 98 score: 285.2 100 games avg: 285.2 steps 124 
INFO : 2021-01-29 23:29:58,957 : episode: 99 score: 289.6 100 games avg: 289.6 steps 124 
INFO : 2021-01-29 23:30:25,071 : episode: 100 score: 271.3 100 games avg: 271.3 steps 132 
INFO : 2021-01-29 23:30:43,163 : episode: 101 score: 174.8 100 games avg: 174.8 steps 88 
