INFO : 2021-01-20 17:48:39,660 : method: Model Predictive Contorol
INFO : 2021-01-20 17:48:39,661 : parameter n_steps: 100 ensemble_size: 5 env: HalfCheetah-v2
INFO : 2021-01-20 17:48:42,131 : mpc horizon: 10 mpc_samples: 100 elite_sample: 30 grad_steps: 10
INFO : 2021-01-20 17:48:42,131 : mpc_function policy-entropy
INFO : 2021-01-20 17:48:42,131 : policy-entropy
INFO : 2021-01-20 17:51:35,599 : episode: 0 score: -98.1 100 games avg: -98.1 steps 1000 
INFO : 2021-01-20 17:54:34,780 : episode: 1 score: -257.2 100 games avg: -257.2 steps 1000 
INFO : 2021-01-20 17:57:33,821 : episode: 2 score: 9.0 100 games avg: 9.0 steps 1000 
INFO : 2021-01-20 18:00:33,369 : episode: 3 score: -226.4 100 games avg: -226.4 steps 1000 
INFO : 2021-01-20 18:03:32,169 : episode: 4 score: -175.5 100 games avg: -175.5 steps 1000 
INFO : 2021-01-20 18:06:32,047 : episode: 5 score: -147.9 100 games avg: -147.9 steps 1000 
INFO : 2021-01-20 18:09:32,981 : episode: 6 score: -159.2 100 games avg: -159.2 steps 1000 
INFO : 2021-01-20 18:12:34,594 : episode: 7 score: -182.6 100 games avg: -182.6 steps 1000 
INFO : 2021-01-20 18:15:36,599 : episode: 8 score: 30.9 100 games avg: 30.9 steps 1000 
INFO : 2021-01-20 18:18:38,670 : episode: 9 score: 27.8 100 games avg: 27.8 steps 1000 
INFO : 2021-01-20 18:21:41,460 : episode: 10 score: -16.5 100 games avg: -16.5 steps 1000 
INFO : 2021-01-20 18:24:44,614 : episode: 11 score: -55.5 100 games avg: -55.5 steps 1000 
INFO : 2021-01-20 18:27:47,865 : episode: 12 score: 434.4 100 games avg: 434.4 steps 1000 
INFO : 2021-01-20 18:30:51,208 : episode: 13 score: 583.2 100 games avg: 583.2 steps 1000 
INFO : 2021-01-20 18:33:54,750 : episode: 14 score: 699.9 100 games avg: 699.9 steps 1000 
INFO : 2021-01-20 18:36:58,907 : episode: 15 score: 620.2 100 games avg: 620.2 steps 1000 
INFO : 2021-01-20 18:40:03,211 : episode: 16 score: 910.3 100 games avg: 910.3 steps 1000 
INFO : 2021-01-20 18:43:07,567 : episode: 17 score: 1000.5 100 games avg: 1000.5 steps 1000 
INFO : 2021-01-20 18:46:12,879 : episode: 18 score: 1051.5 100 games avg: 1051.5 steps 1000 
INFO : 2021-01-20 18:49:18,314 : episode: 19 score: -47.7 100 games avg: -47.7 steps 1000 
INFO : 2021-01-20 18:52:24,138 : episode: 20 score: 1131.0 100 games avg: 1131.0 steps 1000 
INFO : 2021-01-20 18:55:29,897 : episode: 21 score: 1286.8 100 games avg: 1286.8 steps 1000 
INFO : 2021-01-20 18:58:36,035 : episode: 22 score: 1482.4 100 games avg: 1482.4 steps 1000 
INFO : 2021-01-20 19:01:42,488 : episode: 23 score: 28.5 100 games avg: 28.5 steps 1000 
INFO : 2021-01-20 19:04:49,511 : episode: 24 score: 1251.1 100 games avg: 1251.1 steps 1000 
INFO : 2021-01-20 19:07:56,580 : episode: 25 score: 1827.5 100 games avg: 1827.5 steps 1000 
INFO : 2021-01-20 19:11:04,208 : episode: 26 score: 1714.9 100 games avg: 1714.9 steps 1000 
INFO : 2021-01-20 19:14:12,101 : episode: 27 score: 1723.0 100 games avg: 1723.0 steps 1000 
INFO : 2021-01-20 19:17:20,117 : episode: 28 score: 1620.3 100 games avg: 1620.3 steps 1000 
INFO : 2021-01-20 19:20:28,459 : episode: 29 score: 1672.5 100 games avg: 1672.5 steps 1000 
INFO : 2021-01-20 19:23:36,950 : episode: 30 score: 1999.0 100 games avg: 1999.0 steps 1000 
INFO : 2021-01-20 19:26:45,746 : episode: 31 score: 1907.6 100 games avg: 1907.6 steps 1000 
INFO : 2021-01-20 19:29:54,895 : episode: 32 score: 1833.9 100 games avg: 1833.9 steps 1000 
INFO : 2021-01-20 19:33:04,059 : episode: 33 score: 1908.2 100 games avg: 1908.2 steps 1000 
INFO : 2021-01-20 19:36:13,933 : episode: 34 score: 2105.6 100 games avg: 2105.6 steps 1000 
INFO : 2021-01-20 19:39:24,237 : episode: 35 score: 2008.3 100 games avg: 2008.3 steps 1000 
INFO : 2021-01-20 19:42:34,572 : episode: 36 score: 1994.8 100 games avg: 1994.8 steps 1000 
INFO : 2021-01-20 19:45:45,079 : episode: 37 score: 2104.9 100 games avg: 2104.9 steps 1000 
INFO : 2021-01-20 19:48:56,174 : episode: 38 score: 2325.8 100 games avg: 2325.8 steps 1000 
INFO : 2021-01-20 19:52:07,594 : episode: 39 score: 1490.8 100 games avg: 1490.8 steps 1000 
INFO : 2021-01-20 19:55:19,352 : episode: 40 score: 2225.9 100 games avg: 2225.9 steps 1000 
INFO : 2021-01-20 19:58:31,363 : episode: 41 score: 2245.7 100 games avg: 2245.7 steps 1000 
INFO : 2021-01-20 20:01:43,626 : episode: 42 score: 2253.8 100 games avg: 2253.8 steps 1000 
INFO : 2021-01-20 20:04:56,252 : episode: 43 score: 2466.8 100 games avg: 2466.8 steps 1000 
INFO : 2021-01-20 20:08:09,426 : episode: 44 score: 660.2 100 games avg: 660.2 steps 1000 
INFO : 2021-01-20 20:11:22,552 : episode: 45 score: 2644.3 100 games avg: 2644.3 steps 1000 
INFO : 2021-01-20 20:14:35,785 : episode: 46 score: 2477.4 100 games avg: 2477.4 steps 1000 
INFO : 2021-01-20 20:17:49,705 : episode: 47 score: 2553.6 100 games avg: 2553.6 steps 1000 
INFO : 2021-01-20 20:21:04,305 : episode: 48 score: 2823.0 100 games avg: 2823.0 steps 1000 
INFO : 2021-01-20 20:24:18,569 : episode: 49 score: 2623.6 100 games avg: 2623.6 steps 1000 
INFO : 2021-01-20 20:27:33,361 : episode: 50 score: 2882.9 100 games avg: 2882.9 steps 1000 
INFO : 2021-01-20 20:30:48,570 : episode: 51 score: 810.0 100 games avg: 810.0 steps 1000 
INFO : 2021-01-20 20:34:03,883 : episode: 52 score: 2864.2 100 games avg: 2864.2 steps 1000 
INFO : 2021-01-20 20:37:19,691 : episode: 53 score: 2619.3 100 games avg: 2619.3 steps 1000 
INFO : 2021-01-20 20:40:35,615 : episode: 54 score: 2837.8 100 games avg: 2837.8 steps 1000 
INFO : 2021-01-20 20:43:52,019 : episode: 55 score: 3070.9 100 games avg: 3070.9 steps 1000 
INFO : 2021-01-20 20:47:09,252 : episode: 56 score: 2682.7 100 games avg: 2682.7 steps 1000 
INFO : 2021-01-20 20:50:27,013 : episode: 57 score: 2752.8 100 games avg: 2752.8 steps 1000 
INFO : 2021-01-20 20:53:44,954 : episode: 58 score: 2708.7 100 games avg: 2708.7 steps 1000 
INFO : 2021-01-20 20:57:02,837 : episode: 59 score: 160.1 100 games avg: 160.1 steps 1000 
INFO : 2021-01-20 21:00:21,006 : episode: 60 score: 2838.0 100 games avg: 2838.0 steps 1000 
INFO : 2021-01-20 21:03:39,557 : episode: 61 score: 2938.9 100 games avg: 2938.9 steps 1000 
INFO : 2021-01-20 21:06:58,074 : episode: 62 score: 2825.2 100 games avg: 2825.2 steps 1000 
INFO : 2021-01-20 21:10:16,953 : episode: 63 score: 294.7 100 games avg: 294.7 steps 1000 
INFO : 2021-01-20 21:13:35,851 : episode: 64 score: 2857.9 100 games avg: 2857.9 steps 1000 
INFO : 2021-01-20 21:16:55,315 : episode: 65 score: 3154.8 100 games avg: 3154.8 steps 1000 
INFO : 2021-01-20 21:20:15,099 : episode: 66 score: 3082.3 100 games avg: 3082.3 steps 1000 
INFO : 2021-01-20 21:23:35,374 : episode: 67 score: 3237.2 100 games avg: 3237.2 steps 1000 
INFO : 2021-01-20 21:26:55,776 : episode: 68 score: 62.9 100 games avg: 62.9 steps 1000 
INFO : 2021-01-20 21:30:16,335 : episode: 69 score: 3102.2 100 games avg: 3102.2 steps 1000 
INFO : 2021-01-20 21:33:36,795 : episode: 70 score: 2949.9 100 games avg: 2949.9 steps 1000 
INFO : 2021-01-20 21:36:58,480 : episode: 71 score: 3193.8 100 games avg: 3193.8 steps 1000 
INFO : 2021-01-20 21:40:20,450 : episode: 72 score: 2957.2 100 games avg: 2957.2 steps 1000 
INFO : 2021-01-20 21:43:42,256 : episode: 73 score: 3022.4 100 games avg: 3022.4 steps 1000 
INFO : 2021-01-20 21:47:04,540 : episode: 74 score: 3152.8 100 games avg: 3152.8 steps 1000 
INFO : 2021-01-20 21:50:27,507 : episode: 75 score: 3021.0 100 games avg: 3021.0 steps 1000 
INFO : 2021-01-20 21:53:50,413 : episode: 76 score: 3312.5 100 games avg: 3312.5 steps 1000 
INFO : 2021-01-20 21:57:13,594 : episode: 77 score: 3229.7 100 games avg: 3229.7 steps 1000 
INFO : 2021-01-20 22:00:37,520 : episode: 78 score: 2984.1 100 games avg: 2984.1 steps 1000 
INFO : 2021-01-20 22:04:01,002 : episode: 79 score: 3198.4 100 games avg: 3198.4 steps 1000 
INFO : 2021-01-20 22:07:24,961 : episode: 80 score: 3107.3 100 games avg: 3107.3 steps 1000 
INFO : 2021-01-20 22:10:49,468 : episode: 81 score: 1016.9 100 games avg: 1016.9 steps 1000 
INFO : 2021-01-20 22:14:14,886 : episode: 82 score: 3456.9 100 games avg: 3456.9 steps 1000 
INFO : 2021-01-20 22:17:39,130 : episode: 83 score: 3526.0 100 games avg: 3526.0 steps 1000 
INFO : 2021-01-20 22:21:04,721 : episode: 84 score: 3379.6 100 games avg: 3379.6 steps 1000 
INFO : 2021-01-20 22:24:30,999 : episode: 85 score: 3403.0 100 games avg: 3403.0 steps 1000 
INFO : 2021-01-20 22:27:57,045 : episode: 86 score: 3347.3 100 games avg: 3347.3 steps 1000 
INFO : 2021-01-20 22:31:23,009 : episode: 87 score: 3582.1 100 games avg: 3582.1 steps 1000 
INFO : 2021-01-20 22:34:49,465 : episode: 88 score: 3600.3 100 games avg: 3600.3 steps 1000 
INFO : 2021-01-20 22:38:16,525 : episode: 89 score: 3407.6 100 games avg: 3407.6 steps 1000 
INFO : 2021-01-20 22:41:43,194 : episode: 90 score: 3486.4 100 games avg: 3486.4 steps 1000 
INFO : 2021-01-20 22:45:11,315 : episode: 91 score: 3495.7 100 games avg: 3495.7 steps 1000 
INFO : 2021-01-20 22:48:39,197 : episode: 92 score: 3325.9 100 games avg: 3325.9 steps 1000 
INFO : 2021-01-20 22:52:07,394 : episode: 93 score: 3352.1 100 games avg: 3352.1 steps 1000 
INFO : 2021-01-20 22:55:35,750 : episode: 94 score: 3426.3 100 games avg: 3426.3 steps 1000 
INFO : 2021-01-20 22:59:04,795 : episode: 95 score: 3466.5 100 games avg: 3466.5 steps 1000 
INFO : 2021-01-20 23:02:34,313 : episode: 96 score: 3089.8 100 games avg: 3089.8 steps 1000 
INFO : 2021-01-20 23:06:03,744 : episode: 97 score: 3463.3 100 games avg: 3463.3 steps 1000 
INFO : 2021-01-20 23:09:33,317 : episode: 98 score: 3360.0 100 games avg: 3360.0 steps 1000 
INFO : 2021-01-20 23:13:03,140 : episode: 99 score: 3407.5 100 games avg: 3407.5 steps 1000 
