INFO : 2021-02-01 11:50:46,446 : method: Model Predictive Contorol
INFO : 2021-02-01 11:50:46,446 : parameter n_steps: 200 ensemble_size: 5 env: Ant-v2
INFO : 2021-02-01 11:50:49,355 : mpc horizon: 10 mpc_samples: 100 elite_sample: 30 grad_steps: 10
INFO : 2021-02-01 11:50:49,356 : mpc_function policy
INFO : 2021-02-01 11:50:49,356 : policy
INFO : 2021-02-01 11:52:49,315 : episode: 0 score: 235.5 100 games avg: 235.5 steps 357 
INFO : 2021-02-01 11:53:06,985 : episode: 1 score: -10.9 100 games avg: -10.9 steps 46 
INFO : 2021-02-01 11:53:16,398 : episode: 2 score: -12.2 100 games avg: -12.2 steps 24 
INFO : 2021-02-01 11:53:33,522 : episode: 3 score: 1.8 100 games avg: 1.8 steps 47 
INFO : 2021-02-01 11:54:06,643 : episode: 4 score: -18.8 100 games avg: -18.8 steps 91 
INFO : 2021-02-01 11:54:16,828 : episode: 5 score: -15.5 100 games avg: -15.5 steps 26 
INFO : 2021-02-01 11:54:55,937 : episode: 6 score: -41.0 100 games avg: -41.0 steps 106 
INFO : 2021-02-01 11:55:23,972 : episode: 7 score: -81.4 100 games avg: -81.4 steps 75 
INFO : 2021-02-01 11:55:32,117 : episode: 8 score: -24.8 100 games avg: -24.8 steps 21 
INFO : 2021-02-01 11:56:05,689 : episode: 9 score: 6.8 100 games avg: 6.8 steps 88 
INFO : 2021-02-01 11:57:50,751 : episode: 10 score: -87.4 100 games avg: -87.4 steps 272 
INFO : 2021-02-01 12:03:58,026 : episode: 11 score: 76.6 100 games avg: 76.6 steps 1000 
INFO : 2021-02-01 12:10:12,663 : episode: 12 score: 337.8 100 games avg: 337.8 steps 1000 
INFO : 2021-02-01 12:16:21,833 : episode: 13 score: 455.0 100 games avg: 455.0 steps 1000 
INFO : 2021-02-01 12:22:43,555 : episode: 14 score: 445.2 100 games avg: 445.2 steps 1000 
INFO : 2021-02-01 12:28:56,810 : episode: 15 score: 457.4 100 games avg: 457.4 steps 1000 
INFO : 2021-02-01 12:35:18,842 : episode: 16 score: 567.7 100 games avg: 567.7 steps 1000 
INFO : 2021-02-01 12:41:36,515 : episode: 17 score: 366.6 100 games avg: 366.6 steps 1000 
INFO : 2021-02-01 12:42:00,506 : episode: 18 score: 24.1 100 games avg: 24.1 steps 48 
INFO : 2021-02-01 12:48:30,982 : episode: 19 score: 347.7 100 games avg: 347.7 steps 1000 
INFO : 2021-02-01 12:54:55,763 : episode: 20 score: 325.9 100 games avg: 325.9 steps 1000 
INFO : 2021-02-01 13:01:21,357 : episode: 21 score: 355.5 100 games avg: 355.5 steps 1000 
INFO : 2021-02-01 13:07:38,984 : episode: 22 score: 474.1 100 games avg: 474.1 steps 1000 
INFO : 2021-02-01 13:14:08,079 : episode: 23 score: 501.1 100 games avg: 501.1 steps 1000 
INFO : 2021-02-01 13:20:33,656 : episode: 24 score: 455.5 100 games avg: 455.5 steps 1000 
INFO : 2021-02-01 13:26:57,725 : episode: 25 score: 547.4 100 games avg: 547.4 steps 1000 
INFO : 2021-02-01 13:27:29,529 : episode: 26 score: 24.1 100 games avg: 24.1 steps 64 
INFO : 2021-02-01 13:34:02,762 : episode: 27 score: 562.3 100 games avg: 562.3 steps 1000 
INFO : 2021-02-01 13:40:30,206 : episode: 28 score: 485.9 100 games avg: 485.9 steps 1000 
INFO : 2021-02-01 13:46:58,563 : episode: 29 score: 539.8 100 games avg: 539.8 steps 1000 
