INFO : 2020-12-23 18:23:35,143 : method: Model Predictive Contorol
INFO : 2020-12-23 18:23:35,144 : parameter n_steps: 100 ensemble_size: 5 env: HalfCheetah-v2
INFO : 2020-12-23 18:23:37,944 : mpc horizon: 5 mpc_samples: 100 grad_steps: 10
INFO : 2020-12-23 18:23:37,944 : mpc_function policy
INFO : 2020-12-23 18:27:05,376 : episode: 0 score: -433.0 100 games avg: -433.0 steps 1000 
INFO : 2020-12-23 18:30:33,858 : episode: 1 score: -283.3 100 games avg: -283.3 steps 1000 
INFO : 2020-12-23 18:34:00,648 : episode: 2 score: -513.4 100 games avg: -513.4 steps 1000 
INFO : 2020-12-23 18:37:31,049 : episode: 3 score: -256.2 100 games avg: -256.2 steps 1000 
INFO : 2020-12-23 18:41:01,244 : episode: 4 score: -348.0 100 games avg: -348.0 steps 1000 
INFO : 2020-12-23 18:44:30,625 : episode: 5 score: -154.0 100 games avg: -154.0 steps 1000 
INFO : 2020-12-23 18:48:02,130 : episode: 6 score: -147.1 100 games avg: -147.1 steps 1000 
INFO : 2020-12-23 18:51:32,249 : episode: 7 score: -64.1 100 games avg: -64.1 steps 1000 
INFO : 2020-12-23 18:55:03,459 : episode: 8 score: -138.7 100 games avg: -138.7 steps 1000 
INFO : 2020-12-23 18:58:35,439 : episode: 9 score: -131.0 100 games avg: -131.0 steps 1000 
INFO : 2020-12-23 19:02:06,141 : episode: 10 score: -125.2 100 games avg: -125.2 steps 1000 
INFO : 2020-12-23 19:05:37,541 : episode: 11 score: -163.8 100 games avg: -163.8 steps 1000 
INFO : 2020-12-23 19:09:08,019 : episode: 12 score: -188.2 100 games avg: -188.2 steps 1000 
INFO : 2020-12-23 19:12:40,527 : episode: 13 score: -125.2 100 games avg: -125.2 steps 1000 
INFO : 2020-12-23 19:16:15,238 : episode: 14 score: -152.2 100 games avg: -152.2 steps 1000 
INFO : 2020-12-23 19:19:46,993 : episode: 15 score: -93.1 100 games avg: -93.1 steps 1000 
INFO : 2020-12-23 19:23:21,170 : episode: 16 score: -80.1 100 games avg: -80.1 steps 1000 
INFO : 2020-12-23 19:26:54,752 : episode: 17 score: -57.3 100 games avg: -57.3 steps 1000 
INFO : 2020-12-23 19:30:30,299 : episode: 18 score: -145.8 100 games avg: -145.8 steps 1000 
INFO : 2020-12-23 19:34:04,228 : episode: 19 score: -109.0 100 games avg: -109.0 steps 1000 
INFO : 2020-12-23 19:37:39,955 : episode: 20 score: -138.2 100 games avg: -138.2 steps 1000 
INFO : 2020-12-23 19:41:14,164 : episode: 21 score: -128.8 100 games avg: -128.8 steps 1000 
INFO : 2020-12-23 19:44:48,670 : episode: 22 score: -27.6 100 games avg: -27.6 steps 1000 
INFO : 2020-12-23 19:48:23,207 : episode: 23 score: 4.4 100 games avg: 4.4 steps 1000 
INFO : 2020-12-23 19:51:58,848 : episode: 24 score: -58.0 100 games avg: -58.0 steps 1000 
INFO : 2020-12-23 19:55:35,979 : episode: 25 score: -49.9 100 games avg: -49.9 steps 1000 
INFO : 2020-12-23 19:59:11,819 : episode: 26 score: 56.6 100 games avg: 56.6 steps 1000 
INFO : 2020-12-23 20:02:47,617 : episode: 27 score: 130.6 100 games avg: 130.6 steps 1000 
INFO : 2020-12-23 20:06:23,992 : episode: 28 score: 135.6 100 games avg: 135.6 steps 1000 
INFO : 2020-12-23 20:10:02,309 : episode: 29 score: 311.9 100 games avg: 311.9 steps 1000 
INFO : 2020-12-23 20:13:41,408 : episode: 30 score: 158.2 100 games avg: 158.2 steps 1000 
INFO : 2020-12-23 20:17:21,050 : episode: 31 score: 299.2 100 games avg: 299.2 steps 1000 
INFO : 2020-12-23 20:21:00,358 : episode: 32 score: 199.1 100 games avg: 199.1 steps 1000 
INFO : 2020-12-23 20:24:38,673 : episode: 33 score: 364.4 100 games avg: 364.4 steps 1000 
INFO : 2020-12-23 20:28:16,376 : episode: 34 score: 312.1 100 games avg: 312.1 steps 1000 
INFO : 2020-12-23 20:31:56,210 : episode: 35 score: 314.9 100 games avg: 314.9 steps 1000 
INFO : 2020-12-23 20:35:36,535 : episode: 36 score: 387.3 100 games avg: 387.3 steps 1000 
INFO : 2020-12-23 20:39:15,757 : episode: 37 score: 425.8 100 games avg: 425.8 steps 1000 
INFO : 2020-12-23 20:42:55,737 : episode: 38 score: 416.7 100 games avg: 416.7 steps 1000 
INFO : 2020-12-23 20:46:37,007 : episode: 39 score: 337.1 100 games avg: 337.1 steps 1000 
INFO : 2020-12-23 20:50:18,640 : episode: 40 score: 291.2 100 games avg: 291.2 steps 1000 
INFO : 2020-12-23 20:54:01,002 : episode: 41 score: 400.0 100 games avg: 400.0 steps 1000 
INFO : 2020-12-23 20:57:45,549 : episode: 42 score: 438.0 100 games avg: 438.0 steps 1000 
INFO : 2020-12-23 21:01:28,537 : episode: 43 score: 482.0 100 games avg: 482.0 steps 1000 
INFO : 2020-12-23 21:05:10,759 : episode: 44 score: 403.4 100 games avg: 403.4 steps 1000 
INFO : 2020-12-23 21:08:51,976 : episode: 45 score: 395.0 100 games avg: 395.0 steps 1000 
INFO : 2020-12-23 21:12:35,097 : episode: 46 score: 398.2 100 games avg: 398.2 steps 1000 
INFO : 2020-12-23 21:16:16,272 : episode: 47 score: 539.2 100 games avg: 539.2 steps 1000 
INFO : 2020-12-23 21:19:59,962 : episode: 48 score: 478.0 100 games avg: 478.0 steps 1000 
INFO : 2020-12-23 21:23:43,301 : episode: 49 score: 466.9 100 games avg: 466.9 steps 1000 
INFO : 2020-12-23 21:27:26,555 : episode: 50 score: 485.0 100 games avg: 485.0 steps 1000 
INFO : 2020-12-23 21:31:10,972 : episode: 51 score: 561.2 100 games avg: 561.2 steps 1000 
INFO : 2020-12-23 21:34:55,305 : episode: 52 score: 532.9 100 games avg: 532.9 steps 1000 
INFO : 2020-12-23 21:38:40,279 : episode: 53 score: 496.4 100 games avg: 496.4 steps 1000 
INFO : 2020-12-23 21:42:25,816 : episode: 54 score: 561.8 100 games avg: 561.8 steps 1000 
INFO : 2020-12-23 21:46:12,361 : episode: 55 score: 551.1 100 games avg: 551.1 steps 1000 
INFO : 2020-12-23 21:49:57,717 : episode: 56 score: 520.2 100 games avg: 520.2 steps 1000 
INFO : 2020-12-23 21:53:45,262 : episode: 57 score: 546.3 100 games avg: 546.3 steps 1000 
INFO : 2020-12-23 21:57:31,643 : episode: 58 score: 608.9 100 games avg: 608.9 steps 1000 
INFO : 2020-12-23 22:01:20,510 : episode: 59 score: 567.0 100 games avg: 567.0 steps 1000 
INFO : 2020-12-23 22:05:07,312 : episode: 60 score: 597.2 100 games avg: 597.2 steps 1000 
INFO : 2020-12-23 22:08:54,455 : episode: 61 score: 715.6 100 games avg: 715.6 steps 1000 
INFO : 2020-12-23 22:12:42,629 : episode: 62 score: 605.1 100 games avg: 605.1 steps 1000 
INFO : 2020-12-23 22:16:32,001 : episode: 63 score: 628.0 100 games avg: 628.0 steps 1000 
INFO : 2020-12-23 22:20:21,486 : episode: 64 score: 671.6 100 games avg: 671.6 steps 1000 
INFO : 2020-12-23 22:24:10,521 : episode: 65 score: 648.3 100 games avg: 648.3 steps 1000 
INFO : 2020-12-23 22:28:00,933 : episode: 66 score: 646.1 100 games avg: 646.1 steps 1000 
INFO : 2020-12-23 22:31:49,896 : episode: 67 score: 770.1 100 games avg: 770.1 steps 1000 
INFO : 2020-12-23 22:35:40,537 : episode: 68 score: 693.9 100 games avg: 693.9 steps 1000 
INFO : 2020-12-23 22:39:30,772 : episode: 69 score: 644.0 100 games avg: 644.0 steps 1000 
INFO : 2020-12-23 22:43:21,355 : episode: 70 score: 650.6 100 games avg: 650.6 steps 1000 
INFO : 2020-12-23 22:47:12,907 : episode: 71 score: 707.9 100 games avg: 707.9 steps 1000 
INFO : 2020-12-23 22:51:03,794 : episode: 72 score: 709.8 100 games avg: 709.8 steps 1000 
INFO : 2020-12-23 22:54:55,426 : episode: 73 score: 708.1 100 games avg: 708.1 steps 1000 
INFO : 2020-12-23 22:58:48,446 : episode: 74 score: 811.2 100 games avg: 811.2 steps 1000 
INFO : 2020-12-23 23:02:40,647 : episode: 75 score: 793.8 100 games avg: 793.8 steps 1000 
INFO : 2020-12-23 23:06:33,205 : episode: 76 score: 675.7 100 games avg: 675.7 steps 1000 
INFO : 2020-12-23 23:10:25,449 : episode: 77 score: 736.2 100 games avg: 736.2 steps 1000 
INFO : 2020-12-23 23:14:18,776 : episode: 78 score: 806.6 100 games avg: 806.6 steps 1000 
INFO : 2020-12-23 23:18:12,011 : episode: 79 score: 788.5 100 games avg: 788.5 steps 1000 
INFO : 2020-12-23 23:22:06,285 : episode: 80 score: 727.7 100 games avg: 727.7 steps 1000 
INFO : 2020-12-23 23:26:01,448 : episode: 81 score: 807.5 100 games avg: 807.5 steps 1000 
INFO : 2020-12-23 23:29:56,221 : episode: 82 score: 748.3 100 games avg: 748.3 steps 1000 
INFO : 2020-12-23 23:33:50,336 : episode: 83 score: 731.8 100 games avg: 731.8 steps 1000 
INFO : 2020-12-23 23:37:45,772 : episode: 84 score: 785.4 100 games avg: 785.4 steps 1000 
INFO : 2020-12-23 23:41:39,770 : episode: 85 score: 916.4 100 games avg: 916.4 steps 1000 
INFO : 2020-12-23 23:45:37,334 : episode: 86 score: 783.0 100 games avg: 783.0 steps 1000 
INFO : 2020-12-23 23:49:31,367 : episode: 87 score: 760.6 100 games avg: 760.6 steps 1000 
INFO : 2020-12-23 23:53:27,596 : episode: 88 score: 805.3 100 games avg: 805.3 steps 1000 
INFO : 2020-12-23 23:57:25,051 : episode: 89 score: 833.1 100 games avg: 833.1 steps 1000 
INFO : 2020-12-24 00:01:23,156 : episode: 90 score: 829.5 100 games avg: 829.5 steps 1000 
INFO : 2020-12-24 00:05:19,319 : episode: 91 score: 863.5 100 games avg: 863.5 steps 1000 
INFO : 2020-12-24 00:09:15,913 : episode: 92 score: 839.3 100 games avg: 839.3 steps 1000 
INFO : 2020-12-24 00:13:12,696 : episode: 93 score: 810.0 100 games avg: 810.0 steps 1000 
INFO : 2020-12-24 00:17:09,002 : episode: 94 score: 789.7 100 games avg: 789.7 steps 1000 
INFO : 2020-12-24 00:21:07,101 : episode: 95 score: 882.5 100 games avg: 882.5 steps 1000 
INFO : 2020-12-24 00:25:05,656 : episode: 96 score: 895.1 100 games avg: 895.1 steps 1000 
INFO : 2020-12-24 00:29:03,692 : episode: 97 score: 927.5 100 games avg: 927.5 steps 1000 
INFO : 2020-12-24 00:33:01,933 : episode: 98 score: 833.0 100 games avg: 833.0 steps 1000 
INFO : 2020-12-24 00:36:59,093 : episode: 99 score: 809.9 100 games avg: 809.9 steps 1000 
