INFO : 2021-02-03 03:44:05,324 : method: Model Predictive Contorol
INFO : 2021-02-03 03:44:05,324 : parameter n_steps: 200 ensemble_size: 5 env: Hopper-v2
INFO : 2021-02-03 03:44:07,748 : mpc horizon: 10 mpc_samples: 100 elite_sample: 30 grad_steps: 10
INFO : 2021-02-03 03:44:07,748 : mpc_function policy-kl4
INFO : 2021-02-03 03:44:07,749 : policy-kl4_x=0.5
INFO : 2021-02-03 03:44:12,857 : episode: 0 score: 22.9 100 games avg: 22.9 steps 23 
INFO : 2021-02-03 03:44:19,790 : episode: 1 score: 32.4 100 games avg: 32.4 steps 31 
INFO : 2021-02-03 03:44:24,513 : episode: 2 score: 20.2 100 games avg: 20.2 steps 21 
INFO : 2021-02-03 03:44:31,890 : episode: 3 score: 35.2 100 games avg: 35.2 steps 33 
INFO : 2021-02-03 03:44:37,283 : episode: 4 score: 24.0 100 games avg: 24.0 steps 24 
INFO : 2021-02-03 03:44:44,005 : episode: 5 score: 31.5 100 games avg: 31.5 steps 30 
INFO : 2021-02-03 03:44:51,849 : episode: 6 score: 37.7 100 games avg: 37.7 steps 35 
INFO : 2021-02-03 03:44:56,800 : episode: 7 score: 21.7 100 games avg: 21.7 steps 22 
INFO : 2021-02-03 03:45:08,045 : episode: 8 score: 55.7 100 games avg: 55.7 steps 49 
INFO : 2021-02-03 03:45:14,243 : episode: 9 score: 15.7 100 games avg: 15.7 steps 25 
INFO : 2021-02-03 03:45:17,246 : episode: 10 score: 8.6 100 games avg: 8.6 steps 12 
INFO : 2021-02-03 03:45:27,580 : episode: 11 score: 72.1 100 games avg: 72.1 steps 42 
INFO : 2021-02-03 03:45:34,049 : episode: 12 score: 44.1 100 games avg: 44.1 steps 26 
INFO : 2021-02-03 03:45:42,195 : episode: 13 score: 54.7 100 games avg: 54.7 steps 33 
INFO : 2021-02-03 03:45:50,097 : episode: 14 score: 52.6 100 games avg: 52.6 steps 32 
INFO : 2021-02-03 03:45:57,505 : episode: 15 score: 52.4 100 games avg: 52.4 steps 30 
INFO : 2021-02-03 03:46:03,701 : episode: 16 score: 42.8 100 games avg: 42.8 steps 25 
INFO : 2021-02-03 03:46:12,572 : episode: 17 score: 56.1 100 games avg: 56.1 steps 36 
INFO : 2021-02-03 03:46:19,338 : episode: 18 score: 45.7 100 games avg: 45.7 steps 27 
INFO : 2021-02-03 03:46:25,860 : episode: 19 score: 44.7 100 games avg: 44.7 steps 26 
INFO : 2021-02-03 03:46:33,086 : episode: 20 score: 51.2 100 games avg: 51.2 steps 29 
INFO : 2021-02-03 03:46:39,808 : episode: 21 score: 45.5 100 games avg: 45.5 steps 27 
INFO : 2021-02-03 03:46:45,546 : episode: 22 score: 39.9 100 games avg: 39.9 steps 23 
INFO : 2021-02-03 03:46:52,046 : episode: 23 score: 44.6 100 games avg: 44.6 steps 26 
INFO : 2021-02-03 03:46:58,547 : episode: 24 score: 44.1 100 games avg: 44.1 steps 26 
INFO : 2021-02-03 03:47:04,553 : episode: 25 score: 41.6 100 games avg: 41.6 steps 24 
INFO : 2021-02-03 03:47:11,539 : episode: 26 score: 47.7 100 games avg: 47.7 steps 28 
INFO : 2021-02-03 03:47:18,778 : episode: 27 score: 49.5 100 games avg: 49.5 steps 29 
INFO : 2021-02-03 03:47:25,859 : episode: 28 score: 48.3 100 games avg: 48.3 steps 28 
INFO : 2021-02-03 03:47:34,902 : episode: 29 score: 64.2 100 games avg: 64.2 steps 36 
INFO : 2021-02-03 03:47:43,465 : episode: 30 score: 61.2 100 games avg: 61.2 steps 34 
INFO : 2021-02-03 03:47:51,518 : episode: 31 score: 56.5 100 games avg: 56.5 steps 32 
INFO : 2021-02-03 03:48:01,306 : episode: 32 score: 71.0 100 games avg: 71.0 steps 39 
INFO : 2021-02-03 03:48:22,079 : episode: 33 score: 173.1 100 games avg: 173.1 steps 84 
INFO : 2021-02-03 03:48:31,357 : episode: 34 score: 67.4 100 games avg: 67.4 steps 37 
INFO : 2021-02-03 03:48:41,412 : episode: 35 score: 72.6 100 games avg: 72.6 steps 40 
INFO : 2021-02-03 03:48:51,492 : episode: 36 score: 72.5 100 games avg: 72.5 steps 40 
INFO : 2021-02-03 03:48:59,383 : episode: 37 score: 55.0 100 games avg: 55.0 steps 31 
INFO : 2021-02-03 03:49:14,537 : episode: 38 score: 105.4 100 games avg: 105.4 steps 61 
INFO : 2021-02-03 03:49:21,948 : episode: 39 score: 51.3 100 games avg: 51.3 steps 29 
INFO : 2021-02-03 03:49:28,203 : episode: 40 score: 41.5 100 games avg: 41.5 steps 24 
INFO : 2021-02-03 03:49:36,914 : episode: 41 score: 61.4 100 games avg: 61.4 steps 34 
INFO : 2021-02-03 03:49:57,640 : episode: 42 score: 168.7 100 games avg: 168.7 steps 83 
INFO : 2021-02-03 03:50:12,704 : episode: 43 score: 105.5 100 games avg: 105.5 steps 60 
INFO : 2021-02-03 03:50:28,050 : episode: 44 score: 107.1 100 games avg: 107.1 steps 61 
INFO : 2021-02-03 03:50:44,644 : episode: 45 score: 117.0 100 games avg: 117.0 steps 66 
INFO : 2021-02-03 03:50:52,684 : episode: 46 score: 55.6 100 games avg: 55.6 steps 31 
INFO : 2021-02-03 03:51:11,009 : episode: 47 score: 132.7 100 games avg: 132.7 steps 73 
INFO : 2021-02-03 03:51:31,065 : episode: 48 score: 149.5 100 games avg: 149.5 steps 80 
INFO : 2021-02-03 03:51:49,973 : episode: 49 score: 137.1 100 games avg: 137.1 steps 75 
INFO : 2021-02-03 03:52:10,737 : episode: 50 score: 157.8 100 games avg: 157.8 steps 83 
INFO : 2021-02-03 03:52:29,252 : episode: 51 score: 135.1 100 games avg: 135.1 steps 74 
INFO : 2021-02-03 03:52:49,746 : episode: 52 score: 152.4 100 games avg: 152.4 steps 82 
INFO : 2021-02-03 03:53:08,452 : episode: 53 score: 140.8 100 games avg: 140.8 steps 74 
INFO : 2021-02-03 03:53:30,384 : episode: 54 score: 169.0 100 games avg: 169.0 steps 87 
INFO : 2021-02-03 03:53:53,008 : episode: 55 score: 175.0 100 games avg: 175.0 steps 90 
INFO : 2021-02-03 03:54:15,201 : episode: 56 score: 171.4 100 games avg: 171.4 steps 88 
INFO : 2021-02-03 03:54:37,405 : episode: 57 score: 170.1 100 games avg: 170.1 steps 88 
INFO : 2021-02-03 03:54:59,445 : episode: 58 score: 170.7 100 games avg: 170.7 steps 88 
INFO : 2021-02-03 03:55:20,986 : episode: 59 score: 163.9 100 games avg: 163.9 steps 85 
INFO : 2021-02-03 03:55:27,620 : episode: 60 score: 42.3 100 games avg: 42.3 steps 24 
INFO : 2021-02-03 03:55:49,146 : episode: 61 score: 172.4 100 games avg: 172.4 steps 85 
INFO : 2021-02-03 03:56:11,654 : episode: 62 score: 174.0 100 games avg: 174.0 steps 89 
INFO : 2021-02-03 03:56:32,441 : episode: 63 score: 157.3 100 games avg: 157.3 steps 82 
INFO : 2021-02-03 03:56:54,453 : episode: 64 score: 172.6 100 games avg: 172.6 steps 87 
INFO : 2021-02-03 03:57:16,157 : episode: 65 score: 163.5 100 games avg: 163.5 steps 85 
INFO : 2021-02-03 03:57:38,305 : episode: 66 score: 172.0 100 games avg: 172.0 steps 87 
INFO : 2021-02-03 03:58:00,741 : episode: 67 score: 170.5 100 games avg: 170.5 steps 88 
INFO : 2021-02-03 03:58:23,028 : episode: 68 score: 171.3 100 games avg: 171.3 steps 87 
INFO : 2021-02-03 03:58:45,657 : episode: 69 score: 172.5 100 games avg: 172.5 steps 89 
INFO : 2021-02-03 03:59:07,792 : episode: 70 score: 171.7 100 games avg: 171.7 steps 87 
INFO : 2021-02-03 03:59:29,624 : episode: 71 score: 163.2 100 games avg: 163.2 steps 85 
INFO : 2021-02-03 03:59:51,468 : episode: 72 score: 169.5 100 games avg: 169.5 steps 85 
INFO : 2021-02-03 04:00:13,260 : episode: 73 score: 170.0 100 games avg: 170.0 steps 85 
INFO : 2021-02-03 04:00:35,340 : episode: 74 score: 174.2 100 games avg: 174.2 steps 86 
INFO : 2021-02-03 04:00:56,912 : episode: 75 score: 178.7 100 games avg: 178.7 steps 84 
INFO : 2021-02-03 04:01:16,792 : episode: 76 score: 154.1 100 games avg: 154.1 steps 77 
INFO : 2021-02-03 04:01:38,944 : episode: 77 score: 170.8 100 games avg: 170.8 steps 86 
INFO : 2021-02-03 04:02:01,417 : episode: 78 score: 174.5 100 games avg: 174.5 steps 87 
INFO : 2021-02-03 04:02:23,767 : episode: 79 score: 167.8 100 games avg: 167.8 steps 87 
INFO : 2021-02-03 04:02:45,234 : episode: 80 score: 172.8 100 games avg: 172.8 steps 83 
INFO : 2021-02-03 04:03:07,454 : episode: 81 score: 167.8 100 games avg: 167.8 steps 86 
INFO : 2021-02-03 04:03:30,510 : episode: 82 score: 172.2 100 games avg: 172.2 steps 89 
INFO : 2021-02-03 04:03:51,367 : episode: 83 score: 164.4 100 games avg: 164.4 steps 80 
INFO : 2021-02-03 04:04:14,802 : episode: 84 score: 180.8 100 games avg: 180.8 steps 91 
INFO : 2021-02-03 04:04:37,070 : episode: 85 score: 172.4 100 games avg: 172.4 steps 86 
INFO : 2021-02-03 04:04:59,227 : episode: 86 score: 167.9 100 games avg: 167.9 steps 85 
INFO : 2021-02-03 04:05:23,368 : episode: 87 score: 196.4 100 games avg: 196.4 steps 93 
INFO : 2021-02-03 04:05:46,023 : episode: 88 score: 176.8 100 games avg: 176.8 steps 87 
INFO : 2021-02-03 04:06:09,951 : episode: 89 score: 183.3 100 games avg: 183.3 steps 92 
INFO : 2021-02-03 04:06:32,599 : episode: 90 score: 171.9 100 games avg: 171.9 steps 87 
INFO : 2021-02-03 04:06:55,797 : episode: 91 score: 171.5 100 games avg: 171.5 steps 89 
INFO : 2021-02-03 04:07:18,612 : episode: 92 score: 170.6 100 games avg: 170.6 steps 87 
INFO : 2021-02-03 04:07:41,948 : episode: 93 score: 176.7 100 games avg: 176.7 steps 89 
INFO : 2021-02-03 04:08:04,003 : episode: 94 score: 168.3 100 games avg: 168.3 steps 84 
INFO : 2021-02-03 04:08:26,713 : episode: 95 score: 182.4 100 games avg: 182.4 steps 86 
INFO : 2021-02-03 04:08:49,364 : episode: 96 score: 179.9 100 games avg: 179.9 steps 86 
INFO : 2021-02-03 04:09:12,032 : episode: 97 score: 178.5 100 games avg: 178.5 steps 86 
INFO : 2021-02-03 04:09:35,941 : episode: 98 score: 192.3 100 games avg: 192.3 steps 91 
INFO : 2021-02-03 04:09:58,455 : episode: 99 score: 177.4 100 games avg: 177.4 steps 85 
INFO : 2021-02-03 04:10:21,432 : episode: 100 score: 168.5 100 games avg: 168.5 steps 87 
INFO : 2021-02-03 04:10:44,218 : episode: 101 score: 169.6 100 games avg: 169.6 steps 86 
INFO : 2021-02-03 04:11:06,540 : episode: 102 score: 167.5 100 games avg: 167.5 steps 84 
INFO : 2021-02-03 04:11:29,163 : episode: 103 score: 175.1 100 games avg: 175.1 steps 85 
INFO : 2021-02-03 04:11:52,044 : episode: 104 score: 174.4 100 games avg: 174.4 steps 86 
INFO : 2021-02-03 04:12:15,186 : episode: 105 score: 173.6 100 games avg: 173.6 steps 87 
INFO : 2021-02-03 04:12:37,900 : episode: 106 score: 171.2 100 games avg: 171.2 steps 85 
INFO : 2021-02-03 04:13:01,098 : episode: 107 score: 173.9 100 games avg: 173.9 steps 87 
INFO : 2021-02-03 04:13:24,547 : episode: 108 score: 172.0 100 games avg: 172.0 steps 88 
INFO : 2021-02-03 04:13:48,244 : episode: 109 score: 175.4 100 games avg: 175.4 steps 89 
INFO : 2021-02-03 04:14:12,265 : episode: 110 score: 195.2 100 games avg: 195.2 steps 90 
INFO : 2021-02-03 04:14:36,878 : episode: 111 score: 187.4 100 games avg: 187.4 steps 92 
INFO : 2021-02-03 04:14:59,833 : episode: 112 score: 179.8 100 games avg: 179.8 steps 86 
INFO : 2021-02-03 04:15:21,668 : episode: 113 score: 167.4 100 games avg: 167.4 steps 81 
INFO : 2021-02-03 04:15:45,526 : episode: 114 score: 177.4 100 games avg: 177.4 steps 89 
INFO : 2021-02-03 04:16:07,774 : episode: 115 score: 175.6 100 games avg: 175.6 steps 83 
INFO : 2021-02-03 04:16:34,147 : episode: 116 score: 216.0 100 games avg: 216.0 steps 99 
INFO : 2021-02-03 04:16:57,778 : episode: 117 score: 188.6 100 games avg: 188.6 steps 88 
INFO : 2021-02-03 04:17:23,949 : episode: 118 score: 213.2 100 games avg: 213.2 steps 98 
INFO : 2021-02-03 04:17:48,922 : episode: 119 score: 202.7 100 games avg: 202.7 steps 93 
INFO : 2021-02-03 04:18:11,160 : episode: 120 score: 172.3 100 games avg: 172.3 steps 82 
INFO : 2021-02-03 04:18:35,003 : episode: 121 score: 189.6 100 games avg: 189.6 steps 88 
INFO : 2021-02-03 04:18:58,763 : episode: 122 score: 188.9 100 games avg: 188.9 steps 88 
INFO : 2021-02-03 04:19:23,681 : episode: 123 score: 206.2 100 games avg: 206.2 steps 93 
INFO : 2021-02-03 04:19:49,352 : episode: 124 score: 212.5 100 games avg: 212.5 steps 96 
INFO : 2021-02-03 04:20:14,612 : episode: 125 score: 204.5 100 games avg: 204.5 steps 94 
INFO : 2021-02-03 04:20:38,386 : episode: 126 score: 189.8 100 games avg: 189.8 steps 88 
INFO : 2021-02-03 04:21:03,052 : episode: 127 score: 198.8 100 games avg: 198.8 steps 91 
INFO : 2021-02-03 04:21:28,525 : episode: 128 score: 206.3 100 games avg: 206.3 steps 94 
INFO : 2021-02-03 04:21:53,647 : episode: 129 score: 203.4 100 games avg: 203.4 steps 93 
INFO : 2021-02-03 04:22:17,095 : episode: 130 score: 182.0 100 games avg: 182.0 steps 86 
INFO : 2021-02-03 04:22:37,409 : episode: 131 score: 145.8 100 games avg: 145.8 steps 73 
INFO : 2021-02-03 04:23:01,658 : episode: 132 score: 193.7 100 games avg: 193.7 steps 89 
INFO : 2021-02-03 04:23:22,562 : episode: 133 score: 153.6 100 games avg: 153.6 steps 75 
INFO : 2021-02-03 04:23:44,218 : episode: 134 score: 159.9 100 games avg: 159.9 steps 78 
INFO : 2021-02-03 04:24:06,672 : episode: 135 score: 170.2 100 games avg: 170.2 steps 81 
INFO : 2021-02-03 04:24:30,130 : episode: 136 score: 177.9 100 games avg: 177.9 steps 85 
INFO : 2021-02-03 04:24:52,595 : episode: 137 score: 169.3 100 games avg: 169.3 steps 81 
INFO : 2021-02-03 04:25:16,785 : episode: 138 score: 186.2 100 games avg: 186.2 steps 88 
INFO : 2021-02-03 04:25:41,760 : episode: 139 score: 198.8 100 games avg: 198.8 steps 91 
INFO : 2021-02-03 04:26:05,759 : episode: 140 score: 187.5 100 games avg: 187.5 steps 87 
INFO : 2021-02-03 04:26:30,377 : episode: 141 score: 197.2 100 games avg: 197.2 steps 90 
INFO : 2021-02-03 04:26:54,110 : episode: 142 score: 177.7 100 games avg: 177.7 steps 86 
INFO : 2021-02-03 04:27:17,806 : episode: 143 score: 182.0 100 games avg: 182.0 steps 85 
INFO : 2021-02-03 04:27:42,337 : episode: 144 score: 193.5 100 games avg: 193.5 steps 89 
INFO : 2021-02-03 04:28:06,692 : episode: 145 score: 191.1 100 games avg: 191.1 steps 88 
INFO : 2021-02-03 04:28:29,847 : episode: 146 score: 174.9 100 games avg: 174.9 steps 83 
INFO : 2021-02-03 04:28:52,018 : episode: 147 score: 164.8 100 games avg: 164.8 steps 79 
INFO : 2021-02-03 04:29:13,488 : episode: 148 score: 155.1 100 games avg: 155.1 steps 76 
INFO : 2021-02-03 04:29:37,174 : episode: 149 score: 181.8 100 games avg: 181.8 steps 85 
INFO : 2021-02-03 04:30:01,709 : episode: 150 score: 188.9 100 games avg: 188.9 steps 88 
INFO : 2021-02-03 04:30:24,491 : episode: 151 score: 170.7 100 games avg: 170.7 steps 81 
INFO : 2021-02-03 04:30:47,262 : episode: 152 score: 168.7 100 games avg: 168.7 steps 81 
INFO : 2021-02-03 04:31:11,210 : episode: 153 score: 184.8 100 games avg: 184.8 steps 86 
INFO : 2021-02-03 04:31:35,708 : episode: 154 score: 189.7 100 games avg: 189.7 steps 88 
INFO : 2021-02-03 04:31:58,376 : episode: 155 score: 166.8 100 games avg: 166.8 steps 80 
INFO : 2021-02-03 04:32:22,795 : episode: 156 score: 188.3 100 games avg: 188.3 steps 87 
INFO : 2021-02-03 04:32:46,568 : episode: 157 score: 178.5 100 games avg: 178.5 steps 84 
INFO : 2021-02-03 04:33:09,538 : episode: 158 score: 170.2 100 games avg: 170.2 steps 81 
INFO : 2021-02-03 04:33:32,771 : episode: 159 score: 174.6 100 games avg: 174.6 steps 82 
INFO : 2021-02-03 04:33:56,362 : episode: 160 score: 178.3 100 games avg: 178.3 steps 83 
INFO : 2021-02-03 04:34:20,132 : episode: 161 score: 179.7 100 games avg: 179.7 steps 84 
INFO : 2021-02-03 04:34:44,103 : episode: 162 score: 182.7 100 games avg: 182.7 steps 85 
INFO : 2021-02-03 04:35:09,354 : episode: 163 score: 195.8 100 games avg: 195.8 steps 90 
INFO : 2021-02-03 04:35:33,478 : episode: 164 score: 178.9 100 games avg: 178.9 steps 84 
INFO : 2021-02-03 04:35:57,846 : episode: 165 score: 185.9 100 games avg: 185.9 steps 86 
INFO : 2021-02-03 04:36:21,557 : episode: 166 score: 177.2 100 games avg: 177.2 steps 83 
INFO : 2021-02-03 04:36:44,845 : episode: 167 score: 175.0 100 games avg: 175.0 steps 82 
INFO : 2021-02-03 04:37:09,900 : episode: 168 score: 190.7 100 games avg: 190.7 steps 89 
INFO : 2021-02-03 04:37:35,162 : episode: 169 score: 192.5 100 games avg: 192.5 steps 89 
INFO : 2021-02-03 04:37:59,467 : episode: 170 score: 177.4 100 games avg: 177.4 steps 85 
INFO : 2021-02-03 04:38:23,208 : episode: 171 score: 179.4 100 games avg: 179.4 steps 83 
INFO : 2021-02-03 04:38:47,024 : episode: 172 score: 174.4 100 games avg: 174.4 steps 83 
INFO : 2021-02-03 04:39:10,869 : episode: 173 score: 175.4 100 games avg: 175.4 steps 83 
INFO : 2021-02-03 04:39:36,270 : episode: 174 score: 195.8 100 games avg: 195.8 steps 89 
INFO : 2021-02-03 04:40:01,618 : episode: 175 score: 195.5 100 games avg: 195.5 steps 89 
INFO : 2021-02-03 04:40:25,241 : episode: 176 score: 174.3 100 games avg: 174.3 steps 82 
INFO : 2021-02-03 04:40:48,988 : episode: 177 score: 173.4 100 games avg: 173.4 steps 82 
INFO : 2021-02-03 04:41:12,964 : episode: 178 score: 177.4 100 games avg: 177.4 steps 83 
INFO : 2021-02-03 04:41:37,235 : episode: 179 score: 178.3 100 games avg: 178.3 steps 84 
INFO : 2021-02-03 04:42:01,468 : episode: 180 score: 179.5 100 games avg: 179.5 steps 84 
INFO : 2021-02-03 04:42:25,601 : episode: 181 score: 177.6 100 games avg: 177.6 steps 83 
INFO : 2021-02-03 04:42:50,170 : episode: 182 score: 182.0 100 games avg: 182.0 steps 85 
INFO : 2021-02-03 04:43:14,751 : episode: 183 score: 182.2 100 games avg: 182.2 steps 85 
INFO : 2021-02-03 04:43:40,667 : episode: 184 score: 195.5 100 games avg: 195.5 steps 90 
INFO : 2021-02-03 04:44:04,781 : episode: 185 score: 176.7 100 games avg: 176.7 steps 83 
INFO : 2021-02-03 04:44:28,188 : episode: 186 score: 166.0 100 games avg: 166.0 steps 80 
INFO : 2021-02-03 04:44:51,957 : episode: 187 score: 171.9 100 games avg: 171.9 steps 81 
INFO : 2021-02-03 04:45:16,685 : episode: 188 score: 183.0 100 games avg: 183.0 steps 85 
INFO : 2021-02-03 04:45:41,865 : episode: 189 score: 181.5 100 games avg: 181.5 steps 87 
INFO : 2021-02-03 04:46:06,370 : episode: 190 score: 178.1 100 games avg: 178.1 steps 84 
INFO : 2021-02-03 04:46:30,444 : episode: 191 score: 173.0 100 games avg: 173.0 steps 82 
INFO : 2021-02-03 04:46:54,690 : episode: 192 score: 174.9 100 games avg: 174.9 steps 83 
INFO : 2021-02-03 04:47:19,183 : episode: 193 score: 178.9 100 games avg: 178.9 steps 84 
INFO : 2021-02-03 04:47:44,823 : episode: 194 score: 186.4 100 games avg: 186.4 steps 88 
INFO : 2021-02-03 04:48:09,735 : episode: 195 score: 178.4 100 games avg: 178.4 steps 84 
INFO : 2021-02-03 04:48:34,627 : episode: 196 score: 178.4 100 games avg: 178.4 steps 85 
INFO : 2021-02-03 04:48:59,732 : episode: 197 score: 185.1 100 games avg: 185.1 steps 86 
INFO : 2021-02-03 04:49:24,700 : episode: 198 score: 178.4 100 games avg: 178.4 steps 85 
INFO : 2021-02-03 04:49:49,631 : episode: 199 score: 181.9 100 games avg: 181.9 steps 85 
