INFO : 2021-01-30 22:40:59,385 : method: Model Predictive Contorol
INFO : 2021-01-30 22:40:59,386 : parameter n_steps: 100 ensemble_size: 5 env: Continuous_CartPole
INFO : 2021-01-30 22:41:04,954 : mpc horizon: 30 mpc_samples: 100 elite_sample: 30 grad_steps: 10
INFO : 2021-01-30 22:41:04,955 : mpc_function policy
INFO : 2021-01-30 22:41:04,955 : policy
INFO : 2021-01-30 22:41:12,406 : episode: 0 score: 15.0 100 games avg: 15.0 steps 16 
INFO : 2021-01-30 22:41:19,034 : episode: 1 score: 13.0 100 games avg: 13.0 steps 14 
INFO : 2021-01-30 22:41:26,578 : episode: 2 score: 15.0 100 games avg: 15.0 steps 16 
INFO : 2021-01-30 22:41:32,638 : episode: 3 score: 12.0 100 games avg: 12.0 steps 13 
INFO : 2021-01-30 22:41:38,689 : episode: 4 score: 12.0 100 games avg: 12.0 steps 13 
INFO : 2021-01-30 22:41:45,682 : episode: 5 score: 14.0 100 games avg: 14.0 steps 15 
INFO : 2021-01-30 22:41:52,658 : episode: 6 score: 14.0 100 games avg: 14.0 steps 15 
INFO : 2021-01-30 22:42:00,564 : episode: 7 score: 16.0 100 games avg: 16.0 steps 17 
INFO : 2021-01-30 22:42:08,013 : episode: 8 score: 15.0 100 games avg: 15.0 steps 16 
INFO : 2021-01-30 22:42:16,368 : episode: 9 score: 17.0 100 games avg: 17.0 steps 18 
INFO : 2021-01-30 22:42:23,348 : episode: 10 score: 14.0 100 games avg: 14.0 steps 15 
INFO : 2021-01-30 22:42:31,240 : episode: 11 score: 16.0 100 games avg: 16.0 steps 17 
INFO : 2021-01-30 22:42:38,677 : episode: 12 score: 15.0 100 games avg: 15.0 steps 16 
INFO : 2021-01-30 22:42:47,037 : episode: 13 score: 17.0 100 games avg: 17.0 steps 18 
INFO : 2021-01-30 22:42:53,551 : episode: 14 score: 13.0 100 games avg: 13.0 steps 14 
INFO : 2021-01-30 22:43:01,023 : episode: 15 score: 15.0 100 games avg: 15.0 steps 16 
INFO : 2021-01-30 22:43:07,242 : episode: 16 score: 12.0 100 games avg: 12.0 steps 13 
INFO : 2021-01-30 22:43:22,791 : episode: 17 score: 31.0 100 games avg: 31.0 steps 32 
INFO : 2021-01-30 22:43:33,510 : episode: 18 score: 21.0 100 games avg: 21.0 steps 22 
INFO : 2021-01-30 22:43:39,874 : episode: 19 score: 12.0 100 games avg: 12.0 steps 13 
INFO : 2021-01-30 22:43:43,350 : episode: 20 score: 6.0 100 games avg: 6.0 steps 7 
INFO : 2021-01-30 22:43:48,749 : episode: 21 score: 10.0 100 games avg: 10.0 steps 11 
INFO : 2021-01-30 22:44:12,525 : episode: 22 score: 48.0 100 games avg: 48.0 steps 49 
INFO : 2021-01-30 22:44:16,483 : episode: 23 score: 7.0 100 games avg: 7.0 steps 8 
INFO : 2021-01-30 22:44:34,946 : episode: 24 score: 37.0 100 games avg: 37.0 steps 38 
INFO : 2021-01-30 22:44:38,421 : episode: 25 score: 6.0 100 games avg: 6.0 steps 7 
INFO : 2021-01-30 22:44:50,117 : episode: 26 score: 23.0 100 games avg: 23.0 steps 24 
INFO : 2021-01-30 22:44:58,908 : episode: 27 score: 17.0 100 games avg: 17.0 steps 18 
INFO : 2021-01-30 22:45:02,388 : episode: 28 score: 6.0 100 games avg: 6.0 steps 7 
INFO : 2021-01-30 22:45:24,226 : episode: 29 score: 44.0 100 games avg: 44.0 steps 45 
INFO : 2021-01-30 22:45:39,396 : episode: 30 score: 30.0 100 games avg: 30.0 steps 31 
INFO : 2021-01-30 22:45:43,434 : episode: 31 score: 7.0 100 games avg: 7.0 steps 8 
INFO : 2021-01-30 22:46:15,441 : episode: 32 score: 65.0 100 games avg: 65.0 steps 66 
INFO : 2021-01-30 22:48:24,374 : episode: 33 score: 99.0 100 games avg: 99.0 steps 100 
INFO : 2021-01-30 22:48:40,139 : episode: 34 score: 6.0 100 games avg: 6.0 steps 7 
INFO : 2021-01-30 22:49:47,016 : episode: 35 score: 29.0 100 games avg: 29.0 steps 30 
INFO : 2021-01-30 22:51:11,752 : episode: 36 score: 37.0 100 games avg: 37.0 steps 38 
INFO : 2021-01-30 22:52:54,528 : episode: 37 score: 70.0 100 games avg: 70.0 steps 71 
INFO : 2021-01-30 22:53:08,763 : episode: 38 score: 28.0 100 games avg: 28.0 steps 29 
INFO : 2021-01-30 22:53:25,423 : episode: 39 score: 33.0 100 games avg: 33.0 steps 34 
INFO : 2021-01-30 22:53:36,778 : episode: 40 score: 22.0 100 games avg: 22.0 steps 23 
INFO : 2021-01-30 22:53:47,651 : episode: 41 score: 21.0 100 games avg: 21.0 steps 22 
INFO : 2021-01-30 22:54:32,747 : episode: 42 score: 92.0 100 games avg: 92.0 steps 93 
INFO : 2021-01-30 22:55:13,622 : episode: 43 score: 83.0 100 games avg: 83.0 steps 84 
INFO : 2021-01-30 22:55:36,136 : episode: 44 score: 45.0 100 games avg: 45.0 steps 46 
INFO : 2021-01-30 22:56:09,742 : episode: 45 score: 68.0 100 games avg: 68.0 steps 69 
INFO : 2021-01-30 22:57:06,220 : episode: 46 score: 115.0 100 games avg: 115.0 steps 116 
INFO : 2021-01-30 22:58:26,955 : episode: 47 score: 165.0 100 games avg: 165.0 steps 166 
INFO : 2021-01-30 23:00:05,350 : episode: 48 score: 200.0 100 games avg: 200.0 steps 201 
INFO : 2021-01-30 23:01:43,105 : episode: 49 score: 200.0 100 games avg: 200.0 steps 201 
INFO : 2021-01-30 23:02:48,494 : episode: 50 score: 133.0 100 games avg: 133.0 steps 134 
INFO : 2021-01-30 23:04:26,445 : episode: 51 score: 200.0 100 games avg: 200.0 steps 201 
INFO : 2021-01-30 23:05:31,087 : episode: 52 score: 131.0 100 games avg: 131.0 steps 132 
INFO : 2021-01-30 23:07:09,957 : episode: 53 score: 200.0 100 games avg: 200.0 steps 201 
INFO : 2021-01-30 23:08:19,494 : episode: 54 score: 141.0 100 games avg: 141.0 steps 142 
INFO : 2021-01-30 23:09:27,115 : episode: 55 score: 137.0 100 games avg: 137.0 steps 138 
INFO : 2021-01-30 23:10:45,456 : episode: 56 score: 159.0 100 games avg: 159.0 steps 160 
INFO : 2021-01-30 23:12:23,661 : episode: 57 score: 200.0 100 games avg: 200.0 steps 201 
INFO : 2021-01-30 23:14:01,924 : episode: 58 score: 200.0 100 games avg: 200.0 steps 201 
INFO : 2021-01-30 23:15:40,214 : episode: 59 score: 200.0 100 games avg: 200.0 steps 201 
INFO : 2021-01-30 23:17:18,509 : episode: 60 score: 200.0 100 games avg: 200.0 steps 201 
INFO : 2021-01-30 23:18:39,642 : episode: 61 score: 164.0 100 games avg: 164.0 steps 165 
INFO : 2021-01-30 23:20:18,091 : episode: 62 score: 200.0 100 games avg: 200.0 steps 201 
INFO : 2021-01-30 23:21:56,494 : episode: 63 score: 200.0 100 games avg: 200.0 steps 201 
INFO : 2021-01-30 23:23:34,840 : episode: 64 score: 200.0 100 games avg: 200.0 steps 201 
INFO : 2021-01-30 23:25:13,339 : episode: 65 score: 200.0 100 games avg: 200.0 steps 201 
INFO : 2021-01-30 23:26:52,049 : episode: 66 score: 200.0 100 games avg: 200.0 steps 201 
INFO : 2021-01-30 23:28:30,918 : episode: 67 score: 200.0 100 games avg: 200.0 steps 201 
INFO : 2021-01-30 23:30:09,880 : episode: 68 score: 200.0 100 games avg: 200.0 steps 201 
INFO : 2021-01-30 23:31:48,793 : episode: 69 score: 200.0 100 games avg: 200.0 steps 201 
INFO : 2021-01-30 23:33:11,030 : episode: 70 score: 165.0 100 games avg: 165.0 steps 166 
INFO : 2021-01-30 23:34:50,201 : episode: 71 score: 200.0 100 games avg: 200.0 steps 201 
INFO : 2021-01-30 23:36:29,003 : episode: 72 score: 200.0 100 games avg: 200.0 steps 201 
INFO : 2021-01-30 23:38:05,661 : episode: 73 score: 195.0 100 games avg: 195.0 steps 196 
INFO : 2021-01-30 23:39:45,071 : episode: 74 score: 200.0 100 games avg: 200.0 steps 201 
INFO : 2021-01-30 23:41:24,477 : episode: 75 score: 200.0 100 games avg: 200.0 steps 201 
INFO : 2021-01-30 23:43:03,999 : episode: 76 score: 200.0 100 games avg: 200.0 steps 201 
INFO : 2021-01-30 23:44:43,650 : episode: 77 score: 200.0 100 games avg: 200.0 steps 201 
INFO : 2021-01-30 23:46:21,412 : episode: 78 score: 196.0 100 games avg: 196.0 steps 197 
INFO : 2021-01-30 23:48:00,986 : episode: 79 score: 200.0 100 games avg: 200.0 steps 201 
INFO : 2021-01-30 23:49:40,301 : episode: 80 score: 200.0 100 games avg: 200.0 steps 201 
INFO : 2021-01-30 23:51:19,831 : episode: 81 score: 200.0 100 games avg: 200.0 steps 201 
INFO : 2021-01-30 23:52:59,781 : episode: 82 score: 200.0 100 games avg: 200.0 steps 201 
INFO : 2021-01-30 23:54:39,667 : episode: 83 score: 200.0 100 games avg: 200.0 steps 201 
INFO : 2021-01-30 23:56:19,439 : episode: 84 score: 200.0 100 games avg: 200.0 steps 201 
INFO : 2021-01-30 23:57:59,615 : episode: 85 score: 200.0 100 games avg: 200.0 steps 201 
INFO : 2021-01-30 23:59:26,576 : episode: 86 score: 173.0 100 games avg: 173.0 steps 174 
INFO : 2021-01-31 00:00:45,608 : episode: 87 score: 156.0 100 games avg: 156.0 steps 157 
INFO : 2021-01-31 00:02:25,777 : episode: 88 score: 200.0 100 games avg: 200.0 steps 201 
INFO : 2021-01-31 00:03:39,348 : episode: 89 score: 145.0 100 games avg: 145.0 steps 146 
INFO : 2021-01-31 00:05:19,380 : episode: 90 score: 200.0 100 games avg: 200.0 steps 201 
INFO : 2021-01-31 00:06:31,348 : episode: 91 score: 141.0 100 games avg: 141.0 steps 142 
INFO : 2021-01-31 00:08:11,694 : episode: 92 score: 200.0 100 games avg: 200.0 steps 201 
INFO : 2021-01-31 00:09:53,021 : episode: 93 score: 200.0 100 games avg: 200.0 steps 201 
INFO : 2021-01-31 00:11:33,852 : episode: 94 score: 200.0 100 games avg: 200.0 steps 201 
INFO : 2021-01-31 00:13:14,760 : episode: 95 score: 200.0 100 games avg: 200.0 steps 201 
INFO : 2021-01-31 00:14:39,192 : episode: 96 score: 166.0 100 games avg: 166.0 steps 167 
INFO : 2021-01-31 00:16:20,231 : episode: 97 score: 200.0 100 games avg: 200.0 steps 201 
INFO : 2021-01-31 00:18:01,337 : episode: 98 score: 200.0 100 games avg: 200.0 steps 201 
INFO : 2021-01-31 00:19:42,979 : episode: 99 score: 200.0 100 games avg: 200.0 steps 201 
