INFO : 2020-12-22 15:58:17,524 : method: Model Predictive Contorol
INFO : 2020-12-22 15:58:17,525 : parameter n_steps: 100 ensemble_size: 5 env: HalfCheetah-v2
INFO : 2020-12-22 15:58:20,800 : mpc horizon: 10 mpc_samples: 200 grad_steps: 10
INFO : 2020-12-22 15:58:20,801 : mpc_function policy-kl
INFO : 2020-12-22 16:25:45,878 : episode: 0 score: -351.3 100 games avg: -351.3 steps 1000 
INFO : 2020-12-22 16:53:14,760 : episode: 1 score: -575.3 100 games avg: -575.3 steps 1000 
INFO : 2020-12-22 17:20:46,214 : episode: 2 score: -358.0 100 games avg: -358.0 steps 1000 
INFO : 2020-12-22 17:48:23,050 : episode: 3 score: -424.2 100 games avg: -424.2 steps 1000 
INFO : 2020-12-22 18:15:52,666 : episode: 4 score: -316.6 100 games avg: -316.6 steps 1000 
INFO : 2020-12-22 18:43:20,128 : episode: 5 score: -241.8 100 games avg: -241.8 steps 1000 
INFO : 2020-12-22 19:10:48,198 : episode: 6 score: -208.2 100 games avg: -208.2 steps 1000 
INFO : 2020-12-22 19:38:18,773 : episode: 7 score: -279.9 100 games avg: -279.9 steps 1000 
INFO : 2020-12-22 20:05:49,964 : episode: 8 score: -252.8 100 games avg: -252.8 steps 1000 
INFO : 2020-12-22 20:33:25,419 : episode: 9 score: -192.8 100 games avg: -192.8 steps 1000 
INFO : 2020-12-22 21:01:05,258 : episode: 10 score: -174.3 100 games avg: -174.3 steps 1000 
INFO : 2020-12-22 21:28:37,533 : episode: 11 score: -178.9 100 games avg: -178.9 steps 1000 
INFO : 2020-12-22 21:56:08,409 : episode: 12 score: -212.2 100 games avg: -212.2 steps 1000 
INFO : 2020-12-22 22:23:49,676 : episode: 13 score: -104.4 100 games avg: -104.4 steps 1000 
INFO : 2020-12-22 22:51:26,003 : episode: 14 score: -236.0 100 games avg: -236.0 steps 1000 
INFO : 2020-12-22 23:18:59,556 : episode: 15 score: -202.3 100 games avg: -202.3 steps 1000 
INFO : 2020-12-22 23:46:36,434 : episode: 16 score: -171.9 100 games avg: -171.9 steps 1000 
INFO : 2020-12-23 00:14:11,371 : episode: 17 score: -193.8 100 games avg: -193.8 steps 1000 
INFO : 2020-12-23 00:41:44,721 : episode: 18 score: -132.5 100 games avg: -132.5 steps 1000 
INFO : 2020-12-23 01:09:18,461 : episode: 19 score: -223.9 100 games avg: -223.9 steps 1000 
INFO : 2020-12-23 01:36:54,181 : episode: 20 score: -152.6 100 games avg: -152.6 steps 1000 
INFO : 2020-12-23 02:04:30,729 : episode: 21 score: -218.3 100 games avg: -218.3 steps 1000 
INFO : 2020-12-23 02:32:11,153 : episode: 22 score: -144.7 100 games avg: -144.7 steps 1000 
INFO : 2020-12-23 02:59:48,439 : episode: 23 score: -138.2 100 games avg: -138.2 steps 1000 
INFO : 2020-12-23 03:27:24,008 : episode: 24 score: -151.7 100 games avg: -151.7 steps 1000 
INFO : 2020-12-23 03:55:00,703 : episode: 25 score: -92.8 100 games avg: -92.8 steps 1000 
INFO : 2020-12-23 04:22:45,243 : episode: 26 score: -169.1 100 games avg: -169.1 steps 1000 
INFO : 2020-12-23 04:50:26,529 : episode: 27 score: -105.7 100 games avg: -105.7 steps 1000 
INFO : 2020-12-23 05:18:03,659 : episode: 28 score: -131.1 100 games avg: -131.1 steps 1000 
INFO : 2020-12-23 05:45:42,774 : episode: 29 score: -82.1 100 games avg: -82.1 steps 1000 
INFO : 2020-12-23 06:13:20,822 : episode: 30 score: -122.8 100 games avg: -122.8 steps 1000 
INFO : 2020-12-23 06:41:05,127 : episode: 31 score: -118.4 100 games avg: -118.4 steps 1000 
INFO : 2020-12-23 07:08:49,389 : episode: 32 score: -105.6 100 games avg: -105.6 steps 1000 
INFO : 2020-12-23 07:36:30,381 : episode: 33 score: -98.5 100 games avg: -98.5 steps 1000 
INFO : 2020-12-23 08:04:09,870 : episode: 34 score: -58.7 100 games avg: -58.7 steps 1000 
INFO : 2020-12-23 08:31:54,266 : episode: 35 score: 4.1 100 games avg: 4.1 steps 1000 
INFO : 2020-12-23 08:59:38,898 : episode: 36 score: -28.3 100 games avg: -28.3 steps 1000 
INFO : 2020-12-23 09:27:18,234 : episode: 37 score: 11.3 100 games avg: 11.3 steps 1000 
INFO : 2020-12-23 09:55:04,845 : episode: 38 score: 38.3 100 games avg: 38.3 steps 1000 
INFO : 2020-12-23 10:22:47,769 : episode: 39 score: 34.7 100 games avg: 34.7 steps 1000 
INFO : 2020-12-23 10:50:30,437 : episode: 40 score: 85.6 100 games avg: 85.6 steps 1000 
INFO : 2020-12-23 11:18:16,999 : episode: 41 score: 122.3 100 games avg: 122.3 steps 1000 
INFO : 2020-12-23 11:46:09,015 : episode: 42 score: 173.5 100 games avg: 173.5 steps 1000 
INFO : 2020-12-23 12:13:51,816 : episode: 43 score: 139.1 100 games avg: 139.1 steps 1000 
INFO : 2020-12-23 12:41:35,616 : episode: 44 score: 209.9 100 games avg: 209.9 steps 1000 
INFO : 2020-12-23 13:09:18,233 : episode: 45 score: 229.0 100 games avg: 229.0 steps 1000 
INFO : 2020-12-23 13:37:03,812 : episode: 46 score: 244.0 100 games avg: 244.0 steps 1000 
INFO : 2020-12-23 14:04:50,384 : episode: 47 score: 273.8 100 games avg: 273.8 steps 1000 
INFO : 2020-12-23 14:32:35,356 : episode: 48 score: 278.2 100 games avg: 278.2 steps 1000 
INFO : 2020-12-23 15:00:22,251 : episode: 49 score: 373.6 100 games avg: 373.6 steps 1000 
INFO : 2020-12-23 15:28:09,943 : episode: 50 score: 346.7 100 games avg: 346.7 steps 1000 
INFO : 2020-12-23 15:56:00,010 : episode: 51 score: 379.3 100 games avg: 379.3 steps 1000 
INFO : 2020-12-23 16:23:47,533 : episode: 52 score: 375.3 100 games avg: 375.3 steps 1000 
INFO : 2020-12-23 16:51:34,318 : episode: 53 score: 445.0 100 games avg: 445.0 steps 1000 
INFO : 2020-12-23 17:19:26,828 : episode: 54 score: 409.6 100 games avg: 409.6 steps 1000 
INFO : 2020-12-23 17:47:16,268 : episode: 55 score: 413.9 100 games avg: 413.9 steps 1000 
INFO : 2020-12-23 18:15:08,186 : episode: 56 score: 398.1 100 games avg: 398.1 steps 1000 
INFO : 2020-12-23 18:42:58,663 : episode: 57 score: 479.3 100 games avg: 479.3 steps 1000 
INFO : 2020-12-23 19:10:49,238 : episode: 58 score: 504.0 100 games avg: 504.0 steps 1000 
INFO : 2020-12-23 19:38:38,358 : episode: 59 score: 514.5 100 games avg: 514.5 steps 1000 
INFO : 2020-12-23 20:06:27,944 : episode: 60 score: 442.6 100 games avg: 442.6 steps 1000 
INFO : 2020-12-23 20:34:26,986 : episode: 61 score: 568.0 100 games avg: 568.0 steps 1000 
INFO : 2020-12-23 21:02:18,981 : episode: 62 score: 513.7 100 games avg: 513.7 steps 1000 
INFO : 2020-12-23 21:30:11,588 : episode: 63 score: 501.1 100 games avg: 501.1 steps 1000 
INFO : 2020-12-23 21:58:07,004 : episode: 64 score: 474.4 100 games avg: 474.4 steps 1000 
INFO : 2020-12-23 22:26:00,547 : episode: 65 score: 530.2 100 games avg: 530.2 steps 1000 
INFO : 2020-12-23 22:53:54,429 : episode: 66 score: 486.1 100 games avg: 486.1 steps 1000 
INFO : 2020-12-23 23:21:46,381 : episode: 67 score: 521.8 100 games avg: 521.8 steps 1000 
INFO : 2020-12-23 23:49:42,013 : episode: 68 score: 466.1 100 games avg: 466.1 steps 1000 
INFO : 2020-12-24 00:17:39,290 : episode: 69 score: 515.1 100 games avg: 515.1 steps 1000 
INFO : 2020-12-24 00:45:35,188 : episode: 70 score: 499.5 100 games avg: 499.5 steps 1000 
INFO : 2020-12-24 01:13:34,176 : episode: 71 score: 564.8 100 games avg: 564.8 steps 1000 
INFO : 2020-12-24 01:41:30,018 : episode: 72 score: 599.5 100 games avg: 599.5 steps 1000 
INFO : 2020-12-24 02:09:29,770 : episode: 73 score: 508.8 100 games avg: 508.8 steps 1000 
INFO : 2020-12-24 02:37:28,903 : episode: 74 score: 519.8 100 games avg: 519.8 steps 1000 
INFO : 2020-12-24 03:05:22,898 : episode: 75 score: 585.9 100 games avg: 585.9 steps 1000 
INFO : 2020-12-24 03:33:27,593 : episode: 76 score: 544.2 100 games avg: 544.2 steps 1000 
INFO : 2020-12-24 04:01:23,466 : episode: 77 score: 629.6 100 games avg: 629.6 steps 1000 
INFO : 2020-12-24 04:29:19,397 : episode: 78 score: 654.8 100 games avg: 654.8 steps 1000 
INFO : 2020-12-24 04:57:20,446 : episode: 79 score: 665.9 100 games avg: 665.9 steps 1000 
INFO : 2020-12-24 05:25:19,490 : episode: 80 score: 677.5 100 games avg: 677.5 steps 1000 
INFO : 2020-12-24 05:53:18,264 : episode: 81 score: 653.1 100 games avg: 653.1 steps 1000 
INFO : 2020-12-24 06:21:15,813 : episode: 82 score: 656.2 100 games avg: 656.2 steps 1000 
INFO : 2020-12-24 06:49:18,400 : episode: 83 score: 577.0 100 games avg: 577.0 steps 1000 
INFO : 2020-12-24 07:17:17,828 : episode: 84 score: 590.6 100 games avg: 590.6 steps 1000 
INFO : 2020-12-24 07:45:15,871 : episode: 85 score: 669.0 100 games avg: 669.0 steps 1000 
INFO : 2020-12-24 08:13:19,443 : episode: 86 score: 713.1 100 games avg: 713.1 steps 1000 
INFO : 2020-12-24 08:41:18,969 : episode: 87 score: 718.5 100 games avg: 718.5 steps 1000 
INFO : 2020-12-24 09:09:23,152 : episode: 88 score: 711.0 100 games avg: 711.0 steps 1000 
INFO : 2020-12-24 09:37:23,957 : episode: 89 score: 628.1 100 games avg: 628.1 steps 1000 
INFO : 2020-12-24 10:05:26,591 : episode: 90 score: 702.8 100 games avg: 702.8 steps 1000 
INFO : 2020-12-24 10:33:31,917 : episode: 91 score: 695.9 100 games avg: 695.9 steps 1000 
INFO : 2020-12-24 11:01:33,934 : episode: 92 score: 743.9 100 games avg: 743.9 steps 1000 
INFO : 2020-12-24 11:29:35,326 : episode: 93 score: 665.9 100 games avg: 665.9 steps 1000 
INFO : 2020-12-24 11:57:37,089 : episode: 94 score: 718.0 100 games avg: 718.0 steps 1000 
INFO : 2020-12-24 12:25:44,520 : episode: 95 score: 716.4 100 games avg: 716.4 steps 1000 
INFO : 2020-12-24 12:53:49,273 : episode: 96 score: 722.1 100 games avg: 722.1 steps 1000 
INFO : 2020-12-24 13:21:56,906 : episode: 97 score: 725.7 100 games avg: 725.7 steps 1000 
INFO : 2020-12-24 13:50:10,392 : episode: 98 score: 740.2 100 games avg: 740.2 steps 1000 
INFO : 2020-12-24 14:18:14,472 : episode: 99 score: 724.7 100 games avg: 724.7 steps 1000 
