INFO : 2021-01-24 17:10:03,578 : method: Model Predictive Contorol
INFO : 2021-01-24 17:10:03,578 : parameter n_steps: 500 ensemble_size: 5 env: Hopper-v2
INFO : 2021-01-24 17:10:06,392 : mpc horizon: 30 mpc_samples: 100 elite_sample: 30 grad_steps: 10
INFO : 2021-01-24 17:10:06,392 : mpc_function policy
INFO : 2021-01-24 17:10:06,392 : policy
INFO : 2021-01-24 17:11:55,553 : episode: 0 score: 80.2 100 games avg: 80.2 steps 52 
INFO : 2021-01-24 17:13:55,017 : episode: 1 score: 85.3 100 games avg: 85.3 steps 57 
INFO : 2021-01-24 17:15:42,024 : episode: 2 score: 78.5 100 games avg: 78.5 steps 51 
INFO : 2021-01-24 17:17:43,186 : episode: 3 score: 87.9 100 games avg: 87.9 steps 58 
INFO : 2021-01-24 17:20:08,322 : episode: 4 score: 109.7 100 games avg: 109.7 steps 69 
INFO : 2021-01-24 17:21:16,255 : episode: 5 score: 53.5 100 games avg: 53.5 steps 32 
INFO : 2021-01-24 17:22:16,104 : episode: 6 score: 32.3 100 games avg: 32.3 steps 28 
INFO : 2021-01-24 17:23:32,627 : episode: 7 score: 54.8 100 games avg: 54.8 steps 36 
INFO : 2021-01-24 17:24:02,556 : episode: 8 score: 11.3 100 games avg: 11.3 steps 14 
INFO : 2021-01-24 17:24:21,616 : episode: 9 score: 6.1 100 games avg: 6.1 steps 9 
INFO : 2021-01-24 17:24:40,848 : episode: 10 score: 6.4 100 games avg: 6.4 steps 9 
INFO : 2021-01-24 17:25:34,385 : episode: 11 score: 42.5 100 games avg: 42.5 steps 25 
INFO : 2021-01-24 17:26:31,353 : episode: 12 score: 46.1 100 games avg: 46.1 steps 27 
INFO : 2021-01-24 17:27:58,012 : episode: 13 score: 54.1 100 games avg: 54.1 steps 41 
INFO : 2021-01-24 17:29:18,801 : episode: 14 score: 65.2 100 games avg: 65.2 steps 38 
INFO : 2021-01-24 17:30:16,019 : episode: 15 score: 45.2 100 games avg: 45.2 steps 27 
INFO : 2021-01-24 17:31:20,054 : episode: 16 score: 41.7 100 games avg: 41.7 steps 30 
INFO : 2021-01-24 17:32:34,390 : episode: 17 score: 50.2 100 games avg: 50.2 steps 35 
INFO : 2021-01-24 17:33:21,009 : episode: 18 score: 38.1 100 games avg: 38.1 steps 22 
INFO : 2021-01-24 17:34:14,152 : episode: 19 score: 42.1 100 games avg: 42.1 steps 25 
INFO : 2021-01-24 17:35:26,131 : episode: 20 score: 51.4 100 games avg: 51.4 steps 34 
INFO : 2021-01-24 17:36:06,041 : episode: 21 score: 1.7 100 games avg: 1.7 steps 19 
INFO : 2021-01-24 17:36:51,157 : episode: 22 score: 25.4 100 games avg: 25.4 steps 21 
INFO : 2021-01-24 17:37:44,303 : episode: 23 score: 43.4 100 games avg: 43.4 steps 25 
INFO : 2021-01-24 17:38:46,129 : episode: 24 score: 48.8 100 games avg: 48.8 steps 29 
INFO : 2021-01-24 17:39:41,940 : episode: 25 score: 45.0 100 games avg: 45.0 steps 26 
INFO : 2021-01-24 17:40:35,325 : episode: 26 score: 42.8 100 games avg: 42.8 steps 25 
INFO : 2021-01-24 17:41:28,668 : episode: 27 score: 42.5 100 games avg: 42.5 steps 25 
INFO : 2021-01-24 17:42:58,284 : episode: 28 score: 58.6 100 games avg: 58.6 steps 42 
INFO : 2021-01-24 17:44:15,408 : episode: 29 score: 53.5 100 games avg: 53.5 steps 39 
INFO : 2021-01-24 17:46:01,133 : episode: 30 score: 82.5 100 games avg: 82.5 steps 50 
INFO : 2021-01-24 17:47:17,717 : episode: 31 score: 55.6 100 games avg: 55.6 steps 36 
INFO : 2021-01-24 17:49:00,461 : episode: 32 score: 74.6 100 games avg: 74.6 steps 48 
INFO : 2021-01-24 17:50:27,928 : episode: 33 score: 63.7 100 games avg: 63.7 steps 41 
INFO : 2021-01-24 17:51:57,038 : episode: 34 score: 74.1 100 games avg: 74.1 steps 42 
INFO : 2021-01-24 17:53:28,976 : episode: 35 score: 77.6 100 games avg: 77.6 steps 43 
INFO : 2021-01-24 17:55:52,772 : episode: 36 score: 131.6 100 games avg: 131.6 steps 71 
INFO : 2021-01-24 17:57:08,830 : episode: 37 score: 69.7 100 games avg: 69.7 steps 39 
INFO : 2021-01-24 17:58:23,695 : episode: 38 score: 61.5 100 games avg: 61.5 steps 35 
INFO : 2021-01-24 17:59:36,502 : episode: 39 score: 60.2 100 games avg: 60.2 steps 34 
INFO : 2021-01-24 18:00:40,520 : episode: 40 score: 52.5 100 games avg: 52.5 steps 30 
INFO : 2021-01-24 18:01:44,535 : episode: 41 score: 53.3 100 games avg: 53.3 steps 30 
INFO : 2021-01-24 18:02:44,277 : episode: 42 score: 48.8 100 games avg: 48.8 steps 28 
INFO : 2021-01-24 18:03:59,588 : episode: 43 score: 61.2 100 games avg: 61.2 steps 35 
INFO : 2021-01-24 18:04:53,106 : episode: 44 score: 43.4 100 games avg: 43.4 steps 25 
INFO : 2021-01-24 18:06:09,417 : episode: 45 score: 63.6 100 games avg: 63.6 steps 36 
INFO : 2021-01-24 18:07:41,215 : episode: 46 score: 75.4 100 games avg: 75.4 steps 43 
INFO : 2021-01-24 18:11:00,458 : episode: 47 score: 184.2 100 games avg: 184.2 steps 94 
INFO : 2021-01-24 18:12:02,321 : episode: 48 score: 50.4 100 games avg: 50.4 steps 29 
INFO : 2021-01-24 18:15:23,506 : episode: 49 score: 180.2 100 games avg: 180.2 steps 95 
INFO : 2021-01-24 18:18:46,829 : episode: 50 score: 185.5 100 games avg: 185.5 steps 96 
INFO : 2021-01-24 18:21:55,859 : episode: 51 score: 167.9 100 games avg: 167.9 steps 89 
INFO : 2021-01-24 18:24:45,829 : episode: 52 score: 148.2 100 games avg: 148.2 steps 80 
INFO : 2021-01-24 18:26:56,348 : episode: 53 score: 108.8 100 games avg: 108.8 steps 61 
INFO : 2021-01-24 18:29:52,145 : episode: 54 score: 155.8 100 games avg: 155.8 steps 83 
INFO : 2021-01-24 18:32:40,180 : episode: 55 score: 152.1 100 games avg: 152.1 steps 84 
INFO : 2021-01-24 18:35:35,831 : episode: 56 score: 145.4 100 games avg: 145.4 steps 83 
INFO : 2021-01-24 18:38:43,514 : episode: 57 score: 160.7 100 games avg: 160.7 steps 88 
INFO : 2021-01-24 18:41:31,351 : episode: 58 score: 141.3 100 games avg: 141.3 steps 79 
INFO : 2021-01-24 18:44:51,249 : episode: 59 score: 175.6 100 games avg: 175.6 steps 94 
INFO : 2021-01-24 18:48:12,137 : episode: 60 score: 175.5 100 games avg: 175.5 steps 95 
INFO : 2021-01-24 18:51:36,128 : episode: 61 score: 179.6 100 games avg: 179.6 steps 96 
INFO : 2021-01-24 18:54:46,905 : episode: 62 score: 164.2 100 games avg: 164.2 steps 90 
INFO : 2021-01-24 18:58:09,502 : episode: 63 score: 186.5 100 games avg: 186.5 steps 102 
INFO : 2021-01-24 19:01:35,171 : episode: 64 score: 180.3 100 games avg: 180.3 steps 97 
INFO : 2021-01-24 19:04:47,782 : episode: 65 score: 169.4 100 games avg: 169.4 steps 91 
INFO : 2021-01-24 19:08:19,541 : episode: 66 score: 185.9 100 games avg: 185.9 steps 100 
INFO : 2021-01-24 19:11:58,022 : episode: 67 score: 196.2 100 games avg: 196.2 steps 103 
INFO : 2021-01-24 19:15:35,037 : episode: 68 score: 192.2 100 games avg: 192.2 steps 102 
INFO : 2021-01-24 19:19:05,988 : episode: 69 score: 195.0 100 games avg: 195.0 steps 99 
INFO : 2021-01-24 19:22:36,940 : episode: 70 score: 190.8 100 games avg: 190.8 steps 99 
INFO : 2021-01-24 19:25:58,795 : episode: 71 score: 193.0 100 games avg: 193.0 steps 95 
INFO : 2021-01-24 19:29:14,507 : episode: 72 score: 189.7 100 games avg: 189.7 steps 92 
INFO : 2021-01-24 19:32:23,583 : episode: 73 score: 185.6 100 games avg: 185.6 steps 93 
INFO : 2021-01-24 19:35:47,551 : episode: 74 score: 192.3 100 games avg: 192.3 steps 99 
INFO : 2021-01-24 19:39:00,960 : episode: 75 score: 165.6 100 games avg: 165.6 steps 91 
INFO : 2021-01-24 19:42:20,851 : episode: 76 score: 180.2 100 games avg: 180.2 steps 94 
INFO : 2021-01-24 19:45:40,849 : episode: 77 score: 187.7 100 games avg: 187.7 steps 94 
INFO : 2021-01-24 19:49:01,056 : episode: 78 score: 185.8 100 games avg: 185.8 steps 94 
INFO : 2021-01-24 19:52:31,765 : episode: 79 score: 177.4 100 games avg: 177.4 steps 99 
INFO : 2021-01-24 19:55:56,492 : episode: 80 score: 186.0 100 games avg: 186.0 steps 96 
INFO : 2021-01-24 19:59:13,931 : episode: 81 score: 169.0 100 games avg: 169.0 steps 93 
INFO : 2021-01-24 20:02:25,909 : episode: 82 score: 185.2 100 games avg: 185.2 steps 90 
INFO : 2021-01-24 20:05:51,936 : episode: 83 score: 185.4 100 games avg: 185.4 steps 97 
INFO : 2021-01-24 20:08:59,656 : episode: 84 score: 190.2 100 games avg: 190.2 steps 98 
INFO : 2021-01-24 20:12:08,606 : episode: 85 score: 189.5 100 games avg: 189.5 steps 99 
INFO : 2021-01-24 20:15:29,002 : episode: 86 score: 186.6 100 games avg: 186.6 steps 94 
INFO : 2021-01-24 20:18:56,633 : episode: 87 score: 190.4 100 games avg: 190.4 steps 97 
INFO : 2021-01-24 20:22:14,539 : episode: 88 score: 186.6 100 games avg: 186.6 steps 93 
INFO : 2021-01-24 20:25:39,025 : episode: 89 score: 190.3 100 games avg: 190.3 steps 96 
INFO : 2021-01-24 20:28:58,892 : episode: 90 score: 191.4 100 games avg: 191.4 steps 94 
INFO : 2021-01-24 20:32:13,752 : episode: 91 score: 187.1 100 games avg: 187.1 steps 91 
INFO : 2021-01-24 20:35:27,102 : episode: 92 score: 189.6 100 games avg: 189.6 steps 91 
INFO : 2021-01-24 20:39:04,756 : episode: 93 score: 212.7 100 games avg: 212.7 steps 102 
INFO : 2021-01-24 20:42:27,689 : episode: 94 score: 188.2 100 games avg: 188.2 steps 95 
INFO : 2021-01-24 20:45:56,559 : episode: 95 score: 189.3 100 games avg: 189.3 steps 98 
INFO : 2021-01-24 20:46:23,923 : episode: 96 score: 9.5 100 games avg: 9.5 steps 12 
INFO : 2021-01-24 20:49:16,653 : episode: 97 score: 188.1 100 games avg: 188.1 steps 93 
INFO : 2021-01-24 20:49:50,541 : episode: 98 score: 13.5 100 games avg: 13.5 steps 15 
INFO : 2021-01-24 20:50:22,091 : episode: 99 score: 12.4 100 games avg: 12.4 steps 14 
INFO : 2021-01-24 20:51:02,007 : episode: 100 score: 19.5 100 games avg: 19.5 steps 18 
INFO : 2021-01-24 20:54:29,055 : episode: 101 score: 203.8 100 games avg: 203.8 steps 97 
INFO : 2021-01-24 20:57:53,406 : episode: 102 score: 188.9 100 games avg: 188.9 steps 96 
INFO : 2021-01-24 21:01:14,146 : episode: 103 score: 201.4 100 games avg: 201.4 steps 94 
INFO : 2021-01-24 21:04:32,652 : episode: 104 score: 199.7 100 games avg: 199.7 steps 93 
INFO : 2021-01-24 21:07:47,453 : episode: 105 score: 195.0 100 games avg: 195.0 steps 91 
INFO : 2021-01-24 21:11:07,664 : episode: 106 score: 191.2 100 games avg: 191.2 steps 94 
INFO : 2021-01-24 21:14:24,460 : episode: 107 score: 194.5 100 games avg: 194.5 steps 92 
INFO : 2021-01-24 21:17:47,084 : episode: 108 score: 200.7 100 games avg: 200.7 steps 94 
INFO : 2021-01-24 21:21:10,347 : episode: 109 score: 189.4 100 games avg: 189.4 steps 95 
INFO : 2021-01-24 21:24:11,592 : episode: 110 score: 212.3 100 games avg: 212.3 steps 99 
INFO : 2021-01-24 21:27:02,651 : episode: 111 score: 199.9 100 games avg: 199.9 steps 94 
INFO : 2021-01-24 21:30:25,589 : episode: 112 score: 194.0 100 games avg: 194.0 steps 98 
INFO : 2021-01-24 21:33:56,586 : episode: 113 score: 191.7 100 games avg: 191.7 steps 99 
INFO : 2021-01-24 21:37:24,268 : episode: 114 score: 190.1 100 games avg: 190.1 steps 97 
INFO : 2021-01-24 21:40:47,871 : episode: 115 score: 199.7 100 games avg: 199.7 steps 95 
INFO : 2021-01-24 21:44:19,591 : episode: 116 score: 212.9 100 games avg: 212.9 steps 99 
INFO : 2021-01-24 21:47:48,875 : episode: 117 score: 210.0 100 games avg: 210.0 steps 98 
INFO : 2021-01-24 21:51:11,176 : episode: 118 score: 196.8 100 games avg: 196.8 steps 94 
INFO : 2021-01-24 21:54:35,325 : episode: 119 score: 200.6 100 games avg: 200.6 steps 95 
INFO : 2021-01-24 21:58:12,819 : episode: 120 score: 215.8 100 games avg: 215.8 steps 101 
INFO : 2021-01-24 22:01:09,752 : episode: 121 score: 205.2 100 games avg: 205.2 steps 98 
INFO : 2021-01-24 22:04:10,222 : episode: 122 score: 213.4 100 games avg: 213.4 steps 100 
INFO : 2021-01-24 22:07:47,817 : episode: 123 score: 201.7 100 games avg: 201.7 steps 101 
INFO : 2021-01-24 22:11:17,310 : episode: 124 score: 193.0 100 games avg: 193.0 steps 98 
INFO : 2021-01-24 22:14:40,406 : episode: 125 score: 200.1 100 games avg: 200.1 steps 95 
INFO : 2021-01-24 22:18:10,324 : episode: 126 score: 201.0 100 games avg: 201.0 steps 98 
INFO : 2021-01-24 22:21:38,700 : episode: 127 score: 203.1 100 games avg: 203.1 steps 97 
INFO : 2021-01-24 22:25:01,872 : episode: 128 score: 189.0 100 games avg: 189.0 steps 95 
INFO : 2021-01-24 22:28:27,660 : episode: 129 score: 205.5 100 games avg: 205.5 steps 96 
INFO : 2021-01-24 22:32:01,183 : episode: 130 score: 199.1 100 games avg: 199.1 steps 99 
INFO : 2021-01-24 22:36:42,852 : episode: 131 score: 244.2 100 games avg: 244.2 steps 132 
INFO : 2021-01-24 22:39:40,451 : episode: 132 score: 213.1 100 games avg: 213.1 steps 100 
INFO : 2021-01-24 22:43:18,852 : episode: 133 score: 205.1 100 games avg: 205.1 steps 102 
INFO : 2021-01-24 22:46:59,891 : episode: 134 score: 208.3 100 games avg: 208.3 steps 103 
INFO : 2021-01-24 22:50:28,419 : episode: 135 score: 213.3 100 games avg: 213.3 steps 97 
INFO : 2021-01-24 22:54:01,683 : episode: 136 score: 214.5 100 games avg: 214.5 steps 99 
INFO : 2021-01-24 22:57:42,459 : episode: 137 score: 205.8 100 games avg: 205.8 steps 103 
INFO : 2021-01-24 23:01:22,687 : episode: 138 score: 210.4 100 games avg: 210.4 steps 103 
INFO : 2021-01-24 23:04:52,766 : episode: 139 score: 209.4 100 games avg: 209.4 steps 98 
INFO : 2021-01-24 23:08:33,222 : episode: 140 score: 205.6 100 games avg: 205.6 steps 103 
INFO : 2021-01-24 23:12:08,034 : episode: 141 score: 217.9 100 games avg: 217.9 steps 100 
INFO : 2021-01-24 23:15:02,537 : episode: 142 score: 200.5 100 games avg: 200.5 steps 100 
INFO : 2021-01-24 23:17:54,461 : episode: 143 score: 199.9 100 games avg: 199.9 steps 100 
INFO : 2021-01-24 23:21:23,380 : episode: 144 score: 204.3 100 games avg: 204.3 steps 97 
INFO : 2021-01-24 23:25:04,087 : episode: 145 score: 205.5 100 games avg: 205.5 steps 103 
INFO : 2021-01-24 23:27:56,271 : episode: 146 score: 207.5 100 games avg: 207.5 steps 100 
INFO : 2021-01-24 23:31:28,598 : episode: 147 score: 207.3 100 games avg: 207.3 steps 99 
INFO : 2021-01-24 23:34:58,092 : episode: 148 score: 195.3 100 games avg: 195.3 steps 97 
INFO : 2021-01-24 23:38:25,545 : episode: 149 score: 196.0 100 games avg: 196.0 steps 96 
INFO : 2021-01-24 23:41:58,477 : episode: 150 score: 215.0 100 games avg: 215.0 steps 99 
INFO : 2021-01-24 23:44:55,554 : episode: 151 score: 202.7 100 games avg: 202.7 steps 100 
INFO : 2021-01-24 23:48:30,642 : episode: 152 score: 205.6 100 games avg: 205.6 steps 100 
INFO : 2021-01-24 23:52:05,703 : episode: 153 score: 210.9 100 games avg: 210.9 steps 100 
INFO : 2021-01-24 23:55:31,722 : episode: 154 score: 206.9 100 games avg: 206.9 steps 96 
INFO : 2021-01-24 23:58:56,705 : episode: 155 score: 202.0 100 games avg: 202.0 steps 95 
INFO : 2021-01-25 00:02:31,650 : episode: 156 score: 208.2 100 games avg: 208.2 steps 100 
INFO : 2021-01-25 00:06:02,613 : episode: 157 score: 202.9 100 games avg: 202.9 steps 98 
INFO : 2021-01-25 00:09:37,865 : episode: 158 score: 200.0 100 games avg: 200.0 steps 100 
INFO : 2021-01-25 00:13:11,212 : episode: 159 score: 204.7 100 games avg: 204.7 steps 99 
INFO : 2021-01-25 00:16:41,369 : episode: 160 score: 197.1 100 games avg: 197.1 steps 98 
INFO : 2021-01-25 00:20:07,873 : episode: 161 score: 205.6 100 games avg: 205.6 steps 96 
INFO : 2021-01-25 00:22:55,330 : episode: 162 score: 200.0 100 games avg: 200.0 steps 98 
INFO : 2021-01-25 00:26:33,719 : episode: 163 score: 202.8 100 games avg: 202.8 steps 101 
INFO : 2021-01-25 00:30:01,753 : episode: 164 score: 207.3 100 games avg: 207.3 steps 96 
INFO : 2021-01-25 00:33:38,072 : episode: 165 score: 207.9 100 games avg: 207.9 steps 100 
INFO : 2021-01-25 00:37:08,857 : episode: 166 score: 195.8 100 games avg: 195.8 steps 98 
INFO : 2021-01-25 00:40:35,711 : episode: 167 score: 206.6 100 games avg: 206.6 steps 96 
INFO : 2021-01-25 00:44:20,330 : episode: 168 score: 209.1 100 games avg: 209.1 steps 104 
INFO : 2021-01-25 00:47:49,732 : episode: 169 score: 195.6 100 games avg: 195.6 steps 97 
INFO : 2021-01-25 00:51:21,793 : episode: 170 score: 194.0 100 games avg: 194.0 steps 98 
INFO : 2021-01-25 00:54:52,873 : episode: 171 score: 197.1 100 games avg: 197.1 steps 98 
INFO : 2021-01-25 00:57:00,550 : episode: 172 score: 210.0 100 games avg: 210.0 steps 100 
INFO : 2021-01-25 01:00:25,688 : episode: 173 score: 196.2 100 games avg: 196.2 steps 98 
INFO : 2021-01-25 01:03:55,383 : episode: 174 score: 199.8 100 games avg: 199.8 steps 97 
INFO : 2021-01-25 01:07:31,746 : episode: 175 score: 198.3 100 games avg: 198.3 steps 100 
INFO : 2021-01-25 01:11:03,151 : episode: 176 score: 198.6 100 games avg: 198.6 steps 98 
INFO : 2021-01-25 01:14:39,781 : episode: 177 score: 206.9 100 games avg: 206.9 steps 100 
INFO : 2021-01-25 01:18:17,337 : episode: 178 score: 207.3 100 games avg: 207.3 steps 101 
INFO : 2021-01-25 01:21:42,913 : episode: 179 score: 192.5 100 games avg: 192.5 steps 95 
