INFO : 2021-02-02 15:09:47,376 : method: Model Predictive Contorol
INFO : 2021-02-02 15:09:47,376 : parameter n_steps: 200 ensemble_size: 5 env: Hopper-v2
INFO : 2021-02-02 15:09:49,999 : mpc horizon: 5 mpc_samples: 100 elite_sample: 30 grad_steps: 10
INFO : 2021-02-02 15:09:49,999 : mpc_function policy-kl4
INFO : 2021-02-02 15:09:50,000 : policy-kl4
INFO : 2021-02-02 15:09:53,775 : episode: 0 score: 27.9 100 games avg: 27.9 steps 34 
INFO : 2021-02-02 15:09:57,617 : episode: 1 score: 27.9 100 games avg: 27.9 steps 34 
INFO : 2021-02-02 15:10:01,597 : episode: 2 score: 28.4 100 games avg: 28.4 steps 35 
INFO : 2021-02-02 15:10:05,588 : episode: 3 score: 28.0 100 games avg: 28.0 steps 35 
INFO : 2021-02-02 15:10:09,536 : episode: 4 score: 28.6 100 games avg: 28.6 steps 35 
INFO : 2021-02-02 15:10:13,263 : episode: 5 score: 27.7 100 games avg: 27.7 steps 33 
INFO : 2021-02-02 15:10:17,261 : episode: 6 score: 28.5 100 games avg: 28.5 steps 35 
INFO : 2021-02-02 15:10:21,636 : episode: 7 score: 31.2 100 games avg: 31.2 steps 35 
INFO : 2021-02-02 15:10:23,505 : episode: 8 score: 9.3 100 games avg: 9.3 steps 14 
INFO : 2021-02-02 15:10:24,997 : episode: 9 score: 8.7 100 games avg: 8.7 steps 11 
INFO : 2021-02-02 15:10:26,874 : episode: 10 score: 7.6 100 games avg: 7.6 steps 14 
INFO : 2021-02-02 15:10:29,255 : episode: 11 score: 9.7 100 games avg: 9.7 steps 18 
INFO : 2021-02-02 15:10:31,247 : episode: 12 score: 11.1 100 games avg: 11.1 steps 15 
INFO : 2021-02-02 15:10:33,173 : episode: 13 score: 9.8 100 games avg: 9.8 steps 14 
INFO : 2021-02-02 15:10:34,964 : episode: 14 score: 9.4 100 games avg: 9.4 steps 13 
INFO : 2021-02-02 15:10:36,845 : episode: 15 score: 11.9 100 games avg: 11.9 steps 14 
INFO : 2021-02-02 15:10:38,724 : episode: 16 score: 12.3 100 games avg: 12.3 steps 14 
INFO : 2021-02-02 15:10:40,734 : episode: 17 score: 11.4 100 games avg: 11.4 steps 15 
INFO : 2021-02-02 15:10:42,998 : episode: 18 score: 17.0 100 games avg: 17.0 steps 17 
INFO : 2021-02-02 15:10:51,485 : episode: 19 score: 96.7 100 games avg: 96.7 steps 65 
INFO : 2021-02-02 15:11:19,194 : episode: 20 score: 197.4 100 games avg: 197.4 steps 214 
INFO : 2021-02-02 15:11:28,928 : episode: 21 score: 71.5 100 games avg: 71.5 steps 74 
INFO : 2021-02-02 15:11:42,886 : episode: 22 score: 132.6 100 games avg: 132.6 steps 106 
INFO : 2021-02-02 15:11:47,376 : episode: 23 score: 53.4 100 games avg: 53.4 steps 33 
INFO : 2021-02-02 15:11:53,351 : episode: 24 score: 72.1 100 games avg: 72.1 steps 44 
INFO : 2021-02-02 15:11:58,359 : episode: 25 score: 60.1 100 games avg: 60.1 steps 37 
INFO : 2021-02-02 15:12:04,016 : episode: 26 score: 68.2 100 games avg: 68.2 steps 42 
INFO : 2021-02-02 15:12:09,522 : episode: 27 score: 65.4 100 games avg: 65.4 steps 40 
INFO : 2021-02-02 15:12:13,800 : episode: 28 score: 50.6 100 games avg: 50.6 steps 31 
INFO : 2021-02-02 15:12:17,852 : episode: 29 score: 47.1 100 games avg: 47.1 steps 29 
INFO : 2021-02-02 15:12:21,369 : episode: 30 score: 42.5 100 games avg: 42.5 steps 25 
INFO : 2021-02-02 15:12:24,805 : episode: 31 score: 40.2 100 games avg: 40.2 steps 24 
INFO : 2021-02-02 15:12:28,762 : episode: 32 score: 46.3 100 games avg: 46.3 steps 28 
INFO : 2021-02-02 15:12:32,267 : episode: 33 score: 42.6 100 games avg: 42.6 steps 25 
INFO : 2021-02-02 15:12:36,309 : episode: 34 score: 49.9 100 games avg: 49.9 steps 29 
INFO : 2021-02-02 15:12:39,696 : episode: 35 score: 39.0 100 games avg: 39.0 steps 23 
INFO : 2021-02-02 15:12:43,045 : episode: 36 score: 39.6 100 games avg: 39.6 steps 23 
INFO : 2021-02-02 15:12:47,276 : episode: 37 score: 52.6 100 games avg: 52.6 steps 30 
INFO : 2021-02-02 15:12:51,120 : episode: 38 score: 46.0 100 games avg: 46.0 steps 27 
INFO : 2021-02-02 15:12:56,457 : episode: 39 score: 66.7 100 games avg: 66.7 steps 38 
INFO : 2021-02-02 15:12:59,921 : episode: 40 score: 41.4 100 games avg: 41.4 steps 24 
INFO : 2021-02-02 15:13:03,771 : episode: 41 score: 46.2 100 games avg: 46.2 steps 27 
INFO : 2021-02-02 15:13:08,127 : episode: 42 score: 54.1 100 games avg: 54.1 steps 31 
INFO : 2021-02-02 15:13:11,258 : episode: 43 score: 36.4 100 games avg: 36.4 steps 21 
INFO : 2021-02-02 15:13:15,628 : episode: 44 score: 53.6 100 games avg: 53.6 steps 31 
INFO : 2021-02-02 15:13:19,540 : episode: 45 score: 47.5 100 games avg: 47.5 steps 27 
INFO : 2021-02-02 15:13:23,711 : episode: 46 score: 50.7 100 games avg: 50.7 steps 29 
INFO : 2021-02-02 15:13:27,695 : episode: 47 score: 48.1 100 games avg: 48.1 steps 27 
INFO : 2021-02-02 15:13:31,741 : episode: 48 score: 49.5 100 games avg: 49.5 steps 28 
INFO : 2021-02-02 15:13:37,444 : episode: 49 score: 74.6 100 games avg: 74.6 steps 41 
INFO : 2021-02-02 15:13:41,405 : episode: 50 score: 47.9 100 games avg: 47.9 steps 27 
INFO : 2021-02-02 15:13:45,698 : episode: 51 score: 54.0 100 games avg: 54.0 steps 30 
INFO : 2021-02-02 15:13:50,885 : episode: 52 score: 67.2 100 games avg: 67.2 steps 37 
INFO : 2021-02-02 15:13:56,488 : episode: 53 score: 69.0 100 games avg: 69.0 steps 39 
INFO : 2021-02-02 15:14:01,483 : episode: 54 score: 62.3 100 games avg: 62.3 steps 35 
INFO : 2021-02-02 15:14:05,985 : episode: 55 score: 54.8 100 games avg: 54.8 steps 31 
INFO : 2021-02-02 15:14:12,112 : episode: 56 score: 78.8 100 games avg: 78.8 steps 43 
INFO : 2021-02-02 15:14:17,864 : episode: 57 score: 72.5 100 games avg: 72.5 steps 40 
INFO : 2021-02-02 15:14:23,494 : episode: 58 score: 70.3 100 games avg: 70.3 steps 39 
INFO : 2021-02-02 15:14:28,377 : episode: 59 score: 57.3 100 games avg: 57.3 steps 33 
INFO : 2021-02-02 15:14:33,680 : episode: 60 score: 64.9 100 games avg: 64.9 steps 36 
INFO : 2021-02-02 15:14:37,793 : episode: 61 score: 46.8 100 games avg: 46.8 steps 27 
INFO : 2021-02-02 15:14:42,778 : episode: 62 score: 58.8 100 games avg: 58.8 steps 33 
INFO : 2021-02-02 15:14:48,130 : episode: 63 score: 66.6 100 games avg: 66.6 steps 37 
INFO : 2021-02-02 15:14:53,492 : episode: 64 score: 66.4 100 games avg: 66.4 steps 37 
INFO : 2021-02-02 15:14:58,271 : episode: 65 score: 56.6 100 games avg: 56.6 steps 32 
INFO : 2021-02-02 15:15:04,318 : episode: 66 score: 76.9 100 games avg: 76.9 steps 42 
INFO : 2021-02-02 15:15:13,028 : episode: 67 score: 111.3 100 games avg: 111.3 steps 62 
INFO : 2021-02-02 15:15:20,873 : episode: 68 score: 102.8 100 games avg: 102.8 steps 56 
INFO : 2021-02-02 15:15:33,328 : episode: 69 score: 181.9 100 games avg: 181.9 steps 91 
INFO : 2021-02-02 15:15:45,882 : episode: 70 score: 180.8 100 games avg: 180.8 steps 92 
INFO : 2021-02-02 15:15:53,274 : episode: 71 score: 87.6 100 games avg: 87.6 steps 52 
INFO : 2021-02-02 15:16:02,271 : episode: 72 score: 84.4 100 games avg: 84.4 steps 64 
INFO : 2021-02-02 15:16:13,037 : episode: 73 score: 139.4 100 games avg: 139.4 steps 78 
INFO : 2021-02-02 15:16:22,598 : episode: 74 score: 94.7 100 games avg: 94.7 steps 68 
INFO : 2021-02-02 15:16:34,487 : episode: 75 score: 150.1 100 games avg: 150.1 steps 82 
INFO : 2021-02-02 15:16:45,013 : episode: 76 score: 111.8 100 games avg: 111.8 steps 77 
INFO : 2021-02-02 15:16:55,043 : episode: 77 score: 127.9 100 games avg: 127.9 steps 73 
INFO : 2021-02-02 15:17:02,993 : episode: 78 score: 78.3 100 games avg: 78.3 steps 56 
INFO : 2021-02-02 15:17:13,996 : episode: 79 score: 124.8 100 games avg: 124.8 steps 80 
INFO : 2021-02-02 15:17:26,013 : episode: 80 score: 145.8 100 games avg: 145.8 steps 88 
INFO : 2021-02-02 15:17:37,400 : episode: 81 score: 154.6 100 games avg: 154.6 steps 83 
INFO : 2021-02-02 15:17:49,721 : episode: 82 score: 155.5 100 games avg: 155.5 steps 90 
INFO : 2021-02-02 15:18:01,842 : episode: 83 score: 149.7 100 games avg: 149.7 steps 88 
INFO : 2021-02-02 15:18:13,541 : episode: 84 score: 141.7 100 games avg: 141.7 steps 84 
INFO : 2021-02-02 15:18:26,375 : episode: 85 score: 160.1 100 games avg: 160.1 steps 93 
INFO : 2021-02-02 15:18:40,594 : episode: 86 score: 184.3 100 games avg: 184.3 steps 104 
INFO : 2021-02-02 15:18:52,849 : episode: 87 score: 150.5 100 games avg: 150.5 steps 88 
INFO : 2021-02-02 15:19:05,369 : episode: 88 score: 151.2 100 games avg: 151.2 steps 90 
INFO : 2021-02-02 15:19:17,760 : episode: 89 score: 151.8 100 games avg: 151.8 steps 89 
INFO : 2021-02-02 15:19:30,331 : episode: 90 score: 149.4 100 games avg: 149.4 steps 90 
INFO : 2021-02-02 15:19:43,069 : episode: 91 score: 158.3 100 games avg: 158.3 steps 91 
INFO : 2021-02-02 15:19:56,047 : episode: 92 score: 168.0 100 games avg: 168.0 steps 93 
INFO : 2021-02-02 15:20:09,980 : episode: 93 score: 192.7 100 games avg: 192.7 steps 100 
INFO : 2021-02-02 15:20:23,379 : episode: 94 score: 178.0 100 games avg: 178.0 steps 96 
INFO : 2021-02-02 15:20:36,940 : episode: 95 score: 179.0 100 games avg: 179.0 steps 97 
INFO : 2021-02-02 15:20:49,954 : episode: 96 score: 179.2 100 games avg: 179.2 steps 92 
INFO : 2021-02-02 15:21:02,744 : episode: 97 score: 175.0 100 games avg: 175.0 steps 90 
INFO : 2021-02-02 15:21:15,961 : episode: 98 score: 182.8 100 games avg: 182.8 steps 93 
INFO : 2021-02-02 15:21:28,912 : episode: 99 score: 182.8 100 games avg: 182.8 steps 90 
INFO : 2021-02-02 15:21:41,999 : episode: 100 score: 186.9 100 games avg: 186.9 steps 92 
INFO : 2021-02-02 15:21:55,692 : episode: 101 score: 183.7 100 games avg: 183.7 steps 96 
INFO : 2021-02-02 15:22:09,129 : episode: 102 score: 187.7 100 games avg: 187.7 steps 94 
INFO : 2021-02-02 15:22:22,434 : episode: 103 score: 183.5 100 games avg: 183.5 steps 93 
INFO : 2021-02-02 15:22:35,552 : episode: 104 score: 183.9 100 games avg: 183.9 steps 91 
INFO : 2021-02-02 15:22:49,557 : episode: 105 score: 188.4 100 games avg: 188.4 steps 98 
INFO : 2021-02-02 15:23:02,536 : episode: 106 score: 184.3 100 games avg: 184.3 steps 90 
INFO : 2021-02-02 15:23:15,731 : episode: 107 score: 187.4 100 games avg: 187.4 steps 91 
INFO : 2021-02-02 15:23:28,958 : episode: 108 score: 187.9 100 games avg: 187.9 steps 91 
INFO : 2021-02-02 15:23:42,252 : episode: 109 score: 186.8 100 games avg: 186.8 steps 91 
INFO : 2021-02-02 15:23:55,822 : episode: 110 score: 184.6 100 games avg: 184.6 steps 90 
INFO : 2021-02-02 15:24:09,261 : episode: 111 score: 188.8 100 games avg: 188.8 steps 92 
INFO : 2021-02-02 15:24:22,995 : episode: 112 score: 190.5 100 games avg: 190.5 steps 94 
INFO : 2021-02-02 15:24:36,315 : episode: 113 score: 187.3 100 games avg: 187.3 steps 91 
INFO : 2021-02-02 15:24:50,295 : episode: 114 score: 185.5 100 games avg: 185.5 steps 96 
INFO : 2021-02-02 15:25:04,704 : episode: 115 score: 188.8 100 games avg: 188.8 steps 99 
INFO : 2021-02-02 15:25:18,719 : episode: 116 score: 188.7 100 games avg: 188.7 steps 96 
INFO : 2021-02-02 15:25:32,207 : episode: 117 score: 189.4 100 games avg: 189.4 steps 92 
INFO : 2021-02-02 15:25:46,793 : episode: 118 score: 190.4 100 games avg: 190.4 steps 100 
INFO : 2021-02-02 15:26:00,360 : episode: 119 score: 188.4 100 games avg: 188.4 steps 92 
INFO : 2021-02-02 15:26:14,013 : episode: 120 score: 186.3 100 games avg: 186.3 steps 92 
INFO : 2021-02-02 15:26:28,173 : episode: 121 score: 187.8 100 games avg: 187.8 steps 96 
INFO : 2021-02-02 15:26:42,197 : episode: 122 score: 188.0 100 games avg: 188.0 steps 95 
INFO : 2021-02-02 15:26:56,600 : episode: 123 score: 189.1 100 games avg: 189.1 steps 97 
INFO : 2021-02-02 15:27:10,270 : episode: 124 score: 185.5 100 games avg: 185.5 steps 91 
INFO : 2021-02-02 15:27:24,015 : episode: 125 score: 188.7 100 games avg: 188.7 steps 91 
INFO : 2021-02-02 15:27:37,786 : episode: 126 score: 186.7 100 games avg: 186.7 steps 91 
INFO : 2021-02-02 15:27:51,535 : episode: 127 score: 188.7 100 games avg: 188.7 steps 91 
INFO : 2021-02-02 15:28:05,558 : episode: 128 score: 186.4 100 games avg: 186.4 steps 93 
INFO : 2021-02-02 15:28:19,402 : episode: 129 score: 187.4 100 games avg: 187.4 steps 91 
INFO : 2021-02-02 15:28:33,524 : episode: 130 score: 189.8 100 games avg: 189.8 steps 93 
INFO : 2021-02-02 15:28:48,333 : episode: 131 score: 210.9 100 games avg: 210.9 steps 98 
INFO : 2021-02-02 15:29:03,788 : episode: 132 score: 263.2 100 games avg: 263.2 steps 103 
INFO : 2021-02-02 15:29:19,442 : episode: 133 score: 247.6 100 games avg: 247.6 steps 105 
INFO : 2021-02-02 15:29:36,605 : episode: 134 score: 268.0 100 games avg: 268.0 steps 116 
INFO : 2021-02-02 15:29:52,875 : episode: 135 score: 275.3 100 games avg: 275.3 steps 109 
INFO : 2021-02-02 15:30:10,637 : episode: 136 score: 277.9 100 games avg: 277.9 steps 119 
INFO : 2021-02-02 15:30:27,128 : episode: 137 score: 237.8 100 games avg: 237.8 steps 110 
INFO : 2021-02-02 15:30:45,704 : episode: 138 score: 293.2 100 games avg: 293.2 steps 126 
INFO : 2021-02-02 15:31:03,531 : episode: 139 score: 276.5 100 games avg: 276.5 steps 120 
INFO : 2021-02-02 15:31:21,573 : episode: 140 score: 293.8 100 games avg: 293.8 steps 121 
INFO : 2021-02-02 15:31:40,347 : episode: 141 score: 289.0 100 games avg: 289.0 steps 127 
INFO : 2021-02-02 15:31:57,496 : episode: 142 score: 257.2 100 games avg: 257.2 steps 114 
INFO : 2021-02-02 15:32:17,441 : episode: 143 score: 326.5 100 games avg: 326.5 steps 136 
INFO : 2021-02-02 15:32:41,925 : episode: 144 score: 447.9 100 games avg: 447.9 steps 172 
INFO : 2021-02-02 15:33:07,299 : episode: 145 score: 467.3 100 games avg: 467.3 steps 178 
INFO : 2021-02-02 15:33:29,741 : episode: 146 score: 378.2 100 games avg: 378.2 steps 153 
INFO : 2021-02-02 15:33:51,606 : episode: 147 score: 377.9 100 games avg: 377.9 steps 149 
INFO : 2021-02-02 15:34:12,043 : episode: 148 score: 329.4 100 games avg: 329.4 steps 138 
INFO : 2021-02-02 15:34:34,950 : episode: 149 score: 431.0 100 games avg: 431.0 steps 157 
INFO : 2021-02-02 15:34:56,355 : episode: 150 score: 349.6 100 games avg: 349.6 steps 145 
INFO : 2021-02-02 15:35:22,117 : episode: 151 score: 448.3 100 games avg: 448.3 steps 179 
INFO : 2021-02-02 15:35:42,452 : episode: 152 score: 319.8 100 games avg: 319.8 steps 136 
INFO : 2021-02-02 15:36:01,952 : episode: 153 score: 272.5 100 games avg: 272.5 steps 128 
INFO : 2021-02-02 15:36:21,495 : episode: 154 score: 269.2 100 games avg: 269.2 steps 128 
INFO : 2021-02-02 15:36:40,736 : episode: 155 score: 267.6 100 games avg: 267.6 steps 126 
INFO : 2021-02-02 15:37:00,997 : episode: 156 score: 278.3 100 games avg: 278.3 steps 134 
INFO : 2021-02-02 15:37:19,626 : episode: 157 score: 255.6 100 games avg: 255.6 steps 121 
INFO : 2021-02-02 15:37:39,018 : episode: 158 score: 263.9 100 games avg: 263.9 steps 127 
INFO : 2021-02-02 15:37:58,293 : episode: 159 score: 268.9 100 games avg: 268.9 steps 125 
INFO : 2021-02-02 15:38:19,262 : episode: 160 score: 292.3 100 games avg: 292.3 steps 139 
INFO : 2021-02-02 15:38:38,829 : episode: 161 score: 272.6 100 games avg: 272.6 steps 127 
INFO : 2021-02-02 15:38:59,666 : episode: 162 score: 289.4 100 games avg: 289.4 steps 137 
INFO : 2021-02-02 15:39:16,188 : episode: 163 score: 187.1 100 games avg: 187.1 steps 101 
INFO : 2021-02-02 15:39:32,423 : episode: 164 score: 182.4 100 games avg: 182.4 steps 100 
INFO : 2021-02-02 15:39:48,352 : episode: 165 score: 174.2 100 games avg: 174.2 steps 97 
INFO : 2021-02-02 15:40:03,032 : episode: 166 score: 152.3 100 games avg: 152.3 steps 87 
INFO : 2021-02-02 15:40:17,423 : episode: 167 score: 151.9 100 games avg: 151.9 steps 84 
INFO : 2021-02-02 15:40:32,525 : episode: 168 score: 167.3 100 games avg: 167.3 steps 90 
INFO : 2021-02-02 15:40:48,029 : episode: 169 score: 176.9 100 games avg: 176.9 steps 93 
INFO : 2021-02-02 15:41:03,861 : episode: 170 score: 175.4 100 games avg: 175.4 steps 95 
INFO : 2021-02-02 15:41:24,120 : episode: 171 score: 280.7 100 games avg: 280.7 steps 130 
INFO : 2021-02-02 15:41:44,706 : episode: 172 score: 282.7 100 games avg: 282.7 steps 132 
INFO : 2021-02-02 15:42:06,435 : episode: 173 score: 295.3 100 games avg: 295.3 steps 140 
INFO : 2021-02-02 15:42:26,822 : episode: 174 score: 280.0 100 games avg: 280.0 steps 130 
INFO : 2021-02-02 15:42:47,024 : episode: 175 score: 278.5 100 games avg: 278.5 steps 128 
INFO : 2021-02-02 15:43:08,119 : episode: 176 score: 287.9 100 games avg: 287.9 steps 135 
INFO : 2021-02-02 15:43:29,647 : episode: 177 score: 293.4 100 games avg: 293.4 steps 138 
INFO : 2021-02-02 15:43:50,637 : episode: 178 score: 286.5 100 games avg: 286.5 steps 133 
INFO : 2021-02-02 15:44:11,508 : episode: 179 score: 283.8 100 games avg: 283.8 steps 132 
INFO : 2021-02-02 15:44:32,407 : episode: 180 score: 285.5 100 games avg: 285.5 steps 132 
INFO : 2021-02-02 15:44:54,471 : episode: 181 score: 296.0 100 games avg: 296.0 steps 141 
INFO : 2021-02-02 15:45:15,550 : episode: 182 score: 285.6 100 games avg: 285.6 steps 132 
INFO : 2021-02-02 15:45:36,321 : episode: 183 score: 284.4 100 games avg: 284.4 steps 129 
INFO : 2021-02-02 15:45:56,228 : episode: 184 score: 269.0 100 games avg: 269.0 steps 123 
INFO : 2021-02-02 15:46:17,047 : episode: 185 score: 294.2 100 games avg: 294.2 steps 130 
INFO : 2021-02-02 15:46:37,003 : episode: 186 score: 269.2 100 games avg: 269.2 steps 123 
INFO : 2021-02-02 15:46:57,396 : episode: 187 score: 273.3 100 games avg: 273.3 steps 126 
INFO : 2021-02-02 15:47:17,810 : episode: 188 score: 306.0 100 games avg: 306.0 steps 126 
INFO : 2021-02-02 15:47:39,268 : episode: 189 score: 291.8 100 games avg: 291.8 steps 134 
INFO : 2021-02-02 15:48:00,604 : episode: 190 score: 308.1 100 games avg: 308.1 steps 132 
INFO : 2021-02-02 15:48:22,144 : episode: 191 score: 318.5 100 games avg: 318.5 steps 134 
INFO : 2021-02-02 15:48:44,263 : episode: 192 score: 329.8 100 games avg: 329.8 steps 138 
INFO : 2021-02-02 15:49:06,453 : episode: 193 score: 328.7 100 games avg: 328.7 steps 139 
INFO : 2021-02-02 15:49:24,725 : episode: 194 score: 222.8 100 games avg: 222.8 steps 107 
INFO : 2021-02-02 15:49:46,966 : episode: 195 score: 318.9 100 games avg: 318.9 steps 139 
INFO : 2021-02-02 15:50:08,081 : episode: 196 score: 331.6 100 games avg: 331.6 steps 129 
INFO : 2021-02-02 15:50:29,015 : episode: 197 score: 328.5 100 games avg: 328.5 steps 128 
INFO : 2021-02-02 15:50:50,642 : episode: 198 score: 322.0 100 games avg: 322.0 steps 133 
INFO : 2021-02-02 15:51:12,214 : episode: 199 score: 331.8 100 games avg: 331.8 steps 132 
