INFO : 2021-01-29 12:58:23,815 : method: Model Predictive Contorol
INFO : 2021-01-29 12:58:23,815 : parameter n_steps: 100 ensemble_size: 5 env: Continuous_CartPole
INFO : 2021-01-29 12:58:27,014 : mpc horizon: 10 mpc_samples: 100 elite_sample: 30 grad_steps: 10
INFO : 2021-01-29 12:58:27,027 : mpc_function policy-kl3
INFO : 2021-01-29 12:58:27,028 : policy-kl3
INFO : 2021-01-29 12:58:31,830 : episode: 0 score: 19.0 100 games avg: 19.0 steps 20 
INFO : 2021-01-29 12:58:36,399 : episode: 1 score: 18.0 100 games avg: 18.0 steps 19 
INFO : 2021-01-29 12:58:41,474 : episode: 2 score: 20.0 100 games avg: 20.0 steps 21 
INFO : 2021-01-29 12:58:46,990 : episode: 3 score: 22.0 100 games avg: 22.0 steps 23 
INFO : 2021-01-29 12:58:51,919 : episode: 4 score: 19.0 100 games avg: 19.0 steps 20 
INFO : 2021-01-29 12:58:56,780 : episode: 5 score: 19.0 100 games avg: 19.0 steps 20 
INFO : 2021-01-29 12:59:01,859 : episode: 6 score: 20.0 100 games avg: 20.0 steps 21 
INFO : 2021-01-29 12:59:06,120 : episode: 7 score: 17.0 100 games avg: 17.0 steps 18 
INFO : 2021-01-29 12:59:10,861 : episode: 8 score: 19.0 100 games avg: 19.0 steps 20 
INFO : 2021-01-29 12:59:15,404 : episode: 9 score: 18.0 100 games avg: 18.0 steps 19 
INFO : 2021-01-29 12:59:19,928 : episode: 10 score: 18.0 100 games avg: 18.0 steps 19 
INFO : 2021-01-29 12:59:24,958 : episode: 11 score: 20.0 100 games avg: 20.0 steps 21 
INFO : 2021-01-29 12:59:29,997 : episode: 12 score: 19.0 100 games avg: 19.0 steps 20 
INFO : 2021-01-29 12:59:33,255 : episode: 13 score: 12.0 100 games avg: 12.0 steps 13 
INFO : 2021-01-29 12:59:36,969 : episode: 14 score: 13.0 100 games avg: 13.0 steps 14 
INFO : 2021-01-29 12:59:39,031 : episode: 15 score: 7.0 100 games avg: 7.0 steps 8 
INFO : 2021-01-29 12:59:42,919 : episode: 16 score: 14.0 100 games avg: 14.0 steps 15 
INFO : 2021-01-29 12:59:45,033 : episode: 17 score: 7.0 100 games avg: 7.0 steps 8 
INFO : 2021-01-29 12:59:48,900 : episode: 18 score: 14.0 100 games avg: 14.0 steps 15 
INFO : 2021-01-29 12:59:52,934 : episode: 19 score: 15.0 100 games avg: 15.0 steps 16 
INFO : 2021-01-29 12:59:56,536 : episode: 20 score: 13.0 100 games avg: 13.0 steps 14 
INFO : 2021-01-29 12:59:58,673 : episode: 21 score: 7.0 100 games avg: 7.0 steps 8 
INFO : 2021-01-29 13:00:04,473 : episode: 22 score: 22.0 100 games avg: 22.0 steps 23 
INFO : 2021-01-29 13:00:07,553 : episode: 23 score: 11.0 100 games avg: 11.0 steps 12 
INFO : 2021-01-29 13:00:09,174 : episode: 24 score: 5.0 100 games avg: 5.0 steps 6 
INFO : 2021-01-29 13:00:14,336 : episode: 25 score: 19.0 100 games avg: 19.0 steps 20 
INFO : 2021-01-29 13:00:20,759 : episode: 26 score: 24.0 100 games avg: 24.0 steps 25 
INFO : 2021-01-29 13:00:33,082 : episode: 27 score: 47.0 100 games avg: 47.0 steps 48 
INFO : 2021-01-29 13:00:46,761 : episode: 28 score: 51.0 100 games avg: 51.0 steps 52 
INFO : 2021-01-29 13:00:57,851 : episode: 29 score: 43.0 100 games avg: 43.0 steps 44 
INFO : 2021-01-29 13:01:06,800 : episode: 30 score: 34.0 100 games avg: 34.0 steps 35 
INFO : 2021-01-29 13:01:16,346 : episode: 31 score: 36.0 100 games avg: 36.0 steps 37 
INFO : 2021-01-29 13:01:29,419 : episode: 32 score: 51.0 100 games avg: 51.0 steps 52 
INFO : 2021-01-29 13:01:52,047 : episode: 33 score: 88.0 100 games avg: 88.0 steps 89 
INFO : 2021-01-29 13:01:59,204 : episode: 34 score: 27.0 100 games avg: 27.0 steps 28 
INFO : 2021-01-29 13:02:09,965 : episode: 35 score: 41.0 100 games avg: 41.0 steps 42 
INFO : 2021-01-29 13:02:17,335 : episode: 36 score: 28.0 100 games avg: 28.0 steps 29 
INFO : 2021-01-29 13:02:29,860 : episode: 37 score: 48.0 100 games avg: 48.0 steps 49 
INFO : 2021-01-29 13:02:59,646 : episode: 38 score: 116.0 100 games avg: 116.0 steps 117 
INFO : 2021-01-29 13:03:10,970 : episode: 39 score: 43.0 100 games avg: 43.0 steps 44 
INFO : 2021-01-29 13:03:47,879 : episode: 40 score: 145.0 100 games avg: 145.0 steps 146 
INFO : 2021-01-29 13:04:33,224 : episode: 41 score: 178.0 100 games avg: 178.0 steps 179 
INFO : 2021-01-29 13:05:11,254 : episode: 42 score: 148.0 100 games avg: 148.0 steps 149 
INFO : 2021-01-29 13:05:45,790 : episode: 43 score: 134.0 100 games avg: 134.0 steps 135 
INFO : 2021-01-29 13:06:36,405 : episode: 44 score: 198.0 100 games avg: 198.0 steps 199 
INFO : 2021-01-29 13:07:17,469 : episode: 45 score: 160.0 100 games avg: 160.0 steps 161 
INFO : 2021-01-29 13:08:02,680 : episode: 46 score: 177.0 100 games avg: 177.0 steps 178 
INFO : 2021-01-29 13:08:53,963 : episode: 47 score: 200.0 100 games avg: 200.0 steps 201 
INFO : 2021-01-29 13:09:43,527 : episode: 48 score: 192.0 100 games avg: 192.0 steps 193 
INFO : 2021-01-29 13:10:34,949 : episode: 49 score: 200.0 100 games avg: 200.0 steps 201 
INFO : 2021-01-29 13:11:26,501 : episode: 50 score: 200.0 100 games avg: 200.0 steps 201 
INFO : 2021-01-29 13:12:14,084 : episode: 51 score: 183.0 100 games avg: 183.0 steps 184 
INFO : 2021-01-29 13:13:00,820 : episode: 52 score: 181.0 100 games avg: 181.0 steps 182 
INFO : 2021-01-29 13:13:52,699 : episode: 53 score: 200.0 100 games avg: 200.0 steps 201 
INFO : 2021-01-29 13:14:41,007 : episode: 54 score: 186.0 100 games avg: 186.0 steps 187 
INFO : 2021-01-29 13:15:26,610 : episode: 55 score: 176.0 100 games avg: 176.0 steps 177 
INFO : 2021-01-29 13:16:13,851 : episode: 56 score: 182.0 100 games avg: 182.0 steps 183 
INFO : 2021-01-29 13:16:59,029 : episode: 57 score: 174.0 100 games avg: 174.0 steps 175 
INFO : 2021-01-29 13:17:48,093 : episode: 58 score: 188.0 100 games avg: 188.0 steps 189 
INFO : 2021-01-29 13:18:32,009 : episode: 59 score: 168.0 100 games avg: 168.0 steps 169 
INFO : 2021-01-29 13:19:18,304 : episode: 60 score: 176.0 100 games avg: 176.0 steps 177 
INFO : 2021-01-29 13:20:10,287 : episode: 61 score: 200.0 100 games avg: 200.0 steps 201 
INFO : 2021-01-29 13:20:50,643 : episode: 62 score: 153.0 100 games avg: 153.0 steps 154 
INFO : 2021-01-29 13:21:31,772 : episode: 63 score: 156.0 100 games avg: 156.0 steps 157 
INFO : 2021-01-29 13:22:14,493 : episode: 64 score: 161.0 100 games avg: 161.0 steps 162 
INFO : 2021-01-29 13:23:01,894 : episode: 65 score: 180.0 100 games avg: 180.0 steps 181 
INFO : 2021-01-29 13:23:53,045 : episode: 66 score: 195.0 100 games avg: 195.0 steps 196 
INFO : 2021-01-29 13:24:37,195 : episode: 67 score: 168.0 100 games avg: 168.0 steps 169 
INFO : 2021-01-29 13:25:20,677 : episode: 68 score: 165.0 100 games avg: 165.0 steps 166 
INFO : 2021-01-29 13:26:02,839 : episode: 69 score: 159.0 100 games avg: 159.0 steps 160 
INFO : 2021-01-29 13:26:48,359 : episode: 70 score: 172.0 100 games avg: 172.0 steps 173 
INFO : 2021-01-29 13:27:34,336 : episode: 71 score: 174.0 100 games avg: 174.0 steps 175 
INFO : 2021-01-29 13:28:16,806 : episode: 72 score: 161.0 100 games avg: 161.0 steps 162 
INFO : 2021-01-29 13:28:58,536 : episode: 73 score: 158.0 100 games avg: 158.0 steps 159 
INFO : 2021-01-29 13:29:44,206 : episode: 74 score: 173.0 100 games avg: 173.0 steps 174 
INFO : 2021-01-29 13:30:27,570 : episode: 75 score: 164.0 100 games avg: 164.0 steps 165 
INFO : 2021-01-29 13:31:13,634 : episode: 76 score: 174.0 100 games avg: 174.0 steps 175 
INFO : 2021-01-29 13:32:06,186 : episode: 77 score: 200.0 100 games avg: 200.0 steps 201 
INFO : 2021-01-29 13:32:46,192 : episode: 78 score: 150.0 100 games avg: 150.0 steps 151 
INFO : 2021-01-29 13:33:30,177 : episode: 79 score: 163.0 100 games avg: 163.0 steps 164 
INFO : 2021-01-29 13:34:22,973 : episode: 80 score: 200.0 100 games avg: 200.0 steps 201 
INFO : 2021-01-29 13:35:06,453 : episode: 81 score: 160.0 100 games avg: 160.0 steps 161 
INFO : 2021-01-29 13:35:55,504 : episode: 82 score: 184.0 100 games avg: 184.0 steps 185 
INFO : 2021-01-29 13:36:47,950 : episode: 83 score: 198.0 100 games avg: 198.0 steps 199 
INFO : 2021-01-29 13:37:28,908 : episode: 84 score: 152.0 100 games avg: 152.0 steps 153 
INFO : 2021-01-29 13:38:13,569 : episode: 85 score: 167.0 100 games avg: 167.0 steps 168 
INFO : 2021-01-29 13:38:58,627 : episode: 86 score: 168.0 100 games avg: 168.0 steps 169 
INFO : 2021-01-29 13:39:48,125 : episode: 87 score: 187.0 100 games avg: 187.0 steps 188 
INFO : 2021-01-29 13:40:35,675 : episode: 88 score: 178.0 100 games avg: 178.0 steps 179 
INFO : 2021-01-29 13:41:08,200 : episode: 89 score: 118.0 100 games avg: 118.0 steps 119 
INFO : 2021-01-29 13:41:52,605 : episode: 90 score: 163.0 100 games avg: 163.0 steps 164 
INFO : 2021-01-29 13:42:44,823 : episode: 91 score: 198.0 100 games avg: 198.0 steps 199 
INFO : 2021-01-29 13:43:37,740 : episode: 92 score: 200.0 100 games avg: 200.0 steps 201 
INFO : 2021-01-29 13:44:21,577 : episode: 93 score: 162.0 100 games avg: 162.0 steps 163 
INFO : 2021-01-29 13:45:11,972 : episode: 94 score: 188.0 100 games avg: 188.0 steps 189 
INFO : 2021-01-29 13:45:55,955 : episode: 95 score: 161.0 100 games avg: 161.0 steps 162 
INFO : 2021-01-29 13:46:15,184 : episode: 96 score: 65.0 100 games avg: 65.0 steps 66 
INFO : 2021-01-29 13:47:00,003 : episode: 97 score: 166.0 100 games avg: 166.0 steps 167 
INFO : 2021-01-29 13:47:52,870 : episode: 98 score: 200.0 100 games avg: 200.0 steps 201 
INFO : 2021-01-29 13:48:45,873 : episode: 99 score: 200.0 100 games avg: 200.0 steps 201 
