INFO : 2021-01-19 20:38:35,478 : method: Model Predictive Contorol
INFO : 2021-01-19 20:38:35,478 : parameter n_steps: 100 ensemble_size: 5 env: HalfCheetah-v2
INFO : 2021-01-19 20:38:38,181 : mpc horizon: 10 mpc_samples: 100 elite_sample: 30 grad_steps: 10
INFO : 2021-01-19 20:38:38,181 : mpc_function policy
INFO : 2021-01-19 20:38:38,181 : policy
INFO : 2021-01-19 20:41:32,460 : episode: 0 score: -182.8 100 games avg: -182.8 steps 1000 
INFO : 2021-01-19 20:44:29,770 : episode: 1 score: -93.5 100 games avg: -93.5 steps 1000 
INFO : 2021-01-19 20:47:27,429 : episode: 2 score: -52.8 100 games avg: -52.8 steps 1000 
INFO : 2021-01-19 20:50:25,167 : episode: 3 score: -178.9 100 games avg: -178.9 steps 1000 
INFO : 2021-01-19 20:53:23,603 : episode: 4 score: -233.3 100 games avg: -233.3 steps 1000 
INFO : 2021-01-19 20:56:22,128 : episode: 5 score: -149.2 100 games avg: -149.2 steps 1000 
INFO : 2021-01-19 20:59:21,514 : episode: 6 score: -68.1 100 games avg: -68.1 steps 1000 
INFO : 2021-01-19 21:02:21,209 : episode: 7 score: -140.4 100 games avg: -140.4 steps 1000 
INFO : 2021-01-19 21:05:21,337 : episode: 8 score: -145.2 100 games avg: -145.2 steps 1000 
INFO : 2021-01-19 21:08:21,294 : episode: 9 score: -136.8 100 games avg: -136.8 steps 1000 
INFO : 2021-01-19 21:11:21,305 : episode: 10 score: -178.9 100 games avg: -178.9 steps 1000 
INFO : 2021-01-19 21:14:23,641 : episode: 11 score: 35.4 100 games avg: 35.4 steps 1000 
INFO : 2021-01-19 21:17:25,483 : episode: 12 score: -16.5 100 games avg: -16.5 steps 1000 
INFO : 2021-01-19 21:20:27,419 : episode: 13 score: 223.5 100 games avg: 223.5 steps 1000 
INFO : 2021-01-19 21:23:29,107 : episode: 14 score: 259.8 100 games avg: 259.8 steps 1000 
INFO : 2021-01-19 21:26:31,795 : episode: 15 score: 447.8 100 games avg: 447.8 steps 1000 
INFO : 2021-01-19 21:29:47,644 : episode: 16 score: 35.2 100 games avg: 35.2 steps 1000 
INFO : 2021-01-19 21:43:05,309 : episode: 17 score: 721.6 100 games avg: 721.6 steps 1000 
INFO : 2021-01-19 21:56:20,347 : episode: 18 score: 817.5 100 games avg: 817.5 steps 1000 
INFO : 2021-01-19 22:08:36,107 : episode: 19 score: 829.9 100 games avg: 829.9 steps 1000 
INFO : 2021-01-19 22:20:19,379 : episode: 20 score: 937.8 100 games avg: 937.8 steps 1000 
INFO : 2021-01-19 22:29:57,620 : episode: 21 score: 888.0 100 games avg: 888.0 steps 1000 
INFO : 2021-01-19 22:32:57,676 : episode: 22 score: 1258.5 100 games avg: 1258.5 steps 1000 
INFO : 2021-01-19 22:35:58,040 : episode: 23 score: 157.5 100 games avg: 157.5 steps 1000 
INFO : 2021-01-19 22:39:02,563 : episode: 24 score: 1370.7 100 games avg: 1370.7 steps 1000 
INFO : 2021-01-19 22:42:09,224 : episode: 25 score: 1570.8 100 games avg: 1570.8 steps 1000 
INFO : 2021-01-19 22:45:16,079 : episode: 26 score: 1765.2 100 games avg: 1765.2 steps 1000 
INFO : 2021-01-19 22:48:23,649 : episode: 27 score: 1743.5 100 games avg: 1743.5 steps 1000 
INFO : 2021-01-19 22:51:31,536 : episode: 28 score: 2206.5 100 games avg: 2206.5 steps 1000 
INFO : 2021-01-19 22:54:37,131 : episode: 29 score: 1781.6 100 games avg: 1781.6 steps 1000 
INFO : 2021-01-19 22:57:45,140 : episode: 30 score: 2231.3 100 games avg: 2231.3 steps 1000 
INFO : 2021-01-19 23:00:53,503 : episode: 31 score: 2096.1 100 games avg: 2096.1 steps 1000 
INFO : 2021-01-19 23:04:06,248 : episode: 32 score: 2042.0 100 games avg: 2042.0 steps 1000 
INFO : 2021-01-19 23:07:15,745 : episode: 33 score: 2140.3 100 games avg: 2140.3 steps 1000 
INFO : 2021-01-19 23:10:25,142 : episode: 34 score: 2358.9 100 games avg: 2358.9 steps 1000 
INFO : 2021-01-19 23:13:34,415 : episode: 35 score: 1607.3 100 games avg: 1607.3 steps 1000 
INFO : 2021-01-19 23:16:44,646 : episode: 36 score: 2174.2 100 games avg: 2174.2 steps 1000 
INFO : 2021-01-19 23:19:54,812 : episode: 37 score: 2524.3 100 games avg: 2524.3 steps 1000 
INFO : 2021-01-19 23:23:06,004 : episode: 38 score: 2476.0 100 games avg: 2476.0 steps 1000 
