INFO : 2021-02-01 23:06:43,879 : method: Model Predictive Contorol
INFO : 2021-02-01 23:06:43,879 : parameter n_steps: 200 ensemble_size: 5 env: Hopper-v2
INFO : 2021-02-01 23:06:46,600 : mpc horizon: 10 mpc_samples: 100 elite_sample: 30 grad_steps: 10
INFO : 2021-02-01 23:06:46,600 : mpc_function policy-kl4
INFO : 2021-02-01 23:06:46,600 : policy-kl4
INFO : 2021-02-01 23:06:53,294 : episode: 0 score: 29.1 100 games avg: 29.1 steps 28 
INFO : 2021-02-01 23:06:59,657 : episode: 1 score: 28.3 100 games avg: 28.3 steps 26 
INFO : 2021-02-01 23:07:06,250 : episode: 2 score: 27.9 100 games avg: 27.9 steps 27 
INFO : 2021-02-01 23:07:12,588 : episode: 3 score: 26.2 100 games avg: 26.2 steps 26 
INFO : 2021-02-01 23:07:18,959 : episode: 4 score: 27.9 100 games avg: 27.9 steps 26 
INFO : 2021-02-01 23:07:25,798 : episode: 5 score: 28.1 100 games avg: 28.1 steps 28 
INFO : 2021-02-01 23:07:32,403 : episode: 6 score: 28.5 100 games avg: 28.5 steps 27 
INFO : 2021-02-01 23:07:38,309 : episode: 7 score: 26.8 100 games avg: 26.8 steps 24 
INFO : 2021-02-01 23:07:44,417 : episode: 8 score: 26.1 100 games avg: 26.1 steps 25 
INFO : 2021-02-01 23:07:51,439 : episode: 9 score: 30.4 100 games avg: 30.4 steps 28 
INFO : 2021-02-01 23:07:56,433 : episode: 10 score: 14.5 100 games avg: 14.5 steps 19 
INFO : 2021-02-01 23:08:04,998 : episode: 11 score: 45.9 100 games avg: 45.9 steps 32 
INFO : 2021-02-01 23:08:08,631 : episode: 12 score: 15.3 100 games avg: 15.3 steps 14 
INFO : 2021-02-01 23:08:14,536 : episode: 13 score: 25.4 100 games avg: 25.4 steps 22 
INFO : 2021-02-01 23:08:23,672 : episode: 14 score: 59.1 100 games avg: 59.1 steps 35 
INFO : 2021-02-01 23:08:34,068 : episode: 15 score: 63.4 100 games avg: 63.4 steps 39 
INFO : 2021-02-01 23:08:46,566 : episode: 16 score: 63.5 100 games avg: 63.5 steps 46 
INFO : 2021-02-01 23:08:55,343 : episode: 17 score: 53.1 100 games avg: 53.1 steps 32 
INFO : 2021-02-01 23:09:03,045 : episode: 18 score: 49.2 100 games avg: 49.2 steps 29 
INFO : 2021-02-01 23:09:10,206 : episode: 19 score: 44.2 100 games avg: 44.2 steps 26 
INFO : 2021-02-01 23:09:18,100 : episode: 20 score: 48.1 100 games avg: 48.1 steps 29 
INFO : 2021-02-01 23:09:24,606 : episode: 21 score: 41.8 100 games avg: 41.8 steps 24 
INFO : 2021-02-01 23:09:30,888 : episode: 22 score: 39.8 100 games avg: 39.8 steps 23 
INFO : 2021-02-01 23:09:38,236 : episode: 23 score: 45.6 100 games avg: 45.6 steps 27 
INFO : 2021-02-01 23:09:45,492 : episode: 24 score: 43.8 100 games avg: 43.8 steps 26 
INFO : 2021-02-01 23:09:52,460 : episode: 25 score: 44.8 100 games avg: 44.8 steps 26 
INFO : 2021-02-01 23:09:59,428 : episode: 26 score: 43.1 100 games avg: 43.1 steps 25 
INFO : 2021-02-01 23:10:05,813 : episode: 27 score: 40.9 100 games avg: 40.9 steps 24 
INFO : 2021-02-01 23:10:12,089 : episode: 28 score: 39.4 100 games avg: 39.4 steps 23 
INFO : 2021-02-01 23:10:19,873 : episode: 29 score: 48.0 100 games avg: 48.0 steps 28 
INFO : 2021-02-01 23:10:27,317 : episode: 30 score: 46.7 100 games avg: 46.7 steps 28 
INFO : 2021-02-01 23:10:35,231 : episode: 31 score: 50.0 100 games avg: 50.0 steps 29 
INFO : 2021-02-01 23:10:44,146 : episode: 32 score: 55.7 100 games avg: 55.7 steps 33 
INFO : 2021-02-01 23:10:51,237 : episode: 33 score: 46.5 100 games avg: 46.5 steps 27 
INFO : 2021-02-01 23:10:57,738 : episode: 34 score: 42.5 100 games avg: 42.5 steps 25 
INFO : 2021-02-01 23:11:06,835 : episode: 35 score: 56.1 100 games avg: 56.1 steps 32 
INFO : 2021-02-01 23:11:15,294 : episode: 36 score: 53.0 100 games avg: 53.0 steps 30 
INFO : 2021-02-01 23:11:23,851 : episode: 37 score: 55.0 100 games avg: 55.0 steps 31 
INFO : 2021-02-01 23:11:30,436 : episode: 38 score: 41.5 100 games avg: 41.5 steps 24 
INFO : 2021-02-01 23:11:38,949 : episode: 39 score: 55.3 100 games avg: 55.3 steps 31 
INFO : 2021-02-01 23:11:48,074 : episode: 40 score: 61.0 100 games avg: 61.0 steps 34 
INFO : 2021-02-01 23:11:57,598 : episode: 41 score: 62.4 100 games avg: 62.4 steps 35 
INFO : 2021-02-01 23:12:06,514 : episode: 42 score: 57.6 100 games avg: 57.6 steps 32 
INFO : 2021-02-01 23:12:16,101 : episode: 43 score: 63.0 100 games avg: 63.0 steps 35 
INFO : 2021-02-01 23:12:26,777 : episode: 44 score: 70.5 100 games avg: 70.5 steps 39 
INFO : 2021-02-01 23:12:37,194 : episode: 45 score: 66.2 100 games avg: 66.2 steps 37 
INFO : 2021-02-01 23:12:50,325 : episode: 46 score: 87.7 100 games avg: 87.7 steps 48 
INFO : 2021-02-01 23:12:59,028 : episode: 47 score: 53.5 100 games avg: 53.5 steps 30 
INFO : 2021-02-01 23:13:12,986 : episode: 48 score: 93.7 100 games avg: 93.7 steps 51 
INFO : 2021-02-01 23:13:35,811 : episode: 49 score: 169.8 100 games avg: 169.8 steps 85 
INFO : 2021-02-01 23:13:58,992 : episode: 50 score: 164.0 100 games avg: 164.0 steps 85 
INFO : 2021-02-01 23:14:22,689 : episode: 51 score: 170.7 100 games avg: 170.7 steps 87 
INFO : 2021-02-01 23:14:45,983 : episode: 52 score: 168.8 100 games avg: 168.8 steps 86 
INFO : 2021-02-01 23:15:08,529 : episode: 53 score: 164.9 100 games avg: 164.9 steps 84 
INFO : 2021-02-01 23:15:30,289 : episode: 54 score: 159.1 100 games avg: 159.1 steps 82 
INFO : 2021-02-01 23:15:45,531 : episode: 55 score: 103.7 100 games avg: 103.7 steps 56 
INFO : 2021-02-01 23:16:06,960 : episode: 56 score: 155.9 100 games avg: 155.9 steps 80 
INFO : 2021-02-01 23:16:30,898 : episode: 57 score: 167.9 100 games avg: 167.9 steps 86 
INFO : 2021-02-01 23:16:54,197 : episode: 58 score: 165.0 100 games avg: 165.0 steps 85 
INFO : 2021-02-01 23:17:17,514 : episode: 59 score: 172.6 100 games avg: 172.6 steps 87 
INFO : 2021-02-01 23:17:41,366 : episode: 60 score: 169.1 100 games avg: 169.1 steps 87 
INFO : 2021-02-01 23:18:04,702 : episode: 61 score: 169.7 100 games avg: 169.7 steps 86 
INFO : 2021-02-01 23:18:28,696 : episode: 62 score: 174.4 100 games avg: 174.4 steps 87 
INFO : 2021-02-01 23:18:52,717 : episode: 63 score: 176.1 100 games avg: 176.1 steps 88 
INFO : 2021-02-01 23:19:16,527 : episode: 64 score: 180.1 100 games avg: 180.1 steps 86 
INFO : 2021-02-01 23:19:34,089 : episode: 65 score: 115.6 100 games avg: 115.6 steps 63 
INFO : 2021-02-01 23:19:57,767 : episode: 66 score: 181.3 100 games avg: 181.3 steps 86 
INFO : 2021-02-01 23:20:21,468 : episode: 67 score: 176.7 100 games avg: 176.7 steps 85 
INFO : 2021-02-01 23:20:44,536 : episode: 68 score: 177.8 100 games avg: 177.8 steps 85 
INFO : 2021-02-01 23:21:07,977 : episode: 69 score: 173.9 100 games avg: 173.9 steps 85 
INFO : 2021-02-01 23:21:31,443 : episode: 70 score: 172.6 100 games avg: 172.6 steps 85 
INFO : 2021-02-01 23:21:55,227 : episode: 71 score: 175.3 100 games avg: 175.3 steps 86 
INFO : 2021-02-01 23:22:18,000 : episode: 72 score: 165.8 100 games avg: 165.8 steps 84 
INFO : 2021-02-01 23:22:42,497 : episode: 73 score: 173.8 100 games avg: 173.8 steps 88 
INFO : 2021-02-01 23:23:06,248 : episode: 74 score: 174.8 100 games avg: 174.8 steps 85 
INFO : 2021-02-01 23:23:30,248 : episode: 75 score: 177.1 100 games avg: 177.1 steps 86 
INFO : 2021-02-01 23:23:37,127 : episode: 76 score: 42.1 100 games avg: 42.1 steps 24 
INFO : 2021-02-01 23:24:00,456 : episode: 77 score: 173.9 100 games avg: 173.9 steps 83 
INFO : 2021-02-01 23:24:23,447 : episode: 78 score: 174.1 100 games avg: 174.1 steps 83 
INFO : 2021-02-01 23:24:46,639 : episode: 79 score: 172.1 100 games avg: 172.1 steps 83 
INFO : 2021-02-01 23:25:00,638 : episode: 80 score: 82.9 100 games avg: 82.9 steps 49 
INFO : 2021-02-01 23:25:07,868 : episode: 81 score: 39.7 100 games avg: 39.7 steps 23 
INFO : 2021-02-01 23:25:30,791 : episode: 82 score: 173.8 100 games avg: 173.8 steps 83 
INFO : 2021-02-01 23:25:53,894 : episode: 83 score: 175.6 100 games avg: 175.6 steps 84 
INFO : 2021-02-01 23:26:16,544 : episode: 84 score: 177.5 100 games avg: 177.5 steps 84 
INFO : 2021-02-01 23:26:40,000 : episode: 85 score: 173.3 100 games avg: 173.3 steps 85 
INFO : 2021-02-01 23:27:03,525 : episode: 86 score: 185.0 100 games avg: 185.0 steps 85 
INFO : 2021-02-01 23:27:27,813 : episode: 87 score: 186.8 100 games avg: 186.8 steps 86 
INFO : 2021-02-01 23:27:51,216 : episode: 88 score: 173.4 100 games avg: 173.4 steps 84 
INFO : 2021-02-01 23:28:14,930 : episode: 89 score: 177.4 100 games avg: 177.4 steps 83 
INFO : 2021-02-01 23:28:37,767 : episode: 90 score: 180.7 100 games avg: 180.7 steps 85 
INFO : 2021-02-01 23:29:03,055 : episode: 91 score: 197.7 100 games avg: 197.7 steps 90 
INFO : 2021-02-01 23:29:27,039 : episode: 92 score: 176.1 100 games avg: 176.1 steps 84 
INFO : 2021-02-01 23:29:51,883 : episode: 93 score: 191.6 100 games avg: 191.6 steps 87 
INFO : 2021-02-01 23:30:16,302 : episode: 94 score: 191.0 100 games avg: 191.0 steps 87 
INFO : 2021-02-01 23:30:40,615 : episode: 95 score: 193.7 100 games avg: 193.7 steps 88 
INFO : 2021-02-01 23:31:04,841 : episode: 96 score: 184.7 100 games avg: 184.7 steps 85 
INFO : 2021-02-01 23:31:28,455 : episode: 97 score: 180.2 100 games avg: 180.2 steps 84 
INFO : 2021-02-01 23:31:52,131 : episode: 98 score: 173.1 100 games avg: 173.1 steps 84 
INFO : 2021-02-01 23:32:17,257 : episode: 99 score: 196.4 100 games avg: 196.4 steps 89 
INFO : 2021-02-01 23:32:40,873 : episode: 100 score: 175.5 100 games avg: 175.5 steps 83 
INFO : 2021-02-01 23:33:05,166 : episode: 101 score: 183.3 100 games avg: 183.3 steps 85 
INFO : 2021-02-01 23:33:29,569 : episode: 102 score: 178.0 100 games avg: 178.0 steps 84 
INFO : 2021-02-01 23:33:53,891 : episode: 103 score: 178.4 100 games avg: 178.4 steps 84 
INFO : 2021-02-01 23:34:18,718 : episode: 104 score: 184.4 100 games avg: 184.4 steps 85 
INFO : 2021-02-01 23:34:43,262 : episode: 105 score: 176.6 100 games avg: 176.6 steps 85 
INFO : 2021-02-01 23:35:07,558 : episode: 106 score: 171.8 100 games avg: 171.8 steps 83 
INFO : 2021-02-01 23:35:32,372 : episode: 107 score: 179.8 100 games avg: 179.8 steps 84 
INFO : 2021-02-01 23:35:56,156 : episode: 108 score: 170.9 100 games avg: 170.9 steps 83 
INFO : 2021-02-01 23:36:20,184 : episode: 109 score: 179.3 100 games avg: 179.3 steps 84 
INFO : 2021-02-01 23:36:44,821 : episode: 110 score: 176.3 100 games avg: 176.3 steps 85 
INFO : 2021-02-01 23:37:09,404 : episode: 111 score: 172.6 100 games avg: 172.6 steps 84 
INFO : 2021-02-01 23:37:33,506 : episode: 112 score: 177.3 100 games avg: 177.3 steps 84 
INFO : 2021-02-01 23:37:57,089 : episode: 113 score: 182.9 100 games avg: 182.9 steps 84 
INFO : 2021-02-01 23:38:20,982 : episode: 114 score: 179.4 100 games avg: 179.4 steps 83 
INFO : 2021-02-01 23:38:44,007 : episode: 115 score: 177.6 100 games avg: 177.6 steps 83 
INFO : 2021-02-01 23:39:08,041 : episode: 116 score: 171.8 100 games avg: 171.8 steps 82 
INFO : 2021-02-01 23:39:33,229 : episode: 117 score: 190.7 100 games avg: 190.7 steps 87 
INFO : 2021-02-01 23:39:57,110 : episode: 118 score: 172.7 100 games avg: 172.7 steps 82 
INFO : 2021-02-01 23:40:20,786 : episode: 119 score: 172.5 100 games avg: 172.5 steps 81 
INFO : 2021-02-01 23:40:45,383 : episode: 120 score: 181.7 100 games avg: 181.7 steps 84 
INFO : 2021-02-01 23:41:10,393 : episode: 121 score: 181.3 100 games avg: 181.3 steps 84 
INFO : 2021-02-01 23:41:34,268 : episode: 122 score: 176.7 100 games avg: 176.7 steps 82 
INFO : 2021-02-01 23:41:58,539 : episode: 123 score: 180.2 100 games avg: 180.2 steps 83 
INFO : 2021-02-01 23:42:22,237 : episode: 124 score: 175.7 100 games avg: 175.7 steps 82 
INFO : 2021-02-01 23:42:46,757 : episode: 125 score: 180.2 100 games avg: 180.2 steps 83 
INFO : 2021-02-01 23:43:10,483 : episode: 126 score: 173.5 100 games avg: 173.5 steps 81 
INFO : 2021-02-01 23:43:35,026 : episode: 127 score: 182.5 100 games avg: 182.5 steps 84 
INFO : 2021-02-01 23:44:00,153 : episode: 128 score: 181.5 100 games avg: 181.5 steps 84 
INFO : 2021-02-01 23:44:24,427 : episode: 129 score: 187.6 100 games avg: 187.6 steps 86 
INFO : 2021-02-01 23:44:48,811 : episode: 130 score: 177.8 100 games avg: 177.8 steps 84 
INFO : 2021-02-01 23:45:13,947 : episode: 131 score: 184.9 100 games avg: 184.9 steps 85 
INFO : 2021-02-01 23:45:38,902 : episode: 132 score: 183.7 100 games avg: 183.7 steps 84 
INFO : 2021-02-01 23:46:03,124 : episode: 133 score: 178.8 100 games avg: 178.8 steps 83 
INFO : 2021-02-01 23:46:27,163 : episode: 134 score: 176.2 100 games avg: 176.2 steps 82 
INFO : 2021-02-01 23:46:50,674 : episode: 135 score: 182.2 100 games avg: 182.2 steps 84 
INFO : 2021-02-01 23:47:14,888 : episode: 136 score: 176.2 100 games avg: 176.2 steps 82 
INFO : 2021-02-01 23:47:40,198 : episode: 137 score: 181.5 100 games avg: 181.5 steps 84 
INFO : 2021-02-01 23:48:05,325 : episode: 138 score: 184.2 100 games avg: 184.2 steps 85 
INFO : 2021-02-01 23:48:29,728 : episode: 139 score: 176.4 100 games avg: 176.4 steps 82 
INFO : 2021-02-01 23:48:53,769 : episode: 140 score: 176.3 100 games avg: 176.3 steps 82 
INFO : 2021-02-01 23:49:16,864 : episode: 141 score: 174.4 100 games avg: 174.4 steps 82 
INFO : 2021-02-01 23:49:40,982 : episode: 142 score: 176.4 100 games avg: 176.4 steps 82 
INFO : 2021-02-01 23:50:05,290 : episode: 143 score: 175.3 100 games avg: 175.3 steps 82 
INFO : 2021-02-01 23:50:29,485 : episode: 144 score: 172.6 100 games avg: 172.6 steps 82 
INFO : 2021-02-01 23:50:54,128 : episode: 145 score: 174.8 100 games avg: 174.8 steps 82 
INFO : 2021-02-01 23:51:19,006 : episode: 146 score: 177.1 100 games avg: 177.1 steps 83 
INFO : 2021-02-01 23:51:44,409 : episode: 147 score: 174.9 100 games avg: 174.9 steps 82 
INFO : 2021-02-01 23:52:09,351 : episode: 148 score: 173.6 100 games avg: 173.6 steps 83 
INFO : 2021-02-01 23:52:34,451 : episode: 149 score: 185.7 100 games avg: 185.7 steps 85 
INFO : 2021-02-01 23:52:59,213 : episode: 150 score: 173.9 100 games avg: 173.9 steps 82 
INFO : 2021-02-01 23:53:24,015 : episode: 151 score: 181.3 100 games avg: 181.3 steps 83 
INFO : 2021-02-01 23:53:47,962 : episode: 152 score: 173.8 100 games avg: 173.8 steps 80 
INFO : 2021-02-01 23:54:12,917 : episode: 153 score: 169.8 100 games avg: 169.8 steps 82 
INFO : 2021-02-01 23:54:38,235 : episode: 154 score: 182.3 100 games avg: 182.3 steps 83 
INFO : 2021-02-01 23:55:03,932 : episode: 155 score: 185.6 100 games avg: 185.6 steps 85 
INFO : 2021-02-01 23:55:29,827 : episode: 156 score: 185.1 100 games avg: 185.1 steps 85 
INFO : 2021-02-01 23:56:14,774 : episode: 157 score: 290.1 100 games avg: 290.1 steps 161 
INFO : 2021-02-01 23:56:39,620 : episode: 158 score: 174.3 100 games avg: 174.3 steps 82 
INFO : 2021-02-01 23:56:56,797 : episode: 159 score: 76.2 100 games avg: 76.2 steps 54 
INFO : 2021-02-01 23:57:20,925 : episode: 160 score: 187.9 100 games avg: 187.9 steps 85 
INFO : 2021-02-01 23:57:41,555 : episode: 161 score: 97.3 100 games avg: 97.3 steps 65 
INFO : 2021-02-01 23:58:07,880 : episode: 162 score: 196.8 100 games avg: 196.8 steps 89 
INFO : 2021-02-01 23:58:34,493 : episode: 163 score: 205.7 100 games avg: 205.7 steps 92 
INFO : 2021-02-01 23:59:01,510 : episode: 164 score: 201.2 100 games avg: 201.2 steps 90 
INFO : 2021-02-01 23:59:28,529 : episode: 165 score: 197.2 100 games avg: 197.2 steps 89 
INFO : 2021-02-01 23:59:45,899 : episode: 166 score: 93.3 100 games avg: 93.3 steps 54 
INFO : 2021-02-02 00:00:13,170 : episode: 167 score: 205.2 100 games avg: 205.2 steps 91 
INFO : 2021-02-02 00:00:40,024 : episode: 168 score: 194.3 100 games avg: 194.3 steps 88 
INFO : 2021-02-02 00:01:06,531 : episode: 169 score: 195.2 100 games avg: 195.2 steps 88 
INFO : 2021-02-02 00:01:32,986 : episode: 170 score: 191.5 100 games avg: 191.5 steps 87 
INFO : 2021-02-02 00:01:58,386 : episode: 171 score: 169.1 100 games avg: 169.1 steps 83 
INFO : 2021-02-02 00:02:24,570 : episode: 172 score: 183.0 100 games avg: 183.0 steps 85 
INFO : 2021-02-02 00:02:50,439 : episode: 173 score: 168.6 100 games avg: 168.6 steps 83 
INFO : 2021-02-02 00:03:16,797 : episode: 174 score: 169.5 100 games avg: 169.5 steps 84 
INFO : 2021-02-02 00:03:42,104 : episode: 175 score: 170.8 100 games avg: 170.8 steps 83 
INFO : 2021-02-02 00:04:07,595 : episode: 176 score: 172.8 100 games avg: 172.8 steps 84 
INFO : 2021-02-02 00:04:33,143 : episode: 177 score: 169.3 100 games avg: 169.3 steps 84 
INFO : 2021-02-02 00:04:58,776 : episode: 178 score: 176.1 100 games avg: 176.1 steps 84 
INFO : 2021-02-02 00:05:25,129 : episode: 179 score: 173.3 100 games avg: 173.3 steps 85 
INFO : 2021-02-02 00:05:52,036 : episode: 180 score: 175.7 100 games avg: 175.7 steps 86 
INFO : 2021-02-02 00:06:17,292 : episode: 181 score: 178.0 100 games avg: 178.0 steps 83 
INFO : 2021-02-02 00:06:42,489 : episode: 182 score: 178.5 100 games avg: 178.5 steps 85 
INFO : 2021-02-02 00:07:08,686 : episode: 183 score: 177.2 100 games avg: 177.2 steps 84 
INFO : 2021-02-02 00:07:35,119 : episode: 184 score: 175.3 100 games avg: 175.3 steps 85 
INFO : 2021-02-02 00:08:01,659 : episode: 185 score: 182.9 100 games avg: 182.9 steps 86 
INFO : 2021-02-02 00:08:27,581 : episode: 186 score: 178.1 100 games avg: 178.1 steps 84 
INFO : 2021-02-02 00:08:54,643 : episode: 187 score: 178.6 100 games avg: 178.6 steps 86 
INFO : 2021-02-02 00:09:21,811 : episode: 188 score: 192.8 100 games avg: 192.8 steps 88 
INFO : 2021-02-02 00:09:47,720 : episode: 189 score: 181.3 100 games avg: 181.3 steps 85 
INFO : 2021-02-02 00:10:14,043 : episode: 190 score: 177.6 100 games avg: 177.6 steps 86 
INFO : 2021-02-02 00:10:40,506 : episode: 191 score: 178.0 100 games avg: 178.0 steps 85 
INFO : 2021-02-02 00:11:07,589 : episode: 192 score: 176.1 100 games avg: 176.1 steps 86 
INFO : 2021-02-02 00:11:34,127 : episode: 193 score: 187.1 100 games avg: 187.1 steps 87 
INFO : 2021-02-02 00:12:01,059 : episode: 194 score: 177.4 100 games avg: 177.4 steps 85 
INFO : 2021-02-02 00:12:28,321 : episode: 195 score: 184.6 100 games avg: 184.6 steps 87 
INFO : 2021-02-02 00:12:55,340 : episode: 196 score: 177.1 100 games avg: 177.1 steps 86 
INFO : 2021-02-02 00:13:22,527 : episode: 197 score: 177.5 100 games avg: 177.5 steps 86 
INFO : 2021-02-02 00:13:49,264 : episode: 198 score: 181.9 100 games avg: 181.9 steps 86 
INFO : 2021-02-02 00:14:15,584 : episode: 199 score: 179.5 100 games avg: 179.5 steps 87 
