INFO : 2021-01-29 12:30:06,569 : method: Model Predictive Contorol
INFO : 2021-01-29 12:30:06,569 : parameter n_steps: 200 ensemble_size: 5 env: Hopper-v2
INFO : 2021-01-29 12:30:09,537 : mpc horizon: 30 mpc_samples: 100 elite_sample: 30 grad_steps: 10
INFO : 2021-01-29 12:30:09,538 : mpc_function policy-kl3
INFO : 2021-01-29 12:30:09,538 : policy-kl3
INFO : 2021-01-29 12:32:55,667 : episode: 0 score: 128.5 100 games avg: 128.5 steps 100 
INFO : 2021-01-29 12:35:33,673 : episode: 1 score: 121.3 100 games avg: 121.3 steps 92 
INFO : 2021-01-29 12:38:35,413 : episode: 2 score: 146.0 100 games avg: 146.0 steps 108 
INFO : 2021-01-29 12:39:28,116 : episode: 3 score: 45.7 100 games avg: 45.7 steps 27 
INFO : 2021-01-29 12:41:29,702 : episode: 4 score: 104.0 100 games avg: 104.0 steps 70 
INFO : 2021-01-29 12:42:54,061 : episode: 5 score: 81.2 100 games avg: 81.2 steps 49 
INFO : 2021-01-29 12:43:20,561 : episode: 6 score: 18.9 100 games avg: 18.9 steps 15 
INFO : 2021-01-29 12:43:52,968 : episode: 7 score: 20.8 100 games avg: 20.8 steps 19 
INFO : 2021-01-29 12:44:18,368 : episode: 8 score: 15.0 100 games avg: 15.0 steps 15 
INFO : 2021-01-29 12:44:44,436 : episode: 9 score: 15.8 100 games avg: 15.8 steps 14 
INFO : 2021-01-29 12:45:08,766 : episode: 10 score: 15.4 100 games avg: 15.4 steps 13 
INFO : 2021-01-29 12:45:34,797 : episode: 11 score: 15.5 100 games avg: 15.5 steps 15 
INFO : 2021-01-29 12:45:59,055 : episode: 12 score: 13.7 100 games avg: 13.7 steps 14 
INFO : 2021-01-29 12:46:23,670 : episode: 13 score: 14.2 100 games avg: 14.2 steps 14 
INFO : 2021-01-29 12:46:48,419 : episode: 14 score: 14.3 100 games avg: 14.3 steps 14 
INFO : 2021-01-29 12:47:10,968 : episode: 15 score: 8.8 100 games avg: 8.8 steps 13 
INFO : 2021-01-29 12:47:27,648 : episode: 16 score: 6.3 100 games avg: 6.3 steps 10 
INFO : 2021-01-29 12:47:49,678 : episode: 17 score: 12.2 100 games avg: 12.2 steps 13 
INFO : 2021-01-29 12:48:12,484 : episode: 18 score: 12.6 100 games avg: 12.6 steps 13 
INFO : 2021-01-29 12:48:34,737 : episode: 19 score: 13.5 100 games avg: 13.5 steps 13 
INFO : 2021-01-29 12:48:56,811 : episode: 20 score: 12.0 100 games avg: 12.0 steps 13 
INFO : 2021-01-29 12:49:20,531 : episode: 21 score: 13.3 100 games avg: 13.3 steps 14 
INFO : 2021-01-29 12:49:46,497 : episode: 22 score: 16.5 100 games avg: 16.5 steps 15 
INFO : 2021-01-29 12:50:12,242 : episode: 23 score: 17.5 100 games avg: 17.5 steps 15 
INFO : 2021-01-29 12:50:39,610 : episode: 24 score: 18.1 100 games avg: 18.1 steps 16 
INFO : 2021-01-29 12:51:11,062 : episode: 25 score: 19.6 100 games avg: 19.6 steps 18 
INFO : 2021-01-29 12:51:55,895 : episode: 26 score: 34.9 100 games avg: 34.9 steps 26 
INFO : 2021-01-29 12:53:13,149 : episode: 27 score: 75.7 100 games avg: 75.7 steps 45 
INFO : 2021-01-29 12:55:00,608 : episode: 28 score: 115.4 100 games avg: 115.4 steps 61 
INFO : 2021-01-29 12:56:23,187 : episode: 29 score: 83.4 100 games avg: 83.4 steps 48 
INFO : 2021-01-29 12:57:42,989 : episode: 30 score: 75.9 100 games avg: 75.9 steps 45 
INFO : 2021-01-29 12:58:48,560 : episode: 31 score: 63.8 100 games avg: 63.8 steps 38 
INFO : 2021-01-29 12:59:56,153 : episode: 32 score: 65.5 100 games avg: 65.5 steps 39 
INFO : 2021-01-29 13:01:03,680 : episode: 33 score: 66.3 100 games avg: 66.3 steps 39 
INFO : 2021-01-29 13:02:03,853 : episode: 34 score: 58.4 100 games avg: 58.4 steps 35 
INFO : 2021-01-29 13:03:06,867 : episode: 35 score: 61.2 100 games avg: 61.2 steps 36 
INFO : 2021-01-29 13:04:11,640 : episode: 36 score: 59.6 100 games avg: 59.6 steps 36 
INFO : 2021-01-29 13:05:18,617 : episode: 37 score: 65.4 100 games avg: 65.4 steps 38 
INFO : 2021-01-29 13:06:31,502 : episode: 38 score: 68.4 100 games avg: 68.4 steps 41 
INFO : 2021-01-29 13:07:33,488 : episode: 39 score: 59.7 100 games avg: 59.7 steps 35 
INFO : 2021-01-29 13:08:36,621 : episode: 40 score: 60.8 100 games avg: 60.8 steps 37 
INFO : 2021-01-29 13:09:49,768 : episode: 41 score: 72.3 100 games avg: 72.3 steps 42 
INFO : 2021-01-29 13:10:55,844 : episode: 42 score: 64.0 100 games avg: 64.0 steps 38 
INFO : 2021-01-29 13:11:59,854 : episode: 43 score: 62.9 100 games avg: 62.9 steps 37 
INFO : 2021-01-29 13:14:25,586 : episode: 44 score: 162.4 100 games avg: 162.4 steps 84 
INFO : 2021-01-29 13:16:44,341 : episode: 45 score: 153.7 100 games avg: 153.7 steps 80 
INFO : 2021-01-29 13:17:55,904 : episode: 46 score: 69.9 100 games avg: 69.9 steps 41 
INFO : 2021-01-29 13:19:31,531 : episode: 47 score: 97.0 100 games avg: 97.0 steps 55 
INFO : 2021-01-29 13:21:12,720 : episode: 48 score: 102.3 100 games avg: 102.3 steps 58 
INFO : 2021-01-29 13:23:28,704 : episode: 49 score: 147.6 100 games avg: 147.6 steps 79 
INFO : 2021-01-29 13:25:57,837 : episode: 50 score: 172.7 100 games avg: 172.7 steps 86 
INFO : 2021-01-29 13:27:01,193 : episode: 51 score: 65.5 100 games avg: 65.5 steps 36 
INFO : 2021-01-29 13:27:55,638 : episode: 52 score: 55.3 100 games avg: 55.3 steps 31 
INFO : 2021-01-29 13:28:42,309 : episode: 53 score: 48.2 100 games avg: 48.2 steps 27 
INFO : 2021-01-29 13:29:39,830 : episode: 54 score: 59.2 100 games avg: 59.2 steps 33 
INFO : 2021-01-29 13:30:39,162 : episode: 55 score: 57.9 100 games avg: 57.9 steps 33 
INFO : 2021-01-29 13:31:28,333 : episode: 56 score: 49.1 100 games avg: 49.1 steps 28 
INFO : 2021-01-29 13:32:53,070 : episode: 57 score: 84.4 100 games avg: 84.4 steps 48 
INFO : 2021-01-29 13:34:13,596 : episode: 58 score: 81.9 100 games avg: 81.9 steps 45 
INFO : 2021-01-29 13:35:39,512 : episode: 59 score: 85.9 100 games avg: 85.9 steps 48 
INFO : 2021-01-29 13:36:57,154 : episode: 60 score: 82.6 100 games avg: 82.6 steps 45 
INFO : 2021-01-29 13:38:54,535 : episode: 61 score: 125.2 100 games avg: 125.2 steps 68 
INFO : 2021-01-29 13:41:46,625 : episode: 62 score: 203.4 100 games avg: 203.4 steps 96 
INFO : 2021-01-29 13:43:30,514 : episode: 63 score: 108.2 100 games avg: 108.2 steps 59 
INFO : 2021-01-29 13:45:08,809 : episode: 64 score: 98.5 100 games avg: 98.5 steps 54 
INFO : 2021-01-29 13:47:49,490 : episode: 65 score: 189.8 100 games avg: 189.8 steps 89 
INFO : 2021-01-29 13:50:24,139 : episode: 66 score: 186.4 100 games avg: 186.4 steps 87 
INFO : 2021-01-29 13:52:57,396 : episode: 67 score: 181.0 100 games avg: 181.0 steps 85 
INFO : 2021-01-29 13:55:37,426 : episode: 68 score: 183.2 100 games avg: 183.2 steps 90 
INFO : 2021-01-29 13:58:11,618 : episode: 69 score: 179.7 100 games avg: 179.7 steps 86 
INFO : 2021-01-29 14:00:41,729 : episode: 70 score: 171.8 100 games avg: 171.8 steps 85 
INFO : 2021-01-29 14:03:14,414 : episode: 71 score: 172.0 100 games avg: 172.0 steps 84 
INFO : 2021-01-29 14:05:48,966 : episode: 72 score: 171.0 100 games avg: 171.0 steps 87 
INFO : 2021-01-29 14:08:18,319 : episode: 73 score: 170.9 100 games avg: 170.9 steps 84 
INFO : 2021-01-29 14:10:50,823 : episode: 74 score: 170.4 100 games avg: 170.4 steps 86 
INFO : 2021-01-29 14:13:23,257 : episode: 75 score: 171.0 100 games avg: 171.0 steps 87 
INFO : 2021-01-29 14:15:47,057 : episode: 76 score: 172.9 100 games avg: 172.9 steps 84 
INFO : 2021-01-29 14:18:11,611 : episode: 77 score: 173.0 100 games avg: 173.0 steps 84 
INFO : 2021-01-29 14:20:38,109 : episode: 78 score: 169.1 100 games avg: 169.1 steps 85 
INFO : 2021-01-29 14:23:07,629 : episode: 79 score: 171.8 100 games avg: 171.8 steps 86 
INFO : 2021-01-29 14:25:34,020 : episode: 80 score: 168.9 100 games avg: 168.9 steps 85 
INFO : 2021-01-29 14:28:04,000 : episode: 81 score: 170.7 100 games avg: 170.7 steps 87 
INFO : 2021-01-29 14:30:31,684 : episode: 82 score: 172.0 100 games avg: 172.0 steps 86 
INFO : 2021-01-29 14:33:01,797 : episode: 83 score: 170.3 100 games avg: 170.3 steps 87 
INFO : 2021-01-29 14:35:28,207 : episode: 84 score: 172.6 100 games avg: 172.6 steps 85 
INFO : 2021-01-29 14:37:54,760 : episode: 85 score: 172.2 100 games avg: 172.2 steps 86 
INFO : 2021-01-29 14:40:24,748 : episode: 86 score: 172.3 100 games avg: 172.3 steps 86 
INFO : 2021-01-29 14:42:51,792 : episode: 87 score: 172.2 100 games avg: 172.2 steps 85 
INFO : 2021-01-29 14:45:15,677 : episode: 88 score: 175.0 100 games avg: 175.0 steps 83 
INFO : 2021-01-29 14:46:40,839 : episode: 89 score: 84.4 100 games avg: 84.4 steps 49 
INFO : 2021-01-29 14:49:07,467 : episode: 90 score: 172.8 100 games avg: 172.8 steps 85 
INFO : 2021-01-29 14:51:37,546 : episode: 91 score: 169.9 100 games avg: 169.9 steps 85 
INFO : 2021-01-29 14:54:00,859 : episode: 92 score: 177.6 100 games avg: 177.6 steps 83 
INFO : 2021-01-29 14:56:24,675 : episode: 93 score: 175.8 100 games avg: 175.8 steps 83 
INFO : 2021-01-29 14:58:54,260 : episode: 94 score: 187.7 100 games avg: 187.7 steps 86 
INFO : 2021-01-29 15:01:21,634 : episode: 95 score: 167.9 100 games avg: 167.9 steps 86 
INFO : 2021-01-29 15:03:46,462 : episode: 96 score: 170.6 100 games avg: 170.6 steps 83 
INFO : 2021-01-29 15:06:10,659 : episode: 97 score: 173.6 100 games avg: 173.6 steps 83 
INFO : 2021-01-29 15:08:36,475 : episode: 98 score: 167.4 100 games avg: 167.4 steps 85 
INFO : 2021-01-29 15:11:00,022 : episode: 99 score: 169.8 100 games avg: 169.8 steps 82 
INFO : 2021-01-29 15:13:26,570 : episode: 100 score: 168.8 100 games avg: 168.8 steps 84 
INFO : 2021-01-29 15:15:51,635 : episode: 101 score: 168.4 100 games avg: 168.4 steps 84 
INFO : 2021-01-29 15:18:14,021 : episode: 102 score: 169.4 100 games avg: 169.4 steps 82 
INFO : 2021-01-29 15:20:38,742 : episode: 103 score: 168.5 100 games avg: 168.5 steps 84 
INFO : 2021-01-29 15:23:09,820 : episode: 104 score: 170.0 100 games avg: 170.0 steps 85 
INFO : 2021-01-29 15:24:07,192 : episode: 105 score: 54.0 100 games avg: 54.0 steps 31 
INFO : 2021-01-29 15:24:55,861 : episode: 106 score: 47.7 100 games avg: 47.7 steps 27 
INFO : 2021-01-29 15:27:30,638 : episode: 107 score: 167.3 100 games avg: 167.3 steps 86 
INFO : 2021-01-29 15:30:04,161 : episode: 108 score: 168.6 100 games avg: 168.6 steps 85 
INFO : 2021-01-29 15:30:58,000 : episode: 109 score: 49.8 100 games avg: 49.8 steps 29 
INFO : 2021-01-29 15:33:38,668 : episode: 110 score: 170.0 100 games avg: 170.0 steps 87 
INFO : 2021-01-29 15:36:12,576 : episode: 111 score: 169.3 100 games avg: 169.3 steps 87 
INFO : 2021-01-29 15:37:05,960 : episode: 112 score: 51.0 100 games avg: 51.0 steps 29 
INFO : 2021-01-29 15:38:03,484 : episode: 113 score: 52.5 100 games avg: 52.5 steps 30 
INFO : 2021-01-29 15:40:35,122 : episode: 114 score: 170.4 100 games avg: 170.4 steps 83 
INFO : 2021-01-29 15:41:26,655 : episode: 115 score: 49.1 100 games avg: 49.1 steps 28 
INFO : 2021-01-29 15:44:01,909 : episode: 116 score: 169.2 100 games avg: 169.2 steps 86 
INFO : 2021-01-29 15:46:33,718 : episode: 117 score: 172.8 100 games avg: 172.8 steps 86 
INFO : 2021-01-29 15:49:04,928 : episode: 118 score: 169.6 100 games avg: 169.6 steps 86 
INFO : 2021-01-29 15:51:42,943 : episode: 119 score: 173.3 100 games avg: 173.3 steps 88 
INFO : 2021-01-29 15:54:13,909 : episode: 120 score: 168.5 100 games avg: 168.5 steps 86 
INFO : 2021-01-29 15:56:49,931 : episode: 121 score: 170.2 100 games avg: 170.2 steps 87 
INFO : 2021-01-29 15:59:24,675 : episode: 122 score: 170.7 100 games avg: 170.7 steps 87 
INFO : 2021-01-29 16:01:55,717 : episode: 123 score: 172.8 100 games avg: 172.8 steps 85 
INFO : 2021-01-29 16:04:29,453 : episode: 124 score: 168.7 100 games avg: 168.7 steps 85 
INFO : 2021-01-29 16:06:59,870 : episode: 125 score: 171.9 100 games avg: 171.9 steps 85 
INFO : 2021-01-29 16:09:30,538 : episode: 126 score: 172.6 100 games avg: 172.6 steps 85 
INFO : 2021-01-29 16:12:05,250 : episode: 127 score: 169.2 100 games avg: 169.2 steps 86 
INFO : 2021-01-29 16:14:39,396 : episode: 128 score: 167.7 100 games avg: 167.7 steps 86 
INFO : 2021-01-29 16:17:12,835 : episode: 129 score: 166.9 100 games avg: 166.9 steps 85 
INFO : 2021-01-29 16:19:50,469 : episode: 130 score: 179.0 100 games avg: 179.0 steps 88 
INFO : 2021-01-29 16:22:30,068 : episode: 131 score: 183.9 100 games avg: 183.9 steps 89 
INFO : 2021-01-29 16:25:05,975 : episode: 132 score: 176.3 100 games avg: 176.3 steps 87 
INFO : 2021-01-29 16:27:46,313 : episode: 133 score: 181.7 100 games avg: 181.7 steps 89 
INFO : 2021-01-29 16:30:24,655 : episode: 134 score: 189.1 100 games avg: 189.1 steps 89 
INFO : 2021-01-29 16:33:11,006 : episode: 135 score: 197.2 100 games avg: 197.2 steps 93 
INFO : 2021-01-29 16:35:52,225 : episode: 136 score: 190.4 100 games avg: 190.4 steps 91 
INFO : 2021-01-29 16:38:37,567 : episode: 137 score: 199.0 100 games avg: 199.0 steps 93 
INFO : 2021-01-29 16:41:27,186 : episode: 138 score: 195.6 100 games avg: 195.6 steps 95 
INFO : 2021-01-29 16:44:06,481 : episode: 139 score: 187.3 100 games avg: 187.3 steps 89 
INFO : 2021-01-29 16:46:43,139 : episode: 140 score: 195.1 100 games avg: 195.1 steps 88 
INFO : 2021-01-29 16:49:09,727 : episode: 141 score: 167.6 100 games avg: 167.6 steps 80 
INFO : 2021-01-29 16:51:59,914 : episode: 142 score: 201.9 100 games avg: 201.9 steps 95 
INFO : 2021-01-29 16:54:36,137 : episode: 143 score: 186.5 100 games avg: 186.5 steps 87 
INFO : 2021-01-29 16:57:23,104 : episode: 144 score: 205.7 100 games avg: 205.7 steps 90 
INFO : 2021-01-29 17:00:07,494 : episode: 145 score: 198.5 100 games avg: 198.5 steps 91 
INFO : 2021-01-29 17:02:43,464 : episode: 146 score: 186.7 100 games avg: 186.7 steps 86 
INFO : 2021-01-29 17:05:30,122 : episode: 147 score: 202.9 100 games avg: 202.9 steps 92 
INFO : 2021-01-29 17:06:52,377 : episode: 148 score: 80.5 100 games avg: 80.5 steps 45 
INFO : 2021-01-29 17:09:52,915 : episode: 149 score: 228.5 100 games avg: 228.5 steps 102 
INFO : 2021-01-29 17:12:33,076 : episode: 150 score: 194.4 100 games avg: 194.4 steps 88 
INFO : 2021-01-29 17:15:28,850 : episode: 151 score: 211.7 100 games avg: 211.7 steps 97 
INFO : 2021-01-29 17:18:32,893 : episode: 152 score: 222.5 100 games avg: 222.5 steps 103 
INFO : 2021-01-29 17:21:17,852 : episode: 153 score: 216.6 100 games avg: 216.6 steps 93 
INFO : 2021-01-29 17:24:26,518 : episode: 154 score: 229.8 100 games avg: 229.8 steps 104 
INFO : 2021-01-29 17:27:17,990 : episode: 155 score: 218.7 100 games avg: 218.7 steps 95 
INFO : 2021-01-29 17:30:13,318 : episode: 156 score: 221.7 100 games avg: 221.7 steps 95 
INFO : 2021-01-29 17:33:04,731 : episode: 157 score: 220.7 100 games avg: 220.7 steps 95 
INFO : 2021-01-29 17:36:11,043 : episode: 158 score: 230.4 100 games avg: 230.4 steps 100 
INFO : 2021-01-29 17:39:17,639 : episode: 159 score: 233.2 100 games avg: 233.2 steps 103 
INFO : 2021-01-29 17:42:17,079 : episode: 160 score: 232.1 100 games avg: 232.1 steps 99 
INFO : 2021-01-29 17:45:18,582 : episode: 161 score: 219.8 100 games avg: 219.8 steps 100 
INFO : 2021-01-29 17:48:12,789 : episode: 162 score: 222.8 100 games avg: 222.8 steps 97 
INFO : 2021-01-29 17:51:16,532 : episode: 163 score: 219.0 100 games avg: 219.0 steps 102 
INFO : 2021-01-29 17:54:21,898 : episode: 164 score: 219.9 100 games avg: 219.9 steps 102 
INFO : 2021-01-29 17:57:24,561 : episode: 165 score: 212.3 100 games avg: 212.3 steps 102 
INFO : 2021-01-29 18:00:30,745 : episode: 166 score: 222.1 100 games avg: 222.1 steps 102 
INFO : 2021-01-29 18:03:43,307 : episode: 167 score: 226.9 100 games avg: 226.9 steps 107 
INFO : 2021-01-29 18:06:47,317 : episode: 168 score: 221.1 100 games avg: 221.1 steps 101 
INFO : 2021-01-29 18:09:39,459 : episode: 169 score: 218.8 100 games avg: 218.8 steps 95 
INFO : 2021-01-29 18:12:36,575 : episode: 170 score: 210.0 100 games avg: 210.0 steps 98 
INFO : 2021-01-29 18:15:33,951 : episode: 171 score: 208.1 100 games avg: 208.1 steps 96 
INFO : 2021-01-29 18:18:33,759 : episode: 172 score: 215.7 100 games avg: 215.7 steps 99 
