INFO : 2021-02-02 13:25:50,828 : method: Model Predictive Contorol
INFO : 2021-02-02 13:25:50,828 : parameter n_steps: 100 ensemble_size: 5 env: Continuous_CartPole
INFO : 2021-02-02 13:25:53,419 : mpc horizon: 5 mpc_samples: 100 elite_sample: 30 grad_steps: 10
INFO : 2021-02-02 13:25:53,419 : mpc_function policy-kl5
INFO : 2021-02-02 13:25:53,419 : policy-kl5
INFO : 2021-02-02 13:25:58,047 : episode: 0 score: 37.0 100 games avg: 37.0 steps 38 
INFO : 2021-02-02 13:26:01,382 : episode: 1 score: 26.0 100 games avg: 26.0 steps 27 
INFO : 2021-02-02 13:26:07,878 : episode: 2 score: 52.0 100 games avg: 52.0 steps 53 
INFO : 2021-02-02 13:26:11,456 : episode: 3 score: 28.0 100 games avg: 28.0 steps 29 
INFO : 2021-02-02 13:26:20,451 : episode: 4 score: 72.0 100 games avg: 72.0 steps 73 
INFO : 2021-02-02 13:26:24,282 : episode: 5 score: 30.0 100 games avg: 30.0 steps 31 
INFO : 2021-02-02 13:26:26,701 : episode: 6 score: 17.0 100 games avg: 17.0 steps 18 
INFO : 2021-02-02 13:26:28,367 : episode: 7 score: 11.0 100 games avg: 11.0 steps 12 
INFO : 2021-02-02 13:26:29,890 : episode: 8 score: 10.0 100 games avg: 10.0 steps 11 
INFO : 2021-02-02 13:26:31,152 : episode: 9 score: 8.0 100 games avg: 8.0 steps 9 
INFO : 2021-02-02 13:26:32,553 : episode: 10 score: 9.0 100 games avg: 9.0 steps 10 
INFO : 2021-02-02 13:26:33,545 : episode: 11 score: 6.0 100 games avg: 6.0 steps 7 
INFO : 2021-02-02 13:26:34,539 : episode: 12 score: 6.0 100 games avg: 6.0 steps 7 
INFO : 2021-02-02 13:26:35,532 : episode: 13 score: 6.0 100 games avg: 6.0 steps 7 
INFO : 2021-02-02 13:26:36,389 : episode: 14 score: 5.0 100 games avg: 5.0 steps 6 
INFO : 2021-02-02 13:26:37,380 : episode: 15 score: 6.0 100 games avg: 6.0 steps 7 
INFO : 2021-02-02 13:26:38,503 : episode: 16 score: 7.0 100 games avg: 7.0 steps 8 
INFO : 2021-02-02 13:26:39,494 : episode: 17 score: 6.0 100 games avg: 6.0 steps 7 
INFO : 2021-02-02 13:26:40,356 : episode: 18 score: 5.0 100 games avg: 5.0 steps 6 
INFO : 2021-02-02 13:26:41,348 : episode: 19 score: 6.0 100 games avg: 6.0 steps 7 
INFO : 2021-02-02 13:26:42,475 : episode: 20 score: 7.0 100 games avg: 7.0 steps 8 
INFO : 2021-02-02 13:26:43,468 : episode: 21 score: 6.0 100 games avg: 6.0 steps 7 
INFO : 2021-02-02 13:26:44,327 : episode: 22 score: 5.0 100 games avg: 5.0 steps 6 
INFO : 2021-02-02 13:26:45,458 : episode: 23 score: 7.0 100 games avg: 7.0 steps 8 
INFO : 2021-02-02 13:26:46,318 : episode: 24 score: 5.0 100 games avg: 5.0 steps 6 
INFO : 2021-02-02 13:26:47,311 : episode: 25 score: 6.0 100 games avg: 6.0 steps 7 
INFO : 2021-02-02 13:26:48,304 : episode: 26 score: 6.0 100 games avg: 6.0 steps 7 
INFO : 2021-02-02 13:26:49,302 : episode: 27 score: 6.0 100 games avg: 6.0 steps 7 
INFO : 2021-02-02 13:26:50,562 : episode: 28 score: 8.0 100 games avg: 8.0 steps 9 
INFO : 2021-02-02 13:26:51,822 : episode: 29 score: 8.0 100 games avg: 8.0 steps 9 
INFO : 2021-02-02 13:26:52,819 : episode: 30 score: 6.0 100 games avg: 6.0 steps 7 
INFO : 2021-02-02 13:26:54,085 : episode: 31 score: 8.0 100 games avg: 8.0 steps 9 
INFO : 2021-02-02 13:26:55,210 : episode: 32 score: 7.0 100 games avg: 7.0 steps 8 
INFO : 2021-02-02 13:26:56,201 : episode: 33 score: 6.0 100 games avg: 6.0 steps 7 
INFO : 2021-02-02 13:26:57,459 : episode: 34 score: 8.0 100 games avg: 8.0 steps 9 
INFO : 2021-02-02 13:26:58,450 : episode: 35 score: 6.0 100 games avg: 6.0 steps 7 
INFO : 2021-02-02 13:26:59,575 : episode: 36 score: 7.0 100 games avg: 7.0 steps 8 
INFO : 2021-02-02 13:27:00,434 : episode: 37 score: 5.0 100 games avg: 5.0 steps 6 
INFO : 2021-02-02 13:27:03,043 : episode: 38 score: 18.0 100 games avg: 18.0 steps 19 
INFO : 2021-02-02 13:27:04,216 : episode: 39 score: 7.0 100 games avg: 7.0 steps 8 
INFO : 2021-02-02 13:27:05,257 : episode: 40 score: 6.0 100 games avg: 6.0 steps 7 
INFO : 2021-02-02 13:27:06,187 : episode: 41 score: 5.0 100 games avg: 5.0 steps 6 
INFO : 2021-02-02 13:27:07,500 : episode: 42 score: 8.0 100 games avg: 8.0 steps 9 
INFO : 2021-02-02 13:27:08,413 : episode: 43 score: 5.0 100 games avg: 5.0 steps 6 
INFO : 2021-02-02 13:27:09,458 : episode: 44 score: 6.0 100 games avg: 6.0 steps 7 
INFO : 2021-02-02 13:27:10,371 : episode: 45 score: 5.0 100 games avg: 5.0 steps 6 
INFO : 2021-02-02 13:27:11,417 : episode: 46 score: 6.0 100 games avg: 6.0 steps 7 
INFO : 2021-02-02 13:27:12,474 : episode: 47 score: 6.0 100 games avg: 6.0 steps 7 
INFO : 2021-02-02 13:27:13,655 : episode: 48 score: 7.0 100 games avg: 7.0 steps 8 
INFO : 2021-02-02 13:27:14,703 : episode: 49 score: 6.0 100 games avg: 6.0 steps 7 
INFO : 2021-02-02 13:27:15,616 : episode: 50 score: 5.0 100 games avg: 5.0 steps 6 
INFO : 2021-02-02 13:27:16,798 : episode: 51 score: 7.0 100 games avg: 7.0 steps 8 
INFO : 2021-02-02 13:27:17,847 : episode: 52 score: 6.0 100 games avg: 6.0 steps 7 
INFO : 2021-02-02 13:27:19,030 : episode: 53 score: 7.0 100 games avg: 7.0 steps 8 
INFO : 2021-02-02 13:27:20,210 : episode: 54 score: 7.0 100 games avg: 7.0 steps 8 
INFO : 2021-02-02 13:27:21,391 : episode: 55 score: 7.0 100 games avg: 7.0 steps 8 
INFO : 2021-02-02 13:27:22,839 : episode: 56 score: 9.0 100 games avg: 9.0 steps 10 
INFO : 2021-02-02 13:27:24,283 : episode: 57 score: 9.0 100 games avg: 9.0 steps 10 
INFO : 2021-02-02 13:27:25,204 : episode: 58 score: 5.0 100 games avg: 5.0 steps 6 
INFO : 2021-02-02 13:27:26,251 : episode: 59 score: 6.0 100 games avg: 6.0 steps 7 
INFO : 2021-02-02 13:27:27,296 : episode: 60 score: 6.0 100 games avg: 6.0 steps 7 
INFO : 2021-02-02 13:27:28,476 : episode: 61 score: 7.0 100 games avg: 7.0 steps 8 
INFO : 2021-02-02 13:27:33,654 : episode: 62 score: 37.0 100 games avg: 37.0 steps 38 
INFO : 2021-02-02 13:27:34,957 : episode: 63 score: 7.0 100 games avg: 7.0 steps 8 
INFO : 2021-02-02 13:27:36,573 : episode: 64 score: 9.0 100 games avg: 9.0 steps 10 
INFO : 2021-02-02 13:27:37,683 : episode: 65 score: 6.0 100 games avg: 6.0 steps 7 
INFO : 2021-02-02 13:27:38,964 : episode: 66 score: 7.0 100 games avg: 7.0 steps 8 
INFO : 2021-02-02 13:27:40,315 : episode: 67 score: 6.0 100 games avg: 6.0 steps 7 
INFO : 2021-02-02 13:27:41,894 : episode: 68 score: 9.0 100 games avg: 9.0 steps 10 
INFO : 2021-02-02 13:27:43,154 : episode: 69 score: 6.0 100 games avg: 6.0 steps 7 
INFO : 2021-02-02 13:27:44,251 : episode: 70 score: 5.0 100 games avg: 5.0 steps 6 
INFO : 2021-02-02 13:27:46,286 : episode: 71 score: 12.0 100 games avg: 12.0 steps 13 
INFO : 2021-02-02 13:27:53,933 : episode: 72 score: 52.0 100 games avg: 52.0 steps 53 
INFO : 2021-02-02 13:28:10,928 : episode: 73 score: 117.0 100 games avg: 117.0 steps 118 
INFO : 2021-02-02 13:28:27,744 : episode: 74 score: 117.0 100 games avg: 117.0 steps 118 
INFO : 2021-02-02 13:28:30,579 : episode: 75 score: 18.0 100 games avg: 18.0 steps 19 
INFO : 2021-02-02 13:28:52,292 : episode: 76 score: 150.0 100 games avg: 150.0 steps 151 
INFO : 2021-02-02 13:29:10,621 : episode: 77 score: 125.0 100 games avg: 125.0 steps 126 
INFO : 2021-02-02 13:29:36,882 : episode: 78 score: 179.0 100 games avg: 179.0 steps 180 
INFO : 2021-02-02 13:29:56,233 : episode: 79 score: 134.0 100 games avg: 134.0 steps 135 
INFO : 2021-02-02 13:30:17,666 : episode: 80 score: 151.0 100 games avg: 151.0 steps 152 
INFO : 2021-02-02 13:30:34,433 : episode: 81 score: 122.0 100 games avg: 122.0 steps 123 
INFO : 2021-02-02 13:30:53,389 : episode: 82 score: 139.0 100 games avg: 139.0 steps 140 
INFO : 2021-02-02 13:31:20,535 : episode: 83 score: 200.0 100 games avg: 200.0 steps 201 
INFO : 2021-02-02 13:31:39,526 : episode: 84 score: 139.0 100 games avg: 139.0 steps 140 
INFO : 2021-02-02 13:31:56,263 : episode: 85 score: 122.0 100 games avg: 122.0 steps 123 
INFO : 2021-02-02 13:32:23,615 : episode: 86 score: 200.0 100 games avg: 200.0 steps 201 
INFO : 2021-02-02 13:32:46,460 : episode: 87 score: 158.0 100 games avg: 158.0 steps 159 
INFO : 2021-02-02 13:33:03,674 : episode: 88 score: 114.0 100 games avg: 114.0 steps 115 
INFO : 2021-02-02 13:33:21,663 : episode: 89 score: 117.0 100 games avg: 117.0 steps 118 
INFO : 2021-02-02 13:33:44,800 : episode: 90 score: 155.0 100 games avg: 155.0 steps 156 
INFO : 2021-02-02 13:34:14,417 : episode: 91 score: 200.0 100 games avg: 200.0 steps 201 
INFO : 2021-02-02 13:34:31,975 : episode: 92 score: 114.0 100 games avg: 114.0 steps 115 
INFO : 2021-02-02 13:34:56,556 : episode: 93 score: 164.0 100 games avg: 164.0 steps 165 
INFO : 2021-02-02 13:35:15,179 : episode: 94 score: 130.0 100 games avg: 130.0 steps 131 
INFO : 2021-02-02 13:35:30,151 : episode: 95 score: 106.0 100 games avg: 106.0 steps 107 
INFO : 2021-02-02 13:35:57,632 : episode: 96 score: 200.0 100 games avg: 200.0 steps 201 
INFO : 2021-02-02 13:36:23,434 : episode: 97 score: 187.0 100 games avg: 187.0 steps 188 
INFO : 2021-02-02 13:36:41,227 : episode: 98 score: 126.0 100 games avg: 126.0 steps 127 
INFO : 2021-02-02 13:36:56,258 : episode: 99 score: 106.0 100 games avg: 106.0 steps 107 
