INFO : 2021-01-08 23:22:44,009 : method: Model Predictive Contorol
INFO : 2021-01-08 23:22:44,010 : parameter n_steps: 100 ensemble_size: 5 env: HalfCheetah-v2
INFO : 2021-01-08 23:22:47,135 : mpc horizon: 10 mpc_samples: 100 elite_sample: 30 grad_steps: 10
INFO : 2021-01-08 23:22:47,137 : mpc_function random
INFO : 2021-01-08 23:22:47,137 : random
INFO : 2021-01-08 23:26:00,843 : episode: 0 score: -274.5 100 games avg: -274.5 steps 1000 
INFO : 2021-01-08 23:29:13,643 : episode: 1 score: -274.2 100 games avg: -274.2 steps 1000 
INFO : 2021-01-08 23:32:27,387 : episode: 2 score: -346.3 100 games avg: -346.3 steps 1000 
INFO : 2021-01-08 23:35:40,903 : episode: 3 score: -292.7 100 games avg: -292.7 steps 1000 
INFO : 2021-01-08 23:38:53,765 : episode: 4 score: -296.4 100 games avg: -296.4 steps 1000 
INFO : 2021-01-08 23:42:07,887 : episode: 5 score: -223.6 100 games avg: -223.6 steps 1000 
INFO : 2021-01-08 23:45:21,458 : episode: 6 score: -138.1 100 games avg: -138.1 steps 1000 
INFO : 2021-01-08 23:48:35,720 : episode: 7 score: -200.9 100 games avg: -200.9 steps 1000 
INFO : 2021-01-08 23:51:50,006 : episode: 8 score: -240.7 100 games avg: -240.7 steps 1000 
INFO : 2021-01-08 23:55:03,571 : episode: 9 score: -327.5 100 games avg: -327.5 steps 1000 
INFO : 2021-01-08 23:58:17,271 : episode: 10 score: -404.5 100 games avg: -404.5 steps 1000 
INFO : 2021-01-09 00:01:31,074 : episode: 11 score: -351.1 100 games avg: -351.1 steps 1000 
INFO : 2021-01-09 00:04:45,117 : episode: 12 score: -441.5 100 games avg: -441.5 steps 1000 
INFO : 2021-01-09 00:07:58,174 : episode: 13 score: -402.2 100 games avg: -402.2 steps 1000 
INFO : 2021-01-09 00:11:11,997 : episode: 14 score: -407.3 100 games avg: -407.3 steps 1000 
INFO : 2021-01-09 00:14:26,033 : episode: 15 score: -420.5 100 games avg: -420.5 steps 1000 
INFO : 2021-01-09 00:17:39,931 : episode: 16 score: -399.7 100 games avg: -399.7 steps 1000 
INFO : 2021-01-09 00:20:53,731 : episode: 17 score: -461.7 100 games avg: -461.7 steps 1000 
INFO : 2021-01-09 00:24:07,017 : episode: 18 score: -398.3 100 games avg: -398.3 steps 1000 
INFO : 2021-01-09 00:27:21,230 : episode: 19 score: -391.7 100 games avg: -391.7 steps 1000 
INFO : 2021-01-09 00:30:34,901 : episode: 20 score: -369.6 100 games avg: -369.6 steps 1000 
INFO : 2021-01-09 00:33:49,649 : episode: 21 score: -415.6 100 games avg: -415.6 steps 1000 
INFO : 2021-01-09 00:37:04,293 : episode: 22 score: -416.0 100 games avg: -416.0 steps 1000 
INFO : 2021-01-09 00:40:18,820 : episode: 23 score: -444.1 100 games avg: -444.1 steps 1000 
INFO : 2021-01-09 00:43:33,126 : episode: 24 score: -387.7 100 games avg: -387.7 steps 1000 
INFO : 2021-01-09 00:46:47,796 : episode: 25 score: -319.6 100 games avg: -319.6 steps 1000 
INFO : 2021-01-09 00:50:03,216 : episode: 26 score: -350.3 100 games avg: -350.3 steps 1000 
INFO : 2021-01-09 00:53:17,538 : episode: 27 score: -346.4 100 games avg: -346.4 steps 1000 
INFO : 2021-01-09 00:56:31,068 : episode: 28 score: -445.2 100 games avg: -445.2 steps 1000 
INFO : 2021-01-09 00:59:44,524 : episode: 29 score: -554.1 100 games avg: -554.1 steps 1000 
INFO : 2021-01-09 01:02:59,198 : episode: 30 score: -603.5 100 games avg: -603.5 steps 1000 
INFO : 2021-01-09 01:06:12,434 : episode: 31 score: -378.5 100 games avg: -378.5 steps 1000 
INFO : 2021-01-09 01:09:26,760 : episode: 32 score: -298.4 100 games avg: -298.4 steps 1000 
INFO : 2021-01-09 01:12:40,820 : episode: 33 score: -330.4 100 games avg: -330.4 steps 1000 
INFO : 2021-01-09 01:15:54,912 : episode: 34 score: -598.4 100 games avg: -598.4 steps 1000 
INFO : 2021-01-09 01:19:09,301 : episode: 35 score: -370.0 100 games avg: -370.0 steps 1000 
INFO : 2021-01-09 01:22:23,064 : episode: 36 score: 51.2 100 games avg: 51.2 steps 1000 
INFO : 2021-01-09 01:25:37,830 : episode: 37 score: -99.0 100 games avg: -99.0 steps 1000 
INFO : 2021-01-09 01:28:52,812 : episode: 38 score: -250.9 100 games avg: -250.9 steps 1000 
INFO : 2021-01-09 01:32:07,278 : episode: 39 score: -191.6 100 games avg: -191.6 steps 1000 
INFO : 2021-01-09 01:35:22,440 : episode: 40 score: -187.6 100 games avg: -187.6 steps 1000 
INFO : 2021-01-09 01:38:36,312 : episode: 41 score: -330.2 100 games avg: -330.2 steps 1000 
INFO : 2021-01-09 01:41:51,092 : episode: 42 score: -276.9 100 games avg: -276.9 steps 1000 
INFO : 2021-01-09 01:45:05,217 : episode: 43 score: -503.0 100 games avg: -503.0 steps 1000 
INFO : 2021-01-09 01:48:19,154 : episode: 44 score: -230.7 100 games avg: -230.7 steps 1000 
INFO : 2021-01-09 01:51:33,370 : episode: 45 score: -309.5 100 games avg: -309.5 steps 1000 
INFO : 2021-01-09 01:54:47,851 : episode: 46 score: -354.8 100 games avg: -354.8 steps 1000 
INFO : 2021-01-09 01:58:01,909 : episode: 47 score: -363.3 100 games avg: -363.3 steps 1000 
INFO : 2021-01-09 02:01:15,136 : episode: 48 score: -266.9 100 games avg: -266.9 steps 1000 
INFO : 2021-01-09 02:04:29,591 : episode: 49 score: -547.2 100 games avg: -547.2 steps 1000 
INFO : 2021-01-09 02:07:43,568 : episode: 50 score: -242.2 100 games avg: -242.2 steps 1000 
INFO : 2021-01-09 02:10:57,984 : episode: 51 score: -425.6 100 games avg: -425.6 steps 1000 
INFO : 2021-01-09 02:14:13,100 : episode: 52 score: -385.6 100 games avg: -385.6 steps 1000 
INFO : 2021-01-09 02:17:26,468 : episode: 53 score: -320.3 100 games avg: -320.3 steps 1000 
INFO : 2021-01-09 02:20:40,601 : episode: 54 score: -196.7 100 games avg: -196.7 steps 1000 
INFO : 2021-01-09 02:23:54,935 : episode: 55 score: -200.4 100 games avg: -200.4 steps 1000 
INFO : 2021-01-09 02:27:08,568 : episode: 56 score: -183.6 100 games avg: -183.6 steps 1000 
INFO : 2021-01-09 02:30:22,643 : episode: 57 score: -186.8 100 games avg: -186.8 steps 1000 
INFO : 2021-01-09 02:33:37,046 : episode: 58 score: -226.5 100 games avg: -226.5 steps 1000 
INFO : 2021-01-09 02:36:51,083 : episode: 59 score: -111.5 100 games avg: -111.5 steps 1000 
INFO : 2021-01-09 02:40:04,891 : episode: 60 score: -138.4 100 games avg: -138.4 steps 1000 
INFO : 2021-01-09 02:43:18,598 : episode: 61 score: -209.8 100 games avg: -209.8 steps 1000 
INFO : 2021-01-09 02:46:32,541 : episode: 62 score: -220.3 100 games avg: -220.3 steps 1000 
INFO : 2021-01-09 02:49:47,313 : episode: 63 score: -227.3 100 games avg: -227.3 steps 1000 
INFO : 2021-01-09 02:53:01,811 : episode: 64 score: -272.3 100 games avg: -272.3 steps 1000 
INFO : 2021-01-09 02:56:15,579 : episode: 65 score: -274.4 100 games avg: -274.4 steps 1000 
INFO : 2021-01-09 02:59:30,722 : episode: 66 score: -347.6 100 games avg: -347.6 steps 1000 
INFO : 2021-01-09 03:02:44,709 : episode: 67 score: -305.1 100 games avg: -305.1 steps 1000 
INFO : 2021-01-09 03:05:59,104 : episode: 68 score: -339.3 100 games avg: -339.3 steps 1000 
INFO : 2021-01-09 03:09:12,843 : episode: 69 score: -375.3 100 games avg: -375.3 steps 1000 
INFO : 2021-01-09 03:12:26,362 : episode: 70 score: -386.5 100 games avg: -386.5 steps 1000 
INFO : 2021-01-09 03:15:40,532 : episode: 71 score: -255.3 100 games avg: -255.3 steps 1000 
INFO : 2021-01-09 03:18:54,395 : episode: 72 score: -432.5 100 games avg: -432.5 steps 1000 
INFO : 2021-01-09 03:22:08,316 : episode: 73 score: -372.8 100 games avg: -372.8 steps 1000 
INFO : 2021-01-09 03:25:22,521 : episode: 74 score: -234.5 100 games avg: -234.5 steps 1000 
INFO : 2021-01-09 03:28:37,281 : episode: 75 score: -316.6 100 games avg: -316.6 steps 1000 
INFO : 2021-01-09 03:31:51,430 : episode: 76 score: -340.9 100 games avg: -340.9 steps 1000 
INFO : 2021-01-09 03:35:06,037 : episode: 77 score: -345.6 100 games avg: -345.6 steps 1000 
INFO : 2021-01-09 03:38:19,491 : episode: 78 score: -317.7 100 games avg: -317.7 steps 1000 
INFO : 2021-01-09 03:41:33,518 : episode: 79 score: -342.9 100 games avg: -342.9 steps 1000 
INFO : 2021-01-09 03:44:47,718 : episode: 80 score: -368.4 100 games avg: -368.4 steps 1000 
INFO : 2021-01-09 03:48:01,683 : episode: 81 score: -319.8 100 games avg: -319.8 steps 1000 
INFO : 2021-01-09 03:51:15,598 : episode: 82 score: -324.6 100 games avg: -324.6 steps 1000 
INFO : 2021-01-09 03:54:30,342 : episode: 83 score: -399.7 100 games avg: -399.7 steps 1000 
INFO : 2021-01-09 03:57:44,273 : episode: 84 score: -237.8 100 games avg: -237.8 steps 1000 
INFO : 2021-01-09 04:00:58,728 : episode: 85 score: -347.3 100 games avg: -347.3 steps 1000 
INFO : 2021-01-09 04:04:13,006 : episode: 86 score: -236.3 100 games avg: -236.3 steps 1000 
INFO : 2021-01-09 04:07:27,333 : episode: 87 score: -279.1 100 games avg: -279.1 steps 1000 
INFO : 2021-01-09 04:10:41,267 : episode: 88 score: -320.8 100 games avg: -320.8 steps 1000 
INFO : 2021-01-09 04:13:55,212 : episode: 89 score: -260.0 100 games avg: -260.0 steps 1000 
INFO : 2021-01-09 04:17:08,925 : episode: 90 score: -300.6 100 games avg: -300.6 steps 1000 
INFO : 2021-01-09 04:20:23,091 : episode: 91 score: -330.8 100 games avg: -330.8 steps 1000 
INFO : 2021-01-09 04:23:37,395 : episode: 92 score: -334.1 100 games avg: -334.1 steps 1000 
INFO : 2021-01-09 04:26:51,485 : episode: 93 score: -321.2 100 games avg: -321.2 steps 1000 
INFO : 2021-01-09 04:30:05,465 : episode: 94 score: -372.9 100 games avg: -372.9 steps 1000 
INFO : 2021-01-09 04:33:20,015 : episode: 95 score: -286.8 100 games avg: -286.8 steps 1000 
INFO : 2021-01-09 04:36:33,753 : episode: 96 score: -246.6 100 games avg: -246.6 steps 1000 
INFO : 2021-01-09 04:39:47,299 : episode: 97 score: -297.2 100 games avg: -297.2 steps 1000 
INFO : 2021-01-09 04:43:01,321 : episode: 98 score: -342.5 100 games avg: -342.5 steps 1000 
INFO : 2021-01-09 04:46:16,101 : episode: 99 score: -225.0 100 games avg: -225.0 steps 1000 
