INFO : 2021-01-20 02:07:47,601 : method: Model Predictive Contorol
INFO : 2021-01-20 02:07:47,601 : parameter n_steps: 500 ensemble_size: 5 env: Hopper-v2
INFO : 2021-01-20 02:07:50,594 : mpc horizon: 10 mpc_samples: 100 elite_sample: 30 grad_steps: 10
INFO : 2021-01-20 02:07:50,595 : mpc_function policy
INFO : 2021-01-20 02:07:50,595 : sac
INFO : 2021-01-20 02:07:54,640 : episode: 0 score: 22.0 100 games avg: 22.0 steps 23 
INFO : 2021-01-20 02:07:58,578 : episode: 1 score: 20.8 100 games avg: 20.8 steps 22 
INFO : 2021-01-20 02:08:02,657 : episode: 2 score: 21.8 100 games avg: 21.8 steps 23 
INFO : 2021-01-20 02:08:06,594 : episode: 3 score: 21.0 100 games avg: 21.0 steps 22 
INFO : 2021-01-20 02:08:10,557 : episode: 4 score: 20.8 100 games avg: 20.8 steps 22 
INFO : 2021-01-20 02:08:14,524 : episode: 5 score: 20.8 100 games avg: 20.8 steps 22 
INFO : 2021-01-20 02:08:18,461 : episode: 6 score: 20.5 100 games avg: 20.5 steps 22 
INFO : 2021-01-20 02:08:22,240 : episode: 7 score: 19.5 100 games avg: 19.5 steps 21 
INFO : 2021-01-20 02:08:26,185 : episode: 8 score: 20.8 100 games avg: 20.8 steps 22 
INFO : 2021-01-20 02:08:29,949 : episode: 9 score: 19.8 100 games avg: 19.8 steps 21 
INFO : 2021-01-20 02:08:34,060 : episode: 10 score: 21.9 100 games avg: 21.9 steps 23 
INFO : 2021-01-20 02:08:38,495 : episode: 11 score: 23.2 100 games avg: 23.2 steps 24 
INFO : 2021-01-20 02:08:44,773 : episode: 12 score: 30.1 100 games avg: 30.1 steps 33 
INFO : 2021-01-20 02:08:46,553 : episode: 13 score: 7.3 100 games avg: 7.3 steps 9 
INFO : 2021-01-20 02:08:48,335 : episode: 14 score: 7.3 100 games avg: 7.3 steps 9 
INFO : 2021-01-20 02:08:53,328 : episode: 15 score: 35.6 100 games avg: 35.6 steps 26 
INFO : 2021-01-20 02:09:01,119 : episode: 16 score: 65.0 100 games avg: 65.0 steps 41 
INFO : 2021-01-20 02:09:05,535 : episode: 17 score: 4.2 100 games avg: 4.2 steps 23 
INFO : 2021-01-20 02:09:10,708 : episode: 18 score: 35.9 100 games avg: 35.9 steps 27 
INFO : 2021-01-20 02:09:20,157 : episode: 19 score: 81.3 100 games avg: 81.3 steps 50 
INFO : 2021-01-20 02:09:24,734 : episode: 20 score: 41.2 100 games avg: 41.2 steps 24 
INFO : 2021-01-20 02:09:29,678 : episode: 21 score: 43.7 100 games avg: 43.7 steps 26 
INFO : 2021-01-20 02:09:34,734 : episode: 22 score: 44.2 100 games avg: 44.2 steps 26 
INFO : 2021-01-20 02:09:41,098 : episode: 23 score: 58.9 100 games avg: 58.9 steps 33 
INFO : 2021-01-20 02:09:45,773 : episode: 24 score: 41.2 100 games avg: 41.2 steps 24 
INFO : 2021-01-20 02:09:51,776 : episode: 25 score: 51.8 100 games avg: 51.8 steps 31 
INFO : 2021-01-20 02:09:56,460 : episode: 26 score: 41.3 100 games avg: 41.3 steps 24 
INFO : 2021-01-20 02:10:00,972 : episode: 27 score: 39.2 100 games avg: 39.2 steps 23 
INFO : 2021-01-20 02:10:05,843 : episode: 28 score: 42.4 100 games avg: 42.4 steps 25 
INFO : 2021-01-20 02:10:11,087 : episode: 29 score: 45.7 100 games avg: 45.7 steps 27 
INFO : 2021-01-20 02:10:16,519 : episode: 30 score: 48.4 100 games avg: 48.4 steps 28 
INFO : 2021-01-20 02:10:21,486 : episode: 31 score: 41.7 100 games avg: 41.7 steps 25 
INFO : 2021-01-20 02:10:26,441 : episode: 32 score: 42.2 100 games avg: 42.2 steps 25 
INFO : 2021-01-20 02:10:31,029 : episode: 33 score: 40.3 100 games avg: 40.3 steps 23 
INFO : 2021-01-20 02:10:35,586 : episode: 34 score: 39.9 100 games avg: 39.9 steps 23 
INFO : 2021-01-20 02:10:40,331 : episode: 35 score: 41.7 100 games avg: 41.7 steps 24 
INFO : 2021-01-20 02:10:45,104 : episode: 36 score: 41.4 100 games avg: 41.4 steps 24 
INFO : 2021-01-20 02:10:49,883 : episode: 37 score: 40.8 100 games avg: 40.8 steps 24 
INFO : 2021-01-20 02:10:55,595 : episode: 38 score: 52.1 100 games avg: 52.1 steps 29 
INFO : 2021-01-20 02:10:59,984 : episode: 39 score: 37.8 100 games avg: 37.8 steps 22 
INFO : 2021-01-20 02:11:04,951 : episode: 40 score: 42.8 100 games avg: 42.8 steps 25 
INFO : 2021-01-20 02:11:09,518 : episode: 41 score: 40.3 100 games avg: 40.3 steps 23 
INFO : 2021-01-20 02:11:14,771 : episode: 42 score: 45.6 100 games avg: 45.6 steps 26 
INFO : 2021-01-20 02:11:24,292 : episode: 43 score: 90.0 100 games avg: 90.0 steps 49 
INFO : 2021-01-20 02:11:31,620 : episode: 44 score: 68.6 100 games avg: 68.6 steps 37 
INFO : 2021-01-20 02:11:38,933 : episode: 45 score: 67.6 100 games avg: 67.6 steps 37 
INFO : 2021-01-20 02:11:45,638 : episode: 46 score: 60.5 100 games avg: 60.5 steps 34 
INFO : 2021-01-20 02:11:54,075 : episode: 47 score: 79.5 100 games avg: 79.5 steps 43 
INFO : 2021-01-20 02:12:03,448 : episode: 48 score: 87.5 100 games avg: 87.5 steps 48 
INFO : 2021-01-20 02:12:13,284 : episode: 49 score: 92.2 100 games avg: 92.2 steps 50 
INFO : 2021-01-20 02:12:23,121 : episode: 50 score: 90.7 100 games avg: 90.7 steps 50 
INFO : 2021-01-20 02:12:34,603 : episode: 51 score: 110.4 100 games avg: 110.4 steps 59 
INFO : 2021-01-20 02:12:46,860 : episode: 52 score: 116.2 100 games avg: 116.2 steps 63 
INFO : 2021-01-20 02:12:59,569 : episode: 53 score: 118.7 100 games avg: 118.7 steps 65 
INFO : 2021-01-20 02:13:12,502 : episode: 54 score: 121.2 100 games avg: 121.2 steps 66 
INFO : 2021-01-20 02:13:29,003 : episode: 55 score: 172.7 100 games avg: 172.7 steps 85 
INFO : 2021-01-20 02:13:45,823 : episode: 56 score: 167.5 100 games avg: 167.5 steps 87 
INFO : 2021-01-20 02:14:02,572 : episode: 57 score: 165.9 100 games avg: 165.9 steps 86 
INFO : 2021-01-20 02:14:19,198 : episode: 58 score: 166.5 100 games avg: 166.5 steps 85 
INFO : 2021-01-20 02:14:35,972 : episode: 59 score: 170.6 100 games avg: 170.6 steps 86 
INFO : 2021-01-20 02:14:53,063 : episode: 60 score: 177.8 100 games avg: 177.8 steps 87 
INFO : 2021-01-20 02:15:10,660 : episode: 61 score: 180.5 100 games avg: 180.5 steps 90 
INFO : 2021-01-20 02:15:27,905 : episode: 62 score: 176.0 100 games avg: 176.0 steps 88 
INFO : 2021-01-20 02:15:45,401 : episode: 63 score: 175.0 100 games avg: 175.0 steps 89 
INFO : 2021-01-20 02:16:02,717 : episode: 64 score: 176.8 100 games avg: 176.8 steps 88 
INFO : 2021-01-20 02:16:19,988 : episode: 65 score: 176.7 100 games avg: 176.7 steps 88 
INFO : 2021-01-20 02:16:37,738 : episode: 66 score: 181.5 100 games avg: 181.5 steps 90 
INFO : 2021-01-20 02:16:55,082 : episode: 67 score: 181.7 100 games avg: 181.7 steps 88 
INFO : 2021-01-20 02:17:12,733 : episode: 68 score: 183.6 100 games avg: 183.6 steps 89 
INFO : 2021-01-20 02:17:30,761 : episode: 69 score: 188.0 100 games avg: 188.0 steps 91 
INFO : 2021-01-20 02:17:47,946 : episode: 70 score: 172.7 100 games avg: 172.7 steps 86 
INFO : 2021-01-20 02:18:06,303 : episode: 71 score: 189.3 100 games avg: 189.3 steps 92 
INFO : 2021-01-20 02:18:24,152 : episode: 72 score: 186.0 100 games avg: 186.0 steps 89 
INFO : 2021-01-20 02:18:41,802 : episode: 73 score: 179.0 100 games avg: 179.0 steps 88 
INFO : 2021-01-20 02:18:59,474 : episode: 74 score: 181.2 100 games avg: 181.2 steps 88 
INFO : 2021-01-20 02:19:14,477 : episode: 75 score: 140.3 100 games avg: 140.3 steps 74 
INFO : 2021-01-20 02:19:31,702 : episode: 76 score: 182.5 100 games avg: 182.5 steps 86 
INFO : 2021-01-20 02:19:49,586 : episode: 77 score: 178.9 100 games avg: 178.9 steps 89 
INFO : 2021-01-20 02:20:07,528 : episode: 78 score: 177.1 100 games avg: 177.1 steps 89 
INFO : 2021-01-20 02:20:25,362 : episode: 79 score: 181.5 100 games avg: 181.5 steps 88 
INFO : 2021-01-20 02:20:43,045 : episode: 80 score: 172.1 100 games avg: 172.1 steps 87 
INFO : 2021-01-20 02:21:00,168 : episode: 81 score: 176.3 100 games avg: 176.3 steps 84 
INFO : 2021-01-20 02:21:17,828 : episode: 82 score: 175.3 100 games avg: 175.3 steps 87 
INFO : 2021-01-20 02:21:35,624 : episode: 83 score: 178.1 100 games avg: 178.1 steps 87 
INFO : 2021-01-20 02:21:52,287 : episode: 84 score: 158.4 100 games avg: 158.4 steps 81 
INFO : 2021-01-20 02:22:10,287 : episode: 85 score: 175.9 100 games avg: 175.9 steps 88 
INFO : 2021-01-20 02:22:15,975 : episode: 86 score: 38.1 100 games avg: 38.1 steps 22 
INFO : 2021-01-20 02:22:33,871 : episode: 87 score: 182.1 100 games avg: 182.1 steps 87 
INFO : 2021-01-20 02:22:51,367 : episode: 88 score: 183.2 100 games avg: 183.2 steps 85 
INFO : 2021-01-20 02:23:08,480 : episode: 89 score: 162.6 100 games avg: 162.6 steps 83 
INFO : 2021-01-20 02:23:25,860 : episode: 90 score: 172.3 100 games avg: 172.3 steps 84 
INFO : 2021-01-20 02:23:43,219 : episode: 91 score: 181.6 100 games avg: 181.6 steps 84 
INFO : 2021-01-20 02:24:00,632 : episode: 92 score: 181.9 100 games avg: 181.9 steps 84 
INFO : 2021-01-20 02:24:18,312 : episode: 93 score: 182.5 100 games avg: 182.5 steps 85 
INFO : 2021-01-20 02:24:36,131 : episode: 94 score: 188.9 100 games avg: 188.9 steps 86 
INFO : 2021-01-20 02:24:54,604 : episode: 95 score: 198.5 100 games avg: 198.5 steps 89 
INFO : 2021-01-20 02:25:12,410 : episode: 96 score: 185.4 100 games avg: 185.4 steps 85 
INFO : 2021-01-20 02:25:30,466 : episode: 97 score: 190.0 100 games avg: 190.0 steps 86 
INFO : 2021-01-20 02:25:48,377 : episode: 98 score: 187.3 100 games avg: 187.3 steps 86 
INFO : 2021-01-20 02:26:06,265 : episode: 99 score: 186.2 100 games avg: 186.2 steps 85 
INFO : 2021-01-20 02:26:24,327 : episode: 100 score: 189.7 100 games avg: 189.7 steps 86 
INFO : 2021-01-20 02:26:42,567 : episode: 101 score: 192.3 100 games avg: 192.3 steps 87 
INFO : 2021-01-20 02:27:00,959 : episode: 102 score: 192.4 100 games avg: 192.4 steps 87 
INFO : 2021-01-20 02:27:18,906 : episode: 103 score: 186.2 100 games avg: 186.2 steps 85 
INFO : 2021-01-20 02:27:36,914 : episode: 104 score: 183.4 100 games avg: 183.4 steps 85 
INFO : 2021-01-20 02:27:55,205 : episode: 105 score: 186.0 100 games avg: 186.0 steps 86 
INFO : 2021-01-20 02:28:13,810 : episode: 106 score: 194.5 100 games avg: 194.5 steps 88 
INFO : 2021-01-20 02:28:32,040 : episode: 107 score: 186.7 100 games avg: 186.7 steps 86 
INFO : 2021-01-20 02:28:50,126 : episode: 108 score: 184.2 100 games avg: 184.2 steps 85 
INFO : 2021-01-20 02:29:08,430 : episode: 109 score: 183.9 100 games avg: 183.9 steps 86 
INFO : 2021-01-20 02:29:27,212 : episode: 110 score: 180.9 100 games avg: 180.9 steps 88 
INFO : 2021-01-20 02:29:45,520 : episode: 111 score: 183.3 100 games avg: 183.3 steps 85 
INFO : 2021-01-20 02:30:03,732 : episode: 112 score: 175.3 100 games avg: 175.3 steps 85 
INFO : 2021-01-20 02:30:21,581 : episode: 113 score: 164.4 100 games avg: 164.4 steps 83 
INFO : 2021-01-20 02:30:40,073 : episode: 114 score: 178.9 100 games avg: 178.9 steps 86 
INFO : 2021-01-20 02:30:58,417 : episode: 115 score: 183.3 100 games avg: 183.3 steps 85 
INFO : 2021-01-20 02:31:16,972 : episode: 116 score: 176.9 100 games avg: 176.9 steps 86 
INFO : 2021-01-20 02:31:35,448 : episode: 117 score: 174.4 100 games avg: 174.4 steps 85 
INFO : 2021-01-20 02:31:54,428 : episode: 118 score: 176.6 100 games avg: 176.6 steps 88 
INFO : 2021-01-20 02:32:12,792 : episode: 119 score: 168.3 100 games avg: 168.3 steps 85 
INFO : 2021-01-20 02:32:31,886 : episode: 120 score: 177.3 100 games avg: 177.3 steps 88 
INFO : 2021-01-20 02:32:50,068 : episode: 121 score: 163.6 100 games avg: 163.6 steps 83 
INFO : 2021-01-20 02:33:08,641 : episode: 122 score: 168.7 100 games avg: 168.7 steps 85 
INFO : 2021-01-20 02:33:27,276 : episode: 123 score: 179.0 100 games avg: 179.0 steps 85 
INFO : 2021-01-20 02:33:46,468 : episode: 124 score: 176.7 100 games avg: 176.7 steps 88 
INFO : 2021-01-20 02:34:05,537 : episode: 125 score: 177.5 100 games avg: 177.5 steps 87 
INFO : 2021-01-20 02:34:24,056 : episode: 126 score: 166.9 100 games avg: 166.9 steps 84 
INFO : 2021-01-20 02:34:43,170 : episode: 127 score: 175.2 100 games avg: 175.2 steps 87 
INFO : 2021-01-20 02:35:01,843 : episode: 128 score: 176.6 100 games avg: 176.6 steps 85 
INFO : 2021-01-20 02:35:20,411 : episode: 129 score: 184.7 100 games avg: 184.7 steps 84 
INFO : 2021-01-20 02:35:38,671 : episode: 130 score: 176.7 100 games avg: 176.7 steps 82 
INFO : 2021-01-20 02:35:57,128 : episode: 131 score: 181.3 100 games avg: 181.3 steps 83 
INFO : 2021-01-20 02:36:15,676 : episode: 132 score: 179.8 100 games avg: 179.8 steps 83 
INFO : 2021-01-20 02:36:34,795 : episode: 133 score: 175.8 100 games avg: 175.8 steps 86 
INFO : 2021-01-20 02:36:53,375 : episode: 134 score: 179.9 100 games avg: 179.9 steps 83 
INFO : 2021-01-20 02:37:11,649 : episode: 135 score: 170.8 100 games avg: 170.8 steps 81 
INFO : 2021-01-20 02:37:31,286 : episode: 136 score: 176.4 100 games avg: 176.4 steps 88 
INFO : 2021-01-20 02:37:49,978 : episode: 137 score: 180.2 100 games avg: 180.2 steps 83 
INFO : 2021-01-20 02:38:08,556 : episode: 138 score: 176.9 100 games avg: 176.9 steps 82 
INFO : 2021-01-20 02:38:27,422 : episode: 139 score: 176.2 100 games avg: 176.2 steps 84 
INFO : 2021-01-20 02:38:47,311 : episode: 140 score: 180.9 100 games avg: 180.9 steps 89 
INFO : 2021-01-20 02:39:06,886 : episode: 141 score: 178.5 100 games avg: 178.5 steps 87 
INFO : 2021-01-20 02:39:26,275 : episode: 142 score: 179.4 100 games avg: 179.4 steps 86 
INFO : 2021-01-20 02:39:46,035 : episode: 143 score: 181.3 100 games avg: 181.3 steps 88 
INFO : 2021-01-20 02:40:05,679 : episode: 144 score: 179.5 100 games avg: 179.5 steps 87 
INFO : 2021-01-20 02:40:24,713 : episode: 145 score: 178.6 100 games avg: 178.6 steps 84 
INFO : 2021-01-20 02:40:44,018 : episode: 146 score: 181.8 100 games avg: 181.8 steps 85 
INFO : 2021-01-20 02:41:03,075 : episode: 147 score: 179.3 100 games avg: 179.3 steps 83 
INFO : 2021-01-20 02:41:22,784 : episode: 148 score: 180.4 100 games avg: 180.4 steps 87 
INFO : 2021-01-20 02:41:42,715 : episode: 149 score: 179.8 100 games avg: 179.8 steps 88 
INFO : 2021-01-20 02:42:02,560 : episode: 150 score: 182.8 100 games avg: 182.8 steps 87 
INFO : 2021-01-20 02:42:22,880 : episode: 151 score: 179.5 100 games avg: 179.5 steps 89 
INFO : 2021-01-20 02:42:42,548 : episode: 152 score: 172.2 100 games avg: 172.2 steps 86 
INFO : 2021-01-20 02:43:02,280 : episode: 153 score: 189.6 100 games avg: 189.6 steps 86 
INFO : 2021-01-20 02:43:22,241 : episode: 154 score: 188.8 100 games avg: 188.8 steps 87 
INFO : 2021-01-20 02:43:42,252 : episode: 155 score: 183.8 100 games avg: 183.8 steps 87 
INFO : 2021-01-20 02:44:02,147 : episode: 156 score: 185.6 100 games avg: 185.6 steps 86 
INFO : 2021-01-20 02:44:22,448 : episode: 157 score: 186.3 100 games avg: 186.3 steps 88 
INFO : 2021-01-20 02:44:42,909 : episode: 158 score: 200.1 100 games avg: 200.1 steps 89 
INFO : 2021-01-20 02:45:02,841 : episode: 159 score: 186.7 100 games avg: 186.7 steps 86 
INFO : 2021-01-20 02:45:22,620 : episode: 160 score: 187.8 100 games avg: 187.8 steps 85 
INFO : 2021-01-20 02:45:42,623 : episode: 161 score: 192.7 100 games avg: 192.7 steps 86 
INFO : 2021-01-20 02:46:02,868 : episode: 162 score: 195.2 100 games avg: 195.2 steps 87 
INFO : 2021-01-20 02:46:23,206 : episode: 163 score: 194.4 100 games avg: 194.4 steps 87 
INFO : 2021-01-20 02:46:43,775 : episode: 164 score: 188.8 100 games avg: 188.8 steps 89 
INFO : 2021-01-20 02:47:03,967 : episode: 165 score: 188.5 100 games avg: 188.5 steps 86 
INFO : 2021-01-20 02:47:24,561 : episode: 166 score: 195.5 100 games avg: 195.5 steps 88 
INFO : 2021-01-20 02:47:44,707 : episode: 167 score: 191.0 100 games avg: 191.0 steps 86 
INFO : 2021-01-20 02:48:05,568 : episode: 168 score: 197.3 100 games avg: 197.3 steps 89 
INFO : 2021-01-20 02:48:26,246 : episode: 169 score: 196.3 100 games avg: 196.3 steps 88 
INFO : 2021-01-20 02:48:47,154 : episode: 170 score: 190.0 100 games avg: 190.0 steps 89 
INFO : 2021-01-20 02:49:07,996 : episode: 171 score: 189.9 100 games avg: 189.9 steps 88 
INFO : 2021-01-20 02:49:28,843 : episode: 172 score: 199.1 100 games avg: 199.1 steps 89 
INFO : 2021-01-20 02:49:49,694 : episode: 173 score: 196.7 100 games avg: 196.7 steps 88 
INFO : 2021-01-20 02:50:10,538 : episode: 174 score: 195.1 100 games avg: 195.1 steps 88 
INFO : 2021-01-20 02:50:31,408 : episode: 175 score: 187.9 100 games avg: 187.9 steps 88 
INFO : 2021-01-20 02:50:52,216 : episode: 176 score: 188.5 100 games avg: 188.5 steps 87 
INFO : 2021-01-20 02:51:13,122 : episode: 177 score: 190.5 100 games avg: 190.5 steps 88 
INFO : 2021-01-20 02:51:34,223 : episode: 178 score: 195.9 100 games avg: 195.9 steps 89 
INFO : 2021-01-20 02:51:55,221 : episode: 179 score: 191.4 100 games avg: 191.4 steps 88 
INFO : 2021-01-20 02:52:16,490 : episode: 180 score: 197.8 100 games avg: 197.8 steps 89 
INFO : 2021-01-20 02:52:37,306 : episode: 181 score: 190.8 100 games avg: 190.8 steps 87 
INFO : 2021-01-20 02:52:58,305 : episode: 182 score: 190.4 100 games avg: 190.4 steps 87 
INFO : 2021-01-20 02:53:19,543 : episode: 183 score: 197.1 100 games avg: 197.1 steps 88 
INFO : 2021-01-20 02:53:40,854 : episode: 184 score: 197.2 100 games avg: 197.2 steps 89 
INFO : 2021-01-20 02:54:02,120 : episode: 185 score: 197.7 100 games avg: 197.7 steps 89 
INFO : 2021-01-20 02:54:23,060 : episode: 186 score: 191.0 100 games avg: 191.0 steps 87 
INFO : 2021-01-20 02:54:44,814 : episode: 187 score: 204.7 100 games avg: 204.7 steps 91 
INFO : 2021-01-20 02:55:06,184 : episode: 188 score: 196.7 100 games avg: 196.7 steps 88 
INFO : 2021-01-20 02:55:27,537 : episode: 189 score: 184.8 100 games avg: 184.8 steps 88 
INFO : 2021-01-20 02:55:48,861 : episode: 190 score: 197.9 100 games avg: 197.9 steps 88 
INFO : 2021-01-20 02:56:09,874 : episode: 191 score: 186.0 100 games avg: 186.0 steps 86 
INFO : 2021-01-20 02:56:31,352 : episode: 192 score: 198.9 100 games avg: 198.9 steps 88 
INFO : 2021-01-20 02:56:53,143 : episode: 193 score: 202.4 100 games avg: 202.4 steps 90 
INFO : 2021-01-20 02:57:14,875 : episode: 194 score: 193.0 100 games avg: 193.0 steps 89 
INFO : 2021-01-20 02:57:36,615 : episode: 195 score: 189.6 100 games avg: 189.6 steps 89 
INFO : 2021-01-20 02:57:57,909 : episode: 196 score: 193.6 100 games avg: 193.6 steps 87 
INFO : 2021-01-20 02:58:19,070 : episode: 197 score: 189.9 100 games avg: 189.9 steps 86 
INFO : 2021-01-20 02:58:41,065 : episode: 198 score: 190.4 100 games avg: 190.4 steps 90 
INFO : 2021-01-20 02:59:02,436 : episode: 199 score: 190.1 100 games avg: 190.1 steps 86 
INFO : 2021-01-20 02:59:23,758 : episode: 200 score: 190.0 100 games avg: 190.0 steps 86 
INFO : 2021-01-20 02:59:45,542 : episode: 201 score: 189.6 100 games avg: 189.6 steps 88 
INFO : 2021-01-20 03:00:07,289 : episode: 202 score: 194.0 100 games avg: 194.0 steps 88 
INFO : 2021-01-20 03:00:29,226 : episode: 203 score: 197.7 100 games avg: 197.7 steps 89 
INFO : 2021-01-20 03:00:51,072 : episode: 204 score: 192.9 100 games avg: 192.9 steps 88 
INFO : 2021-01-20 03:01:12,441 : episode: 205 score: 182.2 100 games avg: 182.2 steps 85 
INFO : 2021-01-20 03:01:34,501 : episode: 206 score: 197.1 100 games avg: 197.1 steps 89 
INFO : 2021-01-20 03:01:56,232 : episode: 207 score: 186.4 100 games avg: 186.4 steps 88 
INFO : 2021-01-20 03:02:19,100 : episode: 208 score: 188.3 100 games avg: 188.3 steps 93 
INFO : 2021-01-20 03:02:41,197 : episode: 209 score: 191.4 100 games avg: 191.4 steps 89 
INFO : 2021-01-20 03:03:02,860 : episode: 210 score: 187.2 100 games avg: 187.2 steps 86 
INFO : 2021-01-20 03:03:24,781 : episode: 211 score: 191.6 100 games avg: 191.6 steps 87 
INFO : 2021-01-20 03:03:47,648 : episode: 212 score: 186.1 100 games avg: 186.1 steps 92 
INFO : 2021-01-20 03:04:09,899 : episode: 213 score: 181.7 100 games avg: 181.7 steps 89 
INFO : 2021-01-20 03:04:31,600 : episode: 214 score: 181.3 100 games avg: 181.3 steps 85 
INFO : 2021-01-20 03:04:54,229 : episode: 215 score: 181.2 100 games avg: 181.2 steps 90 
INFO : 2021-01-20 03:05:16,413 : episode: 216 score: 189.0 100 games avg: 189.0 steps 88 
INFO : 2021-01-20 03:05:38,780 : episode: 217 score: 184.1 100 games avg: 184.1 steps 88 
INFO : 2021-01-20 03:06:01,455 : episode: 218 score: 186.9 100 games avg: 186.9 steps 90 
INFO : 2021-01-20 03:06:24,315 : episode: 219 score: 196.8 100 games avg: 196.8 steps 91 
INFO : 2021-01-20 03:06:47,310 : episode: 220 score: 193.6 100 games avg: 193.6 steps 91 
INFO : 2021-01-20 03:07:09,519 : episode: 221 score: 185.5 100 games avg: 185.5 steps 87 
INFO : 2021-01-20 03:07:32,849 : episode: 222 score: 198.2 100 games avg: 198.2 steps 93 
INFO : 2021-01-20 03:07:55,898 : episode: 223 score: 180.4 100 games avg: 180.4 steps 91 
INFO : 2021-01-20 03:08:18,996 : episode: 224 score: 181.9 100 games avg: 181.9 steps 91 
INFO : 2021-01-20 03:08:42,025 : episode: 225 score: 194.8 100 games avg: 194.8 steps 91 
INFO : 2021-01-20 03:09:05,568 : episode: 226 score: 192.9 100 games avg: 192.9 steps 93 
INFO : 2021-01-20 03:09:29,262 : episode: 227 score: 198.5 100 games avg: 198.5 steps 94 
INFO : 2021-01-20 03:09:52,590 : episode: 228 score: 192.9 100 games avg: 192.9 steps 91 
INFO : 2021-01-20 03:10:15,220 : episode: 229 score: 177.6 100 games avg: 177.6 steps 88 
INFO : 2021-01-20 03:10:38,439 : episode: 230 score: 189.1 100 games avg: 189.1 steps 91 
INFO : 2021-01-20 03:11:02,335 : episode: 231 score: 198.7 100 games avg: 198.7 steps 94 
INFO : 2021-01-20 03:11:24,490 : episode: 232 score: 167.6 100 games avg: 167.6 steps 84 
INFO : 2021-01-20 03:11:47,601 : episode: 233 score: 183.1 100 games avg: 183.1 steps 90 
INFO : 2021-01-20 03:12:11,292 : episode: 234 score: 186.9 100 games avg: 186.9 steps 92 
INFO : 2021-01-20 03:12:35,279 : episode: 235 score: 195.5 100 games avg: 195.5 steps 94 
INFO : 2021-01-20 03:12:58,778 : episode: 236 score: 192.5 100 games avg: 192.5 steps 91 
INFO : 2021-01-20 03:13:22,589 : episode: 237 score: 188.4 100 games avg: 188.4 steps 92 
INFO : 2021-01-20 03:13:46,157 : episode: 238 score: 185.7 100 games avg: 185.7 steps 91 
INFO : 2021-01-20 03:14:07,990 : episode: 239 score: 163.6 100 games avg: 163.6 steps 82 
INFO : 2021-01-20 03:14:31,461 : episode: 240 score: 182.9 100 games avg: 182.9 steps 90 
INFO : 2021-01-20 03:14:55,090 : episode: 241 score: 185.5 100 games avg: 185.5 steps 91 
INFO : 2021-01-20 03:15:18,784 : episode: 242 score: 191.3 100 games avg: 191.3 steps 91 
INFO : 2021-01-20 03:15:42,776 : episode: 243 score: 200.5 100 games avg: 200.5 steps 93 
INFO : 2021-01-20 03:16:07,603 : episode: 244 score: 197.7 100 games avg: 197.7 steps 97 
INFO : 2021-01-20 03:16:30,836 : episode: 245 score: 182.5 100 games avg: 182.5 steps 88 
INFO : 2021-01-20 03:16:54,743 : episode: 246 score: 184.0 100 games avg: 184.0 steps 91 
INFO : 2021-01-20 03:17:16,261 : episode: 247 score: 153.7 100 games avg: 153.7 steps 79 
INFO : 2021-01-20 03:17:40,182 : episode: 248 score: 183.5 100 games avg: 183.5 steps 91 
INFO : 2021-01-20 03:18:05,213 : episode: 249 score: 197.7 100 games avg: 197.7 steps 97 
INFO : 2021-01-20 03:18:29,127 : episode: 250 score: 181.9 100 games avg: 181.9 steps 91 
INFO : 2021-01-20 03:18:53,058 : episode: 251 score: 182.2 100 games avg: 182.2 steps 91 
INFO : 2021-01-20 03:19:17,529 : episode: 252 score: 196.5 100 games avg: 196.5 steps 93 
INFO : 2021-01-20 03:19:40,620 : episode: 253 score: 184.7 100 games avg: 184.7 steps 86 
INFO : 2021-01-20 03:20:05,429 : episode: 254 score: 196.8 100 games avg: 196.8 steps 95 
INFO : 2021-01-20 03:20:29,796 : episode: 255 score: 180.0 100 games avg: 180.0 steps 92 
INFO : 2021-01-20 03:20:54,133 : episode: 256 score: 191.8 100 games avg: 191.8 steps 92 
INFO : 2021-01-20 03:21:18,851 : episode: 257 score: 193.6 100 games avg: 193.6 steps 94 
INFO : 2021-01-20 03:21:42,805 : episode: 258 score: 180.4 100 games avg: 180.4 steps 90 
INFO : 2021-01-20 03:22:06,576 : episode: 259 score: 187.3 100 games avg: 187.3 steps 88 
INFO : 2021-01-20 03:22:30,504 : episode: 260 score: 190.0 100 games avg: 190.0 steps 89 
INFO : 2021-01-20 03:22:55,034 : episode: 261 score: 182.2 100 games avg: 182.2 steps 92 
INFO : 2021-01-20 03:23:18,953 : episode: 262 score: 177.4 100 games avg: 177.4 steps 89 
INFO : 2021-01-20 03:23:43,034 : episode: 263 score: 189.9 100 games avg: 189.9 steps 89 
INFO : 2021-01-20 03:24:08,171 : episode: 264 score: 188.2 100 games avg: 188.2 steps 95 
INFO : 2021-01-20 03:24:32,439 : episode: 265 score: 180.3 100 games avg: 180.3 steps 90 
INFO : 2021-01-20 03:24:57,419 : episode: 266 score: 187.1 100 games avg: 187.1 steps 94 
INFO : 2021-01-20 03:25:21,706 : episode: 267 score: 176.0 100 games avg: 176.0 steps 90 
INFO : 2021-01-20 03:25:47,253 : episode: 268 score: 192.3 100 games avg: 192.3 steps 96 
INFO : 2021-01-20 03:26:11,952 : episode: 269 score: 179.8 100 games avg: 179.8 steps 91 
INFO : 2021-01-20 03:26:37,175 : episode: 270 score: 186.3 100 games avg: 186.3 steps 94 
INFO : 2021-01-20 03:27:01,471 : episode: 271 score: 178.4 100 games avg: 178.4 steps 89 
INFO : 2021-01-20 03:27:27,054 : episode: 272 score: 197.1 100 games avg: 197.1 steps 96 
INFO : 2021-01-20 03:27:52,074 : episode: 273 score: 188.5 100 games avg: 188.5 steps 93 
INFO : 2021-01-20 03:28:16,982 : episode: 274 score: 187.7 100 games avg: 187.7 steps 92 
INFO : 2021-01-20 03:28:42,301 : episode: 275 score: 191.3 100 games avg: 191.3 steps 94 
INFO : 2021-01-20 03:29:07,043 : episode: 276 score: 176.4 100 games avg: 176.4 steps 90 
INFO : 2021-01-20 03:29:32,421 : episode: 277 score: 184.6 100 games avg: 184.6 steps 94 
INFO : 2021-01-20 03:29:45,886 : episode: 278 score: 45.0 100 games avg: 45.0 steps 30 
INFO : 2021-01-20 03:30:11,307 : episode: 279 score: 190.3 100 games avg: 190.3 steps 94 
INFO : 2021-01-20 03:30:36,039 : episode: 280 score: 188.6 100 games avg: 188.6 steps 90 
INFO : 2021-01-20 03:31:01,952 : episode: 281 score: 201.0 100 games avg: 201.0 steps 96 
INFO : 2021-01-20 03:31:26,848 : episode: 282 score: 190.0 100 games avg: 190.0 steps 90 
INFO : 2021-01-20 03:31:52,935 : episode: 283 score: 199.2 100 games avg: 199.2 steps 96 
INFO : 2021-01-20 03:32:18,375 : episode: 284 score: 197.1 100 games avg: 197.1 steps 93 
INFO : 2021-01-20 03:32:43,829 : episode: 285 score: 188.0 100 games avg: 188.0 steps 92 
INFO : 2021-01-20 03:33:09,030 : episode: 286 score: 192.8 100 games avg: 192.8 steps 91 
INFO : 2021-01-20 03:33:34,804 : episode: 287 score: 197.3 100 games avg: 197.3 steps 94 
INFO : 2021-01-20 03:34:00,787 : episode: 288 score: 197.8 100 games avg: 197.8 steps 95 
INFO : 2021-01-20 03:34:26,270 : episode: 289 score: 190.8 100 games avg: 190.8 steps 92 
INFO : 2021-01-20 03:34:51,499 : episode: 290 score: 197.5 100 games avg: 197.5 steps 91 
INFO : 2021-01-20 03:35:16,423 : episode: 291 score: 195.9 100 games avg: 195.9 steps 89 
INFO : 2021-01-20 03:35:41,592 : episode: 292 score: 197.6 100 games avg: 197.6 steps 90 
INFO : 2021-01-20 03:36:06,843 : episode: 293 score: 197.5 100 games avg: 197.5 steps 90 
INFO : 2021-01-20 03:36:32,148 : episode: 294 score: 195.4 100 games avg: 195.4 steps 90 
INFO : 2021-01-20 03:36:57,568 : episode: 295 score: 200.7 100 games avg: 200.7 steps 91 
INFO : 2021-01-20 03:37:24,002 : episode: 296 score: 197.3 100 games avg: 197.3 steps 96 
INFO : 2021-01-20 03:37:50,064 : episode: 297 score: 189.0 100 games avg: 189.0 steps 94 
INFO : 2021-01-20 03:38:15,226 : episode: 298 score: 193.3 100 games avg: 193.3 steps 89 
INFO : 2021-01-20 03:38:41,318 : episode: 299 score: 184.7 100 games avg: 184.7 steps 93 
INFO : 2021-01-20 03:39:07,813 : episode: 300 score: 192.5 100 games avg: 192.5 steps 95 
INFO : 2021-01-20 03:39:33,138 : episode: 301 score: 192.1 100 games avg: 192.1 steps 89 
INFO : 2021-01-20 03:39:58,331 : episode: 302 score: 187.1 100 games avg: 187.1 steps 88 
INFO : 2021-01-20 03:40:24,489 : episode: 303 score: 194.3 100 games avg: 194.3 steps 93 
INFO : 2021-01-20 03:40:49,976 : episode: 304 score: 201.5 100 games avg: 201.5 steps 90 
INFO : 2021-01-20 03:41:15,667 : episode: 305 score: 198.7 100 games avg: 198.7 steps 90 
INFO : 2021-01-20 03:41:41,007 : episode: 306 score: 193.2 100 games avg: 193.2 steps 88 
INFO : 2021-01-20 03:42:07,768 : episode: 307 score: 195.2 100 games avg: 195.2 steps 95 
INFO : 2021-01-20 03:42:33,853 : episode: 308 score: 197.5 100 games avg: 197.5 steps 92 
INFO : 2021-01-20 03:42:59,826 : episode: 309 score: 196.8 100 games avg: 196.8 steps 91 
INFO : 2021-01-20 03:43:25,869 : episode: 310 score: 191.0 100 games avg: 191.0 steps 91 
INFO : 2021-01-20 03:43:51,635 : episode: 311 score: 199.7 100 games avg: 199.7 steps 89 
INFO : 2021-01-20 03:44:17,729 : episode: 312 score: 198.7 100 games avg: 198.7 steps 91 
INFO : 2021-01-20 03:44:43,377 : episode: 313 score: 194.5 100 games avg: 194.5 steps 88 
INFO : 2021-01-20 03:45:09,367 : episode: 314 score: 199.2 100 games avg: 199.2 steps 90 
INFO : 2021-01-20 03:45:34,846 : episode: 315 score: 193.8 100 games avg: 193.8 steps 87 
INFO : 2021-01-20 03:46:00,922 : episode: 316 score: 202.3 100 games avg: 202.3 steps 90 
INFO : 2021-01-20 03:46:27,896 : episode: 317 score: 218.7 100 games avg: 218.7 steps 95 
INFO : 2021-01-20 03:46:53,986 : episode: 318 score: 200.8 100 games avg: 200.8 steps 90 
INFO : 2021-01-20 03:47:19,936 : episode: 319 score: 197.2 100 games avg: 197.2 steps 89 
INFO : 2021-01-20 03:47:45,867 : episode: 320 score: 199.9 100 games avg: 199.9 steps 89 
INFO : 2021-01-20 03:48:12,317 : episode: 321 score: 204.5 100 games avg: 204.5 steps 91 
INFO : 2021-01-20 03:48:38,344 : episode: 322 score: 199.9 100 games avg: 199.9 steps 89 
INFO : 2021-01-20 03:49:04,357 : episode: 323 score: 196.3 100 games avg: 196.3 steps 88 
INFO : 2021-01-20 03:49:30,162 : episode: 324 score: 187.7 100 games avg: 187.7 steps 87 
INFO : 2021-01-20 03:49:56,330 : episode: 325 score: 195.3 100 games avg: 195.3 steps 89 
INFO : 2021-01-20 03:50:22,501 : episode: 326 score: 195.4 100 games avg: 195.4 steps 89 
INFO : 2021-01-20 03:50:48,867 : episode: 327 score: 197.7 100 games avg: 197.7 steps 89 
INFO : 2021-01-20 03:51:15,159 : episode: 328 score: 195.8 100 games avg: 195.8 steps 89 
INFO : 2021-01-20 03:51:42,015 : episode: 329 score: 208.7 100 games avg: 208.7 steps 92 
INFO : 2021-01-20 03:52:08,424 : episode: 330 score: 185.7 100 games avg: 185.7 steps 89 
INFO : 2021-01-20 03:52:34,788 : episode: 331 score: 195.4 100 games avg: 195.4 steps 89 
INFO : 2021-01-20 03:53:01,516 : episode: 332 score: 205.4 100 games avg: 205.4 steps 91 
INFO : 2021-01-20 03:53:28,546 : episode: 333 score: 208.6 100 games avg: 208.6 steps 92 
INFO : 2021-01-20 03:53:54,805 : episode: 334 score: 187.3 100 games avg: 187.3 steps 88 
INFO : 2021-01-20 03:54:22,753 : episode: 335 score: 193.0 100 games avg: 193.0 steps 97 
INFO : 2021-01-20 03:54:49,118 : episode: 336 score: 193.9 100 games avg: 193.9 steps 88 
INFO : 2021-01-20 03:55:15,674 : episode: 337 score: 201.6 100 games avg: 201.6 steps 90 
INFO : 2021-01-20 03:55:42,436 : episode: 338 score: 195.0 100 games avg: 195.0 steps 90 
INFO : 2021-01-20 03:56:09,833 : episode: 339 score: 186.1 100 games avg: 186.1 steps 93 
INFO : 2021-01-20 03:56:36,760 : episode: 340 score: 204.1 100 games avg: 204.1 steps 90 
INFO : 2021-01-20 03:57:03,722 : episode: 341 score: 192.1 100 games avg: 192.1 steps 90 
INFO : 2021-01-20 03:57:31,634 : episode: 342 score: 194.0 100 games avg: 194.0 steps 95 
INFO : 2021-01-20 03:57:59,341 : episode: 343 score: 201.0 100 games avg: 201.0 steps 94 
INFO : 2021-01-20 03:58:26,551 : episode: 344 score: 201.3 100 games avg: 201.3 steps 91 
INFO : 2021-01-20 03:58:53,627 : episode: 345 score: 197.0 100 games avg: 197.0 steps 90 
INFO : 2021-01-20 03:59:21,141 : episode: 346 score: 208.4 100 games avg: 208.4 steps 92 
INFO : 2021-01-20 03:59:48,446 : episode: 347 score: 202.4 100 games avg: 202.4 steps 91 
INFO : 2021-01-20 04:00:15,678 : episode: 348 score: 198.9 100 games avg: 198.9 steps 90 
INFO : 2021-01-20 04:00:42,999 : episode: 349 score: 195.4 100 games avg: 195.4 steps 91 
INFO : 2021-01-20 04:01:10,275 : episode: 350 score: 204.4 100 games avg: 204.4 steps 91 
INFO : 2021-01-20 04:01:37,508 : episode: 351 score: 200.0 100 games avg: 200.0 steps 90 
INFO : 2021-01-20 04:02:05,162 : episode: 352 score: 195.5 100 games avg: 195.5 steps 92 
INFO : 2021-01-20 04:02:33,591 : episode: 353 score: 223.6 100 games avg: 223.6 steps 96 
INFO : 2021-01-20 04:03:01,429 : episode: 354 score: 213.2 100 games avg: 213.2 steps 93 
INFO : 2021-01-20 04:03:30,145 : episode: 355 score: 229.3 100 games avg: 229.3 steps 98 
INFO : 2021-01-20 04:03:58,768 : episode: 356 score: 219.8 100 games avg: 219.8 steps 96 
INFO : 2021-01-20 04:04:27,375 : episode: 357 score: 218.4 100 games avg: 218.4 steps 96 
INFO : 2021-01-20 04:04:55,572 : episode: 358 score: 217.6 100 games avg: 217.6 steps 94 
INFO : 2021-01-20 04:05:23,977 : episode: 359 score: 217.8 100 games avg: 217.8 steps 95 
INFO : 2021-01-20 04:05:52,244 : episode: 360 score: 218.1 100 games avg: 218.1 steps 94 
INFO : 2021-01-20 04:06:20,251 : episode: 361 score: 207.0 100 games avg: 207.0 steps 92 
INFO : 2021-01-20 04:06:48,641 : episode: 362 score: 220.9 100 games avg: 220.9 steps 94 
INFO : 2021-01-20 04:07:17,407 : episode: 363 score: 219.0 100 games avg: 219.0 steps 96 
INFO : 2021-01-20 04:07:47,419 : episode: 364 score: 241.6 100 games avg: 241.6 steps 102 
INFO : 2021-01-20 04:08:16,226 : episode: 365 score: 220.5 100 games avg: 220.5 steps 96 
INFO : 2021-01-20 04:08:45,117 : episode: 366 score: 221.9 100 games avg: 221.9 steps 96 
INFO : 2021-01-20 04:09:13,721 : episode: 367 score: 221.0 100 games avg: 221.0 steps 94 
INFO : 2021-01-20 04:09:43,575 : episode: 368 score: 243.8 100 games avg: 243.8 steps 101 
INFO : 2021-01-20 04:10:11,973 : episode: 369 score: 212.7 100 games avg: 212.7 steps 93 
INFO : 2021-01-20 04:10:41,960 : episode: 370 score: 246.1 100 games avg: 246.1 steps 101 
INFO : 2021-01-20 04:11:12,775 : episode: 371 score: 259.9 100 games avg: 259.9 steps 105 
INFO : 2021-01-20 04:11:43,768 : episode: 372 score: 258.3 100 games avg: 258.3 steps 106 
INFO : 2021-01-20 04:12:14,557 : episode: 373 score: 258.0 100 games avg: 258.0 steps 105 
INFO : 2021-01-20 04:12:45,576 : episode: 374 score: 253.2 100 games avg: 253.2 steps 106 
INFO : 2021-01-20 04:13:07,330 : episode: 375 score: 100.1 100 games avg: 100.1 steps 56 
INFO : 2021-01-20 04:13:38,961 : episode: 376 score: 242.9 100 games avg: 242.9 steps 109 
INFO : 2021-01-20 04:14:11,416 : episode: 377 score: 285.8 100 games avg: 285.8 steps 113 
INFO : 2021-01-20 04:14:42,194 : episode: 378 score: 267.0 100 games avg: 267.0 steps 104 
INFO : 2021-01-20 04:15:13,965 : episode: 379 score: 275.5 100 games avg: 275.5 steps 108 
INFO : 2021-01-20 04:15:36,700 : episode: 380 score: 107.4 100 games avg: 107.4 steps 60 
INFO : 2021-01-20 04:16:09,150 : episode: 381 score: 292.1 100 games avg: 292.1 steps 112 
INFO : 2021-01-20 04:16:40,222 : episode: 382 score: 269.5 100 games avg: 269.5 steps 104 
INFO : 2021-01-20 04:17:14,740 : episode: 383 score: 264.9 100 games avg: 264.9 steps 123 
INFO : 2021-01-20 04:17:48,268 : episode: 384 score: 298.7 100 games avg: 298.7 steps 117 
INFO : 2021-01-20 04:18:22,193 : episode: 385 score: 305.1 100 games avg: 305.1 steps 119 
INFO : 2021-01-20 04:18:55,371 : episode: 386 score: 288.7 100 games avg: 288.7 steps 115 
INFO : 2021-01-20 04:19:28,436 : episode: 387 score: 299.3 100 games avg: 299.3 steps 114 
INFO : 2021-01-20 04:20:03,316 : episode: 388 score: 308.1 100 games avg: 308.1 steps 123 
INFO : 2021-01-20 04:20:39,091 : episode: 389 score: 319.0 100 games avg: 319.0 steps 128 
INFO : 2021-01-20 04:21:12,587 : episode: 390 score: 270.0 100 games avg: 270.0 steps 116 
INFO : 2021-01-20 04:21:47,896 : episode: 391 score: 307.9 100 games avg: 307.9 steps 124 
INFO : 2021-01-20 04:22:22,886 : episode: 392 score: 317.9 100 games avg: 317.9 steps 123 
INFO : 2021-01-20 04:22:57,237 : episode: 393 score: 310.1 100 games avg: 310.1 steps 119 
INFO : 2021-01-20 04:23:32,569 : episode: 394 score: 315.4 100 games avg: 315.4 steps 125 
INFO : 2021-01-20 04:24:07,667 : episode: 395 score: 319.7 100 games avg: 319.7 steps 122 
INFO : 2021-01-20 04:24:42,755 : episode: 396 score: 311.3 100 games avg: 311.3 steps 123 
INFO : 2021-01-20 04:25:16,828 : episode: 397 score: 300.6 100 games avg: 300.6 steps 118 
INFO : 2021-01-20 04:25:50,917 : episode: 398 score: 294.9 100 games avg: 294.9 steps 116 
INFO : 2021-01-20 04:26:24,515 : episode: 399 score: 288.4 100 games avg: 288.4 steps 114 
INFO : 2021-01-20 04:26:59,665 : episode: 400 score: 313.7 100 games avg: 313.7 steps 122 
INFO : 2021-01-20 04:27:34,341 : episode: 401 score: 303.2 100 games avg: 303.2 steps 119 
INFO : 2021-01-20 04:28:08,859 : episode: 402 score: 302.1 100 games avg: 302.1 steps 118 
INFO : 2021-01-20 04:28:42,794 : episode: 403 score: 287.8 100 games avg: 287.8 steps 114 
INFO : 2021-01-20 04:29:16,061 : episode: 404 score: 264.3 100 games avg: 264.3 steps 111 
INFO : 2021-01-20 04:29:49,619 : episode: 405 score: 225.2 100 games avg: 225.2 steps 112 
INFO : 2021-01-20 04:30:22,709 : episode: 406 score: 276.4 100 games avg: 276.4 steps 109 
INFO : 2021-01-20 04:30:56,567 : episode: 407 score: 277.1 100 games avg: 277.1 steps 114 
INFO : 2021-01-20 04:31:31,109 : episode: 408 score: 264.6 100 games avg: 264.6 steps 117 
INFO : 2021-01-20 04:32:05,977 : episode: 409 score: 242.1 100 games avg: 242.1 steps 119 
INFO : 2021-01-20 04:32:40,020 : episode: 410 score: 273.9 100 games avg: 273.9 steps 113 
INFO : 2021-01-20 04:33:14,770 : episode: 411 score: 267.7 100 games avg: 267.7 steps 117 
INFO : 2021-01-20 04:33:49,562 : episode: 412 score: 279.0 100 games avg: 279.0 steps 117 
INFO : 2021-01-20 04:34:23,018 : episode: 413 score: 231.1 100 games avg: 231.1 steps 110 
INFO : 2021-01-20 04:34:57,143 : episode: 414 score: 288.5 100 games avg: 288.5 steps 113 
INFO : 2021-01-20 04:35:30,923 : episode: 415 score: 271.1 100 games avg: 271.1 steps 111 
INFO : 2021-01-20 04:36:05,384 : episode: 416 score: 278.2 100 games avg: 278.2 steps 115 
INFO : 2021-01-20 04:36:39,674 : episode: 417 score: 275.3 100 games avg: 275.3 steps 113 
INFO : 2021-01-20 04:37:14,991 : episode: 418 score: 295.3 100 games avg: 295.3 steps 119 
INFO : 2021-01-20 04:37:50,106 : episode: 419 score: 297.5 100 games avg: 297.5 steps 117 
INFO : 2021-01-20 04:38:27,374 : episode: 420 score: 323.6 100 games avg: 323.6 steps 129 
INFO : 2021-01-20 04:39:00,870 : episode: 421 score: 265.1 100 games avg: 265.1 steps 109 
INFO : 2021-01-20 04:39:36,522 : episode: 422 score: 272.9 100 games avg: 272.9 steps 119 
INFO : 2021-01-20 04:40:12,264 : episode: 423 score: 283.9 100 games avg: 283.9 steps 120 
INFO : 2021-01-20 04:40:47,024 : episode: 424 score: 288.1 100 games avg: 288.1 steps 114 
INFO : 2021-01-20 04:41:24,814 : episode: 425 score: 326.1 100 games avg: 326.1 steps 130 
INFO : 2021-01-20 04:42:00,653 : episode: 426 score: 290.6 100 games avg: 290.6 steps 119 
INFO : 2021-01-20 04:42:35,060 : episode: 427 score: 298.9 100 games avg: 298.9 steps 112 
INFO : 2021-01-20 04:43:10,329 : episode: 428 score: 283.9 100 games avg: 283.9 steps 116 
INFO : 2021-01-20 04:43:45,589 : episode: 429 score: 276.9 100 games avg: 276.9 steps 116 
INFO : 2021-01-20 04:44:21,869 : episode: 430 score: 288.3 100 games avg: 288.3 steps 120 
INFO : 2021-01-20 04:44:56,993 : episode: 431 score: 304.7 100 games avg: 304.7 steps 115 
INFO : 2021-01-20 04:45:32,634 : episode: 432 score: 274.2 100 games avg: 274.2 steps 117 
INFO : 2021-01-20 04:46:07,699 : episode: 433 score: 265.6 100 games avg: 265.6 steps 114 
INFO : 2021-01-20 04:46:42,988 : episode: 434 score: 268.0 100 games avg: 268.0 steps 114 
INFO : 2021-01-20 04:47:18,484 : episode: 435 score: 284.8 100 games avg: 284.8 steps 115 
INFO : 2021-01-20 04:47:54,393 : episode: 436 score: 266.7 100 games avg: 266.7 steps 117 
INFO : 2021-01-20 04:48:29,306 : episode: 437 score: 262.3 100 games avg: 262.3 steps 112 
INFO : 2021-01-20 04:49:03,751 : episode: 438 score: 240.2 100 games avg: 240.2 steps 110 
INFO : 2021-01-20 04:49:38,744 : episode: 439 score: 251.4 100 games avg: 251.4 steps 111 
INFO : 2021-01-20 04:50:14,969 : episode: 440 score: 281.4 100 games avg: 281.4 steps 118 
INFO : 2021-01-20 04:50:49,242 : episode: 441 score: 243.1 100 games avg: 243.1 steps 107 
INFO : 2021-01-20 04:51:23,494 : episode: 442 score: 242.5 100 games avg: 242.5 steps 107 
INFO : 2021-01-20 04:51:58,807 : episode: 443 score: 242.9 100 games avg: 242.9 steps 113 
INFO : 2021-01-20 04:52:32,419 : episode: 444 score: 233.5 100 games avg: 233.5 steps 104 
INFO : 2021-01-20 04:53:05,952 : episode: 445 score: 234.5 100 games avg: 234.5 steps 103 
INFO : 2021-01-20 04:53:34,711 : episode: 446 score: 150.5 100 games avg: 150.5 steps 77 
INFO : 2021-01-20 04:54:04,079 : episode: 447 score: 158.9 100 games avg: 158.9 steps 80 
INFO : 2021-01-20 04:54:23,252 : episode: 448 score: 44.1 100 games avg: 44.1 steps 26 
INFO : 2021-01-20 04:54:55,261 : episode: 449 score: 204.4 100 games avg: 204.4 steps 94 
INFO : 2021-01-20 04:55:28,511 : episode: 450 score: 226.2 100 games avg: 226.2 steps 100 
INFO : 2021-01-20 04:55:47,288 : episode: 451 score: 39.8 100 games avg: 39.8 steps 23 
INFO : 2021-01-20 04:56:22,172 : episode: 452 score: 263.2 100 games avg: 263.2 steps 109 
INFO : 2021-01-20 04:56:57,235 : episode: 453 score: 255.9 100 games avg: 255.9 steps 110 
INFO : 2021-01-20 04:57:31,948 : episode: 454 score: 248.3 100 games avg: 248.3 steps 108 
INFO : 2021-01-20 04:58:02,108 : episode: 455 score: 151.5 100 games avg: 151.5 steps 83 
INFO : 2021-01-20 04:58:31,819 : episode: 456 score: 158.3 100 games avg: 158.3 steps 81 
INFO : 2021-01-20 04:58:51,448 : episode: 457 score: 44.4 100 games avg: 44.4 steps 27 
INFO : 2021-01-20 04:59:21,552 : episode: 458 score: 166.8 100 games avg: 166.8 steps 83 
INFO : 2021-01-20 04:59:54,592 : episode: 459 score: 220.3 100 games avg: 220.3 steps 98 
INFO : 2021-01-20 05:00:24,187 : episode: 460 score: 156.5 100 games avg: 156.5 steps 80 
INFO : 2021-01-20 05:01:00,812 : episode: 461 score: 252.0 100 games avg: 252.0 steps 117 
INFO : 2021-01-20 05:01:30,731 : episode: 462 score: 160.2 100 games avg: 160.2 steps 81 
INFO : 2021-01-20 05:02:00,565 : episode: 463 score: 158.3 100 games avg: 158.3 steps 80 
INFO : 2021-01-20 05:02:30,424 : episode: 464 score: 156.8 100 games avg: 156.8 steps 80 
INFO : 2021-01-20 05:03:08,617 : episode: 465 score: 218.6 100 games avg: 218.6 steps 125 
INFO : 2021-01-20 05:03:40,134 : episode: 466 score: 172.2 100 games avg: 172.2 steps 89 
INFO : 2021-01-20 05:04:18,413 : episode: 467 score: 262.3 100 games avg: 262.3 steps 124 
INFO : 2021-01-20 05:04:48,866 : episode: 468 score: 162.9 100 games avg: 162.9 steps 82 
INFO : 2021-01-20 05:05:21,081 : episode: 469 score: 166.3 100 games avg: 166.3 steps 92 
INFO : 2021-01-20 05:05:58,163 : episode: 470 score: 248.6 100 games avg: 248.6 steps 117 
INFO : 2021-01-20 05:06:34,747 : episode: 471 score: 196.7 100 games avg: 196.7 steps 116 
INFO : 2021-01-20 05:07:04,968 : episode: 472 score: 156.5 100 games avg: 156.5 steps 80 
INFO : 2021-01-20 05:07:34,970 : episode: 473 score: 154.8 100 games avg: 154.8 steps 79 
INFO : 2021-01-20 05:08:14,538 : episode: 474 score: 269.3 100 games avg: 269.3 steps 130 
INFO : 2021-01-20 05:08:44,506 : episode: 475 score: 150.9 100 games avg: 150.9 steps 78 
INFO : 2021-01-20 05:09:23,935 : episode: 476 score: 261.9 100 games avg: 261.9 steps 129 
INFO : 2021-01-20 05:09:54,669 : episode: 477 score: 152.6 100 games avg: 152.6 steps 82 
INFO : 2021-01-20 05:10:33,348 : episode: 478 score: 281.5 100 games avg: 281.5 steps 124 
INFO : 2021-01-20 05:11:10,301 : episode: 479 score: 228.3 100 games avg: 228.3 steps 115 
INFO : 2021-01-20 05:11:48,555 : episode: 480 score: 284.8 100 games avg: 284.8 steps 122 
INFO : 2021-01-20 05:12:41,944 : episode: 481 score: 370.8 100 games avg: 370.8 steps 202 
INFO : 2021-01-20 05:13:22,408 : episode: 482 score: 295.5 100 games avg: 295.5 steps 133 
INFO : 2021-01-20 05:13:54,422 : episode: 483 score: 159.9 100 games avg: 159.9 steps 87 
INFO : 2021-01-20 05:14:31,215 : episode: 484 score: 278.0 100 games avg: 278.0 steps 113 
INFO : 2021-01-20 05:15:03,270 : episode: 485 score: 178.3 100 games avg: 178.3 steps 87 
INFO : 2021-01-20 05:15:39,784 : episode: 486 score: 269.2 100 games avg: 269.2 steps 111 
INFO : 2021-01-20 05:16:16,342 : episode: 487 score: 271.9 100 games avg: 271.9 steps 111 
INFO : 2021-01-20 05:16:52,839 : episode: 488 score: 264.8 100 games avg: 264.8 steps 110 
INFO : 2021-01-20 05:17:28,468 : episode: 489 score: 247.8 100 games avg: 247.8 steps 106 
INFO : 2021-01-20 05:17:59,253 : episode: 490 score: 156.6 100 games avg: 156.6 steps 80 
INFO : 2021-01-20 05:18:35,876 : episode: 491 score: 266.1 100 games avg: 266.1 steps 110 
INFO : 2021-01-20 05:19:12,555 : episode: 492 score: 265.2 100 games avg: 265.2 steps 111 
INFO : 2021-01-20 05:19:43,917 : episode: 493 score: 158.8 100 games avg: 158.8 steps 81 
INFO : 2021-01-20 05:20:21,302 : episode: 494 score: 269.4 100 games avg: 269.4 steps 114 
INFO : 2021-01-20 05:20:59,048 : episode: 495 score: 278.8 100 games avg: 278.8 steps 115 
INFO : 2021-01-20 05:21:36,726 : episode: 496 score: 278.0 100 games avg: 278.0 steps 115 
INFO : 2021-01-20 05:22:14,105 : episode: 497 score: 267.1 100 games avg: 267.1 steps 113 
INFO : 2021-01-20 05:22:51,281 : episode: 498 score: 259.8 100 games avg: 259.8 steps 112 
INFO : 2021-01-20 05:23:28,359 : episode: 499 score: 266.1 100 games avg: 266.1 steps 111 
