INFO : 2021-01-20 23:33:43,376 : method: Model Predictive Contorol
INFO : 2021-01-20 23:33:43,377 : parameter n_steps: 100 ensemble_size: 5 env: HalfCheetah-v2
INFO : 2021-01-20 23:33:45,855 : mpc horizon: 10 mpc_samples: 100 elite_sample: 30 grad_steps: 10
INFO : 2021-01-20 23:33:45,855 : mpc_function policy-entropy
INFO : 2021-01-20 23:33:45,855 : policy-entropy_alpha=0.5
INFO : 2021-01-20 23:36:40,852 : episode: 0 score: -149.2 100 games avg: -149.2 steps 1000 
INFO : 2021-01-20 23:39:41,512 : episode: 1 score: -224.0 100 games avg: -224.0 steps 1000 
INFO : 2021-01-20 23:42:42,331 : episode: 2 score: -134.8 100 games avg: -134.8 steps 1000 
INFO : 2021-01-20 23:45:43,823 : episode: 3 score: -280.2 100 games avg: -280.2 steps 1000 
INFO : 2021-01-20 23:48:43,845 : episode: 4 score: -120.2 100 games avg: -120.2 steps 1000 
INFO : 2021-01-20 23:51:44,713 : episode: 5 score: -187.4 100 games avg: -187.4 steps 1000 
INFO : 2021-01-20 23:54:45,813 : episode: 6 score: -119.9 100 games avg: -119.9 steps 1000 
INFO : 2021-01-20 23:57:46,773 : episode: 7 score: -184.1 100 games avg: -184.1 steps 1000 
INFO : 2021-01-21 00:00:47,779 : episode: 8 score: -150.8 100 games avg: -150.8 steps 1000 
INFO : 2021-01-21 00:03:49,268 : episode: 9 score: -218.7 100 games avg: -218.7 steps 1000 
INFO : 2021-01-21 00:06:51,390 : episode: 10 score: -118.0 100 games avg: -118.0 steps 1000 
INFO : 2021-01-21 00:09:53,595 : episode: 11 score: -63.7 100 games avg: -63.7 steps 1000 
INFO : 2021-01-21 00:12:56,884 : episode: 12 score: -77.7 100 games avg: -77.7 steps 1000 
INFO : 2021-01-21 00:15:59,289 : episode: 13 score: 41.1 100 games avg: 41.1 steps 1000 
INFO : 2021-01-21 00:19:02,397 : episode: 14 score: 247.8 100 games avg: 247.8 steps 1000 
INFO : 2021-01-21 00:22:06,184 : episode: 15 score: 145.5 100 games avg: 145.5 steps 1000 
INFO : 2021-01-21 00:25:10,105 : episode: 16 score: 467.0 100 games avg: 467.0 steps 1000 
INFO : 2021-01-21 00:28:13,973 : episode: 17 score: 267.9 100 games avg: 267.9 steps 1000 
INFO : 2021-01-21 00:31:18,420 : episode: 18 score: 832.1 100 games avg: 832.1 steps 1000 
INFO : 2021-01-21 00:34:23,567 : episode: 19 score: 989.0 100 games avg: 989.0 steps 1000 
INFO : 2021-01-21 00:37:29,196 : episode: 20 score: 1240.9 100 games avg: 1240.9 steps 1000 
INFO : 2021-01-21 00:40:34,786 : episode: 21 score: 1262.6 100 games avg: 1262.6 steps 1000 
INFO : 2021-01-21 00:43:40,633 : episode: 22 score: 1214.0 100 games avg: 1214.0 steps 1000 
INFO : 2021-01-21 00:46:47,305 : episode: 23 score: 1539.0 100 games avg: 1539.0 steps 1000 
INFO : 2021-01-21 00:49:53,759 : episode: 24 score: 1444.8 100 games avg: 1444.8 steps 1000 
INFO : 2021-01-21 00:53:00,105 : episode: 25 score: 1622.2 100 games avg: 1622.2 steps 1000 
INFO : 2021-01-21 00:56:07,333 : episode: 26 score: 1931.5 100 games avg: 1931.5 steps 1000 
INFO : 2021-01-21 00:59:14,526 : episode: 27 score: 428.2 100 games avg: 428.2 steps 1000 
INFO : 2021-01-21 01:02:22,944 : episode: 28 score: 1796.0 100 games avg: 1796.0 steps 1000 
INFO : 2021-01-21 01:05:30,881 : episode: 29 score: 1873.6 100 games avg: 1873.6 steps 1000 
INFO : 2021-01-21 01:08:38,406 : episode: 30 score: 314.3 100 games avg: 314.3 steps 1000 
INFO : 2021-01-21 01:11:47,269 : episode: 31 score: 2001.1 100 games avg: 2001.1 steps 1000 
INFO : 2021-01-21 01:14:55,449 : episode: 32 score: 2055.5 100 games avg: 2055.5 steps 1000 
INFO : 2021-01-21 01:18:04,544 : episode: 33 score: 2046.5 100 games avg: 2046.5 steps 1000 
INFO : 2021-01-21 01:21:14,301 : episode: 34 score: 2254.4 100 games avg: 2254.4 steps 1000 
INFO : 2021-01-21 01:24:23,597 : episode: 35 score: 708.3 100 games avg: 708.3 steps 1000 
INFO : 2021-01-21 01:27:33,800 : episode: 36 score: 2258.3 100 games avg: 2258.3 steps 1000 
INFO : 2021-01-21 01:30:44,591 : episode: 37 score: 2052.6 100 games avg: 2052.6 steps 1000 
INFO : 2021-01-21 01:33:55,227 : episode: 38 score: 2384.9 100 games avg: 2384.9 steps 1000 
INFO : 2021-01-21 01:37:06,104 : episode: 39 score: 2327.6 100 games avg: 2327.6 steps 1000 
INFO : 2021-01-21 01:40:17,689 : episode: 40 score: 758.7 100 games avg: 758.7 steps 1000 
INFO : 2021-01-21 01:43:29,324 : episode: 41 score: 2399.0 100 games avg: 2399.0 steps 1000 
INFO : 2021-01-21 01:46:41,759 : episode: 42 score: 2203.6 100 games avg: 2203.6 steps 1000 
INFO : 2021-01-21 01:49:54,562 : episode: 43 score: 2109.4 100 games avg: 2109.4 steps 1000 
INFO : 2021-01-21 01:53:07,648 : episode: 44 score: 2560.0 100 games avg: 2560.0 steps 1000 
INFO : 2021-01-21 01:56:20,388 : episode: 45 score: 2498.8 100 games avg: 2498.8 steps 1000 
INFO : 2021-01-21 01:59:33,762 : episode: 46 score: 2399.5 100 games avg: 2399.5 steps 1000 
INFO : 2021-01-21 02:02:47,830 : episode: 47 score: 1002.4 100 games avg: 1002.4 steps 1000 
INFO : 2021-01-21 02:06:02,440 : episode: 48 score: 265.4 100 games avg: 265.4 steps 1000 
INFO : 2021-01-21 02:09:17,063 : episode: 49 score: 2080.2 100 games avg: 2080.2 steps 1000 
INFO : 2021-01-21 02:12:32,373 : episode: 50 score: 2570.0 100 games avg: 2570.0 steps 1000 
INFO : 2021-01-21 02:15:47,689 : episode: 51 score: 2314.9 100 games avg: 2314.9 steps 1000 
INFO : 2021-01-21 02:19:02,635 : episode: 52 score: 2646.8 100 games avg: 2646.8 steps 1000 
INFO : 2021-01-21 02:22:18,122 : episode: 53 score: 2710.0 100 games avg: 2710.0 steps 1000 
INFO : 2021-01-21 02:25:34,206 : episode: 54 score: 2579.5 100 games avg: 2579.5 steps 1000 
INFO : 2021-01-21 02:28:50,804 : episode: 55 score: 2615.5 100 games avg: 2615.5 steps 1000 
INFO : 2021-01-21 02:32:07,448 : episode: 56 score: 1255.8 100 games avg: 1255.8 steps 1000 
INFO : 2021-01-21 02:35:24,391 : episode: 57 score: 2553.2 100 games avg: 2553.2 steps 1000 
INFO : 2021-01-21 02:38:42,260 : episode: 58 score: 2634.7 100 games avg: 2634.7 steps 1000 
INFO : 2021-01-21 02:41:59,439 : episode: 59 score: 2931.0 100 games avg: 2931.0 steps 1000 
INFO : 2021-01-21 02:45:17,240 : episode: 60 score: 2773.4 100 games avg: 2773.4 steps 1000 
INFO : 2021-01-21 02:48:34,987 : episode: 61 score: 2865.3 100 games avg: 2865.3 steps 1000 
INFO : 2021-01-21 02:51:53,941 : episode: 62 score: 2869.0 100 games avg: 2869.0 steps 1000 
INFO : 2021-01-21 02:55:12,743 : episode: 63 score: 2870.7 100 games avg: 2870.7 steps 1000 
INFO : 2021-01-21 02:58:31,688 : episode: 64 score: 2824.2 100 games avg: 2824.2 steps 1000 
INFO : 2021-01-21 03:01:51,417 : episode: 65 score: 3041.1 100 games avg: 3041.1 steps 1000 
INFO : 2021-01-21 03:05:11,821 : episode: 66 score: 2831.4 100 games avg: 2831.4 steps 1000 
INFO : 2021-01-21 03:08:32,125 : episode: 67 score: 3000.6 100 games avg: 3000.6 steps 1000 
INFO : 2021-01-21 03:11:53,137 : episode: 68 score: 3007.5 100 games avg: 3007.5 steps 1000 
INFO : 2021-01-21 03:15:13,673 : episode: 69 score: 3241.1 100 games avg: 3241.1 steps 1000 
INFO : 2021-01-21 03:18:33,839 : episode: 70 score: 3166.8 100 games avg: 3166.8 steps 1000 
INFO : 2021-01-21 03:21:56,089 : episode: 71 score: 3082.4 100 games avg: 3082.4 steps 1000 
INFO : 2021-01-21 03:25:17,820 : episode: 72 score: 3004.6 100 games avg: 3004.6 steps 1000 
INFO : 2021-01-21 03:28:39,505 : episode: 73 score: 3023.3 100 games avg: 3023.3 steps 1000 
INFO : 2021-01-21 03:32:01,660 : episode: 74 score: 3246.8 100 games avg: 3246.8 steps 1000 
INFO : 2021-01-21 03:35:24,703 : episode: 75 score: 2916.0 100 games avg: 2916.0 steps 1000 
INFO : 2021-01-21 03:38:48,686 : episode: 76 score: 3274.3 100 games avg: 3274.3 steps 1000 
INFO : 2021-01-21 03:42:12,988 : episode: 77 score: 3031.7 100 games avg: 3031.7 steps 1000 
INFO : 2021-01-21 03:45:36,926 : episode: 78 score: 3475.7 100 games avg: 3475.7 steps 1000 
