INFO : 2021-01-23 19:30:53,388 : method: Model Predictive Contorol
INFO : 2021-01-23 19:30:53,389 : parameter n_steps: 500 ensemble_size: 5 env: Hopper-v2
INFO : 2021-01-23 19:31:16,329 : mpc horizon: 30 mpc_samples: 100 elite_sample: 30 grad_steps: 10
INFO : 2021-01-23 19:31:16,329 : mpc_function policy
INFO : 2021-01-23 19:31:16,329 : policy
INFO : 2021-01-23 19:31:36,374 : episode: 0 score: 14.3 100 games avg: 14.3 steps 17 
INFO : 2021-01-23 19:31:55,563 : episode: 1 score: 14.0 100 games avg: 14.0 steps 17 
INFO : 2021-01-23 19:32:14,563 : episode: 2 score: 13.8 100 games avg: 13.8 steps 17 
INFO : 2021-01-23 19:32:32,265 : episode: 3 score: 13.7 100 games avg: 13.7 steps 16 
INFO : 2021-01-23 19:32:49,806 : episode: 4 score: 13.6 100 games avg: 13.6 steps 16 
INFO : 2021-01-23 19:33:10,438 : episode: 5 score: 16.0 100 games avg: 16.0 steps 19 
INFO : 2021-01-23 19:33:29,162 : episode: 6 score: 14.6 100 games avg: 14.6 steps 17 
INFO : 2021-01-23 19:33:49,989 : episode: 7 score: 15.9 100 games avg: 15.9 steps 19 
INFO : 2021-01-23 19:34:08,769 : episode: 8 score: 14.3 100 games avg: 14.3 steps 17 
INFO : 2021-01-23 19:34:29,637 : episode: 9 score: 16.1 100 games avg: 16.1 steps 19 
INFO : 2021-01-23 19:34:47,636 : episode: 10 score: 13.3 100 games avg: 13.3 steps 16 
INFO : 2021-01-23 19:35:06,665 : episode: 11 score: 14.3 100 games avg: 14.3 steps 17 
INFO : 2021-01-23 19:35:25,491 : episode: 12 score: 13.9 100 games avg: 13.9 steps 17 
INFO : 2021-01-23 19:35:44,988 : episode: 13 score: 14.0 100 games avg: 14.0 steps 17 
INFO : 2021-01-23 19:36:04,677 : episode: 14 score: 14.4 100 games avg: 14.4 steps 17 
INFO : 2021-01-23 19:36:20,003 : episode: 15 score: 10.7 100 games avg: 10.7 steps 13 
INFO : 2021-01-23 19:36:54,089 : episode: 16 score: 13.7 100 games avg: 13.7 steps 30 
INFO : 2021-01-23 19:37:04,421 : episode: 17 score: 7.4 100 games avg: 7.4 steps 9 
INFO : 2021-01-23 19:37:15,013 : episode: 18 score: 7.5 100 games avg: 7.5 steps 9 
INFO : 2021-01-23 19:37:30,908 : episode: 19 score: 10.6 100 games avg: 10.6 steps 14 
INFO : 2021-01-23 19:37:41,181 : episode: 20 score: 7.2 100 games avg: 7.2 steps 9 
INFO : 2021-01-23 19:37:51,331 : episode: 21 score: 7.5 100 games avg: 7.5 steps 9 
INFO : 2021-01-23 19:38:01,727 : episode: 22 score: 7.1 100 games avg: 7.1 steps 9 
INFO : 2021-01-23 19:38:19,461 : episode: 23 score: 13.8 100 games avg: 13.8 steps 15 
INFO : 2021-01-23 19:38:34,349 : episode: 24 score: 13.5 100 games avg: 13.5 steps 13 
INFO : 2021-01-23 19:38:55,718 : episode: 25 score: 23.6 100 games avg: 23.6 steps 19 
INFO : 2021-01-23 19:39:20,981 : episode: 26 score: 27.7 100 games avg: 27.7 steps 22 
INFO : 2021-01-23 19:39:58,815 : episode: 27 score: 55.3 100 games avg: 55.3 steps 33 
INFO : 2021-01-23 19:40:30,543 : episode: 28 score: 46.6 100 games avg: 46.6 steps 28 
INFO : 2021-01-23 19:41:03,480 : episode: 29 score: 49.2 100 games avg: 49.2 steps 29 
INFO : 2021-01-23 19:41:50,454 : episode: 30 score: 69.7 100 games avg: 69.7 steps 41 
INFO : 2021-01-23 19:42:17,768 : episode: 31 score: 40.6 100 games avg: 40.6 steps 24 
INFO : 2021-01-23 19:42:46,520 : episode: 32 score: 41.8 100 games avg: 41.8 steps 25 
INFO : 2021-01-23 19:43:21,099 : episode: 33 score: 51.9 100 games avg: 51.9 steps 30 
INFO : 2021-01-23 19:43:50,267 : episode: 34 score: 42.6 100 games avg: 42.6 steps 25 
INFO : 2021-01-23 19:44:19,037 : episode: 35 score: 41.5 100 games avg: 41.5 steps 24 
INFO : 2021-01-23 19:44:46,382 : episode: 36 score: 41.9 100 games avg: 41.9 steps 24 
INFO : 2021-01-23 19:45:19,562 : episode: 37 score: 44.5 100 games avg: 44.5 steps 26 
INFO : 2021-01-23 19:45:48,175 : episode: 38 score: 42.5 100 games avg: 42.5 steps 25 
INFO : 2021-01-23 19:46:18,893 : episode: 39 score: 45.7 100 games avg: 45.7 steps 27 
INFO : 2021-01-23 19:46:46,719 : episode: 40 score: 41.4 100 games avg: 41.4 steps 24 
INFO : 2021-01-23 19:47:29,019 : episode: 41 score: 62.3 100 games avg: 62.3 steps 36 
INFO : 2021-01-23 19:47:57,278 : episode: 42 score: 40.8 100 games avg: 40.8 steps 24 
INFO : 2021-01-23 19:48:33,528 : episode: 43 score: 53.4 100 games avg: 53.4 steps 31 
INFO : 2021-01-23 19:49:07,763 : episode: 44 score: 48.9 100 games avg: 48.9 steps 28 
INFO : 2021-01-23 19:49:40,484 : episode: 45 score: 49.2 100 games avg: 49.2 steps 28 
INFO : 2021-01-23 19:50:19,377 : episode: 46 score: 56.7 100 games avg: 56.7 steps 33 
INFO : 2021-01-23 19:50:46,921 : episode: 47 score: 41.1 100 games avg: 41.1 steps 24 
INFO : 2021-01-23 19:51:32,363 : episode: 48 score: 71.6 100 games avg: 71.6 steps 39 
INFO : 2021-01-23 19:52:24,265 : episode: 49 score: 80.9 100 games avg: 80.9 steps 45 
INFO : 2021-01-23 19:53:30,515 : episode: 50 score: 108.8 100 games avg: 108.8 steps 58 
INFO : 2021-01-23 19:54:34,142 : episode: 51 score: 100.9 100 games avg: 100.9 steps 55 
INFO : 2021-01-23 19:56:12,262 : episode: 52 score: 151.9 100 games avg: 151.9 steps 82 
INFO : 2021-01-23 19:57:25,384 : episode: 53 score: 112.6 100 games avg: 112.6 steps 62 
INFO : 2021-01-23 19:58:33,954 : episode: 54 score: 109.5 100 games avg: 109.5 steps 59 
INFO : 2021-01-23 20:00:12,651 : episode: 55 score: 162.3 100 games avg: 162.3 steps 84 
INFO : 2021-01-23 20:01:27,560 : episode: 56 score: 113.5 100 games avg: 113.5 steps 62 
INFO : 2021-01-23 20:03:01,139 : episode: 57 score: 143.6 100 games avg: 143.6 steps 78 
INFO : 2021-01-23 20:04:22,871 : episode: 58 score: 131.2 100 games avg: 131.2 steps 69 
INFO : 2021-01-23 20:06:14,004 : episode: 59 score: 189.3 100 games avg: 189.3 steps 93 
INFO : 2021-01-23 20:08:28,250 : episode: 60 score: 238.7 100 games avg: 238.7 steps 114 
INFO : 2021-01-23 20:09:40,966 : episode: 61 score: 109.8 100 games avg: 109.8 steps 61 
INFO : 2021-01-23 20:10:53,564 : episode: 62 score: 110.2 100 games avg: 110.2 steps 61 
INFO : 2021-01-23 20:12:53,585 : episode: 63 score: 211.2 100 games avg: 211.2 steps 101 
INFO : 2021-01-23 20:14:03,398 : episode: 64 score: 106.9 100 games avg: 106.9 steps 59 
INFO : 2021-01-23 20:15:11,660 : episode: 65 score: 106.1 100 games avg: 106.1 steps 58 
INFO : 2021-01-23 20:16:24,326 : episode: 66 score: 106.8 100 games avg: 106.8 steps 61 
INFO : 2021-01-23 20:17:33,767 : episode: 67 score: 107.0 100 games avg: 107.0 steps 59 
INFO : 2021-01-23 20:18:51,496 : episode: 68 score: 118.8 100 games avg: 118.8 steps 64 
INFO : 2021-01-23 20:20:56,640 : episode: 69 score: 218.0 100 games avg: 218.0 steps 106 
INFO : 2021-01-23 20:22:12,153 : episode: 70 score: 111.9 100 games avg: 111.9 steps 62 
INFO : 2021-01-23 20:24:11,158 : episode: 71 score: 212.7 100 games avg: 212.7 steps 102 
INFO : 2021-01-23 20:26:04,142 : episode: 72 score: 208.4 100 games avg: 208.4 steps 99 
INFO : 2021-01-23 20:28:33,597 : episode: 73 score: 250.2 100 games avg: 250.2 steps 127 
INFO : 2021-01-23 20:30:33,066 : episode: 74 score: 214.0 100 games avg: 214.0 steps 105 
INFO : 2021-01-23 20:33:12,820 : episode: 75 score: 295.0 100 games avg: 295.0 steps 140 
INFO : 2021-01-23 20:33:49,260 : episode: 76 score: 54.1 100 games avg: 54.1 steps 31 
INFO : 2021-01-23 20:36:31,548 : episode: 77 score: 293.1 100 games avg: 293.1 steps 142 
INFO : 2021-01-23 20:37:03,608 : episode: 78 score: 47.0 100 games avg: 47.0 steps 27 
INFO : 2021-01-23 20:37:38,648 : episode: 79 score: 51.9 100 games avg: 51.9 steps 30 
INFO : 2021-01-23 20:40:15,176 : episode: 80 score: 279.1 100 games avg: 279.1 steps 136 
INFO : 2021-01-23 20:41:33,496 : episode: 81 score: 111.6 100 games avg: 111.6 steps 65 
INFO : 2021-01-23 20:42:47,864 : episode: 82 score: 103.7 100 games avg: 103.7 steps 62 
INFO : 2021-01-23 20:45:53,146 : episode: 83 score: 309.3 100 games avg: 309.3 steps 158 
INFO : 2021-01-23 20:48:11,861 : episode: 84 score: 252.8 100 games avg: 252.8 steps 118 
INFO : 2021-01-23 20:51:16,502 : episode: 85 score: 315.3 100 games avg: 315.3 steps 158 
INFO : 2021-01-23 20:54:06,185 : episode: 86 score: 298.4 100 games avg: 298.4 steps 145 
INFO : 2021-01-23 20:56:47,539 : episode: 87 score: 287.8 100 games avg: 287.8 steps 138 
INFO : 2021-01-23 21:00:35,202 : episode: 88 score: 357.9 100 games avg: 357.9 steps 196 
INFO : 2021-01-23 21:03:32,601 : episode: 89 score: 304.8 100 games avg: 304.8 steps 151 
INFO : 2021-01-23 21:06:36,427 : episode: 90 score: 309.3 100 games avg: 309.3 steps 156 
INFO : 2021-01-23 21:09:41,513 : episode: 91 score: 311.5 100 games avg: 311.5 steps 156 
INFO : 2021-01-23 21:12:29,497 : episode: 92 score: 293.9 100 games avg: 293.9 steps 141 
INFO : 2021-01-23 21:15:39,465 : episode: 93 score: 314.4 100 games avg: 314.4 steps 160 
INFO : 2021-01-23 21:18:06,973 : episode: 94 score: 268.1 100 games avg: 268.1 steps 125 
INFO : 2021-01-23 21:20:34,041 : episode: 95 score: 270.0 100 games avg: 270.0 steps 125 
INFO : 2021-01-23 21:23:33,502 : episode: 96 score: 307.4 100 games avg: 307.4 steps 154 
INFO : 2021-01-23 21:26:46,534 : episode: 97 score: 312.3 100 games avg: 312.3 steps 162 
INFO : 2021-01-23 21:29:16,703 : episode: 98 score: 270.7 100 games avg: 270.7 steps 126 
INFO : 2021-01-23 21:31:57,732 : episode: 99 score: 282.7 100 games avg: 282.7 steps 136 
INFO : 2021-01-23 21:35:08,306 : episode: 100 score: 313.6 100 games avg: 313.6 steps 160 
INFO : 2021-01-23 21:37:48,936 : episode: 101 score: 284.7 100 games avg: 284.7 steps 136 
INFO : 2021-01-23 21:41:10,736 : episode: 102 score: 326.1 100 games avg: 326.1 steps 171 
INFO : 2021-01-23 21:43:39,477 : episode: 103 score: 266.3 100 games avg: 266.3 steps 124 
INFO : 2021-01-23 21:46:27,692 : episode: 104 score: 289.6 100 games avg: 289.6 steps 142 
INFO : 2021-01-23 21:49:42,717 : episode: 105 score: 318.6 100 games avg: 318.6 steps 164 
INFO : 2021-01-23 21:52:57,617 : episode: 106 score: 320.5 100 games avg: 320.5 steps 166 
INFO : 2021-01-23 21:55:35,259 : episode: 107 score: 276.0 100 games avg: 276.0 steps 133 
INFO : 2021-01-23 21:58:05,189 : episode: 108 score: 271.5 100 games avg: 271.5 steps 128 
INFO : 2021-01-23 22:01:42,900 : episode: 109 score: 343.1 100 games avg: 343.1 steps 186 
INFO : 2021-01-23 22:04:18,001 : episode: 110 score: 267.3 100 games avg: 267.3 steps 125 
INFO : 2021-01-23 22:07:19,264 : episode: 111 score: 296.1 100 games avg: 296.1 steps 148 
INFO : 2021-01-23 22:11:54,797 : episode: 112 score: 384.1 100 games avg: 384.1 steps 224 
INFO : 2021-01-23 22:14:44,917 : episode: 113 score: 287.4 100 games avg: 287.4 steps 139 
INFO : 2021-01-23 22:17:32,689 : episode: 114 score: 278.2 100 games avg: 278.2 steps 132 
INFO : 2021-01-23 22:20:49,406 : episode: 115 score: 314.0 100 games avg: 314.0 steps 158 
INFO : 2021-01-23 22:24:03,512 : episode: 116 score: 314.6 100 games avg: 314.6 steps 157 
INFO : 2021-01-23 22:26:55,805 : episode: 117 score: 292.2 100 games avg: 292.2 steps 140 
INFO : 2021-01-23 22:29:41,702 : episode: 118 score: 282.9 100 games avg: 282.9 steps 133 
INFO : 2021-01-23 22:32:37,313 : episode: 119 score: 300.3 100 games avg: 300.3 steps 145 
INFO : 2021-01-23 22:35:46,608 : episode: 120 score: 310.7 100 games avg: 310.7 steps 153 
INFO : 2021-01-23 22:38:59,589 : episode: 121 score: 310.8 100 games avg: 310.8 steps 153 
INFO : 2021-01-23 22:42:27,233 : episode: 122 score: 327.5 100 games avg: 327.5 steps 168 
INFO : 2021-01-23 22:45:39,360 : episode: 123 score: 308.1 100 games avg: 308.1 steps 152 
INFO : 2021-01-23 22:49:00,905 : episode: 124 score: 319.0 100 games avg: 319.0 steps 161 
INFO : 2021-01-23 22:52:19,386 : episode: 125 score: 319.5 100 games avg: 319.5 steps 160 
INFO : 2021-01-23 22:55:39,013 : episode: 126 score: 316.8 100 games avg: 316.8 steps 159 
INFO : 2021-01-23 22:59:14,928 : episode: 127 score: 330.3 100 games avg: 330.3 steps 171 
INFO : 2021-01-23 23:02:33,928 : episode: 128 score: 314.6 100 games avg: 314.6 steps 157 
INFO : 2021-01-23 23:05:47,006 : episode: 129 score: 311.4 100 games avg: 311.4 steps 154 
INFO : 2021-01-23 23:08:53,904 : episode: 130 score: 305.9 100 games avg: 305.9 steps 150 
INFO : 2021-01-23 23:12:58,559 : episode: 131 score: 329.2 100 games avg: 329.2 steps 168 
INFO : 2021-01-23 23:18:00,888 : episode: 132 score: 316.5 100 games avg: 316.5 steps 158 
INFO : 2021-01-23 23:22:51,651 : episode: 133 score: 306.2 100 games avg: 306.2 steps 153 
INFO : 2021-01-23 23:27:34,333 : episode: 134 score: 304.5 100 games avg: 304.5 steps 149 
INFO : 2021-01-23 23:32:32,511 : episode: 135 score: 308.5 100 games avg: 308.5 steps 153 
INFO : 2021-01-23 23:37:06,411 : episode: 136 score: 291.4 100 games avg: 291.4 steps 140 
INFO : 2021-01-23 23:41:37,702 : episode: 137 score: 294.8 100 games avg: 294.8 steps 141 
INFO : 2021-01-23 23:46:37,486 : episode: 138 score: 314.0 100 games avg: 314.0 steps 156 
INFO : 2021-01-23 23:51:13,251 : episode: 139 score: 298.7 100 games avg: 298.7 steps 145 
INFO : 2021-01-23 23:55:52,089 : episode: 140 score: 300.2 100 games avg: 300.2 steps 144 
INFO : 2021-01-24 00:00:15,507 : episode: 141 score: 288.8 100 games avg: 288.8 steps 137 
INFO : 2021-01-24 00:08:19,381 : episode: 142 score: 334.7 100 games avg: 334.7 steps 172 
INFO : 2021-01-24 00:15:58,963 : episode: 143 score: 301.6 100 games avg: 301.6 steps 147 
INFO : 2021-01-24 00:23:47,978 : episode: 144 score: 311.5 100 games avg: 311.5 steps 153 
INFO : 2021-01-24 00:32:01,623 : episode: 145 score: 322.6 100 games avg: 322.6 steps 162 
INFO : 2021-01-24 00:39:25,282 : episode: 146 score: 302.1 100 games avg: 302.1 steps 146 
INFO : 2021-01-24 00:47:31,165 : episode: 147 score: 320.4 100 games avg: 320.4 steps 161 
INFO : 2021-01-24 00:55:00,088 : episode: 148 score: 304.0 100 games avg: 304.0 steps 148 
INFO : 2021-01-24 01:02:20,620 : episode: 149 score: 302.2 100 games avg: 302.2 steps 147 
INFO : 2021-01-24 01:10:49,622 : episode: 150 score: 333.8 100 games avg: 333.8 steps 171 
INFO : 2021-01-24 01:17:44,130 : episode: 151 score: 292.3 100 games avg: 292.3 steps 138 
INFO : 2021-01-24 01:24:30,128 : episode: 152 score: 288.3 100 games avg: 288.3 steps 135 
INFO : 2021-01-24 01:31:33,242 : episode: 153 score: 296.4 100 games avg: 296.4 steps 142 
INFO : 2021-01-24 01:38:32,933 : episode: 154 score: 293.8 100 games avg: 293.8 steps 142 
INFO : 2021-01-24 01:45:28,719 : episode: 155 score: 299.1 100 games avg: 299.1 steps 144 
INFO : 2021-01-24 01:51:55,968 : episode: 156 score: 287.7 100 games avg: 287.7 steps 134 
INFO : 2021-01-24 01:58:30,144 : episode: 157 score: 290.9 100 games avg: 290.9 steps 139 
INFO : 2021-01-24 02:05:04,244 : episode: 158 score: 291.0 100 games avg: 291.0 steps 138 
INFO : 2021-01-24 02:12:59,099 : episode: 159 score: 324.3 100 games avg: 324.3 steps 169 
INFO : 2021-01-24 02:19:49,144 : episode: 160 score: 299.9 100 games avg: 299.9 steps 146 
INFO : 2021-01-24 02:27:08,318 : episode: 161 score: 312.0 100 games avg: 312.0 steps 153 
INFO : 2021-01-24 02:33:47,924 : episode: 162 score: 294.6 100 games avg: 294.6 steps 140 
INFO : 2021-01-24 02:40:17,444 : episode: 163 score: 290.1 100 games avg: 290.1 steps 137 
INFO : 2021-01-24 02:46:55,351 : episode: 164 score: 293.5 100 games avg: 293.5 steps 140 
INFO : 2021-01-24 02:53:25,187 : episode: 165 score: 288.5 100 games avg: 288.5 steps 136 
INFO : 2021-01-24 02:59:53,365 : episode: 166 score: 289.6 100 games avg: 289.6 steps 137 
INFO : 2021-01-24 03:06:27,862 : episode: 167 score: 286.4 100 games avg: 286.4 steps 139 
INFO : 2021-01-24 03:13:29,178 : episode: 168 score: 294.9 100 games avg: 294.9 steps 152 
INFO : 2021-01-24 03:19:48,771 : episode: 169 score: 277.7 100 games avg: 277.7 steps 138 
INFO : 2021-01-24 03:25:22,764 : episode: 170 score: 263.2 100 games avg: 263.2 steps 120 
INFO : 2021-01-24 03:32:54,181 : episode: 171 score: 313.1 100 games avg: 313.1 steps 165 
INFO : 2021-01-24 03:39:25,287 : episode: 172 score: 293.9 100 games avg: 293.9 steps 141 
INFO : 2021-01-24 03:46:10,629 : episode: 173 score: 298.6 100 games avg: 298.6 steps 147 
INFO : 2021-01-24 03:52:31,058 : episode: 174 score: 290.3 100 games avg: 290.3 steps 139 
INFO : 2021-01-24 03:58:40,023 : episode: 175 score: 280.0 100 games avg: 280.0 steps 134 
INFO : 2021-01-24 04:04:39,849 : episode: 176 score: 275.0 100 games avg: 275.0 steps 130 
INFO : 2021-01-24 04:11:07,371 : episode: 177 score: 275.0 100 games avg: 275.0 steps 142 
INFO : 2021-01-24 04:17:44,394 : episode: 178 score: 289.0 100 games avg: 289.0 steps 147 
INFO : 2021-01-24 04:24:11,457 : episode: 179 score: 291.9 100 games avg: 291.9 steps 142 
INFO : 2021-01-24 04:30:43,071 : episode: 180 score: 293.6 100 games avg: 293.6 steps 143 
INFO : 2021-01-24 04:36:57,507 : episode: 181 score: 293.0 100 games avg: 293.0 steps 140 
INFO : 2021-01-24 04:43:58,716 : episode: 182 score: 302.6 100 games avg: 302.6 steps 153 
INFO : 2021-01-24 04:50:16,252 : episode: 183 score: 289.8 100 games avg: 289.8 steps 139 
INFO : 2021-01-24 04:56:37,692 : episode: 184 score: 284.1 100 games avg: 284.1 steps 140 
INFO : 2021-01-24 05:02:58,638 : episode: 185 score: 293.0 100 games avg: 293.0 steps 140 
INFO : 2021-01-24 05:09:51,364 : episode: 186 score: 303.6 100 games avg: 303.6 steps 152 
INFO : 2021-01-24 05:16:12,276 : episode: 187 score: 293.8 100 games avg: 293.8 steps 138 
INFO : 2021-01-24 05:22:35,899 : episode: 188 score: 292.0 100 games avg: 292.0 steps 144 
INFO : 2021-01-24 05:28:52,574 : episode: 189 score: 293.7 100 games avg: 293.7 steps 141 
INFO : 2021-01-24 05:35:22,269 : episode: 190 score: 295.5 100 games avg: 295.5 steps 142 
INFO : 2021-01-24 05:41:56,227 : episode: 191 score: 289.2 100 games avg: 289.2 steps 144 
INFO : 2021-01-24 05:48:18,296 : episode: 192 score: 285.8 100 games avg: 285.8 steps 140 
INFO : 2021-01-24 05:54:11,375 : episode: 193 score: 278.3 100 games avg: 278.3 steps 129 
INFO : 2021-01-24 06:00:45,832 : episode: 194 score: 305.5 100 games avg: 305.5 steps 149 
INFO : 2021-01-24 06:07:01,957 : episode: 195 score: 284.3 100 games avg: 284.3 steps 138 
INFO : 2021-01-24 06:13:38,930 : episode: 196 score: 290.9 100 games avg: 290.9 steps 144 
INFO : 2021-01-24 06:19:54,337 : episode: 197 score: 289.3 100 games avg: 289.3 steps 138 
INFO : 2021-01-24 06:25:52,663 : episode: 198 score: 284.2 100 games avg: 284.2 steps 134 
INFO : 2021-01-24 06:27:19,539 : episode: 199 score: 45.7 100 games avg: 45.7 steps 27 
INFO : 2021-01-24 06:33:23,655 : episode: 200 score: 283.2 100 games avg: 283.2 steps 133 
INFO : 2021-01-24 06:41:03,323 : episode: 201 score: 326.2 100 games avg: 326.2 steps 168 
INFO : 2021-01-24 06:48:34,686 : episode: 202 score: 316.9 100 games avg: 316.9 steps 162 
INFO : 2021-01-24 06:54:55,177 : episode: 203 score: 283.5 100 games avg: 283.5 steps 134 
INFO : 2021-01-24 07:01:16,327 : episode: 204 score: 285.3 100 games avg: 285.3 steps 136 
INFO : 2021-01-24 07:08:28,039 : episode: 205 score: 275.2 100 games avg: 275.2 steps 156 
INFO : 2021-01-24 07:14:45,206 : episode: 206 score: 284.7 100 games avg: 284.7 steps 135 
INFO : 2021-01-24 07:21:13,689 : episode: 207 score: 297.8 100 games avg: 297.8 steps 143 
INFO : 2021-01-24 07:27:53,392 : episode: 208 score: 298.4 100 games avg: 298.4 steps 145 
INFO : 2021-01-24 07:34:35,884 : episode: 209 score: 300.8 100 games avg: 300.8 steps 147 
INFO : 2021-01-24 07:40:27,723 : episode: 210 score: 273.0 100 games avg: 273.0 steps 127 
INFO : 2021-01-24 07:47:44,781 : episode: 211 score: 316.6 100 games avg: 316.6 steps 160 
INFO : 2021-01-24 07:54:06,888 : episode: 212 score: 286.9 100 games avg: 286.9 steps 138 
INFO : 2021-01-24 08:00:48,457 : episode: 213 score: 303.5 100 games avg: 303.5 steps 147 
INFO : 2021-01-24 08:07:02,184 : episode: 214 score: 287.0 100 games avg: 287.0 steps 136 
INFO : 2021-01-24 08:13:28,130 : episode: 215 score: 296.5 100 games avg: 296.5 steps 144 
INFO : 2021-01-24 08:20:42,575 : episode: 216 score: 309.5 100 games avg: 309.5 steps 159 
INFO : 2021-01-24 08:26:18,673 : episode: 217 score: 272.8 100 games avg: 272.8 steps 127 
INFO : 2021-01-24 08:32:19,215 : episode: 218 score: 291.0 100 games avg: 291.0 steps 137 
INFO : 2021-01-24 08:39:02,882 : episode: 219 score: 304.6 100 games avg: 304.6 steps 149 
INFO : 2021-01-24 08:45:20,746 : episode: 220 score: 292.1 100 games avg: 292.1 steps 139 
INFO : 2021-01-24 08:51:52,093 : episode: 221 score: 297.8 100 games avg: 297.8 steps 143 
INFO : 2021-01-24 08:59:16,892 : episode: 222 score: 317.6 100 games avg: 317.6 steps 165 
INFO : 2021-01-24 09:05:37,700 : episode: 223 score: 294.3 100 games avg: 294.3 steps 141 
INFO : 2021-01-24 09:12:45,327 : episode: 224 score: 313.4 100 games avg: 313.4 steps 161 
INFO : 2021-01-24 09:18:46,976 : episode: 225 score: 285.5 100 games avg: 285.5 steps 133 
INFO : 2021-01-24 09:25:01,926 : episode: 226 score: 284.9 100 games avg: 284.9 steps 134 
INFO : 2021-01-24 09:32:23,677 : episode: 227 score: 317.9 100 games avg: 317.9 steps 158 
INFO : 2021-01-24 09:39:09,471 : episode: 228 score: 306.6 100 games avg: 306.6 steps 148 
INFO : 2021-01-24 09:46:47,214 : episode: 229 score: 327.9 100 games avg: 327.9 steps 167 
INFO : 2021-01-24 09:53:17,587 : episode: 230 score: 296.1 100 games avg: 296.1 steps 140 
INFO : 2021-01-24 10:00:12,857 : episode: 231 score: 308.9 100 games avg: 308.9 steps 152 
INFO : 2021-01-24 10:06:11,935 : episode: 232 score: 280.1 100 games avg: 280.1 steps 130 
INFO : 2021-01-24 10:12:36,061 : episode: 233 score: 294.2 100 games avg: 294.2 steps 140 
INFO : 2021-01-24 10:18:47,289 : episode: 234 score: 282.7 100 games avg: 282.7 steps 132 
INFO : 2021-01-24 10:24:30,067 : episode: 235 score: 270.2 100 games avg: 270.2 steps 123 
INFO : 2021-01-24 10:30:40,895 : episode: 236 score: 287.3 100 games avg: 287.3 steps 134 
INFO : 2021-01-24 10:37:19,003 : episode: 237 score: 295.1 100 games avg: 295.1 steps 143 
INFO : 2021-01-24 10:43:47,216 : episode: 238 score: 302.2 100 games avg: 302.2 steps 144 
INFO : 2021-01-24 10:50:20,329 : episode: 239 score: 303.3 100 games avg: 303.3 steps 145 
INFO : 2021-01-24 10:56:08,936 : episode: 240 score: 281.0 100 games avg: 281.0 steps 130 
INFO : 2021-01-24 11:01:41,116 : episode: 241 score: 257.2 100 games avg: 257.2 steps 123 
INFO : 2021-01-24 11:08:12,904 : episode: 242 score: 299.2 100 games avg: 299.2 steps 145 
INFO : 2021-01-24 11:14:29,260 : episode: 243 score: 297.9 100 games avg: 297.9 steps 140 
INFO : 2021-01-24 11:15:59,196 : episode: 244 score: 48.5 100 games avg: 48.5 steps 28 
INFO : 2021-01-24 11:22:46,406 : episode: 245 score: 311.1 100 games avg: 311.1 steps 150 
INFO : 2021-01-24 11:29:27,433 : episode: 246 score: 292.8 100 games avg: 292.8 steps 151 
INFO : 2021-01-24 11:36:04,361 : episode: 247 score: 308.4 100 games avg: 308.4 steps 148 
INFO : 2021-01-24 11:44:01,892 : episode: 248 score: 314.0 100 games avg: 314.0 steps 182 
INFO : 2021-01-24 11:50:09,187 : episode: 249 score: 271.4 100 games avg: 271.4 steps 137 
INFO : 2021-01-24 11:56:20,748 : episode: 250 score: 263.8 100 games avg: 263.8 steps 139 
INFO : 2021-01-24 12:02:07,695 : episode: 251 score: 244.6 100 games avg: 244.6 steps 124 
INFO : 2021-01-24 12:10:45,779 : episode: 252 score: 313.4 100 games avg: 313.4 steps 191 
INFO : 2021-01-24 12:12:36,423 : episode: 253 score: 8.9 100 games avg: 8.9 steps 34 
INFO : 2021-01-24 12:14:33,125 : episode: 254 score: 8.3 100 games avg: 8.3 steps 38 
INFO : 2021-01-24 12:24:12,834 : episode: 255 score: 135.9 100 games avg: 135.9 steps 216 
INFO : 2021-01-24 12:26:11,748 : episode: 256 score: 7.6 100 games avg: 7.6 steps 37 
INFO : 2021-01-24 12:28:18,695 : episode: 257 score: 12.3 100 games avg: 12.3 steps 41 
INFO : 2021-01-24 12:30:27,979 : episode: 258 score: 11.3 100 games avg: 11.3 steps 41 
INFO : 2021-01-24 12:32:25,989 : episode: 259 score: 11.8 100 games avg: 11.8 steps 36 
INFO : 2021-01-24 12:34:33,337 : episode: 260 score: 13.9 100 games avg: 13.9 steps 40 
INFO : 2021-01-24 12:36:26,616 : episode: 261 score: 10.8 100 games avg: 10.8 steps 34 
INFO : 2021-01-24 12:38:10,142 : episode: 262 score: 9.8 100 games avg: 9.8 steps 31 
INFO : 2021-01-24 12:40:06,603 : episode: 263 score: 11.8 100 games avg: 11.8 steps 37 
INFO : 2021-01-24 12:41:37,127 : episode: 264 score: 10.6 100 games avg: 10.6 steps 26 
INFO : 2021-01-24 12:43:13,726 : episode: 265 score: 10.1 100 games avg: 10.1 steps 28 
INFO : 2021-01-24 12:45:00,529 : episode: 266 score: 11.1 100 games avg: 11.1 steps 32 
INFO : 2021-01-24 12:46:22,606 : episode: 267 score: 9.9 100 games avg: 9.9 steps 23 
INFO : 2021-01-24 12:47:41,836 : episode: 268 score: 10.0 100 games avg: 10.0 steps 22 
INFO : 2021-01-24 12:49:01,285 : episode: 269 score: 11.1 100 games avg: 11.1 steps 23 
INFO : 2021-01-24 12:50:22,193 : episode: 270 score: 11.1 100 games avg: 11.1 steps 23 
INFO : 2021-01-24 12:51:44,154 : episode: 271 score: 11.5 100 games avg: 11.5 steps 23 
INFO : 2021-01-24 12:53:06,012 : episode: 272 score: 10.0 100 games avg: 10.0 steps 22 
INFO : 2021-01-24 12:54:21,354 : episode: 273 score: 10.7 100 games avg: 10.7 steps 20 
INFO : 2021-01-24 12:55:42,223 : episode: 274 score: 11.2 100 games avg: 11.2 steps 22 
INFO : 2021-01-24 12:56:58,482 : episode: 275 score: 10.5 100 games avg: 10.5 steps 21 
INFO : 2021-01-24 12:58:50,975 : episode: 276 score: 13.5 100 games avg: 13.5 steps 36 
INFO : 2021-01-24 13:00:28,750 : episode: 277 score: 12.7 100 games avg: 12.7 steps 30 
INFO : 2021-01-24 13:01:54,269 : episode: 278 score: 42.4 100 games avg: 42.4 steps 24 
INFO : 2021-01-24 13:03:26,750 : episode: 279 score: 13.5 100 games avg: 13.5 steps 26 
INFO : 2021-01-24 13:05:14,389 : episode: 280 score: 15.2 100 games avg: 15.2 steps 34 
INFO : 2021-01-24 13:13:28,947 : episode: 281 score: 245.6 100 games avg: 245.6 steps 181 
INFO : 2021-01-24 13:19:33,399 : episode: 282 score: 185.5 100 games avg: 185.5 steps 129 
INFO : 2021-01-24 13:27:19,500 : episode: 283 score: 299.1 100 games avg: 299.1 steps 165 
INFO : 2021-01-24 14:13:48,882 : episode: 284 score: 1001.3 100 games avg: 1001.3 steps 1000 
INFO : 2021-01-24 14:25:30,149 : episode: 285 score: 271.9 100 games avg: 271.9 steps 244 
INFO : 2021-01-24 14:31:35,301 : episode: 286 score: 261.6 100 games avg: 261.6 steps 122 
INFO : 2021-01-24 14:37:45,898 : episode: 287 score: 271.0 100 games avg: 271.0 steps 126 
INFO : 2021-01-24 14:44:49,349 : episode: 288 score: 294.2 100 games avg: 294.2 steps 143 
INFO : 2021-01-24 14:51:30,927 : episode: 289 score: 288.3 100 games avg: 288.3 steps 136 
INFO : 2021-01-24 14:58:59,564 : episode: 290 score: 307.5 100 games avg: 307.5 steps 151 
INFO : 2021-01-24 15:05:49,219 : episode: 291 score: 280.4 100 games avg: 280.4 steps 136 
INFO : 2021-01-24 15:12:39,582 : episode: 292 score: 283.1 100 games avg: 283.1 steps 136 
INFO : 2021-01-24 15:19:25,980 : episode: 293 score: 273.1 100 games avg: 273.1 steps 132 
INFO : 2021-01-24 15:26:25,937 : episode: 294 score: 289.4 100 games avg: 289.4 steps 137 
INFO : 2021-01-24 15:33:01,197 : episode: 295 score: 283.4 100 games avg: 283.4 steps 128 
INFO : 2021-01-24 15:40:34,035 : episode: 296 score: 297.1 100 games avg: 297.1 steps 147 
INFO : 2021-01-24 15:47:04,345 : episode: 297 score: 265.5 100 games avg: 265.5 steps 123 
INFO : 2021-01-24 15:55:07,725 : episode: 298 score: 313.6 100 games avg: 313.6 steps 152 
INFO : 2021-01-24 16:02:34,429 : episode: 299 score: 296.9 100 games avg: 296.9 steps 140 
INFO : 2021-01-24 16:09:30,656 : episode: 300 score: 280.0 100 games avg: 280.0 steps 131 
INFO : 2021-01-24 16:16:31,130 : episode: 301 score: 283.9 100 games avg: 283.9 steps 135 
INFO : 2021-01-24 16:23:22,356 : episode: 302 score: 284.3 100 games avg: 284.3 steps 131 
INFO : 2021-01-24 16:29:48,475 : episode: 303 score: 283.0 100 games avg: 283.0 steps 130 
INFO : 2021-01-24 16:36:09,982 : episode: 304 score: 277.4 100 games avg: 277.4 steps 128 
INFO : 2021-01-24 16:42:43,399 : episode: 305 score: 278.1 100 games avg: 278.1 steps 131 
INFO : 2021-01-24 16:48:58,556 : episode: 306 score: 274.7 100 games avg: 274.7 steps 125 
INFO : 2021-01-24 16:55:53,258 : episode: 307 score: 297.3 100 games avg: 297.3 steps 140 
INFO : 2021-01-24 17:02:26,601 : episode: 308 score: 285.2 100 games avg: 285.2 steps 134 
INFO : 2021-01-24 17:09:02,692 : episode: 309 score: 287.5 100 games avg: 287.5 steps 135 
INFO : 2021-01-24 17:15:13,931 : episode: 310 score: 272.7 100 games avg: 272.7 steps 125 
INFO : 2021-01-24 17:21:38,207 : episode: 311 score: 279.9 100 games avg: 279.9 steps 130 
INFO : 2021-01-24 17:28:19,973 : episode: 312 score: 288.4 100 games avg: 288.4 steps 137 
INFO : 2021-01-24 17:34:54,569 : episode: 313 score: 284.7 100 games avg: 284.7 steps 134 
INFO : 2021-01-24 17:41:40,095 : episode: 314 score: 289.4 100 games avg: 289.4 steps 137 
INFO : 2021-01-24 17:47:57,533 : episode: 315 score: 275.1 100 games avg: 275.1 steps 127 
INFO : 2021-01-24 17:54:25,130 : episode: 316 score: 280.1 100 games avg: 280.1 steps 130 
INFO : 2021-01-24 18:00:36,705 : episode: 317 score: 272.3 100 games avg: 272.3 steps 126 
INFO : 2021-01-24 18:07:27,574 : episode: 318 score: 290.7 100 games avg: 290.7 steps 138 
INFO : 2021-01-24 18:14:36,576 : episode: 319 score: 305.2 100 games avg: 305.2 steps 146 
INFO : 2021-01-24 18:22:23,839 : episode: 320 score: 320.3 100 games avg: 320.3 steps 160 
INFO : 2021-01-24 18:30:24,252 : episode: 321 score: 327.6 100 games avg: 327.6 steps 164 
INFO : 2021-01-24 18:36:59,154 : episode: 322 score: 290.8 100 games avg: 290.8 steps 133 
INFO : 2021-01-24 18:44:06,900 : episode: 323 score: 301.3 100 games avg: 301.3 steps 144 
INFO : 2021-01-24 18:51:13,468 : episode: 324 score: 300.3 100 games avg: 300.3 steps 144 
INFO : 2021-01-24 18:58:23,161 : episode: 325 score: 302.8 100 games avg: 302.8 steps 144 
INFO : 2021-01-24 19:05:29,387 : episode: 326 score: 300.0 100 games avg: 300.0 steps 143 
INFO : 2021-01-24 19:12:20,520 : episode: 327 score: 291.2 100 games avg: 291.2 steps 137 
INFO : 2021-01-24 19:18:33,692 : episode: 328 score: 270.2 100 games avg: 270.2 steps 124 
INFO : 2021-01-24 19:25:36,809 : episode: 329 score: 299.9 100 games avg: 299.9 steps 142 
INFO : 2021-01-24 19:31:47,332 : episode: 330 score: 279.7 100 games avg: 279.7 steps 126 
INFO : 2021-01-24 19:38:30,987 : episode: 331 score: 285.7 100 games avg: 285.7 steps 135 
INFO : 2021-01-24 19:45:41,689 : episode: 332 score: 302.9 100 games avg: 302.9 steps 147 
INFO : 2021-01-24 19:52:09,658 : episode: 333 score: 286.1 100 games avg: 286.1 steps 133 
INFO : 2021-01-24 19:58:50,554 : episode: 334 score: 291.9 100 games avg: 291.9 steps 136 
INFO : 2021-01-24 20:05:35,822 : episode: 335 score: 290.2 100 games avg: 290.2 steps 134 
INFO : 2021-01-24 20:11:53,153 : episode: 336 score: 277.5 100 games avg: 277.5 steps 127 
INFO : 2021-01-24 20:18:35,939 : episode: 337 score: 290.9 100 games avg: 290.9 steps 135 
INFO : 2021-01-24 20:25:02,835 : episode: 338 score: 278.7 100 games avg: 278.7 steps 129 
INFO : 2021-01-24 20:31:41,341 : episode: 339 score: 284.6 100 games avg: 284.6 steps 133 
INFO : 2021-01-24 20:38:13,995 : episode: 340 score: 282.3 100 games avg: 282.3 steps 132 
INFO : 2021-01-24 20:45:00,649 : episode: 341 score: 288.7 100 games avg: 288.7 steps 136 
INFO : 2021-01-24 20:51:54,888 : episode: 342 score: 293.6 100 games avg: 293.6 steps 138 
INFO : 2021-01-24 20:58:28,143 : episode: 343 score: 280.3 100 games avg: 280.3 steps 131 
INFO : 2021-01-24 21:04:59,216 : episode: 344 score: 279.3 100 games avg: 279.3 steps 130 
INFO : 2021-01-24 21:12:05,809 : episode: 345 score: 299.0 100 games avg: 299.0 steps 143 
INFO : 2021-01-24 21:18:55,444 : episode: 346 score: 288.8 100 games avg: 288.8 steps 137 
INFO : 2021-01-24 21:25:32,077 : episode: 347 score: 284.1 100 games avg: 284.1 steps 132 
INFO : 2021-01-24 21:32:36,576 : episode: 348 score: 299.3 100 games avg: 299.3 steps 145 
INFO : 2021-01-24 21:39:03,692 : episode: 349 score: 278.1 100 games avg: 278.1 steps 130 
INFO : 2021-01-24 21:46:23,237 : episode: 350 score: 308.5 100 games avg: 308.5 steps 148 
INFO : 2021-01-24 21:53:00,574 : episode: 351 score: 281.0 100 games avg: 281.0 steps 133 
INFO : 2021-01-24 21:59:48,346 : episode: 352 score: 289.1 100 games avg: 289.1 steps 137 
INFO : 2021-01-24 22:06:57,089 : episode: 353 score: 299.4 100 games avg: 299.4 steps 144 
INFO : 2021-01-24 22:15:04,136 : episode: 354 score: 327.0 100 games avg: 327.0 steps 166 
INFO : 2021-01-24 22:21:40,785 : episode: 355 score: 279.5 100 games avg: 279.5 steps 133 
INFO : 2021-01-24 22:29:10,713 : episode: 356 score: 303.4 100 games avg: 303.4 steps 151 
INFO : 2021-01-24 22:36:01,549 : episode: 357 score: 293.9 100 games avg: 293.9 steps 137 
INFO : 2021-01-24 22:44:08,062 : episode: 358 score: 325.8 100 games avg: 325.8 steps 164 
INFO : 2021-01-24 22:51:15,267 : episode: 359 score: 288.6 100 games avg: 288.6 steps 142 
INFO : 2021-01-24 22:58:40,394 : episode: 360 score: 300.2 100 games avg: 300.2 steps 148 
INFO : 2021-01-24 23:07:21,002 : episode: 361 score: 333.7 100 games avg: 333.7 steps 175 
INFO : 2021-01-24 23:14:58,097 : episode: 362 score: 310.2 100 games avg: 310.2 steps 154 
INFO : 2021-01-24 23:21:46,369 : episode: 363 score: 286.3 100 games avg: 286.3 steps 135 
INFO : 2021-01-24 23:29:22,864 : episode: 364 score: 312.4 100 games avg: 312.4 steps 153 
INFO : 2021-01-24 23:36:25,861 : episode: 365 score: 288.8 100 games avg: 288.8 steps 140 
INFO : 2021-01-24 23:43:17,201 : episode: 366 score: 282.3 100 games avg: 282.3 steps 135 
INFO : 2021-01-24 23:50:45,862 : episode: 367 score: 305.9 100 games avg: 305.9 steps 148 
INFO : 2021-01-24 23:58:01,527 : episode: 368 score: 295.9 100 games avg: 295.9 steps 143 
INFO : 2021-01-25 00:04:46,754 : episode: 369 score: 284.8 100 games avg: 284.8 steps 133 
INFO : 2021-01-25 00:11:43,904 : episode: 370 score: 287.3 100 games avg: 287.3 steps 137 
INFO : 2021-01-25 00:18:24,379 : episode: 371 score: 274.2 100 games avg: 274.2 steps 131 
INFO : 2021-01-25 00:28:30,131 : episode: 372 score: 244.9 100 games avg: 244.9 steps 204 
INFO : 2021-01-25 00:35:00,490 : episode: 373 score: 269.9 100 games avg: 269.9 steps 127 
INFO : 2021-01-25 00:42:11,404 : episode: 374 score: 290.6 100 games avg: 290.6 steps 141 
INFO : 2021-01-25 00:48:58,507 : episode: 375 score: 282.5 100 games avg: 282.5 steps 133 
INFO : 2021-01-25 00:55:57,990 : episode: 376 score: 289.8 100 games avg: 289.8 steps 137 
INFO : 2021-01-25 01:02:55,102 : episode: 377 score: 242.1 100 games avg: 242.1 steps 136 
INFO : 2021-01-25 01:09:06,551 : episode: 378 score: 267.5 100 games avg: 267.5 steps 121 
INFO : 2021-01-25 01:15:50,589 : episode: 379 score: 282.7 100 games avg: 282.7 steps 132 
INFO : 2021-01-25 01:22:41,209 : episode: 380 score: 287.5 100 games avg: 287.5 steps 134 
INFO : 2021-01-25 01:28:35,525 : episode: 381 score: 210.8 100 games avg: 210.8 steps 115 
INFO : 2021-01-25 01:35:06,227 : episode: 382 score: 229.7 100 games avg: 229.7 steps 126 
INFO : 2021-01-25 01:40:58,419 : episode: 383 score: 209.8 100 games avg: 209.8 steps 114 
INFO : 2021-01-25 01:46:46,883 : episode: 384 score: 83.6 100 games avg: 83.6 steps 112 
INFO : 2021-01-25 01:52:38,592 : episode: 385 score: 208.7 100 games avg: 208.7 steps 114 
INFO : 2021-01-25 01:58:27,456 : episode: 386 score: 198.9 100 games avg: 198.9 steps 112 
INFO : 2021-01-25 02:05:01,289 : episode: 387 score: 227.9 100 games avg: 227.9 steps 128 
INFO : 2021-01-25 02:14:56,830 : episode: 388 score: 286.8 100 games avg: 286.8 steps 199 
INFO : 2021-01-25 02:21:49,132 : episode: 389 score: 135.3 100 games avg: 135.3 steps 136 
INFO : 2021-01-25 02:33:00,025 : episode: 390 score: 311.1 100 games avg: 311.1 steps 225 
INFO : 2021-01-25 02:41:00,661 : episode: 391 score: 251.1 100 games avg: 251.1 steps 163 
INFO : 2021-01-25 02:50:52,853 : episode: 392 score: 311.2 100 games avg: 311.2 steps 206 
INFO : 2021-01-25 03:01:27,545 : episode: 393 score: 307.3 100 games avg: 307.3 steps 221 
INFO : 2021-01-25 03:06:43,950 : episode: 394 score: 94.3 100 games avg: 94.3 steps 104 
INFO : 2021-01-25 03:16:46,331 : episode: 395 score: 308.4 100 games avg: 308.4 steps 208 
INFO : 2021-01-25 03:25:25,605 : episode: 396 score: 280.2 100 games avg: 280.2 steps 179 
INFO : 2021-01-25 03:35:30,040 : episode: 397 score: 305.9 100 games avg: 305.9 steps 209 
INFO : 2021-01-25 03:45:24,979 : episode: 398 score: 316.4 100 games avg: 316.4 steps 205 
INFO : 2021-01-25 03:54:28,885 : episode: 399 score: 207.5 100 games avg: 207.5 steps 187 
INFO : 2021-01-25 04:07:16,932 : episode: 400 score: 400.9 100 games avg: 400.9 steps 269 
INFO : 2021-01-25 04:24:48,085 : episode: 401 score: 494.9 100 games avg: 494.9 steps 372 
INFO : 2021-01-25 04:36:40,818 : episode: 402 score: 373.3 100 games avg: 373.3 steps 254 
INFO : 2021-01-25 04:53:26,025 : episode: 403 score: 512.0 100 games avg: 512.0 steps 364 
INFO : 2021-01-25 04:58:22,929 : episode: 404 score: 92.5 100 games avg: 92.5 steps 99 
INFO : 2021-01-25 05:07:11,160 : episode: 405 score: 303.3 100 games avg: 303.3 steps 185 
INFO : 2021-01-25 05:13:59,841 : episode: 406 score: 270.9 100 games avg: 270.9 steps 148 
INFO : 2021-01-25 05:19:23,139 : episode: 407 score: 269.5 100 games avg: 269.5 steps 126 
INFO : 2021-01-25 05:24:28,469 : episode: 408 score: 258.0 100 games avg: 258.0 steps 119 
INFO : 2021-01-25 05:29:50,727 : episode: 409 score: 266.2 100 games avg: 266.2 steps 126 
INFO : 2021-01-25 05:35:25,508 : episode: 410 score: 274.6 100 games avg: 274.6 steps 132 
INFO : 2021-01-25 05:40:29,102 : episode: 411 score: 258.4 100 games avg: 258.4 steps 118 
INFO : 2021-01-25 05:45:36,595 : episode: 412 score: 257.6 100 games avg: 257.6 steps 121 
INFO : 2021-01-25 05:50:50,115 : episode: 413 score: 261.2 100 games avg: 261.2 steps 122 
INFO : 2021-01-25 05:56:15,900 : episode: 414 score: 263.9 100 games avg: 263.9 steps 127 
INFO : 2021-01-25 06:01:50,322 : episode: 415 score: 281.8 100 games avg: 281.8 steps 132 
INFO : 2021-01-25 06:07:03,724 : episode: 416 score: 260.8 100 games avg: 260.8 steps 123 
INFO : 2021-01-25 06:12:30,127 : episode: 417 score: 268.2 100 games avg: 268.2 steps 128 
INFO : 2021-01-25 06:17:30,354 : episode: 418 score: 252.5 100 games avg: 252.5 steps 117 
INFO : 2021-01-25 06:23:18,413 : episode: 419 score: 287.7 100 games avg: 287.7 steps 138 
INFO : 2021-01-25 06:28:49,273 : episode: 420 score: 279.2 100 games avg: 279.2 steps 131 
INFO : 2021-01-25 06:34:46,200 : episode: 421 score: 298.9 100 games avg: 298.9 steps 142 
INFO : 2021-01-25 06:40:13,680 : episode: 422 score: 272.3 100 games avg: 272.3 steps 129 
INFO : 2021-01-25 06:46:36,548 : episode: 423 score: 302.8 100 games avg: 302.8 steps 152 
INFO : 2021-01-25 06:51:37,312 : episode: 424 score: 253.7 100 games avg: 253.7 steps 119 
INFO : 2021-01-25 06:57:40,626 : episode: 425 score: 290.0 100 games avg: 290.0 steps 144 
INFO : 2021-01-25 07:03:09,872 : episode: 426 score: 271.4 100 games avg: 271.4 steps 131 
INFO : 2021-01-25 07:08:52,242 : episode: 427 score: 288.5 100 games avg: 288.5 steps 137 
INFO : 2021-01-25 07:18:29,946 : episode: 428 score: 401.7 100 games avg: 401.7 steps 238 
INFO : 2021-01-25 07:24:01,494 : episode: 429 score: 270.6 100 games avg: 270.6 steps 127 
INFO : 2021-01-25 07:31:31,643 : episode: 430 score: 331.2 100 games avg: 331.2 steps 177 
INFO : 2021-01-25 07:39:28,299 : episode: 431 score: 340.9 100 games avg: 340.9 steps 187 
INFO : 2021-01-25 07:46:57,539 : episode: 432 score: 334.1 100 games avg: 334.1 steps 174 
INFO : 2021-01-25 07:54:41,069 : episode: 433 score: 340.8 100 games avg: 340.8 steps 181 
INFO : 2021-01-25 08:01:09,238 : episode: 434 score: 303.6 100 games avg: 303.6 steps 148 
INFO : 2021-01-25 08:07:19,326 : episode: 435 score: 289.5 100 games avg: 289.5 steps 141 
INFO : 2021-01-25 08:14:41,351 : episode: 436 score: 331.1 100 games avg: 331.1 steps 171 
INFO : 2021-01-25 08:21:09,266 : episode: 437 score: 306.5 100 games avg: 306.5 steps 150 
INFO : 2021-01-25 08:27:29,876 : episode: 438 score: 303.4 100 games avg: 303.4 steps 148 
INFO : 2021-01-25 08:33:12,834 : episode: 439 score: 276.1 100 games avg: 276.1 steps 130 
INFO : 2021-01-25 08:38:51,035 : episode: 440 score: 276.7 100 games avg: 276.7 steps 130 
INFO : 2021-01-25 08:44:00,204 : episode: 441 score: 257.3 100 games avg: 257.3 steps 119 
INFO : 2021-01-25 08:50:13,218 : episode: 442 score: 300.1 100 games avg: 300.1 steps 145 
INFO : 2021-01-25 09:24:35,835 : episode: 443 score: 1037.2 100 games avg: 1037.2 steps 861 
INFO : 2021-01-25 09:31:33,570 : episode: 444 score: 319.8 100 games avg: 319.8 steps 162 
INFO : 2021-01-25 09:37:13,130 : episode: 445 score: 270.5 100 games avg: 270.5 steps 127 
INFO : 2021-01-25 09:43:38,184 : episode: 446 score: 293.2 100 games avg: 293.2 steps 141 
INFO : 2021-01-25 09:50:33,272 : episode: 447 score: 301.5 100 games avg: 301.5 steps 154 
INFO : 2021-01-25 09:56:11,046 : episode: 448 score: 262.3 100 games avg: 262.3 steps 122 
INFO : 2021-01-25 10:02:38,669 : episode: 449 score: 293.0 100 games avg: 293.0 steps 142 
INFO : 2021-01-25 10:09:35,023 : episode: 450 score: 308.1 100 games avg: 308.1 steps 153 
INFO : 2021-01-25 10:16:16,811 : episode: 451 score: 298.9 100 games avg: 298.9 steps 148 
INFO : 2021-01-25 10:23:28,643 : episode: 452 score: 314.3 100 games avg: 314.3 steps 161 
