INFO : 2021-01-15 15:29:43,308 : method: Model Predictive Contorol
INFO : 2021-01-15 15:29:43,309 : parameter n_steps: 100 ensemble_size: 5 env: HalfCheetah-v2
INFO : 2021-01-15 15:29:45,917 : mpc horizon: 10 mpc_samples: 100 elite_sample: 10 grad_steps: 10
INFO : 2021-01-15 15:29:45,917 : mpc_function policy-kl
INFO : 2021-01-15 15:29:45,917 : policy-kl
INFO : 2021-01-15 15:58:01,777 : episode: 0 score: -268.0 100 games avg: -268.0 steps 1000 
INFO : 2021-01-15 16:26:21,417 : episode: 1 score: -202.5 100 games avg: -202.5 steps 1000 
INFO : 2021-01-15 16:54:41,949 : episode: 2 score: -117.0 100 games avg: -117.0 steps 1000 
INFO : 2021-01-15 17:23:00,776 : episode: 3 score: -184.4 100 games avg: -184.4 steps 1000 
INFO : 2021-01-15 17:51:20,516 : episode: 4 score: -178.9 100 games avg: -178.9 steps 1000 
INFO : 2021-01-15 18:19:43,313 : episode: 5 score: -216.3 100 games avg: -216.3 steps 1000 
INFO : 2021-01-15 18:48:05,280 : episode: 6 score: -221.7 100 games avg: -221.7 steps 1000 
INFO : 2021-01-15 19:16:27,218 : episode: 7 score: -113.6 100 games avg: -113.6 steps 1000 
INFO : 2021-01-15 19:44:47,394 : episode: 8 score: -119.0 100 games avg: -119.0 steps 1000 
INFO : 2021-01-15 20:13:09,685 : episode: 9 score: -105.5 100 games avg: -105.5 steps 1000 
INFO : 2021-01-15 20:41:33,070 : episode: 10 score: -59.7 100 games avg: -59.7 steps 1000 
INFO : 2021-01-15 21:09:56,414 : episode: 11 score: -7.4 100 games avg: -7.4 steps 1000 
INFO : 2021-01-15 21:38:15,733 : episode: 12 score: 16.5 100 games avg: 16.5 steps 1000 
INFO : 2021-01-15 22:06:33,486 : episode: 13 score: 22.1 100 games avg: 22.1 steps 1000 
INFO : 2021-01-15 22:34:54,550 : episode: 14 score: 38.5 100 games avg: 38.5 steps 1000 
INFO : 2021-01-15 23:03:18,431 : episode: 15 score: 6.1 100 games avg: 6.1 steps 1000 
INFO : 2021-01-15 23:31:42,848 : episode: 16 score: 37.3 100 games avg: 37.3 steps 1000 
INFO : 2021-01-16 00:00:08,381 : episode: 17 score: 27.3 100 games avg: 27.3 steps 1000 
INFO : 2021-01-16 00:28:32,468 : episode: 18 score: 130.5 100 games avg: 130.5 steps 1000 
INFO : 2021-01-16 00:56:57,873 : episode: 19 score: 130.2 100 games avg: 130.2 steps 1000 
INFO : 2021-01-16 01:25:23,078 : episode: 20 score: 204.8 100 games avg: 204.8 steps 1000 
INFO : 2021-01-16 01:53:46,939 : episode: 21 score: 198.4 100 games avg: 198.4 steps 1000 
INFO : 2021-01-16 02:22:08,427 : episode: 22 score: 269.4 100 games avg: 269.4 steps 1000 
INFO : 2021-01-16 02:50:31,943 : episode: 23 score: 474.7 100 games avg: 474.7 steps 1000 
INFO : 2021-01-16 03:19:01,748 : episode: 24 score: 438.3 100 games avg: 438.3 steps 1000 
INFO : 2021-01-16 03:47:31,701 : episode: 25 score: 473.7 100 games avg: 473.7 steps 1000 
INFO : 2021-01-16 04:15:59,349 : episode: 26 score: 506.4 100 games avg: 506.4 steps 1000 
INFO : 2021-01-16 04:44:31,476 : episode: 27 score: 622.3 100 games avg: 622.3 steps 1000 
INFO : 2021-01-16 05:13:06,110 : episode: 28 score: 741.5 100 games avg: 741.5 steps 1000 
INFO : 2021-01-16 05:41:36,971 : episode: 29 score: 619.2 100 games avg: 619.2 steps 1000 
INFO : 2021-01-16 06:10:10,390 : episode: 30 score: 648.1 100 games avg: 648.1 steps 1000 
INFO : 2021-01-16 06:38:47,123 : episode: 31 score: 735.5 100 games avg: 735.5 steps 1000 
INFO : 2021-01-16 07:07:20,469 : episode: 32 score: 778.5 100 games avg: 778.5 steps 1000 
INFO : 2021-01-16 07:35:54,570 : episode: 33 score: 748.5 100 games avg: 748.5 steps 1000 
INFO : 2021-01-16 08:04:28,800 : episode: 34 score: 812.0 100 games avg: 812.0 steps 1000 
INFO : 2021-01-16 08:33:01,994 : episode: 35 score: 773.3 100 games avg: 773.3 steps 1000 
INFO : 2021-01-16 09:01:38,871 : episode: 36 score: 799.6 100 games avg: 799.6 steps 1000 
INFO : 2021-01-16 09:30:14,829 : episode: 37 score: 874.5 100 games avg: 874.5 steps 1000 
INFO : 2021-01-16 09:58:50,638 : episode: 38 score: 878.1 100 games avg: 878.1 steps 1000 
INFO : 2021-01-16 10:27:25,925 : episode: 39 score: 840.8 100 games avg: 840.8 steps 1000 
INFO : 2021-01-16 10:56:04,358 : episode: 40 score: 844.1 100 games avg: 844.1 steps 1000 
INFO : 2021-01-16 11:24:40,369 : episode: 41 score: 802.5 100 games avg: 802.5 steps 1000 
INFO : 2021-01-16 11:53:17,783 : episode: 42 score: 894.7 100 games avg: 894.7 steps 1000 
INFO : 2021-01-16 12:21:58,315 : episode: 43 score: 845.3 100 games avg: 845.3 steps 1000 
INFO : 2021-01-16 12:50:36,736 : episode: 44 score: 910.5 100 games avg: 910.5 steps 1000 
INFO : 2021-01-16 13:19:16,731 : episode: 45 score: 676.7 100 games avg: 676.7 steps 1000 
INFO : 2021-01-16 13:47:49,434 : episode: 46 score: 576.7 100 games avg: 576.7 steps 1000 
INFO : 2021-01-16 14:16:30,418 : episode: 47 score: 683.1 100 games avg: 683.1 steps 1000 
INFO : 2021-01-16 14:45:12,065 : episode: 48 score: 848.8 100 games avg: 848.8 steps 1000 
INFO : 2021-01-16 15:13:53,430 : episode: 49 score: 904.2 100 games avg: 904.2 steps 1000 
INFO : 2021-01-16 15:42:33,992 : episode: 50 score: 934.2 100 games avg: 934.2 steps 1000 
INFO : 2021-01-16 16:11:17,360 : episode: 51 score: 950.1 100 games avg: 950.1 steps 1000 
INFO : 2021-01-16 16:40:00,529 : episode: 52 score: 907.0 100 games avg: 907.0 steps 1000 
INFO : 2021-01-16 17:08:43,096 : episode: 53 score: 936.2 100 games avg: 936.2 steps 1000 
INFO : 2021-01-16 17:37:26,254 : episode: 54 score: 1023.7 100 games avg: 1023.7 steps 1000 
INFO : 2021-01-16 18:06:07,223 : episode: 55 score: 984.5 100 games avg: 984.5 steps 1000 
INFO : 2021-01-16 18:34:50,347 : episode: 56 score: 969.4 100 games avg: 969.4 steps 1000 
INFO : 2021-01-16 19:03:35,489 : episode: 57 score: 965.6 100 games avg: 965.6 steps 1000 
INFO : 2021-01-16 19:32:19,965 : episode: 58 score: 1024.9 100 games avg: 1024.9 steps 1000 
INFO : 2021-01-16 20:01:04,452 : episode: 59 score: 971.7 100 games avg: 971.7 steps 1000 
INFO : 2021-01-16 20:29:48,209 : episode: 60 score: 1091.8 100 games avg: 1091.8 steps 1000 
INFO : 2021-01-16 20:58:33,254 : episode: 61 score: 1045.3 100 games avg: 1045.3 steps 1000 
INFO : 2021-01-16 21:27:17,104 : episode: 62 score: 1032.2 100 games avg: 1032.2 steps 1000 
INFO : 2021-01-16 21:56:01,888 : episode: 63 score: 1096.5 100 games avg: 1096.5 steps 1000 
INFO : 2021-01-16 22:24:48,398 : episode: 64 score: 1073.5 100 games avg: 1073.5 steps 1000 
INFO : 2021-01-16 22:53:35,875 : episode: 65 score: 1043.6 100 games avg: 1043.6 steps 1000 
INFO : 2021-01-16 23:22:22,098 : episode: 66 score: 1124.6 100 games avg: 1124.6 steps 1000 
INFO : 2021-01-16 23:51:10,214 : episode: 67 score: 1041.4 100 games avg: 1041.4 steps 1000 
INFO : 2021-01-17 00:19:59,657 : episode: 68 score: 1076.9 100 games avg: 1076.9 steps 1000 
INFO : 2021-01-17 00:48:49,735 : episode: 69 score: 922.4 100 games avg: 922.4 steps 1000 
INFO : 2021-01-17 01:17:39,824 : episode: 70 score: 1071.6 100 games avg: 1071.6 steps 1000 
INFO : 2021-01-17 01:46:28,910 : episode: 71 score: 1125.6 100 games avg: 1125.6 steps 1000 
INFO : 2021-01-17 02:15:20,307 : episode: 72 score: 1099.1 100 games avg: 1099.1 steps 1000 
INFO : 2021-01-17 02:44:10,596 : episode: 73 score: 1138.6 100 games avg: 1138.6 steps 1000 
INFO : 2021-01-17 03:13:01,779 : episode: 74 score: 1055.4 100 games avg: 1055.4 steps 1000 
INFO : 2021-01-17 03:41:53,572 : episode: 75 score: 1057.0 100 games avg: 1057.0 steps 1000 
INFO : 2021-01-17 04:10:46,062 : episode: 76 score: 1090.8 100 games avg: 1090.8 steps 1000 
INFO : 2021-01-17 04:39:36,722 : episode: 77 score: 1095.2 100 games avg: 1095.2 steps 1000 
INFO : 2021-01-17 05:08:29,355 : episode: 78 score: 1067.0 100 games avg: 1067.0 steps 1000 
INFO : 2021-01-17 05:37:23,965 : episode: 79 score: 1021.5 100 games avg: 1021.5 steps 1000 
INFO : 2021-01-17 06:06:13,292 : episode: 80 score: 1047.1 100 games avg: 1047.1 steps 1000 
INFO : 2021-01-17 06:35:01,523 : episode: 81 score: 1064.9 100 games avg: 1064.9 steps 1000 
INFO : 2021-01-17 07:03:56,246 : episode: 82 score: 1030.4 100 games avg: 1030.4 steps 1000 
INFO : 2021-01-17 07:32:45,364 : episode: 83 score: 1047.0 100 games avg: 1047.0 steps 1000 
INFO : 2021-01-17 08:01:37,718 : episode: 84 score: 1165.5 100 games avg: 1165.5 steps 1000 
INFO : 2021-01-17 08:30:34,743 : episode: 85 score: 1084.2 100 games avg: 1084.2 steps 1000 
INFO : 2021-01-17 08:59:24,963 : episode: 86 score: 1035.0 100 games avg: 1035.0 steps 1000 
INFO : 2021-01-17 09:28:22,728 : episode: 87 score: 1170.1 100 games avg: 1170.1 steps 1000 
INFO : 2021-01-17 09:57:20,902 : episode: 88 score: 1127.2 100 games avg: 1127.2 steps 1000 
INFO : 2021-01-17 10:26:18,635 : episode: 89 score: 1030.0 100 games avg: 1030.0 steps 1000 
INFO : 2021-01-17 10:55:16,609 : episode: 90 score: 1070.6 100 games avg: 1070.6 steps 1000 
INFO : 2021-01-17 11:24:13,065 : episode: 91 score: 1084.2 100 games avg: 1084.2 steps 1000 
INFO : 2021-01-17 11:52:58,575 : episode: 92 score: 1140.3 100 games avg: 1140.3 steps 1000 
INFO : 2021-01-17 12:21:55,429 : episode: 93 score: 1155.5 100 games avg: 1155.5 steps 1000 
INFO : 2021-01-17 12:50:47,997 : episode: 94 score: 1088.1 100 games avg: 1088.1 steps 1000 
INFO : 2021-01-17 13:19:48,289 : episode: 95 score: 1148.7 100 games avg: 1148.7 steps 1000 
INFO : 2021-01-17 13:48:47,139 : episode: 96 score: 1117.3 100 games avg: 1117.3 steps 1000 
INFO : 2021-01-17 14:17:44,460 : episode: 97 score: 1142.2 100 games avg: 1142.2 steps 1000 
INFO : 2021-01-17 14:46:40,465 : episode: 98 score: 1134.5 100 games avg: 1134.5 steps 1000 
INFO : 2021-01-17 15:15:39,237 : episode: 99 score: 1156.6 100 games avg: 1156.6 steps 1000 
