INFO : 2021-01-11 02:02:06,470 : method: Model Predictive Contorol
INFO : 2021-01-11 02:02:06,471 : parameter n_steps: 100 ensemble_size: 5 env: Continuous_CartPole
INFO : 2021-01-11 02:02:09,162 : mpc horizon: 10 mpc_samples: 100 elite_sample: 30 grad_steps: 10
INFO : 2021-01-11 02:02:09,162 : mpc_function cem
INFO : 2021-01-11 02:02:09,162 : cem
INFO : 2021-01-11 02:02:35,199 : episode: 0 score: 29.0 100 games avg: 29.0 steps 30 
INFO : 2021-01-11 02:02:40,495 : episode: 1 score: 5.0 100 games avg: 5.0 steps 6 
INFO : 2021-01-11 02:02:46,663 : episode: 2 score: 6.0 100 games avg: 6.0 steps 7 
INFO : 2021-01-11 02:02:55,427 : episode: 3 score: 9.0 100 games avg: 9.0 steps 10 
INFO : 2021-01-11 02:03:21,626 : episode: 4 score: 29.0 100 games avg: 29.0 steps 30 
INFO : 2021-01-11 02:03:43,472 : episode: 5 score: 24.0 100 games avg: 24.0 steps 25 
INFO : 2021-01-11 02:04:22,701 : episode: 6 score: 44.0 100 games avg: 44.0 steps 45 
INFO : 2021-01-11 02:04:54,108 : episode: 7 score: 35.0 100 games avg: 35.0 steps 36 
INFO : 2021-01-11 02:05:04,641 : episode: 8 score: 11.0 100 games avg: 11.0 steps 12 
INFO : 2021-01-11 02:05:05,598 : episode: 9 score: 0.0 100 games avg: 0.0 steps 1 
INFO : 2021-01-11 02:05:06,555 : episode: 10 score: 0.0 100 games avg: 0.0 steps 1 
INFO : 2021-01-11 02:05:07,511 : episode: 11 score: 0.0 100 games avg: 0.0 steps 1 
INFO : 2021-01-11 02:05:08,468 : episode: 12 score: 0.0 100 games avg: 0.0 steps 1 
INFO : 2021-01-11 02:05:09,423 : episode: 13 score: 0.0 100 games avg: 0.0 steps 1 
INFO : 2021-01-11 02:05:10,378 : episode: 14 score: 0.0 100 games avg: 0.0 steps 1 
INFO : 2021-01-11 02:05:11,336 : episode: 15 score: 0.0 100 games avg: 0.0 steps 1 
INFO : 2021-01-11 02:05:12,293 : episode: 16 score: 0.0 100 games avg: 0.0 steps 1 
INFO : 2021-01-11 02:05:13,252 : episode: 17 score: 0.0 100 games avg: 0.0 steps 1 
INFO : 2021-01-11 02:05:14,208 : episode: 18 score: 0.0 100 games avg: 0.0 steps 1 
INFO : 2021-01-11 02:05:15,167 : episode: 19 score: 0.0 100 games avg: 0.0 steps 1 
INFO : 2021-01-11 02:05:16,123 : episode: 20 score: 0.0 100 games avg: 0.0 steps 1 
INFO : 2021-01-11 02:05:17,080 : episode: 21 score: 0.0 100 games avg: 0.0 steps 1 
INFO : 2021-01-11 02:05:18,036 : episode: 22 score: 0.0 100 games avg: 0.0 steps 1 
INFO : 2021-01-11 02:05:18,994 : episode: 23 score: 0.0 100 games avg: 0.0 steps 1 
INFO : 2021-01-11 02:05:19,952 : episode: 24 score: 0.0 100 games avg: 0.0 steps 1 
INFO : 2021-01-11 02:05:20,910 : episode: 25 score: 0.0 100 games avg: 0.0 steps 1 
INFO : 2021-01-11 02:05:21,882 : episode: 26 score: 0.0 100 games avg: 0.0 steps 1 
INFO : 2021-01-11 02:05:22,838 : episode: 27 score: 0.0 100 games avg: 0.0 steps 1 
INFO : 2021-01-11 02:05:23,792 : episode: 28 score: 0.0 100 games avg: 0.0 steps 1 
INFO : 2021-01-11 02:05:24,746 : episode: 29 score: 0.0 100 games avg: 0.0 steps 1 
INFO : 2021-01-11 02:05:25,696 : episode: 30 score: 0.0 100 games avg: 0.0 steps 1 
INFO : 2021-01-11 02:05:26,633 : episode: 31 score: 0.0 100 games avg: 0.0 steps 1 
INFO : 2021-01-11 02:05:27,579 : episode: 32 score: 0.0 100 games avg: 0.0 steps 1 
INFO : 2021-01-11 02:05:28,534 : episode: 33 score: 0.0 100 games avg: 0.0 steps 1 
INFO : 2021-01-11 02:05:29,489 : episode: 34 score: 0.0 100 games avg: 0.0 steps 1 
INFO : 2021-01-11 02:05:30,445 : episode: 35 score: 0.0 100 games avg: 0.0 steps 1 
INFO : 2021-01-11 02:05:31,401 : episode: 36 score: 0.0 100 games avg: 0.0 steps 1 
INFO : 2021-01-11 02:05:32,357 : episode: 37 score: 0.0 100 games avg: 0.0 steps 1 
INFO : 2021-01-11 02:05:33,312 : episode: 38 score: 0.0 100 games avg: 0.0 steps 1 
INFO : 2021-01-11 02:05:34,270 : episode: 39 score: 0.0 100 games avg: 0.0 steps 1 
INFO : 2021-01-11 02:05:35,227 : episode: 40 score: 0.0 100 games avg: 0.0 steps 1 
INFO : 2021-01-11 02:05:36,183 : episode: 41 score: 0.0 100 games avg: 0.0 steps 1 
INFO : 2021-01-11 02:05:37,140 : episode: 42 score: 0.0 100 games avg: 0.0 steps 1 
INFO : 2021-01-11 02:05:38,097 : episode: 43 score: 0.0 100 games avg: 0.0 steps 1 
INFO : 2021-01-11 02:05:39,053 : episode: 44 score: 0.0 100 games avg: 0.0 steps 1 
INFO : 2021-01-11 02:05:40,009 : episode: 45 score: 0.0 100 games avg: 0.0 steps 1 
INFO : 2021-01-11 02:05:40,964 : episode: 46 score: 0.0 100 games avg: 0.0 steps 1 
INFO : 2021-01-11 02:05:41,918 : episode: 47 score: 0.0 100 games avg: 0.0 steps 1 
INFO : 2021-01-11 02:05:42,872 : episode: 48 score: 0.0 100 games avg: 0.0 steps 1 
INFO : 2021-01-11 02:05:43,828 : episode: 49 score: 0.0 100 games avg: 0.0 steps 1 
INFO : 2021-01-11 02:05:44,783 : episode: 50 score: 0.0 100 games avg: 0.0 steps 1 
INFO : 2021-01-11 02:05:45,738 : episode: 51 score: 0.0 100 games avg: 0.0 steps 1 
INFO : 2021-01-11 02:05:46,717 : episode: 52 score: 0.0 100 games avg: 0.0 steps 1 
INFO : 2021-01-11 02:05:47,671 : episode: 53 score: 0.0 100 games avg: 0.0 steps 1 
INFO : 2021-01-11 02:05:48,626 : episode: 54 score: 0.0 100 games avg: 0.0 steps 1 
INFO : 2021-01-11 02:05:49,581 : episode: 55 score: 0.0 100 games avg: 0.0 steps 1 
INFO : 2021-01-11 02:05:50,534 : episode: 56 score: 0.0 100 games avg: 0.0 steps 1 
INFO : 2021-01-11 02:05:51,490 : episode: 57 score: 0.0 100 games avg: 0.0 steps 1 
INFO : 2021-01-11 02:05:52,446 : episode: 58 score: 0.0 100 games avg: 0.0 steps 1 
INFO : 2021-01-11 02:05:53,402 : episode: 59 score: 0.0 100 games avg: 0.0 steps 1 
INFO : 2021-01-11 02:05:54,356 : episode: 60 score: 0.0 100 games avg: 0.0 steps 1 
INFO : 2021-01-11 02:05:55,311 : episode: 61 score: 0.0 100 games avg: 0.0 steps 1 
INFO : 2021-01-11 02:05:56,265 : episode: 62 score: 0.0 100 games avg: 0.0 steps 1 
INFO : 2021-01-11 02:05:57,219 : episode: 63 score: 0.0 100 games avg: 0.0 steps 1 
INFO : 2021-01-11 02:05:58,174 : episode: 64 score: 0.0 100 games avg: 0.0 steps 1 
INFO : 2021-01-11 02:05:59,128 : episode: 65 score: 0.0 100 games avg: 0.0 steps 1 
INFO : 2021-01-11 02:06:00,084 : episode: 66 score: 0.0 100 games avg: 0.0 steps 1 
INFO : 2021-01-11 02:06:01,039 : episode: 67 score: 0.0 100 games avg: 0.0 steps 1 
INFO : 2021-01-11 02:06:02,020 : episode: 68 score: 0.0 100 games avg: 0.0 steps 1 
INFO : 2021-01-11 02:06:02,959 : episode: 69 score: 0.0 100 games avg: 0.0 steps 1 
INFO : 2021-01-11 02:06:03,913 : episode: 70 score: 0.0 100 games avg: 0.0 steps 1 
INFO : 2021-01-11 02:06:04,867 : episode: 71 score: 0.0 100 games avg: 0.0 steps 1 
INFO : 2021-01-11 02:06:05,823 : episode: 72 score: 0.0 100 games avg: 0.0 steps 1 
INFO : 2021-01-11 02:06:06,784 : episode: 73 score: 0.0 100 games avg: 0.0 steps 1 
INFO : 2021-01-11 02:06:07,743 : episode: 74 score: 0.0 100 games avg: 0.0 steps 1 
INFO : 2021-01-11 02:06:08,701 : episode: 75 score: 0.0 100 games avg: 0.0 steps 1 
INFO : 2021-01-11 02:06:09,662 : episode: 76 score: 0.0 100 games avg: 0.0 steps 1 
INFO : 2021-01-11 02:06:10,621 : episode: 77 score: 0.0 100 games avg: 0.0 steps 1 
INFO : 2021-01-11 02:06:11,583 : episode: 78 score: 0.0 100 games avg: 0.0 steps 1 
INFO : 2021-01-11 02:06:12,547 : episode: 79 score: 0.0 100 games avg: 0.0 steps 1 
INFO : 2021-01-11 02:06:13,507 : episode: 80 score: 0.0 100 games avg: 0.0 steps 1 
INFO : 2021-01-11 02:06:14,464 : episode: 81 score: 0.0 100 games avg: 0.0 steps 1 
INFO : 2021-01-11 02:06:15,450 : episode: 82 score: 0.0 100 games avg: 0.0 steps 1 
INFO : 2021-01-11 02:06:16,409 : episode: 83 score: 0.0 100 games avg: 0.0 steps 1 
INFO : 2021-01-11 02:06:17,372 : episode: 84 score: 0.0 100 games avg: 0.0 steps 1 
INFO : 2021-01-11 02:06:18,332 : episode: 85 score: 0.0 100 games avg: 0.0 steps 1 
INFO : 2021-01-11 02:06:19,294 : episode: 86 score: 0.0 100 games avg: 0.0 steps 1 
INFO : 2021-01-11 02:06:20,254 : episode: 87 score: 0.0 100 games avg: 0.0 steps 1 
INFO : 2021-01-11 02:06:21,218 : episode: 88 score: 0.0 100 games avg: 0.0 steps 1 
INFO : 2021-01-11 02:06:22,178 : episode: 89 score: 0.0 100 games avg: 0.0 steps 1 
INFO : 2021-01-11 02:06:23,143 : episode: 90 score: 0.0 100 games avg: 0.0 steps 1 
INFO : 2021-01-11 02:06:24,101 : episode: 91 score: 0.0 100 games avg: 0.0 steps 1 
INFO : 2021-01-11 02:06:25,060 : episode: 92 score: 0.0 100 games avg: 0.0 steps 1 
INFO : 2021-01-11 02:06:26,020 : episode: 93 score: 0.0 100 games avg: 0.0 steps 1 
INFO : 2021-01-11 02:06:26,981 : episode: 94 score: 0.0 100 games avg: 0.0 steps 1 
INFO : 2021-01-11 02:06:27,944 : episode: 95 score: 0.0 100 games avg: 0.0 steps 1 
INFO : 2021-01-11 02:06:28,907 : episode: 96 score: 0.0 100 games avg: 0.0 steps 1 
INFO : 2021-01-11 02:06:29,865 : episode: 97 score: 0.0 100 games avg: 0.0 steps 1 
INFO : 2021-01-11 02:06:30,827 : episode: 98 score: 0.0 100 games avg: 0.0 steps 1 
INFO : 2021-01-11 02:06:31,783 : episode: 99 score: 0.0 100 games avg: 0.0 steps 1 
