INFO : 2021-01-28 16:37:58,498 : method: Model Predictive Contorol
INFO : 2021-01-28 16:37:58,498 : parameter n_steps: 100 ensemble_size: 5 env: HalfCheetah-v2
INFO : 2021-01-28 16:38:01,250 : mpc horizon: 10 mpc_samples: 100 elite_sample: 30 grad_steps: 10
INFO : 2021-01-28 16:38:01,250 : mpc_function policy-gamma
INFO : 2021-01-28 16:38:01,250 : policy-gamma
INFO : 2021-01-28 16:38:01,421 : state_square_error: 0.694 reward_error: 1.973
INFO : 2021-01-28 16:38:18,807 : state_square_error: 0.784 reward_error: 2.018
INFO : 2021-01-28 16:38:36,193 : state_square_error: 0.997 reward_error: 1.555
INFO : 2021-01-28 16:38:53,859 : state_square_error: 10.429 reward_error: -1.769
INFO : 2021-01-28 16:39:11,760 : state_square_error: 27.956 reward_error: 0.321
INFO : 2021-01-28 16:39:29,903 : state_square_error: 192.751 reward_error: 2.968
INFO : 2021-01-28 16:39:48,129 : state_square_error: 90.502 reward_error: 5.968
INFO : 2021-01-28 16:40:05,930 : state_square_error: 105.101 reward_error: 6.952
INFO : 2021-01-28 16:40:23,717 : state_square_error: 166.918 reward_error: 20.744
INFO : 2021-01-28 16:40:41,583 : state_square_error: 259.266 reward_error: 29.679
INFO : 2021-01-28 16:40:59,202 : episode: 0 score: -38.0 100 games avg: -38.0 steps 1000 
INFO : 2021-01-28 16:40:59,616 : state_square_error: 13.486 reward_error: 11.197
INFO : 2021-01-28 16:41:17,412 : state_square_error: 34.081 reward_error: 15.831
INFO : 2021-01-28 16:41:35,306 : state_square_error: 20.584 reward_error: 18.957
INFO : 2021-01-28 16:41:53,101 : state_square_error: 22.079 reward_error: 17.266
INFO : 2021-01-28 16:42:11,084 : state_square_error: 14.373 reward_error: 15.191
INFO : 2021-01-28 16:42:29,242 : state_square_error: 6.290 reward_error: 23.270
INFO : 2021-01-28 16:42:47,395 : state_square_error: 40.713 reward_error: 13.779
INFO : 2021-01-28 16:43:05,547 : state_square_error: 35.698 reward_error: 22.210
INFO : 2021-01-28 16:43:23,700 : state_square_error: 21.779 reward_error: 23.052
INFO : 2021-01-28 16:43:41,852 : state_square_error: 25.468 reward_error: 30.236
INFO : 2021-01-28 16:43:59,510 : episode: 1 score: -112.7 100 games avg: -112.7 steps 1000 
INFO : 2021-01-28 16:44:00,231 : state_square_error: 47.123 reward_error: 48.585
INFO : 2021-01-28 16:44:18,063 : state_square_error: 20.022 reward_error: 59.249
INFO : 2021-01-28 16:44:35,929 : state_square_error: 26.483 reward_error: 56.081
INFO : 2021-01-28 16:44:53,774 : state_square_error: 13.882 reward_error: 46.264
INFO : 2021-01-28 16:45:12,296 : state_square_error: 36.316 reward_error: 63.670
INFO : 2021-01-28 16:45:30,496 : state_square_error: 52.547 reward_error: 47.372
INFO : 2021-01-28 16:45:48,337 : state_square_error: 121.133 reward_error: 45.121
INFO : 2021-01-28 16:46:06,210 : state_square_error: 12.196 reward_error: 57.744
INFO : 2021-01-28 16:46:24,096 : state_square_error: 79.393 reward_error: 68.189
INFO : 2021-01-28 16:46:42,051 : state_square_error: 31.488 reward_error: 49.422
INFO : 2021-01-28 16:46:59,807 : episode: 2 score: -208.7 100 games avg: -208.7 steps 1000 
INFO : 2021-01-28 16:47:00,804 : state_square_error: 26.837 reward_error: 22.430
INFO : 2021-01-28 16:47:18,947 : state_square_error: 58.062 reward_error: 39.824
INFO : 2021-01-28 16:47:36,882 : state_square_error: 82.280 reward_error: 36.985
INFO : 2021-01-28 16:47:54,968 : state_square_error: 66.908 reward_error: 32.087
INFO : 2021-01-28 16:48:13,099 : state_square_error: 106.020 reward_error: 31.988
INFO : 2021-01-28 16:48:31,036 : state_square_error: 68.095 reward_error: 26.668
INFO : 2021-01-28 16:48:48,694 : state_square_error: 13.369 reward_error: 34.576
INFO : 2021-01-28 16:49:06,387 : state_square_error: 106.546 reward_error: 22.051
INFO : 2021-01-28 16:49:24,054 : state_square_error: 137.442 reward_error: 27.085
INFO : 2021-01-28 16:49:41,724 : state_square_error: 48.597 reward_error: 33.473
INFO : 2021-01-28 16:49:59,304 : episode: 3 score: -114.3 100 games avg: -114.3 steps 1000 
INFO : 2021-01-28 16:50:00,678 : state_square_error: 55.555 reward_error: 35.138
INFO : 2021-01-28 16:50:18,775 : state_square_error: 294.032 reward_error: 42.739
INFO : 2021-01-28 16:50:36,524 : state_square_error: 690.243 reward_error: 41.538
INFO : 2021-01-28 16:50:54,219 : state_square_error: 79.544 reward_error: 32.802
INFO : 2021-01-28 16:51:11,885 : state_square_error: 66.143 reward_error: 32.261
INFO : 2021-01-28 16:51:29,724 : state_square_error: 65.593 reward_error: 32.397
INFO : 2021-01-28 16:51:47,771 : state_square_error: 226.029 reward_error: 49.048
INFO : 2021-01-28 16:52:05,596 : state_square_error: 129.724 reward_error: 47.346
INFO : 2021-01-28 16:52:23,750 : state_square_error: 80.481 reward_error: 41.305
INFO : 2021-01-28 16:52:41,475 : state_square_error: 121.462 reward_error: 38.126
INFO : 2021-01-28 16:52:59,040 : episode: 4 score: -253.5 100 games avg: -253.5 steps 1000 
INFO : 2021-01-28 16:53:00,631 : state_square_error: 11.557 reward_error: 28.666
INFO : 2021-01-28 16:53:18,265 : state_square_error: 70.138 reward_error: 21.002
INFO : 2021-01-28 16:53:36,163 : state_square_error: 62.825 reward_error: 23.381
INFO : 2021-01-28 16:53:53,786 : state_square_error: 30.680 reward_error: 29.558
INFO : 2021-01-28 16:54:11,847 : state_square_error: 87.456 reward_error: 7.510
INFO : 2021-01-28 16:54:29,517 : state_square_error: 46.297 reward_error: 17.066
INFO : 2021-01-28 16:54:47,463 : state_square_error: 13.459 reward_error: 15.754
INFO : 2021-01-28 16:55:05,163 : state_square_error: 12.218 reward_error: 15.862
INFO : 2021-01-28 16:55:22,739 : state_square_error: 112.567 reward_error: 15.011
INFO : 2021-01-28 16:55:40,317 : state_square_error: 85.071 reward_error: 20.563
INFO : 2021-01-28 16:55:57,705 : episode: 5 score: -131.5 100 games avg: -131.5 steps 1000 
INFO : 2021-01-28 16:55:59,289 : state_square_error: 8.639 reward_error: 23.327
INFO : 2021-01-28 16:56:17,248 : state_square_error: 38.156 reward_error: 46.838
INFO : 2021-01-28 16:56:35,670 : state_square_error: 11.254 reward_error: 24.419
INFO : 2021-01-28 16:56:53,896 : state_square_error: 15.714 reward_error: 35.206
INFO : 2021-01-28 16:57:11,815 : state_square_error: 12.439 reward_error: 24.747
INFO : 2021-01-28 16:57:29,683 : state_square_error: 46.868 reward_error: 16.131
INFO : 2021-01-28 16:57:47,395 : state_square_error: 25.936 reward_error: 12.146
INFO : 2021-01-28 16:58:05,298 : state_square_error: 12.707 reward_error: 27.518
INFO : 2021-01-28 16:58:23,194 : state_square_error: 18.394 reward_error: 19.454
INFO : 2021-01-28 16:58:41,031 : state_square_error: 117.864 reward_error: 26.509
INFO : 2021-01-28 16:58:58,942 : episode: 6 score: -129.3 100 games avg: -129.3 steps 1000 
INFO : 2021-01-28 16:59:01,478 : state_square_error: 23.331 reward_error: 27.866
INFO : 2021-01-28 16:59:19,938 : state_square_error: 11.147 reward_error: 16.309
INFO : 2021-01-28 16:59:38,413 : state_square_error: 20.932 reward_error: 17.038
INFO : 2021-01-28 16:59:56,824 : state_square_error: 5.437 reward_error: 23.854
INFO : 2021-01-28 17:00:15,093 : state_square_error: 8.286 reward_error: 19.629
INFO : 2021-01-28 17:00:33,693 : state_square_error: 25.425 reward_error: 18.961
INFO : 2021-01-28 17:00:51,918 : state_square_error: 3.310 reward_error: 23.184
INFO : 2021-01-28 17:01:09,931 : state_square_error: 5.896 reward_error: 22.103
INFO : 2021-01-28 17:01:28,118 : state_square_error: 18.315 reward_error: 13.336
INFO : 2021-01-28 17:01:46,282 : state_square_error: 10.938 reward_error: 16.799
INFO : 2021-01-28 17:02:03,868 : episode: 7 score: -95.0 100 games avg: -95.0 steps 1000 
INFO : 2021-01-28 17:02:06,560 : state_square_error: 1.561 reward_error: 24.201
INFO : 2021-01-28 17:02:24,838 : state_square_error: 5.712 reward_error: 26.343
INFO : 2021-01-28 17:02:43,047 : state_square_error: 2.856 reward_error: 21.820
INFO : 2021-01-28 17:03:01,257 : state_square_error: 0.871 reward_error: 19.708
INFO : 2021-01-28 17:03:19,482 : state_square_error: 4.934 reward_error: 30.573
INFO : 2021-01-28 17:03:37,695 : state_square_error: 5.852 reward_error: 24.486
INFO : 2021-01-28 17:03:55,930 : state_square_error: 3.014 reward_error: 33.964
INFO : 2021-01-28 17:04:13,928 : state_square_error: 4.975 reward_error: 23.135
INFO : 2021-01-28 17:04:31,771 : state_square_error: 5.451 reward_error: 31.627
INFO : 2021-01-28 17:04:49,661 : state_square_error: 1.738 reward_error: 28.429
INFO : 2021-01-28 17:05:07,871 : episode: 8 score: -72.8 100 games avg: -72.8 steps 1000 
INFO : 2021-01-28 17:05:10,114 : state_square_error: 3.844 reward_error: 44.270
INFO : 2021-01-28 17:05:28,322 : state_square_error: 10.808 reward_error: 30.137
INFO : 2021-01-28 17:05:46,533 : state_square_error: 3.180 reward_error: 9.049
INFO : 2021-01-28 17:06:04,757 : state_square_error: 2.150 reward_error: 9.277
INFO : 2021-01-28 17:06:22,984 : state_square_error: 2.267 reward_error: 8.437
INFO : 2021-01-28 17:06:41,195 : state_square_error: 6.961 reward_error: 6.320
INFO : 2021-01-28 17:06:59,059 : state_square_error: 0.845 reward_error: 12.501
INFO : 2021-01-28 17:07:16,824 : state_square_error: 1.234 reward_error: 4.450
INFO : 2021-01-28 17:07:35,704 : state_square_error: 2.146 reward_error: 7.505
INFO : 2021-01-28 17:07:53,503 : state_square_error: 1.279 reward_error: 8.888
INFO : 2021-01-28 17:08:11,377 : episode: 9 score: -89.0 100 games avg: -89.0 steps 1000 
INFO : 2021-01-28 17:08:13,835 : state_square_error: 2.220 reward_error: 43.992
INFO : 2021-01-28 17:08:31,966 : state_square_error: 4.051 reward_error: 34.490
INFO : 2021-01-28 17:08:50,101 : state_square_error: 3.067 reward_error: 28.954
INFO : 2021-01-28 17:09:08,248 : state_square_error: 2.222 reward_error: 36.016
INFO : 2021-01-28 17:09:26,380 : state_square_error: 3.621 reward_error: 37.691
INFO : 2021-01-28 17:09:44,448 : state_square_error: 1.873 reward_error: 42.899
INFO : 2021-01-28 17:10:02,101 : state_square_error: 2.363 reward_error: 41.116
INFO : 2021-01-28 17:10:20,243 : state_square_error: 1.658 reward_error: 15.500
INFO : 2021-01-28 17:10:37,866 : state_square_error: 3.005 reward_error: -0.737
INFO : 2021-01-28 17:10:55,748 : state_square_error: 1.239 reward_error: 8.771
INFO : 2021-01-28 17:11:13,633 : episode: 10 score: 15.5 100 games avg: 15.5 steps 1000 
INFO : 2021-01-28 17:11:17,494 : state_square_error: 2.131 reward_error: 39.881
INFO : 2021-01-28 17:11:35,941 : state_square_error: 2.350 reward_error: 13.657
INFO : 2021-01-28 17:11:54,299 : state_square_error: 5.065 reward_error: 7.010
INFO : 2021-01-28 17:12:12,642 : state_square_error: 4.057 reward_error: 4.956
INFO : 2021-01-28 17:12:30,554 : state_square_error: 3.491 reward_error: 9.150
INFO : 2021-01-28 17:12:48,549 : state_square_error: 6.437 reward_error: 5.516
INFO : 2021-01-28 17:13:06,675 : state_square_error: 2.372 reward_error: 10.176
INFO : 2021-01-28 17:13:24,799 : state_square_error: 2.988 reward_error: 7.258
INFO : 2021-01-28 17:13:42,925 : state_square_error: 1.261 reward_error: 10.844
INFO : 2021-01-28 17:14:01,078 : state_square_error: 3.635 reward_error: 10.787
INFO : 2021-01-28 17:14:19,045 : episode: 11 score: -62.1 100 games avg: -62.1 steps 1000 
INFO : 2021-01-28 17:14:22,575 : state_square_error: 9.403 reward_error: 35.148
INFO : 2021-01-28 17:14:41,011 : state_square_error: 3.106 reward_error: 32.279
INFO : 2021-01-28 17:14:58,688 : state_square_error: 1.736 reward_error: 20.762
INFO : 2021-01-28 17:15:16,826 : state_square_error: 1.867 reward_error: 23.498
INFO : 2021-01-28 17:15:35,098 : state_square_error: 3.827 reward_error: 41.294
INFO : 2021-01-28 17:15:53,572 : state_square_error: 1.810 reward_error: 30.585
INFO : 2021-01-28 17:16:11,699 : state_square_error: 4.552 reward_error: 6.197
INFO : 2021-01-28 17:16:29,825 : state_square_error: 5.597 reward_error: 7.147
INFO : 2021-01-28 17:16:47,950 : state_square_error: 2.507 reward_error: 6.404
INFO : 2021-01-28 17:17:06,090 : state_square_error: 2.098 reward_error: -0.451
INFO : 2021-01-28 17:17:24,033 : episode: 12 score: -31.4 100 games avg: -31.4 steps 1000 
INFO : 2021-01-28 17:17:27,166 : state_square_error: 5.900 reward_error: 45.767
INFO : 2021-01-28 17:17:45,306 : state_square_error: 2.585 reward_error: 30.273
INFO : 2021-01-28 17:18:03,478 : state_square_error: 2.824 reward_error: 34.205
INFO : 2021-01-28 17:18:21,344 : state_square_error: 2.083 reward_error: 2.667
INFO : 2021-01-28 17:18:39,725 : state_square_error: 4.800 reward_error: 5.132
INFO : 2021-01-28 17:18:57,755 : state_square_error: 2.307 reward_error: 11.579
INFO : 2021-01-28 17:19:15,634 : state_square_error: 1.999 reward_error: 6.930
INFO : 2021-01-28 17:19:33,399 : state_square_error: 1.204 reward_error: 9.000
INFO : 2021-01-28 17:19:51,201 : state_square_error: 1.005 reward_error: 9.824
INFO : 2021-01-28 17:20:09,207 : state_square_error: 1.311 reward_error: 9.037
INFO : 2021-01-28 17:20:27,759 : episode: 13 score: -71.5 100 games avg: -71.5 steps 1000 
INFO : 2021-01-28 17:20:32,730 : state_square_error: 14.862 reward_error: 47.527
INFO : 2021-01-28 17:20:51,107 : state_square_error: 1.726 reward_error: 26.017
INFO : 2021-01-28 17:21:09,057 : state_square_error: 1.697 reward_error: 32.683
INFO : 2021-01-28 17:21:27,128 : state_square_error: 3.553 reward_error: 29.627
INFO : 2021-01-28 17:21:45,257 : state_square_error: 3.161 reward_error: 19.795
INFO : 2021-01-28 17:22:03,432 : state_square_error: 1.234 reward_error: 9.760
INFO : 2021-01-28 17:22:21,832 : state_square_error: 2.535 reward_error: 7.930
INFO : 2021-01-28 17:22:39,790 : state_square_error: 4.795 reward_error: 6.806
INFO : 2021-01-28 17:22:58,389 : state_square_error: 0.805 reward_error: 8.194
INFO : 2021-01-28 17:23:16,148 : state_square_error: 1.215 reward_error: 8.739
INFO : 2021-01-28 17:23:33,692 : episode: 14 score: 54.1 100 games avg: 54.1 steps 1000 
INFO : 2021-01-28 17:23:38,566 : state_square_error: 4.015 reward_error: 53.067
INFO : 2021-01-28 17:23:56,332 : state_square_error: 4.272 reward_error: 25.628
INFO : 2021-01-28 17:24:14,100 : state_square_error: 2.209 reward_error: 44.843
INFO : 2021-01-28 17:24:31,913 : state_square_error: 0.652 reward_error: 28.339
INFO : 2021-01-28 17:24:50,706 : state_square_error: 2.082 reward_error: 27.216
INFO : 2021-01-28 17:25:08,951 : state_square_error: 3.590 reward_error: 37.747
INFO : 2021-01-28 17:25:27,201 : state_square_error: 2.155 reward_error: 31.153
INFO : 2021-01-28 17:25:45,204 : state_square_error: 3.639 reward_error: 32.374
INFO : 2021-01-28 17:26:03,175 : state_square_error: 0.504 reward_error: 46.178
INFO : 2021-01-28 17:26:21,258 : state_square_error: 0.743 reward_error: 10.974
INFO : 2021-01-28 17:26:39,243 : episode: 15 score: 55.4 100 games avg: 55.4 steps 1000 
INFO : 2021-01-28 17:26:44,088 : state_square_error: 7.558 reward_error: 52.078
INFO : 2021-01-28 17:27:02,005 : state_square_error: 2.140 reward_error: 39.135
INFO : 2021-01-28 17:27:19,912 : state_square_error: 1.516 reward_error: 9.524
INFO : 2021-01-28 17:27:37,730 : state_square_error: 0.919 reward_error: 6.940
INFO : 2021-01-28 17:27:55,472 : state_square_error: 1.861 reward_error: 6.062
INFO : 2021-01-28 17:28:13,119 : state_square_error: 1.858 reward_error: 7.851
INFO : 2021-01-28 17:28:30,886 : state_square_error: 0.970 reward_error: 4.519
INFO : 2021-01-28 17:28:48,353 : state_square_error: 3.549 reward_error: 1.696
INFO : 2021-01-28 17:29:05,871 : state_square_error: 2.275 reward_error: 8.788
INFO : 2021-01-28 17:29:23,402 : state_square_error: 3.832 reward_error: 11.300
INFO : 2021-01-28 17:29:40,976 : episode: 16 score: -104.4 100 games avg: -104.4 steps 1000 
INFO : 2021-01-28 17:29:46,180 : state_square_error: 1.819 reward_error: 48.629
INFO : 2021-01-28 17:30:04,169 : state_square_error: 5.640 reward_error: 28.525
INFO : 2021-01-28 17:30:22,364 : state_square_error: 6.774 reward_error: 36.188
INFO : 2021-01-28 17:30:40,505 : state_square_error: 1.309 reward_error: 48.133
INFO : 2021-01-28 17:30:58,884 : state_square_error: 2.362 reward_error: 4.846
INFO : 2021-01-28 17:31:17,177 : state_square_error: 3.503 reward_error: 11.314
INFO : 2021-01-28 17:31:35,232 : state_square_error: 1.100 reward_error: 6.711
INFO : 2021-01-28 17:31:53,201 : state_square_error: 1.660 reward_error: 4.735
INFO : 2021-01-28 17:32:11,277 : state_square_error: 2.592 reward_error: 5.420
INFO : 2021-01-28 17:32:29,499 : state_square_error: 2.601 reward_error: 7.523
INFO : 2021-01-28 17:32:47,368 : episode: 17 score: 75.8 100 games avg: 75.8 steps 1000 
INFO : 2021-01-28 17:32:53,128 : state_square_error: 15.432 reward_error: 55.649
INFO : 2021-01-28 17:33:11,360 : state_square_error: 3.524 reward_error: 35.044
INFO : 2021-01-28 17:33:29,362 : state_square_error: 6.184 reward_error: 32.620
INFO : 2021-01-28 17:33:46,898 : state_square_error: 2.087 reward_error: 36.887
INFO : 2021-01-28 17:34:04,498 : state_square_error: 0.832 reward_error: 30.573
INFO : 2021-01-28 17:34:22,322 : state_square_error: 2.091 reward_error: 37.968
INFO : 2021-01-28 17:34:40,214 : state_square_error: 1.461 reward_error: 36.172
INFO : 2021-01-28 17:34:58,050 : state_square_error: 2.354 reward_error: 43.051
INFO : 2021-01-28 17:35:16,121 : state_square_error: 3.898 reward_error: 57.364
INFO : 2021-01-28 17:35:34,136 : state_square_error: 2.222 reward_error: 43.398
INFO : 2021-01-28 17:35:52,438 : episode: 18 score: 253.2 100 games avg: 253.2 steps 1000 
INFO : 2021-01-28 17:35:58,481 : state_square_error: 1.827 reward_error: 48.376
INFO : 2021-01-28 17:36:16,631 : state_square_error: 1.923 reward_error: 36.575
INFO : 2021-01-28 17:36:35,039 : state_square_error: 2.147 reward_error: 9.905
INFO : 2021-01-28 17:36:53,451 : state_square_error: 3.022 reward_error: 10.259
INFO : 2021-01-28 17:37:11,354 : state_square_error: 3.784 reward_error: 14.372
INFO : 2021-01-28 17:37:29,249 : state_square_error: 0.932 reward_error: 11.294
INFO : 2021-01-28 17:37:48,238 : state_square_error: 1.875 reward_error: 10.772
INFO : 2021-01-28 17:38:06,480 : state_square_error: 2.334 reward_error: 10.385
INFO : 2021-01-28 17:38:24,713 : state_square_error: 0.760 reward_error: 3.220
INFO : 2021-01-28 17:38:42,711 : state_square_error: 0.175 reward_error: 7.605
INFO : 2021-01-28 17:39:00,527 : episode: 19 score: 1.6 100 games avg: 1.6 steps 1000 
INFO : 2021-01-28 17:39:07,770 : state_square_error: 1.434 reward_error: 49.421
INFO : 2021-01-28 17:39:25,669 : state_square_error: 6.905 reward_error: 38.053
INFO : 2021-01-28 17:39:43,320 : state_square_error: 3.454 reward_error: 46.223
INFO : 2021-01-28 17:40:01,397 : state_square_error: 2.314 reward_error: 37.716
INFO : 2021-01-28 17:40:19,785 : state_square_error: 1.619 reward_error: 48.109
INFO : 2021-01-28 17:40:38,170 : state_square_error: 9.991 reward_error: 52.837
INFO : 2021-01-28 17:40:56,568 : state_square_error: 3.059 reward_error: 41.807
INFO : 2021-01-28 17:41:14,850 : state_square_error: 2.374 reward_error: 47.371
INFO : 2021-01-28 17:41:32,779 : state_square_error: 9.260 reward_error: 56.884
INFO : 2021-01-28 17:41:50,663 : state_square_error: 1.574 reward_error: 35.878
INFO : 2021-01-28 17:42:08,816 : episode: 20 score: 552.1 100 games avg: 552.1 steps 1000 
INFO : 2021-01-28 17:42:15,874 : state_square_error: 0.793 reward_error: 53.195
INFO : 2021-01-28 17:42:33,480 : state_square_error: 4.606 reward_error: 31.196
INFO : 2021-01-28 17:42:51,156 : state_square_error: 3.098 reward_error: 57.565
INFO : 2021-01-28 17:43:09,173 : state_square_error: 3.154 reward_error: 50.498
INFO : 2021-01-28 17:43:27,698 : state_square_error: 4.102 reward_error: 60.164
INFO : 2021-01-28 17:43:46,313 : state_square_error: 1.685 reward_error: 50.701
INFO : 2021-01-28 17:44:04,487 : state_square_error: 1.224 reward_error: 50.923
INFO : 2021-01-28 17:44:22,703 : state_square_error: 8.571 reward_error: 48.027
INFO : 2021-01-28 17:44:40,960 : state_square_error: 2.164 reward_error: 59.003
INFO : 2021-01-28 17:44:58,950 : state_square_error: 2.019 reward_error: 47.889
INFO : 2021-01-28 17:45:17,042 : episode: 21 score: 724.0 100 games avg: 724.0 steps 1000 
INFO : 2021-01-28 17:45:24,638 : state_square_error: 15.106 reward_error: 59.495
INFO : 2021-01-28 17:45:42,266 : state_square_error: 2.758 reward_error: 67.402
INFO : 2021-01-28 17:45:59,903 : state_square_error: 6.726 reward_error: 72.594
INFO : 2021-01-28 17:46:18,338 : state_square_error: 6.969 reward_error: 62.820
INFO : 2021-01-28 17:46:36,555 : state_square_error: 7.005 reward_error: 55.098
INFO : 2021-01-28 17:46:54,476 : state_square_error: 2.452 reward_error: 44.818
INFO : 2021-01-28 17:47:12,439 : state_square_error: 5.489 reward_error: 52.146
INFO : 2021-01-28 17:47:30,659 : state_square_error: 1.676 reward_error: 47.845
INFO : 2021-01-28 17:47:49,561 : state_square_error: 19.400 reward_error: 38.042
INFO : 2021-01-28 17:48:07,712 : state_square_error: 4.162 reward_error: 65.453
INFO : 2021-01-28 17:48:25,680 : episode: 22 score: 781.7 100 games avg: 781.7 steps 1000 
INFO : 2021-01-28 17:48:31,166 : state_square_error: 2.260 reward_error: 52.420
INFO : 2021-01-28 17:48:49,301 : state_square_error: 6.621 reward_error: 50.813
INFO : 2021-01-28 17:49:07,441 : state_square_error: 3.479 reward_error: 65.188
INFO : 2021-01-28 17:49:25,622 : state_square_error: 2.395 reward_error: 81.887
INFO : 2021-01-28 17:49:43,814 : state_square_error: 1.783 reward_error: 58.365
INFO : 2021-01-28 17:50:02,000 : state_square_error: 4.623 reward_error: 74.507
INFO : 2021-01-28 17:50:19,838 : state_square_error: 5.100 reward_error: 63.656
INFO : 2021-01-28 17:50:37,662 : state_square_error: 6.451 reward_error: 87.179
INFO : 2021-01-28 17:50:55,503 : state_square_error: 2.295 reward_error: 69.360
INFO : 2021-01-28 17:51:13,570 : state_square_error: 2.724 reward_error: 59.931
INFO : 2021-01-28 17:51:31,492 : episode: 23 score: 824.0 100 games avg: 824.0 steps 1000 
INFO : 2021-01-28 17:51:38,469 : state_square_error: 2.096 reward_error: 62.927
INFO : 2021-01-28 17:51:57,518 : state_square_error: 1.359 reward_error: 42.983
INFO : 2021-01-28 17:52:15,106 : state_square_error: 2.777 reward_error: 12.718
INFO : 2021-01-28 17:52:32,984 : state_square_error: 3.441 reward_error: 9.305
INFO : 2021-01-28 17:52:51,035 : state_square_error: 4.963 reward_error: 11.362
INFO : 2021-01-28 17:53:08,987 : state_square_error: 3.703 reward_error: 10.369
INFO : 2021-01-28 17:53:26,805 : state_square_error: 0.539 reward_error: 12.386
INFO : 2021-01-28 17:53:44,511 : state_square_error: 4.783 reward_error: 12.566
INFO : 2021-01-28 17:54:02,593 : state_square_error: 1.640 reward_error: 8.044
INFO : 2021-01-28 17:54:20,586 : state_square_error: 2.755 reward_error: 10.532
INFO : 2021-01-28 17:54:38,322 : episode: 24 score: 5.6 100 games avg: 5.6 steps 1000 
INFO : 2021-01-28 17:54:46,275 : state_square_error: 9.749 reward_error: 66.444
INFO : 2021-01-28 17:55:04,172 : state_square_error: 2.165 reward_error: 83.953
INFO : 2021-01-28 17:55:23,263 : state_square_error: 7.050 reward_error: 62.273
INFO : 2021-01-28 17:55:41,246 : state_square_error: 9.452 reward_error: 73.612
INFO : 2021-01-28 17:55:58,924 : state_square_error: 4.103 reward_error: 73.469
INFO : 2021-01-28 17:56:16,934 : state_square_error: 2.357 reward_error: 66.498
INFO : 2021-01-28 17:56:34,837 : state_square_error: 6.241 reward_error: 77.240
INFO : 2021-01-28 17:56:52,672 : state_square_error: 4.446 reward_error: 81.751
INFO : 2021-01-28 17:57:10,876 : state_square_error: 1.403 reward_error: 66.689
INFO : 2021-01-28 17:57:28,555 : state_square_error: 0.865 reward_error: 16.466
INFO : 2021-01-28 17:57:45,984 : episode: 25 score: 769.0 100 games avg: 769.0 steps 1000 
INFO : 2021-01-28 17:57:54,361 : state_square_error: 2.266 reward_error: 77.534
INFO : 2021-01-28 17:58:12,554 : state_square_error: 3.364 reward_error: 84.766
INFO : 2021-01-28 17:58:30,541 : state_square_error: 4.897 reward_error: 97.008
INFO : 2021-01-28 17:58:48,347 : state_square_error: 5.077 reward_error: 76.480
INFO : 2021-01-28 17:59:07,316 : state_square_error: 5.285 reward_error: 75.187
INFO : 2021-01-28 17:59:25,340 : state_square_error: 2.562 reward_error: 62.752
INFO : 2021-01-28 17:59:43,207 : state_square_error: 5.012 reward_error: 92.773
INFO : 2021-01-28 18:00:00,962 : state_square_error: 3.380 reward_error: 78.563
INFO : 2021-01-28 18:00:18,949 : state_square_error: 5.455 reward_error: 79.483
INFO : 2021-01-28 18:00:38,339 : state_square_error: 4.595 reward_error: 87.340
INFO : 2021-01-28 18:00:56,077 : episode: 26 score: 1230.6 100 games avg: 1230.6 steps 1000 
INFO : 2021-01-28 18:01:04,337 : state_square_error: 9.077 reward_error: 80.091
INFO : 2021-01-28 18:01:22,283 : state_square_error: 9.664 reward_error: 92.584
INFO : 2021-01-28 18:01:40,218 : state_square_error: 4.229 reward_error: 93.662
INFO : 2021-01-28 18:01:58,099 : state_square_error: 2.947 reward_error: 75.857
INFO : 2021-01-28 18:02:16,023 : state_square_error: 8.980 reward_error: 89.540
INFO : 2021-01-28 18:02:33,458 : state_square_error: 3.466 reward_error: 96.904
INFO : 2021-01-28 18:02:51,171 : state_square_error: 1.680 reward_error: 90.684
INFO : 2021-01-28 18:03:09,062 : state_square_error: 6.773 reward_error: 91.653
INFO : 2021-01-28 18:03:27,390 : state_square_error: 3.524 reward_error: 62.602
INFO : 2021-01-28 18:03:45,834 : state_square_error: 2.739 reward_error: 80.803
INFO : 2021-01-28 18:04:03,992 : episode: 27 score: 1296.3 100 games avg: 1296.3 steps 1000 
INFO : 2021-01-28 18:04:12,542 : state_square_error: 2.707 reward_error: 83.530
INFO : 2021-01-28 18:04:31,509 : state_square_error: 3.353 reward_error: 79.234
INFO : 2021-01-28 18:04:49,858 : state_square_error: 5.621 reward_error: 84.330
INFO : 2021-01-28 18:05:08,764 : state_square_error: 4.697 reward_error: 79.090
INFO : 2021-01-28 18:05:27,007 : state_square_error: 2.271 reward_error: 73.242
INFO : 2021-01-28 18:05:45,892 : state_square_error: 2.272 reward_error: 76.964
INFO : 2021-01-28 18:06:03,894 : state_square_error: 6.940 reward_error: 105.960
INFO : 2021-01-28 18:06:22,275 : state_square_error: 3.623 reward_error: 87.991
INFO : 2021-01-28 18:06:40,584 : state_square_error: 2.749 reward_error: 83.767
INFO : 2021-01-28 18:06:58,417 : state_square_error: 1.855 reward_error: 87.345
INFO : 2021-01-28 18:07:15,996 : episode: 28 score: 1385.0 100 games avg: 1385.0 steps 1000 
INFO : 2021-01-28 18:07:26,745 : state_square_error: 2.781 reward_error: 74.601
INFO : 2021-01-28 18:07:45,347 : state_square_error: 14.120 reward_error: 106.142
INFO : 2021-01-28 18:08:03,718 : state_square_error: 1.739 reward_error: 85.942
INFO : 2021-01-28 18:08:21,959 : state_square_error: 3.027 reward_error: 110.267
INFO : 2021-01-28 18:08:40,317 : state_square_error: 5.329 reward_error: 105.594
INFO : 2021-01-28 18:08:58,909 : state_square_error: 8.552 reward_error: 134.653
INFO : 2021-01-28 18:09:18,272 : state_square_error: 2.820 reward_error: 111.053
INFO : 2021-01-28 18:09:36,106 : state_square_error: 3.701 reward_error: 140.070
INFO : 2021-01-28 18:09:54,406 : state_square_error: 3.831 reward_error: 118.677
INFO : 2021-01-28 18:10:12,882 : state_square_error: 2.653 reward_error: 100.501
INFO : 2021-01-28 18:10:31,181 : episode: 29 score: 1838.5 100 games avg: 1838.5 steps 1000 
INFO : 2021-01-28 18:10:42,884 : state_square_error: 2.281 reward_error: 90.110
INFO : 2021-01-28 18:11:00,678 : state_square_error: 11.824 reward_error: 110.804
INFO : 2021-01-28 18:11:18,329 : state_square_error: 10.664 reward_error: 128.083
INFO : 2021-01-28 18:11:36,215 : state_square_error: 4.230 reward_error: 112.796
INFO : 2021-01-28 18:11:53,946 : state_square_error: 3.109 reward_error: 144.699
INFO : 2021-01-28 18:12:11,997 : state_square_error: 6.395 reward_error: 126.253
INFO : 2021-01-28 18:12:30,003 : state_square_error: 5.413 reward_error: 158.455
INFO : 2021-01-28 18:12:48,086 : state_square_error: 10.687 reward_error: 136.262
INFO : 2021-01-28 18:13:06,742 : state_square_error: 9.288 reward_error: 118.247
INFO : 2021-01-28 18:13:24,668 : state_square_error: 3.301 reward_error: 107.664
INFO : 2021-01-28 18:13:42,371 : episode: 30 score: 1884.5 100 games avg: 1884.5 steps 1000 
INFO : 2021-01-28 18:13:52,154 : state_square_error: 6.965 reward_error: 99.271
INFO : 2021-01-28 18:14:09,716 : state_square_error: 5.833 reward_error: 133.301
INFO : 2021-01-28 18:14:27,235 : state_square_error: 7.364 reward_error: 101.451
INFO : 2021-01-28 18:14:44,956 : state_square_error: 5.350 reward_error: 109.013
INFO : 2021-01-28 18:15:03,582 : state_square_error: 10.334 reward_error: 128.071
INFO : 2021-01-28 18:15:21,375 : state_square_error: 1.334 reward_error: 105.386
INFO : 2021-01-28 18:15:39,087 : state_square_error: 6.637 reward_error: 145.963
INFO : 2021-01-28 18:15:56,609 : state_square_error: 1.721 reward_error: 121.740
INFO : 2021-01-28 18:16:14,136 : state_square_error: 19.518 reward_error: 126.188
INFO : 2021-01-28 18:16:31,673 : state_square_error: 3.659 reward_error: 144.435
INFO : 2021-01-28 18:16:49,619 : episode: 31 score: 2103.2 100 games avg: 2103.2 steps 1000 
INFO : 2021-01-28 18:16:58,337 : state_square_error: 6.025 reward_error: 101.159
INFO : 2021-01-28 18:17:16,867 : state_square_error: 5.537 reward_error: 142.732
INFO : 2021-01-28 18:17:35,167 : state_square_error: 8.380 reward_error: 116.955
INFO : 2021-01-28 18:17:53,090 : state_square_error: 1.496 reward_error: 132.679
INFO : 2021-01-28 18:18:11,094 : state_square_error: 19.423 reward_error: 161.997
INFO : 2021-01-28 18:18:28,678 : state_square_error: 6.829 reward_error: 145.337
INFO : 2021-01-28 18:18:46,351 : state_square_error: 4.540 reward_error: 127.157
INFO : 2021-01-28 18:19:04,109 : state_square_error: 3.099 reward_error: 127.571
INFO : 2021-01-28 18:19:21,803 : state_square_error: 7.641 reward_error: 154.911
INFO : 2021-01-28 18:19:39,435 : state_square_error: 1.021 reward_error: 124.634
INFO : 2021-01-28 18:19:57,103 : episode: 32 score: 1941.8 100 games avg: 1941.8 steps 1000 
INFO : 2021-01-28 18:20:07,456 : state_square_error: 3.548 reward_error: 100.599
INFO : 2021-01-28 18:20:26,075 : state_square_error: 17.915 reward_error: 153.844
INFO : 2021-01-28 18:20:43,834 : state_square_error: 19.169 reward_error: 167.679
INFO : 2021-01-28 18:21:01,692 : state_square_error: 8.049 reward_error: 121.834
INFO : 2021-01-28 18:21:19,512 : state_square_error: 3.921 reward_error: 145.930
INFO : 2021-01-28 18:21:37,062 : state_square_error: 7.328 reward_error: 138.084
INFO : 2021-01-28 18:21:54,906 : state_square_error: 13.242 reward_error: 147.355
INFO : 2021-01-28 18:22:13,104 : state_square_error: 18.406 reward_error: 149.794
INFO : 2021-01-28 18:22:30,923 : state_square_error: 4.194 reward_error: 153.369
INFO : 2021-01-28 18:22:49,164 : state_square_error: 19.488 reward_error: 162.199
INFO : 2021-01-28 18:23:07,222 : episode: 33 score: 2262.8 100 games avg: 2262.8 steps 1000 
INFO : 2021-01-28 18:23:15,326 : state_square_error: 19.047 reward_error: 114.929
INFO : 2021-01-28 18:23:33,881 : state_square_error: 2.924 reward_error: 155.499
INFO : 2021-01-28 18:23:51,680 : state_square_error: 5.846 reward_error: 162.779
INFO : 2021-01-28 18:24:09,464 : state_square_error: 13.031 reward_error: 179.375
INFO : 2021-01-28 18:24:27,726 : state_square_error: 7.275 reward_error: 151.803
INFO : 2021-01-28 18:24:46,049 : state_square_error: 8.800 reward_error: 178.870
INFO : 2021-01-28 18:25:03,829 : state_square_error: 3.332 reward_error: 157.946
INFO : 2021-01-28 18:25:21,526 : state_square_error: 4.663 reward_error: 164.878
INFO : 2021-01-28 18:25:39,090 : state_square_error: 9.583 reward_error: 165.396
INFO : 2021-01-28 18:25:57,287 : state_square_error: 5.901 reward_error: 156.146
INFO : 2021-01-28 18:26:15,480 : episode: 34 score: 2339.3 100 games avg: 2339.3 steps 1000 
INFO : 2021-01-28 18:26:26,402 : state_square_error: 3.103 reward_error: 106.333
INFO : 2021-01-28 18:26:44,316 : state_square_error: 10.642 reward_error: 192.921
INFO : 2021-01-28 18:27:02,242 : state_square_error: 5.244 reward_error: 163.139
INFO : 2021-01-28 18:27:22,132 : state_square_error: 19.041 reward_error: 163.288
INFO : 2021-01-28 18:27:40,572 : state_square_error: 2.185 reward_error: 131.043
INFO : 2021-01-28 18:27:58,969 : state_square_error: 2.712 reward_error: 166.653
INFO : 2021-01-28 18:28:17,346 : state_square_error: 6.429 reward_error: 160.035
INFO : 2021-01-28 18:28:35,698 : state_square_error: 20.485 reward_error: 183.244
INFO : 2021-01-28 18:28:53,803 : state_square_error: 1.008 reward_error: 153.421
INFO : 2021-01-28 18:29:12,565 : state_square_error: 4.849 reward_error: 153.621
INFO : 2021-01-28 18:29:31,496 : episode: 35 score: 2357.7 100 games avg: 2357.7 steps 1000 
INFO : 2021-01-28 18:29:42,914 : state_square_error: 6.586 reward_error: 109.643
INFO : 2021-01-28 18:30:01,106 : state_square_error: 4.831 reward_error: 190.358
INFO : 2021-01-28 18:30:19,427 : state_square_error: 13.399 reward_error: 158.600
INFO : 2021-01-28 18:30:37,727 : state_square_error: 1.303 reward_error: 161.184
INFO : 2021-01-28 18:30:56,344 : state_square_error: 1.486 reward_error: 172.321
INFO : 2021-01-28 18:31:14,501 : state_square_error: 8.819 reward_error: 165.933
INFO : 2021-01-28 18:31:32,721 : state_square_error: 3.480 reward_error: 169.043
INFO : 2021-01-28 18:31:50,804 : state_square_error: 5.917 reward_error: 171.770
INFO : 2021-01-28 18:32:08,933 : state_square_error: 2.267 reward_error: 164.726
INFO : 2021-01-28 18:32:26,919 : state_square_error: 30.448 reward_error: 162.812
INFO : 2021-01-28 18:32:44,813 : episode: 36 score: 2305.0 100 games avg: 2305.0 steps 1000 
INFO : 2021-01-28 18:32:54,885 : state_square_error: 26.992 reward_error: 124.767
INFO : 2021-01-28 18:33:13,046 : state_square_error: 1.554 reward_error: 151.784
INFO : 2021-01-28 18:33:31,327 : state_square_error: 3.678 reward_error: 193.169
INFO : 2021-01-28 18:33:49,778 : state_square_error: 3.930 reward_error: 156.870
INFO : 2021-01-28 18:34:07,427 : state_square_error: 27.397 reward_error: 178.909
INFO : 2021-01-28 18:34:25,323 : state_square_error: 5.736 reward_error: 180.665
INFO : 2021-01-28 18:34:43,127 : state_square_error: 41.317 reward_error: 161.002
INFO : 2021-01-28 18:35:01,065 : state_square_error: 4.308 reward_error: 176.628
INFO : 2021-01-28 18:35:19,020 : state_square_error: 8.634 reward_error: 173.610
INFO : 2021-01-28 18:35:36,923 : state_square_error: 1.752 reward_error: 173.728
INFO : 2021-01-28 18:35:54,194 : episode: 37 score: 2607.6 100 games avg: 2607.6 steps 1000 
INFO : 2021-01-28 18:36:06,535 : state_square_error: 0.998 reward_error: 135.242
INFO : 2021-01-28 18:36:24,408 : state_square_error: 17.135 reward_error: 183.717
INFO : 2021-01-28 18:36:42,288 : state_square_error: 6.363 reward_error: 163.410
INFO : 2021-01-28 18:37:00,180 : state_square_error: 1.295 reward_error: 173.283
INFO : 2021-01-28 18:37:18,055 : state_square_error: 0.284 reward_error: 148.694
INFO : 2021-01-28 18:37:35,945 : state_square_error: 16.423 reward_error: 185.691
INFO : 2021-01-28 18:37:53,432 : state_square_error: 12.529 reward_error: 173.747
INFO : 2021-01-28 18:38:11,107 : state_square_error: 1.371 reward_error: 176.133
INFO : 2021-01-28 18:38:28,775 : state_square_error: 3.467 reward_error: 152.560
INFO : 2021-01-28 18:38:46,296 : state_square_error: 2.949 reward_error: 182.214
INFO : 2021-01-28 18:39:03,794 : episode: 38 score: 2192.6 100 games avg: 2192.6 steps 1000 
INFO : 2021-01-28 18:39:15,088 : state_square_error: 1.493 reward_error: 126.015
INFO : 2021-01-28 18:39:32,952 : state_square_error: 3.647 reward_error: 188.508
INFO : 2021-01-28 18:39:50,709 : state_square_error: 3.778 reward_error: 201.040
INFO : 2021-01-28 18:40:08,252 : state_square_error: 3.087 reward_error: 165.401
INFO : 2021-01-28 18:40:26,039 : state_square_error: 2.450 reward_error: 173.796
INFO : 2021-01-28 18:40:43,833 : state_square_error: 5.725 reward_error: 186.474
INFO : 2021-01-28 18:41:01,777 : state_square_error: 5.906 reward_error: 187.128
INFO : 2021-01-28 18:41:19,679 : state_square_error: 10.701 reward_error: 185.678
INFO : 2021-01-28 18:41:37,657 : state_square_error: 6.205 reward_error: 184.602
INFO : 2021-01-28 18:41:55,692 : state_square_error: 3.596 reward_error: 213.053
INFO : 2021-01-28 18:42:13,673 : episode: 39 score: 2396.4 100 games avg: 2396.4 steps 1000 
INFO : 2021-01-28 18:42:24,788 : state_square_error: 11.996 reward_error: 165.243
INFO : 2021-01-28 18:42:44,298 : state_square_error: 3.907 reward_error: 195.966
INFO : 2021-01-28 18:43:02,164 : state_square_error: 2.901 reward_error: 162.997
INFO : 2021-01-28 18:43:20,121 : state_square_error: 3.971 reward_error: 188.912
INFO : 2021-01-28 18:43:38,264 : state_square_error: 2.783 reward_error: 201.768
INFO : 2021-01-28 18:43:56,305 : state_square_error: 3.305 reward_error: 200.290
INFO : 2021-01-28 18:44:14,579 : state_square_error: 18.934 reward_error: 175.156
INFO : 2021-01-28 18:44:33,632 : state_square_error: 2.814 reward_error: 195.987
INFO : 2021-01-28 18:44:51,283 : state_square_error: 2.713 reward_error: 195.322
INFO : 2021-01-28 18:45:09,421 : state_square_error: 27.638 reward_error: 189.918
INFO : 2021-01-28 18:45:27,339 : episode: 40 score: 2373.3 100 games avg: 2373.3 steps 1000 
INFO : 2021-01-28 18:45:41,299 : state_square_error: 12.714 reward_error: 160.969
INFO : 2021-01-28 18:45:59,192 : state_square_error: 6.658 reward_error: 176.301
INFO : 2021-01-28 18:46:17,055 : state_square_error: 1.212 reward_error: 152.283
INFO : 2021-01-28 18:46:34,542 : state_square_error: 5.977 reward_error: 192.915
INFO : 2021-01-28 18:46:52,173 : state_square_error: 1.503 reward_error: 210.591
INFO : 2021-01-28 18:47:09,847 : state_square_error: 1.703 reward_error: 199.843
INFO : 2021-01-28 18:47:27,634 : state_square_error: 10.112 reward_error: 191.385
INFO : 2021-01-28 18:47:45,802 : state_square_error: 4.173 reward_error: 176.065
INFO : 2021-01-28 18:48:03,960 : state_square_error: 8.043 reward_error: 193.102
INFO : 2021-01-28 18:48:22,109 : state_square_error: 2.939 reward_error: 210.162
INFO : 2021-01-28 18:48:40,090 : episode: 41 score: 2288.2 100 games avg: 2288.2 steps 1000 
INFO : 2021-01-28 18:48:55,839 : state_square_error: 2.226 reward_error: 151.908
INFO : 2021-01-28 18:49:14,001 : state_square_error: 13.541 reward_error: 209.879
INFO : 2021-01-28 18:49:32,201 : state_square_error: 2.763 reward_error: 197.031
INFO : 2021-01-28 18:49:50,404 : state_square_error: 3.511 reward_error: 194.069
INFO : 2021-01-28 18:50:08,549 : state_square_error: 1.759 reward_error: 195.507
INFO : 2021-01-28 18:50:26,676 : state_square_error: 3.403 reward_error: 187.620
INFO : 2021-01-28 18:50:44,803 : state_square_error: 6.305 reward_error: 213.623
INFO : 2021-01-28 18:51:02,933 : state_square_error: 3.112 reward_error: 188.311
INFO : 2021-01-28 18:51:21,070 : state_square_error: 3.175 reward_error: 191.226
INFO : 2021-01-28 18:51:39,198 : state_square_error: 8.425 reward_error: 185.559
INFO : 2021-01-28 18:51:57,145 : episode: 42 score: 2595.6 100 games avg: 2595.6 steps 1000 
INFO : 2021-01-28 18:52:13,192 : state_square_error: 8.045 reward_error: 155.472
INFO : 2021-01-28 18:52:31,323 : state_square_error: 7.944 reward_error: 189.735
INFO : 2021-01-28 18:52:49,462 : state_square_error: 1.469 reward_error: 199.527
INFO : 2021-01-28 18:53:07,601 : state_square_error: 1.005 reward_error: 213.495
INFO : 2021-01-28 18:53:25,727 : state_square_error: 8.899 reward_error: 212.549
INFO : 2021-01-28 18:53:43,855 : state_square_error: 15.640 reward_error: 231.119
INFO : 2021-01-28 18:54:01,993 : state_square_error: 8.320 reward_error: 203.468
INFO : 2021-01-28 18:54:20,186 : state_square_error: 2.371 reward_error: 204.581
INFO : 2021-01-28 18:54:38,323 : state_square_error: 1.621 reward_error: 206.455
INFO : 2021-01-28 18:54:56,483 : state_square_error: 4.122 reward_error: 198.801
INFO : 2021-01-28 18:55:14,438 : episode: 43 score: 2500.9 100 games avg: 2500.9 steps 1000 
INFO : 2021-01-28 18:55:30,799 : state_square_error: 5.307 reward_error: 167.393
INFO : 2021-01-28 18:55:48,939 : state_square_error: 4.253 reward_error: 193.312
INFO : 2021-01-28 18:56:07,083 : state_square_error: 5.919 reward_error: 204.427
INFO : 2021-01-28 18:56:25,222 : state_square_error: 29.017 reward_error: 212.522
INFO : 2021-01-28 18:56:43,355 : state_square_error: 5.376 reward_error: 209.108
INFO : 2021-01-28 18:57:01,486 : state_square_error: 6.143 reward_error: 202.617
INFO : 2021-01-28 18:57:19,636 : state_square_error: 4.427 reward_error: 199.100
INFO : 2021-01-28 18:57:37,773 : state_square_error: 3.809 reward_error: 205.078
INFO : 2021-01-28 18:57:55,915 : state_square_error: 1.181 reward_error: 229.402
INFO : 2021-01-28 18:58:14,052 : state_square_error: 7.590 reward_error: 224.021
INFO : 2021-01-28 18:58:32,008 : episode: 44 score: 2457.6 100 games avg: 2457.6 steps 1000 
INFO : 2021-01-28 18:58:48,844 : state_square_error: 4.209 reward_error: 165.165
INFO : 2021-01-28 18:59:06,981 : state_square_error: 6.378 reward_error: 219.328
INFO : 2021-01-28 18:59:25,123 : state_square_error: 2.034 reward_error: 270.177
INFO : 2021-01-28 18:59:43,261 : state_square_error: 5.532 reward_error: 224.701
INFO : 2021-01-28 19:00:01,399 : state_square_error: 1.500 reward_error: 214.319
INFO : 2021-01-28 19:00:19,549 : state_square_error: 4.337 reward_error: 231.666
INFO : 2021-01-28 19:00:37,684 : state_square_error: 2.559 reward_error: 220.064
INFO : 2021-01-28 19:00:55,359 : state_square_error: 1.743 reward_error: 228.098
INFO : 2021-01-28 19:01:13,029 : state_square_error: 2.833 reward_error: 235.570
INFO : 2021-01-28 19:01:30,738 : state_square_error: 9.124 reward_error: 202.530
INFO : 2021-01-28 19:01:48,324 : episode: 45 score: 2710.9 100 games avg: 2710.9 steps 1000 
INFO : 2021-01-28 19:02:02,961 : state_square_error: 2.853 reward_error: 157.802
INFO : 2021-01-28 19:02:21,081 : state_square_error: 4.820 reward_error: 221.618
INFO : 2021-01-28 19:02:39,226 : state_square_error: 4.681 reward_error: 229.358
INFO : 2021-01-28 19:02:57,363 : state_square_error: 8.092 reward_error: 213.538
INFO : 2021-01-28 19:03:15,502 : state_square_error: 2.478 reward_error: 232.856
INFO : 2021-01-28 19:03:33,638 : state_square_error: 3.613 reward_error: 210.035
INFO : 2021-01-28 19:03:51,500 : state_square_error: 3.228 reward_error: 222.626
INFO : 2021-01-28 19:04:08,919 : state_square_error: 3.876 reward_error: 238.132
INFO : 2021-01-28 19:04:26,331 : state_square_error: 9.098 reward_error: 205.608
INFO : 2021-01-28 19:04:43,743 : state_square_error: 2.418 reward_error: 121.864
INFO : 2021-01-28 19:05:00,986 : episode: 46 score: 2384.7 100 games avg: 2384.7 steps 1000 
INFO : 2021-01-28 19:05:12,709 : state_square_error: 9.518 reward_error: 169.940
INFO : 2021-01-28 19:05:30,091 : state_square_error: 2.342 reward_error: 227.628
INFO : 2021-01-28 19:05:47,508 : state_square_error: 0.421 reward_error: 233.908
INFO : 2021-01-28 19:06:05,977 : state_square_error: 1.317 reward_error: 238.508
INFO : 2021-01-28 19:06:24,117 : state_square_error: 2.189 reward_error: 223.451
INFO : 2021-01-28 19:06:42,242 : state_square_error: 33.131 reward_error: 238.232
INFO : 2021-01-28 19:07:00,381 : state_square_error: 6.440 reward_error: 227.669
INFO : 2021-01-28 19:07:18,510 : state_square_error: 3.332 reward_error: 223.061
INFO : 2021-01-28 19:07:36,638 : state_square_error: 0.968 reward_error: 227.344
INFO : 2021-01-28 19:07:54,765 : state_square_error: 17.480 reward_error: 227.308
INFO : 2021-01-28 19:08:12,713 : episode: 47 score: 2906.6 100 games avg: 2906.6 steps 1000 
INFO : 2021-01-28 19:08:30,083 : state_square_error: 1.078 reward_error: 168.492
INFO : 2021-01-28 19:08:47,444 : state_square_error: 7.377 reward_error: 236.855
INFO : 2021-01-28 19:09:04,890 : state_square_error: 6.427 reward_error: 59.275
INFO : 2021-01-28 19:09:22,685 : state_square_error: 1.395 reward_error: 75.396
INFO : 2021-01-28 19:09:40,828 : state_square_error: 3.605 reward_error: 82.663
INFO : 2021-01-28 19:09:58,964 : state_square_error: 0.741 reward_error: 71.852
INFO : 2021-01-28 19:10:17,104 : state_square_error: 2.155 reward_error: 63.385
INFO : 2021-01-28 19:10:35,242 : state_square_error: 5.821 reward_error: 54.167
INFO : 2021-01-28 19:10:53,378 : state_square_error: 0.799 reward_error: 65.508
INFO : 2021-01-28 19:11:11,520 : state_square_error: 1.378 reward_error: 94.894
INFO : 2021-01-28 19:11:29,478 : episode: 48 score: 93.0 100 games avg: 93.0 steps 1000 
INFO : 2021-01-28 19:11:47,786 : state_square_error: 5.555 reward_error: 171.496
INFO : 2021-01-28 19:12:05,930 : state_square_error: 7.226 reward_error: 217.893
INFO : 2021-01-28 19:12:24,073 : state_square_error: 1.503 reward_error: 229.590
INFO : 2021-01-28 19:12:42,214 : state_square_error: 1.303 reward_error: 232.062
INFO : 2021-01-28 19:13:00,352 : state_square_error: 3.255 reward_error: 262.642
INFO : 2021-01-28 19:13:18,491 : state_square_error: 1.530 reward_error: 229.627
INFO : 2021-01-28 19:13:36,625 : state_square_error: 3.753 reward_error: 228.918
INFO : 2021-01-28 19:13:54,764 : state_square_error: 5.215 reward_error: 237.610
INFO : 2021-01-28 19:14:12,903 : state_square_error: 2.670 reward_error: 231.443
INFO : 2021-01-28 19:14:31,043 : state_square_error: 2.022 reward_error: 241.788
INFO : 2021-01-28 19:14:48,999 : episode: 49 score: 2823.4 100 games avg: 2823.4 steps 1000 
INFO : 2021-01-28 19:15:07,310 : state_square_error: 1.741 reward_error: 172.342
INFO : 2021-01-28 19:15:25,443 : state_square_error: 1.800 reward_error: 231.214
INFO : 2021-01-28 19:15:43,582 : state_square_error: 4.026 reward_error: 227.995
INFO : 2021-01-28 19:16:01,725 : state_square_error: 8.226 reward_error: 233.609
INFO : 2021-01-28 19:16:19,868 : state_square_error: 26.565 reward_error: 260.758
INFO : 2021-01-28 19:16:38,009 : state_square_error: 7.555 reward_error: 235.317
INFO : 2021-01-28 19:16:56,151 : state_square_error: 2.124 reward_error: 221.956
INFO : 2021-01-28 19:17:14,293 : state_square_error: 4.194 reward_error: 226.741
INFO : 2021-01-28 19:17:32,430 : state_square_error: 1.919 reward_error: 199.504
INFO : 2021-01-28 19:17:50,566 : state_square_error: 3.435 reward_error: 245.026
INFO : 2021-01-28 19:18:08,533 : episode: 50 score: 2896.2 100 games avg: 2896.2 steps 1000 
INFO : 2021-01-28 19:18:27,647 : state_square_error: 4.851 reward_error: 184.928
INFO : 2021-01-28 19:18:45,784 : state_square_error: 9.688 reward_error: 256.916
INFO : 2021-01-28 19:19:03,924 : state_square_error: 2.930 reward_error: 252.268
INFO : 2021-01-28 19:19:22,069 : state_square_error: 15.851 reward_error: 242.317
INFO : 2021-01-28 19:19:40,212 : state_square_error: 9.391 reward_error: 266.423
INFO : 2021-01-28 19:19:58,351 : state_square_error: 7.801 reward_error: 240.634
INFO : 2021-01-28 19:20:16,489 : state_square_error: 2.674 reward_error: 247.957
INFO : 2021-01-28 19:20:34,628 : state_square_error: 2.019 reward_error: 256.560
INFO : 2021-01-28 19:20:52,767 : state_square_error: 1.697 reward_error: 233.365
INFO : 2021-01-28 19:21:10,914 : state_square_error: 6.615 reward_error: 224.249
INFO : 2021-01-28 19:21:28,881 : episode: 51 score: 2849.0 100 games avg: 2849.0 steps 1000 
INFO : 2021-01-28 19:21:48,364 : state_square_error: 3.855 reward_error: 176.311
INFO : 2021-01-28 19:22:06,502 : state_square_error: 2.482 reward_error: 258.139
INFO : 2021-01-28 19:22:24,640 : state_square_error: 1.157 reward_error: 250.696
INFO : 2021-01-28 19:22:42,784 : state_square_error: 6.796 reward_error: 259.132
INFO : 2021-01-28 19:23:00,925 : state_square_error: 1.700 reward_error: 247.211
INFO : 2021-01-28 19:23:19,065 : state_square_error: 4.014 reward_error: 245.066
INFO : 2021-01-28 19:23:37,207 : state_square_error: 5.177 reward_error: 244.134
INFO : 2021-01-28 19:23:55,350 : state_square_error: 11.453 reward_error: 258.127
INFO : 2021-01-28 19:24:13,498 : state_square_error: 5.412 reward_error: 255.102
INFO : 2021-01-28 19:24:31,635 : state_square_error: 4.592 reward_error: 272.118
INFO : 2021-01-28 19:24:49,593 : episode: 52 score: 2987.6 100 games avg: 2987.6 steps 1000 
INFO : 2021-01-28 19:25:09,416 : state_square_error: 8.204 reward_error: 192.368
INFO : 2021-01-28 19:25:27,529 : state_square_error: 14.731 reward_error: 257.102
INFO : 2021-01-28 19:25:45,668 : state_square_error: 10.255 reward_error: 254.786
INFO : 2021-01-28 19:26:03,811 : state_square_error: 0.385 reward_error: 260.805
INFO : 2021-01-28 19:26:21,951 : state_square_error: 13.354 reward_error: 277.125
INFO : 2021-01-28 19:26:40,087 : state_square_error: 3.247 reward_error: 261.497
INFO : 2021-01-28 19:26:58,226 : state_square_error: 7.559 reward_error: 283.271
INFO : 2021-01-28 19:27:16,378 : state_square_error: 6.720 reward_error: 269.448
INFO : 2021-01-28 19:27:34,519 : state_square_error: 34.763 reward_error: 287.396
INFO : 2021-01-28 19:27:52,657 : state_square_error: 9.604 reward_error: 299.620
INFO : 2021-01-28 19:28:10,614 : episode: 53 score: 3066.0 100 games avg: 3066.0 steps 1000 
INFO : 2021-01-28 19:28:30,785 : state_square_error: 6.944 reward_error: 202.644
INFO : 2021-01-28 19:28:48,931 : state_square_error: 6.680 reward_error: 272.322
INFO : 2021-01-28 19:29:07,067 : state_square_error: 13.265 reward_error: 253.400
INFO : 2021-01-28 19:29:25,208 : state_square_error: 1.396 reward_error: 226.595
INFO : 2021-01-28 19:29:43,349 : state_square_error: 0.695 reward_error: 281.332
INFO : 2021-01-28 19:30:01,489 : state_square_error: 22.887 reward_error: 305.184
INFO : 2021-01-28 19:30:19,621 : state_square_error: 2.600 reward_error: 263.251
INFO : 2021-01-28 19:30:37,764 : state_square_error: 30.013 reward_error: 274.043
INFO : 2021-01-28 19:30:55,899 : state_square_error: 16.657 reward_error: 270.992
INFO : 2021-01-28 19:31:14,025 : state_square_error: 4.617 reward_error: 270.960
INFO : 2021-01-28 19:31:31,979 : episode: 54 score: 2890.2 100 games avg: 2890.2 steps 1000 
INFO : 2021-01-28 19:31:52,520 : state_square_error: 1.141 reward_error: 191.924
INFO : 2021-01-28 19:32:10,654 : state_square_error: 4.745 reward_error: 245.751
INFO : 2021-01-28 19:32:28,791 : state_square_error: 6.821 reward_error: 253.977
INFO : 2021-01-28 19:32:46,942 : state_square_error: 16.091 reward_error: 278.655
INFO : 2021-01-28 19:33:05,090 : state_square_error: 3.637 reward_error: 271.235
INFO : 2021-01-28 19:33:23,246 : state_square_error: 1.551 reward_error: 260.089
INFO : 2021-01-28 19:33:41,384 : state_square_error: 7.699 reward_error: 268.349
INFO : 2021-01-28 19:33:59,522 : state_square_error: 1.204 reward_error: 282.278
INFO : 2021-01-28 19:34:17,660 : state_square_error: 1.749 reward_error: 267.142
INFO : 2021-01-28 19:34:35,796 : state_square_error: 7.697 reward_error: 300.085
INFO : 2021-01-28 19:34:53,752 : episode: 55 score: 3050.2 100 games avg: 3050.2 steps 1000 
INFO : 2021-01-28 19:35:14,926 : state_square_error: 7.090 reward_error: 208.863
INFO : 2021-01-28 19:35:33,062 : state_square_error: 7.363 reward_error: 274.989
INFO : 2021-01-28 19:35:51,238 : state_square_error: 3.294 reward_error: 254.107
INFO : 2021-01-28 19:36:09,549 : state_square_error: 7.931 reward_error: 264.698
INFO : 2021-01-28 19:36:27,690 : state_square_error: 7.445 reward_error: 285.408
INFO : 2021-01-28 19:36:45,840 : state_square_error: 5.396 reward_error: 262.451
INFO : 2021-01-28 19:37:03,979 : state_square_error: 2.772 reward_error: 265.765
INFO : 2021-01-28 19:37:22,108 : state_square_error: 25.333 reward_error: 285.088
INFO : 2021-01-28 19:37:40,246 : state_square_error: 1.311 reward_error: 280.247
INFO : 2021-01-28 19:37:58,374 : state_square_error: 25.974 reward_error: 279.964
INFO : 2021-01-28 19:38:16,327 : episode: 56 score: 2959.1 100 games avg: 2959.1 steps 1000 
INFO : 2021-01-28 19:38:37,605 : state_square_error: 2.174 reward_error: 201.716
INFO : 2021-01-28 19:38:55,743 : state_square_error: 11.820 reward_error: 277.807
INFO : 2021-01-28 19:39:13,880 : state_square_error: 6.456 reward_error: 262.969
INFO : 2021-01-28 19:39:32,023 : state_square_error: 5.675 reward_error: 249.158
INFO : 2021-01-28 19:39:50,167 : state_square_error: 4.322 reward_error: 275.950
INFO : 2021-01-28 19:40:08,293 : state_square_error: 9.450 reward_error: 283.329
INFO : 2021-01-28 19:40:26,421 : state_square_error: 6.745 reward_error: 260.760
INFO : 2021-01-28 19:40:44,558 : state_square_error: 2.830 reward_error: 253.127
INFO : 2021-01-28 19:41:02,697 : state_square_error: 2.457 reward_error: 269.858
INFO : 2021-01-28 19:41:20,834 : state_square_error: 2.178 reward_error: 282.386
INFO : 2021-01-28 19:41:38,789 : episode: 57 score: 2831.7 100 games avg: 2831.7 steps 1000 
INFO : 2021-01-28 19:42:00,446 : state_square_error: 2.433 reward_error: 212.097
INFO : 2021-01-28 19:42:18,612 : state_square_error: 1.072 reward_error: 298.622
INFO : 2021-01-28 19:42:36,746 : state_square_error: 30.759 reward_error: 319.276
INFO : 2021-01-28 19:42:54,887 : state_square_error: 14.244 reward_error: 267.159
INFO : 2021-01-28 19:43:13,029 : state_square_error: 0.654 reward_error: 288.436
INFO : 2021-01-28 19:43:31,170 : state_square_error: 3.820 reward_error: 291.575
INFO : 2021-01-28 19:43:49,311 : state_square_error: 1.734 reward_error: 282.988
INFO : 2021-01-28 19:44:07,451 : state_square_error: 5.330 reward_error: 259.064
INFO : 2021-01-28 19:44:25,587 : state_square_error: 6.313 reward_error: 316.355
INFO : 2021-01-28 19:44:43,724 : state_square_error: 3.378 reward_error: 301.098
INFO : 2021-01-28 19:45:01,681 : episode: 58 score: 3136.9 100 games avg: 3136.9 steps 1000 
INFO : 2021-01-28 19:45:23,946 : state_square_error: 14.989 reward_error: 213.092
INFO : 2021-01-28 19:45:42,088 : state_square_error: 15.272 reward_error: 309.612
INFO : 2021-01-28 19:46:00,235 : state_square_error: 7.785 reward_error: 287.801
INFO : 2021-01-28 19:46:18,549 : state_square_error: 2.197 reward_error: 285.871
INFO : 2021-01-28 19:46:36,691 : state_square_error: 2.269 reward_error: 296.858
INFO : 2021-01-28 19:46:54,837 : state_square_error: 0.977 reward_error: 287.332
INFO : 2021-01-28 19:47:12,972 : state_square_error: 7.707 reward_error: 303.972
INFO : 2021-01-28 19:47:31,105 : state_square_error: 2.503 reward_error: 300.994
INFO : 2021-01-28 19:47:49,245 : state_square_error: 4.043 reward_error: 289.725
INFO : 2021-01-28 19:48:07,385 : state_square_error: 15.149 reward_error: 246.549
INFO : 2021-01-28 19:48:25,343 : episode: 59 score: 3208.3 100 games avg: 3208.3 steps 1000 
INFO : 2021-01-28 19:48:47,722 : state_square_error: 1.262 reward_error: 221.466
INFO : 2021-01-28 19:49:05,864 : state_square_error: 6.024 reward_error: 274.883
INFO : 2021-01-28 19:49:23,991 : state_square_error: 5.971 reward_error: 302.654
INFO : 2021-01-28 19:49:42,121 : state_square_error: 5.905 reward_error: 272.744
INFO : 2021-01-28 19:50:00,259 : state_square_error: 3.637 reward_error: 277.608
INFO : 2021-01-28 19:50:18,387 : state_square_error: 1.211 reward_error: 295.435
INFO : 2021-01-28 19:50:36,514 : state_square_error: 0.710 reward_error: 303.426
INFO : 2021-01-28 19:50:54,643 : state_square_error: 3.540 reward_error: 281.835
INFO : 2021-01-28 19:51:12,778 : state_square_error: 3.054 reward_error: 295.461
INFO : 2021-01-28 19:51:30,911 : state_square_error: 2.684 reward_error: 325.820
INFO : 2021-01-28 19:51:48,926 : episode: 60 score: 3271.9 100 games avg: 3271.9 steps 1000 
INFO : 2021-01-28 19:52:11,775 : state_square_error: 1.601 reward_error: 228.798
INFO : 2021-01-28 19:52:29,905 : state_square_error: 14.582 reward_error: 299.642
INFO : 2021-01-28 19:52:48,031 : state_square_error: 2.386 reward_error: 317.535
INFO : 2021-01-28 19:53:06,162 : state_square_error: 1.132 reward_error: 315.661
INFO : 2021-01-28 19:53:24,301 : state_square_error: 4.815 reward_error: 301.104
INFO : 2021-01-28 19:53:42,429 : state_square_error: 1.255 reward_error: 307.508
INFO : 2021-01-28 19:54:00,559 : state_square_error: 0.992 reward_error: 269.817
INFO : 2021-01-28 19:54:18,688 : state_square_error: 7.347 reward_error: 284.880
INFO : 2021-01-28 19:54:36,816 : state_square_error: 18.249 reward_error: 278.592
INFO : 2021-01-28 19:54:54,945 : state_square_error: 3.440 reward_error: 297.991
INFO : 2021-01-28 19:55:12,890 : episode: 61 score: 3348.8 100 games avg: 3348.8 steps 1000 
INFO : 2021-01-28 19:55:36,072 : state_square_error: 4.099 reward_error: 213.855
INFO : 2021-01-28 19:55:54,208 : state_square_error: 4.854 reward_error: 291.112
INFO : 2021-01-28 19:56:12,338 : state_square_error: 2.402 reward_error: 320.453
INFO : 2021-01-28 19:56:30,467 : state_square_error: 4.836 reward_error: 297.889
INFO : 2021-01-28 19:56:48,607 : state_square_error: 2.633 reward_error: 294.227
INFO : 2021-01-28 19:57:06,735 : state_square_error: 2.217 reward_error: 306.368
INFO : 2021-01-28 19:57:24,873 : state_square_error: 2.033 reward_error: 308.404
INFO : 2021-01-28 19:57:43,009 : state_square_error: 0.988 reward_error: 304.874
INFO : 2021-01-28 19:58:01,145 : state_square_error: 1.405 reward_error: 328.353
INFO : 2021-01-28 19:58:19,271 : state_square_error: 12.238 reward_error: 313.119
INFO : 2021-01-28 19:58:37,214 : episode: 62 score: 3294.6 100 games avg: 3294.6 steps 1000 
INFO : 2021-01-28 19:59:00,840 : state_square_error: 2.388 reward_error: 220.442
INFO : 2021-01-28 19:59:18,980 : state_square_error: 2.954 reward_error: 311.545
INFO : 2021-01-28 19:59:37,109 : state_square_error: 10.660 reward_error: 309.449
INFO : 2021-01-28 19:59:55,252 : state_square_error: 0.667 reward_error: 306.381
INFO : 2021-01-28 20:00:13,398 : state_square_error: 23.016 reward_error: 306.066
INFO : 2021-01-28 20:00:31,529 : state_square_error: 36.518 reward_error: 315.023
INFO : 2021-01-28 20:00:49,669 : state_square_error: 1.694 reward_error: 291.377
INFO : 2021-01-28 20:01:07,808 : state_square_error: 4.404 reward_error: 295.289
INFO : 2021-01-28 20:01:25,945 : state_square_error: 5.560 reward_error: 326.557
INFO : 2021-01-28 20:01:44,080 : state_square_error: 3.648 reward_error: 318.516
INFO : 2021-01-28 20:02:02,020 : episode: 63 score: 3329.9 100 games avg: 3329.9 steps 1000 
INFO : 2021-01-28 20:02:26,017 : state_square_error: 11.344 reward_error: 228.337
INFO : 2021-01-28 20:02:44,148 : state_square_error: 5.100 reward_error: 293.687
INFO : 2021-01-28 20:03:02,287 : state_square_error: 14.426 reward_error: 294.882
INFO : 2021-01-28 20:03:20,374 : state_square_error: 13.299 reward_error: 316.746
INFO : 2021-01-28 20:03:38,510 : state_square_error: 1.038 reward_error: 323.408
INFO : 2021-01-28 20:03:56,647 : state_square_error: 3.034 reward_error: 327.506
INFO : 2021-01-28 20:04:14,782 : state_square_error: 5.079 reward_error: 308.586
INFO : 2021-01-28 20:04:32,922 : state_square_error: 12.262 reward_error: 327.664
INFO : 2021-01-28 20:04:51,058 : state_square_error: 3.194 reward_error: 330.187
INFO : 2021-01-28 20:05:09,197 : state_square_error: 4.656 reward_error: 319.559
INFO : 2021-01-28 20:05:27,177 : episode: 64 score: 3275.8 100 games avg: 3275.8 steps 1000 
INFO : 2021-01-28 20:05:51,514 : state_square_error: 2.180 reward_error: 240.067
INFO : 2021-01-28 20:06:09,673 : state_square_error: 1.280 reward_error: 319.499
INFO : 2021-01-28 20:06:27,821 : state_square_error: 1.542 reward_error: 300.663
INFO : 2021-01-28 20:06:45,872 : state_square_error: 1.948 reward_error: 307.416
INFO : 2021-01-28 20:07:04,011 : state_square_error: 6.174 reward_error: 321.771
INFO : 2021-01-28 20:07:22,152 : state_square_error: 3.683 reward_error: 315.930
INFO : 2021-01-28 20:07:40,290 : state_square_error: 2.745 reward_error: 316.153
INFO : 2021-01-28 20:07:58,437 : state_square_error: 6.366 reward_error: 330.719
INFO : 2021-01-28 20:08:16,575 : state_square_error: 15.383 reward_error: 319.611
INFO : 2021-01-28 20:08:34,717 : state_square_error: 3.162 reward_error: 297.972
INFO : 2021-01-28 20:08:52,673 : episode: 65 score: 3483.2 100 games avg: 3483.2 steps 1000 
INFO : 2021-01-28 20:09:17,283 : state_square_error: 2.600 reward_error: 237.981
INFO : 2021-01-28 20:09:35,423 : state_square_error: 17.266 reward_error: 320.067
INFO : 2021-01-28 20:09:53,560 : state_square_error: 8.528 reward_error: 319.245
INFO : 2021-01-28 20:10:11,694 : state_square_error: 4.580 reward_error: 315.506
INFO : 2021-01-28 20:10:29,812 : state_square_error: 3.553 reward_error: 349.563
INFO : 2021-01-28 20:10:47,947 : state_square_error: 5.873 reward_error: 332.396
INFO : 2021-01-28 20:11:06,085 : state_square_error: 10.390 reward_error: 331.589
INFO : 2021-01-28 20:11:24,218 : state_square_error: 1.444 reward_error: 318.314
INFO : 2021-01-28 20:11:42,349 : state_square_error: 2.877 reward_error: 336.045
INFO : 2021-01-28 20:12:00,486 : state_square_error: 3.363 reward_error: 341.444
INFO : 2021-01-28 20:12:18,426 : episode: 66 score: 3532.0 100 games avg: 3532.0 steps 1000 
INFO : 2021-01-28 20:12:43,509 : state_square_error: 2.915 reward_error: 243.992
INFO : 2021-01-28 20:13:01,642 : state_square_error: 2.459 reward_error: 336.008
INFO : 2021-01-28 20:13:19,781 : state_square_error: 0.819 reward_error: 352.101
INFO : 2021-01-28 20:13:37,922 : state_square_error: 10.846 reward_error: 328.057
INFO : 2021-01-28 20:13:56,059 : state_square_error: 2.379 reward_error: 336.549
INFO : 2021-01-28 20:14:14,191 : state_square_error: 13.794 reward_error: 362.358
INFO : 2021-01-28 20:14:32,323 : state_square_error: 3.513 reward_error: 333.603
INFO : 2021-01-28 20:14:50,460 : state_square_error: 1.370 reward_error: 361.515
INFO : 2021-01-28 20:15:08,643 : state_square_error: 0.996 reward_error: 324.524
INFO : 2021-01-28 20:15:26,766 : state_square_error: 5.760 reward_error: 324.654
INFO : 2021-01-28 20:15:44,720 : episode: 67 score: 3649.7 100 games avg: 3649.7 steps 1000 
INFO : 2021-01-28 20:16:10,255 : state_square_error: 0.527 reward_error: 248.507
INFO : 2021-01-28 20:16:28,384 : state_square_error: 4.076 reward_error: 345.491
INFO : 2021-01-28 20:16:46,522 : state_square_error: 0.788 reward_error: 333.001
INFO : 2021-01-28 20:17:04,651 : state_square_error: 6.058 reward_error: 333.137
INFO : 2021-01-28 20:17:22,789 : state_square_error: 9.076 reward_error: 322.939
INFO : 2021-01-28 20:17:40,918 : state_square_error: 10.608 reward_error: 329.553
INFO : 2021-01-28 20:17:59,045 : state_square_error: 5.737 reward_error: 341.629
INFO : 2021-01-28 20:18:17,174 : state_square_error: 2.434 reward_error: 335.157
INFO : 2021-01-28 20:18:35,322 : state_square_error: 2.134 reward_error: 339.615
INFO : 2021-01-28 20:18:53,461 : state_square_error: 2.835 reward_error: 337.019
INFO : 2021-01-28 20:19:11,418 : episode: 68 score: 3531.5 100 games avg: 3531.5 steps 1000 
INFO : 2021-01-28 20:19:37,273 : state_square_error: 4.068 reward_error: 240.693
INFO : 2021-01-28 20:19:55,404 : state_square_error: 5.175 reward_error: 350.347
INFO : 2021-01-28 20:20:13,542 : state_square_error: 2.929 reward_error: 354.462
INFO : 2021-01-28 20:20:31,682 : state_square_error: 4.680 reward_error: 350.468
INFO : 2021-01-28 20:20:49,820 : state_square_error: 1.643 reward_error: 318.317
INFO : 2021-01-28 20:21:08,006 : state_square_error: 6.819 reward_error: 340.470
INFO : 2021-01-28 20:21:26,187 : state_square_error: 3.541 reward_error: 331.295
INFO : 2021-01-28 20:21:44,354 : state_square_error: 5.920 reward_error: 333.702
INFO : 2021-01-28 20:22:02,495 : state_square_error: 9.486 reward_error: 354.032
INFO : 2021-01-28 20:22:20,626 : state_square_error: 2.736 reward_error: 330.193
INFO : 2021-01-28 20:22:38,614 : episode: 69 score: 3548.0 100 games avg: 3548.0 steps 1000 
INFO : 2021-01-28 20:23:05,432 : state_square_error: 1.377 reward_error: 250.087
INFO : 2021-01-28 20:23:23,628 : state_square_error: 8.026 reward_error: 354.510
INFO : 2021-01-28 20:23:41,759 : state_square_error: 5.637 reward_error: 344.073
INFO : 2021-01-28 20:23:59,890 : state_square_error: 6.817 reward_error: 339.212
INFO : 2021-01-28 20:24:18,030 : state_square_error: 2.958 reward_error: 353.119
INFO : 2021-01-28 20:24:36,170 : state_square_error: 1.639 reward_error: 336.044
INFO : 2021-01-28 20:24:54,306 : state_square_error: 7.185 reward_error: 342.574
INFO : 2021-01-28 20:25:12,448 : state_square_error: 8.771 reward_error: 352.298
INFO : 2021-01-28 20:25:30,588 : state_square_error: 4.834 reward_error: 355.908
INFO : 2021-01-28 20:25:48,717 : state_square_error: 11.439 reward_error: 380.846
INFO : 2021-01-28 20:26:06,673 : episode: 70 score: 3708.4 100 games avg: 3708.4 steps 1000 
INFO : 2021-01-28 20:26:33,226 : state_square_error: 9.007 reward_error: 249.989
INFO : 2021-01-28 20:26:51,362 : state_square_error: 8.274 reward_error: 337.223
INFO : 2021-01-28 20:27:09,529 : state_square_error: 2.164 reward_error: 346.281
INFO : 2021-01-28 20:27:27,672 : state_square_error: 0.964 reward_error: 359.188
INFO : 2021-01-28 20:27:45,815 : state_square_error: 1.102 reward_error: 326.295
INFO : 2021-01-28 20:28:03,944 : state_square_error: 7.159 reward_error: 371.780
INFO : 2021-01-28 20:28:22,083 : state_square_error: 3.943 reward_error: 350.243
INFO : 2021-01-28 20:28:40,221 : state_square_error: 1.487 reward_error: 380.930
INFO : 2021-01-28 20:28:58,359 : state_square_error: 6.238 reward_error: 366.231
INFO : 2021-01-28 20:29:16,496 : state_square_error: 3.435 reward_error: 357.052
INFO : 2021-01-28 20:29:34,452 : episode: 71 score: 3721.5 100 games avg: 3721.5 steps 1000 
INFO : 2021-01-28 20:30:01,380 : state_square_error: 3.980 reward_error: 273.966
INFO : 2021-01-28 20:30:19,528 : state_square_error: 4.754 reward_error: 334.127
INFO : 2021-01-28 20:30:37,666 : state_square_error: 3.996 reward_error: 380.658
INFO : 2021-01-28 20:30:55,800 : state_square_error: 6.403 reward_error: 377.796
INFO : 2021-01-28 20:31:13,945 : state_square_error: 8.602 reward_error: 356.267
INFO : 2021-01-28 20:31:32,075 : state_square_error: 3.146 reward_error: 358.861
INFO : 2021-01-28 20:31:50,212 : state_square_error: 16.890 reward_error: 329.646
INFO : 2021-01-28 20:32:08,351 : state_square_error: 14.391 reward_error: 365.893
INFO : 2021-01-28 20:32:26,481 : state_square_error: 1.786 reward_error: 360.974
INFO : 2021-01-28 20:32:44,620 : state_square_error: 2.453 reward_error: 361.584
INFO : 2021-01-28 20:33:02,610 : episode: 72 score: 3639.0 100 games avg: 3639.0 steps 1000 
INFO : 2021-01-28 20:33:29,972 : state_square_error: 0.861 reward_error: 263.900
INFO : 2021-01-28 20:33:48,105 : state_square_error: 3.670 reward_error: 338.706
INFO : 2021-01-28 20:34:06,236 : state_square_error: 26.834 reward_error: 336.325
INFO : 2021-01-28 20:34:24,400 : state_square_error: 3.372 reward_error: 365.309
INFO : 2021-01-28 20:34:42,539 : state_square_error: 18.798 reward_error: 354.754
INFO : 2021-01-28 20:35:00,667 : state_square_error: 23.651 reward_error: 376.656
INFO : 2021-01-28 20:35:18,817 : state_square_error: 2.911 reward_error: 341.236
INFO : 2021-01-28 20:35:36,957 : state_square_error: 2.672 reward_error: 343.860
INFO : 2021-01-28 20:35:55,097 : state_square_error: 11.169 reward_error: 364.458
INFO : 2021-01-28 20:36:13,263 : state_square_error: 3.931 reward_error: 342.991
INFO : 2021-01-28 20:36:31,218 : episode: 73 score: 3428.3 100 games avg: 3428.3 steps 1000 
INFO : 2021-01-28 20:36:59,022 : state_square_error: 0.242 reward_error: 256.336
INFO : 2021-01-28 20:37:17,157 : state_square_error: 6.196 reward_error: 361.497
INFO : 2021-01-28 20:37:35,287 : state_square_error: 4.694 reward_error: 353.936
INFO : 2021-01-28 20:37:53,415 : state_square_error: 12.560 reward_error: 361.229
INFO : 2021-01-28 20:38:11,552 : state_square_error: 4.892 reward_error: 350.976
INFO : 2021-01-28 20:38:29,690 : state_square_error: 3.571 reward_error: 357.089
INFO : 2021-01-28 20:38:47,827 : state_square_error: 1.372 reward_error: 353.109
INFO : 2021-01-28 20:39:06,010 : state_square_error: 3.416 reward_error: 374.332
INFO : 2021-01-28 20:39:24,173 : state_square_error: 1.877 reward_error: 397.152
INFO : 2021-01-28 20:39:42,303 : state_square_error: 1.172 reward_error: 388.346
INFO : 2021-01-28 20:40:00,259 : episode: 74 score: 3549.8 100 games avg: 3549.8 steps 1000 
INFO : 2021-01-28 20:40:28,731 : state_square_error: 1.904 reward_error: 270.579
INFO : 2021-01-28 20:40:46,862 : state_square_error: 11.225 reward_error: 374.378
INFO : 2021-01-28 20:41:04,997 : state_square_error: 3.412 reward_error: 349.888
INFO : 2021-01-28 20:41:23,133 : state_square_error: 2.245 reward_error: 377.796
INFO : 2021-01-28 20:41:41,272 : state_square_error: 5.485 reward_error: 379.522
INFO : 2021-01-28 20:41:59,411 : state_square_error: 9.823 reward_error: 395.356
INFO : 2021-01-28 20:42:17,561 : state_square_error: 5.370 reward_error: 374.548
INFO : 2021-01-28 20:42:35,694 : state_square_error: 2.384 reward_error: 373.767
INFO : 2021-01-28 20:42:53,824 : state_square_error: 3.916 reward_error: 358.825
INFO : 2021-01-28 20:43:11,961 : state_square_error: 0.786 reward_error: 379.179
INFO : 2021-01-28 20:43:29,917 : episode: 75 score: 3663.4 100 games avg: 3663.4 steps 1000 
INFO : 2021-01-28 20:43:58,290 : state_square_error: 2.436 reward_error: 279.671
INFO : 2021-01-28 20:44:16,419 : state_square_error: 2.004 reward_error: 357.597
INFO : 2021-01-28 20:44:34,555 : state_square_error: 5.050 reward_error: 381.922
INFO : 2021-01-28 20:44:52,696 : state_square_error: 1.212 reward_error: 376.282
INFO : 2021-01-28 20:45:10,835 : state_square_error: 1.853 reward_error: 377.312
INFO : 2021-01-28 20:45:28,970 : state_square_error: 0.666 reward_error: 377.208
INFO : 2021-01-28 20:45:47,105 : state_square_error: 1.288 reward_error: 371.838
INFO : 2021-01-28 20:46:05,245 : state_square_error: 5.472 reward_error: 375.251
INFO : 2021-01-28 20:46:23,382 : state_square_error: 1.599 reward_error: 380.797
INFO : 2021-01-28 20:46:41,520 : state_square_error: 5.096 reward_error: 395.007
INFO : 2021-01-28 20:46:59,479 : episode: 76 score: 3636.8 100 games avg: 3636.8 steps 1000 
INFO : 2021-01-28 20:47:28,580 : state_square_error: 1.712 reward_error: 275.536
INFO : 2021-01-28 20:47:46,717 : state_square_error: 7.279 reward_error: 352.467
INFO : 2021-01-28 20:48:04,858 : state_square_error: 1.933 reward_error: 365.008
INFO : 2021-01-28 20:48:22,995 : state_square_error: 3.525 reward_error: 357.564
INFO : 2021-01-28 20:48:41,130 : state_square_error: 2.101 reward_error: 383.826
INFO : 2021-01-28 20:48:59,269 : state_square_error: 9.274 reward_error: 359.218
INFO : 2021-01-28 20:49:17,408 : state_square_error: 6.922 reward_error: 365.914
INFO : 2021-01-28 20:49:35,539 : state_square_error: 11.795 reward_error: 378.529
INFO : 2021-01-28 20:49:53,674 : state_square_error: 6.464 reward_error: 391.552
INFO : 2021-01-28 20:50:11,814 : state_square_error: 8.296 reward_error: 383.972
INFO : 2021-01-28 20:50:29,768 : episode: 77 score: 3582.7 100 games avg: 3582.7 steps 1000 
INFO : 2021-01-28 20:50:58,978 : state_square_error: 3.426 reward_error: 277.047
INFO : 2021-01-28 20:51:17,106 : state_square_error: 2.836 reward_error: 363.001
INFO : 2021-01-28 20:51:35,240 : state_square_error: 5.816 reward_error: 350.423
INFO : 2021-01-28 20:51:53,376 : state_square_error: 0.969 reward_error: 378.539
INFO : 2021-01-28 20:52:11,513 : state_square_error: 0.608 reward_error: 362.950
INFO : 2021-01-28 20:52:29,648 : state_square_error: 0.841 reward_error: 397.103
INFO : 2021-01-28 20:52:47,782 : state_square_error: 3.383 reward_error: 397.595
INFO : 2021-01-28 20:53:05,914 : state_square_error: 4.627 reward_error: 361.320
INFO : 2021-01-28 20:53:24,051 : state_square_error: 11.124 reward_error: 374.298
INFO : 2021-01-28 20:53:42,184 : state_square_error: 15.438 reward_error: 392.541
INFO : 2021-01-28 20:54:00,139 : episode: 78 score: 3750.7 100 games avg: 3750.7 steps 1000 
INFO : 2021-01-28 20:54:29,725 : state_square_error: 1.478 reward_error: 270.512
INFO : 2021-01-28 20:54:47,854 : state_square_error: 10.710 reward_error: 385.294
INFO : 2021-01-28 20:55:05,992 : state_square_error: 4.561 reward_error: 379.281
INFO : 2021-01-28 20:55:24,134 : state_square_error: 3.734 reward_error: 375.255
INFO : 2021-01-28 20:55:42,274 : state_square_error: 1.753 reward_error: 372.519
INFO : 2021-01-28 20:56:00,410 : state_square_error: 8.759 reward_error: 386.949
INFO : 2021-01-28 20:56:18,543 : state_square_error: 1.921 reward_error: 369.551
INFO : 2021-01-28 20:56:36,674 : state_square_error: 1.477 reward_error: 364.954
INFO : 2021-01-28 20:56:54,810 : state_square_error: 17.582 reward_error: 381.951
INFO : 2021-01-28 20:57:12,962 : state_square_error: 8.127 reward_error: 385.568
INFO : 2021-01-28 20:57:30,915 : episode: 79 score: 3683.3 100 games avg: 3683.3 steps 1000 
INFO : 2021-01-28 20:58:00,682 : state_square_error: 2.717 reward_error: 278.283
INFO : 2021-01-28 20:58:18,824 : state_square_error: 9.461 reward_error: 406.262
INFO : 2021-01-28 20:58:36,962 : state_square_error: 3.448 reward_error: 377.077
INFO : 2021-01-28 20:58:55,105 : state_square_error: 5.928 reward_error: 400.619
INFO : 2021-01-28 20:59:13,249 : state_square_error: 4.269 reward_error: 396.830
INFO : 2021-01-28 20:59:31,380 : state_square_error: 22.337 reward_error: 427.119
INFO : 2021-01-28 20:59:49,511 : state_square_error: 6.117 reward_error: 389.244
INFO : 2021-01-28 21:00:07,651 : state_square_error: 0.805 reward_error: 361.138
INFO : 2021-01-28 21:00:25,792 : state_square_error: 1.430 reward_error: 377.775
INFO : 2021-01-28 21:00:43,932 : state_square_error: 20.934 reward_error: 382.214
INFO : 2021-01-28 21:01:01,880 : episode: 80 score: 3558.5 100 games avg: 3558.5 steps 1000 
INFO : 2021-01-28 21:01:32,157 : state_square_error: 5.228 reward_error: 292.701
INFO : 2021-01-28 21:01:50,278 : state_square_error: 2.088 reward_error: 400.163
INFO : 2021-01-28 21:02:08,415 : state_square_error: 7.484 reward_error: 378.001
INFO : 2021-01-28 21:02:26,556 : state_square_error: 17.368 reward_error: 396.124
INFO : 2021-01-28 21:02:44,699 : state_square_error: 6.898 reward_error: 385.339
INFO : 2021-01-28 21:03:02,859 : state_square_error: 11.579 reward_error: 370.120
INFO : 2021-01-28 21:03:21,000 : state_square_error: 21.192 reward_error: 398.046
INFO : 2021-01-28 21:03:39,135 : state_square_error: 9.770 reward_error: 396.587
INFO : 2021-01-28 21:03:57,267 : state_square_error: 2.383 reward_error: 389.558
INFO : 2021-01-28 21:04:15,400 : state_square_error: 2.115 reward_error: 384.751
INFO : 2021-01-28 21:04:33,382 : episode: 81 score: 3591.4 100 games avg: 3591.4 steps 1000 
INFO : 2021-01-28 21:05:04,017 : state_square_error: 10.828 reward_error: 284.164
INFO : 2021-01-28 21:05:22,146 : state_square_error: 23.315 reward_error: 399.744
INFO : 2021-01-28 21:05:40,282 : state_square_error: 13.829 reward_error: 416.426
INFO : 2021-01-28 21:05:58,417 : state_square_error: 0.658 reward_error: 367.827
INFO : 2021-01-28 21:06:16,604 : state_square_error: 0.876 reward_error: 374.200
INFO : 2021-01-28 21:06:34,739 : state_square_error: 21.392 reward_error: 385.210
INFO : 2021-01-28 21:06:52,874 : state_square_error: 11.733 reward_error: 414.488
INFO : 2021-01-28 21:07:11,013 : state_square_error: 0.689 reward_error: 381.144
INFO : 2021-01-28 21:07:29,148 : state_square_error: 18.627 reward_error: 355.369
INFO : 2021-01-28 21:07:47,283 : state_square_error: 2.571 reward_error: 433.032
INFO : 2021-01-28 21:08:05,239 : episode: 82 score: 3793.0 100 games avg: 3793.0 steps 1000 
INFO : 2021-01-28 21:08:36,395 : state_square_error: 1.400 reward_error: 297.546
INFO : 2021-01-28 21:08:54,532 : state_square_error: 24.429 reward_error: 394.611
INFO : 2021-01-28 21:09:12,682 : state_square_error: 17.863 reward_error: 417.322
INFO : 2021-01-28 21:09:30,823 : state_square_error: 2.707 reward_error: 400.854
INFO : 2021-01-28 21:09:48,963 : state_square_error: 4.153 reward_error: 385.149
INFO : 2021-01-28 21:10:07,102 : state_square_error: 1.285 reward_error: 394.506
INFO : 2021-01-28 21:10:25,239 : state_square_error: 1.283 reward_error: 387.685
INFO : 2021-01-28 21:10:43,377 : state_square_error: 3.273 reward_error: 379.753
INFO : 2021-01-28 21:11:01,561 : state_square_error: 4.455 reward_error: 394.834
INFO : 2021-01-28 21:11:19,730 : state_square_error: 2.273 reward_error: 395.427
INFO : 2021-01-28 21:11:37,746 : episode: 83 score: 3651.3 100 games avg: 3651.3 steps 1000 
INFO : 2021-01-28 21:12:09,277 : state_square_error: 2.927 reward_error: 310.689
INFO : 2021-01-28 21:12:27,460 : state_square_error: 12.294 reward_error: 389.992
INFO : 2021-01-28 21:12:45,605 : state_square_error: 2.910 reward_error: 384.571
INFO : 2021-01-28 21:13:03,744 : state_square_error: 13.414 reward_error: 389.585
INFO : 2021-01-28 21:13:21,884 : state_square_error: 2.858 reward_error: 393.169
INFO : 2021-01-28 21:13:40,018 : state_square_error: 7.036 reward_error: 395.347
INFO : 2021-01-28 21:13:58,156 : state_square_error: 8.723 reward_error: 398.800
INFO : 2021-01-28 21:14:16,295 : state_square_error: 0.675 reward_error: 399.460
INFO : 2021-01-28 21:14:34,436 : state_square_error: 20.200 reward_error: 394.876
INFO : 2021-01-28 21:14:52,572 : state_square_error: 7.296 reward_error: 411.115
INFO : 2021-01-28 21:15:10,534 : episode: 84 score: 3776.5 100 games avg: 3776.5 steps 1000 
INFO : 2021-01-28 21:15:42,320 : state_square_error: 0.472 reward_error: 272.046
INFO : 2021-01-28 21:16:00,452 : state_square_error: 0.663 reward_error: 395.271
INFO : 2021-01-28 21:16:18,595 : state_square_error: 2.298 reward_error: 374.694
INFO : 2021-01-28 21:16:36,735 : state_square_error: 15.693 reward_error: 385.706
INFO : 2021-01-28 21:16:54,874 : state_square_error: 2.165 reward_error: 411.534
INFO : 2021-01-28 21:17:13,012 : state_square_error: 23.329 reward_error: 386.844
INFO : 2021-01-28 21:17:31,150 : state_square_error: 1.631 reward_error: 381.517
INFO : 2021-01-28 21:17:49,291 : state_square_error: 2.283 reward_error: 415.924
INFO : 2021-01-28 21:18:07,441 : state_square_error: 0.327 reward_error: 384.283
INFO : 2021-01-28 21:18:25,581 : state_square_error: 33.502 reward_error: 405.728
INFO : 2021-01-28 21:18:43,540 : episode: 85 score: 3752.5 100 games avg: 3752.5 steps 1000 
INFO : 2021-01-28 21:19:15,766 : state_square_error: 3.235 reward_error: 300.025
INFO : 2021-01-28 21:19:33,901 : state_square_error: 2.378 reward_error: 396.804
INFO : 2021-01-28 21:19:52,140 : state_square_error: 4.706 reward_error: 408.084
INFO : 2021-01-28 21:20:10,389 : state_square_error: 0.925 reward_error: 382.411
INFO : 2021-01-28 21:20:28,624 : state_square_error: 11.454 reward_error: 394.261
INFO : 2021-01-28 21:20:46,751 : state_square_error: 3.161 reward_error: 404.915
INFO : 2021-01-28 21:21:04,877 : state_square_error: 3.952 reward_error: 394.055
INFO : 2021-01-28 21:21:23,016 : state_square_error: 8.466 reward_error: 418.031
INFO : 2021-01-28 21:21:41,153 : state_square_error: 5.850 reward_error: 418.232
INFO : 2021-01-28 21:21:59,294 : state_square_error: 4.920 reward_error: 402.710
INFO : 2021-01-28 21:22:17,244 : episode: 86 score: 3926.1 100 games avg: 3926.1 steps 1000 
INFO : 2021-01-28 21:22:49,750 : state_square_error: 2.565 reward_error: 291.828
INFO : 2021-01-28 21:23:07,883 : state_square_error: 9.589 reward_error: 385.562
INFO : 2021-01-28 21:23:26,021 : state_square_error: 19.436 reward_error: 416.577
INFO : 2021-01-28 21:23:44,162 : state_square_error: 2.705 reward_error: 409.184
INFO : 2021-01-28 21:24:02,305 : state_square_error: 15.740 reward_error: 407.628
INFO : 2021-01-28 21:24:20,455 : state_square_error: 10.704 reward_error: 398.237
INFO : 2021-01-28 21:24:38,579 : state_square_error: 0.948 reward_error: 414.246
INFO : 2021-01-28 21:24:56,702 : state_square_error: 4.886 reward_error: 411.205
INFO : 2021-01-28 21:25:14,828 : state_square_error: 8.067 reward_error: 421.995
INFO : 2021-01-28 21:25:32,969 : state_square_error: 8.269 reward_error: 420.736
INFO : 2021-01-28 21:25:50,929 : episode: 87 score: 3798.8 100 games avg: 3798.8 steps 1000 
INFO : 2021-01-28 21:26:23,926 : state_square_error: 0.768 reward_error: 290.056
INFO : 2021-01-28 21:26:42,059 : state_square_error: 6.061 reward_error: 398.588
INFO : 2021-01-28 21:27:00,199 : state_square_error: 9.467 reward_error: 389.073
INFO : 2021-01-28 21:27:18,359 : state_square_error: 4.542 reward_error: 417.778
INFO : 2021-01-28 21:27:36,502 : state_square_error: 12.421 reward_error: 412.934
INFO : 2021-01-28 21:27:54,638 : state_square_error: 15.876 reward_error: 400.164
INFO : 2021-01-28 21:28:12,771 : state_square_error: 5.479 reward_error: 448.862
INFO : 2021-01-28 21:28:30,905 : state_square_error: 3.302 reward_error: 406.453
INFO : 2021-01-28 21:28:49,041 : state_square_error: 1.646 reward_error: 373.245
INFO : 2021-01-28 21:29:07,176 : state_square_error: 1.510 reward_error: 419.098
INFO : 2021-01-28 21:29:25,133 : episode: 88 score: 3879.5 100 games avg: 3879.5 steps 1000 
INFO : 2021-01-28 21:29:58,377 : state_square_error: 4.308 reward_error: 288.592
INFO : 2021-01-28 21:30:16,521 : state_square_error: 4.090 reward_error: 413.345
INFO : 2021-01-28 21:30:34,657 : state_square_error: 3.138 reward_error: 408.603
INFO : 2021-01-28 21:30:52,800 : state_square_error: 1.284 reward_error: 418.466
INFO : 2021-01-28 21:31:10,943 : state_square_error: 4.354 reward_error: 390.429
INFO : 2021-01-28 21:31:29,081 : state_square_error: 2.733 reward_error: 142.530
INFO : 2021-01-28 21:31:47,223 : state_square_error: 7.076 reward_error: 127.802
INFO : 2021-01-28 21:32:05,364 : state_square_error: 5.519 reward_error: 149.760
INFO : 2021-01-28 21:32:23,502 : state_square_error: 1.638 reward_error: 131.589
INFO : 2021-01-28 21:32:41,640 : state_square_error: 0.433 reward_error: 134.526
INFO : 2021-01-28 21:32:59,596 : episode: 89 score: 1444.7 100 games avg: 1444.7 steps 1000 
INFO : 2021-01-28 21:33:33,235 : state_square_error: 10.155 reward_error: 302.639
INFO : 2021-01-28 21:33:51,339 : state_square_error: 2.794 reward_error: 412.888
INFO : 2021-01-28 21:34:09,475 : state_square_error: 10.382 reward_error: 402.188
INFO : 2021-01-28 21:34:27,617 : state_square_error: 1.749 reward_error: 416.168
INFO : 2021-01-28 21:34:45,756 : state_square_error: 2.236 reward_error: 417.803
INFO : 2021-01-28 21:35:03,824 : state_square_error: 4.738 reward_error: 434.009
INFO : 2021-01-28 21:35:21,962 : state_square_error: 10.120 reward_error: 428.683
INFO : 2021-01-28 21:35:40,102 : state_square_error: 5.048 reward_error: 409.248
INFO : 2021-01-28 21:35:58,242 : state_square_error: 3.690 reward_error: 424.934
INFO : 2021-01-28 21:36:16,390 : state_square_error: 4.526 reward_error: 436.865
INFO : 2021-01-28 21:36:34,346 : episode: 90 score: 3871.7 100 games avg: 3871.7 steps 1000 
INFO : 2021-01-28 21:37:08,390 : state_square_error: 1.623 reward_error: 311.442
INFO : 2021-01-28 21:37:26,523 : state_square_error: 21.833 reward_error: 406.963
INFO : 2021-01-28 21:37:44,665 : state_square_error: 9.557 reward_error: 402.615
INFO : 2021-01-28 21:38:02,812 : state_square_error: 1.510 reward_error: 411.403
INFO : 2021-01-28 21:38:20,947 : state_square_error: 4.694 reward_error: 423.715
INFO : 2021-01-28 21:38:39,091 : state_square_error: 1.484 reward_error: 427.250
INFO : 2021-01-28 21:38:57,230 : state_square_error: 9.257 reward_error: 393.179
INFO : 2021-01-28 21:39:15,369 : state_square_error: 2.512 reward_error: 423.037
INFO : 2021-01-28 21:39:33,505 : state_square_error: 3.106 reward_error: 410.560
INFO : 2021-01-28 21:39:51,643 : state_square_error: 5.149 reward_error: 401.986
INFO : 2021-01-28 21:40:09,597 : episode: 91 score: 3868.6 100 games avg: 3868.6 steps 1000 
INFO : 2021-01-28 21:40:44,048 : state_square_error: 1.945 reward_error: 314.605
INFO : 2021-01-28 21:41:02,191 : state_square_error: 9.621 reward_error: 414.224
INFO : 2021-01-28 21:41:20,330 : state_square_error: 0.944 reward_error: 437.219
INFO : 2021-01-28 21:41:38,472 : state_square_error: 2.005 reward_error: 410.673
INFO : 2021-01-28 21:41:56,611 : state_square_error: 13.028 reward_error: 418.679
INFO : 2021-01-28 21:42:14,750 : state_square_error: 1.122 reward_error: 404.541
INFO : 2021-01-28 21:42:32,887 : state_square_error: 15.996 reward_error: 415.973
INFO : 2021-01-28 21:42:51,027 : state_square_error: 1.081 reward_error: 389.658
INFO : 2021-01-28 21:43:09,165 : state_square_error: 9.413 reward_error: 438.442
INFO : 2021-01-28 21:43:27,306 : state_square_error: 2.885 reward_error: 409.423
INFO : 2021-01-28 21:43:45,336 : episode: 92 score: 3819.5 100 games avg: 3819.5 steps 1000 
INFO : 2021-01-28 21:44:20,142 : state_square_error: 2.403 reward_error: 310.341
INFO : 2021-01-28 21:44:38,275 : state_square_error: 5.453 reward_error: 425.093
INFO : 2021-01-28 21:44:56,407 : state_square_error: 5.204 reward_error: 414.954
INFO : 2021-01-28 21:45:14,610 : state_square_error: 2.667 reward_error: 397.979
INFO : 2021-01-28 21:45:32,747 : state_square_error: 1.805 reward_error: 407.125
INFO : 2021-01-28 21:45:50,889 : state_square_error: 1.599 reward_error: 413.070
INFO : 2021-01-28 21:46:09,033 : state_square_error: 1.237 reward_error: 482.090
INFO : 2021-01-28 21:46:27,170 : state_square_error: 2.223 reward_error: 419.911
INFO : 2021-01-28 21:46:45,304 : state_square_error: 23.484 reward_error: 434.719
INFO : 2021-01-28 21:47:03,440 : state_square_error: 4.228 reward_error: 414.318
INFO : 2021-01-28 21:47:21,393 : episode: 93 score: 3549.7 100 games avg: 3549.7 steps 1000 
INFO : 2021-01-28 21:47:56,831 : state_square_error: 0.775 reward_error: 311.765
INFO : 2021-01-28 21:48:14,989 : state_square_error: 1.739 reward_error: 430.914
INFO : 2021-01-28 21:48:33,131 : state_square_error: 1.102 reward_error: 392.383
INFO : 2021-01-28 21:48:51,275 : state_square_error: 1.928 reward_error: 430.023
INFO : 2021-01-28 21:49:09,415 : state_square_error: 0.630 reward_error: 426.110
INFO : 2021-01-28 21:49:27,555 : state_square_error: 6.591 reward_error: 412.429
INFO : 2021-01-28 21:49:45,699 : state_square_error: 6.679 reward_error: 417.930
INFO : 2021-01-28 21:50:03,841 : state_square_error: 1.236 reward_error: 435.680
INFO : 2021-01-28 21:50:21,978 : state_square_error: 3.634 reward_error: 449.983
INFO : 2021-01-28 21:50:40,117 : state_square_error: 25.188 reward_error: 430.740
INFO : 2021-01-28 21:50:58,077 : episode: 94 score: 3898.9 100 games avg: 3898.9 steps 1000 
INFO : 2021-01-28 21:51:33,518 : state_square_error: 1.753 reward_error: 290.094
INFO : 2021-01-28 21:51:51,662 : state_square_error: 10.609 reward_error: 416.146
INFO : 2021-01-28 21:52:09,844 : state_square_error: 2.516 reward_error: 439.000
INFO : 2021-01-28 21:52:28,467 : state_square_error: 2.955 reward_error: 417.335
INFO : 2021-01-28 21:52:46,759 : state_square_error: 1.882 reward_error: 402.843
INFO : 2021-01-28 21:53:04,488 : state_square_error: 2.146 reward_error: 425.467
INFO : 2021-01-28 21:53:22,882 : state_square_error: 2.508 reward_error: 416.297
INFO : 2021-01-28 21:53:41,283 : state_square_error: 16.381 reward_error: 404.972
INFO : 2021-01-28 21:53:59,685 : state_square_error: 1.745 reward_error: 167.487
INFO : 2021-01-28 21:54:18,238 : state_square_error: 4.070 reward_error: 163.481
INFO : 2021-01-28 21:54:36,161 : episode: 95 score: 2683.2 100 games avg: 2683.2 steps 1000 
INFO : 2021-01-28 21:55:05,468 : state_square_error: 4.354 reward_error: 313.970
INFO : 2021-01-28 21:55:23,591 : state_square_error: 5.971 reward_error: 492.526
INFO : 2021-01-28 21:55:42,245 : state_square_error: 1.834 reward_error: 431.673
INFO : 2021-01-28 21:56:00,700 : state_square_error: 3.723 reward_error: 376.322
INFO : 2021-01-28 21:56:19,069 : state_square_error: 2.984 reward_error: 422.912
INFO : 2021-01-28 21:56:37,303 : state_square_error: 3.782 reward_error: 456.364
INFO : 2021-01-28 21:56:55,718 : state_square_error: 2.551 reward_error: 422.812
INFO : 2021-01-28 21:57:14,041 : state_square_error: 3.342 reward_error: 415.783
INFO : 2021-01-28 21:57:32,222 : state_square_error: 2.360 reward_error: 419.718
INFO : 2021-01-28 21:57:50,807 : state_square_error: 6.428 reward_error: 424.116
INFO : 2021-01-28 21:58:08,916 : episode: 96 score: 3771.0 100 games avg: 3771.0 steps 1000 
INFO : 2021-01-28 21:58:38,458 : state_square_error: 0.677 reward_error: 308.854
INFO : 2021-01-28 21:58:56,663 : state_square_error: 2.909 reward_error: 422.151
INFO : 2021-01-28 21:59:15,379 : state_square_error: 6.282 reward_error: 412.482
INFO : 2021-01-28 21:59:34,208 : state_square_error: 1.089 reward_error: 411.872
INFO : 2021-01-28 21:59:52,338 : state_square_error: 1.152 reward_error: 395.599
INFO : 2021-01-28 22:00:10,570 : state_square_error: 21.113 reward_error: 443.625
INFO : 2021-01-28 22:00:28,856 : state_square_error: 4.283 reward_error: 407.533
INFO : 2021-01-28 22:00:47,198 : state_square_error: 13.126 reward_error: 431.470
INFO : 2021-01-28 22:01:05,659 : state_square_error: 1.093 reward_error: 420.778
INFO : 2021-01-28 22:01:23,960 : state_square_error: 5.342 reward_error: 430.339
INFO : 2021-01-28 22:01:42,019 : episode: 97 score: 3931.5 100 games avg: 3931.5 steps 1000 
INFO : 2021-01-28 22:02:12,526 : state_square_error: 2.448 reward_error: 337.476
INFO : 2021-01-28 22:02:30,786 : state_square_error: 1.390 reward_error: 439.634
INFO : 2021-01-28 22:02:49,487 : state_square_error: 8.592 reward_error: 443.715
INFO : 2021-01-28 22:03:07,964 : state_square_error: 13.922 reward_error: 446.529
INFO : 2021-01-28 22:03:26,152 : state_square_error: 74.593 reward_error: 438.627
INFO : 2021-01-28 22:03:44,470 : state_square_error: 1.912 reward_error: 465.048
INFO : 2021-01-28 22:04:02,976 : state_square_error: 16.739 reward_error: 418.327
INFO : 2021-01-28 22:04:21,404 : state_square_error: 1.816 reward_error: 470.907
INFO : 2021-01-28 22:04:39,777 : state_square_error: 8.187 reward_error: 454.727
INFO : 2021-01-28 22:04:57,999 : state_square_error: 11.877 reward_error: 436.824
INFO : 2021-01-28 22:05:16,055 : episode: 98 score: 3917.9 100 games avg: 3917.9 steps 1000 
INFO : 2021-01-28 22:05:45,428 : state_square_error: 21.217 reward_error: 320.917
INFO : 2021-01-28 22:06:03,939 : state_square_error: 1.251 reward_error: 444.736
INFO : 2021-01-28 22:06:22,159 : state_square_error: 1.506 reward_error: 408.799
INFO : 2021-01-28 22:06:40,643 : state_square_error: 4.555 reward_error: 445.242
INFO : 2021-01-28 22:06:59,104 : state_square_error: 3.493 reward_error: 434.782
INFO : 2021-01-28 22:07:17,357 : state_square_error: 9.500 reward_error: 416.774
INFO : 2021-01-28 22:07:36,068 : state_square_error: 4.791 reward_error: 431.746
INFO : 2021-01-28 22:07:54,224 : state_square_error: 3.844 reward_error: 445.777
INFO : 2021-01-28 22:08:12,474 : state_square_error: 6.411 reward_error: 423.838
INFO : 2021-01-28 22:08:31,291 : state_square_error: 17.997 reward_error: 453.378
INFO : 2021-01-28 22:08:49,320 : episode: 99 score: 3940.3 100 games avg: 3940.3 steps 1000 
