INFO : 2020-12-19 02:51:05,124 : method: Model Predictive Contorol
INFO : 2020-12-19 02:51:05,126 : parameter n_steps: 50 ensemble_size: 5 env: HalfCheetah-v2
INFO : 2020-12-19 02:51:08,007 : mpc horizon: 10 mpc_samples: 100
INFO : 2020-12-19 02:51:08,008 : mpc_function policy-kl
INFO : 2020-12-19 03:19:19,822 : episode: 0 score: -237.6 100 games avg: -237.6 steps 1000 
INFO : 2020-12-19 03:47:39,430 : episode: 1 score: -469.2 100 games avg: -469.2 steps 1000 
INFO : 2020-12-19 04:15:59,075 : episode: 2 score: -225.4 100 games avg: -225.4 steps 1000 
INFO : 2020-12-19 04:44:13,570 : episode: 3 score: -261.4 100 games avg: -261.4 steps 1000 
INFO : 2020-12-19 05:12:28,118 : episode: 4 score: -153.5 100 games avg: -153.5 steps 1000 
INFO : 2020-12-19 05:40:47,242 : episode: 5 score: -335.4 100 games avg: -335.4 steps 1000 
INFO : 2020-12-19 06:09:05,690 : episode: 6 score: -201.5 100 games avg: -201.5 steps 1000 
INFO : 2020-12-19 06:37:26,893 : episode: 7 score: -188.2 100 games avg: -188.2 steps 1000 
INFO : 2020-12-19 07:05:49,634 : episode: 8 score: 21.4 100 games avg: 21.4 steps 1000 
INFO : 2020-12-19 07:34:04,449 : episode: 9 score: -154.7 100 games avg: -154.7 steps 1000 
INFO : 2020-12-19 08:02:19,332 : episode: 10 score: -176.3 100 games avg: -176.3 steps 1000 
INFO : 2020-12-19 08:30:42,195 : episode: 11 score: -203.5 100 games avg: -203.5 steps 1000 
INFO : 2020-12-19 08:59:05,045 : episode: 12 score: -184.2 100 games avg: -184.2 steps 1000 
INFO : 2020-12-19 09:27:25,180 : episode: 13 score: -167.9 100 games avg: -167.9 steps 1000 
INFO : 2020-12-19 09:55:42,811 : episode: 14 score: -176.7 100 games avg: -176.7 steps 1000 
INFO : 2020-12-19 10:24:02,096 : episode: 15 score: -153.4 100 games avg: -153.4 steps 1000 
INFO : 2020-12-19 10:52:22,252 : episode: 16 score: -151.7 100 games avg: -151.7 steps 1000 
INFO : 2020-12-19 11:20:45,273 : episode: 17 score: -172.4 100 games avg: -172.4 steps 1000 
INFO : 2020-12-19 11:49:08,608 : episode: 18 score: -164.0 100 games avg: -164.0 steps 1000 
INFO : 2020-12-19 12:17:27,140 : episode: 19 score: -182.9 100 games avg: -182.9 steps 1000 
INFO : 2020-12-19 12:45:41,267 : episode: 20 score: -163.8 100 games avg: -163.8 steps 1000 
INFO : 2020-12-19 13:14:01,818 : episode: 21 score: -175.4 100 games avg: -175.4 steps 1000 
INFO : 2020-12-19 13:42:23,835 : episode: 22 score: -108.9 100 games avg: -108.9 steps 1000 
INFO : 2020-12-19 14:10:43,793 : episode: 23 score: -149.6 100 games avg: -149.6 steps 1000 
INFO : 2020-12-19 14:39:01,507 : episode: 24 score: -157.7 100 games avg: -157.7 steps 1000 
INFO : 2020-12-19 15:07:22,118 : episode: 25 score: -150.1 100 games avg: -150.1 steps 1000 
INFO : 2020-12-19 15:35:39,465 : episode: 26 score: -106.3 100 games avg: -106.3 steps 1000 
INFO : 2020-12-19 16:04:00,392 : episode: 27 score: 9.3 100 games avg: 9.3 steps 1000 
INFO : 2020-12-19 16:32:15,460 : episode: 28 score: -24.8 100 games avg: -24.8 steps 1000 
INFO : 2020-12-19 17:00:31,121 : episode: 29 score: 75.2 100 games avg: 75.2 steps 1000 
INFO : 2020-12-19 17:28:54,940 : episode: 30 score: -96.4 100 games avg: -96.4 steps 1000 
INFO : 2020-12-19 17:57:14,708 : episode: 31 score: -36.0 100 games avg: -36.0 steps 1000 
INFO : 2020-12-19 18:25:30,354 : episode: 32 score: -31.2 100 games avg: -31.2 steps 1000 
INFO : 2020-12-19 18:53:48,251 : episode: 33 score: 162.1 100 games avg: 162.1 steps 1000 
INFO : 2020-12-19 19:22:12,056 : episode: 34 score: 68.5 100 games avg: 68.5 steps 1000 
INFO : 2020-12-19 19:50:27,795 : episode: 35 score: 61.0 100 games avg: 61.0 steps 1000 
INFO : 2020-12-19 20:18:47,865 : episode: 36 score: 165.8 100 games avg: 165.8 steps 1000 
INFO : 2020-12-19 20:47:04,541 : episode: 37 score: 73.4 100 games avg: 73.4 steps 1000 
INFO : 2020-12-19 21:15:20,614 : episode: 38 score: 88.1 100 games avg: 88.1 steps 1000 
INFO : 2020-12-19 21:43:44,599 : episode: 39 score: -18.8 100 games avg: -18.8 steps 1000 
INFO : 2020-12-19 22:12:05,293 : episode: 40 score: -17.6 100 games avg: -17.6 steps 1000 
INFO : 2020-12-19 22:40:23,434 : episode: 41 score: 125.6 100 games avg: 125.6 steps 1000 
INFO : 2020-12-19 23:08:42,303 : episode: 42 score: 32.3 100 games avg: 32.3 steps 1000 
INFO : 2020-12-19 23:37:01,390 : episode: 43 score: 13.9 100 games avg: 13.9 steps 1000 
INFO : 2020-12-20 00:05:20,411 : episode: 44 score: 142.7 100 games avg: 142.7 steps 1000 
INFO : 2020-12-20 00:33:36,699 : episode: 45 score: 100.3 100 games avg: 100.3 steps 1000 
INFO : 2020-12-20 01:01:54,924 : episode: 46 score: 166.0 100 games avg: 166.0 steps 1000 
INFO : 2020-12-20 01:30:15,542 : episode: 47 score: 159.2 100 games avg: 159.2 steps 1000 
INFO : 2020-12-20 01:58:36,519 : episode: 48 score: 142.5 100 games avg: 142.5 steps 1000 
INFO : 2020-12-20 02:26:55,592 : episode: 49 score: 185.9 100 games avg: 185.9 steps 1000 
