INFO : 2021-01-10 21:27:39,565 : method: Model Predictive Contorol
INFO : 2021-01-10 21:27:39,566 : parameter n_steps: 200 ensemble_size: 5 env: Continuous_CartPole
INFO : 2021-01-10 21:27:39,645 : mpc horizon: 30 mpc_samples: 100 elite_sample: 30 grad_steps: 50
INFO : 2021-01-10 21:27:39,646 : mpc_function random
INFO : 2021-01-10 21:27:39,646 : random
INFO : 2021-01-10 21:27:42,404 : episode: 0 score: 14.0 100 games avg: 14.0 steps 15 
INFO : 2021-01-10 21:27:46,343 : episode: 1 score: 7.0 100 games avg: 7.0 steps 8 
INFO : 2021-01-10 21:27:50,509 : episode: 2 score: 8.0 100 games avg: 8.0 steps 9 
INFO : 2021-01-10 21:27:54,575 : episode: 3 score: 6.0 100 games avg: 6.0 steps 7 
INFO : 2021-01-10 21:28:00,559 : episode: 4 score: 18.0 100 games avg: 18.0 steps 19 
INFO : 2021-01-10 21:28:08,425 : episode: 5 score: 25.0 100 games avg: 25.0 steps 26 
INFO : 2021-01-10 21:28:17,028 : episode: 6 score: 28.0 100 games avg: 28.0 steps 29 
INFO : 2021-01-10 21:28:23,330 : episode: 7 score: 11.0 100 games avg: 11.0 steps 12 
INFO : 2021-01-10 21:28:29,383 : episode: 8 score: 10.0 100 games avg: 10.0 steps 11 
INFO : 2021-01-10 21:28:39,731 : episode: 9 score: 34.0 100 games avg: 34.0 steps 35 
INFO : 2021-01-10 21:28:46,295 : episode: 10 score: 11.0 100 games avg: 11.0 steps 12 
INFO : 2021-01-10 21:28:56,816 : episode: 11 score: 33.0 100 games avg: 33.0 steps 34 
INFO : 2021-01-10 21:29:07,775 : episode: 12 score: 32.0 100 games avg: 32.0 steps 33 
INFO : 2021-01-10 21:29:18,831 : episode: 13 score: 30.0 100 games avg: 30.0 steps 31 
INFO : 2021-01-10 21:29:29,543 : episode: 14 score: 29.0 100 games avg: 29.0 steps 30 
INFO : 2021-01-10 21:29:36,631 : episode: 15 score: 8.0 100 games avg: 8.0 steps 9 
INFO : 2021-01-10 21:29:54,904 : episode: 16 score: 78.0 100 games avg: 78.0 steps 79 
INFO : 2021-01-10 21:30:20,774 : episode: 17 score: 118.0 100 games avg: 118.0 steps 119 
INFO : 2021-01-10 21:30:36,686 : episode: 18 score: 27.0 100 games avg: 27.0 steps 28 
INFO : 2021-01-10 21:31:02,543 : episode: 19 score: 86.0 100 games avg: 86.0 steps 87 
INFO : 2021-01-10 21:31:22,095 : episode: 20 score: 46.0 100 games avg: 46.0 steps 47 
INFO : 2021-01-10 21:31:40,891 : episode: 21 score: 42.0 100 games avg: 42.0 steps 43 
INFO : 2021-01-10 21:32:02,358 : episode: 22 score: 54.0 100 games avg: 54.0 steps 55 
INFO : 2021-01-10 21:32:23,878 : episode: 23 score: 27.0 100 games avg: 27.0 steps 28 
INFO : 2021-01-10 21:32:45,891 : episode: 24 score: 27.0 100 games avg: 27.0 steps 28 
INFO : 2021-01-10 21:33:06,673 : episode: 25 score: 21.0 100 games avg: 21.0 steps 22 
INFO : 2021-01-10 21:33:29,090 : episode: 26 score: 34.0 100 games avg: 34.0 steps 35 
INFO : 2021-01-10 21:33:47,942 : episode: 27 score: 12.0 100 games avg: 12.0 steps 13 
INFO : 2021-01-10 21:34:18,809 : episode: 28 score: 78.0 100 games avg: 78.0 steps 79 
INFO : 2021-01-10 21:34:46,883 : episode: 29 score: 62.0 100 games avg: 62.0 steps 63 
INFO : 2021-01-10 21:35:14,565 : episode: 30 score: 29.0 100 games avg: 29.0 steps 30 
INFO : 2021-01-10 21:35:43,744 : episode: 31 score: 38.0 100 games avg: 38.0 steps 39 
INFO : 2021-01-10 21:36:26,474 : episode: 32 score: 112.0 100 games avg: 112.0 steps 113 
INFO : 2021-01-10 21:36:51,368 : episode: 33 score: 11.0 100 games avg: 11.0 steps 12 
INFO : 2021-01-10 21:37:17,929 : episode: 34 score: 22.0 100 games avg: 22.0 steps 23 
INFO : 2021-01-10 21:37:43,349 : episode: 35 score: 16.0 100 games avg: 16.0 steps 17 
INFO : 2021-01-10 21:38:14,263 : episode: 36 score: 17.0 100 games avg: 17.0 steps 18 
INFO : 2021-01-10 21:38:52,664 : episode: 37 score: 58.0 100 games avg: 58.0 steps 59 
INFO : 2021-01-10 21:39:24,868 : episode: 38 score: 22.0 100 games avg: 22.0 steps 23 
INFO : 2021-01-10 21:39:55,159 : episode: 39 score: 12.0 100 games avg: 12.0 steps 13 
INFO : 2021-01-10 21:40:26,586 : episode: 40 score: 19.0 100 games avg: 19.0 steps 20 
INFO : 2021-01-10 21:40:55,810 : episode: 41 score: 7.0 100 games avg: 7.0 steps 8 
INFO : 2021-01-10 21:41:26,973 : episode: 42 score: 8.0 100 games avg: 8.0 steps 9 
INFO : 2021-01-10 21:41:57,723 : episode: 43 score: 12.0 100 games avg: 12.0 steps 13 
INFO : 2021-01-10 21:42:27,453 : episode: 44 score: 7.0 100 games avg: 7.0 steps 8 
INFO : 2021-01-10 21:42:58,359 : episode: 45 score: 12.0 100 games avg: 12.0 steps 13 
INFO : 2021-01-10 21:43:27,726 : episode: 46 score: 6.0 100 games avg: 6.0 steps 7 
INFO : 2021-01-10 21:43:58,423 : episode: 47 score: 9.0 100 games avg: 9.0 steps 10 
INFO : 2021-01-10 21:44:28,580 : episode: 48 score: 6.0 100 games avg: 6.0 steps 7 
INFO : 2021-01-10 21:44:58,733 : episode: 49 score: 6.0 100 games avg: 6.0 steps 7 
INFO : 2021-01-10 21:45:30,402 : episode: 50 score: 14.0 100 games avg: 14.0 steps 15 
INFO : 2021-01-10 21:46:03,069 : episode: 51 score: 10.0 100 games avg: 10.0 steps 11 
INFO : 2021-01-10 21:46:34,977 : episode: 52 score: 16.0 100 games avg: 16.0 steps 17 
INFO : 2021-01-10 21:47:12,898 : episode: 53 score: 20.0 100 games avg: 20.0 steps 21 
INFO : 2021-01-10 21:47:48,993 : episode: 54 score: 10.0 100 games avg: 10.0 steps 11 
INFO : 2021-01-10 21:48:24,778 : episode: 55 score: 10.0 100 games avg: 10.0 steps 11 
INFO : 2021-01-10 21:49:00,874 : episode: 56 score: 12.0 100 games avg: 12.0 steps 13 
INFO : 2021-01-10 21:49:36,322 : episode: 57 score: 7.0 100 games avg: 7.0 steps 8 
INFO : 2021-01-10 21:50:14,075 : episode: 58 score: 17.0 100 games avg: 17.0 steps 18 
INFO : 2021-01-10 21:50:53,362 : episode: 59 score: 30.0 100 games avg: 30.0 steps 31 
INFO : 2021-01-10 21:51:30,807 : episode: 60 score: 17.0 100 games avg: 17.0 steps 18 
INFO : 2021-01-10 21:52:06,649 : episode: 61 score: 10.0 100 games avg: 10.0 steps 11 
INFO : 2021-01-10 21:52:42,693 : episode: 62 score: 10.0 100 games avg: 10.0 steps 11 
INFO : 2021-01-10 21:53:19,304 : episode: 63 score: 14.0 100 games avg: 14.0 steps 15 
INFO : 2021-01-10 21:54:28,129 : episode: 64 score: 189.0 100 games avg: 189.0 steps 190 
INFO : 2021-01-10 21:55:09,248 : episode: 65 score: 7.0 100 games avg: 7.0 steps 8 
INFO : 2021-01-10 21:55:54,365 : episode: 66 score: 29.0 100 games avg: 29.0 steps 30 
INFO : 2021-01-11 01:06:42,225 : episode: 67 score: 10.0 100 games avg: 10.0 steps 11 
