INFO : 2021-01-19 02:09:55,514 : method: Model Predictive Contorol
INFO : 2021-01-19 02:09:55,515 : parameter n_steps: 200 ensemble_size: 5 env: Hopper-v2
INFO : 2021-01-19 02:09:58,541 : mpc horizon: 10 mpc_samples: 100 elite_sample: 30 grad_steps: 10
INFO : 2021-01-19 02:09:58,542 : mpc_function policy
INFO : 2021-01-19 02:09:58,542 : policy
INFO : 2021-01-19 02:10:20,192 : episode: 0 score: 150.3 100 games avg: 150.3 steps 122 
INFO : 2021-01-19 02:10:41,142 : episode: 1 score: 144.8 100 games avg: 144.8 steps 117 
INFO : 2021-01-19 02:10:48,792 : episode: 2 score: 38.3 100 games avg: 38.3 steps 41 
INFO : 2021-01-19 02:10:51,711 : episode: 3 score: 12.9 100 games avg: 12.9 steps 15 
INFO : 2021-01-19 02:10:56,359 : episode: 4 score: 25.4 100 games avg: 25.4 steps 24 
INFO : 2021-01-19 02:10:58,329 : episode: 5 score: 9.4 100 games avg: 9.4 steps 10 
INFO : 2021-01-19 02:11:08,716 : episode: 6 score: 44.7 100 games avg: 44.7 steps 54 
INFO : 2021-01-19 02:11:10,497 : episode: 7 score: 7.3 100 games avg: 7.3 steps 9 
INFO : 2021-01-19 02:11:12,700 : episode: 8 score: 8.8 100 games avg: 8.8 steps 11 
INFO : 2021-01-19 02:11:15,692 : episode: 9 score: 13.3 100 games avg: 13.3 steps 15 
INFO : 2021-01-19 02:11:17,458 : episode: 10 score: 7.7 100 games avg: 7.7 steps 9 
INFO : 2021-01-19 02:11:20,902 : episode: 11 score: 21.1 100 games avg: 21.1 steps 18 
INFO : 2021-01-19 02:11:25,333 : episode: 12 score: 22.2 100 games avg: 22.2 steps 23 
INFO : 2021-01-19 02:11:31,082 : episode: 13 score: 38.4 100 games avg: 38.4 steps 30 
INFO : 2021-01-19 02:11:38,725 : episode: 14 score: 68.2 100 games avg: 68.2 steps 40 
INFO : 2021-01-19 02:11:43,664 : episode: 15 score: 42.5 100 games avg: 42.5 steps 25 
INFO : 2021-01-19 02:11:48,576 : episode: 16 score: 42.4 100 games avg: 42.4 steps 25 
INFO : 2021-01-19 02:11:53,716 : episode: 17 score: 44.2 100 games avg: 44.2 steps 26 
INFO : 2021-01-19 02:11:58,530 : episode: 18 score: 41.8 100 games avg: 41.8 steps 24 
INFO : 2021-01-19 02:12:04,742 : episode: 19 score: 56.0 100 games avg: 56.0 steps 32 
INFO : 2021-01-19 02:12:10,189 : episode: 20 score: 48.2 100 games avg: 48.2 steps 28 
INFO : 2021-01-19 02:12:15,486 : episode: 21 score: 46.1 100 games avg: 46.1 steps 27 
INFO : 2021-01-19 02:12:20,417 : episode: 22 score: 42.4 100 games avg: 42.4 steps 25 
INFO : 2021-01-19 02:12:27,984 : episode: 23 score: 72.0 100 games avg: 72.0 steps 39 
INFO : 2021-01-19 02:12:33,444 : episode: 24 score: 47.4 100 games avg: 47.4 steps 27 
INFO : 2021-01-19 02:12:39,051 : episode: 25 score: 47.4 100 games avg: 47.4 steps 28 
INFO : 2021-01-19 02:12:44,260 : episode: 26 score: 44.1 100 games avg: 44.1 steps 26 
INFO : 2021-01-19 02:12:49,846 : episode: 27 score: 49.8 100 games avg: 49.8 steps 28 
INFO : 2021-01-19 02:12:54,585 : episode: 28 score: 41.5 100 games avg: 41.5 steps 24 
INFO : 2021-01-19 02:13:00,121 : episode: 29 score: 47.4 100 games avg: 47.4 steps 28 
INFO : 2021-01-19 02:13:06,414 : episode: 30 score: 57.5 100 games avg: 57.5 steps 32 
INFO : 2021-01-19 02:13:11,049 : episode: 31 score: 39.9 100 games avg: 39.9 steps 23 
INFO : 2021-01-19 02:13:19,360 : episode: 32 score: 79.2 100 games avg: 79.2 steps 43 
INFO : 2021-01-19 02:13:30,251 : episode: 33 score: 103.8 100 games avg: 103.8 steps 56 
INFO : 2021-01-19 02:13:42,567 : episode: 34 score: 114.2 100 games avg: 114.2 steps 63 
INFO : 2021-01-19 02:13:54,543 : episode: 35 score: 109.2 100 games avg: 109.2 steps 61 
INFO : 2021-01-19 02:14:08,035 : episode: 36 score: 130.8 100 games avg: 130.8 steps 69 
INFO : 2021-01-19 02:14:20,718 : episode: 37 score: 115.9 100 games avg: 115.9 steps 64 
INFO : 2021-01-19 02:14:32,034 : episode: 38 score: 105.2 100 games avg: 105.2 steps 58 
INFO : 2021-01-19 02:14:42,976 : episode: 39 score: 104.0 100 games avg: 104.0 steps 56 
INFO : 2021-01-19 02:14:54,798 : episode: 40 score: 109.5 100 games avg: 109.5 steps 60 
INFO : 2021-01-19 02:15:06,468 : episode: 41 score: 108.7 100 games avg: 108.7 steps 60 
INFO : 2021-01-19 02:15:17,433 : episode: 42 score: 100.7 100 games avg: 100.7 steps 55 
INFO : 2021-01-19 02:15:30,721 : episode: 43 score: 124.0 100 games avg: 124.0 steps 67 
INFO : 2021-01-19 02:15:42,471 : episode: 44 score: 108.3 100 games avg: 108.3 steps 59 
INFO : 2021-01-19 02:15:58,824 : episode: 45 score: 174.6 100 games avg: 174.6 steps 84 
INFO : 2021-01-19 02:16:15,519 : episode: 46 score: 171.3 100 games avg: 171.3 steps 85 
INFO : 2021-01-19 02:16:32,641 : episode: 47 score: 171.7 100 games avg: 171.7 steps 87 
INFO : 2021-01-19 02:16:48,803 : episode: 48 score: 181.0 100 games avg: 181.0 steps 83 
INFO : 2021-01-19 02:17:05,333 : episode: 49 score: 176.6 100 games avg: 176.6 steps 84 
INFO : 2021-01-19 02:17:22,650 : episode: 50 score: 178.3 100 games avg: 178.3 steps 87 
INFO : 2021-01-19 02:17:39,629 : episode: 51 score: 173.5 100 games avg: 173.5 steps 86 
INFO : 2021-01-19 02:17:57,136 : episode: 52 score: 178.3 100 games avg: 178.3 steps 89 
INFO : 2021-01-19 02:18:14,713 : episode: 53 score: 183.2 100 games avg: 183.2 steps 89 
INFO : 2021-01-19 02:18:31,964 : episode: 54 score: 182.4 100 games avg: 182.4 steps 88 
INFO : 2021-01-19 02:18:49,662 : episode: 55 score: 186.4 100 games avg: 186.4 steps 89 
INFO : 2021-01-19 02:19:06,790 : episode: 56 score: 182.7 100 games avg: 182.7 steps 86 
INFO : 2021-01-19 02:19:24,253 : episode: 57 score: 175.8 100 games avg: 175.8 steps 88 
INFO : 2021-01-19 02:19:41,557 : episode: 58 score: 175.5 100 games avg: 175.5 steps 87 
INFO : 2021-01-19 02:19:58,801 : episode: 59 score: 181.2 100 games avg: 181.2 steps 86 
INFO : 2021-01-19 02:20:15,577 : episode: 60 score: 164.2 100 games avg: 164.2 steps 83 
INFO : 2021-01-19 02:20:32,946 : episode: 61 score: 172.1 100 games avg: 172.1 steps 86 
INFO : 2021-01-19 02:20:50,419 : episode: 62 score: 173.7 100 games avg: 173.7 steps 87 
INFO : 2021-01-19 02:21:07,754 : episode: 63 score: 168.2 100 games avg: 168.2 steps 85 
INFO : 2021-01-19 02:21:25,322 : episode: 64 score: 174.5 100 games avg: 174.5 steps 87 
INFO : 2021-01-19 02:21:43,143 : episode: 65 score: 175.5 100 games avg: 175.5 steps 88 
INFO : 2021-01-19 02:22:01,354 : episode: 66 score: 184.0 100 games avg: 184.0 steps 90 
INFO : 2021-01-19 02:22:19,151 : episode: 67 score: 177.8 100 games avg: 177.8 steps 88 
INFO : 2021-01-19 02:22:28,221 : episode: 68 score: 76.1 100 games avg: 76.1 steps 41 
INFO : 2021-01-19 02:22:45,938 : episode: 69 score: 171.0 100 games avg: 171.0 steps 87 
INFO : 2021-01-19 02:22:53,071 : episode: 70 score: 41.1 100 games avg: 41.1 steps 31 
INFO : 2021-01-19 02:23:10,384 : episode: 71 score: 174.6 100 games avg: 174.6 steps 85 
INFO : 2021-01-19 02:23:18,351 : episode: 72 score: 48.5 100 games avg: 48.5 steps 35 
INFO : 2021-01-19 02:23:35,696 : episode: 73 score: 177.6 100 games avg: 177.6 steps 85 
INFO : 2021-01-19 02:23:52,279 : episode: 74 score: 158.5 100 games avg: 158.5 steps 81 
INFO : 2021-01-19 02:24:09,838 : episode: 75 score: 175.6 100 games avg: 175.6 steps 86 
INFO : 2021-01-19 02:24:27,336 : episode: 76 score: 177.3 100 games avg: 177.3 steps 86 
INFO : 2021-01-19 02:24:45,279 : episode: 77 score: 176.9 100 games avg: 176.9 steps 87 
INFO : 2021-01-19 02:25:02,831 : episode: 78 score: 177.4 100 games avg: 177.4 steps 85 
INFO : 2021-01-19 02:25:20,394 : episode: 79 score: 176.5 100 games avg: 176.5 steps 86 
INFO : 2021-01-19 02:25:37,985 : episode: 80 score: 177.1 100 games avg: 177.1 steps 85 
INFO : 2021-01-19 02:25:55,738 : episode: 81 score: 171.9 100 games avg: 171.9 steps 86 
INFO : 2021-01-19 02:26:13,394 : episode: 82 score: 181.6 100 games avg: 181.6 steps 85 
INFO : 2021-01-19 02:26:30,986 : episode: 83 score: 173.6 100 games avg: 173.6 steps 85 
INFO : 2021-01-19 02:26:37,134 : episode: 84 score: 42.2 100 games avg: 42.2 steps 24 
INFO : 2021-01-19 02:26:46,371 : episode: 85 score: 56.1 100 games avg: 56.1 steps 40 
INFO : 2021-01-19 02:27:03,713 : episode: 86 score: 167.4 100 games avg: 167.4 steps 83 
INFO : 2021-01-19 02:27:21,616 : episode: 87 score: 186.6 100 games avg: 186.6 steps 86 
INFO : 2021-01-19 02:27:39,030 : episode: 88 score: 171.8 100 games avg: 171.8 steps 84 
INFO : 2021-01-19 02:27:56,097 : episode: 89 score: 178.1 100 games avg: 178.1 steps 82 
INFO : 2021-01-19 02:28:13,560 : episode: 90 score: 182.9 100 games avg: 182.9 steps 84 
INFO : 2021-01-19 02:28:31,569 : episode: 91 score: 188.9 100 games avg: 188.9 steps 86 
INFO : 2021-01-19 02:28:49,279 : episode: 92 score: 186.7 100 games avg: 186.7 steps 85 
INFO : 2021-01-19 02:29:06,684 : episode: 93 score: 176.9 100 games avg: 176.9 steps 83 
INFO : 2021-01-19 02:29:25,025 : episode: 94 score: 191.9 100 games avg: 191.9 steps 87 
INFO : 2021-01-19 02:29:43,102 : episode: 95 score: 189.4 100 games avg: 189.4 steps 86 
INFO : 2021-01-19 02:30:01,356 : episode: 96 score: 187.9 100 games avg: 187.9 steps 86 
INFO : 2021-01-19 02:30:19,189 : episode: 97 score: 182.3 100 games avg: 182.3 steps 84 
INFO : 2021-01-19 02:30:37,387 : episode: 98 score: 188.5 100 games avg: 188.5 steps 86 
INFO : 2021-01-19 02:30:57,142 : episode: 99 score: 206.2 100 games avg: 206.2 steps 92 
INFO : 2021-01-19 02:31:15,802 : episode: 100 score: 192.9 100 games avg: 192.9 steps 87 
INFO : 2021-01-19 02:31:33,803 : episode: 101 score: 179.9 100 games avg: 179.9 steps 84 
INFO : 2021-01-19 02:31:52,857 : episode: 102 score: 198.1 100 games avg: 198.1 steps 90 
INFO : 2021-01-19 02:32:11,697 : episode: 103 score: 193.8 100 games avg: 193.8 steps 88 
INFO : 2021-01-19 02:32:30,319 : episode: 104 score: 191.5 100 games avg: 191.5 steps 87 
INFO : 2021-01-19 02:32:48,627 : episode: 105 score: 185.0 100 games avg: 185.0 steps 85 
INFO : 2021-01-19 02:33:08,074 : episode: 106 score: 188.5 100 games avg: 188.5 steps 91 
INFO : 2021-01-19 02:33:26,903 : episode: 107 score: 199.9 100 games avg: 199.9 steps 88 
INFO : 2021-01-19 02:33:45,976 : episode: 108 score: 195.9 100 games avg: 195.9 steps 88 
INFO : 2021-01-19 02:34:05,327 : episode: 109 score: 182.9 100 games avg: 182.9 steps 90 
INFO : 2021-01-19 02:34:23,413 : episode: 110 score: 180.9 100 games avg: 180.9 steps 83 
INFO : 2021-01-19 02:34:43,030 : episode: 111 score: 192.2 100 games avg: 192.2 steps 91 
INFO : 2021-01-19 02:34:58,791 : episode: 112 score: 127.5 100 games avg: 127.5 steps 69 
INFO : 2021-01-19 02:35:18,585 : episode: 113 score: 190.7 100 games avg: 190.7 steps 91 
INFO : 2021-01-19 02:35:39,107 : episode: 114 score: 185.7 100 games avg: 185.7 steps 94 
INFO : 2021-01-19 02:35:59,486 : episode: 115 score: 188.3 100 games avg: 188.3 steps 95 
INFO : 2021-01-19 02:36:19,791 : episode: 116 score: 190.1 100 games avg: 190.1 steps 94 
INFO : 2021-01-19 02:36:40,216 : episode: 117 score: 193.8 100 games avg: 193.8 steps 95 
INFO : 2021-01-19 02:36:55,976 : episode: 118 score: 127.5 100 games avg: 127.5 steps 69 
INFO : 2021-01-19 02:37:17,119 : episode: 119 score: 198.6 100 games avg: 198.6 steps 98 
INFO : 2021-01-19 02:37:37,553 : episode: 120 score: 191.4 100 games avg: 191.4 steps 95 
INFO : 2021-01-19 02:37:58,788 : episode: 121 score: 196.9 100 games avg: 196.9 steps 99 
INFO : 2021-01-19 02:38:18,408 : episode: 122 score: 196.7 100 games avg: 196.7 steps 90 
INFO : 2021-01-19 02:38:39,794 : episode: 123 score: 199.0 100 games avg: 199.0 steps 98 
INFO : 2021-01-19 02:39:00,557 : episode: 124 score: 200.3 100 games avg: 200.3 steps 95 
INFO : 2021-01-19 02:39:21,042 : episode: 125 score: 191.6 100 games avg: 191.6 steps 94 
INFO : 2021-01-19 02:39:41,756 : episode: 126 score: 190.8 100 games avg: 190.8 steps 94 
INFO : 2021-01-19 02:40:02,715 : episode: 127 score: 192.8 100 games avg: 192.8 steps 96 
INFO : 2021-01-19 02:40:23,206 : episode: 128 score: 187.4 100 games avg: 187.4 steps 92 
INFO : 2021-01-19 02:40:43,746 : episode: 129 score: 203.2 100 games avg: 203.2 steps 93 
INFO : 2021-01-19 02:41:04,655 : episode: 130 score: 190.0 100 games avg: 190.0 steps 94 
INFO : 2021-01-19 02:41:24,600 : episode: 131 score: 200.4 100 games avg: 200.4 steps 89 
INFO : 2021-01-19 02:41:45,469 : episode: 132 score: 191.5 100 games avg: 191.5 steps 94 
INFO : 2021-01-19 02:42:06,247 : episode: 133 score: 218.4 100 games avg: 218.4 steps 94 
INFO : 2021-01-19 02:42:26,643 : episode: 134 score: 200.2 100 games avg: 200.2 steps 91 
INFO : 2021-01-19 02:42:48,144 : episode: 135 score: 224.1 100 games avg: 224.1 steps 96 
INFO : 2021-01-19 02:43:08,603 : episode: 136 score: 199.1 100 games avg: 199.1 steps 92 
INFO : 2021-01-19 02:43:29,020 : episode: 137 score: 187.0 100 games avg: 187.0 steps 92 
INFO : 2021-01-19 02:43:49,882 : episode: 138 score: 187.6 100 games avg: 187.6 steps 93 
INFO : 2021-01-19 02:44:12,236 : episode: 139 score: 235.1 100 games avg: 235.1 steps 101 
INFO : 2021-01-19 02:44:32,550 : episode: 140 score: 182.3 100 games avg: 182.3 steps 90 
INFO : 2021-01-19 02:44:53,394 : episode: 141 score: 193.7 100 games avg: 193.7 steps 93 
INFO : 2021-01-19 02:45:14,572 : episode: 142 score: 188.7 100 games avg: 188.7 steps 94 
INFO : 2021-01-19 02:45:35,105 : episode: 143 score: 190.8 100 games avg: 190.8 steps 91 
INFO : 2021-01-19 02:45:56,081 : episode: 144 score: 187.4 100 games avg: 187.4 steps 92 
INFO : 2021-01-19 02:46:16,282 : episode: 145 score: 177.8 100 games avg: 177.8 steps 88 
INFO : 2021-01-19 02:46:35,788 : episode: 146 score: 169.8 100 games avg: 169.8 steps 84 
INFO : 2021-01-19 02:46:55,753 : episode: 147 score: 178.5 100 games avg: 178.5 steps 87 
INFO : 2021-01-19 02:47:16,712 : episode: 148 score: 199.9 100 games avg: 199.9 steps 92 
INFO : 2021-01-19 02:47:37,453 : episode: 149 score: 190.3 100 games avg: 190.3 steps 91 
INFO : 2021-01-19 02:47:55,196 : episode: 150 score: 144.5 100 games avg: 144.5 steps 73 
INFO : 2021-01-19 02:48:14,351 : episode: 151 score: 161.7 100 games avg: 161.7 steps 80 
INFO : 2021-01-19 02:48:34,848 : episode: 152 score: 182.6 100 games avg: 182.6 steps 88 
INFO : 2021-01-19 02:48:41,093 : episode: 153 score: 11.2 100 games avg: 11.2 steps 12 
INFO : 2021-01-19 02:48:47,260 : episode: 154 score: 9.9 100 games avg: 9.9 steps 11 
INFO : 2021-01-19 02:49:06,490 : episode: 155 score: 158.0 100 games avg: 158.0 steps 79 
INFO : 2021-01-19 02:49:27,991 : episode: 156 score: 197.0 100 games avg: 197.0 steps 92 
INFO : 2021-01-19 02:49:34,198 : episode: 157 score: 11.3 100 games avg: 11.3 steps 12 
INFO : 2021-01-19 02:49:53,500 : episode: 158 score: 164.0 100 games avg: 164.0 steps 81 
INFO : 2021-01-19 02:49:59,853 : episode: 159 score: 11.0 100 games avg: 11.0 steps 12 
INFO : 2021-01-19 02:50:06,150 : episode: 160 score: 9.9 100 games avg: 9.9 steps 11 
INFO : 2021-01-19 02:50:12,575 : episode: 161 score: 11.0 100 games avg: 11.0 steps 12 
INFO : 2021-01-19 02:50:18,911 : episode: 162 score: 9.7 100 games avg: 9.7 steps 11 
INFO : 2021-01-19 02:50:24,962 : episode: 163 score: 9.9 100 games avg: 9.9 steps 11 
INFO : 2021-01-19 02:50:31,326 : episode: 164 score: 11.2 100 games avg: 11.2 steps 12 
INFO : 2021-01-19 02:50:37,576 : episode: 165 score: 9.7 100 games avg: 9.7 steps 11 
INFO : 2021-01-19 02:50:43,645 : episode: 166 score: 9.8 100 games avg: 9.8 steps 11 
INFO : 2021-01-19 02:50:49,980 : episode: 167 score: 10.9 100 games avg: 10.9 steps 12 
INFO : 2021-01-19 02:50:56,248 : episode: 168 score: 9.8 100 games avg: 9.8 steps 11 
INFO : 2021-01-19 02:51:02,472 : episode: 169 score: 9.7 100 games avg: 9.7 steps 11 
INFO : 2021-01-19 02:51:08,683 : episode: 170 score: 8.8 100 games avg: 8.8 steps 10 
INFO : 2021-01-19 02:51:14,962 : episode: 171 score: 9.7 100 games avg: 9.7 steps 11 
INFO : 2021-01-19 02:51:32,669 : episode: 172 score: 143.9 100 games avg: 143.9 steps 72 
INFO : 2021-01-19 02:51:38,953 : episode: 173 score: 9.7 100 games avg: 9.7 steps 11 
INFO : 2021-01-19 02:51:58,203 : episode: 174 score: 158.6 100 games avg: 158.6 steps 79 
INFO : 2021-01-19 02:52:04,592 : episode: 175 score: 9.6 100 games avg: 9.6 steps 11 
INFO : 2021-01-19 02:52:10,885 : episode: 176 score: 9.7 100 games avg: 9.7 steps 11 
INFO : 2021-01-19 02:52:17,545 : episode: 177 score: 10.9 100 games avg: 10.9 steps 12 
INFO : 2021-01-19 02:52:23,958 : episode: 178 score: 9.7 100 games avg: 9.7 steps 11 
INFO : 2021-01-19 02:52:42,212 : episode: 179 score: 148.0 100 games avg: 148.0 steps 74 
INFO : 2021-01-19 02:53:04,480 : episode: 180 score: 199.8 100 games avg: 199.8 steps 95 
INFO : 2021-01-19 02:53:24,692 : episode: 181 score: 168.8 100 games avg: 168.8 steps 84 
INFO : 2021-01-19 02:53:35,874 : episode: 182 score: 62.7 100 games avg: 62.7 steps 36 
INFO : 2021-01-19 02:53:57,882 : episode: 183 score: 205.4 100 games avg: 205.4 steps 93 
INFO : 2021-01-19 02:54:19,706 : episode: 184 score: 207.5 100 games avg: 207.5 steps 91 
INFO : 2021-01-19 02:54:41,514 : episode: 185 score: 211.7 100 games avg: 211.7 steps 92 
INFO : 2021-01-19 02:55:02,658 : episode: 186 score: 200.5 100 games avg: 200.5 steps 89 
INFO : 2021-01-19 02:55:24,638 : episode: 187 score: 206.7 100 games avg: 206.7 steps 91 
INFO : 2021-01-19 02:55:46,494 : episode: 188 score: 207.2 100 games avg: 207.2 steps 91 
INFO : 2021-01-19 02:56:08,283 : episode: 189 score: 208.4 100 games avg: 208.4 steps 91 
INFO : 2021-01-19 02:56:29,619 : episode: 190 score: 197.7 100 games avg: 197.7 steps 88 
INFO : 2021-01-19 02:56:51,622 : episode: 191 score: 206.0 100 games avg: 206.0 steps 91 
INFO : 2021-01-19 02:57:03,431 : episode: 192 score: 66.5 100 games avg: 66.5 steps 37 
INFO : 2021-01-19 02:57:25,737 : episode: 193 score: 214.5 100 games avg: 214.5 steps 93 
INFO : 2021-01-19 02:57:47,871 : episode: 194 score: 208.1 100 games avg: 208.1 steps 92 
INFO : 2021-01-19 02:57:59,623 : episode: 195 score: 66.3 100 games avg: 66.3 steps 37 
INFO : 2021-01-19 02:58:21,301 : episode: 196 score: 198.8 100 games avg: 198.8 steps 89 
INFO : 2021-01-19 02:58:43,497 : episode: 197 score: 210.8 100 games avg: 210.8 steps 92 
INFO : 2021-01-19 02:59:04,385 : episode: 198 score: 191.2 100 games avg: 191.2 steps 86 
INFO : 2021-01-19 02:59:25,841 : episode: 199 score: 194.4 100 games avg: 194.4 steps 88 
