INFO : 2021-01-28 16:42:22,013 : method: Model Predictive Contorol
INFO : 2021-01-28 16:42:22,013 : parameter n_steps: 100 ensemble_size: 5 env: Hopper-v2
INFO : 2021-01-28 16:42:24,438 : mpc horizon: 30 mpc_samples: 100 elite_sample: 30 grad_steps: 10
INFO : 2021-01-28 16:42:24,438 : mpc_function policy-gamma
INFO : 2021-01-28 16:42:24,438 : policy-gamma
INFO : 2021-01-28 16:42:45,449 : episode: 0 score: 21.2 100 games avg: 21.2 steps 45 
INFO : 2021-01-28 16:43:08,334 : episode: 1 score: 21.6 100 games avg: 21.6 steps 49 
INFO : 2021-01-28 16:43:30,307 : episode: 2 score: 21.2 100 games avg: 21.2 steps 47 
INFO : 2021-01-28 16:43:52,311 : episode: 3 score: 21.6 100 games avg: 21.6 steps 47 
INFO : 2021-01-28 16:44:14,303 : episode: 4 score: 21.0 100 games avg: 21.0 steps 47 
INFO : 2021-01-28 16:44:34,881 : episode: 5 score: 22.4 100 games avg: 22.4 steps 43 
INFO : 2021-01-28 16:44:41,334 : episode: 6 score: 8.7 100 games avg: 8.7 steps 13 
INFO : 2021-01-28 16:44:52,188 : episode: 7 score: 9.0 100 games avg: 9.0 steps 22 
INFO : 2021-01-28 16:45:00,121 : episode: 8 score: 8.7 100 games avg: 8.7 steps 16 
INFO : 2021-01-28 16:45:11,479 : episode: 9 score: 2.3 100 games avg: 2.3 steps 23 
INFO : 2021-01-28 16:45:27,680 : episode: 10 score: 8.7 100 games avg: 8.7 steps 33 
INFO : 2021-01-28 16:45:34,093 : episode: 11 score: 10.2 100 games avg: 10.2 steps 13 
INFO : 2021-01-28 16:45:41,526 : episode: 12 score: 13.7 100 games avg: 13.7 steps 15 
INFO : 2021-01-28 16:45:47,492 : episode: 13 score: 9.7 100 games avg: 9.7 steps 12 
INFO : 2021-01-28 16:45:57,856 : episode: 14 score: 21.0 100 games avg: 21.0 steps 21 
INFO : 2021-01-28 16:46:04,297 : episode: 15 score: 10.0 100 games avg: 10.0 steps 13 
INFO : 2021-01-28 16:46:15,178 : episode: 16 score: 23.4 100 games avg: 23.4 steps 22 
INFO : 2021-01-28 16:46:40,190 : episode: 17 score: 87.3 100 games avg: 87.3 steps 51 
INFO : 2021-01-28 16:46:59,456 : episode: 18 score: 65.5 100 games avg: 65.5 steps 39 
INFO : 2021-01-28 16:47:18,722 : episode: 19 score: 67.0 100 games avg: 67.0 steps 39 
INFO : 2021-01-28 16:47:32,593 : episode: 20 score: 47.3 100 games avg: 47.3 steps 28 
INFO : 2021-01-28 16:47:50,377 : episode: 21 score: 61.1 100 games avg: 61.1 steps 36 
INFO : 2021-01-28 16:48:03,246 : episode: 22 score: 44.3 100 games avg: 44.3 steps 26 
INFO : 2021-01-28 16:48:32,760 : episode: 23 score: 93.3 100 games avg: 93.3 steps 60 
INFO : 2021-01-28 16:48:44,198 : episode: 24 score: 39.0 100 games avg: 39.0 steps 23 
INFO : 2021-01-28 16:48:56,680 : episode: 25 score: 42.5 100 games avg: 42.5 steps 25 
INFO : 2021-01-28 16:49:11,094 : episode: 26 score: 48.6 100 games avg: 48.6 steps 29 
INFO : 2021-01-28 16:49:25,542 : episode: 27 score: 48.6 100 games avg: 48.6 steps 29 
INFO : 2021-01-28 16:49:38,043 : episode: 28 score: 42.9 100 games avg: 42.9 steps 25 
INFO : 2021-01-28 16:49:51,977 : episode: 29 score: 47.9 100 games avg: 47.9 steps 28 
INFO : 2021-01-28 16:50:04,921 : episode: 30 score: 43.8 100 games avg: 43.8 steps 26 
INFO : 2021-01-28 16:50:17,416 : episode: 31 score: 42.5 100 games avg: 42.5 steps 25 
INFO : 2021-01-28 16:50:29,488 : episode: 32 score: 41.1 100 games avg: 41.1 steps 24 
INFO : 2021-01-28 16:50:42,432 : episode: 33 score: 44.3 100 games avg: 44.3 steps 26 
INFO : 2021-01-28 16:50:54,966 : episode: 34 score: 42.4 100 games avg: 42.4 steps 25 
INFO : 2021-01-28 16:51:08,959 : episode: 35 score: 47.4 100 games avg: 47.4 steps 28 
INFO : 2021-01-28 16:51:21,537 : episode: 36 score: 42.6 100 games avg: 42.6 steps 25 
INFO : 2021-01-28 16:51:34,597 : episode: 37 score: 44.3 100 games avg: 44.3 steps 26 
INFO : 2021-01-28 16:51:46,172 : episode: 38 score: 39.8 100 games avg: 39.8 steps 23 
INFO : 2021-01-28 16:51:58,194 : episode: 39 score: 41.7 100 games avg: 41.7 steps 24 
INFO : 2021-01-28 16:52:09,721 : episode: 40 score: 40.0 100 games avg: 40.0 steps 23 
INFO : 2021-01-28 16:52:24,723 : episode: 41 score: 51.3 100 games avg: 51.3 steps 30 
INFO : 2021-01-28 16:52:36,761 : episode: 42 score: 41.7 100 games avg: 41.7 steps 24 
INFO : 2021-01-28 16:52:50,265 : episode: 43 score: 46.9 100 games avg: 46.9 steps 27 
INFO : 2021-01-28 16:53:06,190 : episode: 44 score: 55.6 100 games avg: 55.6 steps 32 
INFO : 2021-01-28 16:53:24,704 : episode: 45 score: 64.4 100 games avg: 64.4 steps 37 
INFO : 2021-01-28 16:53:41,248 : episode: 46 score: 57.1 100 games avg: 57.1 steps 33 
INFO : 2021-01-28 16:54:01,737 : episode: 47 score: 71.5 100 games avg: 71.5 steps 41 
INFO : 2021-01-28 16:54:14,411 : episode: 48 score: 42.7 100 games avg: 42.7 steps 25 
INFO : 2021-01-28 16:54:33,409 : episode: 49 score: 66.5 100 games avg: 66.5 steps 38 
INFO : 2021-01-28 16:54:54,390 : episode: 50 score: 73.1 100 games avg: 73.1 steps 42 
INFO : 2021-01-28 16:55:14,865 : episode: 51 score: 70.9 100 games avg: 70.9 steps 41 
INFO : 2021-01-28 16:55:37,331 : episode: 52 score: 78.1 100 games avg: 78.1 steps 45 
INFO : 2021-01-28 16:56:09,653 : episode: 53 score: 115.9 100 games avg: 115.9 steps 65 
INFO : 2021-01-28 16:56:38,981 : episode: 54 score: 105.6 100 games avg: 105.6 steps 59 
INFO : 2021-01-28 16:56:50,237 : episode: 55 score: 37.7 100 games avg: 37.7 steps 22 
INFO : 2021-01-28 16:57:21,126 : episode: 56 score: 114.2 100 games avg: 114.2 steps 62 
INFO : 2021-01-28 16:57:47,660 : episode: 57 score: 94.4 100 games avg: 94.4 steps 53 
INFO : 2021-01-28 16:58:13,714 : episode: 58 score: 93.3 100 games avg: 93.3 steps 52 
INFO : 2021-01-28 16:58:45,090 : episode: 59 score: 114.0 100 games avg: 114.0 steps 63 
INFO : 2021-01-28 16:58:56,409 : episode: 60 score: 38.1 100 games avg: 38.1 steps 22 
INFO : 2021-01-28 16:59:23,889 : episode: 61 score: 98.2 100 games avg: 98.2 steps 55 
INFO : 2021-01-28 16:59:35,264 : episode: 62 score: 38.4 100 games avg: 38.4 steps 22 
INFO : 2021-01-28 17:00:02,863 : episode: 63 score: 97.4 100 games avg: 97.4 steps 55 
INFO : 2021-01-28 17:00:28,916 : episode: 64 score: 93.4 100 games avg: 93.4 steps 52 
INFO : 2021-01-28 17:00:55,478 : episode: 65 score: 94.8 100 games avg: 94.8 steps 53 
INFO : 2021-01-28 17:01:26,479 : episode: 66 score: 111.4 100 games avg: 111.4 steps 62 
INFO : 2021-01-28 17:01:53,157 : episode: 67 score: 94.7 100 games avg: 94.7 steps 53 
INFO : 2021-01-28 17:02:18,871 : episode: 68 score: 91.2 100 games avg: 91.2 steps 51 
INFO : 2021-01-28 17:02:44,082 : episode: 69 score: 88.1 100 games avg: 88.1 steps 50 
INFO : 2021-01-28 17:02:55,596 : episode: 70 score: 37.8 100 games avg: 37.8 steps 22 
INFO : 2021-01-28 17:03:20,312 : episode: 71 score: 87.1 100 games avg: 87.1 steps 49 
INFO : 2021-01-28 17:03:47,357 : episode: 72 score: 93.1 100 games avg: 93.1 steps 54 
INFO : 2021-01-28 17:04:13,123 : episode: 73 score: 90.8 100 games avg: 90.8 steps 51 
INFO : 2021-01-28 17:04:38,396 : episode: 74 score: 86.6 100 games avg: 86.6 steps 50 
INFO : 2021-01-28 17:05:05,174 : episode: 75 score: 92.1 100 games avg: 92.1 steps 53 
INFO : 2021-01-28 17:05:34,853 : episode: 76 score: 107.2 100 games avg: 107.2 steps 59 
INFO : 2021-01-28 17:05:58,192 : episode: 77 score: 80.8 100 games avg: 80.8 steps 46 
INFO : 2021-01-28 17:06:31,404 : episode: 78 score: 118.0 100 games avg: 118.0 steps 66 
INFO : 2021-01-28 17:06:56,271 : episode: 79 score: 86.5 100 games avg: 86.5 steps 49 
INFO : 2021-01-28 17:07:27,035 : episode: 80 score: 103.9 100 games avg: 103.9 steps 61 
INFO : 2021-01-28 17:08:02,644 : episode: 81 score: 127.8 100 games avg: 127.8 steps 71 
INFO : 2021-01-28 17:09:05,398 : episode: 82 score: 264.0 100 games avg: 264.0 steps 126 
INFO : 2021-01-28 17:09:52,910 : episode: 83 score: 192.9 100 games avg: 192.9 steps 95 
INFO : 2021-01-28 17:10:34,529 : episode: 84 score: 153.4 100 games avg: 153.4 steps 83 
INFO : 2021-01-28 17:11:19,185 : episode: 85 score: 163.2 100 games avg: 163.2 steps 89 
INFO : 2021-01-28 17:11:51,094 : episode: 86 score: 104.7 100 games avg: 104.7 steps 63 
INFO : 2021-01-28 17:12:35,173 : episode: 87 score: 163.8 100 games avg: 163.8 steps 88 
INFO : 2021-01-28 17:13:15,976 : episode: 88 score: 137.6 100 games avg: 137.6 steps 81 
INFO : 2021-01-28 17:13:54,298 : episode: 89 score: 131.1 100 games avg: 131.1 steps 76 
INFO : 2021-01-28 17:14:42,438 : episode: 90 score: 180.3 100 games avg: 180.3 steps 96 
INFO : 2021-01-28 17:15:14,501 : episode: 91 score: 105.9 100 games avg: 105.9 steps 63 
INFO : 2021-01-28 17:15:43,964 : episode: 92 score: 96.3 100 games avg: 96.3 steps 58 
INFO : 2021-01-28 17:16:31,573 : episode: 93 score: 179.2 100 games avg: 179.2 steps 95 
INFO : 2021-01-28 17:17:20,873 : episode: 94 score: 174.6 100 games avg: 174.6 steps 98 
INFO : 2021-01-28 17:18:23,770 : episode: 95 score: 254.7 100 games avg: 254.7 steps 126 
INFO : 2021-01-28 17:19:10,572 : episode: 96 score: 166.3 100 games avg: 166.3 steps 93 
INFO : 2021-01-28 17:20:07,706 : episode: 97 score: 234.6 100 games avg: 234.6 steps 114 
INFO : 2021-01-28 17:21:02,869 : episode: 98 score: 220.5 100 games avg: 220.5 steps 110 
INFO : 2021-01-28 17:21:58,751 : episode: 99 score: 223.4 100 games avg: 223.4 steps 111 
