INFO : 2021-01-31 12:59:14,807 : method: Model Predictive Contorol
INFO : 2021-01-31 12:59:14,808 : parameter n_steps: 200 ensemble_size: 5 env: Ant-v2
INFO : 2021-01-31 12:59:17,970 : mpc horizon: 5 mpc_samples: 100 elite_sample: 30 grad_steps: 10
INFO : 2021-01-31 12:59:17,971 : mpc_function policy
INFO : 2021-01-31 12:59:17,971 : policy
INFO : 2021-01-31 13:01:55,505 : episode: 0 score: 140.9 100 games avg: 140.9 steps 704 
INFO : 2021-01-31 13:01:59,390 : episode: 1 score: 0.0 100 games avg: 0.0 steps 15 
INFO : 2021-01-31 13:05:55,213 : episode: 2 score: -281.6 100 games avg: -281.6 steps 1000 
INFO : 2021-01-31 13:06:02,428 : episode: 3 score: -20.5 100 games avg: -20.5 steps 26 
INFO : 2021-01-31 13:07:11,854 : episode: 4 score: -12.4 100 games avg: -12.4 steps 293 
INFO : 2021-01-31 13:07:27,423 : episode: 5 score: 7.6 100 games avg: 7.6 steps 61 
INFO : 2021-01-31 13:07:36,330 : episode: 6 score: 10.6 100 games avg: 10.6 steps 33 
INFO : 2021-01-31 13:08:36,801 : episode: 7 score: -6.9 100 games avg: -6.9 steps 250 
INFO : 2021-01-31 13:12:37,703 : episode: 8 score: 338.3 100 games avg: 338.3 steps 1000 
INFO : 2021-01-31 13:16:44,462 : episode: 9 score: 348.3 100 games avg: 348.3 steps 1000 
INFO : 2021-01-31 13:20:47,860 : episode: 10 score: 508.0 100 games avg: 508.0 steps 1000 
INFO : 2021-01-31 13:24:54,911 : episode: 11 score: 471.2 100 games avg: 471.2 steps 1000 
INFO : 2021-01-31 13:29:00,627 : episode: 12 score: 461.7 100 games avg: 461.7 steps 1000 
INFO : 2021-01-31 13:33:06,397 : episode: 13 score: 556.8 100 games avg: 556.8 steps 1000 
INFO : 2021-01-31 13:37:12,734 : episode: 14 score: 543.6 100 games avg: 543.6 steps 1000 
INFO : 2021-01-31 13:41:21,840 : episode: 15 score: 569.4 100 games avg: 569.4 steps 1000 
INFO : 2021-01-31 13:43:23,583 : episode: 16 score: 139.3 100 games avg: 139.3 steps 480 
INFO : 2021-01-31 13:47:32,585 : episode: 17 score: 686.7 100 games avg: 686.7 steps 1000 
INFO : 2021-01-31 13:51:40,943 : episode: 18 score: 661.6 100 games avg: 661.6 steps 1000 
INFO : 2021-01-31 13:52:40,310 : episode: 19 score: 128.5 100 games avg: 128.5 steps 208 
INFO : 2021-01-31 13:56:51,837 : episode: 20 score: 415.2 100 games avg: 415.2 steps 1000 
INFO : 2021-01-31 14:01:03,486 : episode: 21 score: 700.0 100 games avg: 700.0 steps 1000 
INFO : 2021-01-31 14:05:13,620 : episode: 22 score: 574.6 100 games avg: 574.6 steps 1000 
INFO : 2021-01-31 14:09:26,938 : episode: 23 score: 645.8 100 games avg: 645.8 steps 1000 
INFO : 2021-01-31 14:13:19,271 : episode: 24 score: 594.9 100 games avg: 594.9 steps 896 
INFO : 2021-01-31 14:17:31,348 : episode: 25 score: 582.8 100 games avg: 582.8 steps 1000 
INFO : 2021-01-31 14:18:33,851 : episode: 26 score: 137.1 100 games avg: 137.1 steps 208 
INFO : 2021-01-31 14:22:44,296 : episode: 27 score: 410.7 100 games avg: 410.7 steps 1000 
INFO : 2021-01-31 14:26:58,422 : episode: 28 score: 629.2 100 games avg: 629.2 steps 1000 
INFO : 2021-01-31 14:31:16,268 : episode: 29 score: 687.4 100 games avg: 687.4 steps 1000 
INFO : 2021-01-31 14:35:33,379 : episode: 30 score: 504.8 100 games avg: 504.8 steps 1000 
INFO : 2021-01-31 14:39:51,177 : episode: 31 score: 712.5 100 games avg: 712.5 steps 1000 
INFO : 2021-01-31 14:44:09,015 : episode: 32 score: 571.8 100 games avg: 571.8 steps 1000 
INFO : 2021-01-31 14:48:29,161 : episode: 33 score: 678.4 100 games avg: 678.4 steps 1000 
INFO : 2021-01-31 14:52:50,238 : episode: 34 score: 677.8 100 games avg: 677.8 steps 1000 
INFO : 2021-01-31 14:57:12,826 : episode: 35 score: 664.6 100 games avg: 664.6 steps 1000 
INFO : 2021-01-31 15:01:33,320 : episode: 36 score: 689.2 100 games avg: 689.2 steps 1000 
INFO : 2021-01-31 15:05:58,356 : episode: 37 score: 722.0 100 games avg: 722.0 steps 1000 
INFO : 2021-01-31 15:10:20,573 : episode: 38 score: 721.0 100 games avg: 721.0 steps 1000 
INFO : 2021-01-31 15:11:03,365 : episode: 39 score: 61.8 100 games avg: 61.8 steps 88 
INFO : 2021-01-31 15:15:27,786 : episode: 40 score: 642.7 100 games avg: 642.7 steps 1000 
INFO : 2021-01-31 15:19:55,768 : episode: 41 score: 628.6 100 games avg: 628.6 steps 1000 
INFO : 2021-01-31 15:24:19,078 : episode: 42 score: 659.7 100 games avg: 659.7 steps 1000 
INFO : 2021-01-31 15:28:47,238 : episode: 43 score: 647.9 100 games avg: 647.9 steps 1000 
INFO : 2021-01-31 15:33:13,193 : episode: 44 score: 635.6 100 games avg: 635.6 steps 1000 
INFO : 2021-01-31 15:33:53,202 : episode: 45 score: 60.8 100 games avg: 60.8 steps 66 
INFO : 2021-01-31 15:38:21,393 : episode: 46 score: 745.9 100 games avg: 745.9 steps 1000 
INFO : 2021-01-31 15:42:47,126 : episode: 47 score: 692.2 100 games avg: 692.2 steps 1000 
INFO : 2021-01-31 15:47:16,420 : episode: 48 score: 729.0 100 games avg: 729.0 steps 1000 
INFO : 2021-01-31 15:51:46,216 : episode: 49 score: 727.4 100 games avg: 727.4 steps 1000 
INFO : 2021-01-31 15:56:14,978 : episode: 50 score: 731.1 100 games avg: 731.1 steps 1000 
INFO : 2021-01-31 16:00:42,791 : episode: 51 score: 737.0 100 games avg: 737.0 steps 1000 
INFO : 2021-01-31 16:01:53,485 : episode: 52 score: 139.8 100 games avg: 139.8 steps 179 
INFO : 2021-01-31 16:06:24,396 : episode: 53 score: 741.8 100 games avg: 741.8 steps 1000 
INFO : 2021-01-31 16:08:59,302 : episode: 54 score: 445.9 100 games avg: 445.9 steps 529 
INFO : 2021-01-31 16:13:33,105 : episode: 55 score: 568.7 100 games avg: 568.7 steps 1000 
INFO : 2021-01-31 16:18:07,283 : episode: 56 score: 742.2 100 games avg: 742.2 steps 1000 
INFO : 2021-01-31 16:22:41,200 : episode: 57 score: 763.9 100 games avg: 763.9 steps 1000 
INFO : 2021-01-31 16:27:15,734 : episode: 58 score: 747.1 100 games avg: 747.1 steps 1000 
INFO : 2021-01-31 16:31:47,759 : episode: 59 score: 730.7 100 games avg: 730.7 steps 1000 
INFO : 2021-01-31 16:36:25,460 : episode: 60 score: 753.1 100 games avg: 753.1 steps 1000 
INFO : 2021-01-31 16:41:04,029 : episode: 61 score: 597.3 100 games avg: 597.3 steps 1000 
INFO : 2021-01-31 16:45:48,158 : episode: 62 score: 747.4 100 games avg: 747.4 steps 1000 
INFO : 2021-01-31 16:50:23,584 : episode: 63 score: 776.5 100 games avg: 776.5 steps 1000 
INFO : 2021-01-31 16:55:13,745 : episode: 64 score: 478.0 100 games avg: 478.0 steps 1000 
INFO : 2021-01-31 16:59:55,524 : episode: 65 score: 717.6 100 games avg: 717.6 steps 1000 
INFO : 2021-01-31 17:04:36,633 : episode: 66 score: 829.9 100 games avg: 829.9 steps 1000 
INFO : 2021-01-31 17:09:22,374 : episode: 67 score: 767.4 100 games avg: 767.4 steps 1000 
INFO : 2021-01-31 17:14:19,565 : episode: 68 score: 754.0 100 games avg: 754.0 steps 1000 
INFO : 2021-01-31 17:19:01,607 : episode: 69 score: 770.6 100 games avg: 770.6 steps 1000 
INFO : 2021-01-31 17:23:54,794 : episode: 70 score: 778.0 100 games avg: 778.0 steps 1000 
INFO : 2021-01-31 17:28:47,065 : episode: 71 score: 744.9 100 games avg: 744.9 steps 1000 
INFO : 2021-01-31 17:33:47,530 : episode: 72 score: 719.2 100 games avg: 719.2 steps 1000 
INFO : 2021-01-31 17:34:54,332 : episode: 73 score: 71.2 100 games avg: 71.2 steps 77 
INFO : 2021-01-31 17:39:54,321 : episode: 74 score: 732.3 100 games avg: 732.3 steps 1000 
INFO : 2021-01-31 17:44:51,523 : episode: 75 score: 646.6 100 games avg: 646.6 steps 1000 
INFO : 2021-01-31 17:49:45,318 : episode: 76 score: 777.8 100 games avg: 777.8 steps 1000 
INFO : 2021-01-31 17:54:47,850 : episode: 77 score: 824.3 100 games avg: 824.3 steps 1000 
INFO : 2021-01-31 17:59:46,773 : episode: 78 score: 750.3 100 games avg: 750.3 steps 1000 
INFO : 2021-01-31 18:01:20,106 : episode: 79 score: 140.6 100 games avg: 140.6 steps 155 
INFO : 2021-01-31 18:06:25,010 : episode: 80 score: 832.5 100 games avg: 832.5 steps 1000 
INFO : 2021-01-31 18:11:25,223 : episode: 81 score: 564.2 100 games avg: 564.2 steps 1000 
INFO : 2021-01-31 18:12:46,505 : episode: 82 score: 150.5 100 games avg: 150.5 steps 119 
INFO : 2021-01-31 18:17:53,554 : episode: 83 score: 854.8 100 games avg: 854.8 steps 1000 
INFO : 2021-01-31 18:22:56,470 : episode: 84 score: 849.1 100 games avg: 849.1 steps 1000 
INFO : 2021-01-31 18:27:56,119 : episode: 85 score: 755.0 100 games avg: 755.0 steps 1000 
INFO : 2021-01-31 18:33:28,406 : episode: 86 score: 768.2 100 games avg: 768.2 steps 1000 
INFO : 2021-01-31 18:36:11,010 : episode: 87 score: 399.0 100 games avg: 399.0 steps 440 
INFO : 2021-01-31 18:41:19,448 : episode: 88 score: 644.0 100 games avg: 644.0 steps 1000 
INFO : 2021-01-31 18:46:26,378 : episode: 89 score: 979.1 100 games avg: 979.1 steps 1000 
INFO : 2021-01-31 18:51:45,091 : episode: 90 score: 813.7 100 games avg: 813.7 steps 1000 
INFO : 2021-01-31 18:57:00,480 : episode: 91 score: 807.0 100 games avg: 807.0 steps 1000 
INFO : 2021-01-31 19:02:08,058 : episode: 92 score: 818.0 100 games avg: 818.0 steps 1000 
INFO : 2021-01-31 19:07:10,036 : episode: 93 score: 708.4 100 games avg: 708.4 steps 1000 
INFO : 2021-01-31 19:08:30,679 : episode: 94 score: 53.8 100 games avg: 53.8 steps 56 
INFO : 2021-01-31 19:10:12,356 : episode: 95 score: 179.0 100 games avg: 179.0 steps 163 
INFO : 2021-01-31 19:15:27,856 : episode: 96 score: 657.2 100 games avg: 657.2 steps 1000 
INFO : 2021-01-31 19:20:47,907 : episode: 97 score: 695.5 100 games avg: 695.5 steps 1000 
INFO : 2021-01-31 19:23:14,565 : episode: 98 score: 329.7 100 games avg: 329.7 steps 293 
INFO : 2021-01-31 19:24:28,202 : episode: 99 score: 69.6 100 games avg: 69.6 steps 64 
INFO : 2021-01-31 19:26:42,427 : episode: 100 score: 320.4 100 games avg: 320.4 steps 310 
INFO : 2021-01-31 19:29:00,118 : episode: 101 score: 320.3 100 games avg: 320.3 steps 220 
INFO : 2021-01-31 19:34:22,390 : episode: 102 score: 731.4 100 games avg: 731.4 steps 1000 
INFO : 2021-01-31 19:39:33,010 : episode: 103 score: 650.5 100 games avg: 650.5 steps 1000 
INFO : 2021-01-31 19:44:58,850 : episode: 104 score: 942.7 100 games avg: 942.7 steps 1000 
INFO : 2021-01-31 19:50:12,470 : episode: 105 score: 679.6 100 games avg: 679.6 steps 1000 
INFO : 2021-01-31 19:55:31,726 : episode: 106 score: 729.4 100 games avg: 729.4 steps 1000 
INFO : 2021-01-31 20:00:46,596 : episode: 107 score: 1132.2 100 games avg: 1132.2 steps 1000 
INFO : 2021-01-31 20:04:24,553 : episode: 108 score: 522.0 100 games avg: 522.0 steps 578 
INFO : 2021-01-31 20:09:52,027 : episode: 109 score: 984.9 100 games avg: 984.9 steps 1000 
INFO : 2021-01-31 20:15:08,938 : episode: 110 score: 826.8 100 games avg: 826.8 steps 1000 
INFO : 2021-01-31 20:18:26,130 : episode: 111 score: 588.8 100 games avg: 588.8 steps 487 
INFO : 2021-01-31 20:23:48,215 : episode: 112 score: 736.4 100 games avg: 736.4 steps 1000 
INFO : 2021-01-31 20:29:22,503 : episode: 113 score: 745.2 100 games avg: 745.2 steps 1000 
INFO : 2021-01-31 20:34:37,820 : episode: 114 score: 626.6 100 games avg: 626.6 steps 1000 
INFO : 2021-01-31 20:38:15,571 : episode: 115 score: 627.9 100 games avg: 627.9 steps 592 
INFO : 2021-01-31 20:40:11,638 : episode: 116 score: 49.4 100 games avg: 49.4 steps 78 
INFO : 2021-01-31 20:45:40,256 : episode: 117 score: 673.7 100 games avg: 673.7 steps 1000 
INFO : 2021-01-31 20:51:12,846 : episode: 118 score: 635.8 100 games avg: 635.8 steps 1000 
INFO : 2021-01-31 20:53:18,478 : episode: 119 score: 164.2 100 games avg: 164.2 steps 127 
INFO : 2021-01-31 20:57:14,404 : episode: 120 score: 767.6 100 games avg: 767.6 steps 630 
INFO : 2021-01-31 20:59:58,105 : episode: 121 score: 473.9 100 games avg: 473.9 steps 372 
INFO : 2021-01-31 21:01:41,551 : episode: 122 score: 99.0 100 games avg: 99.0 steps 82 
INFO : 2021-01-31 21:07:32,529 : episode: 123 score: 661.4 100 games avg: 661.4 steps 1000 
INFO : 2021-01-31 21:13:00,943 : episode: 124 score: 679.6 100 games avg: 679.6 steps 1000 
INFO : 2021-01-31 21:18:40,273 : episode: 125 score: 665.8 100 games avg: 665.8 steps 1000 
INFO : 2021-01-31 21:20:15,282 : episode: 126 score: 126.6 100 games avg: 126.6 steps 94 
INFO : 2021-01-31 21:26:28,134 : episode: 127 score: 680.8 100 games avg: 680.8 steps 1000 
INFO : 2021-01-31 21:31:53,699 : episode: 128 score: 776.8 100 games avg: 776.8 steps 1000 
INFO : 2021-01-31 21:37:37,275 : episode: 129 score: 651.6 100 games avg: 651.6 steps 1000 
INFO : 2021-01-31 21:39:36,520 : episode: 130 score: 171.3 100 games avg: 171.3 steps 123 
INFO : 2021-01-31 21:45:38,027 : episode: 131 score: 822.5 100 games avg: 822.5 steps 1000 
INFO : 2021-01-31 21:51:02,827 : episode: 132 score: 822.6 100 games avg: 822.6 steps 1000 
INFO : 2021-01-31 21:56:41,741 : episode: 133 score: 725.9 100 games avg: 725.9 steps 1000 
INFO : 2021-01-31 22:00:35,364 : episode: 134 score: 624.7 100 games avg: 624.7 steps 563 
INFO : 2021-01-31 22:03:13,860 : episode: 135 score: 351.2 100 games avg: 351.2 steps 301 
INFO : 2021-01-31 22:05:34,082 : episode: 136 score: 291.9 100 games avg: 291.9 steps 247 
INFO : 2021-01-31 22:11:17,961 : episode: 137 score: 662.7 100 games avg: 662.7 steps 1000 
INFO : 2021-01-31 22:17:21,380 : episode: 138 score: 714.9 100 games avg: 714.9 steps 1000 
INFO : 2021-01-31 22:23:04,896 : episode: 139 score: 656.6 100 games avg: 656.6 steps 1000 
INFO : 2021-01-31 22:28:46,570 : episode: 140 score: 1065.5 100 games avg: 1065.5 steps 1000 
INFO : 2021-01-31 22:30:35,683 : episode: 141 score: 105.0 100 games avg: 105.0 steps 89 
INFO : 2021-01-31 22:32:48,949 : episode: 142 score: 234.6 100 games avg: 234.6 steps 177 
INFO : 2021-01-31 22:35:18,467 : episode: 143 score: 325.1 100 games avg: 325.1 steps 228 
INFO : 2021-01-31 22:41:17,967 : episode: 144 score: 573.3 100 games avg: 573.3 steps 1000 
INFO : 2021-01-31 22:42:59,558 : episode: 145 score: 90.6 100 games avg: 90.6 steps 76 
INFO : 2021-01-31 22:48:45,744 : episode: 146 score: 1406.3 100 games avg: 1406.3 steps 1000 
INFO : 2021-01-31 22:53:38,724 : episode: 147 score: 883.1 100 games avg: 883.1 steps 752 
