INFO : 2021-02-02 02:59:10,415 : method: Model Predictive Contorol
INFO : 2021-02-02 02:59:10,416 : parameter n_steps: 200 ensemble_size: 5 env: Hopper-v2
INFO : 2021-02-02 02:59:14,033 : mpc horizon: 5 mpc_samples: 100 elite_sample: 30 grad_steps: 10
INFO : 2021-02-02 02:59:14,034 : mpc_function policy-kl5
INFO : 2021-02-02 02:59:14,034 : policy-kl5
INFO : 2021-02-02 02:59:20,271 : episode: 0 score: 16.8 100 games avg: 16.8 steps 21 
INFO : 2021-02-02 02:59:26,541 : episode: 1 score: 17.3 100 games avg: 17.3 steps 22 
INFO : 2021-02-02 02:59:32,051 : episode: 2 score: 16.7 100 games avg: 16.7 steps 21 
INFO : 2021-02-02 02:59:37,918 : episode: 3 score: 16.4 100 games avg: 16.4 steps 21 
INFO : 2021-02-02 02:59:43,487 : episode: 4 score: 16.7 100 games avg: 16.7 steps 21 
INFO : 2021-02-02 02:59:48,751 : episode: 5 score: 16.4 100 games avg: 16.4 steps 21 
INFO : 2021-02-02 02:59:53,960 : episode: 6 score: 16.7 100 games avg: 16.7 steps 21 
INFO : 2021-02-02 02:59:59,171 : episode: 7 score: 16.6 100 games avg: 16.6 steps 21 
INFO : 2021-02-02 03:00:04,843 : episode: 8 score: 16.4 100 games avg: 16.4 steps 21 
INFO : 2021-02-02 03:00:10,259 : episode: 9 score: 16.7 100 games avg: 16.7 steps 21 
INFO : 2021-02-02 03:00:16,084 : episode: 10 score: 16.5 100 games avg: 16.5 steps 21 
INFO : 2021-02-02 03:00:21,889 : episode: 11 score: 16.7 100 games avg: 16.7 steps 21 
INFO : 2021-02-02 03:00:29,130 : episode: 12 score: 21.8 100 games avg: 21.8 steps 25 
INFO : 2021-02-02 03:00:47,808 : episode: 13 score: 107.7 100 games avg: 107.7 steps 62 
INFO : 2021-02-02 03:00:57,526 : episode: 14 score: 52.1 100 games avg: 52.1 steps 33 
INFO : 2021-02-02 03:01:07,066 : episode: 15 score: 57.3 100 games avg: 57.3 steps 36 
INFO : 2021-02-02 03:01:25,005 : episode: 16 score: 122.4 100 games avg: 122.4 steps 68 
INFO : 2021-02-02 03:01:32,807 : episode: 17 score: 47.7 100 games avg: 47.7 steps 29 
INFO : 2021-02-02 03:01:41,129 : episode: 18 score: 49.7 100 games avg: 49.7 steps 30 
INFO : 2021-02-02 03:01:55,658 : episode: 19 score: 67.4 100 games avg: 67.4 steps 54 
INFO : 2021-02-02 03:02:03,462 : episode: 20 score: 46.3 100 games avg: 46.3 steps 27 
INFO : 2021-02-02 03:02:14,016 : episode: 21 score: 56.6 100 games avg: 56.6 steps 34 
INFO : 2021-02-02 03:02:22,448 : episode: 22 score: 47.0 100 games avg: 47.0 steps 28 
INFO : 2021-02-02 03:02:30,489 : episode: 23 score: 45.5 100 games avg: 45.5 steps 27 
INFO : 2021-02-02 03:02:38,187 : episode: 24 score: 42.6 100 games avg: 42.6 steps 25 
INFO : 2021-02-02 03:02:49,131 : episode: 25 score: 63.0 100 games avg: 63.0 steps 38 
INFO : 2021-02-02 03:02:57,515 : episode: 26 score: 48.9 100 games avg: 48.9 steps 29 
INFO : 2021-02-02 03:03:06,395 : episode: 27 score: 53.6 100 games avg: 53.6 steps 32 
INFO : 2021-02-02 03:03:14,421 : episode: 28 score: 48.5 100 games avg: 48.5 steps 29 
INFO : 2021-02-02 03:03:22,059 : episode: 29 score: 45.2 100 games avg: 45.2 steps 27 
INFO : 2021-02-02 03:03:30,682 : episode: 30 score: 52.7 100 games avg: 52.7 steps 30 
INFO : 2021-02-02 03:03:39,272 : episode: 31 score: 49.1 100 games avg: 49.1 steps 29 
INFO : 2021-02-02 03:03:48,186 : episode: 32 score: 53.1 100 games avg: 53.1 steps 32 
INFO : 2021-02-02 03:03:57,403 : episode: 33 score: 49.7 100 games avg: 49.7 steps 29 
INFO : 2021-02-02 03:04:06,885 : episode: 34 score: 52.8 100 games avg: 52.8 steps 30 
INFO : 2021-02-02 03:04:15,748 : episode: 35 score: 52.6 100 games avg: 52.6 steps 30 
INFO : 2021-02-02 03:04:27,916 : episode: 36 score: 75.2 100 games avg: 75.2 steps 41 
INFO : 2021-02-02 03:04:52,296 : episode: 37 score: 178.4 100 games avg: 178.4 steps 84 
INFO : 2021-02-02 03:05:06,076 : episode: 38 score: 76.9 100 games avg: 76.9 steps 43 
INFO : 2021-02-02 03:05:18,065 : episode: 39 score: 71.5 100 games avg: 71.5 steps 40 
INFO : 2021-02-02 03:05:29,907 : episode: 40 score: 70.5 100 games avg: 70.5 steps 42 
INFO : 2021-02-02 03:05:40,179 : episode: 41 score: 63.3 100 games avg: 63.3 steps 35 
INFO : 2021-02-02 03:05:49,800 : episode: 42 score: 58.3 100 games avg: 58.3 steps 33 
INFO : 2021-02-02 03:05:59,150 : episode: 43 score: 56.3 100 games avg: 56.3 steps 32 
INFO : 2021-02-02 03:06:09,952 : episode: 44 score: 64.4 100 games avg: 64.4 steps 36 
INFO : 2021-02-02 03:06:20,053 : episode: 45 score: 56.7 100 games avg: 56.7 steps 32 
INFO : 2021-02-02 03:06:31,203 : episode: 46 score: 62.4 100 games avg: 62.4 steps 35 
INFO : 2021-02-02 03:06:41,085 : episode: 47 score: 58.4 100 games avg: 58.4 steps 33 
INFO : 2021-02-02 03:06:52,708 : episode: 48 score: 68.3 100 games avg: 68.3 steps 39 
INFO : 2021-02-02 03:07:03,701 : episode: 49 score: 64.5 100 games avg: 64.5 steps 36 
INFO : 2021-02-02 03:07:14,664 : episode: 50 score: 61.4 100 games avg: 61.4 steps 34 
INFO : 2021-02-02 03:07:26,557 : episode: 51 score: 67.8 100 games avg: 67.8 steps 38 
INFO : 2021-02-02 03:07:38,833 : episode: 52 score: 72.6 100 games avg: 72.6 steps 40 
INFO : 2021-02-02 03:07:51,577 : episode: 53 score: 72.0 100 games avg: 72.0 steps 40 
INFO : 2021-02-02 03:08:04,858 : episode: 54 score: 73.8 100 games avg: 73.8 steps 41 
INFO : 2021-02-02 03:08:15,906 : episode: 55 score: 66.6 100 games avg: 66.6 steps 37 
INFO : 2021-02-02 03:08:27,541 : episode: 56 score: 66.8 100 games avg: 66.8 steps 37 
INFO : 2021-02-02 03:08:38,299 : episode: 57 score: 59.3 100 games avg: 59.3 steps 33 
INFO : 2021-02-02 03:08:49,715 : episode: 58 score: 66.7 100 games avg: 66.7 steps 37 
INFO : 2021-02-02 03:09:01,057 : episode: 59 score: 66.2 100 games avg: 66.2 steps 37 
INFO : 2021-02-02 03:09:10,924 : episode: 60 score: 59.1 100 games avg: 59.1 steps 33 
INFO : 2021-02-02 03:09:23,336 : episode: 61 score: 75.5 100 games avg: 75.5 steps 42 
INFO : 2021-02-02 03:09:36,007 : episode: 62 score: 78.2 100 games avg: 78.2 steps 43 
INFO : 2021-02-02 03:09:47,309 : episode: 63 score: 71.4 100 games avg: 71.4 steps 39 
INFO : 2021-02-02 03:09:57,620 : episode: 64 score: 59.0 100 games avg: 59.0 steps 33 
INFO : 2021-02-02 03:10:07,464 : episode: 65 score: 59.9 100 games avg: 59.9 steps 33 
INFO : 2021-02-02 03:10:32,081 : episode: 66 score: 159.8 100 games avg: 159.8 steps 82 
INFO : 2021-02-02 03:10:50,057 : episode: 67 score: 104.3 100 games avg: 104.3 steps 59 
INFO : 2021-02-02 03:11:01,058 : episode: 68 score: 67.3 100 games avg: 67.3 steps 37 
INFO : 2021-02-02 03:11:27,899 : episode: 69 score: 174.1 100 games avg: 174.1 steps 87 
INFO : 2021-02-02 03:11:47,679 : episode: 70 score: 118.0 100 games avg: 118.0 steps 67 
INFO : 2021-02-02 03:12:08,208 : episode: 71 score: 114.6 100 games avg: 114.6 steps 66 
INFO : 2021-02-02 03:12:27,292 : episode: 72 score: 109.1 100 games avg: 109.1 steps 63 
INFO : 2021-02-02 03:12:45,184 : episode: 73 score: 101.9 100 games avg: 101.9 steps 59 
INFO : 2021-02-02 03:13:02,601 : episode: 74 score: 103.3 100 games avg: 103.3 steps 59 
INFO : 2021-02-02 03:13:18,837 : episode: 75 score: 103.2 100 games avg: 103.2 steps 59 
INFO : 2021-02-02 03:13:36,413 : episode: 76 score: 105.1 100 games avg: 105.1 steps 60 
INFO : 2021-02-02 03:13:46,081 : episode: 77 score: 51.7 100 games avg: 51.7 steps 29 
INFO : 2021-02-02 03:14:05,068 : episode: 78 score: 116.1 100 games avg: 116.1 steps 66 
INFO : 2021-02-02 03:14:26,197 : episode: 79 score: 127.2 100 games avg: 127.2 steps 71 
INFO : 2021-02-02 03:14:46,564 : episode: 80 score: 120.8 100 games avg: 120.8 steps 68 
INFO : 2021-02-02 03:15:14,633 : episode: 81 score: 211.9 100 games avg: 211.9 steps 96 
INFO : 2021-02-02 03:15:40,165 : episode: 82 score: 161.5 100 games avg: 161.5 steps 85 
INFO : 2021-02-02 03:16:15,967 : episode: 83 score: 251.0 100 games avg: 251.0 steps 116 
INFO : 2021-02-02 03:16:51,508 : episode: 84 score: 250.2 100 games avg: 250.2 steps 117 
INFO : 2021-02-02 03:17:23,514 : episode: 85 score: 234.5 100 games avg: 234.5 steps 111 
INFO : 2021-02-02 03:17:58,664 : episode: 86 score: 266.6 100 games avg: 266.6 steps 125 
INFO : 2021-02-02 03:18:34,669 : episode: 87 score: 263.8 100 games avg: 263.8 steps 120 
INFO : 2021-02-02 03:19:08,004 : episode: 88 score: 244.3 100 games avg: 244.3 steps 114 
INFO : 2021-02-02 03:19:43,722 : episode: 89 score: 242.2 100 games avg: 242.2 steps 117 
INFO : 2021-02-02 03:20:22,414 : episode: 90 score: 256.5 100 games avg: 256.5 steps 122 
INFO : 2021-02-02 03:21:00,707 : episode: 91 score: 248.6 100 games avg: 248.6 steps 119 
INFO : 2021-02-02 03:21:35,371 : episode: 92 score: 249.8 100 games avg: 249.8 steps 120 
INFO : 2021-02-02 03:21:45,280 : episode: 93 score: 51.0 100 games avg: 51.0 steps 29 
INFO : 2021-02-02 03:21:55,344 : episode: 94 score: 43.9 100 games avg: 43.9 steps 25 
INFO : 2021-02-02 03:22:28,252 : episode: 95 score: 221.5 100 games avg: 221.5 steps 104 
INFO : 2021-02-02 03:22:38,370 : episode: 96 score: 43.9 100 games avg: 43.9 steps 25 
INFO : 2021-02-02 03:23:13,185 : episode: 97 score: 239.2 100 games avg: 239.2 steps 111 
INFO : 2021-02-02 03:23:23,399 : episode: 98 score: 48.9 100 games avg: 48.9 steps 28 
INFO : 2021-02-02 03:23:31,979 : episode: 99 score: 42.1 100 games avg: 42.1 steps 24 
INFO : 2021-02-02 03:24:05,230 : episode: 100 score: 245.2 100 games avg: 245.2 steps 111 
INFO : 2021-02-02 03:24:41,292 : episode: 101 score: 240.4 100 games avg: 240.4 steps 111 
INFO : 2021-02-02 03:25:17,543 : episode: 102 score: 252.0 100 games avg: 252.0 steps 115 
INFO : 2021-02-02 03:25:52,881 : episode: 103 score: 238.4 100 games avg: 238.4 steps 112 
INFO : 2021-02-02 03:26:27,846 : episode: 104 score: 247.9 100 games avg: 247.9 steps 116 
INFO : 2021-02-02 03:27:00,250 : episode: 105 score: 220.2 100 games avg: 220.2 steps 105 
INFO : 2021-02-02 03:27:37,112 : episode: 106 score: 250.7 100 games avg: 250.7 steps 116 
INFO : 2021-02-02 03:28:07,925 : episode: 107 score: 218.4 100 games avg: 218.4 steps 96 
INFO : 2021-02-02 03:28:41,458 : episode: 108 score: 249.0 100 games avg: 249.0 steps 110 
INFO : 2021-02-02 03:29:14,015 : episode: 109 score: 234.9 100 games avg: 234.9 steps 111 
INFO : 2021-02-02 03:29:48,755 : episode: 110 score: 238.4 100 games avg: 238.4 steps 111 
INFO : 2021-02-02 03:30:21,505 : episode: 111 score: 227.8 100 games avg: 227.8 steps 106 
INFO : 2021-02-02 03:30:53,705 : episode: 112 score: 234.0 100 games avg: 234.0 steps 104 
INFO : 2021-02-02 03:31:26,602 : episode: 113 score: 246.2 100 games avg: 246.2 steps 110 
INFO : 2021-02-02 03:31:59,728 : episode: 114 score: 244.1 100 games avg: 244.1 steps 111 
INFO : 2021-02-02 03:32:32,114 : episode: 115 score: 245.2 100 games avg: 245.2 steps 104 
INFO : 2021-02-02 03:33:06,958 : episode: 116 score: 258.5 100 games avg: 258.5 steps 107 
INFO : 2021-02-02 03:33:42,822 : episode: 117 score: 288.2 100 games avg: 288.2 steps 113 
INFO : 2021-02-02 03:34:04,787 : episode: 118 score: 102.5 100 games avg: 102.5 steps 62 
INFO : 2021-02-02 03:34:39,395 : episode: 119 score: 236.9 100 games avg: 236.9 steps 109 
INFO : 2021-02-02 03:35:01,199 : episode: 120 score: 108.8 100 games avg: 108.8 steps 63 
INFO : 2021-02-02 03:35:33,769 : episode: 121 score: 240.1 100 games avg: 240.1 steps 107 
INFO : 2021-02-02 03:36:13,190 : episode: 122 score: 277.7 100 games avg: 277.7 steps 134 
INFO : 2021-02-02 03:36:53,362 : episode: 123 score: 312.6 100 games avg: 312.6 steps 133 
INFO : 2021-02-02 03:37:28,322 : episode: 124 score: 260.7 100 games avg: 260.7 steps 111 
INFO : 2021-02-02 03:38:09,373 : episode: 125 score: 281.6 100 games avg: 281.6 steps 122 
INFO : 2021-02-02 03:38:52,170 : episode: 126 score: 281.0 100 games avg: 281.0 steps 127 
INFO : 2021-02-02 03:39:33,282 : episode: 127 score: 276.1 100 games avg: 276.1 steps 119 
INFO : 2021-02-02 03:40:08,751 : episode: 128 score: 284.7 100 games avg: 284.7 steps 121 
INFO : 2021-02-02 03:40:47,536 : episode: 129 score: 307.0 100 games avg: 307.0 steps 131 
INFO : 2021-02-02 03:41:24,001 : episode: 130 score: 295.4 100 games avg: 295.4 steps 122 
INFO : 2021-02-02 03:42:06,332 : episode: 131 score: 319.0 100 games avg: 319.0 steps 131 
INFO : 2021-02-02 03:42:50,413 : episode: 132 score: 301.8 100 games avg: 301.8 steps 135 
INFO : 2021-02-02 03:43:32,628 : episode: 133 score: 315.0 100 games avg: 315.0 steps 127 
INFO : 2021-02-02 03:44:13,098 : episode: 134 score: 289.5 100 games avg: 289.5 steps 135 
INFO : 2021-02-02 03:44:49,650 : episode: 135 score: 239.8 100 games avg: 239.8 steps 120 
INFO : 2021-02-02 03:45:25,332 : episode: 136 score: 232.6 100 games avg: 232.6 steps 114 
INFO : 2021-02-02 03:46:05,179 : episode: 137 score: 270.5 100 games avg: 270.5 steps 123 
INFO : 2021-02-02 03:46:41,147 : episode: 138 score: 232.5 100 games avg: 232.5 steps 112 
INFO : 2021-02-02 03:47:22,467 : episode: 139 score: 272.2 100 games avg: 272.2 steps 128 
INFO : 2021-02-02 03:48:04,051 : episode: 140 score: 278.3 100 games avg: 278.3 steps 132 
INFO : 2021-02-02 03:48:37,048 : episode: 141 score: 208.5 100 games avg: 208.5 steps 104 
INFO : 2021-02-02 03:49:14,422 : episode: 142 score: 243.3 100 games avg: 243.3 steps 118 
INFO : 2021-02-02 03:49:57,015 : episode: 143 score: 260.0 100 games avg: 260.0 steps 121 
INFO : 2021-02-02 03:50:36,203 : episode: 144 score: 253.8 100 games avg: 253.8 steps 123 
INFO : 2021-02-02 03:51:11,988 : episode: 145 score: 224.9 100 games avg: 224.9 steps 108 
INFO : 2021-02-02 03:51:46,660 : episode: 146 score: 236.9 100 games avg: 236.9 steps 111 
INFO : 2021-02-02 03:52:21,262 : episode: 147 score: 230.4 100 games avg: 230.4 steps 112 
INFO : 2021-02-02 03:52:57,037 : episode: 148 score: 218.1 100 games avg: 218.1 steps 108 
INFO : 2021-02-02 03:53:36,438 : episode: 149 score: 253.2 100 games avg: 253.2 steps 120 
INFO : 2021-02-02 03:54:16,595 : episode: 150 score: 228.5 100 games avg: 228.5 steps 111 
INFO : 2021-02-02 03:54:54,882 : episode: 151 score: 237.7 100 games avg: 237.7 steps 116 
INFO : 2021-02-02 03:55:35,176 : episode: 152 score: 243.7 100 games avg: 243.7 steps 117 
INFO : 2021-02-02 03:56:10,410 : episode: 153 score: 224.8 100 games avg: 224.8 steps 111 
INFO : 2021-02-02 03:56:49,175 : episode: 154 score: 258.4 100 games avg: 258.4 steps 119 
INFO : 2021-02-02 03:57:26,618 : episode: 155 score: 238.6 100 games avg: 238.6 steps 113 
INFO : 2021-02-02 03:58:04,023 : episode: 156 score: 235.7 100 games avg: 235.7 steps 111 
INFO : 2021-02-02 03:58:44,247 : episode: 157 score: 263.3 100 games avg: 263.3 steps 125 
INFO : 2021-02-02 03:59:22,630 : episode: 158 score: 252.5 100 games avg: 252.5 steps 116 
INFO : 2021-02-02 04:00:03,661 : episode: 159 score: 288.8 100 games avg: 288.8 steps 130 
INFO : 2021-02-02 04:00:42,474 : episode: 160 score: 254.5 100 games avg: 254.5 steps 116 
INFO : 2021-02-02 04:01:23,437 : episode: 161 score: 238.5 100 games avg: 238.5 steps 110 
INFO : 2021-02-02 04:02:04,161 : episode: 162 score: 251.4 100 games avg: 251.4 steps 120 
INFO : 2021-02-02 04:02:46,357 : episode: 163 score: 268.1 100 games avg: 268.1 steps 134 
INFO : 2021-02-02 04:03:23,300 : episode: 164 score: 243.9 100 games avg: 243.9 steps 115 
INFO : 2021-02-02 04:04:08,491 : episode: 165 score: 271.4 100 games avg: 271.4 steps 137 
INFO : 2021-02-02 04:04:47,433 : episode: 166 score: 242.0 100 games avg: 242.0 steps 122 
INFO : 2021-02-02 04:05:27,331 : episode: 167 score: 236.5 100 games avg: 236.5 steps 118 
INFO : 2021-02-02 04:06:08,743 : episode: 168 score: 238.6 100 games avg: 238.6 steps 111 
INFO : 2021-02-02 04:06:49,646 : episode: 169 score: 228.5 100 games avg: 228.5 steps 114 
INFO : 2021-02-02 04:07:34,062 : episode: 170 score: 267.7 100 games avg: 267.7 steps 127 
INFO : 2021-02-02 04:08:15,236 : episode: 171 score: 235.3 100 games avg: 235.3 steps 119 
INFO : 2021-02-02 04:08:54,011 : episode: 172 score: 246.2 100 games avg: 246.2 steps 120 
INFO : 2021-02-02 04:09:29,478 : episode: 173 score: 227.2 100 games avg: 227.2 steps 108 
INFO : 2021-02-02 04:10:10,654 : episode: 174 score: 252.8 100 games avg: 252.8 steps 120 
INFO : 2021-02-02 04:10:49,711 : episode: 175 score: 244.6 100 games avg: 244.6 steps 117 
INFO : 2021-02-02 04:11:27,008 : episode: 176 score: 237.5 100 games avg: 237.5 steps 114 
INFO : 2021-02-02 04:12:09,227 : episode: 177 score: 253.9 100 games avg: 253.9 steps 120 
INFO : 2021-02-02 04:12:49,956 : episode: 178 score: 255.5 100 games avg: 255.5 steps 121 
INFO : 2021-02-02 04:13:29,666 : episode: 179 score: 272.9 100 games avg: 272.9 steps 124 
INFO : 2021-02-02 04:14:08,360 : episode: 180 score: 227.4 100 games avg: 227.4 steps 107 
INFO : 2021-02-02 04:14:52,472 : episode: 181 score: 260.3 100 games avg: 260.3 steps 113 
INFO : 2021-02-02 04:15:32,972 : episode: 182 score: 236.3 100 games avg: 236.3 steps 109 
INFO : 2021-02-02 04:16:10,711 : episode: 183 score: 212.1 100 games avg: 212.1 steps 98 
INFO : 2021-02-02 04:16:47,670 : episode: 184 score: 213.8 100 games avg: 213.8 steps 103 
INFO : 2021-02-02 04:17:24,084 : episode: 185 score: 235.4 100 games avg: 235.4 steps 109 
INFO : 2021-02-02 04:17:57,882 : episode: 186 score: 227.8 100 games avg: 227.8 steps 101 
INFO : 2021-02-02 04:18:42,675 : episode: 187 score: 261.4 100 games avg: 261.4 steps 124 
INFO : 2021-02-02 04:19:21,649 : episode: 188 score: 212.8 100 games avg: 212.8 steps 101 
INFO : 2021-02-02 04:19:57,191 : episode: 189 score: 215.6 100 games avg: 215.6 steps 101 
INFO : 2021-02-02 04:20:32,911 : episode: 190 score: 214.3 100 games avg: 214.3 steps 97 
INFO : 2021-02-02 04:21:05,652 : episode: 191 score: 205.2 100 games avg: 205.2 steps 94 
INFO : 2021-02-02 04:21:50,340 : episode: 192 score: 297.3 100 games avg: 297.3 steps 131 
INFO : 2021-02-02 04:22:21,788 : episode: 193 score: 188.2 100 games avg: 188.2 steps 89 
INFO : 2021-02-02 04:22:38,121 : episode: 194 score: 22.1 100 games avg: 22.1 steps 27 
INFO : 2021-02-02 04:23:16,210 : episode: 195 score: 218.4 100 games avg: 218.4 steps 97 
INFO : 2021-02-02 04:23:55,510 : episode: 196 score: 249.5 100 games avg: 249.5 steps 108 
INFO : 2021-02-02 04:24:35,424 : episode: 197 score: 250.7 100 games avg: 250.7 steps 107 
INFO : 2021-02-02 04:25:13,625 : episode: 198 score: 209.5 100 games avg: 209.5 steps 110 
INFO : 2021-02-02 04:25:26,560 : episode: 199 score: 9.8 100 games avg: 9.8 steps 19 
