INFO : 2021-01-27 02:26:52,417 : method: Model Predictive Contorol
INFO : 2021-01-27 02:26:52,418 : parameter n_steps: 100 ensemble_size: 5 env: HalfCheetah-v2
INFO : 2021-01-27 02:26:55,443 : mpc horizon: 10 mpc_samples: 100 elite_sample: 30 grad_steps: 10
INFO : 2021-01-27 02:26:55,443 : mpc_function policy-kl3
INFO : 2021-01-27 02:26:55,443 : policy-kl3
INFO : 2021-01-27 02:26:55,698 : state_square_error: 0.487 reward_error: 2.933
INFO : 2021-01-27 02:27:20,372 : state_square_error: 0.367 reward_error: 1.073
INFO : 2021-01-27 02:27:45,036 : state_square_error: 0.783 reward_error: 3.031
INFO : 2021-01-27 02:28:09,964 : state_square_error: 42.462 reward_error: 7.624
INFO : 2021-01-27 02:28:35,162 : state_square_error: 68.984 reward_error: 16.267
INFO : 2021-01-27 02:29:00,358 : state_square_error: 54.374 reward_error: 5.143
INFO : 2021-01-27 02:29:25,588 : state_square_error: 21.230 reward_error: 5.432
INFO : 2021-01-27 02:29:50,785 : state_square_error: 289.470 reward_error: 24.648
INFO : 2021-01-27 02:30:16,030 : state_square_error: 115.841 reward_error: 3.661
INFO : 2021-01-27 02:30:41,284 : state_square_error: 26.934 reward_error: 6.527
INFO : 2021-01-27 02:31:06,364 : episode: 0 score: -190.0 100 games avg: -190.0 steps 1000 
INFO : 2021-01-27 02:31:06,894 : state_square_error: 26.575 reward_error: 4.849
INFO : 2021-01-27 02:31:32,111 : state_square_error: 16.063 reward_error: 3.955
INFO : 2021-01-27 02:31:57,311 : state_square_error: 16.979 reward_error: 5.656
INFO : 2021-01-27 02:32:22,625 : state_square_error: 7.357 reward_error: 2.396
INFO : 2021-01-27 02:32:47,949 : state_square_error: 10.801 reward_error: 7.775
INFO : 2021-01-27 02:33:13,267 : state_square_error: 6.122 reward_error: 12.266
INFO : 2021-01-27 02:33:38,600 : state_square_error: 41.636 reward_error: 5.487
INFO : 2021-01-27 02:34:03,918 : state_square_error: 2.859 reward_error: 5.987
INFO : 2021-01-27 02:34:29,252 : state_square_error: 5.463 reward_error: -1.181
INFO : 2021-01-27 02:34:54,583 : state_square_error: 3.838 reward_error: 3.874
INFO : 2021-01-27 02:35:19,657 : episode: 1 score: -254.5 100 games avg: -254.5 steps 1000 
INFO : 2021-01-27 02:35:20,546 : state_square_error: 62.277 reward_error: 11.779
INFO : 2021-01-27 02:35:45,898 : state_square_error: 96.474 reward_error: 15.846
INFO : 2021-01-27 02:36:11,248 : state_square_error: 16.775 reward_error: 13.248
INFO : 2021-01-27 02:36:36,590 : state_square_error: 2984.081 reward_error: 12.917
INFO : 2021-01-27 02:37:01,924 : state_square_error: 660.295 reward_error: 17.126
INFO : 2021-01-27 02:37:27,263 : state_square_error: 88531.451 reward_error: 32.022
INFO : 2021-01-27 02:37:52,550 : state_square_error: 1029.905 reward_error: 17.732
INFO : 2021-01-27 02:38:17,753 : state_square_error: 37.447 reward_error: 12.565
INFO : 2021-01-27 02:38:42,993 : state_square_error: 40.638 reward_error: 7.802
INFO : 2021-01-27 02:39:08,256 : state_square_error: 30.044 reward_error: 12.460
INFO : 2021-01-27 02:39:33,206 : episode: 2 score: -169.1 100 games avg: -169.1 steps 1000 
INFO : 2021-01-27 02:39:34,457 : state_square_error: 41.172 reward_error: 11.455
INFO : 2021-01-27 02:39:59,662 : state_square_error: 79.126 reward_error: 8.359
INFO : 2021-01-27 02:40:24,864 : state_square_error: 15.254 reward_error: 7.892
INFO : 2021-01-27 02:40:50,065 : state_square_error: 132.081 reward_error: 12.464
INFO : 2021-01-27 02:41:15,270 : state_square_error: 47.274 reward_error: 8.466
INFO : 2021-01-27 02:41:40,471 : state_square_error: 127.108 reward_error: 19.941
INFO : 2021-01-27 02:42:05,683 : state_square_error: 27.535 reward_error: 11.455
INFO : 2021-01-27 02:42:30,899 : state_square_error: 518.632 reward_error: 9.155
INFO : 2021-01-27 02:42:56,105 : state_square_error: 204.871 reward_error: 16.651
INFO : 2021-01-27 02:43:21,328 : state_square_error: 101.150 reward_error: 14.697
INFO : 2021-01-27 02:43:46,342 : episode: 3 score: -149.8 100 games avg: -149.8 steps 1000 
INFO : 2021-01-27 02:43:47,957 : state_square_error: 42.249 reward_error: 3.554
INFO : 2021-01-27 02:44:13,162 : state_square_error: 35.648 reward_error: 6.587
INFO : 2021-01-27 02:44:38,368 : state_square_error: 33.362 reward_error: 2.941
INFO : 2021-01-27 02:45:03,655 : state_square_error: 34.909 reward_error: 6.161
INFO : 2021-01-27 02:45:28,965 : state_square_error: 20.664 reward_error: 0.041
INFO : 2021-01-27 02:45:54,278 : state_square_error: 15.621 reward_error: 2.355
INFO : 2021-01-27 02:46:19,525 : state_square_error: 37.153 reward_error: 8.932
INFO : 2021-01-27 02:46:44,728 : state_square_error: 67.416 reward_error: 1.316
INFO : 2021-01-27 02:47:09,935 : state_square_error: 39.690 reward_error: 5.773
INFO : 2021-01-27 02:47:35,142 : state_square_error: 48.263 reward_error: 4.960
INFO : 2021-01-27 02:48:00,094 : episode: 4 score: -137.1 100 games avg: -137.1 steps 1000 
INFO : 2021-01-27 02:48:02,119 : state_square_error: 17.856 reward_error: 0.504
INFO : 2021-01-27 02:48:27,361 : state_square_error: 24.532 reward_error: 2.546
INFO : 2021-01-27 02:48:52,554 : state_square_error: 27.181 reward_error: 4.044
INFO : 2021-01-27 02:49:17,758 : state_square_error: 13.066 reward_error: 7.634
INFO : 2021-01-27 02:49:42,957 : state_square_error: 21.936 reward_error: 3.169
INFO : 2021-01-27 02:50:08,158 : state_square_error: 23.109 reward_error: 4.752
INFO : 2021-01-27 02:50:33,358 : state_square_error: 41.663 reward_error: 7.300
INFO : 2021-01-27 02:50:58,683 : state_square_error: 88.533 reward_error: 9.632
INFO : 2021-01-27 02:51:23,993 : state_square_error: 8.795 reward_error: 12.091
INFO : 2021-01-27 02:51:49,232 : state_square_error: 50.206 reward_error: 4.837
INFO : 2021-01-27 02:52:14,305 : episode: 5 score: -109.3 100 games avg: -109.3 steps 1000 
INFO : 2021-01-27 02:52:16,681 : state_square_error: 26.054 reward_error: 2.750
INFO : 2021-01-27 02:52:41,987 : state_square_error: 16.949 reward_error: 5.680
INFO : 2021-01-27 02:53:07,240 : state_square_error: 22.787 reward_error: 8.373
INFO : 2021-01-27 02:53:32,444 : state_square_error: 24.121 reward_error: 4.610
INFO : 2021-01-27 02:53:57,660 : state_square_error: 14.954 reward_error: 3.294
INFO : 2021-01-27 02:54:22,991 : state_square_error: 62.083 reward_error: 5.601
INFO : 2021-01-27 02:54:48,225 : state_square_error: 125.989 reward_error: 7.187
INFO : 2021-01-27 02:55:13,508 : state_square_error: 2.760 reward_error: 4.533
INFO : 2021-01-27 02:55:38,814 : state_square_error: 6.404 reward_error: 6.414
INFO : 2021-01-27 02:56:04,195 : state_square_error: 13.239 reward_error: 0.534
INFO : 2021-01-27 02:56:29,289 : episode: 6 score: -65.4 100 games avg: -65.4 steps 1000 
INFO : 2021-01-27 02:56:31,996 : state_square_error: 30.882 reward_error: 3.436
INFO : 2021-01-27 02:56:57,379 : state_square_error: 1.572 reward_error: 3.318
INFO : 2021-01-27 02:57:22,774 : state_square_error: 12.038 reward_error: 2.985
INFO : 2021-01-27 02:57:48,154 : state_square_error: 41.993 reward_error: -0.366
INFO : 2021-01-27 02:58:13,518 : state_square_error: 9.722 reward_error: 6.337
INFO : 2021-01-27 02:58:38,863 : state_square_error: 19.046 reward_error: 5.163
INFO : 2021-01-27 02:59:04,071 : state_square_error: 22.794 reward_error: 5.856
INFO : 2021-01-27 02:59:29,277 : state_square_error: 10.428 reward_error: 3.393
INFO : 2021-01-27 02:59:54,470 : state_square_error: 24.629 reward_error: -1.736
INFO : 2021-01-27 03:00:19,677 : state_square_error: 16.041 reward_error: 2.089
INFO : 2021-01-27 03:00:44,651 : episode: 7 score: -66.4 100 games avg: -66.4 steps 1000 
INFO : 2021-01-27 03:00:47,739 : state_square_error: 11.519 reward_error: 2.845
INFO : 2021-01-27 03:01:12,940 : state_square_error: 11.997 reward_error: -0.510
INFO : 2021-01-27 03:01:38,145 : state_square_error: 22.092 reward_error: 4.238
INFO : 2021-01-27 03:02:03,349 : state_square_error: 7.819 reward_error: 3.195
INFO : 2021-01-27 03:02:28,553 : state_square_error: 4.351 reward_error: 3.154
INFO : 2021-01-27 03:02:53,768 : state_square_error: 32.434 reward_error: 1.021
INFO : 2021-01-27 03:03:19,002 : state_square_error: 25.436 reward_error: 1.426
INFO : 2021-01-27 03:03:44,218 : state_square_error: 20.389 reward_error: 2.959
INFO : 2021-01-27 03:04:09,423 : state_square_error: 8.828 reward_error: 2.308
INFO : 2021-01-27 03:04:34,630 : state_square_error: 19.616 reward_error: 8.690
INFO : 2021-01-27 03:04:59,584 : episode: 8 score: -92.3 100 games avg: -92.3 steps 1000 
INFO : 2021-01-27 03:05:03,049 : state_square_error: 1.266 reward_error: 7.400
INFO : 2021-01-27 03:05:28,252 : state_square_error: 15.830 reward_error: 3.081
INFO : 2021-01-27 03:05:53,458 : state_square_error: 98.870 reward_error: 3.615
INFO : 2021-01-27 03:06:18,673 : state_square_error: 35.648 reward_error: 0.384
INFO : 2021-01-27 03:06:43,882 : state_square_error: 20.633 reward_error: 0.226
INFO : 2021-01-27 03:07:09,084 : state_square_error: 13.602 reward_error: 0.477
INFO : 2021-01-27 03:07:34,287 : state_square_error: 15.737 reward_error: 1.008
INFO : 2021-01-27 03:07:59,489 : state_square_error: 11.331 reward_error: 1.320
INFO : 2021-01-27 03:08:24,690 : state_square_error: 46.717 reward_error: 8.262
INFO : 2021-01-27 03:08:49,892 : state_square_error: 29.898 reward_error: 0.344
INFO : 2021-01-27 03:09:14,922 : episode: 9 score: -99.8 100 games avg: -99.8 steps 1000 
INFO : 2021-01-27 03:09:18,780 : state_square_error: 6.816 reward_error: 5.245
INFO : 2021-01-27 03:09:44,080 : state_square_error: 8.092 reward_error: -1.902
INFO : 2021-01-27 03:10:09,298 : state_square_error: 6.506 reward_error: 1.755
INFO : 2021-01-27 03:10:34,504 : state_square_error: 12.874 reward_error: -1.912
INFO : 2021-01-27 03:10:59,867 : state_square_error: 54.340 reward_error: 1.681
INFO : 2021-01-27 03:11:25,097 : state_square_error: 19.988 reward_error: 2.006
INFO : 2021-01-27 03:11:50,305 : state_square_error: 37.065 reward_error: -0.597
INFO : 2021-01-27 03:12:15,522 : state_square_error: 45.901 reward_error: 0.594
INFO : 2021-01-27 03:12:40,713 : state_square_error: 40.745 reward_error: 7.751
INFO : 2021-01-27 03:13:05,915 : state_square_error: 13.171 reward_error: 0.365
INFO : 2021-01-27 03:13:30,864 : episode: 10 score: -108.3 100 games avg: -108.3 steps 1000 
INFO : 2021-01-27 03:13:35,060 : state_square_error: 24.932 reward_error: 5.625
INFO : 2021-01-27 03:14:00,393 : state_square_error: 20.542 reward_error: 0.972
INFO : 2021-01-27 03:14:25,725 : state_square_error: 27.308 reward_error: 1.109
INFO : 2021-01-27 03:14:51,038 : state_square_error: 11.402 reward_error: -0.647
INFO : 2021-01-27 03:15:16,339 : state_square_error: 19.230 reward_error: -1.691
INFO : 2021-01-27 03:15:41,654 : state_square_error: 56.000 reward_error: 6.445
INFO : 2021-01-27 03:16:06,993 : state_square_error: 14.481 reward_error: 0.038
INFO : 2021-01-27 03:16:32,322 : state_square_error: 25.301 reward_error: 3.033
INFO : 2021-01-27 03:16:57,645 : state_square_error: 8.313 reward_error: 2.166
INFO : 2021-01-27 03:17:22,990 : state_square_error: 20.706 reward_error: 4.792
INFO : 2021-01-27 03:17:48,019 : episode: 11 score: -122.1 100 games avg: -122.1 steps 1000 
INFO : 2021-01-27 03:17:52,563 : state_square_error: 67.897 reward_error: 5.982
INFO : 2021-01-27 03:18:17,817 : state_square_error: 39.205 reward_error: -0.621
INFO : 2021-01-27 03:18:43,161 : state_square_error: 33.192 reward_error: 1.748
INFO : 2021-01-27 03:19:08,449 : state_square_error: 28.049 reward_error: 4.676
INFO : 2021-01-27 03:19:33,758 : state_square_error: 27.363 reward_error: 5.054
INFO : 2021-01-27 03:19:59,140 : state_square_error: 16.791 reward_error: -3.368
INFO : 2021-01-27 03:20:24,491 : state_square_error: 42.456 reward_error: -2.697
INFO : 2021-01-27 03:20:49,832 : state_square_error: 56.266 reward_error: 0.374
INFO : 2021-01-27 03:21:15,174 : state_square_error: 14.716 reward_error: 0.839
INFO : 2021-01-27 03:21:40,514 : state_square_error: 5.155 reward_error: -1.129
INFO : 2021-01-27 03:22:05,585 : episode: 12 score: -107.8 100 games avg: -107.8 steps 1000 
INFO : 2021-01-27 03:22:10,519 : state_square_error: 6.090 reward_error: 1.420
INFO : 2021-01-27 03:22:35,883 : state_square_error: 13.812 reward_error: 6.854
INFO : 2021-01-27 03:23:01,258 : state_square_error: 19.167 reward_error: 6.424
INFO : 2021-01-27 03:23:26,635 : state_square_error: 39.388 reward_error: 2.341
INFO : 2021-01-27 03:23:52,007 : state_square_error: 14.996 reward_error: -0.125
INFO : 2021-01-27 03:24:17,393 : state_square_error: 33.084 reward_error: 0.294
INFO : 2021-01-27 03:24:42,777 : state_square_error: 13.699 reward_error: 4.332
INFO : 2021-01-27 03:25:08,150 : state_square_error: 27.518 reward_error: -1.884
INFO : 2021-01-27 03:25:33,543 : state_square_error: 31.667 reward_error: 0.596
INFO : 2021-01-27 03:25:58,928 : state_square_error: 7.471 reward_error: -0.697
INFO : 2021-01-27 03:26:24,054 : episode: 13 score: -89.3 100 games avg: -89.3 steps 1000 
INFO : 2021-01-27 03:26:29,419 : state_square_error: 17.043 reward_error: 1.826
INFO : 2021-01-27 03:26:54,706 : state_square_error: 11.137 reward_error: -0.273
INFO : 2021-01-27 03:27:19,988 : state_square_error: 30.820 reward_error: 1.783
INFO : 2021-01-27 03:27:45,290 : state_square_error: 24.157 reward_error: 4.868
INFO : 2021-01-27 03:28:10,622 : state_square_error: 19.035 reward_error: 6.450
INFO : 2021-01-27 03:28:35,970 : state_square_error: 56.912 reward_error: 2.217
INFO : 2021-01-27 03:29:01,274 : state_square_error: 39.759 reward_error: 0.568
INFO : 2021-01-27 03:29:26,563 : state_square_error: 6.443 reward_error: 1.587
INFO : 2021-01-27 03:29:51,862 : state_square_error: 26.842 reward_error: 2.415
INFO : 2021-01-27 03:30:17,193 : state_square_error: 19.370 reward_error: 0.885
INFO : 2021-01-27 03:30:42,231 : episode: 14 score: -71.2 100 games avg: -71.2 steps 1000 
INFO : 2021-01-27 03:30:47,963 : state_square_error: 45.356 reward_error: 3.785
INFO : 2021-01-27 03:31:13,264 : state_square_error: 9.279 reward_error: 0.947
INFO : 2021-01-27 03:31:38,529 : state_square_error: 10.660 reward_error: 1.699
INFO : 2021-01-27 03:32:03,827 : state_square_error: 14.316 reward_error: 0.192
INFO : 2021-01-27 03:32:29,155 : state_square_error: 31.521 reward_error: 1.449
INFO : 2021-01-27 03:32:54,513 : state_square_error: 55.860 reward_error: 4.155
INFO : 2021-01-27 03:33:19,775 : state_square_error: 21.257 reward_error: 6.242
INFO : 2021-01-27 03:33:45,081 : state_square_error: 29.036 reward_error: 1.251
INFO : 2021-01-27 03:34:10,398 : state_square_error: 24.847 reward_error: -3.662
INFO : 2021-01-27 03:34:35,715 : state_square_error: 29.603 reward_error: 0.933
INFO : 2021-01-27 03:35:00,787 : episode: 15 score: -84.7 100 games avg: -84.7 steps 1000 
INFO : 2021-01-27 03:35:06,926 : state_square_error: 1.722 reward_error: 6.354
INFO : 2021-01-27 03:35:32,166 : state_square_error: 24.265 reward_error: -3.139
INFO : 2021-01-27 03:35:57,374 : state_square_error: 27.092 reward_error: 4.828
INFO : 2021-01-27 03:36:22,726 : state_square_error: 20.358 reward_error: 4.194
INFO : 2021-01-27 03:36:48,044 : state_square_error: 16.018 reward_error: 2.024
INFO : 2021-01-27 03:37:13,344 : state_square_error: 38.953 reward_error: 7.193
INFO : 2021-01-27 03:37:38,673 : state_square_error: 12.562 reward_error: 2.445
INFO : 2021-01-27 03:38:04,003 : state_square_error: 71.244 reward_error: 2.076
INFO : 2021-01-27 03:38:29,346 : state_square_error: 72.395 reward_error: -0.168
INFO : 2021-01-27 03:38:54,686 : state_square_error: 22.223 reward_error: -0.622
INFO : 2021-01-27 03:39:19,825 : episode: 16 score: -62.5 100 games avg: -62.5 steps 1000 
INFO : 2021-01-27 03:39:26,325 : state_square_error: 10.665 reward_error: 3.179
INFO : 2021-01-27 03:39:51,703 : state_square_error: 25.868 reward_error: 4.427
INFO : 2021-01-27 03:40:16,996 : state_square_error: 60.102 reward_error: 1.647
INFO : 2021-01-27 03:40:42,318 : state_square_error: 38.697 reward_error: 0.947
INFO : 2021-01-27 03:41:07,645 : state_square_error: 76.496 reward_error: 0.300
INFO : 2021-01-27 03:41:32,974 : state_square_error: 69.440 reward_error: 0.714
INFO : 2021-01-27 03:41:58,304 : state_square_error: 34.401 reward_error: 6.550
INFO : 2021-01-27 03:42:23,648 : state_square_error: 3.881 reward_error: 4.257
INFO : 2021-01-27 03:42:48,987 : state_square_error: 97.931 reward_error: 1.628
INFO : 2021-01-27 03:43:14,313 : state_square_error: 46.713 reward_error: 1.622
INFO : 2021-01-27 03:43:39,409 : episode: 17 score: -40.1 100 games avg: -40.1 steps 1000 
INFO : 2021-01-27 03:43:46,297 : state_square_error: 15.900 reward_error: 2.583
INFO : 2021-01-27 03:44:11,483 : state_square_error: 77.957 reward_error: 4.697
INFO : 2021-01-27 03:44:36,683 : state_square_error: 26.165 reward_error: 1.902
INFO : 2021-01-27 03:45:01,883 : state_square_error: 13.249 reward_error: -0.101
INFO : 2021-01-27 03:45:27,219 : state_square_error: 25.257 reward_error: 2.189
INFO : 2021-01-27 03:45:52,457 : state_square_error: 16.653 reward_error: 0.633
INFO : 2021-01-27 03:46:17,674 : state_square_error: 26.632 reward_error: -1.434
INFO : 2021-01-27 03:46:42,938 : state_square_error: 22.754 reward_error: 9.048
INFO : 2021-01-27 03:47:08,260 : state_square_error: 25.092 reward_error: 8.352
INFO : 2021-01-27 03:47:33,578 : state_square_error: 29.184 reward_error: 3.036
INFO : 2021-01-27 03:47:58,600 : episode: 18 score: 7.2 100 games avg: 7.2 steps 1000 
INFO : 2021-01-27 03:48:05,905 : state_square_error: 31.460 reward_error: 5.907
INFO : 2021-01-27 03:48:31,224 : state_square_error: 42.000 reward_error: 1.182
INFO : 2021-01-27 03:48:56,559 : state_square_error: 41.676 reward_error: 3.138
INFO : 2021-01-27 03:49:21,868 : state_square_error: 11.628 reward_error: 2.644
INFO : 2021-01-27 03:49:47,236 : state_square_error: 18.107 reward_error: -0.352
INFO : 2021-01-27 03:50:12,506 : state_square_error: 19.666 reward_error: 1.774
INFO : 2021-01-27 03:50:37,820 : state_square_error: 38.262 reward_error: 4.871
INFO : 2021-01-27 03:51:03,122 : state_square_error: 17.274 reward_error: 7.759
INFO : 2021-01-27 03:51:28,442 : state_square_error: 77.654 reward_error: 8.753
INFO : 2021-01-27 03:51:53,744 : state_square_error: 43.948 reward_error: 2.619
INFO : 2021-01-27 03:52:18,778 : episode: 19 score: -43.4 100 games avg: -43.4 steps 1000 
INFO : 2021-01-27 03:52:26,371 : state_square_error: 16.154 reward_error: 5.236
INFO : 2021-01-27 03:52:51,676 : state_square_error: 20.964 reward_error: 0.715
INFO : 2021-01-27 03:53:16,968 : state_square_error: 51.749 reward_error: -1.961
INFO : 2021-01-27 03:53:42,277 : state_square_error: 22.166 reward_error: -0.782
INFO : 2021-01-27 03:54:07,589 : state_square_error: 79.774 reward_error: -2.176
INFO : 2021-01-27 03:54:32,880 : state_square_error: 74.262 reward_error: 6.132
INFO : 2021-01-27 03:54:58,228 : state_square_error: 54.825 reward_error: 7.238
INFO : 2021-01-27 03:55:23,566 : state_square_error: 13.624 reward_error: -0.194
INFO : 2021-01-27 03:55:48,900 : state_square_error: 21.174 reward_error: -1.171
INFO : 2021-01-27 03:56:14,245 : state_square_error: 40.841 reward_error: 6.525
INFO : 2021-01-27 03:56:39,314 : episode: 20 score: -73.4 100 games avg: -73.4 steps 1000 
INFO : 2021-01-27 03:56:47,325 : state_square_error: 4.373 reward_error: 6.773
INFO : 2021-01-27 03:57:12,716 : state_square_error: 17.634 reward_error: -2.502
INFO : 2021-01-27 03:57:37,930 : state_square_error: 8.701 reward_error: 7.163
INFO : 2021-01-27 03:58:03,141 : state_square_error: 23.250 reward_error: 2.851
INFO : 2021-01-27 03:58:28,345 : state_square_error: 27.689 reward_error: 3.095
INFO : 2021-01-27 03:58:53,554 : state_square_error: 22.687 reward_error: 0.777
INFO : 2021-01-27 03:59:18,754 : state_square_error: 38.361 reward_error: 0.437
INFO : 2021-01-27 03:59:43,953 : state_square_error: 31.183 reward_error: 0.101
INFO : 2021-01-27 04:00:09,209 : state_square_error: 47.875 reward_error: 1.898
INFO : 2021-01-27 04:00:34,539 : state_square_error: 25.071 reward_error: 6.126
INFO : 2021-01-27 04:00:59,548 : episode: 21 score: -98.8 100 games avg: -98.8 steps 1000 
INFO : 2021-01-27 04:01:07,862 : state_square_error: 16.961 reward_error: -0.001
INFO : 2021-01-27 04:01:33,236 : state_square_error: 40.403 reward_error: -0.098
INFO : 2021-01-27 04:01:58,582 : state_square_error: 42.579 reward_error: 0.635
INFO : 2021-01-27 04:02:23,964 : state_square_error: 43.874 reward_error: 2.627
INFO : 2021-01-27 04:02:49,321 : state_square_error: 52.988 reward_error: -0.379
INFO : 2021-01-27 04:03:14,630 : state_square_error: 22.738 reward_error: 1.823
INFO : 2021-01-27 04:03:39,882 : state_square_error: 24.504 reward_error: -0.075
INFO : 2021-01-27 04:04:05,139 : state_square_error: 43.440 reward_error: 1.671
INFO : 2021-01-27 04:04:30,391 : state_square_error: 39.644 reward_error: 2.840
INFO : 2021-01-27 04:04:55,623 : state_square_error: 20.307 reward_error: 2.599
INFO : 2021-01-27 04:05:20,604 : episode: 22 score: -67.8 100 games avg: -67.8 steps 1000 
INFO : 2021-01-27 04:05:29,322 : state_square_error: 43.082 reward_error: 5.030
INFO : 2021-01-27 04:05:54,614 : state_square_error: 30.022 reward_error: 2.713
INFO : 2021-01-27 04:06:19,998 : state_square_error: 44.102 reward_error: 0.286
INFO : 2021-01-27 04:06:45,228 : state_square_error: 39.312 reward_error: 5.046
INFO : 2021-01-27 04:07:10,432 : state_square_error: 34.000 reward_error: 0.022
INFO : 2021-01-27 04:07:35,642 : state_square_error: 40.196 reward_error: 2.879
INFO : 2021-01-27 04:08:00,850 : state_square_error: 39.900 reward_error: 1.298
INFO : 2021-01-27 04:08:26,055 : state_square_error: 29.482 reward_error: 6.196
INFO : 2021-01-27 04:08:51,262 : state_square_error: 43.948 reward_error: 3.678
INFO : 2021-01-27 04:09:16,585 : state_square_error: 6.100 reward_error: -2.268
INFO : 2021-01-27 04:09:41,727 : episode: 23 score: -81.0 100 games avg: -81.0 steps 1000 
INFO : 2021-01-27 04:09:50,846 : state_square_error: 70.928 reward_error: 1.270
INFO : 2021-01-27 04:10:16,064 : state_square_error: 23.321 reward_error: 4.290
INFO : 2021-01-27 04:10:41,295 : state_square_error: 43.019 reward_error: 3.599
INFO : 2021-01-27 04:11:06,571 : state_square_error: 57.423 reward_error: 1.891
INFO : 2021-01-27 04:11:31,891 : state_square_error: 58.202 reward_error: 5.631
INFO : 2021-01-27 04:11:57,241 : state_square_error: 25.849 reward_error: 0.799
INFO : 2021-01-27 04:12:22,602 : state_square_error: 15.479 reward_error: 0.448
INFO : 2021-01-27 04:12:47,910 : state_square_error: 37.429 reward_error: 2.839
INFO : 2021-01-27 04:13:13,121 : state_square_error: 26.997 reward_error: 0.896
INFO : 2021-01-27 04:13:38,324 : state_square_error: 40.528 reward_error: 1.620
INFO : 2021-01-27 04:14:03,274 : episode: 24 score: -81.8 100 games avg: -81.8 steps 1000 
INFO : 2021-01-27 04:14:12,744 : state_square_error: 30.021 reward_error: 2.351
INFO : 2021-01-27 04:14:37,931 : state_square_error: 17.907 reward_error: 3.027
INFO : 2021-01-27 04:15:03,157 : state_square_error: 21.797 reward_error: -0.033
INFO : 2021-01-27 04:15:28,448 : state_square_error: 17.248 reward_error: 1.002
INFO : 2021-01-27 04:15:53,709 : state_square_error: 50.156 reward_error: 4.194
INFO : 2021-01-27 04:16:19,007 : state_square_error: 40.513 reward_error: -0.644
INFO : 2021-01-27 04:16:44,209 : state_square_error: 46.089 reward_error: -2.741
INFO : 2021-01-27 04:17:09,514 : state_square_error: 28.651 reward_error: 1.532
INFO : 2021-01-27 04:17:34,830 : state_square_error: 30.872 reward_error: 2.536
INFO : 2021-01-27 04:18:00,164 : state_square_error: 3.681 reward_error: -2.804
INFO : 2021-01-27 04:18:25,224 : episode: 25 score: -41.7 100 games avg: -41.7 steps 1000 
INFO : 2021-01-27 04:18:35,102 : state_square_error: 37.331 reward_error: 3.273
INFO : 2021-01-27 04:19:00,427 : state_square_error: 49.405 reward_error: 0.682
INFO : 2021-01-27 04:19:25,751 : state_square_error: 25.015 reward_error: 0.709
INFO : 2021-01-27 04:19:51,091 : state_square_error: 59.060 reward_error: 4.188
INFO : 2021-01-27 04:20:16,462 : state_square_error: 2.016 reward_error: -3.260
INFO : 2021-01-27 04:20:41,664 : state_square_error: 28.606 reward_error: 1.688
INFO : 2021-01-27 04:21:06,911 : state_square_error: 25.334 reward_error: 3.994
INFO : 2021-01-27 04:21:32,211 : state_square_error: 71.813 reward_error: 7.754
INFO : 2021-01-27 04:21:57,503 : state_square_error: 25.045 reward_error: 5.014
INFO : 2021-01-27 04:22:22,790 : state_square_error: 9.741 reward_error: 6.220
INFO : 2021-01-27 04:22:47,847 : episode: 26 score: -53.6 100 games avg: -53.6 steps 1000 
INFO : 2021-01-27 04:22:58,145 : state_square_error: 22.252 reward_error: 5.713
INFO : 2021-01-27 04:23:23,444 : state_square_error: 22.969 reward_error: 1.660
INFO : 2021-01-27 04:23:48,733 : state_square_error: 5.414 reward_error: 3.996
INFO : 2021-01-27 04:24:14,057 : state_square_error: 33.768 reward_error: 1.153
INFO : 2021-01-27 04:24:39,369 : state_square_error: 26.905 reward_error: -0.084
INFO : 2021-01-27 04:25:04,684 : state_square_error: 17.862 reward_error: -1.985
INFO : 2021-01-27 04:25:29,985 : state_square_error: 20.542 reward_error: 5.485
INFO : 2021-01-27 04:25:55,280 : state_square_error: 31.747 reward_error: 0.373
INFO : 2021-01-27 04:26:20,563 : state_square_error: 14.980 reward_error: -0.563
INFO : 2021-01-27 04:26:45,862 : state_square_error: 29.181 reward_error: -0.017
INFO : 2021-01-27 04:27:10,885 : episode: 27 score: -63.1 100 games avg: -63.1 steps 1000 
INFO : 2021-01-27 04:27:21,573 : state_square_error: 21.662 reward_error: 0.394
INFO : 2021-01-27 04:27:46,831 : state_square_error: 59.506 reward_error: -1.245
INFO : 2021-01-27 04:28:12,039 : state_square_error: 11.079 reward_error: 1.347
INFO : 2021-01-27 04:28:37,295 : state_square_error: 15.884 reward_error: 0.125
INFO : 2021-01-27 04:29:02,519 : state_square_error: 22.709 reward_error: 1.437
INFO : 2021-01-27 04:29:27,754 : state_square_error: 11.984 reward_error: 0.869
INFO : 2021-01-27 04:29:52,980 : state_square_error: 45.692 reward_error: 3.153
INFO : 2021-01-27 04:30:18,237 : state_square_error: 32.216 reward_error: 0.838
INFO : 2021-01-27 04:30:43,472 : state_square_error: 29.336 reward_error: 2.461
INFO : 2021-01-27 04:31:08,728 : state_square_error: 51.846 reward_error: 1.438
INFO : 2021-01-27 04:31:33,790 : episode: 28 score: -45.1 100 games avg: -45.1 steps 1000 
INFO : 2021-01-27 04:31:44,858 : state_square_error: 13.460 reward_error: 8.834
INFO : 2021-01-27 04:32:10,155 : state_square_error: 23.594 reward_error: 1.447
INFO : 2021-01-27 04:32:35,420 : state_square_error: 65.264 reward_error: 1.758
INFO : 2021-01-27 04:33:00,682 : state_square_error: 27.135 reward_error: 1.381
INFO : 2021-01-27 04:33:25,944 : state_square_error: 43.980 reward_error: -4.368
INFO : 2021-01-27 04:33:51,257 : state_square_error: 38.887 reward_error: 2.700
INFO : 2021-01-27 04:34:16,618 : state_square_error: 37.964 reward_error: -0.573
INFO : 2021-01-27 04:34:41,989 : state_square_error: 51.139 reward_error: 2.776
INFO : 2021-01-27 04:35:07,349 : state_square_error: 36.087 reward_error: 1.104
INFO : 2021-01-27 04:35:32,653 : state_square_error: 16.061 reward_error: 2.984
INFO : 2021-01-27 04:35:57,729 : episode: 29 score: -3.4 100 games avg: -3.4 steps 1000 
INFO : 2021-01-27 04:36:09,085 : state_square_error: 10.677 reward_error: 4.372
INFO : 2021-01-27 04:36:34,356 : state_square_error: 6.645 reward_error: 4.427
INFO : 2021-01-27 04:36:59,674 : state_square_error: 42.223 reward_error: -3.956
INFO : 2021-01-27 04:37:24,993 : state_square_error: 53.397 reward_error: -0.265
INFO : 2021-01-27 04:37:50,297 : state_square_error: 10.656 reward_error: -2.971
INFO : 2021-01-27 04:38:15,622 : state_square_error: 16.398 reward_error: 1.886
INFO : 2021-01-27 04:38:40,926 : state_square_error: 25.584 reward_error: 5.837
INFO : 2021-01-27 04:39:06,269 : state_square_error: 12.237 reward_error: -0.605
INFO : 2021-01-27 04:39:31,563 : state_square_error: 22.631 reward_error: -1.973
INFO : 2021-01-27 04:39:56,952 : state_square_error: 14.939 reward_error: -2.044
INFO : 2021-01-27 04:40:22,086 : episode: 30 score: -88.7 100 games avg: -88.7 steps 1000 
INFO : 2021-01-27 04:40:33,889 : state_square_error: 25.237 reward_error: 4.351
INFO : 2021-01-27 04:40:59,221 : state_square_error: 66.326 reward_error: 1.303
INFO : 2021-01-27 04:41:24,427 : state_square_error: 15.674 reward_error: -0.649
INFO : 2021-01-27 04:41:49,620 : state_square_error: 28.547 reward_error: 0.904
INFO : 2021-01-27 04:42:14,866 : state_square_error: 27.500 reward_error: 4.373
INFO : 2021-01-27 04:42:40,127 : state_square_error: 22.405 reward_error: 2.577
INFO : 2021-01-27 04:43:05,347 : state_square_error: 39.635 reward_error: 2.049
INFO : 2021-01-27 04:43:30,561 : state_square_error: 69.325 reward_error: 1.689
INFO : 2021-01-27 04:43:55,787 : state_square_error: 26.066 reward_error: -1.758
INFO : 2021-01-27 04:44:20,993 : state_square_error: 7.427 reward_error: 3.010
INFO : 2021-01-27 04:44:45,944 : episode: 31 score: 24.0 100 games avg: 24.0 steps 1000 
INFO : 2021-01-27 04:44:58,094 : state_square_error: 3.435 reward_error: 4.608
INFO : 2021-01-27 04:45:23,366 : state_square_error: 20.397 reward_error: -0.655
INFO : 2021-01-27 04:45:48,576 : state_square_error: 26.089 reward_error: 1.653
INFO : 2021-01-27 04:46:13,781 : state_square_error: 4.954 reward_error: 1.478
INFO : 2021-01-27 04:46:38,989 : state_square_error: 27.040 reward_error: -0.085
INFO : 2021-01-27 04:47:04,197 : state_square_error: 43.054 reward_error: 1.529
INFO : 2021-01-27 04:47:29,430 : state_square_error: 17.046 reward_error: -1.326
INFO : 2021-01-27 04:47:54,658 : state_square_error: 24.906 reward_error: -2.289
INFO : 2021-01-27 04:48:19,885 : state_square_error: 17.727 reward_error: -1.505
INFO : 2021-01-27 04:48:45,107 : state_square_error: 31.235 reward_error: 2.037
INFO : 2021-01-27 04:49:10,056 : episode: 32 score: -8.8 100 games avg: -8.8 steps 1000 
INFO : 2021-01-27 04:49:22,551 : state_square_error: 30.179 reward_error: 6.991
INFO : 2021-01-27 04:49:47,885 : state_square_error: 13.651 reward_error: 2.561
INFO : 2021-01-27 04:50:13,215 : state_square_error: 49.015 reward_error: 2.287
INFO : 2021-01-27 04:50:38,447 : state_square_error: 45.096 reward_error: -1.972
INFO : 2021-01-27 04:51:03,669 : state_square_error: 32.428 reward_error: 3.575
INFO : 2021-01-27 04:51:28,874 : state_square_error: 22.855 reward_error: -0.522
INFO : 2021-01-27 04:51:54,080 : state_square_error: 40.102 reward_error: 2.361
INFO : 2021-01-27 04:52:19,357 : state_square_error: 27.930 reward_error: 0.916
INFO : 2021-01-27 04:52:44,739 : state_square_error: 46.731 reward_error: 5.856
INFO : 2021-01-27 04:53:10,108 : state_square_error: 31.807 reward_error: 2.565
INFO : 2021-01-27 04:53:35,226 : episode: 33 score: 66.3 100 games avg: 66.3 steps 1000 
INFO : 2021-01-27 04:53:48,103 : state_square_error: 13.778 reward_error: 2.631
INFO : 2021-01-27 04:54:13,448 : state_square_error: 42.855 reward_error: 3.878
INFO : 2021-01-27 04:54:38,703 : state_square_error: 20.458 reward_error: 2.409
INFO : 2021-01-27 04:55:03,905 : state_square_error: 17.699 reward_error: 4.391
INFO : 2021-01-27 04:55:29,106 : state_square_error: 49.155 reward_error: 2.017
INFO : 2021-01-27 04:55:54,310 : state_square_error: 16.812 reward_error: 1.698
INFO : 2021-01-27 04:56:19,536 : state_square_error: 13.566 reward_error: -0.819
INFO : 2021-01-27 04:56:44,768 : state_square_error: 69.342 reward_error: -2.025
INFO : 2021-01-27 04:57:10,026 : state_square_error: 25.599 reward_error: -1.366
INFO : 2021-01-27 04:57:35,274 : state_square_error: 67.635 reward_error: 3.385
INFO : 2021-01-27 04:58:00,244 : episode: 34 score: 23.9 100 games avg: 23.9 steps 1000 
INFO : 2021-01-27 04:58:13,440 : state_square_error: 33.916 reward_error: 2.094
INFO : 2021-01-27 04:58:38,644 : state_square_error: 48.992 reward_error: 2.718
INFO : 2021-01-27 04:59:03,994 : state_square_error: 13.840 reward_error: 2.399
INFO : 2021-01-27 04:59:29,343 : state_square_error: 24.495 reward_error: -1.027
INFO : 2021-01-27 04:59:54,683 : state_square_error: 27.370 reward_error: -1.270
INFO : 2021-01-27 05:00:19,963 : state_square_error: 33.644 reward_error: -0.944
INFO : 2021-01-27 05:00:45,331 : state_square_error: 3.460 reward_error: -0.272
INFO : 2021-01-27 05:01:10,655 : state_square_error: 31.853 reward_error: 3.513
INFO : 2021-01-27 05:01:35,982 : state_square_error: 30.534 reward_error: 2.168
INFO : 2021-01-27 05:02:01,320 : state_square_error: 14.696 reward_error: 1.575
INFO : 2021-01-27 05:02:26,393 : episode: 35 score: 39.1 100 games avg: 39.1 steps 1000 
INFO : 2021-01-27 05:02:39,983 : state_square_error: 17.621 reward_error: 4.455
INFO : 2021-01-27 05:03:05,265 : state_square_error: 40.187 reward_error: -1.979
INFO : 2021-01-27 05:03:30,480 : state_square_error: 15.520 reward_error: 0.824
INFO : 2021-01-27 05:03:55,680 : state_square_error: 38.112 reward_error: -3.313
INFO : 2021-01-27 05:04:20,902 : state_square_error: 23.822 reward_error: 3.790
INFO : 2021-01-27 05:04:46,158 : state_square_error: 52.338 reward_error: -0.800
INFO : 2021-01-27 05:05:11,471 : state_square_error: 19.277 reward_error: 1.737
INFO : 2021-01-27 05:05:36,809 : state_square_error: 32.925 reward_error: 0.214
INFO : 2021-01-27 05:06:02,141 : state_square_error: 21.591 reward_error: 3.116
INFO : 2021-01-27 05:06:27,516 : state_square_error: 37.801 reward_error: 0.620
INFO : 2021-01-27 05:06:52,604 : episode: 36 score: 104.1 100 games avg: 104.1 steps 1000 
INFO : 2021-01-27 05:07:06,616 : state_square_error: 39.844 reward_error: 4.827
INFO : 2021-01-27 05:07:31,939 : state_square_error: 63.800 reward_error: 2.784
INFO : 2021-01-27 05:07:57,269 : state_square_error: 16.393 reward_error: -1.631
INFO : 2021-01-27 05:08:22,529 : state_square_error: 27.148 reward_error: 0.075
INFO : 2021-01-27 05:08:47,733 : state_square_error: 62.143 reward_error: 3.794
INFO : 2021-01-27 05:09:12,956 : state_square_error: 14.277 reward_error: -3.158
INFO : 2021-01-27 05:09:38,287 : state_square_error: 19.812 reward_error: -5.987
INFO : 2021-01-27 05:10:03,678 : state_square_error: 19.982 reward_error: 5.652
INFO : 2021-01-27 05:10:29,003 : state_square_error: 12.419 reward_error: 1.768
INFO : 2021-01-27 05:10:54,335 : state_square_error: 24.162 reward_error: 2.640
INFO : 2021-01-27 05:11:19,409 : episode: 37 score: 257.1 100 games avg: 257.1 steps 1000 
INFO : 2021-01-27 05:11:33,875 : state_square_error: 43.475 reward_error: 2.596
INFO : 2021-01-27 05:11:59,137 : state_square_error: 51.097 reward_error: 2.987
INFO : 2021-01-27 05:12:24,399 : state_square_error: 64.039 reward_error: 0.840
INFO : 2021-01-27 05:12:49,714 : state_square_error: 53.736 reward_error: 4.178
INFO : 2021-01-27 05:13:14,910 : state_square_error: 19.626 reward_error: -3.153
INFO : 2021-01-27 05:13:40,238 : state_square_error: 43.238 reward_error: 3.979
INFO : 2021-01-27 05:14:05,560 : state_square_error: 13.112 reward_error: -1.216
INFO : 2021-01-27 05:14:30,864 : state_square_error: 23.854 reward_error: 0.985
INFO : 2021-01-27 05:14:56,179 : state_square_error: 22.305 reward_error: -0.233
INFO : 2021-01-27 05:15:21,513 : state_square_error: 35.655 reward_error: -1.156
INFO : 2021-01-27 05:15:46,487 : episode: 38 score: 304.5 100 games avg: 304.5 steps 1000 
INFO : 2021-01-27 05:16:01,223 : state_square_error: 10.192 reward_error: 4.631
INFO : 2021-01-27 05:16:26,439 : state_square_error: 26.342 reward_error: 4.534
INFO : 2021-01-27 05:16:51,637 : state_square_error: 56.197 reward_error: 5.902
INFO : 2021-01-27 05:17:16,841 : state_square_error: 28.390 reward_error: 3.437
INFO : 2021-01-27 05:17:42,062 : state_square_error: 39.348 reward_error: 4.335
INFO : 2021-01-27 05:18:07,363 : state_square_error: 27.681 reward_error: 1.561
INFO : 2021-01-27 05:18:32,599 : state_square_error: 58.927 reward_error: 0.561
INFO : 2021-01-27 05:18:57,816 : state_square_error: 18.897 reward_error: 2.127
INFO : 2021-01-27 05:19:23,056 : state_square_error: 21.742 reward_error: -0.311
INFO : 2021-01-27 05:19:48,303 : state_square_error: 37.740 reward_error: -0.745
INFO : 2021-01-27 05:20:13,260 : episode: 39 score: 278.6 100 games avg: 278.6 steps 1000 
INFO : 2021-01-27 05:20:28,430 : state_square_error: 6.845 reward_error: 2.776
INFO : 2021-01-27 05:20:53,628 : state_square_error: 37.386 reward_error: 5.757
INFO : 2021-01-27 05:21:18,899 : state_square_error: 28.905 reward_error: 1.973
INFO : 2021-01-27 05:21:44,213 : state_square_error: 45.106 reward_error: 7.417
INFO : 2021-01-27 05:22:09,521 : state_square_error: 20.691 reward_error: 5.540
INFO : 2021-01-27 05:22:34,838 : state_square_error: 18.503 reward_error: 3.868
INFO : 2021-01-27 05:23:00,127 : state_square_error: 31.839 reward_error: 5.610
INFO : 2021-01-27 05:23:25,432 : state_square_error: 65.909 reward_error: 9.471
INFO : 2021-01-27 05:23:50,720 : state_square_error: 43.588 reward_error: 12.179
INFO : 2021-01-27 05:24:16,055 : state_square_error: 26.558 reward_error: -0.216
INFO : 2021-01-27 05:24:41,165 : episode: 40 score: 502.0 100 games avg: 502.0 steps 1000 
INFO : 2021-01-27 05:24:56,730 : state_square_error: 5.944 reward_error: 2.107
INFO : 2021-01-27 05:25:22,109 : state_square_error: 14.343 reward_error: 5.193
INFO : 2021-01-27 05:25:47,319 : state_square_error: 31.127 reward_error: 15.407
INFO : 2021-01-27 05:26:12,529 : state_square_error: 37.029 reward_error: 0.634
INFO : 2021-01-27 05:26:37,735 : state_square_error: 53.364 reward_error: 11.009
INFO : 2021-01-27 05:27:02,947 : state_square_error: 25.817 reward_error: 2.191
INFO : 2021-01-27 05:27:28,145 : state_square_error: 28.517 reward_error: 0.397
INFO : 2021-01-27 05:27:53,483 : state_square_error: 76.971 reward_error: 5.221
INFO : 2021-01-27 05:28:18,810 : state_square_error: 27.409 reward_error: -0.394
INFO : 2021-01-27 05:28:44,127 : state_square_error: 62.779 reward_error: 10.952
INFO : 2021-01-27 05:29:09,203 : episode: 41 score: 429.3 100 games avg: 429.3 steps 1000 
INFO : 2021-01-27 05:29:25,136 : state_square_error: 3.005 reward_error: 4.268
INFO : 2021-01-27 05:29:50,463 : state_square_error: 82.272 reward_error: 6.166
INFO : 2021-01-27 05:30:15,808 : state_square_error: 100.482 reward_error: 1.071
INFO : 2021-01-27 05:30:41,167 : state_square_error: 38.053 reward_error: 4.035
INFO : 2021-01-27 05:31:06,524 : state_square_error: 51.131 reward_error: 2.822
INFO : 2021-01-27 05:31:31,841 : state_square_error: 9.584 reward_error: 9.468
INFO : 2021-01-27 05:31:57,172 : state_square_error: 70.535 reward_error: 5.238
INFO : 2021-01-27 05:32:22,500 : state_square_error: 29.474 reward_error: 11.600
INFO : 2021-01-27 05:32:47,822 : state_square_error: 22.199 reward_error: 11.308
INFO : 2021-01-27 05:33:13,137 : state_square_error: 30.148 reward_error: 4.311
INFO : 2021-01-27 05:33:38,171 : episode: 42 score: 495.4 100 games avg: 495.4 steps 1000 
INFO : 2021-01-27 05:33:54,449 : state_square_error: 10.324 reward_error: -0.136
INFO : 2021-01-27 05:34:19,707 : state_square_error: 83.044 reward_error: 9.456
INFO : 2021-01-27 05:34:45,032 : state_square_error: 83.508 reward_error: 4.642
INFO : 2021-01-27 05:35:10,238 : state_square_error: 54.172 reward_error: 1.086
INFO : 2021-01-27 05:35:35,503 : state_square_error: 37.007 reward_error: 3.181
INFO : 2021-01-27 05:36:00,787 : state_square_error: 78.097 reward_error: 7.886
INFO : 2021-01-27 05:36:26,093 : state_square_error: 30.642 reward_error: 0.434
INFO : 2021-01-27 05:36:51,394 : state_square_error: 25.585 reward_error: 11.015
INFO : 2021-01-27 05:37:16,705 : state_square_error: 24.417 reward_error: 12.041
INFO : 2021-01-27 05:37:42,008 : state_square_error: 119.939 reward_error: 8.372
INFO : 2021-01-27 05:38:07,096 : episode: 43 score: 359.2 100 games avg: 359.2 steps 1000 
INFO : 2021-01-27 05:38:23,680 : state_square_error: 26.919 reward_error: 5.903
INFO : 2021-01-27 05:38:48,955 : state_square_error: 65.181 reward_error: 0.037
INFO : 2021-01-27 05:39:14,359 : state_square_error: 63.797 reward_error: 17.042
INFO : 2021-01-27 05:39:39,680 : state_square_error: 56.212 reward_error: 5.966
INFO : 2021-01-27 05:40:05,008 : state_square_error: 115.655 reward_error: 10.077
INFO : 2021-01-27 05:40:30,331 : state_square_error: 42.616 reward_error: 4.806
INFO : 2021-01-27 05:40:55,688 : state_square_error: 40.552 reward_error: 3.543
INFO : 2021-01-27 05:41:21,075 : state_square_error: 29.550 reward_error: -1.463
INFO : 2021-01-27 05:41:46,385 : state_square_error: 44.068 reward_error: 2.181
INFO : 2021-01-27 05:42:11,715 : state_square_error: 9.354 reward_error: 7.032
INFO : 2021-01-27 05:42:36,788 : episode: 44 score: 424.5 100 games avg: 424.5 steps 1000 
INFO : 2021-01-27 05:42:53,811 : state_square_error: 4.625 reward_error: 1.429
INFO : 2021-01-27 05:43:19,002 : state_square_error: 47.361 reward_error: 6.035
INFO : 2021-01-27 05:43:44,214 : state_square_error: 98.220 reward_error: 8.424
INFO : 2021-01-27 05:44:09,417 : state_square_error: 52.481 reward_error: 10.713
INFO : 2021-01-27 05:44:34,619 : state_square_error: 57.413 reward_error: 8.313
INFO : 2021-01-27 05:44:59,909 : state_square_error: 22.782 reward_error: 9.905
INFO : 2021-01-27 05:45:25,310 : state_square_error: 80.701 reward_error: 2.714
INFO : 2021-01-27 05:45:50,689 : state_square_error: 14.316 reward_error: 11.335
INFO : 2021-01-27 05:46:15,980 : state_square_error: 28.263 reward_error: 11.598
INFO : 2021-01-27 05:46:41,187 : state_square_error: 36.565 reward_error: 8.452
INFO : 2021-01-27 05:47:06,148 : episode: 45 score: 508.3 100 games avg: 508.3 steps 1000 
INFO : 2021-01-27 05:47:23,574 : state_square_error: 8.786 reward_error: 3.130
INFO : 2021-01-27 05:47:48,831 : state_square_error: 61.423 reward_error: 13.823
INFO : 2021-01-27 05:48:14,119 : state_square_error: 37.247 reward_error: 6.347
INFO : 2021-01-27 05:48:39,338 : state_square_error: 53.969 reward_error: 2.187
INFO : 2021-01-27 05:49:04,544 : state_square_error: 31.297 reward_error: 11.878
INFO : 2021-01-27 05:49:29,824 : state_square_error: 19.040 reward_error: 11.014
INFO : 2021-01-27 05:49:55,119 : state_square_error: 7.078 reward_error: 10.360
INFO : 2021-01-27 05:50:20,397 : state_square_error: 19.317 reward_error: 1.813
INFO : 2021-01-27 05:50:45,657 : state_square_error: 27.634 reward_error: -1.060
INFO : 2021-01-27 05:51:10,920 : state_square_error: 35.717 reward_error: 13.511
INFO : 2021-01-27 05:51:35,959 : episode: 46 score: 447.4 100 games avg: 447.4 steps 1000 
INFO : 2021-01-27 05:51:53,823 : state_square_error: 14.810 reward_error: 2.081
INFO : 2021-01-27 05:52:19,136 : state_square_error: 10.779 reward_error: 8.632
INFO : 2021-01-27 05:52:44,444 : state_square_error: 35.801 reward_error: 7.896
INFO : 2021-01-27 05:53:09,743 : state_square_error: 31.873 reward_error: 0.985
INFO : 2021-01-27 05:53:35,047 : state_square_error: 77.125 reward_error: 4.386
INFO : 2021-01-27 05:54:00,343 : state_square_error: 18.644 reward_error: 8.421
INFO : 2021-01-27 05:54:25,647 : state_square_error: 33.847 reward_error: 9.252
INFO : 2021-01-27 05:54:50,945 : state_square_error: 65.166 reward_error: 4.622
INFO : 2021-01-27 05:55:16,234 : state_square_error: 46.497 reward_error: 12.854
INFO : 2021-01-27 05:55:41,524 : state_square_error: 22.089 reward_error: 16.193
INFO : 2021-01-27 05:56:06,577 : episode: 47 score: 521.0 100 games avg: 521.0 steps 1000 
INFO : 2021-01-27 05:56:24,765 : state_square_error: 19.491 reward_error: 5.010
INFO : 2021-01-27 05:56:50,066 : state_square_error: 11.397 reward_error: 11.685
INFO : 2021-01-27 05:57:15,392 : state_square_error: 74.426 reward_error: 0.818
INFO : 2021-01-27 05:57:40,737 : state_square_error: 55.375 reward_error: 3.084
INFO : 2021-01-27 05:58:06,083 : state_square_error: 47.772 reward_error: 10.458
INFO : 2021-01-27 05:58:31,418 : state_square_error: 47.157 reward_error: 2.796
INFO : 2021-01-27 05:58:56,745 : state_square_error: 41.381 reward_error: -0.733
INFO : 2021-01-27 05:59:22,060 : state_square_error: 29.234 reward_error: 3.882
INFO : 2021-01-27 05:59:47,378 : state_square_error: 7.275 reward_error: 10.591
INFO : 2021-01-27 06:00:12,721 : state_square_error: 39.413 reward_error: 8.105
INFO : 2021-01-27 06:00:37,747 : episode: 48 score: 567.8 100 games avg: 567.8 steps 1000 
INFO : 2021-01-27 06:00:56,354 : state_square_error: 8.306 reward_error: 1.201
INFO : 2021-01-27 06:01:21,560 : state_square_error: 36.582 reward_error: 2.919
INFO : 2021-01-27 06:01:46,749 : state_square_error: 16.920 reward_error: 11.860
INFO : 2021-01-27 06:02:11,950 : state_square_error: 14.770 reward_error: 4.225
INFO : 2021-01-27 06:02:37,150 : state_square_error: 43.935 reward_error: 8.061
INFO : 2021-01-27 06:03:02,377 : state_square_error: 19.662 reward_error: 9.486
INFO : 2021-01-27 06:03:27,663 : state_square_error: 18.296 reward_error: 4.980
INFO : 2021-01-27 06:03:52,983 : state_square_error: 40.918 reward_error: 9.730
INFO : 2021-01-27 06:04:18,313 : state_square_error: 83.347 reward_error: 5.086
INFO : 2021-01-27 06:04:43,650 : state_square_error: 97.102 reward_error: 2.748
INFO : 2021-01-27 06:05:08,731 : episode: 49 score: 560.1 100 games avg: 560.1 steps 1000 
INFO : 2021-01-27 06:05:27,661 : state_square_error: 37.444 reward_error: 5.652
INFO : 2021-01-27 06:05:52,930 : state_square_error: 43.792 reward_error: 4.797
INFO : 2021-01-27 06:06:18,276 : state_square_error: 56.566 reward_error: 12.306
INFO : 2021-01-27 06:06:43,537 : state_square_error: 44.010 reward_error: 15.965
INFO : 2021-01-27 06:07:08,883 : state_square_error: 36.189 reward_error: 3.229
INFO : 2021-01-27 06:07:34,084 : state_square_error: 28.608 reward_error: 8.917
INFO : 2021-01-27 06:07:59,299 : state_square_error: 80.140 reward_error: -1.760
INFO : 2021-01-27 06:08:24,567 : state_square_error: 63.382 reward_error: 4.935
INFO : 2021-01-27 06:08:49,879 : state_square_error: 9.613 reward_error: 8.467
INFO : 2021-01-27 06:09:15,152 : state_square_error: 96.857 reward_error: 5.776
INFO : 2021-01-27 06:09:40,109 : episode: 50 score: 543.9 100 games avg: 543.9 steps 1000 
INFO : 2021-01-27 06:09:59,481 : state_square_error: 21.754 reward_error: 6.043
INFO : 2021-01-27 06:10:24,832 : state_square_error: 20.786 reward_error: 9.816
INFO : 2021-01-27 06:10:50,207 : state_square_error: 76.591 reward_error: 1.693
INFO : 2021-01-27 06:11:15,570 : state_square_error: 31.948 reward_error: -2.630
INFO : 2021-01-27 06:11:40,893 : state_square_error: 57.779 reward_error: 3.228
INFO : 2021-01-27 06:12:06,113 : state_square_error: 34.128 reward_error: 2.428
INFO : 2021-01-27 06:12:31,387 : state_square_error: 55.878 reward_error: 7.476
INFO : 2021-01-27 06:12:56,586 : state_square_error: 64.239 reward_error: -3.490
INFO : 2021-01-27 06:13:21,796 : state_square_error: 31.271 reward_error: -1.314
INFO : 2021-01-27 06:13:47,062 : state_square_error: 33.029 reward_error: 3.483
INFO : 2021-01-27 06:14:12,104 : episode: 51 score: 532.9 100 games avg: 532.9 steps 1000 
INFO : 2021-01-27 06:14:31,752 : state_square_error: 14.858 reward_error: 3.632
INFO : 2021-01-27 06:14:57,147 : state_square_error: 125.074 reward_error: 6.599
INFO : 2021-01-27 06:15:22,508 : state_square_error: 56.918 reward_error: -3.973
INFO : 2021-01-27 06:15:47,840 : state_square_error: 74.681 reward_error: 8.336
INFO : 2021-01-27 06:16:13,187 : state_square_error: 32.985 reward_error: 4.718
INFO : 2021-01-27 06:16:38,557 : state_square_error: 79.890 reward_error: -6.003
INFO : 2021-01-27 06:17:03,930 : state_square_error: 79.994 reward_error: 8.315
INFO : 2021-01-27 06:17:29,318 : state_square_error: 30.978 reward_error: 5.306
INFO : 2021-01-27 06:17:54,608 : state_square_error: 59.208 reward_error: -0.609
INFO : 2021-01-27 06:18:19,866 : state_square_error: 21.957 reward_error: 4.550
INFO : 2021-01-27 06:18:44,946 : episode: 52 score: 573.6 100 games avg: 573.6 steps 1000 
INFO : 2021-01-27 06:19:05,053 : state_square_error: 14.976 reward_error: 4.589
INFO : 2021-01-27 06:19:30,299 : state_square_error: 82.381 reward_error: 16.115
INFO : 2021-01-27 06:19:55,628 : state_square_error: 75.033 reward_error: 5.467
INFO : 2021-01-27 06:20:20,927 : state_square_error: 70.926 reward_error: 0.562
INFO : 2021-01-27 06:20:46,227 : state_square_error: 45.226 reward_error: 10.377
INFO : 2021-01-27 06:21:11,518 : state_square_error: 55.652 reward_error: 9.712
INFO : 2021-01-27 06:21:36,825 : state_square_error: 93.575 reward_error: -1.809
INFO : 2021-01-27 06:22:02,151 : state_square_error: 58.803 reward_error: 6.428
INFO : 2021-01-27 06:22:27,435 : state_square_error: 18.533 reward_error: 9.671
INFO : 2021-01-27 06:22:52,715 : state_square_error: 55.434 reward_error: 1.941
INFO : 2021-01-27 06:23:17,752 : episode: 53 score: 549.4 100 games avg: 549.4 steps 1000 
INFO : 2021-01-27 06:23:38,157 : state_square_error: 6.552 reward_error: 3.383
INFO : 2021-01-27 06:24:03,492 : state_square_error: 40.229 reward_error: 3.466
INFO : 2021-01-27 06:24:28,859 : state_square_error: 63.849 reward_error: 6.201
INFO : 2021-01-27 06:24:54,206 : state_square_error: 39.151 reward_error: -3.205
INFO : 2021-01-27 06:25:19,552 : state_square_error: 71.266 reward_error: 2.340
INFO : 2021-01-27 06:25:44,882 : state_square_error: 10.011 reward_error: 9.712
INFO : 2021-01-27 06:26:10,211 : state_square_error: 12.998 reward_error: 12.474
INFO : 2021-01-27 06:26:35,554 : state_square_error: 56.566 reward_error: 10.741
INFO : 2021-01-27 06:27:00,885 : state_square_error: 51.494 reward_error: 1.215
INFO : 2021-01-27 06:27:26,245 : state_square_error: 41.425 reward_error: 6.545
INFO : 2021-01-27 06:27:51,320 : episode: 54 score: 554.2 100 games avg: 554.2 steps 1000 
INFO : 2021-01-27 06:28:12,145 : state_square_error: 19.347 reward_error: 3.416
INFO : 2021-01-27 06:28:37,471 : state_square_error: 40.158 reward_error: 7.233
INFO : 2021-01-27 06:29:02,811 : state_square_error: 44.770 reward_error: 7.569
INFO : 2021-01-27 06:29:28,141 : state_square_error: 27.301 reward_error: -2.646
INFO : 2021-01-27 06:29:53,451 : state_square_error: 75.901 reward_error: 2.902
INFO : 2021-01-27 06:30:18,806 : state_square_error: 43.419 reward_error: -4.172
INFO : 2021-01-27 06:30:44,009 : state_square_error: 45.762 reward_error: 5.014
INFO : 2021-01-27 06:31:09,209 : state_square_error: 55.667 reward_error: 1.952
INFO : 2021-01-27 06:31:34,406 : state_square_error: 94.362 reward_error: 4.345
INFO : 2021-01-27 06:31:59,635 : state_square_error: 36.174 reward_error: 10.630
INFO : 2021-01-27 06:32:24,701 : episode: 55 score: 585.9 100 games avg: 585.9 steps 1000 
INFO : 2021-01-27 06:32:45,706 : state_square_error: 6.671 reward_error: 1.803
INFO : 2021-01-27 06:33:10,917 : state_square_error: 49.523 reward_error: 2.482
INFO : 2021-01-27 06:33:36,134 : state_square_error: 31.520 reward_error: 0.811
INFO : 2021-01-27 06:34:01,338 : state_square_error: 16.152 reward_error: 7.719
INFO : 2021-01-27 06:34:26,539 : state_square_error: 33.483 reward_error: 10.722
INFO : 2021-01-27 06:34:51,739 : state_square_error: 20.398 reward_error: 3.809
INFO : 2021-01-27 06:35:16,942 : state_square_error: 47.073 reward_error: 5.389
INFO : 2021-01-27 06:35:42,189 : state_square_error: 35.421 reward_error: 2.252
INFO : 2021-01-27 06:36:07,537 : state_square_error: 41.790 reward_error: 3.286
INFO : 2021-01-27 06:36:32,886 : state_square_error: 34.858 reward_error: 3.672
INFO : 2021-01-27 06:36:57,926 : episode: 56 score: 599.7 100 games avg: 599.7 steps 1000 
INFO : 2021-01-27 06:37:19,480 : state_square_error: 39.601 reward_error: 1.011
INFO : 2021-01-27 06:37:44,731 : state_square_error: 17.859 reward_error: 3.947
INFO : 2021-01-27 06:38:10,023 : state_square_error: 52.366 reward_error: -0.309
INFO : 2021-01-27 06:38:35,232 : state_square_error: 28.793 reward_error: 3.388
INFO : 2021-01-27 06:39:00,426 : state_square_error: 18.516 reward_error: 1.240
INFO : 2021-01-27 06:39:25,816 : state_square_error: 36.067 reward_error: 1.362
INFO : 2021-01-27 06:39:51,154 : state_square_error: 13.945 reward_error: 9.992
INFO : 2021-01-27 06:40:16,420 : state_square_error: 17.817 reward_error: 7.602
INFO : 2021-01-27 06:40:41,644 : state_square_error: 24.268 reward_error: 4.521
INFO : 2021-01-27 06:41:06,847 : state_square_error: 31.297 reward_error: 0.669
INFO : 2021-01-27 06:41:31,816 : episode: 57 score: 562.5 100 games avg: 562.5 steps 1000 
INFO : 2021-01-27 06:41:53,839 : state_square_error: 23.010 reward_error: 2.564
INFO : 2021-01-27 06:42:19,099 : state_square_error: 23.857 reward_error: 1.120
INFO : 2021-01-27 06:42:44,417 : state_square_error: 13.904 reward_error: 13.423
INFO : 2021-01-27 06:43:09,748 : state_square_error: 66.563 reward_error: 3.910
INFO : 2021-01-27 06:43:35,078 : state_square_error: 16.357 reward_error: 2.487
INFO : 2021-01-27 06:44:00,410 : state_square_error: 25.694 reward_error: 0.107
INFO : 2021-01-27 06:44:25,718 : state_square_error: 74.407 reward_error: 0.059
INFO : 2021-01-27 06:44:51,032 : state_square_error: 13.411 reward_error: 0.919
INFO : 2021-01-27 06:45:16,354 : state_square_error: 26.886 reward_error: 2.502
INFO : 2021-01-27 06:45:41,616 : state_square_error: 45.552 reward_error: 2.623
INFO : 2021-01-27 06:46:06,602 : episode: 58 score: 617.8 100 games avg: 617.8 steps 1000 
INFO : 2021-01-27 06:46:29,009 : state_square_error: 22.197 reward_error: 3.797
INFO : 2021-01-27 06:46:54,363 : state_square_error: 31.317 reward_error: -1.537
INFO : 2021-01-27 06:47:19,562 : state_square_error: 58.051 reward_error: 4.327
INFO : 2021-01-27 06:47:44,834 : state_square_error: 49.854 reward_error: 0.171
INFO : 2021-01-27 06:48:10,142 : state_square_error: 24.886 reward_error: 13.132
INFO : 2021-01-27 06:48:35,441 : state_square_error: 6.963 reward_error: 8.930
INFO : 2021-01-27 06:49:00,740 : state_square_error: 65.050 reward_error: 7.647
INFO : 2021-01-27 06:49:26,039 : state_square_error: 37.752 reward_error: 1.833
INFO : 2021-01-27 06:49:51,350 : state_square_error: 36.325 reward_error: 9.935
INFO : 2021-01-27 06:50:16,633 : state_square_error: 52.447 reward_error: 5.775
INFO : 2021-01-27 06:50:41,675 : episode: 59 score: 571.5 100 games avg: 571.5 steps 1000 
INFO : 2021-01-27 06:51:04,456 : state_square_error: 28.259 reward_error: 3.763
INFO : 2021-01-27 06:51:29,865 : state_square_error: 30.934 reward_error: 1.669
INFO : 2021-01-27 06:51:55,222 : state_square_error: 40.007 reward_error: 7.254
INFO : 2021-01-27 06:52:20,562 : state_square_error: 99.486 reward_error: -3.677
INFO : 2021-01-27 06:52:45,827 : state_square_error: 8.464 reward_error: 6.258
INFO : 2021-01-27 06:53:11,028 : state_square_error: 46.371 reward_error: -0.940
INFO : 2021-01-27 06:53:36,276 : state_square_error: 32.609 reward_error: 7.382
INFO : 2021-01-27 06:54:01,616 : state_square_error: 66.311 reward_error: 3.545
INFO : 2021-01-27 06:54:27,001 : state_square_error: 69.503 reward_error: 5.900
INFO : 2021-01-27 06:54:52,358 : state_square_error: 76.750 reward_error: -1.283
INFO : 2021-01-27 06:55:17,475 : episode: 60 score: 655.9 100 games avg: 655.9 steps 1000 
INFO : 2021-01-27 06:55:40,505 : state_square_error: 11.820 reward_error: 3.522
INFO : 2021-01-27 06:56:05,789 : state_square_error: 51.672 reward_error: -1.119
INFO : 2021-01-27 06:56:31,112 : state_square_error: 38.499 reward_error: 4.024
INFO : 2021-01-27 06:56:56,421 : state_square_error: 25.255 reward_error: 1.892
INFO : 2021-01-27 06:57:21,770 : state_square_error: 34.831 reward_error: -0.910
INFO : 2021-01-27 06:57:46,995 : state_square_error: 22.380 reward_error: 6.199
INFO : 2021-01-27 06:58:12,203 : state_square_error: 54.815 reward_error: 0.595
INFO : 2021-01-27 06:58:37,458 : state_square_error: 57.957 reward_error: 3.140
INFO : 2021-01-27 06:59:02,760 : state_square_error: 50.041 reward_error: 0.511
INFO : 2021-01-27 06:59:28,020 : state_square_error: 22.336 reward_error: 4.412
INFO : 2021-01-27 06:59:52,968 : episode: 61 score: 642.8 100 games avg: 642.8 steps 1000 
INFO : 2021-01-27 07:00:16,348 : state_square_error: 27.313 reward_error: 0.120
INFO : 2021-01-27 07:00:41,641 : state_square_error: 45.095 reward_error: 2.476
INFO : 2021-01-27 07:01:06,962 : state_square_error: 62.754 reward_error: 2.681
INFO : 2021-01-27 07:01:32,268 : state_square_error: 71.660 reward_error: 13.109
INFO : 2021-01-27 07:01:57,501 : state_square_error: 73.692 reward_error: 7.825
INFO : 2021-01-27 07:02:22,800 : state_square_error: 34.310 reward_error: 3.322
INFO : 2021-01-27 07:02:48,118 : state_square_error: 88.633 reward_error: 2.715
INFO : 2021-01-27 07:03:13,498 : state_square_error: 15.390 reward_error: -0.833
INFO : 2021-01-27 07:03:38,742 : state_square_error: 46.740 reward_error: -1.602
INFO : 2021-01-27 07:04:03,967 : state_square_error: 61.415 reward_error: -6.549
INFO : 2021-01-27 07:04:28,919 : episode: 62 score: 655.0 100 games avg: 655.0 steps 1000 
INFO : 2021-01-27 07:04:52,783 : state_square_error: 8.896 reward_error: 4.844
INFO : 2021-01-27 07:05:17,983 : state_square_error: 71.717 reward_error: -1.642
INFO : 2021-01-27 07:05:43,183 : state_square_error: 14.854 reward_error: 3.949
INFO : 2021-01-27 07:06:08,480 : state_square_error: 32.216 reward_error: -7.262
INFO : 2021-01-27 07:06:33,772 : state_square_error: 23.790 reward_error: -0.827
INFO : 2021-01-27 07:06:59,051 : state_square_error: 14.730 reward_error: 10.040
INFO : 2021-01-27 07:07:24,341 : state_square_error: 47.075 reward_error: -6.042
INFO : 2021-01-27 07:07:49,710 : state_square_error: 13.292 reward_error: 5.306
INFO : 2021-01-27 07:08:15,068 : state_square_error: 40.187 reward_error: 6.900
INFO : 2021-01-27 07:08:40,361 : state_square_error: 22.018 reward_error: -1.033
INFO : 2021-01-27 07:09:05,427 : episode: 63 score: 569.3 100 games avg: 569.3 steps 1000 
INFO : 2021-01-27 07:09:29,777 : state_square_error: 16.954 reward_error: 5.704
INFO : 2021-01-27 07:09:55,053 : state_square_error: 58.314 reward_error: 7.701
INFO : 2021-01-27 07:10:20,332 : state_square_error: 34.784 reward_error: 10.892
INFO : 2021-01-27 07:10:45,555 : state_square_error: 30.224 reward_error: 3.614
INFO : 2021-01-27 07:11:10,756 : state_square_error: 43.088 reward_error: -2.409
INFO : 2021-01-27 07:11:36,092 : state_square_error: 46.275 reward_error: -4.351
INFO : 2021-01-27 07:12:01,440 : state_square_error: 33.292 reward_error: -0.670
INFO : 2021-01-27 07:12:26,776 : state_square_error: 56.787 reward_error: -0.506
INFO : 2021-01-27 07:12:52,132 : state_square_error: 47.587 reward_error: 0.435
INFO : 2021-01-27 07:13:17,412 : state_square_error: 82.560 reward_error: -2.029
INFO : 2021-01-27 07:13:42,364 : episode: 64 score: 597.4 100 games avg: 597.4 steps 1000 
INFO : 2021-01-27 07:14:06,919 : state_square_error: 9.467 reward_error: 8.220
INFO : 2021-01-27 07:14:32,322 : state_square_error: 61.983 reward_error: -7.461
INFO : 2021-01-27 07:14:57,571 : state_square_error: 36.969 reward_error: 7.343
INFO : 2021-01-27 07:15:22,900 : state_square_error: 62.787 reward_error: -6.094
INFO : 2021-01-27 07:15:48,111 : state_square_error: 28.256 reward_error: 2.277
INFO : 2021-01-27 07:16:13,442 : state_square_error: 48.233 reward_error: 6.392
INFO : 2021-01-27 07:16:38,757 : state_square_error: 14.892 reward_error: 3.090
INFO : 2021-01-27 07:17:04,081 : state_square_error: 16.441 reward_error: 6.399
INFO : 2021-01-27 07:17:29,406 : state_square_error: 40.379 reward_error: 4.023
INFO : 2021-01-27 07:17:54,724 : state_square_error: 12.518 reward_error: 3.247
INFO : 2021-01-27 07:18:19,738 : episode: 65 score: 558.1 100 games avg: 558.1 steps 1000 
INFO : 2021-01-27 07:18:44,587 : state_square_error: 17.037 reward_error: 9.336
INFO : 2021-01-27 07:19:09,794 : state_square_error: 50.548 reward_error: 0.204
INFO : 2021-01-27 07:19:35,004 : state_square_error: 29.416 reward_error: 5.660
INFO : 2021-01-27 07:20:00,299 : state_square_error: 35.909 reward_error: 9.335
INFO : 2021-01-27 07:20:25,588 : state_square_error: 40.083 reward_error: 6.581
INFO : 2021-01-27 07:20:50,871 : state_square_error: 36.932 reward_error: 2.495
INFO : 2021-01-27 07:21:16,157 : state_square_error: 41.226 reward_error: -1.637
INFO : 2021-01-27 07:21:41,485 : state_square_error: 19.461 reward_error: 1.745
INFO : 2021-01-27 07:22:06,802 : state_square_error: 39.508 reward_error: 2.499
INFO : 2021-01-27 07:22:32,118 : state_square_error: 68.050 reward_error: -1.950
INFO : 2021-01-27 07:22:57,194 : episode: 66 score: 616.7 100 games avg: 616.7 steps 1000 
INFO : 2021-01-27 07:23:22,539 : state_square_error: 13.055 reward_error: 10.774
INFO : 2021-01-27 07:23:47,852 : state_square_error: 44.750 reward_error: -1.900
INFO : 2021-01-27 07:24:13,174 : state_square_error: 41.071 reward_error: 10.770
INFO : 2021-01-27 07:24:38,485 : state_square_error: 64.926 reward_error: 2.005
INFO : 2021-01-27 07:25:03,853 : state_square_error: 19.429 reward_error: -4.021
INFO : 2021-01-27 07:25:29,225 : state_square_error: 6.388 reward_error: 5.071
INFO : 2021-01-27 07:25:54,532 : state_square_error: 33.035 reward_error: 7.286
INFO : 2021-01-27 07:26:19,853 : state_square_error: 60.500 reward_error: 0.878
INFO : 2021-01-27 07:26:45,164 : state_square_error: 8.810 reward_error: 4.319
INFO : 2021-01-27 07:27:10,456 : state_square_error: 159.884 reward_error: 5.827
INFO : 2021-01-27 07:27:35,447 : episode: 67 score: 716.2 100 games avg: 716.2 steps 1000 
INFO : 2021-01-27 07:28:01,277 : state_square_error: 10.824 reward_error: 3.627
INFO : 2021-01-27 07:28:26,551 : state_square_error: 60.703 reward_error: -0.545
INFO : 2021-01-27 07:28:51,793 : state_square_error: 72.890 reward_error: -5.381
INFO : 2021-01-27 07:29:17,035 : state_square_error: 50.377 reward_error: 1.961
INFO : 2021-01-27 07:29:42,377 : state_square_error: 81.645 reward_error: 7.683
INFO : 2021-01-27 07:30:07,716 : state_square_error: 29.892 reward_error: 3.279
INFO : 2021-01-27 07:30:33,022 : state_square_error: 30.910 reward_error: 5.999
INFO : 2021-01-27 07:30:58,253 : state_square_error: 21.498 reward_error: 9.572
INFO : 2021-01-27 07:31:23,458 : state_square_error: 20.248 reward_error: 0.947
INFO : 2021-01-27 07:31:48,673 : state_square_error: 47.748 reward_error: 2.394
INFO : 2021-01-27 07:32:13,711 : episode: 68 score: 631.0 100 games avg: 631.0 steps 1000 
INFO : 2021-01-27 07:32:39,810 : state_square_error: 43.628 reward_error: 5.080
INFO : 2021-01-27 07:33:05,019 : state_square_error: 71.895 reward_error: 0.736
INFO : 2021-01-27 07:33:30,226 : state_square_error: 39.328 reward_error: -1.596
INFO : 2021-01-27 07:33:55,433 : state_square_error: 26.222 reward_error: -3.620
INFO : 2021-01-27 07:34:20,641 : state_square_error: 38.347 reward_error: 3.722
INFO : 2021-01-27 07:34:45,847 : state_square_error: 32.411 reward_error: 2.303
INFO : 2021-01-27 07:35:11,049 : state_square_error: 32.222 reward_error: 4.412
INFO : 2021-01-27 07:35:36,278 : state_square_error: 17.539 reward_error: -5.549
INFO : 2021-01-27 07:36:01,489 : state_square_error: 37.907 reward_error: -4.433
INFO : 2021-01-27 07:36:26,782 : state_square_error: 22.375 reward_error: 2.268
INFO : 2021-01-27 07:36:51,851 : episode: 69 score: 650.5 100 games avg: 650.5 steps 1000 
INFO : 2021-01-27 07:37:18,364 : state_square_error: 20.181 reward_error: -1.805
INFO : 2021-01-27 07:37:43,634 : state_square_error: 26.761 reward_error: -7.575
INFO : 2021-01-27 07:38:08,931 : state_square_error: 45.657 reward_error: 6.595
INFO : 2021-01-27 07:38:34,212 : state_square_error: 22.415 reward_error: 3.585
INFO : 2021-01-27 07:38:59,540 : state_square_error: 19.424 reward_error: -4.098
INFO : 2021-01-27 07:39:24,861 : state_square_error: 37.976 reward_error: -2.368
INFO : 2021-01-27 07:39:50,063 : state_square_error: 27.974 reward_error: 0.784
INFO : 2021-01-27 07:40:15,267 : state_square_error: 17.733 reward_error: 2.827
INFO : 2021-01-27 07:40:40,574 : state_square_error: 33.067 reward_error: 8.119
INFO : 2021-01-27 07:41:05,886 : state_square_error: 52.349 reward_error: 0.620
INFO : 2021-01-27 07:41:30,934 : episode: 70 score: 618.4 100 games avg: 618.4 steps 1000 
INFO : 2021-01-27 07:41:57,924 : state_square_error: 14.062 reward_error: 7.989
INFO : 2021-01-27 07:42:23,168 : state_square_error: 6.356 reward_error: -4.119
INFO : 2021-01-27 07:42:48,370 : state_square_error: 65.871 reward_error: 0.379
INFO : 2021-01-27 07:43:13,652 : state_square_error: 20.150 reward_error: 1.103
INFO : 2021-01-27 07:43:38,961 : state_square_error: 66.499 reward_error: 13.510
INFO : 2021-01-27 07:44:04,247 : state_square_error: 50.415 reward_error: 3.606
INFO : 2021-01-27 07:44:29,529 : state_square_error: 6.099 reward_error: 6.693
INFO : 2021-01-27 07:44:54,797 : state_square_error: 24.041 reward_error: 5.516
INFO : 2021-01-27 07:45:20,136 : state_square_error: 53.179 reward_error: 0.179
INFO : 2021-01-27 07:45:45,479 : state_square_error: 42.308 reward_error: 1.389
INFO : 2021-01-27 07:46:10,562 : episode: 71 score: 655.1 100 games avg: 655.1 steps 1000 
INFO : 2021-01-27 07:46:37,790 : state_square_error: 59.580 reward_error: 8.162
INFO : 2021-01-27 07:47:03,071 : state_square_error: 19.921 reward_error: 1.010
INFO : 2021-01-27 07:47:28,361 : state_square_error: 17.489 reward_error: 0.895
INFO : 2021-01-27 07:47:53,623 : state_square_error: 85.152 reward_error: -11.846
INFO : 2021-01-27 07:48:18,897 : state_square_error: 16.946 reward_error: 1.088
INFO : 2021-01-27 07:48:44,148 : state_square_error: 29.021 reward_error: 10.455
INFO : 2021-01-27 07:49:09,418 : state_square_error: 49.885 reward_error: -4.981
INFO : 2021-01-27 07:49:34,741 : state_square_error: 20.321 reward_error: -0.272
INFO : 2021-01-27 07:50:00,073 : state_square_error: 49.434 reward_error: 8.142
INFO : 2021-01-27 07:50:25,391 : state_square_error: 12.878 reward_error: 0.944
INFO : 2021-01-27 07:50:50,511 : episode: 72 score: 690.0 100 games avg: 690.0 steps 1000 
INFO : 2021-01-27 07:51:18,249 : state_square_error: 14.078 reward_error: -0.523
INFO : 2021-01-27 07:51:43,516 : state_square_error: 15.960 reward_error: 0.993
INFO : 2021-01-27 07:52:08,854 : state_square_error: 28.307 reward_error: 0.122
INFO : 2021-01-27 07:52:34,176 : state_square_error: 84.374 reward_error: 5.011
INFO : 2021-01-27 07:52:59,460 : state_square_error: 34.460 reward_error: 4.564
INFO : 2021-01-27 07:53:24,726 : state_square_error: 56.060 reward_error: -7.356
INFO : 2021-01-27 07:53:50,035 : state_square_error: 53.687 reward_error: 4.833
INFO : 2021-01-27 07:54:15,383 : state_square_error: 25.760 reward_error: 4.541
INFO : 2021-01-27 07:54:40,728 : state_square_error: 68.229 reward_error: -4.494
INFO : 2021-01-27 07:55:06,063 : state_square_error: 8.643 reward_error: -1.948
INFO : 2021-01-27 07:55:31,097 : episode: 73 score: 590.1 100 games avg: 590.1 steps 1000 
INFO : 2021-01-27 07:55:59,192 : state_square_error: 13.885 reward_error: 0.029
INFO : 2021-01-27 07:56:24,456 : state_square_error: 26.013 reward_error: 0.503
INFO : 2021-01-27 07:56:49,808 : state_square_error: 31.257 reward_error: -3.320
INFO : 2021-01-27 07:57:15,165 : state_square_error: 60.328 reward_error: -3.255
INFO : 2021-01-27 07:57:40,523 : state_square_error: 23.298 reward_error: -3.336
INFO : 2021-01-27 07:58:05,872 : state_square_error: 58.331 reward_error: -3.039
INFO : 2021-01-27 07:58:31,154 : state_square_error: 33.286 reward_error: 1.881
INFO : 2021-01-27 07:58:56,477 : state_square_error: 29.107 reward_error: -3.492
INFO : 2021-01-27 07:59:21,746 : state_square_error: 60.290 reward_error: -4.104
INFO : 2021-01-27 07:59:47,034 : state_square_error: 54.877 reward_error: 5.957
INFO : 2021-01-27 08:00:12,054 : episode: 74 score: 594.8 100 games avg: 594.8 steps 1000 
INFO : 2021-01-27 08:00:40,313 : state_square_error: 15.333 reward_error: 4.770
INFO : 2021-01-27 08:01:05,613 : state_square_error: 26.361 reward_error: -2.827
INFO : 2021-01-27 08:01:30,920 : state_square_error: 71.119 reward_error: 1.486
INFO : 2021-01-27 08:01:56,256 : state_square_error: 26.138 reward_error: 5.551
INFO : 2021-01-27 08:02:21,534 : state_square_error: 34.774 reward_error: 2.350
INFO : 2021-01-27 08:02:46,836 : state_square_error: 68.846 reward_error: -5.849
INFO : 2021-01-27 08:03:12,137 : state_square_error: 38.726 reward_error: -4.089
INFO : 2021-01-27 08:03:37,436 : state_square_error: 37.097 reward_error: -1.459
INFO : 2021-01-27 08:04:02,736 : state_square_error: 15.642 reward_error: 5.822
INFO : 2021-01-27 08:04:28,034 : state_square_error: 66.627 reward_error: 6.319
INFO : 2021-01-27 08:04:53,072 : episode: 75 score: 692.6 100 games avg: 692.6 steps 1000 
INFO : 2021-01-27 08:05:21,760 : state_square_error: 27.300 reward_error: 2.329
INFO : 2021-01-27 08:05:47,036 : state_square_error: 29.833 reward_error: -0.829
INFO : 2021-01-27 08:06:12,325 : state_square_error: 44.916 reward_error: 7.982
INFO : 2021-01-27 08:06:37,622 : state_square_error: 13.623 reward_error: 0.839
INFO : 2021-01-27 08:07:02,916 : state_square_error: 50.860 reward_error: 6.767
INFO : 2021-01-27 08:07:28,227 : state_square_error: 20.268 reward_error: 0.406
INFO : 2021-01-27 08:07:53,529 : state_square_error: 51.741 reward_error: 3.473
INFO : 2021-01-27 08:08:18,833 : state_square_error: 83.881 reward_error: -2.298
INFO : 2021-01-27 08:08:44,126 : state_square_error: 21.588 reward_error: 3.359
INFO : 2021-01-27 08:09:09,451 : state_square_error: 16.574 reward_error: -1.152
INFO : 2021-01-27 08:09:34,493 : episode: 76 score: 560.5 100 games avg: 560.5 steps 1000 
INFO : 2021-01-27 08:10:03,566 : state_square_error: 5.794 reward_error: -4.091
INFO : 2021-01-27 08:10:28,897 : state_square_error: 33.720 reward_error: -1.094
INFO : 2021-01-27 08:10:54,238 : state_square_error: 31.226 reward_error: -0.756
INFO : 2021-01-27 08:11:19,572 : state_square_error: 33.476 reward_error: 4.983
INFO : 2021-01-27 08:11:44,891 : state_square_error: 19.129 reward_error: 1.599
INFO : 2021-01-27 08:12:10,223 : state_square_error: 27.258 reward_error: 0.566
INFO : 2021-01-27 08:12:35,550 : state_square_error: 18.982 reward_error: 1.001
INFO : 2021-01-27 08:13:00,880 : state_square_error: 58.188 reward_error: 2.348
INFO : 2021-01-27 08:13:26,256 : state_square_error: 36.806 reward_error: 0.647
INFO : 2021-01-27 08:13:51,560 : state_square_error: 36.543 reward_error: 2.545
INFO : 2021-01-27 08:14:16,588 : episode: 77 score: 678.5 100 games avg: 678.5 steps 1000 
INFO : 2021-01-27 08:14:46,068 : state_square_error: 19.977 reward_error: 1.101
INFO : 2021-01-27 08:15:11,395 : state_square_error: 32.192 reward_error: 4.483
INFO : 2021-01-27 08:15:36,688 : state_square_error: 38.497 reward_error: -0.199
INFO : 2021-01-27 08:16:01,996 : state_square_error: 21.772 reward_error: 2.622
INFO : 2021-01-27 08:16:27,346 : state_square_error: 55.749 reward_error: 1.810
INFO : 2021-01-27 08:16:52,667 : state_square_error: 35.848 reward_error: -2.349
INFO : 2021-01-27 08:17:17,963 : state_square_error: 21.624 reward_error: 5.450
INFO : 2021-01-27 08:17:43,265 : state_square_error: 25.389 reward_error: 3.269
INFO : 2021-01-27 08:18:08,603 : state_square_error: 67.274 reward_error: -3.633
INFO : 2021-01-27 08:18:33,901 : state_square_error: 103.076 reward_error: -3.010
INFO : 2021-01-27 08:18:58,854 : episode: 78 score: 653.4 100 games avg: 653.4 steps 1000 
INFO : 2021-01-27 08:19:28,780 : state_square_error: 8.135 reward_error: 4.940
INFO : 2021-01-27 08:19:53,981 : state_square_error: 20.932 reward_error: 5.389
INFO : 2021-01-27 08:20:19,356 : state_square_error: 24.990 reward_error: 0.361
INFO : 2021-01-27 08:20:44,750 : state_square_error: 70.101 reward_error: 0.083
INFO : 2021-01-27 08:21:09,988 : state_square_error: 26.003 reward_error: 5.757
INFO : 2021-01-27 08:21:35,218 : state_square_error: 27.403 reward_error: 1.059
INFO : 2021-01-27 08:22:00,422 : state_square_error: 23.520 reward_error: 8.049
INFO : 2021-01-27 08:22:25,733 : state_square_error: 31.391 reward_error: 2.637
INFO : 2021-01-27 08:22:51,048 : state_square_error: 50.184 reward_error: 1.714
INFO : 2021-01-27 08:23:16,367 : state_square_error: 48.856 reward_error: 3.199
INFO : 2021-01-27 08:23:41,439 : episode: 79 score: 683.3 100 games avg: 683.3 steps 1000 
INFO : 2021-01-27 08:24:11,791 : state_square_error: 18.693 reward_error: 5.221
INFO : 2021-01-27 08:24:37,127 : state_square_error: 17.040 reward_error: -1.148
INFO : 2021-01-27 08:25:02,437 : state_square_error: 15.628 reward_error: 4.414
INFO : 2021-01-27 08:25:27,776 : state_square_error: 18.099 reward_error: 3.803
INFO : 2021-01-27 08:25:53,055 : state_square_error: 36.011 reward_error: -0.537
INFO : 2021-01-27 08:26:18,366 : state_square_error: 25.341 reward_error: 3.840
INFO : 2021-01-27 08:26:43,695 : state_square_error: 25.357 reward_error: 3.561
INFO : 2021-01-27 08:27:09,039 : state_square_error: 14.054 reward_error: 3.398
INFO : 2021-01-27 08:27:34,398 : state_square_error: 7.731 reward_error: 4.802
INFO : 2021-01-27 08:27:59,741 : state_square_error: 59.782 reward_error: 1.885
INFO : 2021-01-27 08:28:24,802 : episode: 80 score: 671.2 100 games avg: 671.2 steps 1000 
INFO : 2021-01-27 08:28:55,429 : state_square_error: 9.889 reward_error: 11.827
INFO : 2021-01-27 08:29:20,702 : state_square_error: 67.895 reward_error: 2.899
INFO : 2021-01-27 08:29:45,957 : state_square_error: 20.836 reward_error: -2.076
INFO : 2021-01-27 08:30:11,279 : state_square_error: 36.985 reward_error: 1.304
INFO : 2021-01-27 08:30:36,603 : state_square_error: 33.395 reward_error: -9.296
INFO : 2021-01-27 08:31:01,935 : state_square_error: 45.286 reward_error: -3.164
INFO : 2021-01-27 08:31:27,226 : state_square_error: 66.366 reward_error: -0.548
INFO : 2021-01-27 08:31:52,490 : state_square_error: 67.997 reward_error: 9.764
INFO : 2021-01-27 08:32:17,753 : state_square_error: 19.694 reward_error: 1.935
INFO : 2021-01-27 08:32:42,993 : state_square_error: 17.982 reward_error: 6.564
INFO : 2021-01-27 08:33:07,952 : episode: 81 score: 673.3 100 games avg: 673.3 steps 1000 
INFO : 2021-01-27 08:33:38,856 : state_square_error: 28.053 reward_error: 3.589
INFO : 2021-01-27 08:34:04,138 : state_square_error: 13.485 reward_error: -1.147
INFO : 2021-01-27 08:34:29,370 : state_square_error: 34.674 reward_error: 1.916
INFO : 2021-01-27 08:34:54,653 : state_square_error: 107.895 reward_error: 4.271
INFO : 2021-01-27 08:35:19,991 : state_square_error: 48.372 reward_error: 0.358
INFO : 2021-01-27 08:35:45,320 : state_square_error: 57.070 reward_error: 1.618
INFO : 2021-01-27 08:36:10,646 : state_square_error: 63.250 reward_error: 0.652
INFO : 2021-01-27 08:36:35,950 : state_square_error: 50.135 reward_error: -2.199
INFO : 2021-01-27 08:37:01,259 : state_square_error: 59.623 reward_error: 5.646
INFO : 2021-01-27 08:37:26,582 : state_square_error: 12.156 reward_error: 2.066
INFO : 2021-01-27 08:37:51,656 : episode: 82 score: 716.3 100 games avg: 716.3 steps 1000 
INFO : 2021-01-27 08:38:23,018 : state_square_error: 21.504 reward_error: 4.287
INFO : 2021-01-27 08:38:48,249 : state_square_error: 100.783 reward_error: 2.597
INFO : 2021-01-27 08:39:13,543 : state_square_error: 37.265 reward_error: 5.096
INFO : 2021-01-27 08:39:38,886 : state_square_error: 3.312 reward_error: -5.390
INFO : 2021-01-27 08:40:04,126 : state_square_error: 58.129 reward_error: 1.200
INFO : 2021-01-27 08:40:29,407 : state_square_error: 21.120 reward_error: -2.735
INFO : 2021-01-27 08:40:54,712 : state_square_error: 44.448 reward_error: 2.213
INFO : 2021-01-27 08:41:20,020 : state_square_error: 15.794 reward_error: -0.844
INFO : 2021-01-27 08:41:45,325 : state_square_error: 67.863 reward_error: -0.254
INFO : 2021-01-27 08:42:10,673 : state_square_error: 19.250 reward_error: -3.339
INFO : 2021-01-27 08:42:35,645 : episode: 83 score: 714.5 100 games avg: 714.5 steps 1000 
INFO : 2021-01-27 08:43:07,382 : state_square_error: 5.982 reward_error: -1.301
INFO : 2021-01-27 08:43:32,675 : state_square_error: 40.299 reward_error: -0.995
INFO : 2021-01-27 08:43:57,917 : state_square_error: 24.984 reward_error: 0.007
INFO : 2021-01-27 08:44:23,202 : state_square_error: 96.023 reward_error: 0.003
INFO : 2021-01-27 08:44:48,507 : state_square_error: 22.556 reward_error: -3.946
INFO : 2021-01-27 08:45:13,814 : state_square_error: 22.629 reward_error: -1.746
INFO : 2021-01-27 08:45:39,136 : state_square_error: 77.326 reward_error: 5.992
INFO : 2021-01-27 08:46:04,508 : state_square_error: 37.382 reward_error: 0.377
INFO : 2021-01-27 08:46:29,798 : state_square_error: 12.504 reward_error: 4.399
INFO : 2021-01-27 08:46:55,125 : state_square_error: 17.896 reward_error: 0.316
INFO : 2021-01-27 08:47:20,178 : episode: 84 score: 708.1 100 games avg: 708.1 steps 1000 
INFO : 2021-01-27 08:47:52,441 : state_square_error: 30.092 reward_error: 1.781
INFO : 2021-01-27 08:48:17,730 : state_square_error: 83.042 reward_error: 0.215
INFO : 2021-01-27 08:48:42,997 : state_square_error: 26.061 reward_error: 3.525
INFO : 2021-01-27 08:49:08,341 : state_square_error: 15.698 reward_error: -2.749
INFO : 2021-01-27 08:49:33,649 : state_square_error: 37.530 reward_error: 1.089
INFO : 2021-01-27 08:49:58,885 : state_square_error: 17.293 reward_error: 1.843
INFO : 2021-01-27 08:50:24,217 : state_square_error: 6.366 reward_error: 2.208
INFO : 2021-01-27 08:50:49,507 : state_square_error: 37.560 reward_error: -4.131
INFO : 2021-01-27 08:51:14,834 : state_square_error: 13.380 reward_error: -2.469
INFO : 2021-01-27 08:51:40,172 : state_square_error: 31.582 reward_error: -3.719
INFO : 2021-01-27 08:52:05,256 : episode: 85 score: 763.6 100 games avg: 763.6 steps 1000 
INFO : 2021-01-27 08:52:37,811 : state_square_error: 11.158 reward_error: 3.371
INFO : 2021-01-27 08:53:03,142 : state_square_error: 19.254 reward_error: -0.296
INFO : 2021-01-27 08:53:28,490 : state_square_error: 21.582 reward_error: -4.314
INFO : 2021-01-27 08:53:53,837 : state_square_error: 10.227 reward_error: 3.767
INFO : 2021-01-27 08:54:19,206 : state_square_error: 9.503 reward_error: -4.356
INFO : 2021-01-27 08:54:44,576 : state_square_error: 6.396 reward_error: 7.573
INFO : 2021-01-27 08:55:09,944 : state_square_error: 47.704 reward_error: -23.039
INFO : 2021-01-27 08:55:35,322 : state_square_error: 85.299 reward_error: -33.901
INFO : 2021-01-27 08:56:00,572 : state_square_error: 45.592 reward_error: -18.536
INFO : 2021-01-27 08:56:25,779 : state_square_error: 102.159 reward_error: -44.486
INFO : 2021-01-27 08:56:50,779 : episode: 86 score: 445.1 100 games avg: 445.1 steps 1000 
INFO : 2021-01-27 08:57:23,665 : state_square_error: 13.057 reward_error: -0.751
INFO : 2021-01-27 08:57:48,887 : state_square_error: 15.619 reward_error: 2.900
INFO : 2021-01-27 08:58:14,093 : state_square_error: 31.079 reward_error: -1.195
INFO : 2021-01-27 08:58:39,315 : state_square_error: 5.960 reward_error: 5.672
INFO : 2021-01-27 08:59:04,670 : state_square_error: 77.405 reward_error: 1.625
INFO : 2021-01-27 08:59:29,981 : state_square_error: 44.571 reward_error: 0.012
INFO : 2021-01-27 08:59:55,372 : state_square_error: 45.155 reward_error: -2.195
INFO : 2021-01-27 09:00:20,751 : state_square_error: 27.508 reward_error: -0.906
INFO : 2021-01-27 09:00:45,976 : state_square_error: 48.774 reward_error: -5.222
INFO : 2021-01-27 09:01:11,285 : state_square_error: 8.559 reward_error: -7.266
INFO : 2021-01-27 09:01:36,385 : episode: 87 score: 783.8 100 games avg: 783.8 steps 1000 
INFO : 2021-01-27 09:02:09,811 : state_square_error: 53.106 reward_error: -2.020
INFO : 2021-01-27 09:02:35,144 : state_square_error: 7.804 reward_error: 0.402
INFO : 2021-01-27 09:03:00,492 : state_square_error: 66.954 reward_error: -0.835
INFO : 2021-01-27 09:03:25,864 : state_square_error: 10.138 reward_error: -0.413
INFO : 2021-01-27 09:03:51,075 : state_square_error: 30.437 reward_error: -1.300
INFO : 2021-01-27 09:04:16,271 : state_square_error: 56.190 reward_error: 2.281
INFO : 2021-01-27 09:04:41,471 : state_square_error: 20.801 reward_error: 6.444
INFO : 2021-01-27 09:05:06,673 : state_square_error: 12.462 reward_error: -0.530
INFO : 2021-01-27 09:05:31,925 : state_square_error: 25.264 reward_error: -3.431
INFO : 2021-01-27 09:05:57,324 : state_square_error: 53.890 reward_error: -0.997
INFO : 2021-01-27 09:06:22,455 : episode: 88 score: 754.6 100 games avg: 754.6 steps 1000 
INFO : 2021-01-27 09:06:56,007 : state_square_error: 30.673 reward_error: 1.178
INFO : 2021-01-27 09:07:21,235 : state_square_error: 18.737 reward_error: 6.087
INFO : 2021-01-27 09:07:46,473 : state_square_error: 71.501 reward_error: 6.811
INFO : 2021-01-27 09:08:11,779 : state_square_error: 28.690 reward_error: 2.910
INFO : 2021-01-27 09:08:37,004 : state_square_error: 9.566 reward_error: 8.446
INFO : 2021-01-27 09:09:02,376 : state_square_error: 24.787 reward_error: -3.183
INFO : 2021-01-27 09:09:27,582 : state_square_error: 11.979 reward_error: 13.171
INFO : 2021-01-27 09:09:52,776 : state_square_error: 79.249 reward_error: 1.020
INFO : 2021-01-27 09:10:18,051 : state_square_error: 11.788 reward_error: -3.060
INFO : 2021-01-27 09:10:43,359 : state_square_error: 33.750 reward_error: 3.996
INFO : 2021-01-27 09:11:08,357 : episode: 89 score: 789.3 100 games avg: 789.3 steps 1000 
INFO : 2021-01-27 09:11:42,356 : state_square_error: 43.540 reward_error: -1.334
INFO : 2021-01-27 09:12:07,630 : state_square_error: 85.501 reward_error: 6.876
INFO : 2021-01-27 09:12:32,952 : state_square_error: 53.984 reward_error: 4.507
INFO : 2021-01-27 09:12:58,219 : state_square_error: 13.183 reward_error: -3.649
INFO : 2021-01-27 09:13:23,462 : state_square_error: 82.451 reward_error: -2.548
INFO : 2021-01-27 09:13:48,815 : state_square_error: 75.388 reward_error: 2.912
INFO : 2021-01-27 09:14:14,156 : state_square_error: 10.775 reward_error: 2.060
INFO : 2021-01-27 09:14:39,498 : state_square_error: 41.213 reward_error: 1.004
INFO : 2021-01-27 09:15:04,832 : state_square_error: 41.332 reward_error: 1.489
INFO : 2021-01-27 09:15:30,191 : state_square_error: 17.960 reward_error: 5.259
INFO : 2021-01-27 09:15:55,246 : episode: 90 score: 742.6 100 games avg: 742.6 steps 1000 
INFO : 2021-01-27 09:16:29,758 : state_square_error: 12.388 reward_error: -0.769
INFO : 2021-01-27 09:16:55,138 : state_square_error: 7.242 reward_error: 3.759
INFO : 2021-01-27 09:17:20,515 : state_square_error: 33.122 reward_error: 0.970
INFO : 2021-01-27 09:17:45,903 : state_square_error: 13.916 reward_error: 1.235
INFO : 2021-01-27 09:18:11,291 : state_square_error: 21.504 reward_error: 4.045
INFO : 2021-01-27 09:18:36,598 : state_square_error: 33.464 reward_error: -2.905
INFO : 2021-01-27 09:19:01,844 : state_square_error: 41.394 reward_error: 3.277
INFO : 2021-01-27 09:19:27,168 : state_square_error: 31.607 reward_error: 0.355
INFO : 2021-01-27 09:19:52,375 : state_square_error: 25.629 reward_error: 10.077
INFO : 2021-01-27 09:20:17,600 : state_square_error: 21.686 reward_error: 6.042
INFO : 2021-01-27 09:20:42,558 : episode: 91 score: 754.1 100 games avg: 754.1 steps 1000 
INFO : 2021-01-27 09:21:17,485 : state_square_error: 111.278 reward_error: 4.952
INFO : 2021-01-27 09:21:42,794 : state_square_error: 11.732 reward_error: 5.363
INFO : 2021-01-27 09:22:08,126 : state_square_error: 32.690 reward_error: 1.137
INFO : 2021-01-27 09:22:33,374 : state_square_error: 15.635 reward_error: 1.070
INFO : 2021-01-27 09:22:58,554 : state_square_error: 14.145 reward_error: 3.421
INFO : 2021-01-27 09:23:23,895 : state_square_error: 90.736 reward_error: -1.015
INFO : 2021-01-27 09:23:49,218 : state_square_error: 34.489 reward_error: -1.272
INFO : 2021-01-27 09:24:14,541 : state_square_error: 4.875 reward_error: -0.255
INFO : 2021-01-27 09:24:39,925 : state_square_error: 54.696 reward_error: 2.923
INFO : 2021-01-27 09:25:05,297 : state_square_error: 46.591 reward_error: 2.700
INFO : 2021-01-27 09:25:30,413 : episode: 92 score: 772.6 100 games avg: 772.6 steps 1000 
INFO : 2021-01-27 09:26:05,605 : state_square_error: 38.895 reward_error: 1.346
INFO : 2021-01-27 09:26:30,825 : state_square_error: 73.323 reward_error: -5.811
INFO : 2021-01-27 09:26:56,031 : state_square_error: 22.131 reward_error: -1.760
INFO : 2021-01-27 09:27:21,254 : state_square_error: 26.871 reward_error: -5.777
INFO : 2021-01-27 09:27:46,500 : state_square_error: 21.217 reward_error: -4.190
INFO : 2021-01-27 09:28:11,695 : state_square_error: 7.264 reward_error: 0.550
INFO : 2021-01-27 09:28:36,910 : state_square_error: 18.200 reward_error: 1.663
INFO : 2021-01-27 09:29:02,124 : state_square_error: 20.408 reward_error: -4.411
INFO : 2021-01-27 09:29:27,504 : state_square_error: 17.292 reward_error: 3.551
INFO : 2021-01-27 09:29:52,883 : state_square_error: 40.802 reward_error: -1.865
INFO : 2021-01-27 09:30:18,063 : episode: 93 score: 731.2 100 games avg: 731.2 steps 1000 
INFO : 2021-01-27 09:30:53,559 : state_square_error: 51.297 reward_error: 0.876
INFO : 2021-01-27 09:31:18,757 : state_square_error: 13.863 reward_error: -4.731
INFO : 2021-01-27 09:31:43,954 : state_square_error: 122.898 reward_error: -0.032
INFO : 2021-01-27 09:32:09,164 : state_square_error: 68.524 reward_error: 4.965
INFO : 2021-01-27 09:32:34,473 : state_square_error: 20.550 reward_error: 0.054
INFO : 2021-01-27 09:32:59,780 : state_square_error: 49.914 reward_error: -1.478
INFO : 2021-01-27 09:33:25,078 : state_square_error: 59.975 reward_error: -1.309
INFO : 2021-01-27 09:33:50,430 : state_square_error: 13.309 reward_error: -1.995
INFO : 2021-01-27 09:34:15,796 : state_square_error: 37.171 reward_error: 0.153
INFO : 2021-01-27 09:34:41,181 : state_square_error: 42.485 reward_error: -1.022
INFO : 2021-01-27 09:35:06,305 : episode: 94 score: 846.1 100 games avg: 846.1 steps 1000 
INFO : 2021-01-27 09:35:42,245 : state_square_error: 10.320 reward_error: 4.422
INFO : 2021-01-27 09:36:07,540 : state_square_error: 81.041 reward_error: -0.561
INFO : 2021-01-27 09:36:32,889 : state_square_error: 74.312 reward_error: 2.620
INFO : 2021-01-27 09:36:58,123 : state_square_error: 35.872 reward_error: 6.872
INFO : 2021-01-27 09:37:23,314 : state_square_error: 17.432 reward_error: 6.112
INFO : 2021-01-27 09:37:48,605 : state_square_error: 16.339 reward_error: 6.216
INFO : 2021-01-27 09:38:13,951 : state_square_error: 91.880 reward_error: -0.739
INFO : 2021-01-27 09:38:39,204 : state_square_error: 29.235 reward_error: 0.154
INFO : 2021-01-27 09:39:04,579 : state_square_error: 9.080 reward_error: 17.354
INFO : 2021-01-27 09:39:29,954 : state_square_error: 26.605 reward_error: 11.462
INFO : 2021-01-27 09:39:55,076 : episode: 95 score: 569.1 100 games avg: 569.1 steps 1000 
INFO : 2021-01-27 09:40:31,368 : state_square_error: 17.893 reward_error: 1.106
INFO : 2021-01-27 09:40:56,626 : state_square_error: 14.668 reward_error: -5.976
INFO : 2021-01-27 09:41:21,937 : state_square_error: 46.339 reward_error: -5.445
INFO : 2021-01-27 09:41:47,312 : state_square_error: 26.868 reward_error: -1.816
INFO : 2021-01-27 09:42:12,709 : state_square_error: 14.813 reward_error: 1.189
INFO : 2021-01-27 09:42:38,010 : state_square_error: 47.391 reward_error: -3.300
INFO : 2021-01-27 09:43:03,350 : state_square_error: 65.772 reward_error: -1.932
INFO : 2021-01-27 09:43:28,657 : state_square_error: 11.992 reward_error: 0.733
INFO : 2021-01-27 09:43:53,888 : state_square_error: 40.410 reward_error: 2.012
INFO : 2021-01-27 09:44:19,207 : state_square_error: 30.402 reward_error: -3.778
INFO : 2021-01-27 09:44:44,266 : episode: 96 score: 829.5 100 games avg: 829.5 steps 1000 
INFO : 2021-01-27 09:45:20,898 : state_square_error: 17.239 reward_error: -1.156
INFO : 2021-01-27 09:45:46,172 : state_square_error: 45.046 reward_error: -1.471
INFO : 2021-01-27 09:46:11,489 : state_square_error: 36.105 reward_error: 0.038
INFO : 2021-01-27 09:46:36,820 : state_square_error: 44.421 reward_error: 0.184
INFO : 2021-01-27 09:47:02,150 : state_square_error: 7.655 reward_error: -0.483
INFO : 2021-01-27 09:47:27,482 : state_square_error: 38.142 reward_error: 6.295
INFO : 2021-01-27 09:47:52,700 : state_square_error: 69.459 reward_error: -3.684
INFO : 2021-01-27 09:48:18,044 : state_square_error: 14.831 reward_error: 5.554
INFO : 2021-01-27 09:48:43,354 : state_square_error: 29.879 reward_error: -3.994
INFO : 2021-01-27 09:49:08,598 : state_square_error: 19.318 reward_error: -2.591
INFO : 2021-01-27 09:49:33,594 : episode: 97 score: 873.6 100 games avg: 873.6 steps 1000 
INFO : 2021-01-27 09:50:10,434 : state_square_error: 2.151 reward_error: 2.363
INFO : 2021-01-27 09:50:35,630 : state_square_error: 32.301 reward_error: 1.604
INFO : 2021-01-27 09:51:00,836 : state_square_error: 9.756 reward_error: -4.248
INFO : 2021-01-27 09:51:26,066 : state_square_error: 11.709 reward_error: 4.492
INFO : 2021-01-27 09:51:51,275 : state_square_error: 26.590 reward_error: -2.837
INFO : 2021-01-27 09:52:16,485 : state_square_error: 24.464 reward_error: 3.579
INFO : 2021-01-27 09:52:41,690 : state_square_error: 53.105 reward_error: -1.372
INFO : 2021-01-27 09:53:06,936 : state_square_error: 27.418 reward_error: -4.315
INFO : 2021-01-27 09:53:32,141 : state_square_error: 18.617 reward_error: -2.959
INFO : 2021-01-27 09:53:57,350 : state_square_error: 27.004 reward_error: 2.371
INFO : 2021-01-27 09:54:22,312 : episode: 98 score: 780.7 100 games avg: 780.7 steps 1000 
INFO : 2021-01-27 09:54:59,725 : state_square_error: 23.996 reward_error: -3.422
INFO : 2021-01-27 09:55:24,926 : state_square_error: 43.264 reward_error: 2.254
INFO : 2021-01-27 09:55:50,129 : state_square_error: 18.697 reward_error: -2.326
INFO : 2021-01-27 09:56:15,341 : state_square_error: 48.430 reward_error: -3.495
INFO : 2021-01-27 09:56:40,547 : state_square_error: 20.612 reward_error: -2.336
INFO : 2021-01-27 09:57:05,773 : state_square_error: 59.202 reward_error: 3.665
INFO : 2021-01-27 09:57:31,023 : state_square_error: 13.093 reward_error: 6.421
INFO : 2021-01-27 09:57:56,225 : state_square_error: 7.377 reward_error: -2.213
INFO : 2021-01-27 09:58:21,428 : state_square_error: 65.291 reward_error: -0.928
INFO : 2021-01-27 09:58:46,630 : state_square_error: 7.146 reward_error: 5.223
INFO : 2021-01-27 09:59:11,581 : episode: 99 score: 797.3 100 games avg: 797.3 steps 1000 
