INFO : 2021-01-11 17:27:06,004 : method: Model Predictive Contorol
INFO : 2021-01-11 17:27:06,005 : parameter n_steps: 100 ensemble_size: 5 env: HalfCheetah-v2
INFO : 2021-01-11 17:27:09,310 : mpc horizon: 20 mpc_samples: 100 elite_sample: 30 grad_steps: 10
INFO : 2021-01-11 17:27:09,310 : mpc_function cem
INFO : 2021-01-11 17:27:09,310 : cem
INFO : 2021-01-11 17:49:03,291 : episode: 0 score: -103.0 100 games avg: -103.0 steps 1000 
INFO : 2021-01-11 18:06:34,877 : episode: 1 score: -190.1 100 games avg: -190.1 steps 1000 
INFO : 2021-01-11 18:24:05,065 : episode: 2 score: -196.0 100 games avg: -196.0 steps 1000 
INFO : 2021-01-11 18:41:35,199 : episode: 3 score: -75.8 100 games avg: -75.8 steps 1000 
INFO : 2021-01-11 18:59:06,152 : episode: 4 score: -77.6 100 games avg: -77.6 steps 1000 
INFO : 2021-01-11 19:16:35,049 : episode: 5 score: -91.6 100 games avg: -91.6 steps 1000 
INFO : 2021-01-11 19:34:02,700 : episode: 6 score: -70.6 100 games avg: -70.6 steps 1000 
INFO : 2021-01-11 19:51:33,855 : episode: 7 score: 51.7 100 games avg: 51.7 steps 1000 
INFO : 2021-01-11 20:09:05,901 : episode: 8 score: -116.2 100 games avg: -116.2 steps 1000 
INFO : 2021-01-11 20:26:37,425 : episode: 9 score: 5.3 100 games avg: 5.3 steps 1000 
INFO : 2021-01-11 20:44:08,567 : episode: 10 score: 88.0 100 games avg: 88.0 steps 1000 
INFO : 2021-01-11 21:01:42,080 : episode: 11 score: 248.2 100 games avg: 248.2 steps 1000 
INFO : 2021-01-11 21:19:14,937 : episode: 12 score: 381.6 100 games avg: 381.6 steps 1000 
INFO : 2021-01-11 21:36:47,484 : episode: 13 score: 527.7 100 games avg: 527.7 steps 1000 
INFO : 2021-01-11 21:54:20,447 : episode: 14 score: 583.6 100 games avg: 583.6 steps 1000 
INFO : 2021-01-11 22:11:55,798 : episode: 15 score: 683.9 100 games avg: 683.9 steps 1000 
INFO : 2021-01-11 22:29:30,318 : episode: 16 score: 663.5 100 games avg: 663.5 steps 1000 
INFO : 2021-01-11 22:47:04,847 : episode: 17 score: 733.6 100 games avg: 733.6 steps 1000 
INFO : 2021-01-11 23:04:41,671 : episode: 18 score: 668.6 100 games avg: 668.6 steps 1000 
INFO : 2021-01-11 23:22:19,330 : episode: 19 score: 724.1 100 games avg: 724.1 steps 1000 
INFO : 2021-01-11 23:39:56,059 : episode: 20 score: 771.9 100 games avg: 771.9 steps 1000 
INFO : 2021-01-11 23:57:33,328 : episode: 21 score: 688.5 100 games avg: 688.5 steps 1000 
INFO : 2021-01-12 00:15:11,085 : episode: 22 score: 776.7 100 games avg: 776.7 steps 1000 
INFO : 2021-01-12 00:32:48,740 : episode: 23 score: 735.9 100 games avg: 735.9 steps 1000 
INFO : 2021-01-12 00:50:25,751 : episode: 24 score: 756.6 100 games avg: 756.6 steps 1000 
INFO : 2021-01-12 01:08:03,946 : episode: 25 score: 727.0 100 games avg: 727.0 steps 1000 
INFO : 2021-01-12 01:25:41,894 : episode: 26 score: 762.2 100 games avg: 762.2 steps 1000 
INFO : 2021-01-12 01:43:20,431 : episode: 27 score: 752.9 100 games avg: 752.9 steps 1000 
INFO : 2021-01-12 02:01:00,038 : episode: 28 score: 783.4 100 games avg: 783.4 steps 1000 
INFO : 2021-01-12 02:18:40,824 : episode: 29 score: 778.7 100 games avg: 778.7 steps 1000 
INFO : 2021-01-12 02:36:24,166 : episode: 30 score: 748.0 100 games avg: 748.0 steps 1000 
INFO : 2021-01-12 02:54:05,795 : episode: 31 score: 745.6 100 games avg: 745.6 steps 1000 
INFO : 2021-01-12 03:11:48,002 : episode: 32 score: 771.6 100 games avg: 771.6 steps 1000 
INFO : 2021-01-12 03:29:30,705 : episode: 33 score: 742.7 100 games avg: 742.7 steps 1000 
INFO : 2021-01-12 03:47:13,063 : episode: 34 score: 723.8 100 games avg: 723.8 steps 1000 
INFO : 2021-01-12 04:04:55,922 : episode: 35 score: 755.9 100 games avg: 755.9 steps 1000 
INFO : 2021-01-12 04:22:39,806 : episode: 36 score: 768.1 100 games avg: 768.1 steps 1000 
INFO : 2021-01-12 04:40:20,147 : episode: 37 score: 301.6 100 games avg: 301.6 steps 1000 
INFO : 2021-01-12 04:58:01,822 : episode: 38 score: 475.2 100 games avg: 475.2 steps 1000 
INFO : 2021-01-12 05:15:45,443 : episode: 39 score: 773.7 100 games avg: 773.7 steps 1000 
INFO : 2021-01-12 05:33:29,456 : episode: 40 score: 708.8 100 games avg: 708.8 steps 1000 
INFO : 2021-01-12 05:51:13,414 : episode: 41 score: 725.4 100 games avg: 725.4 steps 1000 
INFO : 2021-01-12 06:08:59,121 : episode: 42 score: 742.6 100 games avg: 742.6 steps 1000 
INFO : 2021-01-12 06:26:42,726 : episode: 43 score: 757.1 100 games avg: 757.1 steps 1000 
INFO : 2021-01-12 06:44:31,472 : episode: 44 score: 726.2 100 games avg: 726.2 steps 1000 
INFO : 2021-01-12 07:02:15,078 : episode: 45 score: 741.1 100 games avg: 741.1 steps 1000 
INFO : 2021-01-12 07:19:58,705 : episode: 46 score: 702.9 100 games avg: 702.9 steps 1000 
INFO : 2021-01-12 07:37:44,151 : episode: 47 score: 717.4 100 games avg: 717.4 steps 1000 
INFO : 2021-01-12 07:55:28,069 : episode: 48 score: 678.5 100 games avg: 678.5 steps 1000 
INFO : 2021-01-12 08:13:12,748 : episode: 49 score: 707.0 100 games avg: 707.0 steps 1000 
INFO : 2021-01-12 08:31:00,267 : episode: 50 score: 678.8 100 games avg: 678.8 steps 1000 
INFO : 2021-01-12 08:48:47,272 : episode: 51 score: 745.3 100 games avg: 745.3 steps 1000 
INFO : 2021-01-12 09:06:21,886 : episode: 52 score: 699.7 100 games avg: 699.7 steps 1000 
INFO : 2021-01-12 09:23:55,452 : episode: 53 score: 719.5 100 games avg: 719.5 steps 1000 
INFO : 2021-01-12 09:41:36,361 : episode: 54 score: 679.9 100 games avg: 679.9 steps 1000 
INFO : 2021-01-12 09:59:10,795 : episode: 55 score: 727.8 100 games avg: 727.8 steps 1000 
INFO : 2021-01-12 10:16:43,437 : episode: 56 score: 663.7 100 games avg: 663.7 steps 1000 
INFO : 2021-01-12 10:34:17,017 : episode: 57 score: 683.7 100 games avg: 683.7 steps 1000 
INFO : 2021-01-12 10:51:52,253 : episode: 58 score: 687.8 100 games avg: 687.8 steps 1000 
INFO : 2021-01-12 11:09:28,284 : episode: 59 score: 693.5 100 games avg: 693.5 steps 1000 
INFO : 2021-01-12 11:27:05,134 : episode: 60 score: 676.7 100 games avg: 676.7 steps 1000 
INFO : 2021-01-12 11:44:39,528 : episode: 61 score: 686.9 100 games avg: 686.9 steps 1000 
INFO : 2021-01-12 12:02:23,291 : episode: 62 score: 647.5 100 games avg: 647.5 steps 1000 
INFO : 2021-01-12 12:19:59,509 : episode: 63 score: 650.9 100 games avg: 650.9 steps 1000 
INFO : 2021-01-12 12:37:36,342 : episode: 64 score: 645.4 100 games avg: 645.4 steps 1000 
INFO : 2021-01-12 12:55:13,972 : episode: 65 score: 606.2 100 games avg: 606.2 steps 1000 
INFO : 2021-01-12 13:12:51,889 : episode: 66 score: 647.8 100 games avg: 647.8 steps 1000 
INFO : 2021-01-12 13:30:31,706 : episode: 67 score: 621.3 100 games avg: 621.3 steps 1000 
INFO : 2021-01-12 13:48:11,756 : episode: 68 score: -27.9 100 games avg: -27.9 steps 1000 
INFO : 2021-01-12 14:05:52,467 : episode: 69 score: 640.7 100 games avg: 640.7 steps 1000 
INFO : 2021-01-12 14:23:33,612 : episode: 70 score: 614.9 100 games avg: 614.9 steps 1000 
INFO : 2021-01-12 14:41:13,849 : episode: 71 score: 634.1 100 games avg: 634.1 steps 1000 
INFO : 2021-01-12 14:58:56,321 : episode: 72 score: 575.9 100 games avg: 575.9 steps 1000 
INFO : 2021-01-12 15:16:37,475 : episode: 73 score: 566.7 100 games avg: 566.7 steps 1000 
INFO : 2021-01-12 15:34:18,512 : episode: 74 score: 606.2 100 games avg: 606.2 steps 1000 
INFO : 2021-01-12 15:51:58,924 : episode: 75 score: 629.0 100 games avg: 629.0 steps 1000 
INFO : 2021-01-12 16:09:39,535 : episode: 76 score: 540.8 100 games avg: 540.8 steps 1000 
INFO : 2021-01-12 16:27:20,396 : episode: 77 score: 624.5 100 games avg: 624.5 steps 1000 
INFO : 2021-01-12 16:45:03,180 : episode: 78 score: 574.5 100 games avg: 574.5 steps 1000 
INFO : 2021-01-12 17:02:45,928 : episode: 79 score: 601.8 100 games avg: 601.8 steps 1000 
INFO : 2021-01-12 17:20:29,929 : episode: 80 score: 567.8 100 games avg: 567.8 steps 1000 
INFO : 2021-01-12 17:38:15,123 : episode: 81 score: 575.0 100 games avg: 575.0 steps 1000 
INFO : 2021-01-12 17:56:00,777 : episode: 82 score: 621.1 100 games avg: 621.1 steps 1000 
INFO : 2021-01-12 18:14:10,167 : episode: 83 score: 568.0 100 games avg: 568.0 steps 1000 
INFO : 2021-01-12 18:32:30,638 : episode: 84 score: 579.5 100 games avg: 579.5 steps 1000 
INFO : 2021-01-12 18:50:49,040 : episode: 85 score: 535.0 100 games avg: 535.0 steps 1000 
INFO : 2021-01-12 19:09:09,733 : episode: 86 score: 530.1 100 games avg: 530.1 steps 1000 
INFO : 2021-01-12 19:27:31,365 : episode: 87 score: 550.2 100 games avg: 550.2 steps 1000 
INFO : 2021-01-12 19:45:54,446 : episode: 88 score: 539.1 100 games avg: 539.1 steps 1000 
INFO : 2021-01-12 20:04:16,063 : episode: 89 score: 551.7 100 games avg: 551.7 steps 1000 
INFO : 2021-01-12 20:22:39,789 : episode: 90 score: 546.1 100 games avg: 546.1 steps 1000 
INFO : 2021-01-12 20:41:03,345 : episode: 91 score: 360.8 100 games avg: 360.8 steps 1000 
INFO : 2021-01-12 20:59:26,224 : episode: 92 score: 519.6 100 games avg: 519.6 steps 1000 
INFO : 2021-01-12 21:17:50,530 : episode: 93 score: 560.1 100 games avg: 560.1 steps 1000 
INFO : 2021-01-12 21:36:14,740 : episode: 94 score: 551.0 100 games avg: 551.0 steps 1000 
INFO : 2021-01-12 21:54:39,605 : episode: 95 score: 549.7 100 games avg: 549.7 steps 1000 
INFO : 2021-01-12 22:13:03,616 : episode: 96 score: 526.3 100 games avg: 526.3 steps 1000 
INFO : 2021-01-12 22:31:29,582 : episode: 97 score: 588.5 100 games avg: 588.5 steps 1000 
INFO : 2021-01-12 22:49:51,935 : episode: 98 score: 594.0 100 games avg: 594.0 steps 1000 
INFO : 2021-01-12 23:08:11,134 : episode: 99 score: 526.7 100 games avg: 526.7 steps 1000 
