INFO : 2021-01-20 18:09:13,656 : method: Model Predictive Contorol
INFO : 2021-01-20 18:09:13,656 : parameter n_steps: 100 ensemble_size: 5 env: HalfCheetah-v2
INFO : 2021-01-20 18:09:16,069 : mpc horizon: 10 mpc_samples: 100 elite_sample: 30 grad_steps: 10
INFO : 2021-01-20 18:09:16,069 : mpc_function policy-entropy
INFO : 2021-01-20 18:09:16,069 : policy-entropy=0.2
INFO : 2021-01-20 18:12:16,650 : episode: 0 score: -207.6 100 games avg: -207.6 steps 1000 
INFO : 2021-01-20 18:15:22,714 : episode: 1 score: -180.9 100 games avg: -180.9 steps 1000 
INFO : 2021-01-20 18:18:29,369 : episode: 2 score: -151.3 100 games avg: -151.3 steps 1000 
INFO : 2021-01-20 18:21:36,018 : episode: 3 score: -179.6 100 games avg: -179.6 steps 1000 
INFO : 2021-01-20 18:24:42,933 : episode: 4 score: -132.6 100 games avg: -132.6 steps 1000 
INFO : 2021-01-20 18:27:50,796 : episode: 5 score: -227.9 100 games avg: -227.9 steps 1000 
INFO : 2021-01-20 18:30:58,814 : episode: 6 score: -266.0 100 games avg: -266.0 steps 1000 
INFO : 2021-01-20 18:34:07,247 : episode: 7 score: -216.3 100 games avg: -216.3 steps 1000 
INFO : 2021-01-20 18:37:16,112 : episode: 8 score: -167.2 100 games avg: -167.2 steps 1000 
INFO : 2021-01-20 18:40:24,999 : episode: 9 score: -146.2 100 games avg: -146.2 steps 1000 
INFO : 2021-01-20 18:43:33,724 : episode: 10 score: -86.8 100 games avg: -86.8 steps 1000 
INFO : 2021-01-20 18:46:43,086 : episode: 11 score: -8.2 100 games avg: -8.2 steps 1000 
INFO : 2021-01-20 18:49:53,054 : episode: 12 score: -96.4 100 games avg: -96.4 steps 1000 
INFO : 2021-01-20 18:53:03,000 : episode: 13 score: -39.2 100 games avg: -39.2 steps 1000 
INFO : 2021-01-20 18:56:13,056 : episode: 14 score: -24.6 100 games avg: -24.6 steps 1000 
INFO : 2021-01-20 18:59:23,769 : episode: 15 score: -20.5 100 games avg: -20.5 steps 1000 
INFO : 2021-01-20 19:02:34,567 : episode: 16 score: -7.1 100 games avg: -7.1 steps 1000 
INFO : 2021-01-20 19:05:45,933 : episode: 17 score: 5.8 100 games avg: 5.8 steps 1000 
INFO : 2021-01-20 19:08:57,498 : episode: 18 score: -6.7 100 games avg: -6.7 steps 1000 
INFO : 2021-01-20 19:12:09,456 : episode: 19 score: -5.5 100 games avg: -5.5 steps 1000 
INFO : 2021-01-20 19:15:21,659 : episode: 20 score: 23.4 100 games avg: 23.4 steps 1000 
INFO : 2021-01-20 19:18:34,037 : episode: 21 score: 16.6 100 games avg: 16.6 steps 1000 
INFO : 2021-01-20 19:21:46,831 : episode: 22 score: 58.0 100 games avg: 58.0 steps 1000 
INFO : 2021-01-20 19:25:00,014 : episode: 23 score: 57.2 100 games avg: 57.2 steps 1000 
INFO : 2021-01-20 19:28:13,401 : episode: 24 score: 98.2 100 games avg: 98.2 steps 1000 
INFO : 2021-01-20 19:31:26,802 : episode: 25 score: 82.9 100 games avg: 82.9 steps 1000 
INFO : 2021-01-20 19:34:40,582 : episode: 26 score: 197.7 100 games avg: 197.7 steps 1000 
INFO : 2021-01-20 19:37:54,865 : episode: 27 score: 226.7 100 games avg: 226.7 steps 1000 
INFO : 2021-01-20 19:41:09,481 : episode: 28 score: 399.7 100 games avg: 399.7 steps 1000 
INFO : 2021-01-20 19:44:24,223 : episode: 29 score: 532.1 100 games avg: 532.1 steps 1000 
INFO : 2021-01-20 19:47:39,638 : episode: 30 score: 581.2 100 games avg: 581.2 steps 1000 
INFO : 2021-01-20 19:50:55,253 : episode: 31 score: 596.2 100 games avg: 596.2 steps 1000 
INFO : 2021-01-20 19:54:11,456 : episode: 32 score: 551.7 100 games avg: 551.7 steps 1000 
INFO : 2021-01-20 19:57:27,465 : episode: 33 score: 666.5 100 games avg: 666.5 steps 1000 
INFO : 2021-01-20 20:00:43,904 : episode: 34 score: 736.8 100 games avg: 736.8 steps 1000 
INFO : 2021-01-20 20:04:00,574 : episode: 35 score: 789.2 100 games avg: 789.2 steps 1000 
INFO : 2021-01-20 20:07:17,189 : episode: 36 score: 806.7 100 games avg: 806.7 steps 1000 
INFO : 2021-01-20 20:10:34,528 : episode: 37 score: 813.2 100 games avg: 813.2 steps 1000 
INFO : 2021-01-20 20:13:52,213 : episode: 38 score: 821.0 100 games avg: 821.0 steps 1000 
INFO : 2021-01-20 20:17:09,852 : episode: 39 score: 861.3 100 games avg: 861.3 steps 1000 
INFO : 2021-01-20 20:20:28,141 : episode: 40 score: 880.5 100 games avg: 880.5 steps 1000 
INFO : 2021-01-20 20:23:46,773 : episode: 41 score: 908.1 100 games avg: 908.1 steps 1000 
INFO : 2021-01-20 20:27:05,758 : episode: 42 score: 912.3 100 games avg: 912.3 steps 1000 
INFO : 2021-01-20 20:30:25,360 : episode: 43 score: 786.8 100 games avg: 786.8 steps 1000 
INFO : 2021-01-20 20:33:45,140 : episode: 44 score: 905.6 100 games avg: 905.6 steps 1000 
INFO : 2021-01-20 20:37:04,497 : episode: 45 score: 849.2 100 games avg: 849.2 steps 1000 
INFO : 2021-01-20 20:40:24,439 : episode: 46 score: 873.6 100 games avg: 873.6 steps 1000 
INFO : 2021-01-20 20:43:44,824 : episode: 47 score: 930.4 100 games avg: 930.4 steps 1000 
INFO : 2021-01-20 20:47:05,998 : episode: 48 score: 978.5 100 games avg: 978.5 steps 1000 
INFO : 2021-01-20 20:50:27,922 : episode: 49 score: 950.0 100 games avg: 950.0 steps 1000 
INFO : 2021-01-20 20:53:49,677 : episode: 50 score: 860.6 100 games avg: 860.6 steps 1000 
INFO : 2021-01-20 20:57:12,228 : episode: 51 score: 884.6 100 games avg: 884.6 steps 1000 
INFO : 2021-01-20 21:00:34,955 : episode: 52 score: 965.7 100 games avg: 965.7 steps 1000 
INFO : 2021-01-20 21:03:57,522 : episode: 53 score: 910.7 100 games avg: 910.7 steps 1000 
INFO : 2021-01-20 21:07:20,022 : episode: 54 score: 885.7 100 games avg: 885.7 steps 1000 
INFO : 2021-01-20 21:10:42,910 : episode: 55 score: 916.1 100 games avg: 916.1 steps 1000 
INFO : 2021-01-20 21:14:06,006 : episode: 56 score: 917.8 100 games avg: 917.8 steps 1000 
INFO : 2021-01-20 21:17:29,809 : episode: 57 score: 890.4 100 games avg: 890.4 steps 1000 
INFO : 2021-01-20 21:20:53,656 : episode: 58 score: 935.6 100 games avg: 935.6 steps 1000 
INFO : 2021-01-20 21:24:18,363 : episode: 59 score: 954.5 100 games avg: 954.5 steps 1000 
INFO : 2021-01-20 21:27:42,601 : episode: 60 score: 972.5 100 games avg: 972.5 steps 1000 
INFO : 2021-01-20 21:31:07,719 : episode: 61 score: 709.1 100 games avg: 709.1 steps 1000 
INFO : 2021-01-20 21:34:33,381 : episode: 62 score: 944.8 100 games avg: 944.8 steps 1000 
INFO : 2021-01-20 21:37:59,068 : episode: 63 score: 936.1 100 games avg: 936.1 steps 1000 
INFO : 2021-01-20 21:41:25,444 : episode: 64 score: 992.5 100 games avg: 992.5 steps 1000 
INFO : 2021-01-20 21:44:52,140 : episode: 65 score: 976.9 100 games avg: 976.9 steps 1000 
INFO : 2021-01-20 21:48:19,171 : episode: 66 score: 958.5 100 games avg: 958.5 steps 1000 
INFO : 2021-01-20 21:51:46,041 : episode: 67 score: 961.0 100 games avg: 961.0 steps 1000 
INFO : 2021-01-20 21:55:12,737 : episode: 68 score: 944.4 100 games avg: 944.4 steps 1000 
INFO : 2021-01-20 21:58:40,097 : episode: 69 score: 1022.6 100 games avg: 1022.6 steps 1000 
INFO : 2021-01-20 22:02:07,848 : episode: 70 score: 1049.8 100 games avg: 1049.8 steps 1000 
INFO : 2021-01-20 22:05:35,896 : episode: 71 score: 446.4 100 games avg: 446.4 steps 1000 
INFO : 2021-01-20 22:09:04,651 : episode: 72 score: 1004.5 100 games avg: 1004.5 steps 1000 
INFO : 2021-01-20 22:12:33,897 : episode: 73 score: 967.3 100 games avg: 967.3 steps 1000 
INFO : 2021-01-20 22:16:03,240 : episode: 74 score: 1059.4 100 games avg: 1059.4 steps 1000 
INFO : 2021-01-20 22:19:32,995 : episode: 75 score: 1091.8 100 games avg: 1091.8 steps 1000 
INFO : 2021-01-20 22:23:02,764 : episode: 76 score: 1051.8 100 games avg: 1051.8 steps 1000 
INFO : 2021-01-20 22:26:32,584 : episode: 77 score: 999.5 100 games avg: 999.5 steps 1000 
INFO : 2021-01-20 22:30:02,776 : episode: 78 score: 1071.7 100 games avg: 1071.7 steps 1000 
INFO : 2021-01-20 22:33:33,672 : episode: 79 score: 1069.4 100 games avg: 1069.4 steps 1000 
INFO : 2021-01-20 22:37:05,234 : episode: 80 score: 1110.2 100 games avg: 1110.2 steps 1000 
INFO : 2021-01-20 22:40:36,117 : episode: 81 score: 1102.3 100 games avg: 1102.3 steps 1000 
INFO : 2021-01-20 22:44:07,772 : episode: 82 score: 1011.8 100 games avg: 1011.8 steps 1000 
INFO : 2021-01-20 22:47:40,059 : episode: 83 score: 1044.7 100 games avg: 1044.7 steps 1000 
INFO : 2021-01-20 22:51:12,540 : episode: 84 score: 1045.4 100 games avg: 1045.4 steps 1000 
INFO : 2021-01-20 22:54:45,613 : episode: 85 score: 1123.7 100 games avg: 1123.7 steps 1000 
INFO : 2021-01-20 22:58:18,918 : episode: 86 score: 1122.0 100 games avg: 1122.0 steps 1000 
INFO : 2021-01-20 23:01:52,957 : episode: 87 score: 1157.1 100 games avg: 1157.1 steps 1000 
INFO : 2021-01-20 23:05:26,529 : episode: 88 score: 1053.7 100 games avg: 1053.7 steps 1000 
INFO : 2021-01-20 23:09:00,580 : episode: 89 score: 1095.3 100 games avg: 1095.3 steps 1000 
INFO : 2021-01-20 23:12:35,609 : episode: 90 score: 1123.9 100 games avg: 1123.9 steps 1000 
INFO : 2021-01-20 23:16:10,521 : episode: 91 score: 1139.2 100 games avg: 1139.2 steps 1000 
INFO : 2021-01-20 23:19:47,380 : episode: 92 score: 1098.2 100 games avg: 1098.2 steps 1000 
INFO : 2021-01-20 23:23:24,118 : episode: 93 score: 1098.0 100 games avg: 1098.0 steps 1000 
INFO : 2021-01-20 23:27:00,817 : episode: 94 score: 1074.9 100 games avg: 1074.9 steps 1000 
INFO : 2021-01-20 23:30:38,817 : episode: 95 score: 1099.4 100 games avg: 1099.4 steps 1000 
INFO : 2021-01-20 23:34:16,873 : episode: 96 score: 1098.9 100 games avg: 1098.9 steps 1000 
INFO : 2021-01-20 23:37:53,101 : episode: 97 score: 1069.5 100 games avg: 1069.5 steps 1000 
INFO : 2021-01-20 23:41:29,778 : episode: 98 score: 1080.5 100 games avg: 1080.5 steps 1000 
INFO : 2021-01-20 23:45:06,261 : episode: 99 score: 1105.7 100 games avg: 1105.7 steps 1000 
