INFO : 2021-01-30 02:01:13,414 : method: Model Predictive Contorol
INFO : 2021-01-30 02:01:13,414 : parameter n_steps: 200 ensemble_size: 5 env: Ant-v2
INFO : 2021-01-30 02:01:16,404 : mpc horizon: 5 mpc_samples: 100 elite_sample: 30 grad_steps: 10
INFO : 2021-01-30 02:01:16,404 : mpc_function policy-kl3
INFO : 2021-01-30 02:01:16,405 : policy-kl3
INFO : 2021-01-30 02:03:29,936 : episode: 0 score: 272.6 100 games avg: 272.6 steps 452 
INFO : 2021-01-30 02:03:54,126 : episode: 1 score: -42.2 100 games avg: -42.2 steps 75 
INFO : 2021-01-30 02:04:06,437 : episode: 2 score: -48.5 100 games avg: -48.5 steps 38 
INFO : 2021-01-30 02:04:26,116 : episode: 3 score: -49.5 100 games avg: -49.5 steps 59 
INFO : 2021-01-30 02:04:32,911 : episode: 4 score: -2.5 100 games avg: -2.5 steps 21 
INFO : 2021-01-30 02:04:57,146 : episode: 5 score: -127.6 100 games avg: -127.6 steps 75 
INFO : 2021-01-30 02:05:01,625 : episode: 6 score: -8.5 100 games avg: -8.5 steps 13 
INFO : 2021-01-30 02:05:47,125 : episode: 7 score: -77.1 100 games avg: -77.1 steps 137 
INFO : 2021-01-30 02:06:40,758 : episode: 8 score: 2.1 100 games avg: 2.1 steps 164 
INFO : 2021-01-30 02:08:32,058 : episode: 9 score: -20.5 100 games avg: -20.5 steps 340 
INFO : 2021-01-30 02:13:57,937 : episode: 10 score: 86.6 100 games avg: 86.6 steps 1000 
INFO : 2021-01-30 02:18:45,295 : episode: 11 score: 214.0 100 games avg: 214.0 steps 858 
INFO : 2021-01-30 02:24:20,621 : episode: 12 score: 309.5 100 games avg: 309.5 steps 1000 
INFO : 2021-01-30 02:30:00,408 : episode: 13 score: 497.9 100 games avg: 497.9 steps 1000 
INFO : 2021-01-30 02:31:58,118 : episode: 14 score: 155.7 100 games avg: 155.7 steps 333 
INFO : 2021-01-30 02:37:44,549 : episode: 15 score: 448.5 100 games avg: 448.5 steps 1000 
INFO : 2021-01-30 02:43:28,721 : episode: 16 score: 307.2 100 games avg: 307.2 steps 1000 
INFO : 2021-01-30 02:48:52,880 : episode: 17 score: 367.9 100 games avg: 367.9 steps 964 
INFO : 2021-01-30 02:49:13,175 : episode: 18 score: -0.6 100 games avg: -0.6 steps 45 
INFO : 2021-01-30 02:54:52,746 : episode: 19 score: 323.3 100 games avg: 323.3 steps 1000 
INFO : 2021-01-30 03:00:32,071 : episode: 20 score: 603.0 100 games avg: 603.0 steps 1000 
INFO : 2021-01-30 03:06:13,244 : episode: 21 score: 488.5 100 games avg: 488.5 steps 1000 
INFO : 2021-01-30 03:11:52,048 : episode: 22 score: 565.4 100 games avg: 565.4 steps 1000 
INFO : 2021-01-30 03:13:36,059 : episode: 23 score: 94.5 100 games avg: 94.5 steps 291 
INFO : 2021-01-30 03:19:17,370 : episode: 24 score: 540.4 100 games avg: 540.4 steps 1000 
INFO : 2021-01-30 03:20:06,685 : episode: 25 score: 75.7 100 games avg: 75.7 steps 120 
INFO : 2021-01-30 03:25:58,473 : episode: 26 score: 509.2 100 games avg: 509.2 steps 1000 
INFO : 2021-01-30 03:31:55,766 : episode: 27 score: 401.6 100 games avg: 401.6 steps 1000 
INFO : 2021-01-30 03:32:55,673 : episode: 28 score: 89.5 100 games avg: 89.5 steps 145 
INFO : 2021-01-30 03:38:51,365 : episode: 29 score: 451.4 100 games avg: 451.4 steps 1000 
INFO : 2021-01-30 03:40:27,601 : episode: 30 score: 87.1 100 games avg: 87.1 steps 252 
INFO : 2021-01-30 03:46:19,041 : episode: 31 score: 546.9 100 games avg: 546.9 steps 1000 
INFO : 2021-01-30 03:52:14,257 : episode: 32 score: 543.6 100 games avg: 543.6 steps 1000 
INFO : 2021-01-30 03:54:38,550 : episode: 33 score: 212.7 100 games avg: 212.7 steps 381 
INFO : 2021-01-30 04:00:28,972 : episode: 34 score: 608.0 100 games avg: 608.0 steps 1000 
INFO : 2021-01-30 04:06:14,079 : episode: 35 score: 470.5 100 games avg: 470.5 steps 1000 
INFO : 2021-01-30 04:12:00,511 : episode: 36 score: 538.4 100 games avg: 538.4 steps 1000 
INFO : 2021-01-30 04:17:45,466 : episode: 37 score: 597.9 100 games avg: 597.9 steps 1000 
INFO : 2021-01-30 04:23:29,759 : episode: 38 score: 576.8 100 games avg: 576.8 steps 1000 
INFO : 2021-01-30 04:25:51,475 : episode: 39 score: 269.7 100 games avg: 269.7 steps 379 
INFO : 2021-01-30 04:31:40,016 : episode: 40 score: 468.0 100 games avg: 468.0 steps 1000 
INFO : 2021-01-30 04:37:41,704 : episode: 41 score: 488.3 100 games avg: 488.3 steps 1000 
INFO : 2021-01-30 04:43:36,435 : episode: 42 score: 567.9 100 games avg: 567.9 steps 1000 
INFO : 2021-01-30 04:46:58,732 : episode: 43 score: 323.3 100 games avg: 323.3 steps 564 
INFO : 2021-01-30 04:52:51,425 : episode: 44 score: 622.9 100 games avg: 622.9 steps 1000 
INFO : 2021-01-30 04:54:28,427 : episode: 45 score: 164.9 100 games avg: 164.9 steps 232 
INFO : 2021-01-30 05:00:18,308 : episode: 46 score: 574.5 100 games avg: 574.5 steps 1000 
INFO : 2021-01-30 05:06:08,323 : episode: 47 score: 739.9 100 games avg: 739.9 steps 1000 
INFO : 2021-01-30 05:12:01,993 : episode: 48 score: 689.3 100 games avg: 689.3 steps 1000 
INFO : 2021-01-30 05:17:53,001 : episode: 49 score: 561.6 100 games avg: 561.6 steps 1000 
INFO : 2021-01-30 05:23:44,615 : episode: 50 score: 581.3 100 games avg: 581.3 steps 1000 
INFO : 2021-01-30 05:24:23,990 : episode: 51 score: 50.7 100 games avg: 50.7 steps 54 
INFO : 2021-01-30 05:30:18,616 : episode: 52 score: 614.6 100 games avg: 614.6 steps 1000 
INFO : 2021-01-30 05:30:50,574 : episode: 53 score: 6.8 100 games avg: 6.8 steps 25 
INFO : 2021-01-30 05:36:45,849 : episode: 54 score: 568.2 100 games avg: 568.2 steps 1000 
INFO : 2021-01-30 05:42:38,218 : episode: 55 score: 558.0 100 games avg: 558.0 steps 1000 
INFO : 2021-01-30 05:48:34,376 : episode: 56 score: 659.3 100 games avg: 659.3 steps 1000 
INFO : 2021-01-30 05:54:28,938 : episode: 57 score: 582.6 100 games avg: 582.6 steps 1000 
INFO : 2021-01-30 06:00:29,586 : episode: 58 score: 595.7 100 games avg: 595.7 steps 1000 
INFO : 2021-01-30 06:01:13,975 : episode: 59 score: 55.5 100 games avg: 55.5 steps 60 
INFO : 2021-01-30 06:07:07,822 : episode: 60 score: 639.4 100 games avg: 639.4 steps 1000 
INFO : 2021-01-30 06:13:00,673 : episode: 61 score: 662.0 100 games avg: 662.0 steps 1000 
INFO : 2021-01-30 06:18:53,912 : episode: 62 score: 578.7 100 games avg: 578.7 steps 1000 
INFO : 2021-01-30 06:24:54,312 : episode: 63 score: 744.6 100 games avg: 744.6 steps 1000 
INFO : 2021-01-30 06:30:53,376 : episode: 64 score: 727.6 100 games avg: 727.6 steps 1000 
INFO : 2021-01-30 06:36:51,213 : episode: 65 score: 640.4 100 games avg: 640.4 steps 1000 
INFO : 2021-01-30 06:42:50,270 : episode: 66 score: 599.4 100 games avg: 599.4 steps 1000 
INFO : 2021-01-30 06:48:47,079 : episode: 67 score: 612.8 100 games avg: 612.8 steps 1000 
INFO : 2021-01-30 06:54:50,988 : episode: 68 score: 607.6 100 games avg: 607.6 steps 1000 
INFO : 2021-01-30 06:55:59,803 : episode: 69 score: 90.4 100 games avg: 90.4 steps 111 
INFO : 2021-01-30 06:59:19,262 : episode: 70 score: 330.3 100 games avg: 330.3 steps 501 
INFO : 2021-01-30 07:05:05,497 : episode: 71 score: 692.0 100 games avg: 692.0 steps 939 
INFO : 2021-01-30 07:06:19,846 : episode: 72 score: 106.2 100 games avg: 106.2 steps 115 
INFO : 2021-01-30 07:12:22,244 : episode: 73 score: 574.9 100 games avg: 574.9 steps 1000 
INFO : 2021-01-30 07:18:21,831 : episode: 74 score: 578.5 100 games avg: 578.5 steps 1000 
INFO : 2021-01-30 07:24:26,771 : episode: 75 score: 633.9 100 games avg: 633.9 steps 1000 
INFO : 2021-01-30 07:30:33,609 : episode: 76 score: 611.5 100 games avg: 611.5 steps 1000 
INFO : 2021-01-30 07:36:36,258 : episode: 77 score: 658.4 100 games avg: 658.4 steps 1000 
INFO : 2021-01-30 07:38:08,441 : episode: 78 score: 191.3 100 games avg: 191.3 steps 174 
INFO : 2021-01-30 07:44:19,864 : episode: 79 score: 626.3 100 games avg: 626.3 steps 1000 
INFO : 2021-01-30 07:50:29,080 : episode: 80 score: 652.3 100 games avg: 652.3 steps 1000 
INFO : 2021-01-30 07:56:42,494 : episode: 81 score: 632.7 100 games avg: 632.7 steps 1000 
INFO : 2021-01-30 08:02:57,244 : episode: 82 score: 530.7 100 games avg: 530.7 steps 1000 
INFO : 2021-01-30 08:09:17,445 : episode: 83 score: 653.6 100 games avg: 653.6 steps 1000 
INFO : 2021-01-30 08:10:33,716 : episode: 84 score: 106.7 100 games avg: 106.7 steps 112 
INFO : 2021-01-30 08:16:59,606 : episode: 85 score: 599.1 100 games avg: 599.1 steps 1000 
INFO : 2021-01-30 08:23:25,646 : episode: 86 score: 702.1 100 games avg: 702.1 steps 1000 
INFO : 2021-01-30 08:30:01,785 : episode: 87 score: 604.9 100 games avg: 604.9 steps 1000 
INFO : 2021-01-30 08:36:46,138 : episode: 88 score: 650.6 100 games avg: 650.6 steps 1000 
INFO : 2021-01-30 08:43:30,001 : episode: 89 score: 683.6 100 games avg: 683.6 steps 1000 
INFO : 2021-01-30 08:50:09,167 : episode: 90 score: 681.0 100 games avg: 681.0 steps 1000 
INFO : 2021-01-30 08:56:36,012 : episode: 91 score: 693.1 100 games avg: 693.1 steps 1000 
INFO : 2021-01-30 09:03:01,961 : episode: 92 score: 729.1 100 games avg: 729.1 steps 1000 
INFO : 2021-01-30 09:07:07,565 : episode: 93 score: 425.3 100 games avg: 425.3 steps 587 
INFO : 2021-01-30 09:08:42,534 : episode: 94 score: 90.1 100 games avg: 90.1 steps 70 
INFO : 2021-01-30 09:15:13,133 : episode: 95 score: 609.4 100 games avg: 609.4 steps 1000 
INFO : 2021-01-30 09:17:16,986 : episode: 96 score: 188.0 100 games avg: 188.0 steps 216 
INFO : 2021-01-30 09:23:47,296 : episode: 97 score: 656.8 100 games avg: 656.8 steps 1000 
INFO : 2021-01-30 09:30:24,787 : episode: 98 score: 671.7 100 games avg: 671.7 steps 1000 
INFO : 2021-01-30 09:34:10,512 : episode: 99 score: 418.9 100 games avg: 418.9 steps 439 
INFO : 2021-01-30 09:40:43,199 : episode: 100 score: 929.5 100 games avg: 929.5 steps 1000 
INFO : 2021-01-30 09:42:12,841 : episode: 101 score: 120.7 100 games avg: 120.7 steps 123 
INFO : 2021-01-30 09:48:47,005 : episode: 102 score: 804.9 100 games avg: 804.9 steps 1000 
INFO : 2021-01-30 09:55:23,586 : episode: 103 score: 673.9 100 games avg: 673.9 steps 1000 
INFO : 2021-01-30 10:02:02,860 : episode: 104 score: 718.9 100 games avg: 718.9 steps 1000 
INFO : 2021-01-30 10:08:38,151 : episode: 105 score: 987.3 100 games avg: 987.3 steps 1000 
INFO : 2021-01-30 10:15:26,259 : episode: 106 score: 695.8 100 games avg: 695.8 steps 1000 
INFO : 2021-01-30 10:22:06,805 : episode: 107 score: 899.8 100 games avg: 899.8 steps 1000 
INFO : 2021-01-30 10:24:25,940 : episode: 108 score: 208.8 100 games avg: 208.8 steps 216 
INFO : 2021-01-30 10:25:50,124 : episode: 109 score: 67.1 100 games avg: 67.1 steps 39 
INFO : 2021-01-30 10:29:09,768 : episode: 110 score: 433.4 100 games avg: 433.4 steps 418 
INFO : 2021-01-30 10:35:39,885 : episode: 111 score: 611.5 100 games avg: 611.5 steps 1000 
INFO : 2021-01-30 10:42:11,906 : episode: 112 score: 777.9 100 games avg: 777.9 steps 1000 
INFO : 2021-01-30 10:48:46,993 : episode: 113 score: 1132.7 100 games avg: 1132.7 steps 1000 
INFO : 2021-01-30 10:55:26,356 : episode: 114 score: 684.3 100 games avg: 684.3 steps 1000 
INFO : 2021-01-30 11:02:04,400 : episode: 115 score: 655.7 100 games avg: 655.7 steps 1000 
INFO : 2021-01-30 11:05:28,851 : episode: 116 score: 438.4 100 games avg: 438.4 steps 432 
INFO : 2021-01-30 11:07:14,362 : episode: 117 score: 185.2 100 games avg: 185.2 steps 142 
INFO : 2021-01-30 11:13:52,861 : episode: 118 score: 781.0 100 games avg: 781.0 steps 1000 
INFO : 2021-01-30 11:15:38,513 : episode: 119 score: 125.9 100 games avg: 125.9 steps 134 
INFO : 2021-01-30 11:22:13,439 : episode: 120 score: 676.6 100 games avg: 676.6 steps 1000 
INFO : 2021-01-30 11:28:59,822 : episode: 121 score: 704.2 100 games avg: 704.2 steps 1000 
INFO : 2021-01-30 11:35:40,279 : episode: 122 score: 655.2 100 games avg: 655.2 steps 1000 
INFO : 2021-01-30 11:39:31,661 : episode: 123 score: 550.9 100 games avg: 550.9 steps 479 
INFO : 2021-01-30 11:42:29,253 : episode: 124 score: 311.7 100 games avg: 311.7 steps 257 
INFO : 2021-01-30 11:43:57,176 : episode: 125 score: 88.4 100 games avg: 88.4 steps 63 
INFO : 2021-01-30 11:50:45,438 : episode: 126 score: 1057.0 100 games avg: 1057.0 steps 1000 
INFO : 2021-01-30 11:57:29,839 : episode: 127 score: 732.7 100 games avg: 732.7 steps 1000 
INFO : 2021-01-30 12:04:05,940 : episode: 128 score: 671.6 100 games avg: 671.6 steps 1000 
INFO : 2021-01-30 12:10:50,795 : episode: 129 score: 669.8 100 games avg: 669.8 steps 1000 
INFO : 2021-01-30 12:17:50,018 : episode: 130 score: 671.6 100 games avg: 671.6 steps 1000 
INFO : 2021-01-30 12:24:42,813 : episode: 131 score: 630.0 100 games avg: 630.0 steps 1000 
INFO : 2021-01-30 12:31:23,738 : episode: 132 score: 1097.5 100 games avg: 1097.5 steps 1000 
INFO : 2021-01-30 12:38:16,891 : episode: 133 score: 684.9 100 games avg: 684.9 steps 1000 
INFO : 2021-01-30 12:40:25,484 : episode: 134 score: 257.8 100 games avg: 257.8 steps 173 
INFO : 2021-01-30 12:47:17,294 : episode: 135 score: 721.2 100 games avg: 721.2 steps 1000 
INFO : 2021-01-30 12:54:12,253 : episode: 136 score: 871.3 100 games avg: 871.3 steps 1000 
INFO : 2021-01-30 12:56:24,182 : episode: 137 score: 240.9 100 games avg: 240.9 steps 168 
INFO : 2021-01-30 13:03:18,749 : episode: 138 score: 747.9 100 games avg: 747.9 steps 1000 
INFO : 2021-01-30 13:10:04,343 : episode: 139 score: 656.4 100 games avg: 656.4 steps 1000 
INFO : 2021-01-30 13:16:59,673 : episode: 140 score: 670.7 100 games avg: 670.7 steps 1000 
INFO : 2021-01-30 13:23:48,910 : episode: 141 score: 660.5 100 games avg: 660.5 steps 1000 
INFO : 2021-01-30 13:30:46,908 : episode: 142 score: 744.2 100 games avg: 744.2 steps 1000 
INFO : 2021-01-30 13:37:36,651 : episode: 143 score: 720.6 100 games avg: 720.6 steps 1000 
INFO : 2021-01-30 13:44:24,210 : episode: 144 score: 774.3 100 games avg: 774.3 steps 1000 
INFO : 2021-01-30 13:48:37,152 : episode: 145 score: 742.4 100 games avg: 742.4 steps 532 
INFO : 2021-01-30 13:55:41,081 : episode: 146 score: 720.1 100 games avg: 720.1 steps 1000 
INFO : 2021-01-30 14:02:29,280 : episode: 147 score: 802.3 100 games avg: 802.3 steps 1000 
INFO : 2021-01-30 14:09:27,146 : episode: 148 score: 631.5 100 games avg: 631.5 steps 1000 
INFO : 2021-01-30 14:16:25,149 : episode: 149 score: 826.2 100 games avg: 826.2 steps 1000 
INFO : 2021-01-30 14:23:17,241 : episode: 150 score: 699.4 100 games avg: 699.4 steps 1000 
INFO : 2021-01-30 14:30:03,571 : episode: 151 score: 706.9 100 games avg: 706.9 steps 1000 
INFO : 2021-01-30 14:37:13,118 : episode: 152 score: 836.6 100 games avg: 836.6 steps 1000 
INFO : 2021-01-30 14:44:10,543 : episode: 153 score: 943.2 100 games avg: 943.2 steps 1000 
INFO : 2021-01-30 14:51:01,911 : episode: 154 score: 730.5 100 games avg: 730.5 steps 1000 
INFO : 2021-01-30 14:58:04,744 : episode: 155 score: 1114.4 100 games avg: 1114.4 steps 1000 
INFO : 2021-01-30 15:05:23,121 : episode: 156 score: 570.2 100 games avg: 570.2 steps 1000 
INFO : 2021-01-30 15:06:53,155 : episode: 157 score: 41.4 100 games avg: 41.4 steps 31 
INFO : 2021-01-30 15:09:08,620 : episode: 158 score: 191.7 100 games avg: 191.7 steps 134 
INFO : 2021-01-30 15:16:18,930 : episode: 159 score: 808.3 100 games avg: 808.3 steps 1000 
INFO : 2021-01-30 15:18:32,721 : episode: 160 score: 152.7 100 games avg: 152.7 steps 113 
INFO : 2021-01-30 15:20:26,696 : episode: 161 score: 130.8 100 games avg: 130.8 steps 92 
INFO : 2021-01-30 15:22:51,084 : episode: 162 score: 297.8 100 games avg: 297.8 steps 182 
INFO : 2021-01-30 15:29:48,700 : episode: 163 score: 624.3 100 games avg: 624.3 steps 1000 
INFO : 2021-01-30 15:32:00,766 : episode: 164 score: 113.7 100 games avg: 113.7 steps 124 
INFO : 2021-01-30 15:39:07,109 : episode: 165 score: 858.9 100 games avg: 858.9 steps 1000 
INFO : 2021-01-30 15:46:04,699 : episode: 166 score: 729.4 100 games avg: 729.4 steps 1000 
INFO : 2021-01-30 15:53:03,357 : episode: 167 score: 601.9 100 games avg: 601.9 steps 1000 
INFO : 2021-01-30 15:59:58,841 : episode: 168 score: 1443.6 100 games avg: 1443.6 steps 1000 
INFO : 2021-01-30 16:03:55,008 : episode: 169 score: 709.2 100 games avg: 709.2 steps 468 
INFO : 2021-01-30 16:06:09,285 : episode: 170 score: 81.8 100 games avg: 81.8 steps 78 
INFO : 2021-01-30 16:13:22,541 : episode: 171 score: 866.7 100 games avg: 866.7 steps 1000 
INFO : 2021-01-30 16:20:25,258 : episode: 172 score: 620.5 100 games avg: 620.5 steps 1000 
INFO : 2021-01-30 16:24:43,806 : episode: 173 score: 722.8 100 games avg: 722.8 steps 506 
INFO : 2021-01-30 16:26:22,731 : episode: 174 score: 48.5 100 games avg: 48.5 steps 38 
INFO : 2021-01-30 16:33:30,605 : episode: 175 score: 1233.5 100 games avg: 1233.5 steps 1000 
INFO : 2021-01-30 16:40:35,601 : episode: 176 score: 1204.3 100 games avg: 1204.3 steps 1000 
INFO : 2021-01-30 16:43:04,706 : episode: 177 score: 288.4 100 games avg: 288.4 steps 183 
INFO : 2021-01-30 16:50:44,844 : episode: 178 score: 957.3 100 games avg: 957.3 steps 1000 
INFO : 2021-01-30 16:53:16,162 : episode: 179 score: 48.7 100 games avg: 48.7 steps 50 
INFO : 2021-01-30 17:00:44,382 : episode: 180 score: 879.2 100 games avg: 879.2 steps 1000 
INFO : 2021-01-30 17:08:26,928 : episode: 181 score: 745.3 100 games avg: 745.3 steps 1000 
INFO : 2021-01-30 17:16:37,135 : episode: 182 score: 809.1 100 games avg: 809.1 steps 1000 
INFO : 2021-01-30 17:23:52,843 : episode: 183 score: 1211.4 100 games avg: 1211.4 steps 1000 
INFO : 2021-01-30 17:31:23,943 : episode: 184 score: 1528.2 100 games avg: 1528.2 steps 1000 
INFO : 2021-01-30 17:38:38,299 : episode: 185 score: 741.4 100 games avg: 741.4 steps 1000 
INFO : 2021-01-30 17:45:55,517 : episode: 186 score: 956.3 100 games avg: 956.3 steps 1000 
INFO : 2021-01-30 17:52:38,399 : episode: 187 score: 859.6 100 games avg: 859.6 steps 1000 
INFO : 2021-01-30 17:56:16,100 : episode: 188 score: 684.3 100 games avg: 684.3 steps 424 
INFO : 2021-01-30 18:01:52,322 : episode: 189 score: 1245.9 100 games avg: 1245.9 steps 779 
INFO : 2021-01-30 18:06:53,355 : episode: 190 score: 975.2 100 games avg: 975.2 steps 645 
INFO : 2021-01-30 18:13:37,451 : episode: 191 score: 1620.6 100 games avg: 1620.6 steps 1000 
INFO : 2021-01-30 18:17:28,073 : episode: 192 score: 719.2 100 games avg: 719.2 steps 460 
INFO : 2021-01-30 18:24:09,481 : episode: 193 score: 691.6 100 games avg: 691.6 steps 1000 
INFO : 2021-01-30 18:30:00,275 : episode: 194 score: 1549.2 100 games avg: 1549.2 steps 1000 
INFO : 2021-01-30 18:35:35,965 : episode: 195 score: 863.6 100 games avg: 863.6 steps 1000 
INFO : 2021-01-30 18:41:01,436 : episode: 196 score: 821.5 100 games avg: 821.5 steps 1000 
INFO : 2021-01-30 18:46:29,117 : episode: 197 score: 976.0 100 games avg: 976.0 steps 1000 
INFO : 2021-01-30 18:52:00,068 : episode: 198 score: 1136.5 100 games avg: 1136.5 steps 1000 
INFO : 2021-01-30 18:57:22,941 : episode: 199 score: 1613.1 100 games avg: 1613.1 steps 1000 
