INFO : 2021-01-27 12:10:14,050 : method: Model Predictive Contorol
INFO : 2021-01-27 12:10:14,050 : parameter n_steps: 100 ensemble_size: 5 env: HalfCheetah-v2
INFO : 2021-01-27 12:10:17,061 : mpc horizon: 10 mpc_samples: 100 elite_sample: 30 grad_steps: 10
INFO : 2021-01-27 12:10:17,061 : mpc_function policy-kl3
INFO : 2021-01-27 12:10:17,061 : policy-kl3_0.01
INFO : 2021-01-27 12:10:17,308 : state_square_error: 1.264 reward_error: 2.523
INFO : 2021-01-27 12:10:41,858 : state_square_error: 1.152 reward_error: 3.328
INFO : 2021-01-27 12:11:06,393 : state_square_error: 1.199 reward_error: 2.737
INFO : 2021-01-27 12:11:31,253 : state_square_error: 124.098 reward_error: 32.941
INFO : 2021-01-27 12:11:56,448 : state_square_error: 264.602 reward_error: 39.860
INFO : 2021-01-27 12:12:21,649 : state_square_error: 90.235 reward_error: 19.926
INFO : 2021-01-27 12:12:46,862 : state_square_error: 117.341 reward_error: 22.142
INFO : 2021-01-27 12:13:12,062 : state_square_error: 48.331 reward_error: 8.997
INFO : 2021-01-27 12:13:37,262 : state_square_error: 162.484 reward_error: 26.273
INFO : 2021-01-27 12:14:02,477 : state_square_error: 231.069 reward_error: 31.445
INFO : 2021-01-27 12:14:27,436 : episode: 0 score: -66.5 100 games avg: -66.5 steps 1000 
INFO : 2021-01-27 12:14:27,963 : state_square_error: 12.442 reward_error: 7.537
INFO : 2021-01-27 12:14:53,174 : state_square_error: 11.783 reward_error: 6.376
INFO : 2021-01-27 12:15:18,380 : state_square_error: 27.530 reward_error: 4.616
INFO : 2021-01-27 12:15:43,585 : state_square_error: 16.792 reward_error: 6.939
INFO : 2021-01-27 12:16:08,790 : state_square_error: 10.932 reward_error: 5.095
INFO : 2021-01-27 12:16:33,995 : state_square_error: 12.612 reward_error: 5.037
INFO : 2021-01-27 12:16:59,190 : state_square_error: 3.892 reward_error: 5.560
INFO : 2021-01-27 12:17:24,386 : state_square_error: 14.626 reward_error: 6.533
INFO : 2021-01-27 12:17:49,574 : state_square_error: 34.323 reward_error: 7.195
INFO : 2021-01-27 12:18:14,795 : state_square_error: 3.912 reward_error: 10.297
INFO : 2021-01-27 12:18:39,758 : episode: 1 score: -212.6 100 games avg: -212.6 steps 1000 
INFO : 2021-01-27 12:18:40,642 : state_square_error: 68.733 reward_error: 5.757
INFO : 2021-01-27 12:19:05,840 : state_square_error: 78.338 reward_error: 6.567
INFO : 2021-01-27 12:19:31,036 : state_square_error: 136.594 reward_error: 7.277
INFO : 2021-01-27 12:19:56,229 : state_square_error: 33.408 reward_error: 7.233
INFO : 2021-01-27 12:20:21,422 : state_square_error: 20.944 reward_error: 2.368
INFO : 2021-01-27 12:20:46,616 : state_square_error: 44.152 reward_error: 13.055
INFO : 2021-01-27 12:21:11,807 : state_square_error: 61.525 reward_error: 9.131
INFO : 2021-01-27 12:21:37,011 : state_square_error: 9.545 reward_error: 9.058
INFO : 2021-01-27 12:22:02,193 : state_square_error: 108.191 reward_error: 7.795
INFO : 2021-01-27 12:22:27,385 : state_square_error: 60.656 reward_error: 6.557
INFO : 2021-01-27 12:22:52,335 : episode: 2 score: -139.9 100 games avg: -139.9 steps 1000 
INFO : 2021-01-27 12:22:53,591 : state_square_error: 275.381 reward_error: 10.114
INFO : 2021-01-27 12:23:18,804 : state_square_error: 88.098 reward_error: 9.592
INFO : 2021-01-27 12:23:43,994 : state_square_error: 68.455 reward_error: 7.856
INFO : 2021-01-27 12:24:09,206 : state_square_error: 101.852 reward_error: 16.269
INFO : 2021-01-27 12:24:34,406 : state_square_error: 90.262 reward_error: 12.156
INFO : 2021-01-27 12:24:59,572 : state_square_error: 166.307 reward_error: 12.065
INFO : 2021-01-27 12:25:24,764 : state_square_error: 123.063 reward_error: 11.834
INFO : 2021-01-27 12:25:49,967 : state_square_error: 164.196 reward_error: 13.552
INFO : 2021-01-27 12:26:15,169 : state_square_error: 56.797 reward_error: 15.158
INFO : 2021-01-27 12:26:40,371 : state_square_error: 44.271 reward_error: 7.433
INFO : 2021-01-27 12:27:05,320 : episode: 3 score: -223.3 100 games avg: -223.3 steps 1000 
INFO : 2021-01-27 12:27:06,931 : state_square_error: 73.533 reward_error: 11.991
INFO : 2021-01-27 12:27:32,135 : state_square_error: 21.523 reward_error: 12.601
INFO : 2021-01-27 12:27:57,332 : state_square_error: 225.481 reward_error: 8.963
INFO : 2021-01-27 12:28:22,540 : state_square_error: 21.242 reward_error: 6.804
INFO : 2021-01-27 12:28:47,734 : state_square_error: 46.741 reward_error: 10.891
INFO : 2021-01-27 12:29:12,933 : state_square_error: 226.268 reward_error: 16.401
INFO : 2021-01-27 12:29:38,136 : state_square_error: 56.325 reward_error: 14.303
INFO : 2021-01-27 12:30:03,371 : state_square_error: 157.768 reward_error: 10.722
INFO : 2021-01-27 12:30:28,567 : state_square_error: 66.881 reward_error: 12.163
INFO : 2021-01-27 12:30:53,765 : state_square_error: 120.353 reward_error: 7.382
INFO : 2021-01-27 12:31:18,706 : episode: 4 score: -278.2 100 games avg: -278.2 steps 1000 
INFO : 2021-01-27 12:31:20,685 : state_square_error: 175.900 reward_error: 1.963
INFO : 2021-01-27 12:31:45,905 : state_square_error: 64.841 reward_error: 0.869
INFO : 2021-01-27 12:32:11,107 : state_square_error: 50.334 reward_error: 7.164
INFO : 2021-01-27 12:32:36,322 : state_square_error: 131.212 reward_error: 10.949
INFO : 2021-01-27 12:33:01,515 : state_square_error: 142.537 reward_error: 3.208
INFO : 2021-01-27 12:33:26,751 : state_square_error: 113.461 reward_error: 4.124
INFO : 2021-01-27 12:33:51,947 : state_square_error: 40.682 reward_error: 12.879
INFO : 2021-01-27 12:34:17,151 : state_square_error: 90.665 reward_error: 9.026
INFO : 2021-01-27 12:34:42,341 : state_square_error: 217.251 reward_error: 9.175
INFO : 2021-01-27 12:35:07,529 : state_square_error: 22.997 reward_error: 10.168
INFO : 2021-01-27 12:35:32,499 : episode: 5 score: -43.4 100 games avg: -43.4 steps 1000 
INFO : 2021-01-27 12:35:34,876 : state_square_error: 67.992 reward_error: 6.904
INFO : 2021-01-27 12:36:00,100 : state_square_error: 15.170 reward_error: 14.594
INFO : 2021-01-27 12:36:25,301 : state_square_error: 94.787 reward_error: 11.639
INFO : 2021-01-27 12:36:50,493 : state_square_error: 28.704 reward_error: 7.765
INFO : 2021-01-27 12:37:15,695 : state_square_error: 10.007 reward_error: 9.154
INFO : 2021-01-27 12:37:40,886 : state_square_error: 44.681 reward_error: 4.229
INFO : 2021-01-27 12:38:06,081 : state_square_error: 48.389 reward_error: 8.943
INFO : 2021-01-27 12:38:31,283 : state_square_error: 23.076 reward_error: 10.478
INFO : 2021-01-27 12:38:56,463 : state_square_error: 64.251 reward_error: 7.389
INFO : 2021-01-27 12:39:21,673 : state_square_error: 75.734 reward_error: 6.026
INFO : 2021-01-27 12:39:46,639 : episode: 6 score: -194.9 100 games avg: -194.9 steps 1000 
INFO : 2021-01-27 12:39:49,349 : state_square_error: 96.092 reward_error: 2.659
INFO : 2021-01-27 12:40:14,552 : state_square_error: 72.734 reward_error: 7.240
INFO : 2021-01-27 12:40:39,761 : state_square_error: 58.047 reward_error: 8.562
INFO : 2021-01-27 12:41:04,951 : state_square_error: 35.943 reward_error: 8.124
INFO : 2021-01-27 12:41:30,125 : state_square_error: 127.396 reward_error: 11.356
INFO : 2021-01-27 12:41:55,315 : state_square_error: 50.436 reward_error: 5.876
INFO : 2021-01-27 12:42:20,502 : state_square_error: 15.572 reward_error: 7.979
INFO : 2021-01-27 12:42:45,689 : state_square_error: 70.759 reward_error: 10.456
INFO : 2021-01-27 12:43:10,880 : state_square_error: 67.308 reward_error: 9.106
INFO : 2021-01-27 12:43:36,103 : state_square_error: 21.588 reward_error: 9.609
INFO : 2021-01-27 12:44:01,041 : episode: 7 score: -179.9 100 games avg: -179.9 steps 1000 
INFO : 2021-01-27 12:44:04,142 : state_square_error: 6.334 reward_error: 6.596
INFO : 2021-01-27 12:44:29,352 : state_square_error: 26.560 reward_error: 1.556
INFO : 2021-01-27 12:44:54,578 : state_square_error: 33.259 reward_error: 5.673
INFO : 2021-01-27 12:45:19,765 : state_square_error: 34.793 reward_error: 6.337
INFO : 2021-01-27 12:45:45,018 : state_square_error: 43.355 reward_error: 6.546
INFO : 2021-01-27 12:46:10,221 : state_square_error: 81.683 reward_error: -2.722
INFO : 2021-01-27 12:46:35,417 : state_square_error: 33.143 reward_error: 3.950
INFO : 2021-01-27 12:47:00,611 : state_square_error: 65.047 reward_error: 7.035
INFO : 2021-01-27 12:47:25,806 : state_square_error: 20.473 reward_error: 2.011
INFO : 2021-01-27 12:47:51,020 : state_square_error: 52.675 reward_error: 4.961
INFO : 2021-01-27 12:48:15,990 : episode: 8 score: -191.4 100 games avg: -191.4 steps 1000 
INFO : 2021-01-27 12:48:19,462 : state_square_error: 8.402 reward_error: 11.740
INFO : 2021-01-27 12:48:44,675 : state_square_error: 58.062 reward_error: -1.987
INFO : 2021-01-27 12:49:09,875 : state_square_error: 23.439 reward_error: 4.772
INFO : 2021-01-27 12:49:35,077 : state_square_error: 10.652 reward_error: 4.648
INFO : 2021-01-27 12:50:00,279 : state_square_error: 12.983 reward_error: 7.798
INFO : 2021-01-27 12:50:25,482 : state_square_error: 38.625 reward_error: 3.790
INFO : 2021-01-27 12:50:50,709 : state_square_error: 49.596 reward_error: 3.228
INFO : 2021-01-27 12:51:15,921 : state_square_error: 107.656 reward_error: 2.737
INFO : 2021-01-27 12:51:41,176 : state_square_error: 57.113 reward_error: 2.666
INFO : 2021-01-27 12:52:06,369 : state_square_error: 10.047 reward_error: 2.915
INFO : 2021-01-27 12:52:31,306 : episode: 9 score: -132.2 100 games avg: -132.2 steps 1000 
INFO : 2021-01-27 12:52:35,167 : state_square_error: 6.555 reward_error: 8.673
INFO : 2021-01-27 12:53:00,354 : state_square_error: 34.212 reward_error: 4.722
INFO : 2021-01-27 12:53:25,546 : state_square_error: 31.551 reward_error: 0.614
INFO : 2021-01-27 12:53:50,737 : state_square_error: 4.754 reward_error: 13.541
INFO : 2021-01-27 12:54:15,958 : state_square_error: 23.173 reward_error: 7.546
INFO : 2021-01-27 12:54:41,139 : state_square_error: 50.967 reward_error: 2.188
INFO : 2021-01-27 12:55:06,347 : state_square_error: 18.444 reward_error: 12.462
INFO : 2021-01-27 12:55:31,552 : state_square_error: 29.291 reward_error: 5.020
INFO : 2021-01-27 12:55:56,755 : state_square_error: 34.244 reward_error: 5.959
INFO : 2021-01-27 12:56:21,948 : state_square_error: 35.163 reward_error: 5.530
INFO : 2021-01-27 12:56:46,892 : episode: 10 score: -66.0 100 games avg: -66.0 steps 1000 
INFO : 2021-01-27 12:56:51,051 : state_square_error: 21.872 reward_error: 5.499
INFO : 2021-01-27 12:57:16,262 : state_square_error: 23.601 reward_error: 5.139
INFO : 2021-01-27 12:57:41,454 : state_square_error: 8.761 reward_error: 1.496
INFO : 2021-01-27 12:58:06,659 : state_square_error: 41.189 reward_error: 0.908
INFO : 2021-01-27 12:58:31,883 : state_square_error: 31.338 reward_error: 7.662
INFO : 2021-01-27 12:58:57,077 : state_square_error: 11.514 reward_error: 1.828
INFO : 2021-01-27 12:59:22,292 : state_square_error: 45.128 reward_error: 6.507
INFO : 2021-01-27 12:59:47,511 : state_square_error: 39.247 reward_error: 2.747
INFO : 2021-01-27 13:00:12,694 : state_square_error: 42.762 reward_error: 8.349
INFO : 2021-01-27 13:00:37,877 : state_square_error: 19.857 reward_error: 5.208
INFO : 2021-01-27 13:01:02,826 : episode: 11 score: -19.0 100 games avg: -19.0 steps 1000 
INFO : 2021-01-27 13:01:07,356 : state_square_error: 11.562 reward_error: 11.258
INFO : 2021-01-27 13:01:32,552 : state_square_error: 17.384 reward_error: 4.488
INFO : 2021-01-27 13:01:57,795 : state_square_error: 37.325 reward_error: 4.055
INFO : 2021-01-27 13:02:23,005 : state_square_error: 50.542 reward_error: 2.562
INFO : 2021-01-27 13:02:48,201 : state_square_error: 61.207 reward_error: 2.878
INFO : 2021-01-27 13:03:13,418 : state_square_error: 22.743 reward_error: 3.824
INFO : 2021-01-27 13:03:38,601 : state_square_error: 22.987 reward_error: 4.242
INFO : 2021-01-27 13:04:03,794 : state_square_error: 25.791 reward_error: 3.535
INFO : 2021-01-27 13:04:28,987 : state_square_error: 40.936 reward_error: 2.963
INFO : 2021-01-27 13:04:54,224 : state_square_error: 66.952 reward_error: 4.981
INFO : 2021-01-27 13:05:19,198 : episode: 12 score: -61.8 100 games avg: -61.8 steps 1000 
INFO : 2021-01-27 13:05:24,212 : state_square_error: 35.277 reward_error: 17.650
INFO : 2021-01-27 13:05:49,391 : state_square_error: 7.044 reward_error: 10.977
INFO : 2021-01-27 13:06:14,586 : state_square_error: 19.338 reward_error: 7.533
INFO : 2021-01-27 13:06:39,782 : state_square_error: 21.410 reward_error: 11.475
INFO : 2021-01-27 13:07:04,975 : state_square_error: 21.240 reward_error: 6.023
INFO : 2021-01-27 13:07:30,159 : state_square_error: 48.078 reward_error: 3.796
INFO : 2021-01-27 13:07:55,351 : state_square_error: 17.374 reward_error: 2.164
INFO : 2021-01-27 13:08:20,565 : state_square_error: 38.107 reward_error: 5.615
INFO : 2021-01-27 13:08:45,765 : state_square_error: 24.688 reward_error: 2.547
INFO : 2021-01-27 13:09:10,978 : state_square_error: 38.536 reward_error: 5.061
INFO : 2021-01-27 13:09:35,907 : episode: 13 score: 44.5 100 games avg: 44.5 steps 1000 
INFO : 2021-01-27 13:09:41,240 : state_square_error: 15.773 reward_error: 8.659
INFO : 2021-01-27 13:10:06,409 : state_square_error: 17.327 reward_error: 14.120
INFO : 2021-01-27 13:10:31,585 : state_square_error: 25.130 reward_error: 4.678
INFO : 2021-01-27 13:10:56,786 : state_square_error: 18.200 reward_error: 4.611
INFO : 2021-01-27 13:11:22,018 : state_square_error: 36.284 reward_error: 10.038
INFO : 2021-01-27 13:11:47,210 : state_square_error: 27.373 reward_error: 7.476
INFO : 2021-01-27 13:12:12,467 : state_square_error: 4.133 reward_error: 2.860
INFO : 2021-01-27 13:12:37,692 : state_square_error: 31.815 reward_error: 4.892
INFO : 2021-01-27 13:13:02,884 : state_square_error: 33.514 reward_error: 3.024
INFO : 2021-01-27 13:13:28,076 : state_square_error: 73.725 reward_error: 4.813
INFO : 2021-01-27 13:13:53,013 : episode: 14 score: 164.5 100 games avg: 164.5 steps 1000 
INFO : 2021-01-27 13:13:58,689 : state_square_error: 81.018 reward_error: 13.750
INFO : 2021-01-27 13:14:23,887 : state_square_error: 32.413 reward_error: 5.955
INFO : 2021-01-27 13:14:49,079 : state_square_error: 32.083 reward_error: 4.135
INFO : 2021-01-27 13:15:14,275 : state_square_error: 5.381 reward_error: 2.313
INFO : 2021-01-27 13:15:39,490 : state_square_error: 18.469 reward_error: 7.624
INFO : 2021-01-27 13:16:04,687 : state_square_error: 53.136 reward_error: 5.192
INFO : 2021-01-27 13:16:29,887 : state_square_error: 46.788 reward_error: 5.518
INFO : 2021-01-27 13:16:55,079 : state_square_error: 21.623 reward_error: 2.968
INFO : 2021-01-27 13:17:20,274 : state_square_error: 45.288 reward_error: 0.897
INFO : 2021-01-27 13:17:45,457 : state_square_error: 18.348 reward_error: 1.249
INFO : 2021-01-27 13:18:10,405 : episode: 15 score: 150.5 100 games avg: 150.5 steps 1000 
INFO : 2021-01-27 13:18:16,500 : state_square_error: 31.694 reward_error: 7.729
INFO : 2021-01-27 13:18:41,699 : state_square_error: 11.037 reward_error: 10.096
INFO : 2021-01-27 13:19:06,890 : state_square_error: 32.416 reward_error: 4.654
INFO : 2021-01-27 13:19:32,092 : state_square_error: 16.280 reward_error: 7.710
INFO : 2021-01-27 13:19:57,284 : state_square_error: 19.297 reward_error: 4.858
INFO : 2021-01-27 13:20:22,466 : state_square_error: 51.075 reward_error: 1.356
INFO : 2021-01-27 13:20:47,657 : state_square_error: 18.793 reward_error: 2.734
INFO : 2021-01-27 13:21:12,850 : state_square_error: 60.789 reward_error: 4.195
INFO : 2021-01-27 13:21:38,080 : state_square_error: 26.537 reward_error: 3.489
INFO : 2021-01-27 13:22:03,278 : state_square_error: 16.316 reward_error: 3.298
INFO : 2021-01-27 13:22:28,218 : episode: 16 score: -18.7 100 games avg: -18.7 steps 1000 
INFO : 2021-01-27 13:22:34,656 : state_square_error: 46.363 reward_error: 12.316
INFO : 2021-01-27 13:22:59,841 : state_square_error: 33.366 reward_error: 6.316
INFO : 2021-01-27 13:23:25,037 : state_square_error: 10.076 reward_error: 8.977
INFO : 2021-01-27 13:23:50,234 : state_square_error: 38.794 reward_error: 6.854
INFO : 2021-01-27 13:24:15,423 : state_square_error: 18.419 reward_error: 3.701
INFO : 2021-01-27 13:24:40,614 : state_square_error: 27.439 reward_error: -0.421
INFO : 2021-01-27 13:25:05,818 : state_square_error: 33.169 reward_error: 3.790
INFO : 2021-01-27 13:25:31,033 : state_square_error: 88.540 reward_error: 2.797
INFO : 2021-01-27 13:25:56,228 : state_square_error: 48.759 reward_error: 3.701
INFO : 2021-01-27 13:26:21,426 : state_square_error: 49.518 reward_error: 1.669
INFO : 2021-01-27 13:26:46,375 : episode: 17 score: 124.0 100 games avg: 124.0 steps 1000 
INFO : 2021-01-27 13:26:53,223 : state_square_error: 43.241 reward_error: 7.276
INFO : 2021-01-27 13:27:18,449 : state_square_error: 33.372 reward_error: 10.156
INFO : 2021-01-27 13:27:43,648 : state_square_error: 69.112 reward_error: 1.731
INFO : 2021-01-27 13:28:08,836 : state_square_error: 11.297 reward_error: 3.713
INFO : 2021-01-27 13:28:34,032 : state_square_error: 37.283 reward_error: 3.885
INFO : 2021-01-27 13:28:59,231 : state_square_error: 11.222 reward_error: 1.502
INFO : 2021-01-27 13:29:24,423 : state_square_error: 50.976 reward_error: 3.970
INFO : 2021-01-27 13:29:49,614 : state_square_error: 8.476 reward_error: 3.408
INFO : 2021-01-27 13:30:14,830 : state_square_error: 28.346 reward_error: 4.195
INFO : 2021-01-27 13:30:40,025 : state_square_error: 15.294 reward_error: 6.142
INFO : 2021-01-27 13:31:04,966 : episode: 18 score: 59.2 100 games avg: 59.2 steps 1000 
INFO : 2021-01-27 13:31:12,188 : state_square_error: 4.524 reward_error: 7.435
INFO : 2021-01-27 13:31:37,384 : state_square_error: 39.420 reward_error: 9.241
INFO : 2021-01-27 13:32:02,601 : state_square_error: 21.572 reward_error: 4.917
INFO : 2021-01-27 13:32:27,812 : state_square_error: 36.374 reward_error: 5.749
INFO : 2021-01-27 13:32:53,003 : state_square_error: 77.881 reward_error: 7.797
INFO : 2021-01-27 13:33:18,226 : state_square_error: 41.466 reward_error: 9.697
INFO : 2021-01-27 13:33:43,379 : state_square_error: 11.554 reward_error: 11.139
INFO : 2021-01-27 13:34:08,560 : state_square_error: 47.462 reward_error: 6.231
INFO : 2021-01-27 13:34:33,755 : state_square_error: 27.256 reward_error: 6.516
INFO : 2021-01-27 13:34:58,912 : state_square_error: 59.258 reward_error: 10.787
INFO : 2021-01-27 13:35:23,851 : episode: 19 score: 423.0 100 games avg: 423.0 steps 1000 
INFO : 2021-01-27 13:35:31,483 : state_square_error: 6.561 reward_error: 5.676
INFO : 2021-01-27 13:35:56,677 : state_square_error: 6.895 reward_error: 5.275
INFO : 2021-01-27 13:36:21,882 : state_square_error: 48.786 reward_error: 2.262
INFO : 2021-01-27 13:36:47,065 : state_square_error: 9.837 reward_error: 2.871
INFO : 2021-01-27 13:37:12,235 : state_square_error: 34.125 reward_error: 8.194
INFO : 2021-01-27 13:37:37,451 : state_square_error: 21.182 reward_error: 4.992
INFO : 2021-01-27 13:38:02,636 : state_square_error: 65.535 reward_error: 5.032
INFO : 2021-01-27 13:38:27,827 : state_square_error: 23.226 reward_error: 2.838
INFO : 2021-01-27 13:38:53,036 : state_square_error: 50.159 reward_error: 3.056
INFO : 2021-01-27 13:39:18,208 : state_square_error: 16.024 reward_error: 2.667
INFO : 2021-01-27 13:39:43,153 : episode: 20 score: 242.3 100 games avg: 242.3 steps 1000 
INFO : 2021-01-27 13:39:51,133 : state_square_error: 69.669 reward_error: 7.229
INFO : 2021-01-27 13:40:16,323 : state_square_error: 9.415 reward_error: 5.524
INFO : 2021-01-27 13:40:41,525 : state_square_error: 30.062 reward_error: 11.938
INFO : 2021-01-27 13:41:06,725 : state_square_error: 10.279 reward_error: 7.541
INFO : 2021-01-27 13:41:31,936 : state_square_error: 19.950 reward_error: 7.729
INFO : 2021-01-27 13:41:57,190 : state_square_error: 41.700 reward_error: 13.169
INFO : 2021-01-27 13:42:22,418 : state_square_error: 34.651 reward_error: 5.396
INFO : 2021-01-27 13:42:47,625 : state_square_error: 50.550 reward_error: 8.927
INFO : 2021-01-27 13:43:12,830 : state_square_error: 37.940 reward_error: 7.132
INFO : 2021-01-27 13:43:38,029 : state_square_error: 26.947 reward_error: 7.710
INFO : 2021-01-27 13:44:02,986 : episode: 21 score: 684.3 100 games avg: 684.3 steps 1000 
INFO : 2021-01-27 13:44:11,288 : state_square_error: 78.133 reward_error: 6.712
INFO : 2021-01-27 13:44:36,464 : state_square_error: 86.093 reward_error: 11.378
INFO : 2021-01-27 13:45:01,653 : state_square_error: 8.089 reward_error: 10.009
INFO : 2021-01-27 13:45:26,854 : state_square_error: 37.936 reward_error: 14.549
INFO : 2021-01-27 13:45:52,048 : state_square_error: 16.778 reward_error: 6.126
INFO : 2021-01-27 13:46:17,252 : state_square_error: 53.503 reward_error: 11.766
INFO : 2021-01-27 13:46:42,445 : state_square_error: 31.342 reward_error: 4.536
INFO : 2021-01-27 13:47:07,631 : state_square_error: 32.623 reward_error: 8.084
INFO : 2021-01-27 13:47:32,825 : state_square_error: 20.284 reward_error: 8.434
INFO : 2021-01-27 13:47:58,043 : state_square_error: 19.917 reward_error: 11.921
INFO : 2021-01-27 13:48:22,986 : episode: 22 score: 751.1 100 games avg: 751.1 steps 1000 
INFO : 2021-01-27 13:48:31,622 : state_square_error: 45.007 reward_error: 7.994
INFO : 2021-01-27 13:48:56,807 : state_square_error: 2.905 reward_error: 4.538
INFO : 2021-01-27 13:49:22,007 : state_square_error: 13.574 reward_error: 5.054
INFO : 2021-01-27 13:49:47,195 : state_square_error: 83.961 reward_error: 2.540
INFO : 2021-01-27 13:50:12,378 : state_square_error: 28.945 reward_error: 4.116
INFO : 2021-01-27 13:50:37,580 : state_square_error: 49.695 reward_error: 5.299
INFO : 2021-01-27 13:51:02,786 : state_square_error: 15.216 reward_error: 5.431
INFO : 2021-01-27 13:51:27,981 : state_square_error: 37.275 reward_error: 1.551
INFO : 2021-01-27 13:51:53,182 : state_square_error: 28.644 reward_error: 2.714
INFO : 2021-01-27 13:52:18,419 : state_square_error: 57.328 reward_error: 3.618
INFO : 2021-01-27 13:52:43,397 : episode: 23 score: 217.7 100 games avg: 217.7 steps 1000 
INFO : 2021-01-27 13:52:52,477 : state_square_error: 36.551 reward_error: 4.213
INFO : 2021-01-27 13:53:17,666 : state_square_error: 30.985 reward_error: 10.687
INFO : 2021-01-27 13:53:42,858 : state_square_error: 19.419 reward_error: 12.470
INFO : 2021-01-27 13:54:08,048 : state_square_error: 22.498 reward_error: 12.251
INFO : 2021-01-27 13:54:33,238 : state_square_error: 88.359 reward_error: 6.245
INFO : 2021-01-27 13:54:58,428 : state_square_error: 44.048 reward_error: 8.129
INFO : 2021-01-27 13:55:23,617 : state_square_error: 27.573 reward_error: 7.654
INFO : 2021-01-27 13:55:48,843 : state_square_error: 102.520 reward_error: 14.412
INFO : 2021-01-27 13:56:14,035 : state_square_error: 31.674 reward_error: 8.117
INFO : 2021-01-27 13:56:39,220 : state_square_error: 46.656 reward_error: 7.805
INFO : 2021-01-27 13:57:04,153 : episode: 24 score: 890.9 100 games avg: 890.9 steps 1000 
INFO : 2021-01-27 13:57:13,626 : state_square_error: 19.246 reward_error: 12.689
INFO : 2021-01-27 13:57:38,836 : state_square_error: 30.940 reward_error: 12.149
INFO : 2021-01-27 13:58:04,043 : state_square_error: 7.335 reward_error: 3.479
INFO : 2021-01-27 13:58:29,248 : state_square_error: 19.917 reward_error: 5.005
INFO : 2021-01-27 13:58:54,473 : state_square_error: 58.889 reward_error: 1.697
INFO : 2021-01-27 13:59:19,699 : state_square_error: 50.871 reward_error: 3.687
INFO : 2021-01-27 13:59:44,877 : state_square_error: 28.903 reward_error: 1.836
INFO : 2021-01-27 14:00:10,075 : state_square_error: 86.018 reward_error: -0.024
INFO : 2021-01-27 14:00:35,267 : state_square_error: 50.248 reward_error: 4.916
INFO : 2021-01-27 14:01:00,473 : state_square_error: 52.725 reward_error: 3.341
INFO : 2021-01-27 14:01:25,438 : episode: 25 score: 375.3 100 games avg: 375.3 steps 1000 
INFO : 2021-01-27 14:01:35,262 : state_square_error: 28.481 reward_error: 5.660
INFO : 2021-01-27 14:02:00,465 : state_square_error: 29.241 reward_error: 7.230
INFO : 2021-01-27 14:02:25,671 : state_square_error: 70.015 reward_error: 7.743
INFO : 2021-01-27 14:02:50,882 : state_square_error: 4.629 reward_error: 9.801
INFO : 2021-01-27 14:03:16,096 : state_square_error: 53.226 reward_error: 10.896
INFO : 2021-01-27 14:03:41,306 : state_square_error: 64.426 reward_error: 6.414
INFO : 2021-01-27 14:04:06,512 : state_square_error: 4.995 reward_error: 12.226
INFO : 2021-01-27 14:04:31,722 : state_square_error: 24.229 reward_error: 10.640
INFO : 2021-01-27 14:04:56,923 : state_square_error: 29.805 reward_error: 6.953
INFO : 2021-01-27 14:05:22,115 : state_square_error: 16.188 reward_error: 11.615
INFO : 2021-01-27 14:05:47,072 : episode: 26 score: 1202.3 100 games avg: 1202.3 steps 1000 
INFO : 2021-01-27 14:05:58,588 : state_square_error: 15.864 reward_error: 7.085
INFO : 2021-01-27 14:06:23,831 : state_square_error: 37.395 reward_error: 45.642
INFO : 2021-01-27 14:06:49,014 : state_square_error: 39.265 reward_error: 14.736
INFO : 2021-01-27 14:07:14,208 : state_square_error: 15.526 reward_error: 14.907
INFO : 2021-01-27 14:07:39,399 : state_square_error: 13.223 reward_error: 16.556
INFO : 2021-01-27 14:08:04,595 : state_square_error: 25.418 reward_error: 15.844
INFO : 2021-01-27 14:08:29,784 : state_square_error: 23.476 reward_error: 8.144
INFO : 2021-01-27 14:08:54,984 : state_square_error: 26.127 reward_error: 21.923
INFO : 2021-01-27 14:09:20,210 : state_square_error: 43.237 reward_error: 6.615
INFO : 2021-01-27 14:09:45,433 : state_square_error: 38.795 reward_error: 18.773
INFO : 2021-01-27 14:10:10,370 : episode: 27 score: 1343.4 100 games avg: 1343.4 steps 1000 
INFO : 2021-01-27 14:10:20,928 : state_square_error: 43.188 reward_error: 12.085
INFO : 2021-01-27 14:10:46,143 : state_square_error: 4.471 reward_error: 10.570
INFO : 2021-01-27 14:11:11,346 : state_square_error: 22.537 reward_error: 16.833
INFO : 2021-01-27 14:11:36,552 : state_square_error: 31.394 reward_error: 25.628
INFO : 2021-01-27 14:12:01,769 : state_square_error: 58.123 reward_error: 14.878
INFO : 2021-01-27 14:12:26,966 : state_square_error: 35.518 reward_error: 14.226
INFO : 2021-01-27 14:12:52,163 : state_square_error: 26.284 reward_error: 7.881
INFO : 2021-01-27 14:13:17,377 : state_square_error: 13.082 reward_error: 11.345
INFO : 2021-01-27 14:13:42,569 : state_square_error: 38.431 reward_error: 8.754
INFO : 2021-01-27 14:14:07,761 : state_square_error: 33.734 reward_error: 14.940
INFO : 2021-01-27 14:14:32,702 : episode: 28 score: 1725.5 100 games avg: 1725.5 steps 1000 
INFO : 2021-01-27 14:14:43,636 : state_square_error: 7.603 reward_error: 13.213
INFO : 2021-01-27 14:15:08,851 : state_square_error: 11.836 reward_error: 6.792
INFO : 2021-01-27 14:15:34,047 : state_square_error: 42.535 reward_error: 12.186
INFO : 2021-01-27 14:15:59,244 : state_square_error: 18.046 reward_error: 9.662
INFO : 2021-01-27 14:16:24,439 : state_square_error: 30.599 reward_error: 11.127
INFO : 2021-01-27 14:16:49,641 : state_square_error: 31.530 reward_error: 3.978
INFO : 2021-01-27 14:17:14,839 : state_square_error: 49.654 reward_error: 1.869
INFO : 2021-01-27 14:17:40,037 : state_square_error: 17.224 reward_error: 4.025
INFO : 2021-01-27 14:18:05,270 : state_square_error: 37.772 reward_error: 6.328
INFO : 2021-01-27 14:18:30,497 : state_square_error: 21.415 reward_error: 5.897
INFO : 2021-01-27 14:18:55,446 : episode: 29 score: 880.5 100 games avg: 880.5 steps 1000 
INFO : 2021-01-27 14:19:06,824 : state_square_error: 82.079 reward_error: 6.934
INFO : 2021-01-27 14:19:32,030 : state_square_error: 21.148 reward_error: 5.607
INFO : 2021-01-27 14:19:57,303 : state_square_error: 29.822 reward_error: 14.008
INFO : 2021-01-27 14:20:22,509 : state_square_error: 18.471 reward_error: 10.251
INFO : 2021-01-27 14:20:47,684 : state_square_error: 18.189 reward_error: 15.612
INFO : 2021-01-27 14:21:12,890 : state_square_error: 36.538 reward_error: 9.514
INFO : 2021-01-27 14:21:38,090 : state_square_error: 12.447 reward_error: 11.477
INFO : 2021-01-27 14:22:03,272 : state_square_error: 10.665 reward_error: 23.342
INFO : 2021-01-27 14:22:28,465 : state_square_error: 24.031 reward_error: 9.328
INFO : 2021-01-27 14:22:53,658 : state_square_error: 41.046 reward_error: 10.424
INFO : 2021-01-27 14:23:18,611 : episode: 30 score: 1861.8 100 games avg: 1861.8 steps 1000 
INFO : 2021-01-27 14:23:30,364 : state_square_error: 34.363 reward_error: 11.491
INFO : 2021-01-27 14:23:55,592 : state_square_error: 25.432 reward_error: 11.779
INFO : 2021-01-27 14:24:20,803 : state_square_error: 33.230 reward_error: 16.044
INFO : 2021-01-27 14:24:46,027 : state_square_error: 35.436 reward_error: 8.868
INFO : 2021-01-27 14:25:11,222 : state_square_error: 35.202 reward_error: 8.777
INFO : 2021-01-27 14:25:36,421 : state_square_error: 17.206 reward_error: 2.347
INFO : 2021-01-27 14:26:01,608 : state_square_error: 66.308 reward_error: 3.153
INFO : 2021-01-27 14:26:26,806 : state_square_error: 20.021 reward_error: 3.883
INFO : 2021-01-27 14:26:52,053 : state_square_error: 40.291 reward_error: 1.551
INFO : 2021-01-27 14:27:17,218 : state_square_error: 21.873 reward_error: 5.761
INFO : 2021-01-27 14:27:42,141 : episode: 31 score: 836.5 100 games avg: 836.5 steps 1000 
INFO : 2021-01-27 14:27:54,269 : state_square_error: 20.969 reward_error: 9.719
INFO : 2021-01-27 14:28:19,465 : state_square_error: 8.472 reward_error: 14.144
INFO : 2021-01-27 14:28:44,668 : state_square_error: 6.474 reward_error: 16.748
INFO : 2021-01-27 14:29:09,874 : state_square_error: 12.542 reward_error: 13.740
INFO : 2021-01-27 14:29:35,089 : state_square_error: 15.278 reward_error: 8.572
INFO : 2021-01-27 14:30:00,286 : state_square_error: 26.074 reward_error: 13.975
INFO : 2021-01-27 14:30:25,476 : state_square_error: 58.754 reward_error: 13.415
INFO : 2021-01-27 14:30:50,672 : state_square_error: 22.915 reward_error: 7.737
INFO : 2021-01-27 14:31:15,867 : state_square_error: 12.603 reward_error: 12.651
INFO : 2021-01-27 14:31:41,065 : state_square_error: 25.207 reward_error: 8.514
INFO : 2021-01-27 14:32:06,011 : episode: 32 score: 1665.9 100 games avg: 1665.9 steps 1000 
INFO : 2021-01-27 14:32:18,343 : state_square_error: 25.441 reward_error: 7.678
INFO : 2021-01-27 14:32:43,540 : state_square_error: 5.262 reward_error: 2.755
INFO : 2021-01-27 14:33:08,723 : state_square_error: 29.097 reward_error: 13.009
INFO : 2021-01-27 14:33:33,930 : state_square_error: 25.338 reward_error: 14.188
INFO : 2021-01-27 14:33:59,166 : state_square_error: 61.684 reward_error: 15.851
INFO : 2021-01-27 14:34:24,367 : state_square_error: 35.323 reward_error: 7.130
INFO : 2021-01-27 14:34:49,559 : state_square_error: 18.019 reward_error: 9.162
INFO : 2021-01-27 14:35:14,754 : state_square_error: 19.543 reward_error: 21.256
INFO : 2021-01-27 14:35:39,950 : state_square_error: 46.888 reward_error: 14.621
INFO : 2021-01-27 14:36:05,152 : state_square_error: 548.819 reward_error: 51.901
INFO : 2021-01-27 14:36:30,121 : episode: 33 score: 1343.2 100 games avg: 1343.2 steps 1000 
INFO : 2021-01-27 14:36:42,944 : state_square_error: 46.165 reward_error: 9.824
INFO : 2021-01-27 14:37:08,169 : state_square_error: 38.202 reward_error: 11.501
INFO : 2021-01-27 14:37:33,379 : state_square_error: 17.980 reward_error: 8.898
INFO : 2021-01-27 14:37:58,571 : state_square_error: 86.568 reward_error: 5.603
INFO : 2021-01-27 14:38:23,763 : state_square_error: 66.746 reward_error: 10.491
INFO : 2021-01-27 14:38:48,959 : state_square_error: 19.468 reward_error: 9.410
INFO : 2021-01-27 14:39:14,144 : state_square_error: 18.427 reward_error: 13.418
INFO : 2021-01-27 14:39:39,330 : state_square_error: 12.122 reward_error: 16.148
INFO : 2021-01-27 14:40:04,503 : state_square_error: 17.473 reward_error: 9.469
INFO : 2021-01-27 14:40:29,691 : state_square_error: 19.417 reward_error: 11.828
INFO : 2021-01-27 14:40:54,667 : episode: 34 score: 1728.5 100 games avg: 1728.5 steps 1000 
INFO : 2021-01-27 14:41:07,938 : state_square_error: 45.453 reward_error: 8.236
INFO : 2021-01-27 14:41:33,138 : state_square_error: 46.024 reward_error: 18.289
INFO : 2021-01-27 14:41:58,328 : state_square_error: 20.226 reward_error: 13.577
INFO : 2021-01-27 14:42:23,574 : state_square_error: 28.063 reward_error: 14.388
INFO : 2021-01-27 14:42:48,748 : state_square_error: 31.506 reward_error: 12.824
INFO : 2021-01-27 14:43:13,941 : state_square_error: 16.323 reward_error: 13.320
INFO : 2021-01-27 14:43:39,110 : state_square_error: 15.436 reward_error: 13.665
INFO : 2021-01-27 14:44:04,294 : state_square_error: 52.485 reward_error: 3.621
INFO : 2021-01-27 14:44:29,500 : state_square_error: 29.823 reward_error: -1.028
INFO : 2021-01-27 14:44:54,733 : state_square_error: 40.830 reward_error: 8.487
INFO : 2021-01-27 14:45:19,685 : episode: 35 score: 1284.9 100 games avg: 1284.9 steps 1000 
INFO : 2021-01-27 14:45:33,180 : state_square_error: 12.592 reward_error: 7.049
INFO : 2021-01-27 14:45:58,382 : state_square_error: 14.569 reward_error: 12.754
INFO : 2021-01-27 14:46:23,585 : state_square_error: 4.215 reward_error: 8.872
INFO : 2021-01-27 14:46:48,781 : state_square_error: 40.829 reward_error: 16.373
INFO : 2021-01-27 14:47:13,975 : state_square_error: 69.217 reward_error: 5.780
INFO : 2021-01-27 14:47:39,199 : state_square_error: 61.744 reward_error: 1.441
INFO : 2021-01-27 14:48:04,417 : state_square_error: 19.009 reward_error: 3.255
INFO : 2021-01-27 14:48:29,622 : state_square_error: 26.811 reward_error: 3.259
INFO : 2021-01-27 14:48:54,820 : state_square_error: 31.316 reward_error: 3.949
INFO : 2021-01-27 14:49:20,014 : state_square_error: 66.110 reward_error: 3.962
INFO : 2021-01-27 14:49:44,958 : episode: 36 score: 926.4 100 games avg: 926.4 steps 1000 
INFO : 2021-01-27 14:49:58,951 : state_square_error: 45.665 reward_error: 5.206
INFO : 2021-01-27 14:50:24,126 : state_square_error: 40.836 reward_error: 12.391
INFO : 2021-01-27 14:50:49,334 : state_square_error: 43.692 reward_error: 7.940
INFO : 2021-01-27 14:51:14,594 : state_square_error: 42.698 reward_error: 7.709
INFO : 2021-01-27 14:51:39,821 : state_square_error: 64.234 reward_error: 3.852
INFO : 2021-01-27 14:52:05,023 : state_square_error: 48.499 reward_error: 6.080
INFO : 2021-01-27 14:52:30,248 : state_square_error: 25.361 reward_error: 4.428
INFO : 2021-01-27 14:52:55,472 : state_square_error: 34.086 reward_error: 9.964
INFO : 2021-01-27 14:53:20,662 : state_square_error: 85.754 reward_error: 1.688
INFO : 2021-01-27 14:53:45,862 : state_square_error: 35.290 reward_error: 6.811
INFO : 2021-01-27 14:54:10,781 : episode: 37 score: 356.1 100 games avg: 356.1 steps 1000 
INFO : 2021-01-27 14:54:25,124 : state_square_error: 57.481 reward_error: 11.536
INFO : 2021-01-27 14:54:50,359 : state_square_error: 56.646 reward_error: 4.298
INFO : 2021-01-27 14:55:15,597 : state_square_error: 18.934 reward_error: 3.927
INFO : 2021-01-27 14:55:40,800 : state_square_error: 8.193 reward_error: 10.407
INFO : 2021-01-27 14:56:06,010 : state_square_error: 47.842 reward_error: 7.949
INFO : 2021-01-27 14:56:31,217 : state_square_error: 26.644 reward_error: 5.410
INFO : 2021-01-27 14:56:56,424 : state_square_error: 21.623 reward_error: 7.446
INFO : 2021-01-27 14:57:21,643 : state_square_error: 53.257 reward_error: 0.175
INFO : 2021-01-27 14:57:46,893 : state_square_error: 9.796 reward_error: 4.258
INFO : 2021-01-27 14:58:12,100 : state_square_error: 44.917 reward_error: 3.503
INFO : 2021-01-27 14:58:37,060 : episode: 38 score: 429.5 100 games avg: 429.5 steps 1000 
INFO : 2021-01-27 14:58:51,792 : state_square_error: 28.113 reward_error: 7.327
INFO : 2021-01-27 14:59:16,989 : state_square_error: 37.164 reward_error: 6.317
INFO : 2021-01-27 14:59:42,177 : state_square_error: 16.110 reward_error: 9.368
INFO : 2021-01-27 15:00:07,368 : state_square_error: 28.021 reward_error: 19.681
INFO : 2021-01-27 15:00:32,544 : state_square_error: 32.738 reward_error: 4.707
INFO : 2021-01-27 15:00:57,737 : state_square_error: 33.328 reward_error: 9.435
INFO : 2021-01-27 15:01:22,933 : state_square_error: 18.150 reward_error: 5.272
INFO : 2021-01-27 15:01:48,185 : state_square_error: 36.439 reward_error: 5.517
INFO : 2021-01-27 15:02:13,413 : state_square_error: 61.683 reward_error: 5.860
INFO : 2021-01-27 15:02:38,637 : state_square_error: 7.497 reward_error: 6.827
INFO : 2021-01-27 15:03:03,584 : episode: 39 score: 901.6 100 games avg: 901.6 steps 1000 
INFO : 2021-01-27 15:03:18,709 : state_square_error: 17.582 reward_error: 8.988
INFO : 2021-01-27 15:03:43,919 : state_square_error: 39.371 reward_error: 22.930
INFO : 2021-01-27 15:04:09,113 : state_square_error: 83.466 reward_error: 7.681
INFO : 2021-01-27 15:04:34,332 : state_square_error: 13.065 reward_error: 5.908
INFO : 2021-01-27 15:04:59,595 : state_square_error: 21.386 reward_error: 7.821
INFO : 2021-01-27 15:05:24,793 : state_square_error: 36.346 reward_error: 1.795
INFO : 2021-01-27 15:05:49,996 : state_square_error: 73.637 reward_error: 3.594
INFO : 2021-01-27 15:06:15,230 : state_square_error: 56.063 reward_error: 8.919
INFO : 2021-01-27 15:06:40,425 : state_square_error: 80.089 reward_error: 6.970
INFO : 2021-01-27 15:07:05,634 : state_square_error: 72.458 reward_error: 4.602
INFO : 2021-01-27 15:07:30,599 : episode: 40 score: 498.0 100 games avg: 498.0 steps 1000 
INFO : 2021-01-27 15:07:46,087 : state_square_error: 27.518 reward_error: 6.935
INFO : 2021-01-27 15:08:11,287 : state_square_error: 65.415 reward_error: 22.971
INFO : 2021-01-27 15:08:36,538 : state_square_error: 9.625 reward_error: 11.308
INFO : 2021-01-27 15:09:01,801 : state_square_error: 50.168 reward_error: 13.999
INFO : 2021-01-27 15:09:27,010 : state_square_error: 23.452 reward_error: 6.412
INFO : 2021-01-27 15:09:52,220 : state_square_error: 20.528 reward_error: 10.519
INFO : 2021-01-27 15:10:17,422 : state_square_error: 58.346 reward_error: 12.758
INFO : 2021-01-27 15:10:42,617 : state_square_error: 17.258 reward_error: 11.465
INFO : 2021-01-27 15:11:07,817 : state_square_error: 20.946 reward_error: -0.287
INFO : 2021-01-27 15:11:33,031 : state_square_error: 17.193 reward_error: 14.123
INFO : 2021-01-27 15:11:57,972 : episode: 41 score: 1588.8 100 games avg: 1588.8 steps 1000 
INFO : 2021-01-27 15:12:13,859 : state_square_error: 70.991 reward_error: 6.563
INFO : 2021-01-27 15:12:39,062 : state_square_error: 17.232 reward_error: 7.734
INFO : 2021-01-27 15:13:04,268 : state_square_error: 95.962 reward_error: 11.599
INFO : 2021-01-27 15:13:29,465 : state_square_error: 37.525 reward_error: 10.395
INFO : 2021-01-27 15:13:54,657 : state_square_error: 19.295 reward_error: 8.110
INFO : 2021-01-27 15:14:19,873 : state_square_error: 9.722 reward_error: 15.413
INFO : 2021-01-27 15:14:45,070 : state_square_error: 11.372 reward_error: 7.831
INFO : 2021-01-27 15:15:10,271 : state_square_error: 68.873 reward_error: 15.841
INFO : 2021-01-27 15:15:35,466 : state_square_error: 32.872 reward_error: 5.397
INFO : 2021-01-27 15:16:00,673 : state_square_error: 16.743 reward_error: 3.812
INFO : 2021-01-27 15:16:25,636 : episode: 42 score: 1349.2 100 games avg: 1349.2 steps 1000 
INFO : 2021-01-27 15:16:41,749 : state_square_error: 22.799 reward_error: 5.281
INFO : 2021-01-27 15:17:06,938 : state_square_error: 26.750 reward_error: 8.198
INFO : 2021-01-27 15:17:32,128 : state_square_error: 34.348 reward_error: 4.443
INFO : 2021-01-27 15:17:57,324 : state_square_error: 40.427 reward_error: 24.192
INFO : 2021-01-27 15:18:22,541 : state_square_error: 55.279 reward_error: 4.529
INFO : 2021-01-27 15:18:47,774 : state_square_error: 60.195 reward_error: 12.373
INFO : 2021-01-27 15:19:12,993 : state_square_error: 14.911 reward_error: 5.187
INFO : 2021-01-27 15:19:38,234 : state_square_error: 97.233 reward_error: 7.248
INFO : 2021-01-27 15:20:03,438 : state_square_error: 34.677 reward_error: 3.732
INFO : 2021-01-27 15:20:28,623 : state_square_error: 73.153 reward_error: 5.523
INFO : 2021-01-27 15:20:53,555 : episode: 43 score: 864.4 100 games avg: 864.4 steps 1000 
INFO : 2021-01-27 15:21:10,115 : state_square_error: 22.367 reward_error: 10.007
INFO : 2021-01-27 15:21:35,307 : state_square_error: 17.780 reward_error: 24.752
INFO : 2021-01-27 15:22:00,501 : state_square_error: 13.600 reward_error: 5.768
INFO : 2021-01-27 15:22:25,698 : state_square_error: 17.943 reward_error: 10.498
INFO : 2021-01-27 15:22:50,917 : state_square_error: 11.181 reward_error: 8.164
INFO : 2021-01-27 15:23:16,164 : state_square_error: 53.969 reward_error: 6.328
INFO : 2021-01-27 15:23:41,377 : state_square_error: 60.086 reward_error: 10.735
INFO : 2021-01-27 15:24:06,607 : state_square_error: 32.457 reward_error: 11.170
INFO : 2021-01-27 15:24:31,811 : state_square_error: 16.722 reward_error: 5.518
INFO : 2021-01-27 15:24:57,004 : state_square_error: 64.550 reward_error: 4.854
INFO : 2021-01-27 15:25:21,945 : episode: 44 score: 713.8 100 games avg: 713.8 steps 1000 
INFO : 2021-01-27 15:25:38,861 : state_square_error: 24.179 reward_error: 4.877
INFO : 2021-01-27 15:26:04,051 : state_square_error: 67.637 reward_error: 9.217
INFO : 2021-01-27 15:26:29,237 : state_square_error: 20.101 reward_error: 12.291
INFO : 2021-01-27 15:26:54,418 : state_square_error: 36.194 reward_error: 12.318
INFO : 2021-01-27 15:27:19,624 : state_square_error: 82.250 reward_error: 8.722
INFO : 2021-01-27 15:27:44,834 : state_square_error: 12.056 reward_error: 8.330
INFO : 2021-01-27 15:28:10,004 : state_square_error: 31.508 reward_error: 4.402
INFO : 2021-01-27 15:28:35,194 : state_square_error: 50.539 reward_error: 15.504
INFO : 2021-01-27 15:29:00,385 : state_square_error: 41.013 reward_error: 12.003
INFO : 2021-01-27 15:29:25,573 : state_square_error: 23.632 reward_error: 12.416
INFO : 2021-01-27 15:29:50,562 : episode: 45 score: 1726.6 100 games avg: 1726.6 steps 1000 
INFO : 2021-01-27 15:30:07,890 : state_square_error: 58.610 reward_error: 2.129
INFO : 2021-01-27 15:30:33,101 : state_square_error: 25.811 reward_error: 10.201
INFO : 2021-01-27 15:30:58,299 : state_square_error: 31.969 reward_error: 8.737
INFO : 2021-01-27 15:31:23,499 : state_square_error: 23.513 reward_error: 12.044
INFO : 2021-01-27 15:31:48,714 : state_square_error: 18.322 reward_error: 17.583
INFO : 2021-01-27 15:32:13,937 : state_square_error: 21.229 reward_error: 13.958
INFO : 2021-01-27 15:32:39,127 : state_square_error: 23.378 reward_error: 12.507
INFO : 2021-01-27 15:33:04,317 : state_square_error: 102.851 reward_error: 11.507
INFO : 2021-01-27 15:33:29,511 : state_square_error: 59.351 reward_error: 12.051
INFO : 2021-01-27 15:33:54,713 : state_square_error: 45.371 reward_error: 2.441
INFO : 2021-01-27 15:34:19,669 : episode: 46 score: 1902.5 100 games avg: 1902.5 steps 1000 
INFO : 2021-01-27 15:34:37,442 : state_square_error: 78.785 reward_error: 6.556
INFO : 2021-01-27 15:35:02,644 : state_square_error: 32.186 reward_error: 9.700
INFO : 2021-01-27 15:35:27,808 : state_square_error: 69.260 reward_error: 4.895
INFO : 2021-01-27 15:35:52,976 : state_square_error: 21.055 reward_error: 5.098
INFO : 2021-01-27 15:36:18,203 : state_square_error: 44.775 reward_error: 12.864
INFO : 2021-01-27 15:36:43,396 : state_square_error: 7.982 reward_error: 13.435
INFO : 2021-01-27 15:37:08,611 : state_square_error: 58.192 reward_error: 8.317
INFO : 2021-01-27 15:37:33,818 : state_square_error: 55.550 reward_error: 16.301
INFO : 2021-01-27 15:37:59,009 : state_square_error: 33.534 reward_error: 10.289
INFO : 2021-01-27 15:38:24,203 : state_square_error: 18.612 reward_error: 15.979
INFO : 2021-01-27 15:38:49,148 : episode: 47 score: 1996.7 100 games avg: 1996.7 steps 1000 
INFO : 2021-01-27 15:39:07,329 : state_square_error: 16.606 reward_error: 8.499
INFO : 2021-01-27 15:39:32,562 : state_square_error: 21.832 reward_error: 5.842
INFO : 2021-01-27 15:39:57,757 : state_square_error: 28.892 reward_error: 7.577
INFO : 2021-01-27 15:40:22,946 : state_square_error: 66.020 reward_error: 6.254
INFO : 2021-01-27 15:40:48,159 : state_square_error: 26.141 reward_error: 9.423
INFO : 2021-01-27 15:41:13,359 : state_square_error: 94.259 reward_error: 9.535
INFO : 2021-01-27 15:41:38,535 : state_square_error: 18.553 reward_error: 3.845
INFO : 2021-01-27 15:42:03,730 : state_square_error: 35.745 reward_error: 6.314
INFO : 2021-01-27 15:42:28,903 : state_square_error: 54.881 reward_error: -1.071
INFO : 2021-01-27 15:42:54,095 : state_square_error: 30.905 reward_error: 14.048
INFO : 2021-01-27 15:43:19,024 : episode: 48 score: 903.9 100 games avg: 903.9 steps 1000 
INFO : 2021-01-27 15:43:37,506 : state_square_error: 11.763 reward_error: 4.560
INFO : 2021-01-27 15:44:02,677 : state_square_error: 15.227 reward_error: 12.816
INFO : 2021-01-27 15:44:27,862 : state_square_error: 27.713 reward_error: 14.935
INFO : 2021-01-27 15:44:53,055 : state_square_error: 123.466 reward_error: 3.450
INFO : 2021-01-27 15:45:18,240 : state_square_error: 61.221 reward_error: 5.143
INFO : 2021-01-27 15:45:43,437 : state_square_error: 33.987 reward_error: 7.806
INFO : 2021-01-27 15:46:08,637 : state_square_error: 27.545 reward_error: 6.106
INFO : 2021-01-27 15:46:33,822 : state_square_error: 32.611 reward_error: 9.006
INFO : 2021-01-27 15:46:59,010 : state_square_error: 44.946 reward_error: 6.281
INFO : 2021-01-27 15:47:24,199 : state_square_error: 94.922 reward_error: 11.852
INFO : 2021-01-27 15:47:49,133 : episode: 49 score: 2015.7 100 games avg: 2015.7 steps 1000 
INFO : 2021-01-27 15:48:08,013 : state_square_error: 20.062 reward_error: 13.634
INFO : 2021-01-27 15:48:33,161 : state_square_error: 77.914 reward_error: 18.480
INFO : 2021-01-27 15:48:58,343 : state_square_error: 38.386 reward_error: 11.506
INFO : 2021-01-27 15:49:23,532 : state_square_error: 15.442 reward_error: 18.990
INFO : 2021-01-27 15:49:48,733 : state_square_error: 69.424 reward_error: 4.614
INFO : 2021-01-27 15:50:13,932 : state_square_error: 20.398 reward_error: 6.787
INFO : 2021-01-27 15:50:39,102 : state_square_error: 31.534 reward_error: 5.399
INFO : 2021-01-27 15:51:04,284 : state_square_error: 33.167 reward_error: 12.350
INFO : 2021-01-27 15:51:29,483 : state_square_error: 26.614 reward_error: 5.866
INFO : 2021-01-27 15:51:54,689 : state_square_error: 13.994 reward_error: 7.109
INFO : 2021-01-27 15:52:19,627 : episode: 50 score: 1021.6 100 games avg: 1021.6 steps 1000 
INFO : 2021-01-27 15:52:38,890 : state_square_error: 15.823 reward_error: 13.771
INFO : 2021-01-27 15:53:04,050 : state_square_error: 30.346 reward_error: 31.736
INFO : 2021-01-27 15:53:29,215 : state_square_error: 54.421 reward_error: 30.212
INFO : 2021-01-27 15:53:54,366 : state_square_error: 60.178 reward_error: 25.782
INFO : 2021-01-27 15:54:19,539 : state_square_error: 53.101 reward_error: 35.284
INFO : 2021-01-27 15:54:44,711 : state_square_error: 17.866 reward_error: 32.843
INFO : 2021-01-27 15:55:09,923 : state_square_error: 65.325 reward_error: 30.401
INFO : 2021-01-27 15:55:35,114 : state_square_error: 40.948 reward_error: 31.393
INFO : 2021-01-27 15:56:00,305 : state_square_error: 10.773 reward_error: 26.798
INFO : 2021-01-27 15:56:25,481 : state_square_error: 26.956 reward_error: 29.190
INFO : 2021-01-27 15:56:50,419 : episode: 51 score: -175.2 100 games avg: -175.2 steps 1000 
INFO : 2021-01-27 15:57:10,121 : state_square_error: 77.469 reward_error: 7.505
INFO : 2021-01-27 15:57:35,316 : state_square_error: 10.241 reward_error: 8.971
INFO : 2021-01-27 15:58:00,519 : state_square_error: 8.842 reward_error: 10.443
INFO : 2021-01-27 15:58:25,709 : state_square_error: 14.995 reward_error: 4.146
INFO : 2021-01-27 15:58:50,898 : state_square_error: 52.017 reward_error: 12.048
INFO : 2021-01-27 15:59:16,110 : state_square_error: 29.399 reward_error: 5.529
INFO : 2021-01-27 15:59:41,279 : state_square_error: 28.877 reward_error: 12.170
INFO : 2021-01-27 16:00:06,436 : state_square_error: 56.145 reward_error: 8.668
INFO : 2021-01-27 16:00:31,551 : state_square_error: 25.517 reward_error: 9.343
INFO : 2021-01-27 16:00:56,696 : state_square_error: 43.412 reward_error: 5.440
INFO : 2021-01-27 16:01:21,574 : episode: 52 score: 2061.7 100 games avg: 2061.7 steps 1000 
INFO : 2021-01-27 16:01:41,631 : state_square_error: 55.240 reward_error: 5.830
INFO : 2021-01-27 16:02:06,812 : state_square_error: 29.932 reward_error: 4.070
INFO : 2021-01-27 16:02:31,996 : state_square_error: 14.114 reward_error: 16.053
INFO : 2021-01-27 16:02:57,189 : state_square_error: 24.157 reward_error: 11.282
INFO : 2021-01-27 16:03:22,396 : state_square_error: 45.202 reward_error: 13.139
INFO : 2021-01-27 16:03:47,585 : state_square_error: 3.798 reward_error: 18.288
INFO : 2021-01-27 16:04:12,794 : state_square_error: 17.064 reward_error: 5.293
INFO : 2021-01-27 16:04:37,983 : state_square_error: 114.004 reward_error: 17.061
INFO : 2021-01-27 16:05:03,173 : state_square_error: 69.011 reward_error: 5.862
INFO : 2021-01-27 16:05:28,360 : state_square_error: 48.756 reward_error: 3.534
INFO : 2021-01-27 16:05:53,305 : episode: 53 score: 1693.5 100 games avg: 1693.5 steps 1000 
INFO : 2021-01-27 16:06:13,674 : state_square_error: 14.102 reward_error: 9.253
INFO : 2021-01-27 16:06:38,868 : state_square_error: 29.613 reward_error: 13.977
INFO : 2021-01-27 16:07:04,056 : state_square_error: 25.894 reward_error: 5.430
INFO : 2021-01-27 16:07:29,242 : state_square_error: 30.914 reward_error: 11.165
INFO : 2021-01-27 16:07:54,437 : state_square_error: 38.066 reward_error: 19.907
INFO : 2021-01-27 16:08:19,618 : state_square_error: 16.514 reward_error: 17.830
INFO : 2021-01-27 16:08:44,813 : state_square_error: 23.265 reward_error: 12.704
INFO : 2021-01-27 16:09:10,017 : state_square_error: 20.288 reward_error: 10.405
INFO : 2021-01-27 16:09:35,198 : state_square_error: 30.881 reward_error: 10.408
INFO : 2021-01-27 16:10:00,391 : state_square_error: 30.646 reward_error: 11.522
INFO : 2021-01-27 16:10:25,313 : episode: 54 score: 1979.4 100 games avg: 1979.4 steps 1000 
INFO : 2021-01-27 16:10:46,025 : state_square_error: 95.744 reward_error: 8.612
INFO : 2021-01-27 16:11:11,216 : state_square_error: 64.707 reward_error: 17.115
INFO : 2021-01-27 16:11:36,387 : state_square_error: 23.164 reward_error: 11.091
INFO : 2021-01-27 16:12:01,607 : state_square_error: 41.473 reward_error: 10.677
INFO : 2021-01-27 16:12:26,795 : state_square_error: 70.658 reward_error: 11.299
INFO : 2021-01-27 16:12:51,999 : state_square_error: 26.122 reward_error: 5.912
INFO : 2021-01-27 16:13:17,181 : state_square_error: 40.796 reward_error: 15.885
INFO : 2021-01-27 16:13:42,380 : state_square_error: 11.193 reward_error: 7.426
INFO : 2021-01-27 16:14:07,569 : state_square_error: 10.376 reward_error: 16.414
INFO : 2021-01-27 16:14:32,760 : state_square_error: 30.706 reward_error: 20.807
INFO : 2021-01-27 16:14:57,718 : episode: 55 score: 1849.0 100 games avg: 1849.0 steps 1000 
INFO : 2021-01-27 16:15:18,896 : state_square_error: 21.604 reward_error: 8.340
INFO : 2021-01-27 16:15:44,069 : state_square_error: 3.631 reward_error: 6.188
INFO : 2021-01-27 16:16:09,252 : state_square_error: 40.030 reward_error: 18.239
INFO : 2021-01-27 16:16:34,443 : state_square_error: 15.071 reward_error: 7.955
INFO : 2021-01-27 16:16:59,628 : state_square_error: 33.313 reward_error: 11.627
INFO : 2021-01-27 16:17:24,816 : state_square_error: 28.460 reward_error: 5.005
INFO : 2021-01-27 16:17:49,991 : state_square_error: 11.964 reward_error: 7.530
INFO : 2021-01-27 16:18:15,192 : state_square_error: 12.021 reward_error: 7.680
INFO : 2021-01-27 16:18:40,382 : state_square_error: 22.724 reward_error: 11.938
INFO : 2021-01-27 16:19:05,570 : state_square_error: 7.481 reward_error: 11.800
INFO : 2021-01-27 16:19:30,511 : episode: 56 score: 1702.6 100 games avg: 1702.6 steps 1000 
INFO : 2021-01-27 16:19:51,979 : state_square_error: 42.220 reward_error: 6.218
INFO : 2021-01-27 16:20:17,118 : state_square_error: 10.971 reward_error: 13.135
INFO : 2021-01-27 16:20:42,253 : state_square_error: 11.934 reward_error: 2.970
INFO : 2021-01-27 16:21:07,435 : state_square_error: 84.661 reward_error: 5.270
INFO : 2021-01-27 16:21:32,609 : state_square_error: 40.176 reward_error: 2.423
INFO : 2021-01-27 16:21:57,732 : state_square_error: 53.412 reward_error: 15.060
INFO : 2021-01-27 16:22:22,896 : state_square_error: 29.048 reward_error: 7.531
INFO : 2021-01-27 16:22:48,068 : state_square_error: 30.906 reward_error: 9.251
INFO : 2021-01-27 16:23:13,252 : state_square_error: 20.412 reward_error: 17.364
INFO : 2021-01-27 16:23:38,432 : state_square_error: 13.863 reward_error: 4.259
INFO : 2021-01-27 16:24:03,383 : episode: 57 score: 1934.2 100 games avg: 1934.2 steps 1000 
INFO : 2021-01-27 16:24:25,284 : state_square_error: 19.051 reward_error: 1.154
INFO : 2021-01-27 16:24:50,468 : state_square_error: 28.567 reward_error: 13.539
INFO : 2021-01-27 16:25:15,657 : state_square_error: 9.167 reward_error: 4.847
INFO : 2021-01-27 16:25:40,853 : state_square_error: 28.415 reward_error: 9.682
INFO : 2021-01-27 16:26:06,039 : state_square_error: 10.235 reward_error: 11.257
INFO : 2021-01-27 16:26:31,244 : state_square_error: 48.736 reward_error: 15.140
INFO : 2021-01-27 16:26:56,438 : state_square_error: 59.100 reward_error: 14.778
INFO : 2021-01-27 16:27:21,628 : state_square_error: 61.491 reward_error: 17.017
INFO : 2021-01-27 16:27:46,845 : state_square_error: 5.180 reward_error: 4.724
INFO : 2021-01-27 16:28:12,033 : state_square_error: 15.172 reward_error: 6.627
INFO : 2021-01-27 16:28:36,965 : episode: 58 score: 2044.5 100 games avg: 2044.5 steps 1000 
INFO : 2021-01-27 16:28:59,214 : state_square_error: 20.546 reward_error: 2.833
INFO : 2021-01-27 16:29:24,410 : state_square_error: 26.926 reward_error: 2.653
INFO : 2021-01-27 16:29:49,596 : state_square_error: 34.718 reward_error: 14.434
INFO : 2021-01-27 16:30:14,778 : state_square_error: 43.075 reward_error: 6.865
INFO : 2021-01-27 16:30:39,951 : state_square_error: 36.290 reward_error: 12.567
INFO : 2021-01-27 16:31:05,153 : state_square_error: 9.268 reward_error: 15.680
INFO : 2021-01-27 16:31:30,344 : state_square_error: 18.820 reward_error: 10.991
INFO : 2021-01-27 16:31:55,549 : state_square_error: 50.813 reward_error: 8.130
INFO : 2021-01-27 16:32:20,735 : state_square_error: 23.732 reward_error: 14.061
INFO : 2021-01-27 16:32:45,916 : state_square_error: 5.114 reward_error: 13.403
INFO : 2021-01-27 16:33:10,856 : episode: 59 score: 2022.2 100 games avg: 2022.2 steps 1000 
INFO : 2021-01-27 16:33:33,546 : state_square_error: 7.016 reward_error: 2.947
INFO : 2021-01-27 16:33:58,737 : state_square_error: 19.450 reward_error: 15.484
INFO : 2021-01-27 16:34:23,930 : state_square_error: 29.472 reward_error: 4.363
INFO : 2021-01-27 16:34:49,123 : state_square_error: 72.318 reward_error: 9.239
INFO : 2021-01-27 16:35:14,317 : state_square_error: 15.783 reward_error: 6.758
INFO : 2021-01-27 16:35:39,497 : state_square_error: 40.926 reward_error: 17.337
INFO : 2021-01-27 16:36:04,668 : state_square_error: 102.188 reward_error: 7.262
INFO : 2021-01-27 16:36:29,826 : state_square_error: 9.484 reward_error: 8.994
INFO : 2021-01-27 16:36:55,018 : state_square_error: 55.953 reward_error: 5.681
INFO : 2021-01-27 16:37:20,207 : state_square_error: 25.142 reward_error: 5.641
INFO : 2021-01-27 16:37:45,136 : episode: 60 score: 2247.1 100 games avg: 2247.1 steps 1000 
INFO : 2021-01-27 16:38:08,139 : state_square_error: 26.610 reward_error: 7.996
INFO : 2021-01-27 16:38:33,330 : state_square_error: 45.558 reward_error: 12.321
INFO : 2021-01-27 16:38:58,502 : state_square_error: 67.294 reward_error: 15.880
INFO : 2021-01-27 16:39:23,731 : state_square_error: 24.825 reward_error: 5.779
INFO : 2021-01-27 16:39:48,929 : state_square_error: 27.141 reward_error: 4.098
INFO : 2021-01-27 16:40:14,111 : state_square_error: 12.094 reward_error: 2.035
INFO : 2021-01-27 16:40:39,303 : state_square_error: 17.189 reward_error: 11.277
INFO : 2021-01-27 16:41:04,488 : state_square_error: 51.553 reward_error: 2.674
INFO : 2021-01-27 16:41:29,685 : state_square_error: 52.403 reward_error: 6.975
INFO : 2021-01-27 16:41:54,872 : state_square_error: 21.880 reward_error: 5.660
INFO : 2021-01-27 16:42:19,784 : episode: 61 score: 2171.1 100 games avg: 2171.1 steps 1000 
INFO : 2021-01-27 16:42:43,201 : state_square_error: 18.166 reward_error: 8.612
INFO : 2021-01-27 16:43:08,388 : state_square_error: 25.622 reward_error: 15.852
INFO : 2021-01-27 16:43:33,568 : state_square_error: 104.867 reward_error: 6.706
INFO : 2021-01-27 16:43:58,779 : state_square_error: 25.479 reward_error: 7.003
INFO : 2021-01-27 16:44:23,959 : state_square_error: 21.164 reward_error: 15.286
INFO : 2021-01-27 16:44:49,151 : state_square_error: 95.162 reward_error: 4.794
INFO : 2021-01-27 16:45:14,354 : state_square_error: 13.424 reward_error: 10.163
INFO : 2021-01-27 16:45:39,531 : state_square_error: 16.674 reward_error: 11.634
INFO : 2021-01-27 16:46:04,732 : state_square_error: 111.726 reward_error: 12.033
INFO : 2021-01-27 16:46:29,928 : state_square_error: 15.820 reward_error: 12.736
INFO : 2021-01-27 16:46:54,862 : episode: 62 score: 2220.3 100 games avg: 2220.3 steps 1000 
INFO : 2021-01-27 16:47:18,560 : state_square_error: 30.768 reward_error: 6.005
INFO : 2021-01-27 16:47:43,757 : state_square_error: 13.560 reward_error: 9.311
INFO : 2021-01-27 16:48:08,945 : state_square_error: 29.626 reward_error: 17.426
INFO : 2021-01-27 16:48:34,121 : state_square_error: 11.941 reward_error: 12.762
INFO : 2021-01-27 16:48:59,314 : state_square_error: 34.889 reward_error: 6.480
INFO : 2021-01-27 16:49:24,510 : state_square_error: 34.803 reward_error: 15.031
INFO : 2021-01-27 16:49:49,703 : state_square_error: 10.360 reward_error: 11.554
INFO : 2021-01-27 16:50:14,864 : state_square_error: 33.301 reward_error: 19.926
INFO : 2021-01-27 16:50:40,049 : state_square_error: 19.160 reward_error: 6.546
INFO : 2021-01-27 16:51:05,253 : state_square_error: 32.020 reward_error: 3.259
INFO : 2021-01-27 16:51:30,141 : episode: 63 score: 1711.8 100 games avg: 1711.8 steps 1000 
INFO : 2021-01-27 16:51:54,246 : state_square_error: 17.292 reward_error: 5.464
INFO : 2021-01-27 16:52:19,394 : state_square_error: 19.689 reward_error: 9.971
INFO : 2021-01-27 16:52:44,554 : state_square_error: 77.097 reward_error: 7.581
INFO : 2021-01-27 16:53:09,703 : state_square_error: 52.816 reward_error: 0.731
INFO : 2021-01-27 16:53:34,869 : state_square_error: 28.080 reward_error: 7.964
INFO : 2021-01-27 16:54:00,042 : state_square_error: 10.767 reward_error: 12.515
INFO : 2021-01-27 16:54:25,239 : state_square_error: 83.792 reward_error: 7.793
INFO : 2021-01-27 16:54:50,425 : state_square_error: 46.968 reward_error: 6.035
INFO : 2021-01-27 16:55:15,607 : state_square_error: 14.298 reward_error: 9.808
INFO : 2021-01-27 16:55:40,789 : state_square_error: 42.041 reward_error: 13.343
INFO : 2021-01-27 16:56:05,730 : episode: 64 score: 998.9 100 games avg: 998.9 steps 1000 
INFO : 2021-01-27 16:56:30,149 : state_square_error: 21.601 reward_error: 8.074
INFO : 2021-01-27 16:56:55,330 : state_square_error: 60.305 reward_error: 16.201
INFO : 2021-01-27 16:57:20,504 : state_square_error: 38.156 reward_error: 7.161
INFO : 2021-01-27 16:57:45,684 : state_square_error: 22.015 reward_error: 1.001
INFO : 2021-01-27 16:58:10,854 : state_square_error: 30.486 reward_error: 8.982
INFO : 2021-01-27 16:58:36,053 : state_square_error: 64.221 reward_error: 4.627
INFO : 2021-01-27 16:59:01,242 : state_square_error: 30.991 reward_error: 5.011
INFO : 2021-01-27 16:59:26,442 : state_square_error: 38.662 reward_error: 9.570
INFO : 2021-01-27 16:59:51,586 : state_square_error: 62.397 reward_error: 7.327
INFO : 2021-01-27 17:00:16,751 : state_square_error: 30.383 reward_error: 4.955
INFO : 2021-01-27 17:00:41,681 : episode: 65 score: 1817.4 100 games avg: 1817.4 steps 1000 
INFO : 2021-01-27 17:01:06,496 : state_square_error: 22.161 reward_error: 2.951
INFO : 2021-01-27 17:01:31,684 : state_square_error: 66.565 reward_error: 8.695
INFO : 2021-01-27 17:01:56,855 : state_square_error: 38.902 reward_error: 2.676
INFO : 2021-01-27 17:02:22,052 : state_square_error: 34.713 reward_error: 5.933
INFO : 2021-01-27 17:02:47,215 : state_square_error: 29.971 reward_error: 8.964
INFO : 2021-01-27 17:03:12,397 : state_square_error: 71.027 reward_error: 8.421
INFO : 2021-01-27 17:03:37,595 : state_square_error: 95.389 reward_error: 8.619
INFO : 2021-01-27 17:04:02,789 : state_square_error: 18.288 reward_error: 4.453
INFO : 2021-01-27 17:04:27,975 : state_square_error: 59.645 reward_error: 10.547
INFO : 2021-01-27 17:04:53,159 : state_square_error: 42.731 reward_error: 10.369
INFO : 2021-01-27 17:05:18,091 : episode: 66 score: 2171.3 100 games avg: 2171.3 steps 1000 
INFO : 2021-01-27 17:05:43,328 : state_square_error: 64.937 reward_error: 5.852
INFO : 2021-01-27 17:06:08,517 : state_square_error: 42.194 reward_error: 5.862
INFO : 2021-01-27 17:06:33,712 : state_square_error: 36.072 reward_error: 7.903
INFO : 2021-01-27 17:06:58,891 : state_square_error: 74.618 reward_error: 11.162
INFO : 2021-01-27 17:07:24,052 : state_square_error: 27.488 reward_error: 6.465
INFO : 2021-01-27 17:07:49,242 : state_square_error: 57.413 reward_error: 9.306
INFO : 2021-01-27 17:08:14,425 : state_square_error: 80.833 reward_error: 15.032
INFO : 2021-01-27 17:08:39,608 : state_square_error: 44.063 reward_error: 5.021
INFO : 2021-01-27 17:09:04,803 : state_square_error: 31.679 reward_error: 6.739
INFO : 2021-01-27 17:09:29,991 : state_square_error: 55.467 reward_error: 14.397
INFO : 2021-01-27 17:09:54,909 : episode: 67 score: 2092.5 100 games avg: 2092.5 steps 1000 
INFO : 2021-01-27 17:10:20,504 : state_square_error: 36.718 reward_error: 7.872
INFO : 2021-01-27 17:10:45,679 : state_square_error: 38.628 reward_error: 11.679
INFO : 2021-01-27 17:11:10,880 : state_square_error: 17.045 reward_error: 5.820
INFO : 2021-01-27 17:11:36,069 : state_square_error: 26.271 reward_error: 6.992
INFO : 2021-01-27 17:12:01,271 : state_square_error: 38.270 reward_error: 11.125
INFO : 2021-01-27 17:12:26,483 : state_square_error: 35.076 reward_error: 9.692
INFO : 2021-01-27 17:12:51,671 : state_square_error: 33.223 reward_error: 7.150
INFO : 2021-01-27 17:13:16,858 : state_square_error: 32.392 reward_error: 13.873
INFO : 2021-01-27 17:13:42,048 : state_square_error: 24.693 reward_error: 7.338
INFO : 2021-01-27 17:14:07,243 : state_square_error: 34.951 reward_error: 10.661
INFO : 2021-01-27 17:14:32,173 : episode: 68 score: 2205.2 100 games avg: 2205.2 steps 1000 
INFO : 2021-01-27 17:14:58,145 : state_square_error: 30.788 reward_error: 7.544
INFO : 2021-01-27 17:15:23,362 : state_square_error: 17.726 reward_error: 4.570
INFO : 2021-01-27 17:15:48,554 : state_square_error: 37.605 reward_error: 10.905
INFO : 2021-01-27 17:16:13,746 : state_square_error: 101.250 reward_error: 24.317
INFO : 2021-01-27 17:16:38,932 : state_square_error: 15.955 reward_error: 8.019
INFO : 2021-01-27 17:17:04,112 : state_square_error: 38.569 reward_error: 5.454
INFO : 2021-01-27 17:17:29,303 : state_square_error: 11.206 reward_error: 6.407
INFO : 2021-01-27 17:17:54,474 : state_square_error: 39.535 reward_error: 13.323
INFO : 2021-01-27 17:18:19,663 : state_square_error: 36.620 reward_error: 3.992
INFO : 2021-01-27 17:18:44,869 : state_square_error: 10.677 reward_error: 17.272
INFO : 2021-01-27 17:19:09,812 : episode: 69 score: 2149.9 100 games avg: 2149.9 steps 1000 
INFO : 2021-01-27 17:19:36,146 : state_square_error: 27.575 reward_error: 4.390
INFO : 2021-01-27 17:20:01,339 : state_square_error: 41.695 reward_error: 13.195
INFO : 2021-01-27 17:20:26,533 : state_square_error: 26.223 reward_error: 2.760
INFO : 2021-01-27 17:20:51,725 : state_square_error: 38.880 reward_error: 5.601
INFO : 2021-01-27 17:21:16,939 : state_square_error: 19.199 reward_error: 3.218
INFO : 2021-01-27 17:21:42,139 : state_square_error: 13.055 reward_error: 11.073
INFO : 2021-01-27 17:22:07,339 : state_square_error: 29.944 reward_error: 3.974
INFO : 2021-01-27 17:22:32,526 : state_square_error: 67.865 reward_error: 14.772
INFO : 2021-01-27 17:22:57,717 : state_square_error: 42.105 reward_error: 8.836
INFO : 2021-01-27 17:23:22,920 : state_square_error: 28.272 reward_error: 13.352
INFO : 2021-01-27 17:23:47,861 : episode: 70 score: 2202.1 100 games avg: 2202.1 steps 1000 
INFO : 2021-01-27 17:24:14,561 : state_square_error: 38.532 reward_error: 6.221
INFO : 2021-01-27 17:24:39,784 : state_square_error: 22.186 reward_error: 6.308
INFO : 2021-01-27 17:25:04,992 : state_square_error: 65.580 reward_error: 12.380
INFO : 2021-01-27 17:25:30,173 : state_square_error: 58.947 reward_error: 4.061
INFO : 2021-01-27 17:25:55,358 : state_square_error: 24.117 reward_error: 9.390
INFO : 2021-01-27 17:26:20,552 : state_square_error: 8.994 reward_error: 3.138
INFO : 2021-01-27 17:26:45,745 : state_square_error: 18.879 reward_error: 13.656
INFO : 2021-01-27 17:27:10,957 : state_square_error: 11.899 reward_error: 12.409
INFO : 2021-01-27 17:27:36,166 : state_square_error: 77.587 reward_error: 2.122
INFO : 2021-01-27 17:28:01,397 : state_square_error: 114.798 reward_error: 14.906
INFO : 2021-01-27 17:28:26,345 : episode: 71 score: 2268.0 100 games avg: 2268.0 steps 1000 
INFO : 2021-01-27 17:28:53,429 : state_square_error: 58.731 reward_error: 6.881
INFO : 2021-01-27 17:29:18,620 : state_square_error: 12.110 reward_error: 10.774
INFO : 2021-01-27 17:29:43,813 : state_square_error: 34.356 reward_error: 5.622
INFO : 2021-01-27 17:30:09,006 : state_square_error: 32.155 reward_error: 0.859
INFO : 2021-01-27 17:30:34,199 : state_square_error: 3.802 reward_error: 3.041
INFO : 2021-01-27 17:30:59,390 : state_square_error: 125.069 reward_error: 13.398
INFO : 2021-01-27 17:31:24,581 : state_square_error: 43.450 reward_error: 11.704
INFO : 2021-01-27 17:31:49,772 : state_square_error: 49.016 reward_error: 4.259
INFO : 2021-01-27 17:32:14,958 : state_square_error: 38.231 reward_error: 2.276
INFO : 2021-01-27 17:32:40,151 : state_square_error: 22.532 reward_error: 15.360
INFO : 2021-01-27 17:33:05,096 : episode: 72 score: 2061.8 100 games avg: 2061.8 steps 1000 
INFO : 2021-01-27 17:33:32,728 : state_square_error: 28.406 reward_error: 7.205
INFO : 2021-01-27 17:33:57,920 : state_square_error: 46.496 reward_error: 8.401
INFO : 2021-01-27 17:34:23,110 : state_square_error: 66.338 reward_error: 8.559
INFO : 2021-01-27 17:34:48,298 : state_square_error: 15.472 reward_error: 12.868
INFO : 2021-01-27 17:35:13,489 : state_square_error: 7.967 reward_error: 7.856
INFO : 2021-01-27 17:35:38,670 : state_square_error: 98.379 reward_error: 11.390
INFO : 2021-01-27 17:36:03,891 : state_square_error: 33.490 reward_error: 4.499
INFO : 2021-01-27 17:36:29,079 : state_square_error: 24.384 reward_error: 7.668
INFO : 2021-01-27 17:36:54,300 : state_square_error: 21.036 reward_error: 2.884
INFO : 2021-01-27 17:37:19,486 : state_square_error: 87.913 reward_error: 8.295
INFO : 2021-01-27 17:37:44,431 : episode: 73 score: 672.5 100 games avg: 672.5 steps 1000 
INFO : 2021-01-27 17:38:12,620 : state_square_error: 36.680 reward_error: 4.734
INFO : 2021-01-27 17:38:37,809 : state_square_error: 5.381 reward_error: 15.735
INFO : 2021-01-27 17:39:03,007 : state_square_error: 27.415 reward_error: 3.246
INFO : 2021-01-27 17:39:28,197 : state_square_error: 52.052 reward_error: 9.251
INFO : 2021-01-27 17:39:53,387 : state_square_error: 25.345 reward_error: 11.122
INFO : 2021-01-27 17:40:18,581 : state_square_error: 47.822 reward_error: 15.140
INFO : 2021-01-27 17:40:43,794 : state_square_error: 12.773 reward_error: 5.554
INFO : 2021-01-27 17:41:09,005 : state_square_error: 37.713 reward_error: 9.220
INFO : 2021-01-27 17:41:34,180 : state_square_error: 35.929 reward_error: 21.884
INFO : 2021-01-27 17:41:59,398 : state_square_error: 38.261 reward_error: 7.502
INFO : 2021-01-27 17:42:24,363 : episode: 74 score: 2313.4 100 games avg: 2313.4 steps 1000 
INFO : 2021-01-27 17:42:52,892 : state_square_error: 14.831 reward_error: 5.891
INFO : 2021-01-27 17:43:18,078 : state_square_error: 79.121 reward_error: 4.881
INFO : 2021-01-27 17:43:43,269 : state_square_error: 16.017 reward_error: 1.806
INFO : 2021-01-27 17:44:08,460 : state_square_error: 56.119 reward_error: 5.087
INFO : 2021-01-27 17:44:33,654 : state_square_error: 31.867 reward_error: 2.831
INFO : 2021-01-27 17:44:58,845 : state_square_error: 18.526 reward_error: 6.756
INFO : 2021-01-27 17:45:24,059 : state_square_error: 57.874 reward_error: 4.872
INFO : 2021-01-27 17:45:49,249 : state_square_error: 112.910 reward_error: 3.174
INFO : 2021-01-27 17:46:14,429 : state_square_error: 76.147 reward_error: 5.018
INFO : 2021-01-27 17:46:39,617 : state_square_error: 12.639 reward_error: 13.870
INFO : 2021-01-27 17:47:04,529 : episode: 75 score: 2207.7 100 games avg: 2207.7 steps 1000 
INFO : 2021-01-27 17:47:33,622 : state_square_error: 29.227 reward_error: 6.389
INFO : 2021-01-27 17:47:58,800 : state_square_error: 15.762 reward_error: 10.127
INFO : 2021-01-27 17:48:23,996 : state_square_error: 108.194 reward_error: 4.962
INFO : 2021-01-27 17:48:49,175 : state_square_error: 36.872 reward_error: 8.734
INFO : 2021-01-27 17:49:14,367 : state_square_error: 48.343 reward_error: 4.913
INFO : 2021-01-27 17:49:39,528 : state_square_error: 40.941 reward_error: 8.606
INFO : 2021-01-27 17:50:04,701 : state_square_error: 11.623 reward_error: 14.474
INFO : 2021-01-27 17:50:29,872 : state_square_error: 18.385 reward_error: 1.625
INFO : 2021-01-27 17:50:55,044 : state_square_error: 51.194 reward_error: 20.845
INFO : 2021-01-27 17:51:20,207 : state_square_error: 40.867 reward_error: 14.414
INFO : 2021-01-27 17:51:45,160 : episode: 76 score: 2590.2 100 games avg: 2590.2 steps 1000 
INFO : 2021-01-27 17:52:14,877 : state_square_error: 38.706 reward_error: 6.064
INFO : 2021-01-27 17:52:40,070 : state_square_error: 9.088 reward_error: 0.876
INFO : 2021-01-27 17:53:05,261 : state_square_error: 35.474 reward_error: 3.904
INFO : 2021-01-27 17:53:30,450 : state_square_error: 26.759 reward_error: 12.102
INFO : 2021-01-27 17:53:55,634 : state_square_error: 19.903 reward_error: 9.774
INFO : 2021-01-27 17:54:20,857 : state_square_error: 62.369 reward_error: 5.650
