INFO : 2021-02-02 16:45:08,282 : method: Model Predictive Contorol
INFO : 2021-02-02 16:45:08,283 : parameter n_steps: 200 ensemble_size: 5 env: Hopper-v2
INFO : 2021-02-02 16:45:10,922 : mpc horizon: 5 mpc_samples: 100 elite_sample: 30 grad_steps: 10
INFO : 2021-02-02 16:45:10,922 : mpc_function policy-kl4
INFO : 2021-02-02 16:45:10,922 : policy-kl4
INFO : 2021-02-02 16:45:16,060 : episode: 0 score: 73.4 100 games avg: 73.4 steps 45 
INFO : 2021-02-02 16:45:21,138 : episode: 1 score: 71.8 100 games avg: 71.8 steps 44 
INFO : 2021-02-02 16:45:26,525 : episode: 2 score: 75.7 100 games avg: 75.7 steps 46 
INFO : 2021-02-02 16:45:31,724 : episode: 3 score: 73.2 100 games avg: 73.2 steps 45 
INFO : 2021-02-02 16:45:36,919 : episode: 4 score: 73.6 100 games avg: 73.6 steps 45 
INFO : 2021-02-02 16:45:43,181 : episode: 5 score: 88.4 100 games avg: 88.4 steps 51 
INFO : 2021-02-02 16:45:47,800 : episode: 6 score: 56.0 100 games avg: 56.0 steps 34 
INFO : 2021-02-02 16:45:54,098 : episode: 7 score: 52.3 100 games avg: 52.3 steps 47 
INFO : 2021-02-02 16:45:56,016 : episode: 8 score: 15.8 100 games avg: 15.8 steps 14 
INFO : 2021-02-02 16:45:57,680 : episode: 9 score: 11.2 100 games avg: 11.2 steps 12 
INFO : 2021-02-02 16:45:59,608 : episode: 10 score: 12.5 100 games avg: 12.5 steps 14 
INFO : 2021-02-02 16:46:01,140 : episode: 11 score: 10.6 100 games avg: 10.6 steps 11 
INFO : 2021-02-02 16:46:02,671 : episode: 12 score: 10.7 100 games avg: 10.7 steps 11 
INFO : 2021-02-02 16:46:04,202 : episode: 13 score: 10.7 100 games avg: 10.7 steps 11 
INFO : 2021-02-02 16:46:05,728 : episode: 14 score: 11.0 100 games avg: 11.0 steps 11 
INFO : 2021-02-02 16:46:07,273 : episode: 15 score: 9.8 100 games avg: 9.8 steps 11 
INFO : 2021-02-02 16:46:08,969 : episode: 16 score: 13.0 100 games avg: 13.0 steps 12 
INFO : 2021-02-02 16:46:10,644 : episode: 17 score: 12.7 100 games avg: 12.7 steps 12 
INFO : 2021-02-02 16:46:12,309 : episode: 18 score: 12.3 100 games avg: 12.3 steps 12 
INFO : 2021-02-02 16:46:13,989 : episode: 19 score: 11.5 100 games avg: 11.5 steps 12 
INFO : 2021-02-02 16:46:16,047 : episode: 20 score: 18.5 100 games avg: 18.5 steps 15 
INFO : 2021-02-02 16:46:18,846 : episode: 21 score: 28.8 100 games avg: 28.8 steps 20 
INFO : 2021-02-02 16:46:22,053 : episode: 22 score: 39.6 100 games avg: 39.6 steps 23 
INFO : 2021-02-02 16:46:25,807 : episode: 23 score: 46.7 100 games avg: 46.7 steps 27 
INFO : 2021-02-02 16:46:33,428 : episode: 24 score: 97.2 100 games avg: 97.2 steps 56 
INFO : 2021-02-02 16:46:38,645 : episode: 25 score: 63.7 100 games avg: 63.7 steps 38 
INFO : 2021-02-02 16:46:44,748 : episode: 26 score: 77.5 100 games avg: 77.5 steps 45 
INFO : 2021-02-02 16:46:49,912 : episode: 27 score: 64.9 100 games avg: 64.9 steps 38 
INFO : 2021-02-02 16:46:55,255 : episode: 28 score: 68.0 100 games avg: 68.0 steps 39 
INFO : 2021-02-02 16:46:58,921 : episode: 29 score: 45.2 100 games avg: 45.2 steps 26 
INFO : 2021-02-02 16:47:02,582 : episode: 30 score: 44.5 100 games avg: 44.5 steps 26 
INFO : 2021-02-02 16:47:06,286 : episode: 31 score: 44.7 100 games avg: 44.7 steps 26 
INFO : 2021-02-02 16:47:09,693 : episode: 32 score: 42.0 100 games avg: 42.0 steps 24 
INFO : 2021-02-02 16:47:12,964 : episode: 33 score: 39.7 100 games avg: 39.7 steps 23 
INFO : 2021-02-02 16:47:16,389 : episode: 34 score: 41.5 100 games avg: 41.5 steps 24 
INFO : 2021-02-02 16:47:19,683 : episode: 35 score: 39.6 100 games avg: 39.6 steps 23 
INFO : 2021-02-02 16:47:22,961 : episode: 36 score: 39.9 100 games avg: 39.9 steps 23 
INFO : 2021-02-02 16:47:26,629 : episode: 37 score: 45.2 100 games avg: 45.2 steps 26 
INFO : 2021-02-02 16:47:29,906 : episode: 38 score: 40.0 100 games avg: 40.0 steps 23 
INFO : 2021-02-02 16:47:33,386 : episode: 39 score: 41.5 100 games avg: 41.5 steps 24 
INFO : 2021-02-02 16:47:37,124 : episode: 40 score: 44.9 100 games avg: 44.9 steps 26 
INFO : 2021-02-02 16:47:41,052 : episode: 41 score: 48.1 100 games avg: 48.1 steps 27 
INFO : 2021-02-02 16:47:44,666 : episode: 42 score: 43.8 100 games avg: 43.8 steps 25 
INFO : 2021-02-02 16:47:48,935 : episode: 43 score: 53.1 100 games avg: 53.1 steps 30 
INFO : 2021-02-02 16:47:53,204 : episode: 44 score: 53.8 100 games avg: 53.8 steps 30 
INFO : 2021-02-02 16:47:56,558 : episode: 45 score: 40.2 100 games avg: 40.2 steps 23 
INFO : 2021-02-02 16:48:01,374 : episode: 46 score: 61.9 100 games avg: 61.9 steps 34 
INFO : 2021-02-02 16:48:04,953 : episode: 47 score: 41.7 100 games avg: 41.7 steps 24 
INFO : 2021-02-02 16:48:08,508 : episode: 48 score: 42.3 100 games avg: 42.3 steps 24 
INFO : 2021-02-02 16:48:13,271 : episode: 49 score: 55.6 100 games avg: 55.6 steps 33 
INFO : 2021-02-02 16:48:25,204 : episode: 50 score: 171.4 100 games avg: 171.4 steps 87 
INFO : 2021-02-02 16:48:32,858 : episode: 51 score: 97.5 100 games avg: 97.5 steps 55 
INFO : 2021-02-02 16:48:39,208 : episode: 52 score: 83.8 100 games avg: 83.8 steps 45 
INFO : 2021-02-02 16:48:45,956 : episode: 53 score: 89.4 100 games avg: 89.4 steps 48 
INFO : 2021-02-02 16:48:52,521 : episode: 54 score: 84.1 100 games avg: 84.1 steps 46 
INFO : 2021-02-02 16:48:58,136 : episode: 55 score: 70.6 100 games avg: 70.6 steps 39 
INFO : 2021-02-02 16:49:03,743 : episode: 56 score: 70.6 100 games avg: 70.6 steps 39 
INFO : 2021-02-02 16:49:08,288 : episode: 57 score: 55.9 100 games avg: 55.9 steps 31 
INFO : 2021-02-02 16:49:14,480 : episode: 58 score: 78.4 100 games avg: 78.4 steps 43 
INFO : 2021-02-02 16:49:21,543 : episode: 59 score: 91.6 100 games avg: 91.6 steps 50 
INFO : 2021-02-02 16:49:27,620 : episode: 60 score: 77.9 100 games avg: 77.9 steps 42 
INFO : 2021-02-02 16:49:33,459 : episode: 61 score: 73.2 100 games avg: 73.2 steps 40 
INFO : 2021-02-02 16:49:38,878 : episode: 62 score: 67.2 100 games avg: 67.2 steps 37 
INFO : 2021-02-02 16:49:43,899 : episode: 63 score: 62.2 100 games avg: 62.2 steps 34 
INFO : 2021-02-02 16:49:51,040 : episode: 64 score: 91.3 100 games avg: 91.3 steps 50 
INFO : 2021-02-02 16:49:57,548 : episode: 65 score: 83.7 100 games avg: 83.7 steps 45 
INFO : 2021-02-02 16:50:06,460 : episode: 66 score: 115.6 100 games avg: 115.6 steps 63 
INFO : 2021-02-02 16:50:15,783 : episode: 67 score: 120.8 100 games avg: 120.8 steps 66 
INFO : 2021-02-02 16:50:27,895 : episode: 68 score: 173.7 100 games avg: 173.7 steps 86 
INFO : 2021-02-02 16:50:39,864 : episode: 69 score: 169.5 100 games avg: 169.5 steps 86 
INFO : 2021-02-02 16:50:51,969 : episode: 70 score: 168.0 100 games avg: 168.0 steps 86 
INFO : 2021-02-02 16:51:03,154 : episode: 71 score: 153.4 100 games avg: 153.4 steps 79 
INFO : 2021-02-02 16:51:15,376 : episode: 72 score: 172.6 100 games avg: 172.6 steps 87 
INFO : 2021-02-02 16:51:27,498 : episode: 73 score: 172.0 100 games avg: 172.0 steps 86 
INFO : 2021-02-02 16:51:39,646 : episode: 74 score: 171.4 100 games avg: 171.4 steps 86 
INFO : 2021-02-02 16:51:51,912 : episode: 75 score: 171.9 100 games avg: 171.9 steps 87 
INFO : 2021-02-02 16:52:04,238 : episode: 76 score: 175.0 100 games avg: 175.0 steps 87 
INFO : 2021-02-02 16:52:16,136 : episode: 77 score: 173.4 100 games avg: 173.4 steps 84 
INFO : 2021-02-02 16:52:28,301 : episode: 78 score: 171.6 100 games avg: 171.6 steps 86 
INFO : 2021-02-02 16:52:40,780 : episode: 79 score: 173.0 100 games avg: 173.0 steps 87 
INFO : 2021-02-02 16:52:53,133 : episode: 80 score: 171.7 100 games avg: 171.7 steps 87 
INFO : 2021-02-02 16:53:05,538 : episode: 81 score: 173.3 100 games avg: 173.3 steps 87 
INFO : 2021-02-02 16:53:17,819 : episode: 82 score: 173.3 100 games avg: 173.3 steps 86 
INFO : 2021-02-02 16:53:30,177 : episode: 83 score: 170.6 100 games avg: 170.6 steps 86 
INFO : 2021-02-02 16:53:42,478 : episode: 84 score: 170.7 100 games avg: 170.7 steps 86 
INFO : 2021-02-02 16:53:55,048 : episode: 85 score: 174.1 100 games avg: 174.1 steps 87 
INFO : 2021-02-02 16:54:07,400 : episode: 86 score: 167.7 100 games avg: 167.7 steps 85 
INFO : 2021-02-02 16:54:20,006 : episode: 87 score: 172.8 100 games avg: 172.8 steps 87 
INFO : 2021-02-02 16:54:32,488 : episode: 88 score: 175.0 100 games avg: 175.0 steps 86 
INFO : 2021-02-02 16:54:44,895 : episode: 89 score: 167.9 100 games avg: 167.9 steps 85 
INFO : 2021-02-02 16:54:57,386 : episode: 90 score: 170.0 100 games avg: 170.0 steps 86 
INFO : 2021-02-02 16:55:10,121 : episode: 91 score: 172.2 100 games avg: 172.2 steps 87 
INFO : 2021-02-02 16:55:22,860 : episode: 92 score: 172.2 100 games avg: 172.2 steps 87 
INFO : 2021-02-02 16:55:35,482 : episode: 93 score: 172.8 100 games avg: 172.8 steps 86 
INFO : 2021-02-02 16:55:48,091 : episode: 94 score: 171.7 100 games avg: 171.7 steps 85 
INFO : 2021-02-02 16:56:00,864 : episode: 95 score: 172.4 100 games avg: 172.4 steps 87 
INFO : 2021-02-02 16:56:13,747 : episode: 96 score: 171.3 100 games avg: 171.3 steps 87 
INFO : 2021-02-02 16:56:26,497 : episode: 97 score: 169.5 100 games avg: 169.5 steps 86 
INFO : 2021-02-02 16:56:39,826 : episode: 98 score: 174.1 100 games avg: 174.1 steps 90 
INFO : 2021-02-02 16:56:52,636 : episode: 99 score: 171.7 100 games avg: 171.7 steps 86 
INFO : 2021-02-02 16:57:05,694 : episode: 100 score: 174.3 100 games avg: 174.3 steps 87 
INFO : 2021-02-02 16:57:15,334 : episode: 101 score: 109.3 100 games avg: 109.3 steps 62 
INFO : 2021-02-02 16:57:27,949 : episode: 102 score: 173.2 100 games avg: 173.2 steps 84 
INFO : 2021-02-02 16:57:41,221 : episode: 103 score: 174.8 100 games avg: 174.8 steps 89 
INFO : 2021-02-02 16:57:53,898 : episode: 104 score: 175.0 100 games avg: 175.0 steps 84 
INFO : 2021-02-02 16:58:06,978 : episode: 105 score: 173.0 100 games avg: 173.0 steps 87 
INFO : 2021-02-02 16:58:19,980 : episode: 106 score: 173.1 100 games avg: 173.1 steps 86 
INFO : 2021-02-02 16:58:33,023 : episode: 107 score: 171.0 100 games avg: 171.0 steps 86 
INFO : 2021-02-02 16:58:46,101 : episode: 108 score: 171.7 100 games avg: 171.7 steps 87 
INFO : 2021-02-02 16:58:59,096 : episode: 109 score: 173.0 100 games avg: 173.0 steps 85 
INFO : 2021-02-02 16:59:12,199 : episode: 110 score: 172.8 100 games avg: 172.8 steps 86 
INFO : 2021-02-02 16:59:25,333 : episode: 111 score: 172.2 100 games avg: 172.2 steps 86 
INFO : 2021-02-02 16:59:38,507 : episode: 112 score: 170.2 100 games avg: 170.2 steps 86 
INFO : 2021-02-02 16:59:51,701 : episode: 113 score: 173.3 100 games avg: 173.3 steps 86 
INFO : 2021-02-02 16:59:56,357 : episode: 114 score: 38.3 100 games avg: 38.3 steps 22 
INFO : 2021-02-02 17:00:09,396 : episode: 115 score: 173.0 100 games avg: 173.0 steps 84 
INFO : 2021-02-02 17:00:22,853 : episode: 116 score: 174.4 100 games avg: 174.4 steps 88 
INFO : 2021-02-02 17:00:35,716 : episode: 117 score: 174.3 100 games avg: 174.3 steps 83 
INFO : 2021-02-02 17:00:48,988 : episode: 118 score: 168.3 100 games avg: 168.3 steps 86 
INFO : 2021-02-02 17:01:02,059 : episode: 119 score: 167.3 100 games avg: 167.3 steps 84 
INFO : 2021-02-02 17:01:15,319 : episode: 120 score: 170.7 100 games avg: 170.7 steps 86 
INFO : 2021-02-02 17:01:28,609 : episode: 121 score: 168.8 100 games avg: 168.8 steps 85 
INFO : 2021-02-02 17:01:41,824 : episode: 122 score: 166.4 100 games avg: 166.4 steps 85 
INFO : 2021-02-02 17:01:54,872 : episode: 123 score: 161.7 100 games avg: 161.7 steps 83 
INFO : 2021-02-02 17:01:59,834 : episode: 124 score: 38.2 100 games avg: 38.2 steps 22 
INFO : 2021-02-02 17:02:12,398 : episode: 125 score: 152.2 100 games avg: 152.2 steps 79 
INFO : 2021-02-02 17:02:25,815 : episode: 126 score: 172.2 100 games avg: 172.2 steps 86 
INFO : 2021-02-02 17:02:39,328 : episode: 127 score: 173.4 100 games avg: 173.4 steps 86 
INFO : 2021-02-02 17:02:52,700 : episode: 128 score: 175.2 100 games avg: 175.2 steps 85 
