INFO : 2021-02-01 11:49:38,762 : method: Model Predictive Contorol
INFO : 2021-02-01 11:49:38,763 : parameter n_steps: 200 ensemble_size: 5 env: Ant-v2
INFO : 2021-02-01 11:49:41,824 : mpc horizon: 10 mpc_samples: 100 elite_sample: 30 grad_steps: 10
INFO : 2021-02-01 11:49:41,825 : mpc_function policy
INFO : 2021-02-01 11:49:41,825 : policy
INFO : 2021-02-01 11:51:14,396 : episode: 0 score: 266.9 100 games avg: 266.9 steps 294 
INFO : 2021-02-01 11:53:10,665 : episode: 1 score: -214.0 100 games avg: -214.0 steps 315 
INFO : 2021-02-01 11:53:21,423 : episode: 2 score: -0.8 100 games avg: -0.8 steps 27 
INFO : 2021-02-01 11:53:41,282 : episode: 3 score: -43.9 100 games avg: -43.9 steps 53 
INFO : 2021-02-01 11:54:11,813 : episode: 4 score: -103.3 100 games avg: -103.3 steps 82 
INFO : 2021-02-01 12:00:28,607 : episode: 5 score: 3.9 100 games avg: 3.9 steps 1000 
INFO : 2021-02-01 12:06:38,943 : episode: 6 score: 251.9 100 games avg: 251.9 steps 1000 
INFO : 2021-02-01 12:07:36,245 : episode: 7 score: 46.2 100 games avg: 46.2 steps 136 
INFO : 2021-02-01 12:08:14,185 : episode: 8 score: 15.8 100 games avg: 15.8 steps 92 
INFO : 2021-02-01 12:14:27,663 : episode: 9 score: 420.0 100 games avg: 420.0 steps 1000 
INFO : 2021-02-01 12:20:44,346 : episode: 10 score: 371.5 100 games avg: 371.5 steps 1000 
INFO : 2021-02-01 12:21:16,954 : episode: 11 score: 42.7 100 games avg: 42.7 steps 81 
INFO : 2021-02-01 12:27:43,633 : episode: 12 score: 393.6 100 games avg: 393.6 steps 1000 
INFO : 2021-02-01 12:29:49,826 : episode: 13 score: 81.5 100 games avg: 81.5 steps 321 
INFO : 2021-02-01 12:36:13,645 : episode: 14 score: 470.6 100 games avg: 470.6 steps 1000 
INFO : 2021-02-01 12:42:36,994 : episode: 15 score: 561.0 100 games avg: 561.0 steps 1000 
INFO : 2021-02-01 12:49:03,294 : episode: 16 score: 561.2 100 games avg: 561.2 steps 1000 
INFO : 2021-02-01 12:55:29,628 : episode: 17 score: 531.2 100 games avg: 531.2 steps 1000 
INFO : 2021-02-01 13:01:58,973 : episode: 18 score: 646.4 100 games avg: 646.4 steps 1000 
INFO : 2021-02-01 13:05:59,668 : episode: 19 score: 282.6 100 games avg: 282.6 steps 624 
INFO : 2021-02-01 13:07:04,914 : episode: 20 score: 93.7 100 games avg: 93.7 steps 154 
INFO : 2021-02-01 13:07:22,904 : episode: 21 score: 0.7 100 games avg: 0.7 steps 31 
INFO : 2021-02-01 13:07:39,689 : episode: 22 score: 17.7 100 games avg: 17.7 steps 26 
INFO : 2021-02-01 13:14:14,990 : episode: 23 score: 505.3 100 games avg: 505.3 steps 1000 
