INFO : 2021-01-31 02:04:57,066 : method: Model Predictive Contorol
INFO : 2021-01-31 02:04:57,067 : parameter n_steps: 100 ensemble_size: 5 env: HalfCheetah-v2
INFO : 2021-01-31 02:04:59,910 : mpc horizon: 5 mpc_samples: 100 elite_sample: 30 grad_steps: 10
INFO : 2021-01-31 02:04:59,911 : mpc_function policy-kl3
INFO : 2021-01-31 02:04:59,911 : polic-kl3
INFO : 2021-01-31 02:08:29,533 : episode: 0 score: -79.0 100 games avg: -79.0 steps 1000 
INFO : 2021-01-31 02:12:04,604 : episode: 1 score: -164.5 100 games avg: -164.5 steps 1000 
INFO : 2021-01-31 02:15:40,805 : episode: 2 score: -121.9 100 games avg: -121.9 steps 1000 
INFO : 2021-01-31 02:19:43,486 : episode: 3 score: -174.7 100 games avg: -174.7 steps 1000 
INFO : 2021-01-31 02:23:19,972 : episode: 4 score: -101.3 100 games avg: -101.3 steps 1000 
INFO : 2021-01-31 02:26:54,544 : episode: 5 score: -144.3 100 games avg: -144.3 steps 1000 
INFO : 2021-01-31 02:31:11,522 : episode: 6 score: -97.2 100 games avg: -97.2 steps 1000 
INFO : 2021-01-31 02:34:49,126 : episode: 7 score: -123.1 100 games avg: -123.1 steps 1000 
INFO : 2021-01-31 02:38:27,462 : episode: 8 score: -128.7 100 games avg: -128.7 steps 1000 
INFO : 2021-01-31 02:42:06,110 : episode: 9 score: -44.1 100 games avg: -44.1 steps 1000 
INFO : 2021-01-31 02:45:45,473 : episode: 10 score: -93.7 100 games avg: -93.7 steps 1000 
INFO : 2021-01-31 02:49:31,720 : episode: 11 score: -86.3 100 games avg: -86.3 steps 1000 
INFO : 2021-01-31 02:53:30,420 : episode: 12 score: -31.6 100 games avg: -31.6 steps 1000 
INFO : 2021-01-31 02:57:09,271 : episode: 13 score: 25.2 100 games avg: 25.2 steps 1000 
INFO : 2021-01-31 03:00:45,928 : episode: 14 score: 84.3 100 games avg: 84.3 steps 1000 
INFO : 2021-01-31 03:04:28,076 : episode: 15 score: 26.7 100 games avg: 26.7 steps 1000 
INFO : 2021-01-31 03:08:24,022 : episode: 16 score: 160.2 100 games avg: 160.2 steps 1000 
INFO : 2021-01-31 03:12:05,327 : episode: 17 score: 105.2 100 games avg: 105.2 steps 1000 
INFO : 2021-01-31 03:15:46,658 : episode: 18 score: 55.9 100 games avg: 55.9 steps 1000 
INFO : 2021-01-31 03:19:27,428 : episode: 19 score: 154.8 100 games avg: 154.8 steps 1000 
INFO : 2021-01-31 03:23:12,963 : episode: 20 score: 350.9 100 games avg: 350.9 steps 1000 
