INFO : 2021-01-24 16:23:50,463 : method: Model Predictive Contorol
INFO : 2021-01-24 16:23:50,464 : parameter n_steps: 100 ensemble_size: 5 env: Ant-v2
INFO : 2021-01-24 16:23:54,592 : mpc horizon: 30 mpc_samples: 100 elite_sample: 30 grad_steps: 10
INFO : 2021-01-24 16:23:54,592 : mpc_function policy
INFO : 2021-01-24 16:23:54,592 : policy
INFO : 2021-01-24 16:34:18,162 : episode: 0 score: 122.5 100 games avg: 122.5 steps 544 
INFO : 2021-01-24 16:36:33,562 : episode: 1 score: -102.7 100 games avg: -102.7 steps 115 
INFO : 2021-01-24 16:37:46,647 : episode: 2 score: -20.5 100 games avg: -20.5 steps 63 
INFO : 2021-01-24 16:57:16,080 : episode: 3 score: -95.4 100 games avg: -95.4 steps 1000 
INFO : 2021-01-24 17:00:43,666 : episode: 4 score: 36.2 100 games avg: 36.2 steps 176 
INFO : 2021-01-24 17:20:25,868 : episode: 5 score: 408.2 100 games avg: 408.2 steps 1000 
INFO : 2021-01-24 17:40:09,635 : episode: 6 score: 476.1 100 games avg: 476.1 steps 1000 
INFO : 2021-01-24 17:47:02,179 : episode: 7 score: 205.3 100 games avg: 205.3 steps 347 
INFO : 2021-01-24 18:06:55,233 : episode: 8 score: 538.8 100 games avg: 538.8 steps 1000 
INFO : 2021-01-24 18:26:44,801 : episode: 9 score: 596.5 100 games avg: 596.5 steps 1000 
INFO : 2021-01-24 18:31:14,877 : episode: 10 score: 97.3 100 games avg: 97.3 steps 222 
INFO : 2021-01-24 18:51:14,597 : episode: 11 score: 521.9 100 games avg: 521.9 steps 1000 
INFO : 2021-01-24 19:11:13,763 : episode: 12 score: 489.0 100 games avg: 489.0 steps 1000 
INFO : 2021-01-24 19:22:13,327 : episode: 13 score: 348.9 100 games avg: 348.9 steps 543 
INFO : 2021-01-24 19:42:20,984 : episode: 14 score: 495.1 100 games avg: 495.1 steps 1000 
INFO : 2021-01-24 19:44:43,207 : episode: 15 score: 60.3 100 games avg: 60.3 steps 116 
INFO : 2021-01-24 20:04:58,211 : episode: 16 score: 394.8 100 games avg: 394.8 steps 1000 
INFO : 2021-01-24 20:25:08,602 : episode: 17 score: 495.0 100 games avg: 495.0 steps 1000 
INFO : 2021-01-24 20:27:25,193 : episode: 18 score: 60.0 100 games avg: 60.0 steps 106 
INFO : 2021-01-24 20:30:25,203 : episode: 19 score: 31.8 100 games avg: 31.8 steps 142 
INFO : 2021-01-24 20:32:00,045 : episode: 20 score: 38.9 100 games avg: 38.9 steps 74 
INFO : 2021-01-24 20:52:15,195 : episode: 21 score: 356.2 100 games avg: 356.2 steps 1000 
INFO : 2021-01-24 21:12:33,028 : episode: 22 score: 386.0 100 games avg: 386.0 steps 1000 
INFO : 2021-01-24 21:32:53,075 : episode: 23 score: 603.2 100 games avg: 603.2 steps 1000 
INFO : 2021-01-24 21:53:07,731 : episode: 24 score: 514.3 100 games avg: 514.3 steps 1000 
INFO : 2021-01-24 22:13:36,695 : episode: 25 score: 329.7 100 games avg: 329.7 steps 1000 
INFO : 2021-01-24 22:34:12,538 : episode: 26 score: 539.8 100 games avg: 539.8 steps 1000 
INFO : 2021-01-24 22:54:34,495 : episode: 27 score: 638.4 100 games avg: 638.4 steps 1000 
INFO : 2021-01-24 23:15:12,792 : episode: 28 score: 553.5 100 games avg: 553.5 steps 1000 
INFO : 2021-01-24 23:35:44,866 : episode: 29 score: 610.6 100 games avg: 610.6 steps 1000 
INFO : 2021-01-24 23:44:52,293 : episode: 30 score: 277.3 100 games avg: 277.3 steps 441 
INFO : 2021-01-24 23:51:04,114 : episode: 31 score: 180.0 100 games avg: 180.0 steps 288 
INFO : 2021-01-25 00:11:28,889 : episode: 32 score: 615.7 100 games avg: 615.7 steps 1000 
INFO : 2021-01-25 00:32:08,344 : episode: 33 score: 581.7 100 games avg: 581.7 steps 1000 
INFO : 2021-01-25 00:52:41,815 : episode: 34 score: 648.0 100 games avg: 648.0 steps 1000 
INFO : 2021-01-25 01:13:34,824 : episode: 35 score: 690.7 100 games avg: 690.7 steps 1000 
INFO : 2021-01-25 01:14:09,050 : episode: 36 score: 3.8 100 games avg: 3.8 steps 16 
