INFO : 2020-12-19 17:26:08,439 : method: Model Predictive Contorol
INFO : 2020-12-19 17:26:08,440 : parameter n_steps: 100 ensemble_size: 5 env: HalfCheetah-v2
INFO : 2020-12-19 17:26:17,884 : mpc horizon: 10 mpc_samples: 100 grad_steps: 10
INFO : 2020-12-19 17:26:17,884 : mpc_function policy
INFO : 2020-12-19 17:29:05,108 : episode: 0 score: -330.2 100 games avg: -330.2 steps 1000 
INFO : 2020-12-19 17:31:53,260 : episode: 1 score: -240.7 100 games avg: -240.7 steps 1000 
INFO : 2020-12-19 17:34:41,278 : episode: 2 score: -179.5 100 games avg: -179.5 steps 1000 
INFO : 2020-12-19 17:37:29,975 : episode: 3 score: -19.8 100 games avg: -19.8 steps 1000 
INFO : 2020-12-19 17:40:19,140 : episode: 4 score: -232.3 100 games avg: -232.3 steps 1000 
INFO : 2020-12-19 17:43:08,512 : episode: 5 score: -254.1 100 games avg: -254.1 steps 1000 
INFO : 2020-12-19 17:45:58,163 : episode: 6 score: -205.3 100 games avg: -205.3 steps 1000 
INFO : 2020-12-19 17:48:48,207 : episode: 7 score: -220.1 100 games avg: -220.1 steps 1000 
INFO : 2020-12-19 17:51:38,353 : episode: 8 score: -288.2 100 games avg: -288.2 steps 1000 
INFO : 2020-12-19 17:54:28,857 : episode: 9 score: -149.9 100 games avg: -149.9 steps 1000 
INFO : 2020-12-19 17:57:19,746 : episode: 10 score: -238.7 100 games avg: -238.7 steps 1000 
INFO : 2020-12-19 18:00:10,408 : episode: 11 score: -237.6 100 games avg: -237.6 steps 1000 
INFO : 2020-12-19 18:03:01,825 : episode: 12 score: -214.8 100 games avg: -214.8 steps 1000 
INFO : 2020-12-19 18:05:53,388 : episode: 13 score: -194.7 100 games avg: -194.7 steps 1000 
INFO : 2020-12-19 18:08:45,524 : episode: 14 score: -155.8 100 games avg: -155.8 steps 1000 
INFO : 2020-12-19 18:11:37,656 : episode: 15 score: 38.9 100 games avg: 38.9 steps 1000 
INFO : 2020-12-19 18:14:30,371 : episode: 16 score: -48.4 100 games avg: -48.4 steps 1000 
INFO : 2020-12-19 18:17:23,343 : episode: 17 score: 21.3 100 games avg: 21.3 steps 1000 
INFO : 2020-12-19 18:20:16,036 : episode: 18 score: -140.8 100 games avg: -140.8 steps 1000 
INFO : 2020-12-19 18:23:09,504 : episode: 19 score: -93.2 100 games avg: -93.2 steps 1000 
INFO : 2020-12-19 18:26:03,283 : episode: 20 score: 15.1 100 games avg: 15.1 steps 1000 
INFO : 2020-12-19 18:28:57,645 : episode: 21 score: -166.0 100 games avg: -166.0 steps 1000 
INFO : 2020-12-19 18:31:51,791 : episode: 22 score: -106.1 100 games avg: -106.1 steps 1000 
INFO : 2020-12-19 18:34:46,582 : episode: 23 score: 810.3 100 games avg: 810.3 steps 1000 
INFO : 2020-12-19 18:37:41,552 : episode: 24 score: 311.7 100 games avg: 311.7 steps 1000 
INFO : 2020-12-19 18:40:36,939 : episode: 25 score: 519.6 100 games avg: 519.6 steps 1000 
INFO : 2020-12-19 18:43:32,253 : episode: 26 score: 664.8 100 games avg: 664.8 steps 1000 
INFO : 2020-12-19 18:46:27,969 : episode: 27 score: 785.8 100 games avg: 785.8 steps 1000 
INFO : 2020-12-19 18:49:23,875 : episode: 28 score: 1354.4 100 games avg: 1354.4 steps 1000 
INFO : 2020-12-19 18:52:20,557 : episode: 29 score: 1346.2 100 games avg: 1346.2 steps 1000 
INFO : 2020-12-19 18:55:17,415 : episode: 30 score: 1611.7 100 games avg: 1611.7 steps 1000 
INFO : 2020-12-19 18:58:14,901 : episode: 31 score: 1590.3 100 games avg: 1590.3 steps 1000 
INFO : 2020-12-19 19:01:12,722 : episode: 32 score: 1377.1 100 games avg: 1377.1 steps 1000 
INFO : 2020-12-19 19:04:10,918 : episode: 33 score: 543.6 100 games avg: 543.6 steps 1000 
INFO : 2020-12-19 19:07:09,437 : episode: 34 score: 1467.3 100 games avg: 1467.3 steps 1000 
INFO : 2020-12-19 19:10:08,838 : episode: 35 score: 1874.7 100 games avg: 1874.7 steps 1000 
INFO : 2020-12-19 19:13:08,550 : episode: 36 score: 1411.1 100 games avg: 1411.1 steps 1000 
INFO : 2020-12-19 19:16:08,740 : episode: 37 score: 1265.1 100 games avg: 1265.1 steps 1000 
INFO : 2020-12-19 19:19:08,797 : episode: 38 score: 2245.8 100 games avg: 2245.8 steps 1000 
INFO : 2020-12-19 19:22:09,278 : episode: 39 score: 2159.1 100 games avg: 2159.1 steps 1000 
INFO : 2020-12-19 19:25:09,336 : episode: 40 score: 2534.2 100 games avg: 2534.2 steps 1000 
INFO : 2020-12-19 19:28:09,934 : episode: 41 score: 2161.4 100 games avg: 2161.4 steps 1000 
INFO : 2020-12-19 19:31:10,806 : episode: 42 score: 1488.4 100 games avg: 1488.4 steps 1000 
INFO : 2020-12-19 19:34:11,639 : episode: 43 score: 1714.0 100 games avg: 1714.0 steps 1000 
INFO : 2020-12-19 19:37:12,530 : episode: 44 score: 1995.3 100 games avg: 1995.3 steps 1000 
INFO : 2020-12-19 19:40:13,509 : episode: 45 score: 2033.0 100 games avg: 2033.0 steps 1000 
INFO : 2020-12-19 19:43:15,018 : episode: 46 score: 2191.1 100 games avg: 2191.1 steps 1000 
INFO : 2020-12-19 19:46:16,592 : episode: 47 score: 2337.6 100 games avg: 2337.6 steps 1000 
INFO : 2020-12-19 19:49:18,828 : episode: 48 score: 2262.6 100 games avg: 2262.6 steps 1000 
INFO : 2020-12-19 19:52:21,295 : episode: 49 score: 1175.1 100 games avg: 1175.1 steps 1000 
INFO : 2020-12-19 19:55:24,060 : episode: 50 score: 2548.3 100 games avg: 2548.3 steps 1000 
INFO : 2020-12-19 19:58:27,227 : episode: 51 score: 3007.0 100 games avg: 3007.0 steps 1000 
INFO : 2020-12-19 20:01:30,932 : episode: 52 score: 1671.7 100 games avg: 1671.7 steps 1000 
INFO : 2020-12-19 20:04:34,759 : episode: 53 score: 404.6 100 games avg: 404.6 steps 1000 
INFO : 2020-12-19 20:07:38,636 : episode: 54 score: 838.9 100 games avg: 838.9 steps 1000 
INFO : 2020-12-19 20:10:43,059 : episode: 55 score: 2984.8 100 games avg: 2984.8 steps 1000 
INFO : 2020-12-19 20:13:47,827 : episode: 56 score: 2868.6 100 games avg: 2868.6 steps 1000 
INFO : 2020-12-19 20:16:52,830 : episode: 57 score: 2607.6 100 games avg: 2607.6 steps 1000 
INFO : 2020-12-19 20:19:58,062 : episode: 58 score: 3548.3 100 games avg: 3548.3 steps 1000 
INFO : 2020-12-19 20:23:03,764 : episode: 59 score: 3520.4 100 games avg: 3520.4 steps 1000 
INFO : 2020-12-19 20:26:09,131 : episode: 60 score: 532.5 100 games avg: 532.5 steps 1000 
INFO : 2020-12-19 20:29:15,361 : episode: 61 score: 3309.8 100 games avg: 3309.8 steps 1000 
INFO : 2020-12-19 20:32:21,956 : episode: 62 score: 3219.9 100 games avg: 3219.9 steps 1000 
INFO : 2020-12-19 20:35:28,389 : episode: 63 score: 3630.6 100 games avg: 3630.6 steps 1000 
INFO : 2020-12-19 20:38:35,619 : episode: 64 score: 3587.7 100 games avg: 3587.7 steps 1000 
INFO : 2020-12-19 20:41:42,559 : episode: 65 score: 3526.2 100 games avg: 3526.2 steps 1000 
INFO : 2020-12-19 20:44:50,423 : episode: 66 score: 3799.8 100 games avg: 3799.8 steps 1000 
INFO : 2020-12-19 20:47:58,472 : episode: 67 score: 3599.0 100 games avg: 3599.0 steps 1000 
INFO : 2020-12-19 20:51:06,546 : episode: 68 score: 3470.3 100 games avg: 3470.3 steps 1000 
INFO : 2020-12-19 20:54:15,100 : episode: 69 score: 3720.3 100 games avg: 3720.3 steps 1000 
INFO : 2020-12-19 20:57:24,109 : episode: 70 score: 3893.5 100 games avg: 3893.5 steps 1000 
INFO : 2020-12-19 21:00:33,192 : episode: 71 score: 3681.6 100 games avg: 3681.6 steps 1000 
INFO : 2020-12-19 21:03:42,650 : episode: 72 score: 3804.6 100 games avg: 3804.6 steps 1000 
INFO : 2020-12-19 21:06:52,485 : episode: 73 score: 3664.7 100 games avg: 3664.7 steps 1000 
INFO : 2020-12-19 21:10:02,478 : episode: 74 score: 3920.9 100 games avg: 3920.9 steps 1000 
INFO : 2020-12-19 21:13:12,771 : episode: 75 score: 3700.2 100 games avg: 3700.2 steps 1000 
INFO : 2020-12-19 21:16:23,679 : episode: 76 score: 3681.9 100 games avg: 3681.9 steps 1000 
INFO : 2020-12-19 21:19:34,753 : episode: 77 score: 3819.3 100 games avg: 3819.3 steps 1000 
INFO : 2020-12-19 21:22:46,273 : episode: 78 score: 3721.7 100 games avg: 3721.7 steps 1000 
INFO : 2020-12-19 21:25:58,073 : episode: 79 score: 3750.2 100 games avg: 3750.2 steps 1000 
INFO : 2020-12-19 21:29:11,142 : episode: 80 score: 3632.7 100 games avg: 3632.7 steps 1000 
INFO : 2020-12-19 21:32:24,824 : episode: 81 score: 3900.5 100 games avg: 3900.5 steps 1000 
INFO : 2020-12-19 21:35:39,079 : episode: 82 score: 3975.7 100 games avg: 3975.7 steps 1000 
INFO : 2020-12-19 21:38:53,871 : episode: 83 score: 3877.8 100 games avg: 3877.8 steps 1000 
INFO : 2020-12-19 21:42:09,345 : episode: 84 score: 4043.5 100 games avg: 4043.5 steps 1000 
INFO : 2020-12-19 21:45:25,050 : episode: 85 score: 3963.8 100 games avg: 3963.8 steps 1000 
INFO : 2020-12-19 21:48:41,159 : episode: 86 score: 3881.3 100 games avg: 3881.3 steps 1000 
INFO : 2020-12-19 21:51:57,335 : episode: 87 score: 4020.5 100 games avg: 4020.5 steps 1000 
INFO : 2020-12-19 21:55:13,882 : episode: 88 score: 4042.5 100 games avg: 4042.5 steps 1000 
INFO : 2020-12-19 21:58:30,439 : episode: 89 score: 3722.6 100 games avg: 3722.6 steps 1000 
INFO : 2020-12-19 22:01:47,503 : episode: 90 score: 4060.6 100 games avg: 4060.6 steps 1000 
INFO : 2020-12-19 22:05:04,654 : episode: 91 score: 3984.1 100 games avg: 3984.1 steps 1000 
INFO : 2020-12-19 22:08:21,375 : episode: 92 score: 818.0 100 games avg: 818.0 steps 1000 
INFO : 2020-12-19 22:11:38,828 : episode: 93 score: 1699.3 100 games avg: 1699.3 steps 1000 
INFO : 2020-12-19 22:14:56,223 : episode: 94 score: 2011.6 100 games avg: 2011.6 steps 1000 
INFO : 2020-12-19 22:18:13,751 : episode: 95 score: 3776.1 100 games avg: 3776.1 steps 1000 
INFO : 2020-12-19 22:21:31,342 : episode: 96 score: 4058.9 100 games avg: 4058.9 steps 1000 
INFO : 2020-12-19 22:24:49,144 : episode: 97 score: 3643.0 100 games avg: 3643.0 steps 1000 
INFO : 2020-12-19 22:28:06,683 : episode: 98 score: 4285.1 100 games avg: 4285.1 steps 1000 
INFO : 2020-12-19 22:31:24,514 : episode: 99 score: 4231.6 100 games avg: 4231.6 steps 1000 
