INFO : 2021-02-02 10:40:36,085 : method: Model Predictive Contorol
INFO : 2021-02-02 10:40:36,086 : parameter n_steps: 200 ensemble_size: 5 env: Hopper-v2
INFO : 2021-02-02 10:40:40,075 : mpc horizon: 5 mpc_samples: 100 elite_sample: 30 grad_steps: 10
INFO : 2021-02-02 10:40:40,076 : mpc_function policy-kl5
INFO : 2021-02-02 10:40:40,077 : policy-kl5
INFO : 2021-02-02 10:40:55,865 : episode: 0 score: 41.3 100 games avg: 41.3 steps 58 
INFO : 2021-02-02 10:41:13,164 : episode: 1 score: 46.4 100 games avg: 46.4 steps 66 
INFO : 2021-02-02 10:41:26,702 : episode: 2 score: 38.9 100 games avg: 38.9 steps 53 
INFO : 2021-02-02 10:41:39,828 : episode: 3 score: 35.7 100 games avg: 35.7 steps 55 
INFO : 2021-02-02 10:41:55,061 : episode: 4 score: 33.6 100 games avg: 33.6 steps 60 
INFO : 2021-02-02 10:42:06,335 : episode: 5 score: 46.4 100 games avg: 46.4 steps 43 
INFO : 2021-02-02 10:42:15,254 : episode: 6 score: 51.2 100 games avg: 51.2 steps 31 
INFO : 2021-02-02 10:42:33,542 : episode: 7 score: 67.6 100 games avg: 67.6 steps 64 
INFO : 2021-02-02 10:42:47,081 : episode: 8 score: 68.4 100 games avg: 68.4 steps 47 
INFO : 2021-02-02 10:42:53,586 : episode: 9 score: 39.7 100 games avg: 39.7 steps 23 
INFO : 2021-02-02 10:43:03,742 : episode: 10 score: 57.0 100 games avg: 57.0 steps 35 
INFO : 2021-02-02 10:43:10,332 : episode: 11 score: 38.0 100 games avg: 38.0 steps 22 
INFO : 2021-02-02 10:43:17,385 : episode: 12 score: 41.4 100 games avg: 41.4 steps 24 
INFO : 2021-02-02 10:43:25,337 : episode: 13 score: 46.8 100 games avg: 46.8 steps 28 
INFO : 2021-02-02 10:43:31,628 : episode: 14 score: 36.2 100 games avg: 36.2 steps 21 
INFO : 2021-02-02 10:43:38,769 : episode: 15 score: 41.4 100 games avg: 41.4 steps 24 
INFO : 2021-02-02 10:43:46,061 : episode: 16 score: 41.6 100 games avg: 41.6 steps 24 
INFO : 2021-02-02 10:43:53,333 : episode: 17 score: 43.8 100 games avg: 43.8 steps 26 
INFO : 2021-02-02 10:43:59,622 : episode: 18 score: 41.1 100 games avg: 41.1 steps 24 
INFO : 2021-02-02 10:44:06,242 : episode: 19 score: 42.7 100 games avg: 42.7 steps 25 
INFO : 2021-02-02 10:44:14,061 : episode: 20 score: 45.3 100 games avg: 45.3 steps 27 
INFO : 2021-02-02 10:44:22,180 : episode: 21 score: 42.7 100 games avg: 42.7 steps 25 
INFO : 2021-02-02 10:44:29,309 : episode: 22 score: 40.0 100 games avg: 40.0 steps 23 
INFO : 2021-02-02 10:44:37,420 : episode: 23 score: 42.4 100 games avg: 42.4 steps 25 
INFO : 2021-02-02 10:44:45,403 : episode: 24 score: 42.8 100 games avg: 42.8 steps 25 
INFO : 2021-02-02 10:44:52,008 : episode: 25 score: 37.1 100 games avg: 37.1 steps 21 
INFO : 2021-02-02 10:44:59,386 : episode: 26 score: 39.6 100 games avg: 39.6 steps 23 
INFO : 2021-02-02 10:45:07,049 : episode: 27 score: 39.5 100 games avg: 39.5 steps 23 
INFO : 2021-02-02 10:45:14,755 : episode: 28 score: 41.3 100 games avg: 41.3 steps 24 
INFO : 2021-02-02 10:45:22,340 : episode: 29 score: 41.5 100 games avg: 41.5 steps 24 
INFO : 2021-02-02 10:45:29,166 : episode: 30 score: 39.5 100 games avg: 39.5 steps 23 
INFO : 2021-02-02 10:45:37,053 : episode: 31 score: 45.2 100 games avg: 45.2 steps 26 
INFO : 2021-02-02 10:45:44,358 : episode: 32 score: 41.2 100 games avg: 41.2 steps 24 
INFO : 2021-02-02 10:45:52,053 : episode: 33 score: 44.1 100 games avg: 44.1 steps 25 
INFO : 2021-02-02 10:46:03,581 : episode: 34 score: 73.2 100 games avg: 73.2 steps 40 
INFO : 2021-02-02 10:46:14,780 : episode: 35 score: 67.0 100 games avg: 67.0 steps 37 
INFO : 2021-02-02 10:46:22,455 : episode: 36 score: 43.2 100 games avg: 43.2 steps 25 
INFO : 2021-02-02 10:46:35,486 : episode: 37 score: 79.1 100 games avg: 79.1 steps 43 
INFO : 2021-02-02 10:46:52,758 : episode: 38 score: 105.6 100 games avg: 105.6 steps 58 
INFO : 2021-02-02 10:47:14,151 : episode: 39 score: 128.6 100 games avg: 128.6 steps 69 
INFO : 2021-02-02 10:47:27,944 : episode: 40 score: 78.5 100 games avg: 78.5 steps 45 
INFO : 2021-02-02 10:47:44,475 : episode: 41 score: 98.1 100 games avg: 98.1 steps 54 
INFO : 2021-02-02 10:47:53,175 : episode: 42 score: 57.0 100 games avg: 57.0 steps 32 
INFO : 2021-02-02 10:48:07,194 : episode: 43 score: 89.2 100 games avg: 89.2 steps 49 
INFO : 2021-02-02 10:48:19,031 : episode: 44 score: 72.4 100 games avg: 72.4 steps 40 
INFO : 2021-02-02 10:48:32,844 : episode: 45 score: 88.7 100 games avg: 88.7 steps 48 
INFO : 2021-02-02 10:48:47,072 : episode: 46 score: 85.9 100 games avg: 85.9 steps 46 
INFO : 2021-02-02 10:49:06,589 : episode: 47 score: 116.3 100 games avg: 116.3 steps 63 
INFO : 2021-02-02 10:49:21,840 : episode: 48 score: 90.8 100 games avg: 90.8 steps 49 
INFO : 2021-02-02 10:49:39,973 : episode: 49 score: 103.6 100 games avg: 103.6 steps 56 
INFO : 2021-02-02 10:49:56,137 : episode: 50 score: 99.1 100 games avg: 99.1 steps 53 
INFO : 2021-02-02 10:50:15,663 : episode: 51 score: 115.9 100 games avg: 115.9 steps 63 
INFO : 2021-02-02 10:50:32,402 : episode: 52 score: 108.5 100 games avg: 108.5 steps 59 
INFO : 2021-02-02 10:50:50,489 : episode: 53 score: 120.1 100 games avg: 120.1 steps 65 
INFO : 2021-02-02 10:51:11,425 : episode: 54 score: 139.4 100 games avg: 139.4 steps 77 
INFO : 2021-02-02 10:51:30,561 : episode: 55 score: 106.0 100 games avg: 106.0 steps 61 
INFO : 2021-02-02 10:51:50,500 : episode: 56 score: 115.7 100 games avg: 115.7 steps 66 
INFO : 2021-02-02 10:52:08,918 : episode: 57 score: 105.1 100 games avg: 105.1 steps 60 
INFO : 2021-02-02 10:52:26,620 : episode: 58 score: 99.8 100 games avg: 99.8 steps 57 
INFO : 2021-02-02 10:52:42,066 : episode: 59 score: 96.2 100 games avg: 96.2 steps 54 
INFO : 2021-02-02 10:52:59,543 : episode: 60 score: 109.6 100 games avg: 109.6 steps 63 
INFO : 2021-02-02 10:53:17,906 : episode: 61 score: 114.9 100 games avg: 114.9 steps 65 
INFO : 2021-02-02 10:53:40,001 : episode: 62 score: 136.4 100 games avg: 136.4 steps 75 
INFO : 2021-02-02 10:54:06,010 : episode: 63 score: 155.5 100 games avg: 155.5 steps 82 
INFO : 2021-02-02 10:54:33,482 : episode: 64 score: 170.5 100 games avg: 170.5 steps 87 
INFO : 2021-02-02 10:55:01,295 : episode: 65 score: 162.8 100 games avg: 162.8 steps 85 
INFO : 2021-02-02 10:55:28,288 : episode: 66 score: 160.0 100 games avg: 160.0 steps 82 
INFO : 2021-02-02 10:55:54,311 : episode: 67 score: 171.4 100 games avg: 171.4 steps 87 
INFO : 2021-02-02 10:56:22,143 : episode: 68 score: 171.0 100 games avg: 171.0 steps 87 
INFO : 2021-02-02 10:56:48,902 : episode: 69 score: 175.8 100 games avg: 175.8 steps 86 
INFO : 2021-02-02 10:57:15,051 : episode: 70 score: 176.3 100 games avg: 176.3 steps 87 
INFO : 2021-02-02 10:57:38,295 : episode: 71 score: 174.5 100 games avg: 174.5 steps 86 
INFO : 2021-02-02 10:58:02,512 : episode: 72 score: 168.7 100 games avg: 168.7 steps 87 
INFO : 2021-02-02 10:58:28,176 : episode: 73 score: 173.6 100 games avg: 173.6 steps 87 
INFO : 2021-02-02 10:58:52,186 : episode: 74 score: 157.7 100 games avg: 157.7 steps 79 
INFO : 2021-02-02 10:59:12,069 : episode: 75 score: 111.6 100 games avg: 111.6 steps 62 
INFO : 2021-02-02 10:59:19,935 : episode: 76 score: 37.8 100 games avg: 37.8 steps 22 
INFO : 2021-02-02 10:59:40,754 : episode: 77 score: 121.7 100 games avg: 121.7 steps 67 
INFO : 2021-02-02 11:00:08,168 : episode: 78 score: 173.2 100 games avg: 173.2 steps 88 
INFO : 2021-02-02 11:00:34,445 : episode: 79 score: 169.2 100 games avg: 169.2 steps 86 
INFO : 2021-02-02 11:01:00,079 : episode: 80 score: 167.2 100 games avg: 167.2 steps 82 
INFO : 2021-02-02 11:01:25,378 : episode: 81 score: 158.5 100 games avg: 158.5 steps 80 
INFO : 2021-02-02 11:01:53,332 : episode: 82 score: 172.1 100 games avg: 172.1 steps 87 
INFO : 2021-02-02 11:02:18,801 : episode: 83 score: 166.8 100 games avg: 166.8 steps 83 
INFO : 2021-02-02 11:02:45,237 : episode: 84 score: 174.6 100 games avg: 174.6 steps 86 
INFO : 2021-02-02 11:03:06,821 : episode: 85 score: 124.0 100 games avg: 124.0 steps 67 
INFO : 2021-02-02 11:03:32,116 : episode: 86 score: 171.2 100 games avg: 171.2 steps 87 
INFO : 2021-02-02 11:03:57,471 : episode: 87 score: 172.1 100 games avg: 172.1 steps 84 
INFO : 2021-02-02 11:04:24,826 : episode: 88 score: 169.2 100 games avg: 169.2 steps 85 
INFO : 2021-02-02 11:04:51,838 : episode: 89 score: 169.5 100 games avg: 169.5 steps 86 
INFO : 2021-02-02 11:05:18,231 : episode: 90 score: 169.5 100 games avg: 169.5 steps 85 
INFO : 2021-02-02 11:05:45,001 : episode: 91 score: 170.1 100 games avg: 170.1 steps 87 
INFO : 2021-02-02 11:06:10,285 : episode: 92 score: 174.7 100 games avg: 174.7 steps 84 
INFO : 2021-02-02 11:06:37,217 : episode: 93 score: 171.4 100 games avg: 171.4 steps 87 
INFO : 2021-02-02 11:07:02,301 : episode: 94 score: 157.7 100 games avg: 157.7 steps 82 
INFO : 2021-02-02 11:07:27,759 : episode: 95 score: 162.9 100 games avg: 162.9 steps 84 
INFO : 2021-02-02 11:07:54,619 : episode: 96 score: 167.4 100 games avg: 167.4 steps 85 
INFO : 2021-02-02 11:08:21,529 : episode: 97 score: 170.5 100 games avg: 170.5 steps 85 
INFO : 2021-02-02 11:08:50,238 : episode: 98 score: 185.4 100 games avg: 185.4 steps 90 
INFO : 2021-02-02 11:09:21,217 : episode: 99 score: 182.8 100 games avg: 182.8 steps 92 
INFO : 2021-02-02 11:09:47,691 : episode: 100 score: 170.4 100 games avg: 170.4 steps 84 
INFO : 2021-02-02 11:10:12,263 : episode: 101 score: 167.5 100 games avg: 167.5 steps 81 
INFO : 2021-02-02 11:10:40,613 : episode: 102 score: 167.2 100 games avg: 167.2 steps 86 
INFO : 2021-02-02 11:11:08,372 : episode: 103 score: 164.3 100 games avg: 164.3 steps 82 
INFO : 2021-02-02 11:11:37,015 : episode: 104 score: 160.0 100 games avg: 160.0 steps 83 
INFO : 2021-02-02 11:12:06,066 : episode: 105 score: 165.4 100 games avg: 165.4 steps 86 
INFO : 2021-02-02 11:12:33,581 : episode: 106 score: 169.4 100 games avg: 169.4 steps 88 
INFO : 2021-02-02 11:12:59,316 : episode: 107 score: 166.0 100 games avg: 166.0 steps 86 
INFO : 2021-02-02 11:13:25,705 : episode: 108 score: 169.1 100 games avg: 169.1 steps 85 
INFO : 2021-02-02 11:13:50,567 : episode: 109 score: 154.4 100 games avg: 154.4 steps 81 
INFO : 2021-02-02 11:14:19,173 : episode: 110 score: 178.1 100 games avg: 178.1 steps 92 
INFO : 2021-02-02 11:14:46,697 : episode: 111 score: 174.0 100 games avg: 174.0 steps 90 
INFO : 2021-02-02 11:15:14,487 : episode: 112 score: 171.9 100 games avg: 171.9 steps 89 
INFO : 2021-02-02 11:15:41,656 : episode: 113 score: 159.8 100 games avg: 159.8 steps 83 
INFO : 2021-02-02 11:16:12,936 : episode: 114 score: 172.5 100 games avg: 172.5 steps 90 
INFO : 2021-02-02 11:16:43,162 : episode: 115 score: 171.0 100 games avg: 171.0 steps 89 
INFO : 2021-02-02 11:17:09,367 : episode: 116 score: 147.2 100 games avg: 147.2 steps 77 
INFO : 2021-02-02 11:17:36,471 : episode: 117 score: 148.6 100 games avg: 148.6 steps 78 
INFO : 2021-02-02 11:18:04,944 : episode: 118 score: 172.0 100 games avg: 172.0 steps 89 
INFO : 2021-02-02 11:18:30,940 : episode: 119 score: 151.5 100 games avg: 151.5 steps 79 
INFO : 2021-02-02 11:18:55,748 : episode: 120 score: 154.1 100 games avg: 154.1 steps 80 
INFO : 2021-02-02 11:19:23,209 : episode: 121 score: 170.4 100 games avg: 170.4 steps 87 
INFO : 2021-02-02 11:19:49,525 : episode: 122 score: 168.7 100 games avg: 168.7 steps 86 
INFO : 2021-02-02 11:20:02,475 : episode: 123 score: 8.9 100 games avg: 8.9 steps 36 
INFO : 2021-02-02 11:20:30,013 : episode: 124 score: 179.9 100 games avg: 179.9 steps 90 
INFO : 2021-02-02 11:20:59,024 : episode: 125 score: 184.8 100 games avg: 184.8 steps 94 
INFO : 2021-02-02 11:21:13,142 : episode: 126 score: 8.9 100 games avg: 8.9 steps 35 
INFO : 2021-02-02 11:21:26,858 : episode: 127 score: 9.5 100 games avg: 9.5 steps 34 
INFO : 2021-02-02 11:21:58,352 : episode: 128 score: 53.9 100 games avg: 53.9 steps 94 
INFO : 2021-02-02 11:22:12,995 : episode: 129 score: 7.7 100 games avg: 7.7 steps 35 
INFO : 2021-02-02 11:22:45,686 : episode: 130 score: 185.3 100 games avg: 185.3 steps 92 
INFO : 2021-02-02 11:22:59,604 : episode: 131 score: 7.8 100 games avg: 7.8 steps 36 
INFO : 2021-02-02 11:23:25,329 : episode: 132 score: 153.2 100 games avg: 153.2 steps 80 
INFO : 2021-02-02 11:23:39,023 : episode: 133 score: 7.2 100 games avg: 7.2 steps 33 
INFO : 2021-02-02 11:23:49,998 : episode: 134 score: 37.8 100 games avg: 37.8 steps 22 
INFO : 2021-02-02 11:24:20,442 : episode: 135 score: 184.9 100 games avg: 184.9 steps 96 
INFO : 2021-02-02 11:24:50,415 : episode: 136 score: 189.9 100 games avg: 189.9 steps 99 
INFO : 2021-02-02 11:25:19,142 : episode: 137 score: 169.5 100 games avg: 169.5 steps 86 
INFO : 2021-02-02 11:25:48,440 : episode: 138 score: 177.4 100 games avg: 177.4 steps 86 
INFO : 2021-02-02 11:26:16,500 : episode: 139 score: 176.8 100 games avg: 176.8 steps 86 
INFO : 2021-02-02 11:26:45,255 : episode: 140 score: 186.2 100 games avg: 186.2 steps 87 
INFO : 2021-02-02 11:27:15,090 : episode: 141 score: 187.7 100 games avg: 187.7 steps 88 
INFO : 2021-02-02 11:27:46,525 : episode: 142 score: 188.1 100 games avg: 188.1 steps 89 
INFO : 2021-02-02 11:28:15,720 : episode: 143 score: 178.2 100 games avg: 178.2 steps 85 
INFO : 2021-02-02 11:28:45,893 : episode: 144 score: 184.0 100 games avg: 184.0 steps 86 
INFO : 2021-02-02 11:29:14,863 : episode: 145 score: 179.6 100 games avg: 179.6 steps 86 
INFO : 2021-02-02 11:29:42,283 : episode: 146 score: 178.8 100 games avg: 178.8 steps 85 
INFO : 2021-02-02 11:30:11,376 : episode: 147 score: 184.4 100 games avg: 184.4 steps 87 
INFO : 2021-02-02 11:30:40,870 : episode: 148 score: 171.7 100 games avg: 171.7 steps 85 
INFO : 2021-02-02 11:31:11,160 : episode: 149 score: 192.2 100 games avg: 192.2 steps 89 
INFO : 2021-02-02 11:31:40,154 : episode: 150 score: 185.1 100 games avg: 185.1 steps 88 
INFO : 2021-02-02 11:32:09,104 : episode: 151 score: 189.8 100 games avg: 189.8 steps 89 
INFO : 2021-02-02 11:32:39,454 : episode: 152 score: 187.1 100 games avg: 187.1 steps 89 
INFO : 2021-02-02 11:33:09,308 : episode: 153 score: 181.7 100 games avg: 181.7 steps 88 
INFO : 2021-02-02 11:33:38,930 : episode: 154 score: 198.4 100 games avg: 198.4 steps 90 
INFO : 2021-02-02 11:34:07,952 : episode: 155 score: 183.1 100 games avg: 183.1 steps 87 
INFO : 2021-02-02 11:34:38,100 : episode: 156 score: 191.7 100 games avg: 191.7 steps 90 
INFO : 2021-02-02 11:35:09,485 : episode: 157 score: 177.8 100 games avg: 177.8 steps 88 
INFO : 2021-02-02 11:35:41,107 : episode: 158 score: 186.0 100 games avg: 186.0 steps 88 
INFO : 2021-02-02 11:36:13,419 : episode: 159 score: 186.2 100 games avg: 186.2 steps 89 
INFO : 2021-02-02 11:36:45,897 : episode: 160 score: 212.1 100 games avg: 212.1 steps 94 
INFO : 2021-02-02 11:37:16,947 : episode: 161 score: 201.8 100 games avg: 201.8 steps 91 
INFO : 2021-02-02 11:37:49,710 : episode: 162 score: 211.1 100 games avg: 211.1 steps 95 
INFO : 2021-02-02 11:38:21,098 : episode: 163 score: 201.8 100 games avg: 201.8 steps 91 
INFO : 2021-02-02 11:38:52,037 : episode: 164 score: 207.9 100 games avg: 207.9 steps 94 
INFO : 2021-02-02 11:39:22,810 : episode: 165 score: 205.0 100 games avg: 205.0 steps 93 
INFO : 2021-02-02 11:39:53,835 : episode: 166 score: 201.6 100 games avg: 201.6 steps 93 
INFO : 2021-02-02 11:40:04,608 : episode: 167 score: 28.0 100 games avg: 28.0 steps 19 
INFO : 2021-02-02 11:40:15,562 : episode: 168 score: 26.9 100 games avg: 26.9 steps 18 
INFO : 2021-02-02 11:40:26,806 : episode: 169 score: 24.7 100 games avg: 24.7 steps 17 
INFO : 2021-02-02 11:40:37,995 : episode: 170 score: 24.3 100 games avg: 24.3 steps 17 
INFO : 2021-02-02 11:40:52,106 : episode: 171 score: 45.7 100 games avg: 45.7 steps 26 
INFO : 2021-02-02 11:41:26,729 : episode: 172 score: 203.2 100 games avg: 203.2 steps 93 
INFO : 2021-02-02 11:41:59,207 : episode: 173 score: 179.9 100 games avg: 179.9 steps 88 
INFO : 2021-02-02 11:42:30,472 : episode: 174 score: 205.7 100 games avg: 205.7 steps 93 
INFO : 2021-02-02 11:43:03,206 : episode: 175 score: 205.7 100 games avg: 205.7 steps 95 
INFO : 2021-02-02 11:43:34,772 : episode: 176 score: 211.5 100 games avg: 211.5 steps 97 
INFO : 2021-02-02 11:44:05,586 : episode: 177 score: 209.2 100 games avg: 209.2 steps 94 
INFO : 2021-02-02 11:44:35,980 : episode: 178 score: 192.1 100 games avg: 192.1 steps 90 
INFO : 2021-02-02 11:45:08,450 : episode: 179 score: 191.1 100 games avg: 191.1 steps 95 
INFO : 2021-02-02 11:45:40,270 : episode: 180 score: 195.7 100 games avg: 195.7 steps 93 
INFO : 2021-02-02 11:46:15,759 : episode: 181 score: 206.6 100 games avg: 206.6 steps 95 
INFO : 2021-02-02 11:46:52,489 : episode: 182 score: 199.8 100 games avg: 199.8 steps 99 
INFO : 2021-02-02 11:47:25,792 : episode: 183 score: 212.1 100 games avg: 212.1 steps 95 
INFO : 2021-02-02 11:47:59,959 : episode: 184 score: 196.2 100 games avg: 196.2 steps 101 
INFO : 2021-02-02 11:48:32,945 : episode: 185 score: 202.4 100 games avg: 202.4 steps 94 
INFO : 2021-02-02 11:49:08,067 : episode: 186 score: 192.8 100 games avg: 192.8 steps 98 
INFO : 2021-02-02 11:49:43,173 : episode: 187 score: 206.2 100 games avg: 206.2 steps 99 
INFO : 2021-02-02 11:50:17,940 : episode: 188 score: 214.3 100 games avg: 214.3 steps 96 
INFO : 2021-02-02 11:50:54,374 : episode: 189 score: 201.6 100 games avg: 201.6 steps 105 
INFO : 2021-02-02 11:51:25,989 : episode: 190 score: 197.2 100 games avg: 197.2 steps 93 
INFO : 2021-02-02 11:52:01,768 : episode: 191 score: 218.0 100 games avg: 218.0 steps 107 
INFO : 2021-02-02 11:52:36,650 : episode: 192 score: 200.5 100 games avg: 200.5 steps 99 
INFO : 2021-02-02 11:53:14,843 : episode: 193 score: 213.8 100 games avg: 213.8 steps 111 
INFO : 2021-02-02 11:53:50,324 : episode: 194 score: 207.4 100 games avg: 207.4 steps 104 
INFO : 2021-02-02 11:54:32,054 : episode: 195 score: 231.2 100 games avg: 231.2 steps 116 
INFO : 2021-02-02 11:55:11,269 : episode: 196 score: 216.2 100 games avg: 216.2 steps 106 
INFO : 2021-02-02 11:55:53,712 : episode: 197 score: 219.1 100 games avg: 219.1 steps 112 
INFO : 2021-02-02 11:56:33,532 : episode: 198 score: 210.0 100 games avg: 210.0 steps 105 
INFO : 2021-02-02 11:57:09,221 : episode: 199 score: 220.2 100 games avg: 220.2 steps 114 
