INFO : 2021-01-26 00:02:34,089 : method: Model Predictive Contorol
INFO : 2021-01-26 00:02:34,090 : parameter n_steps: 100 ensemble_size: 5 env: HalfCheetah-v2
INFO : 2021-01-26 00:02:37,287 : mpc horizon: 10 mpc_samples: 100 elite_sample: 30 grad_steps: 10
INFO : 2021-01-26 00:02:37,287 : mpc_function policy-kl2
INFO : 2021-01-26 00:02:37,287 : policy-kl2
INFO : 2021-01-26 00:02:37,540 : state_square_error: 1.565 reward_error: 3.921
INFO : 2021-01-26 00:03:03,446 : state_square_error: 1.114 reward_error: 2.746
INFO : 2021-01-26 00:03:29,182 : state_square_error: 0.641 reward_error: 1.918
INFO : 2021-01-26 00:03:55,063 : state_square_error: 25.406 reward_error: 13.862
INFO : 2021-01-26 00:04:21,129 : state_square_error: 8.304 reward_error: 10.275
INFO : 2021-01-26 00:04:47,180 : state_square_error: 14.526 reward_error: 7.449
INFO : 2021-01-26 00:05:13,217 : state_square_error: 31.371 reward_error: 15.173
INFO : 2021-01-26 00:05:39,299 : state_square_error: 50.317 reward_error: 11.897
INFO : 2021-01-26 00:06:05,453 : state_square_error: 51.003 reward_error: 7.541
INFO : 2021-01-26 00:06:31,466 : state_square_error: 21.963 reward_error: 7.071
INFO : 2021-01-26 00:06:57,330 : episode: 0 score: -99.5 100 games avg: -99.5 steps 1000 
INFO : 2021-01-26 00:06:57,848 : state_square_error: 33.526 reward_error: 8.621
INFO : 2021-01-26 00:07:23,830 : state_square_error: 12.085 reward_error: 7.602
INFO : 2021-01-26 00:07:50,056 : state_square_error: 19.371 reward_error: 6.216
INFO : 2021-01-26 00:08:16,124 : state_square_error: 17.523 reward_error: 13.428
INFO : 2021-01-26 00:08:42,189 : state_square_error: 19.981 reward_error: 12.333
INFO : 2021-01-26 00:09:08,264 : state_square_error: 29.937 reward_error: 22.554
INFO : 2021-01-26 00:09:34,261 : state_square_error: 18.892 reward_error: 10.247
INFO : 2021-01-26 00:10:00,322 : state_square_error: 9.560 reward_error: 2.323
INFO : 2021-01-26 00:10:26,404 : state_square_error: 11.159 reward_error: 19.301
INFO : 2021-01-26 00:10:52,481 : state_square_error: 22.828 reward_error: 4.496
INFO : 2021-01-26 00:11:18,295 : episode: 1 score: -283.3 100 games avg: -283.3 steps 1000 
INFO : 2021-01-26 00:11:19,145 : state_square_error: 404.736 reward_error: 23.555
INFO : 2021-01-26 00:11:45,139 : state_square_error: 2069.632 reward_error: 43.046
INFO : 2021-01-26 00:12:11,213 : state_square_error: 1235.751 reward_error: 32.787
INFO : 2021-01-26 00:12:37,313 : state_square_error: 1028.522 reward_error: 31.245
INFO : 2021-01-26 00:13:03,511 : state_square_error: 1306.151 reward_error: 39.766
INFO : 2021-01-26 00:13:29,624 : state_square_error: 444.379 reward_error: 31.133
INFO : 2021-01-26 00:13:55,716 : state_square_error: 1907.113 reward_error: 34.834
INFO : 2021-01-26 00:14:21,758 : state_square_error: 648.564 reward_error: 32.897
INFO : 2021-01-26 00:14:47,994 : state_square_error: 517.449 reward_error: 37.596
INFO : 2021-01-26 00:15:14,061 : state_square_error: 2795.344 reward_error: 45.021
INFO : 2021-01-26 00:15:39,792 : episode: 2 score: -266.0 100 games avg: -266.0 steps 1000 
INFO : 2021-01-26 00:15:40,991 : state_square_error: 579.223 reward_error: 37.637
INFO : 2021-01-26 00:16:06,952 : state_square_error: 745.697 reward_error: 24.834
INFO : 2021-01-26 00:16:32,904 : state_square_error: 481.625 reward_error: 40.405
INFO : 2021-01-26 00:16:59,065 : state_square_error: 245.426 reward_error: 21.755
INFO : 2021-01-26 00:17:25,203 : state_square_error: 725.695 reward_error: 20.230
INFO : 2021-01-26 00:17:51,401 : state_square_error: 448.656 reward_error: 21.238
INFO : 2021-01-26 00:18:17,395 : state_square_error: 528.230 reward_error: 40.054
INFO : 2021-01-26 00:18:43,455 : state_square_error: 786.652 reward_error: 36.192
INFO : 2021-01-26 00:19:09,572 : state_square_error: 1220.957 reward_error: 30.753
INFO : 2021-01-26 00:19:35,600 : state_square_error: 949.330 reward_error: 26.717
INFO : 2021-01-26 00:20:01,427 : episode: 3 score: -135.4 100 games avg: -135.4 steps 1000 
INFO : 2021-01-26 00:20:02,899 : state_square_error: 570.908 reward_error: 36.867
INFO : 2021-01-26 00:20:28,859 : state_square_error: 521.420 reward_error: 51.092
INFO : 2021-01-26 00:20:54,898 : state_square_error: 474.083 reward_error: 40.707
INFO : 2021-01-26 00:21:20,938 : state_square_error: 555.403 reward_error: 53.567
INFO : 2021-01-26 00:21:47,080 : state_square_error: 1050.366 reward_error: 36.523
INFO : 2021-01-26 00:22:13,258 : state_square_error: 772.286 reward_error: 45.442
INFO : 2021-01-26 00:22:39,389 : state_square_error: 1408.024 reward_error: 57.119
INFO : 2021-01-26 00:23:05,377 : state_square_error: 718.624 reward_error: 51.411
INFO : 2021-01-26 00:23:31,513 : state_square_error: 603.695 reward_error: 48.890
INFO : 2021-01-26 00:23:57,554 : state_square_error: 452.793 reward_error: 41.659
INFO : 2021-01-26 00:24:23,437 : episode: 4 score: -192.9 100 games avg: -192.9 steps 1000 
INFO : 2021-01-26 00:24:25,242 : state_square_error: 87.116 reward_error: 12.152
INFO : 2021-01-26 00:24:51,342 : state_square_error: 93.463 reward_error: 18.468
INFO : 2021-01-26 00:25:17,389 : state_square_error: 124.233 reward_error: 27.559
INFO : 2021-01-26 00:25:43,405 : state_square_error: 166.532 reward_error: 37.039
INFO : 2021-01-26 00:26:09,556 : state_square_error: 323.426 reward_error: 42.115
INFO : 2021-01-26 00:26:35,643 : state_square_error: 53.835 reward_error: 26.259
INFO : 2021-01-26 00:27:01,732 : state_square_error: 71.953 reward_error: 41.281
INFO : 2021-01-26 00:27:27,841 : state_square_error: 160.746 reward_error: 31.803
INFO : 2021-01-26 00:27:53,977 : state_square_error: 115.920 reward_error: 26.208
INFO : 2021-01-26 00:28:19,934 : state_square_error: 81.714 reward_error: 27.187
INFO : 2021-01-26 00:28:45,706 : episode: 5 score: -221.7 100 games avg: -221.7 steps 1000 
INFO : 2021-01-26 00:28:47,835 : state_square_error: 45.748 reward_error: 12.344
INFO : 2021-01-26 00:29:13,926 : state_square_error: 25.458 reward_error: 18.093
INFO : 2021-01-26 00:29:39,813 : state_square_error: 66.250 reward_error: 25.357
INFO : 2021-01-26 00:30:05,995 : state_square_error: 75.094 reward_error: 14.651
INFO : 2021-01-26 00:30:32,268 : state_square_error: 140.669 reward_error: 31.809
INFO : 2021-01-26 00:30:58,370 : state_square_error: 105.372 reward_error: 35.257
INFO : 2021-01-26 00:31:24,394 : state_square_error: 32.283 reward_error: 38.869
INFO : 2021-01-26 00:31:50,330 : state_square_error: 42.228 reward_error: 36.995
INFO : 2021-01-26 00:32:16,405 : state_square_error: 69.072 reward_error: 51.710
INFO : 2021-01-26 00:32:42,501 : state_square_error: 56.743 reward_error: 40.397
INFO : 2021-01-26 00:33:08,401 : episode: 6 score: -277.5 100 games avg: -277.5 steps 1000 
INFO : 2021-01-26 00:33:10,932 : state_square_error: 120.796 reward_error: 10.072
INFO : 2021-01-26 00:33:37,061 : state_square_error: 76.912 reward_error: 26.950
INFO : 2021-01-26 00:34:02,970 : state_square_error: 41.067 reward_error: 29.920
INFO : 2021-01-26 00:34:28,729 : state_square_error: 77.459 reward_error: 30.593
INFO : 2021-01-26 00:34:54,648 : state_square_error: 53.871 reward_error: 29.025
INFO : 2021-01-26 00:35:20,522 : state_square_error: 46.492 reward_error: 23.498
INFO : 2021-01-26 00:35:46,426 : state_square_error: 75.840 reward_error: 27.701
INFO : 2021-01-26 00:36:12,439 : state_square_error: 72.061 reward_error: 33.795
INFO : 2021-01-26 00:36:38,366 : state_square_error: 37.130 reward_error: 20.748
INFO : 2021-01-26 00:37:04,343 : state_square_error: 57.534 reward_error: 33.953
INFO : 2021-01-26 00:37:30,006 : episode: 7 score: -358.2 100 games avg: -358.2 steps 1000 
INFO : 2021-01-26 00:37:33,050 : state_square_error: 37.788 reward_error: 3.093
INFO : 2021-01-26 00:37:59,079 : state_square_error: 26.585 reward_error: 11.831
INFO : 2021-01-26 00:38:25,093 : state_square_error: 53.369 reward_error: 30.038
INFO : 2021-01-26 00:38:51,096 : state_square_error: 68.601 reward_error: 30.008
INFO : 2021-01-26 00:39:17,109 : state_square_error: 21.746 reward_error: 43.883
INFO : 2021-01-26 00:39:43,057 : state_square_error: 58.381 reward_error: 32.347
INFO : 2021-01-26 00:40:08,982 : state_square_error: 31.711 reward_error: 31.260
INFO : 2021-01-26 00:40:34,973 : state_square_error: 81.235 reward_error: 29.456
INFO : 2021-01-26 00:41:00,973 : state_square_error: 28.939 reward_error: 38.084
INFO : 2021-01-26 00:41:26,928 : state_square_error: 40.019 reward_error: 31.487
INFO : 2021-01-26 00:41:52,584 : episode: 8 score: -159.8 100 games avg: -159.8 steps 1000 
INFO : 2021-01-26 00:41:55,894 : state_square_error: 16.034 reward_error: 17.641
INFO : 2021-01-26 00:42:21,870 : state_square_error: 49.254 reward_error: 34.786
INFO : 2021-01-26 00:42:47,947 : state_square_error: 32.348 reward_error: 34.867
INFO : 2021-01-26 00:43:13,904 : state_square_error: 48.204 reward_error: 32.727
INFO : 2021-01-26 00:43:39,923 : state_square_error: 24.780 reward_error: 26.653
INFO : 2021-01-26 00:44:05,878 : state_square_error: 31.736 reward_error: 36.155
INFO : 2021-01-26 00:44:31,884 : state_square_error: 41.250 reward_error: 29.730
INFO : 2021-01-26 00:44:57,870 : state_square_error: 39.942 reward_error: 25.752
INFO : 2021-01-26 00:45:23,889 : state_square_error: 43.018 reward_error: 33.574
INFO : 2021-01-26 00:45:49,776 : state_square_error: 34.616 reward_error: 28.203
INFO : 2021-01-26 00:46:15,600 : episode: 9 score: -235.1 100 games avg: -235.1 steps 1000 
INFO : 2021-01-26 00:46:19,443 : state_square_error: 53.257 reward_error: 12.513
INFO : 2021-01-26 00:46:45,445 : state_square_error: 25.775 reward_error: 16.393
INFO : 2021-01-26 00:47:11,410 : state_square_error: 51.809 reward_error: 19.443
INFO : 2021-01-26 00:47:37,350 : state_square_error: 43.003 reward_error: 12.549
INFO : 2021-01-26 00:48:03,347 : state_square_error: 70.566 reward_error: 33.121
INFO : 2021-01-26 00:48:29,380 : state_square_error: 29.683 reward_error: 33.890
INFO : 2021-01-26 00:48:55,366 : state_square_error: 40.290 reward_error: 32.508
INFO : 2021-01-26 00:49:21,437 : state_square_error: 45.647 reward_error: 27.991
INFO : 2021-01-26 00:49:47,489 : state_square_error: 66.345 reward_error: 33.294
INFO : 2021-01-26 00:50:13,541 : state_square_error: 84.302 reward_error: 33.625
INFO : 2021-01-26 00:50:39,225 : episode: 10 score: -111.2 100 games avg: -111.2 steps 1000 
INFO : 2021-01-26 00:50:43,185 : state_square_error: 89.962 reward_error: 12.689
INFO : 2021-01-26 00:51:09,303 : state_square_error: 58.165 reward_error: 16.871
INFO : 2021-01-26 00:51:35,344 : state_square_error: 115.591 reward_error: 14.790
INFO : 2021-01-26 00:52:01,292 : state_square_error: 35.866 reward_error: 14.691
INFO : 2021-01-26 00:52:27,353 : state_square_error: 46.575 reward_error: 16.508
INFO : 2021-01-26 00:52:53,403 : state_square_error: 118.080 reward_error: 20.374
INFO : 2021-01-26 00:53:19,444 : state_square_error: 49.765 reward_error: 18.538
INFO : 2021-01-26 00:53:45,465 : state_square_error: 53.772 reward_error: 32.757
INFO : 2021-01-26 00:54:11,512 : state_square_error: 65.474 reward_error: 33.539
INFO : 2021-01-26 00:54:37,626 : state_square_error: 43.744 reward_error: 33.034
INFO : 2021-01-26 00:55:03,290 : episode: 11 score: -24.4 100 games avg: -24.4 steps 1000 
INFO : 2021-01-26 00:55:07,813 : state_square_error: 115.484 reward_error: 18.176
INFO : 2021-01-26 00:55:33,883 : state_square_error: 100.720 reward_error: 18.329
INFO : 2021-01-26 00:55:59,932 : state_square_error: 20.035 reward_error: 22.187
INFO : 2021-01-26 00:56:25,996 : state_square_error: 62.001 reward_error: 33.206
INFO : 2021-01-26 00:56:51,903 : state_square_error: 48.156 reward_error: 33.702
INFO : 2021-01-26 00:57:17,821 : state_square_error: 66.848 reward_error: 39.076
INFO : 2021-01-26 00:57:43,827 : state_square_error: 55.965 reward_error: 38.568
INFO : 2021-01-26 00:58:09,809 : state_square_error: 34.980 reward_error: 33.228
INFO : 2021-01-26 00:58:35,779 : state_square_error: 42.188 reward_error: 38.413
INFO : 2021-01-26 00:59:01,771 : state_square_error: 76.172 reward_error: 35.759
INFO : 2021-01-26 00:59:27,591 : episode: 12 score: -36.7 100 games avg: -36.7 steps 1000 
INFO : 2021-01-26 00:59:32,431 : state_square_error: 100.018 reward_error: 23.619
INFO : 2021-01-26 00:59:58,436 : state_square_error: 103.375 reward_error: 20.106
INFO : 2021-01-26 01:00:24,475 : state_square_error: 69.069 reward_error: 13.395
INFO : 2021-01-26 01:00:50,539 : state_square_error: 82.073 reward_error: 23.049
