INFO : 2021-01-23 02:29:31,389 : method: Model Predictive Contorol
INFO : 2021-01-23 02:29:31,390 : parameter n_steps: 100 ensemble_size: 5 env: HalfCheetah-v2
INFO : 2021-01-23 02:29:34,587 : mpc horizon: 10 mpc_samples: 100 elite_sample: 30 grad_steps: 10
INFO : 2021-01-23 02:29:34,587 : mpc_function policy-kl
INFO : 2021-01-23 02:29:34,587 : policy-kl
INFO : 2021-01-23 02:29:39,702 : state_square_error: 1.633 reward_error: 3.164
INFO : 2021-01-23 02:38:16,586 : state_square_error: 2.188 reward_error: 4.124
INFO : 2021-01-23 02:46:53,004 : state_square_error: 2.082 reward_error: 3.513
INFO : 2021-01-23 02:55:31,895 : state_square_error: 81.239 reward_error: 18.745
INFO : 2021-01-23 03:04:13,316 : state_square_error: 129.535 reward_error: 21.808
INFO : 2021-01-23 03:12:39,983 : state_square_error: 122.556 reward_error: 14.730
INFO : 2021-01-23 03:15:21,836 : state_square_error: 80.681 reward_error: 24.133
INFO : 2021-01-23 03:18:04,627 : state_square_error: 159.937 reward_error: 27.141
INFO : 2021-01-23 03:20:47,143 : state_square_error: 150.109 reward_error: 15.729
INFO : 2021-01-23 03:23:29,626 : state_square_error: 59.400 reward_error: 15.631
INFO : 2021-01-23 03:26:10,521 : episode: 0 score: -88.8 100 games avg: -88.8 steps 1000 
INFO : 2021-01-23 03:26:12,418 : state_square_error: 53.177 reward_error: 6.554
INFO : 2021-01-23 03:28:55,250 : state_square_error: 11.625 reward_error: 5.673
INFO : 2021-01-23 03:31:38,104 : state_square_error: 18.861 reward_error: 11.198
INFO : 2021-01-23 03:34:21,107 : state_square_error: 7.138 reward_error: 3.733
INFO : 2021-01-23 03:37:03,740 : state_square_error: 40.448 reward_error: 3.027
INFO : 2021-01-23 03:39:46,384 : state_square_error: 7.865 reward_error: 9.687
INFO : 2021-01-23 03:42:29,195 : state_square_error: 17.255 reward_error: 4.778
INFO : 2021-01-23 03:45:11,844 : state_square_error: 15.649 reward_error: 6.171
INFO : 2021-01-23 03:47:54,619 : state_square_error: 7.336 reward_error: 7.356
INFO : 2021-01-23 03:50:37,317 : state_square_error: 6.500 reward_error: 7.166
INFO : 2021-01-23 03:53:18,694 : episode: 1 score: -146.9 100 games avg: -146.9 steps 1000 
INFO : 2021-01-23 03:53:20,952 : state_square_error: 40.063 reward_error: 12.533
INFO : 2021-01-23 03:56:03,796 : state_square_error: 40.035 reward_error: 11.157
INFO : 2021-01-23 03:58:46,569 : state_square_error: 64.387 reward_error: 20.501
INFO : 2021-01-23 04:01:29,345 : state_square_error: 52.847 reward_error: 12.960
INFO : 2021-01-23 04:04:12,186 : state_square_error: 73.443 reward_error: 14.424
INFO : 2021-01-23 04:06:55,002 : state_square_error: 105.131 reward_error: 16.593
INFO : 2021-01-23 04:09:37,877 : state_square_error: 30.257 reward_error: 11.560
INFO : 2021-01-23 04:12:20,622 : state_square_error: 54.182 reward_error: 14.382
INFO : 2021-01-23 04:15:03,560 : state_square_error: 32.161 reward_error: 16.995
INFO : 2021-01-23 04:17:46,285 : state_square_error: 42.001 reward_error: 14.482
INFO : 2021-01-23 04:20:27,382 : episode: 2 score: -183.6 100 games avg: -183.6 steps 1000 
INFO : 2021-01-23 04:20:30,009 : state_square_error: 111.373 reward_error: 25.889
INFO : 2021-01-23 04:23:12,797 : state_square_error: 56.108 reward_error: 23.377
INFO : 2021-01-23 04:25:55,648 : state_square_error: 111.895 reward_error: 24.020
INFO : 2021-01-23 04:28:38,547 : state_square_error: 57.974 reward_error: 26.395
INFO : 2021-01-23 04:31:21,178 : state_square_error: 81.173 reward_error: 26.609
INFO : 2021-01-23 04:34:03,995 : state_square_error: 109.803 reward_error: 22.183
INFO : 2021-01-23 04:36:46,953 : state_square_error: 38.650 reward_error: 18.541
INFO : 2021-01-23 04:39:29,593 : state_square_error: 63.637 reward_error: 14.553
INFO : 2021-01-23 04:42:12,251 : state_square_error: 64.730 reward_error: 21.126
INFO : 2021-01-23 04:44:55,160 : state_square_error: 108.236 reward_error: 24.007
INFO : 2021-01-23 04:47:36,159 : episode: 3 score: -72.1 100 games avg: -72.1 steps 1000 
INFO : 2021-01-23 04:47:39,159 : state_square_error: 55.469 reward_error: 22.326
INFO : 2021-01-23 04:50:22,116 : state_square_error: 44.493 reward_error: 26.399
INFO : 2021-01-23 04:53:04,561 : state_square_error: 117.399 reward_error: 23.117
INFO : 2021-01-23 04:55:47,071 : state_square_error: 50.165 reward_error: 26.097
INFO : 2021-01-23 04:58:29,699 : state_square_error: 25.731 reward_error: 21.716
INFO : 2021-01-23 05:01:12,680 : state_square_error: 56.382 reward_error: 36.898
INFO : 2021-01-23 05:03:55,560 : state_square_error: 36.654 reward_error: 35.520
INFO : 2021-01-23 05:06:38,465 : state_square_error: 167.722 reward_error: 28.834
INFO : 2021-01-23 05:09:21,153 : state_square_error: 460.898 reward_error: 38.659
INFO : 2021-01-23 05:12:03,935 : state_square_error: 78.878 reward_error: 34.898
INFO : 2021-01-23 05:14:45,097 : episode: 4 score: -204.0 100 games avg: -204.0 steps 1000 
INFO : 2021-01-23 05:14:48,480 : state_square_error: 94.804 reward_error: 22.811
INFO : 2021-01-23 05:17:31,313 : state_square_error: 59.213 reward_error: 37.644
INFO : 2021-01-23 05:20:14,013 : state_square_error: 92.232 reward_error: 35.081
INFO : 2021-01-23 05:22:56,909 : state_square_error: 34.547 reward_error: 37.837
INFO : 2021-01-23 05:25:40,031 : state_square_error: 71.262 reward_error: 39.769
INFO : 2021-01-23 05:28:23,174 : state_square_error: 24.074 reward_error: 39.530
INFO : 2021-01-23 05:31:05,926 : state_square_error: 186.503 reward_error: 35.042
INFO : 2021-01-23 05:33:48,859 : state_square_error: 70.798 reward_error: 37.965
INFO : 2021-01-23 05:36:31,773 : state_square_error: 63.725 reward_error: 40.348
INFO : 2021-01-23 05:39:14,633 : state_square_error: 74.363 reward_error: 34.603
INFO : 2021-01-23 05:41:55,593 : episode: 5 score: -228.5 100 games avg: -228.5 steps 1000 
INFO : 2021-01-23 05:41:59,348 : state_square_error: 45.742 reward_error: 7.364
INFO : 2021-01-23 05:44:42,214 : state_square_error: 96.141 reward_error: 34.698
INFO : 2021-01-23 05:47:25,284 : state_square_error: 93.519 reward_error: 33.673
INFO : 2021-01-23 05:50:08,138 : state_square_error: 38.132 reward_error: 31.079
INFO : 2021-01-23 05:52:51,104 : state_square_error: 46.539 reward_error: 30.781
INFO : 2021-01-23 05:55:33,935 : state_square_error: 60.150 reward_error: 31.765
INFO : 2021-01-23 05:58:16,642 : state_square_error: 43.878 reward_error: 32.847
INFO : 2021-01-23 06:00:59,347 : state_square_error: 82.866 reward_error: 35.166
INFO : 2021-01-23 06:03:41,926 : state_square_error: 68.473 reward_error: 32.481
INFO : 2021-01-23 06:06:24,783 : state_square_error: 49.218 reward_error: 38.728
INFO : 2021-01-23 06:09:05,757 : episode: 6 score: -267.4 100 games avg: -267.4 steps 1000 
INFO : 2021-01-23 06:09:09,881 : state_square_error: 24.038 reward_error: 7.234
INFO : 2021-01-23 06:11:52,669 : state_square_error: 30.146 reward_error: 12.326
INFO : 2021-01-23 06:14:35,364 : state_square_error: 57.596 reward_error: 17.184
INFO : 2021-01-23 06:17:18,192 : state_square_error: 21.709 reward_error: 37.435
INFO : 2021-01-23 06:20:00,901 : state_square_error: 37.071 reward_error: 41.328
INFO : 2021-01-23 06:22:43,764 : state_square_error: 41.924 reward_error: 40.566
INFO : 2021-01-23 06:25:26,803 : state_square_error: 30.138 reward_error: 32.780
INFO : 2021-01-23 06:28:09,673 : state_square_error: 28.301 reward_error: 31.858
INFO : 2021-01-23 06:30:52,410 : state_square_error: 63.493 reward_error: 37.778
INFO : 2021-01-23 06:33:35,367 : state_square_error: 46.312 reward_error: 42.359
INFO : 2021-01-23 06:36:16,754 : episode: 7 score: -253.3 100 games avg: -253.3 steps 1000 
INFO : 2021-01-23 06:36:21,265 : state_square_error: 18.936 reward_error: 8.319
INFO : 2021-01-23 06:39:04,011 : state_square_error: 16.707 reward_error: 35.257
INFO : 2021-01-23 06:41:46,838 : state_square_error: 36.094 reward_error: 41.399
INFO : 2021-01-23 06:44:29,685 : state_square_error: 39.853 reward_error: 41.475
INFO : 2021-01-23 06:47:12,680 : state_square_error: 32.771 reward_error: 36.692
INFO : 2021-01-23 06:49:55,639 : state_square_error: 21.290 reward_error: 40.363
INFO : 2021-01-23 06:52:38,559 : state_square_error: 88.258 reward_error: 33.169
INFO : 2021-01-23 06:55:21,354 : state_square_error: 27.727 reward_error: 30.540
INFO : 2021-01-23 06:58:04,136 : state_square_error: 48.876 reward_error: 43.488
INFO : 2021-01-23 07:00:46,599 : state_square_error: 21.384 reward_error: 44.647
INFO : 2021-01-23 07:03:27,904 : episode: 8 score: -241.6 100 games avg: -241.6 steps 1000 
INFO : 2021-01-23 07:03:32,800 : state_square_error: 21.212 reward_error: 12.654
INFO : 2021-01-23 07:06:15,831 : state_square_error: 20.091 reward_error: 43.080
INFO : 2021-01-23 07:08:58,707 : state_square_error: 55.679 reward_error: 40.503
INFO : 2021-01-23 07:11:41,392 : state_square_error: 22.414 reward_error: 32.146
INFO : 2021-01-23 07:14:24,127 : state_square_error: 34.673 reward_error: 39.607
INFO : 2021-01-23 07:17:06,883 : state_square_error: 23.898 reward_error: 39.646
INFO : 2021-01-23 07:19:49,565 : state_square_error: 58.507 reward_error: 43.227
INFO : 2021-01-23 07:22:32,062 : state_square_error: 27.947 reward_error: 38.548
INFO : 2021-01-23 07:25:14,755 : state_square_error: 58.094 reward_error: 38.145
INFO : 2021-01-23 07:27:57,592 : state_square_error: 35.523 reward_error: 37.796
INFO : 2021-01-23 07:30:38,532 : episode: 9 score: -295.1 100 games avg: -295.1 steps 1000 
INFO : 2021-01-23 07:30:43,825 : state_square_error: 65.125 reward_error: 23.042
INFO : 2021-01-23 07:33:26,767 : state_square_error: 112.533 reward_error: 50.123
INFO : 2021-01-23 07:36:09,398 : state_square_error: 108.976 reward_error: 29.048
INFO : 2021-01-23 07:38:52,113 : state_square_error: 42.577 reward_error: 33.363
INFO : 2021-01-23 07:41:35,277 : state_square_error: 122.252 reward_error: 33.936
INFO : 2021-01-23 07:44:18,288 : state_square_error: 72.836 reward_error: 43.726
INFO : 2021-01-23 07:47:01,238 : state_square_error: 59.220 reward_error: 44.687
INFO : 2021-01-23 07:49:44,181 : state_square_error: 51.812 reward_error: 43.094
INFO : 2021-01-23 07:52:27,257 : state_square_error: 22.990 reward_error: 37.781
INFO : 2021-01-23 07:55:10,238 : state_square_error: 95.531 reward_error: 42.775
INFO : 2021-01-23 07:57:51,655 : episode: 10 score: -82.5 100 games avg: -82.5 steps 1000 
INFO : 2021-01-23 07:57:57,218 : state_square_error: 147.618 reward_error: 11.984
INFO : 2021-01-23 08:00:40,215 : state_square_error: 322.441 reward_error: 22.341
INFO : 2021-01-23 08:03:22,951 : state_square_error: 51.512 reward_error: 29.646
INFO : 2021-01-23 08:06:05,963 : state_square_error: 381.165 reward_error: 49.028
INFO : 2021-01-23 08:08:48,752 : state_square_error: 50.053 reward_error: 48.182
INFO : 2021-01-23 08:11:31,642 : state_square_error: 53.377 reward_error: 50.128
INFO : 2021-01-23 08:14:14,588 : state_square_error: 53.159 reward_error: 42.992
INFO : 2021-01-23 08:16:57,166 : state_square_error: 67.234 reward_error: 51.379
INFO : 2021-01-23 08:19:39,848 : state_square_error: 126.619 reward_error: 46.425
INFO : 2021-01-23 08:22:22,628 : state_square_error: 84.802 reward_error: 36.281
INFO : 2021-01-23 08:25:03,752 : episode: 11 score: -74.8 100 games avg: -74.8 steps 1000 
INFO : 2021-01-23 08:25:09,746 : state_square_error: 49.296 reward_error: 15.187
INFO : 2021-01-23 08:27:52,413 : state_square_error: 58.699 reward_error: 29.106
INFO : 2021-01-23 08:30:35,146 : state_square_error: 234.686 reward_error: 24.730
INFO : 2021-01-23 08:33:18,027 : state_square_error: 102.939 reward_error: 42.630
INFO : 2021-01-23 08:36:01,019 : state_square_error: 72.883 reward_error: 47.757
INFO : 2021-01-23 08:38:44,101 : state_square_error: 70.255 reward_error: 48.798
INFO : 2021-01-23 08:41:27,147 : state_square_error: 61.821 reward_error: 53.650
INFO : 2021-01-23 08:44:09,943 : state_square_error: 161.286 reward_error: 57.240
INFO : 2021-01-23 08:46:52,702 : state_square_error: 99.592 reward_error: 47.276
INFO : 2021-01-23 08:49:35,422 : state_square_error: 60.360 reward_error: 42.906
INFO : 2021-01-23 08:52:16,708 : episode: 12 score: -119.7 100 games avg: -119.7 steps 1000 
INFO : 2021-01-23 08:52:23,139 : state_square_error: 87.336 reward_error: 18.621
INFO : 2021-01-23 08:55:06,097 : state_square_error: 329.174 reward_error: 25.605
INFO : 2021-01-23 08:57:48,839 : state_square_error: 92.829 reward_error: 29.406
INFO : 2021-01-23 09:00:31,419 : state_square_error: 199.585 reward_error: 23.417
INFO : 2021-01-23 09:03:14,340 : state_square_error: 100.833 reward_error: 32.004
INFO : 2021-01-23 09:05:56,967 : state_square_error: 194.657 reward_error: 21.522
INFO : 2021-01-23 09:08:39,786 : state_square_error: 179.107 reward_error: 18.441
INFO : 2021-01-23 09:11:22,684 : state_square_error: 96.937 reward_error: 23.363
INFO : 2021-01-23 09:14:05,626 : state_square_error: 161.159 reward_error: 49.169
INFO : 2021-01-23 09:16:48,520 : state_square_error: 376.284 reward_error: 45.794
INFO : 2021-01-23 09:19:29,658 : episode: 13 score: 46.2 100 games avg: 46.2 steps 1000 
INFO : 2021-01-23 09:19:36,435 : state_square_error: 72.360 reward_error: 10.826
INFO : 2021-01-23 09:22:19,451 : state_square_error: 203.025 reward_error: 52.609
INFO : 2021-01-23 09:25:02,262 : state_square_error: 151.219 reward_error: 46.559
INFO : 2021-01-23 09:27:45,256 : state_square_error: 89.345 reward_error: 46.642
INFO : 2021-01-23 09:30:27,838 : state_square_error: 251.637 reward_error: 47.260
INFO : 2021-01-23 09:33:10,981 : state_square_error: 278.760 reward_error: 48.079
INFO : 2021-01-23 09:35:54,014 : state_square_error: 129.388 reward_error: 42.416
INFO : 2021-01-23 09:38:37,001 : state_square_error: 142.254 reward_error: 37.608
INFO : 2021-01-23 09:41:19,789 : state_square_error: 128.698 reward_error: 44.580
INFO : 2021-01-23 09:44:02,660 : state_square_error: 266.805 reward_error: 49.970
INFO : 2021-01-23 09:46:44,143 : episode: 14 score: -92.2 100 games avg: -92.2 steps 1000 
INFO : 2021-01-23 09:46:51,227 : state_square_error: 233.495 reward_error: 26.754
INFO : 2021-01-23 09:49:33,912 : state_square_error: 384.488 reward_error: 51.617
INFO : 2021-01-23 09:52:16,713 : state_square_error: 333.466 reward_error: 59.561
INFO : 2021-01-23 09:54:59,712 : state_square_error: 415.211 reward_error: 50.734
INFO : 2021-01-23 09:57:42,711 : state_square_error: 326.622 reward_error: 49.940
INFO : 2021-01-23 10:00:25,238 : state_square_error: 611.365 reward_error: 60.979
INFO : 2021-01-23 10:03:08,056 : state_square_error: 163.851 reward_error: 57.946
INFO : 2021-01-23 10:05:51,134 : state_square_error: 358.291 reward_error: 57.829
INFO : 2021-01-23 10:08:33,940 : state_square_error: 282.474 reward_error: 54.318
INFO : 2021-01-23 10:11:16,856 : state_square_error: 280.779 reward_error: 50.777
INFO : 2021-01-23 10:13:58,076 : episode: 15 score: -37.2 100 games avg: -37.2 steps 1000 
INFO : 2021-01-23 10:14:05,581 : state_square_error: 98.260 reward_error: 15.613
INFO : 2021-01-23 10:16:48,525 : state_square_error: 218.275 reward_error: 18.308
INFO : 2021-01-23 10:19:31,457 : state_square_error: 108.048 reward_error: 42.580
INFO : 2021-01-23 10:22:14,276 : state_square_error: 85.691 reward_error: 37.013
INFO : 2021-01-23 10:24:57,135 : state_square_error: 176.452 reward_error: 42.007
INFO : 2021-01-23 10:27:40,090 : state_square_error: 120.301 reward_error: 44.885
INFO : 2021-01-23 10:30:23,016 : state_square_error: 108.540 reward_error: 39.674
INFO : 2021-01-23 10:33:06,046 : state_square_error: 26.079 reward_error: 39.957
INFO : 2021-01-23 10:35:48,618 : state_square_error: 134.253 reward_error: 50.347
INFO : 2021-01-23 10:38:31,486 : state_square_error: 255.911 reward_error: 50.250
INFO : 2021-01-23 10:41:12,608 : episode: 16 score: -47.3 100 games avg: -47.3 steps 1000 
INFO : 2021-01-23 10:41:20,552 : state_square_error: 75.918 reward_error: 15.917
INFO : 2021-01-23 10:44:03,429 : state_square_error: 122.250 reward_error: 27.969
INFO : 2021-01-23 10:46:46,237 : state_square_error: 59.006 reward_error: 48.379
INFO : 2021-01-23 10:49:29,144 : state_square_error: 70.634 reward_error: 42.938
INFO : 2021-01-23 10:52:11,935 : state_square_error: 99.434 reward_error: 45.810
INFO : 2021-01-23 10:54:54,767 : state_square_error: 73.913 reward_error: 42.515
INFO : 2021-01-23 10:57:37,499 : state_square_error: 98.006 reward_error: 46.241
INFO : 2021-01-23 11:00:20,415 : state_square_error: 55.779 reward_error: 40.639
INFO : 2021-01-23 11:03:03,313 : state_square_error: 81.947 reward_error: 48.663
INFO : 2021-01-23 11:05:46,144 : state_square_error: 83.864 reward_error: 43.769
INFO : 2021-01-23 11:08:27,628 : episode: 17 score: -34.7 100 games avg: -34.7 steps 1000 
INFO : 2021-01-23 11:08:35,933 : state_square_error: 99.930 reward_error: 12.989
INFO : 2021-01-23 11:11:18,593 : state_square_error: 182.482 reward_error: 14.689
INFO : 2021-01-23 11:14:01,258 : state_square_error: 165.771 reward_error: 39.674
INFO : 2021-01-23 11:16:43,970 : state_square_error: 145.688 reward_error: 24.656
INFO : 2021-01-23 11:19:27,007 : state_square_error: 134.744 reward_error: 16.157
INFO : 2021-01-23 11:22:09,947 : state_square_error: 127.430 reward_error: 20.119
INFO : 2021-01-23 11:24:52,771 : state_square_error: 109.038 reward_error: 25.698
INFO : 2021-01-23 11:27:35,303 : state_square_error: 116.739 reward_error: 27.731
INFO : 2021-01-23 11:30:18,005 : state_square_error: 151.154 reward_error: 31.845
INFO : 2021-01-23 11:33:00,805 : state_square_error: 107.395 reward_error: 30.027
INFO : 2021-01-23 11:35:42,053 : episode: 18 score: 101.3 100 games avg: 101.3 steps 1000 
INFO : 2021-01-23 11:35:50,720 : state_square_error: 99.779 reward_error: 4.859
INFO : 2021-01-23 11:38:33,589 : state_square_error: 71.773 reward_error: 38.288
INFO : 2021-01-23 11:41:16,485 : state_square_error: 52.197 reward_error: 38.163
INFO : 2021-01-23 11:43:59,261 : state_square_error: 88.901 reward_error: 48.212
INFO : 2021-01-23 11:46:42,092 : state_square_error: 49.993 reward_error: 44.050
INFO : 2021-01-23 11:49:24,996 : state_square_error: 78.368 reward_error: 40.204
INFO : 2021-01-23 11:52:07,870 : state_square_error: 128.411 reward_error: 38.048
INFO : 2021-01-23 11:54:50,855 : state_square_error: 22.607 reward_error: 45.605
INFO : 2021-01-23 11:57:33,675 : state_square_error: 98.129 reward_error: 45.805
INFO : 2021-01-23 12:00:16,549 : state_square_error: 29.964 reward_error: 48.222
INFO : 2021-01-23 12:02:57,902 : episode: 19 score: 54.0 100 games avg: 54.0 steps 1000 
INFO : 2021-01-23 12:03:06,952 : state_square_error: 28.331 reward_error: 12.058
INFO : 2021-01-23 12:05:49,819 : state_square_error: 66.844 reward_error: 17.933
INFO : 2021-01-23 12:08:32,814 : state_square_error: 104.515 reward_error: 44.057
INFO : 2021-01-23 12:11:15,768 : state_square_error: 116.003 reward_error: 42.842
INFO : 2021-01-23 12:13:58,726 : state_square_error: 92.208 reward_error: 42.598
INFO : 2021-01-23 12:16:41,837 : state_square_error: 115.538 reward_error: 36.127
INFO : 2021-01-23 12:19:24,846 : state_square_error: 72.254 reward_error: 36.113
INFO : 2021-01-23 12:22:07,685 : state_square_error: 68.042 reward_error: 39.011
INFO : 2021-01-23 12:24:50,244 : state_square_error: 43.772 reward_error: 34.067
INFO : 2021-01-23 12:27:33,054 : state_square_error: 111.580 reward_error: 32.230
INFO : 2021-01-23 12:30:14,354 : episode: 20 score: -19.0 100 games avg: -19.0 steps 1000 
INFO : 2021-01-23 12:30:23,848 : state_square_error: 156.384 reward_error: 14.049
INFO : 2021-01-23 12:33:06,659 : state_square_error: 55.948 reward_error: 14.132
INFO : 2021-01-23 12:35:49,573 : state_square_error: 115.926 reward_error: 19.540
INFO : 2021-01-23 12:38:32,501 : state_square_error: 76.002 reward_error: 23.035
INFO : 2021-01-23 12:41:15,428 : state_square_error: 39.784 reward_error: 11.876
INFO : 2021-01-23 12:43:58,356 : state_square_error: 65.828 reward_error: 14.016
INFO : 2021-01-23 12:46:41,278 : state_square_error: 113.503 reward_error: 11.993
INFO : 2021-01-23 12:49:24,113 : state_square_error: 119.405 reward_error: 29.114
INFO : 2021-01-23 12:52:07,032 : state_square_error: 124.555 reward_error: 23.930
INFO : 2021-01-23 12:54:50,061 : state_square_error: 198.242 reward_error: 19.687
INFO : 2021-01-23 12:57:31,265 : episode: 21 score: 93.3 100 games avg: 93.3 steps 1000 
INFO : 2021-01-23 12:57:41,003 : state_square_error: 109.124 reward_error: 11.083
INFO : 2021-01-23 13:00:23,915 : state_square_error: 153.544 reward_error: 14.555
INFO : 2021-01-23 13:03:06,983 : state_square_error: 193.974 reward_error: 12.579
INFO : 2021-01-23 13:05:49,833 : state_square_error: 100.816 reward_error: 46.377
INFO : 2021-01-23 13:08:32,559 : state_square_error: 30.366 reward_error: 38.225
INFO : 2021-01-23 13:11:15,146 : state_square_error: 82.638 reward_error: 35.302
INFO : 2021-01-23 13:13:58,239 : state_square_error: 152.653 reward_error: 43.700
INFO : 2021-01-23 13:16:41,009 : state_square_error: 45.257 reward_error: 46.738
INFO : 2021-01-23 13:19:23,923 : state_square_error: 70.308 reward_error: 42.607
INFO : 2021-01-23 13:22:06,775 : state_square_error: 79.544 reward_error: 45.667
INFO : 2021-01-23 13:24:48,009 : episode: 22 score: -15.7 100 games avg: -15.7 steps 1000 
INFO : 2021-01-23 13:24:58,198 : state_square_error: 90.051 reward_error: 6.021
INFO : 2021-01-23 13:27:40,846 : state_square_error: 97.581 reward_error: 43.078
INFO : 2021-01-23 13:30:23,670 : state_square_error: 135.532 reward_error: 53.510
INFO : 2021-01-23 13:33:06,576 : state_square_error: 112.182 reward_error: 40.161
INFO : 2021-01-23 13:35:49,251 : state_square_error: 289.280 reward_error: 41.461
INFO : 2021-01-23 13:38:32,159 : state_square_error: 75.386 reward_error: 36.738
INFO : 2021-01-23 13:41:14,921 : state_square_error: 112.407 reward_error: 38.716
INFO : 2021-01-23 13:43:57,787 : state_square_error: 129.948 reward_error: 36.019
INFO : 2021-01-23 13:46:40,551 : state_square_error: 36.113 reward_error: 48.054
INFO : 2021-01-23 13:49:23,253 : state_square_error: 125.321 reward_error: 40.766
INFO : 2021-01-23 13:52:04,137 : episode: 23 score: -16.5 100 games avg: -16.5 steps 1000 
INFO : 2021-01-23 13:52:14,682 : state_square_error: 36.371 reward_error: 4.671
INFO : 2021-01-23 13:54:57,467 : state_square_error: 64.419 reward_error: 14.065
INFO : 2021-01-23 13:57:40,235 : state_square_error: 40.975 reward_error: 17.103
INFO : 2021-01-23 14:00:23,111 : state_square_error: 94.500 reward_error: 39.457
INFO : 2021-01-23 14:03:05,925 : state_square_error: 42.759 reward_error: 39.012
INFO : 2021-01-23 14:05:48,594 : state_square_error: 53.301 reward_error: 34.536
INFO : 2021-01-23 14:08:31,422 : state_square_error: 49.488 reward_error: 40.989
INFO : 2021-01-23 14:11:14,179 : state_square_error: 97.043 reward_error: 42.220
INFO : 2021-01-23 14:13:57,129 : state_square_error: 73.052 reward_error: 35.223
INFO : 2021-01-23 14:16:39,790 : state_square_error: 113.432 reward_error: 41.711
INFO : 2021-01-23 14:19:20,941 : episode: 24 score: 49.2 100 games avg: 49.2 steps 1000 
INFO : 2021-01-23 14:19:31,881 : state_square_error: 63.538 reward_error: 3.294
INFO : 2021-01-23 14:22:14,879 : state_square_error: 96.552 reward_error: 40.578
INFO : 2021-01-23 14:24:57,523 : state_square_error: 112.205 reward_error: 52.011
