INFO : 2021-02-02 16:46:18,546 : method: Model Predictive Contorol
INFO : 2021-02-02 16:46:18,547 : parameter n_steps: 200 ensemble_size: 5 env: Hopper-v2
INFO : 2021-02-02 16:46:21,024 : mpc horizon: 5 mpc_samples: 100 elite_sample: 30 grad_steps: 10
INFO : 2021-02-02 16:46:21,024 : mpc_function policy
INFO : 2021-02-02 16:46:21,024 : policy
INFO : 2021-02-02 16:46:22,650 : episode: 0 score: 13.8 100 games avg: 13.8 steps 21 
INFO : 2021-02-02 16:46:24,498 : episode: 1 score: 14.8 100 games avg: 14.8 steps 23 
INFO : 2021-02-02 16:46:26,260 : episode: 2 score: 14.7 100 games avg: 14.7 steps 22 
INFO : 2021-02-02 16:46:27,800 : episode: 3 score: 13.0 100 games avg: 13.0 steps 19 
INFO : 2021-02-02 16:46:29,880 : episode: 4 score: 16.4 100 games avg: 16.4 steps 26 
INFO : 2021-02-02 16:46:31,575 : episode: 5 score: 13.9 100 games avg: 13.9 steps 21 
INFO : 2021-02-02 16:46:33,427 : episode: 6 score: 15.1 100 games avg: 15.1 steps 23 
INFO : 2021-02-02 16:46:36,205 : episode: 7 score: 20.5 100 games avg: 20.5 steps 35 
INFO : 2021-02-02 16:46:38,749 : episode: 8 score: 19.8 100 games avg: 19.8 steps 32 
INFO : 2021-02-02 16:46:41,220 : episode: 9 score: 18.9 100 games avg: 18.9 steps 31 
INFO : 2021-02-02 16:46:45,864 : episode: 10 score: 18.3 100 games avg: 18.3 steps 47 
INFO : 2021-02-02 16:46:48,554 : episode: 11 score: 4.3 100 games avg: 4.3 steps 27 
INFO : 2021-02-02 16:46:50,769 : episode: 12 score: 6.1 100 games avg: 6.1 steps 22 
INFO : 2021-02-02 16:46:53,426 : episode: 13 score: 10.2 100 games avg: 10.2 steps 26 
INFO : 2021-02-02 16:46:56,928 : episode: 14 score: 7.6 100 games avg: 7.6 steps 35 
INFO : 2021-02-02 16:47:01,537 : episode: 15 score: 15.6 100 games avg: 15.6 steps 46 
INFO : 2021-02-02 16:47:10,392 : episode: 16 score: 62.1 100 games avg: 62.1 steps 88 
INFO : 2021-02-02 16:47:22,193 : episode: 17 score: 96.6 100 games avg: 96.6 steps 117 
INFO : 2021-02-02 16:47:40,689 : episode: 18 score: 150.1 100 games avg: 150.1 steps 184 
INFO : 2021-02-02 16:47:58,346 : episode: 19 score: 201.2 100 games avg: 201.2 steps 175 
INFO : 2021-02-02 16:48:03,787 : episode: 20 score: 79.8 100 games avg: 79.8 steps 53 
INFO : 2021-02-02 16:48:09,063 : episode: 21 score: 79.6 100 games avg: 79.6 steps 50 
INFO : 2021-02-02 16:48:12,315 : episode: 22 score: 49.0 100 games avg: 49.0 steps 30 
INFO : 2021-02-02 16:48:15,691 : episode: 23 score: 50.3 100 games avg: 50.3 steps 31 
INFO : 2021-02-02 16:48:18,802 : episode: 24 score: 48.0 100 games avg: 48.0 steps 29 
INFO : 2021-02-02 16:48:22,074 : episode: 25 score: 50.0 100 games avg: 50.0 steps 30 
INFO : 2021-02-02 16:48:25,568 : episode: 26 score: 53.3 100 games avg: 53.3 steps 32 
INFO : 2021-02-02 16:48:27,953 : episode: 27 score: 35.7 100 games avg: 35.7 steps 21 
INFO : 2021-02-02 16:48:31,412 : episode: 28 score: 52.2 100 games avg: 52.2 steps 31 
INFO : 2021-02-02 16:48:34,480 : episode: 29 score: 44.8 100 games avg: 44.8 steps 27 
INFO : 2021-02-02 16:48:37,330 : episode: 30 score: 42.8 100 games avg: 42.8 steps 25 
INFO : 2021-02-02 16:48:40,788 : episode: 31 score: 51.9 100 games avg: 51.9 steps 31 
INFO : 2021-02-02 16:48:43,859 : episode: 32 score: 45.9 100 games avg: 45.9 steps 27 
INFO : 2021-02-02 16:48:47,513 : episode: 33 score: 55.8 100 games avg: 55.8 steps 33 
INFO : 2021-02-02 16:48:53,879 : episode: 34 score: 108.4 100 games avg: 108.4 steps 60 
INFO : 2021-02-02 16:48:56,919 : episode: 35 score: 46.1 100 games avg: 46.1 steps 27 
INFO : 2021-02-02 16:49:03,341 : episode: 36 score: 111.9 100 games avg: 111.9 steps 60 
INFO : 2021-02-02 16:49:09,941 : episode: 37 score: 115.0 100 games avg: 115.0 steps 62 
INFO : 2021-02-02 16:49:16,333 : episode: 38 score: 110.4 100 games avg: 110.4 steps 60 
INFO : 2021-02-02 16:49:22,041 : episode: 39 score: 97.6 100 games avg: 97.6 steps 53 
INFO : 2021-02-02 16:49:27,420 : episode: 40 score: 90.4 100 games avg: 90.4 steps 49 
INFO : 2021-02-02 16:49:34,611 : episode: 41 score: 125.1 100 games avg: 125.1 steps 67 
INFO : 2021-02-02 16:49:41,789 : episode: 42 score: 121.7 100 games avg: 121.7 steps 67 
INFO : 2021-02-02 16:49:50,848 : episode: 43 score: 167.7 100 games avg: 167.7 steps 86 
INFO : 2021-02-02 16:49:57,532 : episode: 44 score: 114.3 100 games avg: 114.3 steps 62 
INFO : 2021-02-02 16:50:04,887 : episode: 45 score: 125.2 100 games avg: 125.2 steps 68 
INFO : 2021-02-02 16:50:12,110 : episode: 46 score: 127.6 100 games avg: 127.6 steps 67 
INFO : 2021-02-02 16:50:19,447 : episode: 47 score: 125.3 100 games avg: 125.3 steps 67 
INFO : 2021-02-02 16:50:27,127 : episode: 48 score: 133.8 100 games avg: 133.8 steps 70 
INFO : 2021-02-02 16:50:32,428 : episode: 49 score: 77.3 100 games avg: 77.3 steps 46 
INFO : 2021-02-02 16:50:40,228 : episode: 50 score: 137.7 100 games avg: 137.7 steps 71 
INFO : 2021-02-02 16:50:47,744 : episode: 51 score: 127.5 100 games avg: 127.5 steps 69 
INFO : 2021-02-02 16:50:54,946 : episode: 52 score: 120.5 100 games avg: 120.5 steps 65 
INFO : 2021-02-02 16:51:02,045 : episode: 53 score: 116.2 100 games avg: 116.2 steps 64 
INFO : 2021-02-02 16:51:09,395 : episode: 54 score: 121.9 100 games avg: 121.9 steps 66 
INFO : 2021-02-02 16:51:19,255 : episode: 55 score: 192.0 100 games avg: 192.0 steps 92 
INFO : 2021-02-02 16:51:26,164 : episode: 56 score: 113.0 100 games avg: 113.0 steps 62 
INFO : 2021-02-02 16:51:35,691 : episode: 57 score: 162.7 100 games avg: 162.7 steps 88 
INFO : 2021-02-02 16:51:45,197 : episode: 58 score: 168.3 100 games avg: 168.3 steps 88 
INFO : 2021-02-02 16:51:54,462 : episode: 59 score: 161.7 100 games avg: 161.7 steps 85 
INFO : 2021-02-02 16:52:03,735 : episode: 60 score: 162.0 100 games avg: 162.0 steps 86 
INFO : 2021-02-02 16:52:12,503 : episode: 61 score: 149.9 100 games avg: 149.9 steps 80 
INFO : 2021-02-02 16:52:22,031 : episode: 62 score: 163.6 100 games avg: 163.6 steps 87 
INFO : 2021-02-02 16:52:31,739 : episode: 63 score: 166.1 100 games avg: 166.1 steps 89 
INFO : 2021-02-02 16:52:41,676 : episode: 64 score: 164.4 100 games avg: 164.4 steps 90 
INFO : 2021-02-02 16:52:51,530 : episode: 65 score: 170.5 100 games avg: 170.5 steps 89 
INFO : 2021-02-02 16:53:02,459 : episode: 66 score: 197.7 100 games avg: 197.7 steps 100 
INFO : 2021-02-02 16:53:14,360 : episode: 67 score: 216.3 100 games avg: 216.3 steps 109 
INFO : 2021-02-02 16:53:26,009 : episode: 68 score: 212.6 100 games avg: 212.6 steps 106 
INFO : 2021-02-02 16:53:29,714 : episode: 69 score: 46.2 100 games avg: 46.2 steps 26 
INFO : 2021-02-02 16:53:41,073 : episode: 70 score: 224.0 100 games avg: 224.0 steps 104 
INFO : 2021-02-02 16:53:51,943 : episode: 71 score: 194.7 100 games avg: 194.7 steps 98 
INFO : 2021-02-02 16:53:55,987 : episode: 72 score: 50.1 100 games avg: 50.1 steps 29 
INFO : 2021-02-02 16:54:06,516 : episode: 73 score: 182.1 100 games avg: 182.1 steps 94 
INFO : 2021-02-02 16:54:10,611 : episode: 74 score: 50.3 100 games avg: 50.3 steps 29 
INFO : 2021-02-02 16:54:14,820 : episode: 75 score: 52.6 100 games avg: 52.6 steps 30 
INFO : 2021-02-02 16:54:18,755 : episode: 76 score: 47.7 100 games avg: 47.7 steps 27 
INFO : 2021-02-02 16:54:30,104 : episode: 77 score: 202.6 100 games avg: 202.6 steps 102 
INFO : 2021-02-02 16:54:41,520 : episode: 78 score: 200.6 100 games avg: 200.6 steps 102 
INFO : 2021-02-02 16:54:45,911 : episode: 79 score: 52.4 100 games avg: 52.4 steps 31 
INFO : 2021-02-02 16:54:50,119 : episode: 80 score: 49.8 100 games avg: 49.8 steps 29 
INFO : 2021-02-02 16:54:54,312 : episode: 81 score: 48.0 100 games avg: 48.0 steps 28 
INFO : 2021-02-02 16:54:58,001 : episode: 82 score: 39.4 100 games avg: 39.4 steps 23 
INFO : 2021-02-02 16:55:02,085 : episode: 83 score: 45.8 100 games avg: 45.8 steps 27 
INFO : 2021-02-02 16:55:13,603 : episode: 84 score: 215.5 100 games avg: 215.5 steps 101 
INFO : 2021-02-02 16:55:18,950 : episode: 85 score: 67.9 100 games avg: 67.9 steps 39 
INFO : 2021-02-02 16:55:29,866 : episode: 86 score: 190.1 100 games avg: 190.1 steps 96 
INFO : 2021-02-02 16:55:39,952 : episode: 87 score: 184.1 100 games avg: 184.1 steps 88 
INFO : 2021-02-02 16:55:51,843 : episode: 88 score: 215.0 100 games avg: 215.0 steps 105 
INFO : 2021-02-02 16:56:01,923 : episode: 89 score: 164.8 100 games avg: 164.8 steps 87 
INFO : 2021-02-02 16:56:12,194 : episode: 90 score: 166.2 100 games avg: 166.2 steps 89 
INFO : 2021-02-02 16:56:25,794 : episode: 91 score: 226.6 100 games avg: 226.6 steps 121 
INFO : 2021-02-02 16:56:31,976 : episode: 92 score: 82.3 100 games avg: 82.3 steps 47 
INFO : 2021-02-02 16:56:42,068 : episode: 93 score: 182.4 100 games avg: 182.4 steps 86 
INFO : 2021-02-02 16:56:52,589 : episode: 94 score: 193.0 100 games avg: 193.0 steps 90 
INFO : 2021-02-02 16:57:02,917 : episode: 95 score: 185.7 100 games avg: 185.7 steps 88 
INFO : 2021-02-02 16:57:13,322 : episode: 96 score: 166.5 100 games avg: 166.5 steps 89 
INFO : 2021-02-02 16:57:25,908 : episode: 97 score: 249.9 100 games avg: 249.9 steps 110 
INFO : 2021-02-02 16:57:37,115 : episode: 98 score: 182.9 100 games avg: 182.9 steps 95 
INFO : 2021-02-02 16:57:47,464 : episode: 99 score: 181.7 100 games avg: 181.7 steps 87 
INFO : 2021-02-02 16:57:58,689 : episode: 100 score: 197.9 100 games avg: 197.9 steps 95 
INFO : 2021-02-02 16:58:09,615 : episode: 101 score: 198.6 100 games avg: 198.6 steps 92 
INFO : 2021-02-02 16:58:20,628 : episode: 102 score: 193.9 100 games avg: 193.9 steps 92 
INFO : 2021-02-02 16:58:34,405 : episode: 103 score: 238.5 100 games avg: 238.5 steps 119 
INFO : 2021-02-02 16:58:46,930 : episode: 104 score: 216.2 100 games avg: 216.2 steps 107 
INFO : 2021-02-02 16:58:59,541 : episode: 105 score: 229.8 100 games avg: 229.8 steps 111 
INFO : 2021-02-02 16:59:10,594 : episode: 106 score: 200.2 100 games avg: 200.2 steps 93 
INFO : 2021-02-02 16:59:21,952 : episode: 107 score: 190.1 100 games avg: 190.1 steps 94 
INFO : 2021-02-02 16:59:33,023 : episode: 108 score: 195.5 100 games avg: 195.5 steps 91 
INFO : 2021-02-02 16:59:45,012 : episode: 109 score: 208.5 100 games avg: 208.5 steps 99 
INFO : 2021-02-02 16:59:57,185 : episode: 110 score: 219.2 100 games avg: 219.2 steps 100 
INFO : 2021-02-02 17:00:08,200 : episode: 111 score: 187.9 100 games avg: 187.9 steps 91 
INFO : 2021-02-02 17:00:20,010 : episode: 112 score: 208.2 100 games avg: 208.2 steps 98 
INFO : 2021-02-02 17:00:31,262 : episode: 113 score: 191.0 100 games avg: 191.0 steps 92 
INFO : 2021-02-02 17:00:43,788 : episode: 114 score: 217.6 100 games avg: 217.6 steps 104 
INFO : 2021-02-02 17:00:55,528 : episode: 115 score: 193.5 100 games avg: 193.5 steps 96 
INFO : 2021-02-02 17:01:06,905 : episode: 116 score: 183.9 100 games avg: 183.9 steps 94 
INFO : 2021-02-02 17:01:19,366 : episode: 117 score: 217.7 100 games avg: 217.7 steps 103 
INFO : 2021-02-02 17:01:32,686 : episode: 118 score: 221.2 100 games avg: 221.2 steps 111 
INFO : 2021-02-02 17:01:44,531 : episode: 119 score: 195.3 100 games avg: 195.3 steps 96 
INFO : 2021-02-02 17:01:56,824 : episode: 120 score: 200.9 100 games avg: 200.9 steps 100 
INFO : 2021-02-02 17:02:08,627 : episode: 121 score: 189.3 100 games avg: 189.3 steps 95 
INFO : 2021-02-02 17:02:21,288 : episode: 122 score: 214.4 100 games avg: 214.4 steps 104 
INFO : 2021-02-02 17:02:34,350 : episode: 123 score: 227.5 100 games avg: 227.5 steps 107 
INFO : 2021-02-02 17:02:46,485 : episode: 124 score: 191.6 100 games avg: 191.6 steps 97 
INFO : 2021-02-02 17:02:59,018 : episode: 125 score: 212.1 100 games avg: 212.1 steps 101 
INFO : 2021-02-02 17:03:11,314 : episode: 126 score: 201.7 100 games avg: 201.7 steps 98 
INFO : 2021-02-02 17:03:24,597 : episode: 127 score: 226.0 100 games avg: 226.0 steps 108 
INFO : 2021-02-02 17:03:36,831 : episode: 128 score: 201.9 100 games avg: 201.9 steps 97 
INFO : 2021-02-02 17:03:50,253 : episode: 129 score: 235.8 100 games avg: 235.8 steps 109 
INFO : 2021-02-02 17:04:04,433 : episode: 130 score: 249.0 100 games avg: 249.0 steps 116 
INFO : 2021-02-02 17:04:18,556 : episode: 131 score: 248.2 100 games avg: 248.2 steps 113 
INFO : 2021-02-02 17:04:32,168 : episode: 132 score: 235.3 100 games avg: 235.3 steps 108 
INFO : 2021-02-02 17:04:46,285 : episode: 133 score: 243.2 100 games avg: 243.2 steps 113 
INFO : 2021-02-02 17:04:59,158 : episode: 134 score: 217.3 100 games avg: 217.3 steps 102 
INFO : 2021-02-02 17:05:13,027 : episode: 135 score: 241.1 100 games avg: 241.1 steps 112 
INFO : 2021-02-02 17:05:27,321 : episode: 136 score: 243.5 100 games avg: 243.5 steps 116 
INFO : 2021-02-02 17:05:40,503 : episode: 137 score: 205.9 100 games avg: 205.9 steps 104 
INFO : 2021-02-02 17:05:53,340 : episode: 138 score: 214.6 100 games avg: 214.6 steps 101 
INFO : 2021-02-02 17:06:05,842 : episode: 139 score: 207.7 100 games avg: 207.7 steps 98 
INFO : 2021-02-02 17:06:19,383 : episode: 140 score: 224.5 100 games avg: 224.5 steps 107 
INFO : 2021-02-02 17:06:31,595 : episode: 141 score: 201.5 100 games avg: 201.5 steps 93 
INFO : 2021-02-02 17:06:45,048 : episode: 142 score: 229.3 100 games avg: 229.3 steps 105 
INFO : 2021-02-02 17:06:59,568 : episode: 143 score: 249.2 100 games avg: 249.2 steps 116 
INFO : 2021-02-02 17:07:12,883 : episode: 144 score: 230.0 100 games avg: 230.0 steps 104 
INFO : 2021-02-02 17:07:25,455 : episode: 145 score: 209.4 100 games avg: 209.4 steps 95 
INFO : 2021-02-02 17:07:40,636 : episode: 146 score: 263.4 100 games avg: 263.4 steps 121 
INFO : 2021-02-02 17:07:54,180 : episode: 147 score: 230.7 100 games avg: 230.7 steps 104 
INFO : 2021-02-02 17:08:06,793 : episode: 148 score: 190.4 100 games avg: 190.4 steps 95 
INFO : 2021-02-02 17:08:18,893 : episode: 149 score: 171.7 100 games avg: 171.7 steps 90 
INFO : 2021-02-02 17:08:33,442 : episode: 150 score: 253.2 100 games avg: 253.2 steps 113 
INFO : 2021-02-02 17:08:47,853 : episode: 151 score: 244.7 100 games avg: 244.7 steps 112 
INFO : 2021-02-02 17:09:01,882 : episode: 152 score: 225.0 100 games avg: 225.0 steps 105 
INFO : 2021-02-02 17:09:16,034 : episode: 153 score: 222.1 100 games avg: 222.1 steps 107 
INFO : 2021-02-02 17:09:30,334 : episode: 154 score: 243.3 100 games avg: 243.3 steps 111 
INFO : 2021-02-02 17:09:42,335 : episode: 155 score: 164.9 100 games avg: 164.9 steps 87 
INFO : 2021-02-02 17:09:56,669 : episode: 156 score: 244.6 100 games avg: 244.6 steps 109 
INFO : 2021-02-02 17:10:10,970 : episode: 157 score: 251.0 100 games avg: 251.0 steps 109 
INFO : 2021-02-02 17:10:24,586 : episode: 158 score: 221.8 100 games avg: 221.8 steps 102 
INFO : 2021-02-02 17:10:39,252 : episode: 159 score: 245.5 100 games avg: 245.5 steps 113 
INFO : 2021-02-02 17:10:54,377 : episode: 160 score: 252.6 100 games avg: 252.6 steps 117 
INFO : 2021-02-02 17:11:09,262 : episode: 161 score: 247.6 100 games avg: 247.6 steps 114 
INFO : 2021-02-02 17:11:23,602 : episode: 162 score: 232.5 100 games avg: 232.5 steps 108 
INFO : 2021-02-02 17:11:38,523 : episode: 163 score: 249.6 100 games avg: 249.6 steps 114 
INFO : 2021-02-02 17:11:53,405 : episode: 164 score: 242.0 100 games avg: 242.0 steps 113 
INFO : 2021-02-02 17:12:08,642 : episode: 165 score: 251.8 100 games avg: 251.8 steps 118 
INFO : 2021-02-02 17:12:21,357 : episode: 166 score: 163.9 100 games avg: 163.9 steps 89 
INFO : 2021-02-02 17:12:36,626 : episode: 167 score: 249.4 100 games avg: 249.4 steps 116 
INFO : 2021-02-02 17:12:51,515 : episode: 168 score: 240.2 100 games avg: 240.2 steps 113 
INFO : 2021-02-02 17:13:04,751 : episode: 169 score: 176.4 100 games avg: 176.4 steps 95 
INFO : 2021-02-02 17:13:19,602 : episode: 170 score: 244.1 100 games avg: 244.1 steps 111 
INFO : 2021-02-02 17:13:34,657 : episode: 171 score: 246.5 100 games avg: 246.5 steps 112 
INFO : 2021-02-02 17:13:50,038 : episode: 172 score: 244.9 100 games avg: 244.9 steps 113 
INFO : 2021-02-02 17:14:05,712 : episode: 173 score: 238.4 100 games avg: 238.4 steps 115 
INFO : 2021-02-02 17:14:20,376 : episode: 174 score: 232.7 100 games avg: 232.7 steps 107 
INFO : 2021-02-02 17:14:33,317 : episode: 175 score: 168.5 100 games avg: 168.5 steps 90 
INFO : 2021-02-02 17:14:46,538 : episode: 176 score: 175.8 100 games avg: 175.8 steps 93 
INFO : 2021-02-02 17:14:59,441 : episode: 177 score: 167.7 100 games avg: 167.7 steps 89 
INFO : 2021-02-02 17:15:12,265 : episode: 178 score: 163.1 100 games avg: 163.1 steps 88 
INFO : 2021-02-02 17:15:27,763 : episode: 179 score: 245.3 100 games avg: 245.3 steps 115 
INFO : 2021-02-02 17:15:40,318 : episode: 180 score: 160.7 100 games avg: 160.7 steps 85 
INFO : 2021-02-02 17:15:55,437 : episode: 181 score: 233.8 100 games avg: 233.8 steps 110 
INFO : 2021-02-02 17:16:08,275 : episode: 182 score: 160.6 100 games avg: 160.6 steps 87 
INFO : 2021-02-02 17:16:23,788 : episode: 183 score: 244.1 100 games avg: 244.1 steps 114 
INFO : 2021-02-02 17:16:38,911 : episode: 184 score: 230.3 100 games avg: 230.3 steps 109 
INFO : 2021-02-02 17:16:53,340 : episode: 185 score: 206.5 100 games avg: 206.5 steps 102 
INFO : 2021-02-02 17:17:06,447 : episode: 186 score: 162.2 100 games avg: 162.2 steps 88 
INFO : 2021-02-02 17:17:21,864 : episode: 187 score: 237.0 100 games avg: 237.0 steps 111 
INFO : 2021-02-02 17:17:35,087 : episode: 188 score: 165.1 100 games avg: 165.1 steps 90 
INFO : 2021-02-02 17:17:50,513 : episode: 189 score: 228.7 100 games avg: 228.7 steps 111 
INFO : 2021-02-02 17:18:06,011 : episode: 190 score: 234.2 100 games avg: 234.2 steps 111 
INFO : 2021-02-02 17:18:22,785 : episode: 191 score: 254.1 100 games avg: 254.1 steps 120 
INFO : 2021-02-02 17:18:38,990 : episode: 192 score: 241.8 100 games avg: 241.8 steps 115 
INFO : 2021-02-02 17:18:54,988 : episode: 193 score: 241.5 100 games avg: 241.5 steps 115 
INFO : 2021-02-02 17:19:09,794 : episode: 194 score: 198.1 100 games avg: 198.1 steps 103 
INFO : 2021-02-02 17:19:23,457 : episode: 195 score: 175.9 100 games avg: 175.9 steps 92 
INFO : 2021-02-02 17:19:37,769 : episode: 196 score: 183.6 100 games avg: 183.6 steps 97 
INFO : 2021-02-02 17:19:53,782 : episode: 197 score: 237.8 100 games avg: 237.8 steps 114 
INFO : 2021-02-02 17:20:10,219 : episode: 198 score: 235.0 100 games avg: 235.0 steps 117 
INFO : 2021-02-02 17:20:26,352 : episode: 199 score: 239.1 100 games avg: 239.1 steps 116 
