INFO : 2021-01-26 01:01:04,584 : method: Model Predictive Contorol
INFO : 2021-01-26 01:01:04,585 : parameter n_steps: 100 ensemble_size: 5 env: HalfCheetah-v2
INFO : 2021-01-26 01:01:07,503 : mpc horizon: 10 mpc_samples: 100 elite_sample: 30 grad_steps: 10
INFO : 2021-01-26 01:01:07,504 : mpc_function policy
INFO : 2021-01-26 01:01:07,504 : policy
INFO : 2021-01-26 01:01:07,701 : state_square_error: 0.548 reward_error: 3.639
INFO : 2021-01-26 01:01:27,052 : state_square_error: 1.024 reward_error: 2.925
INFO : 2021-01-26 01:01:46,720 : state_square_error: 1.107 reward_error: 2.774
INFO : 2021-01-26 01:02:07,105 : state_square_error: 89.309 reward_error: 2.643
INFO : 2021-01-26 01:02:28,658 : state_square_error: 77.266 reward_error: 36.487
INFO : 2021-01-26 01:02:50,183 : state_square_error: 20.747 reward_error: 16.546
INFO : 2021-01-26 01:03:11,120 : state_square_error: 148.262 reward_error: 37.188
INFO : 2021-01-26 01:03:32,683 : state_square_error: 20.297 reward_error: 14.253
INFO : 2021-01-26 01:03:54,108 : state_square_error: 61.623 reward_error: 25.661
INFO : 2021-01-26 01:04:14,935 : state_square_error: 161.887 reward_error: 17.382
INFO : 2021-01-26 01:04:35,767 : episode: 0 score: -166.4 100 games avg: -166.4 steps 1000 
INFO : 2021-01-26 01:04:36,303 : state_square_error: 11.877 reward_error: 8.340
INFO : 2021-01-26 01:04:57,515 : state_square_error: 22.544 reward_error: 4.890
INFO : 2021-01-26 01:05:19,486 : state_square_error: 13.096 reward_error: 12.551
INFO : 2021-01-26 01:05:40,865 : state_square_error: 26.361 reward_error: 4.631
INFO : 2021-01-26 01:06:01,977 : state_square_error: 11.007 reward_error: 6.240
INFO : 2021-01-26 01:06:23,219 : state_square_error: 14.874 reward_error: 5.500
INFO : 2021-01-26 01:06:44,297 : state_square_error: 9.140 reward_error: 6.982
INFO : 2021-01-26 01:07:05,241 : state_square_error: 17.068 reward_error: 6.643
INFO : 2021-01-26 01:07:26,397 : state_square_error: 10.747 reward_error: 5.567
INFO : 2021-01-26 01:07:47,813 : state_square_error: 7.262 reward_error: 13.346
INFO : 2021-01-26 01:08:08,750 : episode: 1 score: -186.7 100 games avg: -186.7 steps 1000 
INFO : 2021-01-26 01:08:09,446 : state_square_error: 85.174 reward_error: 15.769
INFO : 2021-01-26 01:08:30,907 : state_square_error: 62.590 reward_error: 4.379
INFO : 2021-01-26 01:08:52,981 : state_square_error: 50.477 reward_error: 18.579
INFO : 2021-01-26 01:09:14,314 : state_square_error: 147.628 reward_error: 7.607
INFO : 2021-01-26 01:09:35,621 : state_square_error: 112.607 reward_error: 8.899
INFO : 2021-01-26 01:09:56,418 : state_square_error: 125.235 reward_error: 7.343
INFO : 2021-01-26 01:10:16,454 : state_square_error: 45.656 reward_error: 7.537
INFO : 2021-01-26 01:10:36,999 : state_square_error: 20.697 reward_error: 7.663
INFO : 2021-01-26 01:10:57,358 : state_square_error: 72.878 reward_error: 6.734
INFO : 2021-01-26 01:11:17,747 : state_square_error: 70.345 reward_error: 8.681
INFO : 2021-01-26 01:11:37,831 : episode: 2 score: -205.0 100 games avg: -205.0 steps 1000 
INFO : 2021-01-26 01:11:38,931 : state_square_error: 480.154 reward_error: 7.952
INFO : 2021-01-26 01:11:59,426 : state_square_error: 275.877 reward_error: 10.060
INFO : 2021-01-26 01:12:19,862 : state_square_error: 186.826 reward_error: 8.180
INFO : 2021-01-26 01:12:40,196 : state_square_error: 267.567 reward_error: 10.783
INFO : 2021-01-26 01:13:00,296 : state_square_error: 286.918 reward_error: 12.497
INFO : 2021-01-26 01:13:20,475 : state_square_error: 973.010 reward_error: 13.169
INFO : 2021-01-26 01:13:40,969 : state_square_error: 627.628 reward_error: 16.975
INFO : 2021-01-26 01:14:01,549 : state_square_error: 894.312 reward_error: 9.953
INFO : 2021-01-26 01:14:21,684 : state_square_error: 1183.011 reward_error: 9.297
INFO : 2021-01-26 01:14:42,076 : state_square_error: 480.330 reward_error: 16.458
INFO : 2021-01-26 01:15:02,134 : episode: 3 score: -192.4 100 games avg: -192.4 steps 1000 
INFO : 2021-01-26 01:15:03,579 : state_square_error: 744.837 reward_error: 15.753
INFO : 2021-01-26 01:15:24,365 : state_square_error: 217.258 reward_error: 31.268
INFO : 2021-01-26 01:15:44,868 : state_square_error: 738.629 reward_error: 28.943
INFO : 2021-01-26 01:16:05,259 : state_square_error: 621.637 reward_error: 22.214
INFO : 2021-01-26 01:16:25,324 : state_square_error: 294.250 reward_error: 20.452
INFO : 2021-01-26 01:16:45,620 : state_square_error: 615.553 reward_error: 24.065
INFO : 2021-01-26 01:17:05,860 : state_square_error: 136.385 reward_error: 23.432
INFO : 2021-01-26 01:17:26,022 : state_square_error: 1065.929 reward_error: 25.952
INFO : 2021-01-26 01:17:46,239 : state_square_error: 798.231 reward_error: 30.621
INFO : 2021-01-26 01:18:06,694 : state_square_error: 221.050 reward_error: 26.868
INFO : 2021-01-26 01:18:26,670 : episode: 4 score: -177.2 100 games avg: -177.2 steps 1000 
INFO : 2021-01-26 01:18:28,236 : state_square_error: 113.060 reward_error: 10.287
INFO : 2021-01-26 01:18:48,769 : state_square_error: 21.160 reward_error: 13.867
INFO : 2021-01-26 01:19:09,271 : state_square_error: 221.016 reward_error: 15.727
INFO : 2021-01-26 01:19:29,493 : state_square_error: 137.048 reward_error: 11.005
INFO : 2021-01-26 01:19:49,768 : state_square_error: 89.180 reward_error: 7.278
INFO : 2021-01-26 01:20:10,299 : state_square_error: 66.037 reward_error: 12.737
INFO : 2021-01-26 01:20:30,635 : state_square_error: 100.019 reward_error: 9.693
INFO : 2021-01-26 01:20:51,110 : state_square_error: 136.694 reward_error: 6.893
INFO : 2021-01-26 01:21:11,525 : state_square_error: 151.157 reward_error: 18.773
INFO : 2021-01-26 01:21:31,932 : state_square_error: 43.653 reward_error: 15.670
INFO : 2021-01-26 01:21:51,958 : episode: 5 score: -217.9 100 games avg: -217.9 steps 1000 
INFO : 2021-01-26 01:21:53,810 : state_square_error: 163.803 reward_error: 8.182
INFO : 2021-01-26 01:22:14,300 : state_square_error: 88.856 reward_error: 4.360
INFO : 2021-01-26 01:22:34,928 : state_square_error: 33.568 reward_error: 16.233
INFO : 2021-01-26 01:22:55,444 : state_square_error: 81.918 reward_error: 7.850
INFO : 2021-01-26 01:23:15,700 : state_square_error: 26.121 reward_error: 8.474
INFO : 2021-01-26 01:23:35,952 : state_square_error: 80.396 reward_error: 7.397
INFO : 2021-01-26 01:23:56,433 : state_square_error: 33.016 reward_error: 10.010
INFO : 2021-01-26 01:24:16,873 : state_square_error: 78.259 reward_error: 7.359
INFO : 2021-01-26 01:24:37,212 : state_square_error: 82.305 reward_error: 7.571
INFO : 2021-01-26 01:24:57,562 : state_square_error: 49.069 reward_error: 9.250
INFO : 2021-01-26 01:25:17,834 : episode: 6 score: -151.5 100 games avg: -151.5 steps 1000 
INFO : 2021-01-26 01:25:20,202 : state_square_error: 104.014 reward_error: 10.242
INFO : 2021-01-26 01:25:40,633 : state_square_error: 26.747 reward_error: 9.498
INFO : 2021-01-26 01:26:00,820 : state_square_error: 30.673 reward_error: 4.529
INFO : 2021-01-26 01:26:21,287 : state_square_error: 18.105 reward_error: 7.995
INFO : 2021-01-26 01:26:41,558 : state_square_error: 10.253 reward_error: 10.262
INFO : 2021-01-26 01:27:01,878 : state_square_error: 18.893 reward_error: 16.144
INFO : 2021-01-26 01:27:22,313 : state_square_error: 34.719 reward_error: 13.533
INFO : 2021-01-26 01:27:42,597 : state_square_error: 60.582 reward_error: 9.885
INFO : 2021-01-26 01:28:03,277 : state_square_error: 172.458 reward_error: 9.073
INFO : 2021-01-26 01:28:23,644 : state_square_error: 92.378 reward_error: 9.261
INFO : 2021-01-26 01:28:43,915 : episode: 7 score: -172.3 100 games avg: -172.3 steps 1000 
INFO : 2021-01-26 01:28:46,686 : state_square_error: 70.251 reward_error: 3.488
INFO : 2021-01-26 01:29:07,025 : state_square_error: 33.474 reward_error: 10.771
INFO : 2021-01-26 01:29:27,336 : state_square_error: 8.918 reward_error: 5.852
INFO : 2021-01-26 01:29:47,625 : state_square_error: 45.529 reward_error: 4.635
INFO : 2021-01-26 01:30:08,153 : state_square_error: 16.838 reward_error: 7.061
INFO : 2021-01-26 01:30:28,317 : state_square_error: 9.670 reward_error: 9.176
INFO : 2021-01-26 01:30:48,666 : state_square_error: 50.064 reward_error: 9.163
INFO : 2021-01-26 01:31:08,667 : state_square_error: 42.938 reward_error: 7.294
INFO : 2021-01-26 01:31:29,301 : state_square_error: 38.931 reward_error: 11.206
INFO : 2021-01-26 01:31:49,740 : state_square_error: 32.407 reward_error: 8.474
INFO : 2021-01-26 01:32:09,780 : episode: 8 score: -10.1 100 games avg: -10.1 steps 1000 
INFO : 2021-01-26 01:32:12,331 : state_square_error: 19.246 reward_error: 3.005
INFO : 2021-01-26 01:32:32,934 : state_square_error: 21.770 reward_error: 5.839
INFO : 2021-01-26 01:32:53,335 : state_square_error: 42.328 reward_error: 4.572
INFO : 2021-01-26 01:33:13,511 : state_square_error: 37.817 reward_error: 2.254
INFO : 2021-01-26 01:33:33,928 : state_square_error: 19.289 reward_error: 3.376
INFO : 2021-01-26 01:33:54,319 : state_square_error: 31.471 reward_error: 2.338
INFO : 2021-01-26 01:34:14,763 : state_square_error: 46.424 reward_error: 6.840
INFO : 2021-01-26 01:34:34,926 : state_square_error: 53.662 reward_error: 2.325
INFO : 2021-01-26 01:34:55,323 : state_square_error: 12.075 reward_error: 4.757
INFO : 2021-01-26 01:35:15,823 : state_square_error: 92.258 reward_error: 7.366
INFO : 2021-01-26 01:35:36,083 : episode: 9 score: -129.1 100 games avg: -129.1 steps 1000 
INFO : 2021-01-26 01:35:39,575 : state_square_error: 16.650 reward_error: 5.842
INFO : 2021-01-26 01:36:00,234 : state_square_error: 25.944 reward_error: 4.243
INFO : 2021-01-26 01:36:20,558 : state_square_error: 45.235 reward_error: 6.974
INFO : 2021-01-26 01:36:40,941 : state_square_error: 42.222 reward_error: 4.608
INFO : 2021-01-26 01:37:01,361 : state_square_error: 31.229 reward_error: 4.925
INFO : 2021-01-26 01:37:21,542 : state_square_error: 44.030 reward_error: 6.083
INFO : 2021-01-26 01:37:41,809 : state_square_error: 9.904 reward_error: 3.410
INFO : 2021-01-26 01:38:01,962 : state_square_error: 24.995 reward_error: 6.776
INFO : 2021-01-26 01:38:22,383 : state_square_error: 12.322 reward_error: 2.748
INFO : 2021-01-26 01:38:42,667 : state_square_error: 40.217 reward_error: 3.321
INFO : 2021-01-26 01:39:02,924 : episode: 10 score: -12.4 100 games avg: -12.4 steps 1000 
INFO : 2021-01-26 01:39:06,419 : state_square_error: 30.343 reward_error: 6.456
INFO : 2021-01-26 01:39:26,991 : state_square_error: 30.759 reward_error: 1.819
INFO : 2021-01-26 01:39:47,377 : state_square_error: 18.622 reward_error: 6.552
INFO : 2021-01-26 01:40:07,931 : state_square_error: 82.718 reward_error: 0.155
INFO : 2021-01-26 01:40:28,648 : state_square_error: 40.221 reward_error: 5.212
INFO : 2021-01-26 01:40:48,988 : state_square_error: 33.347 reward_error: 4.102
INFO : 2021-01-26 01:41:09,590 : state_square_error: 68.028 reward_error: 3.721
INFO : 2021-01-26 01:41:30,032 : state_square_error: 75.904 reward_error: 7.283
INFO : 2021-01-26 01:41:50,483 : state_square_error: 30.366 reward_error: 6.690
INFO : 2021-01-26 01:42:10,680 : state_square_error: 25.459 reward_error: 4.406
INFO : 2021-01-26 01:42:30,815 : episode: 11 score: 29.3 100 games avg: 29.3 steps 1000 
INFO : 2021-01-26 01:42:34,819 : state_square_error: 6.342 reward_error: 7.828
INFO : 2021-01-26 01:42:54,919 : state_square_error: 30.812 reward_error: 3.192
INFO : 2021-01-26 01:43:15,093 : state_square_error: 23.729 reward_error: 3.761
INFO : 2021-01-26 01:43:35,781 : state_square_error: 71.900 reward_error: 3.525
INFO : 2021-01-26 01:43:56,143 : state_square_error: 72.041 reward_error: 8.147
INFO : 2021-01-26 01:44:16,434 : state_square_error: 25.632 reward_error: 7.318
INFO : 2021-01-26 01:44:36,905 : state_square_error: 13.813 reward_error: 1.177
INFO : 2021-01-26 01:44:57,604 : state_square_error: 23.268 reward_error: 3.678
INFO : 2021-01-26 01:45:17,811 : state_square_error: 24.076 reward_error: 3.029
INFO : 2021-01-26 01:45:38,030 : state_square_error: 51.218 reward_error: 5.818
INFO : 2021-01-26 01:45:58,133 : episode: 12 score: 48.1 100 games avg: 48.1 steps 1000 
INFO : 2021-01-26 01:46:02,438 : state_square_error: 22.630 reward_error: 6.348
INFO : 2021-01-26 01:46:22,887 : state_square_error: 28.956 reward_error: 5.009
INFO : 2021-01-26 01:46:42,992 : state_square_error: 22.587 reward_error: 1.905
INFO : 2021-01-26 01:47:03,184 : state_square_error: 24.009 reward_error: 5.060
INFO : 2021-01-26 01:47:23,508 : state_square_error: 20.540 reward_error: 5.902
INFO : 2021-01-26 01:47:44,099 : state_square_error: 26.097 reward_error: 2.839
INFO : 2021-01-26 01:48:04,546 : state_square_error: 30.391 reward_error: 7.514
INFO : 2021-01-26 01:48:24,692 : state_square_error: 10.295 reward_error: 5.210
INFO : 2021-01-26 01:48:44,876 : state_square_error: 24.129 reward_error: 3.614
INFO : 2021-01-26 01:49:04,981 : state_square_error: 12.499 reward_error: 6.846
INFO : 2021-01-26 01:49:25,047 : episode: 13 score: 32.7 100 games avg: 32.7 steps 1000 
INFO : 2021-01-26 01:49:29,233 : state_square_error: 5.461 reward_error: 2.721
INFO : 2021-01-26 01:49:49,460 : state_square_error: 42.609 reward_error: 5.463
INFO : 2021-01-26 01:50:09,861 : state_square_error: 39.854 reward_error: 3.303
INFO : 2021-01-26 01:50:29,996 : state_square_error: 7.837 reward_error: 3.174
INFO : 2021-01-26 01:50:50,506 : state_square_error: 24.380 reward_error: 2.424
INFO : 2021-01-26 01:51:10,838 : state_square_error: 34.817 reward_error: 5.680
INFO : 2021-01-26 01:51:31,181 : state_square_error: 14.575 reward_error: 6.874
INFO : 2021-01-26 01:51:51,322 : state_square_error: 24.016 reward_error: 6.775
INFO : 2021-01-26 01:52:11,476 : state_square_error: 60.977 reward_error: 10.128
INFO : 2021-01-26 01:52:31,761 : state_square_error: 6.008 reward_error: 1.775
INFO : 2021-01-26 01:52:52,010 : episode: 14 score: 49.0 100 games avg: 49.0 steps 1000 
INFO : 2021-01-26 01:52:57,528 : state_square_error: 9.761 reward_error: 6.655
INFO : 2021-01-26 01:53:17,884 : state_square_error: 29.878 reward_error: 8.121
INFO : 2021-01-26 01:53:38,245 : state_square_error: 62.121 reward_error: 6.123
INFO : 2021-01-26 01:53:58,887 : state_square_error: 34.481 reward_error: 2.163
INFO : 2021-01-26 01:54:19,240 : state_square_error: 36.493 reward_error: -0.102
INFO : 2021-01-26 01:54:39,416 : state_square_error: 8.897 reward_error: 2.469
INFO : 2021-01-26 01:55:00,011 : state_square_error: 39.612 reward_error: 5.273
INFO : 2021-01-26 01:55:20,251 : state_square_error: 17.313 reward_error: 2.941
INFO : 2021-01-26 01:55:40,563 : state_square_error: 56.659 reward_error: 3.458
INFO : 2021-01-26 01:56:00,863 : state_square_error: 43.137 reward_error: 4.053
INFO : 2021-01-26 01:56:20,840 : episode: 15 score: 66.5 100 games avg: 66.5 steps 1000 
INFO : 2021-01-26 01:56:26,357 : state_square_error: 9.611 reward_error: 8.231
INFO : 2021-01-26 01:56:46,695 : state_square_error: 50.691 reward_error: 7.600
INFO : 2021-01-26 01:57:07,329 : state_square_error: 26.802 reward_error: 3.180
INFO : 2021-01-26 01:57:27,746 : state_square_error: 33.857 reward_error: 5.487
INFO : 2021-01-26 01:57:47,562 : state_square_error: 31.284 reward_error: 3.892
INFO : 2021-01-26 01:58:07,626 : state_square_error: 22.751 reward_error: 4.973
INFO : 2021-01-26 01:58:28,170 : state_square_error: 23.339 reward_error: 3.658
INFO : 2021-01-26 01:58:48,564 : state_square_error: 20.165 reward_error: 4.899
INFO : 2021-01-26 01:59:08,896 : state_square_error: 38.140 reward_error: 5.195
INFO : 2021-01-26 01:59:29,185 : state_square_error: 37.621 reward_error: 6.910
INFO : 2021-01-26 01:59:49,294 : episode: 16 score: 136.9 100 games avg: 136.9 steps 1000 
INFO : 2021-01-26 01:59:54,600 : state_square_error: 23.712 reward_error: 5.875
INFO : 2021-01-26 02:00:15,212 : state_square_error: 95.027 reward_error: 5.905
INFO : 2021-01-26 02:00:35,864 : state_square_error: 16.413 reward_error: 6.373
INFO : 2021-01-26 02:00:56,188 : state_square_error: 8.631 reward_error: 5.997
INFO : 2021-01-26 02:01:16,521 : state_square_error: 36.478 reward_error: 5.918
INFO : 2021-01-26 02:01:37,063 : state_square_error: 28.410 reward_error: 7.971
INFO : 2021-01-26 02:01:57,576 : state_square_error: 40.961 reward_error: 5.841
INFO : 2021-01-26 02:02:17,841 : state_square_error: 96.545 reward_error: 3.479
INFO : 2021-01-26 02:02:38,303 : state_square_error: 60.153 reward_error: 2.940
INFO : 2021-01-26 02:02:58,654 : state_square_error: 29.770 reward_error: 5.874
INFO : 2021-01-26 02:03:19,103 : episode: 17 score: 183.5 100 games avg: 183.5 steps 1000 
INFO : 2021-01-26 02:03:24,647 : state_square_error: 27.094 reward_error: 3.031
INFO : 2021-01-26 02:03:44,891 : state_square_error: 12.855 reward_error: 5.526
INFO : 2021-01-26 02:04:05,122 : state_square_error: 24.299 reward_error: 2.335
INFO : 2021-01-26 02:04:25,620 : state_square_error: 50.986 reward_error: 3.726
INFO : 2021-01-26 02:04:45,882 : state_square_error: 10.466 reward_error: 5.040
INFO : 2021-01-26 02:05:06,532 : state_square_error: 43.181 reward_error: 6.473
INFO : 2021-01-26 02:05:27,007 : state_square_error: 20.229 reward_error: -0.056
INFO : 2021-01-26 02:05:47,365 : state_square_error: 6.743 reward_error: 9.605
INFO : 2021-01-26 02:06:07,569 : state_square_error: 12.912 reward_error: 2.516
INFO : 2021-01-26 02:06:27,943 : state_square_error: 33.192 reward_error: 4.326
INFO : 2021-01-26 02:06:47,966 : episode: 18 score: 151.7 100 games avg: 151.7 steps 1000 
INFO : 2021-01-26 02:06:54,052 : state_square_error: 11.238 reward_error: 14.054
INFO : 2021-01-26 02:07:14,287 : state_square_error: 43.954 reward_error: 8.513
INFO : 2021-01-26 02:07:34,815 : state_square_error: 55.798 reward_error: 8.323
INFO : 2021-01-26 02:07:54,958 : state_square_error: 35.177 reward_error: 3.225
INFO : 2021-01-26 02:08:15,416 : state_square_error: 70.164 reward_error: 5.326
INFO : 2021-01-26 02:08:35,757 : state_square_error: 86.562 reward_error: 8.643
INFO : 2021-01-26 02:08:56,051 : state_square_error: 50.660 reward_error: 8.067
INFO : 2021-01-26 02:09:16,626 : state_square_error: 19.165 reward_error: 8.136
INFO : 2021-01-26 02:09:36,838 : state_square_error: 33.252 reward_error: 8.542
INFO : 2021-01-26 02:09:57,467 : state_square_error: 12.234 reward_error: 3.379
INFO : 2021-01-26 02:10:17,535 : episode: 19 score: 201.2 100 games avg: 201.2 steps 1000 
INFO : 2021-01-26 02:10:24,216 : state_square_error: 10.507 reward_error: 9.038
INFO : 2021-01-26 02:10:44,623 : state_square_error: 31.362 reward_error: 1.567
INFO : 2021-01-26 02:11:04,753 : state_square_error: 16.439 reward_error: 10.117
INFO : 2021-01-26 02:11:25,673 : state_square_error: 65.821 reward_error: 3.133
INFO : 2021-01-26 02:11:45,989 : state_square_error: 57.181 reward_error: 6.930
INFO : 2021-01-26 02:12:06,561 : state_square_error: 39.737 reward_error: 2.499
INFO : 2021-01-26 02:12:27,036 : state_square_error: 42.410 reward_error: 4.639
INFO : 2021-01-26 02:12:47,155 : state_square_error: 63.708 reward_error: 6.306
INFO : 2021-01-26 02:13:07,581 : state_square_error: 17.275 reward_error: 5.024
INFO : 2021-01-26 02:13:27,847 : state_square_error: 67.333 reward_error: 5.453
INFO : 2021-01-26 02:13:47,709 : episode: 20 score: 303.4 100 games avg: 303.4 steps 1000 
INFO : 2021-01-26 02:13:54,756 : state_square_error: 2.294 reward_error: 9.237
INFO : 2021-01-26 02:14:15,022 : state_square_error: 44.003 reward_error: 3.455
INFO : 2021-01-26 02:14:35,370 : state_square_error: 45.673 reward_error: 2.754
INFO : 2021-01-26 02:14:55,312 : state_square_error: 56.862 reward_error: 9.397
INFO : 2021-01-26 02:15:15,623 : state_square_error: 71.272 reward_error: 7.732
INFO : 2021-01-26 02:15:35,833 : state_square_error: 35.622 reward_error: 10.202
INFO : 2021-01-26 02:15:56,202 : state_square_error: 26.661 reward_error: 4.962
INFO : 2021-01-26 02:16:16,841 : state_square_error: 57.671 reward_error: 10.650
INFO : 2021-01-26 02:16:37,419 : state_square_error: 34.236 reward_error: 2.961
INFO : 2021-01-26 02:16:57,816 : state_square_error: 43.988 reward_error: 3.495
INFO : 2021-01-26 02:17:17,961 : episode: 21 score: 203.9 100 games avg: 203.9 steps 1000 
INFO : 2021-01-26 02:17:25,028 : state_square_error: 15.966 reward_error: 5.246
INFO : 2021-01-26 02:17:45,653 : state_square_error: 27.494 reward_error: 9.482
INFO : 2021-01-26 02:18:06,028 : state_square_error: 14.510 reward_error: 3.813
INFO : 2021-01-26 02:18:26,319 : state_square_error: 17.714 reward_error: 2.952
INFO : 2021-01-26 02:18:46,643 : state_square_error: 28.815 reward_error: 9.387
INFO : 2021-01-26 02:19:07,229 : state_square_error: 34.063 reward_error: 3.640
INFO : 2021-01-26 02:19:27,552 : state_square_error: 46.767 reward_error: 6.675
INFO : 2021-01-26 02:19:47,669 : state_square_error: 36.249 reward_error: 5.101
INFO : 2021-01-26 02:20:08,392 : state_square_error: 40.305 reward_error: 9.435
INFO : 2021-01-26 02:20:28,797 : state_square_error: 70.799 reward_error: 11.220
INFO : 2021-01-26 02:20:49,032 : episode: 22 score: 353.7 100 games avg: 353.7 steps 1000 
INFO : 2021-01-26 02:20:56,129 : state_square_error: 30.907 reward_error: 3.304
INFO : 2021-01-26 02:21:16,709 : state_square_error: 17.063 reward_error: 11.786
INFO : 2021-01-26 02:21:37,444 : state_square_error: 19.921 reward_error: 8.225
INFO : 2021-01-26 02:21:57,744 : state_square_error: 40.234 reward_error: 3.024
INFO : 2021-01-26 02:22:18,092 : state_square_error: 52.478 reward_error: 7.743
INFO : 2021-01-26 02:22:38,488 : state_square_error: 14.535 reward_error: 7.093
INFO : 2021-01-26 02:22:58,623 : state_square_error: 29.186 reward_error: 6.990
INFO : 2021-01-26 02:23:19,082 : state_square_error: 37.182 reward_error: 10.028
INFO : 2021-01-26 02:23:39,574 : state_square_error: 80.144 reward_error: 6.350
INFO : 2021-01-26 02:24:00,148 : state_square_error: 82.383 reward_error: 6.826
INFO : 2021-01-26 02:24:20,921 : episode: 23 score: 353.0 100 games avg: 353.0 steps 1000 
INFO : 2021-01-26 02:24:29,172 : state_square_error: 36.058 reward_error: 5.312
INFO : 2021-01-26 02:24:50,240 : state_square_error: 85.490 reward_error: 2.027
INFO : 2021-01-26 02:25:11,211 : state_square_error: 54.699 reward_error: 14.394
INFO : 2021-01-26 02:25:32,417 : state_square_error: 49.959 reward_error: 2.785
INFO : 2021-01-26 02:25:54,212 : state_square_error: 21.102 reward_error: 11.436
INFO : 2021-01-26 02:26:15,509 : state_square_error: 33.067 reward_error: 6.751
INFO : 2021-01-26 02:26:36,937 : state_square_error: 22.942 reward_error: 4.263
INFO : 2021-01-26 02:26:58,196 : state_square_error: 34.137 reward_error: 9.619
INFO : 2021-01-26 02:27:19,517 : state_square_error: 100.645 reward_error: 6.875
INFO : 2021-01-26 02:27:41,119 : state_square_error: 28.994 reward_error: 11.461
INFO : 2021-01-26 02:28:01,565 : episode: 24 score: 335.0 100 games avg: 335.0 steps 1000 
INFO : 2021-01-26 02:28:10,197 : state_square_error: 23.954 reward_error: 6.742
INFO : 2021-01-26 02:28:31,363 : state_square_error: 44.880 reward_error: 5.265
INFO : 2021-01-26 02:28:53,221 : state_square_error: 19.283 reward_error: 4.279
INFO : 2021-01-26 02:29:14,501 : state_square_error: 59.302 reward_error: 8.378
INFO : 2021-01-26 02:29:35,509 : state_square_error: 33.716 reward_error: 5.440
INFO : 2021-01-26 02:29:56,430 : state_square_error: 75.485 reward_error: 5.115
INFO : 2021-01-26 02:30:17,988 : state_square_error: 58.619 reward_error: 8.907
INFO : 2021-01-26 02:30:39,017 : state_square_error: 31.273 reward_error: 2.841
INFO : 2021-01-26 02:31:00,301 : state_square_error: 39.212 reward_error: 5.313
INFO : 2021-01-26 02:31:21,523 : state_square_error: 67.732 reward_error: 5.791
INFO : 2021-01-26 02:31:42,765 : episode: 25 score: 315.9 100 games avg: 315.9 steps 1000 
INFO : 2021-01-26 02:31:52,131 : state_square_error: 12.389 reward_error: 4.217
INFO : 2021-01-26 02:32:12,914 : state_square_error: 56.852 reward_error: 7.635
INFO : 2021-01-26 02:32:34,318 : state_square_error: 55.325 reward_error: 13.875
INFO : 2021-01-26 02:32:55,765 : state_square_error: 23.692 reward_error: 8.353
INFO : 2021-01-26 02:33:17,155 : state_square_error: 42.844 reward_error: 1.383
INFO : 2021-01-26 02:33:38,327 : state_square_error: 12.325 reward_error: 13.100
INFO : 2021-01-26 02:34:00,140 : state_square_error: 26.588 reward_error: 5.432
INFO : 2021-01-26 02:34:21,294 : state_square_error: 67.600 reward_error: 11.376
INFO : 2021-01-26 02:34:42,505 : state_square_error: 53.165 reward_error: 12.205
INFO : 2021-01-26 02:35:03,954 : state_square_error: 17.637 reward_error: 3.093
INFO : 2021-01-26 02:35:24,784 : episode: 26 score: 390.7 100 games avg: 390.7 steps 1000 
INFO : 2021-01-26 02:35:33,888 : state_square_error: 17.546 reward_error: 6.766
INFO : 2021-01-26 02:35:55,031 : state_square_error: 19.217 reward_error: 6.187
INFO : 2021-01-26 02:36:16,166 : state_square_error: 67.115 reward_error: 3.328
INFO : 2021-01-26 02:36:38,331 : state_square_error: 46.128 reward_error: 4.717
INFO : 2021-01-26 02:36:59,835 : state_square_error: 82.306 reward_error: -0.615
INFO : 2021-01-26 02:37:21,148 : state_square_error: 48.557 reward_error: 6.871
INFO : 2021-01-26 02:37:42,668 : state_square_error: 61.104 reward_error: 7.702
INFO : 2021-01-26 02:38:03,853 : state_square_error: 55.602 reward_error: 6.051
INFO : 2021-01-26 02:38:24,777 : state_square_error: 46.417 reward_error: 8.899
INFO : 2021-01-26 02:38:45,839 : state_square_error: 46.610 reward_error: 11.569
INFO : 2021-01-26 02:39:06,862 : episode: 27 score: 415.6 100 games avg: 415.6 steps 1000 
INFO : 2021-01-26 02:39:16,351 : state_square_error: 25.975 reward_error: 7.372
INFO : 2021-01-26 02:39:37,493 : state_square_error: 60.044 reward_error: 4.109
INFO : 2021-01-26 02:39:58,935 : state_square_error: 42.784 reward_error: 6.783
INFO : 2021-01-26 02:40:20,157 : state_square_error: 49.665 reward_error: 14.413
INFO : 2021-01-26 02:40:41,350 : state_square_error: 67.544 reward_error: 12.661
INFO : 2021-01-26 02:41:02,181 : state_square_error: 38.621 reward_error: 5.842
INFO : 2021-01-26 02:41:23,690 : state_square_error: 35.450 reward_error: 3.394
INFO : 2021-01-26 02:41:44,721 : state_square_error: 51.491 reward_error: 6.463
INFO : 2021-01-26 02:42:06,593 : state_square_error: 49.700 reward_error: 8.426
INFO : 2021-01-26 02:42:28,241 : state_square_error: 36.070 reward_error: 7.775
INFO : 2021-01-26 02:42:49,687 : episode: 28 score: 502.6 100 games avg: 502.6 steps 1000 
INFO : 2021-01-26 02:42:59,452 : state_square_error: 7.041 reward_error: 4.946
INFO : 2021-01-26 02:43:20,536 : state_square_error: 44.790 reward_error: 11.649
INFO : 2021-01-26 02:43:41,893 : state_square_error: 22.058 reward_error: 4.136
INFO : 2021-01-26 02:44:03,234 : state_square_error: 31.127 reward_error: 6.045
INFO : 2021-01-26 02:44:24,515 : state_square_error: 38.379 reward_error: 7.836
INFO : 2021-01-26 02:44:45,757 : state_square_error: 68.397 reward_error: 2.997
INFO : 2021-01-26 02:45:06,731 : state_square_error: 43.932 reward_error: 16.014
INFO : 2021-01-26 02:45:28,293 : state_square_error: 91.097 reward_error: 6.236
INFO : 2021-01-26 02:45:49,656 : state_square_error: 55.346 reward_error: 11.948
INFO : 2021-01-26 02:46:10,860 : state_square_error: 57.834 reward_error: 14.314
INFO : 2021-01-26 02:46:31,937 : episode: 29 score: 523.3 100 games avg: 523.3 steps 1000 
INFO : 2021-01-26 02:46:42,337 : state_square_error: 14.982 reward_error: 4.074
INFO : 2021-01-26 02:47:04,194 : state_square_error: 11.145 reward_error: 6.610
INFO : 2021-01-26 02:47:25,545 : state_square_error: 39.750 reward_error: 9.324
INFO : 2021-01-26 02:47:46,704 : state_square_error: 26.975 reward_error: 3.394
INFO : 2021-01-26 02:48:07,867 : state_square_error: 35.021 reward_error: 4.721
INFO : 2021-01-26 02:48:28,843 : state_square_error: 26.692 reward_error: 3.908
INFO : 2021-01-26 02:48:50,015 : state_square_error: 26.801 reward_error: 15.152
INFO : 2021-01-26 02:49:11,126 : state_square_error: 42.544 reward_error: 12.908
INFO : 2021-01-26 02:49:32,429 : state_square_error: 76.982 reward_error: 6.782
INFO : 2021-01-26 02:49:54,079 : state_square_error: 37.664 reward_error: 7.869
INFO : 2021-01-26 02:50:15,632 : episode: 30 score: 390.5 100 games avg: 390.5 steps 1000 
INFO : 2021-01-26 02:50:26,708 : state_square_error: 5.354 reward_error: 6.787
INFO : 2021-01-26 02:50:48,437 : state_square_error: 31.380 reward_error: 7.579
INFO : 2021-01-26 02:51:09,419 : state_square_error: 10.677 reward_error: 1.831
INFO : 2021-01-26 02:51:30,449 : state_square_error: 32.237 reward_error: 12.344
INFO : 2021-01-26 02:51:51,256 : state_square_error: 33.579 reward_error: 9.292
INFO : 2021-01-26 02:52:12,715 : state_square_error: 51.054 reward_error: 4.585
INFO : 2021-01-26 02:52:34,571 : state_square_error: 43.996 reward_error: 13.317
INFO : 2021-01-26 02:52:56,199 : state_square_error: 23.529 reward_error: 7.569
INFO : 2021-01-26 02:53:17,677 : state_square_error: 40.430 reward_error: 12.591
INFO : 2021-01-26 02:53:39,407 : state_square_error: 39.407 reward_error: 8.219
INFO : 2021-01-26 02:54:00,306 : episode: 31 score: 532.4 100 games avg: 532.4 steps 1000 
INFO : 2021-01-26 02:54:11,419 : state_square_error: 18.570 reward_error: 2.906
INFO : 2021-01-26 02:54:32,960 : state_square_error: 24.129 reward_error: 9.297
INFO : 2021-01-26 02:54:54,540 : state_square_error: 48.187 reward_error: 6.384
INFO : 2021-01-26 02:55:15,915 : state_square_error: 26.728 reward_error: 8.046
INFO : 2021-01-26 02:55:37,190 : state_square_error: 47.771 reward_error: 8.313
INFO : 2021-01-26 02:55:58,444 : state_square_error: 21.801 reward_error: 7.859
INFO : 2021-01-26 02:56:19,945 : state_square_error: 38.858 reward_error: 11.710
INFO : 2021-01-26 02:56:41,343 : state_square_error: 45.256 reward_error: 4.519
INFO : 2021-01-26 02:57:02,801 : state_square_error: 48.918 reward_error: 8.919
INFO : 2021-01-26 02:57:23,995 : state_square_error: 51.915 reward_error: 12.403
INFO : 2021-01-26 02:57:45,091 : episode: 32 score: 405.2 100 games avg: 405.2 steps 1000 
INFO : 2021-01-26 02:57:56,163 : state_square_error: 6.415 reward_error: 7.618
INFO : 2021-01-26 02:58:16,985 : state_square_error: 37.334 reward_error: 11.293
INFO : 2021-01-26 02:58:37,855 : state_square_error: 39.190 reward_error: 8.302
INFO : 2021-01-26 02:58:58,645 : state_square_error: 25.056 reward_error: 6.013
INFO : 2021-01-26 02:59:20,448 : state_square_error: 26.119 reward_error: 9.769
INFO : 2021-01-26 02:59:41,818 : state_square_error: 51.654 reward_error: 8.004
INFO : 2021-01-26 03:00:03,032 : state_square_error: 31.678 reward_error: 13.151
INFO : 2021-01-26 03:00:24,577 : state_square_error: 41.031 reward_error: 4.220
INFO : 2021-01-26 03:00:45,863 : state_square_error: 42.517 reward_error: 14.369
INFO : 2021-01-26 03:01:06,756 : state_square_error: 20.167 reward_error: 9.592
INFO : 2021-01-26 03:01:28,101 : episode: 33 score: 561.4 100 games avg: 561.4 steps 1000 
INFO : 2021-01-26 03:01:40,077 : state_square_error: 5.184 reward_error: 1.703
INFO : 2021-01-26 03:02:00,966 : state_square_error: 43.392 reward_error: 8.871
INFO : 2021-01-26 03:02:22,292 : state_square_error: 41.223 reward_error: 10.225
INFO : 2021-01-26 03:02:43,970 : state_square_error: 77.348 reward_error: 8.705
INFO : 2021-01-26 03:03:05,408 : state_square_error: 37.991 reward_error: 6.447
INFO : 2021-01-26 03:03:27,662 : state_square_error: 15.529 reward_error: 8.690
INFO : 2021-01-26 03:03:48,618 : state_square_error: 40.417 reward_error: 7.281
INFO : 2021-01-26 03:04:10,372 : state_square_error: 60.318 reward_error: 15.322
INFO : 2021-01-26 03:04:31,771 : state_square_error: 62.625 reward_error: 4.328
INFO : 2021-01-26 03:04:52,644 : state_square_error: 38.911 reward_error: 6.319
INFO : 2021-01-26 03:05:13,347 : episode: 34 score: 398.0 100 games avg: 398.0 steps 1000 
INFO : 2021-01-26 03:05:25,077 : state_square_error: 67.676 reward_error: 5.389
INFO : 2021-01-26 03:05:46,741 : state_square_error: 36.438 reward_error: 16.562
INFO : 2021-01-26 03:06:07,800 : state_square_error: 23.594 reward_error: 4.871
INFO : 2021-01-26 03:06:29,651 : state_square_error: 49.055 reward_error: 6.586
INFO : 2021-01-26 03:06:51,201 : state_square_error: 23.875 reward_error: 13.118
INFO : 2021-01-26 03:07:12,938 : state_square_error: 16.841 reward_error: 11.784
INFO : 2021-01-26 03:07:34,406 : state_square_error: 94.289 reward_error: 7.476
INFO : 2021-01-26 03:07:55,822 : state_square_error: 61.127 reward_error: 10.189
INFO : 2021-01-26 03:08:17,239 : state_square_error: 52.391 reward_error: 13.123
INFO : 2021-01-26 03:08:38,429 : state_square_error: 13.689 reward_error: 7.330
INFO : 2021-01-26 03:08:59,195 : episode: 35 score: 482.6 100 games avg: 482.6 steps 1000 
INFO : 2021-01-26 03:09:11,176 : state_square_error: 27.683 reward_error: 9.232
INFO : 2021-01-26 03:09:32,326 : state_square_error: 42.816 reward_error: 7.741
INFO : 2021-01-26 03:09:54,059 : state_square_error: 44.971 reward_error: 4.185
INFO : 2021-01-26 03:10:16,151 : state_square_error: 34.171 reward_error: 9.563
INFO : 2021-01-26 03:10:37,470 : state_square_error: 40.813 reward_error: 2.938
INFO : 2021-01-26 03:10:59,101 : state_square_error: 57.842 reward_error: 12.260
INFO : 2021-01-26 03:11:20,126 : state_square_error: 66.678 reward_error: 16.868
INFO : 2021-01-26 03:11:41,993 : state_square_error: 12.611 reward_error: 10.389
INFO : 2021-01-26 03:12:03,427 : state_square_error: 57.266 reward_error: 8.829
INFO : 2021-01-26 03:12:24,896 : state_square_error: 30.911 reward_error: 11.867
INFO : 2021-01-26 03:12:45,835 : episode: 36 score: 448.5 100 games avg: 448.5 steps 1000 
INFO : 2021-01-26 03:12:58,722 : state_square_error: 7.425 reward_error: 6.332
INFO : 2021-01-26 03:13:20,326 : state_square_error: 30.836 reward_error: 13.484
INFO : 2021-01-26 03:13:41,086 : state_square_error: 27.375 reward_error: 7.739
INFO : 2021-01-26 03:14:02,097 : state_square_error: 20.793 reward_error: 11.575
INFO : 2021-01-26 03:14:23,281 : state_square_error: 41.308 reward_error: 8.328
INFO : 2021-01-26 03:14:44,393 : state_square_error: 55.460 reward_error: 7.616
INFO : 2021-01-26 03:15:05,618 : state_square_error: 35.203 reward_error: 2.120
INFO : 2021-01-26 03:15:27,047 : state_square_error: 48.717 reward_error: 12.761
INFO : 2021-01-26 03:15:48,238 : state_square_error: 33.626 reward_error: 5.046
INFO : 2021-01-26 03:16:09,310 : state_square_error: 8.957 reward_error: 9.248
INFO : 2021-01-26 03:16:30,521 : episode: 37 score: 499.4 100 games avg: 499.4 steps 1000 
INFO : 2021-01-26 03:16:43,313 : state_square_error: 7.833 reward_error: 2.847
INFO : 2021-01-26 03:17:04,533 : state_square_error: 43.545 reward_error: 8.524
INFO : 2021-01-26 03:17:26,108 : state_square_error: 30.287 reward_error: 9.618
INFO : 2021-01-26 03:17:47,356 : state_square_error: 77.849 reward_error: 6.390
INFO : 2021-01-26 03:18:08,242 : state_square_error: 23.652 reward_error: 6.500
INFO : 2021-01-26 03:18:29,550 : state_square_error: 26.292 reward_error: 10.575
INFO : 2021-01-26 03:18:51,037 : state_square_error: 36.172 reward_error: 10.758
INFO : 2021-01-26 03:19:11,961 : state_square_error: 12.786 reward_error: 8.970
INFO : 2021-01-26 03:19:33,064 : state_square_error: 10.634 reward_error: 5.498
INFO : 2021-01-26 03:19:54,917 : state_square_error: 51.884 reward_error: 8.915
INFO : 2021-01-26 03:20:16,067 : episode: 38 score: 573.4 100 games avg: 573.4 steps 1000 
INFO : 2021-01-26 03:20:29,841 : state_square_error: 17.733 reward_error: 6.805
INFO : 2021-01-26 03:20:51,014 : state_square_error: 99.135 reward_error: 5.024
INFO : 2021-01-26 03:21:12,811 : state_square_error: 85.575 reward_error: 4.942
INFO : 2021-01-26 03:21:33,860 : state_square_error: 31.640 reward_error: 8.216
INFO : 2021-01-26 03:21:55,487 : state_square_error: 67.615 reward_error: 9.644
INFO : 2021-01-26 03:22:17,344 : state_square_error: 20.458 reward_error: 7.846
INFO : 2021-01-26 03:22:38,800 : state_square_error: 15.006 reward_error: 10.740
INFO : 2021-01-26 03:22:59,902 : state_square_error: 48.409 reward_error: 6.732
INFO : 2021-01-26 03:23:20,979 : state_square_error: 16.680 reward_error: 7.463
INFO : 2021-01-26 03:23:41,856 : state_square_error: 80.180 reward_error: 7.752
INFO : 2021-01-26 03:24:03,208 : episode: 39 score: 502.1 100 games avg: 502.1 steps 1000 
INFO : 2021-01-26 03:24:17,322 : state_square_error: 45.530 reward_error: 6.483
INFO : 2021-01-26 03:24:38,344 : state_square_error: 34.196 reward_error: 11.202
INFO : 2021-01-26 03:24:59,678 : state_square_error: 38.126 reward_error: 8.727
INFO : 2021-01-26 03:25:20,736 : state_square_error: 55.817 reward_error: 6.930
INFO : 2021-01-26 03:25:42,524 : state_square_error: 54.336 reward_error: 8.782
INFO : 2021-01-26 03:26:03,699 : state_square_error: 15.998 reward_error: 7.415
INFO : 2021-01-26 03:26:24,849 : state_square_error: 58.887 reward_error: 10.572
INFO : 2021-01-26 03:26:46,051 : state_square_error: 56.766 reward_error: 9.698
INFO : 2021-01-26 03:27:07,306 : state_square_error: 29.463 reward_error: 6.710
INFO : 2021-01-26 03:27:28,693 : state_square_error: 10.744 reward_error: 17.375
INFO : 2021-01-26 03:27:50,087 : episode: 40 score: 562.0 100 games avg: 562.0 steps 1000 
INFO : 2021-01-26 03:28:04,691 : state_square_error: 12.084 reward_error: 3.882
INFO : 2021-01-26 03:28:25,860 : state_square_error: 13.972 reward_error: 9.264
INFO : 2021-01-26 03:28:46,717 : state_square_error: 78.880 reward_error: 20.840
INFO : 2021-01-26 03:29:08,246 : state_square_error: 57.957 reward_error: 7.614
INFO : 2021-01-26 03:29:29,724 : state_square_error: 3.257 reward_error: 16.451
INFO : 2021-01-26 03:29:50,481 : state_square_error: 44.440 reward_error: 7.442
INFO : 2021-01-26 03:30:11,715 : state_square_error: 11.524 reward_error: 9.717
INFO : 2021-01-26 03:30:33,047 : state_square_error: 20.638 reward_error: 4.781
INFO : 2021-01-26 03:30:54,264 : state_square_error: 18.126 reward_error: 9.598
INFO : 2021-01-26 03:31:15,526 : state_square_error: 46.122 reward_error: 9.416
INFO : 2021-01-26 03:31:36,229 : episode: 41 score: 519.0 100 games avg: 519.0 steps 1000 
INFO : 2021-01-26 03:31:51,223 : state_square_error: 11.481 reward_error: 4.919
INFO : 2021-01-26 03:32:12,876 : state_square_error: 44.383 reward_error: 8.148
INFO : 2021-01-26 03:32:34,080 : state_square_error: 23.508 reward_error: 3.078
INFO : 2021-01-26 03:32:55,052 : state_square_error: 55.769 reward_error: 3.308
INFO : 2021-01-26 03:33:16,702 : state_square_error: 39.962 reward_error: 10.132
INFO : 2021-01-26 03:33:37,526 : state_square_error: 29.386 reward_error: 10.959
INFO : 2021-01-26 03:33:59,198 : state_square_error: 26.553 reward_error: 8.619
INFO : 2021-01-26 03:34:20,192 : state_square_error: 35.714 reward_error: 9.791
INFO : 2021-01-26 03:34:41,565 : state_square_error: 47.160 reward_error: 7.701
INFO : 2021-01-26 03:35:03,024 : state_square_error: 48.073 reward_error: 7.074
INFO : 2021-01-26 03:35:24,140 : episode: 42 score: 592.4 100 games avg: 592.4 steps 1000 
INFO : 2021-01-26 03:35:38,545 : state_square_error: 46.346 reward_error: 8.089
INFO : 2021-01-26 03:35:59,794 : state_square_error: 74.949 reward_error: 6.536
INFO : 2021-01-26 03:36:21,139 : state_square_error: 54.212 reward_error: 13.528
INFO : 2021-01-26 03:36:42,605 : state_square_error: 34.524 reward_error: 11.088
INFO : 2021-01-26 03:37:04,038 : state_square_error: 35.116 reward_error: 9.086
INFO : 2021-01-26 03:37:25,053 : state_square_error: 41.746 reward_error: 12.551
INFO : 2021-01-26 03:37:46,132 : state_square_error: 23.124 reward_error: 10.508
INFO : 2021-01-26 03:38:07,291 : state_square_error: 40.212 reward_error: 10.316
INFO : 2021-01-26 03:38:28,660 : state_square_error: 21.730 reward_error: 7.162
INFO : 2021-01-26 03:38:49,524 : state_square_error: 50.434 reward_error: 10.829
INFO : 2021-01-26 03:39:10,797 : episode: 43 score: 562.9 100 games avg: 562.9 steps 1000 
INFO : 2021-01-26 03:39:26,399 : state_square_error: 52.590 reward_error: 6.510
INFO : 2021-01-26 03:39:47,508 : state_square_error: 45.777 reward_error: 4.692
INFO : 2021-01-26 03:40:08,379 : state_square_error: 86.925 reward_error: 10.172
INFO : 2021-01-26 03:40:29,610 : state_square_error: 62.425 reward_error: 5.827
INFO : 2021-01-26 03:40:50,741 : state_square_error: 20.301 reward_error: 6.386
INFO : 2021-01-26 03:41:12,181 : state_square_error: 37.025 reward_error: 7.357
INFO : 2021-01-26 03:41:33,552 : state_square_error: 35.941 reward_error: 3.342
INFO : 2021-01-26 03:41:54,664 : state_square_error: 47.646 reward_error: 6.371
INFO : 2021-01-26 03:42:15,962 : state_square_error: 44.344 reward_error: 8.600
INFO : 2021-01-26 03:42:36,964 : state_square_error: 40.589 reward_error: 3.087
INFO : 2021-01-26 03:42:58,163 : episode: 44 score: 596.8 100 games avg: 596.8 steps 1000 
INFO : 2021-01-26 03:43:13,803 : state_square_error: 19.572 reward_error: 6.751
INFO : 2021-01-26 03:43:34,630 : state_square_error: 6.095 reward_error: 11.539
INFO : 2021-01-26 03:43:55,900 : state_square_error: 45.486 reward_error: 11.654
INFO : 2021-01-26 03:44:17,005 : state_square_error: 25.842 reward_error: 6.094
INFO : 2021-01-26 03:44:38,897 : state_square_error: 51.480 reward_error: 8.528
INFO : 2021-01-26 03:44:59,973 : state_square_error: 9.559 reward_error: 13.777
INFO : 2021-01-26 03:45:20,969 : state_square_error: 43.707 reward_error: 8.853
INFO : 2021-01-26 03:45:42,275 : state_square_error: 16.148 reward_error: 4.109
INFO : 2021-01-26 03:46:03,205 : state_square_error: 32.149 reward_error: 2.769
INFO : 2021-01-26 03:46:24,427 : state_square_error: 17.306 reward_error: 10.724
INFO : 2021-01-26 03:46:45,709 : episode: 45 score: 507.2 100 games avg: 507.2 steps 1000 
INFO : 2021-01-26 03:47:01,240 : state_square_error: 13.377 reward_error: 3.160
INFO : 2021-01-26 03:47:22,752 : state_square_error: 9.060 reward_error: 4.465
INFO : 2021-01-26 03:47:44,035 : state_square_error: 65.527 reward_error: 8.101
INFO : 2021-01-26 03:48:04,904 : state_square_error: 33.947 reward_error: 12.523
INFO : 2021-01-26 03:48:25,907 : state_square_error: 37.030 reward_error: 10.474
INFO : 2021-01-26 03:48:47,242 : state_square_error: 25.081 reward_error: 8.598
INFO : 2021-01-26 03:49:08,486 : state_square_error: 36.244 reward_error: 5.277
INFO : 2021-01-26 03:49:29,974 : state_square_error: 62.779 reward_error: 8.365
INFO : 2021-01-26 03:49:51,148 : state_square_error: 61.423 reward_error: 6.283
INFO : 2021-01-26 03:50:12,365 : state_square_error: 39.105 reward_error: 3.348
INFO : 2021-01-26 03:50:33,628 : episode: 46 score: 599.1 100 games avg: 599.1 steps 1000 
INFO : 2021-01-26 03:50:49,799 : state_square_error: 14.658 reward_error: 3.452
INFO : 2021-01-26 03:51:11,488 : state_square_error: 36.800 reward_error: 5.368
INFO : 2021-01-26 03:51:32,809 : state_square_error: 36.601 reward_error: 5.084
INFO : 2021-01-26 03:51:54,113 : state_square_error: 25.429 reward_error: 10.893
INFO : 2021-01-26 03:52:15,625 : state_square_error: 51.643 reward_error: 9.010
INFO : 2021-01-26 03:52:37,155 : state_square_error: 40.380 reward_error: 5.373
INFO : 2021-01-26 03:52:58,237 : state_square_error: 32.504 reward_error: 12.891
INFO : 2021-01-26 03:53:19,474 : state_square_error: 16.972 reward_error: 11.259
INFO : 2021-01-26 03:53:40,574 : state_square_error: 42.523 reward_error: 12.219
INFO : 2021-01-26 03:54:02,136 : state_square_error: 47.148 reward_error: 5.638
INFO : 2021-01-26 03:54:23,159 : episode: 47 score: 507.6 100 games avg: 507.6 steps 1000 
INFO : 2021-01-26 03:54:39,975 : state_square_error: 59.188 reward_error: 6.171
INFO : 2021-01-26 03:55:01,162 : state_square_error: 11.633 reward_error: 2.509
INFO : 2021-01-26 03:55:22,380 : state_square_error: 34.989 reward_error: 4.742
INFO : 2021-01-26 03:55:43,823 : state_square_error: 21.078 reward_error: 14.312
INFO : 2021-01-26 03:56:05,561 : state_square_error: 30.494 reward_error: 12.060
INFO : 2021-01-26 03:56:27,033 : state_square_error: 79.806 reward_error: 5.118
INFO : 2021-01-26 03:56:48,295 : state_square_error: 27.088 reward_error: 4.036
INFO : 2021-01-26 03:57:10,033 : state_square_error: 41.163 reward_error: 4.931
INFO : 2021-01-26 03:57:30,945 : state_square_error: 26.531 reward_error: 5.142
INFO : 2021-01-26 03:57:52,176 : state_square_error: 78.695 reward_error: 8.996
INFO : 2021-01-26 03:58:13,698 : episode: 48 score: 570.1 100 games avg: 570.1 steps 1000 
INFO : 2021-01-26 03:58:30,889 : state_square_error: 13.737 reward_error: 4.660
INFO : 2021-01-26 03:58:52,128 : state_square_error: 62.357 reward_error: 9.873
INFO : 2021-01-26 03:59:13,153 : state_square_error: 41.318 reward_error: 11.838
INFO : 2021-01-26 03:59:34,604 : state_square_error: 47.116 reward_error: 12.125
INFO : 2021-01-26 03:59:55,703 : state_square_error: 18.425 reward_error: 4.877
INFO : 2021-01-26 04:00:16,664 : state_square_error: 46.585 reward_error: 13.785
INFO : 2021-01-26 04:00:38,129 : state_square_error: 75.750 reward_error: 12.748
INFO : 2021-01-26 04:00:59,199 : state_square_error: 46.765 reward_error: 10.003
INFO : 2021-01-26 04:01:20,237 : state_square_error: 39.210 reward_error: 6.304
INFO : 2021-01-26 04:01:41,697 : state_square_error: 12.554 reward_error: 5.583
INFO : 2021-01-26 04:02:02,761 : episode: 49 score: 651.9 100 games avg: 651.9 steps 1000 
INFO : 2021-01-26 04:02:20,087 : state_square_error: 46.991 reward_error: 6.353
INFO : 2021-01-26 04:02:41,306 : state_square_error: 18.105 reward_error: 6.845
INFO : 2021-01-26 04:03:03,497 : state_square_error: 6.264 reward_error: 2.697
INFO : 2021-01-26 04:03:24,872 : state_square_error: 23.250 reward_error: 10.834
INFO : 2021-01-26 04:03:46,186 : state_square_error: 18.299 reward_error: 8.403
INFO : 2021-01-26 04:04:07,421 : state_square_error: 73.597 reward_error: 7.375
INFO : 2021-01-26 04:04:29,017 : state_square_error: 36.330 reward_error: 8.127
INFO : 2021-01-26 04:04:50,215 : state_square_error: 23.570 reward_error: 9.339
INFO : 2021-01-26 04:05:11,465 : state_square_error: 15.352 reward_error: 11.488
INFO : 2021-01-26 04:05:32,318 : state_square_error: 42.603 reward_error: 11.127
INFO : 2021-01-26 04:05:53,275 : episode: 50 score: 652.9 100 games avg: 652.9 steps 1000 
INFO : 2021-01-26 04:06:10,633 : state_square_error: 16.482 reward_error: 4.925
INFO : 2021-01-26 04:06:32,020 : state_square_error: 52.395 reward_error: 11.559
INFO : 2021-01-26 04:06:53,416 : state_square_error: 37.957 reward_error: 9.034
INFO : 2021-01-26 04:07:14,469 : state_square_error: 48.036 reward_error: 7.518
INFO : 2021-01-26 04:07:35,588 : state_square_error: 48.070 reward_error: 9.966
INFO : 2021-01-26 04:07:56,231 : state_square_error: 47.137 reward_error: 12.262
INFO : 2021-01-26 04:08:17,720 : state_square_error: 31.467 reward_error: 15.348
INFO : 2021-01-26 04:08:38,630 : state_square_error: 12.913 reward_error: 1.373
INFO : 2021-01-26 04:08:59,651 : state_square_error: 60.012 reward_error: 7.870
INFO : 2021-01-26 04:09:20,570 : state_square_error: 30.283 reward_error: 10.504
INFO : 2021-01-26 04:09:41,714 : episode: 51 score: 606.1 100 games avg: 606.1 steps 1000 
INFO : 2021-01-26 04:09:58,981 : state_square_error: 36.985 reward_error: 6.188
INFO : 2021-01-26 04:10:20,699 : state_square_error: 22.553 reward_error: 17.547
INFO : 2021-01-26 04:10:42,047 : state_square_error: 38.637 reward_error: 6.745
INFO : 2021-01-26 04:11:03,113 : state_square_error: 48.462 reward_error: 13.597
INFO : 2021-01-26 04:11:24,610 : state_square_error: 35.705 reward_error: 1.561
INFO : 2021-01-26 04:11:46,420 : state_square_error: 24.286 reward_error: 11.418
INFO : 2021-01-26 04:12:08,012 : state_square_error: 27.977 reward_error: 9.050
INFO : 2021-01-26 04:12:29,074 : state_square_error: 10.115 reward_error: 8.434
INFO : 2021-01-26 04:12:50,032 : state_square_error: 39.445 reward_error: 5.644
INFO : 2021-01-26 04:13:10,359 : state_square_error: 67.908 reward_error: 10.050
INFO : 2021-01-26 04:13:30,557 : episode: 52 score: 621.3 100 games avg: 621.3 steps 1000 
INFO : 2021-01-26 04:13:47,623 : state_square_error: 8.854 reward_error: 10.710
INFO : 2021-01-26 04:14:08,166 : state_square_error: 31.423 reward_error: 5.362
INFO : 2021-01-26 04:14:28,843 : state_square_error: 57.535 reward_error: 3.512
INFO : 2021-01-26 04:14:49,414 : state_square_error: 29.850 reward_error: 12.764
INFO : 2021-01-26 04:15:10,378 : state_square_error: 81.881 reward_error: 8.990
INFO : 2021-01-26 04:15:30,857 : state_square_error: 64.742 reward_error: 7.317
INFO : 2021-01-26 04:15:51,057 : state_square_error: 56.490 reward_error: 7.566
INFO : 2021-01-26 04:16:11,581 : state_square_error: 22.183 reward_error: 6.182
INFO : 2021-01-26 04:16:32,168 : state_square_error: 32.420 reward_error: 5.698
INFO : 2021-01-26 04:16:52,744 : state_square_error: 66.752 reward_error: 17.575
INFO : 2021-01-26 04:17:12,705 : episode: 53 score: 691.9 100 games avg: 691.9 steps 1000 
INFO : 2021-01-26 04:17:30,463 : state_square_error: 23.121 reward_error: 9.242
INFO : 2021-01-26 04:17:50,709 : state_square_error: 49.099 reward_error: 3.067
INFO : 2021-01-26 04:18:11,065 : state_square_error: 26.043 reward_error: 10.136
INFO : 2021-01-26 04:18:31,384 : state_square_error: 43.920 reward_error: 7.767
INFO : 2021-01-26 04:18:51,714 : state_square_error: 27.633 reward_error: 8.987
INFO : 2021-01-26 04:19:12,114 : state_square_error: 40.106 reward_error: 8.314
INFO : 2021-01-26 04:19:32,466 : state_square_error: 27.643 reward_error: 10.538
INFO : 2021-01-26 04:19:53,069 : state_square_error: 43.938 reward_error: 8.195
INFO : 2021-01-26 04:20:13,436 : state_square_error: 32.995 reward_error: 7.637
INFO : 2021-01-26 04:20:33,835 : state_square_error: 52.846 reward_error: 8.844
INFO : 2021-01-26 04:20:54,251 : episode: 54 score: 605.7 100 games avg: 605.7 steps 1000 
INFO : 2021-01-26 04:21:11,910 : state_square_error: 19.693 reward_error: 9.654
INFO : 2021-01-26 04:21:32,572 : state_square_error: 27.348 reward_error: 4.745
INFO : 2021-01-26 04:21:53,010 : state_square_error: 28.070 reward_error: 6.403
INFO : 2021-01-26 04:22:13,435 : state_square_error: 23.144 reward_error: 9.467
INFO : 2021-01-26 04:22:33,584 : state_square_error: 50.780 reward_error: 5.685
INFO : 2021-01-26 04:22:53,774 : state_square_error: 65.684 reward_error: 13.422
INFO : 2021-01-26 04:23:14,172 : state_square_error: 53.447 reward_error: 13.062
INFO : 2021-01-26 04:23:34,464 : state_square_error: 34.931 reward_error: 8.818
INFO : 2021-01-26 04:23:55,149 : state_square_error: 38.710 reward_error: 11.761
INFO : 2021-01-26 04:24:15,794 : state_square_error: 62.829 reward_error: 13.743
INFO : 2021-01-26 04:24:36,209 : episode: 55 score: 661.0 100 games avg: 661.0 steps 1000 
INFO : 2021-01-26 04:24:53,368 : state_square_error: 20.637 reward_error: 8.717
INFO : 2021-01-26 04:25:13,664 : state_square_error: 65.168 reward_error: 10.279
INFO : 2021-01-26 04:25:34,284 : state_square_error: 72.359 reward_error: 7.477
INFO : 2021-01-26 04:25:54,525 : state_square_error: 20.239 reward_error: 6.934
INFO : 2021-01-26 04:26:15,081 : state_square_error: 47.111 reward_error: 13.617
INFO : 2021-01-26 04:26:35,360 : state_square_error: 19.519 reward_error: 5.201
INFO : 2021-01-26 04:26:55,691 : state_square_error: 29.803 reward_error: 5.521
INFO : 2021-01-26 04:27:16,353 : state_square_error: 28.230 reward_error: 10.574
INFO : 2021-01-26 04:27:36,886 : state_square_error: 24.605 reward_error: 8.704
INFO : 2021-01-26 04:27:57,435 : state_square_error: 57.960 reward_error: 7.797
INFO : 2021-01-26 04:28:17,932 : episode: 56 score: 669.7 100 games avg: 669.7 steps 1000 
INFO : 2021-01-26 04:28:37,134 : state_square_error: 18.508 reward_error: 3.526
INFO : 2021-01-26 04:28:57,691 : state_square_error: 39.263 reward_error: 5.278
INFO : 2021-01-26 04:29:18,210 : state_square_error: 16.031 reward_error: 7.264
INFO : 2021-01-26 04:29:38,749 : state_square_error: 11.899 reward_error: 16.619
INFO : 2021-01-26 04:29:59,300 : state_square_error: 16.264 reward_error: 6.523
INFO : 2021-01-26 04:30:19,787 : state_square_error: 89.539 reward_error: 7.262
INFO : 2021-01-26 04:30:40,047 : state_square_error: 76.084 reward_error: 4.295
INFO : 2021-01-26 04:31:00,301 : state_square_error: 101.501 reward_error: 11.279
INFO : 2021-01-26 04:31:20,968 : state_square_error: 48.152 reward_error: 4.135
INFO : 2021-01-26 04:31:41,207 : state_square_error: 31.672 reward_error: 6.548
INFO : 2021-01-26 04:32:01,617 : episode: 57 score: 613.6 100 games avg: 613.6 steps 1000 
INFO : 2021-01-26 04:32:20,731 : state_square_error: 41.529 reward_error: 5.895
INFO : 2021-01-26 04:32:41,283 : state_square_error: 49.804 reward_error: 13.218
INFO : 2021-01-26 04:33:01,633 : state_square_error: 41.695 reward_error: 12.377
INFO : 2021-01-26 04:33:21,811 : state_square_error: 30.555 reward_error: 6.376
INFO : 2021-01-26 04:33:42,115 : state_square_error: 70.921 reward_error: 14.027
INFO : 2021-01-26 04:34:02,566 : state_square_error: 36.577 reward_error: 16.507
INFO : 2021-01-26 04:34:22,932 : state_square_error: 25.393 reward_error: 3.313
INFO : 2021-01-26 04:34:42,996 : state_square_error: 55.385 reward_error: 9.144
INFO : 2021-01-26 04:35:03,687 : state_square_error: 22.362 reward_error: 13.211
INFO : 2021-01-26 04:35:24,377 : state_square_error: 9.900 reward_error: 5.612
INFO : 2021-01-26 04:35:44,748 : episode: 58 score: 688.7 100 games avg: 688.7 steps 1000 
INFO : 2021-01-26 04:36:03,486 : state_square_error: 23.492 reward_error: 4.007
INFO : 2021-01-26 04:36:23,869 : state_square_error: 29.878 reward_error: 9.426
INFO : 2021-01-26 04:36:44,092 : state_square_error: 7.628 reward_error: 9.753
INFO : 2021-01-26 04:37:04,382 : state_square_error: 6.095 reward_error: 11.566
INFO : 2021-01-26 04:37:24,572 : state_square_error: 33.906 reward_error: 13.085
INFO : 2021-01-26 04:37:45,037 : state_square_error: 46.385 reward_error: 13.104
INFO : 2021-01-26 04:38:05,424 : state_square_error: 84.170 reward_error: 10.543
INFO : 2021-01-26 04:38:25,780 : state_square_error: 44.799 reward_error: 11.940
INFO : 2021-01-26 04:38:46,117 : state_square_error: 38.115 reward_error: 5.141
INFO : 2021-01-26 04:39:06,629 : state_square_error: 25.598 reward_error: 8.851
INFO : 2021-01-26 04:39:26,889 : episode: 59 score: 606.5 100 games avg: 606.5 steps 1000 
INFO : 2021-01-26 04:39:47,303 : state_square_error: 2.691 reward_error: 2.839
INFO : 2021-01-26 04:40:08,033 : state_square_error: 35.075 reward_error: 13.310
INFO : 2021-01-26 04:40:28,529 : state_square_error: 31.544 reward_error: 9.236
INFO : 2021-01-26 04:40:49,142 : state_square_error: 20.529 reward_error: 9.408
INFO : 2021-01-26 04:41:09,536 : state_square_error: 57.270 reward_error: 7.494
INFO : 2021-01-26 04:41:29,659 : state_square_error: 42.680 reward_error: 12.036
INFO : 2021-01-26 04:41:50,035 : state_square_error: 41.936 reward_error: 6.869
INFO : 2021-01-26 04:42:10,709 : state_square_error: 34.217 reward_error: 9.269
INFO : 2021-01-26 04:42:31,228 : state_square_error: 3.229 reward_error: 7.573
INFO : 2021-01-26 04:42:51,853 : state_square_error: 30.506 reward_error: 1.012
INFO : 2021-01-26 04:43:12,125 : episode: 60 score: 711.6 100 games avg: 711.6 steps 1000 
INFO : 2021-01-26 04:43:31,576 : state_square_error: 18.591 reward_error: 7.121
INFO : 2021-01-26 04:43:52,117 : state_square_error: 37.235 reward_error: 6.217
INFO : 2021-01-26 04:44:12,331 : state_square_error: 71.120 reward_error: 14.993
INFO : 2021-01-26 04:44:32,763 : state_square_error: 49.809 reward_error: 7.224
INFO : 2021-01-26 04:44:53,307 : state_square_error: 27.222 reward_error: 5.785
INFO : 2021-01-26 04:45:13,836 : state_square_error: 50.788 reward_error: 7.032
INFO : 2021-01-26 04:45:34,062 : state_square_error: 47.277 reward_error: 4.330
INFO : 2021-01-26 04:45:54,282 : state_square_error: 28.777 reward_error: 2.423
INFO : 2021-01-26 04:46:14,826 : state_square_error: 55.640 reward_error: 8.656
INFO : 2021-01-26 04:46:35,245 : state_square_error: 45.334 reward_error: 10.488
INFO : 2021-01-26 04:46:55,351 : episode: 61 score: 650.3 100 games avg: 650.3 steps 1000 
INFO : 2021-01-26 04:47:15,283 : state_square_error: 67.742 reward_error: -1.255
INFO : 2021-01-26 04:47:35,641 : state_square_error: 35.290 reward_error: 10.897
INFO : 2021-01-26 04:47:56,144 : state_square_error: 14.726 reward_error: 9.481
INFO : 2021-01-26 04:48:16,715 : state_square_error: 38.542 reward_error: 8.800
INFO : 2021-01-26 04:48:37,072 : state_square_error: 54.824 reward_error: 11.485
INFO : 2021-01-26 04:48:57,387 : state_square_error: 32.076 reward_error: 5.983
INFO : 2021-01-26 04:49:17,648 : state_square_error: 37.543 reward_error: 6.782
INFO : 2021-01-26 04:49:38,245 : state_square_error: 30.912 reward_error: 7.503
INFO : 2021-01-26 04:49:58,711 : state_square_error: 17.823 reward_error: 5.301
INFO : 2021-01-26 04:50:18,908 : state_square_error: 63.746 reward_error: 5.819
INFO : 2021-01-26 04:50:39,286 : episode: 62 score: 696.4 100 games avg: 696.4 steps 1000 
INFO : 2021-01-26 04:51:00,923 : state_square_error: 15.128 reward_error: 5.318
INFO : 2021-01-26 04:51:21,269 : state_square_error: 58.286 reward_error: 7.468
INFO : 2021-01-26 04:51:41,585 : state_square_error: 20.880 reward_error: 6.741
INFO : 2021-01-26 04:52:01,833 : state_square_error: 33.688 reward_error: 13.811
INFO : 2021-01-26 04:52:22,394 : state_square_error: 35.364 reward_error: 8.854
INFO : 2021-01-26 04:52:42,818 : state_square_error: 14.789 reward_error: 9.330
INFO : 2021-01-26 04:53:03,492 : state_square_error: 36.792 reward_error: 2.838
INFO : 2021-01-26 04:53:23,674 : state_square_error: 22.772 reward_error: 13.782
INFO : 2021-01-26 04:53:44,269 : state_square_error: 26.955 reward_error: 3.256
INFO : 2021-01-26 04:54:04,440 : state_square_error: 60.260 reward_error: 4.252
INFO : 2021-01-26 04:54:26,207 : episode: 63 score: 628.4 100 games avg: 628.4 steps 1000 
INFO : 2021-01-26 04:54:46,923 : state_square_error: 14.687 reward_error: 3.140
INFO : 2021-01-26 04:55:07,567 : state_square_error: 44.251 reward_error: 6.528
INFO : 2021-01-26 04:55:27,948 : state_square_error: 32.939 reward_error: 2.444
INFO : 2021-01-26 04:55:48,065 : state_square_error: 62.592 reward_error: 3.565
INFO : 2021-01-26 04:56:08,472 : state_square_error: 7.042 reward_error: 7.676
INFO : 2021-01-26 04:56:28,881 : state_square_error: 5.752 reward_error: 5.440
INFO : 2021-01-26 04:56:49,482 : state_square_error: 5.453 reward_error: 8.691
INFO : 2021-01-26 04:57:09,787 : state_square_error: 45.091 reward_error: 6.515
INFO : 2021-01-26 04:57:30,363 : state_square_error: 17.277 reward_error: 2.864
INFO : 2021-01-26 04:57:50,778 : state_square_error: 53.953 reward_error: 4.665
INFO : 2021-01-26 04:58:11,234 : episode: 64 score: 687.8 100 games avg: 687.8 steps 1000 
INFO : 2021-01-26 04:58:33,610 : state_square_error: 24.947 reward_error: 4.678
INFO : 2021-01-26 04:58:54,032 : state_square_error: 38.636 reward_error: 7.380
INFO : 2021-01-26 04:59:14,292 : state_square_error: 21.709 reward_error: 3.220
INFO : 2021-01-26 04:59:34,507 : state_square_error: 9.088 reward_error: 11.864
INFO : 2021-01-26 04:59:54,689 : state_square_error: 29.075 reward_error: 9.546
INFO : 2021-01-26 05:00:15,106 : state_square_error: 20.412 reward_error: 5.244
INFO : 2021-01-26 05:00:35,794 : state_square_error: 15.808 reward_error: 1.671
INFO : 2021-01-26 05:00:56,021 : state_square_error: 31.431 reward_error: 14.274
INFO : 2021-01-26 05:01:16,353 : state_square_error: 11.084 reward_error: 4.883
INFO : 2021-01-26 05:01:36,532 : state_square_error: 47.554 reward_error: 6.789
INFO : 2021-01-26 05:01:56,585 : episode: 65 score: 720.7 100 games avg: 720.7 steps 1000 
INFO : 2021-01-26 05:02:18,105 : state_square_error: 20.064 reward_error: 11.868
INFO : 2021-01-26 05:02:38,464 : state_square_error: 53.558 reward_error: 9.355
INFO : 2021-01-26 05:02:58,806 : state_square_error: 28.171 reward_error: 8.152
INFO : 2021-01-26 05:03:19,465 : state_square_error: 5.007 reward_error: 3.792
INFO : 2021-01-26 05:03:40,050 : state_square_error: 25.195 reward_error: 4.857
INFO : 2021-01-26 05:04:00,082 : state_square_error: 23.741 reward_error: 11.211
INFO : 2021-01-26 05:04:20,494 : state_square_error: 26.685 reward_error: 6.571
INFO : 2021-01-26 05:04:40,996 : state_square_error: 22.210 reward_error: 4.186
INFO : 2021-01-26 05:05:01,479 : state_square_error: 64.849 reward_error: 12.460
INFO : 2021-01-26 05:05:21,795 : state_square_error: 37.703 reward_error: 4.963
INFO : 2021-01-26 05:05:42,018 : episode: 66 score: 723.0 100 games avg: 723.0 steps 1000 
INFO : 2021-01-26 05:06:04,303 : state_square_error: 19.474 reward_error: 6.365
INFO : 2021-01-26 05:06:24,608 : state_square_error: 50.950 reward_error: 14.767
INFO : 2021-01-26 05:06:44,749 : state_square_error: 50.937 reward_error: 6.363
INFO : 2021-01-26 05:07:04,999 : state_square_error: 64.717 reward_error: 4.265
INFO : 2021-01-26 05:07:25,549 : state_square_error: 22.577 reward_error: 7.945
INFO : 2021-01-26 05:07:45,858 : state_square_error: 43.672 reward_error: 3.668
INFO : 2021-01-26 05:08:06,524 : state_square_error: 14.724 reward_error: 5.119
INFO : 2021-01-26 05:08:26,680 : state_square_error: 48.919 reward_error: 5.874
INFO : 2021-01-26 05:08:47,265 : state_square_error: 29.564 reward_error: 10.057
INFO : 2021-01-26 05:09:07,566 : state_square_error: 51.089 reward_error: 7.768
INFO : 2021-01-26 05:09:27,619 : episode: 67 score: 573.2 100 games avg: 573.2 steps 1000 
INFO : 2021-01-26 05:09:50,677 : state_square_error: 60.798 reward_error: 6.003
INFO : 2021-01-26 05:10:11,016 : state_square_error: 66.252 reward_error: 6.341
INFO : 2021-01-26 05:10:31,678 : state_square_error: 59.738 reward_error: 1.989
INFO : 2021-01-26 05:10:52,224 : state_square_error: 24.361 reward_error: 9.699
INFO : 2021-01-26 05:11:12,416 : state_square_error: 22.589 reward_error: 1.648
INFO : 2021-01-26 05:11:33,184 : state_square_error: 88.797 reward_error: 14.832
INFO : 2021-01-26 05:11:53,684 : state_square_error: 21.423 reward_error: 7.662
INFO : 2021-01-26 05:12:14,225 : state_square_error: 21.450 reward_error: 7.030
INFO : 2021-01-26 05:12:34,521 : state_square_error: 25.484 reward_error: 5.889
INFO : 2021-01-26 05:12:54,775 : state_square_error: 34.914 reward_error: 9.471
INFO : 2021-01-26 05:13:14,766 : episode: 68 score: 760.6 100 games avg: 760.6 steps 1000 
INFO : 2021-01-26 05:13:36,362 : state_square_error: 18.128 reward_error: 8.219
INFO : 2021-01-26 05:13:56,727 : state_square_error: 31.359 reward_error: 17.999
INFO : 2021-01-26 05:14:17,035 : state_square_error: 40.349 reward_error: 13.613
INFO : 2021-01-26 05:14:37,587 : state_square_error: 26.687 reward_error: 8.922
INFO : 2021-01-26 05:14:58,321 : state_square_error: 26.966 reward_error: 6.937
INFO : 2021-01-26 05:15:18,482 : state_square_error: 54.136 reward_error: 5.867
INFO : 2021-01-26 05:15:38,713 : state_square_error: 20.694 reward_error: 13.106
INFO : 2021-01-26 05:15:58,823 : state_square_error: 62.824 reward_error: 7.082
INFO : 2021-01-26 05:16:19,332 : state_square_error: 25.252 reward_error: 11.720
INFO : 2021-01-26 05:16:39,664 : state_square_error: 23.724 reward_error: 11.654
INFO : 2021-01-26 05:16:59,984 : episode: 69 score: 700.9 100 games avg: 700.9 steps 1000 
INFO : 2021-01-26 05:17:22,482 : state_square_error: 16.394 reward_error: 6.882
INFO : 2021-01-26 05:17:42,687 : state_square_error: 38.475 reward_error: 11.533
INFO : 2021-01-26 05:18:03,137 : state_square_error: 40.794 reward_error: 11.511
INFO : 2021-01-26 05:18:23,509 : state_square_error: 6.186 reward_error: 15.312
INFO : 2021-01-26 05:18:44,201 : state_square_error: 47.322 reward_error: 8.511
INFO : 2021-01-26 05:19:04,567 : state_square_error: 23.988 reward_error: 9.375
INFO : 2021-01-26 05:19:24,990 : state_square_error: 25.461 reward_error: 14.670
INFO : 2021-01-26 05:19:45,436 : state_square_error: 21.807 reward_error: 3.181
INFO : 2021-01-26 05:20:05,785 : state_square_error: 7.395 reward_error: 5.058
INFO : 2021-01-26 05:20:26,390 : state_square_error: 21.092 reward_error: 10.056
INFO : 2021-01-26 05:20:47,039 : episode: 70 score: 717.0 100 games avg: 717.0 steps 1000 
INFO : 2021-01-26 05:21:09,555 : state_square_error: 19.669 reward_error: 5.628
INFO : 2021-01-26 05:21:29,733 : state_square_error: 5.098 reward_error: 5.976
INFO : 2021-01-26 05:21:50,209 : state_square_error: 10.589 reward_error: 8.617
INFO : 2021-01-26 05:22:10,744 : state_square_error: 29.767 reward_error: 12.056
INFO : 2021-01-26 05:22:31,039 : state_square_error: 14.678 reward_error: 7.492
INFO : 2021-01-26 05:22:51,354 : state_square_error: 26.287 reward_error: 8.866
INFO : 2021-01-26 05:23:11,847 : state_square_error: 39.611 reward_error: 8.805
INFO : 2021-01-26 05:23:32,255 : state_square_error: 18.921 reward_error: 7.551
INFO : 2021-01-26 05:23:52,495 : state_square_error: 19.559 reward_error: 12.653
INFO : 2021-01-26 05:24:12,868 : state_square_error: 21.932 reward_error: 4.404
INFO : 2021-01-26 05:24:32,874 : episode: 71 score: 632.7 100 games avg: 632.7 steps 1000 
INFO : 2021-01-26 05:24:56,204 : state_square_error: 37.932 reward_error: 8.918
INFO : 2021-01-26 05:25:16,742 : state_square_error: 8.429 reward_error: 10.834
INFO : 2021-01-26 05:25:37,087 : state_square_error: 42.088 reward_error: 5.347
INFO : 2021-01-26 05:25:57,300 : state_square_error: 47.458 reward_error: 7.022
INFO : 2021-01-26 05:26:17,859 : state_square_error: 28.244 reward_error: 10.353
INFO : 2021-01-26 05:26:38,096 : state_square_error: 10.297 reward_error: 13.968
INFO : 2021-01-26 05:26:58,463 : state_square_error: 29.731 reward_error: 3.065
INFO : 2021-01-26 05:27:19,390 : state_square_error: 19.783 reward_error: 12.791
INFO : 2021-01-26 05:27:39,647 : state_square_error: 36.262 reward_error: 9.228
INFO : 2021-01-26 05:27:59,926 : state_square_error: 36.327 reward_error: 8.387
INFO : 2021-01-26 05:28:20,023 : episode: 72 score: 673.7 100 games avg: 673.7 steps 1000 
INFO : 2021-01-26 05:28:43,861 : state_square_error: 50.270 reward_error: 1.463
INFO : 2021-01-26 05:29:04,375 : state_square_error: 36.227 reward_error: 8.551
INFO : 2021-01-26 05:29:24,602 : state_square_error: 33.230 reward_error: 6.177
INFO : 2021-01-26 05:29:45,115 : state_square_error: 76.992 reward_error: 8.173
INFO : 2021-01-26 05:30:06,055 : state_square_error: 22.034 reward_error: 11.920
INFO : 2021-01-26 05:30:26,302 : state_square_error: 94.673 reward_error: 9.753
INFO : 2021-01-26 05:30:46,605 : state_square_error: 15.241 reward_error: 14.768
INFO : 2021-01-26 05:31:07,472 : state_square_error: 17.866 reward_error: 9.002
INFO : 2021-01-26 05:31:27,632 : state_square_error: 22.332 reward_error: 10.950
INFO : 2021-01-26 05:31:48,094 : state_square_error: 34.638 reward_error: 9.561
INFO : 2021-01-26 05:32:08,195 : episode: 73 score: 571.6 100 games avg: 571.6 steps 1000 
INFO : 2021-01-26 05:32:30,428 : state_square_error: 49.350 reward_error: 8.231
INFO : 2021-01-26 05:32:50,539 : state_square_error: 22.032 reward_error: 9.115
INFO : 2021-01-26 05:33:10,769 : state_square_error: 41.564 reward_error: 6.975
INFO : 2021-01-26 05:33:31,073 : state_square_error: 44.984 reward_error: 12.563
INFO : 2021-01-26 05:33:51,887 : state_square_error: 33.063 reward_error: 11.633
INFO : 2021-01-26 05:34:12,239 : state_square_error: 38.442 reward_error: 6.596
INFO : 2021-01-26 05:34:32,548 : state_square_error: 72.651 reward_error: 10.575
INFO : 2021-01-26 05:34:53,198 : state_square_error: 61.593 reward_error: 13.390
INFO : 2021-01-26 05:35:13,901 : state_square_error: 21.659 reward_error: 10.120
INFO : 2021-01-26 05:35:34,157 : state_square_error: 63.417 reward_error: 10.099
INFO : 2021-01-26 05:35:54,641 : episode: 74 score: 673.7 100 games avg: 673.7 steps 1000 
INFO : 2021-01-26 05:36:19,902 : state_square_error: 22.599 reward_error: 9.097
INFO : 2021-01-26 05:36:40,014 : state_square_error: 68.810 reward_error: 12.021
INFO : 2021-01-26 05:37:00,214 : state_square_error: 13.855 reward_error: 8.356
INFO : 2021-01-26 05:37:20,647 : state_square_error: 32.214 reward_error: 5.918
INFO : 2021-01-26 05:37:40,979 : state_square_error: 37.060 reward_error: 6.726
INFO : 2021-01-26 05:38:01,009 : state_square_error: 56.485 reward_error: 14.498
INFO : 2021-01-26 05:38:21,047 : state_square_error: 45.353 reward_error: 3.463
INFO : 2021-01-26 05:38:41,384 : state_square_error: 46.286 reward_error: 4.020
INFO : 2021-01-26 05:39:01,857 : state_square_error: 54.595 reward_error: 7.536
INFO : 2021-01-26 05:39:22,099 : state_square_error: 21.385 reward_error: 8.559
INFO : 2021-01-26 05:39:42,025 : episode: 75 score: 782.7 100 games avg: 782.7 steps 1000 
INFO : 2021-01-26 05:40:07,138 : state_square_error: 19.793 reward_error: 12.019
INFO : 2021-01-26 05:40:27,164 : state_square_error: 26.484 reward_error: 11.856
INFO : 2021-01-26 05:40:47,501 : state_square_error: 38.885 reward_error: 5.500
INFO : 2021-01-26 05:41:07,676 : state_square_error: 25.009 reward_error: 10.810
INFO : 2021-01-26 05:41:27,993 : state_square_error: 42.047 reward_error: 9.776
INFO : 2021-01-26 05:41:48,179 : state_square_error: 37.712 reward_error: 12.346
INFO : 2021-01-26 05:42:09,048 : state_square_error: 8.223 reward_error: 10.651
INFO : 2021-01-26 05:42:29,503 : state_square_error: 38.059 reward_error: 7.210
INFO : 2021-01-26 05:42:49,862 : state_square_error: 11.759 reward_error: 9.354
INFO : 2021-01-26 05:43:10,328 : state_square_error: 21.879 reward_error: 7.033
INFO : 2021-01-26 05:43:30,587 : episode: 76 score: 363.7 100 games avg: 363.7 steps 1000 
INFO : 2021-01-26 05:43:56,787 : state_square_error: 15.043 reward_error: 9.625
INFO : 2021-01-26 05:44:17,057 : state_square_error: 13.346 reward_error: 10.126
INFO : 2021-01-26 05:44:37,451 : state_square_error: 32.056 reward_error: 7.193
INFO : 2021-01-26 05:44:57,870 : state_square_error: 22.066 reward_error: 11.093
INFO : 2021-01-26 05:45:18,494 : state_square_error: 51.889 reward_error: 3.335
INFO : 2021-01-26 05:45:39,118 : state_square_error: 32.902 reward_error: 7.095
INFO : 2021-01-26 05:45:59,381 : state_square_error: 40.735 reward_error: 6.948
INFO : 2021-01-26 05:46:19,681 : state_square_error: 23.848 reward_error: 11.933
INFO : 2021-01-26 05:46:39,938 : state_square_error: 27.179 reward_error: 12.699
INFO : 2021-01-26 05:47:00,237 : state_square_error: 19.785 reward_error: 11.660
INFO : 2021-01-26 05:47:20,147 : episode: 77 score: 752.5 100 games avg: 752.5 steps 1000 
INFO : 2021-01-26 05:47:45,471 : state_square_error: 36.323 reward_error: 4.191
INFO : 2021-01-26 05:48:06,317 : state_square_error: 18.781 reward_error: 12.715
INFO : 2021-01-26 05:48:26,555 : state_square_error: 10.184 reward_error: 9.787
INFO : 2021-01-26 05:48:47,042 : state_square_error: 53.005 reward_error: 5.482
INFO : 2021-01-26 05:49:07,225 : state_square_error: 20.405 reward_error: 8.477
INFO : 2021-01-26 05:49:27,603 : state_square_error: 27.146 reward_error: 2.552
INFO : 2021-01-26 05:49:47,893 : state_square_error: 34.092 reward_error: 9.057
INFO : 2021-01-26 05:50:08,184 : state_square_error: 33.282 reward_error: 12.683
INFO : 2021-01-26 05:50:28,691 : state_square_error: 43.318 reward_error: 10.199
INFO : 2021-01-26 05:50:49,124 : state_square_error: 28.341 reward_error: 10.408
INFO : 2021-01-26 05:51:09,376 : episode: 78 score: 715.3 100 games avg: 715.3 steps 1000 
INFO : 2021-01-26 05:51:35,607 : state_square_error: 11.324 reward_error: 3.888
INFO : 2021-01-26 05:51:56,218 : state_square_error: 17.770 reward_error: 9.204
INFO : 2021-01-26 05:52:16,651 : state_square_error: 21.081 reward_error: 3.847
INFO : 2021-01-26 05:52:36,798 : state_square_error: 59.195 reward_error: 8.863
INFO : 2021-01-26 05:52:57,372 : state_square_error: 51.562 reward_error: 12.724
INFO : 2021-01-26 05:53:17,611 : state_square_error: 53.338 reward_error: 10.477
INFO : 2021-01-26 05:53:38,102 : state_square_error: 20.906 reward_error: 6.416
INFO : 2021-01-26 05:53:58,412 : state_square_error: 49.428 reward_error: 11.620
INFO : 2021-01-26 05:54:18,776 : state_square_error: 18.371 reward_error: 7.409
INFO : 2021-01-26 05:54:39,145 : state_square_error: 22.021 reward_error: 11.656
INFO : 2021-01-26 05:54:59,321 : episode: 79 score: 688.9 100 games avg: 688.9 steps 1000 
INFO : 2021-01-26 05:55:25,905 : state_square_error: 19.249 reward_error: 3.140
INFO : 2021-01-26 05:55:46,477 : state_square_error: 22.859 reward_error: 14.369
INFO : 2021-01-26 05:56:06,880 : state_square_error: 40.814 reward_error: 8.808
INFO : 2021-01-26 05:56:27,385 : state_square_error: 8.466 reward_error: 9.856
INFO : 2021-01-26 05:56:47,973 : state_square_error: 10.197 reward_error: 13.397
INFO : 2021-01-26 05:57:08,390 : state_square_error: 49.763 reward_error: 8.455
INFO : 2021-01-26 05:57:28,713 : state_square_error: 13.261 reward_error: 5.594
INFO : 2021-01-26 05:57:49,089 : state_square_error: 42.354 reward_error: 3.918
INFO : 2021-01-26 05:58:09,527 : state_square_error: 8.478 reward_error: 9.392
INFO : 2021-01-26 05:58:29,909 : state_square_error: 10.604 reward_error: 7.495
INFO : 2021-01-26 05:58:49,996 : episode: 80 score: 696.1 100 games avg: 696.1 steps 1000 
INFO : 2021-01-26 05:59:16,919 : state_square_error: 33.616 reward_error: 9.082
INFO : 2021-01-26 05:59:37,313 : state_square_error: 16.204 reward_error: 8.734
INFO : 2021-01-26 05:59:57,735 : state_square_error: 27.035 reward_error: 10.893
INFO : 2021-01-26 06:00:18,102 : state_square_error: 28.830 reward_error: 6.034
INFO : 2021-01-26 06:00:38,324 : state_square_error: 33.354 reward_error: 7.033
INFO : 2021-01-26 06:00:58,925 : state_square_error: 27.324 reward_error: 9.253
INFO : 2021-01-26 06:01:19,430 : state_square_error: 31.190 reward_error: 6.093
INFO : 2021-01-26 06:01:39,624 : state_square_error: 24.277 reward_error: 12.385
INFO : 2021-01-26 06:01:59,663 : state_square_error: 22.149 reward_error: 16.203
INFO : 2021-01-26 06:02:19,674 : state_square_error: 17.733 reward_error: 6.619
INFO : 2021-01-26 06:02:39,857 : episode: 81 score: 664.2 100 games avg: 664.2 steps 1000 
INFO : 2021-01-26 06:03:06,275 : state_square_error: 18.441 reward_error: 6.588
INFO : 2021-01-26 06:03:26,725 : state_square_error: 29.885 reward_error: 11.920
INFO : 2021-01-26 06:03:47,386 : state_square_error: 37.963 reward_error: 6.243
INFO : 2021-01-26 06:04:07,374 : state_square_error: 69.840 reward_error: 6.411
INFO : 2021-01-26 06:04:27,736 : state_square_error: 42.573 reward_error: 3.854
INFO : 2021-01-26 06:04:47,897 : state_square_error: 26.268 reward_error: 7.570
INFO : 2021-01-26 06:05:08,549 : state_square_error: 57.789 reward_error: 5.339
INFO : 2021-01-26 06:05:29,110 : state_square_error: 32.676 reward_error: 5.833
INFO : 2021-01-26 06:05:49,258 : state_square_error: 13.059 reward_error: 4.024
INFO : 2021-01-26 06:06:09,875 : state_square_error: 25.335 reward_error: 13.992
INFO : 2021-01-26 06:06:30,094 : episode: 82 score: 735.2 100 games avg: 735.2 steps 1000 
INFO : 2021-01-26 06:06:57,494 : state_square_error: 44.456 reward_error: 5.379
INFO : 2021-01-26 06:07:17,665 : state_square_error: 45.862 reward_error: 10.678
INFO : 2021-01-26 06:07:37,663 : state_square_error: 47.136 reward_error: 9.905
INFO : 2021-01-26 06:07:57,972 : state_square_error: 13.492 reward_error: 8.931
INFO : 2021-01-26 06:08:18,329 : state_square_error: 52.477 reward_error: 10.425
INFO : 2021-01-26 06:08:38,580 : state_square_error: 30.649 reward_error: 7.452
INFO : 2021-01-26 06:08:59,244 : state_square_error: 25.230 reward_error: 5.695
INFO : 2021-01-26 06:09:19,885 : state_square_error: 74.596 reward_error: 4.082
INFO : 2021-01-26 06:09:40,375 : state_square_error: 18.980 reward_error: 9.804
INFO : 2021-01-26 06:10:00,478 : state_square_error: 34.688 reward_error: 8.107
INFO : 2021-01-26 06:10:20,587 : episode: 83 score: 850.1 100 games avg: 850.1 steps 1000 
INFO : 2021-01-26 06:10:47,426 : state_square_error: 8.857 reward_error: 6.131
INFO : 2021-01-26 06:11:07,774 : state_square_error: 65.677 reward_error: 5.235
INFO : 2021-01-26 06:11:28,256 : state_square_error: 19.881 reward_error: 9.687
INFO : 2021-01-26 06:11:48,664 : state_square_error: 35.027 reward_error: 4.538
INFO : 2021-01-26 06:12:09,163 : state_square_error: 15.969 reward_error: 4.213
INFO : 2021-01-26 06:12:29,725 : state_square_error: 28.416 reward_error: 4.257
INFO : 2021-01-26 06:12:50,196 : state_square_error: 30.609 reward_error: 6.318
INFO : 2021-01-26 06:13:10,484 : state_square_error: 40.954 reward_error: 9.223
INFO : 2021-01-26 06:13:30,911 : state_square_error: 28.042 reward_error: 8.368
INFO : 2021-01-26 06:13:51,223 : state_square_error: 18.770 reward_error: 7.890
INFO : 2021-01-26 06:14:11,441 : episode: 84 score: 650.1 100 games avg: 650.1 steps 1000 
INFO : 2021-01-26 06:14:38,967 : state_square_error: 79.615 reward_error: 10.939
INFO : 2021-01-26 06:14:59,374 : state_square_error: 16.602 reward_error: 4.254
INFO : 2021-01-26 06:15:19,942 : state_square_error: 27.074 reward_error: 8.138
INFO : 2021-01-26 06:15:40,574 : state_square_error: 76.570 reward_error: 9.919
INFO : 2021-01-26 06:16:01,342 : state_square_error: 50.975 reward_error: 7.128
INFO : 2021-01-26 06:16:21,860 : state_square_error: 54.135 reward_error: 11.361
INFO : 2021-01-26 06:16:42,248 : state_square_error: 34.121 reward_error: 11.103
INFO : 2021-01-26 06:17:02,526 : state_square_error: 74.427 reward_error: 10.155
INFO : 2021-01-26 06:17:23,023 : state_square_error: 6.578 reward_error: 9.106
INFO : 2021-01-26 06:17:43,534 : state_square_error: 20.434 reward_error: 4.604
INFO : 2021-01-26 06:18:03,933 : episode: 85 score: 698.4 100 games avg: 698.4 steps 1000 
INFO : 2021-01-26 06:18:31,872 : state_square_error: 9.790 reward_error: 1.318
INFO : 2021-01-26 06:18:51,937 : state_square_error: 10.133 reward_error: -0.022
INFO : 2021-01-26 06:19:12,522 : state_square_error: 87.058 reward_error: 5.989
INFO : 2021-01-26 06:19:32,837 : state_square_error: 11.393 reward_error: 7.336
INFO : 2021-01-26 06:19:53,223 : state_square_error: 21.622 reward_error: 8.554
INFO : 2021-01-26 06:20:13,347 : state_square_error: 31.322 reward_error: 12.197
INFO : 2021-01-26 06:20:33,781 : state_square_error: 21.760 reward_error: 6.603
INFO : 2021-01-26 06:20:54,373 : state_square_error: 12.378 reward_error: 3.930
INFO : 2021-01-26 06:21:14,613 : state_square_error: 97.428 reward_error: 8.458
INFO : 2021-01-26 06:21:35,064 : state_square_error: 12.274 reward_error: 7.873
INFO : 2021-01-26 06:21:55,187 : episode: 86 score: 792.1 100 games avg: 792.1 steps 1000 
INFO : 2021-01-26 06:22:23,339 : state_square_error: 19.446 reward_error: 4.358
INFO : 2021-01-26 06:22:43,860 : state_square_error: 5.605 reward_error: 10.492
INFO : 2021-01-26 06:23:04,192 : state_square_error: 40.909 reward_error: 4.709
INFO : 2021-01-26 06:23:24,491 : state_square_error: 28.389 reward_error: 10.179
INFO : 2021-01-26 06:23:44,592 : state_square_error: 67.254 reward_error: 10.703
INFO : 2021-01-26 06:24:04,910 : state_square_error: 22.888 reward_error: 11.801
INFO : 2021-01-26 06:24:25,059 : state_square_error: 58.030 reward_error: 8.948
INFO : 2021-01-26 06:24:45,260 : state_square_error: 40.031 reward_error: 11.744
INFO : 2021-01-26 06:25:06,052 : state_square_error: 55.666 reward_error: 9.720
INFO : 2021-01-26 06:25:26,493 : state_square_error: 14.613 reward_error: 10.920
INFO : 2021-01-26 06:25:47,000 : episode: 87 score: 772.2 100 games avg: 772.2 steps 1000 
INFO : 2021-01-26 06:26:16,104 : state_square_error: 39.106 reward_error: 8.229
INFO : 2021-01-26 06:26:36,651 : state_square_error: 52.641 reward_error: 6.227
INFO : 2021-01-26 06:26:56,987 : state_square_error: 4.631 reward_error: 5.702
INFO : 2021-01-26 06:27:17,487 : state_square_error: 31.460 reward_error: 10.946
INFO : 2021-01-26 06:27:38,072 : state_square_error: 165.278 reward_error: 9.645
INFO : 2021-01-26 06:27:58,363 : state_square_error: 35.897 reward_error: 5.896
INFO : 2021-01-26 06:28:18,976 : state_square_error: 37.745 reward_error: 14.047
INFO : 2021-01-26 06:28:39,578 : state_square_error: 38.531 reward_error: 5.146
INFO : 2021-01-26 06:29:00,160 : state_square_error: 26.453 reward_error: 7.373
INFO : 2021-01-26 06:29:20,690 : state_square_error: 48.358 reward_error: 5.428
INFO : 2021-01-26 06:29:40,627 : episode: 88 score: 691.4 100 games avg: 691.4 steps 1000 
INFO : 2021-01-26 06:30:10,639 : state_square_error: 38.419 reward_error: 8.637
INFO : 2021-01-26 06:30:30,700 : state_square_error: 31.506 reward_error: 9.762
INFO : 2021-01-26 06:30:51,107 : state_square_error: 25.733 reward_error: 5.185
INFO : 2021-01-26 06:31:11,594 : state_square_error: 81.692 reward_error: 8.342
INFO : 2021-01-26 06:31:31,659 : state_square_error: 29.080 reward_error: 3.152
INFO : 2021-01-26 06:31:51,951 : state_square_error: 20.176 reward_error: 3.773
INFO : 2021-01-26 06:32:12,073 : state_square_error: 15.644 reward_error: 11.779
INFO : 2021-01-26 06:32:32,567 : state_square_error: 24.975 reward_error: 6.256
INFO : 2021-01-26 06:32:52,963 : state_square_error: 12.079 reward_error: 1.490
INFO : 2021-01-26 06:33:13,473 : state_square_error: 14.557 reward_error: 5.193
INFO : 2021-01-26 06:33:33,392 : episode: 89 score: 818.2 100 games avg: 818.2 steps 1000 
INFO : 2021-01-26 06:34:03,185 : state_square_error: 16.909 reward_error: 3.976
INFO : 2021-01-26 06:34:23,650 : state_square_error: 24.122 reward_error: 11.076
INFO : 2021-01-26 06:34:43,750 : state_square_error: 60.135 reward_error: 7.580
INFO : 2021-01-26 06:35:04,236 : state_square_error: 61.040 reward_error: 6.337
INFO : 2021-01-26 06:35:24,406 : state_square_error: 43.481 reward_error: 9.598
INFO : 2021-01-26 06:35:44,842 : state_square_error: 2.911 reward_error: 6.696
INFO : 2021-01-26 06:36:05,126 : state_square_error: 50.017 reward_error: 1.328
INFO : 2021-01-26 06:36:25,523 : state_square_error: 17.599 reward_error: 11.693
INFO : 2021-01-26 06:36:46,010 : state_square_error: 9.955 reward_error: 12.528
INFO : 2021-01-26 06:37:06,320 : state_square_error: 32.806 reward_error: 4.770
INFO : 2021-01-26 06:37:26,443 : episode: 90 score: 783.5 100 games avg: 783.5 steps 1000 
INFO : 2021-01-26 06:37:55,751 : state_square_error: 34.287 reward_error: 1.562
INFO : 2021-01-26 06:38:16,164 : state_square_error: 11.275 reward_error: 5.632
INFO : 2021-01-26 06:38:36,582 : state_square_error: 50.536 reward_error: 4.580
INFO : 2021-01-26 06:38:56,692 : state_square_error: 8.303 reward_error: 6.847
INFO : 2021-01-26 06:39:17,006 : state_square_error: 23.148 reward_error: 4.405
INFO : 2021-01-26 06:39:37,425 : state_square_error: 56.076 reward_error: 0.081
INFO : 2021-01-26 06:39:57,855 : state_square_error: 15.624 reward_error: 10.710
INFO : 2021-01-26 06:40:18,429 : state_square_error: 52.516 reward_error: 3.148
INFO : 2021-01-26 06:40:38,681 : state_square_error: 30.479 reward_error: 4.445
INFO : 2021-01-26 06:40:59,186 : state_square_error: 62.114 reward_error: 0.090
INFO : 2021-01-26 06:41:18,983 : episode: 91 score: 774.6 100 games avg: 774.6 steps 1000 
INFO : 2021-01-26 06:41:49,195 : state_square_error: 20.236 reward_error: 4.390
INFO : 2021-01-26 06:42:09,359 : state_square_error: 7.476 reward_error: 7.097
INFO : 2021-01-26 06:42:29,846 : state_square_error: 59.518 reward_error: 3.842
INFO : 2021-01-26 06:42:50,003 : state_square_error: 66.956 reward_error: 7.852
INFO : 2021-01-26 06:43:10,319 : state_square_error: 26.810 reward_error: 6.038
INFO : 2021-01-26 06:43:30,494 : state_square_error: 21.609 reward_error: 4.839
INFO : 2021-01-26 06:43:50,910 : state_square_error: 61.145 reward_error: 5.691
INFO : 2021-01-26 06:44:11,388 : state_square_error: 23.949 reward_error: 8.391
INFO : 2021-01-26 06:44:32,038 : state_square_error: 65.829 reward_error: 6.546
INFO : 2021-01-26 06:44:52,449 : state_square_error: 45.908 reward_error: 11.935
INFO : 2021-01-26 06:45:12,632 : episode: 92 score: 779.3 100 games avg: 779.3 steps 1000 
INFO : 2021-01-26 06:45:43,355 : state_square_error: 23.519 reward_error: 10.800
INFO : 2021-01-26 06:46:03,679 : state_square_error: 32.691 reward_error: 8.966
INFO : 2021-01-26 06:46:24,532 : state_square_error: 35.565 reward_error: 6.289
INFO : 2021-01-26 06:46:44,843 : state_square_error: 12.708 reward_error: 5.310
INFO : 2021-01-26 06:47:04,744 : state_square_error: 90.744 reward_error: 7.363
INFO : 2021-01-26 06:47:25,027 : state_square_error: 39.856 reward_error: 6.406
INFO : 2021-01-26 06:47:45,417 : state_square_error: 42.241 reward_error: 7.129
INFO : 2021-01-26 06:48:06,246 : state_square_error: 26.601 reward_error: 3.450
INFO : 2021-01-26 06:48:26,550 : state_square_error: 18.725 reward_error: 13.289
INFO : 2021-01-26 06:48:46,986 : state_square_error: 40.339 reward_error: 5.641
INFO : 2021-01-26 06:49:07,269 : episode: 93 score: 790.3 100 games avg: 790.3 steps 1000 
INFO : 2021-01-26 06:49:38,420 : state_square_error: 27.821 reward_error: 12.182
INFO : 2021-01-26 06:49:58,603 : state_square_error: 42.255 reward_error: 10.323
INFO : 2021-01-26 06:50:19,009 : state_square_error: 76.924 reward_error: 6.651
INFO : 2021-01-26 06:50:39,476 : state_square_error: 42.486 reward_error: 7.968
INFO : 2021-01-26 06:50:59,683 : state_square_error: 20.278 reward_error: 17.478
INFO : 2021-01-26 06:51:20,428 : state_square_error: 29.239 reward_error: 10.249
INFO : 2021-01-26 06:51:40,802 : state_square_error: 49.437 reward_error: 5.543
INFO : 2021-01-26 06:52:01,306 : state_square_error: 22.801 reward_error: 13.730
INFO : 2021-01-26 06:52:21,984 : state_square_error: 17.765 reward_error: 7.515
INFO : 2021-01-26 06:52:42,209 : state_square_error: 10.499 reward_error: 12.874
INFO : 2021-01-26 06:53:02,515 : episode: 94 score: 784.2 100 games avg: 784.2 steps 1000 
INFO : 2021-01-26 06:53:32,077 : state_square_error: 25.227 reward_error: 9.550
INFO : 2021-01-26 06:53:52,415 : state_square_error: 63.240 reward_error: 5.235
INFO : 2021-01-26 06:54:13,318 : state_square_error: 59.163 reward_error: 15.942
INFO : 2021-01-26 06:54:33,544 : state_square_error: 16.809 reward_error: 9.987
INFO : 2021-01-26 06:54:53,817 : state_square_error: 24.264 reward_error: 8.308
INFO : 2021-01-26 06:55:14,302 : state_square_error: 40.774 reward_error: 7.018
INFO : 2021-01-26 06:55:34,588 : state_square_error: 21.192 reward_error: 6.606
INFO : 2021-01-26 06:55:55,078 : state_square_error: 8.600 reward_error: 6.305
INFO : 2021-01-26 06:56:15,592 : state_square_error: 16.189 reward_error: 6.758
INFO : 2021-01-26 06:56:35,901 : state_square_error: 19.892 reward_error: 6.902
INFO : 2021-01-26 06:56:55,986 : episode: 95 score: 815.4 100 games avg: 815.4 steps 1000 
INFO : 2021-01-26 06:57:26,805 : state_square_error: 22.410 reward_error: 9.435
INFO : 2021-01-26 06:57:47,222 : state_square_error: 26.745 reward_error: 8.803
INFO : 2021-01-26 06:58:07,511 : state_square_error: 11.534 reward_error: 12.492
INFO : 2021-01-26 06:58:28,125 : state_square_error: 11.561 reward_error: 7.351
INFO : 2021-01-26 06:58:48,731 : state_square_error: 7.996 reward_error: 4.937
INFO : 2021-01-26 06:59:09,130 : state_square_error: 40.729 reward_error: 9.616
INFO : 2021-01-26 06:59:29,538 : state_square_error: 16.387 reward_error: 4.401
INFO : 2021-01-26 06:59:49,667 : state_square_error: 13.363 reward_error: 11.232
INFO : 2021-01-26 07:00:09,846 : state_square_error: 47.806 reward_error: 7.059
INFO : 2021-01-26 07:00:30,325 : state_square_error: 34.902 reward_error: 11.433
INFO : 2021-01-26 07:00:50,505 : episode: 96 score: 782.1 100 games avg: 782.1 steps 1000 
INFO : 2021-01-26 07:01:21,525 : state_square_error: 32.513 reward_error: 10.770
INFO : 2021-01-26 07:01:41,827 : state_square_error: 46.771 reward_error: 4.513
INFO : 2021-01-26 07:02:02,145 : state_square_error: 23.811 reward_error: 3.260
INFO : 2021-01-26 07:02:22,226 : state_square_error: 37.148 reward_error: 10.040
INFO : 2021-01-26 07:02:42,671 : state_square_error: 5.665 reward_error: 8.889
INFO : 2021-01-26 07:03:03,598 : state_square_error: 51.401 reward_error: 5.794
INFO : 2021-01-26 07:03:24,332 : state_square_error: 20.316 reward_error: 19.358
INFO : 2021-01-26 07:03:44,686 : state_square_error: 29.936 reward_error: 1.824
INFO : 2021-01-26 07:04:04,870 : state_square_error: 12.504 reward_error: 6.444
INFO : 2021-01-26 07:04:24,944 : state_square_error: 28.976 reward_error: 11.220
INFO : 2021-01-26 07:04:45,020 : episode: 97 score: 835.1 100 games avg: 835.1 steps 1000 
INFO : 2021-01-26 07:05:17,410 : state_square_error: 22.406 reward_error: 5.281
INFO : 2021-01-26 07:05:37,856 : state_square_error: 35.094 reward_error: 7.386
INFO : 2021-01-26 07:05:58,044 : state_square_error: 42.298 reward_error: 7.488
INFO : 2021-01-26 07:06:18,573 : state_square_error: 11.168 reward_error: 7.200
INFO : 2021-01-26 07:06:39,079 : state_square_error: 20.686 reward_error: 6.220
INFO : 2021-01-26 07:06:59,484 : state_square_error: 16.289 reward_error: 8.889
INFO : 2021-01-26 07:07:19,857 : state_square_error: 12.923 reward_error: 14.324
INFO : 2021-01-26 07:07:39,947 : state_square_error: 14.204 reward_error: 3.929
INFO : 2021-01-26 07:08:00,160 : state_square_error: 15.430 reward_error: 7.562
INFO : 2021-01-26 07:08:20,308 : state_square_error: 52.474 reward_error: 13.004
INFO : 2021-01-26 07:08:40,531 : episode: 98 score: 876.2 100 games avg: 876.2 steps 1000 
INFO : 2021-01-26 07:09:12,060 : state_square_error: 3.946 reward_error: 10.082
INFO : 2021-01-26 07:09:32,711 : state_square_error: 54.173 reward_error: 6.877
INFO : 2021-01-26 07:09:53,111 : state_square_error: 34.051 reward_error: 0.312
INFO : 2021-01-26 07:10:13,697 : state_square_error: 38.544 reward_error: 4.318
INFO : 2021-01-26 07:10:33,992 : state_square_error: 20.959 reward_error: 12.171
INFO : 2021-01-26 07:10:54,250 : state_square_error: 15.578 reward_error: 6.199
INFO : 2021-01-26 07:11:14,629 : state_square_error: 33.916 reward_error: 4.907
INFO : 2021-01-26 07:11:35,190 : state_square_error: 38.430 reward_error: 10.981
INFO : 2021-01-26 07:11:55,372 : state_square_error: 2.977 reward_error: 4.659
INFO : 2021-01-26 07:12:16,010 : state_square_error: 46.645 reward_error: 10.731
INFO : 2021-01-26 07:12:36,039 : episode: 99 score: 782.7 100 games avg: 782.7 steps 1000 
