INFO : 2021-01-29 12:30:22,624 : method: Model Predictive Contorol
INFO : 2021-01-29 12:30:22,625 : parameter n_steps: 200 ensemble_size: 5 env: Hopper-v2
INFO : 2021-01-29 12:30:25,582 : mpc horizon: 30 mpc_samples: 100 elite_sample: 30 grad_steps: 10
INFO : 2021-01-29 12:30:25,582 : mpc_function policy-kl3
INFO : 2021-01-29 12:30:25,582 : polic-kl3
INFO : 2021-01-29 12:31:35,496 : episode: 0 score: 34.8 100 games avg: 34.8 steps 41 
INFO : 2021-01-29 12:32:46,485 : episode: 1 score: 34.3 100 games avg: 34.3 steps 41 
INFO : 2021-01-29 12:33:54,965 : episode: 2 score: 32.6 100 games avg: 32.6 steps 39 
INFO : 2021-01-29 12:35:06,542 : episode: 3 score: 33.2 100 games avg: 33.2 steps 40 
INFO : 2021-01-29 12:36:17,864 : episode: 4 score: 33.9 100 games avg: 33.9 steps 41 
INFO : 2021-01-29 12:37:26,987 : episode: 5 score: 33.3 100 games avg: 33.3 steps 40 
INFO : 2021-01-29 12:38:24,083 : episode: 6 score: 21.8 100 games avg: 21.8 steps 32 
INFO : 2021-01-29 12:39:07,673 : episode: 7 score: 19.0 100 games avg: 19.0 steps 24 
INFO : 2021-01-29 12:39:36,153 : episode: 8 score: 12.7 100 games avg: 12.7 steps 16 
INFO : 2021-01-29 12:40:10,273 : episode: 9 score: 10.2 100 games avg: 10.2 steps 19 
INFO : 2021-01-29 12:41:15,734 : episode: 10 score: 39.9 100 games avg: 39.9 steps 37 
INFO : 2021-01-29 12:42:10,524 : episode: 11 score: 52.0 100 games avg: 52.0 steps 31 
INFO : 2021-01-29 12:43:35,388 : episode: 12 score: 77.6 100 games avg: 77.6 steps 47 
INFO : 2021-01-29 12:43:58,579 : episode: 13 score: 12.4 100 games avg: 12.4 steps 13 
INFO : 2021-01-29 12:44:45,424 : episode: 14 score: 43.8 100 games avg: 43.8 steps 26 
INFO : 2021-01-29 12:45:38,676 : episode: 15 score: 51.3 100 games avg: 51.3 steps 30 
INFO : 2021-01-29 12:46:38,544 : episode: 16 score: 54.2 100 games avg: 54.2 steps 33 
INFO : 2021-01-29 12:47:37,512 : episode: 17 score: 54.4 100 games avg: 54.4 steps 33 
INFO : 2021-01-29 12:48:27,800 : episode: 18 score: 46.5 100 games avg: 46.5 steps 28 
INFO : 2021-01-29 12:49:12,690 : episode: 19 score: 43.0 100 games avg: 43.0 steps 25 
INFO : 2021-01-29 12:49:58,937 : episode: 20 score: 44.1 100 games avg: 44.1 steps 26 
INFO : 2021-01-29 12:50:48,060 : episode: 21 score: 45.1 100 games avg: 45.1 steps 27 
INFO : 2021-01-29 12:51:31,971 : episode: 22 score: 42.7 100 games avg: 42.7 steps 25 
INFO : 2021-01-29 12:52:18,730 : episode: 23 score: 43.9 100 games avg: 43.9 steps 26 
INFO : 2021-01-29 12:53:09,875 : episode: 24 score: 47.9 100 games avg: 47.9 steps 29 
INFO : 2021-01-29 12:54:06,010 : episode: 25 score: 52.0 100 games avg: 52.0 steps 31 
INFO : 2021-01-29 12:55:02,771 : episode: 26 score: 51.5 100 games avg: 51.5 steps 31 
INFO : 2021-01-29 12:55:46,206 : episode: 27 score: 41.0 100 games avg: 41.0 steps 24 
INFO : 2021-01-29 12:56:45,165 : episode: 28 score: 58.1 100 games avg: 58.1 steps 33 
INFO : 2021-01-29 12:57:30,887 : episode: 29 score: 42.5 100 games avg: 42.5 steps 25 
INFO : 2021-01-29 12:58:29,228 : episode: 30 score: 56.2 100 games avg: 56.2 steps 32 
INFO : 2021-01-29 12:59:21,133 : episode: 31 score: 51.0 100 games avg: 51.0 steps 29 
INFO : 2021-01-29 13:00:06,101 : episode: 32 score: 43.1 100 games avg: 43.1 steps 25 
INFO : 2021-01-29 13:01:53,681 : episode: 33 score: 105.6 100 games avg: 105.6 steps 59 
INFO : 2021-01-29 13:03:26,118 : episode: 34 score: 95.1 100 games avg: 95.1 steps 52 
INFO : 2021-01-29 13:04:53,612 : episode: 35 score: 87.8 100 games avg: 87.8 steps 48 
INFO : 2021-01-29 13:06:21,181 : episode: 36 score: 88.5 100 games avg: 88.5 steps 49 
INFO : 2021-01-29 13:07:44,243 : episode: 37 score: 83.4 100 games avg: 83.4 steps 46 
INFO : 2021-01-29 13:08:36,860 : episode: 38 score: 51.2 100 games avg: 51.2 steps 29 
INFO : 2021-01-29 13:10:01,652 : episode: 39 score: 85.7 100 games avg: 85.7 steps 47 
INFO : 2021-01-29 13:11:34,451 : episode: 40 score: 95.0 100 games avg: 95.0 steps 52 
INFO : 2021-01-29 13:13:12,435 : episode: 41 score: 98.6 100 games avg: 98.6 steps 54 
INFO : 2021-01-29 13:14:27,536 : episode: 42 score: 76.7 100 games avg: 76.7 steps 42 
INFO : 2021-01-29 13:16:00,174 : episode: 43 score: 94.9 100 games avg: 94.9 steps 52 
INFO : 2021-01-29 13:18:03,072 : episode: 44 score: 126.9 100 games avg: 126.9 steps 68 
INFO : 2021-01-29 13:19:55,328 : episode: 45 score: 113.8 100 games avg: 113.8 steps 62 
INFO : 2021-01-29 13:21:40,594 : episode: 46 score: 107.8 100 games avg: 107.8 steps 59 
INFO : 2021-01-29 13:22:51,829 : episode: 47 score: 67.8 100 games avg: 67.8 steps 39 
INFO : 2021-01-29 13:24:10,529 : episode: 48 score: 79.4 100 games avg: 79.4 steps 44 
INFO : 2021-01-29 13:25:36,528 : episode: 49 score: 86.5 100 games avg: 86.5 steps 48 
INFO : 2021-01-29 13:26:51,939 : episode: 50 score: 75.9 100 games avg: 75.9 steps 42 
INFO : 2021-01-29 13:28:40,120 : episode: 51 score: 109.7 100 games avg: 109.7 steps 60 
INFO : 2021-01-29 13:30:27,314 : episode: 52 score: 108.9 100 games avg: 108.9 steps 60 
INFO : 2021-01-29 13:33:12,968 : episode: 53 score: 180.7 100 games avg: 180.7 steps 92 
INFO : 2021-01-29 13:35:57,896 : episode: 54 score: 182.2 100 games avg: 182.2 steps 91 
INFO : 2021-01-29 13:38:34,377 : episode: 55 score: 179.4 100 games avg: 179.4 steps 87 
INFO : 2021-01-29 13:41:24,460 : episode: 56 score: 197.4 100 games avg: 197.4 steps 93 
INFO : 2021-01-29 13:44:10,305 : episode: 57 score: 186.5 100 games avg: 186.5 steps 91 
INFO : 2021-01-29 13:46:52,687 : episode: 58 score: 181.4 100 games avg: 181.4 steps 88 
INFO : 2021-01-29 13:49:39,881 : episode: 59 score: 190.7 100 games avg: 190.7 steps 93 
INFO : 2021-01-29 13:52:28,632 : episode: 60 score: 194.5 100 games avg: 194.5 steps 92 
INFO : 2021-01-29 13:55:16,370 : episode: 61 score: 187.8 100 games avg: 187.8 steps 92 
INFO : 2021-01-29 13:58:04,670 : episode: 62 score: 200.0 100 games avg: 200.0 steps 93 
INFO : 2021-01-29 14:00:54,094 : episode: 63 score: 199.3 100 games avg: 199.3 steps 93 
INFO : 2021-01-29 14:03:41,769 : episode: 64 score: 197.1 100 games avg: 197.1 steps 93 
INFO : 2021-01-29 14:06:29,519 : episode: 65 score: 199.6 100 games avg: 199.6 steps 93 
INFO : 2021-01-29 14:09:07,372 : episode: 66 score: 181.5 100 games avg: 181.5 steps 88 
INFO : 2021-01-29 14:11:43,032 : episode: 67 score: 181.9 100 games avg: 181.9 steps 88 
INFO : 2021-01-29 14:14:16,293 : episode: 68 score: 181.4 100 games avg: 181.4 steps 85 
INFO : 2021-01-29 14:16:51,804 : episode: 69 score: 185.1 100 games avg: 185.1 steps 89 
INFO : 2021-01-29 14:19:24,394 : episode: 70 score: 184.1 100 games avg: 184.1 steps 87 
INFO : 2021-01-29 14:21:58,601 : episode: 71 score: 188.6 100 games avg: 188.6 steps 86 
INFO : 2021-01-29 14:24:29,481 : episode: 72 score: 179.8 100 games avg: 179.8 steps 85 
INFO : 2021-01-29 14:27:03,029 : episode: 73 score: 191.7 100 games avg: 191.7 steps 88 
INFO : 2021-01-29 14:29:43,251 : episode: 74 score: 192.4 100 games avg: 192.4 steps 89 
INFO : 2021-01-29 14:32:16,265 : episode: 75 score: 183.0 100 games avg: 183.0 steps 86 
INFO : 2021-01-29 14:34:46,225 : episode: 76 score: 177.3 100 games avg: 177.3 steps 84 
INFO : 2021-01-29 14:37:20,708 : episode: 77 score: 190.3 100 games avg: 190.3 steps 88 
INFO : 2021-01-29 14:39:47,719 : episode: 78 score: 175.7 100 games avg: 175.7 steps 83 
INFO : 2021-01-29 14:42:19,379 : episode: 79 score: 178.1 100 games avg: 178.1 steps 86 
INFO : 2021-01-29 14:44:51,002 : episode: 80 score: 177.3 100 games avg: 177.3 steps 85 
INFO : 2021-01-29 14:47:22,966 : episode: 81 score: 189.1 100 games avg: 189.1 steps 87 
INFO : 2021-01-29 14:49:53,695 : episode: 82 score: 186.0 100 games avg: 186.0 steps 86 
INFO : 2021-01-29 14:52:28,221 : episode: 83 score: 178.9 100 games avg: 178.9 steps 86 
INFO : 2021-01-29 14:55:05,683 : episode: 84 score: 193.9 100 games avg: 193.9 steps 88 
INFO : 2021-01-29 14:57:42,563 : episode: 85 score: 190.3 100 games avg: 190.3 steps 87 
INFO : 2021-01-29 15:00:26,462 : episode: 86 score: 206.2 100 games avg: 206.2 steps 92 
INFO : 2021-01-29 15:02:59,932 : episode: 87 score: 180.9 100 games avg: 180.9 steps 85 
INFO : 2021-01-29 15:05:33,709 : episode: 88 score: 178.9 100 games avg: 178.9 steps 85 
INFO : 2021-01-29 15:08:08,932 : episode: 89 score: 174.3 100 games avg: 174.3 steps 86 
INFO : 2021-01-29 15:10:40,854 : episode: 90 score: 176.9 100 games avg: 176.9 steps 84 
INFO : 2021-01-29 15:13:10,429 : episode: 91 score: 193.2 100 games avg: 193.2 steps 88 
INFO : 2021-01-29 15:15:15,372 : episode: 92 score: 177.0 100 games avg: 177.0 steps 88 
INFO : 2021-01-29 15:16:00,175 : episode: 93 score: 49.6 100 games avg: 49.6 steps 29 
INFO : 2021-01-29 15:18:07,366 : episode: 94 score: 171.4 100 games avg: 171.4 steps 84 
INFO : 2021-01-29 15:20:20,086 : episode: 95 score: 185.8 100 games avg: 185.8 steps 87 
INFO : 2021-01-29 15:22:25,626 : episode: 96 score: 172.9 100 games avg: 172.9 steps 82 
INFO : 2021-01-29 15:24:36,703 : episode: 97 score: 173.5 100 games avg: 173.5 steps 85 
INFO : 2021-01-29 15:26:52,109 : episode: 98 score: 177.7 100 games avg: 177.7 steps 89 
INFO : 2021-01-29 15:29:01,969 : episode: 99 score: 173.4 100 games avg: 173.4 steps 85 
INFO : 2021-01-29 15:31:17,325 : episode: 100 score: 175.8 100 games avg: 175.8 steps 88 
INFO : 2021-01-29 15:33:29,162 : episode: 101 score: 174.0 100 games avg: 174.0 steps 86 
INFO : 2021-01-29 15:35:49,615 : episode: 102 score: 183.4 100 games avg: 183.4 steps 92 
INFO : 2021-01-29 15:38:07,244 : episode: 103 score: 180.7 100 games avg: 180.7 steps 90 
INFO : 2021-01-29 15:40:20,387 : episode: 104 score: 173.3 100 games avg: 173.3 steps 86 
INFO : 2021-01-29 15:42:36,674 : episode: 105 score: 180.0 100 games avg: 180.0 steps 88 
INFO : 2021-01-29 15:44:53,162 : episode: 106 score: 183.6 100 games avg: 183.6 steps 89 
INFO : 2021-01-29 15:47:13,212 : episode: 107 score: 191.6 100 games avg: 191.6 steps 91 
INFO : 2021-01-29 15:49:36,183 : episode: 108 score: 193.4 100 games avg: 193.4 steps 93 
INFO : 2021-01-29 15:50:23,797 : episode: 109 score: 52.0 100 games avg: 52.0 steps 30 
INFO : 2021-01-29 15:52:48,907 : episode: 110 score: 203.2 100 games avg: 203.2 steps 95 
INFO : 2021-01-29 15:53:41,178 : episode: 111 score: 58.4 100 games avg: 58.4 steps 33 
INFO : 2021-01-29 15:54:29,131 : episode: 112 score: 53.1 100 games avg: 53.1 steps 30 
INFO : 2021-01-29 15:57:17,241 : episode: 113 score: 253.1 100 games avg: 253.1 steps 111 
INFO : 2021-01-29 15:59:45,215 : episode: 114 score: 214.9 100 games avg: 214.9 steps 97 
INFO : 2021-01-29 16:00:33,010 : episode: 115 score: 49.8 100 games avg: 49.8 steps 29 
INFO : 2021-01-29 16:01:19,582 : episode: 116 score: 49.0 100 games avg: 49.0 steps 28 
INFO : 2021-01-29 16:02:13,202 : episode: 117 score: 57.6 100 games avg: 57.6 steps 33 
INFO : 2021-01-29 16:04:45,782 : episode: 118 score: 226.1 100 games avg: 226.1 steps 99 
INFO : 2021-01-29 16:07:16,963 : episode: 119 score: 213.2 100 games avg: 213.2 steps 97 
INFO : 2021-01-29 16:07:49,078 : episode: 120 score: 28.7 100 games avg: 28.7 steps 19 
INFO : 2021-01-29 16:10:20,637 : episode: 121 score: 227.8 100 games avg: 227.8 steps 98 
INFO : 2021-01-29 16:12:51,970 : episode: 122 score: 222.8 100 games avg: 222.8 steps 98 
INFO : 2021-01-29 16:15:24,810 : episode: 123 score: 226.1 100 games avg: 226.1 steps 98 
INFO : 2021-01-29 16:17:54,694 : episode: 124 score: 213.3 100 games avg: 213.3 steps 96 
INFO : 2021-01-29 16:20:20,888 : episode: 125 score: 210.6 100 games avg: 210.6 steps 94 
INFO : 2021-01-29 16:22:50,530 : episode: 126 score: 211.5 100 games avg: 211.5 steps 95 
INFO : 2021-01-29 16:25:20,896 : episode: 127 score: 224.6 100 games avg: 224.6 steps 97 
INFO : 2021-01-29 16:27:50,797 : episode: 128 score: 211.0 100 games avg: 211.0 steps 96 
INFO : 2021-01-29 16:30:15,729 : episode: 129 score: 207.1 100 games avg: 207.1 steps 93 
INFO : 2021-01-29 16:32:42,793 : episode: 130 score: 215.8 100 games avg: 215.8 steps 95 
INFO : 2021-01-29 16:35:12,560 : episode: 131 score: 219.0 100 games avg: 219.0 steps 96 
INFO : 2021-01-29 16:37:50,581 : episode: 132 score: 243.5 100 games avg: 243.5 steps 102 
INFO : 2021-01-29 16:40:14,034 : episode: 133 score: 210.6 100 games avg: 210.6 steps 93 
INFO : 2021-01-29 16:42:41,827 : episode: 134 score: 207.9 100 games avg: 207.9 steps 94 
INFO : 2021-01-29 16:45:05,668 : episode: 135 score: 204.0 100 games avg: 204.0 steps 93 
INFO : 2021-01-29 16:47:38,188 : episode: 136 score: 206.0 100 games avg: 206.0 steps 97 
INFO : 2021-01-29 16:48:37,194 : episode: 137 score: 63.2 100 games avg: 63.2 steps 37 
INFO : 2021-01-29 16:50:59,753 : episode: 138 score: 205.1 100 games avg: 205.1 steps 92 
INFO : 2021-01-29 16:53:30,170 : episode: 139 score: 221.8 100 games avg: 221.8 steps 96 
INFO : 2021-01-29 16:55:59,535 : episode: 140 score: 222.5 100 games avg: 222.5 steps 96 
INFO : 2021-01-29 16:58:33,521 : episode: 141 score: 233.8 100 games avg: 233.8 steps 99 
INFO : 2021-01-29 17:00:58,577 : episode: 142 score: 200.8 100 games avg: 200.8 steps 92 
INFO : 2021-01-29 17:03:25,761 : episode: 143 score: 209.6 100 games avg: 209.6 steps 94 
INFO : 2021-01-29 17:06:04,928 : episode: 144 score: 251.9 100 games avg: 251.9 steps 103 
INFO : 2021-01-29 17:08:42,314 : episode: 145 score: 241.5 100 games avg: 241.5 steps 101 
INFO : 2021-01-29 17:11:11,602 : episode: 146 score: 218.8 100 games avg: 218.8 steps 96 
INFO : 2021-01-29 17:13:43,305 : episode: 147 score: 230.3 100 games avg: 230.3 steps 97 
INFO : 2021-01-29 17:16:09,020 : episode: 148 score: 205.9 100 games avg: 205.9 steps 93 
INFO : 2021-01-29 17:18:41,833 : episode: 149 score: 229.1 100 games avg: 229.1 steps 98 
INFO : 2021-01-29 17:21:20,349 : episode: 150 score: 244.6 100 games avg: 244.6 steps 102 
INFO : 2021-01-29 17:23:58,410 : episode: 151 score: 240.9 100 games avg: 240.9 steps 101 
INFO : 2021-01-29 17:26:32,521 : episode: 152 score: 230.4 100 games avg: 230.4 steps 98 
INFO : 2021-01-29 17:29:05,949 : episode: 153 score: 236.0 100 games avg: 236.0 steps 99 
INFO : 2021-01-29 17:31:33,016 : episode: 154 score: 206.9 100 games avg: 206.9 steps 95 
INFO : 2021-01-29 17:33:59,759 : episode: 155 score: 207.4 100 games avg: 207.4 steps 93 
INFO : 2021-01-29 17:36:28,080 : episode: 156 score: 212.7 100 games avg: 212.7 steps 93 
INFO : 2021-01-29 17:38:54,272 : episode: 157 score: 211.2 100 games avg: 211.2 steps 92 
INFO : 2021-01-29 17:41:37,063 : episode: 158 score: 256.4 100 games avg: 256.4 steps 105 
INFO : 2021-01-29 17:44:25,382 : episode: 159 score: 269.1 100 games avg: 269.1 steps 109 
INFO : 2021-01-29 17:47:06,083 : episode: 160 score: 245.6 100 games avg: 245.6 steps 101 
INFO : 2021-01-29 17:49:35,860 : episode: 161 score: 227.2 100 games avg: 227.2 steps 96 
INFO : 2021-01-29 17:52:10,620 : episode: 162 score: 242.7 100 games avg: 242.7 steps 100 
INFO : 2021-01-29 17:54:41,443 : episode: 163 score: 219.2 100 games avg: 219.2 steps 97 
INFO : 2021-01-29 17:57:12,699 : episode: 164 score: 225.8 100 games avg: 225.8 steps 98 
INFO : 2021-01-29 17:59:49,489 : episode: 165 score: 246.4 100 games avg: 246.4 steps 101 
INFO : 2021-01-29 18:02:18,324 : episode: 166 score: 229.8 100 games avg: 229.8 steps 97 
INFO : 2021-01-29 18:04:50,445 : episode: 167 score: 226.2 100 games avg: 226.2 steps 98 
INFO : 2021-01-29 18:07:24,390 : episode: 168 score: 223.6 100 games avg: 223.6 steps 100 
INFO : 2021-01-29 18:09:55,149 : episode: 169 score: 224.8 100 games avg: 224.8 steps 97 
INFO : 2021-01-29 18:12:27,920 : episode: 170 score: 228.2 100 games avg: 228.2 steps 98 
INFO : 2021-01-29 18:14:58,906 : episode: 171 score: 218.8 100 games avg: 218.8 steps 97 
INFO : 2021-01-29 18:17:30,324 : episode: 172 score: 226.3 100 games avg: 226.3 steps 97 
