INFO : 2021-01-25 23:54:30,012 : method: Model Predictive Contorol
INFO : 2021-01-25 23:54:30,013 : parameter n_steps: 100 ensemble_size: 5 env: HalfCheetah-v2
INFO : 2021-01-25 23:54:32,523 : mpc horizon: 10 mpc_samples: 100 elite_sample: 30 grad_steps: 10
INFO : 2021-01-25 23:54:32,523 : mpc_function policy-kl2
INFO : 2021-01-25 23:54:32,523 : policy-kl2
INFO : 2021-01-25 23:54:32,756 : state_square_error: 0.374 reward_error: 1.818
INFO : 2021-01-25 23:54:54,287 : state_square_error: 0.947 reward_error: 2.475
INFO : 2021-01-25 23:55:15,818 : state_square_error: 1.718 reward_error: 4.153
INFO : 2021-01-25 23:55:38,279 : state_square_error: 75.002 reward_error: 9.232
INFO : 2021-01-25 23:56:01,903 : state_square_error: 193.613 reward_error: 19.404
INFO : 2021-01-25 23:56:25,597 : state_square_error: 55.351 reward_error: 12.014
INFO : 2021-01-25 23:56:49,223 : state_square_error: 46.898 reward_error: 11.442
INFO : 2021-01-25 23:57:12,877 : state_square_error: 204.891 reward_error: 16.084
INFO : 2021-01-25 23:57:36,556 : state_square_error: 156.737 reward_error: 21.826
INFO : 2021-01-25 23:58:00,194 : state_square_error: 65.756 reward_error: 23.694
INFO : 2021-01-25 23:58:23,720 : episode: 0 score: -176.4 100 games avg: -176.4 steps 1000 
INFO : 2021-01-25 23:58:24,185 : state_square_error: 17.160 reward_error: 7.797
INFO : 2021-01-25 23:58:47,909 : state_square_error: 9.606 reward_error: 7.653
INFO : 2021-01-25 23:59:11,538 : state_square_error: 16.640 reward_error: 5.913
INFO : 2021-01-25 23:59:35,271 : state_square_error: 10.813 reward_error: 10.508
INFO : 2021-01-25 23:59:58,967 : state_square_error: 19.368 reward_error: 7.511
INFO : 2021-01-26 00:00:22,729 : state_square_error: 24.063 reward_error: 12.158
INFO : 2021-01-26 00:00:46,430 : state_square_error: 19.511 reward_error: 4.941
INFO : 2021-01-26 00:01:10,206 : state_square_error: 15.520 reward_error: 8.940
INFO : 2021-01-26 00:01:33,866 : state_square_error: 19.952 reward_error: 9.577
INFO : 2021-01-26 00:01:57,558 : state_square_error: 6.561 reward_error: 8.358
INFO : 2021-01-26 00:02:20,984 : episode: 1 score: -126.9 100 games avg: -126.9 steps 1000 
INFO : 2021-01-26 00:02:21,742 : state_square_error: 146.710 reward_error: 15.351
INFO : 2021-01-26 00:02:45,439 : state_square_error: 51.178 reward_error: 22.359
INFO : 2021-01-26 00:03:09,146 : state_square_error: 60.086 reward_error: 17.468
INFO : 2021-01-26 00:03:32,870 : state_square_error: 83.905 reward_error: 33.575
INFO : 2021-01-26 00:03:56,479 : state_square_error: 54.543 reward_error: 24.931
INFO : 2021-01-26 00:04:20,191 : state_square_error: 53.029 reward_error: 21.017
INFO : 2021-01-26 00:04:43,807 : state_square_error: 197.897 reward_error: 18.334
INFO : 2021-01-26 00:05:07,374 : state_square_error: 96.287 reward_error: 23.809
INFO : 2021-01-26 00:05:30,995 : state_square_error: 58.089 reward_error: 23.789
INFO : 2021-01-26 00:05:54,499 : state_square_error: 89.605 reward_error: 28.424
INFO : 2021-01-26 00:06:17,924 : episode: 2 score: -236.2 100 games avg: -236.2 steps 1000 
INFO : 2021-01-26 00:06:18,975 : state_square_error: 84.647 reward_error: 26.493
INFO : 2021-01-26 00:06:42,656 : state_square_error: 63.989 reward_error: 27.154
INFO : 2021-01-26 00:07:06,359 : state_square_error: 165.477 reward_error: 25.660
INFO : 2021-01-26 00:07:30,070 : state_square_error: 296.728 reward_error: 23.124
INFO : 2021-01-26 00:07:53,678 : state_square_error: 65.836 reward_error: 26.091
INFO : 2021-01-26 00:08:17,342 : state_square_error: 187.170 reward_error: 21.587
INFO : 2021-01-26 00:08:40,967 : state_square_error: 304.374 reward_error: 27.132
INFO : 2021-01-26 00:09:04,639 : state_square_error: 115.866 reward_error: 27.991
INFO : 2021-01-26 00:09:28,310 : state_square_error: 148.125 reward_error: 26.729
INFO : 2021-01-26 00:09:51,986 : state_square_error: 72.972 reward_error: 22.173
INFO : 2021-01-26 00:10:15,392 : episode: 3 score: -271.0 100 games avg: -271.0 steps 1000 
INFO : 2021-01-26 00:10:16,792 : state_square_error: 365.793 reward_error: 35.399
INFO : 2021-01-26 00:10:40,459 : state_square_error: 415.260 reward_error: 51.767
INFO : 2021-01-26 00:11:04,233 : state_square_error: 415.851 reward_error: 50.727
INFO : 2021-01-26 00:11:27,898 : state_square_error: 420.648 reward_error: 57.063
INFO : 2021-01-26 00:11:51,640 : state_square_error: 894.881 reward_error: 62.339
INFO : 2021-01-26 00:12:15,179 : state_square_error: 519.941 reward_error: 60.843
INFO : 2021-01-26 00:12:38,900 : state_square_error: 338.425 reward_error: 65.771
INFO : 2021-01-26 00:13:02,630 : state_square_error: 336.415 reward_error: 64.901
INFO : 2021-01-26 00:13:26,334 : state_square_error: 422.571 reward_error: 56.635
INFO : 2021-01-26 00:13:50,016 : state_square_error: 251.534 reward_error: 61.994
INFO : 2021-01-26 00:14:13,417 : episode: 4 score: -187.6 100 games avg: -187.6 steps 1000 
INFO : 2021-01-26 00:14:15,058 : state_square_error: 253.313 reward_error: 37.034
INFO : 2021-01-26 00:14:38,641 : state_square_error: 153.741 reward_error: 49.308
INFO : 2021-01-26 00:15:02,274 : state_square_error: 189.355 reward_error: 49.480
INFO : 2021-01-26 00:15:25,861 : state_square_error: 390.558 reward_error: 55.217
INFO : 2021-01-26 00:15:49,496 : state_square_error: 206.097 reward_error: 48.131
INFO : 2021-01-26 00:16:13,096 : state_square_error: 386.453 reward_error: 49.229
INFO : 2021-01-26 00:16:36,682 : state_square_error: 172.227 reward_error: 45.080
INFO : 2021-01-26 00:17:00,243 : state_square_error: 150.880 reward_error: 45.492
INFO : 2021-01-26 00:17:23,803 : state_square_error: 352.903 reward_error: 47.134
INFO : 2021-01-26 00:17:47,393 : state_square_error: 221.351 reward_error: 52.823
INFO : 2021-01-26 00:18:10,798 : episode: 5 score: -242.4 100 games avg: -242.4 steps 1000 
INFO : 2021-01-26 00:18:12,772 : state_square_error: 46.557 reward_error: 24.277
INFO : 2021-01-26 00:18:36,470 : state_square_error: 95.461 reward_error: 36.812
INFO : 2021-01-26 00:19:00,107 : state_square_error: 97.283 reward_error: 33.811
INFO : 2021-01-26 00:19:23,778 : state_square_error: 52.777 reward_error: 32.916
INFO : 2021-01-26 00:19:47,483 : state_square_error: 22.178 reward_error: 35.639
INFO : 2021-01-26 00:20:11,225 : state_square_error: 71.112 reward_error: 36.730
INFO : 2021-01-26 00:20:34,818 : state_square_error: 41.444 reward_error: 30.445
INFO : 2021-01-26 00:20:58,363 : state_square_error: 30.315 reward_error: 43.855
INFO : 2021-01-26 00:21:22,011 : state_square_error: 197.724 reward_error: 36.956
INFO : 2021-01-26 00:21:45,511 : state_square_error: 120.507 reward_error: 29.241
INFO : 2021-01-26 00:22:08,840 : episode: 6 score: -215.6 100 games avg: -215.6 steps 1000 
INFO : 2021-01-26 00:22:11,077 : state_square_error: 26.302 reward_error: 16.778
INFO : 2021-01-26 00:22:34,752 : state_square_error: 64.420 reward_error: 26.943
INFO : 2021-01-26 00:22:58,500 : state_square_error: 55.320 reward_error: 42.757
INFO : 2021-01-26 00:23:22,237 : state_square_error: 37.422 reward_error: 38.496
INFO : 2021-01-26 00:23:45,962 : state_square_error: 85.167 reward_error: 42.416
INFO : 2021-01-26 00:24:09,568 : state_square_error: 19.202 reward_error: 40.780
INFO : 2021-01-26 00:24:33,118 : state_square_error: 90.330 reward_error: 41.990
INFO : 2021-01-26 00:24:56,697 : state_square_error: 103.184 reward_error: 45.791
INFO : 2021-01-26 00:25:20,415 : state_square_error: 179.869 reward_error: 47.794
INFO : 2021-01-26 00:25:44,101 : state_square_error: 81.727 reward_error: 53.639
INFO : 2021-01-26 00:26:07,557 : episode: 7 score: -179.4 100 games avg: -179.4 steps 1000 
INFO : 2021-01-26 00:26:10,087 : state_square_error: 89.610 reward_error: 15.247
INFO : 2021-01-26 00:26:33,741 : state_square_error: 116.133 reward_error: 41.140
INFO : 2021-01-26 00:26:57,409 : state_square_error: 130.569 reward_error: 33.109
INFO : 2021-01-26 00:27:21,116 : state_square_error: 134.650 reward_error: 40.843
INFO : 2021-01-26 00:27:44,724 : state_square_error: 251.920 reward_error: 43.715
INFO : 2021-01-26 00:28:08,380 : state_square_error: 129.915 reward_error: 37.472
INFO : 2021-01-26 00:28:32,083 : state_square_error: 103.762 reward_error: 35.832
INFO : 2021-01-26 00:28:55,826 : state_square_error: 113.266 reward_error: 36.185
INFO : 2021-01-26 00:29:19,529 : state_square_error: 105.483 reward_error: 32.961
INFO : 2021-01-26 00:29:43,218 : state_square_error: 83.053 reward_error: 40.417
INFO : 2021-01-26 00:30:06,567 : episode: 8 score: -168.9 100 games avg: -168.9 steps 1000 
INFO : 2021-01-26 00:30:09,410 : state_square_error: 105.627 reward_error: 10.354
INFO : 2021-01-26 00:30:33,104 : state_square_error: 76.610 reward_error: 37.330
INFO : 2021-01-26 00:30:56,761 : state_square_error: 74.383 reward_error: 31.988
INFO : 2021-01-26 00:31:20,390 : state_square_error: 118.470 reward_error: 35.997
INFO : 2021-01-26 00:31:43,895 : state_square_error: 182.474 reward_error: 31.003
INFO : 2021-01-26 00:32:07,446 : state_square_error: 127.154 reward_error: 36.668
INFO : 2021-01-26 00:32:31,054 : state_square_error: 100.109 reward_error: 38.740
INFO : 2021-01-26 00:32:54,622 : state_square_error: 76.841 reward_error: 36.160
INFO : 2021-01-26 00:33:18,315 : state_square_error: 142.381 reward_error: 40.675
INFO : 2021-01-26 00:33:42,051 : state_square_error: 105.939 reward_error: 37.679
INFO : 2021-01-26 00:34:05,479 : episode: 9 score: -112.3 100 games avg: -112.3 steps 1000 
INFO : 2021-01-26 00:34:08,612 : state_square_error: 162.384 reward_error: 6.298
INFO : 2021-01-26 00:34:32,300 : state_square_error: 163.024 reward_error: 27.148
INFO : 2021-01-26 00:34:56,023 : state_square_error: 193.952 reward_error: 29.255
INFO : 2021-01-26 00:35:19,702 : state_square_error: 115.224 reward_error: 31.464
INFO : 2021-01-26 00:35:43,412 : state_square_error: 83.916 reward_error: 31.928
INFO : 2021-01-26 00:36:07,153 : state_square_error: 105.612 reward_error: 29.729
INFO : 2021-01-26 00:36:30,754 : state_square_error: 213.628 reward_error: 31.742
INFO : 2021-01-26 00:36:54,400 : state_square_error: 127.855 reward_error: 26.906
INFO : 2021-01-26 00:37:18,136 : state_square_error: 139.634 reward_error: 32.530
INFO : 2021-01-26 00:37:41,822 : state_square_error: 91.720 reward_error: 30.228
INFO : 2021-01-26 00:38:05,286 : episode: 10 score: -111.1 100 games avg: -111.1 steps 1000 
INFO : 2021-01-26 00:38:08,660 : state_square_error: 287.101 reward_error: 19.096
INFO : 2021-01-26 00:38:32,378 : state_square_error: 204.563 reward_error: 37.538
INFO : 2021-01-26 00:38:56,014 : state_square_error: 192.765 reward_error: 30.311
INFO : 2021-01-26 00:39:19,671 : state_square_error: 126.360 reward_error: 32.476
INFO : 2021-01-26 00:39:43,355 : state_square_error: 121.380 reward_error: 33.058
INFO : 2021-01-26 00:40:07,035 : state_square_error: 200.340 reward_error: 24.871
INFO : 2021-01-26 00:40:30,795 : state_square_error: 150.220 reward_error: 33.282
INFO : 2021-01-26 00:40:54,384 : state_square_error: 51.638 reward_error: 30.021
INFO : 2021-01-26 00:41:18,006 : state_square_error: 230.389 reward_error: 36.877
INFO : 2021-01-26 00:41:41,642 : state_square_error: 100.141 reward_error: 35.104
INFO : 2021-01-26 00:42:05,072 : episode: 11 score: -142.6 100 games avg: -142.6 steps 1000 
INFO : 2021-01-26 00:42:08,713 : state_square_error: 365.158 reward_error: 16.390
INFO : 2021-01-26 00:42:32,488 : state_square_error: 184.592 reward_error: 17.324
INFO : 2021-01-26 00:42:56,081 : state_square_error: 280.924 reward_error: 14.064
INFO : 2021-01-26 00:43:19,686 : state_square_error: 106.541 reward_error: 24.385
INFO : 2021-01-26 00:43:43,352 : state_square_error: 341.069 reward_error: 33.306
INFO : 2021-01-26 00:44:07,084 : state_square_error: 486.405 reward_error: 29.076
INFO : 2021-01-26 00:44:30,688 : state_square_error: 341.774 reward_error: 35.122
INFO : 2021-01-26 00:44:54,297 : state_square_error: 265.874 reward_error: 27.175
INFO : 2021-01-26 00:45:18,011 : state_square_error: 254.385 reward_error: 41.901
INFO : 2021-01-26 00:45:41,697 : state_square_error: 370.757 reward_error: 33.096
INFO : 2021-01-26 00:46:05,154 : episode: 12 score: -68.6 100 games avg: -68.6 steps 1000 
INFO : 2021-01-26 00:46:09,089 : state_square_error: 191.566 reward_error: 15.980
INFO : 2021-01-26 00:46:32,845 : state_square_error: 508.777 reward_error: 42.692
INFO : 2021-01-26 00:46:56,611 : state_square_error: 406.185 reward_error: 35.087
INFO : 2021-01-26 00:47:20,235 : state_square_error: 488.946 reward_error: 38.831
INFO : 2021-01-26 00:47:43,907 : state_square_error: 365.489 reward_error: 36.498
INFO : 2021-01-26 00:48:07,456 : state_square_error: 304.655 reward_error: 34.005
INFO : 2021-01-26 00:48:31,102 : state_square_error: 525.412 reward_error: 36.213
INFO : 2021-01-26 00:48:54,755 : state_square_error: 422.386 reward_error: 38.390
INFO : 2021-01-26 00:49:18,447 : state_square_error: 357.960 reward_error: 37.830
INFO : 2021-01-26 00:49:42,123 : state_square_error: 395.342 reward_error: 34.017
INFO : 2021-01-26 00:50:05,536 : episode: 13 score: -156.5 100 games avg: -156.5 steps 1000 
INFO : 2021-01-26 00:50:09,804 : state_square_error: 231.792 reward_error: 20.470
INFO : 2021-01-26 00:50:33,525 : state_square_error: 300.215 reward_error: 19.588
INFO : 2021-01-26 00:50:57,214 : state_square_error: 350.268 reward_error: 21.283
INFO : 2021-01-26 00:51:20,833 : state_square_error: 417.427 reward_error: 24.707
INFO : 2021-01-26 00:51:44,454 : state_square_error: 435.175 reward_error: 31.609
INFO : 2021-01-26 00:52:08,098 : state_square_error: 298.913 reward_error: 31.062
INFO : 2021-01-26 00:52:31,711 : state_square_error: 301.224 reward_error: 35.397
INFO : 2021-01-26 00:52:55,302 : state_square_error: 247.195 reward_error: 32.143
INFO : 2021-01-26 00:53:18,984 : state_square_error: 174.237 reward_error: 30.501
INFO : 2021-01-26 00:53:42,575 : state_square_error: 276.595 reward_error: 29.886
INFO : 2021-01-26 00:54:05,959 : episode: 14 score: -48.4 100 games avg: -48.4 steps 1000 
INFO : 2021-01-26 00:54:10,533 : state_square_error: 152.424 reward_error: 11.578
INFO : 2021-01-26 00:54:34,268 : state_square_error: 206.147 reward_error: 23.323
INFO : 2021-01-26 00:54:57,985 : state_square_error: 224.040 reward_error: 31.435
INFO : 2021-01-26 00:55:21,738 : state_square_error: 110.902 reward_error: 27.129
INFO : 2021-01-26 00:55:45,526 : state_square_error: 194.563 reward_error: 28.773
INFO : 2021-01-26 00:56:09,086 : state_square_error: 174.389 reward_error: 30.069
INFO : 2021-01-26 00:56:32,803 : state_square_error: 275.837 reward_error: 27.037
INFO : 2021-01-26 00:56:56,405 : state_square_error: 188.320 reward_error: 31.439
INFO : 2021-01-26 00:57:20,007 : state_square_error: 147.027 reward_error: 26.208
INFO : 2021-01-26 00:57:43,724 : state_square_error: 256.184 reward_error: 33.446
INFO : 2021-01-26 00:58:07,225 : episode: 15 score: -108.1 100 games avg: -108.1 steps 1000 
INFO : 2021-01-26 00:58:12,078 : state_square_error: 112.867 reward_error: 7.367
INFO : 2021-01-26 00:58:35,720 : state_square_error: 106.020 reward_error: 19.003
INFO : 2021-01-26 00:58:59,389 : state_square_error: 302.207 reward_error: 32.581
INFO : 2021-01-26 00:59:23,030 : state_square_error: 200.383 reward_error: 32.920
INFO : 2021-01-26 00:59:46,639 : state_square_error: 193.954 reward_error: 32.591
INFO : 2021-01-26 01:00:10,324 : state_square_error: 177.857 reward_error: 29.968
INFO : 2021-01-26 01:00:33,975 : state_square_error: 223.619 reward_error: 33.490
INFO : 2021-01-26 01:00:57,665 : state_square_error: 150.482 reward_error: 31.497
