INFO : 2021-01-29 22:23:26,843 : method: Model Predictive Contorol
INFO : 2021-01-29 22:23:26,844 : parameter n_steps: 100 ensemble_size: 5 env: Hopper-v2
INFO : 2021-01-29 22:23:29,455 : mpc horizon: 5 mpc_samples: 100 elite_sample: 30 grad_steps: 10
INFO : 2021-01-29 22:23:29,455 : mpc_function policy-kl3
INFO : 2021-01-29 22:23:29,455 : policy-kl3
INFO : 2021-01-29 22:23:33,923 : episode: 0 score: 34.8 100 games avg: 34.8 steps 35 
INFO : 2021-01-29 22:23:37,496 : episode: 1 score: 26.0 100 games avg: 26.0 steps 27 
INFO : 2021-01-29 22:23:41,153 : episode: 2 score: 26.6 100 games avg: 26.6 steps 27 
INFO : 2021-01-29 22:23:45,046 : episode: 3 score: 30.6 100 games avg: 30.6 steps 30 
INFO : 2021-01-29 22:23:49,681 : episode: 4 score: 36.7 100 games avg: 36.7 steps 36 
INFO : 2021-01-29 22:23:53,174 : episode: 5 score: 26.7 100 games avg: 26.7 steps 27 
INFO : 2021-01-29 22:23:57,047 : episode: 6 score: 30.8 100 games avg: 30.8 steps 30 
INFO : 2021-01-29 22:24:00,791 : episode: 7 score: 29.7 100 games avg: 29.7 steps 29 
INFO : 2021-01-29 22:24:07,064 : episode: 8 score: 49.3 100 games avg: 49.3 steps 45 
INFO : 2021-01-29 22:24:08,855 : episode: 9 score: 9.8 100 games avg: 9.8 steps 12 
INFO : 2021-01-29 22:24:10,217 : episode: 10 score: 6.5 100 games avg: 6.5 steps 9 
INFO : 2021-01-29 22:24:11,294 : episode: 11 score: 4.8 100 games avg: 4.8 steps 7 
INFO : 2021-01-29 22:24:12,811 : episode: 12 score: 7.6 100 games avg: 7.6 steps 10 
INFO : 2021-01-29 22:24:15,021 : episode: 13 score: 12.6 100 games avg: 12.6 steps 15 
INFO : 2021-01-29 22:24:20,636 : episode: 14 score: 63.5 100 games avg: 63.5 steps 39 
INFO : 2021-01-29 22:24:24,682 : episode: 15 score: 47.2 100 games avg: 47.2 steps 28 
INFO : 2021-01-29 22:24:28,874 : episode: 16 score: 48.0 100 games avg: 48.0 steps 29 
INFO : 2021-01-29 22:24:32,575 : episode: 17 score: 42.3 100 games avg: 42.3 steps 25 
INFO : 2021-01-29 22:24:36,002 : episode: 18 score: 39.6 100 games avg: 39.6 steps 23 
INFO : 2021-01-29 22:24:39,596 : episode: 19 score: 41.4 100 games avg: 41.4 steps 24 
INFO : 2021-01-29 22:24:43,739 : episode: 20 score: 46.8 100 games avg: 46.8 steps 28 
INFO : 2021-01-29 22:24:47,152 : episode: 21 score: 38.2 100 games avg: 38.2 steps 22 
INFO : 2021-01-29 22:24:50,948 : episode: 22 score: 42.6 100 games avg: 42.6 steps 25 
INFO : 2021-01-29 22:24:54,512 : episode: 23 score: 41.3 100 games avg: 41.3 steps 24 
INFO : 2021-01-29 22:24:58,079 : episode: 24 score: 41.4 100 games avg: 41.4 steps 24 
INFO : 2021-01-29 22:25:01,644 : episode: 25 score: 41.4 100 games avg: 41.4 steps 24 
INFO : 2021-01-29 22:25:05,210 : episode: 26 score: 41.0 100 games avg: 41.0 steps 24 
INFO : 2021-01-29 22:25:08,777 : episode: 27 score: 41.1 100 games avg: 41.1 steps 24 
INFO : 2021-01-29 22:25:12,201 : episode: 28 score: 39.9 100 games avg: 39.9 steps 23 
INFO : 2021-01-29 22:25:15,767 : episode: 29 score: 41.6 100 games avg: 41.6 steps 24 
INFO : 2021-01-29 22:25:19,486 : episode: 30 score: 43.2 100 games avg: 43.2 steps 25 
INFO : 2021-01-29 22:25:23,142 : episode: 31 score: 41.7 100 games avg: 41.7 steps 24 
INFO : 2021-01-29 22:25:27,081 : episode: 32 score: 45.3 100 games avg: 45.3 steps 26 
INFO : 2021-01-29 22:25:31,018 : episode: 33 score: 45.4 100 games avg: 45.4 steps 26 
INFO : 2021-01-29 22:25:35,698 : episode: 34 score: 55.5 100 games avg: 55.5 steps 31 
INFO : 2021-01-29 22:25:40,744 : episode: 35 score: 59.3 100 games avg: 59.3 steps 33 
INFO : 2021-01-29 22:25:45,079 : episode: 36 score: 49.8 100 games avg: 49.8 steps 28 
INFO : 2021-01-29 22:25:49,410 : episode: 37 score: 49.4 100 games avg: 49.4 steps 28 
INFO : 2021-01-29 22:25:53,773 : episode: 38 score: 51.5 100 games avg: 51.5 steps 29 
INFO : 2021-01-29 22:25:58,287 : episode: 39 score: 52.8 100 games avg: 52.8 steps 30 
INFO : 2021-01-29 22:26:03,733 : episode: 40 score: 57.4 100 games avg: 57.4 steps 32 
INFO : 2021-01-29 22:26:09,038 : episode: 41 score: 63.1 100 games avg: 63.1 steps 35 
INFO : 2021-01-29 22:26:13,772 : episode: 42 score: 54.7 100 games avg: 54.7 steps 31 
INFO : 2021-01-29 22:26:18,805 : episode: 43 score: 59.4 100 games avg: 59.4 steps 33 
INFO : 2021-01-29 22:26:23,124 : episode: 44 score: 49.4 100 games avg: 49.4 steps 28 
INFO : 2021-01-29 22:26:27,420 : episode: 45 score: 49.4 100 games avg: 49.4 steps 28 
INFO : 2021-01-29 22:26:31,556 : episode: 46 score: 52.1 100 games avg: 52.1 steps 29 
INFO : 2021-01-29 22:26:35,659 : episode: 47 score: 51.4 100 games avg: 51.4 steps 29 
INFO : 2021-01-29 22:26:39,373 : episode: 48 score: 46.0 100 games avg: 46.0 steps 26 
INFO : 2021-01-29 22:26:43,926 : episode: 49 score: 56.3 100 games avg: 56.3 steps 32 
INFO : 2021-01-29 22:26:47,814 : episode: 50 score: 48.1 100 games avg: 48.1 steps 27 
INFO : 2021-01-29 22:26:52,903 : episode: 51 score: 64.8 100 games avg: 64.8 steps 36 
INFO : 2021-01-29 22:26:59,056 : episode: 52 score: 76.9 100 games avg: 76.9 steps 44 
INFO : 2021-01-29 22:27:03,493 : episode: 53 score: 54.6 100 games avg: 54.6 steps 31 
INFO : 2021-01-29 22:27:08,868 : episode: 54 score: 67.8 100 games avg: 67.8 steps 38 
INFO : 2021-01-29 22:27:13,430 : episode: 55 score: 56.3 100 games avg: 56.3 steps 32 
INFO : 2021-01-29 22:27:18,874 : episode: 56 score: 68.6 100 games avg: 68.6 steps 38 
INFO : 2021-01-29 22:27:31,211 : episode: 57 score: 176.4 100 games avg: 176.4 steps 90 
INFO : 2021-01-29 22:27:37,294 : episode: 58 score: 79.3 100 games avg: 79.3 steps 43 
INFO : 2021-01-29 22:27:49,223 : episode: 59 score: 173.4 100 games avg: 173.4 steps 87 
INFO : 2021-01-29 22:28:01,085 : episode: 60 score: 167.7 100 games avg: 167.7 steps 86 
INFO : 2021-01-29 22:28:13,226 : episode: 61 score: 167.4 100 games avg: 167.4 steps 87 
INFO : 2021-01-29 22:28:25,453 : episode: 62 score: 171.2 100 games avg: 171.2 steps 86 
INFO : 2021-01-29 22:28:38,433 : episode: 63 score: 169.4 100 games avg: 169.4 steps 87 
INFO : 2021-01-29 22:28:51,293 : episode: 64 score: 170.7 100 games avg: 170.7 steps 87 
INFO : 2021-01-29 22:29:03,680 : episode: 65 score: 173.8 100 games avg: 173.8 steps 86 
INFO : 2021-01-29 22:29:16,637 : episode: 66 score: 173.0 100 games avg: 173.0 steps 87 
INFO : 2021-01-29 22:29:29,596 : episode: 67 score: 165.6 100 games avg: 165.6 steps 86 
INFO : 2021-01-29 22:29:42,623 : episode: 68 score: 170.8 100 games avg: 170.8 steps 86 
INFO : 2021-01-29 22:29:55,482 : episode: 69 score: 169.6 100 games avg: 169.6 steps 86 
INFO : 2021-01-29 22:30:08,230 : episode: 70 score: 168.9 100 games avg: 168.9 steps 85 
INFO : 2021-01-29 22:30:21,185 : episode: 71 score: 164.0 100 games avg: 164.0 steps 85 
INFO : 2021-01-29 22:30:34,354 : episode: 72 score: 169.3 100 games avg: 169.3 steps 86 
INFO : 2021-01-29 22:30:47,339 : episode: 73 score: 163.6 100 games avg: 163.6 steps 85 
INFO : 2021-01-29 22:31:00,235 : episode: 74 score: 170.4 100 games avg: 170.4 steps 84 
INFO : 2021-01-29 22:31:13,442 : episode: 75 score: 167.7 100 games avg: 167.7 steps 85 
INFO : 2021-01-29 22:31:26,663 : episode: 76 score: 173.5 100 games avg: 173.5 steps 84 
INFO : 2021-01-29 22:31:39,870 : episode: 77 score: 167.5 100 games avg: 167.5 steps 87 
INFO : 2021-01-29 22:31:52,825 : episode: 78 score: 172.6 100 games avg: 172.6 steps 84 
INFO : 2021-01-29 22:32:06,274 : episode: 79 score: 167.1 100 games avg: 167.1 steps 86 
INFO : 2021-01-29 22:32:19,510 : episode: 80 score: 170.9 100 games avg: 170.9 steps 86 
INFO : 2021-01-29 22:32:32,696 : episode: 81 score: 165.5 100 games avg: 165.5 steps 85 
INFO : 2021-01-29 22:32:45,887 : episode: 82 score: 174.9 100 games avg: 174.9 steps 86 
INFO : 2021-01-29 22:32:59,031 : episode: 83 score: 168.0 100 games avg: 168.0 steps 84 
INFO : 2021-01-29 22:33:12,684 : episode: 84 score: 169.2 100 games avg: 169.2 steps 86 
INFO : 2021-01-29 22:33:25,710 : episode: 85 score: 170.6 100 games avg: 170.6 steps 83 
INFO : 2021-01-29 22:33:38,956 : episode: 86 score: 163.3 100 games avg: 163.3 steps 84 
INFO : 2021-01-29 22:33:52,494 : episode: 87 score: 166.4 100 games avg: 166.4 steps 85 
INFO : 2021-01-29 22:34:05,682 : episode: 88 score: 173.1 100 games avg: 173.1 steps 83 
INFO : 2021-01-29 22:34:18,857 : episode: 89 score: 175.4 100 games avg: 175.4 steps 83 
INFO : 2021-01-29 22:34:31,983 : episode: 90 score: 172.0 100 games avg: 172.0 steps 82 
INFO : 2021-01-29 22:34:45,116 : episode: 91 score: 166.7 100 games avg: 166.7 steps 82 
INFO : 2021-01-29 22:34:58,667 : episode: 92 score: 167.6 100 games avg: 167.6 steps 85 
INFO : 2021-01-29 22:35:12,207 : episode: 93 score: 166.5 100 games avg: 166.5 steps 85 
INFO : 2021-01-29 22:35:25,706 : episode: 94 score: 169.4 100 games avg: 169.4 steps 84 
INFO : 2021-01-29 22:35:38,922 : episode: 95 score: 163.7 100 games avg: 163.7 steps 82 
INFO : 2021-01-29 22:35:53,407 : episode: 96 score: 173.5 100 games avg: 173.5 steps 89 
INFO : 2021-01-29 22:36:07,085 : episode: 97 score: 174.7 100 games avg: 174.7 steps 83 
INFO : 2021-01-29 22:36:24,768 : episode: 98 score: 203.6 100 games avg: 203.6 steps 110 
INFO : 2021-01-29 22:36:38,588 : episode: 99 score: 163.9 100 games avg: 163.9 steps 85 
