INFO : 2021-01-18 01:56:56,750 : method: Model Predictive Contorol
INFO : 2021-01-18 01:56:56,751 : parameter n_steps: 100 ensemble_size: 5 env: Continuous_CartPole
INFO : 2021-01-18 01:56:59,387 : mpc horizon: 10 mpc_samples: 100 elite_sample: 10 grad_steps: 10
INFO : 2021-01-18 01:56:59,387 : mpc_function cem
INFO : 2021-01-18 01:56:59,387 : proposed_cem
INFO : 2021-01-18 01:57:10,736 : episode: 0 score: 12.0 100 games avg: 12.0 steps 13 
INFO : 2021-01-18 01:57:18,688 : episode: 1 score: 8.0 100 games avg: 8.0 steps 9 
INFO : 2021-01-18 01:57:30,110 : episode: 2 score: 12.0 100 games avg: 12.0 steps 13 
INFO : 2021-01-18 01:57:35,432 : episode: 3 score: 5.0 100 games avg: 5.0 steps 6 
INFO : 2021-01-18 01:58:04,323 : episode: 4 score: 32.0 100 games avg: 32.0 steps 33 
INFO : 2021-01-18 01:59:19,473 : episode: 5 score: 85.0 100 games avg: 85.0 steps 86 
INFO : 2021-01-18 01:59:30,953 : episode: 6 score: 12.0 100 games avg: 12.0 steps 13 
INFO : 2021-01-18 01:59:38,030 : episode: 7 score: 7.0 100 games avg: 7.0 steps 8 
INFO : 2021-01-18 01:59:45,979 : episode: 8 score: 8.0 100 games avg: 8.0 steps 9 
INFO : 2021-01-18 02:01:14,968 : episode: 9 score: 101.0 100 games avg: 101.0 steps 102 
INFO : 2021-01-18 02:02:16,063 : episode: 10 score: 69.0 100 games avg: 69.0 steps 70 
INFO : 2021-01-18 02:03:55,696 : episode: 11 score: 113.0 100 games avg: 113.0 steps 114 
INFO : 2021-01-18 02:04:53,436 : episode: 12 score: 65.0 100 games avg: 65.0 steps 66 
INFO : 2021-01-18 02:06:26,243 : episode: 13 score: 105.0 100 games avg: 105.0 steps 106 
INFO : 2021-01-18 02:06:42,991 : episode: 14 score: 18.0 100 games avg: 18.0 steps 19 
INFO : 2021-01-18 02:06:51,033 : episode: 15 score: 8.0 100 games avg: 8.0 steps 9 
INFO : 2021-01-18 02:08:03,641 : episode: 16 score: 82.0 100 games avg: 82.0 steps 83 
INFO : 2021-01-18 02:08:30,008 : episode: 17 score: 29.0 100 games avg: 29.0 steps 30 
INFO : 2021-01-18 02:08:45,978 : episode: 18 score: 17.0 100 games avg: 17.0 steps 18 
INFO : 2021-01-18 02:09:14,138 : episode: 19 score: 31.0 100 games avg: 31.0 steps 32 
INFO : 2021-01-18 02:09:23,989 : episode: 20 score: 10.0 100 games avg: 10.0 steps 11 
INFO : 2021-01-18 02:10:47,936 : episode: 21 score: 95.0 100 games avg: 95.0 steps 96 
INFO : 2021-01-18 02:11:57,950 : episode: 22 score: 79.0 100 games avg: 79.0 steps 80 
