INFO : 2021-01-14 22:04:55,264 : method: Model Predictive Contorol
INFO : 2021-01-14 22:04:55,265 : parameter n_steps: 100 ensemble_size: 5 env: HalfCheetah-v2
INFO : 2021-01-14 22:04:57,877 : mpc horizon: 10 mpc_samples: 100 elite_sample: 10 grad_steps: 10
INFO : 2021-01-14 22:04:57,877 : mpc_function policy-kl
INFO : 2021-01-14 22:04:57,878 : policy-kl
INFO : 2021-01-14 22:32:51,002 : episode: 0 score: 4.3 100 games avg: 4.3 steps 1000 
INFO : 2021-01-14 23:00:45,643 : episode: 1 score: 3.9 100 games avg: 3.9 steps 1000 
INFO : 2021-01-14 23:28:40,798 : episode: 2 score: 3.5 100 games avg: 3.5 steps 1000 
INFO : 2021-01-14 23:56:39,428 : episode: 3 score: 4.9 100 games avg: 4.9 steps 1000 
INFO : 2021-01-15 00:24:40,259 : episode: 4 score: 12.2 100 games avg: 12.2 steps 1000 
INFO : 2021-01-15 00:52:38,358 : episode: 5 score: 5.8 100 games avg: 5.8 steps 1000 
INFO : 2021-01-15 01:20:38,176 : episode: 6 score: 7.0 100 games avg: 7.0 steps 1000 
INFO : 2021-01-15 01:48:35,740 : episode: 7 score: 5.5 100 games avg: 5.5 steps 1000 
INFO : 2021-01-15 02:16:35,396 : episode: 8 score: 4.6 100 games avg: 4.6 steps 1000 
INFO : 2021-01-15 02:44:37,379 : episode: 9 score: 4.1 100 games avg: 4.1 steps 1000 
INFO : 2021-01-15 03:12:39,984 : episode: 10 score: 2.9 100 games avg: 2.9 steps 1000 
INFO : 2021-01-15 03:40:39,923 : episode: 11 score: 6.1 100 games avg: 6.1 steps 1000 
INFO : 2021-01-15 04:08:41,034 : episode: 12 score: 6.2 100 games avg: 6.2 steps 1000 
INFO : 2021-01-15 04:36:44,376 : episode: 13 score: 3.2 100 games avg: 3.2 steps 1000 
INFO : 2021-01-15 05:04:48,379 : episode: 14 score: 5.0 100 games avg: 5.0 steps 1000 
INFO : 2021-01-15 05:32:48,640 : episode: 15 score: 6.8 100 games avg: 6.8 steps 1000 
INFO : 2021-01-15 06:00:51,196 : episode: 16 score: 6.3 100 games avg: 6.3 steps 1000 
INFO : 2021-01-15 06:28:56,563 : episode: 17 score: 9.1 100 games avg: 9.1 steps 1000 
INFO : 2021-01-15 06:56:59,973 : episode: 18 score: 4.7 100 games avg: 4.7 steps 1000 
INFO : 2021-01-15 07:25:03,946 : episode: 19 score: 7.2 100 games avg: 7.2 steps 1000 
INFO : 2021-01-15 07:53:08,582 : episode: 20 score: 7.6 100 games avg: 7.6 steps 1000 
INFO : 2021-01-15 08:21:16,347 : episode: 21 score: 4.3 100 games avg: 4.3 steps 1000 
INFO : 2021-01-15 08:49:20,734 : episode: 22 score: 5.2 100 games avg: 5.2 steps 1000 
INFO : 2021-01-15 09:17:28,718 : episode: 23 score: 8.7 100 games avg: 8.7 steps 1000 
INFO : 2021-01-15 09:45:33,079 : episode: 24 score: 5.2 100 games avg: 5.2 steps 1000 
INFO : 2021-01-15 10:13:37,497 : episode: 25 score: 5.8 100 games avg: 5.8 steps 1000 
INFO : 2021-01-15 10:41:46,873 : episode: 26 score: 8.8 100 games avg: 8.8 steps 1000 
INFO : 2021-01-15 11:09:53,351 : episode: 27 score: 11.9 100 games avg: 11.9 steps 1000 
INFO : 2021-01-15 11:37:59,003 : episode: 28 score: 5.7 100 games avg: 5.7 steps 1000 
INFO : 2021-01-15 12:06:04,652 : episode: 29 score: 7.2 100 games avg: 7.2 steps 1000 
INFO : 2021-01-15 12:34:05,877 : episode: 30 score: 5.7 100 games avg: 5.7 steps 1000 
INFO : 2021-01-15 13:02:13,553 : episode: 31 score: 4.6 100 games avg: 4.6 steps 1000 
INFO : 2021-01-15 13:30:17,667 : episode: 32 score: 6.8 100 games avg: 6.8 steps 1000 
INFO : 2021-01-15 13:58:26,426 : episode: 33 score: 7.6 100 games avg: 7.6 steps 1000 
INFO : 2021-01-15 14:26:37,531 : episode: 34 score: 5.8 100 games avg: 5.8 steps 1000 
INFO : 2021-01-15 14:54:47,363 : episode: 35 score: 5.7 100 games avg: 5.7 steps 1000 
INFO : 2021-01-15 15:23:01,128 : episode: 36 score: 7.7 100 games avg: 7.7 steps 1000 
