INFO : 2021-02-02 02:14:33,621 : method: Model Predictive Contorol
INFO : 2021-02-02 02:14:33,622 : parameter n_steps: 100 ensemble_size: 5 env: Continuous_CartPole
INFO : 2021-02-02 02:14:36,003 : mpc horizon: 10 mpc_samples: 100 elite_sample: 30 grad_steps: 10
INFO : 2021-02-02 02:14:36,003 : mpc_function policy-kl5
INFO : 2021-02-02 02:14:36,003 : policy-kl5
INFO : 2021-02-02 02:14:43,949 : episode: 0 score: 34.0 100 games avg: 34.0 steps 35 
INFO : 2021-02-02 02:14:48,987 : episode: 1 score: 21.0 100 games avg: 21.0 steps 22 
INFO : 2021-02-02 02:14:56,513 : episode: 2 score: 32.0 100 games avg: 32.0 steps 33 
INFO : 2021-02-02 02:15:02,228 : episode: 3 score: 24.0 100 games avg: 24.0 steps 25 
INFO : 2021-02-02 02:15:09,994 : episode: 4 score: 33.0 100 games avg: 33.0 steps 34 
INFO : 2021-02-02 02:15:15,537 : episode: 5 score: 23.0 100 games avg: 23.0 steps 24 
INFO : 2021-02-02 02:15:30,749 : episode: 6 score: 66.0 100 games avg: 66.0 steps 67 
INFO : 2021-02-02 02:15:35,980 : episode: 7 score: 21.0 100 games avg: 21.0 steps 22 
INFO : 2021-02-02 02:15:41,232 : episode: 8 score: 20.0 100 games avg: 20.0 steps 21 
INFO : 2021-02-02 02:15:48,256 : episode: 9 score: 27.0 100 games avg: 27.0 steps 28 
INFO : 2021-02-02 02:16:09,436 : episode: 10 score: 84.0 100 games avg: 84.0 steps 85 
INFO : 2021-02-02 02:16:20,221 : episode: 11 score: 42.0 100 games avg: 42.0 steps 43 
INFO : 2021-02-02 02:16:25,281 : episode: 12 score: 19.0 100 games avg: 19.0 steps 20 
INFO : 2021-02-02 02:16:28,095 : episode: 13 score: 10.0 100 games avg: 10.0 steps 11 
INFO : 2021-02-02 02:16:32,892 : episode: 14 score: 18.0 100 games avg: 18.0 steps 19 
INFO : 2021-02-02 02:16:39,930 : episode: 15 score: 27.0 100 games avg: 27.0 steps 28 
INFO : 2021-02-02 02:16:50,278 : episode: 16 score: 40.0 100 games avg: 40.0 steps 41 
INFO : 2021-02-02 02:16:59,621 : episode: 17 score: 36.0 100 games avg: 36.0 steps 37 
INFO : 2021-02-02 02:17:22,702 : episode: 18 score: 91.0 100 games avg: 91.0 steps 92 
INFO : 2021-02-02 02:17:42,956 : episode: 19 score: 80.0 100 games avg: 80.0 steps 81 
INFO : 2021-02-02 02:17:53,071 : episode: 20 score: 39.0 100 games avg: 39.0 steps 40 
INFO : 2021-02-02 02:18:12,458 : episode: 21 score: 76.0 100 games avg: 76.0 steps 77 
INFO : 2021-02-02 02:18:20,609 : episode: 22 score: 31.0 100 games avg: 31.0 steps 32 
INFO : 2021-02-02 02:19:10,792 : episode: 23 score: 200.0 100 games avg: 200.0 steps 201 
INFO : 2021-02-02 02:20:01,101 : episode: 24 score: 200.0 100 games avg: 200.0 steps 201 
INFO : 2021-02-02 02:20:51,668 : episode: 25 score: 199.0 100 games avg: 199.0 steps 200 
INFO : 2021-02-02 02:21:37,889 : episode: 26 score: 182.0 100 games avg: 182.0 steps 183 
INFO : 2021-02-02 02:22:20,166 : episode: 27 score: 167.0 100 games avg: 167.0 steps 168 
INFO : 2021-02-02 02:22:51,397 : episode: 28 score: 122.0 100 games avg: 122.0 steps 123 
INFO : 2021-02-02 02:23:31,394 : episode: 29 score: 157.0 100 games avg: 157.0 steps 158 
INFO : 2021-02-02 02:24:05,020 : episode: 30 score: 131.0 100 games avg: 131.0 steps 132 
INFO : 2021-02-02 02:24:53,915 : episode: 31 score: 192.0 100 games avg: 192.0 steps 193 
INFO : 2021-02-02 02:25:43,617 : episode: 32 score: 195.0 100 games avg: 195.0 steps 196 
INFO : 2021-02-02 02:26:21,682 : episode: 33 score: 148.0 100 games avg: 148.0 steps 149 
INFO : 2021-02-02 02:26:57,948 : episode: 34 score: 141.0 100 games avg: 141.0 steps 142 
INFO : 2021-02-02 02:27:36,770 : episode: 35 score: 151.0 100 games avg: 151.0 steps 152 
INFO : 2021-02-02 02:28:17,125 : episode: 36 score: 157.0 100 games avg: 157.0 steps 158 
INFO : 2021-02-02 02:29:01,871 : episode: 37 score: 175.0 100 games avg: 175.0 steps 176 
INFO : 2021-02-02 02:29:51,103 : episode: 38 score: 192.0 100 games avg: 192.0 steps 193 
INFO : 2021-02-02 02:30:34,164 : episode: 39 score: 167.0 100 games avg: 167.0 steps 168 
INFO : 2021-02-02 02:31:15,905 : episode: 40 score: 162.0 100 games avg: 162.0 steps 163 
INFO : 2021-02-02 02:32:07,269 : episode: 41 score: 200.0 100 games avg: 200.0 steps 201 
INFO : 2021-02-02 02:32:49,543 : episode: 42 score: 163.0 100 games avg: 163.0 steps 164 
INFO : 2021-02-02 02:33:41,005 : episode: 43 score: 200.0 100 games avg: 200.0 steps 201 
INFO : 2021-02-02 02:34:19,843 : episode: 44 score: 149.0 100 games avg: 149.0 steps 150 
INFO : 2021-02-02 02:35:11,421 : episode: 45 score: 200.0 100 games avg: 200.0 steps 201 
INFO : 2021-02-02 02:35:55,386 : episode: 46 score: 169.0 100 games avg: 169.0 steps 170 
INFO : 2021-02-02 02:36:47,077 : episode: 47 score: 200.0 100 games avg: 200.0 steps 201 
INFO : 2021-02-02 02:37:38,885 : episode: 48 score: 200.0 100 games avg: 200.0 steps 201 
INFO : 2021-02-02 02:38:30,748 : episode: 49 score: 200.0 100 games avg: 200.0 steps 201 
INFO : 2021-02-02 02:39:20,600 : episode: 50 score: 192.0 100 games avg: 192.0 steps 193 
INFO : 2021-02-02 02:40:12,310 : episode: 51 score: 200.0 100 games avg: 200.0 steps 201 
INFO : 2021-02-02 02:40:58,984 : episode: 52 score: 179.0 100 games avg: 179.0 steps 180 
INFO : 2021-02-02 02:41:50,908 : episode: 53 score: 200.0 100 games avg: 200.0 steps 201 
INFO : 2021-02-02 02:42:43,023 : episode: 54 score: 200.0 100 games avg: 200.0 steps 201 
INFO : 2021-02-02 02:43:35,141 : episode: 55 score: 200.0 100 games avg: 200.0 steps 201 
INFO : 2021-02-02 02:44:27,425 : episode: 56 score: 200.0 100 games avg: 200.0 steps 201 
INFO : 2021-02-02 02:45:19,656 : episode: 57 score: 200.0 100 games avg: 200.0 steps 201 
INFO : 2021-02-02 02:46:11,973 : episode: 58 score: 200.0 100 games avg: 200.0 steps 201 
INFO : 2021-02-02 02:47:04,438 : episode: 59 score: 200.0 100 games avg: 200.0 steps 201 
INFO : 2021-02-02 02:47:56,729 : episode: 60 score: 200.0 100 games avg: 200.0 steps 201 
INFO : 2021-02-02 02:48:49,206 : episode: 61 score: 200.0 100 games avg: 200.0 steps 201 
INFO : 2021-02-02 02:49:41,718 : episode: 62 score: 200.0 100 games avg: 200.0 steps 201 
INFO : 2021-02-02 02:50:34,321 : episode: 63 score: 200.0 100 games avg: 200.0 steps 201 
INFO : 2021-02-02 02:51:26,856 : episode: 64 score: 200.0 100 games avg: 200.0 steps 201 
INFO : 2021-02-02 02:52:19,616 : episode: 65 score: 200.0 100 games avg: 200.0 steps 201 
INFO : 2021-02-02 02:53:12,404 : episode: 66 score: 200.0 100 games avg: 200.0 steps 201 
INFO : 2021-02-02 02:54:05,205 : episode: 67 score: 200.0 100 games avg: 200.0 steps 201 
INFO : 2021-02-02 02:54:58,124 : episode: 68 score: 200.0 100 games avg: 200.0 steps 201 
INFO : 2021-02-02 02:55:51,078 : episode: 69 score: 200.0 100 games avg: 200.0 steps 201 
INFO : 2021-02-02 02:56:44,061 : episode: 70 score: 200.0 100 games avg: 200.0 steps 201 
INFO : 2021-02-02 02:57:37,217 : episode: 71 score: 200.0 100 games avg: 200.0 steps 201 
INFO : 2021-02-02 02:58:30,415 : episode: 72 score: 200.0 100 games avg: 200.0 steps 201 
INFO : 2021-02-02 02:59:23,456 : episode: 73 score: 200.0 100 games avg: 200.0 steps 201 
INFO : 2021-02-02 03:00:16,682 : episode: 74 score: 200.0 100 games avg: 200.0 steps 201 
INFO : 2021-02-02 03:01:09,914 : episode: 75 score: 200.0 100 games avg: 200.0 steps 201 
INFO : 2021-02-02 03:02:03,361 : episode: 76 score: 200.0 100 games avg: 200.0 steps 201 
INFO : 2021-02-02 03:02:56,622 : episode: 77 score: 200.0 100 games avg: 200.0 steps 201 
INFO : 2021-02-02 03:03:50,110 : episode: 78 score: 200.0 100 games avg: 200.0 steps 201 
INFO : 2021-02-02 03:04:43,603 : episode: 79 score: 200.0 100 games avg: 200.0 steps 201 
INFO : 2021-02-02 03:05:37,149 : episode: 80 score: 200.0 100 games avg: 200.0 steps 201 
INFO : 2021-02-02 03:06:30,919 : episode: 81 score: 200.0 100 games avg: 200.0 steps 201 
INFO : 2021-02-02 03:07:24,556 : episode: 82 score: 200.0 100 games avg: 200.0 steps 201 
INFO : 2021-02-02 03:08:18,229 : episode: 83 score: 200.0 100 games avg: 200.0 steps 201 
INFO : 2021-02-02 03:09:03,799 : episode: 84 score: 168.0 100 games avg: 168.0 steps 169 
INFO : 2021-02-02 03:09:42,926 : episode: 85 score: 141.0 100 games avg: 141.0 steps 142 
INFO : 2021-02-02 03:10:17,902 : episode: 86 score: 125.0 100 games avg: 125.0 steps 126 
INFO : 2021-02-02 03:10:52,684 : episode: 87 score: 123.0 100 games avg: 123.0 steps 124 
INFO : 2021-02-02 03:11:41,801 : episode: 88 score: 181.0 100 games avg: 181.0 steps 182 
INFO : 2021-02-02 03:12:35,788 : episode: 89 score: 200.0 100 games avg: 200.0 steps 201 
INFO : 2021-02-02 03:13:28,857 : episode: 90 score: 196.0 100 games avg: 196.0 steps 197 
INFO : 2021-02-02 03:14:23,015 : episode: 91 score: 200.0 100 games avg: 200.0 steps 201 
INFO : 2021-02-02 03:15:02,361 : episode: 92 score: 141.0 100 games avg: 141.0 steps 142 
INFO : 2021-02-02 03:15:56,536 : episode: 93 score: 200.0 100 games avg: 200.0 steps 201 
INFO : 2021-02-02 03:16:48,053 : episode: 94 score: 189.0 100 games avg: 189.0 steps 190 
INFO : 2021-02-02 03:17:42,403 : episode: 95 score: 200.0 100 games avg: 200.0 steps 201 
INFO : 2021-02-02 03:18:36,817 : episode: 96 score: 200.0 100 games avg: 200.0 steps 201 
INFO : 2021-02-02 03:19:31,277 : episode: 97 score: 200.0 100 games avg: 200.0 steps 201 
INFO : 2021-02-02 03:20:25,768 : episode: 98 score: 200.0 100 games avg: 200.0 steps 201 
INFO : 2021-02-02 03:21:20,330 : episode: 99 score: 200.0 100 games avg: 200.0 steps 201 
