INFO : 2021-01-30 02:00:36,607 : method: Model Predictive Contorol
INFO : 2021-01-30 02:00:36,607 : parameter n_steps: 200 ensemble_size: 5 env: Ant-v2
INFO : 2021-01-30 02:00:39,451 : mpc horizon: 5 mpc_samples: 100 elite_sample: 30 grad_steps: 10
INFO : 2021-01-30 02:00:39,451 : mpc_function policy-kl3
INFO : 2021-01-30 02:00:39,451 : polic-kl3
INFO : 2021-01-30 02:01:55,541 : episode: 0 score: 269.9 100 games avg: 269.9 steps 315 
INFO : 2021-01-30 02:02:24,895 : episode: 1 score: -69.1 100 games avg: -69.1 steps 92 
INFO : 2021-01-30 02:02:33,451 : episode: 2 score: 2.4 100 games avg: 2.4 steps 26 
INFO : 2021-01-30 02:03:18,504 : episode: 3 score: -119.4 100 games avg: -119.4 steps 139 
INFO : 2021-01-30 02:04:09,227 : episode: 4 score: -113.2 100 games avg: -113.2 steps 156 
INFO : 2021-01-30 02:04:33,301 : episode: 5 score: -1.2 100 games avg: -1.2 steps 73 
INFO : 2021-01-30 02:05:38,675 : episode: 6 score: -61.2 100 games avg: -61.2 steps 201 
INFO : 2021-01-30 02:06:01,489 : episode: 7 score: -9.6 100 games avg: -9.6 steps 70 
INFO : 2021-01-30 02:06:25,794 : episode: 8 score: -49.8 100 games avg: -49.8 steps 73 
INFO : 2021-01-30 02:11:51,731 : episode: 9 score: 10.1 100 games avg: 10.1 steps 1000 
INFO : 2021-01-30 02:17:20,045 : episode: 10 score: 403.3 100 games avg: 403.3 steps 1000 
INFO : 2021-01-30 02:22:54,499 : episode: 11 score: 438.7 100 games avg: 438.7 steps 1000 
INFO : 2021-01-30 02:28:31,160 : episode: 12 score: 562.6 100 games avg: 562.6 steps 1000 
INFO : 2021-01-30 02:34:07,029 : episode: 13 score: 489.5 100 games avg: 489.5 steps 1000 
INFO : 2021-01-30 02:39:46,327 : episode: 14 score: 320.1 100 games avg: 320.1 steps 1000 
INFO : 2021-01-30 02:45:26,079 : episode: 15 score: 547.4 100 games avg: 547.4 steps 1000 
INFO : 2021-01-30 02:51:07,197 : episode: 16 score: 547.8 100 games avg: 547.8 steps 1000 
INFO : 2021-01-30 02:56:46,793 : episode: 17 score: 563.7 100 games avg: 563.7 steps 1000 
INFO : 2021-01-30 03:02:28,120 : episode: 18 score: 452.1 100 games avg: 452.1 steps 1000 
INFO : 2021-01-30 03:04:00,194 : episode: 19 score: 171.5 100 games avg: 171.5 steps 254 
INFO : 2021-01-30 03:09:41,597 : episode: 20 score: 690.5 100 games avg: 690.5 steps 1000 
INFO : 2021-01-30 03:15:24,231 : episode: 21 score: 714.9 100 games avg: 714.9 steps 1000 
INFO : 2021-01-30 03:21:07,832 : episode: 22 score: 735.8 100 games avg: 735.8 steps 1000 
INFO : 2021-01-30 03:26:53,128 : episode: 23 score: 510.3 100 games avg: 510.3 steps 1000 
INFO : 2021-01-30 03:32:39,110 : episode: 24 score: 420.3 100 games avg: 420.3 steps 1000 
INFO : 2021-01-30 03:38:24,416 : episode: 25 score: 476.4 100 games avg: 476.4 steps 1000 
INFO : 2021-01-30 03:43:38,796 : episode: 26 score: 606.1 100 games avg: 606.1 steps 899 
INFO : 2021-01-30 03:49:22,018 : episode: 27 score: 551.1 100 games avg: 551.1 steps 1000 
INFO : 2021-01-30 03:55:08,158 : episode: 28 score: 578.5 100 games avg: 578.5 steps 1000 
INFO : 2021-01-30 04:00:52,592 : episode: 29 score: 750.7 100 games avg: 750.7 steps 1000 
INFO : 2021-01-30 04:06:47,776 : episode: 30 score: 712.4 100 games avg: 712.4 steps 1000 
INFO : 2021-01-30 04:12:42,948 : episode: 31 score: 555.5 100 games avg: 555.5 steps 1000 
INFO : 2021-01-30 04:18:38,736 : episode: 32 score: 712.9 100 games avg: 712.9 steps 1000 
INFO : 2021-01-30 04:24:32,366 : episode: 33 score: 646.9 100 games avg: 646.9 steps 1000 
INFO : 2021-01-30 04:30:30,416 : episode: 34 score: 625.8 100 games avg: 625.8 steps 1000 
INFO : 2021-01-30 04:36:30,070 : episode: 35 score: 609.2 100 games avg: 609.2 steps 1000 
INFO : 2021-01-30 04:42:29,828 : episode: 36 score: 517.6 100 games avg: 517.6 steps 1000 
INFO : 2021-01-30 04:48:31,175 : episode: 37 score: 594.9 100 games avg: 594.9 steps 1000 
INFO : 2021-01-30 04:54:33,354 : episode: 38 score: 699.7 100 games avg: 699.7 steps 1000 
INFO : 2021-01-30 05:00:36,927 : episode: 39 score: 570.1 100 games avg: 570.1 steps 1000 
INFO : 2021-01-30 05:06:37,008 : episode: 40 score: 654.3 100 games avg: 654.3 steps 1000 
INFO : 2021-01-30 05:07:13,726 : episode: 41 score: 45.2 100 games avg: 45.2 steps 42 
INFO : 2021-01-30 05:13:26,300 : episode: 42 score: 744.7 100 games avg: 744.7 steps 1000 
INFO : 2021-01-30 05:19:28,621 : episode: 43 score: 539.5 100 games avg: 539.5 steps 1000 
INFO : 2021-01-30 05:25:33,028 : episode: 44 score: 677.6 100 games avg: 677.6 steps 1000 
INFO : 2021-01-30 05:26:24,984 : episode: 45 score: 56.5 100 games avg: 56.5 steps 76 
INFO : 2021-01-30 05:28:04,774 : episode: 46 score: 167.3 100 games avg: 167.3 steps 226 
INFO : 2021-01-30 05:34:10,372 : episode: 47 score: 622.0 100 games avg: 622.0 steps 1000 
INFO : 2021-01-30 05:40:13,704 : episode: 48 score: 569.2 100 games avg: 569.2 steps 1000 
INFO : 2021-01-30 05:46:17,631 : episode: 49 score: 865.7 100 games avg: 865.7 steps 1000 
INFO : 2021-01-30 05:52:22,058 : episode: 50 score: 414.3 100 games avg: 414.3 steps 1000 
INFO : 2021-01-30 05:58:28,090 : episode: 51 score: 988.3 100 games avg: 988.3 steps 1000 
INFO : 2021-01-30 06:04:31,785 : episode: 52 score: 917.6 100 games avg: 917.6 steps 1000 
INFO : 2021-01-30 06:10:34,547 : episode: 53 score: 928.0 100 games avg: 928.0 steps 1000 
INFO : 2021-01-30 06:15:44,246 : episode: 54 score: 884.9 100 games avg: 884.9 steps 840 
INFO : 2021-01-30 06:21:49,663 : episode: 55 score: 952.7 100 games avg: 952.7 steps 1000 
INFO : 2021-01-30 06:24:24,259 : episode: 56 score: 392.8 100 games avg: 392.8 steps 372 
INFO : 2021-01-30 06:30:32,319 : episode: 57 score: 607.2 100 games avg: 607.2 steps 1000 
INFO : 2021-01-30 06:33:07,292 : episode: 58 score: 309.9 100 games avg: 309.9 steps 371 
INFO : 2021-01-30 06:39:20,193 : episode: 59 score: 741.7 100 games avg: 741.7 steps 1000 
INFO : 2021-01-30 06:45:29,781 : episode: 60 score: 893.7 100 games avg: 893.7 steps 1000 
INFO : 2021-01-30 06:49:41,257 : episode: 61 score: 671.1 100 games avg: 671.1 steps 649 
INFO : 2021-01-30 06:52:21,373 : episode: 62 score: 383.8 100 games avg: 383.8 steps 375 
INFO : 2021-01-30 06:58:36,284 : episode: 63 score: 609.2 100 games avg: 609.2 steps 1000 
INFO : 2021-01-30 07:04:50,640 : episode: 64 score: 995.3 100 games avg: 995.3 steps 1000 
INFO : 2021-01-30 07:09:27,940 : episode: 65 score: 630.3 100 games avg: 630.3 steps 696 
INFO : 2021-01-30 07:15:39,698 : episode: 66 score: 635.1 100 games avg: 635.1 steps 1000 
INFO : 2021-01-30 07:21:53,576 : episode: 67 score: 790.4 100 games avg: 790.4 steps 1000 
INFO : 2021-01-30 07:28:14,720 : episode: 68 score: 726.2 100 games avg: 726.2 steps 1000 
INFO : 2021-01-30 07:34:27,051 : episode: 69 score: 1069.1 100 games avg: 1069.1 steps 1000 
INFO : 2021-01-30 07:40:44,906 : episode: 70 score: 614.3 100 games avg: 614.3 steps 1000 
INFO : 2021-01-30 07:47:02,264 : episode: 71 score: 561.3 100 games avg: 561.3 steps 1000 
INFO : 2021-01-30 07:47:53,633 : episode: 72 score: 29.5 100 games avg: 29.5 steps 30 
INFO : 2021-01-30 07:54:12,724 : episode: 73 score: 650.7 100 games avg: 650.7 steps 1000 
INFO : 2021-01-30 07:55:33,225 : episode: 74 score: 144.7 100 games avg: 144.7 steps 131 
INFO : 2021-01-30 07:56:19,717 : episode: 75 score: 35.6 100 games avg: 35.6 steps 28 
INFO : 2021-01-30 07:57:28,540 : episode: 76 score: 80.3 100 games avg: 80.3 steps 81 
INFO : 2021-01-30 08:03:49,303 : episode: 77 score: 552.6 100 games avg: 552.6 steps 1000 
INFO : 2021-01-30 08:07:31,568 : episode: 78 score: 575.3 100 games avg: 575.3 steps 541 
INFO : 2021-01-30 08:13:50,540 : episode: 79 score: 525.0 100 games avg: 525.0 steps 1000 
INFO : 2021-01-30 08:20:13,661 : episode: 80 score: 1108.2 100 games avg: 1108.2 steps 1000 
INFO : 2021-01-30 08:26:35,052 : episode: 81 score: 905.1 100 games avg: 905.1 steps 1000 
INFO : 2021-01-30 08:29:35,289 : episode: 82 score: 443.5 100 games avg: 443.5 steps 426 
INFO : 2021-01-30 08:33:09,548 : episode: 83 score: 586.4 100 games avg: 586.4 steps 439 
INFO : 2021-01-30 08:39:34,962 : episode: 84 score: 636.1 100 games avg: 636.1 steps 1000 
INFO : 2021-01-30 08:46:01,422 : episode: 85 score: 522.9 100 games avg: 522.9 steps 1000 
INFO : 2021-01-30 08:48:33,662 : episode: 86 score: 416.2 100 games avg: 416.2 steps 338 
INFO : 2021-01-30 08:54:53,797 : episode: 87 score: 685.0 100 games avg: 685.0 steps 1000 
INFO : 2021-01-30 09:01:10,327 : episode: 88 score: 962.5 100 games avg: 962.5 steps 1000 
INFO : 2021-01-30 09:04:54,841 : episode: 89 score: 600.8 100 games avg: 600.8 steps 527 
INFO : 2021-01-30 09:11:20,963 : episode: 90 score: 837.1 100 games avg: 837.1 steps 1000 
INFO : 2021-01-30 09:13:01,849 : episode: 91 score: 154.4 100 games avg: 154.4 steps 162 
INFO : 2021-01-30 09:19:41,592 : episode: 92 score: 719.9 100 games avg: 719.9 steps 1000 
INFO : 2021-01-30 09:23:21,775 : episode: 93 score: 609.4 100 games avg: 609.4 steps 480 
INFO : 2021-01-30 09:25:42,491 : episode: 94 score: 315.7 100 games avg: 315.7 steps 254 
INFO : 2021-01-30 09:28:06,589 : episode: 95 score: 385.0 100 games avg: 385.0 steps 301 
INFO : 2021-01-30 09:34:54,183 : episode: 96 score: 712.2 100 games avg: 712.2 steps 1000 
INFO : 2021-01-30 09:38:06,565 : episode: 97 score: 363.0 100 games avg: 363.0 steps 433 
INFO : 2021-01-30 09:44:35,887 : episode: 98 score: 498.9 100 games avg: 498.9 steps 1000 
INFO : 2021-01-30 09:51:15,805 : episode: 99 score: 589.2 100 games avg: 589.2 steps 1000 
INFO : 2021-01-30 09:52:07,624 : episode: 100 score: 22.1 100 games avg: 22.1 steps 20 
INFO : 2021-01-30 09:58:33,252 : episode: 101 score: 1168.7 100 games avg: 1168.7 steps 1000 
INFO : 2021-01-30 10:01:08,097 : episode: 102 score: 418.6 100 games avg: 418.6 steps 307 
INFO : 2021-01-30 10:03:13,575 : episode: 103 score: 346.7 100 games avg: 346.7 steps 228 
INFO : 2021-01-30 10:04:30,774 : episode: 104 score: 123.5 100 games avg: 123.5 steps 87 
INFO : 2021-01-30 10:10:57,870 : episode: 105 score: 672.7 100 games avg: 672.7 steps 1000 
INFO : 2021-01-30 10:11:57,529 : episode: 106 score: 44.2 100 games avg: 44.2 steps 36 
INFO : 2021-01-30 10:13:48,992 : episode: 107 score: 230.3 100 games avg: 230.3 steps 184 
INFO : 2021-01-30 10:16:03,922 : episode: 108 score: 343.4 100 games avg: 343.4 steps 233 
INFO : 2021-01-30 10:22:49,648 : episode: 109 score: 709.1 100 games avg: 709.1 steps 1000 
INFO : 2021-01-30 10:24:12,782 : episode: 110 score: 95.9 100 games avg: 95.9 steps 60 
INFO : 2021-01-30 10:31:05,134 : episode: 111 score: 1113.7 100 games avg: 1113.7 steps 1000 
INFO : 2021-01-30 10:37:32,082 : episode: 112 score: 936.2 100 games avg: 936.2 steps 1000 
INFO : 2021-01-30 10:44:10,203 : episode: 113 score: 624.6 100 games avg: 624.6 steps 1000 
INFO : 2021-01-30 10:50:46,109 : episode: 114 score: 1442.0 100 games avg: 1442.0 steps 1000 
INFO : 2021-01-30 10:57:22,721 : episode: 115 score: 901.9 100 games avg: 901.9 steps 1000 
INFO : 2021-01-30 11:03:59,409 : episode: 116 score: 1666.0 100 games avg: 1666.0 steps 1000 
INFO : 2021-01-30 11:10:32,719 : episode: 117 score: 576.5 100 games avg: 576.5 steps 1000 
INFO : 2021-01-30 11:17:02,584 : episode: 118 score: 529.6 100 games avg: 529.6 steps 1000 
INFO : 2021-01-30 11:23:33,517 : episode: 119 score: 863.2 100 games avg: 863.2 steps 1000 
INFO : 2021-01-30 11:25:05,034 : episode: 120 score: 148.0 100 games avg: 148.0 steps 93 
INFO : 2021-01-30 11:31:41,748 : episode: 121 score: 498.8 100 games avg: 498.8 steps 1000 
INFO : 2021-01-30 11:38:29,854 : episode: 122 score: 1458.0 100 games avg: 1458.0 steps 1000 
INFO : 2021-01-30 11:39:56,878 : episode: 123 score: 98.3 100 games avg: 98.3 steps 63 
INFO : 2021-01-30 11:47:01,936 : episode: 124 score: 408.4 100 games avg: 408.4 steps 1000 
INFO : 2021-01-30 11:54:05,640 : episode: 125 score: 689.2 100 games avg: 689.2 steps 1000 
INFO : 2021-01-30 11:55:28,670 : episode: 126 score: 27.5 100 games avg: 27.5 steps 28 
INFO : 2021-01-30 12:01:58,344 : episode: 127 score: 800.8 100 games avg: 800.8 steps 1000 
INFO : 2021-01-30 12:04:09,321 : episode: 128 score: 333.9 100 games avg: 333.9 steps 226 
INFO : 2021-01-30 12:10:46,132 : episode: 129 score: 1637.0 100 games avg: 1637.0 steps 1000 
INFO : 2021-01-30 12:13:30,392 : episode: 130 score: 482.9 100 games avg: 482.9 steps 288 
INFO : 2021-01-30 12:14:48,451 : episode: 131 score: 17.9 100 games avg: 17.9 steps 25 
INFO : 2021-01-30 12:19:01,121 : episode: 132 score: 846.6 100 games avg: 846.6 steps 570 
INFO : 2021-01-30 12:20:58,459 : episode: 133 score: 216.5 100 games avg: 216.5 steps 133 
INFO : 2021-01-30 12:23:19,248 : episode: 134 score: 405.7 100 games avg: 405.7 steps 246 
INFO : 2021-01-30 12:29:53,472 : episode: 135 score: 677.0 100 games avg: 677.0 steps 1000 
INFO : 2021-01-30 12:36:26,210 : episode: 136 score: 822.5 100 games avg: 822.5 steps 1000 
INFO : 2021-01-30 12:38:18,480 : episode: 137 score: 128.3 100 games avg: 128.3 steps 94 
INFO : 2021-01-30 12:44:58,437 : episode: 138 score: 544.2 100 games avg: 544.2 steps 1000 
INFO : 2021-01-30 12:51:36,418 : episode: 139 score: 706.7 100 games avg: 706.7 steps 1000 
INFO : 2021-01-30 12:58:25,546 : episode: 140 score: 653.3 100 games avg: 653.3 steps 1000 
INFO : 2021-01-30 13:05:20,893 : episode: 141 score: 1238.7 100 games avg: 1238.7 steps 1000 
INFO : 2021-01-30 13:12:04,997 : episode: 142 score: 649.3 100 games avg: 649.3 steps 1000 
INFO : 2021-01-30 13:18:55,714 : episode: 143 score: 1610.1 100 games avg: 1610.1 steps 1000 
INFO : 2021-01-30 13:25:43,558 : episode: 144 score: 652.4 100 games avg: 652.4 steps 1000 
INFO : 2021-01-30 13:29:42,135 : episode: 145 score: 912.7 100 games avg: 912.7 steps 513 
