INFO : 2021-01-31 18:39:47,612 : method: Model Predictive Contorol
INFO : 2021-01-31 18:39:47,612 : parameter n_steps: 100 ensemble_size: 5 env: Continuous_CartPole
INFO : 2021-01-31 18:39:50,736 : mpc horizon: 5 mpc_samples: 100 elite_sample: 30 grad_steps: 10
INFO : 2021-01-31 18:39:50,738 : mpc_function policy-kl4
INFO : 2021-01-31 18:39:50,738 : policy-kl4
INFO : 2021-01-31 18:39:52,209 : episode: 0 score: 11.0 100 games avg: 11.0 steps 12 
INFO : 2021-01-31 18:39:53,949 : episode: 1 score: 13.0 100 games avg: 13.0 steps 14 
INFO : 2021-01-31 18:39:55,540 : episode: 2 score: 12.0 100 games avg: 12.0 steps 13 
INFO : 2021-01-31 18:39:57,036 : episode: 3 score: 11.0 100 games avg: 11.0 steps 12 
INFO : 2021-01-31 18:39:59,005 : episode: 4 score: 15.0 100 games avg: 15.0 steps 16 
INFO : 2021-01-31 18:40:00,715 : episode: 5 score: 13.0 100 games avg: 13.0 steps 14 
INFO : 2021-01-31 18:40:02,333 : episode: 6 score: 12.0 100 games avg: 12.0 steps 13 
INFO : 2021-01-31 18:40:04,154 : episode: 7 score: 14.0 100 games avg: 14.0 steps 15 
INFO : 2021-01-31 18:40:05,715 : episode: 8 score: 12.0 100 games avg: 12.0 steps 13 
INFO : 2021-01-31 18:40:07,196 : episode: 9 score: 11.0 100 games avg: 11.0 steps 12 
INFO : 2021-01-31 18:40:09,065 : episode: 10 score: 14.0 100 games avg: 14.0 steps 15 
INFO : 2021-01-31 18:40:10,645 : episode: 11 score: 12.0 100 games avg: 12.0 steps 13 
INFO : 2021-01-31 18:40:12,368 : episode: 12 score: 13.0 100 games avg: 13.0 steps 14 
INFO : 2021-01-31 18:40:13,874 : episode: 13 score: 11.0 100 games avg: 11.0 steps 12 
INFO : 2021-01-31 18:40:15,391 : episode: 14 score: 11.0 100 games avg: 11.0 steps 12 
INFO : 2021-01-31 18:40:16,960 : episode: 15 score: 12.0 100 games avg: 12.0 steps 13 
INFO : 2021-01-31 18:40:18,686 : episode: 16 score: 13.0 100 games avg: 13.0 steps 14 
INFO : 2021-01-31 18:40:20,409 : episode: 17 score: 13.0 100 games avg: 13.0 steps 14 
INFO : 2021-01-31 18:40:22,133 : episode: 18 score: 13.0 100 games avg: 13.0 steps 14 
INFO : 2021-01-31 18:40:24,033 : episode: 19 score: 13.0 100 games avg: 13.0 steps 14 
INFO : 2021-01-31 18:40:25,383 : episode: 20 score: 8.0 100 games avg: 8.0 steps 9 
INFO : 2021-01-31 18:40:26,626 : episode: 21 score: 7.0 100 games avg: 7.0 steps 8 
INFO : 2021-01-31 18:40:27,754 : episode: 22 score: 7.0 100 games avg: 7.0 steps 8 
INFO : 2021-01-31 18:40:28,837 : episode: 23 score: 7.0 100 games avg: 7.0 steps 8 
INFO : 2021-01-31 18:40:30,166 : episode: 24 score: 8.0 100 games avg: 8.0 steps 9 
INFO : 2021-01-31 18:40:31,371 : episode: 25 score: 8.0 100 games avg: 8.0 steps 9 
INFO : 2021-01-31 18:40:32,962 : episode: 26 score: 11.0 100 games avg: 11.0 steps 12 
INFO : 2021-01-31 18:40:35,195 : episode: 27 score: 15.0 100 games avg: 15.0 steps 16 
INFO : 2021-01-31 18:40:36,042 : episode: 28 score: 5.0 100 games avg: 5.0 steps 6 
INFO : 2021-01-31 18:40:37,181 : episode: 29 score: 7.0 100 games avg: 7.0 steps 8 
INFO : 2021-01-31 18:40:39,081 : episode: 30 score: 13.0 100 games avg: 13.0 steps 14 
INFO : 2021-01-31 18:40:40,501 : episode: 31 score: 9.0 100 games avg: 9.0 steps 10 
INFO : 2021-01-31 18:40:41,606 : episode: 32 score: 7.0 100 games avg: 7.0 steps 8 
INFO : 2021-01-31 18:40:42,944 : episode: 33 score: 9.0 100 games avg: 9.0 steps 10 
INFO : 2021-01-31 18:40:44,439 : episode: 34 score: 9.0 100 games avg: 9.0 steps 10 
INFO : 2021-01-31 18:40:45,745 : episode: 35 score: 8.0 100 games avg: 8.0 steps 9 
INFO : 2021-01-31 18:40:47,192 : episode: 36 score: 10.0 100 games avg: 10.0 steps 11 
INFO : 2021-01-31 18:41:00,165 : episode: 37 score: 96.0 100 games avg: 96.0 steps 97 
INFO : 2021-01-31 18:41:08,936 : episode: 38 score: 64.0 100 games avg: 64.0 steps 65 
INFO : 2021-01-31 18:41:15,064 : episode: 39 score: 44.0 100 games avg: 44.0 steps 45 
INFO : 2021-01-31 18:41:19,324 : episode: 40 score: 30.0 100 games avg: 30.0 steps 31 
INFO : 2021-01-31 18:41:26,882 : episode: 41 score: 54.0 100 games avg: 54.0 steps 55 
INFO : 2021-01-31 18:41:32,605 : episode: 42 score: 41.0 100 games avg: 41.0 steps 42 
INFO : 2021-01-31 18:41:37,281 : episode: 43 score: 32.0 100 games avg: 32.0 steps 33 
INFO : 2021-01-31 18:41:46,186 : episode: 44 score: 64.0 100 games avg: 64.0 steps 65 
INFO : 2021-01-31 18:41:54,811 : episode: 45 score: 63.0 100 games avg: 63.0 steps 64 
INFO : 2021-01-31 18:41:59,366 : episode: 46 score: 32.0 100 games avg: 32.0 steps 33 
INFO : 2021-01-31 18:42:07,531 : episode: 47 score: 58.0 100 games avg: 58.0 steps 59 
INFO : 2021-01-31 18:42:18,974 : episode: 48 score: 85.0 100 games avg: 85.0 steps 86 
INFO : 2021-01-31 18:42:24,864 : episode: 49 score: 41.0 100 games avg: 41.0 steps 42 
INFO : 2021-01-31 18:42:44,374 : episode: 50 score: 144.0 100 games avg: 144.0 steps 145 
INFO : 2021-01-31 18:42:51,403 : episode: 51 score: 50.0 100 games avg: 50.0 steps 51 
INFO : 2021-01-31 18:43:02,899 : episode: 52 score: 83.0 100 games avg: 83.0 steps 84 
INFO : 2021-01-31 18:43:08,837 : episode: 53 score: 41.0 100 games avg: 41.0 steps 42 
INFO : 2021-01-31 18:43:16,005 : episode: 54 score: 50.0 100 games avg: 50.0 steps 51 
INFO : 2021-01-31 18:43:27,476 : episode: 55 score: 83.0 100 games avg: 83.0 steps 84 
INFO : 2021-01-31 18:43:45,300 : episode: 56 score: 133.0 100 games avg: 133.0 steps 134 
INFO : 2021-01-31 18:44:08,315 : episode: 57 score: 170.0 100 games avg: 170.0 steps 171 
INFO : 2021-01-31 18:44:35,402 : episode: 58 score: 200.0 100 games avg: 200.0 steps 201 
INFO : 2021-01-31 18:45:02,649 : episode: 59 score: 200.0 100 games avg: 200.0 steps 201 
INFO : 2021-01-31 18:45:30,051 : episode: 60 score: 200.0 100 games avg: 200.0 steps 201 
INFO : 2021-01-31 18:45:49,022 : episode: 61 score: 139.0 100 games avg: 139.0 steps 140 
INFO : 2021-01-31 18:46:15,992 : episode: 62 score: 200.0 100 games avg: 200.0 steps 201 
INFO : 2021-01-31 18:46:38,290 : episode: 63 score: 166.0 100 games avg: 166.0 steps 167 
INFO : 2021-01-31 18:46:59,529 : episode: 64 score: 155.0 100 games avg: 155.0 steps 156 
INFO : 2021-01-31 18:47:26,650 : episode: 65 score: 200.0 100 games avg: 200.0 steps 201 
INFO : 2021-01-31 18:47:54,154 : episode: 66 score: 200.0 100 games avg: 200.0 steps 201 
INFO : 2021-01-31 18:48:15,564 : episode: 67 score: 156.0 100 games avg: 156.0 steps 157 
INFO : 2021-01-31 18:48:42,973 : episode: 68 score: 200.0 100 games avg: 200.0 steps 201 
INFO : 2021-01-31 18:49:10,524 : episode: 69 score: 200.0 100 games avg: 200.0 steps 201 
INFO : 2021-01-31 18:49:37,811 : episode: 70 score: 200.0 100 games avg: 200.0 steps 201 
INFO : 2021-01-31 18:50:05,472 : episode: 71 score: 200.0 100 games avg: 200.0 steps 201 
INFO : 2021-01-31 18:50:33,018 : episode: 72 score: 200.0 100 games avg: 200.0 steps 201 
INFO : 2021-01-31 18:51:00,904 : episode: 73 score: 200.0 100 games avg: 200.0 steps 201 
INFO : 2021-01-31 18:51:28,806 : episode: 74 score: 200.0 100 games avg: 200.0 steps 201 
INFO : 2021-01-31 18:51:57,282 : episode: 75 score: 200.0 100 games avg: 200.0 steps 201 
INFO : 2021-01-31 18:52:25,340 : episode: 76 score: 200.0 100 games avg: 200.0 steps 201 
INFO : 2021-01-31 18:52:53,269 : episode: 77 score: 200.0 100 games avg: 200.0 steps 201 
INFO : 2021-01-31 18:53:21,730 : episode: 78 score: 200.0 100 games avg: 200.0 steps 201 
INFO : 2021-01-31 18:53:49,596 : episode: 79 score: 200.0 100 games avg: 200.0 steps 201 
INFO : 2021-01-31 18:54:17,848 : episode: 80 score: 200.0 100 games avg: 200.0 steps 201 
INFO : 2021-01-31 18:54:46,040 : episode: 81 score: 200.0 100 games avg: 200.0 steps 201 
INFO : 2021-01-31 18:55:14,178 : episode: 82 score: 200.0 100 games avg: 200.0 steps 201 
INFO : 2021-01-31 18:55:42,368 : episode: 83 score: 200.0 100 games avg: 200.0 steps 201 
INFO : 2021-01-31 18:56:11,404 : episode: 84 score: 200.0 100 games avg: 200.0 steps 201 
INFO : 2021-01-31 18:56:39,790 : episode: 85 score: 200.0 100 games avg: 200.0 steps 201 
INFO : 2021-01-31 18:57:08,305 : episode: 86 score: 200.0 100 games avg: 200.0 steps 201 
INFO : 2021-01-31 18:57:36,384 : episode: 87 score: 200.0 100 games avg: 200.0 steps 201 
INFO : 2021-01-31 18:58:05,037 : episode: 88 score: 200.0 100 games avg: 200.0 steps 201 
INFO : 2021-01-31 18:58:34,070 : episode: 89 score: 200.0 100 games avg: 200.0 steps 201 
INFO : 2021-01-31 18:59:03,108 : episode: 90 score: 200.0 100 games avg: 200.0 steps 201 
INFO : 2021-01-31 18:59:32,141 : episode: 91 score: 200.0 100 games avg: 200.0 steps 201 
INFO : 2021-01-31 19:00:01,021 : episode: 92 score: 200.0 100 games avg: 200.0 steps 201 
INFO : 2021-01-31 19:00:30,027 : episode: 93 score: 200.0 100 games avg: 200.0 steps 201 
INFO : 2021-01-31 19:00:59,405 : episode: 94 score: 200.0 100 games avg: 200.0 steps 201 
INFO : 2021-01-31 19:01:27,794 : episode: 95 score: 200.0 100 games avg: 200.0 steps 201 
INFO : 2021-01-31 19:01:56,548 : episode: 96 score: 200.0 100 games avg: 200.0 steps 201 
INFO : 2021-01-31 19:02:25,524 : episode: 97 score: 200.0 100 games avg: 200.0 steps 201 
INFO : 2021-01-31 19:02:54,694 : episode: 98 score: 200.0 100 games avg: 200.0 steps 201 
INFO : 2021-01-31 19:03:24,026 : episode: 99 score: 200.0 100 games avg: 200.0 steps 201 
