INFO : 2021-01-30 02:00:50,595 : method: Model Predictive Contorol
INFO : 2021-01-30 02:00:50,595 : parameter n_steps: 200 ensemble_size: 5 env: Ant-v2
INFO : 2021-01-30 02:00:53,516 : mpc horizon: 5 mpc_samples: 100 elite_sample: 30 grad_steps: 10
INFO : 2021-01-30 02:00:53,516 : mpc_function policy-kl3
INFO : 2021-01-30 02:00:53,516 : policy-kl3
INFO : 2021-01-30 02:02:21,581 : episode: 0 score: 267.6 100 games avg: 267.6 steps 338 
INFO : 2021-01-30 02:07:35,273 : episode: 1 score: -426.6 100 games avg: -426.6 steps 1000 
INFO : 2021-01-30 02:12:49,863 : episode: 2 score: 99.2 100 games avg: 99.2 steps 1000 
INFO : 2021-01-30 02:18:12,237 : episode: 3 score: 474.3 100 games avg: 474.3 steps 1000 
INFO : 2021-01-30 02:23:35,029 : episode: 4 score: 593.5 100 games avg: 593.5 steps 1000 
INFO : 2021-01-30 02:29:07,261 : episode: 5 score: 495.3 100 games avg: 495.3 steps 1000 
INFO : 2021-01-30 02:34:41,262 : episode: 6 score: 567.3 100 games avg: 567.3 steps 1000 
INFO : 2021-01-30 02:40:17,901 : episode: 7 score: 640.1 100 games avg: 640.1 steps 1000 
INFO : 2021-01-30 02:46:04,254 : episode: 8 score: 690.3 100 games avg: 690.3 steps 1000 
INFO : 2021-01-30 02:51:55,165 : episode: 9 score: 686.4 100 games avg: 686.4 steps 1000 
INFO : 2021-01-30 02:55:19,730 : episode: 10 score: 420.7 100 games avg: 420.7 steps 587 
INFO : 2021-01-30 03:01:08,016 : episode: 11 score: 636.1 100 games avg: 636.1 steps 1000 
INFO : 2021-01-30 03:06:53,239 : episode: 12 score: 744.3 100 games avg: 744.3 steps 1000 
INFO : 2021-01-30 03:12:40,737 : episode: 13 score: 823.0 100 games avg: 823.0 steps 1000 
INFO : 2021-01-30 03:18:29,226 : episode: 14 score: 678.6 100 games avg: 678.6 steps 1000 
INFO : 2021-01-30 03:24:22,066 : episode: 15 score: 763.8 100 games avg: 763.8 steps 1000 
INFO : 2021-01-30 03:24:51,638 : episode: 16 score: 39.4 100 games avg: 39.4 steps 58 
INFO : 2021-01-30 03:26:09,403 : episode: 17 score: 198.1 100 games avg: 198.1 steps 197 
INFO : 2021-01-30 03:31:33,901 : episode: 18 score: 732.2 100 games avg: 732.2 steps 925 
INFO : 2021-01-30 03:33:53,219 : episode: 19 score: 293.6 100 games avg: 293.6 steps 374 
INFO : 2021-01-30 03:37:34,062 : episode: 20 score: 543.5 100 games avg: 543.5 steps 614 
INFO : 2021-01-30 03:39:48,238 : episode: 21 score: 360.7 100 games avg: 360.7 steps 363 
INFO : 2021-01-30 03:41:35,427 : episode: 22 score: 233.5 100 games avg: 233.5 steps 285 
INFO : 2021-01-30 03:47:24,500 : episode: 23 score: 427.1 100 games avg: 427.1 steps 1000 
INFO : 2021-01-30 03:53:17,404 : episode: 24 score: 738.6 100 games avg: 738.6 steps 1000 
INFO : 2021-01-30 03:55:46,227 : episode: 25 score: 220.6 100 games avg: 220.6 steps 401 
INFO : 2021-01-30 04:01:38,442 : episode: 26 score: 425.4 100 games avg: 425.4 steps 1000 
INFO : 2021-01-30 04:02:04,859 : episode: 27 score: 9.3 100 games avg: 9.3 steps 37 
INFO : 2021-01-30 04:08:01,646 : episode: 28 score: 380.7 100 games avg: 380.7 steps 1000 
INFO : 2021-01-30 04:11:43,878 : episode: 29 score: 442.9 100 games avg: 442.9 steps 609 
INFO : 2021-01-30 04:17:37,991 : episode: 30 score: 782.6 100 games avg: 782.6 steps 1000 
INFO : 2021-01-30 04:23:31,453 : episode: 31 score: 569.4 100 games avg: 569.4 steps 1000 
INFO : 2021-01-30 04:26:24,521 : episode: 32 score: 381.4 100 games avg: 381.4 steps 449 
INFO : 2021-01-30 04:27:56,465 : episode: 33 score: 181.0 100 games avg: 181.0 steps 222 
INFO : 2021-01-30 04:33:44,078 : episode: 34 score: 929.6 100 games avg: 929.6 steps 1000 
INFO : 2021-01-30 04:39:31,117 : episode: 35 score: 829.4 100 games avg: 829.4 steps 1000 
INFO : 2021-01-30 04:44:02,447 : episode: 36 score: 821.8 100 games avg: 821.8 steps 771 
INFO : 2021-01-30 04:49:51,586 : episode: 37 score: 1122.0 100 games avg: 1122.0 steps 1000 
INFO : 2021-01-30 04:55:44,252 : episode: 38 score: 997.7 100 games avg: 997.7 steps 1000 
INFO : 2021-01-30 04:58:42,418 : episode: 39 score: 541.2 100 games avg: 541.2 steps 489 
INFO : 2021-01-30 05:04:33,027 : episode: 40 score: 913.0 100 games avg: 913.0 steps 1000 
INFO : 2021-01-30 05:10:30,522 : episode: 41 score: 671.4 100 games avg: 671.4 steps 1000 
INFO : 2021-01-30 05:16:21,271 : episode: 42 score: 1046.5 100 games avg: 1046.5 steps 1000 
INFO : 2021-01-30 05:22:11,965 : episode: 43 score: 1068.9 100 games avg: 1068.9 steps 1000 
INFO : 2021-01-30 05:25:27,872 : episode: 44 score: 556.0 100 games avg: 556.0 steps 531 
INFO : 2021-01-30 05:28:49,042 : episode: 45 score: 593.4 100 games avg: 593.4 steps 533 
INFO : 2021-01-30 05:34:50,796 : episode: 46 score: 991.5 100 games avg: 991.5 steps 1000 
INFO : 2021-01-30 05:36:12,667 : episode: 47 score: 187.0 100 games avg: 187.0 steps 172 
INFO : 2021-01-30 05:42:15,306 : episode: 48 score: 615.9 100 games avg: 615.9 steps 1000 
INFO : 2021-01-30 05:48:20,606 : episode: 49 score: 735.1 100 games avg: 735.1 steps 1000 
INFO : 2021-01-30 05:54:25,068 : episode: 50 score: 1183.1 100 games avg: 1183.1 steps 1000 
INFO : 2021-01-30 05:56:12,557 : episode: 51 score: 221.3 100 games avg: 221.3 steps 216 
INFO : 2021-01-30 06:02:17,716 : episode: 52 score: 568.1 100 games avg: 568.1 steps 1000 
INFO : 2021-01-30 06:08:16,394 : episode: 53 score: 423.9 100 games avg: 423.9 steps 1000 
INFO : 2021-01-30 06:14:20,441 : episode: 54 score: 584.7 100 games avg: 584.7 steps 1000 
INFO : 2021-01-30 06:20:25,872 : episode: 55 score: 1225.7 100 games avg: 1225.7 steps 1000 
INFO : 2021-01-30 06:26:33,873 : episode: 56 score: 1220.6 100 games avg: 1220.6 steps 1000 
INFO : 2021-01-30 06:29:56,296 : episode: 57 score: 661.7 100 games avg: 661.7 steps 513 
INFO : 2021-01-30 06:36:03,960 : episode: 58 score: 542.3 100 games avg: 542.3 steps 1000 
INFO : 2021-01-30 06:37:40,183 : episode: 59 score: 297.9 100 games avg: 297.9 steps 198 
INFO : 2021-01-30 06:43:47,553 : episode: 60 score: 516.0 100 games avg: 516.0 steps 1000 
INFO : 2021-01-30 06:49:57,293 : episode: 61 score: 1363.6 100 games avg: 1363.6 steps 1000 
INFO : 2021-01-30 06:56:15,824 : episode: 62 score: 566.0 100 games avg: 566.0 steps 1000 
INFO : 2021-01-30 07:02:27,797 : episode: 63 score: 522.3 100 games avg: 522.3 steps 1000 
INFO : 2021-01-30 07:03:15,144 : episode: 64 score: 34.4 100 games avg: 34.4 steps 41 
INFO : 2021-01-30 07:09:26,620 : episode: 65 score: 1465.6 100 games avg: 1465.6 steps 1000 
INFO : 2021-01-30 07:15:30,903 : episode: 66 score: 1083.2 100 games avg: 1083.2 steps 1000 
INFO : 2021-01-30 07:21:34,534 : episode: 67 score: 1468.9 100 games avg: 1468.9 steps 1000 
INFO : 2021-01-30 07:27:40,834 : episode: 68 score: 641.9 100 games avg: 641.9 steps 1000 
INFO : 2021-01-30 07:33:40,446 : episode: 69 score: 1351.7 100 games avg: 1351.7 steps 1000 
INFO : 2021-01-30 07:39:50,416 : episode: 70 score: 1076.3 100 games avg: 1076.3 steps 1000 
INFO : 2021-01-30 07:45:54,916 : episode: 71 score: 938.1 100 games avg: 938.1 steps 1000 
INFO : 2021-01-30 07:52:02,690 : episode: 72 score: 1391.3 100 games avg: 1391.3 steps 1000 
INFO : 2021-01-30 07:58:12,250 : episode: 73 score: 1407.9 100 games avg: 1407.9 steps 1000 
INFO : 2021-01-30 08:04:25,508 : episode: 74 score: 1165.3 100 games avg: 1165.3 steps 1000 
INFO : 2021-01-30 08:10:39,306 : episode: 75 score: 1521.9 100 games avg: 1521.9 steps 1000 
INFO : 2021-01-30 08:17:02,157 : episode: 76 score: 493.1 100 games avg: 493.1 steps 1000 
INFO : 2021-01-30 08:23:25,887 : episode: 77 score: 1321.7 100 games avg: 1321.7 steps 1000 
INFO : 2021-01-30 08:25:40,147 : episode: 78 score: 317.1 100 games avg: 317.1 steps 218 
INFO : 2021-01-30 08:27:03,037 : episode: 79 score: 210.1 100 games avg: 210.1 steps 136 
INFO : 2021-01-30 08:30:22,617 : episode: 80 score: 869.3 100 games avg: 869.3 steps 473 
INFO : 2021-01-30 08:36:49,539 : episode: 81 score: 1508.0 100 games avg: 1508.0 steps 1000 
INFO : 2021-01-30 08:42:22,918 : episode: 82 score: 1424.8 100 games avg: 1424.8 steps 816 
INFO : 2021-01-30 08:43:54,851 : episode: 83 score: 225.9 100 games avg: 225.9 steps 137 
INFO : 2021-01-30 08:50:19,505 : episode: 84 score: 470.2 100 games avg: 470.2 steps 1000 
INFO : 2021-01-30 08:56:42,703 : episode: 85 score: 306.1 100 games avg: 306.1 steps 1000 
INFO : 2021-01-30 09:03:08,279 : episode: 86 score: 1779.8 100 games avg: 1779.8 steps 1000 
INFO : 2021-01-30 09:06:37,158 : episode: 87 score: 770.0 100 games avg: 770.0 steps 475 
INFO : 2021-01-30 09:13:15,214 : episode: 88 score: 1316.8 100 games avg: 1316.8 steps 1000 
INFO : 2021-01-30 09:19:58,511 : episode: 89 score: 614.9 100 games avg: 614.9 steps 1000 
INFO : 2021-01-30 09:24:09,728 : episode: 90 score: 1039.8 100 games avg: 1039.8 steps 557 
INFO : 2021-01-30 09:30:39,668 : episode: 91 score: 1095.7 100 games avg: 1095.7 steps 1000 
INFO : 2021-01-30 09:32:19,237 : episode: 92 score: 118.6 100 games avg: 118.6 steps 94 
INFO : 2021-01-30 09:38:59,495 : episode: 93 score: 399.6 100 games avg: 399.6 steps 1000 
INFO : 2021-01-30 09:45:27,277 : episode: 94 score: 499.9 100 games avg: 499.9 steps 1000 
INFO : 2021-01-30 09:47:30,580 : episode: 95 score: 331.6 100 games avg: 331.6 steps 221 
INFO : 2021-01-30 09:50:15,738 : episode: 96 score: 502.3 100 games avg: 502.3 steps 318 
INFO : 2021-01-30 09:53:58,820 : episode: 97 score: 891.3 100 games avg: 891.3 steps 501 
INFO : 2021-01-30 09:55:56,474 : episode: 98 score: 340.0 100 games avg: 340.0 steps 213 
INFO : 2021-01-30 10:02:21,735 : episode: 99 score: 1802.3 100 games avg: 1802.3 steps 1000 
INFO : 2021-01-30 10:08:45,981 : episode: 100 score: 1703.3 100 games avg: 1703.3 steps 1000 
INFO : 2021-01-30 10:15:27,692 : episode: 101 score: 1696.3 100 games avg: 1696.3 steps 1000 
INFO : 2021-01-30 10:22:08,430 : episode: 102 score: 1248.9 100 games avg: 1248.9 steps 1000 
INFO : 2021-01-30 10:24:13,168 : episode: 103 score: 327.8 100 games avg: 327.8 steps 182 
INFO : 2021-01-30 10:31:02,866 : episode: 104 score: 1727.4 100 games avg: 1727.4 steps 1000 
INFO : 2021-01-30 10:37:26,174 : episode: 105 score: 1695.6 100 games avg: 1695.6 steps 1000 
INFO : 2021-01-30 10:44:01,571 : episode: 106 score: 1842.7 100 games avg: 1842.7 steps 1000 
INFO : 2021-01-30 10:50:37,452 : episode: 107 score: 1801.4 100 games avg: 1801.4 steps 1000 
INFO : 2021-01-30 10:57:15,386 : episode: 108 score: 1761.5 100 games avg: 1761.5 steps 1000 
INFO : 2021-01-30 11:03:53,384 : episode: 109 score: 1919.4 100 games avg: 1919.4 steps 1000 
INFO : 2021-01-30 11:10:23,787 : episode: 110 score: 1088.1 100 games avg: 1088.1 steps 1000 
INFO : 2021-01-30 11:16:55,513 : episode: 111 score: 1738.8 100 games avg: 1738.8 steps 1000 
INFO : 2021-01-30 11:23:28,566 : episode: 112 score: 1778.0 100 games avg: 1778.0 steps 1000 
INFO : 2021-01-30 11:24:58,837 : episode: 113 score: 112.5 100 games avg: 112.5 steps 85 
INFO : 2021-01-30 11:31:33,862 : episode: 114 score: 409.5 100 games avg: 409.5 steps 1000 
INFO : 2021-01-30 11:33:01,039 : episode: 115 score: 27.4 100 games avg: 27.4 steps 28 
INFO : 2021-01-30 11:39:35,102 : episode: 116 score: 1888.1 100 games avg: 1888.1 steps 1000 
INFO : 2021-01-30 11:46:39,980 : episode: 117 score: 1541.8 100 games avg: 1541.8 steps 1000 
INFO : 2021-01-30 11:53:38,400 : episode: 118 score: 1844.9 100 games avg: 1844.9 steps 1000 
INFO : 2021-01-30 11:59:31,680 : episode: 119 score: 1627.2 100 games avg: 1627.2 steps 857 
INFO : 2021-01-30 12:05:59,983 : episode: 120 score: 605.8 100 games avg: 605.8 steps 1000 
INFO : 2021-01-30 12:12:27,652 : episode: 121 score: 362.0 100 games avg: 362.0 steps 1000 
INFO : 2021-01-30 12:14:20,439 : episode: 122 score: 239.9 100 games avg: 239.9 steps 149 
INFO : 2021-01-30 12:19:20,651 : episode: 123 score: 1218.1 100 games avg: 1218.1 steps 712 
INFO : 2021-01-30 12:26:02,954 : episode: 124 score: 1978.5 100 games avg: 1978.5 steps 1000 
INFO : 2021-01-30 12:32:36,991 : episode: 125 score: 1810.9 100 games avg: 1810.9 steps 1000 
INFO : 2021-01-30 12:39:25,708 : episode: 126 score: 1895.2 100 games avg: 1895.2 steps 1000 
INFO : 2021-01-30 12:43:16,218 : episode: 127 score: 880.4 100 games avg: 880.4 steps 516 
INFO : 2021-01-30 12:44:49,719 : episode: 128 score: 138.6 100 games avg: 138.6 steps 76 
INFO : 2021-01-30 12:51:30,760 : episode: 129 score: 569.0 100 games avg: 569.0 steps 1000 
INFO : 2021-01-30 12:58:15,522 : episode: 130 score: 2044.4 100 games avg: 2044.4 steps 1000 
INFO : 2021-01-30 13:00:26,987 : episode: 131 score: 272.3 100 games avg: 272.3 steps 151 
INFO : 2021-01-30 13:07:00,974 : episode: 132 score: 1921.1 100 games avg: 1921.1 steps 1000 
INFO : 2021-01-30 13:13:40,084 : episode: 133 score: 1210.8 100 games avg: 1210.8 steps 1000 
INFO : 2021-01-30 13:20:29,618 : episode: 134 score: 1179.5 100 games avg: 1179.5 steps 1000 
INFO : 2021-01-30 13:25:16,430 : episode: 135 score: 1328.6 100 games avg: 1328.6 steps 645 
INFO : 2021-01-30 13:31:54,930 : episode: 136 score: 1969.5 100 games avg: 1969.5 steps 1000 
INFO : 2021-01-30 13:38:27,746 : episode: 137 score: 1953.6 100 games avg: 1953.6 steps 1000 
INFO : 2021-01-30 13:45:00,635 : episode: 138 score: 2052.2 100 games avg: 2052.2 steps 1000 
INFO : 2021-01-30 13:51:44,948 : episode: 139 score: 2004.1 100 games avg: 2004.1 steps 1000 
INFO : 2021-01-30 13:58:35,750 : episode: 140 score: 1927.0 100 games avg: 1927.0 steps 1000 
INFO : 2021-01-30 14:05:24,802 : episode: 141 score: 1479.5 100 games avg: 1479.5 steps 1000 
INFO : 2021-01-30 14:12:21,610 : episode: 142 score: 2076.8 100 games avg: 2076.8 steps 1000 
INFO : 2021-01-30 14:19:09,542 : episode: 143 score: 2059.2 100 games avg: 2059.2 steps 1000 
INFO : 2021-01-30 14:24:48,768 : episode: 144 score: 1533.5 100 games avg: 1533.5 steps 770 
INFO : 2021-01-30 14:31:44,238 : episode: 145 score: 2032.7 100 games avg: 2032.7 steps 1000 
INFO : 2021-01-30 14:38:59,158 : episode: 146 score: 1785.8 100 games avg: 1785.8 steps 1000 
INFO : 2021-01-30 14:46:04,108 : episode: 147 score: 1189.1 100 games avg: 1189.1 steps 1000 
INFO : 2021-01-30 14:53:04,291 : episode: 148 score: 1981.1 100 games avg: 1981.1 steps 1000 
INFO : 2021-01-30 15:00:27,708 : episode: 149 score: 2034.2 100 games avg: 2034.2 steps 1000 
INFO : 2021-01-30 15:07:38,443 : episode: 150 score: 1899.6 100 games avg: 1899.6 steps 1000 
INFO : 2021-01-30 15:13:35,574 : episode: 151 score: 1544.7 100 games avg: 1544.7 steps 735 
INFO : 2021-01-30 15:16:12,440 : episode: 152 score: 196.5 100 games avg: 196.5 steps 132 
INFO : 2021-01-30 15:23:38,757 : episode: 153 score: 2099.9 100 games avg: 2099.9 steps 1000 
INFO : 2021-01-30 15:30:42,288 : episode: 154 score: 2046.8 100 games avg: 2046.8 steps 1000 
INFO : 2021-01-30 15:37:58,130 : episode: 155 score: 2013.1 100 games avg: 2013.1 steps 1000 
INFO : 2021-01-30 15:40:32,798 : episode: 156 score: 396.3 100 games avg: 396.3 steps 208 
INFO : 2021-01-30 15:47:52,049 : episode: 157 score: 861.9 100 games avg: 861.9 steps 1000 
INFO : 2021-01-30 15:55:16,254 : episode: 158 score: 2081.3 100 games avg: 2081.3 steps 1000 
INFO : 2021-01-30 16:01:28,603 : episode: 159 score: 1812.1 100 games avg: 1812.1 steps 833 
INFO : 2021-01-30 16:03:09,347 : episode: 160 score: 76.6 100 games avg: 76.6 steps 50 
INFO : 2021-01-30 16:08:29,232 : episode: 161 score: 1305.2 100 games avg: 1305.2 steps 613 
INFO : 2021-01-30 16:15:35,138 : episode: 162 score: 509.8 100 games avg: 509.8 steps 1000 
INFO : 2021-01-30 16:22:41,172 : episode: 163 score: 2197.9 100 games avg: 2197.9 steps 1000 
INFO : 2021-01-30 16:29:50,784 : episode: 164 score: 2099.4 100 games avg: 2099.4 steps 1000 
INFO : 2021-01-30 16:37:04,245 : episode: 165 score: 2019.4 100 games avg: 2019.4 steps 1000 
INFO : 2021-01-30 16:44:10,397 : episode: 166 score: 1667.0 100 games avg: 1667.0 steps 1000 
INFO : 2021-01-30 16:51:32,475 : episode: 167 score: 1100.4 100 games avg: 1100.4 steps 1000 
INFO : 2021-01-30 16:59:30,839 : episode: 168 score: 2076.4 100 games avg: 2076.4 steps 1000 
INFO : 2021-01-30 17:07:08,720 : episode: 169 score: 2117.9 100 games avg: 2117.9 steps 1000 
INFO : 2021-01-30 17:14:51,915 : episode: 170 score: 2080.3 100 games avg: 2080.3 steps 1000 
INFO : 2021-01-30 17:22:20,715 : episode: 171 score: 2110.5 100 games avg: 2110.5 steps 1000 
INFO : 2021-01-30 17:29:55,220 : episode: 172 score: 2036.4 100 games avg: 2036.4 steps 1000 
INFO : 2021-01-30 17:37:03,354 : episode: 173 score: 2093.4 100 games avg: 2093.4 steps 1000 
INFO : 2021-01-30 17:44:08,879 : episode: 174 score: 2167.1 100 games avg: 2167.1 steps 1000 
INFO : 2021-01-30 17:50:46,437 : episode: 175 score: 2130.8 100 games avg: 2130.8 steps 988 
INFO : 2021-01-30 17:57:23,562 : episode: 176 score: 2225.3 100 games avg: 2225.3 steps 1000 
INFO : 2021-01-30 18:04:08,554 : episode: 177 score: 2190.9 100 games avg: 2190.9 steps 1000 
INFO : 2021-01-30 18:10:42,325 : episode: 178 score: 2058.0 100 games avg: 2058.0 steps 1000 
INFO : 2021-01-30 18:17:16,279 : episode: 179 score: 2198.1 100 games avg: 2198.1 steps 1000 
INFO : 2021-01-30 18:23:53,140 : episode: 180 score: 1611.9 100 games avg: 1611.9 steps 1000 
INFO : 2021-01-30 18:29:35,326 : episode: 181 score: 965.8 100 games avg: 965.8 steps 1000 
INFO : 2021-01-30 18:34:44,626 : episode: 182 score: 2080.1 100 games avg: 2080.1 steps 1000 
INFO : 2021-01-30 18:38:17,155 : episode: 183 score: 1218.2 100 games avg: 1218.2 steps 563 
INFO : 2021-01-30 18:43:28,441 : episode: 184 score: 2185.2 100 games avg: 2185.2 steps 1000 
INFO : 2021-01-30 18:48:51,551 : episode: 185 score: 242.1 100 games avg: 242.1 steps 1000 
INFO : 2021-01-30 18:52:10,772 : episode: 186 score: 1151.1 100 games avg: 1151.1 steps 531 
INFO : 2021-01-30 18:57:25,160 : episode: 187 score: 1706.9 100 games avg: 1706.9 steps 1000 
INFO : 2021-01-30 19:02:04,641 : episode: 188 score: 665.8 100 games avg: 665.8 steps 1000 
INFO : 2021-01-30 19:06:43,423 : episode: 189 score: 1510.5 100 games avg: 1510.5 steps 1000 
INFO : 2021-01-30 19:11:20,988 : episode: 190 score: 1969.9 100 games avg: 1969.9 steps 1000 
INFO : 2021-01-30 19:16:00,336 : episode: 191 score: 1668.2 100 games avg: 1668.2 steps 1000 
INFO : 2021-01-30 19:20:38,640 : episode: 192 score: 2275.4 100 games avg: 2275.4 steps 1000 
INFO : 2021-01-30 19:25:18,335 : episode: 193 score: 1024.5 100 games avg: 1024.5 steps 1000 
INFO : 2021-01-30 19:30:02,369 : episode: 194 score: 2176.0 100 games avg: 2176.0 steps 1000 
INFO : 2021-01-30 19:34:58,733 : episode: 195 score: 637.8 100 games avg: 637.8 steps 1000 
INFO : 2021-01-30 19:39:54,245 : episode: 196 score: 2312.3 100 games avg: 2312.3 steps 1000 
INFO : 2021-01-30 19:44:50,744 : episode: 197 score: 2195.5 100 games avg: 2195.5 steps 1000 
INFO : 2021-01-30 19:49:47,203 : episode: 198 score: 2319.8 100 games avg: 2319.8 steps 1000 
INFO : 2021-01-30 19:54:43,497 : episode: 199 score: 2214.1 100 games avg: 2214.1 steps 1000 
