INFO : 2021-02-02 11:11:00,109 : method: Model Predictive Contorol
INFO : 2021-02-02 11:11:00,110 : parameter n_steps: 200 ensemble_size: 5 env: Hopper-v2
INFO : 2021-02-02 11:11:03,165 : mpc horizon: 10 mpc_samples: 100 elite_sample: 30 grad_steps: 10
INFO : 2021-02-02 11:11:03,166 : mpc_function policy-kl5
INFO : 2021-02-02 11:11:03,166 : policy-kl5
INFO : 2021-02-02 11:11:11,268 : episode: 0 score: 19.9 100 games avg: 19.9 steps 32 
INFO : 2021-02-02 11:11:19,455 : episode: 1 score: 18.6 100 games avg: 18.6 steps 32 
INFO : 2021-02-02 11:11:27,382 : episode: 2 score: 19.9 100 games avg: 19.9 steps 31 
INFO : 2021-02-02 11:11:35,565 : episode: 3 score: 18.3 100 games avg: 18.3 steps 32 
INFO : 2021-02-02 11:11:43,747 : episode: 4 score: 19.1 100 games avg: 19.1 steps 32 
INFO : 2021-02-02 11:11:51,954 : episode: 5 score: 19.0 100 games avg: 19.0 steps 32 
INFO : 2021-02-02 11:12:00,416 : episode: 6 score: 19.6 100 games avg: 19.6 steps 33 
INFO : 2021-02-02 11:12:08,915 : episode: 7 score: 19.9 100 games avg: 19.9 steps 33 
INFO : 2021-02-02 11:12:16,826 : episode: 8 score: 24.9 100 games avg: 24.9 steps 30 
INFO : 2021-02-02 11:12:23,720 : episode: 9 score: 32.4 100 games avg: 32.4 steps 26 
INFO : 2021-02-02 11:12:32,459 : episode: 10 score: 44.4 100 games avg: 44.4 steps 33 
INFO : 2021-02-02 11:12:38,261 : episode: 11 score: 30.2 100 games avg: 30.2 steps 22 
INFO : 2021-02-02 11:12:44,315 : episode: 12 score: 34.1 100 games avg: 34.1 steps 23 
INFO : 2021-02-02 11:12:47,517 : episode: 13 score: 12.8 100 games avg: 12.8 steps 12 
INFO : 2021-02-02 11:12:51,507 : episode: 14 score: 17.8 100 games avg: 17.8 steps 15 
INFO : 2021-02-02 11:13:01,761 : episode: 15 score: 70.1 100 games avg: 70.1 steps 39 
INFO : 2021-02-02 11:13:11,529 : episode: 16 score: 63.2 100 games avg: 63.2 steps 37 
INFO : 2021-02-02 11:13:17,614 : episode: 17 score: 39.7 100 games avg: 39.7 steps 23 
INFO : 2021-02-02 11:13:24,061 : episode: 18 score: 42.6 100 games avg: 42.6 steps 24 
INFO : 2021-02-02 11:13:32,292 : episode: 19 score: 54.0 100 games avg: 54.0 steps 31 
INFO : 2021-02-02 11:13:38,738 : episode: 20 score: 40.7 100 games avg: 40.7 steps 24 
INFO : 2021-02-02 11:13:45,440 : episode: 21 score: 42.6 100 games avg: 42.6 steps 25 
INFO : 2021-02-02 11:13:52,632 : episode: 22 score: 45.7 100 games avg: 45.7 steps 27 
INFO : 2021-02-02 11:13:59,844 : episode: 23 score: 45.4 100 games avg: 45.4 steps 27 
INFO : 2021-02-02 11:14:06,303 : episode: 24 score: 41.4 100 games avg: 41.4 steps 24 
INFO : 2021-02-02 11:14:13,033 : episode: 25 score: 43.1 100 games avg: 43.1 steps 25 
INFO : 2021-02-02 11:14:19,456 : episode: 26 score: 41.7 100 games avg: 41.7 steps 24 
INFO : 2021-02-02 11:14:27,691 : episode: 27 score: 53.9 100 games avg: 53.9 steps 31 
INFO : 2021-02-02 11:14:33,714 : episode: 28 score: 38.1 100 games avg: 38.1 steps 22 
INFO : 2021-02-02 11:14:43,324 : episode: 29 score: 65.2 100 games avg: 65.2 steps 36 
INFO : 2021-02-02 11:14:51,413 : episode: 30 score: 52.9 100 games avg: 52.9 steps 30 
INFO : 2021-02-02 11:14:59,237 : episode: 31 score: 51.5 100 games avg: 51.5 steps 29 
INFO : 2021-02-02 11:15:06,822 : episode: 32 score: 48.2 100 games avg: 48.2 steps 28 
INFO : 2021-02-02 11:15:17,506 : episode: 33 score: 72.1 100 games avg: 72.1 steps 40 
INFO : 2021-02-02 11:15:26,129 : episode: 34 score: 54.6 100 games avg: 54.6 steps 32 
INFO : 2021-02-02 11:15:33,725 : episode: 35 score: 48.0 100 games avg: 48.0 steps 28 
INFO : 2021-02-02 11:15:41,643 : episode: 36 score: 50.7 100 games avg: 50.7 steps 29 
INFO : 2021-02-02 11:15:48,532 : episode: 37 score: 43.2 100 games avg: 43.2 steps 25 
INFO : 2021-02-02 11:15:56,200 : episode: 38 score: 48.4 100 games avg: 48.4 steps 28 
INFO : 2021-02-02 11:16:03,586 : episode: 39 score: 47.2 100 games avg: 47.2 steps 27 
INFO : 2021-02-02 11:16:10,700 : episode: 40 score: 45.1 100 games avg: 45.1 steps 26 
INFO : 2021-02-02 11:16:19,181 : episode: 41 score: 53.5 100 games avg: 53.5 steps 31 
INFO : 2021-02-02 11:16:28,397 : episode: 42 score: 60.6 100 games avg: 60.6 steps 34 
INFO : 2021-02-02 11:16:35,016 : episode: 43 score: 41.7 100 games avg: 41.7 steps 24 
INFO : 2021-02-02 11:16:42,143 : episode: 44 score: 46.0 100 games avg: 46.0 steps 26 
INFO : 2021-02-02 11:16:49,047 : episode: 45 score: 44.0 100 games avg: 44.0 steps 25 
INFO : 2021-02-02 11:16:55,514 : episode: 46 score: 40.0 100 games avg: 40.0 steps 23 
INFO : 2021-02-02 11:17:05,607 : episode: 47 score: 67.1 100 games avg: 67.1 steps 37 
INFO : 2021-02-02 11:17:15,206 : episode: 48 score: 63.7 100 games avg: 63.7 steps 35 
INFO : 2021-02-02 11:17:22,397 : episode: 49 score: 46.3 100 games avg: 46.3 steps 26 
INFO : 2021-02-02 11:17:31,220 : episode: 50 score: 58.0 100 games avg: 58.0 steps 32 
INFO : 2021-02-02 11:17:41,075 : episode: 51 score: 65.5 100 games avg: 65.5 steps 36 
INFO : 2021-02-02 11:17:55,316 : episode: 52 score: 96.6 100 games avg: 96.6 steps 53 
INFO : 2021-02-02 11:18:11,749 : episode: 53 score: 111.3 100 games avg: 111.3 steps 61 
INFO : 2021-02-02 11:18:23,806 : episode: 54 score: 80.5 100 games avg: 80.5 steps 44 
INFO : 2021-02-02 11:18:46,480 : episode: 55 score: 170.6 100 games avg: 170.6 steps 85 
INFO : 2021-02-02 11:19:08,404 : episode: 56 score: 160.4 100 games avg: 160.4 steps 82 
INFO : 2021-02-02 11:19:31,706 : episode: 57 score: 170.5 100 games avg: 170.5 steps 87 
INFO : 2021-02-02 11:19:57,122 : episode: 58 score: 187.3 100 games avg: 187.3 steps 95 
INFO : 2021-02-02 11:20:20,482 : episode: 59 score: 171.1 100 games avg: 171.1 steps 87 
INFO : 2021-02-02 11:20:44,367 : episode: 60 score: 177.5 100 games avg: 177.5 steps 89 
INFO : 2021-02-02 11:21:08,753 : episode: 61 score: 182.1 100 games avg: 182.1 steps 91 
INFO : 2021-02-02 11:21:32,031 : episode: 62 score: 174.8 100 games avg: 174.8 steps 87 
INFO : 2021-02-02 11:21:55,796 : episode: 63 score: 177.5 100 games avg: 177.5 steps 88 
INFO : 2021-02-02 11:22:18,890 : episode: 64 score: 172.7 100 games avg: 172.7 steps 86 
INFO : 2021-02-02 11:22:42,943 : episode: 65 score: 177.1 100 games avg: 177.1 steps 89 
INFO : 2021-02-02 11:23:06,461 : episode: 66 score: 176.5 100 games avg: 176.5 steps 87 
INFO : 2021-02-02 11:23:30,240 : episode: 67 score: 180.4 100 games avg: 180.4 steps 88 
INFO : 2021-02-02 11:23:54,842 : episode: 68 score: 191.5 100 games avg: 191.5 steps 91 
INFO : 2021-02-02 11:24:19,581 : episode: 69 score: 185.3 100 games avg: 185.3 steps 91 
INFO : 2021-02-02 11:24:44,850 : episode: 70 score: 198.0 100 games avg: 198.0 steps 93 
INFO : 2021-02-02 11:25:08,275 : episode: 71 score: 180.1 100 games avg: 180.1 steps 86 
INFO : 2021-02-02 11:25:32,043 : episode: 72 score: 179.7 100 games avg: 179.7 steps 87 
INFO : 2021-02-02 11:25:55,418 : episode: 73 score: 184.0 100 games avg: 184.0 steps 86 
INFO : 2021-02-02 11:26:18,416 : episode: 74 score: 172.4 100 games avg: 172.4 steps 84 
INFO : 2021-02-02 11:26:41,785 : episode: 75 score: 176.1 100 games avg: 176.1 steps 85 
INFO : 2021-02-02 11:27:04,578 : episode: 76 score: 167.6 100 games avg: 167.6 steps 83 
INFO : 2021-02-02 11:27:27,204 : episode: 77 score: 176.9 100 games avg: 176.9 steps 82 
INFO : 2021-02-02 11:27:51,700 : episode: 78 score: 196.0 100 games avg: 196.0 steps 89 
INFO : 2021-02-02 11:28:15,708 : episode: 79 score: 181.2 100 games avg: 181.2 steps 87 
INFO : 2021-02-02 11:28:39,675 : episode: 80 score: 193.2 100 games avg: 193.2 steps 87 
INFO : 2021-02-02 11:29:04,901 : episode: 81 score: 203.0 100 games avg: 203.0 steps 92 
INFO : 2021-02-02 11:29:29,419 : episode: 82 score: 188.5 100 games avg: 188.5 steps 89 
INFO : 2021-02-02 11:29:53,261 : episode: 83 score: 176.9 100 games avg: 176.9 steps 86 
INFO : 2021-02-02 11:30:20,003 : episode: 84 score: 184.6 100 games avg: 184.6 steps 88 
INFO : 2021-02-02 11:30:45,140 : episode: 85 score: 195.2 100 games avg: 195.2 steps 91 
INFO : 2021-02-02 11:31:08,787 : episode: 86 score: 179.4 100 games avg: 179.4 steps 85 
INFO : 2021-02-02 11:31:33,212 : episode: 87 score: 195.8 100 games avg: 195.8 steps 88 
INFO : 2021-02-02 11:31:58,673 : episode: 88 score: 200.3 100 games avg: 200.3 steps 92 
INFO : 2021-02-02 11:32:23,201 : episode: 89 score: 179.9 100 games avg: 179.9 steps 88 
INFO : 2021-02-02 11:32:48,253 : episode: 90 score: 191.1 100 games avg: 191.1 steps 90 
INFO : 2021-02-02 11:33:14,853 : episode: 91 score: 195.8 100 games avg: 195.8 steps 96 
INFO : 2021-02-02 11:33:40,082 : episode: 92 score: 193.9 100 games avg: 193.9 steps 91 
INFO : 2021-02-02 11:34:05,854 : episode: 93 score: 193.5 100 games avg: 193.5 steps 93 
INFO : 2021-02-02 11:34:29,572 : episode: 94 score: 183.4 100 games avg: 183.4 steps 85 
INFO : 2021-02-02 11:34:58,073 : episode: 95 score: 204.2 100 games avg: 204.2 steps 102 
INFO : 2021-02-02 11:35:24,887 : episode: 96 score: 209.4 100 games avg: 209.4 steps 96 
INFO : 2021-02-02 11:35:51,928 : episode: 97 score: 213.6 100 games avg: 213.6 steps 97 
INFO : 2021-02-02 11:36:20,868 : episode: 98 score: 210.0 100 games avg: 210.0 steps 104 
INFO : 2021-02-02 11:36:46,640 : episode: 99 score: 189.2 100 games avg: 189.2 steps 92 
INFO : 2021-02-02 11:37:12,799 : episode: 100 score: 193.3 100 games avg: 193.3 steps 93 
INFO : 2021-02-02 11:37:37,438 : episode: 101 score: 186.4 100 games avg: 186.4 steps 87 
INFO : 2021-02-02 11:38:02,562 : episode: 102 score: 195.0 100 games avg: 195.0 steps 89 
INFO : 2021-02-02 11:38:28,077 : episode: 103 score: 188.5 100 games avg: 188.5 steps 90 
INFO : 2021-02-02 11:38:53,816 : episode: 104 score: 201.5 100 games avg: 201.5 steps 91 
INFO : 2021-02-02 11:39:18,025 : episode: 105 score: 189.0 100 games avg: 189.0 steps 85 
INFO : 2021-02-02 11:39:42,563 : episode: 106 score: 188.9 100 games avg: 188.9 steps 86 
INFO : 2021-02-02 11:40:07,893 : episode: 107 score: 193.0 100 games avg: 193.0 steps 89 
INFO : 2021-02-02 11:40:32,370 : episode: 108 score: 183.8 100 games avg: 183.8 steps 86 
INFO : 2021-02-02 11:40:58,962 : episode: 109 score: 206.0 100 games avg: 206.0 steps 93 
INFO : 2021-02-02 11:41:25,187 : episode: 110 score: 201.7 100 games avg: 201.7 steps 92 
INFO : 2021-02-02 11:41:50,117 : episode: 111 score: 187.0 100 games avg: 187.0 steps 87 
INFO : 2021-02-02 11:42:15,345 : episode: 112 score: 186.6 100 games avg: 186.6 steps 88 
INFO : 2021-02-02 11:42:39,794 : episode: 113 score: 177.8 100 games avg: 177.8 steps 85 
INFO : 2021-02-02 11:43:04,281 : episode: 114 score: 174.0 100 games avg: 174.0 steps 85 
INFO : 2021-02-02 11:43:29,066 : episode: 115 score: 183.3 100 games avg: 183.3 steps 86 
INFO : 2021-02-02 11:43:54,667 : episode: 116 score: 196.3 100 games avg: 196.3 steps 89 
INFO : 2021-02-02 11:44:19,711 : episode: 117 score: 177.3 100 games avg: 177.3 steps 87 
INFO : 2021-02-02 11:44:44,790 : episode: 118 score: 188.7 100 games avg: 188.7 steps 87 
INFO : 2021-02-02 11:45:09,774 : episode: 119 score: 185.3 100 games avg: 185.3 steps 86 
INFO : 2021-02-02 11:45:35,614 : episode: 120 score: 194.7 100 games avg: 194.7 steps 89 
INFO : 2021-02-02 11:46:01,001 : episode: 121 score: 190.7 100 games avg: 190.7 steps 87 
INFO : 2021-02-02 11:46:32,733 : episode: 122 score: 230.5 100 games avg: 230.5 steps 112 
INFO : 2021-02-02 11:46:58,813 : episode: 123 score: 190.4 100 games avg: 190.4 steps 90 
INFO : 2021-02-02 11:47:24,189 : episode: 124 score: 184.3 100 games avg: 184.3 steps 87 
INFO : 2021-02-02 11:47:50,097 : episode: 125 score: 193.4 100 games avg: 193.4 steps 89 
INFO : 2021-02-02 11:48:15,577 : episode: 126 score: 188.6 100 games avg: 188.6 steps 87 
INFO : 2021-02-02 11:48:22,374 : episode: 127 score: 20.2 100 games avg: 20.2 steps 15 
INFO : 2021-02-02 11:48:48,061 : episode: 128 score: 184.3 100 games avg: 184.3 steps 88 
INFO : 2021-02-02 11:49:14,570 : episode: 129 score: 206.6 100 games avg: 206.6 steps 91 
INFO : 2021-02-02 11:49:41,353 : episode: 130 score: 191.1 100 games avg: 191.1 steps 92 
INFO : 2021-02-02 11:50:08,426 : episode: 131 score: 213.2 100 games avg: 213.2 steps 93 
INFO : 2021-02-02 11:50:34,689 : episode: 132 score: 200.4 100 games avg: 200.4 steps 90 
INFO : 2021-02-02 11:51:01,198 : episode: 133 score: 204.6 100 games avg: 204.6 steps 90 
INFO : 2021-02-02 11:51:27,923 : episode: 134 score: 210.5 100 games avg: 210.5 steps 91 
INFO : 2021-02-02 11:51:54,431 : episode: 135 score: 199.8 100 games avg: 199.8 steps 90 
INFO : 2021-02-02 11:52:21,267 : episode: 136 score: 191.0 100 games avg: 191.0 steps 91 
INFO : 2021-02-02 11:52:46,731 : episode: 137 score: 169.6 100 games avg: 169.6 steps 86 
INFO : 2021-02-02 11:53:14,972 : episode: 138 score: 217.1 100 games avg: 217.1 steps 96 
INFO : 2021-02-02 11:53:30,378 : episode: 139 score: 73.0 100 games avg: 73.0 steps 47 
INFO : 2021-02-02 11:54:00,351 : episode: 140 score: 204.2 100 games avg: 204.2 steps 103 
INFO : 2021-02-02 11:54:26,608 : episode: 141 score: 194.7 100 games avg: 194.7 steps 88 
INFO : 2021-02-02 11:54:56,415 : episode: 142 score: 209.0 100 games avg: 209.0 steps 102 
INFO : 2021-02-02 11:55:25,971 : episode: 143 score: 199.7 100 games avg: 199.7 steps 101 
INFO : 2021-02-02 11:55:54,581 : episode: 144 score: 192.7 100 games avg: 192.7 steps 97 
INFO : 2021-02-02 11:56:22,038 : episode: 145 score: 185.8 100 games avg: 185.8 steps 92 
INFO : 2021-02-02 11:56:50,738 : episode: 146 score: 199.4 100 games avg: 199.4 steps 97 
INFO : 2021-02-02 11:57:16,652 : episode: 147 score: 188.4 100 games avg: 188.4 steps 86 
INFO : 2021-02-02 11:57:46,131 : episode: 148 score: 200.6 100 games avg: 200.6 steps 100 
INFO : 2021-02-02 11:58:16,760 : episode: 149 score: 207.0 100 games avg: 207.0 steps 104 
INFO : 2021-02-02 11:58:47,966 : episode: 150 score: 212.6 100 games avg: 212.6 steps 106 
INFO : 2021-02-02 11:59:15,808 : episode: 151 score: 192.7 100 games avg: 192.7 steps 93 
INFO : 2021-02-02 11:59:43,135 : episode: 152 score: 200.3 100 games avg: 200.3 steps 91 
INFO : 2021-02-02 12:00:13,927 : episode: 153 score: 216.3 100 games avg: 216.3 steps 104 
INFO : 2021-02-02 12:00:41,069 : episode: 154 score: 195.4 100 games avg: 195.4 steps 90 
INFO : 2021-02-02 12:01:08,953 : episode: 155 score: 208.9 100 games avg: 208.9 steps 92 
INFO : 2021-02-02 12:01:38,679 : episode: 156 score: 205.8 100 games avg: 205.8 steps 99 
INFO : 2021-02-02 12:02:14,475 : episode: 157 score: 236.5 100 games avg: 236.5 steps 122 
INFO : 2021-02-02 12:02:47,557 : episode: 158 score: 238.5 100 games avg: 238.5 steps 113 
INFO : 2021-02-02 12:03:15,271 : episode: 159 score: 209.2 100 games avg: 209.2 steps 92 
INFO : 2021-02-02 12:03:43,566 : episode: 160 score: 213.3 100 games avg: 213.3 steps 94 
INFO : 2021-02-02 12:04:13,170 : episode: 161 score: 230.1 100 games avg: 230.1 steps 99 
INFO : 2021-02-02 12:04:43,649 : episode: 162 score: 238.2 100 games avg: 238.2 steps 102 
INFO : 2021-02-02 12:05:13,119 : episode: 163 score: 200.3 100 games avg: 200.3 steps 98 
INFO : 2021-02-02 12:05:41,503 : episode: 164 score: 212.4 100 games avg: 212.4 steps 94 
INFO : 2021-02-02 12:06:11,289 : episode: 165 score: 213.5 100 games avg: 213.5 steps 99 
INFO : 2021-02-02 12:06:39,844 : episode: 166 score: 209.9 100 games avg: 209.9 steps 94 
INFO : 2021-02-02 12:07:09,194 : episode: 167 score: 201.9 100 games avg: 201.9 steps 97 
INFO : 2021-02-02 12:07:40,375 : episode: 168 score: 219.1 100 games avg: 219.1 steps 104 
INFO : 2021-02-02 12:08:09,973 : episode: 169 score: 195.1 100 games avg: 195.1 steps 98 
INFO : 2021-02-02 12:08:42,559 : episode: 170 score: 230.7 100 games avg: 230.7 steps 109 
INFO : 2021-02-02 12:09:12,835 : episode: 171 score: 211.8 100 games avg: 211.8 steps 100 
INFO : 2021-02-02 12:09:43,559 : episode: 172 score: 224.2 100 games avg: 224.2 steps 102 
INFO : 2021-02-02 12:10:14,119 : episode: 173 score: 216.5 100 games avg: 216.5 steps 101 
INFO : 2021-02-02 12:10:44,151 : episode: 174 score: 221.3 100 games avg: 221.3 steps 99 
INFO : 2021-02-02 12:11:14,032 : episode: 175 score: 215.7 100 games avg: 215.7 steps 98 
INFO : 2021-02-02 12:11:43,033 : episode: 176 score: 194.8 100 games avg: 194.8 steps 94 
INFO : 2021-02-02 12:12:12,690 : episode: 177 score: 219.1 100 games avg: 219.1 steps 97 
INFO : 2021-02-02 12:12:42,186 : episode: 178 score: 217.8 100 games avg: 217.8 steps 96 
INFO : 2021-02-02 12:13:11,169 : episode: 179 score: 208.2 100 games avg: 208.2 steps 94 
INFO : 2021-02-02 12:13:41,780 : episode: 180 score: 219.6 100 games avg: 219.6 steps 100 
INFO : 2021-02-02 12:14:10,823 : episode: 181 score: 196.5 100 games avg: 196.5 steps 94 
INFO : 2021-02-02 12:14:41,996 : episode: 182 score: 225.0 100 games avg: 225.0 steps 102 
INFO : 2021-02-02 12:15:12,746 : episode: 183 score: 224.3 100 games avg: 224.3 steps 100 
INFO : 2021-02-02 12:15:44,311 : episode: 184 score: 224.9 100 games avg: 224.9 steps 103 
INFO : 2021-02-02 12:16:13,515 : episode: 185 score: 202.2 100 games avg: 202.2 steps 94 
INFO : 2021-02-02 12:16:42,998 : episode: 186 score: 195.4 100 games avg: 195.4 steps 95 
INFO : 2021-02-02 12:17:12,195 : episode: 187 score: 196.4 100 games avg: 196.4 steps 94 
INFO : 2021-02-02 12:17:42,053 : episode: 188 score: 206.8 100 games avg: 206.8 steps 96 
INFO : 2021-02-02 12:18:13,463 : episode: 189 score: 217.7 100 games avg: 217.7 steps 102 
INFO : 2021-02-02 12:18:43,388 : episode: 190 score: 200.8 100 games avg: 200.8 steps 96 
INFO : 2021-02-02 12:19:13,872 : episode: 191 score: 204.4 100 games avg: 204.4 steps 98 
INFO : 2021-02-02 12:19:42,538 : episode: 192 score: 184.8 100 games avg: 184.8 steps 91 
INFO : 2021-02-02 12:20:11,250 : episode: 193 score: 185.3 100 games avg: 185.3 steps 91 
INFO : 2021-02-02 12:20:41,291 : episode: 194 score: 207.4 100 games avg: 207.4 steps 96 
INFO : 2021-02-02 12:21:12,141 : episode: 195 score: 206.8 100 games avg: 206.8 steps 99 
INFO : 2021-02-02 12:21:41,258 : episode: 196 score: 190.1 100 games avg: 190.1 steps 92 
INFO : 2021-02-02 12:22:10,647 : episode: 197 score: 188.8 100 games avg: 188.8 steps 93 
INFO : 2021-02-02 12:22:40,019 : episode: 198 score: 190.7 100 games avg: 190.7 steps 93 
INFO : 2021-02-02 12:23:11,010 : episode: 199 score: 207.1 100 games avg: 207.1 steps 99 
