INFO : 2021-01-31 19:49:59,929 : method: Model Predictive Contorol
INFO : 2021-01-31 19:49:59,930 : parameter n_steps: 100 ensemble_size: 5 env: Continuous_CartPole
INFO : 2021-01-31 19:50:03,565 : mpc horizon: 5 mpc_samples: 100 elite_sample: 30 grad_steps: 10
INFO : 2021-01-31 19:50:03,569 : mpc_function policy-kl4
INFO : 2021-01-31 19:50:03,569 : policy-kl4
INFO : 2021-01-31 19:50:05,842 : episode: 0 score: 16.0 100 games avg: 16.0 steps 17 
INFO : 2021-01-31 19:50:08,338 : episode: 1 score: 17.0 100 games avg: 17.0 steps 18 
INFO : 2021-01-31 19:50:10,391 : episode: 2 score: 15.0 100 games avg: 15.0 steps 16 
INFO : 2021-01-31 19:50:12,532 : episode: 3 score: 16.0 100 games avg: 16.0 steps 17 
INFO : 2021-01-31 19:50:14,897 : episode: 4 score: 15.0 100 games avg: 15.0 steps 16 
INFO : 2021-01-31 19:50:17,140 : episode: 5 score: 16.0 100 games avg: 16.0 steps 17 
INFO : 2021-01-31 19:50:18,926 : episode: 6 score: 12.0 100 games avg: 12.0 steps 13 
INFO : 2021-01-31 19:50:21,066 : episode: 7 score: 14.0 100 games avg: 14.0 steps 15 
INFO : 2021-01-31 19:50:23,321 : episode: 8 score: 15.0 100 games avg: 15.0 steps 16 
INFO : 2021-01-31 19:50:25,300 : episode: 9 score: 15.0 100 games avg: 15.0 steps 16 
INFO : 2021-01-31 19:50:27,545 : episode: 10 score: 14.0 100 games avg: 14.0 steps 15 
INFO : 2021-01-31 19:50:29,790 : episode: 11 score: 16.0 100 games avg: 16.0 steps 17 
INFO : 2021-01-31 19:50:31,889 : episode: 12 score: 14.0 100 games avg: 14.0 steps 15 
INFO : 2021-01-31 19:50:33,767 : episode: 13 score: 13.0 100 games avg: 13.0 steps 14 
INFO : 2021-01-31 19:50:36,246 : episode: 14 score: 15.0 100 games avg: 15.0 steps 16 
INFO : 2021-01-31 19:50:40,609 : episode: 15 score: 29.0 100 games avg: 29.0 steps 30 
INFO : 2021-01-31 19:50:41,797 : episode: 16 score: 6.0 100 games avg: 6.0 steps 7 
INFO : 2021-01-31 19:50:43,054 : episode: 17 score: 8.0 100 games avg: 8.0 steps 9 
INFO : 2021-01-31 19:50:44,475 : episode: 18 score: 7.0 100 games avg: 7.0 steps 8 
INFO : 2021-01-31 19:50:45,779 : episode: 19 score: 8.0 100 games avg: 8.0 steps 9 
INFO : 2021-01-31 19:50:46,859 : episode: 20 score: 5.0 100 games avg: 5.0 steps 6 
INFO : 2021-01-31 19:50:48,137 : episode: 21 score: 6.0 100 games avg: 6.0 steps 7 
INFO : 2021-01-31 19:50:49,467 : episode: 22 score: 8.0 100 games avg: 8.0 steps 9 
INFO : 2021-01-31 19:50:51,492 : episode: 23 score: 12.0 100 games avg: 12.0 steps 13 
INFO : 2021-01-31 19:50:52,790 : episode: 24 score: 8.0 100 games avg: 8.0 steps 9 
INFO : 2021-01-31 19:50:56,599 : episode: 25 score: 27.0 100 games avg: 27.0 steps 28 
INFO : 2021-01-31 19:51:05,070 : episode: 26 score: 55.0 100 games avg: 55.0 steps 56 
INFO : 2021-01-31 19:51:12,031 : episode: 27 score: 48.0 100 games avg: 48.0 steps 49 
INFO : 2021-01-31 19:51:19,992 : episode: 28 score: 51.0 100 games avg: 51.0 steps 52 
INFO : 2021-01-31 19:51:27,760 : episode: 29 score: 43.0 100 games avg: 43.0 steps 44 
INFO : 2021-01-31 19:51:47,232 : episode: 30 score: 100.0 100 games avg: 100.0 steps 101 
INFO : 2021-01-31 19:52:03,959 : episode: 31 score: 81.0 100 games avg: 81.0 steps 82 
INFO : 2021-01-31 19:52:14,188 : episode: 32 score: 51.0 100 games avg: 51.0 steps 52 
INFO : 2021-01-31 19:52:27,795 : episode: 33 score: 68.0 100 games avg: 68.0 steps 69 
INFO : 2021-01-31 19:52:38,597 : episode: 34 score: 49.0 100 games avg: 49.0 steps 50 
INFO : 2021-01-31 19:52:49,983 : episode: 35 score: 54.0 100 games avg: 54.0 steps 55 
INFO : 2021-01-31 19:53:05,556 : episode: 36 score: 74.0 100 games avg: 74.0 steps 75 
INFO : 2021-01-31 19:53:23,762 : episode: 37 score: 89.0 100 games avg: 89.0 steps 90 
INFO : 2021-01-31 19:54:00,520 : episode: 38 score: 183.0 100 games avg: 183.0 steps 184 
INFO : 2021-01-31 19:54:41,563 : episode: 39 score: 200.0 100 games avg: 200.0 steps 201 
INFO : 2021-01-31 19:55:21,129 : episode: 40 score: 200.0 100 games avg: 200.0 steps 201 
INFO : 2021-01-31 19:55:54,558 : episode: 41 score: 181.0 100 games avg: 181.0 steps 182 
INFO : 2021-01-31 19:56:33,411 : episode: 42 score: 194.0 100 games avg: 194.0 steps 195 
INFO : 2021-01-31 19:57:09,530 : episode: 43 score: 172.0 100 games avg: 172.0 steps 173 
INFO : 2021-01-31 19:57:34,337 : episode: 44 score: 149.0 100 games avg: 149.0 steps 150 
INFO : 2021-01-31 19:57:57,851 : episode: 45 score: 157.0 100 games avg: 157.0 steps 158 
INFO : 2021-01-31 19:58:26,410 : episode: 46 score: 184.0 100 games avg: 184.0 steps 185 
INFO : 2021-01-31 19:58:49,810 : episode: 47 score: 151.0 100 games avg: 151.0 steps 152 
INFO : 2021-01-31 19:59:12,123 : episode: 48 score: 143.0 100 games avg: 143.0 steps 144 
INFO : 2021-01-31 19:59:34,995 : episode: 49 score: 149.0 100 games avg: 149.0 steps 150 
INFO : 2021-01-31 20:00:01,570 : episode: 50 score: 157.0 100 games avg: 157.0 steps 158 
INFO : 2021-01-31 20:00:31,401 : episode: 51 score: 152.0 100 games avg: 152.0 steps 153 
INFO : 2021-01-31 20:01:00,295 : episode: 52 score: 138.0 100 games avg: 138.0 steps 139 
INFO : 2021-01-31 20:01:34,013 : episode: 53 score: 165.0 100 games avg: 165.0 steps 166 
INFO : 2021-01-31 20:02:02,114 : episode: 54 score: 144.0 100 games avg: 144.0 steps 145 
INFO : 2021-01-31 20:02:31,022 : episode: 55 score: 140.0 100 games avg: 140.0 steps 141 
INFO : 2021-01-31 20:03:03,362 : episode: 56 score: 158.0 100 games avg: 158.0 steps 159 
INFO : 2021-01-31 20:03:34,000 : episode: 57 score: 145.0 100 games avg: 145.0 steps 146 
INFO : 2021-01-31 20:04:01,040 : episode: 58 score: 138.0 100 games avg: 138.0 steps 139 
INFO : 2021-01-31 20:04:32,060 : episode: 59 score: 163.0 100 games avg: 163.0 steps 164 
INFO : 2021-01-31 20:05:02,838 : episode: 60 score: 149.0 100 games avg: 149.0 steps 150 
INFO : 2021-01-31 20:05:33,466 : episode: 61 score: 149.0 100 games avg: 149.0 steps 150 
INFO : 2021-01-31 20:06:01,857 : episode: 62 score: 154.0 100 games avg: 154.0 steps 155 
INFO : 2021-01-31 20:06:28,074 : episode: 63 score: 165.0 100 games avg: 165.0 steps 166 
INFO : 2021-01-31 20:06:53,906 : episode: 64 score: 159.0 100 games avg: 159.0 steps 160 
INFO : 2021-01-31 20:07:18,282 : episode: 65 score: 150.0 100 games avg: 150.0 steps 151 
INFO : 2021-01-31 20:07:44,746 : episode: 66 score: 157.0 100 games avg: 157.0 steps 158 
INFO : 2021-01-31 20:08:11,066 : episode: 67 score: 160.0 100 games avg: 160.0 steps 161 
INFO : 2021-01-31 20:08:42,537 : episode: 68 score: 168.0 100 games avg: 168.0 steps 169 
INFO : 2021-01-31 20:09:16,807 : episode: 69 score: 148.0 100 games avg: 148.0 steps 149 
INFO : 2021-01-31 20:09:53,057 : episode: 70 score: 148.0 100 games avg: 148.0 steps 149 
INFO : 2021-01-31 20:10:31,326 : episode: 71 score: 158.0 100 games avg: 158.0 steps 159 
INFO : 2021-01-31 20:11:07,391 : episode: 72 score: 165.0 100 games avg: 165.0 steps 166 
INFO : 2021-01-31 20:11:46,867 : episode: 73 score: 163.0 100 games avg: 163.0 steps 164 
INFO : 2021-01-31 20:12:26,140 : episode: 74 score: 163.0 100 games avg: 163.0 steps 164 
INFO : 2021-01-31 20:13:03,816 : episode: 75 score: 162.0 100 games avg: 162.0 steps 163 
INFO : 2021-01-31 20:13:45,534 : episode: 76 score: 181.0 100 games avg: 181.0 steps 182 
INFO : 2021-01-31 20:14:30,008 : episode: 77 score: 192.0 100 games avg: 192.0 steps 193 
INFO : 2021-01-31 20:15:02,067 : episode: 78 score: 153.0 100 games avg: 153.0 steps 154 
INFO : 2021-01-31 20:15:32,188 : episode: 79 score: 187.0 100 games avg: 187.0 steps 188 
INFO : 2021-01-31 20:16:01,403 : episode: 80 score: 182.0 100 games avg: 182.0 steps 183 
INFO : 2021-01-31 20:16:32,762 : episode: 81 score: 190.0 100 games avg: 190.0 steps 191 
INFO : 2021-01-31 20:17:06,112 : episode: 82 score: 189.0 100 games avg: 189.0 steps 190 
INFO : 2021-01-31 20:17:36,408 : episode: 83 score: 166.0 100 games avg: 166.0 steps 167 
INFO : 2021-01-31 20:18:25,005 : episode: 84 score: 198.0 100 games avg: 198.0 steps 199 
INFO : 2021-01-31 20:19:12,573 : episode: 85 score: 200.0 100 games avg: 200.0 steps 201 
INFO : 2021-01-31 20:19:57,604 : episode: 86 score: 186.0 100 games avg: 186.0 steps 187 
INFO : 2021-01-31 20:20:44,672 : episode: 87 score: 194.0 100 games avg: 194.0 steps 195 
INFO : 2021-01-31 20:21:33,873 : episode: 88 score: 200.0 100 games avg: 200.0 steps 201 
INFO : 2021-01-31 20:22:22,938 : episode: 89 score: 200.0 100 games avg: 200.0 steps 201 
INFO : 2021-01-31 20:23:09,747 : episode: 90 score: 200.0 100 games avg: 200.0 steps 201 
INFO : 2021-01-31 20:23:56,716 : episode: 91 score: 200.0 100 games avg: 200.0 steps 201 
INFO : 2021-01-31 20:24:22,026 : episode: 92 score: 133.0 100 games avg: 133.0 steps 134 
INFO : 2021-01-31 20:24:54,757 : episode: 93 score: 200.0 100 games avg: 200.0 steps 201 
INFO : 2021-01-31 20:25:26,526 : episode: 94 score: 193.0 100 games avg: 193.0 steps 194 
INFO : 2021-01-31 20:26:02,069 : episode: 95 score: 199.0 100 games avg: 199.0 steps 200 
INFO : 2021-01-31 20:26:42,425 : episode: 96 score: 184.0 100 games avg: 184.0 steps 185 
INFO : 2021-01-31 20:27:19,645 : episode: 97 score: 167.0 100 games avg: 167.0 steps 168 
INFO : 2021-01-31 20:28:01,242 : episode: 98 score: 200.0 100 games avg: 200.0 steps 201 
INFO : 2021-01-31 20:28:33,482 : episode: 99 score: 143.0 100 games avg: 143.0 steps 144 
