INFO : 2021-01-19 01:02:35,531 : method: Model Predictive Contorol
INFO : 2021-01-19 01:02:35,532 : parameter n_steps: 100 ensemble_size: 5 env: Hopper-v2
INFO : 2021-01-19 01:02:38,438 : mpc horizon: 10 mpc_samples: 100 elite_sample: 30 grad_steps: 10
INFO : 2021-01-19 01:02:38,438 : mpc_function policy
INFO : 2021-01-19 01:02:38,438 : policy
INFO : 2021-01-19 01:02:44,774 : episode: 0 score: 26.6 100 games avg: 26.6 steps 35 
INFO : 2021-01-19 01:02:50,322 : episode: 1 score: 21.7 100 games avg: 21.7 steps 30 
INFO : 2021-01-19 01:02:55,442 : episode: 2 score: 19.5 100 games avg: 19.5 steps 28 
INFO : 2021-01-19 01:03:01,095 : episode: 3 score: 21.8 100 games avg: 21.8 steps 31 
INFO : 2021-01-19 01:03:05,867 : episode: 4 score: 18.2 100 games avg: 18.2 steps 26 
INFO : 2021-01-19 01:03:18,015 : episode: 5 score: 54.5 100 games avg: 54.5 steps 67 
INFO : 2021-01-19 01:03:24,737 : episode: 6 score: 29.4 100 games avg: 29.4 steps 37 
INFO : 2021-01-19 01:03:32,818 : episode: 7 score: 14.6 100 games avg: 14.6 steps 42 
INFO : 2021-01-19 01:03:42,395 : episode: 8 score: 87.5 100 games avg: 87.5 steps 50 
INFO : 2021-01-19 01:03:48,979 : episode: 9 score: 61.3 100 games avg: 61.3 steps 34 
INFO : 2021-01-19 01:03:57,270 : episode: 10 score: 76.1 100 games avg: 76.1 steps 43 
INFO : 2021-01-19 01:04:02,829 : episode: 11 score: 47.3 100 games avg: 47.3 steps 29 
INFO : 2021-01-19 01:04:09,591 : episode: 12 score: 62.3 100 games avg: 62.3 steps 35 
INFO : 2021-01-19 01:04:13,658 : episode: 13 score: 31.0 100 games avg: 31.0 steps 21 
INFO : 2021-01-19 01:04:18,337 : episode: 14 score: 41.1 100 games avg: 41.1 steps 24 
INFO : 2021-01-19 01:04:23,850 : episode: 15 score: 48.0 100 games avg: 48.0 steps 28 
INFO : 2021-01-19 01:04:31,346 : episode: 16 score: 65.6 100 games avg: 65.6 steps 38 
INFO : 2021-01-19 01:04:36,920 : episode: 17 score: 48.5 100 games avg: 48.5 steps 28 
INFO : 2021-01-19 01:04:41,655 : episode: 18 score: 41.1 100 games avg: 41.1 steps 24 
INFO : 2021-01-19 01:04:46,556 : episode: 19 score: 42.2 100 games avg: 42.2 steps 25 
INFO : 2021-01-19 01:04:51,225 : episode: 20 score: 40.8 100 games avg: 40.8 steps 24 
INFO : 2021-01-19 01:04:56,565 : episode: 21 score: 45.1 100 games avg: 45.1 steps 27 
INFO : 2021-01-19 01:05:02,609 : episode: 22 score: 53.3 100 games avg: 53.3 steps 31 
INFO : 2021-01-19 01:05:07,204 : episode: 23 score: 39.2 100 games avg: 39.2 steps 23 
INFO : 2021-01-19 01:05:12,766 : episode: 24 score: 48.4 100 games avg: 48.4 steps 28 
INFO : 2021-01-19 01:05:18,570 : episode: 25 score: 50.3 100 games avg: 50.3 steps 29 
INFO : 2021-01-19 01:05:24,166 : episode: 26 score: 49.0 100 games avg: 49.0 steps 28 
INFO : 2021-01-19 01:05:29,471 : episode: 27 score: 47.1 100 games avg: 47.1 steps 27 
INFO : 2021-01-19 01:05:35,824 : episode: 28 score: 57.1 100 games avg: 57.1 steps 32 
INFO : 2021-01-19 01:05:41,277 : episode: 29 score: 45.6 100 games avg: 45.6 steps 27 
INFO : 2021-01-19 01:05:49,036 : episode: 30 score: 70.1 100 games avg: 70.1 steps 39 
INFO : 2021-01-19 01:05:54,982 : episode: 31 score: 53.6 100 games avg: 53.6 steps 30 
INFO : 2021-01-19 01:06:11,729 : episode: 32 score: 173.9 100 games avg: 173.9 steps 87 
INFO : 2021-01-19 01:06:28,375 : episode: 33 score: 169.3 100 games avg: 169.3 steps 86 
INFO : 2021-01-19 01:06:44,746 : episode: 34 score: 170.0 100 games avg: 170.0 steps 84 
INFO : 2021-01-19 01:07:01,653 : episode: 35 score: 170.8 100 games avg: 170.8 steps 87 
INFO : 2021-01-19 01:07:18,504 : episode: 36 score: 171.8 100 games avg: 171.8 steps 86 
INFO : 2021-01-19 01:07:35,388 : episode: 37 score: 173.0 100 games avg: 173.0 steps 86 
INFO : 2021-01-19 01:07:52,139 : episode: 38 score: 176.4 100 games avg: 176.4 steps 85 
INFO : 2021-01-19 01:08:09,028 : episode: 39 score: 175.4 100 games avg: 175.4 steps 86 
INFO : 2021-01-19 01:08:14,516 : episode: 40 score: 46.1 100 games avg: 46.1 steps 26 
INFO : 2021-01-19 01:08:31,241 : episode: 41 score: 169.0 100 games avg: 169.0 steps 86 
INFO : 2021-01-19 01:08:48,188 : episode: 42 score: 174.3 100 games avg: 174.3 steps 86 
INFO : 2021-01-19 01:09:05,268 : episode: 43 score: 174.9 100 games avg: 174.9 steps 87 
INFO : 2021-01-19 01:09:22,112 : episode: 44 score: 171.8 100 games avg: 171.8 steps 86 
INFO : 2021-01-19 01:09:39,139 : episode: 45 score: 171.5 100 games avg: 171.5 steps 86 
INFO : 2021-01-19 01:09:56,379 : episode: 46 score: 167.0 100 games avg: 167.0 steps 86 
INFO : 2021-01-19 01:10:13,707 : episode: 47 score: 170.8 100 games avg: 170.8 steps 87 
INFO : 2021-01-19 01:10:30,880 : episode: 48 score: 166.3 100 games avg: 166.3 steps 86 
INFO : 2021-01-19 01:10:47,821 : episode: 49 score: 167.7 100 games avg: 167.7 steps 85 
INFO : 2021-01-19 01:11:04,481 : episode: 50 score: 172.4 100 games avg: 172.4 steps 84 
INFO : 2021-01-19 01:11:11,742 : episode: 51 score: 61.7 100 games avg: 61.7 steps 34 
INFO : 2021-01-19 01:11:20,280 : episode: 52 score: 74.1 100 games avg: 74.1 steps 41 
INFO : 2021-01-19 01:11:37,601 : episode: 53 score: 172.6 100 games avg: 172.6 steps 87 
INFO : 2021-01-19 01:11:54,664 : episode: 54 score: 171.4 100 games avg: 171.4 steps 86 
INFO : 2021-01-19 01:12:00,559 : episode: 55 score: 46.2 100 games avg: 46.2 steps 26 
INFO : 2021-01-19 01:12:05,877 : episode: 56 score: 39.9 100 games avg: 39.9 steps 23 
INFO : 2021-01-19 01:12:22,842 : episode: 57 score: 173.3 100 games avg: 173.3 steps 84 
INFO : 2021-01-19 01:12:29,858 : episode: 58 score: 58.0 100 games avg: 58.0 steps 32 
INFO : 2021-01-19 01:12:35,413 : episode: 59 score: 44.2 100 games avg: 44.2 steps 25 
INFO : 2021-01-19 01:12:52,795 : episode: 60 score: 171.8 100 games avg: 171.8 steps 87 
INFO : 2021-01-19 01:12:58,601 : episode: 61 score: 43.6 100 games avg: 43.6 steps 25 
INFO : 2021-01-19 01:13:16,085 : episode: 62 score: 171.6 100 games avg: 171.6 steps 86 
INFO : 2021-01-19 01:13:33,657 : episode: 63 score: 171.6 100 games avg: 171.6 steps 87 
INFO : 2021-01-19 01:13:51,161 : episode: 64 score: 173.7 100 games avg: 173.7 steps 86 
INFO : 2021-01-19 01:14:08,718 : episode: 65 score: 172.1 100 games avg: 172.1 steps 86 
INFO : 2021-01-19 01:14:26,320 : episode: 66 score: 173.0 100 games avg: 173.0 steps 86 
INFO : 2021-01-19 01:14:43,710 : episode: 67 score: 171.3 100 games avg: 171.3 steps 85 
INFO : 2021-01-19 01:15:01,239 : episode: 68 score: 172.4 100 games avg: 172.4 steps 85 
INFO : 2021-01-19 01:15:18,645 : episode: 69 score: 171.8 100 games avg: 171.8 steps 85 
INFO : 2021-01-19 01:15:36,022 : episode: 70 score: 174.0 100 games avg: 174.0 steps 84 
INFO : 2021-01-19 01:15:42,825 : episode: 71 score: 48.6 100 games avg: 48.6 steps 28 
INFO : 2021-01-19 01:16:00,361 : episode: 72 score: 168.0 100 games avg: 168.0 steps 85 
INFO : 2021-01-19 01:16:18,044 : episode: 73 score: 181.6 100 games avg: 181.6 steps 85 
INFO : 2021-01-19 01:16:35,614 : episode: 74 score: 175.7 100 games avg: 175.7 steps 85 
INFO : 2021-01-19 01:16:53,253 : episode: 75 score: 174.9 100 games avg: 174.9 steps 85 
INFO : 2021-01-19 01:17:10,645 : episode: 76 score: 171.9 100 games avg: 171.9 steps 84 
INFO : 2021-01-19 01:17:28,112 : episode: 77 score: 181.2 100 games avg: 181.2 steps 85 
INFO : 2021-01-19 01:17:45,620 : episode: 78 score: 171.1 100 games avg: 171.1 steps 84 
INFO : 2021-01-19 01:18:03,054 : episode: 79 score: 177.4 100 games avg: 177.4 steps 84 
INFO : 2021-01-19 01:18:20,939 : episode: 80 score: 186.3 100 games avg: 186.3 steps 86 
INFO : 2021-01-19 01:18:38,656 : episode: 81 score: 176.7 100 games avg: 176.7 steps 84 
INFO : 2021-01-19 01:18:56,092 : episode: 82 score: 175.4 100 games avg: 175.4 steps 84 
INFO : 2021-01-19 01:19:14,038 : episode: 83 score: 175.2 100 games avg: 175.2 steps 86 
INFO : 2021-01-19 01:19:31,960 : episode: 84 score: 174.5 100 games avg: 174.5 steps 86 
INFO : 2021-01-19 01:19:49,434 : episode: 85 score: 183.6 100 games avg: 183.6 steps 84 
INFO : 2021-01-19 01:20:06,995 : episode: 86 score: 182.2 100 games avg: 182.2 steps 83 
INFO : 2021-01-19 01:20:24,921 : episode: 87 score: 180.1 100 games avg: 180.1 steps 86 
INFO : 2021-01-19 01:20:42,433 : episode: 88 score: 178.6 100 games avg: 178.6 steps 84 
INFO : 2021-01-19 01:21:00,157 : episode: 89 score: 181.0 100 games avg: 181.0 steps 84 
INFO : 2021-01-19 01:21:18,144 : episode: 90 score: 191.1 100 games avg: 191.1 steps 86 
INFO : 2021-01-19 01:21:35,963 : episode: 91 score: 177.6 100 games avg: 177.6 steps 84 
INFO : 2021-01-19 01:21:53,933 : episode: 92 score: 175.0 100 games avg: 175.0 steps 84 
INFO : 2021-01-19 01:22:11,609 : episode: 93 score: 178.1 100 games avg: 178.1 steps 83 
INFO : 2021-01-19 01:22:29,191 : episode: 94 score: 178.0 100 games avg: 178.0 steps 82 
INFO : 2021-01-19 01:22:47,056 : episode: 95 score: 181.0 100 games avg: 181.0 steps 84 
INFO : 2021-01-19 01:23:04,939 : episode: 96 score: 179.7 100 games avg: 179.7 steps 84 
INFO : 2021-01-19 01:23:22,748 : episode: 97 score: 184.3 100 games avg: 184.3 steps 84 
INFO : 2021-01-19 01:23:40,991 : episode: 98 score: 178.5 100 games avg: 178.5 steps 85 
INFO : 2021-01-19 01:23:59,000 : episode: 99 score: 185.4 100 games avg: 185.4 steps 84 
