INFO : 2021-01-21 04:13:13,938 : method: Model Predictive Contorol
INFO : 2021-01-21 04:13:13,939 : parameter n_steps: 1000 ensemble_size: 5 env: HalfCheetah-v2
INFO : 2021-01-21 04:13:16,632 : mpc horizon: 10 mpc_samples: 100 elite_sample: 30 grad_steps: 10
INFO : 2021-01-21 04:13:16,632 : mpc_function policy-entropy
INFO : 2021-01-21 04:13:16,632 : entropy=0.5
INFO : 2021-01-21 04:16:25,877 : episode: 0 score: -121.0 100 games avg: -121.0 steps 1000 
INFO : 2021-01-21 04:19:30,735 : episode: 1 score: -241.5 100 games avg: -241.5 steps 1000 
INFO : 2021-01-21 04:22:36,181 : episode: 2 score: -238.8 100 games avg: -238.8 steps 1000 
INFO : 2021-01-21 04:25:42,458 : episode: 3 score: -90.2 100 games avg: -90.2 steps 1000 
INFO : 2021-01-21 04:28:48,683 : episode: 4 score: -146.2 100 games avg: -146.2 steps 1000 
INFO : 2021-01-21 04:31:55,355 : episode: 5 score: -304.5 100 games avg: -304.5 steps 1000 
INFO : 2021-01-21 04:35:02,212 : episode: 6 score: -276.3 100 games avg: -276.3 steps 1000 
INFO : 2021-01-21 04:38:11,527 : episode: 7 score: -179.5 100 games avg: -179.5 steps 1000 
INFO : 2021-01-21 04:41:19,947 : episode: 8 score: -189.3 100 games avg: -189.3 steps 1000 
INFO : 2021-01-21 04:44:28,596 : episode: 9 score: -85.0 100 games avg: -85.0 steps 1000 
INFO : 2021-01-21 04:47:36,804 : episode: 10 score: -75.4 100 games avg: -75.4 steps 1000 
INFO : 2021-01-21 04:50:45,177 : episode: 11 score: -88.0 100 games avg: -88.0 steps 1000 
INFO : 2021-01-21 04:53:53,784 : episode: 12 score: -15.9 100 games avg: -15.9 steps 1000 
INFO : 2021-01-21 04:57:04,099 : episode: 13 score: -36.4 100 games avg: -36.4 steps 1000 
INFO : 2021-01-21 05:00:14,476 : episode: 14 score: 3.6 100 games avg: 3.6 steps 1000 
INFO : 2021-01-21 05:03:26,818 : episode: 15 score: -17.7 100 games avg: -17.7 steps 1000 
INFO : 2021-01-21 05:06:37,910 : episode: 16 score: 22.2 100 games avg: 22.2 steps 1000 
INFO : 2021-01-21 05:09:49,470 : episode: 17 score: 36.9 100 games avg: 36.9 steps 1000 
INFO : 2021-01-21 05:13:00,574 : episode: 18 score: 47.6 100 games avg: 47.6 steps 1000 
INFO : 2021-01-21 05:16:12,054 : episode: 19 score: 88.5 100 games avg: 88.5 steps 1000 
INFO : 2021-01-21 05:19:24,622 : episode: 20 score: 82.9 100 games avg: 82.9 steps 1000 
INFO : 2021-01-21 05:22:37,258 : episode: 21 score: 152.4 100 games avg: 152.4 steps 1000 
INFO : 2021-01-21 05:25:50,008 : episode: 22 score: 176.3 100 games avg: 176.3 steps 1000 
INFO : 2021-01-21 05:29:04,604 : episode: 23 score: 196.1 100 games avg: 196.1 steps 1000 
INFO : 2021-01-21 05:32:15,434 : episode: 24 score: 304.9 100 games avg: 304.9 steps 1000 
INFO : 2021-01-21 05:35:18,766 : episode: 25 score: 364.5 100 games avg: 364.5 steps 1000 
INFO : 2021-01-21 05:38:32,415 : episode: 26 score: 455.2 100 games avg: 455.2 steps 1000 
INFO : 2021-01-21 05:41:47,662 : episode: 27 score: 603.7 100 games avg: 603.7 steps 1000 
INFO : 2021-01-21 05:45:00,240 : episode: 28 score: 730.1 100 games avg: 730.1 steps 1000 
INFO : 2021-01-21 05:48:15,331 : episode: 29 score: 792.8 100 games avg: 792.8 steps 1000 
INFO : 2021-01-21 05:51:30,420 : episode: 30 score: 728.4 100 games avg: 728.4 steps 1000 
INFO : 2021-01-21 05:54:41,087 : episode: 31 score: 834.4 100 games avg: 834.4 steps 1000 
INFO : 2021-01-21 05:57:59,023 : episode: 32 score: 860.3 100 games avg: 860.3 steps 1000 
INFO : 2021-01-21 06:01:12,913 : episode: 33 score: 833.3 100 games avg: 833.3 steps 1000 
INFO : 2021-01-21 06:04:30,237 : episode: 34 score: 882.7 100 games avg: 882.7 steps 1000 
INFO : 2021-01-21 06:07:48,190 : episode: 35 score: 893.3 100 games avg: 893.3 steps 1000 
INFO : 2021-01-21 06:11:05,460 : episode: 36 score: 897.6 100 games avg: 897.6 steps 1000 
INFO : 2021-01-21 06:14:19,052 : episode: 37 score: 967.1 100 games avg: 967.1 steps 1000 
INFO : 2021-01-21 06:17:38,300 : episode: 38 score: 971.3 100 games avg: 971.3 steps 1000 
INFO : 2021-01-21 06:20:58,663 : episode: 39 score: 907.7 100 games avg: 907.7 steps 1000 
INFO : 2021-01-21 06:24:18,001 : episode: 40 score: 945.1 100 games avg: 945.1 steps 1000 
INFO : 2021-01-21 06:27:38,234 : episode: 41 score: 920.7 100 games avg: 920.7 steps 1000 
INFO : 2021-01-21 06:30:56,127 : episode: 42 score: 1006.2 100 games avg: 1006.2 steps 1000 
INFO : 2021-01-21 06:34:16,784 : episode: 43 score: 964.8 100 games avg: 964.8 steps 1000 
INFO : 2021-01-21 06:37:37,606 : episode: 44 score: 978.5 100 games avg: 978.5 steps 1000 
INFO : 2021-01-21 06:41:00,073 : episode: 45 score: 1002.8 100 games avg: 1002.8 steps 1000 
INFO : 2021-01-21 06:44:21,698 : episode: 46 score: 961.2 100 games avg: 961.2 steps 1000 
INFO : 2021-01-21 06:47:43,787 : episode: 47 score: 976.9 100 games avg: 976.9 steps 1000 
INFO : 2021-01-21 06:51:06,402 : episode: 48 score: 1022.4 100 games avg: 1022.4 steps 1000 
INFO : 2021-01-21 06:54:29,366 : episode: 49 score: 950.7 100 games avg: 950.7 steps 1000 
INFO : 2021-01-21 06:57:52,730 : episode: 50 score: 1060.2 100 games avg: 1060.2 steps 1000 
INFO : 2021-01-21 07:01:17,337 : episode: 51 score: 1079.9 100 games avg: 1079.9 steps 1000 
INFO : 2021-01-21 07:04:42,448 : episode: 52 score: 1013.6 100 games avg: 1013.6 steps 1000 
INFO : 2021-01-21 07:08:07,262 : episode: 53 score: 955.0 100 games avg: 955.0 steps 1000 
INFO : 2021-01-21 07:11:32,586 : episode: 54 score: 1019.1 100 games avg: 1019.1 steps 1000 
INFO : 2021-01-21 07:14:57,436 : episode: 55 score: 953.7 100 games avg: 953.7 steps 1000 
INFO : 2021-01-21 07:18:23,252 : episode: 56 score: 1052.0 100 games avg: 1052.0 steps 1000 
INFO : 2021-01-21 07:21:49,283 : episode: 57 score: 913.0 100 games avg: 913.0 steps 1000 
INFO : 2021-01-21 07:25:17,113 : episode: 58 score: 954.5 100 games avg: 954.5 steps 1000 
INFO : 2021-01-21 07:28:44,028 : episode: 59 score: 774.9 100 games avg: 774.9 steps 1000 
INFO : 2021-01-21 07:32:11,158 : episode: 60 score: 888.7 100 games avg: 888.7 steps 1000 
INFO : 2021-01-21 07:35:37,245 : episode: 61 score: 930.7 100 games avg: 930.7 steps 1000 
INFO : 2021-01-21 07:39:05,272 : episode: 62 score: 925.4 100 games avg: 925.4 steps 1000 
INFO : 2021-01-21 07:42:34,083 : episode: 63 score: 973.7 100 games avg: 973.7 steps 1000 
INFO : 2021-01-21 07:46:04,419 : episode: 64 score: 971.9 100 games avg: 971.9 steps 1000 
INFO : 2021-01-21 07:49:33,504 : episode: 65 score: 911.4 100 games avg: 911.4 steps 1000 
INFO : 2021-01-21 07:53:02,140 : episode: 66 score: 1040.9 100 games avg: 1040.9 steps 1000 
INFO : 2021-01-21 07:56:32,281 : episode: 67 score: 926.7 100 games avg: 926.7 steps 1000 
INFO : 2021-01-21 08:00:02,519 : episode: 68 score: 922.3 100 games avg: 922.3 steps 1000 
INFO : 2021-01-21 08:03:32,085 : episode: 69 score: 974.0 100 games avg: 974.0 steps 1000 
INFO : 2021-01-21 08:07:02,458 : episode: 70 score: 969.2 100 games avg: 969.2 steps 1000 
INFO : 2021-01-21 08:10:22,742 : episode: 71 score: 1048.9 100 games avg: 1048.9 steps 1000 
INFO : 2021-01-21 08:13:53,161 : episode: 72 score: 870.9 100 games avg: 870.9 steps 1000 
INFO : 2021-01-21 08:17:19,290 : episode: 73 score: 831.8 100 games avg: 831.8 steps 1000 
INFO : 2021-01-21 08:20:45,007 : episode: 74 score: 913.0 100 games avg: 913.0 steps 1000 
INFO : 2021-01-21 08:24:09,210 : episode: 75 score: 629.8 100 games avg: 629.8 steps 1000 
INFO : 2021-01-21 08:27:35,692 : episode: 76 score: 719.8 100 games avg: 719.8 steps 1000 
INFO : 2021-01-21 08:31:04,338 : episode: 77 score: 597.3 100 games avg: 597.3 steps 1000 
INFO : 2021-01-21 08:34:31,846 : episode: 78 score: 526.2 100 games avg: 526.2 steps 1000 
INFO : 2021-01-21 08:38:04,224 : episode: 79 score: 878.4 100 games avg: 878.4 steps 1000 
INFO : 2021-01-21 08:41:39,830 : episode: 80 score: 1033.7 100 games avg: 1033.7 steps 1000 
INFO : 2021-01-21 08:45:04,415 : episode: 81 score: 1083.5 100 games avg: 1083.5 steps 1000 
INFO : 2021-01-21 08:48:34,675 : episode: 82 score: 1081.7 100 games avg: 1081.7 steps 1000 
INFO : 2021-01-21 08:52:10,473 : episode: 83 score: 1058.3 100 games avg: 1058.3 steps 1000 
INFO : 2021-01-21 08:55:46,446 : episode: 84 score: 1087.1 100 games avg: 1087.1 steps 1000 
INFO : 2021-01-21 08:59:23,306 : episode: 85 score: 1092.5 100 games avg: 1092.5 steps 1000 
INFO : 2021-01-21 09:03:00,168 : episode: 86 score: 1121.3 100 games avg: 1121.3 steps 1000 
INFO : 2021-01-21 09:06:27,703 : episode: 87 score: 1137.0 100 games avg: 1137.0 steps 1000 
INFO : 2021-01-21 09:10:08,395 : episode: 88 score: 1150.6 100 games avg: 1150.6 steps 1000 
INFO : 2021-01-21 09:13:46,489 : episode: 89 score: 1114.9 100 games avg: 1114.9 steps 1000 
INFO : 2021-01-21 09:17:24,686 : episode: 90 score: 1129.9 100 games avg: 1129.9 steps 1000 
INFO : 2021-01-21 09:21:03,339 : episode: 91 score: 1107.2 100 games avg: 1107.2 steps 1000 
INFO : 2021-01-21 09:24:32,554 : episode: 92 score: 1113.1 100 games avg: 1113.1 steps 1000 
INFO : 2021-01-21 09:28:12,519 : episode: 93 score: 1124.0 100 games avg: 1124.0 steps 1000 
INFO : 2021-01-21 09:31:52,710 : episode: 94 score: 1105.0 100 games avg: 1105.0 steps 1000 
INFO : 2021-01-21 09:35:34,954 : episode: 95 score: 1120.2 100 games avg: 1120.2 steps 1000 
INFO : 2021-01-21 09:39:17,338 : episode: 96 score: 1160.4 100 games avg: 1160.4 steps 1000 
INFO : 2021-01-21 09:42:58,535 : episode: 97 score: 1101.1 100 games avg: 1101.1 steps 1000 
INFO : 2021-01-21 09:46:41,172 : episode: 98 score: 1193.5 100 games avg: 1193.5 steps 1000 
INFO : 2021-01-21 09:50:22,461 : episode: 99 score: 1161.0 100 games avg: 1161.0 steps 1000 
INFO : 2021-01-21 09:54:04,708 : episode: 100 score: 1172.7 100 games avg: 1172.7 steps 1000 
INFO : 2021-01-21 09:57:48,272 : episode: 101 score: 1139.0 100 games avg: 1139.0 steps 1000 
INFO : 2021-01-21 10:01:34,533 : episode: 102 score: 1135.9 100 games avg: 1135.9 steps 1000 
INFO : 2021-01-21 10:05:17,886 : episode: 103 score: 1084.7 100 games avg: 1084.7 steps 1000 
INFO : 2021-01-21 10:08:55,285 : episode: 104 score: 1132.3 100 games avg: 1132.3 steps 1000 
INFO : 2021-01-21 10:12:38,817 : episode: 105 score: 1110.2 100 games avg: 1110.2 steps 1000 
INFO : 2021-01-21 10:16:15,218 : episode: 106 score: 1185.6 100 games avg: 1185.6 steps 1000 
INFO : 2021-01-21 10:20:00,406 : episode: 107 score: 1114.8 100 games avg: 1114.8 steps 1000 
INFO : 2021-01-21 10:23:24,856 : episode: 108 score: 1105.1 100 games avg: 1105.1 steps 1000 
INFO : 2021-01-21 10:27:02,333 : episode: 109 score: 1131.2 100 games avg: 1131.2 steps 1000 
INFO : 2021-01-21 10:30:47,925 : episode: 110 score: 1100.3 100 games avg: 1100.3 steps 1000 
INFO : 2021-01-21 10:34:27,270 : episode: 111 score: 1094.0 100 games avg: 1094.0 steps 1000 
INFO : 2021-01-21 10:38:03,896 : episode: 112 score: 1121.5 100 games avg: 1121.5 steps 1000 
INFO : 2021-01-21 10:41:53,175 : episode: 113 score: 1167.0 100 games avg: 1167.0 steps 1000 
INFO : 2021-01-21 10:45:41,490 : episode: 114 score: 1090.3 100 games avg: 1090.3 steps 1000 
INFO : 2021-01-21 10:49:27,576 : episode: 115 score: 1140.2 100 games avg: 1140.2 steps 1000 
INFO : 2021-01-21 10:53:15,936 : episode: 116 score: 1168.2 100 games avg: 1168.2 steps 1000 
INFO : 2021-01-21 10:57:04,729 : episode: 117 score: 1136.5 100 games avg: 1136.5 steps 1000 
INFO : 2021-01-21 11:00:54,400 : episode: 118 score: 1180.6 100 games avg: 1180.6 steps 1000 
INFO : 2021-01-21 11:04:46,127 : episode: 119 score: 1172.9 100 games avg: 1172.9 steps 1000 
INFO : 2021-01-21 11:08:35,856 : episode: 120 score: 1095.9 100 games avg: 1095.9 steps 1000 
INFO : 2021-01-21 11:12:24,692 : episode: 121 score: 1165.6 100 games avg: 1165.6 steps 1000 
INFO : 2021-01-21 11:15:58,243 : episode: 122 score: 1201.7 100 games avg: 1201.7 steps 1000 
INFO : 2021-01-21 11:19:33,033 : episode: 123 score: 1198.8 100 games avg: 1198.8 steps 1000 
INFO : 2021-01-21 11:23:23,892 : episode: 124 score: 1145.9 100 games avg: 1145.9 steps 1000 
INFO : 2021-01-21 11:27:15,627 : episode: 125 score: 1115.8 100 games avg: 1115.8 steps 1000 
INFO : 2021-01-21 11:31:07,746 : episode: 126 score: 1168.0 100 games avg: 1168.0 steps 1000 
INFO : 2021-01-21 11:34:59,628 : episode: 127 score: 1150.9 100 games avg: 1150.9 steps 1000 
INFO : 2021-01-21 11:38:52,119 : episode: 128 score: 1103.8 100 games avg: 1103.8 steps 1000 
INFO : 2021-01-21 11:42:44,891 : episode: 129 score: 1209.6 100 games avg: 1209.6 steps 1000 
INFO : 2021-01-21 11:46:38,331 : episode: 130 score: 1150.8 100 games avg: 1150.8 steps 1000 
INFO : 2021-01-21 11:50:31,743 : episode: 131 score: 1202.4 100 games avg: 1202.4 steps 1000 
INFO : 2021-01-21 11:54:29,370 : episode: 132 score: 1124.1 100 games avg: 1124.1 steps 1000 
INFO : 2021-01-21 11:58:23,594 : episode: 133 score: 1168.0 100 games avg: 1168.0 steps 1000 
INFO : 2021-01-21 12:02:20,890 : episode: 134 score: 1164.9 100 games avg: 1164.9 steps 1000 
INFO : 2021-01-21 12:06:08,932 : episode: 135 score: 1200.2 100 games avg: 1200.2 steps 1000 
INFO : 2021-01-21 12:10:02,285 : episode: 136 score: 1225.9 100 games avg: 1225.9 steps 1000 
INFO : 2021-01-21 12:13:39,833 : episode: 137 score: 1187.7 100 games avg: 1187.7 steps 1000 
INFO : 2021-01-21 12:17:32,650 : episode: 138 score: 1223.6 100 games avg: 1223.6 steps 1000 
INFO : 2021-01-21 12:21:29,294 : episode: 139 score: 1228.1 100 games avg: 1228.1 steps 1000 
INFO : 2021-01-21 12:25:26,688 : episode: 140 score: 1147.4 100 games avg: 1147.4 steps 1000 
INFO : 2021-01-21 12:29:23,970 : episode: 141 score: 1148.4 100 games avg: 1148.4 steps 1000 
INFO : 2021-01-21 12:33:23,255 : episode: 142 score: 1144.8 100 games avg: 1144.8 steps 1000 
INFO : 2021-01-21 12:37:11,793 : episode: 143 score: 1121.1 100 games avg: 1121.1 steps 1000 
INFO : 2021-01-21 12:41:11,091 : episode: 144 score: 1116.4 100 games avg: 1116.4 steps 1000 
INFO : 2021-01-21 12:45:10,992 : episode: 145 score: 1145.6 100 games avg: 1145.6 steps 1000 
INFO : 2021-01-21 12:49:09,214 : episode: 146 score: 1184.8 100 games avg: 1184.8 steps 1000 
INFO : 2021-01-21 12:53:09,834 : episode: 147 score: 1186.8 100 games avg: 1186.8 steps 1000 
INFO : 2021-01-21 12:57:09,298 : episode: 148 score: 1021.5 100 games avg: 1021.5 steps 1000 
INFO : 2021-01-21 13:01:08,857 : episode: 149 score: 1177.4 100 games avg: 1177.4 steps 1000 
INFO : 2021-01-21 13:05:09,631 : episode: 150 score: 1177.8 100 games avg: 1177.8 steps 1000 
INFO : 2021-01-21 13:09:11,299 : episode: 151 score: 1169.9 100 games avg: 1169.9 steps 1000 
