INFO : 2021-01-28 01:17:23,699 : method: Model Predictive Contorol
INFO : 2021-01-28 01:17:23,699 : parameter n_steps: 100 ensemble_size: 5 env: HalfCheetah-v2
INFO : 2021-01-28 01:17:26,725 : mpc horizon: 10 mpc_samples: 100 elite_sample: 30 grad_steps: 10
INFO : 2021-01-28 01:17:26,725 : mpc_function policy-gamma
INFO : 2021-01-28 01:17:26,725 : policy-gamma
INFO : 2021-01-28 01:17:27,191 : state_square_error: 0.727 reward_error: 0.718
INFO : 2021-01-28 01:18:06,795 : state_square_error: 0.567 reward_error: 1.941
INFO : 2021-01-28 01:18:44,862 : state_square_error: 2.178 reward_error: 1.387
INFO : 2021-01-28 01:19:25,762 : state_square_error: 91.043 reward_error: 0.847
INFO : 2021-01-28 01:20:06,870 : state_square_error: 34.149 reward_error: 5.065
INFO : 2021-01-28 01:20:48,914 : state_square_error: 76.332 reward_error: 7.797
INFO : 2021-01-28 01:21:30,487 : state_square_error: 77.407 reward_error: 16.345
INFO : 2021-01-28 01:22:11,393 : state_square_error: 33.167 reward_error: 19.238
INFO : 2021-01-28 01:22:53,440 : state_square_error: 56.198 reward_error: 30.871
INFO : 2021-01-28 01:23:35,967 : state_square_error: 134.788 reward_error: 65.889
INFO : 2021-01-28 01:24:17,115 : episode: 0 score: -236.5 100 games avg: -236.5 steps 1000 
INFO : 2021-01-28 01:24:17,888 : state_square_error: 17.817 reward_error: 19.560
INFO : 2021-01-28 01:24:59,719 : state_square_error: 9.987 reward_error: 20.290
INFO : 2021-01-28 01:25:41,623 : state_square_error: 74.480 reward_error: 18.778
INFO : 2021-01-28 01:26:22,886 : state_square_error: 17.723 reward_error: 23.315
INFO : 2021-01-28 01:27:05,039 : state_square_error: 54.885 reward_error: 36.440
INFO : 2021-01-28 01:27:46,272 : state_square_error: 51.093 reward_error: 29.851
INFO : 2021-01-28 01:28:26,453 : state_square_error: 10.679 reward_error: 25.181
INFO : 2021-01-28 01:29:08,980 : state_square_error: 11.141 reward_error: 30.640
INFO : 2021-01-28 01:29:51,211 : state_square_error: 8.059 reward_error: 31.370
INFO : 2021-01-28 01:30:34,627 : state_square_error: 15.775 reward_error: 28.733
INFO : 2021-01-28 01:31:17,702 : episode: 1 score: -162.4 100 games avg: -162.4 steps 1000 
INFO : 2021-01-28 01:31:18,966 : state_square_error: 14.882 reward_error: 11.927
INFO : 2021-01-28 01:32:02,412 : state_square_error: 21.062 reward_error: 9.945
INFO : 2021-01-28 01:32:43,690 : state_square_error: 30.119 reward_error: 8.367
INFO : 2021-01-28 01:33:26,368 : state_square_error: 28.034 reward_error: 5.464
INFO : 2021-01-28 01:34:09,385 : state_square_error: 44.372 reward_error: 22.414
INFO : 2021-01-28 01:34:52,558 : state_square_error: 10.458 reward_error: 29.533
INFO : 2021-01-28 01:35:35,194 : state_square_error: 33.639 reward_error: 4.643
INFO : 2021-01-28 01:36:16,458 : state_square_error: 28.547 reward_error: 6.747
INFO : 2021-01-28 01:36:57,776 : state_square_error: 12.152 reward_error: 25.506
INFO : 2021-01-28 01:37:40,237 : state_square_error: 35.457 reward_error: 24.654
INFO : 2021-01-28 01:38:23,169 : episode: 2 score: -178.5 100 games avg: -178.5 steps 1000 
INFO : 2021-01-28 01:38:24,919 : state_square_error: 1194.202 reward_error: 76.140
INFO : 2021-01-28 01:39:07,846 : state_square_error: 254.542 reward_error: 52.949
INFO : 2021-01-28 01:39:49,661 : state_square_error: 620.548 reward_error: 86.697
INFO : 2021-01-28 01:40:32,725 : state_square_error: 7349.243 reward_error: 110.511
INFO : 2021-01-28 01:41:15,534 : state_square_error: 546.205 reward_error: 85.882
INFO : 2021-01-28 01:41:58,441 : state_square_error: 398.216 reward_error: 117.546
INFO : 2021-01-28 01:42:42,008 : state_square_error: 399.258 reward_error: 71.234
INFO : 2021-01-28 01:43:25,488 : state_square_error: 10750.231 reward_error: 142.986
INFO : 2021-01-28 01:44:08,946 : state_square_error: 396.582 reward_error: 89.078
INFO : 2021-01-28 01:44:52,480 : state_square_error: 169.537 reward_error: 108.764
INFO : 2021-01-28 01:45:34,816 : episode: 3 score: -145.5 100 games avg: -145.5 steps 1000 
INFO : 2021-01-28 01:45:37,017 : state_square_error: 42.128 reward_error: 46.182
INFO : 2021-01-28 01:46:20,147 : state_square_error: 76.053 reward_error: 46.340
INFO : 2021-01-28 01:47:03,327 : state_square_error: 54.596 reward_error: 28.717
INFO : 2021-01-28 01:47:46,914 : state_square_error: 34.684 reward_error: 35.899
INFO : 2021-01-28 01:48:30,404 : state_square_error: 63.247 reward_error: 40.332
INFO : 2021-01-28 01:49:13,728 : state_square_error: 33.832 reward_error: 37.458
INFO : 2021-01-28 01:49:56,114 : state_square_error: 70.608 reward_error: 31.001
INFO : 2021-01-28 01:50:39,258 : state_square_error: 52.351 reward_error: 30.401
INFO : 2021-01-28 01:51:21,750 : state_square_error: 61.396 reward_error: 39.697
INFO : 2021-01-28 01:52:02,856 : state_square_error: 86.942 reward_error: 30.941
INFO : 2021-01-28 01:52:44,369 : episode: 4 score: -179.6 100 games avg: -179.6 steps 1000 
INFO : 2021-01-28 01:52:47,006 : state_square_error: 6.113 reward_error: 34.750
INFO : 2021-01-28 01:53:29,560 : state_square_error: 11.908 reward_error: 46.451
INFO : 2021-01-28 01:54:11,985 : state_square_error: 40.647 reward_error: 18.133
INFO : 2021-01-28 01:54:54,465 : state_square_error: 27.224 reward_error: 14.903
INFO : 2021-01-28 01:55:34,969 : state_square_error: 17.458 reward_error: 23.231
INFO : 2021-01-28 01:56:15,346 : state_square_error: 28.237 reward_error: 20.197
INFO : 2021-01-28 01:56:57,213 : state_square_error: 6.433 reward_error: 37.328
INFO : 2021-01-28 01:57:39,849 : state_square_error: 11.143 reward_error: 27.890
INFO : 2021-01-28 01:58:22,208 : state_square_error: 61.140 reward_error: 34.192
INFO : 2021-01-28 01:59:04,463 : state_square_error: 51.333 reward_error: 23.515
INFO : 2021-01-28 01:59:46,422 : episode: 5 score: -220.0 100 games avg: -220.0 steps 1000 
INFO : 2021-01-28 01:59:49,503 : state_square_error: 22.574 reward_error: 46.752
INFO : 2021-01-28 02:00:30,915 : state_square_error: 19.447 reward_error: 19.815
INFO : 2021-01-28 02:01:13,491 : state_square_error: 54.553 reward_error: 11.495
INFO : 2021-01-28 02:01:55,333 : state_square_error: 8.883 reward_error: 9.266
INFO : 2021-01-28 02:02:37,870 : state_square_error: 26.401 reward_error: 6.214
INFO : 2021-01-28 02:03:20,386 : state_square_error: 41.446 reward_error: 13.858
INFO : 2021-01-28 02:04:02,795 : state_square_error: 6.695 reward_error: 6.616
INFO : 2021-01-28 02:04:45,469 : state_square_error: 16.224 reward_error: 6.063
INFO : 2021-01-28 02:05:26,485 : state_square_error: 4.557 reward_error: 3.722
INFO : 2021-01-28 02:06:07,752 : state_square_error: 21.741 reward_error: 5.881
INFO : 2021-01-28 02:06:49,754 : episode: 6 score: -196.0 100 games avg: -196.0 steps 1000 
INFO : 2021-01-28 02:06:53,383 : state_square_error: 2.968 reward_error: 28.828
INFO : 2021-01-28 02:07:35,831 : state_square_error: 1.166 reward_error: 27.387
INFO : 2021-01-28 02:08:18,425 : state_square_error: 8.247 reward_error: 19.149
INFO : 2021-01-28 02:09:00,879 : state_square_error: 6.059 reward_error: 38.088
INFO : 2021-01-28 02:09:43,404 : state_square_error: 2.823 reward_error: 35.339
INFO : 2021-01-28 02:10:25,788 : state_square_error: 1.658 reward_error: 27.884
INFO : 2021-01-28 02:11:08,210 : state_square_error: 5.758 reward_error: 10.745
INFO : 2021-01-28 02:11:50,033 : state_square_error: 5.082 reward_error: 5.675
INFO : 2021-01-28 02:12:32,340 : state_square_error: 13.335 reward_error: 4.684
INFO : 2021-01-28 02:13:14,066 : state_square_error: 2.604 reward_error: 1.302
INFO : 2021-01-28 02:13:54,525 : episode: 7 score: -118.8 100 games avg: -118.8 steps 1000 
INFO : 2021-01-28 02:13:58,728 : state_square_error: 1.686 reward_error: 39.795
INFO : 2021-01-28 02:14:40,207 : state_square_error: 0.877 reward_error: 1.138
INFO : 2021-01-28 02:15:23,491 : state_square_error: 4.900 reward_error: 1.695
INFO : 2021-01-28 02:16:06,601 : state_square_error: 2.416 reward_error: 3.586
INFO : 2021-01-28 02:16:50,077 : state_square_error: 2.151 reward_error: 0.590
INFO : 2021-01-28 02:17:33,485 : state_square_error: 2.828 reward_error: -0.790
INFO : 2021-01-28 02:18:16,701 : state_square_error: 4.364 reward_error: -1.488
INFO : 2021-01-28 02:18:58,763 : state_square_error: 0.787 reward_error: 0.164
INFO : 2021-01-28 02:19:41,296 : state_square_error: 4.386 reward_error: 2.606
INFO : 2021-01-28 02:20:23,645 : state_square_error: 10.133 reward_error: 3.542
INFO : 2021-01-28 02:21:05,399 : episode: 8 score: -135.7 100 games avg: -135.7 steps 1000 
INFO : 2021-01-28 02:21:09,826 : state_square_error: 1.381 reward_error: 38.483
INFO : 2021-01-28 02:21:48,590 : state_square_error: 8.786 reward_error: 13.481
INFO : 2021-01-28 02:22:29,355 : state_square_error: 1.275 reward_error: -2.176
INFO : 2021-01-28 02:23:10,921 : state_square_error: 1.234 reward_error: -5.635
INFO : 2021-01-28 02:23:52,362 : state_square_error: 1.532 reward_error: -1.003
INFO : 2021-01-28 02:24:33,679 : state_square_error: 1.678 reward_error: -3.441
INFO : 2021-01-28 02:25:14,066 : state_square_error: 2.428 reward_error: 0.256
INFO : 2021-01-28 02:25:54,670 : state_square_error: 2.445 reward_error: -0.360
INFO : 2021-01-28 02:26:35,261 : state_square_error: 1.559 reward_error: 2.012
INFO : 2021-01-28 02:27:15,804 : state_square_error: 0.849 reward_error: -1.541
INFO : 2021-01-28 02:27:57,183 : episode: 9 score: -104.5 100 games avg: -104.5 steps 1000 
INFO : 2021-01-28 02:28:02,140 : state_square_error: 0.852 reward_error: 45.537
INFO : 2021-01-28 02:28:44,185 : state_square_error: 3.238 reward_error: 18.733
INFO : 2021-01-28 02:29:26,627 : state_square_error: 0.819 reward_error: 22.937
INFO : 2021-01-28 02:30:08,809 : state_square_error: 1.063 reward_error: 29.150
INFO : 2021-01-28 02:30:51,035 : state_square_error: 1.239 reward_error: 0.748
INFO : 2021-01-28 02:31:31,897 : state_square_error: 1.743 reward_error: -2.290
INFO : 2021-01-28 02:32:12,374 : state_square_error: 2.095 reward_error: -4.378
INFO : 2021-01-28 02:32:53,611 : state_square_error: 0.842 reward_error: -2.303
INFO : 2021-01-28 02:33:35,723 : state_square_error: 1.911 reward_error: -3.708
INFO : 2021-01-28 02:34:17,580 : state_square_error: 0.868 reward_error: -0.195
INFO : 2021-01-28 02:34:59,116 : episode: 10 score: -11.8 100 games avg: -11.8 steps 1000 
INFO : 2021-01-28 02:35:04,356 : state_square_error: 2.128 reward_error: 48.928
INFO : 2021-01-28 02:35:46,325 : state_square_error: 1.861 reward_error: 23.625
INFO : 2021-01-28 02:36:28,571 : state_square_error: 3.510 reward_error: -4.175
INFO : 2021-01-28 02:37:10,404 : state_square_error: 3.079 reward_error: -4.681
INFO : 2021-01-28 02:37:50,875 : state_square_error: 2.371 reward_error: 1.534
INFO : 2021-01-28 02:38:31,298 : state_square_error: 1.851 reward_error: -1.556
INFO : 2021-01-28 02:39:11,726 : state_square_error: 4.906 reward_error: -0.540
INFO : 2021-01-28 02:39:52,179 : state_square_error: 3.236 reward_error: -3.784
INFO : 2021-01-28 02:40:32,851 : state_square_error: 0.572 reward_error: -2.321
INFO : 2021-01-28 02:41:13,383 : state_square_error: 2.699 reward_error: -1.568
INFO : 2021-01-28 02:41:53,741 : episode: 11 score: -41.3 100 games avg: -41.3 steps 1000 
INFO : 2021-01-28 02:41:59,509 : state_square_error: 5.420 reward_error: 49.718
INFO : 2021-01-28 02:42:40,035 : state_square_error: 2.362 reward_error: 22.672
INFO : 2021-01-28 02:43:21,031 : state_square_error: 3.538 reward_error: 30.260
INFO : 2021-01-28 02:44:02,865 : state_square_error: 9.507 reward_error: 38.830
INFO : 2021-01-28 02:44:45,709 : state_square_error: 2.243 reward_error: 37.945
INFO : 2021-01-28 02:45:27,266 : state_square_error: 3.896 reward_error: 37.230
INFO : 2021-01-28 02:46:09,978 : state_square_error: 0.994 reward_error: 32.155
INFO : 2021-01-28 02:46:50,822 : state_square_error: 8.023 reward_error: 22.381
INFO : 2021-01-28 02:47:31,574 : state_square_error: 2.424 reward_error: 33.575
INFO : 2021-01-28 02:48:12,284 : state_square_error: 0.840 reward_error: 37.498
INFO : 2021-01-28 02:48:52,578 : episode: 12 score: 251.1 100 games avg: 251.1 steps 1000 
INFO : 2021-01-28 02:48:59,125 : state_square_error: 1.540 reward_error: 50.323
INFO : 2021-01-28 02:49:39,985 : state_square_error: 1.454 reward_error: 46.138
INFO : 2021-01-28 02:50:20,793 : state_square_error: 1.094 reward_error: 55.991
INFO : 2021-01-28 02:51:01,924 : state_square_error: 1.571 reward_error: 33.316
INFO : 2021-01-28 02:51:43,626 : state_square_error: 4.304 reward_error: 39.169
INFO : 2021-01-28 02:52:26,733 : state_square_error: 3.104 reward_error: 36.493
INFO : 2021-01-28 02:53:09,723 : state_square_error: 2.394 reward_error: 35.884
INFO : 2021-01-28 02:53:52,905 : state_square_error: 7.469 reward_error: 45.414
INFO : 2021-01-28 02:54:35,780 : state_square_error: 3.029 reward_error: 3.410
INFO : 2021-01-28 02:55:17,895 : state_square_error: 4.600 reward_error: 4.649
INFO : 2021-01-28 02:55:58,416 : episode: 13 score: 243.7 100 games avg: 243.7 steps 1000 
INFO : 2021-01-28 02:56:05,320 : state_square_error: 1.426 reward_error: 48.482
INFO : 2021-01-28 02:56:46,084 : state_square_error: 1.012 reward_error: 55.843
INFO : 2021-01-28 02:57:26,626 : state_square_error: 4.091 reward_error: 29.499
INFO : 2021-01-28 02:58:06,913 : state_square_error: 3.647 reward_error: 38.359
INFO : 2021-01-28 02:58:47,280 : state_square_error: 1.746 reward_error: 25.551
INFO : 2021-01-28 02:59:29,186 : state_square_error: 2.428 reward_error: 34.308
INFO : 2021-01-28 03:00:10,443 : state_square_error: 1.308 reward_error: 38.385
INFO : 2021-01-28 03:00:51,654 : state_square_error: 4.569 reward_error: 33.601
INFO : 2021-01-28 03:01:33,597 : state_square_error: 1.476 reward_error: 35.259
INFO : 2021-01-28 03:02:15,353 : state_square_error: 5.473 reward_error: 48.807
INFO : 2021-01-28 03:02:57,327 : episode: 14 score: 310.0 100 games avg: 310.0 steps 1000 
INFO : 2021-01-28 03:03:04,816 : state_square_error: 4.335 reward_error: 47.969
INFO : 2021-01-28 03:03:46,421 : state_square_error: 1.179 reward_error: 43.836
INFO : 2021-01-28 03:04:27,608 : state_square_error: 1.555 reward_error: 42.010
INFO : 2021-01-28 03:05:08,879 : state_square_error: 1.273 reward_error: 34.402
INFO : 2021-01-28 03:05:49,889 : state_square_error: 6.088 reward_error: 37.281
INFO : 2021-01-28 03:06:32,688 : state_square_error: 5.718 reward_error: 50.353
INFO : 2021-01-28 03:07:15,374 : state_square_error: 1.439 reward_error: 35.687
INFO : 2021-01-28 03:07:57,640 : state_square_error: 3.334 reward_error: 44.212
INFO : 2021-01-28 03:08:39,092 : state_square_error: 3.970 reward_error: 47.728
INFO : 2021-01-28 03:09:21,357 : state_square_error: 2.965 reward_error: 54.075
INFO : 2021-01-28 03:10:03,073 : episode: 15 score: 269.5 100 games avg: 269.5 steps 1000 
INFO : 2021-01-28 03:10:10,625 : state_square_error: 2.672 reward_error: 44.812
INFO : 2021-01-28 03:10:51,171 : state_square_error: 3.977 reward_error: 44.483
INFO : 2021-01-28 03:11:34,451 : state_square_error: 1.509 reward_error: 32.398
INFO : 2021-01-28 03:12:17,341 : state_square_error: 16.038 reward_error: 44.606
INFO : 2021-01-28 03:12:59,052 : state_square_error: 1.889 reward_error: 42.571
INFO : 2021-01-28 03:13:40,219 : state_square_error: 3.590 reward_error: 32.023
INFO : 2021-01-28 03:14:22,382 : state_square_error: 4.744 reward_error: 29.351
INFO : 2021-01-28 03:15:05,200 : state_square_error: 5.065 reward_error: -0.474
INFO : 2021-01-28 03:15:47,941 : state_square_error: 4.228 reward_error: 1.526
INFO : 2021-01-28 03:16:28,818 : state_square_error: 1.533 reward_error: -0.926
INFO : 2021-01-28 03:17:08,606 : episode: 16 score: 149.6 100 games avg: 149.6 steps 1000 
INFO : 2021-01-28 03:17:17,146 : state_square_error: 2.509 reward_error: 42.165
INFO : 2021-01-28 03:17:59,480 : state_square_error: 2.822 reward_error: 43.948
INFO : 2021-01-28 03:18:41,237 : state_square_error: 5.344 reward_error: 50.024
INFO : 2021-01-28 03:19:22,362 : state_square_error: 4.394 reward_error: 37.541
INFO : 2021-01-28 03:20:04,011 : state_square_error: 10.288 reward_error: 45.939
INFO : 2021-01-28 03:20:46,647 : state_square_error: 4.552 reward_error: 53.967
INFO : 2021-01-28 03:21:29,258 : state_square_error: 2.898 reward_error: 39.488
INFO : 2021-01-28 03:22:11,680 : state_square_error: 6.786 reward_error: 63.802
INFO : 2021-01-28 03:22:53,818 : state_square_error: 1.497 reward_error: 40.619
INFO : 2021-01-28 03:23:35,477 : state_square_error: 4.853 reward_error: 60.700
INFO : 2021-01-28 03:24:17,040 : episode: 17 score: 517.9 100 games avg: 517.9 steps 1000 
INFO : 2021-01-28 03:24:25,839 : state_square_error: 1.824 reward_error: 53.191
INFO : 2021-01-28 03:25:06,958 : state_square_error: 4.122 reward_error: 44.460
INFO : 2021-01-28 03:25:48,100 : state_square_error: 1.552 reward_error: 40.604
INFO : 2021-01-28 03:26:29,340 : state_square_error: 4.252 reward_error: 51.832
INFO : 2021-01-28 03:27:11,016 : state_square_error: 2.388 reward_error: 45.315
INFO : 2021-01-28 03:27:55,562 : state_square_error: 1.661 reward_error: 28.439
INFO : 2021-01-28 03:28:40,052 : state_square_error: 2.175 reward_error: 36.051
INFO : 2021-01-28 03:29:24,793 : state_square_error: 5.354 reward_error: 35.398
INFO : 2021-01-28 03:30:09,499 : state_square_error: 3.783 reward_error: 53.286
INFO : 2021-01-28 03:30:54,247 : state_square_error: 3.178 reward_error: 50.449
INFO : 2021-01-28 03:31:38,447 : episode: 18 score: 532.6 100 games avg: 532.6 steps 1000 
INFO : 2021-01-28 03:31:48,103 : state_square_error: 8.991 reward_error: 54.520
INFO : 2021-01-28 03:32:30,813 : state_square_error: 5.136 reward_error: 55.658
INFO : 2021-01-28 03:33:12,000 : state_square_error: 2.299 reward_error: 55.953
INFO : 2021-01-28 03:33:53,127 : state_square_error: 2.183 reward_error: 54.900
INFO : 2021-01-28 03:34:35,088 : state_square_error: 2.381 reward_error: 55.642
INFO : 2021-01-28 03:35:17,762 : state_square_error: 15.573 reward_error: 60.250
INFO : 2021-01-28 03:36:00,322 : state_square_error: 1.276 reward_error: 57.560
INFO : 2021-01-28 03:36:43,287 : state_square_error: 4.052 reward_error: 47.483
INFO : 2021-01-28 03:37:25,720 : state_square_error: 2.708 reward_error: 58.621
INFO : 2021-01-28 03:38:08,238 : state_square_error: 3.700 reward_error: 45.830
INFO : 2021-01-28 03:38:48,376 : episode: 19 score: 743.0 100 games avg: 743.0 steps 1000 
INFO : 2021-01-28 03:38:57,920 : state_square_error: 5.319 reward_error: 60.775
INFO : 2021-01-28 03:39:39,893 : state_square_error: 3.420 reward_error: 57.644
INFO : 2021-01-28 03:40:22,472 : state_square_error: 3.418 reward_error: 56.300
INFO : 2021-01-28 03:41:04,825 : state_square_error: 5.790 reward_error: 52.947
INFO : 2021-01-28 03:41:47,173 : state_square_error: 3.295 reward_error: 57.076
INFO : 2021-01-28 03:42:29,491 : state_square_error: 3.535 reward_error: 61.843
INFO : 2021-01-28 03:43:11,874 : state_square_error: 4.877 reward_error: 65.573
INFO : 2021-01-28 03:43:54,344 : state_square_error: 3.934 reward_error: 44.228
INFO : 2021-01-28 03:44:36,848 : state_square_error: 2.851 reward_error: 66.819
INFO : 2021-01-28 03:45:19,330 : state_square_error: 2.074 reward_error: 55.813
INFO : 2021-01-28 03:46:02,242 : episode: 20 score: 757.3 100 games avg: 757.3 steps 1000 
INFO : 2021-01-28 03:46:13,014 : state_square_error: 1.243 reward_error: 52.958
INFO : 2021-01-28 03:46:57,270 : state_square_error: 3.366 reward_error: 58.973
INFO : 2021-01-28 03:47:41,498 : state_square_error: 5.310 reward_error: 54.991
INFO : 2021-01-28 03:48:25,724 : state_square_error: 5.893 reward_error: 54.567
INFO : 2021-01-28 03:49:08,193 : state_square_error: 6.095 reward_error: 44.855
INFO : 2021-01-28 03:49:51,396 : state_square_error: 3.175 reward_error: 62.727
INFO : 2021-01-28 03:50:34,513 : state_square_error: 4.999 reward_error: 59.408
INFO : 2021-01-28 03:51:17,351 : state_square_error: 4.074 reward_error: 53.234
INFO : 2021-01-28 03:52:00,238 : state_square_error: 6.230 reward_error: 75.712
INFO : 2021-01-28 03:52:42,483 : state_square_error: 2.981 reward_error: 62.969
INFO : 2021-01-28 03:53:24,949 : episode: 21 score: 879.2 100 games avg: 879.2 steps 1000 
INFO : 2021-01-28 03:53:35,718 : state_square_error: 2.535 reward_error: 57.629
INFO : 2021-01-28 03:54:19,518 : state_square_error: 3.973 reward_error: 59.318
INFO : 2021-01-28 03:55:03,568 : state_square_error: 5.735 reward_error: 61.795
INFO : 2021-01-28 03:55:47,521 : state_square_error: 3.501 reward_error: 78.244
INFO : 2021-01-28 03:56:31,750 : state_square_error: 3.709 reward_error: 61.737
INFO : 2021-01-28 03:57:16,027 : state_square_error: 3.657 reward_error: 65.148
INFO : 2021-01-28 03:58:00,275 : state_square_error: 4.682 reward_error: 64.537
INFO : 2021-01-28 03:58:43,536 : state_square_error: 6.050 reward_error: 63.945
INFO : 2021-01-28 03:59:26,688 : state_square_error: 0.756 reward_error: 6.071
INFO : 2021-01-28 04:00:09,021 : state_square_error: 2.236 reward_error: 1.416
INFO : 2021-01-28 04:00:51,967 : episode: 22 score: 723.1 100 games avg: 723.1 steps 1000 
INFO : 2021-01-28 04:01:03,558 : state_square_error: 6.008 reward_error: 61.125
INFO : 2021-01-28 04:01:47,759 : state_square_error: 3.395 reward_error: 66.894
INFO : 2021-01-28 04:02:31,665 : state_square_error: 3.183 reward_error: 64.071
INFO : 2021-01-28 04:03:15,957 : state_square_error: 5.925 reward_error: 62.607
INFO : 2021-01-28 04:03:58,662 : state_square_error: 2.920 reward_error: 61.716
INFO : 2021-01-28 04:04:41,166 : state_square_error: 4.133 reward_error: 80.712
INFO : 2021-01-28 04:05:24,780 : state_square_error: 3.411 reward_error: 67.347
INFO : 2021-01-28 04:06:06,947 : state_square_error: 5.360 reward_error: 66.474
INFO : 2021-01-28 04:06:50,804 : state_square_error: 1.792 reward_error: 66.261
INFO : 2021-01-28 04:07:34,887 : state_square_error: 4.363 reward_error: 73.425
INFO : 2021-01-28 04:08:16,919 : episode: 23 score: 1010.7 100 games avg: 1010.7 steps 1000 
INFO : 2021-01-28 04:08:28,623 : state_square_error: 3.881 reward_error: 58.432
INFO : 2021-01-28 04:09:11,977 : state_square_error: 4.599 reward_error: 80.153
INFO : 2021-01-28 04:09:54,765 : state_square_error: 0.511 reward_error: 70.751
INFO : 2021-01-28 04:10:36,090 : state_square_error: 11.280 reward_error: 74.062
INFO : 2021-01-28 04:11:17,471 : state_square_error: 3.437 reward_error: 78.908
INFO : 2021-01-28 04:11:59,163 : state_square_error: 1.270 reward_error: 79.163
INFO : 2021-01-28 04:12:42,550 : state_square_error: 5.596 reward_error: 82.740
INFO : 2021-01-28 04:13:26,641 : state_square_error: 7.969 reward_error: 66.156
INFO : 2021-01-28 04:14:10,866 : state_square_error: 2.446 reward_error: 74.184
INFO : 2021-01-28 04:14:55,426 : state_square_error: 0.857 reward_error: 65.017
INFO : 2021-01-28 04:15:37,163 : episode: 24 score: 1188.1 100 games avg: 1188.1 steps 1000 
INFO : 2021-01-28 04:15:49,314 : state_square_error: 4.302 reward_error: 78.721
INFO : 2021-01-28 04:16:31,072 : state_square_error: 6.971 reward_error: 61.634
INFO : 2021-01-28 04:17:11,908 : state_square_error: 7.104 reward_error: 70.440
INFO : 2021-01-28 04:17:53,746 : state_square_error: 3.921 reward_error: 9.962
INFO : 2021-01-28 04:18:35,657 : state_square_error: 3.757 reward_error: 11.045
INFO : 2021-01-28 04:19:18,781 : state_square_error: 3.403 reward_error: 12.780
INFO : 2021-01-28 04:20:02,251 : state_square_error: 1.026 reward_error: 18.480
INFO : 2021-01-28 04:20:43,897 : state_square_error: 2.935 reward_error: 9.327
INFO : 2021-01-28 04:21:25,840 : state_square_error: 2.671 reward_error: 16.509
INFO : 2021-01-28 04:22:07,690 : state_square_error: 1.544 reward_error: 6.128
INFO : 2021-01-28 04:22:48,807 : episode: 25 score: 99.7 100 games avg: 99.7 steps 1000 
INFO : 2021-01-28 04:23:01,408 : state_square_error: 6.180 reward_error: 76.356
INFO : 2021-01-28 04:23:42,629 : state_square_error: 2.193 reward_error: 78.183
INFO : 2021-01-28 04:24:23,985 : state_square_error: 2.707 reward_error: 18.316
INFO : 2021-01-28 04:25:04,534 : state_square_error: 0.978 reward_error: 7.513
INFO : 2021-01-28 04:25:46,232 : state_square_error: 1.777 reward_error: 11.611
INFO : 2021-01-28 04:26:27,694 : state_square_error: 0.779 reward_error: 15.986
INFO : 2021-01-28 04:27:08,854 : state_square_error: 3.702 reward_error: 13.073
INFO : 2021-01-28 04:27:50,372 : state_square_error: 2.061 reward_error: 12.764
INFO : 2021-01-28 04:28:31,985 : state_square_error: 3.191 reward_error: 3.541
INFO : 2021-01-28 04:29:13,859 : state_square_error: 2.085 reward_error: 19.250
INFO : 2021-01-28 04:29:55,456 : episode: 26 score: 141.2 100 games avg: 141.2 steps 1000 
INFO : 2021-01-28 04:30:08,778 : state_square_error: 12.463 reward_error: 90.394
INFO : 2021-01-28 04:30:51,065 : state_square_error: 5.021 reward_error: 107.058
INFO : 2021-01-28 04:31:34,340 : state_square_error: 3.115 reward_error: 96.308
INFO : 2021-01-28 04:32:17,812 : state_square_error: 4.769 reward_error: 91.007
INFO : 2021-01-28 04:33:01,279 : state_square_error: 2.017 reward_error: 77.496
INFO : 2021-01-28 04:33:43,633 : state_square_error: 3.109 reward_error: 96.948
INFO : 2021-01-28 04:34:25,162 : state_square_error: 3.413 reward_error: 17.390
INFO : 2021-01-28 04:35:07,595 : state_square_error: 0.434 reward_error: 8.363
INFO : 2021-01-28 04:35:49,223 : state_square_error: 0.484 reward_error: 5.805
INFO : 2021-01-28 04:36:30,482 : state_square_error: 4.176 reward_error: 10.538
INFO : 2021-01-28 04:37:13,314 : episode: 27 score: 675.1 100 games avg: 675.1 steps 1000 
INFO : 2021-01-28 04:37:27,270 : state_square_error: 5.269 reward_error: 66.458
INFO : 2021-01-28 04:38:10,822 : state_square_error: 5.354 reward_error: 87.341
INFO : 2021-01-28 04:38:54,178 : state_square_error: 4.346 reward_error: 108.087
INFO : 2021-01-28 04:39:36,069 : state_square_error: 3.185 reward_error: 98.520
INFO : 2021-01-28 04:40:17,853 : state_square_error: 4.464 reward_error: 86.197
INFO : 2021-01-28 04:41:00,600 : state_square_error: 4.222 reward_error: 88.696
INFO : 2021-01-28 04:41:43,027 : state_square_error: 8.697 reward_error: 98.728
INFO : 2021-01-28 04:42:25,551 : state_square_error: 1.606 reward_error: 94.931
INFO : 2021-01-28 04:43:07,956 : state_square_error: 2.479 reward_error: 88.574
INFO : 2021-01-28 04:43:50,384 : state_square_error: 2.734 reward_error: 87.616
INFO : 2021-01-28 04:44:32,455 : episode: 28 score: 1273.5 100 games avg: 1273.5 steps 1000 
INFO : 2021-01-28 04:44:46,735 : state_square_error: 2.525 reward_error: 76.108
INFO : 2021-01-28 04:45:29,451 : state_square_error: 4.121 reward_error: 106.149
INFO : 2021-01-28 04:46:12,172 : state_square_error: 16.008 reward_error: 99.128
INFO : 2021-01-28 04:46:54,958 : state_square_error: 3.113 reward_error: 80.885
INFO : 2021-01-28 04:47:37,692 : state_square_error: 0.982 reward_error: 13.937
INFO : 2021-01-28 04:48:20,705 : state_square_error: 1.890 reward_error: 19.328
INFO : 2021-01-28 04:49:02,573 : state_square_error: 5.416 reward_error: 14.662
INFO : 2021-01-28 04:49:43,745 : state_square_error: 2.822 reward_error: 16.224
INFO : 2021-01-28 04:50:25,065 : state_square_error: 11.136 reward_error: 9.468
INFO : 2021-01-28 04:51:06,389 : state_square_error: 2.256 reward_error: 15.665
INFO : 2021-01-28 04:51:47,601 : episode: 29 score: 525.1 100 games avg: 525.1 steps 1000 
INFO : 2021-01-28 04:52:02,349 : state_square_error: 5.011 reward_error: 88.893
INFO : 2021-01-28 04:52:45,598 : state_square_error: 1.666 reward_error: 83.878
INFO : 2021-01-28 04:53:29,026 : state_square_error: 1.320 reward_error: 14.721
INFO : 2021-01-28 04:54:11,232 : state_square_error: 3.415 reward_error: 17.697
INFO : 2021-01-28 04:54:52,693 : state_square_error: 3.492 reward_error: 11.955
INFO : 2021-01-28 04:55:34,262 : state_square_error: 1.542 reward_error: 15.618
INFO : 2021-01-28 04:56:15,880 : state_square_error: 0.937 reward_error: 13.470
INFO : 2021-01-28 04:56:57,508 : state_square_error: 1.113 reward_error: 27.563
INFO : 2021-01-28 04:57:39,301 : state_square_error: 5.551 reward_error: 31.394
INFO : 2021-01-28 04:58:20,932 : state_square_error: 1.895 reward_error: 8.055
INFO : 2021-01-28 04:59:02,528 : episode: 30 score: 95.8 100 games avg: 95.8 steps 1000 
INFO : 2021-01-28 04:59:17,521 : state_square_error: 0.874 reward_error: 87.731
INFO : 2021-01-28 04:59:59,796 : state_square_error: 3.058 reward_error: 95.190
INFO : 2021-01-28 05:00:42,875 : state_square_error: 9.167 reward_error: 99.957
INFO : 2021-01-28 05:01:26,195 : state_square_error: 9.172 reward_error: 98.030
INFO : 2021-01-28 05:02:08,881 : state_square_error: 4.755 reward_error: 96.498
INFO : 2021-01-28 05:02:50,009 : state_square_error: 0.882 reward_error: 103.699
INFO : 2021-01-28 05:03:31,724 : state_square_error: 5.251 reward_error: 110.475
INFO : 2021-01-28 05:04:13,160 : state_square_error: 31.367 reward_error: 105.735
INFO : 2021-01-28 05:04:54,572 : state_square_error: 9.311 reward_error: 107.236
INFO : 2021-01-28 05:05:37,032 : state_square_error: 2.106 reward_error: 97.410
INFO : 2021-01-28 05:06:18,057 : episode: 31 score: 1605.1 100 games avg: 1605.1 steps 1000 
INFO : 2021-01-28 05:06:33,612 : state_square_error: 9.650 reward_error: 97.141
INFO : 2021-01-28 05:07:16,738 : state_square_error: 2.968 reward_error: 116.824
INFO : 2021-01-28 05:07:59,596 : state_square_error: 3.600 reward_error: 15.462
INFO : 2021-01-28 05:08:41,788 : state_square_error: 1.907 reward_error: 20.199
INFO : 2021-01-28 05:09:24,343 : state_square_error: 3.097 reward_error: 24.773
INFO : 2021-01-28 05:10:06,853 : state_square_error: 2.311 reward_error: 19.060
INFO : 2021-01-28 05:10:48,870 : state_square_error: 2.891 reward_error: 9.137
INFO : 2021-01-28 05:11:29,548 : state_square_error: 0.886 reward_error: 23.873
INFO : 2021-01-28 05:12:10,398 : state_square_error: 0.801 reward_error: 13.022
INFO : 2021-01-28 05:12:51,153 : state_square_error: 0.987 reward_error: 8.476
INFO : 2021-01-28 05:13:31,572 : episode: 32 score: 235.5 100 games avg: 235.5 steps 1000 
INFO : 2021-01-28 05:13:47,170 : state_square_error: 9.675 reward_error: 93.285
INFO : 2021-01-28 05:14:29,094 : state_square_error: 2.123 reward_error: 125.029
INFO : 2021-01-28 05:15:11,270 : state_square_error: 3.734 reward_error: 115.773
INFO : 2021-01-28 05:15:52,483 : state_square_error: 9.388 reward_error: 109.334
INFO : 2021-01-28 05:16:32,782 : state_square_error: 9.962 reward_error: 108.619
INFO : 2021-01-28 05:17:15,163 : state_square_error: 3.345 reward_error: 91.853
INFO : 2021-01-28 05:17:57,474 : state_square_error: 8.691 reward_error: 109.809
INFO : 2021-01-28 05:18:39,426 : state_square_error: 4.084 reward_error: 105.047
INFO : 2021-01-28 05:19:21,995 : state_square_error: 6.279 reward_error: 127.508
INFO : 2021-01-28 05:20:04,849 : state_square_error: 2.345 reward_error: 114.688
INFO : 2021-01-28 05:20:46,318 : episode: 33 score: 1534.0 100 games avg: 1534.0 steps 1000 
INFO : 2021-01-28 05:21:02,376 : state_square_error: 3.037 reward_error: 98.762
INFO : 2021-01-28 05:21:45,066 : state_square_error: 6.969 reward_error: 76.441
INFO : 2021-01-28 05:22:27,686 : state_square_error: 1.494 reward_error: 25.533
INFO : 2021-01-28 05:23:10,250 : state_square_error: 12.359 reward_error: 15.663
INFO : 2021-01-28 05:23:52,816 : state_square_error: 3.058 reward_error: 27.037
INFO : 2021-01-28 05:24:35,337 : state_square_error: 2.092 reward_error: 29.416
INFO : 2021-01-28 05:25:17,968 : state_square_error: 1.571 reward_error: 22.276
INFO : 2021-01-28 05:25:59,999 : state_square_error: 3.028 reward_error: 26.794
INFO : 2021-01-28 05:26:42,606 : state_square_error: 1.850 reward_error: 9.960
INFO : 2021-01-28 05:27:24,933 : state_square_error: 1.758 reward_error: 14.620
INFO : 2021-01-28 05:28:06,986 : episode: 34 score: 84.5 100 games avg: 84.5 steps 1000 
INFO : 2021-01-28 05:28:23,236 : state_square_error: 21.760 reward_error: 109.572
INFO : 2021-01-28 05:29:04,554 : state_square_error: 5.402 reward_error: 110.054
INFO : 2021-01-28 05:29:47,001 : state_square_error: 7.316 reward_error: 115.281
INFO : 2021-01-28 05:30:29,317 : state_square_error: 8.566 reward_error: 156.123
INFO : 2021-01-28 05:31:10,551 : state_square_error: 7.240 reward_error: 127.110
INFO : 2021-01-28 05:31:51,796 : state_square_error: 6.738 reward_error: 118.775
INFO : 2021-01-28 05:32:32,970 : state_square_error: 0.840 reward_error: 129.301
INFO : 2021-01-28 05:33:14,359 : state_square_error: 7.930 reward_error: 119.338
INFO : 2021-01-28 05:33:56,687 : state_square_error: 6.440 reward_error: 154.206
INFO : 2021-01-28 05:34:39,208 : state_square_error: 16.595 reward_error: 122.533
INFO : 2021-01-28 05:35:21,398 : episode: 35 score: 1498.6 100 games avg: 1498.6 steps 1000 
INFO : 2021-01-28 05:35:38,276 : state_square_error: 7.668 reward_error: 108.327
INFO : 2021-01-28 05:36:20,592 : state_square_error: 1.650 reward_error: 134.493
INFO : 2021-01-28 05:37:02,995 : state_square_error: 2.850 reward_error: 113.859
INFO : 2021-01-28 05:37:45,627 : state_square_error: 3.154 reward_error: 137.250
INFO : 2021-01-28 05:38:27,898 : state_square_error: 4.720 reward_error: 137.857
INFO : 2021-01-28 05:39:09,768 : state_square_error: 2.808 reward_error: 129.987
INFO : 2021-01-28 05:39:51,993 : state_square_error: 1.794 reward_error: 115.085
INFO : 2021-01-28 05:40:33,821 : state_square_error: 16.554 reward_error: 71.615
INFO : 2021-01-28 05:41:15,418 : state_square_error: 1.664 reward_error: 20.241
INFO : 2021-01-28 05:41:56,485 : state_square_error: 1.784 reward_error: 19.536
INFO : 2021-01-28 05:42:37,788 : episode: 36 score: 1017.0 100 games avg: 1017.0 steps 1000 
INFO : 2021-01-28 05:42:55,501 : state_square_error: 0.882 reward_error: 117.451
INFO : 2021-01-28 05:43:37,648 : state_square_error: 5.461 reward_error: 134.537
INFO : 2021-01-28 05:44:20,761 : state_square_error: 8.968 reward_error: 113.011
INFO : 2021-01-28 05:45:03,358 : state_square_error: 4.072 reward_error: 133.580
INFO : 2021-01-28 05:45:45,270 : state_square_error: 6.114 reward_error: 133.218
INFO : 2021-01-28 05:46:26,554 : state_square_error: 1.765 reward_error: 132.833
INFO : 2021-01-28 05:47:08,021 : state_square_error: 4.592 reward_error: 135.681
INFO : 2021-01-28 05:47:49,094 : state_square_error: 8.962 reward_error: 151.551
INFO : 2021-01-28 05:48:31,048 : state_square_error: 21.045 reward_error: 124.336
INFO : 2021-01-28 05:49:13,717 : state_square_error: 15.259 reward_error: 124.641
INFO : 2021-01-28 05:49:55,689 : episode: 37 score: 1608.3 100 games avg: 1608.3 steps 1000 
INFO : 2021-01-28 05:50:14,068 : state_square_error: 18.940 reward_error: 119.909
INFO : 2021-01-28 05:50:55,616 : state_square_error: 1.926 reward_error: 160.927
INFO : 2021-01-28 05:51:38,120 : state_square_error: 2.525 reward_error: 126.840
INFO : 2021-01-28 05:52:19,758 : state_square_error: 2.693 reward_error: 27.419
INFO : 2021-01-28 05:53:01,155 : state_square_error: 1.403 reward_error: 12.195
INFO : 2021-01-28 05:53:42,280 : state_square_error: 2.737 reward_error: 24.814
INFO : 2021-01-28 05:54:23,514 : state_square_error: 2.413 reward_error: 24.397
INFO : 2021-01-28 05:55:04,253 : state_square_error: 2.846 reward_error: 35.760
INFO : 2021-01-28 05:55:46,537 : state_square_error: 2.133 reward_error: 12.133
INFO : 2021-01-28 05:56:29,057 : state_square_error: 2.967 reward_error: 13.263
INFO : 2021-01-28 05:57:11,160 : episode: 38 score: 429.5 100 games avg: 429.5 steps 1000 
INFO : 2021-01-28 05:57:29,962 : state_square_error: 7.191 reward_error: 118.139
INFO : 2021-01-28 05:58:12,227 : state_square_error: 4.862 reward_error: 141.966
INFO : 2021-01-28 05:58:54,608 : state_square_error: 4.372 reward_error: 118.114
INFO : 2021-01-28 05:59:36,880 : state_square_error: 1.755 reward_error: 10.222
INFO : 2021-01-28 06:00:19,251 : state_square_error: 3.084 reward_error: 24.663
INFO : 2021-01-28 06:01:01,616 : state_square_error: 1.594 reward_error: 19.667
INFO : 2021-01-28 06:01:43,678 : state_square_error: 1.257 reward_error: 8.933
INFO : 2021-01-28 06:02:25,647 : state_square_error: 2.025 reward_error: 18.799
INFO : 2021-01-28 06:03:08,006 : state_square_error: 2.240 reward_error: 12.858
INFO : 2021-01-28 06:03:50,224 : state_square_error: 0.981 reward_error: 14.124
INFO : 2021-01-28 06:04:32,396 : episode: 39 score: 437.7 100 games avg: 437.7 steps 1000 
INFO : 2021-01-28 06:04:51,756 : state_square_error: 3.371 reward_error: 125.783
INFO : 2021-01-28 06:05:33,837 : state_square_error: 6.054 reward_error: 138.166
INFO : 2021-01-28 06:06:16,404 : state_square_error: 1.098 reward_error: 138.793
INFO : 2021-01-28 06:06:58,271 : state_square_error: 6.106 reward_error: 140.437
INFO : 2021-01-28 06:07:40,479 : state_square_error: 1.186 reward_error: 139.548
INFO : 2021-01-28 06:08:23,583 : state_square_error: 2.062 reward_error: 159.051
INFO : 2021-01-28 06:09:06,338 : state_square_error: 5.168 reward_error: 146.963
INFO : 2021-01-28 06:09:48,765 : state_square_error: 7.124 reward_error: 153.496
INFO : 2021-01-28 06:10:31,534 : state_square_error: 9.294 reward_error: 146.485
INFO : 2021-01-28 06:11:14,028 : state_square_error: 2.618 reward_error: 156.984
INFO : 2021-01-28 06:11:56,144 : episode: 40 score: 1880.6 100 games avg: 1880.6 steps 1000 
INFO : 2021-01-28 06:12:16,216 : state_square_error: 4.304 reward_error: 156.747
INFO : 2021-01-28 06:12:56,785 : state_square_error: 1.914 reward_error: 155.608
INFO : 2021-01-28 06:13:37,344 : state_square_error: 3.909 reward_error: 136.703
INFO : 2021-01-28 06:14:19,470 : state_square_error: 2.340 reward_error: 148.270
INFO : 2021-01-28 06:15:00,973 : state_square_error: 2.653 reward_error: 153.732
INFO : 2021-01-28 06:15:42,652 : state_square_error: 5.840 reward_error: 146.306
INFO : 2021-01-28 06:16:25,118 : state_square_error: 1.033 reward_error: 149.826
INFO : 2021-01-28 06:17:07,874 : state_square_error: 1.260 reward_error: 148.325
INFO : 2021-01-28 06:17:50,451 : state_square_error: 0.691 reward_error: 136.569
INFO : 2021-01-28 06:18:31,413 : state_square_error: 11.183 reward_error: 150.849
INFO : 2021-01-28 06:19:12,633 : episode: 41 score: 1755.9 100 games avg: 1755.9 steps 1000 
INFO : 2021-01-28 06:19:32,853 : state_square_error: 1.385 reward_error: 128.419
INFO : 2021-01-28 06:20:16,049 : state_square_error: 21.451 reward_error: 153.623
INFO : 2021-01-28 06:20:59,705 : state_square_error: 2.959 reward_error: 147.921
INFO : 2021-01-28 06:21:43,144 : state_square_error: 5.392 reward_error: 140.292
INFO : 2021-01-28 06:22:26,772 : state_square_error: 0.523 reward_error: 132.587
INFO : 2021-01-28 06:23:10,227 : state_square_error: 5.544 reward_error: 155.194
INFO : 2021-01-28 06:23:53,031 : state_square_error: 10.350 reward_error: 148.067
INFO : 2021-01-28 06:24:36,070 : state_square_error: 3.514 reward_error: 163.993
INFO : 2021-01-28 06:25:19,533 : state_square_error: 2.721 reward_error: 154.191
INFO : 2021-01-28 06:26:02,591 : state_square_error: 19.197 reward_error: 146.420
INFO : 2021-01-28 06:26:45,084 : episode: 42 score: 1701.2 100 games avg: 1701.2 steps 1000 
INFO : 2021-01-28 06:27:05,725 : state_square_error: 20.123 reward_error: 128.864
INFO : 2021-01-28 06:27:49,270 : state_square_error: 5.908 reward_error: 149.405
INFO : 2021-01-28 06:28:32,637 : state_square_error: 7.060 reward_error: 139.013
INFO : 2021-01-28 06:29:14,635 : state_square_error: 4.643 reward_error: 166.803
INFO : 2021-01-28 06:29:56,170 : state_square_error: 7.257 reward_error: 146.494
INFO : 2021-01-28 06:30:37,414 : state_square_error: 2.882 reward_error: 148.815
INFO : 2021-01-28 06:31:18,647 : state_square_error: 2.386 reward_error: 153.331
INFO : 2021-01-28 06:31:59,781 : state_square_error: 1.562 reward_error: 139.205
INFO : 2021-01-28 06:32:40,966 : state_square_error: 6.644 reward_error: 154.386
INFO : 2021-01-28 06:33:22,278 : state_square_error: 1.847 reward_error: 155.849
INFO : 2021-01-28 06:34:03,136 : episode: 43 score: 1891.8 100 games avg: 1891.8 steps 1000 
INFO : 2021-01-28 06:34:24,104 : state_square_error: 1.681 reward_error: 128.214
INFO : 2021-01-28 06:35:04,736 : state_square_error: 10.146 reward_error: 156.323
INFO : 2021-01-28 06:35:45,493 : state_square_error: 3.650 reward_error: 141.938
INFO : 2021-01-28 06:36:26,848 : state_square_error: 6.556 reward_error: 148.828
INFO : 2021-01-28 06:37:09,372 : state_square_error: 11.168 reward_error: 146.078
INFO : 2021-01-28 06:37:52,264 : state_square_error: 3.898 reward_error: 140.160
INFO : 2021-01-28 06:38:35,670 : state_square_error: 10.985 reward_error: 164.032
INFO : 2021-01-28 06:39:18,110 : state_square_error: 1.189 reward_error: 141.865
INFO : 2021-01-28 06:40:00,836 : state_square_error: 4.805 reward_error: 151.599
INFO : 2021-01-28 06:40:42,640 : state_square_error: 19.309 reward_error: 164.635
INFO : 2021-01-28 06:41:23,578 : episode: 44 score: 1717.5 100 games avg: 1717.5 steps 1000 
INFO : 2021-01-28 06:41:45,088 : state_square_error: 4.370 reward_error: 126.067
INFO : 2021-01-28 06:42:27,967 : state_square_error: 7.703 reward_error: 127.050
INFO : 2021-01-28 06:43:10,790 : state_square_error: 0.599 reward_error: 16.695
INFO : 2021-01-28 06:43:53,603 : state_square_error: 2.287 reward_error: 24.002
INFO : 2021-01-28 06:44:36,325 : state_square_error: 8.062 reward_error: 16.248
INFO : 2021-01-28 06:45:18,868 : state_square_error: 2.096 reward_error: 9.070
INFO : 2021-01-28 06:46:01,510 : state_square_error: 3.754 reward_error: 48.064
INFO : 2021-01-28 06:46:44,234 : state_square_error: 3.654 reward_error: 35.293
INFO : 2021-01-28 06:47:27,308 : state_square_error: 2.045 reward_error: 20.287
INFO : 2021-01-28 06:48:09,825 : state_square_error: 0.361 reward_error: 22.814
INFO : 2021-01-28 06:48:51,804 : episode: 45 score: 161.5 100 games avg: 161.5 steps 1000 
INFO : 2021-01-28 06:49:13,803 : state_square_error: 0.365 reward_error: 143.053
INFO : 2021-01-28 06:49:55,893 : state_square_error: 3.712 reward_error: 155.001
INFO : 2021-01-28 06:50:38,380 : state_square_error: 2.547 reward_error: 174.132
INFO : 2021-01-28 06:51:20,870 : state_square_error: 11.064 reward_error: 182.417
INFO : 2021-01-28 06:52:02,757 : state_square_error: 18.200 reward_error: 153.099
INFO : 2021-01-28 06:52:44,702 : state_square_error: 7.580 reward_error: 159.814
INFO : 2021-01-28 06:53:27,869 : state_square_error: 3.078 reward_error: 159.458
INFO : 2021-01-28 06:54:10,669 : state_square_error: 4.420 reward_error: 156.628
INFO : 2021-01-28 06:54:52,627 : state_square_error: 2.816 reward_error: 183.563
INFO : 2021-01-28 06:55:35,435 : state_square_error: 16.149 reward_error: 167.237
INFO : 2021-01-28 06:56:16,515 : episode: 46 score: 1910.0 100 games avg: 1910.0 steps 1000 
INFO : 2021-01-28 06:56:39,282 : state_square_error: 3.799 reward_error: 154.567
INFO : 2021-01-28 06:57:20,963 : state_square_error: 2.831 reward_error: 172.929
INFO : 2021-01-28 06:58:02,617 : state_square_error: 4.228 reward_error: 164.240
INFO : 2021-01-28 06:58:44,353 : state_square_error: 9.582 reward_error: 163.455
INFO : 2021-01-28 06:59:26,283 : state_square_error: 4.234 reward_error: 170.171
INFO : 2021-01-28 07:00:08,173 : state_square_error: 3.917 reward_error: 169.396
INFO : 2021-01-28 07:00:50,231 : state_square_error: 3.623 reward_error: 166.312
INFO : 2021-01-28 07:01:33,186 : state_square_error: 4.353 reward_error: 170.069
INFO : 2021-01-28 07:02:16,399 : state_square_error: 3.642 reward_error: 165.967
INFO : 2021-01-28 07:02:58,085 : state_square_error: 2.724 reward_error: 172.549
INFO : 2021-01-28 07:03:38,744 : episode: 47 score: 1923.9 100 games avg: 1923.9 steps 1000 
INFO : 2021-01-28 07:04:01,592 : state_square_error: 0.834 reward_error: 148.571
INFO : 2021-01-28 07:04:43,257 : state_square_error: 5.584 reward_error: 168.524
INFO : 2021-01-28 07:05:24,900 : state_square_error: 4.721 reward_error: 182.163
INFO : 2021-01-28 07:06:06,452 : state_square_error: 2.849 reward_error: 174.689
INFO : 2021-01-28 07:06:47,188 : state_square_error: 4.636 reward_error: 168.340
INFO : 2021-01-28 07:07:27,663 : state_square_error: 1.779 reward_error: 26.279
INFO : 2021-01-28 07:08:08,453 : state_square_error: 2.287 reward_error: 16.096
INFO : 2021-01-28 07:08:49,091 : state_square_error: 5.305 reward_error: 16.160
INFO : 2021-01-28 07:09:29,093 : state_square_error: 2.016 reward_error: 32.800
INFO : 2021-01-28 07:10:11,321 : state_square_error: 1.921 reward_error: 10.424
INFO : 2021-01-28 07:10:53,468 : episode: 48 score: 847.8 100 games avg: 847.8 steps 1000 
INFO : 2021-01-28 07:11:17,474 : state_square_error: 3.702 reward_error: 143.377
INFO : 2021-01-28 07:12:02,197 : state_square_error: 2.673 reward_error: 169.850
INFO : 2021-01-28 07:12:45,046 : state_square_error: 2.518 reward_error: 177.206
INFO : 2021-01-28 07:13:26,351 : state_square_error: 4.458 reward_error: 135.249
INFO : 2021-01-28 07:14:08,387 : state_square_error: 1.450 reward_error: 189.787
INFO : 2021-01-28 07:14:51,558 : state_square_error: 0.543 reward_error: 169.595
INFO : 2021-01-28 07:15:34,110 : state_square_error: 6.055 reward_error: 181.158
INFO : 2021-01-28 07:16:16,499 : state_square_error: 9.386 reward_error: 174.346
INFO : 2021-01-28 07:16:59,126 : state_square_error: 4.526 reward_error: 193.209
INFO : 2021-01-28 07:17:41,632 : state_square_error: 15.818 reward_error: 181.231
INFO : 2021-01-28 07:18:23,858 : episode: 49 score: 1808.9 100 games avg: 1808.9 steps 1000 
INFO : 2021-01-28 07:18:48,002 : state_square_error: 1.895 reward_error: 139.939
INFO : 2021-01-28 07:19:29,231 : state_square_error: 2.459 reward_error: 178.491
INFO : 2021-01-28 07:20:09,786 : state_square_error: 3.703 reward_error: 26.042
INFO : 2021-01-28 07:20:50,487 : state_square_error: 2.922 reward_error: 27.081
INFO : 2021-01-28 07:21:31,338 : state_square_error: 7.784 reward_error: 34.349
INFO : 2021-01-28 07:22:13,906 : state_square_error: 1.250 reward_error: 21.562
INFO : 2021-01-28 07:22:56,086 : state_square_error: 1.277 reward_error: 26.697
INFO : 2021-01-28 07:23:37,616 : state_square_error: 2.636 reward_error: 11.322
INFO : 2021-01-28 07:24:19,776 : state_square_error: 1.008 reward_error: 22.224
INFO : 2021-01-28 07:25:02,421 : state_square_error: 1.404 reward_error: 11.376
INFO : 2021-01-28 07:25:43,591 : episode: 50 score: 261.7 100 games avg: 261.7 steps 1000 
INFO : 2021-01-28 07:26:07,699 : state_square_error: 2.137 reward_error: 149.171
INFO : 2021-01-28 07:26:48,490 : state_square_error: 1.879 reward_error: 179.067
INFO : 2021-01-28 07:27:29,373 : state_square_error: 1.514 reward_error: 18.338
INFO : 2021-01-28 07:28:10,061 : state_square_error: 1.227 reward_error: 53.298
INFO : 2021-01-28 07:28:50,939 : state_square_error: 2.246 reward_error: 11.729
INFO : 2021-01-28 07:29:31,868 : state_square_error: 2.338 reward_error: 54.698
INFO : 2021-01-28 07:30:12,861 : state_square_error: 3.999 reward_error: 40.545
INFO : 2021-01-28 07:30:54,073 : state_square_error: 4.952 reward_error: 51.550
INFO : 2021-01-28 07:31:35,224 : state_square_error: 0.798 reward_error: 31.471
INFO : 2021-01-28 07:32:16,448 : state_square_error: 1.458 reward_error: 20.145
INFO : 2021-01-28 07:32:57,270 : episode: 51 score: 255.7 100 games avg: 255.7 steps 1000 
INFO : 2021-01-28 07:33:22,016 : state_square_error: 9.148 reward_error: 142.056
INFO : 2021-01-28 07:34:02,651 : state_square_error: 3.582 reward_error: 193.706
INFO : 2021-01-28 07:34:43,211 : state_square_error: 9.316 reward_error: 186.773
INFO : 2021-01-28 07:35:24,005 : state_square_error: 2.597 reward_error: 180.632
INFO : 2021-01-28 07:36:04,996 : state_square_error: 2.916 reward_error: 187.992
INFO : 2021-01-28 07:36:46,198 : state_square_error: 1.715 reward_error: 175.464
INFO : 2021-01-28 07:37:27,275 : state_square_error: 5.449 reward_error: 173.034
INFO : 2021-01-28 07:38:09,971 : state_square_error: 32.756 reward_error: 181.010
INFO : 2021-01-28 07:38:52,800 : state_square_error: 4.494 reward_error: 184.125
INFO : 2021-01-28 07:39:35,261 : state_square_error: 1.260 reward_error: 175.421
INFO : 2021-01-28 07:40:17,683 : episode: 52 score: 2030.4 100 games avg: 2030.4 steps 1000 
INFO : 2021-01-28 07:40:42,757 : state_square_error: 4.381 reward_error: 161.121
INFO : 2021-01-28 07:41:24,132 : state_square_error: 9.288 reward_error: 185.315
INFO : 2021-01-28 07:42:06,619 : state_square_error: 2.968 reward_error: 197.049
INFO : 2021-01-28 07:42:48,897 : state_square_error: 28.934 reward_error: 168.645
INFO : 2021-01-28 07:43:31,139 : state_square_error: 0.900 reward_error: 196.008
INFO : 2021-01-28 07:44:13,461 : state_square_error: 2.990 reward_error: 183.118
INFO : 2021-01-28 07:44:55,773 : state_square_error: 2.322 reward_error: 171.941
INFO : 2021-01-28 07:45:38,314 : state_square_error: 14.585 reward_error: 198.760
INFO : 2021-01-28 07:46:20,989 : state_square_error: 1.020 reward_error: 185.862
INFO : 2021-01-28 07:47:03,705 : state_square_error: 2.564 reward_error: 196.345
INFO : 2021-01-28 07:47:44,840 : episode: 53 score: 1864.7 100 games avg: 1864.7 steps 1000 
INFO : 2021-01-28 07:48:10,400 : state_square_error: 8.220 reward_error: 146.664
INFO : 2021-01-28 07:48:52,146 : state_square_error: 6.044 reward_error: 182.354
INFO : 2021-01-28 07:49:33,785 : state_square_error: 5.179 reward_error: 190.944
INFO : 2021-01-28 07:50:15,337 : state_square_error: 3.016 reward_error: 192.143
INFO : 2021-01-28 07:50:56,930 : state_square_error: 1.485 reward_error: 191.819
INFO : 2021-01-28 07:51:40,109 : state_square_error: 5.187 reward_error: 200.971
INFO : 2021-01-28 07:52:23,537 : state_square_error: 1.503 reward_error: 190.635
INFO : 2021-01-28 07:53:07,085 : state_square_error: 2.609 reward_error: 191.488
INFO : 2021-01-28 07:53:50,272 : state_square_error: 1.940 reward_error: 24.767
INFO : 2021-01-28 07:54:33,699 : state_square_error: 3.811 reward_error: 31.773
INFO : 2021-01-28 07:55:16,521 : episode: 54 score: 1511.8 100 games avg: 1511.8 steps 1000 
INFO : 2021-01-28 07:55:43,076 : state_square_error: 1.015 reward_error: 157.131
INFO : 2021-01-28 07:56:25,550 : state_square_error: 18.476 reward_error: 194.625
INFO : 2021-01-28 07:57:07,322 : state_square_error: 1.550 reward_error: 33.459
INFO : 2021-01-28 07:57:48,939 : state_square_error: 1.956 reward_error: 20.255
INFO : 2021-01-28 07:58:30,064 : state_square_error: 3.665 reward_error: 17.792
INFO : 2021-01-28 07:59:11,118 : state_square_error: 1.817 reward_error: 8.526
INFO : 2021-01-28 07:59:52,255 : state_square_error: 5.554 reward_error: 47.047
INFO : 2021-01-28 08:00:34,525 : state_square_error: 3.661 reward_error: 32.420
INFO : 2021-01-28 08:01:17,040 : state_square_error: 1.970 reward_error: 30.921
INFO : 2021-01-28 08:01:58,857 : state_square_error: 2.050 reward_error: 21.124
INFO : 2021-01-28 08:02:40,277 : episode: 55 score: 222.2 100 games avg: 222.2 steps 1000 
INFO : 2021-01-28 08:03:07,485 : state_square_error: 4.937 reward_error: 166.858
INFO : 2021-01-28 08:03:50,210 : state_square_error: 1.881 reward_error: 196.804
INFO : 2021-01-28 08:04:32,943 : state_square_error: 1.010 reward_error: 197.689
INFO : 2021-01-28 08:05:15,092 : state_square_error: 4.422 reward_error: 183.816
INFO : 2021-01-28 08:05:55,961 : state_square_error: 41.748 reward_error: 197.313
INFO : 2021-01-28 08:06:37,598 : state_square_error: 4.892 reward_error: 200.353
INFO : 2021-01-28 08:07:19,120 : state_square_error: 1.470 reward_error: 189.674
INFO : 2021-01-28 08:08:01,390 : state_square_error: 4.855 reward_error: 205.825
INFO : 2021-01-28 08:08:42,886 : state_square_error: 17.080 reward_error: 193.590
INFO : 2021-01-28 08:09:24,247 : state_square_error: 3.740 reward_error: 197.427
INFO : 2021-01-28 08:10:05,201 : episode: 56 score: 1975.2 100 games avg: 1975.2 steps 1000 
INFO : 2021-01-28 08:10:32,377 : state_square_error: 2.615 reward_error: 160.084
INFO : 2021-01-28 08:11:13,758 : state_square_error: 3.328 reward_error: 59.973
INFO : 2021-01-28 08:11:55,016 : state_square_error: 1.874 reward_error: 74.736
INFO : 2021-01-28 08:12:37,302 : state_square_error: 1.216 reward_error: 5.414
INFO : 2021-01-28 08:13:20,259 : state_square_error: 0.883 reward_error: 18.868
INFO : 2021-01-28 08:14:02,823 : state_square_error: 1.524 reward_error: 7.981
INFO : 2021-01-28 08:14:45,527 : state_square_error: 4.629 reward_error: 20.037
INFO : 2021-01-28 08:15:28,027 : state_square_error: 0.637 reward_error: 11.685
INFO : 2021-01-28 08:16:11,128 : state_square_error: 3.252 reward_error: 28.158
INFO : 2021-01-28 08:16:54,432 : state_square_error: 6.560 reward_error: 26.173
INFO : 2021-01-28 08:17:36,944 : episode: 57 score: 166.2 100 games avg: 166.2 steps 1000 
INFO : 2021-01-28 08:18:05,170 : state_square_error: 2.620 reward_error: 167.675
INFO : 2021-01-28 08:18:48,283 : state_square_error: 2.093 reward_error: 192.600
INFO : 2021-01-28 08:19:29,965 : state_square_error: 3.130 reward_error: 192.907
INFO : 2021-01-28 08:20:14,521 : state_square_error: 1.629 reward_error: 195.182
INFO : 2021-01-28 08:20:57,324 : state_square_error: 0.895 reward_error: 192.069
INFO : 2021-01-28 08:21:39,112 : state_square_error: 6.630 reward_error: 204.359
INFO : 2021-01-28 08:22:21,008 : state_square_error: 2.889 reward_error: 178.807
INFO : 2021-01-28 08:23:03,045 : state_square_error: 3.658 reward_error: 184.733
INFO : 2021-01-28 08:23:44,767 : state_square_error: 14.210 reward_error: 193.325
INFO : 2021-01-28 08:24:26,270 : state_square_error: 1.337 reward_error: 176.756
INFO : 2021-01-28 08:25:07,344 : episode: 58 score: 2038.3 100 games avg: 2038.3 steps 1000 
INFO : 2021-01-28 08:25:35,374 : state_square_error: 7.440 reward_error: 169.618
INFO : 2021-01-28 08:26:16,866 : state_square_error: 1.490 reward_error: 200.190
INFO : 2021-01-28 08:26:59,356 : state_square_error: 7.386 reward_error: 190.639
INFO : 2021-01-28 08:27:42,162 : state_square_error: 4.031 reward_error: 197.905
INFO : 2021-01-28 08:28:24,734 : state_square_error: 3.214 reward_error: 201.684
INFO : 2021-01-28 08:29:07,345 : state_square_error: 1.885 reward_error: 183.031
INFO : 2021-01-28 08:29:50,129 : state_square_error: 8.532 reward_error: 197.143
INFO : 2021-01-28 08:30:32,236 : state_square_error: 3.623 reward_error: 190.794
INFO : 2021-01-28 08:31:13,305 : state_square_error: 16.968 reward_error: 203.584
INFO : 2021-01-28 08:31:54,355 : state_square_error: 8.962 reward_error: 209.990
INFO : 2021-01-28 08:32:35,054 : episode: 59 score: 2046.7 100 games avg: 2046.7 steps 1000 
INFO : 2021-01-28 08:33:03,644 : state_square_error: 3.369 reward_error: 177.874
INFO : 2021-01-28 08:33:44,760 : state_square_error: 14.179 reward_error: 205.165
INFO : 2021-01-28 08:34:25,808 : state_square_error: 2.336 reward_error: 198.367
INFO : 2021-01-28 08:35:08,076 : state_square_error: 5.306 reward_error: 202.099
INFO : 2021-01-28 08:35:53,399 : state_square_error: 9.981 reward_error: 188.494
INFO : 2021-01-28 08:36:36,968 : state_square_error: 14.613 reward_error: 212.309
INFO : 2021-01-28 08:37:20,168 : state_square_error: 6.268 reward_error: 207.798
INFO : 2021-01-28 08:38:03,324 : state_square_error: 9.428 reward_error: 210.801
INFO : 2021-01-28 08:38:46,350 : state_square_error: 6.914 reward_error: 214.385
INFO : 2021-01-28 08:39:28,119 : state_square_error: 1.187 reward_error: 205.897
INFO : 2021-01-28 08:40:09,423 : episode: 60 score: 2190.9 100 games avg: 2190.9 steps 1000 
INFO : 2021-01-28 08:40:38,619 : state_square_error: 0.829 reward_error: 176.206
INFO : 2021-01-28 08:41:19,283 : state_square_error: 3.191 reward_error: 200.100
INFO : 2021-01-28 08:42:00,132 : state_square_error: 5.192 reward_error: 204.660
INFO : 2021-01-28 08:42:41,480 : state_square_error: 1.941 reward_error: 216.876
INFO : 2021-01-28 08:43:23,561 : state_square_error: 16.801 reward_error: 204.072
INFO : 2021-01-28 08:44:05,363 : state_square_error: 2.269 reward_error: 208.336
INFO : 2021-01-28 08:44:45,600 : state_square_error: 1.448 reward_error: 207.445
INFO : 2021-01-28 08:45:27,663 : state_square_error: 2.425 reward_error: 214.888
INFO : 2021-01-28 08:46:10,258 : state_square_error: 3.500 reward_error: 197.306
INFO : 2021-01-28 08:46:52,451 : state_square_error: 25.971 reward_error: 227.090
INFO : 2021-01-28 08:47:34,353 : episode: 61 score: 2118.2 100 games avg: 2118.2 steps 1000 
INFO : 2021-01-28 08:48:04,288 : state_square_error: 2.848 reward_error: 203.803
INFO : 2021-01-28 08:48:45,094 : state_square_error: 6.000 reward_error: 193.658
INFO : 2021-01-28 08:49:25,784 : state_square_error: 2.217 reward_error: 202.063
INFO : 2021-01-28 08:50:06,432 : state_square_error: 2.838 reward_error: 196.147
INFO : 2021-01-28 08:50:47,174 : state_square_error: 1.152 reward_error: 214.308
INFO : 2021-01-28 08:51:29,336 : state_square_error: 9.931 reward_error: 215.231
INFO : 2021-01-28 08:52:12,184 : state_square_error: 2.855 reward_error: 222.253
INFO : 2021-01-28 08:52:53,344 : state_square_error: 8.158 reward_error: 203.072
INFO : 2021-01-28 08:53:34,243 : state_square_error: 9.784 reward_error: 205.783
INFO : 2021-01-28 08:54:16,231 : state_square_error: 2.697 reward_error: 213.689
INFO : 2021-01-28 08:54:56,711 : episode: 62 score: 1969.9 100 games avg: 1969.9 steps 1000 
INFO : 2021-01-28 08:55:26,149 : state_square_error: 4.661 reward_error: 180.365
INFO : 2021-01-28 08:56:06,796 : state_square_error: 1.529 reward_error: 201.923
INFO : 2021-01-28 08:56:47,753 : state_square_error: 25.944 reward_error: 209.136
INFO : 2021-01-28 08:57:28,752 : state_square_error: 7.928 reward_error: 202.767
INFO : 2021-01-28 08:58:10,418 : state_square_error: 3.881 reward_error: 216.890
INFO : 2021-01-28 08:58:52,820 : state_square_error: 4.660 reward_error: 197.459
INFO : 2021-01-28 08:59:34,984 : state_square_error: 11.389 reward_error: 202.938
INFO : 2021-01-28 09:00:17,441 : state_square_error: 2.846 reward_error: 202.572
INFO : 2021-01-28 09:00:59,879 : state_square_error: 1.097 reward_error: 209.306
INFO : 2021-01-28 09:01:42,028 : state_square_error: 3.380 reward_error: 216.908
INFO : 2021-01-28 09:02:24,265 : episode: 63 score: 2063.9 100 games avg: 2063.9 steps 1000 
INFO : 2021-01-28 09:02:53,961 : state_square_error: 0.712 reward_error: 171.470
INFO : 2021-01-28 09:03:36,084 : state_square_error: 4.966 reward_error: 217.356
INFO : 2021-01-28 09:04:19,542 : state_square_error: 13.551 reward_error: 203.507
INFO : 2021-01-28 09:05:03,032 : state_square_error: 3.390 reward_error: 200.846
INFO : 2021-01-28 09:05:45,589 : state_square_error: 4.163 reward_error: 213.066
INFO : 2021-01-28 09:06:26,572 : state_square_error: 4.076 reward_error: 206.994
INFO : 2021-01-28 09:07:09,448 : state_square_error: 5.449 reward_error: 217.986
INFO : 2021-01-28 09:07:52,800 : state_square_error: 1.463 reward_error: 209.243
INFO : 2021-01-28 09:08:36,134 : state_square_error: 2.743 reward_error: 207.206
INFO : 2021-01-28 09:09:19,503 : state_square_error: 2.131 reward_error: 225.504
INFO : 2021-01-28 09:10:01,786 : episode: 64 score: 2286.0 100 games avg: 2286.0 steps 1000 
INFO : 2021-01-28 09:10:33,299 : state_square_error: 3.679 reward_error: 189.041
INFO : 2021-01-28 09:11:15,005 : state_square_error: 5.011 reward_error: 217.214
INFO : 2021-01-28 09:11:56,518 : state_square_error: 4.539 reward_error: 212.862
INFO : 2021-01-28 09:12:37,327 : state_square_error: 17.066 reward_error: 221.423
INFO : 2021-01-28 09:13:18,574 : state_square_error: 3.911 reward_error: 234.423
INFO : 2021-01-28 09:14:00,786 : state_square_error: 2.506 reward_error: 225.823
INFO : 2021-01-28 09:14:42,854 : state_square_error: 8.786 reward_error: 226.800
INFO : 2021-01-28 09:15:25,343 : state_square_error: 5.216 reward_error: 208.258
INFO : 2021-01-28 09:16:07,236 : state_square_error: 5.501 reward_error: 211.915
INFO : 2021-01-28 09:16:48,340 : state_square_error: 4.981 reward_error: 225.664
INFO : 2021-01-28 09:17:28,777 : episode: 65 score: 2180.4 100 games avg: 2180.4 steps 1000 
INFO : 2021-01-28 09:18:00,694 : state_square_error: 6.052 reward_error: 193.639
INFO : 2021-01-28 09:18:43,520 : state_square_error: 3.898 reward_error: 217.656
INFO : 2021-01-28 09:19:25,018 : state_square_error: 1.576 reward_error: 232.452
INFO : 2021-01-28 09:20:07,478 : state_square_error: 5.726 reward_error: 218.401
INFO : 2021-01-28 09:20:50,263 : state_square_error: 3.935 reward_error: 213.839
INFO : 2021-01-28 09:21:32,776 : state_square_error: 2.799 reward_error: 216.754
INFO : 2021-01-28 09:22:15,551 : state_square_error: 5.912 reward_error: 212.072
INFO : 2021-01-28 09:22:58,416 : state_square_error: 5.223 reward_error: 225.230
INFO : 2021-01-28 09:23:41,800 : state_square_error: 2.143 reward_error: 222.021
INFO : 2021-01-28 09:24:24,968 : state_square_error: 2.470 reward_error: 224.191
INFO : 2021-01-28 09:25:07,608 : episode: 66 score: 2057.5 100 games avg: 2057.5 steps 1000 
INFO : 2021-01-28 09:25:40,087 : state_square_error: 7.815 reward_error: 184.540
INFO : 2021-01-28 09:26:22,822 : state_square_error: 1.925 reward_error: 218.530
INFO : 2021-01-28 09:27:05,333 : state_square_error: 2.330 reward_error: 219.322
INFO : 2021-01-28 09:27:48,008 : state_square_error: 4.875 reward_error: 231.757
INFO : 2021-01-28 09:28:30,503 : state_square_error: 2.745 reward_error: 207.874
INFO : 2021-01-28 09:29:13,050 : state_square_error: 8.178 reward_error: 228.534
INFO : 2021-01-28 09:29:55,394 : state_square_error: 0.967 reward_error: 212.554
INFO : 2021-01-28 09:30:38,036 : state_square_error: 2.157 reward_error: 207.009
INFO : 2021-01-28 09:31:21,704 : state_square_error: 10.793 reward_error: 235.429
INFO : 2021-01-28 09:32:04,090 : state_square_error: 25.415 reward_error: 198.301
INFO : 2021-01-28 09:32:46,382 : episode: 67 score: 2082.8 100 games avg: 2082.8 steps 1000 
INFO : 2021-01-28 09:33:14,740 : state_square_error: 7.860 reward_error: 189.472
INFO : 2021-01-28 09:33:57,414 : state_square_error: 8.013 reward_error: 219.655
INFO : 2021-01-28 09:34:39,626 : state_square_error: 1.666 reward_error: 225.817
INFO : 2021-01-28 09:35:22,372 : state_square_error: 5.353 reward_error: 233.257
INFO : 2021-01-28 09:36:04,503 : state_square_error: 3.079 reward_error: 213.644
INFO : 2021-01-28 09:36:46,752 : state_square_error: 11.944 reward_error: 226.678
INFO : 2021-01-28 09:37:27,926 : state_square_error: 4.314 reward_error: 221.106
INFO : 2021-01-28 09:38:09,809 : state_square_error: 3.339 reward_error: 221.756
INFO : 2021-01-28 09:38:52,647 : state_square_error: 4.475 reward_error: 218.659
INFO : 2021-01-28 09:39:35,576 : state_square_error: 2.342 reward_error: 230.279
INFO : 2021-01-28 09:40:18,067 : episode: 68 score: 2133.2 100 games avg: 2133.2 steps 1000 
INFO : 2021-01-28 09:40:46,823 : state_square_error: 5.790 reward_error: 180.826
INFO : 2021-01-28 09:41:29,901 : state_square_error: 6.995 reward_error: 222.331
INFO : 2021-01-28 09:42:12,679 : state_square_error: 1.532 reward_error: 221.617
INFO : 2021-01-28 09:42:55,752 : state_square_error: 2.252 reward_error: 213.036
INFO : 2021-01-28 09:43:37,491 : state_square_error: 3.596 reward_error: 212.162
INFO : 2021-01-28 09:44:20,555 : state_square_error: 1.617 reward_error: 215.541
INFO : 2021-01-28 09:45:03,444 : state_square_error: 0.891 reward_error: 214.400
INFO : 2021-01-28 09:45:44,655 : state_square_error: 4.775 reward_error: 223.863
INFO : 2021-01-28 09:46:25,738 : state_square_error: 5.154 reward_error: 227.584
INFO : 2021-01-28 09:47:06,788 : state_square_error: 3.096 reward_error: 210.645
INFO : 2021-01-28 09:47:47,332 : episode: 69 score: 2059.5 100 games avg: 2059.5 steps 1000 
INFO : 2021-01-28 09:48:17,067 : state_square_error: 3.541 reward_error: 201.311
INFO : 2021-01-28 09:48:59,201 : state_square_error: 9.257 reward_error: 235.715
INFO : 2021-01-28 09:49:40,818 : state_square_error: 1.063 reward_error: 222.596
INFO : 2021-01-28 09:50:22,325 : state_square_error: 1.278 reward_error: 37.312
INFO : 2021-01-28 09:51:05,278 : state_square_error: 0.998 reward_error: 13.312
INFO : 2021-01-28 09:51:47,640 : state_square_error: 2.052 reward_error: 44.817
INFO : 2021-01-28 09:52:29,726 : state_square_error: 3.907 reward_error: 40.109
INFO : 2021-01-28 09:53:10,724 : state_square_error: 2.678 reward_error: 21.805
INFO : 2021-01-28 09:53:51,889 : state_square_error: 0.946 reward_error: 18.068
INFO : 2021-01-28 09:54:34,008 : state_square_error: 1.007 reward_error: 63.398
INFO : 2021-01-28 09:55:15,939 : episode: 70 score: 538.4 100 games avg: 538.4 steps 1000 
INFO : 2021-01-28 09:55:49,979 : state_square_error: 13.453 reward_error: 196.029
INFO : 2021-01-28 09:56:32,841 : state_square_error: 7.311 reward_error: 232.931
INFO : 2021-01-28 09:57:15,494 : state_square_error: 3.926 reward_error: 251.321
INFO : 2021-01-28 09:57:58,456 : state_square_error: 1.084 reward_error: 213.459
INFO : 2021-01-28 09:58:41,067 : state_square_error: 1.771 reward_error: 217.570
INFO : 2021-01-28 09:59:22,444 : state_square_error: 8.870 reward_error: 238.817
INFO : 2021-01-28 10:00:03,536 : state_square_error: 7.452 reward_error: 230.198
INFO : 2021-01-28 10:00:46,231 : state_square_error: 9.656 reward_error: 229.315
INFO : 2021-01-28 10:01:27,921 : state_square_error: 2.174 reward_error: 253.594
INFO : 2021-01-28 10:02:08,755 : state_square_error: 3.572 reward_error: 225.304
INFO : 2021-01-28 10:02:49,209 : episode: 71 score: 2017.3 100 games avg: 2017.3 steps 1000 
INFO : 2021-01-28 10:03:23,159 : state_square_error: 1.077 reward_error: 201.566
INFO : 2021-01-28 10:04:04,650 : state_square_error: 5.232 reward_error: 232.692
INFO : 2021-01-28 10:04:46,562 : state_square_error: 2.281 reward_error: 228.137
INFO : 2021-01-28 10:05:28,831 : state_square_error: 3.041 reward_error: 224.306
INFO : 2021-01-28 10:06:10,538 : state_square_error: 3.103 reward_error: 230.083
INFO : 2021-01-28 10:06:52,287 : state_square_error: 3.377 reward_error: 238.276
INFO : 2021-01-28 10:07:33,533 : state_square_error: 4.500 reward_error: 243.698
INFO : 2021-01-28 10:08:15,317 : state_square_error: 7.093 reward_error: 240.573
INFO : 2021-01-28 10:08:55,864 : state_square_error: 65.472 reward_error: 236.573
INFO : 2021-01-28 10:09:36,820 : state_square_error: 8.242 reward_error: 234.243
INFO : 2021-01-28 10:10:17,187 : episode: 72 score: 2119.2 100 games avg: 2119.2 steps 1000 
INFO : 2021-01-28 10:10:51,789 : state_square_error: 0.387 reward_error: 191.944
INFO : 2021-01-28 10:11:32,550 : state_square_error: 1.923 reward_error: 224.399
INFO : 2021-01-28 10:12:13,652 : state_square_error: 13.495 reward_error: 207.368
INFO : 2021-01-28 10:12:54,457 : state_square_error: 2.189 reward_error: 233.301
INFO : 2021-01-28 10:13:35,364 : state_square_error: 2.547 reward_error: 234.819
INFO : 2021-01-28 10:14:16,192 : state_square_error: 5.833 reward_error: 226.465
INFO : 2021-01-28 10:14:56,812 : state_square_error: 5.745 reward_error: 228.208
INFO : 2021-01-28 10:15:37,460 : state_square_error: 2.437 reward_error: 244.891
INFO : 2021-01-28 10:16:17,944 : state_square_error: 1.449 reward_error: 244.237
INFO : 2021-01-28 10:16:58,565 : state_square_error: 2.287 reward_error: 238.758
INFO : 2021-01-28 10:17:39,521 : episode: 73 score: 2239.9 100 games avg: 2239.9 steps 1000 
INFO : 2021-01-28 10:18:15,513 : state_square_error: 17.744 reward_error: 204.853
INFO : 2021-01-28 10:18:57,652 : state_square_error: 1.428 reward_error: 229.977
INFO : 2021-01-28 10:19:39,267 : state_square_error: 8.811 reward_error: 231.643
INFO : 2021-01-28 10:20:20,868 : state_square_error: 1.264 reward_error: 228.661
INFO : 2021-01-28 10:21:01,816 : state_square_error: 19.218 reward_error: 233.111
INFO : 2021-01-28 10:21:43,678 : state_square_error: 2.074 reward_error: 217.981
INFO : 2021-01-28 10:22:26,080 : state_square_error: 7.155 reward_error: 243.014
INFO : 2021-01-28 10:23:07,979 : state_square_error: 2.179 reward_error: 240.273
INFO : 2021-01-28 10:23:51,158 : state_square_error: 6.069 reward_error: 232.707
INFO : 2021-01-28 10:24:34,157 : state_square_error: 6.036 reward_error: 228.647
INFO : 2021-01-28 10:25:16,229 : episode: 74 score: 2259.8 100 games avg: 2259.8 steps 1000 
INFO : 2021-01-28 10:25:52,198 : state_square_error: 11.623 reward_error: 219.444
INFO : 2021-01-28 10:26:34,030 : state_square_error: 3.629 reward_error: 233.894
INFO : 2021-01-28 10:27:16,336 : state_square_error: 7.150 reward_error: 242.375
INFO : 2021-01-28 10:27:59,044 : state_square_error: 3.976 reward_error: 225.083
INFO : 2021-01-28 10:28:41,761 : state_square_error: 1.895 reward_error: 202.511
INFO : 2021-01-28 10:29:23,020 : state_square_error: 2.188 reward_error: 247.686
INFO : 2021-01-28 10:30:04,961 : state_square_error: 5.512 reward_error: 251.880
INFO : 2021-01-28 10:30:47,673 : state_square_error: 1.163 reward_error: 240.757
INFO : 2021-01-28 10:31:30,637 : state_square_error: 7.589 reward_error: 245.935
INFO : 2021-01-28 10:32:11,253 : state_square_error: 5.938 reward_error: 230.723
INFO : 2021-01-28 10:32:51,671 : episode: 75 score: 2187.9 100 games avg: 2187.9 steps 1000 
INFO : 2021-01-28 10:33:28,194 : state_square_error: 9.695 reward_error: 203.512
INFO : 2021-01-28 10:34:09,600 : state_square_error: 6.515 reward_error: 239.112
INFO : 2021-01-28 10:34:52,054 : state_square_error: 5.067 reward_error: 242.980
INFO : 2021-01-28 10:35:34,521 : state_square_error: 1.217 reward_error: 233.326
INFO : 2021-01-28 10:36:16,269 : state_square_error: 12.548 reward_error: 231.654
INFO : 2021-01-28 10:36:58,398 : state_square_error: 0.936 reward_error: 254.574
INFO : 2021-01-28 10:37:40,103 : state_square_error: 1.805 reward_error: 252.285
INFO : 2021-01-28 10:38:21,778 : state_square_error: 3.354 reward_error: 243.135
INFO : 2021-01-28 10:39:03,955 : state_square_error: 3.926 reward_error: 226.826
INFO : 2021-01-28 10:39:46,704 : state_square_error: 4.426 reward_error: 224.509
INFO : 2021-01-28 10:40:29,608 : episode: 76 score: 2374.5 100 games avg: 2374.5 steps 1000 
INFO : 2021-01-28 10:41:07,179 : state_square_error: 5.033 reward_error: 229.148
INFO : 2021-01-28 10:41:50,413 : state_square_error: 3.443 reward_error: 248.088
INFO : 2021-01-28 10:42:33,582 : state_square_error: 3.927 reward_error: 242.182
INFO : 2021-01-28 10:43:16,669 : state_square_error: 4.681 reward_error: 225.147
INFO : 2021-01-28 10:43:58,940 : state_square_error: 9.831 reward_error: 236.839
INFO : 2021-01-28 10:44:41,621 : state_square_error: 2.555 reward_error: 247.457
INFO : 2021-01-28 10:45:23,469 : state_square_error: 2.639 reward_error: 238.869
INFO : 2021-01-28 10:46:04,369 : state_square_error: 3.688 reward_error: 250.575
INFO : 2021-01-28 10:46:46,795 : state_square_error: 12.541 reward_error: 232.183
INFO : 2021-01-28 10:47:30,008 : state_square_error: 1.653 reward_error: 240.398
INFO : 2021-01-28 10:48:13,399 : episode: 77 score: 2478.7 100 games avg: 2478.7 steps 1000 
INFO : 2021-01-28 10:48:50,909 : state_square_error: 2.145 reward_error: 216.021
INFO : 2021-01-28 10:49:34,000 : state_square_error: 2.510 reward_error: 242.363
INFO : 2021-01-28 10:50:16,732 : state_square_error: 2.330 reward_error: 236.558
INFO : 2021-01-28 10:51:00,002 : state_square_error: 2.979 reward_error: 235.539
INFO : 2021-01-28 10:51:42,735 : state_square_error: 11.630 reward_error: 250.833
INFO : 2021-01-28 10:52:24,078 : state_square_error: 2.614 reward_error: 234.478
INFO : 2021-01-28 10:53:05,847 : state_square_error: 0.651 reward_error: 246.062
INFO : 2021-01-28 10:53:48,506 : state_square_error: 3.728 reward_error: 248.462
INFO : 2021-01-28 10:54:31,344 : state_square_error: 2.367 reward_error: 242.462
INFO : 2021-01-28 10:55:13,243 : state_square_error: 0.694 reward_error: 230.698
INFO : 2021-01-28 10:55:55,392 : episode: 78 score: 2367.7 100 games avg: 2367.7 steps 1000 
INFO : 2021-01-28 10:56:33,311 : state_square_error: 1.124 reward_error: 211.484
INFO : 2021-01-28 10:57:14,421 : state_square_error: 5.685 reward_error: 239.629
INFO : 2021-01-28 10:57:55,745 : state_square_error: 6.967 reward_error: 231.884
INFO : 2021-01-28 10:58:38,144 : state_square_error: 10.810 reward_error: 237.100
INFO : 2021-01-28 10:59:21,023 : state_square_error: 3.771 reward_error: 245.177
INFO : 2021-01-28 11:00:02,853 : state_square_error: 1.060 reward_error: 238.015
INFO : 2021-01-28 11:00:45,178 : state_square_error: 18.469 reward_error: 237.777
INFO : 2021-01-28 11:01:28,202 : state_square_error: 8.369 reward_error: 238.671
INFO : 2021-01-28 11:02:11,144 : state_square_error: 0.641 reward_error: 236.793
INFO : 2021-01-28 11:02:53,894 : state_square_error: 2.241 reward_error: 232.020
INFO : 2021-01-28 11:03:36,494 : episode: 79 score: 2419.3 100 games avg: 2419.3 steps 1000 
INFO : 2021-01-28 11:04:15,948 : state_square_error: 8.338 reward_error: 212.962
INFO : 2021-01-28 11:04:58,842 : state_square_error: 9.923 reward_error: 237.801
INFO : 2021-01-28 11:05:41,860 : state_square_error: 3.780 reward_error: 246.783
INFO : 2021-01-28 11:06:25,073 : state_square_error: 0.939 reward_error: 251.021
INFO : 2021-01-28 11:07:08,016 : state_square_error: 10.572 reward_error: 248.809
INFO : 2021-01-28 11:07:50,209 : state_square_error: 1.800 reward_error: 32.078
INFO : 2021-01-28 11:08:33,355 : state_square_error: 1.199 reward_error: 16.050
INFO : 2021-01-28 11:09:15,416 : state_square_error: 2.546 reward_error: 60.359
INFO : 2021-01-28 11:09:57,185 : state_square_error: 2.713 reward_error: 28.792
INFO : 2021-01-28 11:10:39,067 : state_square_error: 4.036 reward_error: 22.982
INFO : 2021-01-28 11:11:21,133 : episode: 80 score: 1019.9 100 games avg: 1019.9 steps 1000 
INFO : 2021-01-28 11:12:00,049 : state_square_error: 1.980 reward_error: 207.381
INFO : 2021-01-28 11:12:42,633 : state_square_error: 1.712 reward_error: 251.528
INFO : 2021-01-28 11:13:24,471 : state_square_error: 3.056 reward_error: 254.583
INFO : 2021-01-28 11:14:05,793 : state_square_error: 6.326 reward_error: 245.714
INFO : 2021-01-28 11:14:47,459 : state_square_error: 1.499 reward_error: 250.708
INFO : 2021-01-28 11:15:29,487 : state_square_error: 1.161 reward_error: 251.943
INFO : 2021-01-28 11:16:12,300 : state_square_error: 11.781 reward_error: 250.909
INFO : 2021-01-28 11:16:54,868 : state_square_error: 2.343 reward_error: 246.098
INFO : 2021-01-28 11:17:37,320 : state_square_error: 11.021 reward_error: 233.799
INFO : 2021-01-28 11:18:20,149 : state_square_error: 4.921 reward_error: 248.080
INFO : 2021-01-28 11:19:02,622 : episode: 81 score: 2417.1 100 games avg: 2417.1 steps 1000 
INFO : 2021-01-28 11:19:42,967 : state_square_error: 0.707 reward_error: 217.843
INFO : 2021-01-28 11:20:25,839 : state_square_error: 8.399 reward_error: 256.249
INFO : 2021-01-28 11:21:09,018 : state_square_error: 1.295 reward_error: 269.143
INFO : 2021-01-28 11:21:52,365 : state_square_error: 5.613 reward_error: 266.832
INFO : 2021-01-28 11:22:35,910 : state_square_error: 0.694 reward_error: 242.678
INFO : 2021-01-28 11:23:18,583 : state_square_error: 11.373 reward_error: 254.651
INFO : 2021-01-28 11:24:00,770 : state_square_error: 12.837 reward_error: 246.023
INFO : 2021-01-28 11:24:43,496 : state_square_error: 6.849 reward_error: 249.571
INFO : 2021-01-28 11:25:26,626 : state_square_error: 1.140 reward_error: 252.813
INFO : 2021-01-28 11:26:09,576 : state_square_error: 2.458 reward_error: 281.061
INFO : 2021-01-28 11:26:51,818 : episode: 82 score: 2455.3 100 games avg: 2455.3 steps 1000 
INFO : 2021-01-28 11:27:32,289 : state_square_error: 4.784 reward_error: 213.960
INFO : 2021-01-28 11:28:14,424 : state_square_error: 1.311 reward_error: 248.088
INFO : 2021-01-28 11:28:55,850 : state_square_error: 1.905 reward_error: 246.588
INFO : 2021-01-28 11:29:37,240 : state_square_error: 2.740 reward_error: 250.718
INFO : 2021-01-28 11:30:18,787 : state_square_error: 1.668 reward_error: 273.724
INFO : 2021-01-28 11:31:00,189 : state_square_error: 1.639 reward_error: 253.109
INFO : 2021-01-28 11:31:41,679 : state_square_error: 13.291 reward_error: 253.166
INFO : 2021-01-28 11:32:24,229 : state_square_error: 2.402 reward_error: 261.539
INFO : 2021-01-28 11:33:07,137 : state_square_error: 1.364 reward_error: 248.205
INFO : 2021-01-28 11:33:49,765 : state_square_error: 1.223 reward_error: 262.744
INFO : 2021-01-28 11:34:31,991 : episode: 83 score: 2565.5 100 games avg: 2565.5 steps 1000 
INFO : 2021-01-28 11:35:12,554 : state_square_error: 4.668 reward_error: 215.641
INFO : 2021-01-28 11:35:53,992 : state_square_error: 0.526 reward_error: 251.373
INFO : 2021-01-28 11:36:35,437 : state_square_error: 0.774 reward_error: 268.297
INFO : 2021-01-28 11:37:16,688 : state_square_error: 7.076 reward_error: 269.192
INFO : 2021-01-28 11:37:57,602 : state_square_error: 5.100 reward_error: 239.787
INFO : 2021-01-28 11:38:41,537 : state_square_error: 5.318 reward_error: 262.614
INFO : 2021-01-28 11:39:25,983 : state_square_error: 4.371 reward_error: 244.334
INFO : 2021-01-28 11:40:10,466 : state_square_error: 2.224 reward_error: 254.117
INFO : 2021-01-28 11:40:54,895 : state_square_error: 5.666 reward_error: 255.215
INFO : 2021-01-28 11:41:39,596 : state_square_error: 5.794 reward_error: 268.771
INFO : 2021-01-28 11:42:23,666 : episode: 84 score: 2658.2 100 games avg: 2658.2 steps 1000 
INFO : 2021-01-28 11:43:06,231 : state_square_error: 5.080 reward_error: 225.043
INFO : 2021-01-28 11:43:50,542 : state_square_error: 2.333 reward_error: 247.963
INFO : 2021-01-28 11:44:35,129 : state_square_error: 4.542 reward_error: 259.993
INFO : 2021-01-28 11:45:19,664 : state_square_error: 7.711 reward_error: 257.869
INFO : 2021-01-28 11:46:03,832 : state_square_error: 6.983 reward_error: 247.517
INFO : 2021-01-28 11:46:47,972 : state_square_error: 6.772 reward_error: 254.486
INFO : 2021-01-28 11:47:32,246 : state_square_error: 8.372 reward_error: 266.214
INFO : 2021-01-28 11:48:16,277 : state_square_error: 1.851 reward_error: 253.426
INFO : 2021-01-28 11:49:00,638 : state_square_error: 3.852 reward_error: 267.027
INFO : 2021-01-28 11:49:45,057 : state_square_error: 5.306 reward_error: 266.779
INFO : 2021-01-28 11:50:28,795 : episode: 85 score: 2546.6 100 games avg: 2546.6 steps 1000 
INFO : 2021-01-28 11:51:11,528 : state_square_error: 1.487 reward_error: 217.040
INFO : 2021-01-28 11:51:55,071 : state_square_error: 8.399 reward_error: 252.443
INFO : 2021-01-28 11:52:38,676 : state_square_error: 20.017 reward_error: 271.549
INFO : 2021-01-28 11:53:22,476 : state_square_error: 16.469 reward_error: 262.158
INFO : 2021-01-28 11:54:04,587 : state_square_error: 1.648 reward_error: 268.741
INFO : 2021-01-28 11:54:46,775 : state_square_error: 1.669 reward_error: 265.898
INFO : 2021-01-28 11:55:29,226 : state_square_error: 16.774 reward_error: 272.210
INFO : 2021-01-28 11:56:11,763 : state_square_error: 2.527 reward_error: 257.428
INFO : 2021-01-28 11:56:53,832 : state_square_error: 1.325 reward_error: 262.339
INFO : 2021-01-28 11:57:36,230 : state_square_error: 21.418 reward_error: 271.975
INFO : 2021-01-28 11:58:18,165 : episode: 86 score: 2636.0 100 games avg: 2636.0 steps 1000 
INFO : 2021-01-28 11:59:00,031 : state_square_error: 4.996 reward_error: 225.308
INFO : 2021-01-28 11:59:42,304 : state_square_error: 3.387 reward_error: 278.889
INFO : 2021-01-28 12:00:24,796 : state_square_error: 5.550 reward_error: 269.129
INFO : 2021-01-28 12:01:06,863 : state_square_error: 53.874 reward_error: 265.897
INFO : 2021-01-28 12:01:49,590 : state_square_error: 4.040 reward_error: 264.156
INFO : 2021-01-28 12:02:30,646 : state_square_error: 1.796 reward_error: 258.206
INFO : 2021-01-28 12:03:11,677 : state_square_error: 5.349 reward_error: 262.107
INFO : 2021-01-28 12:03:54,588 : state_square_error: 1.710 reward_error: 225.071
INFO : 2021-01-28 12:04:37,236 : state_square_error: 3.700 reward_error: 272.299
INFO : 2021-01-28 12:05:19,387 : state_square_error: 29.354 reward_error: 278.507
INFO : 2021-01-28 12:06:01,189 : episode: 87 score: 2525.9 100 games avg: 2525.9 steps 1000 
INFO : 2021-01-28 12:06:43,318 : state_square_error: 5.103 reward_error: 231.112
INFO : 2021-01-28 12:07:25,166 : state_square_error: 6.229 reward_error: 274.749
INFO : 2021-01-28 12:08:06,616 : state_square_error: 1.932 reward_error: 255.117
INFO : 2021-01-28 12:08:49,196 : state_square_error: 2.802 reward_error: 242.489
INFO : 2021-01-28 12:09:30,998 : state_square_error: 10.556 reward_error: 269.657
INFO : 2021-01-28 12:10:13,115 : state_square_error: 3.253 reward_error: 270.113
INFO : 2021-01-28 12:10:55,186 : state_square_error: 1.786 reward_error: 266.444
INFO : 2021-01-28 12:11:37,740 : state_square_error: 4.213 reward_error: 275.461
INFO : 2021-01-28 12:12:20,919 : state_square_error: 3.201 reward_error: 270.867
INFO : 2021-01-28 12:13:03,626 : state_square_error: 3.145 reward_error: 279.839
