INFO : 2021-01-30 19:31:01,689 : method: Model Predictive Contorol
INFO : 2021-01-30 19:31:01,690 : parameter n_steps: 200 ensemble_size: 5 env: Hopper-v2
INFO : 2021-01-30 19:31:04,786 : mpc horizon: 30 mpc_samples: 100 elite_sample: 30 grad_steps: 10
INFO : 2021-01-30 19:31:04,788 : mpc_function policy
INFO : 2021-01-30 19:31:04,788 : policy
INFO : 2021-01-30 19:31:45,822 : episode: 0 score: 52.4 100 games avg: 52.4 steps 81 
INFO : 2021-01-30 19:32:32,505 : episode: 1 score: 62.6 100 games avg: 62.6 steps 92 
INFO : 2021-01-30 19:33:18,135 : episode: 2 score: 60.0 100 games avg: 60.0 steps 89 
INFO : 2021-01-30 19:33:30,925 : episode: 3 score: 19.8 100 games avg: 19.8 steps 24 
INFO : 2021-01-30 19:33:53,208 : episode: 4 score: 61.5 100 games avg: 61.5 steps 42 
INFO : 2021-01-30 19:34:23,576 : episode: 5 score: 107.4 100 games avg: 107.4 steps 57 
INFO : 2021-01-30 19:34:34,247 : episode: 6 score: 23.5 100 games avg: 23.5 steps 20 
INFO : 2021-01-30 19:34:48,829 : episode: 7 score: 44.3 100 games avg: 44.3 steps 27 
INFO : 2021-01-30 19:35:01,805 : episode: 8 score: 40.9 100 games avg: 40.9 steps 24 
INFO : 2021-01-30 19:35:17,698 : episode: 9 score: 50.7 100 games avg: 50.7 steps 30 
INFO : 2021-01-30 19:35:29,798 : episode: 10 score: 39.2 100 games avg: 39.2 steps 23 
INFO : 2021-01-30 19:35:42,926 : episode: 11 score: 42.7 100 games avg: 42.7 steps 25 
INFO : 2021-01-30 19:35:49,984 : episode: 12 score: 14.1 100 games avg: 14.1 steps 13 
INFO : 2021-01-30 19:36:02,338 : episode: 13 score: 39.6 100 games avg: 39.6 steps 23 
INFO : 2021-01-30 19:36:14,201 : episode: 14 score: 38.3 100 games avg: 38.3 steps 22 
INFO : 2021-01-30 19:36:30,850 : episode: 15 score: 53.1 100 games avg: 53.1 steps 31 
INFO : 2021-01-30 19:36:45,145 : episode: 16 score: 43.8 100 games avg: 43.8 steps 26 
INFO : 2021-01-30 19:36:57,551 : episode: 17 score: 39.8 100 games avg: 39.8 steps 23 
INFO : 2021-01-30 19:37:11,451 : episode: 18 score: 44.5 100 games avg: 44.5 steps 26 
INFO : 2021-01-30 19:37:24,834 : episode: 19 score: 41.7 100 games avg: 41.7 steps 25 
INFO : 2021-01-30 19:37:38,810 : episode: 20 score: 43.8 100 games avg: 43.8 steps 26 
INFO : 2021-01-30 19:37:51,584 : episode: 21 score: 41.6 100 games avg: 41.6 steps 24 
INFO : 2021-01-30 19:38:08,737 : episode: 22 score: 54.3 100 games avg: 54.3 steps 32 
INFO : 2021-01-30 19:38:29,687 : episode: 23 score: 68.1 100 games avg: 68.1 steps 39 
INFO : 2021-01-30 19:38:48,005 : episode: 24 score: 59.3 100 games avg: 59.3 steps 34 
INFO : 2021-01-30 19:39:00,683 : episode: 25 score: 39.7 100 games avg: 39.7 steps 23 
INFO : 2021-01-30 19:39:13,087 : episode: 26 score: 38.7 100 games avg: 38.7 steps 23 
INFO : 2021-01-30 19:39:27,152 : episode: 27 score: 44.6 100 games avg: 44.6 steps 26 
INFO : 2021-01-30 19:39:44,869 : episode: 28 score: 57.2 100 games avg: 57.2 steps 33 
INFO : 2021-01-30 19:40:00,138 : episode: 29 score: 48.3 100 games avg: 48.3 steps 28 
INFO : 2021-01-30 19:40:22,874 : episode: 30 score: 76.6 100 games avg: 76.6 steps 43 
INFO : 2021-01-30 19:40:43,704 : episode: 31 score: 68.4 100 games avg: 68.4 steps 39 
INFO : 2021-01-30 19:41:01,390 : episode: 32 score: 57.0 100 games avg: 57.0 steps 33 
INFO : 2021-01-30 19:41:17,407 : episode: 33 score: 52.2 100 games avg: 52.2 steps 30 
INFO : 2021-01-30 19:41:36,670 : episode: 34 score: 63.1 100 games avg: 63.1 steps 36 
INFO : 2021-01-30 19:41:54,480 : episode: 35 score: 57.1 100 games avg: 57.1 steps 33 
INFO : 2021-01-30 19:42:21,785 : episode: 36 score: 91.9 100 games avg: 91.9 steps 51 
INFO : 2021-01-30 19:42:44,626 : episode: 37 score: 72.2 100 games avg: 72.2 steps 41 
INFO : 2021-01-30 19:43:01,565 : episode: 38 score: 54.1 100 games avg: 54.1 steps 31 
INFO : 2021-01-30 19:43:39,914 : episode: 39 score: 131.1 100 games avg: 131.1 steps 71 
INFO : 2021-01-30 19:44:26,785 : episode: 40 score: 173.6 100 games avg: 173.6 steps 88 
INFO : 2021-01-30 19:45:12,718 : episode: 41 score: 163.2 100 games avg: 163.2 steps 85 
INFO : 2021-01-30 19:46:01,820 : episode: 42 score: 172.5 100 games avg: 172.5 steps 91 
INFO : 2021-01-30 19:46:35,244 : episode: 43 score: 112.4 100 games avg: 112.4 steps 62 
INFO : 2021-01-30 19:47:25,153 : episode: 44 score: 182.6 100 games avg: 182.6 steps 93 
INFO : 2021-01-30 19:48:15,864 : episode: 45 score: 185.7 100 games avg: 185.7 steps 95 
INFO : 2021-01-30 19:49:02,634 : episode: 46 score: 171.3 100 games avg: 171.3 steps 87 
INFO : 2021-01-30 19:49:46,560 : episode: 47 score: 157.7 100 games avg: 157.7 steps 81 
INFO : 2021-01-30 19:50:33,379 : episode: 48 score: 172.2 100 games avg: 172.2 steps 87 
INFO : 2021-01-30 19:51:23,385 : episode: 49 score: 182.3 100 games avg: 182.3 steps 93 
INFO : 2021-01-30 19:52:12,106 : episode: 50 score: 182.9 100 games avg: 182.9 steps 91 
INFO : 2021-01-30 19:52:48,022 : episode: 51 score: 119.7 100 games avg: 119.7 steps 66 
INFO : 2021-01-30 19:53:34,791 : episode: 52 score: 171.7 100 games avg: 171.7 steps 87 
INFO : 2021-01-30 19:54:23,221 : episode: 53 score: 177.4 100 games avg: 177.4 steps 89 
INFO : 2021-01-30 19:55:09,133 : episode: 54 score: 174.8 100 games avg: 174.8 steps 85 
INFO : 2021-01-30 19:55:52,983 : episode: 55 score: 169.0 100 games avg: 169.0 steps 81 
INFO : 2021-01-30 19:56:43,798 : episode: 56 score: 187.2 100 games avg: 187.2 steps 94 
INFO : 2021-01-30 19:57:13,978 : episode: 57 score: 93.1 100 games avg: 93.1 steps 54 
INFO : 2021-01-30 19:58:00,550 : episode: 58 score: 186.3 100 games avg: 186.3 steps 85 
INFO : 2021-01-30 19:58:45,268 : episode: 59 score: 163.1 100 games avg: 163.1 steps 82 
INFO : 2021-01-30 19:59:14,644 : episode: 60 score: 89.3 100 games avg: 89.3 steps 52 
INFO : 2021-01-30 20:00:00,524 : episode: 61 score: 179.7 100 games avg: 179.7 steps 84 
INFO : 2021-01-30 20:00:47,552 : episode: 62 score: 185.8 100 games avg: 185.8 steps 86 
INFO : 2021-01-30 20:01:36,424 : episode: 63 score: 195.0 100 games avg: 195.0 steps 90 
INFO : 2021-01-30 20:02:24,349 : episode: 64 score: 182.5 100 games avg: 182.5 steps 88 
INFO : 2021-01-30 20:03:09,080 : episode: 65 score: 163.9 100 games avg: 163.9 steps 82 
INFO : 2021-01-30 20:03:56,454 : episode: 66 score: 181.7 100 games avg: 181.7 steps 87 
INFO : 2021-01-30 20:04:46,699 : episode: 67 score: 193.4 100 games avg: 193.4 steps 91 
INFO : 2021-01-30 20:05:35,171 : episode: 68 score: 196.6 100 games avg: 196.6 steps 89 
INFO : 2021-01-30 20:06:23,316 : episode: 69 score: 196.1 100 games avg: 196.1 steps 88 
INFO : 2021-01-30 20:07:10,407 : episode: 70 score: 188.9 100 games avg: 188.9 steps 86 
INFO : 2021-01-30 20:07:58,235 : episode: 71 score: 186.0 100 games avg: 186.0 steps 87 
INFO : 2021-01-30 20:08:46,772 : episode: 72 score: 199.7 100 games avg: 199.7 steps 89 
INFO : 2021-01-30 20:09:37,992 : episode: 73 score: 189.7 100 games avg: 189.7 steps 93 
INFO : 2021-01-30 20:10:26,473 : episode: 74 score: 188.4 100 games avg: 188.4 steps 88 
INFO : 2021-01-30 20:11:16,159 : episode: 75 score: 191.1 100 games avg: 191.1 steps 90 
INFO : 2021-01-30 20:12:04,804 : episode: 76 score: 192.7 100 games avg: 192.7 steps 89 
INFO : 2021-01-30 20:12:53,164 : episode: 77 score: 197.1 100 games avg: 197.1 steps 88 
INFO : 2021-01-30 20:13:41,872 : episode: 78 score: 189.1 100 games avg: 189.1 steps 88 
INFO : 2021-01-30 20:14:28,100 : episode: 79 score: 182.2 100 games avg: 182.2 steps 85 
INFO : 2021-01-30 20:15:15,175 : episode: 80 score: 185.9 100 games avg: 185.9 steps 86 
INFO : 2021-01-30 20:16:03,935 : episode: 81 score: 183.1 100 games avg: 183.1 steps 89 
INFO : 2021-01-30 20:16:50,852 : episode: 82 score: 188.8 100 games avg: 188.8 steps 85 
INFO : 2021-01-30 20:17:40,717 : episode: 83 score: 194.8 100 games avg: 194.8 steps 90 
INFO : 2021-01-30 20:18:29,282 : episode: 84 score: 191.8 100 games avg: 191.8 steps 89 
INFO : 2021-01-30 20:19:17,761 : episode: 85 score: 189.7 100 games avg: 189.7 steps 88 
INFO : 2021-01-30 20:20:10,218 : episode: 86 score: 208.3 100 games avg: 208.3 steps 95 
INFO : 2021-01-30 20:20:58,992 : episode: 87 score: 183.8 100 games avg: 183.8 steps 86 
INFO : 2021-01-30 20:21:47,718 : episode: 88 score: 178.1 100 games avg: 178.1 steps 86 
INFO : 2021-01-30 20:22:35,628 : episode: 89 score: 182.3 100 games avg: 182.3 steps 86 
INFO : 2021-01-30 20:23:10,411 : episode: 90 score: 102.9 100 games avg: 102.9 steps 61 
INFO : 2021-01-30 20:23:58,853 : episode: 91 score: 178.0 100 games avg: 178.0 steps 85 
INFO : 2021-01-30 20:24:40,161 : episode: 92 score: 131.5 100 games avg: 131.5 steps 73 
INFO : 2021-01-30 20:25:31,190 : episode: 93 score: 186.7 100 games avg: 186.7 steps 91 
INFO : 2021-01-30 20:26:22,150 : episode: 94 score: 168.7 100 games avg: 168.7 steps 89 
INFO : 2021-01-30 20:27:10,896 : episode: 95 score: 184.6 100 games avg: 184.6 steps 86 
INFO : 2021-01-30 20:28:02,121 : episode: 96 score: 180.4 100 games avg: 180.4 steps 91 
INFO : 2021-01-30 20:28:53,473 : episode: 97 score: 182.8 100 games avg: 182.8 steps 92 
INFO : 2021-01-30 20:29:44,909 : episode: 98 score: 181.0 100 games avg: 181.0 steps 92 
INFO : 2021-01-30 20:30:33,764 : episode: 99 score: 180.7 100 games avg: 180.7 steps 86 
INFO : 2021-01-30 20:31:25,979 : episode: 100 score: 182.6 100 games avg: 182.6 steps 92 
INFO : 2021-01-30 20:32:18,571 : episode: 101 score: 181.3 100 games avg: 181.3 steps 92 
INFO : 2021-01-30 20:33:12,509 : episode: 102 score: 190.5 100 games avg: 190.5 steps 95 
INFO : 2021-01-30 20:34:06,390 : episode: 103 score: 190.7 100 games avg: 190.7 steps 95 
INFO : 2021-01-30 20:34:56,117 : episode: 104 score: 186.0 100 games avg: 186.0 steps 87 
INFO : 2021-01-30 20:35:45,906 : episode: 105 score: 183.0 100 games avg: 183.0 steps 87 
INFO : 2021-01-30 20:36:36,385 : episode: 106 score: 174.3 100 games avg: 174.3 steps 89 
INFO : 2021-01-30 20:37:28,619 : episode: 107 score: 185.2 100 games avg: 185.2 steps 93 
INFO : 2021-01-30 20:38:22,988 : episode: 108 score: 184.6 100 games avg: 184.6 steps 95 
INFO : 2021-01-30 20:39:12,612 : episode: 109 score: 179.4 100 games avg: 179.4 steps 88 
INFO : 2021-01-30 20:40:07,948 : episode: 110 score: 193.0 100 games avg: 193.0 steps 98 
INFO : 2021-01-30 20:40:59,330 : episode: 111 score: 179.2 100 games avg: 179.2 steps 89 
INFO : 2021-01-30 20:41:50,787 : episode: 112 score: 177.1 100 games avg: 177.1 steps 89 
INFO : 2021-01-30 20:42:43,963 : episode: 113 score: 186.3 100 games avg: 186.3 steps 92 
