INFO : 2021-02-07 17:33:49,836 : method: Model Predictive Contorol
INFO : 2021-02-07 17:33:49,837 : parameter n_steps: 100 ensemble_size: 5 env: Continuous_CartPole
INFO : 2021-02-07 17:33:49,913 : mpc horizon: 10 mpc_samples: 100 elite_sample: 10 grad_steps: 10
INFO : 2021-02-07 17:33:49,913 : mpc_function policy
INFO : 2021-02-07 17:33:49,913 : cem
INFO : 2021-02-07 17:33:54,052 : episode: 0 score: 19.0 100 games avg: 19.0 steps 20 
INFO : 2021-02-07 17:33:58,512 : episode: 1 score: 19.0 100 games avg: 19.0 steps 20 
INFO : 2021-02-07 17:34:05,046 : episode: 2 score: 31.0 100 games avg: 31.0 steps 32 
INFO : 2021-02-07 17:34:08,179 : episode: 3 score: 12.0 100 games avg: 12.0 steps 13 
INFO : 2021-02-07 17:34:15,577 : episode: 4 score: 32.0 100 games avg: 32.0 steps 33 
INFO : 2021-02-07 17:34:21,434 : episode: 5 score: 23.0 100 games avg: 23.0 steps 24 
INFO : 2021-02-07 17:34:27,745 : episode: 6 score: 26.0 100 games avg: 26.0 steps 27 
INFO : 2021-02-07 17:34:34,198 : episode: 7 score: 26.0 100 games avg: 26.0 steps 27 
INFO : 2021-02-07 17:34:40,035 : episode: 8 score: 23.0 100 games avg: 23.0 steps 24 
INFO : 2021-02-07 17:34:47,094 : episode: 9 score: 29.0 100 games avg: 29.0 steps 30 
INFO : 2021-02-07 17:34:52,083 : episode: 10 score: 16.0 100 games avg: 16.0 steps 17 
INFO : 2021-02-07 17:34:55,485 : episode: 11 score: 8.0 100 games avg: 8.0 steps 9 
INFO : 2021-02-07 17:34:59,086 : episode: 12 score: 9.0 100 games avg: 9.0 steps 10 
INFO : 2021-02-07 17:35:03,591 : episode: 13 score: 13.0 100 games avg: 13.0 steps 14 
INFO : 2021-02-07 17:35:06,450 : episode: 14 score: 6.0 100 games avg: 6.0 steps 7 
INFO : 2021-02-07 17:35:13,264 : episode: 15 score: 23.0 100 games avg: 23.0 steps 24 
INFO : 2021-02-07 17:35:18,116 : episode: 16 score: 14.0 100 games avg: 14.0 steps 15 
INFO : 2021-02-07 17:35:20,897 : episode: 17 score: 6.0 100 games avg: 6.0 steps 7 
INFO : 2021-02-07 17:35:30,244 : episode: 18 score: 32.0 100 games avg: 32.0 steps 33 
INFO : 2021-02-07 17:35:36,507 : episode: 19 score: 21.0 100 games avg: 21.0 steps 22 
INFO : 2021-02-07 17:35:40,294 : episode: 20 score: 10.0 100 games avg: 10.0 steps 11 
INFO : 2021-02-07 17:35:46,708 : episode: 21 score: 20.0 100 games avg: 20.0 steps 21 
INFO : 2021-02-07 17:35:50,917 : episode: 22 score: 11.0 100 games avg: 11.0 steps 12 
INFO : 2021-02-07 17:35:55,029 : episode: 23 score: 11.0 100 games avg: 11.0 steps 12 
INFO : 2021-02-07 17:36:06,870 : episode: 24 score: 43.0 100 games avg: 43.0 steps 44 
INFO : 2021-02-07 17:36:12,889 : episode: 25 score: 18.0 100 games avg: 18.0 steps 19 
INFO : 2021-02-07 17:36:18,565 : episode: 26 score: 12.0 100 games avg: 12.0 steps 13 
INFO : 2021-02-07 17:36:22,404 : episode: 27 score: 5.0 100 games avg: 5.0 steps 6 
