INFO : 2021-01-27 02:26:37,191 : method: Model Predictive Contorol
INFO : 2021-01-27 02:26:37,192 : parameter n_steps: 100 ensemble_size: 5 env: HalfCheetah-v2
INFO : 2021-01-27 02:26:40,447 : mpc horizon: 10 mpc_samples: 100 elite_sample: 30 grad_steps: 10
INFO : 2021-01-27 02:26:40,448 : mpc_function policy-kl3
INFO : 2021-01-27 02:26:40,448 : policy-kl3
INFO : 2021-01-27 02:26:40,924 : state_square_error: 0.240 reward_error: 1.924
INFO : 2021-01-27 02:27:05,504 : state_square_error: 0.705 reward_error: 2.335
INFO : 2021-01-27 02:27:29,258 : state_square_error: 0.945 reward_error: 2.142
INFO : 2021-01-27 02:27:53,414 : state_square_error: 33.521 reward_error: -5.556
INFO : 2021-01-27 02:28:17,947 : state_square_error: 61.129 reward_error: 14.018
INFO : 2021-01-27 02:28:42,493 : state_square_error: 45.957 reward_error: 9.366
INFO : 2021-01-27 02:29:07,045 : state_square_error: 26.593 reward_error: 8.923
INFO : 2021-01-27 02:29:31,650 : state_square_error: 19.570 reward_error: 10.079
INFO : 2021-01-27 02:29:56,226 : state_square_error: 91.294 reward_error: 16.028
INFO : 2021-01-27 02:30:20,826 : state_square_error: 124.570 reward_error: 29.322
INFO : 2021-01-27 02:30:45,125 : episode: 0 score: -170.6 100 games avg: -170.6 steps 1000 
INFO : 2021-01-27 02:30:45,648 : state_square_error: 12.342 reward_error: 2.412
INFO : 2021-01-27 02:31:10,340 : state_square_error: 20.007 reward_error: 8.435
INFO : 2021-01-27 02:31:34,926 : state_square_error: 11.490 reward_error: 4.047
INFO : 2021-01-27 02:31:59,505 : state_square_error: 14.572 reward_error: 7.812
INFO : 2021-01-27 02:32:24,177 : state_square_error: 18.484 reward_error: 7.660
INFO : 2021-01-27 02:32:48,830 : state_square_error: 5.409 reward_error: 7.206
INFO : 2021-01-27 02:33:13,451 : state_square_error: 9.120 reward_error: 4.664
INFO : 2021-01-27 02:33:38,118 : state_square_error: 13.570 reward_error: 9.318
INFO : 2021-01-27 02:34:02,794 : state_square_error: 21.855 reward_error: 6.967
INFO : 2021-01-27 02:34:27,472 : state_square_error: 3.676 reward_error: 5.989
INFO : 2021-01-27 02:34:51,888 : episode: 1 score: -310.0 100 games avg: -310.0 steps 1000 
INFO : 2021-01-27 02:34:52,770 : state_square_error: 66.999 reward_error: -0.555
INFO : 2021-01-27 02:35:17,453 : state_square_error: 132.706 reward_error: 6.249
INFO : 2021-01-27 02:35:42,116 : state_square_error: 19.957 reward_error: -0.410
INFO : 2021-01-27 02:36:06,823 : state_square_error: 56.779 reward_error: 4.956
INFO : 2021-01-27 02:36:31,411 : state_square_error: 14.577 reward_error: -7.936
INFO : 2021-01-27 02:36:55,980 : state_square_error: 38.378 reward_error: 2.577
INFO : 2021-01-27 02:37:20,538 : state_square_error: 38.805 reward_error: 5.684
INFO : 2021-01-27 02:37:45,105 : state_square_error: 91.096 reward_error: 8.749
INFO : 2021-01-27 02:38:09,671 : state_square_error: 78.038 reward_error: 9.696
INFO : 2021-01-27 02:38:34,243 : state_square_error: 84.009 reward_error: 6.006
INFO : 2021-01-27 02:38:58,572 : episode: 2 score: -104.0 100 games avg: -104.0 steps 1000 
INFO : 2021-01-27 02:38:59,822 : state_square_error: 146.166 reward_error: 8.305
INFO : 2021-01-27 02:39:24,501 : state_square_error: 266.324 reward_error: 17.561
INFO : 2021-01-27 02:39:49,140 : state_square_error: 267.143 reward_error: 17.059
INFO : 2021-01-27 02:40:13,770 : state_square_error: 907.533 reward_error: 37.713
INFO : 2021-01-27 02:40:38,371 : state_square_error: 395.512 reward_error: 21.599
INFO : 2021-01-27 02:41:02,970 : state_square_error: 78.496 reward_error: 8.152
INFO : 2021-01-27 02:41:27,675 : state_square_error: 526.126 reward_error: 16.980
INFO : 2021-01-27 02:41:52,366 : state_square_error: 831.107 reward_error: 20.014
INFO : 2021-01-27 02:42:17,067 : state_square_error: 244.098 reward_error: 19.215
INFO : 2021-01-27 02:42:41,757 : state_square_error: 215.850 reward_error: 21.620
INFO : 2021-01-27 02:43:06,187 : episode: 3 score: -234.9 100 games avg: -234.9 steps 1000 
INFO : 2021-01-27 02:43:07,803 : state_square_error: 190.030 reward_error: -0.236
INFO : 2021-01-27 02:43:32,481 : state_square_error: 639.860 reward_error: 15.043
INFO : 2021-01-27 02:43:57,160 : state_square_error: 201.597 reward_error: 10.758
INFO : 2021-01-27 02:44:21,836 : state_square_error: 128.706 reward_error: 5.594
INFO : 2021-01-27 02:44:46,524 : state_square_error: 330.310 reward_error: 13.932
INFO : 2021-01-27 02:45:11,246 : state_square_error: 120.083 reward_error: 0.277
INFO : 2021-01-27 02:45:35,928 : state_square_error: 104.147 reward_error: 5.839
INFO : 2021-01-27 02:46:00,605 : state_square_error: 550.333 reward_error: 13.363
INFO : 2021-01-27 02:46:25,282 : state_square_error: 42.997 reward_error: 11.090
INFO : 2021-01-27 02:46:49,986 : state_square_error: 379.894 reward_error: 20.143
INFO : 2021-01-27 02:47:14,438 : episode: 4 score: -230.4 100 games avg: -230.4 steps 1000 
INFO : 2021-01-27 02:47:16,429 : state_square_error: 154.281 reward_error: 0.528
INFO : 2021-01-27 02:47:41,099 : state_square_error: 123.566 reward_error: 7.304
INFO : 2021-01-27 02:48:05,750 : state_square_error: 116.849 reward_error: 7.548
INFO : 2021-01-27 02:48:30,443 : state_square_error: 63.644 reward_error: 14.418
INFO : 2021-01-27 02:48:55,147 : state_square_error: 79.619 reward_error: 2.357
INFO : 2021-01-27 02:49:19,830 : state_square_error: 66.242 reward_error: 5.446
INFO : 2021-01-27 02:49:44,499 : state_square_error: 24.330 reward_error: 6.368
INFO : 2021-01-27 02:50:09,174 : state_square_error: 63.064 reward_error: 11.333
INFO : 2021-01-27 02:50:33,860 : state_square_error: 37.017 reward_error: 4.409
INFO : 2021-01-27 02:50:58,525 : state_square_error: 78.377 reward_error: 4.738
INFO : 2021-01-27 02:51:22,879 : episode: 5 score: -286.1 100 games avg: -286.1 steps 1000 
INFO : 2021-01-27 02:51:25,179 : state_square_error: 4.098 reward_error: 0.775
INFO : 2021-01-27 02:51:49,836 : state_square_error: 46.758 reward_error: 9.938
INFO : 2021-01-27 02:52:14,511 : state_square_error: 56.837 reward_error: 16.926
INFO : 2021-01-27 02:52:39,096 : state_square_error: 90.665 reward_error: -0.630
INFO : 2021-01-27 02:53:03,652 : state_square_error: 34.819 reward_error: -1.871
INFO : 2021-01-27 02:53:28,322 : state_square_error: 94.603 reward_error: -2.619
INFO : 2021-01-27 02:53:52,984 : state_square_error: 55.963 reward_error: 7.614
INFO : 2021-01-27 02:54:17,651 : state_square_error: 42.773 reward_error: 11.416
INFO : 2021-01-27 02:54:42,334 : state_square_error: 55.898 reward_error: 0.943
INFO : 2021-01-27 02:55:07,022 : state_square_error: 27.535 reward_error: 3.962
INFO : 2021-01-27 02:55:31,431 : episode: 6 score: -150.3 100 games avg: -150.3 steps 1000 
INFO : 2021-01-27 02:55:34,147 : state_square_error: 25.605 reward_error: 6.796
INFO : 2021-01-27 02:55:58,762 : state_square_error: 49.661 reward_error: 7.849
INFO : 2021-01-27 02:56:23,386 : state_square_error: 68.300 reward_error: 12.979
INFO : 2021-01-27 02:56:48,086 : state_square_error: 86.660 reward_error: 7.271
INFO : 2021-01-27 02:57:12,778 : state_square_error: 101.831 reward_error: 5.453
INFO : 2021-01-27 02:57:37,465 : state_square_error: 58.488 reward_error: 6.006
INFO : 2021-01-27 02:58:02,158 : state_square_error: 37.142 reward_error: 0.417
INFO : 2021-01-27 02:58:26,845 : state_square_error: 24.895 reward_error: 8.568
INFO : 2021-01-27 02:58:51,537 : state_square_error: 55.690 reward_error: 9.534
INFO : 2021-01-27 02:59:16,225 : state_square_error: 33.272 reward_error: 1.445
INFO : 2021-01-27 02:59:40,665 : episode: 7 score: -166.8 100 games avg: -166.8 steps 1000 
INFO : 2021-01-27 02:59:43,874 : state_square_error: 17.344 reward_error: 4.121
INFO : 2021-01-27 03:00:08,565 : state_square_error: 16.306 reward_error: 6.181
INFO : 2021-01-27 03:00:33,268 : state_square_error: 27.609 reward_error: 5.819
INFO : 2021-01-27 03:00:57,951 : state_square_error: 12.105 reward_error: 4.680
INFO : 2021-01-27 03:01:22,559 : state_square_error: 17.249 reward_error: 1.434
INFO : 2021-01-27 03:01:47,153 : state_square_error: 26.264 reward_error: 1.844
INFO : 2021-01-27 03:02:11,800 : state_square_error: 3.563 reward_error: 6.377
INFO : 2021-01-27 03:02:36,469 : state_square_error: 18.678 reward_error: 12.487
INFO : 2021-01-27 03:03:01,129 : state_square_error: 33.992 reward_error: 8.698
INFO : 2021-01-27 03:03:25,822 : state_square_error: 10.005 reward_error: 3.261
INFO : 2021-01-27 03:03:50,260 : episode: 8 score: -59.8 100 games avg: -59.8 steps 1000 
INFO : 2021-01-27 03:03:53,766 : state_square_error: 21.834 reward_error: 6.253
INFO : 2021-01-27 03:04:18,434 : state_square_error: 18.118 reward_error: 11.655
INFO : 2021-01-27 03:04:43,113 : state_square_error: 52.977 reward_error: 3.022
INFO : 2021-01-27 03:05:07,771 : state_square_error: 15.587 reward_error: 5.936
INFO : 2021-01-27 03:05:32,440 : state_square_error: 19.158 reward_error: 3.855
INFO : 2021-01-27 03:05:57,104 : state_square_error: 25.834 reward_error: 0.762
INFO : 2021-01-27 03:06:21,837 : state_square_error: 49.937 reward_error: 4.188
INFO : 2021-01-27 03:06:46,533 : state_square_error: 40.603 reward_error: 2.589
INFO : 2021-01-27 03:07:11,166 : state_square_error: 16.411 reward_error: 9.922
INFO : 2021-01-27 03:07:35,746 : state_square_error: 23.631 reward_error: 1.384
INFO : 2021-01-27 03:08:00,081 : episode: 9 score: -145.4 100 games avg: -145.4 steps 1000 
INFO : 2021-01-27 03:08:03,968 : state_square_error: 36.125 reward_error: 2.575
INFO : 2021-01-27 03:08:28,633 : state_square_error: 39.633 reward_error: 3.724
INFO : 2021-01-27 03:08:53,297 : state_square_error: 17.476 reward_error: 1.019
INFO : 2021-01-27 03:09:17,992 : state_square_error: 27.172 reward_error: 5.055
INFO : 2021-01-27 03:09:42,683 : state_square_error: 25.605 reward_error: 4.347
INFO : 2021-01-27 03:10:07,380 : state_square_error: 38.897 reward_error: 0.134
INFO : 2021-01-27 03:10:32,081 : state_square_error: 22.676 reward_error: 6.441
INFO : 2021-01-27 03:10:56,770 : state_square_error: 24.609 reward_error: 1.481
INFO : 2021-01-27 03:11:21,464 : state_square_error: 15.635 reward_error: 1.696
INFO : 2021-01-27 03:11:46,134 : state_square_error: 35.395 reward_error: 3.814
INFO : 2021-01-27 03:12:10,575 : episode: 10 score: -79.8 100 games avg: -79.8 steps 1000 
INFO : 2021-01-27 03:12:14,766 : state_square_error: 10.178 reward_error: 1.815
INFO : 2021-01-27 03:12:39,457 : state_square_error: 16.214 reward_error: 2.260
INFO : 2021-01-27 03:13:04,146 : state_square_error: 31.186 reward_error: 6.754
INFO : 2021-01-27 03:13:28,830 : state_square_error: 24.284 reward_error: 2.427
INFO : 2021-01-27 03:13:53,523 : state_square_error: 35.589 reward_error: 2.645
INFO : 2021-01-27 03:14:18,171 : state_square_error: 11.101 reward_error: 2.618
INFO : 2021-01-27 03:14:42,831 : state_square_error: 46.741 reward_error: 7.460
INFO : 2021-01-27 03:15:07,473 : state_square_error: 28.039 reward_error: 2.991
INFO : 2021-01-27 03:15:32,133 : state_square_error: 71.783 reward_error: 2.480
INFO : 2021-01-27 03:15:56,798 : state_square_error: 50.720 reward_error: 4.305
INFO : 2021-01-27 03:16:21,227 : episode: 11 score: -112.1 100 games avg: -112.1 steps 1000 
INFO : 2021-01-27 03:16:25,788 : state_square_error: 6.984 reward_error: 5.814
INFO : 2021-01-27 03:16:50,472 : state_square_error: 92.908 reward_error: 3.540
INFO : 2021-01-27 03:17:15,153 : state_square_error: 32.584 reward_error: 5.927
INFO : 2021-01-27 03:17:39,837 : state_square_error: 62.711 reward_error: 4.128
INFO : 2021-01-27 03:18:04,521 : state_square_error: 26.546 reward_error: 0.400
INFO : 2021-01-27 03:18:29,204 : state_square_error: 76.528 reward_error: 2.772
INFO : 2021-01-27 03:18:53,795 : state_square_error: 18.098 reward_error: 3.372
INFO : 2021-01-27 03:19:18,358 : state_square_error: 57.711 reward_error: 0.309
INFO : 2021-01-27 03:19:42,928 : state_square_error: 26.192 reward_error: 2.201
INFO : 2021-01-27 03:20:07,573 : state_square_error: 13.505 reward_error: -0.693
INFO : 2021-01-27 03:20:31,983 : episode: 12 score: -95.9 100 games avg: -95.9 steps 1000 
INFO : 2021-01-27 03:20:36,924 : state_square_error: 6.472 reward_error: 6.938
INFO : 2021-01-27 03:21:01,607 : state_square_error: 41.888 reward_error: -2.904
INFO : 2021-01-27 03:21:26,302 : state_square_error: 48.547 reward_error: 9.952
INFO : 2021-01-27 03:21:50,982 : state_square_error: 12.524 reward_error: 0.384
INFO : 2021-01-27 03:22:15,650 : state_square_error: 14.449 reward_error: 3.045
INFO : 2021-01-27 03:22:40,248 : state_square_error: 20.397 reward_error: -0.528
INFO : 2021-01-27 03:23:04,819 : state_square_error: 41.806 reward_error: 2.984
INFO : 2021-01-27 03:23:29,404 : state_square_error: 16.477 reward_error: -0.130
INFO : 2021-01-27 03:23:53,978 : state_square_error: 40.321 reward_error: 0.939
INFO : 2021-01-27 03:24:18,553 : state_square_error: 18.153 reward_error: 4.024
INFO : 2021-01-27 03:24:42,896 : episode: 13 score: -128.5 100 games avg: -128.5 steps 1000 
INFO : 2021-01-27 03:24:48,248 : state_square_error: 41.242 reward_error: 2.936
INFO : 2021-01-27 03:25:12,816 : state_square_error: 25.505 reward_error: 1.510
INFO : 2021-01-27 03:25:37,416 : state_square_error: 41.502 reward_error: 3.879
INFO : 2021-01-27 03:26:02,006 : state_square_error: 13.847 reward_error: 1.840
INFO : 2021-01-27 03:26:26,575 : state_square_error: 8.053 reward_error: 3.135
INFO : 2021-01-27 03:26:51,238 : state_square_error: 31.152 reward_error: 2.639
INFO : 2021-01-27 03:27:15,954 : state_square_error: 40.548 reward_error: 0.973
INFO : 2021-01-27 03:27:40,604 : state_square_error: 68.594 reward_error: 1.897
INFO : 2021-01-27 03:28:05,318 : state_square_error: 48.442 reward_error: 3.191
INFO : 2021-01-27 03:28:30,006 : state_square_error: 14.019 reward_error: -0.536
INFO : 2021-01-27 03:28:54,442 : episode: 14 score: -149.7 100 games avg: -149.7 steps 1000 
INFO : 2021-01-27 03:29:00,214 : state_square_error: 7.051 reward_error: 11.235
INFO : 2021-01-27 03:29:24,911 : state_square_error: 44.120 reward_error: 2.245
INFO : 2021-01-27 03:29:49,606 : state_square_error: 5.579 reward_error: 2.333
INFO : 2021-01-27 03:30:14,286 : state_square_error: 20.020 reward_error: 5.093
INFO : 2021-01-27 03:30:38,982 : state_square_error: 30.943 reward_error: -0.369
INFO : 2021-01-27 03:31:03,680 : state_square_error: 34.823 reward_error: -1.198
INFO : 2021-01-27 03:31:28,346 : state_square_error: 39.341 reward_error: 6.988
INFO : 2021-01-27 03:31:52,931 : state_square_error: 31.405 reward_error: 0.747
INFO : 2021-01-27 03:32:17,561 : state_square_error: 43.833 reward_error: 3.890
INFO : 2021-01-27 03:32:42,247 : state_square_error: 11.574 reward_error: 2.889
INFO : 2021-01-27 03:33:06,692 : episode: 15 score: -62.7 100 games avg: -62.7 steps 1000 
INFO : 2021-01-27 03:33:12,808 : state_square_error: 5.750 reward_error: 9.411
INFO : 2021-01-27 03:33:37,490 : state_square_error: 45.912 reward_error: 0.535
INFO : 2021-01-27 03:34:02,174 : state_square_error: 50.355 reward_error: 6.740
INFO : 2021-01-27 03:34:26,866 : state_square_error: 25.443 reward_error: 1.726
INFO : 2021-01-27 03:34:51,553 : state_square_error: 6.875 reward_error: 4.625
INFO : 2021-01-27 03:35:16,216 : state_square_error: 4.570 reward_error: 0.635
INFO : 2021-01-27 03:35:40,899 : state_square_error: 44.055 reward_error: -1.192
INFO : 2021-01-27 03:36:05,606 : state_square_error: 19.108 reward_error: 1.338
INFO : 2021-01-27 03:36:30,278 : state_square_error: 31.871 reward_error: 4.028
INFO : 2021-01-27 03:36:54,897 : state_square_error: 29.224 reward_error: 0.757
INFO : 2021-01-27 03:37:19,339 : episode: 16 score: -49.3 100 games avg: -49.3 steps 1000 
INFO : 2021-01-27 03:37:25,846 : state_square_error: 18.046 reward_error: 3.465
INFO : 2021-01-27 03:37:50,557 : state_square_error: 10.015 reward_error: 2.425
INFO : 2021-01-27 03:38:15,253 : state_square_error: 16.264 reward_error: 3.246
INFO : 2021-01-27 03:38:39,905 : state_square_error: 19.441 reward_error: 2.280
INFO : 2021-01-27 03:39:04,486 : state_square_error: 52.845 reward_error: 1.981
INFO : 2021-01-27 03:39:29,069 : state_square_error: 37.269 reward_error: 1.245
INFO : 2021-01-27 03:39:53,639 : state_square_error: 52.351 reward_error: 4.001
INFO : 2021-01-27 03:40:18,249 : state_square_error: 13.540 reward_error: 0.226
INFO : 2021-01-27 03:40:42,863 : state_square_error: 44.160 reward_error: -0.818
INFO : 2021-01-27 03:41:07,545 : state_square_error: 13.197 reward_error: 0.457
INFO : 2021-01-27 03:41:31,965 : episode: 17 score: -91.3 100 games avg: -91.3 steps 1000 
INFO : 2021-01-27 03:41:38,810 : state_square_error: 14.694 reward_error: 0.113
INFO : 2021-01-27 03:42:03,493 : state_square_error: 30.657 reward_error: 1.668
INFO : 2021-01-27 03:42:28,157 : state_square_error: 18.076 reward_error: 2.793
INFO : 2021-01-27 03:42:52,824 : state_square_error: 30.754 reward_error: 1.687
INFO : 2021-01-27 03:43:17,507 : state_square_error: 27.821 reward_error: 0.427
INFO : 2021-01-27 03:43:42,174 : state_square_error: 38.760 reward_error: -0.552
INFO : 2021-01-27 03:44:06,834 : state_square_error: 25.029 reward_error: 0.677
INFO : 2021-01-27 03:44:31,518 : state_square_error: 83.987 reward_error: 3.044
INFO : 2021-01-27 03:44:56,188 : state_square_error: 17.032 reward_error: 0.780
INFO : 2021-01-27 03:45:20,883 : state_square_error: 10.293 reward_error: 1.390
INFO : 2021-01-27 03:45:45,325 : episode: 18 score: -118.6 100 games avg: -118.6 steps 1000 
INFO : 2021-01-27 03:45:52,580 : state_square_error: 22.809 reward_error: 0.795
INFO : 2021-01-27 03:46:17,249 : state_square_error: 39.051 reward_error: 2.447
INFO : 2021-01-27 03:46:41,934 : state_square_error: 98.774 reward_error: -0.966
INFO : 2021-01-27 03:47:06,623 : state_square_error: 42.077 reward_error: -1.278
INFO : 2021-01-27 03:47:31,310 : state_square_error: 35.617 reward_error: 6.030
INFO : 2021-01-27 03:47:55,998 : state_square_error: 14.822 reward_error: 1.923
INFO : 2021-01-27 03:48:20,679 : state_square_error: 9.249 reward_error: 3.427
INFO : 2021-01-27 03:48:45,374 : state_square_error: 78.958 reward_error: 1.344
INFO : 2021-01-27 03:49:10,055 : state_square_error: 34.867 reward_error: 1.310
INFO : 2021-01-27 03:49:34,753 : state_square_error: 35.020 reward_error: 5.586
INFO : 2021-01-27 03:49:59,104 : episode: 19 score: -138.1 100 games avg: -138.1 steps 1000 
INFO : 2021-01-27 03:50:06,760 : state_square_error: 10.533 reward_error: 7.895
INFO : 2021-01-27 03:50:31,370 : state_square_error: 14.696 reward_error: 10.829
INFO : 2021-01-27 03:50:56,031 : state_square_error: 20.141 reward_error: 6.321
INFO : 2021-01-27 03:51:20,691 : state_square_error: 7.220 reward_error: 1.241
INFO : 2021-01-27 03:51:45,323 : state_square_error: 31.667 reward_error: 0.730
INFO : 2021-01-27 03:52:09,983 : state_square_error: 25.601 reward_error: 4.274
INFO : 2021-01-27 03:52:34,628 : state_square_error: 42.061 reward_error: 3.504
INFO : 2021-01-27 03:52:59,275 : state_square_error: 30.855 reward_error: 3.843
INFO : 2021-01-27 03:53:23,920 : state_square_error: 28.432 reward_error: 0.309
INFO : 2021-01-27 03:53:48,605 : state_square_error: 17.075 reward_error: 1.765
INFO : 2021-01-27 03:54:13,074 : episode: 20 score: -127.1 100 games avg: -127.1 steps 1000 
INFO : 2021-01-27 03:54:21,114 : state_square_error: 11.008 reward_error: 3.006
INFO : 2021-01-27 03:54:45,721 : state_square_error: 23.359 reward_error: 3.698
INFO : 2021-01-27 03:55:10,322 : state_square_error: 26.146 reward_error: -1.000
INFO : 2021-01-27 03:55:35,006 : state_square_error: 20.392 reward_error: 3.432
INFO : 2021-01-27 03:55:59,693 : state_square_error: 29.457 reward_error: 0.573
INFO : 2021-01-27 03:56:24,378 : state_square_error: 34.266 reward_error: 1.042
INFO : 2021-01-27 03:56:49,079 : state_square_error: 11.733 reward_error: 2.563
INFO : 2021-01-27 03:57:13,747 : state_square_error: 43.432 reward_error: 0.681
INFO : 2021-01-27 03:57:38,414 : state_square_error: 22.371 reward_error: 1.626
INFO : 2021-01-27 03:58:03,092 : state_square_error: 33.897 reward_error: 0.859
INFO : 2021-01-27 03:58:27,527 : episode: 21 score: -57.3 100 games avg: -57.3 steps 1000 
INFO : 2021-01-27 03:58:35,827 : state_square_error: 3.106 reward_error: 1.918
INFO : 2021-01-27 03:59:00,524 : state_square_error: 15.028 reward_error: 4.759
INFO : 2021-01-27 03:59:25,179 : state_square_error: 66.647 reward_error: -0.706
INFO : 2021-01-27 03:59:49,865 : state_square_error: 31.038 reward_error: 4.908
INFO : 2021-01-27 04:00:14,560 : state_square_error: 19.945 reward_error: -0.339
INFO : 2021-01-27 04:00:39,258 : state_square_error: 32.400 reward_error: 0.035
INFO : 2021-01-27 04:01:03,915 : state_square_error: 41.911 reward_error: 3.738
INFO : 2021-01-27 04:01:28,545 : state_square_error: 24.644 reward_error: 10.671
INFO : 2021-01-27 04:01:53,125 : state_square_error: 20.574 reward_error: 0.715
INFO : 2021-01-27 04:02:17,697 : state_square_error: 4.133 reward_error: 2.033
INFO : 2021-01-27 04:02:42,031 : episode: 22 score: -49.8 100 games avg: -49.8 steps 1000 
INFO : 2021-01-27 04:02:50,726 : state_square_error: 21.107 reward_error: 1.048
INFO : 2021-01-27 04:03:15,394 : state_square_error: 5.169 reward_error: 2.616
INFO : 2021-01-27 04:03:40,051 : state_square_error: 50.139 reward_error: 5.614
INFO : 2021-01-27 04:04:04,715 : state_square_error: 45.960 reward_error: 1.233
INFO : 2021-01-27 04:04:29,381 : state_square_error: 14.210 reward_error: 0.026
INFO : 2021-01-27 04:04:54,075 : state_square_error: 31.503 reward_error: 0.975
INFO : 2021-01-27 04:05:18,768 : state_square_error: 61.238 reward_error: 2.297
INFO : 2021-01-27 04:05:43,482 : state_square_error: 6.650 reward_error: 0.585
INFO : 2021-01-27 04:06:08,168 : state_square_error: 49.135 reward_error: 0.749
INFO : 2021-01-27 04:06:32,817 : state_square_error: 14.452 reward_error: -0.437
INFO : 2021-01-27 04:06:57,217 : episode: 23 score: -75.0 100 games avg: -75.0 steps 1000 
INFO : 2021-01-27 04:07:06,344 : state_square_error: 8.488 reward_error: 5.101
INFO : 2021-01-27 04:07:31,022 : state_square_error: 20.071 reward_error: -0.777
INFO : 2021-01-27 04:07:55,702 : state_square_error: 32.816 reward_error: 0.267
INFO : 2021-01-27 04:08:20,392 : state_square_error: 13.824 reward_error: 1.700
INFO : 2021-01-27 04:08:45,081 : state_square_error: 48.706 reward_error: 6.366
INFO : 2021-01-27 04:09:09,773 : state_square_error: 44.270 reward_error: 3.117
INFO : 2021-01-27 04:09:34,449 : state_square_error: 34.828 reward_error: -1.274
INFO : 2021-01-27 04:09:59,122 : state_square_error: 29.097 reward_error: 0.606
INFO : 2021-01-27 04:10:23,769 : state_square_error: 30.586 reward_error: 0.274
INFO : 2021-01-27 04:10:48,446 : state_square_error: 5.974 reward_error: 3.467
INFO : 2021-01-27 04:11:12,850 : episode: 24 score: -51.6 100 games avg: -51.6 steps 1000 
INFO : 2021-01-27 04:11:22,318 : state_square_error: 16.987 reward_error: 7.900
INFO : 2021-01-27 04:11:46,949 : state_square_error: 38.260 reward_error: 0.381
INFO : 2021-01-27 04:12:11,600 : state_square_error: 31.084 reward_error: 2.356
INFO : 2021-01-27 04:12:36,310 : state_square_error: 32.982 reward_error: 3.852
INFO : 2021-01-27 04:13:01,001 : state_square_error: 20.770 reward_error: -0.456
INFO : 2021-01-27 04:13:25,723 : state_square_error: 59.985 reward_error: 3.484
INFO : 2021-01-27 04:13:50,422 : state_square_error: 5.664 reward_error: -1.505
INFO : 2021-01-27 04:14:15,124 : state_square_error: 27.855 reward_error: 3.903
INFO : 2021-01-27 04:14:39,835 : state_square_error: 36.962 reward_error: 2.951
INFO : 2021-01-27 04:15:04,543 : state_square_error: 33.327 reward_error: 1.911
INFO : 2021-01-27 04:15:28,999 : episode: 25 score: -54.4 100 games avg: -54.4 steps 1000 
INFO : 2021-01-27 04:15:38,864 : state_square_error: 41.999 reward_error: 1.262
INFO : 2021-01-27 04:16:03,531 : state_square_error: 48.630 reward_error: 0.220
INFO : 2021-01-27 04:16:28,199 : state_square_error: 23.422 reward_error: 2.904
INFO : 2021-01-27 04:16:52,878 : state_square_error: 91.602 reward_error: 0.464
INFO : 2021-01-27 04:17:17,576 : state_square_error: 33.940 reward_error: 0.103
INFO : 2021-01-27 04:17:42,280 : state_square_error: 23.552 reward_error: 0.960
INFO : 2021-01-27 04:18:06,956 : state_square_error: 42.814 reward_error: 1.035
INFO : 2021-01-27 04:18:31,588 : state_square_error: 20.133 reward_error: 4.453
INFO : 2021-01-27 04:18:56,295 : state_square_error: 35.076 reward_error: 6.480
INFO : 2021-01-27 04:19:20,989 : state_square_error: 19.230 reward_error: 3.005
INFO : 2021-01-27 04:19:45,436 : episode: 26 score: 36.2 100 games avg: 36.2 steps 1000 
INFO : 2021-01-27 04:19:55,703 : state_square_error: 14.738 reward_error: 3.991
INFO : 2021-01-27 04:20:20,307 : state_square_error: 7.794 reward_error: 7.958
INFO : 2021-01-27 04:20:44,887 : state_square_error: 13.327 reward_error: 2.796
INFO : 2021-01-27 04:21:09,493 : state_square_error: 28.924 reward_error: 2.231
INFO : 2021-01-27 04:21:34,167 : state_square_error: 43.216 reward_error: 1.541
INFO : 2021-01-27 04:21:58,814 : state_square_error: 39.160 reward_error: 2.694
INFO : 2021-01-27 04:22:23,389 : state_square_error: 26.709 reward_error: 2.283
INFO : 2021-01-27 04:22:47,957 : state_square_error: 15.775 reward_error: 0.804
INFO : 2021-01-27 04:23:12,543 : state_square_error: 16.558 reward_error: 0.366
INFO : 2021-01-27 04:23:37,138 : state_square_error: 22.775 reward_error: 0.430
INFO : 2021-01-27 04:24:01,472 : episode: 27 score: -12.1 100 games avg: -12.1 steps 1000 
INFO : 2021-01-27 04:24:12,134 : state_square_error: 12.256 reward_error: 2.177
INFO : 2021-01-27 04:24:36,735 : state_square_error: 16.653 reward_error: 0.954
INFO : 2021-01-27 04:25:01,297 : state_square_error: 52.810 reward_error: 0.190
INFO : 2021-01-27 04:25:25,868 : state_square_error: 6.379 reward_error: 1.502
INFO : 2021-01-27 04:25:50,522 : state_square_error: 21.154 reward_error: 5.443
INFO : 2021-01-27 04:26:15,202 : state_square_error: 7.653 reward_error: -2.271
INFO : 2021-01-27 04:26:39,882 : state_square_error: 4.160 reward_error: 4.495
INFO : 2021-01-27 04:27:04,490 : state_square_error: 76.088 reward_error: 3.223
INFO : 2021-01-27 04:27:29,142 : state_square_error: 17.391 reward_error: 3.203
INFO : 2021-01-27 04:27:53,779 : state_square_error: 29.053 reward_error: -1.122
INFO : 2021-01-27 04:28:18,206 : episode: 28 score: -28.4 100 games avg: -28.4 steps 1000 
INFO : 2021-01-27 04:28:29,280 : state_square_error: 12.957 reward_error: 2.829
INFO : 2021-01-27 04:28:53,848 : state_square_error: 20.340 reward_error: 4.425
INFO : 2021-01-27 04:29:18,424 : state_square_error: 5.448 reward_error: 1.504
INFO : 2021-01-27 04:29:43,011 : state_square_error: 25.033 reward_error: 6.768
INFO : 2021-01-27 04:30:07,601 : state_square_error: 47.089 reward_error: 3.452
INFO : 2021-01-27 04:30:32,191 : state_square_error: 18.388 reward_error: 1.589
INFO : 2021-01-27 04:30:56,763 : state_square_error: 45.857 reward_error: 3.723
INFO : 2021-01-27 04:31:21,348 : state_square_error: 2.725 reward_error: 1.310
INFO : 2021-01-27 04:31:45,900 : state_square_error: 50.457 reward_error: -0.209
INFO : 2021-01-27 04:32:10,556 : state_square_error: 11.218 reward_error: 2.177
INFO : 2021-01-27 04:32:34,992 : episode: 29 score: 19.4 100 games avg: 19.4 steps 1000 
INFO : 2021-01-27 04:32:46,399 : state_square_error: 16.595 reward_error: 3.052
INFO : 2021-01-27 04:33:11,072 : state_square_error: 1.196 reward_error: 2.763
INFO : 2021-01-27 04:33:35,700 : state_square_error: 28.318 reward_error: 2.693
INFO : 2021-01-27 04:34:00,378 : state_square_error: 19.095 reward_error: 1.568
INFO : 2021-01-27 04:34:25,051 : state_square_error: 24.569 reward_error: 3.343
INFO : 2021-01-27 04:34:49,720 : state_square_error: 25.262 reward_error: 5.999
INFO : 2021-01-27 04:35:14,347 : state_square_error: 22.067 reward_error: 0.989
INFO : 2021-01-27 04:35:39,000 : state_square_error: 54.581 reward_error: 3.188
INFO : 2021-01-27 04:36:03,627 : state_square_error: 27.306 reward_error: 1.900
INFO : 2021-01-27 04:36:28,317 : state_square_error: 34.080 reward_error: 0.869
INFO : 2021-01-27 04:36:52,743 : episode: 30 score: 86.5 100 games avg: 86.5 steps 1000 
INFO : 2021-01-27 04:37:04,535 : state_square_error: 60.779 reward_error: 2.943
INFO : 2021-01-27 04:37:29,188 : state_square_error: 8.791 reward_error: 6.026
INFO : 2021-01-27 04:37:53,845 : state_square_error: 11.900 reward_error: 2.298
INFO : 2021-01-27 04:38:18,520 : state_square_error: 39.201 reward_error: 7.697
INFO : 2021-01-27 04:38:43,222 : state_square_error: 52.767 reward_error: 4.578
INFO : 2021-01-27 04:39:07,935 : state_square_error: 28.771 reward_error: 3.148
INFO : 2021-01-27 04:39:32,634 : state_square_error: 6.126 reward_error: -0.436
INFO : 2021-01-27 04:39:57,310 : state_square_error: 21.157 reward_error: 3.230
INFO : 2021-01-27 04:40:21,985 : state_square_error: 20.259 reward_error: -0.160
INFO : 2021-01-27 04:40:46,665 : state_square_error: 35.215 reward_error: 1.243
INFO : 2021-01-27 04:41:11,132 : episode: 31 score: 89.3 100 games avg: 89.3 steps 1000 
INFO : 2021-01-27 04:41:23,346 : state_square_error: 33.973 reward_error: 3.760
INFO : 2021-01-27 04:41:47,937 : state_square_error: 31.552 reward_error: 3.477
INFO : 2021-01-27 04:42:12,603 : state_square_error: 17.450 reward_error: -0.818
INFO : 2021-01-27 04:42:37,269 : state_square_error: 14.669 reward_error: -0.433
INFO : 2021-01-27 04:43:01,952 : state_square_error: 33.441 reward_error: -3.455
INFO : 2021-01-27 04:43:26,622 : state_square_error: 34.328 reward_error: 2.452
INFO : 2021-01-27 04:43:51,289 : state_square_error: 59.808 reward_error: 0.008
INFO : 2021-01-27 04:44:15,966 : state_square_error: 21.096 reward_error: 5.816
INFO : 2021-01-27 04:44:40,632 : state_square_error: 64.184 reward_error: 6.257
INFO : 2021-01-27 04:45:05,314 : state_square_error: 22.608 reward_error: 1.239
INFO : 2021-01-27 04:45:29,740 : episode: 32 score: 97.0 100 games avg: 97.0 steps 1000 
INFO : 2021-01-27 04:45:42,254 : state_square_error: 35.730 reward_error: 3.577
INFO : 2021-01-27 04:46:06,812 : state_square_error: 33.643 reward_error: 7.049
INFO : 2021-01-27 04:46:31,492 : state_square_error: 48.354 reward_error: 6.968
INFO : 2021-01-27 04:46:56,193 : state_square_error: 27.301 reward_error: 11.647
INFO : 2021-01-27 04:47:20,890 : state_square_error: 30.818 reward_error: 1.818
INFO : 2021-01-27 04:47:45,549 : state_square_error: 45.076 reward_error: 4.162
INFO : 2021-01-27 04:48:10,129 : state_square_error: 63.773 reward_error: 2.024
INFO : 2021-01-27 04:48:34,729 : state_square_error: 29.708 reward_error: 8.326
INFO : 2021-01-27 04:48:59,389 : state_square_error: 96.311 reward_error: 1.553
INFO : 2021-01-27 04:49:24,111 : state_square_error: 42.737 reward_error: 2.994
INFO : 2021-01-27 04:49:48,565 : episode: 33 score: 91.5 100 games avg: 91.5 steps 1000 
INFO : 2021-01-27 04:50:01,473 : state_square_error: 58.815 reward_error: 6.900
INFO : 2021-01-27 04:50:26,093 : state_square_error: 22.986 reward_error: -1.932
INFO : 2021-01-27 04:50:50,761 : state_square_error: 37.884 reward_error: 7.681
INFO : 2021-01-27 04:51:15,400 : state_square_error: 34.733 reward_error: 7.892
INFO : 2021-01-27 04:51:40,052 : state_square_error: 36.428 reward_error: 5.257
INFO : 2021-01-27 04:52:04,717 : state_square_error: 42.412 reward_error: 4.755
INFO : 2021-01-27 04:52:29,397 : state_square_error: 13.323 reward_error: 3.311
INFO : 2021-01-27 04:52:54,087 : state_square_error: 35.771 reward_error: 1.537
INFO : 2021-01-27 04:53:18,773 : state_square_error: 21.132 reward_error: 0.583
INFO : 2021-01-27 04:53:43,460 : state_square_error: 26.822 reward_error: 0.487
INFO : 2021-01-27 04:54:07,893 : episode: 34 score: 210.1 100 games avg: 210.1 steps 1000 
INFO : 2021-01-27 04:54:21,109 : state_square_error: 39.062 reward_error: 10.087
INFO : 2021-01-27 04:54:45,700 : state_square_error: 43.741 reward_error: 0.519
INFO : 2021-01-27 04:55:10,287 : state_square_error: 73.220 reward_error: 0.908
INFO : 2021-01-27 04:55:34,882 : state_square_error: 21.459 reward_error: 7.203
INFO : 2021-01-27 04:55:59,451 : state_square_error: 20.847 reward_error: 6.574
INFO : 2021-01-27 04:56:24,148 : state_square_error: 64.181 reward_error: 2.995
INFO : 2021-01-27 04:56:48,843 : state_square_error: 7.651 reward_error: 4.902
INFO : 2021-01-27 04:57:13,519 : state_square_error: 22.384 reward_error: 3.524
INFO : 2021-01-27 04:57:38,149 : state_square_error: 34.278 reward_error: 2.559
INFO : 2021-01-27 04:58:02,737 : state_square_error: 49.841 reward_error: -2.369
INFO : 2021-01-27 04:58:27,087 : episode: 35 score: 141.5 100 games avg: 141.5 steps 1000 
INFO : 2021-01-27 04:58:40,729 : state_square_error: 76.421 reward_error: 9.558
INFO : 2021-01-27 04:59:05,394 : state_square_error: 12.339 reward_error: 1.950
INFO : 2021-01-27 04:59:30,046 : state_square_error: 21.332 reward_error: 5.629
INFO : 2021-01-27 04:59:54,701 : state_square_error: 51.564 reward_error: -1.838
INFO : 2021-01-27 05:00:19,344 : state_square_error: 12.611 reward_error: 4.781
INFO : 2021-01-27 05:00:43,957 : state_square_error: 36.566 reward_error: 3.843
INFO : 2021-01-27 05:01:08,540 : state_square_error: 29.920 reward_error: 8.340
INFO : 2021-01-27 05:01:33,186 : state_square_error: 37.468 reward_error: 3.176
INFO : 2021-01-27 05:01:57,869 : state_square_error: 40.657 reward_error: -0.873
INFO : 2021-01-27 05:02:22,514 : state_square_error: 20.247 reward_error: 7.969
INFO : 2021-01-27 05:02:46,899 : episode: 36 score: 225.6 100 games avg: 225.6 steps 1000 
INFO : 2021-01-27 05:03:00,889 : state_square_error: 16.270 reward_error: -0.254
INFO : 2021-01-27 05:03:25,578 : state_square_error: 43.951 reward_error: 7.984
INFO : 2021-01-27 05:03:50,215 : state_square_error: 21.798 reward_error: 13.702
INFO : 2021-01-27 05:04:14,878 : state_square_error: 55.147 reward_error: 10.719
INFO : 2021-01-27 05:04:39,503 : state_square_error: 80.879 reward_error: 6.237
INFO : 2021-01-27 05:05:04,121 : state_square_error: 29.323 reward_error: 4.763
INFO : 2021-01-27 05:05:28,795 : state_square_error: 19.837 reward_error: 0.245
INFO : 2021-01-27 05:05:53,477 : state_square_error: 55.485 reward_error: 0.917
INFO : 2021-01-27 05:06:18,138 : state_square_error: 23.350 reward_error: 0.042
INFO : 2021-01-27 05:06:42,723 : state_square_error: 16.729 reward_error: 14.156
INFO : 2021-01-27 05:07:07,059 : episode: 37 score: 255.2 100 games avg: 255.2 steps 1000 
INFO : 2021-01-27 05:07:21,468 : state_square_error: 15.141 reward_error: 4.068
INFO : 2021-01-27 05:07:46,168 : state_square_error: 12.048 reward_error: 0.070
INFO : 2021-01-27 05:08:10,833 : state_square_error: 58.000 reward_error: 1.306
INFO : 2021-01-27 05:08:35,490 : state_square_error: 39.784 reward_error: 7.174
INFO : 2021-01-27 05:09:00,166 : state_square_error: 61.237 reward_error: 1.894
INFO : 2021-01-27 05:09:24,844 : state_square_error: 47.228 reward_error: 6.337
INFO : 2021-01-27 05:09:49,505 : state_square_error: 19.119 reward_error: 2.452
INFO : 2021-01-27 05:10:14,184 : state_square_error: 30.646 reward_error: 6.445
INFO : 2021-01-27 05:10:38,862 : state_square_error: 30.445 reward_error: -0.083
INFO : 2021-01-27 05:11:03,536 : state_square_error: 35.240 reward_error: 2.868
INFO : 2021-01-27 05:11:27,957 : episode: 38 score: 313.3 100 games avg: 313.3 steps 1000 
INFO : 2021-01-27 05:11:42,711 : state_square_error: 4.696 reward_error: 6.335
INFO : 2021-01-27 05:12:07,365 : state_square_error: 14.133 reward_error: 2.331
INFO : 2021-01-27 05:12:32,036 : state_square_error: 57.141 reward_error: 9.295
INFO : 2021-01-27 05:12:56,726 : state_square_error: 27.735 reward_error: 0.143
INFO : 2021-01-27 05:13:21,407 : state_square_error: 24.631 reward_error: -0.634
INFO : 2021-01-27 05:13:46,109 : state_square_error: 32.918 reward_error: 0.226
INFO : 2021-01-27 05:14:10,716 : state_square_error: 51.417 reward_error: 1.801
INFO : 2021-01-27 05:14:35,362 : state_square_error: 55.361 reward_error: 4.496
INFO : 2021-01-27 05:15:00,018 : state_square_error: 33.948 reward_error: 3.556
INFO : 2021-01-27 05:15:24,684 : state_square_error: 21.253 reward_error: 3.141
INFO : 2021-01-27 05:15:49,141 : episode: 39 score: 352.3 100 games avg: 352.3 steps 1000 
INFO : 2021-01-27 05:16:04,321 : state_square_error: 11.122 reward_error: 1.023
INFO : 2021-01-27 05:16:29,014 : state_square_error: 59.879 reward_error: 8.088
INFO : 2021-01-27 05:16:53,718 : state_square_error: 40.360 reward_error: -2.682
INFO : 2021-01-27 05:17:18,359 : state_square_error: 35.406 reward_error: 7.195
INFO : 2021-01-27 05:17:43,026 : state_square_error: 31.904 reward_error: 2.430
INFO : 2021-01-27 05:18:07,738 : state_square_error: 46.601 reward_error: 13.519
INFO : 2021-01-27 05:18:32,441 : state_square_error: 6.335 reward_error: 1.045
INFO : 2021-01-27 05:18:57,137 : state_square_error: 40.952 reward_error: -1.345
INFO : 2021-01-27 05:19:21,810 : state_square_error: 14.113 reward_error: 3.426
INFO : 2021-01-27 05:19:46,377 : state_square_error: 34.105 reward_error: 7.674
INFO : 2021-01-27 05:20:10,712 : episode: 40 score: 447.2 100 games avg: 447.2 steps 1000 
INFO : 2021-01-27 05:20:26,324 : state_square_error: 16.494 reward_error: 1.730
INFO : 2021-01-27 05:20:51,019 : state_square_error: 154.813 reward_error: 51.420
INFO : 2021-01-27 05:21:15,689 : state_square_error: 310.531 reward_error: 64.479
INFO : 2021-01-27 05:21:40,331 : state_square_error: 497.503 reward_error: 61.608
INFO : 2021-01-27 05:22:04,886 : state_square_error: 153.772 reward_error: 55.767
INFO : 2021-01-27 05:22:29,492 : state_square_error: 294.906 reward_error: 49.425
INFO : 2021-01-27 05:22:54,176 : state_square_error: 370.976 reward_error: 43.823
INFO : 2021-01-27 05:23:18,881 : state_square_error: 297.000 reward_error: 63.156
INFO : 2021-01-27 05:23:43,553 : state_square_error: 204.174 reward_error: 63.298
INFO : 2021-01-27 05:24:08,245 : state_square_error: 111.408 reward_error: 52.246
INFO : 2021-01-27 05:24:32,589 : episode: 41 score: -428.3 100 games avg: -428.3 steps 1000 
INFO : 2021-01-27 05:24:48,492 : state_square_error: 18.778 reward_error: 1.724
INFO : 2021-01-27 05:25:13,158 : state_square_error: 11.821 reward_error: 8.465
INFO : 2021-01-27 05:25:37,828 : state_square_error: 36.022 reward_error: 7.995
INFO : 2021-01-27 05:26:02,515 : state_square_error: 7.013 reward_error: 9.248
INFO : 2021-01-27 05:26:27,187 : state_square_error: 30.924 reward_error: 7.940
INFO : 2021-01-27 05:26:51,868 : state_square_error: 36.911 reward_error: 2.906
INFO : 2021-01-27 05:27:16,584 : state_square_error: 24.278 reward_error: 1.333
INFO : 2021-01-27 05:27:41,244 : state_square_error: 30.934 reward_error: 11.270
INFO : 2021-01-27 05:28:05,847 : state_square_error: 37.710 reward_error: 13.914
INFO : 2021-01-27 05:28:30,401 : state_square_error: 33.631 reward_error: -1.523
INFO : 2021-01-27 05:28:54,723 : episode: 42 score: 483.5 100 games avg: 483.5 steps 1000 
INFO : 2021-01-27 05:29:11,022 : state_square_error: 31.569 reward_error: 7.473
INFO : 2021-01-27 05:29:35,609 : state_square_error: 4.914 reward_error: 1.104
INFO : 2021-01-27 05:30:00,185 : state_square_error: 27.593 reward_error: -0.706
INFO : 2021-01-27 05:30:24,774 : state_square_error: 23.143 reward_error: 0.193
INFO : 2021-01-27 05:30:49,413 : state_square_error: 29.594 reward_error: 0.333
INFO : 2021-01-27 05:31:14,066 : state_square_error: 42.865 reward_error: 2.708
INFO : 2021-01-27 05:31:38,726 : state_square_error: 37.335 reward_error: 7.354
INFO : 2021-01-27 05:32:03,387 : state_square_error: 39.209 reward_error: 5.442
INFO : 2021-01-27 05:32:28,050 : state_square_error: 48.371 reward_error: 3.794
INFO : 2021-01-27 05:32:52,711 : state_square_error: 24.822 reward_error: 8.779
INFO : 2021-01-27 05:33:17,137 : episode: 43 score: 445.5 100 games avg: 445.5 steps 1000 
INFO : 2021-01-27 05:33:33,774 : state_square_error: 36.379 reward_error: 4.917
INFO : 2021-01-27 05:33:58,452 : state_square_error: 29.843 reward_error: 3.510
INFO : 2021-01-27 05:34:23,135 : state_square_error: 73.938 reward_error: -0.340
INFO : 2021-01-27 05:34:47,726 : state_square_error: 37.194 reward_error: -1.446
INFO : 2021-01-27 05:35:12,314 : state_square_error: 18.315 reward_error: 5.251
INFO : 2021-01-27 05:35:36,890 : state_square_error: 45.604 reward_error: 0.408
INFO : 2021-01-27 05:36:01,474 : state_square_error: 60.608 reward_error: 2.037
INFO : 2021-01-27 05:36:26,211 : state_square_error: 89.491 reward_error: 1.599
INFO : 2021-01-27 05:36:50,904 : state_square_error: 84.890 reward_error: 12.922
INFO : 2021-01-27 05:37:15,541 : state_square_error: 28.082 reward_error: 5.796
INFO : 2021-01-27 05:37:39,852 : episode: 44 score: 392.9 100 games avg: 392.9 steps 1000 
INFO : 2021-01-27 05:37:56,818 : state_square_error: 4.343 reward_error: 12.158
INFO : 2021-01-27 05:38:21,397 : state_square_error: 33.798 reward_error: 5.225
INFO : 2021-01-27 05:38:45,964 : state_square_error: 5.684 reward_error: 2.965
INFO : 2021-01-27 05:39:10,578 : state_square_error: 14.054 reward_error: 2.300
INFO : 2021-01-27 05:39:35,242 : state_square_error: 43.468 reward_error: 8.741
INFO : 2021-01-27 05:39:59,879 : state_square_error: 6.807 reward_error: 4.038
INFO : 2021-01-27 05:40:24,541 : state_square_error: 14.752 reward_error: 6.552
INFO : 2021-01-27 05:40:49,226 : state_square_error: 37.406 reward_error: 3.851
INFO : 2021-01-27 05:41:13,802 : state_square_error: 33.975 reward_error: 1.059
INFO : 2021-01-27 05:41:38,382 : state_square_error: 29.296 reward_error: 4.870
INFO : 2021-01-27 05:42:02,726 : episode: 45 score: 533.5 100 games avg: 533.5 steps 1000 
INFO : 2021-01-27 05:42:20,138 : state_square_error: 16.909 reward_error: 5.639
INFO : 2021-01-27 05:42:44,836 : state_square_error: 48.492 reward_error: 4.264
INFO : 2021-01-27 05:43:09,537 : state_square_error: 33.240 reward_error: 7.775
INFO : 2021-01-27 05:43:34,239 : state_square_error: 72.201 reward_error: 12.829
INFO : 2021-01-27 05:43:58,910 : state_square_error: 41.012 reward_error: 8.492
INFO : 2021-01-27 05:44:23,579 : state_square_error: 58.825 reward_error: -3.380
INFO : 2021-01-27 05:44:48,254 : state_square_error: 56.289 reward_error: 9.514
INFO : 2021-01-27 05:45:12,941 : state_square_error: 42.949 reward_error: 11.582
INFO : 2021-01-27 05:45:37,619 : state_square_error: 42.839 reward_error: 2.075
INFO : 2021-01-27 05:46:02,276 : state_square_error: 69.262 reward_error: -1.985
INFO : 2021-01-27 05:46:26,687 : episode: 46 score: 474.9 100 games avg: 474.9 steps 1000 
INFO : 2021-01-27 05:46:44,538 : state_square_error: 34.362 reward_error: 6.844
INFO : 2021-01-27 05:47:09,171 : state_square_error: 71.936 reward_error: 0.091
INFO : 2021-01-27 05:47:33,869 : state_square_error: 14.224 reward_error: 3.566
INFO : 2021-01-27 05:47:58,549 : state_square_error: 44.217 reward_error: 3.677
INFO : 2021-01-27 05:48:23,153 : state_square_error: 34.774 reward_error: 6.177
INFO : 2021-01-27 05:48:47,826 : state_square_error: 34.828 reward_error: 2.168
INFO : 2021-01-27 05:49:12,500 : state_square_error: 50.508 reward_error: 3.626
INFO : 2021-01-27 05:49:37,125 : state_square_error: 51.885 reward_error: 10.176
INFO : 2021-01-27 05:50:01,727 : state_square_error: 25.908 reward_error: 7.669
INFO : 2021-01-27 05:50:26,316 : state_square_error: 37.205 reward_error: -1.968
INFO : 2021-01-27 05:50:50,629 : episode: 47 score: 504.7 100 games avg: 504.7 steps 1000 
INFO : 2021-01-27 05:51:08,925 : state_square_error: 13.933 reward_error: 2.929
INFO : 2021-01-27 05:51:33,623 : state_square_error: 37.066 reward_error: 9.635
INFO : 2021-01-27 05:51:58,296 : state_square_error: 38.248 reward_error: 4.908
INFO : 2021-01-27 05:52:22,990 : state_square_error: 44.438 reward_error: -0.302
INFO : 2021-01-27 05:52:47,671 : state_square_error: 51.244 reward_error: 4.139
INFO : 2021-01-27 05:53:12,359 : state_square_error: 18.738 reward_error: 8.492
INFO : 2021-01-27 05:53:37,042 : state_square_error: 14.244 reward_error: 11.943
INFO : 2021-01-27 05:54:01,698 : state_square_error: 29.040 reward_error: 0.692
INFO : 2021-01-27 05:54:26,374 : state_square_error: 39.567 reward_error: 0.564
INFO : 2021-01-27 05:54:50,970 : state_square_error: 50.424 reward_error: 6.941
INFO : 2021-01-27 05:55:15,293 : episode: 48 score: 438.9 100 games avg: 438.9 steps 1000 
INFO : 2021-01-27 05:55:33,891 : state_square_error: 14.443 reward_error: 4.777
INFO : 2021-01-27 05:55:58,581 : state_square_error: 20.079 reward_error: -0.679
INFO : 2021-01-27 05:56:23,266 : state_square_error: 68.025 reward_error: 5.476
INFO : 2021-01-27 05:56:47,966 : state_square_error: 14.999 reward_error: -0.221
INFO : 2021-01-27 05:57:12,655 : state_square_error: 109.420 reward_error: -0.035
INFO : 2021-01-27 05:57:37,334 : state_square_error: 29.449 reward_error: -0.129
INFO : 2021-01-27 05:58:01,982 : state_square_error: 32.831 reward_error: 1.061
INFO : 2021-01-27 05:58:26,663 : state_square_error: 26.980 reward_error: -1.424
INFO : 2021-01-27 05:58:51,314 : state_square_error: 20.613 reward_error: 8.631
INFO : 2021-01-27 05:59:15,970 : state_square_error: 36.119 reward_error: 3.938
INFO : 2021-01-27 05:59:40,381 : episode: 49 score: 543.7 100 games avg: 543.7 steps 1000 
INFO : 2021-01-27 05:59:59,417 : state_square_error: 45.000 reward_error: 4.893
INFO : 2021-01-27 06:00:24,011 : state_square_error: 33.313 reward_error: -4.154
INFO : 2021-01-27 06:00:48,602 : state_square_error: 23.387 reward_error: 7.706
INFO : 2021-01-27 06:01:13,214 : state_square_error: 22.745 reward_error: 8.560
INFO : 2021-01-27 06:01:37,833 : state_square_error: 25.397 reward_error: 9.308
INFO : 2021-01-27 06:02:02,482 : state_square_error: 36.292 reward_error: 4.847
INFO : 2021-01-27 06:02:27,177 : state_square_error: 18.600 reward_error: 9.077
INFO : 2021-01-27 06:02:51,860 : state_square_error: 65.622 reward_error: 1.273
INFO : 2021-01-27 06:03:16,594 : state_square_error: 60.189 reward_error: 3.481
INFO : 2021-01-27 06:03:41,305 : state_square_error: 70.205 reward_error: 1.713
INFO : 2021-01-27 06:04:05,638 : episode: 50 score: 623.0 100 games avg: 623.0 steps 1000 
INFO : 2021-01-27 06:04:24,967 : state_square_error: 15.064 reward_error: 0.991
INFO : 2021-01-27 06:04:49,651 : state_square_error: 28.182 reward_error: 4.231
INFO : 2021-01-27 06:05:14,337 : state_square_error: 28.541 reward_error: 7.904
INFO : 2021-01-27 06:05:39,024 : state_square_error: 25.371 reward_error: -2.901
INFO : 2021-01-27 06:06:03,736 : state_square_error: 28.196 reward_error: 9.048
INFO : 2021-01-27 06:06:28,454 : state_square_error: 60.999 reward_error: 5.378
INFO : 2021-01-27 06:06:53,132 : state_square_error: 18.161 reward_error: 8.693
INFO : 2021-01-27 06:07:17,804 : state_square_error: 63.781 reward_error: 7.679
INFO : 2021-01-27 06:07:42,441 : state_square_error: 56.847 reward_error: 9.987
INFO : 2021-01-27 06:08:07,108 : state_square_error: 32.052 reward_error: 13.998
INFO : 2021-01-27 06:08:31,528 : episode: 51 score: 517.3 100 games avg: 517.3 steps 1000 
INFO : 2021-01-27 06:08:51,265 : state_square_error: 3.696 reward_error: 1.857
INFO : 2021-01-27 06:09:15,948 : state_square_error: 50.536 reward_error: 1.919
INFO : 2021-01-27 06:09:40,653 : state_square_error: 38.961 reward_error: 11.311
INFO : 2021-01-27 06:10:05,296 : state_square_error: 28.249 reward_error: 1.332
INFO : 2021-01-27 06:10:29,966 : state_square_error: 22.080 reward_error: 9.977
INFO : 2021-01-27 06:10:54,648 : state_square_error: 23.874 reward_error: 0.525
INFO : 2021-01-27 06:11:19,303 : state_square_error: 53.686 reward_error: 14.335
INFO : 2021-01-27 06:11:43,955 : state_square_error: 91.037 reward_error: 15.768
INFO : 2021-01-27 06:12:08,670 : state_square_error: 52.857 reward_error: 5.483
INFO : 2021-01-27 06:12:33,294 : state_square_error: 19.119 reward_error: 2.229
INFO : 2021-01-27 06:12:57,636 : episode: 52 score: 566.9 100 games avg: 566.9 steps 1000 
INFO : 2021-01-27 06:13:17,836 : state_square_error: 40.266 reward_error: 5.523
INFO : 2021-01-27 06:13:42,400 : state_square_error: 36.729 reward_error: 5.192
INFO : 2021-01-27 06:14:06,987 : state_square_error: 27.570 reward_error: 13.327
INFO : 2021-01-27 06:14:31,593 : state_square_error: 16.325 reward_error: 10.402
INFO : 2021-01-27 06:14:56,157 : state_square_error: 63.647 reward_error: 11.133
INFO : 2021-01-27 06:15:20,835 : state_square_error: 70.291 reward_error: 8.087
INFO : 2021-01-27 06:15:45,490 : state_square_error: 39.991 reward_error: 3.732
INFO : 2021-01-27 06:16:10,126 : state_square_error: 34.089 reward_error: 4.292
INFO : 2021-01-27 06:16:34,697 : state_square_error: 35.832 reward_error: 13.225
INFO : 2021-01-27 06:16:59,258 : state_square_error: 16.931 reward_error: 8.320
INFO : 2021-01-27 06:17:23,627 : episode: 53 score: 595.5 100 games avg: 595.5 steps 1000 
INFO : 2021-01-27 06:17:44,152 : state_square_error: 9.475 reward_error: 2.866
INFO : 2021-01-27 06:18:08,820 : state_square_error: 29.832 reward_error: -1.510
INFO : 2021-01-27 06:18:33,480 : state_square_error: 41.836 reward_error: 6.048
INFO : 2021-01-27 06:18:58,176 : state_square_error: 7.689 reward_error: 6.142
INFO : 2021-01-27 06:19:22,858 : state_square_error: 7.702 reward_error: 2.397
INFO : 2021-01-27 06:19:47,549 : state_square_error: 48.227 reward_error: 7.646
INFO : 2021-01-27 06:20:12,243 : state_square_error: 30.110 reward_error: 4.893
INFO : 2021-01-27 06:20:36,927 : state_square_error: 73.168 reward_error: -4.062
INFO : 2021-01-27 06:21:01,587 : state_square_error: 52.163 reward_error: -2.624
INFO : 2021-01-27 06:21:26,176 : state_square_error: 45.955 reward_error: 2.678
INFO : 2021-01-27 06:21:50,520 : episode: 54 score: 593.8 100 games avg: 593.8 steps 1000 
INFO : 2021-01-27 06:22:11,438 : state_square_error: 27.837 reward_error: 4.178
INFO : 2021-01-27 06:22:36,137 : state_square_error: 26.619 reward_error: 3.309
INFO : 2021-01-27 06:23:00,838 : state_square_error: 61.051 reward_error: 9.935
INFO : 2021-01-27 06:23:25,537 : state_square_error: 45.468 reward_error: -2.989
INFO : 2021-01-27 06:23:50,233 : state_square_error: 12.426 reward_error: -0.036
INFO : 2021-01-27 06:24:14,942 : state_square_error: 20.262 reward_error: 4.773
INFO : 2021-01-27 06:24:39,598 : state_square_error: 21.276 reward_error: 2.779
INFO : 2021-01-27 06:25:04,254 : state_square_error: 49.928 reward_error: 3.645
INFO : 2021-01-27 06:25:28,938 : state_square_error: 27.704 reward_error: 3.492
INFO : 2021-01-27 06:25:53,630 : state_square_error: 19.889 reward_error: 2.500
INFO : 2021-01-27 06:26:18,067 : episode: 55 score: 583.5 100 games avg: 583.5 steps 1000 
INFO : 2021-01-27 06:26:39,380 : state_square_error: 11.972 reward_error: -0.434
INFO : 2021-01-27 06:27:04,062 : state_square_error: 23.518 reward_error: -1.743
INFO : 2021-01-27 06:27:28,735 : state_square_error: 121.742 reward_error: 7.170
INFO : 2021-01-27 06:27:53,425 : state_square_error: 28.173 reward_error: 5.314
INFO : 2021-01-27 06:28:18,066 : state_square_error: 52.440 reward_error: 8.638
INFO : 2021-01-27 06:28:42,748 : state_square_error: 19.613 reward_error: 1.238
INFO : 2021-01-27 06:29:07,424 : state_square_error: 37.193 reward_error: 0.539
INFO : 2021-01-27 06:29:32,016 : state_square_error: 22.011 reward_error: 17.457
INFO : 2021-01-27 06:29:56,668 : state_square_error: 35.847 reward_error: -4.724
INFO : 2021-01-27 06:30:21,316 : state_square_error: 29.537 reward_error: 9.147
INFO : 2021-01-27 06:30:45,712 : episode: 56 score: 552.7 100 games avg: 552.7 steps 1000 
INFO : 2021-01-27 06:31:07,255 : state_square_error: 10.759 reward_error: 7.702
INFO : 2021-01-27 06:31:31,934 : state_square_error: 39.208 reward_error: -5.277
INFO : 2021-01-27 06:31:56,576 : state_square_error: 51.827 reward_error: 1.684
INFO : 2021-01-27 06:32:21,213 : state_square_error: 29.008 reward_error: 2.529
INFO : 2021-01-27 06:32:45,895 : state_square_error: 42.146 reward_error: 5.453
INFO : 2021-01-27 06:33:10,583 : state_square_error: 19.205 reward_error: 11.461
INFO : 2021-01-27 06:33:35,283 : state_square_error: 21.354 reward_error: 11.347
INFO : 2021-01-27 06:33:59,994 : state_square_error: 10.888 reward_error: 1.300
INFO : 2021-01-27 06:34:24,686 : state_square_error: 55.056 reward_error: 5.467
INFO : 2021-01-27 06:34:49,381 : state_square_error: 12.779 reward_error: 4.554
INFO : 2021-01-27 06:35:13,827 : episode: 57 score: 558.4 100 games avg: 558.4 steps 1000 
INFO : 2021-01-27 06:35:35,857 : state_square_error: 13.528 reward_error: -3.258
INFO : 2021-01-27 06:36:00,468 : state_square_error: 36.123 reward_error: 7.989
INFO : 2021-01-27 06:36:25,084 : state_square_error: 23.418 reward_error: 5.083
INFO : 2021-01-27 06:36:49,715 : state_square_error: 36.683 reward_error: 14.948
INFO : 2021-01-27 06:37:14,404 : state_square_error: 24.891 reward_error: 7.178
INFO : 2021-01-27 06:37:39,015 : state_square_error: 24.849 reward_error: -2.944
INFO : 2021-01-27 06:38:03,624 : state_square_error: 76.981 reward_error: 9.071
INFO : 2021-01-27 06:38:28,249 : state_square_error: 15.602 reward_error: 5.422
INFO : 2021-01-27 06:38:52,928 : state_square_error: 24.093 reward_error: -3.584
INFO : 2021-01-27 06:39:17,598 : state_square_error: 33.369 reward_error: 5.383
INFO : 2021-01-27 06:39:42,018 : episode: 58 score: 639.8 100 games avg: 639.8 steps 1000 
INFO : 2021-01-27 06:40:04,495 : state_square_error: 3.238 reward_error: 2.799
INFO : 2021-01-27 06:40:29,177 : state_square_error: 31.562 reward_error: 5.146
INFO : 2021-01-27 06:40:53,862 : state_square_error: 96.754 reward_error: -3.146
INFO : 2021-01-27 06:41:18,548 : state_square_error: 20.526 reward_error: 0.637
INFO : 2021-01-27 06:41:43,239 : state_square_error: 28.454 reward_error: -1.321
INFO : 2021-01-27 06:42:07,964 : state_square_error: 12.361 reward_error: 4.158
INFO : 2021-01-27 06:42:32,666 : state_square_error: 46.027 reward_error: 3.509
INFO : 2021-01-27 06:42:57,347 : state_square_error: 26.731 reward_error: 2.383
INFO : 2021-01-27 06:43:22,036 : state_square_error: 68.334 reward_error: 2.144
INFO : 2021-01-27 06:43:46,718 : state_square_error: 73.448 reward_error: -7.613
INFO : 2021-01-27 06:44:11,172 : episode: 59 score: 589.2 100 games avg: 589.2 steps 1000 
INFO : 2021-01-27 06:44:34,056 : state_square_error: 9.319 reward_error: 2.508
INFO : 2021-01-27 06:44:58,750 : state_square_error: 53.045 reward_error: 0.275
INFO : 2021-01-27 06:45:23,352 : state_square_error: 18.268 reward_error: 13.240
INFO : 2021-01-27 06:45:47,988 : state_square_error: 12.274 reward_error: 4.938
INFO : 2021-01-27 06:46:12,600 : state_square_error: 19.744 reward_error: -4.743
INFO : 2021-01-27 06:46:37,242 : state_square_error: 46.695 reward_error: 6.803
INFO : 2021-01-27 06:47:01,934 : state_square_error: 32.471 reward_error: -1.688
INFO : 2021-01-27 06:47:26,630 : state_square_error: 26.066 reward_error: 3.224
INFO : 2021-01-27 06:47:51,318 : state_square_error: 26.164 reward_error: 0.790
INFO : 2021-01-27 06:48:16,031 : state_square_error: 12.283 reward_error: 0.454
INFO : 2021-01-27 06:48:40,448 : episode: 60 score: 567.0 100 games avg: 567.0 steps 1000 
INFO : 2021-01-27 06:49:03,713 : state_square_error: 3.136 reward_error: -0.446
INFO : 2021-01-27 06:49:28,299 : state_square_error: 41.389 reward_error: 10.272
INFO : 2021-01-27 06:49:52,891 : state_square_error: 37.759 reward_error: -6.043
INFO : 2021-01-27 06:50:17,479 : state_square_error: 39.648 reward_error: 0.279
INFO : 2021-01-27 06:50:42,116 : state_square_error: 18.583 reward_error: 1.833
INFO : 2021-01-27 06:51:06,812 : state_square_error: 44.902 reward_error: -2.334
INFO : 2021-01-27 06:51:31,500 : state_square_error: 78.238 reward_error: 8.166
INFO : 2021-01-27 06:51:56,210 : state_square_error: 8.627 reward_error: 0.007
INFO : 2021-01-27 06:52:20,898 : state_square_error: 61.103 reward_error: 8.149
INFO : 2021-01-27 06:52:45,594 : state_square_error: 57.945 reward_error: 1.616
INFO : 2021-01-27 06:53:10,040 : episode: 61 score: 680.7 100 games avg: 680.7 steps 1000 
INFO : 2021-01-27 06:53:33,664 : state_square_error: 26.517 reward_error: 2.212
INFO : 2021-01-27 06:53:58,343 : state_square_error: 18.890 reward_error: -0.349
INFO : 2021-01-27 06:54:23,028 : state_square_error: 16.828 reward_error: 9.452
INFO : 2021-01-27 06:54:47,670 : state_square_error: 26.314 reward_error: 2.271
INFO : 2021-01-27 06:55:12,298 : state_square_error: 36.203 reward_error: 10.290
INFO : 2021-01-27 06:55:36,967 : state_square_error: 72.081 reward_error: 7.542
INFO : 2021-01-27 06:56:01,647 : state_square_error: 8.683 reward_error: 0.430
INFO : 2021-01-27 06:56:26,350 : state_square_error: 10.377 reward_error: 14.343
INFO : 2021-01-27 06:56:51,048 : state_square_error: 15.097 reward_error: 5.756
INFO : 2021-01-27 06:57:15,758 : state_square_error: 59.721 reward_error: 2.206
INFO : 2021-01-27 06:57:40,202 : episode: 62 score: 559.7 100 games avg: 559.7 steps 1000 
INFO : 2021-01-27 06:58:04,133 : state_square_error: 10.677 reward_error: 2.098
INFO : 2021-01-27 06:58:28,817 : state_square_error: 45.184 reward_error: 4.229
INFO : 2021-01-27 06:58:53,500 : state_square_error: 10.212 reward_error: 5.440
INFO : 2021-01-27 06:59:18,193 : state_square_error: 32.879 reward_error: 6.049
INFO : 2021-01-27 06:59:42,857 : state_square_error: 17.768 reward_error: 8.807
INFO : 2021-01-27 07:00:07,458 : state_square_error: 49.015 reward_error: 14.166
INFO : 2021-01-27 07:00:32,174 : state_square_error: 99.837 reward_error: 6.328
INFO : 2021-01-27 07:00:56,856 : state_square_error: 40.450 reward_error: -0.950
INFO : 2021-01-27 07:01:21,536 : state_square_error: 59.882 reward_error: -0.453
INFO : 2021-01-27 07:01:46,147 : state_square_error: 114.237 reward_error: 0.861
INFO : 2021-01-27 07:02:10,541 : episode: 63 score: 643.1 100 games avg: 643.1 steps 1000 
INFO : 2021-01-27 07:02:34,877 : state_square_error: 42.359 reward_error: 2.656
INFO : 2021-01-27 07:02:59,572 : state_square_error: 45.681 reward_error: 0.009
INFO : 2021-01-27 07:03:24,231 : state_square_error: 93.731 reward_error: 2.097
INFO : 2021-01-27 07:03:48,883 : state_square_error: 40.975 reward_error: 5.580
INFO : 2021-01-27 07:04:13,528 : state_square_error: 40.615 reward_error: 2.768
INFO : 2021-01-27 07:04:38,208 : state_square_error: 23.184 reward_error: 11.424
INFO : 2021-01-27 07:05:02,927 : state_square_error: 80.141 reward_error: 3.111
INFO : 2021-01-27 07:05:27,625 : state_square_error: 37.132 reward_error: 14.162
INFO : 2021-01-27 07:05:52,322 : state_square_error: 22.820 reward_error: 12.569
INFO : 2021-01-27 07:06:16,968 : state_square_error: 23.011 reward_error: 9.591
INFO : 2021-01-27 07:06:41,338 : episode: 64 score: 645.8 100 games avg: 645.8 steps 1000 
INFO : 2021-01-27 07:07:05,986 : state_square_error: 52.532 reward_error: 4.164
INFO : 2021-01-27 07:07:30,602 : state_square_error: 28.350 reward_error: 7.855
INFO : 2021-01-27 07:07:55,293 : state_square_error: 36.466 reward_error: -0.205
INFO : 2021-01-27 07:08:19,980 : state_square_error: 40.295 reward_error: 8.136
INFO : 2021-01-27 07:08:44,637 : state_square_error: 23.419 reward_error: 2.354
INFO : 2021-01-27 07:09:09,328 : state_square_error: 61.433 reward_error: 8.258
INFO : 2021-01-27 07:09:34,019 : state_square_error: 29.693 reward_error: 9.328
INFO : 2021-01-27 07:09:58,713 : state_square_error: 19.384 reward_error: 7.315
INFO : 2021-01-27 07:10:23,346 : state_square_error: 32.127 reward_error: 6.644
INFO : 2021-01-27 07:10:48,022 : state_square_error: 14.809 reward_error: 4.602
INFO : 2021-01-27 07:11:12,457 : episode: 65 score: 655.1 100 games avg: 655.1 steps 1000 
INFO : 2021-01-27 07:11:37,421 : state_square_error: 7.888 reward_error: 5.489
INFO : 2021-01-27 07:12:02,020 : state_square_error: 34.120 reward_error: 12.359
INFO : 2021-01-27 07:12:26,723 : state_square_error: 58.721 reward_error: 12.408
INFO : 2021-01-27 07:12:51,390 : state_square_error: 34.214 reward_error: 6.683
INFO : 2021-01-27 07:13:16,087 : state_square_error: 34.738 reward_error: 13.019
INFO : 2021-01-27 07:13:40,768 : state_square_error: 17.428 reward_error: 12.305
INFO : 2021-01-27 07:14:05,460 : state_square_error: 56.429 reward_error: 11.623
INFO : 2021-01-27 07:14:30,145 : state_square_error: 78.036 reward_error: 11.754
INFO : 2021-01-27 07:14:54,837 : state_square_error: 79.688 reward_error: 3.445
INFO : 2021-01-27 07:15:19,525 : state_square_error: 25.973 reward_error: 4.584
INFO : 2021-01-27 07:15:43,961 : episode: 66 score: 570.1 100 games avg: 570.1 steps 1000 
INFO : 2021-01-27 07:16:09,240 : state_square_error: 17.573 reward_error: 6.033
INFO : 2021-01-27 07:16:33,911 : state_square_error: 34.702 reward_error: -1.252
INFO : 2021-01-27 07:16:58,591 : state_square_error: 20.910 reward_error: 8.693
INFO : 2021-01-27 07:17:23,283 : state_square_error: 11.221 reward_error: -0.625
INFO : 2021-01-27 07:17:47,874 : state_square_error: 53.703 reward_error: -2.872
INFO : 2021-01-27 07:18:12,572 : state_square_error: 33.582 reward_error: 1.264
INFO : 2021-01-27 07:18:37,267 : state_square_error: 6.926 reward_error: -0.037
INFO : 2021-01-27 07:19:01,961 : state_square_error: 42.188 reward_error: -0.158
INFO : 2021-01-27 07:19:26,577 : state_square_error: 19.312 reward_error: 5.755
INFO : 2021-01-27 07:19:51,271 : state_square_error: 21.102 reward_error: 3.629
INFO : 2021-01-27 07:20:15,697 : episode: 67 score: 538.6 100 games avg: 538.6 steps 1000 
INFO : 2021-01-27 07:20:41,479 : state_square_error: 19.526 reward_error: 2.963
INFO : 2021-01-27 07:21:06,189 : state_square_error: 23.248 reward_error: 2.959
INFO : 2021-01-27 07:21:30,891 : state_square_error: 66.712 reward_error: -1.680
INFO : 2021-01-27 07:21:55,590 : state_square_error: 22.327 reward_error: 4.274
INFO : 2021-01-27 07:22:20,290 : state_square_error: 44.392 reward_error: 2.093
INFO : 2021-01-27 07:22:44,989 : state_square_error: 55.812 reward_error: 6.304
INFO : 2021-01-27 07:23:09,678 : state_square_error: 52.782 reward_error: -2.616
INFO : 2021-01-27 07:23:34,361 : state_square_error: 29.075 reward_error: 8.410
INFO : 2021-01-27 07:23:59,058 : state_square_error: 47.099 reward_error: -1.432
INFO : 2021-01-27 07:24:23,770 : state_square_error: 42.094 reward_error: 4.744
INFO : 2021-01-27 07:24:48,201 : episode: 68 score: 687.6 100 games avg: 687.6 steps 1000 
INFO : 2021-01-27 07:25:14,380 : state_square_error: 24.547 reward_error: -2.671
INFO : 2021-01-27 07:25:39,070 : state_square_error: 29.911 reward_error: 4.262
INFO : 2021-01-27 07:26:03,752 : state_square_error: 31.430 reward_error: 2.234
INFO : 2021-01-27 07:26:28,447 : state_square_error: 76.710 reward_error: 0.078
INFO : 2021-01-27 07:26:53,135 : state_square_error: 56.763 reward_error: -6.749
INFO : 2021-01-27 07:27:17,828 : state_square_error: 20.094 reward_error: -0.959
INFO : 2021-01-27 07:27:42,530 : state_square_error: 26.663 reward_error: 6.903
INFO : 2021-01-27 07:28:07,216 : state_square_error: 55.885 reward_error: 6.014
INFO : 2021-01-27 07:28:31,902 : state_square_error: 104.758 reward_error: 9.420
INFO : 2021-01-27 07:28:56,625 : state_square_error: 37.928 reward_error: 5.799
INFO : 2021-01-27 07:29:21,075 : episode: 69 score: 631.9 100 games avg: 631.9 steps 1000 
INFO : 2021-01-27 07:29:47,548 : state_square_error: 10.463 reward_error: 5.063
INFO : 2021-01-27 07:30:12,247 : state_square_error: 28.959 reward_error: -7.749
INFO : 2021-01-27 07:30:36,928 : state_square_error: 34.056 reward_error: 6.830
INFO : 2021-01-27 07:31:01,607 : state_square_error: 25.579 reward_error: 3.058
INFO : 2021-01-27 07:31:26,304 : state_square_error: 49.238 reward_error: -5.086
INFO : 2021-01-27 07:31:50,999 : state_square_error: 51.632 reward_error: -1.078
INFO : 2021-01-27 07:32:15,682 : state_square_error: 21.343 reward_error: -3.299
INFO : 2021-01-27 07:32:40,336 : state_square_error: 46.501 reward_error: -1.591
INFO : 2021-01-27 07:33:04,977 : state_square_error: 18.756 reward_error: -3.738
INFO : 2021-01-27 07:33:29,677 : state_square_error: 3.461 reward_error: 9.843
INFO : 2021-01-27 07:33:54,104 : episode: 70 score: 641.0 100 games avg: 641.0 steps 1000 
INFO : 2021-01-27 07:34:21,142 : state_square_error: 15.416 reward_error: 0.245
INFO : 2021-01-27 07:34:45,840 : state_square_error: 40.252 reward_error: -0.996
INFO : 2021-01-27 07:35:10,535 : state_square_error: 25.327 reward_error: 2.881
INFO : 2021-01-27 07:35:35,244 : state_square_error: 49.161 reward_error: -0.038
INFO : 2021-01-27 07:35:59,936 : state_square_error: 37.234 reward_error: 2.575
INFO : 2021-01-27 07:36:24,622 : state_square_error: 38.749 reward_error: 2.264
INFO : 2021-01-27 07:36:49,265 : state_square_error: 36.116 reward_error: 7.092
INFO : 2021-01-27 07:37:13,952 : state_square_error: 27.281 reward_error: 2.074
INFO : 2021-01-27 07:37:38,634 : state_square_error: 28.636 reward_error: -5.559
INFO : 2021-01-27 07:38:03,312 : state_square_error: 56.860 reward_error: 8.049
INFO : 2021-01-27 07:38:27,678 : episode: 71 score: 655.3 100 games avg: 655.3 steps 1000 
INFO : 2021-01-27 07:38:54,921 : state_square_error: 29.084 reward_error: -0.052
INFO : 2021-01-27 07:39:19,592 : state_square_error: 57.544 reward_error: 9.675
INFO : 2021-01-27 07:39:44,286 : state_square_error: 22.526 reward_error: 7.700
INFO : 2021-01-27 07:40:08,975 : state_square_error: 49.423 reward_error: 1.137
INFO : 2021-01-27 07:40:33,661 : state_square_error: 50.058 reward_error: -0.827
INFO : 2021-01-27 07:40:58,358 : state_square_error: 37.681 reward_error: 4.028
INFO : 2021-01-27 07:41:22,977 : state_square_error: 29.552 reward_error: 2.710
INFO : 2021-01-27 07:41:47,566 : state_square_error: 59.242 reward_error: 10.970
INFO : 2021-01-27 07:42:12,167 : state_square_error: 16.500 reward_error: 7.249
INFO : 2021-01-27 07:42:36,807 : state_square_error: 79.264 reward_error: 7.601
INFO : 2021-01-27 07:43:01,231 : episode: 72 score: 586.4 100 games avg: 586.4 steps 1000 
INFO : 2021-01-27 07:43:28,859 : state_square_error: 9.618 reward_error: 5.172
INFO : 2021-01-27 07:43:53,520 : state_square_error: 29.881 reward_error: -2.579
INFO : 2021-01-27 07:44:18,239 : state_square_error: 16.605 reward_error: -1.318
INFO : 2021-01-27 07:44:42,871 : state_square_error: 15.984 reward_error: 6.059
INFO : 2021-01-27 07:45:07,562 : state_square_error: 37.743 reward_error: 7.979
INFO : 2021-01-27 07:45:32,215 : state_square_error: 36.441 reward_error: 5.317
INFO : 2021-01-27 07:45:56,929 : state_square_error: 19.528 reward_error: -7.622
INFO : 2021-01-27 07:46:21,639 : state_square_error: 49.643 reward_error: -1.047
INFO : 2021-01-27 07:46:46,331 : state_square_error: 48.678 reward_error: -3.551
INFO : 2021-01-27 07:47:11,017 : state_square_error: 40.342 reward_error: -6.511
INFO : 2021-01-27 07:47:35,421 : episode: 73 score: 654.6 100 games avg: 654.6 steps 1000 
INFO : 2021-01-27 07:48:03,524 : state_square_error: 14.673 reward_error: 3.675
INFO : 2021-01-27 07:48:28,154 : state_square_error: 34.484 reward_error: -4.016
INFO : 2021-01-27 07:48:52,741 : state_square_error: 20.875 reward_error: -3.647
INFO : 2021-01-27 07:49:17,329 : state_square_error: 57.781 reward_error: -6.998
INFO : 2021-01-27 07:49:41,894 : state_square_error: 18.234 reward_error: 1.024
INFO : 2021-01-27 07:50:06,548 : state_square_error: 27.008 reward_error: -0.048
INFO : 2021-01-27 07:50:31,192 : state_square_error: 19.681 reward_error: -4.168
INFO : 2021-01-27 07:50:55,852 : state_square_error: 69.506 reward_error: -0.013
INFO : 2021-01-27 07:51:20,483 : state_square_error: 110.976 reward_error: 5.200
INFO : 2021-01-27 07:51:45,176 : state_square_error: 69.675 reward_error: 3.497
INFO : 2021-01-27 07:52:09,533 : episode: 74 score: 623.6 100 games avg: 623.6 steps 1000 
INFO : 2021-01-27 07:52:37,848 : state_square_error: 11.969 reward_error: 0.397
INFO : 2021-01-27 07:53:02,547 : state_square_error: 25.999 reward_error: 4.465
INFO : 2021-01-27 07:53:27,237 : state_square_error: 70.593 reward_error: 6.207
INFO : 2021-01-27 07:53:51,933 : state_square_error: 10.951 reward_error: -4.549
INFO : 2021-01-27 07:54:16,577 : state_square_error: 35.866 reward_error: 3.862
INFO : 2021-01-27 07:54:41,145 : state_square_error: 24.565 reward_error: 0.895
INFO : 2021-01-27 07:55:05,732 : state_square_error: 39.411 reward_error: 0.078
INFO : 2021-01-27 07:55:30,320 : state_square_error: 22.010 reward_error: -10.802
INFO : 2021-01-27 07:55:54,983 : state_square_error: 13.313 reward_error: -0.514
INFO : 2021-01-27 07:56:19,645 : state_square_error: 19.423 reward_error: -1.262
INFO : 2021-01-27 07:56:44,033 : episode: 75 score: 672.3 100 games avg: 672.3 steps 1000 
INFO : 2021-01-27 07:57:12,761 : state_square_error: 16.882 reward_error: 2.255
INFO : 2021-01-27 07:57:37,438 : state_square_error: 27.405 reward_error: -5.555
INFO : 2021-01-27 07:58:02,089 : state_square_error: 14.263 reward_error: -4.754
INFO : 2021-01-27 07:58:26,754 : state_square_error: 74.182 reward_error: 15.380
INFO : 2021-01-27 07:58:51,454 : state_square_error: 33.911 reward_error: -1.891
INFO : 2021-01-27 07:59:16,150 : state_square_error: 42.708 reward_error: 9.016
INFO : 2021-01-27 07:59:40,847 : state_square_error: 43.323 reward_error: 2.168
INFO : 2021-01-27 08:00:05,449 : state_square_error: 42.115 reward_error: -1.085
INFO : 2021-01-27 08:00:30,064 : state_square_error: 22.858 reward_error: -1.564
INFO : 2021-01-27 08:00:54,722 : state_square_error: 30.818 reward_error: 0.309
INFO : 2021-01-27 08:01:19,125 : episode: 76 score: 642.9 100 games avg: 642.9 steps 1000 
INFO : 2021-01-27 08:01:48,254 : state_square_error: 17.028 reward_error: 3.937
INFO : 2021-01-27 08:02:12,921 : state_square_error: 25.048 reward_error: 8.632
INFO : 2021-01-27 08:02:37,493 : state_square_error: 77.325 reward_error: 3.908
INFO : 2021-01-27 08:03:02,169 : state_square_error: 53.056 reward_error: -2.145
INFO : 2021-01-27 08:03:26,734 : state_square_error: 27.128 reward_error: -0.743
INFO : 2021-01-27 08:03:51,302 : state_square_error: 13.365 reward_error: 1.141
INFO : 2021-01-27 08:04:15,910 : state_square_error: 37.321 reward_error: 8.881
INFO : 2021-01-27 08:04:40,587 : state_square_error: 25.500 reward_error: 6.865
INFO : 2021-01-27 08:05:05,149 : state_square_error: 70.802 reward_error: -6.878
INFO : 2021-01-27 08:05:29,810 : state_square_error: 11.002 reward_error: 0.776
INFO : 2021-01-27 08:05:54,229 : episode: 77 score: 741.5 100 games avg: 741.5 steps 1000 
INFO : 2021-01-27 08:06:23,650 : state_square_error: 11.640 reward_error: -0.300
INFO : 2021-01-27 08:06:48,182 : state_square_error: 25.798 reward_error: -2.768
INFO : 2021-01-27 08:07:12,753 : state_square_error: 15.149 reward_error: 6.427
INFO : 2021-01-27 08:07:37,349 : state_square_error: 20.966 reward_error: 0.164
INFO : 2021-01-27 08:08:01,922 : state_square_error: 14.759 reward_error: 5.468
INFO : 2021-01-27 08:08:26,486 : state_square_error: 20.836 reward_error: -8.347
INFO : 2021-01-27 08:08:51,079 : state_square_error: 5.715 reward_error: 2.405
INFO : 2021-01-27 08:09:15,680 : state_square_error: 21.079 reward_error: 2.580
INFO : 2021-01-27 08:09:40,275 : state_square_error: 39.979 reward_error: 5.214
INFO : 2021-01-27 08:10:04,876 : state_square_error: 10.355 reward_error: -5.836
INFO : 2021-01-27 08:10:29,199 : episode: 78 score: 804.7 100 games avg: 804.7 steps 1000 
INFO : 2021-01-27 08:10:59,019 : state_square_error: 42.995 reward_error: -1.787
INFO : 2021-01-27 08:11:23,659 : state_square_error: 10.490 reward_error: 3.558
INFO : 2021-01-27 08:11:48,348 : state_square_error: 24.647 reward_error: -1.983
INFO : 2021-01-27 08:12:13,042 : state_square_error: 33.543 reward_error: 3.360
INFO : 2021-01-27 08:12:37,711 : state_square_error: 18.299 reward_error: 2.184
INFO : 2021-01-27 08:13:02,387 : state_square_error: 8.991 reward_error: 2.889
INFO : 2021-01-27 08:13:27,049 : state_square_error: 42.082 reward_error: 6.022
INFO : 2021-01-27 08:13:51,754 : state_square_error: 13.564 reward_error: 1.301
INFO : 2021-01-27 08:14:16,452 : state_square_error: 49.303 reward_error: -2.618
INFO : 2021-01-27 08:14:41,064 : state_square_error: 37.088 reward_error: 3.928
INFO : 2021-01-27 08:15:05,386 : episode: 79 score: 747.7 100 games avg: 747.7 steps 1000 
INFO : 2021-01-27 08:15:35,768 : state_square_error: 69.029 reward_error: 2.853
INFO : 2021-01-27 08:16:00,339 : state_square_error: 52.386 reward_error: -0.950
INFO : 2021-01-27 08:16:24,950 : state_square_error: 76.174 reward_error: 0.332
INFO : 2021-01-27 08:16:49,522 : state_square_error: 17.954 reward_error: 5.384
INFO : 2021-01-27 08:17:14,112 : state_square_error: 15.754 reward_error: 2.298
INFO : 2021-01-27 08:17:38,744 : state_square_error: 19.357 reward_error: -1.986
INFO : 2021-01-27 08:18:03,439 : state_square_error: 16.886 reward_error: 5.306
INFO : 2021-01-27 08:18:28,109 : state_square_error: 24.884 reward_error: 1.433
INFO : 2021-01-27 08:18:52,779 : state_square_error: 15.509 reward_error: 2.283
INFO : 2021-01-27 08:19:17,448 : state_square_error: 4.263 reward_error: 7.298
INFO : 2021-01-27 08:19:41,844 : episode: 80 score: 830.6 100 games avg: 830.6 steps 1000 
INFO : 2021-01-27 08:20:12,512 : state_square_error: 7.070 reward_error: 6.280
INFO : 2021-01-27 08:20:37,119 : state_square_error: 35.617 reward_error: 2.190
INFO : 2021-01-27 08:21:01,727 : state_square_error: 5.427 reward_error: 0.856
INFO : 2021-01-27 08:21:26,427 : state_square_error: 25.996 reward_error: -0.040
INFO : 2021-01-27 08:21:51,094 : state_square_error: 67.721 reward_error: 2.638
INFO : 2021-01-27 08:22:15,722 : state_square_error: 86.666 reward_error: 8.133
INFO : 2021-01-27 08:22:40,343 : state_square_error: 1.401 reward_error: 4.027
INFO : 2021-01-27 08:23:05,016 : state_square_error: 74.971 reward_error: 4.844
INFO : 2021-01-27 08:23:29,696 : state_square_error: 38.372 reward_error: -3.750
INFO : 2021-01-27 08:23:54,367 : state_square_error: 8.941 reward_error: -2.521
INFO : 2021-01-27 08:24:18,821 : episode: 81 score: 791.7 100 games avg: 791.7 steps 1000 
INFO : 2021-01-27 08:24:49,918 : state_square_error: 9.526 reward_error: -0.397
INFO : 2021-01-27 08:25:14,615 : state_square_error: 12.661 reward_error: 4.318
INFO : 2021-01-27 08:25:39,318 : state_square_error: 13.480 reward_error: -0.321
INFO : 2021-01-27 08:26:03,969 : state_square_error: 42.490 reward_error: -2.579
INFO : 2021-01-27 08:26:28,546 : state_square_error: 62.989 reward_error: -4.310
INFO : 2021-01-27 08:26:53,092 : state_square_error: 35.097 reward_error: 2.623
INFO : 2021-01-27 08:27:17,683 : state_square_error: 43.001 reward_error: -6.974
INFO : 2021-01-27 08:27:42,267 : state_square_error: 31.704 reward_error: 5.124
INFO : 2021-01-27 08:28:06,888 : state_square_error: 35.466 reward_error: 1.386
INFO : 2021-01-27 08:28:31,566 : state_square_error: 15.746 reward_error: 1.598
INFO : 2021-01-27 08:28:55,986 : episode: 82 score: 881.0 100 games avg: 881.0 steps 1000 
INFO : 2021-01-27 08:29:27,481 : state_square_error: 13.358 reward_error: -0.592
INFO : 2021-01-27 08:29:52,094 : state_square_error: 17.682 reward_error: -0.767
INFO : 2021-01-27 08:30:16,781 : state_square_error: 117.277 reward_error: -55.211
INFO : 2021-01-27 08:30:41,406 : state_square_error: 201.973 reward_error: -124.097
INFO : 2021-01-27 08:31:06,073 : state_square_error: 254.865 reward_error: -85.907
INFO : 2021-01-27 08:31:30,656 : state_square_error: 846.929 reward_error: -122.503
INFO : 2021-01-27 08:31:55,287 : state_square_error: 437.110 reward_error: -89.056
INFO : 2021-01-27 08:32:19,943 : state_square_error: 283.437 reward_error: -83.100
INFO : 2021-01-27 08:32:44,620 : state_square_error: 323.624 reward_error: -124.956
INFO : 2021-01-27 08:33:09,338 : state_square_error: 258.658 reward_error: -171.329
INFO : 2021-01-27 08:33:33,781 : episode: 83 score: 90.6 100 games avg: 90.6 steps 1000 
INFO : 2021-01-27 08:34:05,550 : state_square_error: 21.775 reward_error: 4.109
INFO : 2021-01-27 08:34:30,252 : state_square_error: 26.827 reward_error: 9.028
INFO : 2021-01-27 08:34:54,944 : state_square_error: 30.793 reward_error: 15.581
INFO : 2021-01-27 08:35:19,628 : state_square_error: 39.798 reward_error: 14.988
INFO : 2021-01-27 08:35:44,314 : state_square_error: 9.204 reward_error: 5.766
INFO : 2021-01-27 08:36:08,989 : state_square_error: 27.031 reward_error: 23.595
INFO : 2021-01-27 08:36:33,662 : state_square_error: 18.793 reward_error: 17.885
INFO : 2021-01-27 08:36:58,321 : state_square_error: 40.686 reward_error: 8.987
INFO : 2021-01-27 08:37:22,971 : state_square_error: 13.891 reward_error: 7.488
INFO : 2021-01-27 08:37:47,653 : state_square_error: 2.422 reward_error: 18.281
INFO : 2021-01-27 08:38:12,065 : episode: 84 score: 305.0 100 games avg: 305.0 steps 1000 
INFO : 2021-01-27 08:38:44,431 : state_square_error: 16.884 reward_error: 5.021
INFO : 2021-01-27 08:39:09,082 : state_square_error: 50.877 reward_error: -3.769
INFO : 2021-01-27 08:39:33,733 : state_square_error: 40.269 reward_error: 0.933
INFO : 2021-01-27 08:39:58,445 : state_square_error: 43.196 reward_error: 0.021
INFO : 2021-01-27 08:40:23,118 : state_square_error: 63.050 reward_error: -6.276
INFO : 2021-01-27 08:40:47,814 : state_square_error: 48.787 reward_error: 4.204
INFO : 2021-01-27 08:41:12,432 : state_square_error: 41.874 reward_error: 6.222
INFO : 2021-01-27 08:41:36,997 : state_square_error: 24.015 reward_error: 6.228
INFO : 2021-01-27 08:42:01,578 : state_square_error: 28.749 reward_error: -2.828
INFO : 2021-01-27 08:42:26,257 : state_square_error: 43.760 reward_error: 2.591
INFO : 2021-01-27 08:42:50,655 : episode: 85 score: 738.2 100 games avg: 738.2 steps 1000 
INFO : 2021-01-27 08:43:23,020 : state_square_error: 5.237 reward_error: 1.232
INFO : 2021-01-27 08:43:47,608 : state_square_error: 31.460 reward_error: -1.540
INFO : 2021-01-27 08:44:12,190 : state_square_error: 35.429 reward_error: 5.005
INFO : 2021-01-27 08:44:36,811 : state_square_error: 9.318 reward_error: 4.077
INFO : 2021-01-27 08:45:01,422 : state_square_error: 15.677 reward_error: -5.653
INFO : 2021-01-27 08:45:26,017 : state_square_error: 28.102 reward_error: -0.463
INFO : 2021-01-27 08:45:50,605 : state_square_error: 82.922 reward_error: -1.938
INFO : 2021-01-27 08:46:15,184 : state_square_error: 21.107 reward_error: 0.010
INFO : 2021-01-27 08:46:39,786 : state_square_error: 38.146 reward_error: -9.695
INFO : 2021-01-27 08:47:04,347 : state_square_error: 15.698 reward_error: 2.237
INFO : 2021-01-27 08:47:28,659 : episode: 86 score: 823.1 100 games avg: 823.1 steps 1000 
INFO : 2021-01-27 08:48:01,618 : state_square_error: 36.933 reward_error: 2.894
INFO : 2021-01-27 08:48:26,311 : state_square_error: 13.161 reward_error: 6.455
INFO : 2021-01-27 08:48:51,015 : state_square_error: 12.824 reward_error: -2.488
INFO : 2021-01-27 08:49:15,646 : state_square_error: 60.255 reward_error: -1.101
INFO : 2021-01-27 08:49:40,266 : state_square_error: 28.448 reward_error: -4.145
INFO : 2021-01-27 08:50:04,942 : state_square_error: 37.939 reward_error: -4.138
INFO : 2021-01-27 08:50:29,622 : state_square_error: 7.672 reward_error: 20.611
INFO : 2021-01-27 08:50:54,301 : state_square_error: 40.811 reward_error: -2.910
INFO : 2021-01-27 08:51:18,995 : state_square_error: 39.238 reward_error: -4.774
INFO : 2021-01-27 08:51:43,692 : state_square_error: 15.487 reward_error: -9.221
INFO : 2021-01-27 08:52:08,126 : episode: 87 score: 856.0 100 games avg: 856.0 steps 1000 
INFO : 2021-01-27 08:52:41,252 : state_square_error: 10.510 reward_error: 1.136
INFO : 2021-01-27 08:53:05,909 : state_square_error: 33.412 reward_error: -5.043
INFO : 2021-01-27 08:53:30,560 : state_square_error: 42.610 reward_error: -4.012
INFO : 2021-01-27 08:53:55,228 : state_square_error: 16.514 reward_error: 1.784
INFO : 2021-01-27 08:54:19,972 : state_square_error: 59.603 reward_error: 4.442
INFO : 2021-01-27 08:54:44,631 : state_square_error: 31.493 reward_error: 8.677
INFO : 2021-01-27 08:55:09,217 : state_square_error: 12.479 reward_error: -0.537
INFO : 2021-01-27 08:55:33,787 : state_square_error: 17.503 reward_error: 0.610
INFO : 2021-01-27 08:55:58,376 : state_square_error: 9.067 reward_error: 6.106
INFO : 2021-01-27 08:56:22,952 : state_square_error: 42.691 reward_error: 6.913
INFO : 2021-01-27 08:56:47,273 : episode: 88 score: 814.1 100 games avg: 814.1 steps 1000 
INFO : 2021-01-27 08:57:20,945 : state_square_error: 11.736 reward_error: 5.010
INFO : 2021-01-27 08:57:45,643 : state_square_error: 20.184 reward_error: -5.668
INFO : 2021-01-27 08:58:10,339 : state_square_error: 20.830 reward_error: 1.947
INFO : 2021-01-27 08:58:35,036 : state_square_error: 25.444 reward_error: -0.666
INFO : 2021-01-27 08:58:59,716 : state_square_error: 24.066 reward_error: -4.590
INFO : 2021-01-27 08:59:24,420 : state_square_error: 21.232 reward_error: 2.020
INFO : 2021-01-27 08:59:49,089 : state_square_error: 28.999 reward_error: 6.690
INFO : 2021-01-27 09:00:13,783 : state_square_error: 129.008 reward_error: 10.170
INFO : 2021-01-27 09:00:38,448 : state_square_error: 59.792 reward_error: -0.116
INFO : 2021-01-27 09:01:03,113 : state_square_error: 26.237 reward_error: 0.918
INFO : 2021-01-27 09:01:27,535 : episode: 89 score: 816.5 100 games avg: 816.5 steps 1000 
INFO : 2021-01-27 09:02:01,574 : state_square_error: 16.097 reward_error: 3.091
INFO : 2021-01-27 09:02:26,270 : state_square_error: 38.166 reward_error: 13.152
INFO : 2021-01-27 09:02:50,969 : state_square_error: 15.291 reward_error: -0.476
INFO : 2021-01-27 09:03:15,697 : state_square_error: 20.408 reward_error: -1.426
INFO : 2021-01-27 09:03:40,387 : state_square_error: 102.259 reward_error: -0.775
INFO : 2021-01-27 09:04:05,094 : state_square_error: 45.054 reward_error: 5.126
INFO : 2021-01-27 09:04:29,777 : state_square_error: 26.960 reward_error: 4.622
INFO : 2021-01-27 09:04:54,465 : state_square_error: 47.969 reward_error: -2.658
INFO : 2021-01-27 09:05:19,140 : state_square_error: 31.061 reward_error: 2.843
INFO : 2021-01-27 09:05:43,826 : state_square_error: 30.210 reward_error: -0.298
INFO : 2021-01-27 09:06:08,264 : episode: 90 score: 832.0 100 games avg: 832.0 steps 1000 
INFO : 2021-01-27 09:06:42,729 : state_square_error: 18.887 reward_error: 2.514
INFO : 2021-01-27 09:07:07,404 : state_square_error: 4.517 reward_error: -2.342
INFO : 2021-01-27 09:07:32,093 : state_square_error: 36.156 reward_error: 0.103
INFO : 2021-01-27 09:07:56,824 : state_square_error: 14.082 reward_error: 1.933
INFO : 2021-01-27 09:08:21,532 : state_square_error: 18.395 reward_error: 1.059
INFO : 2021-01-27 09:08:46,151 : state_square_error: 112.304 reward_error: 0.126
INFO : 2021-01-27 09:09:10,857 : state_square_error: 29.065 reward_error: -0.326
INFO : 2021-01-27 09:09:35,529 : state_square_error: 33.070 reward_error: 6.313
INFO : 2021-01-27 09:10:00,228 : state_square_error: 32.786 reward_error: -1.102
INFO : 2021-01-27 09:10:24,903 : state_square_error: 47.224 reward_error: 0.941
INFO : 2021-01-27 09:10:49,320 : episode: 91 score: 836.4 100 games avg: 836.4 steps 1000 
INFO : 2021-01-27 09:11:24,142 : state_square_error: 40.622 reward_error: 1.542
INFO : 2021-01-27 09:11:48,766 : state_square_error: 6.171 reward_error: -0.563
INFO : 2021-01-27 09:12:13,356 : state_square_error: 40.674 reward_error: 0.705
INFO : 2021-01-27 09:12:37,936 : state_square_error: 33.939 reward_error: 5.348
INFO : 2021-01-27 09:13:02,517 : state_square_error: 29.421 reward_error: 7.901
INFO : 2021-01-27 09:13:27,122 : state_square_error: 18.366 reward_error: 5.688
INFO : 2021-01-27 09:13:51,710 : state_square_error: 21.909 reward_error: 5.557
INFO : 2021-01-27 09:14:16,297 : state_square_error: 60.644 reward_error: -4.529
INFO : 2021-01-27 09:14:40,965 : state_square_error: 32.929 reward_error: 2.789
INFO : 2021-01-27 09:15:05,655 : state_square_error: 43.508 reward_error: -1.224
INFO : 2021-01-27 09:15:30,071 : episode: 92 score: 822.5 100 games avg: 822.5 steps 1000 
INFO : 2021-01-27 09:16:05,344 : state_square_error: 72.255 reward_error: 9.177
INFO : 2021-01-27 09:16:30,011 : state_square_error: 7.295 reward_error: -0.403
INFO : 2021-01-27 09:16:54,701 : state_square_error: 70.722 reward_error: 5.409
INFO : 2021-01-27 09:17:19,385 : state_square_error: 19.609 reward_error: 0.391
INFO : 2021-01-27 09:17:44,055 : state_square_error: 38.286 reward_error: 2.630
INFO : 2021-01-27 09:18:08,749 : state_square_error: 27.329 reward_error: -1.239
INFO : 2021-01-27 09:18:33,441 : state_square_error: 44.781 reward_error: -3.851
INFO : 2021-01-27 09:18:58,017 : state_square_error: 40.423 reward_error: 5.082
INFO : 2021-01-27 09:19:22,647 : state_square_error: 8.245 reward_error: 6.402
INFO : 2021-01-27 09:19:47,238 : state_square_error: 44.659 reward_error: 1.300
INFO : 2021-01-27 09:20:11,581 : episode: 93 score: 802.5 100 games avg: 802.5 steps 1000 
INFO : 2021-01-27 09:20:47,172 : state_square_error: 59.582 reward_error: 9.099
INFO : 2021-01-27 09:21:11,853 : state_square_error: 15.888 reward_error: 4.777
INFO : 2021-01-27 09:21:36,564 : state_square_error: 31.126 reward_error: -7.329
INFO : 2021-01-27 09:22:01,258 : state_square_error: 98.520 reward_error: -4.294
INFO : 2021-01-27 09:22:25,952 : state_square_error: 29.138 reward_error: 3.047
INFO : 2021-01-27 09:22:50,659 : state_square_error: 72.835 reward_error: 1.840
INFO : 2021-01-27 09:23:15,345 : state_square_error: 35.011 reward_error: 4.395
INFO : 2021-01-27 09:23:40,030 : state_square_error: 38.763 reward_error: 9.844
INFO : 2021-01-27 09:24:04,698 : state_square_error: 20.139 reward_error: 1.247
INFO : 2021-01-27 09:24:29,373 : state_square_error: 56.087 reward_error: -6.200
INFO : 2021-01-27 09:24:53,798 : episode: 94 score: 835.8 100 games avg: 835.8 steps 1000 
INFO : 2021-01-27 09:25:29,925 : state_square_error: 15.891 reward_error: 1.465
INFO : 2021-01-27 09:25:54,517 : state_square_error: 17.006 reward_error: 1.945
INFO : 2021-01-27 09:26:19,141 : state_square_error: 20.561 reward_error: 4.450
INFO : 2021-01-27 09:26:43,732 : state_square_error: 58.032 reward_error: -4.268
INFO : 2021-01-27 09:27:08,406 : state_square_error: 23.199 reward_error: -2.224
INFO : 2021-01-27 09:27:33,094 : state_square_error: 47.517 reward_error: -2.525
INFO : 2021-01-27 09:27:57,733 : state_square_error: 28.830 reward_error: 3.938
INFO : 2021-01-27 09:28:22,439 : state_square_error: 216.490 reward_error: -6.030
INFO : 2021-01-27 09:28:47,104 : state_square_error: 81.732 reward_error: -4.601
INFO : 2021-01-27 09:29:11,808 : state_square_error: 9.428 reward_error: 8.704
INFO : 2021-01-27 09:29:36,169 : episode: 95 score: 849.4 100 games avg: 849.4 steps 1000 
INFO : 2021-01-27 09:30:12,524 : state_square_error: 46.999 reward_error: 0.030
INFO : 2021-01-27 09:30:37,181 : state_square_error: 82.639 reward_error: 6.437
INFO : 2021-01-27 09:31:01,906 : state_square_error: 43.654 reward_error: -2.294
INFO : 2021-01-27 09:31:26,562 : state_square_error: 29.882 reward_error: -2.552
INFO : 2021-01-27 09:31:51,180 : state_square_error: 22.374 reward_error: 1.976
INFO : 2021-01-27 09:32:15,828 : state_square_error: 73.816 reward_error: -3.225
INFO : 2021-01-27 09:32:40,461 : state_square_error: 27.484 reward_error: -2.255
INFO : 2021-01-27 09:33:05,181 : state_square_error: 41.709 reward_error: 9.134
INFO : 2021-01-27 09:33:29,792 : state_square_error: 53.202 reward_error: -2.328
INFO : 2021-01-27 09:33:54,370 : state_square_error: 44.001 reward_error: -0.686
INFO : 2021-01-27 09:34:18,703 : episode: 96 score: 936.2 100 games avg: 936.2 steps 1000 
INFO : 2021-01-27 09:34:55,220 : state_square_error: 27.578 reward_error: 2.525
INFO : 2021-01-27 09:35:19,909 : state_square_error: 33.870 reward_error: -4.669
INFO : 2021-01-27 09:35:44,585 : state_square_error: 14.390 reward_error: 7.950
INFO : 2021-01-27 09:36:09,301 : state_square_error: 53.778 reward_error: 4.198
INFO : 2021-01-27 09:36:34,030 : state_square_error: 38.035 reward_error: 4.581
INFO : 2021-01-27 09:36:58,726 : state_square_error: 38.212 reward_error: 2.912
INFO : 2021-01-27 09:37:23,422 : state_square_error: 24.390 reward_error: 7.817
INFO : 2021-01-27 09:37:48,147 : state_square_error: 64.449 reward_error: 5.259
INFO : 2021-01-27 09:38:12,845 : state_square_error: 52.840 reward_error: 2.903
INFO : 2021-01-27 09:38:37,550 : state_square_error: 30.757 reward_error: 9.084
INFO : 2021-01-27 09:39:02,005 : episode: 97 score: 487.1 100 games avg: 487.1 steps 1000 
INFO : 2021-01-27 09:39:39,105 : state_square_error: 15.717 reward_error: 3.203
INFO : 2021-01-27 09:40:03,807 : state_square_error: 13.160 reward_error: 2.406
INFO : 2021-01-27 09:40:28,513 : state_square_error: 13.427 reward_error: 5.019
INFO : 2021-01-27 09:40:53,212 : state_square_error: 15.002 reward_error: 2.249
INFO : 2021-01-27 09:41:17,910 : state_square_error: 14.139 reward_error: 2.913
INFO : 2021-01-27 09:41:42,621 : state_square_error: 48.458 reward_error: -3.677
INFO : 2021-01-27 09:42:07,189 : state_square_error: 67.555 reward_error: 1.622
INFO : 2021-01-27 09:42:31,765 : state_square_error: 43.219 reward_error: 3.779
INFO : 2021-01-27 09:42:56,440 : state_square_error: 14.416 reward_error: 1.067
INFO : 2021-01-27 09:43:21,127 : state_square_error: 45.333 reward_error: -9.143
INFO : 2021-01-27 09:43:45,578 : episode: 98 score: 794.2 100 games avg: 794.2 steps 1000 
INFO : 2021-01-27 09:44:23,061 : state_square_error: 25.670 reward_error: 3.392
INFO : 2021-01-27 09:44:47,763 : state_square_error: 29.455 reward_error: -4.014
INFO : 2021-01-27 09:45:12,480 : state_square_error: 32.954 reward_error: 6.028
INFO : 2021-01-27 09:45:37,177 : state_square_error: 90.353 reward_error: -3.888
INFO : 2021-01-27 09:46:01,846 : state_square_error: 41.454 reward_error: 2.042
INFO : 2021-01-27 09:46:26,492 : state_square_error: 8.855 reward_error: -0.718
INFO : 2021-01-27 09:46:51,212 : state_square_error: 34.525 reward_error: 2.286
INFO : 2021-01-27 09:47:15,926 : state_square_error: 26.971 reward_error: 0.178
INFO : 2021-01-27 09:47:40,644 : state_square_error: 31.646 reward_error: 0.612
INFO : 2021-01-27 09:48:05,355 : state_square_error: 104.213 reward_error: 1.742
INFO : 2021-01-27 09:48:29,797 : episode: 99 score: 701.2 100 games avg: 701.2 steps 1000 
