INFO : 2021-01-23 17:39:38,566 : method: Model Predictive Contorol
INFO : 2021-01-23 17:39:38,567 : parameter n_steps: 100 ensemble_size: 5 env: HalfCheetah-v2
INFO : 2021-01-23 17:39:41,002 : mpc horizon: 10 mpc_samples: 100 elite_sample: 30 grad_steps: 10
INFO : 2021-01-23 17:39:41,002 : mpc_function policy
INFO : 2021-01-23 17:39:41,002 : policy
INFO : 2021-01-23 17:39:41,164 : state_square_error: 0.626 reward_error: 3.248
INFO : 2021-01-23 17:39:56,314 : state_square_error: 1.214 reward_error: 0.829
INFO : 2021-01-23 17:40:11,467 : state_square_error: 2.117 reward_error: 2.142
INFO : 2021-01-23 17:40:27,601 : state_square_error: 39.232 reward_error: 6.131
INFO : 2021-01-23 17:40:44,722 : state_square_error: 87.101 reward_error: 22.366
INFO : 2021-01-23 17:41:01,989 : state_square_error: 109.996 reward_error: 9.654
INFO : 2021-01-23 17:41:19,290 : state_square_error: 153.034 reward_error: 16.202
INFO : 2021-01-23 17:41:36,522 : state_square_error: 32.904 reward_error: 1.960
INFO : 2021-01-23 17:41:53,775 : state_square_error: 88.815 reward_error: 7.663
INFO : 2021-01-23 17:42:11,078 : state_square_error: 25.124 reward_error: 9.065
INFO : 2021-01-23 17:42:28,161 : episode: 0 score: -168.0 100 games avg: -168.0 steps 1000 
INFO : 2021-01-23 17:42:28,559 : state_square_error: 17.686 reward_error: 2.219
INFO : 2021-01-23 17:42:45,758 : state_square_error: 18.387 reward_error: 4.006
INFO : 2021-01-23 17:43:02,956 : state_square_error: 12.060 reward_error: -1.355
INFO : 2021-01-23 17:43:20,189 : state_square_error: 14.442 reward_error: 9.834
INFO : 2021-01-23 17:43:37,509 : state_square_error: 12.498 reward_error: 7.912
INFO : 2021-01-23 17:43:54,824 : state_square_error: 13.945 reward_error: 5.233
INFO : 2021-01-23 17:44:12,200 : state_square_error: 12.051 reward_error: 4.695
INFO : 2021-01-23 17:44:29,598 : state_square_error: 28.628 reward_error: 9.452
INFO : 2021-01-23 17:44:47,045 : state_square_error: 20.788 reward_error: 6.424
INFO : 2021-01-23 17:45:04,333 : state_square_error: 40.072 reward_error: 12.149
INFO : 2021-01-23 17:45:21,391 : episode: 1 score: -181.5 100 games avg: -181.5 steps 1000 
INFO : 2021-01-23 17:45:22,101 : state_square_error: 45.978 reward_error: 18.077
INFO : 2021-01-23 17:45:39,475 : state_square_error: 36.460 reward_error: 9.897
INFO : 2021-01-23 17:45:56,665 : state_square_error: 51.585 reward_error: 16.621
INFO : 2021-01-23 17:46:14,057 : state_square_error: 71.636 reward_error: 18.368
INFO : 2021-01-23 17:46:31,339 : state_square_error: 33.544 reward_error: 15.365
INFO : 2021-01-23 17:46:48,507 : state_square_error: 55.358 reward_error: 22.664
INFO : 2021-01-23 17:47:05,792 : state_square_error: 37.152 reward_error: 18.092
INFO : 2021-01-23 17:47:23,249 : state_square_error: 80.410 reward_error: 16.687
INFO : 2021-01-23 17:47:40,558 : state_square_error: 221.590 reward_error: 11.641
INFO : 2021-01-23 17:47:57,718 : state_square_error: 85.866 reward_error: 14.559
INFO : 2021-01-23 17:48:14,828 : episode: 2 score: -123.9 100 games avg: -123.9 steps 1000 
INFO : 2021-01-23 17:48:15,805 : state_square_error: 75.265 reward_error: 9.933
INFO : 2021-01-23 17:48:33,080 : state_square_error: 66.573 reward_error: 18.326
INFO : 2021-01-23 17:48:50,373 : state_square_error: 123.288 reward_error: 11.704
INFO : 2021-01-23 17:49:07,773 : state_square_error: 129.114 reward_error: 17.855
INFO : 2021-01-23 17:49:25,079 : state_square_error: 61.352 reward_error: 15.154
INFO : 2021-01-23 17:49:42,226 : state_square_error: 48.119 reward_error: 15.685
INFO : 2021-01-23 17:49:59,477 : state_square_error: 16.837 reward_error: 14.191
INFO : 2021-01-23 17:50:16,842 : state_square_error: 53.199 reward_error: 16.737
INFO : 2021-01-23 17:50:34,217 : state_square_error: 88.630 reward_error: 13.311
INFO : 2021-01-23 17:50:51,432 : state_square_error: 124.658 reward_error: 23.063
INFO : 2021-01-23 17:51:08,549 : episode: 3 score: -260.0 100 games avg: -260.0 steps 1000 
INFO : 2021-01-23 17:51:09,829 : state_square_error: 136.572 reward_error: 12.300
INFO : 2021-01-23 17:51:27,265 : state_square_error: 283.083 reward_error: 15.001
INFO : 2021-01-23 17:51:44,630 : state_square_error: 247.737 reward_error: 10.487
INFO : 2021-01-23 17:52:01,941 : state_square_error: 122.975 reward_error: 12.937
INFO : 2021-01-23 17:52:19,138 : state_square_error: 59.991 reward_error: 17.017
INFO : 2021-01-23 17:52:36,548 : state_square_error: 255.093 reward_error: 19.512
INFO : 2021-01-23 17:52:53,946 : state_square_error: 165.355 reward_error: 21.402
INFO : 2021-01-23 17:53:11,300 : state_square_error: 68.942 reward_error: 14.551
INFO : 2021-01-23 17:53:28,538 : state_square_error: 302.485 reward_error: 8.107
INFO : 2021-01-23 17:53:45,797 : state_square_error: 124.548 reward_error: 13.167
INFO : 2021-01-23 17:54:02,880 : episode: 4 score: -92.7 100 games avg: -92.7 steps 1000 
INFO : 2021-01-23 17:54:04,428 : state_square_error: 113.967 reward_error: 3.202
INFO : 2021-01-23 17:54:21,882 : state_square_error: 45.514 reward_error: 11.344
INFO : 2021-01-23 17:54:39,190 : state_square_error: 63.901 reward_error: 13.068
INFO : 2021-01-23 17:54:56,671 : state_square_error: 76.226 reward_error: 11.449
INFO : 2021-01-23 17:55:13,984 : state_square_error: 43.985 reward_error: 3.446
INFO : 2021-01-23 17:55:31,346 : state_square_error: 141.595 reward_error: 6.370
INFO : 2021-01-23 17:55:48,647 : state_square_error: 37.463 reward_error: 11.524
INFO : 2021-01-23 17:56:05,994 : state_square_error: 44.695 reward_error: 10.843
INFO : 2021-01-23 17:56:23,352 : state_square_error: 54.615 reward_error: 7.162
INFO : 2021-01-23 17:56:40,670 : state_square_error: 156.769 reward_error: 14.176
INFO : 2021-01-23 17:56:57,871 : episode: 5 score: -206.3 100 games avg: -206.3 steps 1000 
INFO : 2021-01-23 17:56:59,843 : state_square_error: 57.094 reward_error: -0.025
INFO : 2021-01-23 17:57:17,228 : state_square_error: 21.271 reward_error: 3.316
INFO : 2021-01-23 17:57:34,579 : state_square_error: 41.481 reward_error: 6.601
INFO : 2021-01-23 17:57:51,865 : state_square_error: 23.023 reward_error: 3.629
INFO : 2021-01-23 17:58:09,225 : state_square_error: 19.307 reward_error: 7.537
INFO : 2021-01-23 17:58:26,427 : state_square_error: 40.275 reward_error: 7.595
INFO : 2021-01-23 17:58:43,755 : state_square_error: 46.552 reward_error: 7.059
INFO : 2021-01-23 17:59:01,083 : state_square_error: 58.354 reward_error: 9.024
INFO : 2021-01-23 17:59:18,378 : state_square_error: 8.922 reward_error: 10.304
INFO : 2021-01-23 17:59:35,697 : state_square_error: 18.329 reward_error: 4.342
INFO : 2021-01-23 17:59:52,790 : episode: 6 score: -254.3 100 games avg: -254.3 steps 1000 
INFO : 2021-01-23 17:59:54,991 : state_square_error: 45.096 reward_error: 6.033
INFO : 2021-01-23 18:00:12,294 : state_square_error: 22.144 reward_error: 3.858
INFO : 2021-01-23 18:00:29,604 : state_square_error: 26.347 reward_error: 6.533
INFO : 2021-01-23 18:00:46,966 : state_square_error: 33.774 reward_error: 8.238
INFO : 2021-01-23 18:01:04,222 : state_square_error: 76.139 reward_error: 6.316
INFO : 2021-01-23 18:01:21,527 : state_square_error: 32.880 reward_error: 5.607
INFO : 2021-01-23 18:01:38,935 : state_square_error: 35.622 reward_error: 6.588
INFO : 2021-01-23 18:01:56,312 : state_square_error: 49.269 reward_error: 2.536
INFO : 2021-01-23 18:02:13,582 : state_square_error: 39.737 reward_error: 3.684
INFO : 2021-01-23 18:02:30,868 : state_square_error: 57.274 reward_error: 13.383
INFO : 2021-01-23 18:02:48,078 : episode: 7 score: -209.5 100 games avg: -209.5 steps 1000 
INFO : 2021-01-23 18:02:50,602 : state_square_error: 17.486 reward_error: 3.525
INFO : 2021-01-23 18:03:08,005 : state_square_error: 23.844 reward_error: 8.868
INFO : 2021-01-23 18:03:25,299 : state_square_error: 23.147 reward_error: 3.405
INFO : 2021-01-23 18:03:42,599 : state_square_error: 21.734 reward_error: 8.698
INFO : 2021-01-23 18:04:00,617 : state_square_error: 51.299 reward_error: 4.758
INFO : 2021-01-23 18:04:17,835 : state_square_error: 65.414 reward_error: -0.432
INFO : 2021-01-23 18:04:35,036 : state_square_error: 44.008 reward_error: 6.884
INFO : 2021-01-23 18:04:52,183 : state_square_error: 27.589 reward_error: 3.752
INFO : 2021-01-23 18:05:09,413 : state_square_error: 82.915 reward_error: 7.429
INFO : 2021-01-23 18:05:26,658 : state_square_error: 27.236 reward_error: 5.678
INFO : 2021-01-23 18:05:43,636 : episode: 8 score: -279.9 100 games avg: -279.9 steps 1000 
INFO : 2021-01-23 18:05:46,582 : state_square_error: 18.342 reward_error: 9.417
INFO : 2021-01-23 18:06:03,873 : state_square_error: 23.899 reward_error: 4.205
INFO : 2021-01-23 18:06:21,157 : state_square_error: 35.124 reward_error: 3.845
INFO : 2021-01-23 18:06:38,358 : state_square_error: 25.700 reward_error: 3.497
INFO : 2021-01-23 18:06:55,455 : state_square_error: 32.189 reward_error: 9.929
INFO : 2021-01-23 18:07:12,538 : state_square_error: 43.682 reward_error: 7.112
INFO : 2021-01-23 18:07:29,597 : state_square_error: 39.386 reward_error: 6.505
INFO : 2021-01-23 18:07:46,732 : state_square_error: 42.163 reward_error: 5.125
INFO : 2021-01-23 18:08:03,846 : state_square_error: 23.719 reward_error: 4.785
INFO : 2021-01-23 18:08:21,008 : state_square_error: 15.238 reward_error: 2.623
INFO : 2021-01-23 18:08:37,999 : episode: 9 score: -123.9 100 games avg: -123.9 steps 1000 
INFO : 2021-01-23 18:08:41,252 : state_square_error: 5.477 reward_error: 9.933
INFO : 2021-01-23 18:08:58,524 : state_square_error: 18.618 reward_error: 10.446
INFO : 2021-01-23 18:09:15,974 : state_square_error: 18.662 reward_error: 7.831
INFO : 2021-01-23 18:09:33,281 : state_square_error: 38.312 reward_error: 1.696
INFO : 2021-01-23 18:09:50,486 : state_square_error: 32.173 reward_error: 5.593
INFO : 2021-01-23 18:10:07,608 : state_square_error: 17.116 reward_error: 4.757
INFO : 2021-01-23 18:10:24,724 : state_square_error: 29.537 reward_error: 4.164
INFO : 2021-01-23 18:10:41,827 : state_square_error: 10.097 reward_error: 3.126
INFO : 2021-01-23 18:10:59,001 : state_square_error: 94.276 reward_error: 6.939
INFO : 2021-01-23 18:11:16,145 : state_square_error: 28.923 reward_error: 8.430
INFO : 2021-01-23 18:11:33,159 : episode: 10 score: -123.1 100 games avg: -123.1 steps 1000 
INFO : 2021-01-23 18:11:36,633 : state_square_error: 12.014 reward_error: 8.807
INFO : 2021-01-23 18:11:53,869 : state_square_error: 20.460 reward_error: 7.359
INFO : 2021-01-23 18:12:11,109 : state_square_error: 21.973 reward_error: 2.571
INFO : 2021-01-23 18:12:28,397 : state_square_error: 14.153 reward_error: 0.912
INFO : 2021-01-23 18:12:45,585 : state_square_error: 28.641 reward_error: 2.830
INFO : 2021-01-23 18:13:02,785 : state_square_error: 34.659 reward_error: 5.422
INFO : 2021-01-23 18:13:19,918 : state_square_error: 11.952 reward_error: 4.048
INFO : 2021-01-23 18:13:37,060 : state_square_error: 21.361 reward_error: 4.497
INFO : 2021-01-23 18:13:54,243 : state_square_error: 20.356 reward_error: 5.389
INFO : 2021-01-23 18:14:11,464 : state_square_error: 43.836 reward_error: 1.079
INFO : 2021-01-23 18:14:28,497 : episode: 11 score: -60.3 100 games avg: -60.3 steps 1000 
INFO : 2021-01-23 18:14:32,317 : state_square_error: 48.241 reward_error: 5.628
INFO : 2021-01-23 18:14:49,637 : state_square_error: 9.412 reward_error: 3.901
INFO : 2021-01-23 18:15:06,883 : state_square_error: 37.065 reward_error: 6.680
INFO : 2021-01-23 18:15:24,223 : state_square_error: 29.480 reward_error: 7.269
INFO : 2021-01-23 18:15:41,529 : state_square_error: 60.309 reward_error: 8.106
INFO : 2021-01-23 18:15:58,841 : state_square_error: 11.202 reward_error: 4.127
INFO : 2021-01-23 18:16:16,152 : state_square_error: 35.585 reward_error: 3.607
INFO : 2021-01-23 18:16:33,416 : state_square_error: 76.051 reward_error: 6.129
INFO : 2021-01-23 18:16:50,609 : state_square_error: 41.112 reward_error: 4.910
INFO : 2021-01-23 18:17:07,761 : state_square_error: 8.709 reward_error: 5.887
INFO : 2021-01-23 18:17:24,751 : episode: 12 score: -79.8 100 games avg: -79.8 steps 1000 
INFO : 2021-01-23 18:17:28,872 : state_square_error: 14.388 reward_error: 1.954
INFO : 2021-01-23 18:17:46,143 : state_square_error: 66.003 reward_error: 2.534
INFO : 2021-01-23 18:18:03,288 : state_square_error: 16.433 reward_error: 6.769
INFO : 2021-01-23 18:18:20,522 : state_square_error: 50.983 reward_error: -4.355
INFO : 2021-01-23 18:18:37,763 : state_square_error: 44.112 reward_error: 6.647
INFO : 2021-01-23 18:18:54,989 : state_square_error: 23.941 reward_error: 7.084
INFO : 2021-01-23 18:19:12,171 : state_square_error: 19.351 reward_error: 5.776
INFO : 2021-01-23 18:19:29,324 : state_square_error: 29.611 reward_error: 6.558
INFO : 2021-01-23 18:19:46,434 : state_square_error: 20.387 reward_error: 7.151
INFO : 2021-01-23 18:20:03,528 : state_square_error: 60.844 reward_error: 6.288
INFO : 2021-01-23 18:20:20,633 : episode: 13 score: -9.8 100 games avg: -9.8 steps 1000 
INFO : 2021-01-23 18:20:25,067 : state_square_error: 30.750 reward_error: 3.064
INFO : 2021-01-23 18:20:42,347 : state_square_error: 22.424 reward_error: 2.933
INFO : 2021-01-23 18:20:59,628 : state_square_error: 8.631 reward_error: 5.934
INFO : 2021-01-23 18:21:16,894 : state_square_error: 59.726 reward_error: 1.895
INFO : 2021-01-23 18:21:34,193 : state_square_error: 23.969 reward_error: 5.812
INFO : 2021-01-23 18:21:51,489 : state_square_error: 10.717 reward_error: 4.336
INFO : 2021-01-23 18:22:08,747 : state_square_error: 75.206 reward_error: 5.428
INFO : 2021-01-23 18:22:25,947 : state_square_error: 38.359 reward_error: 1.187
INFO : 2021-01-23 18:22:43,098 : state_square_error: 37.057 reward_error: 6.571
INFO : 2021-01-23 18:23:00,242 : state_square_error: 41.509 reward_error: 3.578
INFO : 2021-01-23 18:23:17,294 : episode: 14 score: -91.9 100 games avg: -91.9 steps 1000 
INFO : 2021-01-23 18:23:22,043 : state_square_error: 47.824 reward_error: 5.441
INFO : 2021-01-23 18:23:39,315 : state_square_error: 14.650 reward_error: -0.309
INFO : 2021-01-23 18:23:56,527 : state_square_error: 15.736 reward_error: 4.323
INFO : 2021-01-23 18:24:13,741 : state_square_error: 23.151 reward_error: 0.968
INFO : 2021-01-23 18:24:30,947 : state_square_error: 65.608 reward_error: 5.069
INFO : 2021-01-23 18:24:48,089 : state_square_error: 23.651 reward_error: 2.535
INFO : 2021-01-23 18:25:05,234 : state_square_error: 55.651 reward_error: 4.435
INFO : 2021-01-23 18:25:22,434 : state_square_error: 18.464 reward_error: 3.633
INFO : 2021-01-23 18:25:39,693 : state_square_error: 41.400 reward_error: 8.719
INFO : 2021-01-23 18:25:57,022 : state_square_error: 33.442 reward_error: 1.849
INFO : 2021-01-23 18:26:13,953 : episode: 15 score: -24.7 100 games avg: -24.7 steps 1000 
INFO : 2021-01-23 18:26:19,016 : state_square_error: 38.169 reward_error: 5.181
INFO : 2021-01-23 18:26:36,202 : state_square_error: 32.901 reward_error: 3.243
INFO : 2021-01-23 18:26:53,346 : state_square_error: 22.074 reward_error: 5.468
INFO : 2021-01-23 18:27:10,584 : state_square_error: 47.208 reward_error: 0.467
INFO : 2021-01-23 18:27:27,825 : state_square_error: 14.575 reward_error: 10.414
INFO : 2021-01-23 18:27:45,001 : state_square_error: 18.372 reward_error: 5.277
INFO : 2021-01-23 18:28:02,247 : state_square_error: 28.173 reward_error: 5.787
INFO : 2021-01-23 18:28:19,439 : state_square_error: 19.082 reward_error: 7.978
INFO : 2021-01-23 18:28:36,611 : state_square_error: 36.142 reward_error: 6.521
INFO : 2021-01-23 18:28:53,780 : state_square_error: 25.404 reward_error: 6.496
INFO : 2021-01-23 18:29:10,762 : episode: 16 score: 46.1 100 games avg: 46.1 steps 1000 
INFO : 2021-01-23 18:29:16,107 : state_square_error: 40.826 reward_error: 4.598
INFO : 2021-01-23 18:29:33,380 : state_square_error: 24.353 reward_error: 6.092
INFO : 2021-01-23 18:29:50,509 : state_square_error: 56.532 reward_error: 5.402
INFO : 2021-01-23 18:30:07,635 : state_square_error: 56.053 reward_error: 3.104
INFO : 2021-01-23 18:30:24,824 : state_square_error: 45.024 reward_error: 4.902
INFO : 2021-01-23 18:30:41,945 : state_square_error: 37.957 reward_error: 4.985
INFO : 2021-01-23 18:30:58,998 : state_square_error: 18.714 reward_error: 2.824
INFO : 2021-01-23 18:31:16,046 : state_square_error: 61.601 reward_error: 4.660
INFO : 2021-01-23 18:31:33,107 : state_square_error: 28.622 reward_error: 11.496
INFO : 2021-01-23 18:31:50,186 : state_square_error: 12.046 reward_error: 6.091
INFO : 2021-01-23 18:32:07,157 : episode: 17 score: 393.3 100 games avg: 393.3 steps 1000 
INFO : 2021-01-23 18:32:12,860 : state_square_error: 81.368 reward_error: 6.479
INFO : 2021-01-23 18:32:30,034 : state_square_error: 14.535 reward_error: 10.650
INFO : 2021-01-23 18:32:47,139 : state_square_error: 70.303 reward_error: 1.851
INFO : 2021-01-23 18:33:04,445 : state_square_error: 15.488 reward_error: 4.461
INFO : 2021-01-23 18:33:21,719 : state_square_error: 27.206 reward_error: 4.429
INFO : 2021-01-23 18:33:38,994 : state_square_error: 45.930 reward_error: 6.086
INFO : 2021-01-23 18:33:56,296 : state_square_error: 39.685 reward_error: 2.017
INFO : 2021-01-23 18:34:13,515 : state_square_error: 64.198 reward_error: 6.050
INFO : 2021-01-23 18:34:30,803 : state_square_error: 38.789 reward_error: 8.076
INFO : 2021-01-23 18:34:48,055 : state_square_error: 80.074 reward_error: 2.870
INFO : 2021-01-23 18:35:05,100 : episode: 18 score: 377.4 100 games avg: 377.4 steps 1000 
INFO : 2021-01-23 18:35:11,122 : state_square_error: 27.352 reward_error: 2.143
INFO : 2021-01-23 18:35:28,411 : state_square_error: 45.425 reward_error: 5.950
INFO : 2021-01-23 18:35:45,582 : state_square_error: 76.544 reward_error: 2.517
INFO : 2021-01-23 18:36:02,826 : state_square_error: 38.049 reward_error: 3.271
INFO : 2021-01-23 18:36:19,930 : state_square_error: 37.115 reward_error: 10.167
INFO : 2021-01-23 18:36:37,008 : state_square_error: 26.543 reward_error: 1.906
INFO : 2021-01-23 18:36:54,090 : state_square_error: 18.424 reward_error: 10.330
INFO : 2021-01-23 18:37:11,162 : state_square_error: 49.503 reward_error: 2.417
INFO : 2021-01-23 18:37:28,221 : state_square_error: 10.041 reward_error: 7.246
INFO : 2021-01-23 18:37:45,319 : state_square_error: 19.013 reward_error: 5.399
INFO : 2021-01-23 18:38:02,278 : episode: 19 score: 394.4 100 games avg: 394.4 steps 1000 
INFO : 2021-01-23 18:38:08,607 : state_square_error: 15.245 reward_error: -1.804
INFO : 2021-01-23 18:38:25,979 : state_square_error: 45.502 reward_error: 11.944
INFO : 2021-01-23 18:38:43,138 : state_square_error: 19.851 reward_error: 2.842
INFO : 2021-01-23 18:39:00,301 : state_square_error: 49.506 reward_error: 7.763
INFO : 2021-01-23 18:39:17,513 : state_square_error: 32.011 reward_error: 9.115
INFO : 2021-01-23 18:39:34,621 : state_square_error: 40.109 reward_error: 4.976
INFO : 2021-01-23 18:39:51,793 : state_square_error: 19.432 reward_error: 6.425
INFO : 2021-01-23 18:40:08,964 : state_square_error: 46.412 reward_error: 5.460
INFO : 2021-01-23 18:40:26,101 : state_square_error: 19.555 reward_error: 4.570
INFO : 2021-01-23 18:40:43,427 : state_square_error: 59.319 reward_error: 2.206
INFO : 2021-01-23 18:41:00,519 : episode: 20 score: 125.9 100 games avg: 125.9 steps 1000 
INFO : 2021-01-23 18:41:07,134 : state_square_error: 79.641 reward_error: 1.761
INFO : 2021-01-23 18:41:24,438 : state_square_error: 19.955 reward_error: 6.611
INFO : 2021-01-23 18:41:41,691 : state_square_error: 34.451 reward_error: 6.885
INFO : 2021-01-23 18:41:58,910 : state_square_error: 23.601 reward_error: 8.694
INFO : 2021-01-23 18:42:16,163 : state_square_error: 25.176 reward_error: 6.104
INFO : 2021-01-23 18:42:33,328 : state_square_error: 27.325 reward_error: 7.880
INFO : 2021-01-23 18:42:50,545 : state_square_error: 34.867 reward_error: 3.626
INFO : 2021-01-23 18:43:07,657 : state_square_error: 65.453 reward_error: 4.887
INFO : 2021-01-23 18:43:24,846 : state_square_error: 10.763 reward_error: 4.245
INFO : 2021-01-23 18:43:42,046 : state_square_error: 21.232 reward_error: 6.525
INFO : 2021-01-23 18:43:59,036 : episode: 21 score: 317.0 100 games avg: 317.0 steps 1000 
INFO : 2021-01-23 18:44:05,912 : state_square_error: 56.551 reward_error: 1.217
INFO : 2021-01-23 18:44:23,131 : state_square_error: 18.817 reward_error: 4.457
INFO : 2021-01-23 18:44:40,296 : state_square_error: 22.504 reward_error: 8.504
INFO : 2021-01-23 18:44:57,466 : state_square_error: 42.196 reward_error: 5.954
INFO : 2021-01-23 18:45:14,746 : state_square_error: 125.379 reward_error: 9.434
INFO : 2021-01-23 18:45:32,068 : state_square_error: 25.399 reward_error: 2.739
INFO : 2021-01-23 18:45:49,354 : state_square_error: 28.038 reward_error: 3.570
INFO : 2021-01-23 18:46:06,475 : state_square_error: 43.783 reward_error: 4.429
INFO : 2021-01-23 18:46:23,611 : state_square_error: 22.627 reward_error: 9.252
INFO : 2021-01-23 18:46:40,764 : state_square_error: 17.702 reward_error: 4.186
INFO : 2021-01-23 18:46:57,743 : episode: 22 score: 275.7 100 games avg: 275.7 steps 1000 
INFO : 2021-01-23 18:47:04,979 : state_square_error: 42.973 reward_error: 11.986
INFO : 2021-01-23 18:47:22,172 : state_square_error: 78.700 reward_error: 5.910
INFO : 2021-01-23 18:47:39,394 : state_square_error: 16.024 reward_error: 9.993
INFO : 2021-01-23 18:47:56,541 : state_square_error: 56.089 reward_error: 11.000
INFO : 2021-01-23 18:48:13,832 : state_square_error: 50.217 reward_error: 5.370
INFO : 2021-01-23 18:48:31,065 : state_square_error: 43.729 reward_error: 2.080
INFO : 2021-01-23 18:48:48,256 : state_square_error: 68.064 reward_error: 12.601
INFO : 2021-01-23 18:49:05,521 : state_square_error: 19.781 reward_error: 0.074
INFO : 2021-01-23 18:49:22,786 : state_square_error: 133.804 reward_error: 9.150
INFO : 2021-01-23 18:49:40,049 : state_square_error: 20.417 reward_error: 5.181
INFO : 2021-01-23 18:49:57,165 : episode: 23 score: 961.9 100 games avg: 961.9 steps 1000 
INFO : 2021-01-23 18:50:04,733 : state_square_error: 31.234 reward_error: 11.679
INFO : 2021-01-23 18:50:22,080 : state_square_error: 56.321 reward_error: 9.567
INFO : 2021-01-23 18:50:39,336 : state_square_error: 112.785 reward_error: 3.253
INFO : 2021-01-23 18:50:56,626 : state_square_error: 15.449 reward_error: 10.569
INFO : 2021-01-23 18:51:13,941 : state_square_error: 19.662 reward_error: 1.629
INFO : 2021-01-23 18:51:31,096 : state_square_error: 12.970 reward_error: 6.055
INFO : 2021-01-23 18:51:48,289 : state_square_error: 30.948 reward_error: 15.167
INFO : 2021-01-23 18:52:05,531 : state_square_error: 37.026 reward_error: 5.638
INFO : 2021-01-23 18:52:22,759 : state_square_error: 23.372 reward_error: 10.877
INFO : 2021-01-23 18:52:39,969 : state_square_error: 58.618 reward_error: 7.541
INFO : 2021-01-23 18:52:57,060 : episode: 24 score: 1024.4 100 games avg: 1024.4 steps 1000 
INFO : 2021-01-23 18:53:04,931 : state_square_error: 85.479 reward_error: -0.073
INFO : 2021-01-23 18:53:22,274 : state_square_error: 28.754 reward_error: 6.109
INFO : 2021-01-23 18:53:39,547 : state_square_error: 29.863 reward_error: 0.183
INFO : 2021-01-23 18:53:56,867 : state_square_error: 34.971 reward_error: 1.495
INFO : 2021-01-23 18:54:14,118 : state_square_error: 41.332 reward_error: 8.902
INFO : 2021-01-23 18:54:31,323 : state_square_error: 57.552 reward_error: 3.603
INFO : 2021-01-23 18:54:48,512 : state_square_error: 16.162 reward_error: 4.332
INFO : 2021-01-23 18:55:05,683 : state_square_error: 39.384 reward_error: 8.545
INFO : 2021-01-23 18:55:22,876 : state_square_error: 44.349 reward_error: -0.038
INFO : 2021-01-23 18:55:40,090 : state_square_error: 83.021 reward_error: 3.202
INFO : 2021-01-23 18:55:57,151 : episode: 25 score: 147.8 100 games avg: 147.8 steps 1000 
INFO : 2021-01-23 18:56:05,351 : state_square_error: 29.693 reward_error: 3.366
INFO : 2021-01-23 18:56:22,769 : state_square_error: 53.149 reward_error: 11.223
INFO : 2021-01-23 18:56:40,099 : state_square_error: 16.962 reward_error: 4.902
INFO : 2021-01-23 18:56:57,374 : state_square_error: 17.815 reward_error: 7.661
INFO : 2021-01-23 18:57:14,684 : state_square_error: 37.461 reward_error: 9.483
INFO : 2021-01-23 18:57:31,930 : state_square_error: 104.475 reward_error: 14.142
INFO : 2021-01-23 18:57:49,161 : state_square_error: 49.419 reward_error: 7.526
INFO : 2021-01-23 18:58:06,331 : state_square_error: 48.828 reward_error: 11.256
INFO : 2021-01-23 18:58:23,425 : state_square_error: 75.934 reward_error: 10.789
INFO : 2021-01-23 18:58:40,607 : state_square_error: 32.789 reward_error: 11.300
INFO : 2021-01-23 18:58:57,630 : episode: 26 score: 1050.5 100 games avg: 1050.5 steps 1000 
INFO : 2021-01-23 18:59:06,077 : state_square_error: 32.124 reward_error: 10.036
INFO : 2021-01-23 18:59:23,391 : state_square_error: 45.680 reward_error: 11.959
INFO : 2021-01-23 18:59:40,576 : state_square_error: 35.439 reward_error: 7.107
INFO : 2021-01-23 18:59:57,784 : state_square_error: 50.796 reward_error: 11.420
INFO : 2021-01-23 19:00:15,036 : state_square_error: 43.136 reward_error: 9.787
INFO : 2021-01-23 19:00:32,207 : state_square_error: 91.680 reward_error: 8.325
INFO : 2021-01-23 19:00:49,424 : state_square_error: 36.990 reward_error: 7.298
INFO : 2021-01-23 19:01:06,595 : state_square_error: 60.933 reward_error: 13.551
INFO : 2021-01-23 19:01:23,713 : state_square_error: 83.801 reward_error: 8.478
INFO : 2021-01-23 19:01:40,853 : state_square_error: 22.973 reward_error: 9.355
INFO : 2021-01-23 19:01:57,868 : episode: 27 score: 1272.0 100 games avg: 1272.0 steps 1000 
INFO : 2021-01-23 19:02:06,709 : state_square_error: 9.670 reward_error: 7.322
INFO : 2021-01-23 19:02:23,920 : state_square_error: 39.529 reward_error: 3.917
INFO : 2021-01-23 19:02:41,075 : state_square_error: 19.503 reward_error: 6.758
INFO : 2021-01-23 19:02:58,203 : state_square_error: 81.042 reward_error: 19.128
INFO : 2021-01-23 19:03:15,369 : state_square_error: 45.397 reward_error: 14.839
INFO : 2021-01-23 19:03:32,695 : state_square_error: 76.202 reward_error: 6.953
INFO : 2021-01-23 19:03:49,918 : state_square_error: 30.431 reward_error: 8.508
INFO : 2021-01-23 19:04:07,093 : state_square_error: 35.079 reward_error: 16.199
INFO : 2021-01-23 19:04:24,337 : state_square_error: 47.571 reward_error: 16.036
INFO : 2021-01-23 19:04:41,596 : state_square_error: 26.914 reward_error: 7.394
INFO : 2021-01-23 19:04:58,677 : episode: 28 score: 1278.5 100 games avg: 1278.5 steps 1000 
INFO : 2021-01-23 19:05:07,850 : state_square_error: 81.112 reward_error: 8.237
INFO : 2021-01-23 19:05:25,223 : state_square_error: 37.245 reward_error: 4.522
INFO : 2021-01-23 19:05:42,567 : state_square_error: 58.726 reward_error: 13.064
INFO : 2021-01-23 19:05:59,784 : state_square_error: 72.563 reward_error: 8.905
INFO : 2021-01-23 19:06:17,102 : state_square_error: 45.072 reward_error: 10.175
INFO : 2021-01-23 19:06:34,374 : state_square_error: 32.200 reward_error: 10.107
INFO : 2021-01-23 19:06:51,685 : state_square_error: 31.343 reward_error: 12.344
INFO : 2021-01-23 19:07:08,972 : state_square_error: 78.970 reward_error: 6.425
INFO : 2021-01-23 19:07:26,227 : state_square_error: 10.694 reward_error: 6.112
INFO : 2021-01-23 19:07:43,540 : state_square_error: 27.680 reward_error: 12.150
INFO : 2021-01-23 19:08:00,622 : episode: 29 score: 1280.2 100 games avg: 1280.2 steps 1000 
INFO : 2021-01-23 19:08:10,114 : state_square_error: 127.856 reward_error: 1.410
INFO : 2021-01-23 19:08:27,433 : state_square_error: 115.316 reward_error: 5.619
INFO : 2021-01-23 19:08:44,715 : state_square_error: 92.797 reward_error: 8.743
INFO : 2021-01-23 19:09:02,052 : state_square_error: 77.371 reward_error: 6.308
INFO : 2021-01-23 19:09:19,238 : state_square_error: 103.270 reward_error: 18.526
INFO : 2021-01-23 19:10:25,913 : state_square_error: 18.813 reward_error: 6.061
INFO : 2021-01-23 19:11:46,220 : state_square_error: 50.127 reward_error: 14.194
INFO : 2021-01-23 19:13:03,150 : state_square_error: 55.055 reward_error: 4.514
INFO : 2021-01-23 19:14:23,177 : state_square_error: 21.200 reward_error: 5.149
INFO : 2021-01-23 19:14:56,044 : state_square_error: 17.815 reward_error: 7.786
INFO : 2021-01-23 19:15:13,150 : episode: 30 score: 1320.9 100 games avg: 1320.9 steps 1000 
INFO : 2021-01-23 19:15:23,009 : state_square_error: 39.494 reward_error: 2.373
INFO : 2021-01-23 19:17:08,495 : state_square_error: 39.567 reward_error: 7.600
INFO : 2021-01-23 19:19:17,667 : state_square_error: 11.318 reward_error: 5.703
INFO : 2021-01-23 19:20:57,529 : state_square_error: 4.999 reward_error: 13.386
INFO : 2021-01-23 19:22:11,833 : state_square_error: 73.893 reward_error: 4.187
INFO : 2021-01-23 19:23:30,879 : state_square_error: 14.871 reward_error: 5.705
INFO : 2021-01-23 19:24:45,795 : state_square_error: 41.192 reward_error: 3.371
INFO : 2021-01-23 19:26:49,298 : state_square_error: 106.839 reward_error: 4.941
INFO : 2021-01-23 19:28:58,622 : state_square_error: 48.163 reward_error: 2.442
INFO : 2021-01-23 19:30:12,046 : state_square_error: 37.269 reward_error: 7.204
INFO : 2021-01-23 19:31:29,734 : episode: 31 score: 523.2 100 games avg: 523.2 steps 1000 
INFO : 2021-01-23 19:31:40,986 : state_square_error: 135.182 reward_error: 7.117
INFO : 2021-01-23 19:32:57,927 : state_square_error: 115.318 reward_error: 7.597
INFO : 2021-01-23 19:34:55,857 : state_square_error: 55.403 reward_error: 2.704
INFO : 2021-01-23 19:37:06,019 : state_square_error: 27.435 reward_error: 10.888
INFO : 2021-01-23 19:38:24,558 : state_square_error: 17.564 reward_error: 5.116
INFO : 2021-01-23 19:39:40,854 : state_square_error: 41.356 reward_error: 7.023
INFO : 2021-01-23 19:40:59,590 : state_square_error: 32.791 reward_error: 6.643
INFO : 2021-01-23 19:42:44,217 : state_square_error: 43.570 reward_error: 3.511
INFO : 2021-01-23 19:44:53,521 : state_square_error: 40.148 reward_error: 16.419
INFO : 2021-01-23 19:46:41,727 : state_square_error: 27.189 reward_error: 4.426
INFO : 2021-01-23 19:47:39,647 : episode: 32 score: 1149.1 100 games avg: 1149.1 steps 1000 
INFO : 2021-01-23 19:47:51,114 : state_square_error: 15.280 reward_error: 5.433
INFO : 2021-01-23 19:49:09,479 : state_square_error: 79.194 reward_error: 5.060
INFO : 2021-01-23 19:50:54,040 : state_square_error: 42.196 reward_error: 5.378
INFO : 2021-01-23 19:53:03,002 : state_square_error: 117.651 reward_error: 8.959
INFO : 2021-01-23 19:54:49,360 : state_square_error: 30.206 reward_error: 11.958
INFO : 2021-01-23 19:55:57,224 : state_square_error: 41.983 reward_error: 2.603
INFO : 2021-01-23 19:57:16,260 : state_square_error: 26.904 reward_error: 0.201
INFO : 2021-01-23 19:58:30,393 : state_square_error: 29.010 reward_error: 5.455
INFO : 2021-01-23 20:00:54,630 : state_square_error: 14.169 reward_error: 1.943
INFO : 2021-01-23 20:03:04,115 : state_square_error: 7.237 reward_error: 6.175
INFO : 2021-01-23 20:03:54,826 : episode: 33 score: 517.1 100 games avg: 517.1 steps 1000 
INFO : 2021-01-23 20:04:06,629 : state_square_error: 98.335 reward_error: 5.576
INFO : 2021-01-23 20:05:25,042 : state_square_error: 38.314 reward_error: 8.339
INFO : 2021-01-23 20:06:50,351 : state_square_error: 24.345 reward_error: 9.984
INFO : 2021-01-23 20:09:00,836 : state_square_error: 34.311 reward_error: 0.464
INFO : 2021-01-23 20:11:10,946 : state_square_error: 38.219 reward_error: 4.487
INFO : 2021-01-23 20:12:04,686 : state_square_error: 33.034 reward_error: 5.265
INFO : 2021-01-23 20:13:22,963 : state_square_error: 8.511 reward_error: 2.070
INFO : 2021-01-23 20:14:42,575 : state_square_error: 6.810 reward_error: 4.873
INFO : 2021-01-23 20:16:54,144 : state_square_error: 22.393 reward_error: 2.092
INFO : 2021-01-23 20:19:04,511 : state_square_error: 74.704 reward_error: 1.659
INFO : 2021-01-23 20:20:03,483 : episode: 34 score: 443.6 100 games avg: 443.6 steps 1000 
INFO : 2021-01-23 20:20:15,632 : state_square_error: 17.995 reward_error: 7.381
INFO : 2021-01-23 20:21:33,700 : state_square_error: 66.689 reward_error: 9.055
INFO : 2021-01-23 20:23:01,345 : state_square_error: 19.916 reward_error: 5.425
INFO : 2021-01-23 20:25:11,967 : state_square_error: 13.981 reward_error: 8.171
INFO : 2021-01-23 20:27:22,052 : state_square_error: 29.599 reward_error: 12.420
INFO : 2021-01-23 20:28:07,427 : state_square_error: 46.866 reward_error: 7.977
INFO : 2021-01-23 20:29:25,780 : state_square_error: 19.921 reward_error: 4.370
INFO : 2021-01-23 20:30:50,907 : state_square_error: 31.894 reward_error: 11.742
INFO : 2021-01-23 20:33:00,454 : state_square_error: 11.545 reward_error: 6.754
INFO : 2021-01-23 20:35:22,175 : state_square_error: 49.826 reward_error: 9.829
INFO : 2021-01-23 20:36:11,033 : episode: 35 score: 1453.8 100 games avg: 1453.8 steps 1000 
INFO : 2021-01-23 20:36:23,524 : state_square_error: 32.619 reward_error: 4.311
INFO : 2021-01-23 20:37:41,427 : state_square_error: 33.842 reward_error: 10.206
INFO : 2021-01-23 20:39:31,160 : state_square_error: 82.819 reward_error: 10.045
INFO : 2021-01-23 20:41:41,154 : state_square_error: 109.245 reward_error: 12.584
INFO : 2021-01-23 20:43:07,701 : state_square_error: 8.051 reward_error: 5.077
INFO : 2021-01-23 20:44:21,295 : state_square_error: 44.118 reward_error: 5.508
INFO : 2021-01-23 20:45:46,568 : state_square_error: 8.826 reward_error: 7.238
INFO : 2021-01-23 20:47:57,749 : state_square_error: 3.453 reward_error: 15.338
INFO : 2021-01-23 20:50:07,026 : state_square_error: 23.455 reward_error: 3.184
INFO : 2021-01-23 20:50:59,226 : state_square_error: 36.334 reward_error: 3.341
INFO : 2021-01-23 20:52:16,528 : episode: 36 score: 1534.4 100 games avg: 1534.4 steps 1000 
INFO : 2021-01-23 20:52:30,429 : state_square_error: 79.744 reward_error: 11.186
INFO : 2021-01-23 20:54:40,867 : state_square_error: 4.204 reward_error: 5.784
INFO : 2021-01-23 20:56:51,179 : state_square_error: 63.538 reward_error: 8.991
INFO : 2021-01-23 20:57:57,682 : state_square_error: 96.598 reward_error: 7.794
INFO : 2021-01-23 20:59:15,858 : state_square_error: 35.802 reward_error: 4.056
INFO : 2021-01-23 21:01:13,894 : state_square_error: 32.946 reward_error: 12.313
INFO : 2021-01-23 21:03:24,886 : state_square_error: 9.008 reward_error: 17.345
INFO : 2021-01-23 21:04:46,169 : state_square_error: 52.889 reward_error: 9.879
INFO : 2021-01-23 21:05:55,793 : state_square_error: 33.303 reward_error: 6.646
INFO : 2021-01-23 21:07:39,837 : state_square_error: 9.199 reward_error: 18.689
INFO : 2021-01-23 21:09:47,927 : episode: 37 score: 1321.7 100 games avg: 1321.7 steps 1000 
INFO : 2021-01-23 21:10:03,977 : state_square_error: 6.612 reward_error: 8.747
INFO : 2021-01-23 21:11:41,642 : state_square_error: 86.337 reward_error: 12.530
INFO : 2021-01-23 21:12:51,208 : state_square_error: 66.210 reward_error: 3.093
INFO : 2021-01-23 21:14:20,107 : state_square_error: 32.345 reward_error: 7.440
INFO : 2021-01-23 21:16:29,957 : state_square_error: 67.483 reward_error: 7.585
INFO : 2021-01-23 21:18:31,647 : state_square_error: 34.707 reward_error: 7.501
INFO : 2021-01-23 21:19:31,412 : state_square_error: 32.038 reward_error: 9.931
INFO : 2021-01-23 21:20:54,984 : state_square_error: 65.645 reward_error: 12.619
INFO : 2021-01-23 21:23:13,052 : state_square_error: 77.500 reward_error: 10.964
INFO : 2021-01-23 21:25:21,978 : state_square_error: 11.885 reward_error: 8.692
INFO : 2021-01-23 21:26:08,279 : episode: 38 score: 1525.2 100 games avg: 1525.2 steps 1000 
INFO : 2021-01-23 21:26:21,840 : state_square_error: 66.550 reward_error: 5.738
INFO : 2021-01-23 21:28:01,578 : state_square_error: 96.220 reward_error: 3.850
INFO : 2021-01-23 21:30:11,001 : state_square_error: 33.847 reward_error: 4.206
INFO : 2021-01-23 21:32:04,839 : state_square_error: 20.587 reward_error: 10.064
INFO : 2021-01-23 21:32:56,691 : state_square_error: 57.971 reward_error: 6.130
INFO : 2021-01-23 21:34:23,130 : state_square_error: 82.942 reward_error: 10.984
INFO : 2021-01-23 21:36:33,594 : state_square_error: 86.798 reward_error: 12.146
INFO : 2021-01-23 21:38:43,593 : state_square_error: 24.658 reward_error: 7.610
INFO : 2021-01-23 21:39:35,642 : state_square_error: 4.363 reward_error: 16.098
INFO : 2021-01-23 21:41:00,953 : state_square_error: 30.512 reward_error: 12.736
INFO : 2021-01-23 21:43:10,173 : episode: 39 score: 1453.2 100 games avg: 1453.2 steps 1000 
INFO : 2021-01-23 21:43:27,031 : state_square_error: 50.260 reward_error: 4.583
INFO : 2021-01-23 21:45:36,369 : state_square_error: 51.028 reward_error: 7.978
INFO : 2021-01-23 21:46:31,465 : state_square_error: 60.125 reward_error: 4.336
INFO : 2021-01-23 21:47:52,180 : state_square_error: 28.441 reward_error: 4.133
INFO : 2021-01-23 21:50:07,951 : state_square_error: 14.990 reward_error: 9.452
INFO : 2021-01-23 21:52:18,516 : state_square_error: 12.826 reward_error: 5.933
INFO : 2021-01-23 21:53:10,535 : state_square_error: 21.620 reward_error: 4.814
INFO : 2021-01-23 21:54:34,767 : state_square_error: 42.454 reward_error: 3.231
INFO : 2021-01-23 21:56:52,639 : state_square_error: 62.554 reward_error: 4.328
INFO : 2021-01-23 21:58:59,935 : state_square_error: 102.442 reward_error: 6.610
INFO : 2021-01-23 21:59:48,569 : episode: 40 score: 283.4 100 games avg: 283.4 steps 1000 
INFO : 2021-01-23 22:00:02,849 : state_square_error: 41.268 reward_error: 8.128
INFO : 2021-01-23 22:01:42,066 : state_square_error: 55.006 reward_error: 13.832
INFO : 2021-01-23 22:04:01,686 : state_square_error: 30.449 reward_error: 4.967
INFO : 2021-01-23 22:05:36,834 : state_square_error: 30.029 reward_error: 4.051
INFO : 2021-01-23 22:06:41,891 : state_square_error: 26.258 reward_error: 5.592
INFO : 2021-01-23 22:08:28,783 : state_square_error: 23.339 reward_error: 9.617
INFO : 2021-01-23 22:10:38,654 : state_square_error: 3.147 reward_error: 3.377
INFO : 2021-01-23 22:12:20,118 : state_square_error: 29.686 reward_error: 7.923
INFO : 2021-01-23 22:13:22,728 : state_square_error: 25.137 reward_error: 5.908
INFO : 2021-01-23 22:15:08,638 : state_square_error: 26.988 reward_error: 4.188
INFO : 2021-01-23 22:17:17,784 : episode: 41 score: 649.3 100 games avg: 649.3 steps 1000 
INFO : 2021-01-23 22:17:35,378 : state_square_error: 7.638 reward_error: 6.137
INFO : 2021-01-23 22:19:07,872 : state_square_error: 95.932 reward_error: 11.661
INFO : 2021-01-23 22:20:18,323 : state_square_error: 6.653 reward_error: 4.543
INFO : 2021-01-23 22:22:03,603 : state_square_error: 23.433 reward_error: 10.296
INFO : 2021-01-23 22:24:13,954 : state_square_error: 45.617 reward_error: 9.606
INFO : 2021-01-23 22:25:46,159 : state_square_error: 82.693 reward_error: 9.741
INFO : 2021-01-23 22:26:57,247 : state_square_error: 79.773 reward_error: 3.550
INFO : 2021-01-23 22:28:44,088 : state_square_error: 14.988 reward_error: 4.322
INFO : 2021-01-23 22:30:53,702 : state_square_error: 54.085 reward_error: 11.142
INFO : 2021-01-23 22:32:25,040 : state_square_error: 73.593 reward_error: 13.914
INFO : 2021-01-23 22:33:36,375 : episode: 42 score: 1363.0 100 games avg: 1363.0 steps 1000 
INFO : 2021-01-23 22:33:53,437 : state_square_error: 19.736 reward_error: 10.179
INFO : 2021-01-23 22:36:02,876 : state_square_error: 47.417 reward_error: 14.925
INFO : 2021-01-23 22:38:12,961 : state_square_error: 59.068 reward_error: 10.255
INFO : 2021-01-23 22:39:18,923 : state_square_error: 53.546 reward_error: 4.256
INFO : 2021-01-23 22:40:37,000 : state_square_error: 100.255 reward_error: 9.752
INFO : 2021-01-23 22:42:47,066 : state_square_error: 31.194 reward_error: 8.075
INFO : 2021-01-23 22:44:58,578 : state_square_error: 95.746 reward_error: 9.119
INFO : 2021-01-23 22:45:58,821 : state_square_error: 29.881 reward_error: 0.150
INFO : 2021-01-23 22:47:19,037 : state_square_error: 94.363 reward_error: 10.535
INFO : 2021-01-23 22:49:28,982 : state_square_error: 39.393 reward_error: 8.433
INFO : 2021-01-23 22:51:51,681 : episode: 43 score: 1727.2 100 games avg: 1727.2 steps 1000 
INFO : 2021-01-23 22:52:07,417 : state_square_error: 38.215 reward_error: 6.324
INFO : 2021-01-23 22:53:15,263 : state_square_error: 136.299 reward_error: 9.115
INFO : 2021-01-23 22:54:55,460 : state_square_error: 50.297 reward_error: 5.418
INFO : 2021-01-23 22:57:06,138 : state_square_error: 66.454 reward_error: 4.576
INFO : 2021-01-23 22:58:46,936 : state_square_error: 47.751 reward_error: 5.431
INFO : 2021-01-23 22:59:55,349 : state_square_error: 46.044 reward_error: 6.248
INFO : 2021-01-23 23:01:36,443 : state_square_error: 32.402 reward_error: 4.452
INFO : 2021-01-23 23:03:47,494 : state_square_error: 74.074 reward_error: 12.998
INFO : 2021-01-23 23:05:26,254 : state_square_error: 94.467 reward_error: 9.438
INFO : 2021-01-23 23:06:35,679 : state_square_error: 107.123 reward_error: 3.746
INFO : 2021-01-23 23:08:22,934 : episode: 44 score: 1740.6 100 games avg: 1740.6 steps 1000 
INFO : 2021-01-23 23:08:41,708 : state_square_error: 23.973 reward_error: 7.042
INFO : 2021-01-23 23:10:54,404 : state_square_error: 55.926 reward_error: 10.347
INFO : 2021-01-23 23:12:11,595 : state_square_error: 33.904 reward_error: 6.409
INFO : 2021-01-23 23:13:23,966 : state_square_error: 23.786 reward_error: 1.642
INFO : 2021-01-23 23:15:23,389 : state_square_error: 58.259 reward_error: -1.110
INFO : 2021-01-23 23:17:48,015 : state_square_error: 124.081 reward_error: 4.765
INFO : 2021-01-23 23:18:49,495 : state_square_error: 103.050 reward_error: 5.849
INFO : 2021-01-23 23:20:01,158 : state_square_error: 30.822 reward_error: 6.037
INFO : 2021-01-23 23:22:18,208 : state_square_error: 39.091 reward_error: 2.098
INFO : 2021-01-23 23:24:29,479 : state_square_error: 19.089 reward_error: 5.627
INFO : 2021-01-23 23:25:32,915 : episode: 45 score: 307.2 100 games avg: 307.2 steps 1000 
INFO : 2021-01-23 23:25:48,738 : state_square_error: 26.799 reward_error: 5.194
INFO : 2021-01-23 23:27:10,158 : state_square_error: 54.308 reward_error: 5.109
INFO : 2021-01-23 23:29:26,459 : state_square_error: 43.172 reward_error: 4.950
INFO : 2021-01-23 23:31:34,298 : state_square_error: 52.694 reward_error: 11.641
INFO : 2021-01-23 23:32:28,806 : state_square_error: 63.708 reward_error: 9.793
INFO : 2021-01-23 23:33:55,055 : state_square_error: 30.955 reward_error: 7.923
INFO : 2021-01-23 23:36:19,274 : state_square_error: 53.860 reward_error: 10.212
INFO : 2021-01-23 23:38:10,986 : state_square_error: 38.860 reward_error: 3.456
INFO : 2021-01-23 23:39:08,964 : state_square_error: 9.167 reward_error: 7.453
INFO : 2021-01-23 23:40:51,998 : state_square_error: 64.796 reward_error: 3.648
INFO : 2021-01-23 23:43:00,446 : episode: 46 score: 1128.2 100 games avg: 1128.2 steps 1000 
INFO : 2021-01-23 23:43:19,892 : state_square_error: 65.001 reward_error: 19.543
INFO : 2021-01-23 23:44:51,783 : state_square_error: 30.806 reward_error: 5.891
INFO : 2021-01-23 23:45:58,511 : state_square_error: 59.368 reward_error: 8.119
INFO : 2021-01-23 23:47:56,505 : state_square_error: 21.826 reward_error: 7.260
INFO : 2021-01-23 23:50:06,968 : state_square_error: 45.116 reward_error: 5.400
INFO : 2021-01-23 23:51:32,278 : state_square_error: 26.149 reward_error: 8.930
INFO : 2021-01-23 23:52:41,942 : state_square_error: 32.354 reward_error: 6.585
INFO : 2021-01-23 23:54:45,739 : state_square_error: 36.936 reward_error: 3.328
INFO : 2021-01-23 23:56:55,011 : state_square_error: 54.407 reward_error: 5.311
INFO : 2021-01-23 23:58:14,863 : state_square_error: 30.257 reward_error: 2.350
INFO : 2021-01-23 23:59:27,757 : episode: 47 score: 398.7 100 games avg: 398.7 steps 1000 
INFO : 2021-01-23 23:59:46,844 : state_square_error: 69.555 reward_error: 1.810
INFO : 2021-01-24 00:02:10,788 : state_square_error: 33.886 reward_error: 11.372
INFO : 2021-01-24 00:04:21,126 : state_square_error: 67.509 reward_error: 10.355
INFO : 2021-01-24 00:05:16,657 : state_square_error: 59.370 reward_error: 13.804
INFO : 2021-01-24 00:06:47,911 : state_square_error: 108.669 reward_error: 18.429
INFO : 2021-01-24 00:08:57,914 : state_square_error: 34.077 reward_error: 3.836
INFO : 2021-01-24 00:11:08,171 : state_square_error: 70.442 reward_error: 10.098
INFO : 2021-01-24 00:12:01,765 : state_square_error: 96.052 reward_error: 3.526
INFO : 2021-01-24 00:13:43,232 : state_square_error: 48.757 reward_error: 11.115
INFO : 2021-01-24 00:15:53,219 : state_square_error: 48.306 reward_error: 11.509
INFO : 2021-01-24 00:17:48,041 : episode: 48 score: 1871.6 100 games avg: 1871.6 steps 1000 
INFO : 2021-01-24 00:18:04,576 : state_square_error: 27.396 reward_error: 9.510
INFO : 2021-01-24 00:19:19,872 : state_square_error: 51.925 reward_error: 6.323
INFO : 2021-01-24 00:21:30,239 : state_square_error: 47.573 reward_error: 6.024
INFO : 2021-01-24 00:23:53,782 : state_square_error: 72.089 reward_error: 7.407
INFO : 2021-01-24 00:24:50,360 : state_square_error: 29.943 reward_error: 6.937
INFO : 2021-01-24 00:26:14,766 : state_square_error: 66.551 reward_error: 10.990
INFO : 2021-01-24 00:28:24,453 : state_square_error: 37.837 reward_error: 8.814
INFO : 2021-01-24 00:30:49,495 : state_square_error: 22.024 reward_error: 6.606
INFO : 2021-01-24 00:31:42,926 : state_square_error: 25.666 reward_error: 9.406
INFO : 2021-01-24 00:33:09,181 : state_square_error: 19.742 reward_error: 14.286
INFO : 2021-01-24 00:35:22,946 : episode: 49 score: 1852.3 100 games avg: 1852.3 steps 1000 
INFO : 2021-01-24 00:35:43,493 : state_square_error: 35.861 reward_error: 8.300
INFO : 2021-01-24 00:37:33,987 : state_square_error: 73.297 reward_error: 6.691
INFO : 2021-01-24 00:38:43,457 : state_square_error: 32.996 reward_error: 8.067
INFO : 2021-01-24 00:40:29,461 : state_square_error: 16.366 reward_error: 5.463
INFO : 2021-01-24 00:42:39,554 : state_square_error: 18.247 reward_error: 6.610
INFO : 2021-01-24 00:44:13,582 : state_square_error: 13.240 reward_error: 5.966
INFO : 2021-01-24 00:45:27,737 : state_square_error: 48.755 reward_error: 6.065
INFO : 2021-01-24 00:47:23,225 : state_square_error: 22.765 reward_error: 6.009
INFO : 2021-01-24 00:49:42,011 : state_square_error: 48.709 reward_error: 4.513
INFO : 2021-01-24 00:50:56,409 : state_square_error: 10.641 reward_error: 8.086
INFO : 2021-01-24 00:52:08,683 : episode: 50 score: 350.1 100 games avg: 350.1 steps 1000 
INFO : 2021-01-24 00:52:30,068 : state_square_error: 51.155 reward_error: 10.626
INFO : 2021-01-24 00:54:39,958 : state_square_error: 42.357 reward_error: 6.838
INFO : 2021-01-24 00:56:54,166 : state_square_error: 98.917 reward_error: 10.334
INFO : 2021-01-24 00:57:54,682 : state_square_error: 90.957 reward_error: 5.819
INFO : 2021-01-24 00:59:24,007 : state_square_error: 103.542 reward_error: 2.793
INFO : 2021-01-24 01:01:34,148 : state_square_error: 67.658 reward_error: 7.972
INFO : 2021-01-24 01:03:50,270 : state_square_error: 46.453 reward_error: 3.724
INFO : 2021-01-24 01:04:46,736 : state_square_error: 28.405 reward_error: 2.966
INFO : 2021-01-24 01:06:19,048 : state_square_error: 12.237 reward_error: 3.517
INFO : 2021-01-24 01:08:29,353 : state_square_error: 32.215 reward_error: 2.867
INFO : 2021-01-24 01:10:28,042 : episode: 51 score: 1323.1 100 games avg: 1323.1 steps 1000 
INFO : 2021-01-24 01:10:45,743 : state_square_error: 88.140 reward_error: 7.072
INFO : 2021-01-24 01:11:52,099 : state_square_error: 100.611 reward_error: 10.428
INFO : 2021-01-24 01:12:09,546 : state_square_error: 36.419 reward_error: 5.842
INFO : 2021-01-24 01:12:26,605 : state_square_error: 74.006 reward_error: 10.595
INFO : 2021-01-24 01:12:43,655 : state_square_error: 30.215 reward_error: 7.053
INFO : 2021-01-24 01:13:00,968 : state_square_error: 16.501 reward_error: 5.435
INFO : 2021-01-24 01:13:18,198 : state_square_error: 117.920 reward_error: 13.658
INFO : 2021-01-24 01:13:35,348 : state_square_error: 33.072 reward_error: 8.406
INFO : 2021-01-24 01:13:52,564 : state_square_error: 81.639 reward_error: 10.543
INFO : 2021-01-24 01:14:09,767 : state_square_error: 104.901 reward_error: 10.127
INFO : 2021-01-24 01:14:26,839 : episode: 52 score: 1844.7 100 games avg: 1844.7 steps 1000 
INFO : 2021-01-24 01:14:43,665 : state_square_error: 76.278 reward_error: 10.121
INFO : 2021-01-24 01:15:00,994 : state_square_error: 136.408 reward_error: 9.272
INFO : 2021-01-24 01:15:18,320 : state_square_error: 42.705 reward_error: 5.017
INFO : 2021-01-24 01:15:35,597 : state_square_error: 57.393 reward_error: 11.594
INFO : 2021-01-24 01:15:52,852 : state_square_error: 53.956 reward_error: 8.591
INFO : 2021-01-24 01:16:10,052 : state_square_error: 78.632 reward_error: 3.379
INFO : 2021-01-24 01:16:27,248 : state_square_error: 11.514 reward_error: 7.920
INFO : 2021-01-24 01:16:44,423 : state_square_error: 90.246 reward_error: 6.405
INFO : 2021-01-24 01:17:01,615 : state_square_error: 60.145 reward_error: 8.085
INFO : 2021-01-24 01:17:18,806 : state_square_error: 63.883 reward_error: 14.238
INFO : 2021-01-24 01:17:35,815 : episode: 53 score: 1943.6 100 games avg: 1943.6 steps 1000 
INFO : 2021-01-24 01:17:52,920 : state_square_error: 9.377 reward_error: 7.105
INFO : 2021-01-24 01:18:10,198 : state_square_error: 85.619 reward_error: 6.540
INFO : 2021-01-24 01:18:27,383 : state_square_error: 22.669 reward_error: 6.560
INFO : 2021-01-24 01:18:44,517 : state_square_error: 113.239 reward_error: 7.716
INFO : 2021-01-24 01:19:01,703 : state_square_error: 25.188 reward_error: 9.915
INFO : 2021-01-24 01:19:18,893 : state_square_error: 32.157 reward_error: 6.487
INFO : 2021-01-24 01:19:36,059 : state_square_error: 119.441 reward_error: 6.718
INFO : 2021-01-24 01:19:53,218 : state_square_error: 81.955 reward_error: 12.050
INFO : 2021-01-24 01:20:10,392 : state_square_error: 61.048 reward_error: 4.351
INFO : 2021-01-24 01:20:27,599 : state_square_error: 27.053 reward_error: -1.452
INFO : 2021-01-24 01:20:44,569 : episode: 54 score: 1741.5 100 games avg: 1741.5 steps 1000 
INFO : 2021-01-24 01:21:02,024 : state_square_error: 38.099 reward_error: 2.844
INFO : 2021-01-24 01:21:19,320 : state_square_error: 88.301 reward_error: 9.676
INFO : 2021-01-24 01:21:36,478 : state_square_error: 36.591 reward_error: 10.879
INFO : 2021-01-24 01:21:53,653 : state_square_error: 35.602 reward_error: 5.923
INFO : 2021-01-24 01:22:10,836 : state_square_error: 41.421 reward_error: 3.579
INFO : 2021-01-24 01:22:28,038 : state_square_error: 82.381 reward_error: 8.974
INFO : 2021-01-24 01:22:45,188 : state_square_error: 29.757 reward_error: 8.367
INFO : 2021-01-24 01:23:02,356 : state_square_error: 22.150 reward_error: 7.702
INFO : 2021-01-24 01:23:19,525 : state_square_error: 45.958 reward_error: 5.766
INFO : 2021-01-24 01:23:36,734 : state_square_error: 107.734 reward_error: 7.575
INFO : 2021-01-24 01:23:53,748 : episode: 55 score: 1999.7 100 games avg: 1999.7 steps 1000 
INFO : 2021-01-24 01:24:11,594 : state_square_error: 43.909 reward_error: 3.396
INFO : 2021-01-24 01:24:28,927 : state_square_error: 38.853 reward_error: 7.175
INFO : 2021-01-24 01:24:46,122 : state_square_error: 18.332 reward_error: 5.608
INFO : 2021-01-24 01:25:03,248 : state_square_error: 100.148 reward_error: 0.131
INFO : 2021-01-24 01:25:20,357 : state_square_error: 75.400 reward_error: 13.563
INFO : 2021-01-24 01:25:37,500 : state_square_error: 38.935 reward_error: 4.609
INFO : 2021-01-24 01:25:54,631 : state_square_error: 14.846 reward_error: 14.288
INFO : 2021-01-24 01:26:11,841 : state_square_error: 29.153 reward_error: 9.556
INFO : 2021-01-24 01:26:29,035 : state_square_error: 61.253 reward_error: 2.678
INFO : 2021-01-24 01:26:46,202 : state_square_error: 48.083 reward_error: 7.565
INFO : 2021-01-24 01:27:03,252 : episode: 56 score: 1940.9 100 games avg: 1940.9 steps 1000 
INFO : 2021-01-24 01:27:21,386 : state_square_error: 14.611 reward_error: 9.180
INFO : 2021-01-24 01:27:38,575 : state_square_error: 24.610 reward_error: 5.276
INFO : 2021-01-24 01:27:55,695 : state_square_error: 9.098 reward_error: 4.219
INFO : 2021-01-24 01:28:12,886 : state_square_error: 126.712 reward_error: 5.228
INFO : 2021-01-24 01:28:30,135 : state_square_error: 98.541 reward_error: 6.176
INFO : 2021-01-24 01:28:47,421 : state_square_error: 30.532 reward_error: 4.581
INFO : 2021-01-24 01:29:04,718 : state_square_error: 66.016 reward_error: 7.070
INFO : 2021-01-24 01:29:21,991 : state_square_error: 27.866 reward_error: 6.364
INFO : 2021-01-24 01:29:39,248 : state_square_error: 13.379 reward_error: 5.372
INFO : 2021-01-24 01:29:56,470 : state_square_error: 24.704 reward_error: 10.980
INFO : 2021-01-24 01:30:13,527 : episode: 57 score: 876.8 100 games avg: 876.8 steps 1000 
INFO : 2021-01-24 01:30:31,975 : state_square_error: 45.904 reward_error: 4.319
INFO : 2021-01-24 01:30:49,296 : state_square_error: 91.113 reward_error: 3.955
INFO : 2021-01-24 01:31:06,582 : state_square_error: 76.861 reward_error: 8.201
INFO : 2021-01-24 01:31:23,788 : state_square_error: 47.465 reward_error: 7.939
INFO : 2021-01-24 01:31:41,043 : state_square_error: 59.215 reward_error: 4.939
INFO : 2021-01-24 01:31:58,257 : state_square_error: 9.517 reward_error: 5.767
INFO : 2021-01-24 01:32:15,501 : state_square_error: 13.926 reward_error: 3.238
INFO : 2021-01-24 01:32:32,837 : state_square_error: 15.612 reward_error: 10.282
INFO : 2021-01-24 01:32:50,161 : state_square_error: 7.270 reward_error: 14.589
INFO : 2021-01-24 01:33:07,369 : state_square_error: 50.537 reward_error: 4.499
INFO : 2021-01-24 01:33:24,334 : episode: 58 score: 1111.1 100 games avg: 1111.1 steps 1000 
INFO : 2021-01-24 01:33:43,115 : state_square_error: 18.772 reward_error: 3.458
INFO : 2021-01-24 01:34:00,306 : state_square_error: 32.457 reward_error: 11.297
INFO : 2021-01-24 01:34:17,534 : state_square_error: 86.431 reward_error: 6.684
INFO : 2021-01-24 01:34:34,742 : state_square_error: 54.352 reward_error: 7.739
INFO : 2021-01-24 01:34:51,955 : state_square_error: 71.635 reward_error: 7.411
INFO : 2021-01-24 01:35:09,139 : state_square_error: 39.174 reward_error: 9.731
INFO : 2021-01-24 01:35:26,238 : state_square_error: 85.320 reward_error: 8.939
INFO : 2021-01-24 01:35:43,423 : state_square_error: 4.248 reward_error: 6.500
INFO : 2021-01-24 01:36:00,571 : state_square_error: 75.100 reward_error: 11.730
INFO : 2021-01-24 01:36:17,752 : state_square_error: 81.176 reward_error: 10.349
INFO : 2021-01-24 01:36:34,992 : episode: 59 score: 2080.7 100 games avg: 2080.7 steps 1000 
INFO : 2021-01-24 01:36:54,097 : state_square_error: 18.366 reward_error: 6.903
INFO : 2021-01-24 01:37:11,342 : state_square_error: 121.315 reward_error: 1.832
INFO : 2021-01-24 01:37:28,552 : state_square_error: 26.060 reward_error: 4.362
INFO : 2021-01-24 01:37:45,766 : state_square_error: 45.230 reward_error: 4.950
INFO : 2021-01-24 01:38:02,959 : state_square_error: 102.615 reward_error: 10.768
INFO : 2021-01-24 01:38:20,155 : state_square_error: 16.415 reward_error: 12.171
INFO : 2021-01-24 01:38:37,388 : state_square_error: 29.113 reward_error: 6.687
INFO : 2021-01-24 01:38:54,722 : state_square_error: 20.233 reward_error: 7.020
INFO : 2021-01-24 01:39:12,027 : state_square_error: 26.630 reward_error: 9.912
INFO : 2021-01-24 01:39:29,357 : state_square_error: 63.442 reward_error: 6.372
INFO : 2021-01-24 01:39:46,471 : episode: 60 score: 2000.0 100 games avg: 2000.0 steps 1000 
INFO : 2021-01-24 01:40:05,912 : state_square_error: 46.597 reward_error: 5.400
INFO : 2021-01-24 01:40:23,130 : state_square_error: 57.880 reward_error: 9.205
INFO : 2021-01-24 01:40:40,343 : state_square_error: 47.033 reward_error: 5.673
INFO : 2021-01-24 01:40:57,504 : state_square_error: 16.398 reward_error: 3.978
INFO : 2021-01-24 01:41:14,690 : state_square_error: 39.154 reward_error: 7.044
INFO : 2021-01-24 01:41:31,896 : state_square_error: 92.745 reward_error: 14.196
INFO : 2021-01-24 01:41:49,097 : state_square_error: 107.158 reward_error: 19.214
INFO : 2021-01-24 01:42:06,376 : state_square_error: 70.696 reward_error: 3.916
INFO : 2021-01-24 01:42:23,566 : state_square_error: 43.422 reward_error: 6.192
INFO : 2021-01-24 01:42:40,751 : state_square_error: 34.837 reward_error: 2.997
INFO : 2021-01-24 01:42:57,823 : episode: 61 score: 1377.3 100 games avg: 1377.3 steps 1000 
INFO : 2021-01-24 01:43:17,560 : state_square_error: 43.823 reward_error: 9.749
INFO : 2021-01-24 01:43:34,832 : state_square_error: 31.225 reward_error: 5.584
INFO : 2021-01-24 01:43:52,047 : state_square_error: 38.712 reward_error: 11.803
INFO : 2021-01-24 01:44:09,265 : state_square_error: 9.281 reward_error: 4.230
INFO : 2021-01-24 01:44:26,505 : state_square_error: 29.900 reward_error: 6.083
INFO : 2021-01-24 01:44:43,767 : state_square_error: 47.815 reward_error: 7.992
INFO : 2021-01-24 01:45:01,471 : state_square_error: 11.279 reward_error: 4.160
INFO : 2021-01-24 01:45:18,934 : state_square_error: 51.468 reward_error: 4.462
INFO : 2021-01-24 01:45:36,297 : state_square_error: 40.556 reward_error: 4.717
INFO : 2021-01-24 01:45:53,946 : state_square_error: 87.325 reward_error: 6.282
INFO : 2021-01-24 01:46:11,169 : episode: 62 score: 598.2 100 games avg: 598.2 steps 1000 
INFO : 2021-01-24 01:46:30,342 : state_square_error: 47.107 reward_error: 5.388
INFO : 2021-01-24 01:46:47,784 : state_square_error: 54.642 reward_error: 5.400
INFO : 2021-01-24 01:47:05,256 : state_square_error: 75.043 reward_error: 4.488
INFO : 2021-01-24 01:47:22,585 : state_square_error: 87.629 reward_error: 3.193
INFO : 2021-01-24 01:47:39,995 : state_square_error: 98.280 reward_error: 5.824
INFO : 2021-01-24 01:47:57,535 : state_square_error: 56.165 reward_error: 7.966
INFO : 2021-01-24 01:48:14,908 : state_square_error: 49.014 reward_error: 4.858
INFO : 2021-01-24 01:48:32,253 : state_square_error: 61.184 reward_error: 6.075
INFO : 2021-01-24 01:48:49,701 : state_square_error: 48.884 reward_error: 5.959
INFO : 2021-01-24 01:49:07,128 : state_square_error: 19.031 reward_error: 7.642
INFO : 2021-01-24 01:49:24,393 : episode: 63 score: 2230.2 100 games avg: 2230.2 steps 1000 
INFO : 2021-01-24 01:49:43,882 : state_square_error: 11.600 reward_error: 8.357
INFO : 2021-01-24 01:50:01,303 : state_square_error: 75.977 reward_error: 5.405
INFO : 2021-01-24 01:50:18,804 : state_square_error: 73.673 reward_error: 8.309
INFO : 2021-01-24 01:50:36,224 : state_square_error: 27.274 reward_error: 5.237
INFO : 2021-01-24 01:50:53,723 : state_square_error: 54.877 reward_error: 4.349
INFO : 2021-01-24 01:51:11,223 : state_square_error: 93.444 reward_error: 12.071
INFO : 2021-01-24 01:51:29,157 : state_square_error: 61.379 reward_error: 1.866
INFO : 2021-01-24 01:51:46,375 : state_square_error: 47.656 reward_error: 6.556
INFO : 2021-01-24 01:52:03,610 : state_square_error: 8.558 reward_error: 4.084
INFO : 2021-01-24 01:52:20,804 : state_square_error: 69.788 reward_error: 16.738
INFO : 2021-01-24 01:52:37,830 : episode: 64 score: 2276.7 100 games avg: 2276.7 steps 1000 
INFO : 2021-01-24 01:52:58,481 : state_square_error: 23.191 reward_error: 5.125
INFO : 2021-01-24 01:53:15,757 : state_square_error: 21.285 reward_error: 6.023
INFO : 2021-01-24 01:53:32,948 : state_square_error: 105.165 reward_error: 3.857
INFO : 2021-01-24 01:53:50,094 : state_square_error: 100.624 reward_error: 0.551
INFO : 2021-01-24 01:54:07,382 : state_square_error: 39.547 reward_error: 8.096
INFO : 2021-01-24 01:54:24,710 : state_square_error: 48.398 reward_error: 9.628
INFO : 2021-01-24 01:54:42,019 : state_square_error: 22.041 reward_error: 6.727
INFO : 2021-01-24 01:54:59,308 : state_square_error: 49.769 reward_error: 3.166
INFO : 2021-01-24 01:55:16,598 : state_square_error: 83.243 reward_error: 2.074
INFO : 2021-01-24 01:55:33,800 : state_square_error: 93.330 reward_error: 6.793
INFO : 2021-01-24 01:55:50,828 : episode: 65 score: 2203.3 100 games avg: 2203.3 steps 1000 
INFO : 2021-01-24 01:56:11,952 : state_square_error: 92.154 reward_error: 8.068
INFO : 2021-01-24 01:56:29,320 : state_square_error: 31.197 reward_error: 4.845
INFO : 2021-01-24 01:56:46,576 : state_square_error: 51.632 reward_error: 5.880
INFO : 2021-01-24 01:57:03,823 : state_square_error: 34.565 reward_error: 14.052
INFO : 2021-01-24 01:57:21,143 : state_square_error: 13.402 reward_error: 6.473
INFO : 2021-01-24 01:57:38,373 : state_square_error: 55.147 reward_error: 7.753
INFO : 2021-01-24 01:57:55,633 : state_square_error: 86.197 reward_error: 5.887
INFO : 2021-01-24 01:58:12,869 : state_square_error: 56.950 reward_error: 7.498
INFO : 2021-01-24 01:58:30,065 : state_square_error: 6.276 reward_error: 8.887
INFO : 2021-01-24 01:58:47,256 : state_square_error: 55.868 reward_error: 10.609
INFO : 2021-01-24 01:59:04,310 : episode: 66 score: 902.7 100 games avg: 902.7 steps 1000 
INFO : 2021-01-24 01:59:25,695 : state_square_error: 105.702 reward_error: 6.074
INFO : 2021-01-24 01:59:42,943 : state_square_error: 126.732 reward_error: 18.768
INFO : 2021-01-24 02:00:00,101 : state_square_error: 11.450 reward_error: 4.463
INFO : 2021-01-24 02:00:17,254 : state_square_error: 31.523 reward_error: 11.451
INFO : 2021-01-24 02:00:34,466 : state_square_error: 122.473 reward_error: 8.632
INFO : 2021-01-24 02:00:51,653 : state_square_error: 22.509 reward_error: 3.774
INFO : 2021-01-24 02:01:08,864 : state_square_error: 72.433 reward_error: 5.983
INFO : 2021-01-24 02:01:26,024 : state_square_error: 53.196 reward_error: 4.998
INFO : 2021-01-24 02:01:43,204 : state_square_error: 38.669 reward_error: 8.889
INFO : 2021-01-24 02:02:00,417 : state_square_error: 118.162 reward_error: 5.297
INFO : 2021-01-24 02:02:17,391 : episode: 67 score: 2351.4 100 games avg: 2351.4 steps 1000 
INFO : 2021-01-24 02:02:39,203 : state_square_error: 90.251 reward_error: 5.298
INFO : 2021-01-24 02:02:56,565 : state_square_error: 8.776 reward_error: 8.051
INFO : 2021-01-24 02:03:13,782 : state_square_error: 12.219 reward_error: 5.721
INFO : 2021-01-24 02:03:31,118 : state_square_error: 108.447 reward_error: 10.890
INFO : 2021-01-24 02:03:48,421 : state_square_error: 33.381 reward_error: 6.051
INFO : 2021-01-24 02:04:05,757 : state_square_error: 68.573 reward_error: 4.355
INFO : 2021-01-24 02:04:23,068 : state_square_error: 17.466 reward_error: 5.036
INFO : 2021-01-24 02:04:40,383 : state_square_error: 22.587 reward_error: 8.138
INFO : 2021-01-24 02:04:57,721 : state_square_error: 67.694 reward_error: 5.780
INFO : 2021-01-24 02:05:15,061 : state_square_error: 108.464 reward_error: 1.808
INFO : 2021-01-24 02:05:32,208 : episode: 68 score: 1730.0 100 games avg: 1730.0 steps 1000 
INFO : 2021-01-24 02:05:54,279 : state_square_error: 53.567 reward_error: 6.569
INFO : 2021-01-24 02:06:11,642 : state_square_error: 130.960 reward_error: 6.671
INFO : 2021-01-24 02:06:28,836 : state_square_error: 91.698 reward_error: 9.690
INFO : 2021-01-24 02:06:45,999 : state_square_error: 19.794 reward_error: 3.012
INFO : 2021-01-24 02:07:03,168 : state_square_error: 38.910 reward_error: 7.229
INFO : 2021-01-24 02:07:20,332 : state_square_error: 107.633 reward_error: 17.895
INFO : 2021-01-24 02:07:37,671 : state_square_error: 19.388 reward_error: 5.768
INFO : 2021-01-24 02:07:54,893 : state_square_error: 19.863 reward_error: 11.059
INFO : 2021-01-24 02:08:12,136 : state_square_error: 86.827 reward_error: 9.109
INFO : 2021-01-24 02:08:29,338 : state_square_error: 96.588 reward_error: 16.892
INFO : 2021-01-24 02:08:46,397 : episode: 69 score: 2355.0 100 games avg: 2355.0 steps 1000 
INFO : 2021-01-24 02:09:08,845 : state_square_error: 83.039 reward_error: 4.557
INFO : 2021-01-24 02:09:26,189 : state_square_error: 38.047 reward_error: 12.767
INFO : 2021-01-24 02:09:43,539 : state_square_error: 107.445 reward_error: 7.978
INFO : 2021-01-24 02:10:00,860 : state_square_error: 11.320 reward_error: 10.762
INFO : 2021-01-24 02:10:18,846 : state_square_error: 38.300 reward_error: 2.772
INFO : 2021-01-24 02:10:36,217 : state_square_error: 69.569 reward_error: 9.436
INFO : 2021-01-24 02:10:53,743 : state_square_error: 31.908 reward_error: 7.018
INFO : 2021-01-24 02:11:11,329 : state_square_error: 126.516 reward_error: 7.820
INFO : 2021-01-24 02:11:28,718 : state_square_error: 19.518 reward_error: 12.590
INFO : 2021-01-24 02:11:46,045 : state_square_error: 42.980 reward_error: 5.931
INFO : 2021-01-24 02:12:03,203 : episode: 70 score: 2382.8 100 games avg: 2382.8 steps 1000 
INFO : 2021-01-24 02:12:24,741 : state_square_error: 31.339 reward_error: 6.547
INFO : 2021-01-24 02:12:42,137 : state_square_error: 55.003 reward_error: 7.547
INFO : 2021-01-24 02:12:59,444 : state_square_error: 35.854 reward_error: 6.173
INFO : 2021-01-24 02:13:16,644 : state_square_error: 15.101 reward_error: 5.485
INFO : 2021-01-24 02:13:34,062 : state_square_error: 91.460 reward_error: 11.219
INFO : 2021-01-24 02:13:51,441 : state_square_error: 77.005 reward_error: 3.369
INFO : 2021-01-24 02:14:08,808 : state_square_error: 19.461 reward_error: 4.190
INFO : 2021-01-24 02:14:26,117 : state_square_error: 34.034 reward_error: 6.580
INFO : 2021-01-24 02:14:43,520 : state_square_error: 63.426 reward_error: 8.386
INFO : 2021-01-24 02:15:00,882 : state_square_error: 63.687 reward_error: 6.219
INFO : 2021-01-24 02:15:18,090 : episode: 71 score: 2570.5 100 games avg: 2570.5 steps 1000 
INFO : 2021-01-24 02:15:40,026 : state_square_error: 27.919 reward_error: 5.858
INFO : 2021-01-24 02:15:57,566 : state_square_error: 126.449 reward_error: 10.005
INFO : 2021-01-24 02:16:14,998 : state_square_error: 78.348 reward_error: 11.047
INFO : 2021-01-24 02:16:32,453 : state_square_error: 30.402 reward_error: 4.942
INFO : 2021-01-24 02:16:49,967 : state_square_error: 41.110 reward_error: 2.235
INFO : 2021-01-24 02:17:07,377 : state_square_error: 40.229 reward_error: 3.949
INFO : 2021-01-24 02:17:24,855 : state_square_error: 129.108 reward_error: 10.900
INFO : 2021-01-24 02:17:42,309 : state_square_error: 43.554 reward_error: 8.572
INFO : 2021-01-24 02:17:59,727 : state_square_error: 73.813 reward_error: 4.350
INFO : 2021-01-24 02:18:17,190 : state_square_error: 127.746 reward_error: 17.349
INFO : 2021-01-24 02:18:34,426 : episode: 72 score: 2352.4 100 games avg: 2352.4 steps 1000 
INFO : 2021-01-24 02:18:56,698 : state_square_error: 32.646 reward_error: 11.319
INFO : 2021-01-24 02:19:14,210 : state_square_error: 47.261 reward_error: 6.245
INFO : 2021-01-24 02:19:31,591 : state_square_error: 35.990 reward_error: 10.554
INFO : 2021-01-24 02:19:48,955 : state_square_error: 7.606 reward_error: 5.497
INFO : 2021-01-24 02:20:06,420 : state_square_error: 12.912 reward_error: 20.342
INFO : 2021-01-24 02:20:23,880 : state_square_error: 16.682 reward_error: 6.124
INFO : 2021-01-24 02:20:41,399 : state_square_error: 26.247 reward_error: 7.857
INFO : 2021-01-24 02:20:58,782 : state_square_error: 44.735 reward_error: 11.191
INFO : 2021-01-24 02:21:16,169 : state_square_error: 8.041 reward_error: 6.278
INFO : 2021-01-24 02:21:33,549 : state_square_error: 33.953 reward_error: 7.104
INFO : 2021-01-24 02:21:50,992 : episode: 73 score: 1140.7 100 games avg: 1140.7 steps 1000 
INFO : 2021-01-24 02:22:13,535 : state_square_error: 55.035 reward_error: 6.009
INFO : 2021-01-24 02:22:30,949 : state_square_error: 83.134 reward_error: 12.565
INFO : 2021-01-24 02:22:48,306 : state_square_error: 56.748 reward_error: 4.675
INFO : 2021-01-24 02:23:05,692 : state_square_error: 41.640 reward_error: 10.272
INFO : 2021-01-24 02:23:23,067 : state_square_error: 72.936 reward_error: 5.269
INFO : 2021-01-24 02:23:40,493 : state_square_error: 48.940 reward_error: 11.360
INFO : 2021-01-24 02:23:57,803 : state_square_error: 80.520 reward_error: 4.195
INFO : 2021-01-24 02:24:15,231 : state_square_error: 62.831 reward_error: 13.256
INFO : 2021-01-24 02:24:32,680 : state_square_error: 34.381 reward_error: 5.952
INFO : 2021-01-24 02:24:50,062 : state_square_error: 41.701 reward_error: 3.543
INFO : 2021-01-24 02:25:07,296 : episode: 74 score: 2388.7 100 games avg: 2388.7 steps 1000 
INFO : 2021-01-24 02:25:30,113 : state_square_error: 34.021 reward_error: 5.506
INFO : 2021-01-24 02:25:47,462 : state_square_error: 18.408 reward_error: 5.657
INFO : 2021-01-24 02:26:04,805 : state_square_error: 33.012 reward_error: 6.673
INFO : 2021-01-24 02:26:22,096 : state_square_error: 31.678 reward_error: 6.228
INFO : 2021-01-24 02:26:39,405 : state_square_error: 40.807 reward_error: 7.385
INFO : 2021-01-24 02:26:56,702 : state_square_error: 25.477 reward_error: 6.700
INFO : 2021-01-24 02:27:14,082 : state_square_error: 46.612 reward_error: -1.770
INFO : 2021-01-24 02:27:31,469 : state_square_error: 50.917 reward_error: 2.388
INFO : 2021-01-24 02:27:48,872 : state_square_error: 4.955 reward_error: 6.130
INFO : 2021-01-24 02:28:06,262 : state_square_error: 39.687 reward_error: 5.902
INFO : 2021-01-24 02:28:23,483 : episode: 75 score: 885.3 100 games avg: 885.3 steps 1000 
INFO : 2021-01-24 02:28:46,570 : state_square_error: 32.089 reward_error: 4.760
INFO : 2021-01-24 02:29:04,045 : state_square_error: 20.109 reward_error: 18.470
INFO : 2021-01-24 02:29:21,447 : state_square_error: 36.217 reward_error: 3.179
INFO : 2021-01-24 02:29:38,868 : state_square_error: 46.142 reward_error: 5.566
INFO : 2021-01-24 02:29:56,280 : state_square_error: 21.628 reward_error: 6.548
INFO : 2021-01-24 02:30:13,845 : state_square_error: 47.374 reward_error: 9.528
INFO : 2021-01-24 02:30:31,315 : state_square_error: 31.520 reward_error: 5.421
INFO : 2021-01-24 02:30:48,700 : state_square_error: 11.878 reward_error: 4.311
INFO : 2021-01-24 02:31:06,280 : state_square_error: 33.622 reward_error: 5.575
INFO : 2021-01-24 02:31:23,771 : state_square_error: 132.062 reward_error: 4.711
INFO : 2021-01-24 02:31:41,018 : episode: 76 score: 1354.9 100 games avg: 1354.9 steps 1000 
INFO : 2021-01-24 02:32:04,510 : state_square_error: 22.804 reward_error: 6.663
INFO : 2021-01-24 02:32:21,956 : state_square_error: 32.271 reward_error: 16.705
INFO : 2021-01-24 02:32:39,425 : state_square_error: 18.010 reward_error: 0.037
INFO : 2021-01-24 02:32:56,842 : state_square_error: 37.941 reward_error: 11.522
INFO : 2021-01-24 02:33:14,237 : state_square_error: 18.499 reward_error: 8.109
INFO : 2021-01-24 02:33:31,698 : state_square_error: 54.470 reward_error: 4.030
INFO : 2021-01-24 02:33:49,143 : state_square_error: 40.124 reward_error: 10.221
INFO : 2021-01-24 02:34:06,586 : state_square_error: 20.336 reward_error: 17.773
INFO : 2021-01-24 02:34:23,938 : state_square_error: 85.546 reward_error: 9.353
INFO : 2021-01-24 02:34:41,275 : state_square_error: 10.964 reward_error: 11.607
INFO : 2021-01-24 02:34:58,448 : episode: 77 score: 594.8 100 games avg: 594.8 steps 1000 
INFO : 2021-01-24 02:35:22,202 : state_square_error: 19.205 reward_error: 7.231
INFO : 2021-01-24 02:35:39,733 : state_square_error: 32.393 reward_error: 12.335
INFO : 2021-01-24 02:35:57,161 : state_square_error: 46.280 reward_error: 18.305
INFO : 2021-01-24 02:36:14,638 : state_square_error: 38.810 reward_error: 6.460
INFO : 2021-01-24 02:36:32,148 : state_square_error: 39.690 reward_error: 9.107
INFO : 2021-01-24 02:36:49,564 : state_square_error: 56.294 reward_error: 8.133
INFO : 2021-01-24 02:37:06,910 : state_square_error: 58.026 reward_error: 10.027
INFO : 2021-01-24 02:37:24,414 : state_square_error: 45.177 reward_error: 9.962
INFO : 2021-01-24 02:37:41,792 : state_square_error: 58.520 reward_error: 9.548
INFO : 2021-01-24 02:37:59,262 : state_square_error: 45.440 reward_error: 2.218
INFO : 2021-01-24 02:38:16,523 : episode: 78 score: 2621.1 100 games avg: 2621.1 steps 1000 
INFO : 2021-01-24 02:38:40,637 : state_square_error: 75.039 reward_error: 10.536
INFO : 2021-01-24 02:38:58,110 : state_square_error: 70.294 reward_error: 5.786
INFO : 2021-01-24 02:39:15,551 : state_square_error: 60.789 reward_error: 12.724
INFO : 2021-01-24 02:39:32,916 : state_square_error: 20.774 reward_error: 16.298
INFO : 2021-01-24 02:39:50,282 : state_square_error: 30.902 reward_error: 10.064
INFO : 2021-01-24 02:40:07,635 : state_square_error: 16.904 reward_error: 7.653
INFO : 2021-01-24 02:40:25,058 : state_square_error: 71.733 reward_error: 14.641
INFO : 2021-01-24 02:40:42,539 : state_square_error: 127.932 reward_error: 3.075
INFO : 2021-01-24 02:40:59,909 : state_square_error: 63.056 reward_error: 10.972
INFO : 2021-01-24 02:41:17,241 : state_square_error: 46.352 reward_error: 9.702
INFO : 2021-01-24 02:41:34,397 : episode: 79 score: 2596.0 100 games avg: 2596.0 steps 1000 
INFO : 2021-01-24 02:41:58,808 : state_square_error: 57.671 reward_error: 7.910
INFO : 2021-01-24 02:42:16,259 : state_square_error: 49.604 reward_error: 1.067
INFO : 2021-01-24 02:42:33,667 : state_square_error: 53.776 reward_error: 7.032
INFO : 2021-01-24 02:42:51,050 : state_square_error: 14.661 reward_error: 9.337
INFO : 2021-01-24 02:43:08,433 : state_square_error: 13.455 reward_error: 10.102
INFO : 2021-01-24 02:43:25,887 : state_square_error: 10.481 reward_error: 6.126
INFO : 2021-01-24 02:43:43,299 : state_square_error: 6.193 reward_error: 8.914
INFO : 2021-01-24 02:44:00,795 : state_square_error: 20.807 reward_error: 7.840
INFO : 2021-01-24 02:44:18,222 : state_square_error: 56.540 reward_error: 11.025
INFO : 2021-01-24 02:44:35,628 : state_square_error: 16.218 reward_error: 7.118
INFO : 2021-01-24 02:44:52,857 : episode: 80 score: 791.6 100 games avg: 791.6 steps 1000 
INFO : 2021-01-24 02:45:17,504 : state_square_error: 87.889 reward_error: 4.651
INFO : 2021-01-24 02:45:34,940 : state_square_error: 51.528 reward_error: 14.203
INFO : 2021-01-24 02:45:52,294 : state_square_error: 117.528 reward_error: 8.348
INFO : 2021-01-24 02:46:09,725 : state_square_error: 41.682 reward_error: 10.358
INFO : 2021-01-24 02:46:27,180 : state_square_error: 27.805 reward_error: 9.968
INFO : 2021-01-24 02:46:44,521 : state_square_error: 73.649 reward_error: 10.208
INFO : 2021-01-24 02:47:01,880 : state_square_error: 30.824 reward_error: 2.262
INFO : 2021-01-24 02:47:19,269 : state_square_error: 44.285 reward_error: 6.320
INFO : 2021-01-24 02:47:36,653 : state_square_error: 37.457 reward_error: 11.112
INFO : 2021-01-24 02:47:54,160 : state_square_error: 35.486 reward_error: 3.417
INFO : 2021-01-24 02:48:11,443 : episode: 81 score: 885.4 100 games avg: 885.4 steps 1000 
INFO : 2021-01-24 02:48:36,456 : state_square_error: 73.388 reward_error: 5.388
INFO : 2021-01-24 02:48:53,837 : state_square_error: 42.793 reward_error: 7.348
INFO : 2021-01-24 02:49:11,237 : state_square_error: 60.622 reward_error: 10.757
INFO : 2021-01-24 02:49:28,681 : state_square_error: 85.831 reward_error: 15.035
INFO : 2021-01-24 02:49:46,096 : state_square_error: 17.153 reward_error: 6.140
INFO : 2021-01-24 02:50:03,642 : state_square_error: 23.847 reward_error: 11.415
INFO : 2021-01-24 02:50:21,131 : state_square_error: 60.934 reward_error: 4.208
INFO : 2021-01-24 02:50:38,478 : state_square_error: 46.260 reward_error: 5.328
INFO : 2021-01-24 02:50:55,909 : state_square_error: 72.965 reward_error: 12.374
INFO : 2021-01-24 02:51:13,368 : state_square_error: 30.856 reward_error: 7.180
INFO : 2021-01-24 02:51:30,602 : episode: 82 score: 2397.2 100 games avg: 2397.2 steps 1000 
INFO : 2021-01-24 02:51:55,942 : state_square_error: 9.666 reward_error: 6.787
INFO : 2021-01-24 02:52:13,392 : state_square_error: 96.104 reward_error: 13.375
INFO : 2021-01-24 02:52:30,814 : state_square_error: 37.163 reward_error: 9.591
INFO : 2021-01-24 02:52:48,461 : state_square_error: 48.769 reward_error: 10.645
INFO : 2021-01-24 02:53:05,915 : state_square_error: 171.017 reward_error: 19.164
INFO : 2021-01-24 02:53:23,278 : state_square_error: 66.420 reward_error: 7.927
INFO : 2021-01-24 02:53:40,688 : state_square_error: 33.814 reward_error: 16.704
INFO : 2021-01-24 02:53:58,077 : state_square_error: 57.394 reward_error: 4.664
INFO : 2021-01-24 02:54:15,602 : state_square_error: 89.409 reward_error: 5.004
INFO : 2021-01-24 02:54:33,061 : state_square_error: 28.102 reward_error: 6.371
INFO : 2021-01-24 02:54:50,314 : episode: 83 score: 2523.8 100 games avg: 2523.8 steps 1000 
INFO : 2021-01-24 02:55:15,943 : state_square_error: 13.581 reward_error: 6.872
INFO : 2021-01-24 02:55:33,417 : state_square_error: 39.208 reward_error: 3.279
INFO : 2021-01-24 02:55:50,894 : state_square_error: 57.103 reward_error: 11.516
INFO : 2021-01-24 02:56:08,301 : state_square_error: 31.347 reward_error: 9.625
INFO : 2021-01-24 02:56:25,677 : state_square_error: 45.553 reward_error: 11.661
INFO : 2021-01-24 02:56:43,043 : state_square_error: 48.206 reward_error: 12.894
INFO : 2021-01-24 02:57:00,426 : state_square_error: 76.767 reward_error: 6.066
INFO : 2021-01-24 02:57:17,818 : state_square_error: 23.586 reward_error: 10.320
INFO : 2021-01-24 02:57:35,348 : state_square_error: 105.407 reward_error: 4.635
INFO : 2021-01-24 02:57:52,745 : state_square_error: 66.713 reward_error: 10.135
INFO : 2021-01-24 02:58:10,022 : episode: 84 score: 2773.1 100 games avg: 2773.1 steps 1000 
INFO : 2021-01-24 02:58:35,979 : state_square_error: 55.781 reward_error: 9.844
