INFO : 2021-01-20 14:46:36,670 : method: Model Predictive Contorol
INFO : 2021-01-20 14:46:36,670 : parameter n_steps: 1000 ensemble_size: 5 env: Hopper-v2
INFO : 2021-01-20 14:46:39,307 : mpc horizon: 10 mpc_samples: 100 elite_sample: 30 grad_steps: 10
INFO : 2021-01-20 14:46:39,307 : mpc_function policy
INFO : 2021-01-20 14:46:39,307 : policy
INFO : 2021-01-20 14:46:48,841 : episode: 0 score: 65.2 100 games avg: 65.2 steps 56 
INFO : 2021-01-20 14:47:03,428 : episode: 1 score: 106.2 100 games avg: 106.2 steps 84 
INFO : 2021-01-20 14:47:19,604 : episode: 2 score: 116.6 100 games avg: 116.6 steps 94 
INFO : 2021-01-20 14:47:35,734 : episode: 3 score: 129.1 100 games avg: 129.1 steps 89 
INFO : 2021-01-20 14:47:40,399 : episode: 4 score: 29.0 100 games avg: 29.0 steps 25 
INFO : 2021-01-20 14:47:44,512 : episode: 5 score: 21.9 100 games avg: 21.9 steps 22 
INFO : 2021-01-20 14:47:48,850 : episode: 6 score: 28.2 100 games avg: 28.2 steps 23 
INFO : 2021-01-20 14:47:54,660 : episode: 7 score: 51.9 100 games avg: 51.9 steps 31 
INFO : 2021-01-20 14:47:59,733 : episode: 8 score: 33.5 100 games avg: 33.5 steps 27 
INFO : 2021-01-20 14:48:07,934 : episode: 9 score: 63.1 100 games avg: 63.1 steps 44 
INFO : 2021-01-20 14:48:13,724 : episode: 10 score: 52.4 100 games avg: 52.4 steps 31 
INFO : 2021-01-20 14:48:18,672 : episode: 11 score: 44.3 100 games avg: 44.3 steps 26 
INFO : 2021-01-20 14:48:26,417 : episode: 12 score: 70.5 100 games avg: 70.5 steps 41 
INFO : 2021-01-20 14:48:30,098 : episode: 13 score: 32.8 100 games avg: 32.8 steps 19 
INFO : 2021-01-20 14:48:35,043 : episode: 14 score: 44.7 100 games avg: 44.7 steps 26 
INFO : 2021-01-20 14:48:40,147 : episode: 15 score: 46.6 100 games avg: 46.6 steps 27 
INFO : 2021-01-20 14:48:51,816 : episode: 16 score: 67.2 100 games avg: 67.2 steps 63 
INFO : 2021-01-20 14:48:56,008 : episode: 17 score: 38.2 100 games avg: 38.2 steps 22 
INFO : 2021-01-20 14:49:00,751 : episode: 18 score: 42.0 100 games avg: 42.0 steps 25 
INFO : 2021-01-20 14:49:05,035 : episode: 19 score: 38.1 100 games avg: 38.1 steps 22 
INFO : 2021-01-20 14:49:10,051 : episode: 20 score: 45.8 100 games avg: 45.8 steps 26 
INFO : 2021-01-20 14:49:14,334 : episode: 21 score: 38.1 100 games avg: 38.1 steps 22 
INFO : 2021-01-20 14:49:19,530 : episode: 22 score: 46.5 100 games avg: 46.5 steps 27 
INFO : 2021-01-20 14:49:24,362 : episode: 23 score: 42.7 100 games avg: 42.7 steps 25 
INFO : 2021-01-20 14:49:30,478 : episode: 24 score: 56.2 100 games avg: 56.2 steps 32 
INFO : 2021-01-20 14:49:36,767 : episode: 25 score: 58.4 100 games avg: 58.4 steps 33 
INFO : 2021-01-20 14:49:41,416 : episode: 26 score: 41.1 100 games avg: 41.1 steps 24 
INFO : 2021-01-20 14:49:47,179 : episode: 27 score: 53.4 100 games avg: 53.4 steps 30 
INFO : 2021-01-20 14:49:53,857 : episode: 28 score: 62.5 100 games avg: 62.5 steps 35 
INFO : 2021-01-20 14:49:59,522 : episode: 29 score: 51.3 100 games avg: 51.3 steps 29 
INFO : 2021-01-20 14:50:05,369 : episode: 30 score: 53.6 100 games avg: 53.6 steps 30 
INFO : 2021-01-20 14:50:09,942 : episode: 31 score: 40.1 100 games avg: 40.1 steps 23 
INFO : 2021-01-20 14:50:14,876 : episode: 32 score: 43.5 100 games avg: 43.5 steps 25 
INFO : 2021-01-20 14:50:20,174 : episode: 33 score: 47.2 100 games avg: 47.2 steps 27 
INFO : 2021-01-20 14:50:25,294 : episode: 34 score: 45.9 100 games avg: 45.9 steps 26 
INFO : 2021-01-20 14:50:30,411 : episode: 35 score: 45.9 100 games avg: 45.9 steps 26 
INFO : 2021-01-20 14:50:37,733 : episode: 36 score: 69.1 100 games avg: 69.1 steps 38 
INFO : 2021-01-20 14:50:42,850 : episode: 37 score: 46.1 100 games avg: 46.1 steps 26 
INFO : 2021-01-20 14:50:50,068 : episode: 38 score: 66.8 100 games avg: 66.8 steps 37 
INFO : 2021-01-20 14:50:57,827 : episode: 39 score: 73.7 100 games avg: 73.7 steps 40 
INFO : 2021-01-20 14:51:03,623 : episode: 40 score: 51.0 100 games avg: 51.0 steps 29 
INFO : 2021-01-20 14:51:10,295 : episode: 41 score: 61.9 100 games avg: 61.9 steps 34 
INFO : 2021-01-20 14:51:18,100 : episode: 42 score: 71.9 100 games avg: 71.9 steps 40 
INFO : 2021-01-20 14:51:25,050 : episode: 43 score: 64.0 100 games avg: 64.0 steps 35 
INFO : 2021-01-20 14:51:32,406 : episode: 44 score: 66.5 100 games avg: 66.5 steps 37 
INFO : 2021-01-20 14:51:39,557 : episode: 45 score: 66.3 100 games avg: 66.3 steps 36 
INFO : 2021-01-20 14:51:46,005 : episode: 46 score: 58.0 100 games avg: 58.0 steps 32 
INFO : 2021-01-20 14:51:53,157 : episode: 47 score: 65.4 100 games avg: 65.4 steps 36 
INFO : 2021-01-20 14:52:00,151 : episode: 48 score: 64.6 100 games avg: 64.6 steps 35 
INFO : 2021-01-20 14:52:06,021 : episode: 49 score: 51.0 100 games avg: 51.0 steps 29 
INFO : 2021-01-20 14:52:13,928 : episode: 50 score: 72.3 100 games avg: 72.3 steps 40 
INFO : 2021-01-20 14:52:22,545 : episode: 51 score: 80.6 100 games avg: 80.6 steps 44 
INFO : 2021-01-20 14:52:32,157 : episode: 52 score: 91.9 100 games avg: 91.9 steps 49 
INFO : 2021-01-20 14:52:41,654 : episode: 53 score: 89.3 100 games avg: 89.3 steps 48 
INFO : 2021-01-20 14:52:50,887 : episode: 54 score: 85.3 100 games avg: 85.3 steps 47 
INFO : 2021-01-20 14:53:00,859 : episode: 55 score: 94.7 100 games avg: 94.7 steps 51 
INFO : 2021-01-20 14:53:13,380 : episode: 56 score: 121.3 100 games avg: 121.3 steps 65 
INFO : 2021-01-20 14:53:30,029 : episode: 57 score: 170.0 100 games avg: 170.0 steps 87 
INFO : 2021-01-20 14:53:36,966 : episode: 58 score: 61.8 100 games avg: 61.8 steps 34 
INFO : 2021-01-20 14:53:53,245 : episode: 59 score: 163.7 100 games avg: 163.7 steps 85 
INFO : 2021-01-20 14:54:08,977 : episode: 60 score: 157.9 100 games avg: 157.9 steps 82 
INFO : 2021-01-20 14:54:26,264 : episode: 61 score: 173.2 100 games avg: 173.2 steps 90 
INFO : 2021-01-20 14:54:43,034 : episode: 62 score: 166.8 100 games avg: 166.8 steps 87 
INFO : 2021-01-20 14:54:58,930 : episode: 63 score: 157.4 100 games avg: 157.4 steps 82 
INFO : 2021-01-20 14:55:15,629 : episode: 64 score: 167.9 100 games avg: 167.9 steps 86 
INFO : 2021-01-20 14:55:32,505 : episode: 65 score: 168.1 100 games avg: 168.1 steps 87 
INFO : 2021-01-20 14:55:48,463 : episode: 66 score: 158.9 100 games avg: 158.9 steps 82 
INFO : 2021-01-20 14:56:05,434 : episode: 67 score: 171.2 100 games avg: 171.2 steps 87 
INFO : 2021-01-20 14:56:21,861 : episode: 68 score: 164.6 100 games avg: 164.6 steps 84 
INFO : 2021-01-20 14:56:38,827 : episode: 69 score: 177.3 100 games avg: 177.3 steps 87 
INFO : 2021-01-20 14:56:43,952 : episode: 70 score: 39.0 100 games avg: 39.0 steps 22 
INFO : 2021-01-20 14:57:00,093 : episode: 71 score: 160.8 100 games avg: 160.8 steps 82 
INFO : 2021-01-20 14:57:16,213 : episode: 72 score: 168.0 100 games avg: 168.0 steps 85 
INFO : 2021-01-20 14:57:32,272 : episode: 73 score: 170.2 100 games avg: 170.2 steps 87 
INFO : 2021-01-20 14:57:47,886 : episode: 74 score: 176.5 100 games avg: 176.5 steps 85 
INFO : 2021-01-20 14:58:04,016 : episode: 75 score: 173.1 100 games avg: 173.1 steps 88 
INFO : 2021-01-20 14:58:20,284 : episode: 76 score: 174.1 100 games avg: 174.1 steps 88 
INFO : 2021-01-20 14:58:35,429 : episode: 77 score: 161.1 100 games avg: 161.1 steps 82 
INFO : 2021-01-20 14:58:51,270 : episode: 78 score: 176.1 100 games avg: 176.1 steps 86 
INFO : 2021-01-20 14:59:06,373 : episode: 79 score: 158.0 100 games avg: 158.0 steps 81 
INFO : 2021-01-20 14:59:22,532 : episode: 80 score: 174.4 100 games avg: 174.4 steps 88 
INFO : 2021-01-20 14:59:39,098 : episode: 81 score: 181.2 100 games avg: 181.2 steps 84 
INFO : 2021-01-20 14:59:56,179 : episode: 82 score: 178.9 100 games avg: 178.9 steps 86 
INFO : 2021-01-20 15:00:13,256 : episode: 83 score: 167.6 100 games avg: 167.6 steps 85 
INFO : 2021-01-20 15:00:29,594 : episode: 84 score: 180.8 100 games avg: 180.8 steps 88 
INFO : 2021-01-20 15:00:45,766 : episode: 85 score: 177.0 100 games avg: 177.0 steps 86 
INFO : 2021-01-20 15:01:02,507 : episode: 86 score: 180.8 100 games avg: 180.8 steps 90 
INFO : 2021-01-20 15:01:18,374 : episode: 87 score: 176.1 100 games avg: 176.1 steps 85 
INFO : 2021-01-20 15:01:34,637 : episode: 88 score: 179.5 100 games avg: 179.5 steps 86 
INFO : 2021-01-20 15:01:50,737 : episode: 89 score: 176.5 100 games avg: 176.5 steps 86 
INFO : 2021-01-20 15:02:07,605 : episode: 90 score: 172.0 100 games avg: 172.0 steps 85 
INFO : 2021-01-20 15:02:25,795 : episode: 91 score: 184.4 100 games avg: 184.4 steps 90 
INFO : 2021-01-20 15:02:43,120 : episode: 92 score: 177.8 100 games avg: 177.8 steps 86 
INFO : 2021-01-20 15:02:59,771 : episode: 93 score: 175.8 100 games avg: 175.8 steps 85 
INFO : 2021-01-20 15:03:17,910 : episode: 94 score: 176.8 100 games avg: 176.8 steps 89 
INFO : 2021-01-20 15:03:35,714 : episode: 95 score: 173.7 100 games avg: 173.7 steps 87 
INFO : 2021-01-20 15:03:53,822 : episode: 96 score: 176.8 100 games avg: 176.8 steps 89 
INFO : 2021-01-20 15:04:11,851 : episode: 97 score: 175.4 100 games avg: 175.4 steps 88 
INFO : 2021-01-20 15:04:20,347 : episode: 98 score: 47.9 100 games avg: 47.9 steps 36 
INFO : 2021-01-20 15:04:37,265 : episode: 99 score: 174.9 100 games avg: 174.9 steps 82 
INFO : 2021-01-20 15:04:54,359 : episode: 100 score: 183.7 100 games avg: 183.7 steps 83 
INFO : 2021-01-20 15:05:11,656 : episode: 101 score: 183.6 100 games avg: 183.6 steps 83 
INFO : 2021-01-20 15:05:18,256 : episode: 102 score: 42.3 100 games avg: 42.3 steps 25 
INFO : 2021-01-20 15:05:36,781 : episode: 103 score: 206.3 100 games avg: 206.3 steps 91 
INFO : 2021-01-20 15:05:44,932 : episode: 104 score: 53.8 100 games avg: 53.8 steps 39 
INFO : 2021-01-20 15:05:53,734 : episode: 105 score: 54.1 100 games avg: 54.1 steps 39 
INFO : 2021-01-20 15:05:58,222 : episode: 106 score: 7.7 100 games avg: 7.7 steps 13 
INFO : 2021-01-20 15:06:15,767 : episode: 107 score: 189.7 100 games avg: 189.7 steps 85 
INFO : 2021-01-20 15:06:33,328 : episode: 108 score: 188.6 100 games avg: 188.6 steps 85 
INFO : 2021-01-20 15:06:48,054 : episode: 109 score: 122.1 100 games avg: 122.1 steps 69 
INFO : 2021-01-20 15:07:06,004 : episode: 110 score: 189.2 100 games avg: 189.2 steps 86 
INFO : 2021-01-20 15:07:23,959 : episode: 111 score: 190.2 100 games avg: 190.2 steps 86 
INFO : 2021-01-20 15:07:41,612 : episode: 112 score: 182.4 100 games avg: 182.4 steps 84 
INFO : 2021-01-20 15:07:59,692 : episode: 113 score: 179.0 100 games avg: 179.0 steps 85 
INFO : 2021-01-20 15:08:08,991 : episode: 114 score: 48.6 100 games avg: 48.6 steps 38 
INFO : 2021-01-20 15:08:17,587 : episode: 115 score: 44.4 100 games avg: 44.4 steps 34 
INFO : 2021-01-20 15:08:27,630 : episode: 116 score: 56.1 100 games avg: 56.1 steps 42 
INFO : 2021-01-20 15:08:45,793 : episode: 117 score: 186.8 100 games avg: 186.8 steps 85 
INFO : 2021-01-20 15:08:54,587 : episode: 118 score: 44.7 100 games avg: 44.7 steps 34 
INFO : 2021-01-20 15:09:03,617 : episode: 119 score: 49.1 100 games avg: 49.1 steps 36 
INFO : 2021-01-20 15:09:21,557 : episode: 120 score: 180.7 100 games avg: 180.7 steps 85 
INFO : 2021-01-20 15:09:39,718 : episode: 121 score: 188.1 100 games avg: 188.1 steps 86 
INFO : 2021-01-20 15:09:49,134 : episode: 122 score: 50.8 100 games avg: 50.8 steps 38 
INFO : 2021-01-20 15:09:59,641 : episode: 123 score: 60.3 100 games avg: 60.3 steps 44 
INFO : 2021-01-20 15:10:08,877 : episode: 124 score: 49.4 100 games avg: 49.4 steps 37 
INFO : 2021-01-20 15:10:27,261 : episode: 125 score: 192.1 100 games avg: 192.1 steps 87 
INFO : 2021-01-20 15:10:45,187 : episode: 126 score: 179.8 100 games avg: 179.8 steps 84 
INFO : 2021-01-20 15:11:03,470 : episode: 127 score: 188.3 100 games avg: 188.3 steps 86 
INFO : 2021-01-20 15:11:21,760 : episode: 128 score: 186.6 100 games avg: 186.6 steps 86 
INFO : 2021-01-20 15:11:40,506 : episode: 129 score: 192.4 100 games avg: 192.4 steps 88 
INFO : 2021-01-20 15:11:59,062 : episode: 130 score: 191.4 100 games avg: 191.4 steps 87 
INFO : 2021-01-20 15:12:09,032 : episode: 131 score: 54.4 100 games avg: 54.4 steps 40 
INFO : 2021-01-20 15:12:27,793 : episode: 132 score: 193.7 100 games avg: 193.7 steps 88 
INFO : 2021-01-20 15:12:46,667 : episode: 133 score: 192.3 100 games avg: 192.3 steps 88 
INFO : 2021-01-20 15:13:05,345 : episode: 134 score: 187.9 100 games avg: 187.9 steps 87 
INFO : 2021-01-20 15:13:31,350 : episode: 135 score: 275.4 100 games avg: 275.4 steps 127 
INFO : 2021-01-20 15:13:53,960 : episode: 136 score: 238.1 100 games avg: 238.1 steps 108 
INFO : 2021-01-20 15:14:19,134 : episode: 137 score: 264.3 100 games avg: 264.3 steps 122 
INFO : 2021-01-20 15:14:37,903 : episode: 138 score: 188.9 100 games avg: 188.9 steps 86 
INFO : 2021-01-20 15:14:56,735 : episode: 139 score: 188.2 100 games avg: 188.2 steps 86 
INFO : 2021-01-20 15:15:15,399 : episode: 140 score: 187.1 100 games avg: 187.1 steps 85 
INFO : 2021-01-20 15:15:34,419 : episode: 141 score: 190.4 100 games avg: 190.4 steps 87 
INFO : 2021-01-20 15:15:53,133 : episode: 142 score: 188.3 100 games avg: 188.3 steps 86 
INFO : 2021-01-20 15:16:11,984 : episode: 143 score: 186.9 100 games avg: 186.9 steps 86 
INFO : 2021-01-20 15:16:31,004 : episode: 144 score: 192.2 100 games avg: 192.2 steps 87 
INFO : 2021-01-20 15:16:50,035 : episode: 145 score: 184.3 100 games avg: 184.3 steps 87 
INFO : 2021-01-20 15:17:09,367 : episode: 146 score: 193.3 100 games avg: 193.3 steps 88 
INFO : 2021-01-20 15:17:28,356 : episode: 147 score: 187.5 100 games avg: 187.5 steps 86 
INFO : 2021-01-20 15:17:47,532 : episode: 148 score: 191.1 100 games avg: 191.1 steps 87 
INFO : 2021-01-20 15:18:06,810 : episode: 149 score: 192.0 100 games avg: 192.0 steps 87 
INFO : 2021-01-20 15:18:26,072 : episode: 150 score: 189.9 100 games avg: 189.9 steps 87 
INFO : 2021-01-20 15:18:45,539 : episode: 151 score: 189.8 100 games avg: 189.8 steps 88 
INFO : 2021-01-20 15:19:05,048 : episode: 152 score: 185.1 100 games avg: 185.1 steps 88 
INFO : 2021-01-20 15:19:24,926 : episode: 153 score: 191.6 100 games avg: 191.6 steps 90 
INFO : 2021-01-20 15:19:44,783 : episode: 154 score: 186.9 100 games avg: 186.9 steps 90 
INFO : 2021-01-20 15:20:03,638 : episode: 155 score: 181.5 100 games avg: 181.5 steps 84 
INFO : 2021-01-20 15:20:23,209 : episode: 156 score: 189.4 100 games avg: 189.4 steps 88 
INFO : 2021-01-20 15:20:42,977 : episode: 157 score: 187.0 100 games avg: 187.0 steps 89 
INFO : 2021-01-20 15:21:02,659 : episode: 158 score: 192.0 100 games avg: 192.0 steps 88 
INFO : 2021-01-20 15:21:22,329 : episode: 159 score: 190.6 100 games avg: 190.6 steps 87 
INFO : 2021-01-20 15:21:42,059 : episode: 160 score: 179.2 100 games avg: 179.2 steps 86 
INFO : 2021-01-20 15:21:59,510 : episode: 161 score: 140.3 100 games avg: 140.3 steps 74 
INFO : 2021-01-20 15:22:18,367 : episode: 162 score: 174.7 100 games avg: 174.7 steps 83 
INFO : 2021-01-20 15:22:36,847 : episode: 163 score: 168.8 100 games avg: 168.8 steps 81 
INFO : 2021-01-20 15:22:55,850 : episode: 164 score: 171.0 100 games avg: 171.0 steps 83 
INFO : 2021-01-20 15:23:15,562 : episode: 165 score: 177.9 100 games avg: 177.9 steps 86 
INFO : 2021-01-20 15:23:35,018 : episode: 166 score: 183.9 100 games avg: 183.9 steps 88 
INFO : 2021-01-20 15:23:50,373 : episode: 167 score: 136.1 100 games avg: 136.1 steps 72 
INFO : 2021-01-20 15:24:08,548 : episode: 168 score: 166.0 100 games avg: 166.0 steps 84 
INFO : 2021-01-20 15:24:28,590 : episode: 169 score: 175.3 100 games avg: 175.3 steps 88 
INFO : 2021-01-20 15:24:47,906 : episode: 170 score: 166.4 100 games avg: 166.4 steps 84 
INFO : 2021-01-20 15:25:08,161 : episode: 171 score: 181.9 100 games avg: 181.9 steps 89 
INFO : 2021-01-20 15:25:28,779 : episode: 172 score: 188.5 100 games avg: 188.5 steps 91 
INFO : 2021-01-20 15:25:48,946 : episode: 173 score: 188.7 100 games avg: 188.7 steps 88 
INFO : 2021-01-20 15:26:09,356 : episode: 174 score: 185.7 100 games avg: 185.7 steps 89 
INFO : 2021-01-20 15:26:29,949 : episode: 175 score: 189.3 100 games avg: 189.3 steps 90 
INFO : 2021-01-20 15:26:50,071 : episode: 176 score: 189.6 100 games avg: 189.6 steps 87 
INFO : 2021-01-20 15:27:10,952 : episode: 177 score: 182.3 100 games avg: 182.3 steps 91 
INFO : 2021-01-20 15:27:30,227 : episode: 178 score: 188.9 100 games avg: 188.9 steps 90 
INFO : 2021-01-20 15:27:48,608 : episode: 179 score: 182.7 100 games avg: 182.7 steps 89 
INFO : 2021-01-20 15:28:06,867 : episode: 180 score: 190.7 100 games avg: 190.7 steps 88 
INFO : 2021-01-20 15:28:26,266 : episode: 181 score: 184.0 100 games avg: 184.0 steps 89 
INFO : 2021-01-20 15:28:46,686 : episode: 182 score: 185.1 100 games avg: 185.1 steps 89 
INFO : 2021-01-20 15:29:07,350 : episode: 183 score: 189.1 100 games avg: 189.1 steps 89 
INFO : 2021-01-20 15:29:28,226 : episode: 184 score: 189.0 100 games avg: 189.0 steps 90 
INFO : 2021-01-20 15:29:49,524 : episode: 185 score: 185.2 100 games avg: 185.2 steps 92 
INFO : 2021-01-20 15:30:09,712 : episode: 186 score: 185.4 100 games avg: 185.4 steps 87 
INFO : 2021-01-20 15:30:30,683 : episode: 187 score: 186.7 100 games avg: 186.7 steps 90 
INFO : 2021-01-20 15:30:51,373 : episode: 188 score: 187.3 100 games avg: 187.3 steps 88 
INFO : 2021-01-20 15:31:12,316 : episode: 189 score: 185.0 100 games avg: 185.0 steps 90 
INFO : 2021-01-20 15:31:33,779 : episode: 190 score: 185.0 100 games avg: 185.0 steps 92 
INFO : 2021-01-20 15:31:55,169 : episode: 191 score: 185.2 100 games avg: 185.2 steps 91 
INFO : 2021-01-20 15:32:16,212 : episode: 192 score: 188.0 100 games avg: 188.0 steps 89 
INFO : 2021-01-20 15:32:38,019 : episode: 193 score: 188.2 100 games avg: 188.2 steps 93 
INFO : 2021-01-20 15:32:59,839 : episode: 194 score: 190.0 100 games avg: 190.0 steps 93 
INFO : 2021-01-20 15:33:21,433 : episode: 195 score: 198.2 100 games avg: 198.2 steps 92 
INFO : 2021-01-20 15:33:43,016 : episode: 196 score: 205.4 100 games avg: 205.4 steps 91 
INFO : 2021-01-20 15:34:04,930 : episode: 197 score: 212.0 100 games avg: 212.0 steps 93 
INFO : 2021-01-20 15:34:25,377 : episode: 198 score: 190.3 100 games avg: 190.3 steps 85 
INFO : 2021-01-20 15:34:46,090 : episode: 199 score: 193.5 100 games avg: 193.5 steps 86 
INFO : 2021-01-20 15:35:07,712 : episode: 200 score: 205.0 100 games avg: 205.0 steps 91 
INFO : 2021-01-20 15:35:30,312 : episode: 201 score: 211.2 100 games avg: 211.2 steps 96 
INFO : 2021-01-20 15:35:52,432 : episode: 202 score: 216.2 100 games avg: 216.2 steps 92 
INFO : 2021-01-20 15:36:14,802 : episode: 203 score: 209.3 100 games avg: 209.3 steps 93 
INFO : 2021-01-20 15:36:36,874 : episode: 204 score: 209.0 100 games avg: 209.0 steps 90 
INFO : 2021-01-20 15:36:58,890 : episode: 205 score: 216.3 100 games avg: 216.3 steps 92 
INFO : 2021-01-20 15:37:22,172 : episode: 206 score: 213.4 100 games avg: 213.4 steps 99 
INFO : 2021-01-20 15:37:45,550 : episode: 207 score: 228.8 100 games avg: 228.8 steps 99 
INFO : 2021-01-20 15:38:07,651 : episode: 208 score: 208.5 100 games avg: 208.5 steps 92 
INFO : 2021-01-20 15:38:30,115 : episode: 209 score: 209.5 100 games avg: 209.5 steps 94 
INFO : 2021-01-20 15:38:51,951 : episode: 210 score: 207.2 100 games avg: 207.2 steps 90 
INFO : 2021-01-20 15:39:15,418 : episode: 211 score: 211.4 100 games avg: 211.4 steps 98 
INFO : 2021-01-20 15:39:37,274 : episode: 212 score: 199.0 100 games avg: 199.0 steps 88 
INFO : 2021-01-20 15:40:01,860 : episode: 213 score: 226.9 100 games avg: 226.9 steps 103 
INFO : 2021-01-20 15:40:23,816 : episode: 214 score: 204.5 100 games avg: 204.5 steps 90 
INFO : 2021-01-20 15:40:48,811 : episode: 215 score: 228.4 100 games avg: 228.4 steps 106 
INFO : 2021-01-20 15:41:15,594 : episode: 216 score: 280.0 100 games avg: 280.0 steps 116 
INFO : 2021-01-20 15:41:46,808 : episode: 217 score: 375.2 100 games avg: 375.2 steps 140 
INFO : 2021-01-20 15:42:11,881 : episode: 218 score: 277.6 100 games avg: 277.6 steps 106 
INFO : 2021-01-20 15:42:40,077 : episode: 219 score: 306.6 100 games avg: 306.6 steps 123 
INFO : 2021-01-20 15:43:06,633 : episode: 220 score: 311.1 100 games avg: 311.1 steps 114 
INFO : 2021-01-20 15:43:33,004 : episode: 221 score: 308.4 100 games avg: 308.4 steps 113 
INFO : 2021-01-20 15:44:04,240 : episode: 222 score: 331.3 100 games avg: 331.3 steps 139 
INFO : 2021-01-20 15:44:36,638 : episode: 223 score: 359.5 100 games avg: 359.5 steps 144 
INFO : 2021-01-20 15:45:10,120 : episode: 224 score: 393.9 100 games avg: 393.9 steps 150 
INFO : 2021-01-20 15:45:45,174 : episode: 225 score: 389.7 100 games avg: 389.7 steps 159 
INFO : 2021-01-20 15:46:18,988 : episode: 226 score: 403.2 100 games avg: 403.2 steps 152 
INFO : 2021-01-20 15:46:52,896 : episode: 227 score: 383.1 100 games avg: 383.1 steps 152 
INFO : 2021-01-20 15:47:09,478 : episode: 228 score: 94.6 100 games avg: 94.6 steps 57 
INFO : 2021-01-20 15:47:43,135 : episode: 229 score: 376.1 100 games avg: 376.1 steps 150 
INFO : 2021-01-20 15:48:17,845 : episode: 230 score: 420.1 100 games avg: 420.1 steps 155 
INFO : 2021-01-20 15:48:51,618 : episode: 231 score: 379.5 100 games avg: 379.5 steps 150 
INFO : 2021-01-20 15:49:25,610 : episode: 232 score: 409.9 100 games avg: 409.9 steps 151 
INFO : 2021-01-20 15:50:00,455 : episode: 233 score: 431.3 100 games avg: 431.3 steps 159 
INFO : 2021-01-20 15:50:35,505 : episode: 234 score: 429.1 100 games avg: 429.1 steps 158 
INFO : 2021-01-20 15:51:12,754 : episode: 235 score: 484.9 100 games avg: 484.9 steps 168 
INFO : 2021-01-20 15:51:42,970 : episode: 236 score: 372.7 100 games avg: 372.7 steps 129 
INFO : 2021-01-20 15:52:15,186 : episode: 237 score: 405.0 100 games avg: 405.0 steps 140 
INFO : 2021-01-20 15:52:47,315 : episode: 238 score: 402.8 100 games avg: 402.8 steps 139 
INFO : 2021-01-20 15:53:22,543 : episode: 239 score: 444.4 100 games avg: 444.4 steps 156 
INFO : 2021-01-20 15:53:55,158 : episode: 240 score: 400.2 100 games avg: 400.2 steps 141 
INFO : 2021-01-20 15:54:26,877 : episode: 241 score: 390.8 100 games avg: 390.8 steps 133 
INFO : 2021-01-20 15:55:01,577 : episode: 242 score: 432.4 100 games avg: 432.4 steps 152 
INFO : 2021-01-20 15:55:34,711 : episode: 243 score: 395.9 100 games avg: 395.9 steps 143 
INFO : 2021-01-20 15:56:06,749 : episode: 244 score: 398.9 100 games avg: 398.9 steps 137 
INFO : 2021-01-20 15:56:16,730 : episode: 245 score: 22.7 100 games avg: 22.7 steps 16 
INFO : 2021-01-20 15:56:50,517 : episode: 246 score: 418.6 100 games avg: 418.6 steps 146 
INFO : 2021-01-20 15:57:21,146 : episode: 247 score: 372.1 100 games avg: 372.1 steps 129 
INFO : 2021-01-20 15:57:51,732 : episode: 248 score: 372.3 100 games avg: 372.3 steps 128 
INFO : 2021-01-20 15:58:22,675 : episode: 249 score: 373.1 100 games avg: 373.1 steps 130 
INFO : 2021-01-20 15:58:55,708 : episode: 250 score: 409.6 100 games avg: 409.6 steps 141 
INFO : 2021-01-20 15:59:25,962 : episode: 251 score: 349.6 100 games avg: 349.6 steps 125 
INFO : 2021-01-20 15:59:58,253 : episode: 252 score: 399.8 100 games avg: 399.8 steps 136 
INFO : 2021-01-20 16:00:28,412 : episode: 253 score: 351.5 100 games avg: 351.5 steps 126 
INFO : 2021-01-20 16:01:01,308 : episode: 254 score: 383.4 100 games avg: 383.4 steps 138 
INFO : 2021-01-20 16:01:32,790 : episode: 255 score: 370.9 100 games avg: 370.9 steps 131 
INFO : 2021-01-20 16:02:07,310 : episode: 256 score: 410.2 100 games avg: 410.2 steps 147 
INFO : 2021-01-20 16:02:37,504 : episode: 257 score: 342.6 100 games avg: 342.6 steps 123 
INFO : 2021-01-20 16:03:10,914 : episode: 258 score: 376.4 100 games avg: 376.4 steps 140 
INFO : 2021-01-20 16:03:42,821 : episode: 259 score: 366.0 100 games avg: 366.0 steps 132 
INFO : 2021-01-20 16:04:14,737 : episode: 260 score: 362.4 100 games avg: 362.4 steps 132 
INFO : 2021-01-20 16:04:45,500 : episode: 261 score: 339.7 100 games avg: 339.7 steps 125 
INFO : 2021-01-20 16:05:16,915 : episode: 262 score: 350.3 100 games avg: 350.3 steps 128 
INFO : 2021-01-20 16:05:47,258 : episode: 263 score: 379.6 100 games avg: 379.6 steps 137 
INFO : 2021-01-20 16:06:15,191 : episode: 264 score: 352.6 100 games avg: 352.6 steps 126 
INFO : 2021-01-20 16:06:50,157 : episode: 265 score: 399.3 100 games avg: 399.3 steps 146 
INFO : 2021-01-20 16:07:21,463 : episode: 266 score: 354.4 100 games avg: 354.4 steps 127 
INFO : 2021-01-20 16:07:53,046 : episode: 267 score: 355.2 100 games avg: 355.2 steps 128 
INFO : 2021-01-20 16:08:24,890 : episode: 268 score: 362.8 100 games avg: 362.8 steps 129 
INFO : 2021-01-20 16:08:56,789 : episode: 269 score: 353.0 100 games avg: 353.0 steps 129 
INFO : 2021-01-20 16:09:27,054 : episode: 270 score: 358.9 100 games avg: 358.9 steps 128 
INFO : 2021-01-20 16:09:59,117 : episode: 271 score: 351.1 100 games avg: 351.1 steps 128 
INFO : 2021-01-20 16:10:31,850 : episode: 272 score: 355.9 100 games avg: 355.9 steps 133 
INFO : 2021-01-20 16:11:00,042 : episode: 273 score: 354.4 100 games avg: 354.4 steps 128 
INFO : 2021-01-20 16:11:28,536 : episode: 274 score: 355.4 100 games avg: 355.4 steps 130 
INFO : 2021-01-20 16:11:58,897 : episode: 275 score: 387.8 100 games avg: 387.8 steps 141 
INFO : 2021-01-20 16:12:30,246 : episode: 276 score: 377.7 100 games avg: 377.7 steps 135 
INFO : 2021-01-20 16:13:00,247 : episode: 277 score: 383.5 100 games avg: 383.5 steps 138 
INFO : 2021-01-20 16:13:29,943 : episode: 278 score: 390.6 100 games avg: 390.6 steps 137 
INFO : 2021-01-20 16:14:01,800 : episode: 279 score: 409.5 100 games avg: 409.5 steps 147 
INFO : 2021-01-20 16:14:33,227 : episode: 280 score: 418.8 100 games avg: 418.8 steps 146 
INFO : 2021-01-20 16:15:01,798 : episode: 281 score: 327.6 100 games avg: 327.6 steps 130 
INFO : 2021-01-20 16:15:33,757 : episode: 282 score: 393.0 100 games avg: 393.0 steps 143 
INFO : 2021-01-20 16:16:10,055 : episode: 283 score: 412.3 100 games avg: 412.3 steps 150 
INFO : 2021-01-20 16:16:45,365 : episode: 284 score: 379.0 100 games avg: 379.0 steps 144 
INFO : 2021-01-20 16:17:19,826 : episode: 285 score: 356.4 100 games avg: 356.4 steps 139 
INFO : 2021-01-20 16:17:51,187 : episode: 286 score: 329.7 100 games avg: 329.7 steps 136 
INFO : 2021-01-20 16:18:22,182 : episode: 287 score: 360.2 100 games avg: 360.2 steps 137 
INFO : 2021-01-20 16:18:53,610 : episode: 288 score: 357.2 100 games avg: 357.2 steps 139 
INFO : 2021-01-20 16:19:28,228 : episode: 289 score: 433.7 100 games avg: 433.7 steps 158 
INFO : 2021-01-20 16:20:03,906 : episode: 290 score: 475.5 100 games avg: 475.5 steps 164 
INFO : 2021-01-20 16:20:34,639 : episode: 291 score: 365.3 100 games avg: 365.3 steps 137 
INFO : 2021-01-20 16:21:12,435 : episode: 292 score: 506.9 100 games avg: 506.9 steps 174 
INFO : 2021-01-20 16:21:50,772 : episode: 293 score: 421.5 100 games avg: 421.5 steps 157 
INFO : 2021-01-20 16:22:27,001 : episode: 294 score: 415.9 100 games avg: 415.9 steps 146 
INFO : 2021-01-20 16:23:03,897 : episode: 295 score: 402.3 100 games avg: 402.3 steps 149 
INFO : 2021-01-20 16:23:38,113 : episode: 296 score: 362.0 100 games avg: 362.0 steps 134 
INFO : 2021-01-20 16:24:14,551 : episode: 297 score: 393.3 100 games avg: 393.3 steps 146 
INFO : 2021-01-20 16:24:52,819 : episode: 298 score: 427.1 100 games avg: 427.1 steps 155 
INFO : 2021-01-20 16:25:27,308 : episode: 299 score: 347.0 100 games avg: 347.0 steps 135 
INFO : 2021-01-20 16:26:01,388 : episode: 300 score: 353.2 100 games avg: 353.2 steps 132 
INFO : 2021-01-20 16:26:37,373 : episode: 301 score: 391.0 100 games avg: 391.0 steps 143 
INFO : 2021-01-20 16:27:17,742 : episode: 302 score: 475.9 100 games avg: 475.9 steps 166 
INFO : 2021-01-20 16:27:54,493 : episode: 303 score: 394.9 100 games avg: 394.9 steps 146 
INFO : 2021-01-20 16:28:31,043 : episode: 304 score: 395.9 100 games avg: 395.9 steps 145 
INFO : 2021-01-20 16:29:07,307 : episode: 305 score: 395.6 100 games avg: 395.6 steps 143 
INFO : 2021-01-20 16:29:43,420 : episode: 306 score: 379.5 100 games avg: 379.5 steps 142 
INFO : 2021-01-20 16:30:17,955 : episode: 307 score: 351.9 100 games avg: 351.9 steps 133 
INFO : 2021-01-20 16:30:51,790 : episode: 308 score: 335.9 100 games avg: 335.9 steps 129 
INFO : 2021-01-20 16:31:26,588 : episode: 309 score: 360.6 100 games avg: 360.6 steps 134 
INFO : 2021-01-20 16:32:02,014 : episode: 310 score: 360.1 100 games avg: 360.1 steps 137 
INFO : 2021-01-20 16:32:38,375 : episode: 311 score: 400.1 100 games avg: 400.1 steps 142 
INFO : 2021-01-20 16:33:14,172 : episode: 312 score: 384.3 100 games avg: 384.3 steps 137 
INFO : 2021-01-20 16:33:51,485 : episode: 313 score: 395.2 100 games avg: 395.2 steps 146 
INFO : 2021-01-20 16:34:23,939 : episode: 314 score: 274.5 100 games avg: 274.5 steps 120 
INFO : 2021-01-20 16:35:01,594 : episode: 315 score: 381.8 100 games avg: 381.8 steps 142 
INFO : 2021-01-20 16:35:43,009 : episode: 316 score: 486.1 100 games avg: 486.1 steps 168 
INFO : 2021-01-20 16:36:20,337 : episode: 317 score: 387.8 100 games avg: 387.8 steps 145 
INFO : 2021-01-20 16:37:01,577 : episode: 318 score: 486.5 100 games avg: 486.5 steps 166 
INFO : 2021-01-20 16:37:35,637 : episode: 319 score: 332.0 100 games avg: 332.0 steps 127 
INFO : 2021-01-20 16:38:17,717 : episode: 320 score: 526.4 100 games avg: 526.4 steps 170 
INFO : 2021-01-20 16:39:00,807 : episode: 321 score: 535.5 100 games avg: 535.5 steps 175 
INFO : 2021-01-20 16:39:36,348 : episode: 322 score: 298.7 100 games avg: 298.7 steps 129 
INFO : 2021-01-20 16:40:16,522 : episode: 323 score: 412.5 100 games avg: 412.5 steps 153 
INFO : 2021-01-20 16:40:51,379 : episode: 324 score: 305.6 100 games avg: 305.6 steps 130 
INFO : 2021-01-20 16:41:26,329 : episode: 325 score: 338.9 100 games avg: 338.9 steps 130 
INFO : 2021-01-20 16:42:10,273 : episode: 326 score: 555.6 100 games avg: 555.6 steps 179 
INFO : 2021-01-20 16:42:44,758 : episode: 327 score: 330.2 100 games avg: 330.2 steps 126 
INFO : 2021-01-20 16:43:20,378 : episode: 328 score: 351.4 100 games avg: 351.4 steps 132 
INFO : 2021-01-20 16:43:56,275 : episode: 329 score: 313.1 100 games avg: 313.1 steps 130 
INFO : 2021-01-20 16:44:25,280 : episode: 330 score: 206.9 100 games avg: 206.9 steps 94 
INFO : 2021-01-20 16:44:54,015 : episode: 331 score: 207.0 100 games avg: 207.0 steps 94 
INFO : 2021-01-20 16:45:32,657 : episode: 332 score: 389.1 100 games avg: 389.1 steps 146 
INFO : 2021-01-20 16:46:07,338 : episode: 333 score: 383.0 100 games avg: 383.0 steps 142 
INFO : 2021-01-20 16:46:50,925 : episode: 334 score: 560.9 100 games avg: 560.9 steps 176 
INFO : 2021-01-20 16:47:25,615 : episode: 335 score: 282.2 100 games avg: 282.2 steps 123 
INFO : 2021-01-20 16:48:02,573 : episode: 336 score: 295.9 100 games avg: 295.9 steps 129 
INFO : 2021-01-20 16:48:45,168 : episode: 337 score: 462.3 100 games avg: 462.3 steps 165 
INFO : 2021-01-20 16:49:20,519 : episode: 338 score: 298.4 100 games avg: 298.4 steps 125 
INFO : 2021-01-20 16:49:54,616 : episode: 339 score: 267.9 100 games avg: 267.9 steps 120 
INFO : 2021-01-20 16:50:29,378 : episode: 340 score: 290.6 100 games avg: 290.6 steps 125 
INFO : 2021-01-20 16:51:15,326 : episode: 341 score: 580.1 100 games avg: 580.1 steps 184 
INFO : 2021-01-20 16:52:00,479 : episode: 342 score: 561.4 100 games avg: 561.4 steps 180 
INFO : 2021-01-20 16:52:36,145 : episode: 343 score: 293.3 100 games avg: 293.3 steps 128 
INFO : 2021-01-20 16:53:21,547 : episode: 344 score: 566.6 100 games avg: 566.6 steps 181 
INFO : 2021-01-20 16:53:56,391 : episode: 345 score: 268.8 100 games avg: 268.8 steps 123 
INFO : 2021-01-20 16:54:42,725 : episode: 346 score: 589.1 100 games avg: 589.1 steps 186 
INFO : 2021-01-20 16:55:29,146 : episode: 347 score: 542.8 100 games avg: 542.8 steps 186 
INFO : 2021-01-20 16:56:09,924 : episode: 348 score: 429.2 100 games avg: 429.2 steps 155 
INFO : 2021-01-20 16:56:50,008 : episode: 349 score: 391.3 100 games avg: 391.3 steps 151 
INFO : 2021-01-20 16:57:35,400 : episode: 350 score: 528.1 100 games avg: 528.1 steps 181 
INFO : 2021-01-20 16:58:21,676 : episode: 351 score: 543.2 100 games avg: 543.2 steps 184 
INFO : 2021-01-20 16:59:05,542 : episode: 352 score: 505.2 100 games avg: 505.2 steps 169 
INFO : 2021-01-20 16:59:50,444 : episode: 353 score: 545.6 100 games avg: 545.6 steps 175 
INFO : 2021-01-20 17:00:27,491 : episode: 354 score: 352.1 100 games avg: 352.1 steps 133 
INFO : 2021-01-20 17:01:12,011 : episode: 355 score: 519.8 100 games avg: 519.8 steps 173 
INFO : 2021-01-20 17:01:47,558 : episode: 356 score: 285.3 100 games avg: 285.3 steps 124 
INFO : 2021-01-20 17:02:30,867 : episode: 357 score: 484.7 100 games avg: 484.7 steps 166 
INFO : 2021-01-20 17:03:15,371 : episode: 358 score: 527.8 100 games avg: 527.8 steps 172 
INFO : 2021-01-20 17:03:59,496 : episode: 359 score: 532.9 100 games avg: 532.9 steps 170 
INFO : 2021-01-20 17:04:43,359 : episode: 360 score: 515.1 100 games avg: 515.1 steps 168 
INFO : 2021-01-20 17:05:27,569 : episode: 361 score: 525.8 100 games avg: 525.8 steps 169 
INFO : 2021-01-20 17:06:14,122 : episode: 362 score: 480.0 100 games avg: 480.0 steps 181 
INFO : 2021-01-20 17:06:58,576 : episode: 363 score: 484.5 100 games avg: 484.5 steps 170 
INFO : 2021-01-20 17:07:40,573 : episode: 364 score: 398.0 100 games avg: 398.0 steps 152 
INFO : 2021-01-20 17:08:22,350 : episode: 365 score: 430.9 100 games avg: 430.9 steps 154 
INFO : 2021-01-20 17:09:10,959 : episode: 366 score: 559.3 100 games avg: 559.3 steps 191 
INFO : 2021-01-20 17:09:54,782 : episode: 367 score: 512.1 100 games avg: 512.1 steps 165 
INFO : 2021-01-20 17:10:41,442 : episode: 368 score: 545.8 100 games avg: 545.8 steps 180 
INFO : 2021-01-20 17:11:23,982 : episode: 369 score: 539.5 100 games avg: 539.5 steps 174 
INFO : 2021-01-20 17:12:02,854 : episode: 370 score: 378.0 100 games avg: 378.0 steps 138 
INFO : 2021-01-20 17:12:40,920 : episode: 371 score: 342.7 100 games avg: 342.7 steps 130 
INFO : 2021-01-20 17:13:27,275 : episode: 372 score: 548.3 100 games avg: 548.3 steps 177 
INFO : 2021-01-20 17:13:59,805 : episode: 373 score: 232.6 100 games avg: 232.6 steps 99 
INFO : 2021-01-20 17:14:38,883 : episode: 374 score: 364.8 100 games avg: 364.8 steps 137 
INFO : 2021-01-20 17:15:17,429 : episode: 375 score: 344.4 100 games avg: 344.4 steps 129 
INFO : 2021-01-20 17:15:57,324 : episode: 376 score: 363.7 100 games avg: 363.7 steps 135 
INFO : 2021-01-20 17:16:36,150 : episode: 377 score: 358.9 100 games avg: 358.9 steps 134 
INFO : 2021-01-20 17:17:18,491 : episode: 378 score: 379.0 100 games avg: 379.0 steps 139 
INFO : 2021-01-20 17:18:00,832 : episode: 379 score: 429.1 100 games avg: 429.1 steps 153 
INFO : 2021-01-20 17:18:38,573 : episode: 380 score: 334.0 100 games avg: 334.0 steps 128 
INFO : 2021-01-20 17:19:18,675 : episode: 381 score: 396.1 100 games avg: 396.1 steps 141 
INFO : 2021-01-20 17:19:58,359 : episode: 382 score: 507.4 100 games avg: 507.4 steps 168 
INFO : 2021-01-20 17:20:31,201 : episode: 383 score: 351.1 100 games avg: 351.1 steps 132 
INFO : 2021-01-20 17:21:01,867 : episode: 384 score: 315.3 100 games avg: 315.3 steps 120 
INFO : 2021-01-20 17:21:36,527 : episode: 385 score: 298.3 100 games avg: 298.3 steps 116 
INFO : 2021-01-20 17:22:16,503 : episode: 386 score: 383.0 100 games avg: 383.0 steps 138 
INFO : 2021-01-20 17:23:01,275 : episode: 387 score: 561.9 100 games avg: 561.9 steps 179 
INFO : 2021-01-20 17:23:48,286 : episode: 388 score: 561.0 100 games avg: 561.0 steps 176 
INFO : 2021-01-20 17:24:31,725 : episode: 389 score: 461.7 100 games avg: 461.7 steps 156 
INFO : 2021-01-20 17:25:09,618 : episode: 390 score: 335.3 100 games avg: 335.3 steps 126 
INFO : 2021-01-20 17:25:45,692 : episode: 391 score: 312.4 100 games avg: 312.4 steps 120 
INFO : 2021-01-20 17:26:26,195 : episode: 392 score: 388.6 100 games avg: 388.6 steps 140 
INFO : 2021-01-20 17:27:07,303 : episode: 393 score: 394.8 100 games avg: 394.8 steps 142 
INFO : 2021-01-20 17:27:48,971 : episode: 394 score: 410.4 100 games avg: 410.4 steps 145 
INFO : 2021-01-20 17:28:28,370 : episode: 395 score: 337.4 100 games avg: 337.4 steps 126 
INFO : 2021-01-20 17:29:11,733 : episode: 396 score: 449.0 100 games avg: 449.0 steps 154 
INFO : 2021-01-20 17:29:49,572 : episode: 397 score: 367.2 100 games avg: 367.2 steps 135 
INFO : 2021-01-20 17:30:33,424 : episode: 398 score: 454.8 100 games avg: 454.8 steps 153 
INFO : 2021-01-20 17:31:16,439 : episode: 399 score: 439.5 100 games avg: 439.5 steps 151 
INFO : 2021-01-20 17:32:01,713 : episode: 400 score: 503.1 100 games avg: 503.1 steps 163 
INFO : 2021-01-20 17:32:45,337 : episode: 401 score: 462.8 100 games avg: 462.8 steps 155 
INFO : 2021-01-20 17:33:29,836 : episode: 402 score: 557.7 100 games avg: 557.7 steps 174 
INFO : 2021-01-20 17:34:10,702 : episode: 403 score: 380.5 100 games avg: 380.5 steps 138 
INFO : 2021-01-20 17:34:57,807 : episode: 404 score: 500.6 100 games avg: 500.6 steps 162 
INFO : 2021-01-20 17:35:45,561 : episode: 405 score: 535.5 100 games avg: 535.5 steps 169 
INFO : 2021-01-20 17:36:26,835 : episode: 406 score: 390.2 100 games avg: 390.2 steps 141 
INFO : 2021-01-20 17:37:11,325 : episode: 407 score: 454.9 100 games avg: 454.9 steps 156 
INFO : 2021-01-20 17:37:56,555 : episode: 408 score: 484.8 100 games avg: 484.8 steps 160 
INFO : 2021-01-20 17:38:44,318 : episode: 409 score: 564.2 100 games avg: 564.2 steps 176 
INFO : 2021-01-20 17:39:28,740 : episode: 410 score: 498.7 100 games avg: 498.7 steps 163 
INFO : 2021-01-20 17:40:08,538 : episode: 411 score: 347.5 100 games avg: 347.5 steps 130 
INFO : 2021-01-20 17:40:48,843 : episode: 412 score: 359.3 100 games avg: 359.3 steps 133 
INFO : 2021-01-20 17:41:35,594 : episode: 413 score: 524.8 100 games avg: 524.8 steps 167 
INFO : 2021-01-20 17:42:18,952 : episode: 414 score: 420.9 100 games avg: 420.9 steps 147 
INFO : 2021-01-20 17:43:00,101 : episode: 415 score: 367.7 100 games avg: 367.7 steps 135 
INFO : 2021-01-20 17:43:44,159 : episode: 416 score: 430.4 100 games avg: 430.4 steps 150 
INFO : 2021-01-20 17:44:29,034 : episode: 417 score: 531.4 100 games avg: 531.4 steps 168 
INFO : 2021-01-20 17:44:59,437 : episode: 418 score: 148.4 100 games avg: 148.4 steps 78 
INFO : 2021-01-20 17:45:47,772 : episode: 419 score: 555.8 100 games avg: 555.8 steps 173 
INFO : 2021-01-20 17:46:35,181 : episode: 420 score: 537.1 100 games avg: 537.1 steps 169 
INFO : 2021-01-20 17:47:17,575 : episode: 421 score: 397.6 100 games avg: 397.6 steps 143 
INFO : 2021-01-20 17:47:44,619 : episode: 422 score: 158.3 100 games avg: 158.3 steps 84 
INFO : 2021-01-20 17:48:25,743 : episode: 423 score: 522.2 100 games avg: 522.2 steps 166 
INFO : 2021-01-20 17:49:08,735 : episode: 424 score: 372.1 100 games avg: 372.1 steps 142 
INFO : 2021-01-20 17:49:48,962 : episode: 425 score: 316.1 100 games avg: 316.1 steps 128 
INFO : 2021-01-20 17:50:22,316 : episode: 426 score: 182.1 100 games avg: 182.1 steps 90 
INFO : 2021-01-20 17:51:12,322 : episode: 427 score: 532.9 100 games avg: 532.9 steps 182 
INFO : 2021-01-20 17:51:53,621 : episode: 428 score: 348.4 100 games avg: 348.4 steps 135 
INFO : 2021-01-20 17:52:30,860 : episode: 429 score: 267.4 100 games avg: 267.4 steps 111 
INFO : 2021-01-20 17:53:21,435 : episode: 430 score: 550.5 100 games avg: 550.5 steps 183 
INFO : 2021-01-20 17:54:04,740 : episode: 431 score: 362.8 100 games avg: 362.8 steps 138 
INFO : 2021-01-20 17:54:47,649 : episode: 432 score: 356.3 100 games avg: 356.3 steps 137 
INFO : 2021-01-20 17:55:21,357 : episode: 433 score: 169.7 100 games avg: 169.7 steps 86 
INFO : 2021-01-20 17:56:11,811 : episode: 434 score: 503.9 100 games avg: 503.9 steps 181 
INFO : 2021-01-20 17:56:53,857 : episode: 435 score: 346.7 100 games avg: 346.7 steps 135 
INFO : 2021-01-20 17:57:35,882 : episode: 436 score: 350.0 100 games avg: 350.0 steps 135 
INFO : 2021-01-20 17:58:23,506 : episode: 437 score: 505.0 100 games avg: 505.0 steps 185 
INFO : 2021-01-20 17:58:55,300 : episode: 438 score: 242.1 100 games avg: 242.1 steps 114 
INFO : 2021-01-20 17:59:21,577 : episode: 439 score: 152.1 100 games avg: 152.1 steps 80 
INFO : 2021-01-20 18:00:12,466 : episode: 440 score: 538.1 100 games avg: 538.1 steps 182 
INFO : 2021-01-20 18:01:04,771 : episode: 441 score: 508.0 100 games avg: 508.0 steps 180 
INFO : 2021-01-20 18:01:39,505 : episode: 442 score: 199.2 100 games avg: 199.2 steps 99 
INFO : 2021-01-20 18:02:24,922 : episode: 443 score: 539.0 100 games avg: 539.0 steps 190 
INFO : 2021-01-20 18:03:13,354 : episode: 444 score: 619.5 100 games avg: 619.5 steps 206 
INFO : 2021-01-20 18:04:04,931 : episode: 445 score: 546.4 100 games avg: 546.4 steps 184 
INFO : 2021-01-20 18:05:04,599 : episode: 446 score: 652.0 100 games avg: 652.0 steps 227 
INFO : 2021-01-20 18:05:46,048 : episode: 447 score: 299.9 100 games avg: 299.9 steps 121 
INFO : 2021-01-20 18:06:13,253 : episode: 448 score: 65.2 100 games avg: 65.2 steps 68 
INFO : 2021-01-20 18:06:58,686 : episode: 449 score: 354.2 100 games avg: 354.2 steps 149 
INFO : 2021-01-20 18:07:30,264 : episode: 450 score: 73.5 100 games avg: 73.5 steps 73 
INFO : 2021-01-20 18:08:28,130 : episode: 451 score: 588.8 100 games avg: 588.8 steps 216 
INFO : 2021-01-20 18:09:02,355 : episode: 452 score: 104.3 100 games avg: 104.3 steps 87 
INFO : 2021-01-20 18:09:50,595 : episode: 453 score: 516.2 100 games avg: 516.2 steps 173 
INFO : 2021-01-20 18:10:21,651 : episode: 454 score: 118.6 100 games avg: 118.6 steps 68 
INFO : 2021-01-20 18:11:13,757 : episode: 455 score: 556.1 100 games avg: 556.1 steps 184 
INFO : 2021-01-20 18:12:08,328 : episode: 456 score: 514.1 100 games avg: 514.1 steps 180 
INFO : 2021-01-20 18:12:34,276 : episode: 457 score: 114.1 100 games avg: 114.1 steps 66 
INFO : 2021-01-20 18:13:13,677 : episode: 458 score: 423.7 100 games avg: 423.7 steps 153 
INFO : 2021-01-20 18:13:42,319 : episode: 459 score: 191.1 100 games avg: 191.1 steps 92 
INFO : 2021-01-20 18:14:22,655 : episode: 460 score: 350.6 100 games avg: 350.6 steps 131 
INFO : 2021-01-20 18:15:14,327 : episode: 461 score: 530.2 100 games avg: 530.2 steps 179 
INFO : 2021-01-20 18:15:43,027 : episode: 462 score: 95.5 100 games avg: 95.5 steps 55 
INFO : 2021-01-20 18:16:09,935 : episode: 463 score: 125.0 100 games avg: 125.0 steps 70 
INFO : 2021-01-20 18:16:51,856 : episode: 464 score: 329.7 100 games avg: 329.7 steps 127 
INFO : 2021-01-20 18:17:16,136 : episode: 465 score: 112.5 100 games avg: 112.5 steps 64 
INFO : 2021-01-20 18:17:44,008 : episode: 466 score: 103.5 100 games avg: 103.5 steps 59 
INFO : 2021-01-20 18:18:15,446 : episode: 467 score: 122.4 100 games avg: 122.4 steps 68 
INFO : 2021-01-20 18:18:52,696 : episode: 468 score: 216.8 100 games avg: 216.8 steps 100 
INFO : 2021-01-20 18:19:24,135 : episode: 469 score: 121.5 100 games avg: 121.5 steps 68 
INFO : 2021-01-20 18:20:12,992 : episode: 470 score: 474.0 100 games avg: 474.0 steps 162 
INFO : 2021-01-20 18:20:56,298 : episode: 471 score: 346.8 100 games avg: 346.8 steps 132 
INFO : 2021-01-20 18:21:28,786 : episode: 472 score: 125.6 100 games avg: 125.6 steps 70 
INFO : 2021-01-20 18:22:05,048 : episode: 473 score: 198.9 100 games avg: 198.9 steps 92 
INFO : 2021-01-20 18:22:40,618 : episode: 474 score: 196.3 100 games avg: 196.3 steps 94 
INFO : 2021-01-20 18:23:29,259 : episode: 475 score: 495.9 100 games avg: 495.9 steps 176 
INFO : 2021-01-20 18:24:10,625 : episode: 476 score: 326.4 100 games avg: 326.4 steps 127 
INFO : 2021-01-20 18:25:02,853 : episode: 477 score: 517.3 100 games avg: 517.3 steps 179 
INFO : 2021-01-20 18:25:54,263 : episode: 478 score: 499.6 100 games avg: 499.6 steps 174 
INFO : 2021-01-20 18:26:26,823 : episode: 479 score: 130.2 100 games avg: 130.2 steps 71 
INFO : 2021-01-20 18:27:10,879 : episode: 480 score: 348.7 100 games avg: 348.7 steps 133 
INFO : 2021-01-20 18:28:01,822 : episode: 481 score: 505.4 100 games avg: 505.4 steps 172 
INFO : 2021-01-20 18:28:53,335 : episode: 482 score: 498.5 100 games avg: 498.5 steps 175 
INFO : 2021-01-20 18:29:46,784 : episode: 483 score: 500.7 100 games avg: 500.7 steps 176 
INFO : 2021-01-20 18:30:39,635 : episode: 484 score: 518.4 100 games avg: 518.4 steps 179 
INFO : 2021-01-20 18:31:32,447 : episode: 485 score: 569.2 100 games avg: 569.2 steps 178 
INFO : 2021-01-20 18:32:24,202 : episode: 486 score: 544.0 100 games avg: 544.0 steps 174 
INFO : 2021-01-20 18:33:08,302 : episode: 487 score: 379.7 100 games avg: 379.7 steps 132 
INFO : 2021-01-20 18:33:48,207 : episode: 488 score: 376.8 100 games avg: 376.8 steps 136 
INFO : 2021-01-20 18:34:39,476 : episode: 489 score: 496.5 100 games avg: 496.5 steps 170 
INFO : 2021-01-20 18:35:28,216 : episode: 490 score: 468.6 100 games avg: 468.6 steps 155 
INFO : 2021-01-20 18:36:17,908 : episode: 491 score: 503.4 100 games avg: 503.4 steps 161 
INFO : 2021-01-20 18:37:02,543 : episode: 492 score: 387.2 100 games avg: 387.2 steps 133 
INFO : 2021-01-20 18:37:47,907 : episode: 493 score: 379.5 100 games avg: 379.5 steps 137 
INFO : 2021-01-20 18:38:38,740 : episode: 494 score: 524.5 100 games avg: 524.5 steps 166 
INFO : 2021-01-20 18:39:23,739 : episode: 495 score: 380.4 100 games avg: 380.4 steps 135 
INFO : 2021-01-20 18:40:09,440 : episode: 496 score: 375.1 100 games avg: 375.1 steps 137 
INFO : 2021-01-20 18:40:54,428 : episode: 497 score: 373.4 100 games avg: 373.4 steps 134 
INFO : 2021-01-20 18:41:44,229 : episode: 498 score: 497.8 100 games avg: 497.8 steps 160 
INFO : 2021-01-20 18:42:27,602 : episode: 499 score: 375.6 100 games avg: 375.6 steps 135 
INFO : 2021-01-20 18:43:06,380 : episode: 500 score: 373.8 100 games avg: 373.8 steps 134 
INFO : 2021-01-20 18:43:58,791 : episode: 501 score: 553.6 100 games avg: 553.6 steps 173 
INFO : 2021-01-20 18:44:42,482 : episode: 502 score: 288.7 100 games avg: 288.7 steps 114 
INFO : 2021-01-20 18:45:38,382 : episode: 503 score: 520.9 100 games avg: 520.9 steps 168 
INFO : 2021-01-20 18:46:23,580 : episode: 504 score: 375.3 100 games avg: 375.3 steps 133 
INFO : 2021-01-20 18:47:05,330 : episode: 505 score: 293.6 100 games avg: 293.6 steps 114 
INFO : 2021-01-20 18:47:51,766 : episode: 506 score: 389.5 100 games avg: 389.5 steps 134 
INFO : 2021-01-20 18:48:37,467 : episode: 507 score: 384.2 100 games avg: 384.2 steps 135 
INFO : 2021-01-20 18:49:29,383 : episode: 508 score: 486.1 100 games avg: 486.1 steps 157 
INFO : 2021-01-20 18:50:16,981 : episode: 509 score: 393.2 100 games avg: 393.2 steps 136 
INFO : 2021-01-20 18:51:05,819 : episode: 510 score: 360.6 100 games avg: 360.6 steps 133 
INFO : 2021-01-20 18:51:57,137 : episode: 511 score: 531.1 100 games avg: 531.1 steps 164 
INFO : 2021-01-20 18:52:44,787 : episode: 512 score: 378.9 100 games avg: 378.9 steps 134 
INFO : 2021-01-20 18:53:27,772 : episode: 513 score: 312.4 100 games avg: 312.4 steps 120 
INFO : 2021-01-20 18:54:10,731 : episode: 514 score: 498.4 100 games avg: 498.4 steps 161 
INFO : 2021-01-20 18:54:48,385 : episode: 515 score: 348.6 100 games avg: 348.6 steps 129 
INFO : 2021-01-20 18:55:31,861 : episode: 516 score: 313.0 100 games avg: 313.0 steps 120 
INFO : 2021-01-20 18:56:14,203 : episode: 517 score: 286.8 100 games avg: 286.8 steps 114 
INFO : 2021-01-20 18:56:55,305 : episode: 518 score: 348.3 100 games avg: 348.3 steps 129 
INFO : 2021-01-20 18:57:38,901 : episode: 519 score: 470.6 100 games avg: 470.6 steps 150 
INFO : 2021-01-20 18:58:29,565 : episode: 520 score: 488.4 100 games avg: 488.4 steps 159 
INFO : 2021-01-20 18:59:15,497 : episode: 521 score: 369.4 100 games avg: 369.4 steps 136 
INFO : 2021-01-20 18:59:59,674 : episode: 522 score: 362.1 100 games avg: 362.1 steps 134 
INFO : 2021-01-20 19:00:46,200 : episode: 523 score: 361.7 100 games avg: 361.7 steps 134 
INFO : 2021-01-20 19:01:32,441 : episode: 524 score: 367.7 100 games avg: 367.7 steps 135 
INFO : 2021-01-20 19:02:11,801 : episode: 525 score: 360.0 100 games avg: 360.0 steps 133 
INFO : 2021-01-20 19:02:52,792 : episode: 526 score: 354.4 100 games avg: 354.4 steps 132 
INFO : 2021-01-20 19:03:39,972 : episode: 527 score: 372.3 100 games avg: 372.3 steps 137 
INFO : 2021-01-20 19:04:23,239 : episode: 528 score: 299.7 100 games avg: 299.7 steps 117 
INFO : 2021-01-20 19:05:09,281 : episode: 529 score: 354.0 100 games avg: 354.0 steps 131 
INFO : 2021-01-20 19:06:01,547 : episode: 530 score: 508.1 100 games avg: 508.1 steps 164 
INFO : 2021-01-20 19:06:48,016 : episode: 531 score: 359.8 100 games avg: 359.8 steps 133 
INFO : 2021-01-20 19:07:33,019 : episode: 532 score: 325.6 100 games avg: 325.6 steps 124 
INFO : 2021-01-20 19:08:20,206 : episode: 533 score: 364.1 100 games avg: 364.1 steps 135 
INFO : 2021-01-20 19:08:57,349 : episode: 534 score: 159.0 100 games avg: 159.0 steps 80 
INFO : 2021-01-20 19:09:49,639 : episode: 535 score: 499.9 100 games avg: 499.9 steps 163 
INFO : 2021-01-20 19:10:36,838 : episode: 536 score: 365.6 100 games avg: 365.6 steps 135 
INFO : 2021-01-20 19:11:29,396 : episode: 537 score: 509.4 100 games avg: 509.4 steps 164 
INFO : 2021-01-20 19:12:22,730 : episode: 538 score: 534.8 100 games avg: 534.8 steps 168 
INFO : 2021-01-20 19:13:15,373 : episode: 539 score: 509.9 100 games avg: 509.9 steps 163 
INFO : 2021-01-20 19:14:07,723 : episode: 540 score: 495.8 100 games avg: 495.8 steps 161 
INFO : 2021-01-20 19:15:02,529 : episode: 541 score: 521.0 100 games avg: 521.0 steps 168 
INFO : 2021-01-20 19:15:48,957 : episode: 542 score: 353.7 100 games avg: 353.7 steps 132 
INFO : 2021-01-20 19:16:43,219 : episode: 543 score: 542.5 100 games avg: 542.5 steps 172 
INFO : 2021-01-20 19:17:33,450 : episode: 544 score: 449.9 100 games avg: 449.9 steps 149 
INFO : 2021-01-20 19:18:24,191 : episode: 545 score: 457.7 100 games avg: 457.7 steps 151 
INFO : 2021-01-20 19:19:09,979 : episode: 546 score: 521.7 100 games avg: 521.7 steps 166 
INFO : 2021-01-20 19:19:58,267 : episode: 547 score: 369.3 100 games avg: 369.3 steps 137 
INFO : 2021-01-20 19:20:49,938 : episode: 548 score: 474.2 100 games avg: 474.2 steps 155 
INFO : 2021-01-20 19:21:46,139 : episode: 549 score: 543.4 100 games avg: 543.4 steps 172 
INFO : 2021-01-20 19:22:42,877 : episode: 550 score: 579.8 100 games avg: 579.8 steps 181 
INFO : 2021-01-20 19:23:36,645 : episode: 551 score: 515.1 100 games avg: 515.1 steps 165 
INFO : 2021-01-20 19:24:31,204 : episode: 552 score: 535.8 100 games avg: 535.8 steps 170 
INFO : 2021-01-20 19:25:23,819 : episode: 553 score: 498.8 100 games avg: 498.8 steps 159 
INFO : 2021-01-20 19:26:18,485 : episode: 554 score: 533.3 100 games avg: 533.3 steps 168 
INFO : 2021-01-20 19:27:14,633 : episode: 555 score: 562.8 100 games avg: 562.8 steps 177 
INFO : 2021-01-20 19:28:08,107 : episode: 556 score: 508.2 100 games avg: 508.2 steps 162 
INFO : 2021-01-20 19:29:03,048 : episode: 557 score: 543.3 100 games avg: 543.3 steps 170 
INFO : 2021-01-20 19:29:58,935 : episode: 558 score: 561.1 100 games avg: 561.1 steps 175 
INFO : 2021-01-20 19:30:49,959 : episode: 559 score: 520.6 100 games avg: 520.6 steps 166 
INFO : 2021-01-20 19:31:36,712 : episode: 560 score: 552.5 100 games avg: 552.5 steps 172 
INFO : 2021-01-20 19:32:30,440 : episode: 561 score: 553.1 100 games avg: 553.1 steps 178 
INFO : 2021-01-20 19:33:27,714 : episode: 562 score: 578.5 100 games avg: 578.5 steps 181 
INFO : 2021-01-20 19:34:12,402 : episode: 563 score: 254.3 100 games avg: 254.3 steps 112 
INFO : 2021-01-20 19:35:06,215 : episode: 564 score: 483.3 100 games avg: 483.3 steps 161 
INFO : 2021-01-20 19:36:03,108 : episode: 565 score: 563.7 100 games avg: 563.7 steps 177 
INFO : 2021-01-20 19:37:00,142 : episode: 566 score: 580.6 100 games avg: 580.6 steps 179 
INFO : 2021-01-20 19:37:56,595 : episode: 567 score: 553.5 100 games avg: 553.5 steps 175 
INFO : 2021-01-20 19:38:51,428 : episode: 568 score: 510.0 100 games avg: 510.0 steps 165 
INFO : 2021-01-20 19:39:48,232 : episode: 569 score: 578.3 100 games avg: 578.3 steps 176 
INFO : 2021-01-20 19:40:47,658 : episode: 570 score: 581.8 100 games avg: 581.8 steps 181 
INFO : 2021-01-20 19:41:45,460 : episode: 571 score: 574.3 100 games avg: 574.3 steps 179 
INFO : 2021-01-20 19:42:39,668 : episode: 572 score: 513.8 100 games avg: 513.8 steps 165 
INFO : 2021-01-20 19:43:29,518 : episode: 573 score: 531.9 100 games avg: 531.9 steps 170 
INFO : 2021-01-20 19:44:26,378 : episode: 574 score: 553.0 100 games avg: 553.0 steps 174 
INFO : 2021-01-20 19:45:19,851 : episode: 575 score: 472.7 100 games avg: 472.7 steps 156 
INFO : 2021-01-20 19:46:16,441 : episode: 576 score: 551.2 100 games avg: 551.2 steps 173 
INFO : 2021-01-20 19:47:14,260 : episode: 577 score: 570.9 100 games avg: 570.9 steps 179 
INFO : 2021-01-20 19:48:06,247 : episode: 578 score: 418.1 100 games avg: 418.1 steps 146 
INFO : 2021-01-20 19:49:00,554 : episode: 579 score: 570.4 100 games avg: 570.4 steps 178 
INFO : 2021-01-20 19:49:55,409 : episode: 580 score: 503.4 100 games avg: 503.4 steps 162 
INFO : 2021-01-20 19:50:49,384 : episode: 581 score: 468.2 100 games avg: 468.2 steps 156 
INFO : 2021-01-20 19:51:44,059 : episode: 582 score: 481.6 100 games avg: 481.6 steps 160 
INFO : 2021-01-20 19:52:41,338 : episode: 583 score: 558.4 100 games avg: 558.4 steps 175 
INFO : 2021-01-20 19:53:36,398 : episode: 584 score: 515.5 100 games avg: 515.5 steps 162 
INFO : 2021-01-20 19:54:33,040 : episode: 585 score: 541.6 100 games avg: 541.6 steps 170 
INFO : 2021-01-20 19:55:31,529 : episode: 586 score: 583.6 100 games avg: 583.6 steps 179 
INFO : 2021-01-20 19:56:30,496 : episode: 587 score: 584.0 100 games avg: 584.0 steps 181 
INFO : 2021-01-20 19:57:31,324 : episode: 588 score: 604.9 100 games avg: 604.9 steps 189 
INFO : 2021-01-20 19:58:26,552 : episode: 589 score: 480.6 100 games avg: 480.6 steps 158 
INFO : 2021-01-20 19:59:21,100 : episode: 590 score: 508.1 100 games avg: 508.1 steps 161 
INFO : 2021-01-20 20:00:11,564 : episode: 591 score: 604.7 100 games avg: 604.7 steps 185 
INFO : 2021-01-20 20:01:12,184 : episode: 592 score: 582.1 100 games avg: 582.1 steps 182 
INFO : 2021-01-20 20:02:03,218 : episode: 593 score: 361.4 100 games avg: 361.4 steps 134 
INFO : 2021-01-20 20:02:55,861 : episode: 594 score: 428.2 100 games avg: 428.2 steps 147 
INFO : 2021-01-20 20:03:52,795 : episode: 595 score: 586.2 100 games avg: 586.2 steps 181 
INFO : 2021-01-20 20:04:48,239 : episode: 596 score: 490.5 100 games avg: 490.5 steps 159 
INFO : 2021-01-20 20:05:29,937 : episode: 597 score: 157.5 100 games avg: 157.5 steps 84 
INFO : 2021-01-20 20:06:25,475 : episode: 598 score: 455.8 100 games avg: 455.8 steps 154 
INFO : 2021-01-20 20:07:25,033 : episode: 599 score: 579.2 100 games avg: 579.2 steps 180 
INFO : 2021-01-20 20:08:26,084 : episode: 600 score: 603.6 100 games avg: 603.6 steps 189 
INFO : 2021-01-20 20:09:22,150 : episode: 601 score: 494.5 100 games avg: 494.5 steps 161 
INFO : 2021-01-20 20:10:18,747 : episode: 602 score: 509.3 100 games avg: 509.3 steps 163 
INFO : 2021-01-20 20:11:09,473 : episode: 603 score: 352.2 100 games avg: 352.2 steps 131 
INFO : 2021-01-20 20:12:09,875 : episode: 604 score: 595.4 100 games avg: 595.4 steps 184 
INFO : 2021-01-20 20:13:10,389 : episode: 605 score: 581.4 100 games avg: 581.4 steps 184 
INFO : 2021-01-20 20:14:08,064 : episode: 606 score: 522.8 100 games avg: 522.8 steps 168 
INFO : 2021-01-20 20:15:07,234 : episode: 607 score: 562.4 100 games avg: 562.4 steps 176 
INFO : 2021-01-20 20:16:01,847 : episode: 608 score: 423.2 100 games avg: 423.2 steps 148 
INFO : 2021-01-20 20:17:02,605 : episode: 609 score: 557.1 100 games avg: 557.1 steps 175 
INFO : 2021-01-20 20:17:59,856 : episode: 610 score: 506.9 100 games avg: 506.9 steps 166 
INFO : 2021-01-20 20:18:43,022 : episode: 611 score: 166.0 100 games avg: 166.0 steps 88 
INFO : 2021-01-20 20:19:44,348 : episode: 612 score: 604.5 100 games avg: 604.5 steps 187 
INFO : 2021-01-20 20:20:41,555 : episode: 613 score: 511.3 100 games avg: 511.3 steps 163 
INFO : 2021-01-20 20:21:32,792 : episode: 614 score: 359.4 100 games avg: 359.4 steps 133 
INFO : 2021-01-20 20:22:09,939 : episode: 615 score: 161.3 100 games avg: 161.3 steps 86 
INFO : 2021-01-20 20:23:11,296 : episode: 616 score: 593.3 100 games avg: 593.3 steps 184 
INFO : 2021-01-20 20:24:11,470 : episode: 617 score: 570.5 100 games avg: 570.5 steps 178 
INFO : 2021-01-20 20:25:10,759 : episode: 618 score: 514.4 100 games avg: 514.4 steps 165 
INFO : 2021-01-20 20:26:12,960 : episode: 619 score: 602.8 100 games avg: 602.8 steps 187 
INFO : 2021-01-20 20:26:56,361 : episode: 620 score: 157.8 100 games avg: 157.8 steps 85 
INFO : 2021-01-20 20:27:51,512 : episode: 621 score: 487.9 100 games avg: 487.9 steps 154 
INFO : 2021-01-20 20:28:41,951 : episode: 622 score: 580.0 100 games avg: 580.0 steps 180 
INFO : 2021-01-20 20:29:19,919 : episode: 623 score: 159.3 100 games avg: 159.3 steps 86 
INFO : 2021-01-20 20:30:23,461 : episode: 624 score: 524.3 100 games avg: 524.3 steps 166 
INFO : 2021-01-20 20:31:26,204 : episode: 625 score: 631.4 100 games avg: 631.4 steps 192 
INFO : 2021-01-20 20:32:23,826 : episode: 626 score: 500.2 100 games avg: 500.2 steps 162 
INFO : 2021-01-20 20:33:12,908 : episode: 627 score: 267.4 100 games avg: 267.4 steps 114 
INFO : 2021-01-20 20:34:13,270 : episode: 628 score: 567.1 100 games avg: 567.1 steps 176 
INFO : 2021-01-20 20:35:14,438 : episode: 629 score: 570.6 100 games avg: 570.6 steps 180 
INFO : 2021-01-20 20:35:58,575 : episode: 630 score: 166.3 100 games avg: 166.3 steps 87 
INFO : 2021-01-20 20:36:53,923 : episode: 631 score: 455.7 100 games avg: 455.7 steps 148 
INFO : 2021-01-20 20:37:55,033 : episode: 632 score: 580.9 100 games avg: 580.9 steps 179 
INFO : 2021-01-20 20:38:53,436 : episode: 633 score: 528.6 100 games avg: 528.6 steps 164 
INFO : 2021-01-20 20:39:56,169 : episode: 634 score: 598.2 100 games avg: 598.2 steps 186 
INFO : 2021-01-20 20:40:54,251 : episode: 635 score: 560.1 100 games avg: 560.1 steps 176 
INFO : 2021-01-20 20:41:46,678 : episode: 636 score: 577.9 100 games avg: 577.9 steps 180 
INFO : 2021-01-20 20:42:44,692 : episode: 637 score: 558.2 100 games avg: 558.2 steps 178 
INFO : 2021-01-20 20:43:47,748 : episode: 638 score: 604.1 100 games avg: 604.1 steps 188 
INFO : 2021-01-20 20:44:47,174 : episode: 639 score: 526.7 100 games avg: 526.7 steps 167 
INFO : 2021-01-20 20:45:46,123 : episode: 640 score: 509.9 100 games avg: 509.9 steps 165 
INFO : 2021-01-20 20:46:49,475 : episode: 641 score: 610.4 100 games avg: 610.4 steps 188 
INFO : 2021-01-20 20:47:48,592 : episode: 642 score: 556.4 100 games avg: 556.4 steps 175 
INFO : 2021-01-20 20:48:26,666 : episode: 643 score: 160.9 100 games avg: 160.9 steps 86 
INFO : 2021-01-20 20:49:27,262 : episode: 644 score: 510.1 100 games avg: 510.1 steps 165 
INFO : 2021-01-20 20:50:30,100 : episode: 645 score: 583.2 100 games avg: 583.2 steps 182 
INFO : 2021-01-20 20:51:29,107 : episode: 646 score: 524.3 100 games avg: 524.3 steps 167 
INFO : 2021-01-20 20:52:12,948 : episode: 647 score: 155.9 100 games avg: 155.9 steps 83 
INFO : 2021-01-20 20:53:11,249 : episode: 648 score: 494.9 100 games avg: 494.9 steps 158 
INFO : 2021-01-20 20:54:19,206 : episode: 649 score: 597.1 100 games avg: 597.1 steps 186 
INFO : 2021-01-20 20:55:24,556 : episode: 650 score: 579.5 100 games avg: 579.5 steps 183 
INFO : 2021-01-20 20:56:21,758 : episode: 651 score: 626.6 100 games avg: 626.6 steps 192 
INFO : 2021-01-20 20:57:20,397 : episode: 652 score: 507.6 100 games avg: 507.6 steps 163 
INFO : 2021-01-20 20:58:22,194 : episode: 653 score: 571.3 100 games avg: 571.3 steps 176 
INFO : 2021-01-20 20:59:25,098 : episode: 654 score: 548.4 100 games avg: 548.4 steps 181 
INFO : 2021-01-20 21:00:21,777 : episode: 655 score: 452.1 100 games avg: 452.1 steps 145 
INFO : 2021-01-20 21:01:24,932 : episode: 656 score: 567.9 100 games avg: 567.9 steps 179 
INFO : 2021-01-20 21:02:27,629 : episode: 657 score: 560.5 100 games avg: 560.5 steps 179 
INFO : 2021-01-20 21:03:27,787 : episode: 658 score: 513.2 100 games avg: 513.2 steps 165 
INFO : 2021-01-20 21:04:33,741 : episode: 659 score: 617.7 100 games avg: 617.7 steps 192 
INFO : 2021-01-20 21:05:33,187 : episode: 660 score: 581.2 100 games avg: 581.2 steps 182 
INFO : 2021-01-20 21:06:39,247 : episode: 661 score: 645.4 100 games avg: 645.4 steps 198 
INFO : 2021-01-20 21:07:46,569 : episode: 662 score: 625.8 100 games avg: 625.8 steps 202 
INFO : 2021-01-20 21:08:50,248 : episode: 663 score: 597.7 100 games avg: 597.7 steps 182 
INFO : 2021-01-20 21:09:54,880 : episode: 664 score: 605.6 100 games avg: 605.6 steps 187 
INFO : 2021-01-20 21:11:00,331 : episode: 665 score: 580.1 100 games avg: 580.1 steps 192 
INFO : 2021-01-20 21:12:07,454 : episode: 666 score: 612.4 100 games avg: 612.4 steps 196 
INFO : 2021-01-20 21:13:13,624 : episode: 667 score: 614.9 100 games avg: 614.9 steps 194 
INFO : 2021-01-20 21:14:20,295 : episode: 668 score: 554.1 100 games avg: 554.1 steps 188 
INFO : 2021-01-20 21:15:26,674 : episode: 669 score: 637.5 100 games avg: 637.5 steps 196 
INFO : 2021-01-20 21:16:33,788 : episode: 670 score: 609.7 100 games avg: 609.7 steps 200 
INFO : 2021-01-20 21:17:35,843 : episode: 671 score: 633.0 100 games avg: 633.0 steps 194 
INFO : 2021-01-20 21:18:39,861 : episode: 672 score: 587.8 100 games avg: 587.8 steps 182 
INFO : 2021-01-20 21:19:27,253 : episode: 673 score: 321.3 100 games avg: 321.3 steps 123 
INFO : 2021-01-20 21:20:23,034 : episode: 674 score: 607.4 100 games avg: 607.4 steps 187 
INFO : 2021-01-20 21:21:30,099 : episode: 675 score: 607.0 100 games avg: 607.0 steps 196 
INFO : 2021-01-20 21:22:35,276 : episode: 676 score: 599.5 100 games avg: 599.5 steps 185 
INFO : 2021-01-20 21:23:39,076 : episode: 677 score: 574.4 100 games avg: 574.4 steps 177 
INFO : 2021-01-20 21:24:41,378 : episode: 678 score: 607.1 100 games avg: 607.1 steps 187 
INFO : 2021-01-20 21:25:48,740 : episode: 679 score: 620.6 100 games avg: 620.6 steps 189 
INFO : 2021-01-20 21:26:55,779 : episode: 680 score: 633.9 100 games avg: 633.9 steps 193 
INFO : 2021-01-20 21:27:57,928 : episode: 681 score: 589.6 100 games avg: 589.6 steps 197 
INFO : 2021-01-20 21:28:59,316 : episode: 682 score: 496.6 100 games avg: 496.6 steps 162 
INFO : 2021-01-20 21:30:01,006 : episode: 683 score: 478.1 100 games avg: 478.1 steps 157 
INFO : 2021-01-20 21:31:03,118 : episode: 684 score: 513.4 100 games avg: 513.4 steps 165 
INFO : 2021-01-20 21:32:08,208 : episode: 685 score: 546.2 100 games avg: 546.2 steps 183 
INFO : 2021-01-20 21:33:07,196 : episode: 686 score: 602.3 100 games avg: 602.3 steps 185 
INFO : 2021-01-20 21:34:14,316 : episode: 687 score: 589.6 100 games avg: 589.6 steps 181 
INFO : 2021-01-20 21:35:20,995 : episode: 688 score: 590.1 100 games avg: 590.1 steps 187 
INFO : 2021-01-20 21:36:22,038 : episode: 689 score: 465.5 100 games avg: 465.5 steps 157 
INFO : 2021-01-20 21:37:29,904 : episode: 690 score: 623.0 100 games avg: 623.0 steps 194 
INFO : 2021-01-20 21:38:34,982 : episode: 691 score: 587.1 100 games avg: 587.1 steps 179 
INFO : 2021-01-20 21:39:39,657 : episode: 692 score: 541.0 100 games avg: 541.0 steps 171 
INFO : 2021-01-20 21:40:44,276 : episode: 693 score: 561.9 100 games avg: 561.9 steps 175 
INFO : 2021-01-20 21:41:46,883 : episode: 694 score: 510.1 100 games avg: 510.1 steps 165 
INFO : 2021-01-20 21:42:54,451 : episode: 695 score: 606.5 100 games avg: 606.5 steps 192 
INFO : 2021-01-20 21:44:02,006 : episode: 696 score: 605.1 100 games avg: 605.1 steps 188 
INFO : 2021-01-20 21:45:03,575 : episode: 697 score: 521.8 100 games avg: 521.8 steps 160 
INFO : 2021-01-20 21:46:09,423 : episode: 698 score: 587.3 100 games avg: 587.3 steps 182 
INFO : 2021-01-20 21:47:12,864 : episode: 699 score: 595.0 100 games avg: 595.0 steps 182 
INFO : 2021-01-20 21:48:18,249 : episode: 700 score: 563.0 100 games avg: 563.0 steps 177 
INFO : 2021-01-20 21:49:26,856 : episode: 701 score: 616.7 100 games avg: 616.7 steps 195 
INFO : 2021-01-20 21:50:32,323 : episode: 702 score: 569.0 100 games avg: 569.0 steps 177 
INFO : 2021-01-20 21:51:34,998 : episode: 703 score: 500.7 100 games avg: 500.7 steps 162 
INFO : 2021-01-20 21:52:41,589 : episode: 704 score: 603.0 100 games avg: 603.0 steps 183 
INFO : 2021-01-20 21:53:32,689 : episode: 705 score: 509.4 100 games avg: 509.4 steps 156 
INFO : 2021-01-20 21:54:24,765 : episode: 706 score: 542.9 100 games avg: 542.9 steps 169 
INFO : 2021-01-20 21:55:18,357 : episode: 707 score: 581.6 100 games avg: 581.6 steps 178 
INFO : 2021-01-20 21:56:19,464 : episode: 708 score: 610.5 100 games avg: 610.5 steps 187 
INFO : 2021-01-20 21:57:28,216 : episode: 709 score: 632.0 100 games avg: 632.0 steps 192 
INFO : 2021-01-20 21:58:32,652 : episode: 710 score: 557.8 100 games avg: 557.8 steps 169 
INFO : 2021-01-20 21:59:37,653 : episode: 711 score: 542.9 100 games avg: 542.9 steps 172 
INFO : 2021-01-20 22:00:44,076 : episode: 712 score: 603.2 100 games avg: 603.2 steps 179 
INFO : 2021-01-20 22:01:54,430 : episode: 713 score: 610.9 100 games avg: 610.9 steps 185 
INFO : 2021-01-20 22:02:59,964 : episode: 714 score: 508.2 100 games avg: 508.2 steps 161 
INFO : 2021-01-20 22:04:05,772 : episode: 715 score: 574.5 100 games avg: 574.5 steps 174 
INFO : 2021-01-20 22:05:08,148 : episode: 716 score: 482.3 100 games avg: 482.3 steps 155 
INFO : 2021-01-20 22:06:16,033 : episode: 717 score: 601.8 100 games avg: 601.8 steps 187 
INFO : 2021-01-20 22:07:20,080 : episode: 718 score: 511.2 100 games avg: 511.2 steps 157 
INFO : 2021-01-20 22:08:25,933 : episode: 719 score: 576.9 100 games avg: 576.9 steps 179 
INFO : 2021-01-20 22:09:16,886 : episode: 720 score: 174.8 100 games avg: 174.8 steps 92 
INFO : 2021-01-20 22:10:25,793 : episode: 721 score: 629.0 100 games avg: 629.0 steps 190 
INFO : 2021-01-20 22:11:35,514 : episode: 722 score: 617.1 100 games avg: 617.1 steps 189 
INFO : 2021-01-20 22:12:36,993 : episode: 723 score: 465.8 100 games avg: 465.8 steps 149 
INFO : 2021-01-20 22:13:38,269 : episode: 724 score: 375.3 100 games avg: 375.3 steps 147 
INFO : 2021-01-20 22:14:41,256 : episode: 725 score: 494.9 100 games avg: 494.9 steps 156 
INFO : 2021-01-20 22:15:50,479 : episode: 726 score: 614.2 100 games avg: 614.2 steps 190 
INFO : 2021-01-20 22:16:55,900 : episode: 727 score: 547.2 100 games avg: 547.2 steps 168 
INFO : 2021-01-20 22:18:10,506 : episode: 728 score: 638.1 100 games avg: 638.1 steps 218 
INFO : 2021-01-20 22:19:16,858 : episode: 729 score: 552.0 100 games avg: 552.0 steps 173 
INFO : 2021-01-20 22:20:20,815 : episode: 730 score: 467.8 100 games avg: 467.8 steps 155 
INFO : 2021-01-20 22:21:27,799 : episode: 731 score: 619.4 100 games avg: 619.4 steps 186 
INFO : 2021-01-20 22:22:31,598 : episode: 732 score: 487.4 100 games avg: 487.4 steps 157 
INFO : 2021-01-20 22:23:35,577 : episode: 733 score: 497.6 100 games avg: 497.6 steps 158 
INFO : 2021-01-20 22:24:45,699 : episode: 734 score: 639.4 100 games avg: 639.4 steps 196 
INFO : 2021-01-20 22:25:52,177 : episode: 735 score: 545.1 100 games avg: 545.1 steps 168 
INFO : 2021-01-20 22:27:07,304 : episode: 736 score: 680.9 100 games avg: 680.9 steps 218 
INFO : 2021-01-20 22:28:07,500 : episode: 737 score: 582.9 100 games avg: 582.9 steps 176 
INFO : 2021-01-20 22:29:09,910 : episode: 738 score: 646.0 100 games avg: 646.0 steps 217 
INFO : 2021-01-20 22:30:14,045 : episode: 739 score: 621.8 100 games avg: 621.8 steps 218 
INFO : 2021-01-20 22:31:23,751 : episode: 740 score: 595.0 100 games avg: 595.0 steps 182 
INFO : 2021-01-20 22:32:28,270 : episode: 741 score: 482.3 100 games avg: 482.3 steps 157 
INFO : 2021-01-20 22:33:42,768 : episode: 742 score: 678.5 100 games avg: 678.5 steps 212 
INFO : 2021-01-20 22:34:54,230 : episode: 743 score: 475.9 100 games avg: 475.9 steps 153 
INFO : 2021-01-20 22:36:03,521 : episode: 744 score: 616.9 100 games avg: 616.9 steps 184 
INFO : 2021-01-20 22:37:18,989 : episode: 745 score: 645.3 100 games avg: 645.3 steps 216 
INFO : 2021-01-20 22:38:25,800 : episode: 746 score: 589.9 100 games avg: 589.9 steps 186 
INFO : 2021-01-20 22:39:19,095 : episode: 747 score: 516.5 100 games avg: 516.5 steps 159 
INFO : 2021-01-20 22:40:30,024 : episode: 748 score: 619.1 100 games avg: 619.1 steps 190 
INFO : 2021-01-20 22:41:30,855 : episode: 749 score: 383.2 100 games avg: 383.2 steps 135 
INFO : 2021-01-20 22:42:39,635 : episode: 750 score: 581.8 100 games avg: 581.8 steps 177 
INFO : 2021-01-20 22:43:46,016 : episode: 751 score: 524.4 100 games avg: 524.4 steps 164 
INFO : 2021-01-20 22:44:56,867 : episode: 752 score: 609.4 100 games avg: 609.4 steps 188 
INFO : 2021-01-20 22:46:04,173 : episode: 753 score: 538.8 100 games avg: 538.8 steps 169 
INFO : 2021-01-20 22:47:10,335 : episode: 754 score: 493.4 100 games avg: 493.4 steps 162 
INFO : 2021-01-20 22:48:21,457 : episode: 755 score: 638.3 100 games avg: 638.3 steps 197 
INFO : 2021-01-20 22:49:16,699 : episode: 756 score: 503.1 100 games avg: 503.1 steps 164 
INFO : 2021-01-20 22:50:23,308 : episode: 757 score: 528.7 100 games avg: 528.7 steps 164 
INFO : 2021-01-20 22:51:20,624 : episode: 758 score: 610.5 100 games avg: 610.5 steps 180 
INFO : 2021-01-20 22:52:24,825 : episode: 759 score: 370.2 100 games avg: 370.2 steps 136 
INFO : 2021-01-20 22:53:37,894 : episode: 760 score: 599.4 100 games avg: 599.4 steps 183 
INFO : 2021-01-20 22:54:48,249 : episode: 761 score: 598.4 100 games avg: 598.4 steps 184 
INFO : 2021-01-20 22:55:56,553 : episode: 762 score: 570.9 100 games avg: 570.9 steps 171 
INFO : 2021-01-20 22:57:07,693 : episode: 763 score: 615.3 100 games avg: 615.3 steps 185 
INFO : 2021-01-20 22:58:13,730 : episode: 764 score: 605.4 100 games avg: 605.4 steps 181 
INFO : 2021-01-20 22:59:18,851 : episode: 765 score: 470.3 100 games avg: 470.3 steps 151 
INFO : 2021-01-20 23:00:32,376 : episode: 766 score: 601.4 100 games avg: 601.4 steps 184 
INFO : 2021-01-20 23:01:46,119 : episode: 767 score: 596.2 100 games avg: 596.2 steps 199 
INFO : 2021-01-20 23:02:57,120 : episode: 768 score: 597.7 100 games avg: 597.7 steps 177 
INFO : 2021-01-20 23:04:05,217 : episode: 769 score: 477.2 100 games avg: 477.2 steps 157 
INFO : 2021-01-20 23:05:18,426 : episode: 770 score: 619.7 100 games avg: 619.7 steps 186 
INFO : 2021-01-20 23:06:31,176 : episode: 771 score: 599.3 100 games avg: 599.3 steps 183 
INFO : 2021-01-20 23:07:47,258 : episode: 772 score: 654.7 100 games avg: 654.7 steps 200 
INFO : 2021-01-20 23:08:57,326 : episode: 773 score: 557.1 100 games avg: 557.1 steps 167 
INFO : 2021-01-20 23:10:03,995 : episode: 774 score: 510.5 100 games avg: 510.5 steps 156 
INFO : 2021-01-20 23:11:13,308 : episode: 775 score: 517.1 100 games avg: 517.1 steps 163 
INFO : 2021-01-20 23:12:22,366 : episode: 776 score: 491.8 100 games avg: 491.8 steps 153 
INFO : 2021-01-20 23:13:35,586 : episode: 777 score: 609.8 100 games avg: 609.8 steps 184 
INFO : 2021-01-20 23:14:51,999 : episode: 778 score: 660.0 100 games avg: 660.0 steps 201 
INFO : 2021-01-20 23:16:07,722 : episode: 779 score: 615.0 100 games avg: 615.0 steps 195 
INFO : 2021-01-20 23:17:11,812 : episode: 780 score: 350.2 100 games avg: 350.2 steps 132 
INFO : 2021-01-20 23:18:21,169 : episode: 781 score: 518.3 100 games avg: 518.3 steps 160 
INFO : 2021-01-20 23:19:35,417 : episode: 782 score: 633.7 100 games avg: 633.7 steps 192 
INFO : 2021-01-20 23:20:42,984 : episode: 783 score: 475.1 100 games avg: 475.1 steps 154 
INFO : 2021-01-20 23:21:57,747 : episode: 784 score: 650.9 100 games avg: 650.9 steps 198 
INFO : 2021-01-20 23:23:14,384 : episode: 785 score: 613.2 100 games avg: 613.2 steps 208 
INFO : 2021-01-20 23:24:28,556 : episode: 786 score: 631.6 100 games avg: 631.6 steps 193 
INFO : 2021-01-20 23:25:41,171 : episode: 787 score: 615.8 100 games avg: 615.8 steps 185 
INFO : 2021-01-20 23:26:56,778 : episode: 788 score: 649.1 100 games avg: 649.1 steps 201 
INFO : 2021-01-20 23:28:04,207 : episode: 789 score: 499.9 100 games avg: 499.9 steps 156 
INFO : 2021-01-20 23:29:11,162 : episode: 790 score: 462.4 100 games avg: 462.4 steps 153 
INFO : 2021-01-20 23:30:23,691 : episode: 791 score: 598.3 100 games avg: 598.3 steps 183 
INFO : 2021-01-20 23:31:26,735 : episode: 792 score: 592.2 100 games avg: 592.2 steps 177 
INFO : 2021-01-20 23:32:29,110 : episode: 793 score: 640.1 100 games avg: 640.1 steps 193 
INFO : 2021-01-20 23:33:34,550 : episode: 794 score: 546.0 100 games avg: 546.0 steps 172 
INFO : 2021-01-20 23:34:48,447 : episode: 795 score: 595.2 100 games avg: 595.2 steps 189 
INFO : 2021-01-20 23:35:59,535 : episode: 796 score: 585.4 100 games avg: 585.4 steps 173 
INFO : 2021-01-20 23:37:13,219 : episode: 797 score: 584.3 100 games avg: 584.3 steps 179 
INFO : 2021-01-20 23:38:29,162 : episode: 798 score: 637.3 100 games avg: 637.3 steps 196 
INFO : 2021-01-20 23:39:43,383 : episode: 799 score: 598.1 100 games avg: 598.1 steps 187 
INFO : 2021-01-20 23:40:54,078 : episode: 800 score: 562.6 100 games avg: 562.6 steps 168 
INFO : 2021-01-20 23:42:05,712 : episode: 801 score: 566.0 100 games avg: 566.0 steps 172 
INFO : 2021-01-20 23:43:14,190 : episode: 802 score: 458.0 100 games avg: 458.0 steps 153 
INFO : 2021-01-20 23:44:24,433 : episode: 803 score: 523.1 100 games avg: 523.1 steps 161 
INFO : 2021-01-20 23:45:37,421 : episode: 804 score: 583.9 100 games avg: 583.9 steps 182 
INFO : 2021-01-20 23:46:38,394 : episode: 805 score: 575.7 100 games avg: 575.7 steps 176 
INFO : 2021-01-20 23:47:55,017 : episode: 806 score: 649.7 100 games avg: 649.7 steps 197 
INFO : 2021-01-20 23:49:11,188 : episode: 807 score: 640.6 100 games avg: 640.6 steps 196 
INFO : 2021-01-20 23:50:24,889 : episode: 808 score: 606.8 100 games avg: 606.8 steps 187 
INFO : 2021-01-20 23:51:40,732 : episode: 809 score: 632.4 100 games avg: 632.4 steps 191 
INFO : 2021-01-20 23:52:54,176 : episode: 810 score: 568.6 100 games avg: 568.6 steps 178 
INFO : 2021-01-20 23:54:05,375 : episode: 811 score: 567.4 100 games avg: 567.4 steps 172 
INFO : 2021-01-20 23:55:17,112 : episode: 812 score: 625.0 100 games avg: 625.0 steps 187 
INFO : 2021-01-20 23:56:27,372 : episode: 813 score: 532.9 100 games avg: 532.9 steps 163 
INFO : 2021-01-20 23:57:43,668 : episode: 814 score: 643.4 100 games avg: 643.4 steps 196 
INFO : 2021-01-20 23:58:56,449 : episode: 815 score: 594.4 100 games avg: 594.4 steps 178 
INFO : 2021-01-21 00:00:13,112 : episode: 816 score: 632.7 100 games avg: 632.7 steps 196 
INFO : 2021-01-21 00:01:30,151 : episode: 817 score: 593.0 100 games avg: 593.0 steps 175 
INFO : 2021-01-21 00:02:43,211 : episode: 818 score: 594.7 100 games avg: 594.7 steps 183 
INFO : 2021-01-21 00:03:57,747 : episode: 819 score: 570.3 100 games avg: 570.3 steps 183 
INFO : 2021-01-21 00:05:03,420 : episode: 820 score: 546.7 100 games avg: 546.7 steps 171 
INFO : 2021-01-21 00:06:16,527 : episode: 821 score: 577.1 100 games avg: 577.1 steps 176 
INFO : 2021-01-21 00:07:32,436 : episode: 822 score: 587.6 100 games avg: 587.6 steps 190 
INFO : 2021-01-21 00:08:46,055 : episode: 823 score: 600.0 100 games avg: 600.0 steps 177 
INFO : 2021-01-21 00:10:02,365 : episode: 824 score: 634.6 100 games avg: 634.6 steps 192 
INFO : 2021-01-21 00:11:21,908 : episode: 825 score: 627.2 100 games avg: 627.2 steps 193 
INFO : 2021-01-21 00:12:35,184 : episode: 826 score: 582.2 100 games avg: 582.2 steps 174 
INFO : 2021-01-21 00:13:51,254 : episode: 827 score: 594.4 100 games avg: 594.4 steps 190 
INFO : 2021-01-21 00:15:00,146 : episode: 828 score: 460.9 100 games avg: 460.9 steps 150 
INFO : 2021-01-21 00:16:12,231 : episode: 829 score: 638.5 100 games avg: 638.5 steps 194 
INFO : 2021-01-21 00:17:25,805 : episode: 830 score: 578.9 100 games avg: 578.9 steps 174 
INFO : 2021-01-21 00:18:42,780 : episode: 831 score: 603.0 100 games avg: 603.0 steps 190 
INFO : 2021-01-21 00:20:00,579 : episode: 832 score: 640.9 100 games avg: 640.9 steps 196 
INFO : 2021-01-21 00:21:18,987 : episode: 833 score: 652.2 100 games avg: 652.2 steps 203 
INFO : 2021-01-21 00:22:38,222 : episode: 834 score: 657.6 100 games avg: 657.6 steps 205 
INFO : 2021-01-21 00:23:56,120 : episode: 835 score: 640.9 100 games avg: 640.9 steps 199 
INFO : 2021-01-21 00:25:14,052 : episode: 836 score: 615.6 100 games avg: 615.6 steps 197 
INFO : 2021-01-21 00:26:26,761 : episode: 837 score: 549.8 100 games avg: 549.8 steps 168 
INFO : 2021-01-21 00:27:43,474 : episode: 838 score: 617.7 100 games avg: 617.7 steps 190 
INFO : 2021-01-21 00:29:01,204 : episode: 839 score: 609.1 100 games avg: 609.1 steps 189 
INFO : 2021-01-21 00:30:16,181 : episode: 840 score: 547.7 100 games avg: 547.7 steps 181 
INFO : 2021-01-21 00:31:32,724 : episode: 841 score: 597.2 100 games avg: 597.2 steps 188 
INFO : 2021-01-21 00:32:47,086 : episode: 842 score: 586.3 100 games avg: 586.3 steps 175 
INFO : 2021-01-21 00:33:59,257 : episode: 843 score: 485.6 100 games avg: 485.6 steps 159 
INFO : 2021-01-21 00:35:09,091 : episode: 844 score: 456.8 100 games avg: 456.8 steps 150 
INFO : 2021-01-21 00:36:25,745 : episode: 845 score: 581.3 100 games avg: 581.3 steps 183 
INFO : 2021-01-21 00:37:38,234 : episode: 846 score: 638.5 100 games avg: 638.5 steps 197 
INFO : 2021-01-21 00:38:55,823 : episode: 847 score: 621.9 100 games avg: 621.9 steps 189 
INFO : 2021-01-21 00:40:10,512 : episode: 848 score: 556.9 100 games avg: 556.9 steps 174 
INFO : 2021-01-21 00:41:17,531 : episode: 849 score: 354.9 100 games avg: 354.9 steps 133 
INFO : 2021-01-21 00:42:38,658 : episode: 850 score: 671.2 100 games avg: 671.2 steps 206 
INFO : 2021-01-21 00:43:52,103 : episode: 851 score: 549.5 100 games avg: 549.5 steps 168 
INFO : 2021-01-21 00:45:09,959 : episode: 852 score: 629.8 100 games avg: 629.8 steps 192 
INFO : 2021-01-21 00:46:23,584 : episode: 853 score: 521.1 100 games avg: 521.1 steps 168 
INFO : 2021-01-21 00:47:44,986 : episode: 854 score: 647.2 100 games avg: 647.2 steps 207 
INFO : 2021-01-21 00:49:07,314 : episode: 855 score: 648.6 100 games avg: 648.6 steps 203 
INFO : 2021-01-21 00:50:23,784 : episode: 856 score: 593.0 100 games avg: 593.0 steps 182 
INFO : 2021-01-21 00:51:39,377 : episode: 857 score: 570.3 100 games avg: 570.3 steps 177 
INFO : 2021-01-21 00:52:48,688 : episode: 858 score: 368.7 100 games avg: 368.7 steps 141 
INFO : 2021-01-21 00:54:10,107 : episode: 859 score: 665.0 100 games avg: 665.0 steps 208 
INFO : 2021-01-21 00:55:31,628 : episode: 860 score: 657.0 100 games avg: 657.0 steps 207 
INFO : 2021-01-21 00:56:52,096 : episode: 861 score: 649.3 100 games avg: 649.3 steps 201 
INFO : 2021-01-21 00:58:07,167 : episode: 862 score: 554.2 100 games avg: 554.2 steps 172 
INFO : 2021-01-21 00:59:26,183 : episode: 863 score: 620.9 100 games avg: 620.9 steps 188 
INFO : 2021-01-21 01:00:46,155 : episode: 864 score: 618.7 100 games avg: 618.7 steps 198 
INFO : 2021-01-21 01:02:08,356 : episode: 865 score: 665.1 100 games avg: 665.1 steps 204 
INFO : 2021-01-21 01:03:10,851 : episode: 866 score: 623.8 100 games avg: 623.8 steps 193 
INFO : 2021-01-21 01:04:27,642 : episode: 867 score: 661.1 100 games avg: 661.1 steps 203 
INFO : 2021-01-21 01:05:46,743 : episode: 868 score: 627.4 100 games avg: 627.4 steps 192 
INFO : 2021-01-21 01:07:09,663 : episode: 869 score: 688.5 100 games avg: 688.5 steps 211 
INFO : 2021-01-21 01:08:31,129 : episode: 870 score: 634.4 100 games avg: 634.4 steps 201 
INFO : 2021-01-21 01:09:51,453 : episode: 871 score: 632.0 100 games avg: 632.0 steps 196 
INFO : 2021-01-21 01:11:08,928 : episode: 872 score: 579.5 100 games avg: 579.5 steps 180 
INFO : 2021-01-21 01:12:22,814 : episode: 873 score: 672.2 100 games avg: 672.2 steps 206 
INFO : 2021-01-21 01:13:45,034 : episode: 874 score: 653.3 100 games avg: 653.3 steps 204 
INFO : 2021-01-21 01:15:08,770 : episode: 875 score: 661.4 100 games avg: 661.4 steps 210 
INFO : 2021-01-21 01:16:26,644 : episode: 876 score: 594.2 100 games avg: 594.2 steps 186 
INFO : 2021-01-21 01:17:58,503 : episode: 877 score: 662.9 100 games avg: 662.9 steps 214 
INFO : 2021-01-21 01:19:18,126 : episode: 878 score: 618.8 100 games avg: 618.8 steps 191 
INFO : 2021-01-21 01:20:39,245 : episode: 879 score: 579.5 100 games avg: 579.5 steps 198 
INFO : 2021-01-21 01:22:02,774 : episode: 880 score: 677.8 100 games avg: 677.8 steps 211 
INFO : 2021-01-21 01:23:24,353 : episode: 881 score: 646.1 100 games avg: 646.1 steps 199 
INFO : 2021-01-21 01:24:35,953 : episode: 882 score: 619.5 100 games avg: 619.5 steps 192 
INFO : 2021-01-21 01:26:12,737 : episode: 883 score: 660.8 100 games avg: 660.8 steps 207 
INFO : 2021-01-21 01:27:41,817 : episode: 884 score: 596.1 100 games avg: 596.1 steps 193 
INFO : 2021-01-21 01:29:02,864 : episode: 885 score: 634.8 100 games avg: 634.8 steps 193 
INFO : 2021-01-21 01:30:25,056 : episode: 886 score: 644.6 100 games avg: 644.6 steps 199 
INFO : 2021-01-21 01:31:46,255 : episode: 887 score: 631.2 100 games avg: 631.2 steps 192 
INFO : 2021-01-21 01:33:08,750 : episode: 888 score: 656.0 100 games avg: 656.0 steps 203 
INFO : 2021-01-21 01:34:19,715 : episode: 889 score: 561.6 100 games avg: 561.6 steps 173 
INFO : 2021-01-21 01:35:40,299 : episode: 890 score: 613.6 100 games avg: 613.6 steps 184 
INFO : 2021-01-21 01:37:00,533 : episode: 891 score: 605.6 100 games avg: 605.6 steps 186 
INFO : 2021-01-21 01:38:22,579 : episode: 892 score: 625.2 100 games avg: 625.2 steps 198 
INFO : 2021-01-21 01:39:45,284 : episode: 893 score: 653.6 100 games avg: 653.6 steps 202 
INFO : 2021-01-21 01:41:07,087 : episode: 894 score: 617.4 100 games avg: 617.4 steps 196 
INFO : 2021-01-21 01:42:17,440 : episode: 895 score: 353.7 100 games avg: 353.7 steps 133 
INFO : 2021-01-21 01:43:40,223 : episode: 896 score: 641.4 100 games avg: 641.4 steps 200 
INFO : 2021-01-21 01:44:58,458 : episode: 897 score: 558.9 100 games avg: 558.9 steps 173 
INFO : 2021-01-21 01:46:16,131 : episode: 898 score: 544.5 100 games avg: 544.5 steps 169 
INFO : 2021-01-21 01:47:40,247 : episode: 899 score: 657.6 100 games avg: 657.6 steps 204 
INFO : 2021-01-21 01:49:04,441 : episode: 900 score: 614.5 100 games avg: 614.5 steps 198 
INFO : 2021-01-21 01:50:30,408 : episode: 901 score: 670.9 100 games avg: 670.9 steps 217 
INFO : 2021-01-21 01:51:52,159 : episode: 902 score: 624.9 100 games avg: 624.9 steps 192 
INFO : 2021-01-21 01:53:11,078 : episode: 903 score: 541.6 100 games avg: 541.6 steps 172 
INFO : 2021-01-21 01:54:37,871 : episode: 904 score: 591.0 100 games avg: 591.0 steps 183 
INFO : 2021-01-21 01:55:48,124 : episode: 905 score: 599.9 100 games avg: 599.9 steps 191 
INFO : 2021-01-21 01:56:50,201 : episode: 906 score: 520.3 100 games avg: 520.3 steps 168 
INFO : 2021-01-21 01:58:08,944 : episode: 907 score: 621.5 100 games avg: 621.5 steps 188 
INFO : 2021-01-21 01:59:32,212 : episode: 908 score: 641.7 100 games avg: 641.7 steps 199 
INFO : 2021-01-21 02:00:54,428 : episode: 909 score: 614.2 100 games avg: 614.2 steps 193 
INFO : 2021-01-21 02:02:13,173 : episode: 910 score: 537.6 100 games avg: 537.6 steps 172 
INFO : 2021-01-21 02:03:38,730 : episode: 911 score: 656.7 100 games avg: 656.7 steps 208 
INFO : 2021-01-21 02:04:51,448 : episode: 912 score: 520.4 100 games avg: 520.4 steps 165 
INFO : 2021-01-21 02:06:13,831 : episode: 913 score: 602.9 100 games avg: 602.9 steps 186 
INFO : 2021-01-21 02:07:37,563 : episode: 914 score: 603.6 100 games avg: 603.6 steps 198 
INFO : 2021-01-21 02:08:57,184 : episode: 915 score: 559.5 100 games avg: 559.5 steps 174 
INFO : 2021-01-21 02:10:13,212 : episode: 916 score: 659.9 100 games avg: 659.9 steps 205 
INFO : 2021-01-21 02:11:38,078 : episode: 917 score: 625.4 100 games avg: 625.4 steps 195 
INFO : 2021-01-21 02:13:03,268 : episode: 918 score: 656.3 100 games avg: 656.3 steps 205 
INFO : 2021-01-21 02:14:29,320 : episode: 919 score: 653.6 100 games avg: 653.6 steps 207 
INFO : 2021-01-21 02:15:54,296 : episode: 920 score: 640.4 100 games avg: 640.4 steps 204 
INFO : 2021-01-21 02:17:18,595 : episode: 921 score: 629.5 100 games avg: 629.5 steps 199 
INFO : 2021-01-21 02:18:43,423 : episode: 922 score: 635.0 100 games avg: 635.0 steps 203 
INFO : 2021-01-21 02:20:08,015 : episode: 923 score: 605.5 100 games avg: 605.5 steps 195 
INFO : 2021-01-21 02:21:28,962 : episode: 924 score: 557.7 100 games avg: 557.7 steps 178 
INFO : 2021-01-21 02:22:50,712 : episode: 925 score: 577.2 100 games avg: 577.2 steps 183 
INFO : 2021-01-21 02:24:12,885 : episode: 926 score: 597.6 100 games avg: 597.6 steps 186 
INFO : 2021-01-21 02:25:39,980 : episode: 927 score: 653.1 100 games avg: 653.1 steps 207 
INFO : 2021-01-21 02:26:48,621 : episode: 928 score: 595.4 100 games avg: 595.4 steps 188 
INFO : 2021-01-21 02:28:14,124 : episode: 929 score: 622.8 100 games avg: 622.8 steps 203 
INFO : 2021-01-21 02:29:32,345 : episode: 930 score: 488.0 100 games avg: 488.0 steps 160 
INFO : 2021-01-21 02:30:52,605 : episode: 931 score: 527.9 100 games avg: 527.9 steps 172 
INFO : 2021-01-21 02:32:12,655 : episode: 932 score: 613.8 100 games avg: 613.8 steps 185 
INFO : 2021-01-21 02:33:34,389 : episode: 933 score: 578.9 100 games avg: 578.9 steps 179 
INFO : 2021-01-21 02:34:59,909 : episode: 934 score: 649.9 100 games avg: 649.9 steps 208 
INFO : 2021-01-21 02:36:22,876 : episode: 935 score: 574.5 100 games avg: 574.5 steps 186 
INFO : 2021-01-21 02:37:45,203 : episode: 936 score: 555.1 100 games avg: 555.1 steps 178 
INFO : 2021-01-21 02:39:06,140 : episode: 937 score: 558.8 100 games avg: 558.8 steps 174 
INFO : 2021-01-21 02:40:32,534 : episode: 938 score: 644.5 100 games avg: 644.5 steps 204 
INFO : 2021-01-21 02:41:54,250 : episode: 939 score: 565.5 100 games avg: 565.5 steps 176 
INFO : 2021-01-21 02:43:20,723 : episode: 940 score: 626.9 100 games avg: 626.9 steps 201 
INFO : 2021-01-21 02:44:43,482 : episode: 941 score: 594.4 100 games avg: 594.4 steps 182 
INFO : 2021-01-21 02:46:04,074 : episode: 942 score: 545.6 100 games avg: 545.6 steps 170 
INFO : 2021-01-21 02:47:30,324 : episode: 943 score: 619.7 100 games avg: 619.7 steps 201 
INFO : 2021-01-21 02:48:55,918 : episode: 944 score: 631.7 100 games avg: 631.7 steps 197 
INFO : 2021-01-21 02:50:19,997 : episode: 945 score: 603.4 100 games avg: 603.4 steps 188 
INFO : 2021-01-21 02:51:47,096 : episode: 946 score: 648.6 100 games avg: 648.6 steps 205 
INFO : 2021-01-21 02:53:14,006 : episode: 947 score: 611.6 100 games avg: 611.6 steps 203 
INFO : 2021-01-21 02:54:31,303 : episode: 948 score: 445.0 100 games avg: 445.0 steps 153 
INFO : 2021-01-21 02:55:55,593 : episode: 949 score: 584.9 100 games avg: 584.9 steps 184 
INFO : 2021-01-21 02:57:17,456 : episode: 950 score: 554.9 100 games avg: 554.9 steps 175 
INFO : 2021-01-21 02:58:38,584 : episode: 951 score: 635.4 100 games avg: 635.4 steps 194 
INFO : 2021-01-21 03:00:00,725 : episode: 952 score: 524.5 100 games avg: 524.5 steps 175 
INFO : 2021-01-21 03:01:28,814 : episode: 953 score: 626.0 100 games avg: 626.0 steps 209 
INFO : 2021-01-21 03:02:53,126 : episode: 954 score: 596.5 100 games avg: 596.5 steps 186 
INFO : 2021-01-21 03:04:17,309 : episode: 955 score: 581.3 100 games avg: 581.3 steps 183 
INFO : 2021-01-21 03:05:40,341 : episode: 956 score: 584.8 100 games avg: 584.8 steps 179 
INFO : 2021-01-21 03:07:02,440 : episode: 957 score: 555.8 100 games avg: 555.8 steps 174 
INFO : 2021-01-21 03:08:31,462 : episode: 958 score: 625.9 100 games avg: 625.9 steps 208 
INFO : 2021-01-21 03:09:56,615 : episode: 959 score: 608.4 100 games avg: 608.4 steps 182 
INFO : 2021-01-21 03:11:21,841 : episode: 960 score: 582.7 100 games avg: 582.7 steps 186 
INFO : 2021-01-21 03:12:47,918 : episode: 961 score: 607.2 100 games avg: 607.2 steps 194 
INFO : 2021-01-21 03:14:16,733 : episode: 962 score: 622.4 100 games avg: 622.4 steps 208 
INFO : 2021-01-21 03:15:45,748 : episode: 963 score: 627.8 100 games avg: 627.8 steps 208 
INFO : 2021-01-21 03:17:12,435 : episode: 964 score: 646.2 100 games avg: 646.2 steps 195 
INFO : 2021-01-21 03:18:28,792 : episode: 965 score: 370.0 100 games avg: 370.0 steps 138 
INFO : 2021-01-21 03:19:25,684 : episode: 966 score: 63.4 100 games avg: 63.4 steps 36 
INFO : 2021-01-21 03:20:50,348 : episode: 967 score: 593.5 100 games avg: 593.5 steps 182 
INFO : 2021-01-21 03:22:12,740 : episode: 968 score: 551.4 100 games avg: 551.4 steps 172 
INFO : 2021-01-21 03:23:36,218 : episode: 969 score: 578.0 100 games avg: 578.0 steps 177 
INFO : 2021-01-21 03:25:00,996 : episode: 970 score: 570.8 100 games avg: 570.8 steps 187 
INFO : 2021-01-21 03:26:23,916 : episode: 971 score: 542.9 100 games avg: 542.9 steps 172 
INFO : 2021-01-21 03:27:51,735 : episode: 972 score: 596.8 100 games avg: 596.8 steps 198 
INFO : 2021-01-21 03:29:17,231 : episode: 973 score: 576.2 100 games avg: 576.2 steps 185 
INFO : 2021-01-21 03:30:42,356 : episode: 974 score: 600.3 100 games avg: 600.3 steps 183 
INFO : 2021-01-21 03:32:11,556 : episode: 975 score: 653.3 100 games avg: 653.3 steps 206 
INFO : 2021-01-21 03:33:36,445 : episode: 976 score: 573.2 100 games avg: 573.2 steps 181 
INFO : 2021-01-21 03:35:02,031 : episode: 977 score: 541.0 100 games avg: 541.0 steps 174 
INFO : 2021-01-21 03:36:26,910 : episode: 978 score: 555.9 100 games avg: 555.9 steps 170 
INFO : 2021-01-21 03:37:51,618 : episode: 979 score: 570.8 100 games avg: 570.8 steps 171 
INFO : 2021-01-21 03:39:14,266 : episode: 980 score: 541.5 100 games avg: 541.5 steps 165 
INFO : 2021-01-21 03:40:40,226 : episode: 981 score: 503.7 100 games avg: 503.7 steps 186 
INFO : 2021-01-21 03:42:02,978 : episode: 982 score: 555.1 100 games avg: 555.1 steps 168 
INFO : 2021-01-21 03:43:26,527 : episode: 983 score: 558.4 100 games avg: 558.4 steps 172 
INFO : 2021-01-21 03:44:51,851 : episode: 984 score: 530.9 100 games avg: 530.9 steps 179 
INFO : 2021-01-21 03:46:11,940 : episode: 985 score: 470.5 100 games avg: 470.5 steps 151 
