INFO : 2021-01-07 16:24:37,828 : method: Model Predictive Contorol
INFO : 2021-01-07 16:24:37,829 : parameter n_steps: 100 ensemble_size: 5 env: HalfCheetah-v2
INFO : 2021-01-07 16:24:40,454 : mpc horizon: 10 mpc_samples: 100 elite_sample: 30 grad_steps: 10
INFO : 2021-01-07 16:24:40,454 : mpc_function cem
INFO : 2021-01-07 16:24:40,454 : cem
INFO : 2021-01-07 16:43:06,949 : episode: 0 score: -198.5 100 games avg: -198.5 steps 1000 
INFO : 2021-01-07 17:01:34,907 : episode: 1 score: -536.5 100 games avg: -536.5 steps 1000 
INFO : 2021-01-07 17:19:55,900 : episode: 2 score: -576.1 100 games avg: -576.1 steps 1000 
INFO : 2021-01-07 17:38:18,695 : episode: 3 score: -300.6 100 games avg: -300.6 steps 1000 
INFO : 2021-01-07 17:56:46,225 : episode: 4 score: -516.3 100 games avg: -516.3 steps 1000 
INFO : 2021-01-07 18:15:29,384 : episode: 5 score: -283.5 100 games avg: -283.5 steps 1000 
INFO : 2021-01-07 18:34:12,441 : episode: 6 score: -97.8 100 games avg: -97.8 steps 1000 
INFO : 2021-01-07 18:52:57,575 : episode: 7 score: -168.4 100 games avg: -168.4 steps 1000 
INFO : 2021-01-07 19:11:39,292 : episode: 8 score: -501.5 100 games avg: -501.5 steps 1000 
INFO : 2021-01-07 19:30:25,767 : episode: 9 score: -386.1 100 games avg: -386.1 steps 1000 
INFO : 2021-01-07 19:49:14,746 : episode: 10 score: -462.2 100 games avg: -462.2 steps 1000 
INFO : 2021-01-07 20:07:54,655 : episode: 11 score: -685.1 100 games avg: -685.1 steps 1000 
INFO : 2021-01-07 20:26:35,290 : episode: 12 score: -332.0 100 games avg: -332.0 steps 1000 
INFO : 2021-01-07 20:45:17,800 : episode: 13 score: -522.3 100 games avg: -522.3 steps 1000 
INFO : 2021-01-07 21:03:56,574 : episode: 14 score: -477.9 100 games avg: -477.9 steps 1000 
INFO : 2021-01-07 21:22:34,330 : episode: 15 score: -700.0 100 games avg: -700.0 steps 1000 
INFO : 2021-01-07 21:41:15,014 : episode: 16 score: -588.8 100 games avg: -588.8 steps 1000 
INFO : 2021-01-07 21:59:57,588 : episode: 17 score: -529.3 100 games avg: -529.3 steps 1000 
INFO : 2021-01-07 22:18:41,713 : episode: 18 score: -626.8 100 games avg: -626.8 steps 1000 
INFO : 2021-01-07 22:37:26,269 : episode: 19 score: -614.6 100 games avg: -614.6 steps 1000 
INFO : 2021-01-07 22:56:15,635 : episode: 20 score: -559.4 100 games avg: -559.4 steps 1000 
INFO : 2021-01-07 23:15:02,738 : episode: 21 score: -590.1 100 games avg: -590.1 steps 1000 
INFO : 2021-01-07 23:34:02,556 : episode: 22 score: -593.1 100 games avg: -593.1 steps 1000 
INFO : 2021-01-07 23:53:25,581 : episode: 23 score: -579.4 100 games avg: -579.4 steps 1000 
INFO : 2021-01-08 00:12:54,131 : episode: 24 score: -581.2 100 games avg: -581.2 steps 1000 
INFO : 2021-01-08 00:32:12,734 : episode: 25 score: -591.2 100 games avg: -591.2 steps 1000 
INFO : 2021-01-08 00:51:31,545 : episode: 26 score: -582.2 100 games avg: -582.2 steps 1000 
INFO : 2021-01-08 01:10:48,824 : episode: 27 score: -601.1 100 games avg: -601.1 steps 1000 
INFO : 2021-01-08 01:29:58,846 : episode: 28 score: -609.3 100 games avg: -609.3 steps 1000 
INFO : 2021-01-08 01:49:23,255 : episode: 29 score: -605.6 100 games avg: -605.6 steps 1000 
INFO : 2021-01-08 02:08:35,541 : episode: 30 score: -597.7 100 games avg: -597.7 steps 1000 
INFO : 2021-01-08 02:27:44,034 : episode: 31 score: -831.5 100 games avg: -831.5 steps 1000 
INFO : 2021-01-08 02:47:14,747 : episode: 32 score: -993.9 100 games avg: -993.9 steps 1000 
INFO : 2021-01-08 03:06:41,452 : episode: 33 score: -620.0 100 games avg: -620.0 steps 1000 
INFO : 2021-01-08 03:26:00,418 : episode: 34 score: -649.6 100 games avg: -649.6 steps 1000 
INFO : 2021-01-08 03:45:30,703 : episode: 35 score: -511.0 100 games avg: -511.0 steps 1000 
INFO : 2021-01-08 04:04:43,472 : episode: 36 score: -615.2 100 games avg: -615.2 steps 1000 
INFO : 2021-01-08 04:24:12,837 : episode: 37 score: -602.9 100 games avg: -602.9 steps 1000 
INFO : 2021-01-08 04:43:39,722 : episode: 38 score: -633.2 100 games avg: -633.2 steps 1000 
INFO : 2021-01-08 05:03:04,840 : episode: 39 score: -556.3 100 games avg: -556.3 steps 1000 
INFO : 2021-01-08 05:22:32,896 : episode: 40 score: -600.7 100 games avg: -600.7 steps 1000 
INFO : 2021-01-08 05:41:41,574 : episode: 41 score: -599.1 100 games avg: -599.1 steps 1000 
INFO : 2021-01-08 06:00:50,263 : episode: 42 score: -595.6 100 games avg: -595.6 steps 1000 
INFO : 2021-01-08 06:20:13,899 : episode: 43 score: -594.9 100 games avg: -594.9 steps 1000 
INFO : 2021-01-08 06:39:49,232 : episode: 44 score: -593.7 100 games avg: -593.7 steps 1000 
INFO : 2021-01-08 06:59:31,975 : episode: 45 score: -551.9 100 games avg: -551.9 steps 1000 
INFO : 2021-01-08 07:19:12,536 : episode: 46 score: -623.0 100 games avg: -623.0 steps 1000 
INFO : 2021-01-08 07:38:53,192 : episode: 47 score: -600.8 100 games avg: -600.8 steps 1000 
INFO : 2021-01-08 07:58:22,641 : episode: 48 score: -599.1 100 games avg: -599.1 steps 1000 
INFO : 2021-01-08 08:17:56,074 : episode: 49 score: -605.2 100 games avg: -605.2 steps 1000 
INFO : 2021-01-08 08:37:32,561 : episode: 50 score: -627.2 100 games avg: -627.2 steps 1000 
INFO : 2021-01-08 08:57:10,900 : episode: 51 score: -670.1 100 games avg: -670.1 steps 1000 
INFO : 2021-01-08 09:16:44,266 : episode: 52 score: -875.8 100 games avg: -875.8 steps 1000 
INFO : 2021-01-08 09:36:16,122 : episode: 53 score: -703.7 100 games avg: -703.7 steps 1000 
INFO : 2021-01-08 09:55:44,008 : episode: 54 score: -885.8 100 games avg: -885.8 steps 1000 
INFO : 2021-01-08 10:15:04,075 : episode: 55 score: -815.3 100 games avg: -815.3 steps 1000 
INFO : 2021-01-08 10:34:38,663 : episode: 56 score: -863.7 100 games avg: -863.7 steps 1000 
INFO : 2021-01-08 10:54:12,601 : episode: 57 score: -1175.3 100 games avg: -1175.3 steps 1000 
INFO : 2021-01-08 11:13:42,777 : episode: 58 score: -865.6 100 games avg: -865.6 steps 1000 
INFO : 2021-01-08 11:33:16,658 : episode: 59 score: -926.9 100 games avg: -926.9 steps 1000 
INFO : 2021-01-08 11:52:48,936 : episode: 60 score: -1222.1 100 games avg: -1222.1 steps 1000 
INFO : 2021-01-08 12:12:24,352 : episode: 61 score: -788.7 100 games avg: -788.7 steps 1000 
INFO : 2021-01-08 12:31:56,712 : episode: 62 score: -614.0 100 games avg: -614.0 steps 1000 
INFO : 2021-01-08 12:51:24,520 : episode: 63 score: -720.0 100 games avg: -720.0 steps 1000 
INFO : 2021-01-08 13:10:46,672 : episode: 64 score: -635.8 100 games avg: -635.8 steps 1000 
INFO : 2021-01-08 13:30:06,970 : episode: 65 score: -900.6 100 games avg: -900.6 steps 1000 
INFO : 2021-01-08 13:49:09,401 : episode: 66 score: -689.2 100 games avg: -689.2 steps 1000 
INFO : 2021-01-08 14:08:34,025 : episode: 67 score: -781.3 100 games avg: -781.3 steps 1000 
INFO : 2021-01-08 14:27:56,818 : episode: 68 score: -582.9 100 games avg: -582.9 steps 1000 
INFO : 2021-01-08 14:47:19,013 : episode: 69 score: -774.5 100 games avg: -774.5 steps 1000 
INFO : 2021-01-08 15:06:46,642 : episode: 70 score: -759.5 100 games avg: -759.5 steps 1000 
INFO : 2021-01-08 15:25:57,765 : episode: 71 score: -679.1 100 games avg: -679.1 steps 1000 
INFO : 2021-01-08 15:45:23,576 : episode: 72 score: -923.2 100 games avg: -923.2 steps 1000 
INFO : 2021-01-08 16:04:47,680 : episode: 73 score: -673.1 100 games avg: -673.1 steps 1000 
INFO : 2021-01-08 16:24:13,206 : episode: 74 score: -928.3 100 games avg: -928.3 steps 1000 
INFO : 2021-01-08 16:43:33,096 : episode: 75 score: -670.8 100 games avg: -670.8 steps 1000 
INFO : 2021-01-08 17:02:57,747 : episode: 76 score: -664.1 100 games avg: -664.1 steps 1000 
INFO : 2021-01-08 17:22:24,153 : episode: 77 score: -724.0 100 games avg: -724.0 steps 1000 
INFO : 2021-01-08 17:41:49,548 : episode: 78 score: -645.3 100 games avg: -645.3 steps 1000 
INFO : 2021-01-08 18:01:11,432 : episode: 79 score: -645.2 100 games avg: -645.2 steps 1000 
INFO : 2021-01-08 18:20:40,656 : episode: 80 score: -634.9 100 games avg: -634.9 steps 1000 
INFO : 2021-01-08 18:39:52,056 : episode: 81 score: -701.8 100 games avg: -701.8 steps 1000 
INFO : 2021-01-08 18:58:49,157 : episode: 82 score: -663.6 100 games avg: -663.6 steps 1000 
INFO : 2021-01-08 19:18:05,617 : episode: 83 score: -681.3 100 games avg: -681.3 steps 1000 
INFO : 2021-01-08 19:37:20,715 : episode: 84 score: -631.6 100 games avg: -631.6 steps 1000 
INFO : 2021-01-08 19:56:28,190 : episode: 85 score: -636.1 100 games avg: -636.1 steps 1000 
INFO : 2021-01-08 20:15:37,650 : episode: 86 score: -578.6 100 games avg: -578.6 steps 1000 
INFO : 2021-01-08 20:34:59,425 : episode: 87 score: -578.7 100 games avg: -578.7 steps 1000 
INFO : 2021-01-08 20:54:05,811 : episode: 88 score: -736.3 100 games avg: -736.3 steps 1000 
INFO : 2021-01-08 21:13:42,750 : episode: 89 score: -618.3 100 games avg: -618.3 steps 1000 
INFO : 2021-01-08 21:33:03,550 : episode: 90 score: -581.0 100 games avg: -581.0 steps 1000 
INFO : 2021-01-08 21:52:25,531 : episode: 91 score: -574.4 100 games avg: -574.4 steps 1000 
INFO : 2021-01-08 22:11:44,441 : episode: 92 score: -573.1 100 games avg: -573.1 steps 1000 
INFO : 2021-01-08 22:30:58,767 : episode: 93 score: -636.9 100 games avg: -636.9 steps 1000 
INFO : 2021-01-08 22:50:13,095 : episode: 94 score: -667.7 100 games avg: -667.7 steps 1000 
INFO : 2021-01-08 23:09:36,205 : episode: 95 score: -621.1 100 games avg: -621.1 steps 1000 
INFO : 2021-01-08 23:29:05,652 : episode: 96 score: -640.8 100 games avg: -640.8 steps 1000 
INFO : 2021-01-08 23:48:18,328 : episode: 97 score: -642.0 100 games avg: -642.0 steps 1000 
INFO : 2021-01-09 00:07:44,501 : episode: 98 score: -574.2 100 games avg: -574.2 steps 1000 
INFO : 2021-01-09 00:27:11,664 : episode: 99 score: -602.5 100 games avg: -602.5 steps 1000 
