INFO : 2021-01-26 00:02:42,017 : method: Model Predictive Contorol
INFO : 2021-01-26 00:02:42,017 : parameter n_steps: 100 ensemble_size: 5 env: HalfCheetah-v2
INFO : 2021-01-26 00:02:45,079 : mpc horizon: 10 mpc_samples: 100 elite_sample: 30 grad_steps: 10
INFO : 2021-01-26 00:02:45,097 : mpc_function policy-kl2
INFO : 2021-01-26 00:02:45,097 : policy-kl2
INFO : 2021-01-26 00:02:45,342 : state_square_error: 0.628 reward_error: 3.171
INFO : 2021-01-26 00:03:10,890 : state_square_error: 1.359 reward_error: 2.621
INFO : 2021-01-26 00:03:36,437 : state_square_error: 2.832 reward_error: 3.277
INFO : 2021-01-26 00:04:02,173 : state_square_error: 53.048 reward_error: 22.054
INFO : 2021-01-26 00:04:28,023 : state_square_error: 57.810 reward_error: 11.702
INFO : 2021-01-26 00:04:54,096 : state_square_error: 223.967 reward_error: 20.498
INFO : 2021-01-26 00:05:19,905 : state_square_error: 137.540 reward_error: 18.152
INFO : 2021-01-26 00:05:45,801 : state_square_error: 30.595 reward_error: 10.596
INFO : 2021-01-26 00:06:11,765 : state_square_error: 46.851 reward_error: 15.380
INFO : 2021-01-26 00:06:37,692 : state_square_error: 140.649 reward_error: 21.108
INFO : 2021-01-26 00:07:03,275 : episode: 0 score: -215.7 100 games avg: -215.7 steps 1000 
INFO : 2021-01-26 00:07:03,754 : state_square_error: 10.442 reward_error: 2.699
INFO : 2021-01-26 00:07:29,783 : state_square_error: 30.838 reward_error: 11.786
INFO : 2021-01-26 00:07:55,734 : state_square_error: 27.185 reward_error: 7.609
INFO : 2021-01-26 00:08:21,715 : state_square_error: 16.029 reward_error: 4.027
INFO : 2021-01-26 00:08:47,785 : state_square_error: 23.057 reward_error: 13.082
INFO : 2021-01-26 00:09:13,852 : state_square_error: 33.205 reward_error: 3.915
INFO : 2021-01-26 00:09:39,839 : state_square_error: 19.828 reward_error: 11.207
INFO : 2021-01-26 00:10:05,774 : state_square_error: 17.223 reward_error: 4.692
INFO : 2021-01-26 00:10:31,735 : state_square_error: 8.134 reward_error: 3.915
INFO : 2021-01-26 00:10:57,618 : state_square_error: 30.308 reward_error: 11.245
INFO : 2021-01-26 00:11:23,295 : episode: 1 score: -176.1 100 games avg: -176.1 steps 1000 
INFO : 2021-01-26 00:11:24,127 : state_square_error: 73.182 reward_error: 15.162
INFO : 2021-01-26 00:11:50,105 : state_square_error: 84.567 reward_error: 15.299
INFO : 2021-01-26 00:12:16,148 : state_square_error: 90.749 reward_error: 19.146
INFO : 2021-01-26 00:12:42,132 : state_square_error: 48.459 reward_error: 9.835
INFO : 2021-01-26 00:13:08,157 : state_square_error: 61.126 reward_error: 16.429
INFO : 2021-01-26 00:13:34,168 : state_square_error: 79.889 reward_error: 13.027
INFO : 2021-01-26 00:14:00,248 : state_square_error: 134.484 reward_error: 16.461
INFO : 2021-01-26 00:14:26,252 : state_square_error: 147.468 reward_error: 17.868
INFO : 2021-01-26 00:14:52,138 : state_square_error: 138.824 reward_error: 14.941
INFO : 2021-01-26 00:15:17,946 : state_square_error: 52.580 reward_error: 10.153
INFO : 2021-01-26 00:15:43,529 : episode: 2 score: -159.3 100 games avg: -159.3 steps 1000 
INFO : 2021-01-26 00:15:44,684 : state_square_error: 121.816 reward_error: 10.577
INFO : 2021-01-26 00:16:10,635 : state_square_error: 60.440 reward_error: 18.208
INFO : 2021-01-26 00:16:36,491 : state_square_error: 1115.195 reward_error: 16.731
INFO : 2021-01-26 00:17:02,528 : state_square_error: 105.032 reward_error: 14.079
INFO : 2021-01-26 00:17:28,598 : state_square_error: 87.728 reward_error: 18.623
INFO : 2021-01-26 00:17:54,717 : state_square_error: 249.646 reward_error: 12.233
INFO : 2021-01-26 00:18:20,710 : state_square_error: 36.045 reward_error: 16.605
INFO : 2021-01-26 00:18:46,704 : state_square_error: 144.683 reward_error: 14.934
INFO : 2021-01-26 00:19:12,661 : state_square_error: 197.565 reward_error: 17.401
INFO : 2021-01-26 00:19:38,615 : state_square_error: 92.557 reward_error: 17.733
INFO : 2021-01-26 00:20:04,258 : episode: 3 score: -184.2 100 games avg: -184.2 steps 1000 
INFO : 2021-01-26 00:20:05,791 : state_square_error: 173.378 reward_error: 16.852
INFO : 2021-01-26 00:20:31,782 : state_square_error: 199.805 reward_error: 20.200
INFO : 2021-01-26 00:20:57,655 : state_square_error: 125.154 reward_error: 29.027
INFO : 2021-01-26 00:21:23,640 : state_square_error: 267.246 reward_error: 27.645
INFO : 2021-01-26 00:21:49,516 : state_square_error: 218.934 reward_error: 22.309
INFO : 2021-01-26 00:22:15,526 : state_square_error: 365.588 reward_error: 21.453
INFO : 2021-01-26 00:22:41,492 : state_square_error: 193.399 reward_error: 33.261
INFO : 2021-01-26 00:23:07,372 : state_square_error: 387.882 reward_error: 33.389
INFO : 2021-01-26 00:23:33,220 : state_square_error: 118.695 reward_error: 32.312
INFO : 2021-01-26 00:23:59,259 : state_square_error: 558.636 reward_error: 31.955
INFO : 2021-01-26 00:24:24,974 : episode: 4 score: -74.3 100 games avg: -74.3 steps 1000 
INFO : 2021-01-26 00:24:26,781 : state_square_error: 141.940 reward_error: 16.718
INFO : 2021-01-26 00:24:52,809 : state_square_error: 213.655 reward_error: 28.959
INFO : 2021-01-26 00:25:18,730 : state_square_error: 210.699 reward_error: 36.904
INFO : 2021-01-26 00:25:44,669 : state_square_error: 54.859 reward_error: 32.054
INFO : 2021-01-26 00:26:10,719 : state_square_error: 290.318 reward_error: 23.494
INFO : 2021-01-26 00:26:36,815 : state_square_error: 199.747 reward_error: 31.466
INFO : 2021-01-26 00:27:02,718 : state_square_error: 234.173 reward_error: 19.390
INFO : 2021-01-26 00:27:28,645 : state_square_error: 259.055 reward_error: 29.050
INFO : 2021-01-26 00:27:54,560 : state_square_error: 216.103 reward_error: 28.223
INFO : 2021-01-26 00:28:20,422 : state_square_error: 127.913 reward_error: 29.233
INFO : 2021-01-26 00:28:46,002 : episode: 5 score: 6.6 100 games avg: 6.6 steps 1000 
INFO : 2021-01-26 00:28:48,313 : state_square_error: 72.997 reward_error: 12.021
INFO : 2021-01-26 00:29:14,262 : state_square_error: 230.426 reward_error: 18.801
INFO : 2021-01-26 00:29:40,207 : state_square_error: 125.065 reward_error: 19.621
INFO : 2021-01-26 00:30:06,137 : state_square_error: 59.656 reward_error: 21.868
INFO : 2021-01-26 00:30:32,043 : state_square_error: 288.535 reward_error: 28.706
INFO : 2021-01-26 00:30:58,088 : state_square_error: 111.155 reward_error: 31.431
INFO : 2021-01-26 00:31:24,074 : state_square_error: 116.398 reward_error: 30.004
INFO : 2021-01-26 00:31:50,099 : state_square_error: 90.408 reward_error: 36.675
INFO : 2021-01-26 00:32:16,021 : state_square_error: 124.889 reward_error: 27.484
INFO : 2021-01-26 00:32:42,013 : state_square_error: 116.617 reward_error: 36.287
INFO : 2021-01-26 00:33:07,704 : episode: 6 score: -158.5 100 games avg: -158.5 steps 1000 
INFO : 2021-01-26 00:33:10,249 : state_square_error: 275.838 reward_error: 14.515
INFO : 2021-01-26 00:33:36,349 : state_square_error: 139.801 reward_error: 19.970
INFO : 2021-01-26 00:34:02,129 : state_square_error: 36.708 reward_error: 19.158
INFO : 2021-01-26 00:34:27,820 : state_square_error: 252.501 reward_error: 31.001
INFO : 2021-01-26 00:34:53,587 : state_square_error: 47.535 reward_error: 29.089
INFO : 2021-01-26 00:35:19,373 : state_square_error: 92.985 reward_error: 32.579
INFO : 2021-01-26 00:35:45,262 : state_square_error: 54.151 reward_error: 30.525
INFO : 2021-01-26 00:36:11,177 : state_square_error: 80.675 reward_error: 26.414
INFO : 2021-01-26 00:36:37,102 : state_square_error: 72.464 reward_error: 38.192
INFO : 2021-01-26 00:37:03,031 : state_square_error: 71.795 reward_error: 28.127
INFO : 2021-01-26 00:37:28,682 : episode: 7 score: -183.7 100 games avg: -183.7 steps 1000 
INFO : 2021-01-26 00:37:31,742 : state_square_error: 43.135 reward_error: 10.329
INFO : 2021-01-26 00:37:57,683 : state_square_error: 147.368 reward_error: 32.676
INFO : 2021-01-26 00:38:23,495 : state_square_error: 63.454 reward_error: 33.265
INFO : 2021-01-26 00:38:49,481 : state_square_error: 46.458 reward_error: 34.340
INFO : 2021-01-26 00:39:15,295 : state_square_error: 25.680 reward_error: 32.342
INFO : 2021-01-26 00:39:41,171 : state_square_error: 86.988 reward_error: 28.001
INFO : 2021-01-26 00:40:07,011 : state_square_error: 34.064 reward_error: 32.120
INFO : 2021-01-26 00:40:32,818 : state_square_error: 38.287 reward_error: 27.265
INFO : 2021-01-26 00:40:58,699 : state_square_error: 26.377 reward_error: 28.202
INFO : 2021-01-26 00:41:24,650 : state_square_error: 31.893 reward_error: 32.132
INFO : 2021-01-26 00:41:50,335 : episode: 8 score: -329.9 100 games avg: -329.9 steps 1000 
INFO : 2021-01-26 00:41:53,732 : state_square_error: 86.940 reward_error: 8.311
INFO : 2021-01-26 00:42:19,580 : state_square_error: 84.189 reward_error: 30.441
INFO : 2021-01-26 00:42:45,377 : state_square_error: 21.267 reward_error: 22.909
INFO : 2021-01-26 00:43:11,220 : state_square_error: 114.552 reward_error: 30.909
INFO : 2021-01-26 00:43:37,120 : state_square_error: 26.369 reward_error: 31.792
INFO : 2021-01-26 00:44:02,913 : state_square_error: 92.079 reward_error: 26.071
INFO : 2021-01-26 00:44:28,769 : state_square_error: 57.814 reward_error: 25.596
INFO : 2021-01-26 00:44:54,690 : state_square_error: 114.590 reward_error: 29.856
INFO : 2021-01-26 00:45:20,536 : state_square_error: 42.754 reward_error: 29.383
INFO : 2021-01-26 00:45:46,435 : state_square_error: 46.006 reward_error: 28.191
INFO : 2021-01-26 00:46:12,025 : episode: 9 score: -272.3 100 games avg: -272.3 steps 1000 
INFO : 2021-01-26 00:46:15,690 : state_square_error: 67.926 reward_error: 9.534
INFO : 2021-01-26 00:46:41,558 : state_square_error: 45.182 reward_error: 17.056
INFO : 2021-01-26 00:47:07,489 : state_square_error: 57.372 reward_error: 15.602
INFO : 2021-01-26 00:47:33,291 : state_square_error: 56.606 reward_error: 33.166
INFO : 2021-01-26 00:47:59,142 : state_square_error: 93.996 reward_error: 35.731
INFO : 2021-01-26 00:48:25,036 : state_square_error: 61.244 reward_error: 30.493
INFO : 2021-01-26 00:48:50,950 : state_square_error: 49.509 reward_error: 38.769
INFO : 2021-01-26 00:49:16,756 : state_square_error: 87.364 reward_error: 36.260
INFO : 2021-01-26 00:49:42,697 : state_square_error: 59.182 reward_error: 33.273
INFO : 2021-01-26 00:50:08,651 : state_square_error: 87.378 reward_error: 38.193
INFO : 2021-01-26 00:50:34,293 : episode: 10 score: -221.6 100 games avg: -221.6 steps 1000 
INFO : 2021-01-26 00:50:38,367 : state_square_error: 18.763 reward_error: 10.713
INFO : 2021-01-26 00:51:04,185 : state_square_error: 69.592 reward_error: 33.459
INFO : 2021-01-26 00:51:30,050 : state_square_error: 22.496 reward_error: 34.643
INFO : 2021-01-26 00:51:55,862 : state_square_error: 55.868 reward_error: 40.801
INFO : 2021-01-26 00:52:21,584 : state_square_error: 82.918 reward_error: 36.453
INFO : 2021-01-26 00:52:47,537 : state_square_error: 25.900 reward_error: 36.722
INFO : 2021-01-26 00:53:13,430 : state_square_error: 57.579 reward_error: 34.984
INFO : 2021-01-26 00:53:39,278 : state_square_error: 58.636 reward_error: 37.830
INFO : 2021-01-26 00:54:05,013 : state_square_error: 61.428 reward_error: 36.474
INFO : 2021-01-26 00:54:30,952 : state_square_error: 77.581 reward_error: 30.479
INFO : 2021-01-26 00:54:56,624 : episode: 11 score: -247.8 100 games avg: -247.8 steps 1000 
INFO : 2021-01-26 00:55:00,903 : state_square_error: 48.750 reward_error: 12.199
INFO : 2021-01-26 00:55:26,753 : state_square_error: 129.362 reward_error: 45.047
INFO : 2021-01-26 00:55:52,666 : state_square_error: 49.446 reward_error: 40.054
INFO : 2021-01-26 00:56:18,522 : state_square_error: 53.181 reward_error: 43.304
INFO : 2021-01-26 00:56:44,422 : state_square_error: 59.192 reward_error: 38.660
INFO : 2021-01-26 00:57:10,192 : state_square_error: 66.276 reward_error: 46.684
INFO : 2021-01-26 00:57:35,988 : state_square_error: 108.021 reward_error: 38.839
INFO : 2021-01-26 00:58:01,986 : state_square_error: 59.479 reward_error: 39.052
INFO : 2021-01-26 00:58:27,869 : state_square_error: 48.827 reward_error: 40.054
INFO : 2021-01-26 00:58:53,685 : state_square_error: 66.207 reward_error: 40.219
INFO : 2021-01-26 00:59:19,256 : episode: 12 score: -207.9 100 games avg: -207.9 steps 1000 
INFO : 2021-01-26 00:59:24,023 : state_square_error: 39.751 reward_error: 13.205
INFO : 2021-01-26 00:59:49,859 : state_square_error: 74.257 reward_error: 34.888
INFO : 2021-01-26 01:00:15,692 : state_square_error: 69.704 reward_error: 43.399
INFO : 2021-01-26 01:00:41,551 : state_square_error: 89.209 reward_error: 33.288
INFO : 2021-01-26 01:01:07,491 : state_square_error: 94.099 reward_error: 43.383
