INFO : 2021-01-30 23:24:19,227 : method: Model Predictive Contorol
INFO : 2021-01-30 23:24:19,227 : parameter n_steps: 200 ensemble_size: 5 env: Hopper-v2
INFO : 2021-01-30 23:24:21,953 : mpc horizon: 10 mpc_samples: 100 elite_sample: 30 grad_steps: 10
INFO : 2021-01-30 23:24:21,953 : mpc_function policy-kl3
INFO : 2021-01-30 23:24:21,953 : polic-kl3
INFO : 2021-01-30 23:24:29,329 : episode: 0 score: 15.0 100 games avg: 15.0 steps 20 
INFO : 2021-01-30 23:24:36,745 : episode: 1 score: 15.1 100 games avg: 15.1 steps 20 
INFO : 2021-01-30 23:24:44,495 : episode: 2 score: 15.2 100 games avg: 15.2 steps 21 
INFO : 2021-01-30 23:24:52,648 : episode: 3 score: 15.4 100 games avg: 15.4 steps 21 
INFO : 2021-01-30 23:25:00,544 : episode: 4 score: 15.2 100 games avg: 15.2 steps 20 
INFO : 2021-01-30 23:25:08,800 : episode: 5 score: 15.5 100 games avg: 15.5 steps 21 
INFO : 2021-01-30 23:25:16,620 : episode: 6 score: 15.1 100 games avg: 15.1 steps 20 
INFO : 2021-01-30 23:25:24,468 : episode: 7 score: 15.0 100 games avg: 15.0 steps 20 
INFO : 2021-01-30 23:25:32,363 : episode: 8 score: 15.1 100 games avg: 15.1 steps 20 
INFO : 2021-01-30 23:25:40,145 : episode: 9 score: 15.2 100 games avg: 15.2 steps 20 
INFO : 2021-01-30 23:25:48,143 : episode: 10 score: 15.3 100 games avg: 15.3 steps 21 
INFO : 2021-01-30 23:25:56,120 : episode: 11 score: 15.3 100 games avg: 15.3 steps 21 
INFO : 2021-01-30 23:26:03,973 : episode: 12 score: 14.3 100 games avg: 14.3 steps 20 
INFO : 2021-01-30 23:26:27,557 : episode: 13 score: 33.9 100 games avg: 33.9 steps 59 
INFO : 2021-01-30 23:26:36,020 : episode: 14 score: 6.2 100 games avg: 6.2 steps 21 
INFO : 2021-01-30 23:26:44,881 : episode: 15 score: 10.6 100 games avg: 10.6 steps 22 
INFO : 2021-01-30 23:26:52,913 : episode: 16 score: 8.9 100 games avg: 8.9 steps 20 
INFO : 2021-01-30 23:26:57,386 : episode: 17 score: 8.5 100 games avg: 8.5 steps 11 
INFO : 2021-01-30 23:27:03,106 : episode: 18 score: 11.9 100 games avg: 11.9 steps 14 
INFO : 2021-01-30 23:27:10,779 : episode: 19 score: 12.8 100 games avg: 12.8 steps 19 
INFO : 2021-01-30 23:27:17,631 : episode: 20 score: 12.5 100 games avg: 12.5 steps 17 
INFO : 2021-01-30 23:27:24,894 : episode: 21 score: 15.8 100 games avg: 15.8 steps 18 
INFO : 2021-01-30 23:27:34,536 : episode: 22 score: 14.2 100 games avg: 14.2 steps 24 
INFO : 2021-01-30 23:27:46,905 : episode: 23 score: 36.7 100 games avg: 36.7 steps 31 
INFO : 2021-01-30 23:28:03,342 : episode: 24 score: 69.4 100 games avg: 69.4 steps 41 
INFO : 2021-01-30 23:28:14,237 : episode: 25 score: 45.8 100 games avg: 45.8 steps 27 
INFO : 2021-01-30 23:28:25,133 : episode: 26 score: 45.8 100 games avg: 45.8 steps 27 
INFO : 2021-01-30 23:28:36,414 : episode: 27 score: 46.8 100 games avg: 46.8 steps 28 
INFO : 2021-01-30 23:28:47,306 : episode: 28 score: 45.6 100 games avg: 45.6 steps 27 
INFO : 2021-01-30 23:28:58,213 : episode: 29 score: 45.5 100 games avg: 45.5 steps 27 
INFO : 2021-01-30 23:29:09,500 : episode: 30 score: 47.4 100 games avg: 47.4 steps 28 
INFO : 2021-01-30 23:29:19,995 : episode: 31 score: 44.7 100 games avg: 44.7 steps 26 
INFO : 2021-01-30 23:29:30,115 : episode: 32 score: 43.2 100 games avg: 43.2 steps 25 
INFO : 2021-01-30 23:29:41,500 : episode: 33 score: 47.0 100 games avg: 47.0 steps 28 
INFO : 2021-01-30 23:29:52,100 : episode: 34 score: 44.5 100 games avg: 44.5 steps 26 
INFO : 2021-01-30 23:30:03,133 : episode: 35 score: 44.8 100 games avg: 44.8 steps 27 
INFO : 2021-01-30 23:30:14,147 : episode: 36 score: 46.5 100 games avg: 46.5 steps 27 
INFO : 2021-01-30 23:30:24,783 : episode: 37 score: 44.3 100 games avg: 44.3 steps 26 
INFO : 2021-01-30 23:30:36,179 : episode: 38 score: 47.2 100 games avg: 47.2 steps 28 
INFO : 2021-01-30 23:30:47,973 : episode: 39 score: 50.1 100 games avg: 50.1 steps 29 
INFO : 2021-01-30 23:30:58,559 : episode: 40 score: 44.5 100 games avg: 44.5 steps 26 
INFO : 2021-01-30 23:31:10,365 : episode: 41 score: 51.0 100 games avg: 51.0 steps 29 
INFO : 2021-01-30 23:31:22,158 : episode: 42 score: 50.3 100 games avg: 50.3 steps 29 
INFO : 2021-01-30 23:31:34,014 : episode: 43 score: 49.8 100 games avg: 49.8 steps 29 
INFO : 2021-01-30 23:31:44,715 : episode: 44 score: 44.9 100 games avg: 44.9 steps 26 
INFO : 2021-01-30 23:31:55,794 : episode: 45 score: 46.2 100 games avg: 46.2 steps 27 
INFO : 2021-01-30 23:32:07,311 : episode: 46 score: 47.2 100 games avg: 47.2 steps 28 
INFO : 2021-01-30 23:32:17,628 : episode: 47 score: 43.6 100 games avg: 43.6 steps 25 
INFO : 2021-01-30 23:32:28,333 : episode: 48 score: 44.9 100 games avg: 44.9 steps 26 
INFO : 2021-01-30 23:32:39,444 : episode: 49 score: 46.7 100 games avg: 46.7 steps 27 
INFO : 2021-01-30 23:32:50,547 : episode: 50 score: 47.1 100 games avg: 47.1 steps 27 
INFO : 2021-01-30 23:33:02,077 : episode: 51 score: 49.1 100 games avg: 49.1 steps 28 
INFO : 2021-01-30 23:33:16,095 : episode: 52 score: 58.9 100 games avg: 58.9 steps 34 
INFO : 2021-01-30 23:33:28,885 : episode: 53 score: 54.1 100 games avg: 54.1 steps 31 
INFO : 2021-01-30 23:33:41,246 : episode: 54 score: 52.3 100 games avg: 52.3 steps 30 
INFO : 2021-01-30 23:33:52,028 : episode: 55 score: 45.3 100 games avg: 45.3 steps 26 
INFO : 2021-01-30 23:34:05,162 : episode: 56 score: 55.2 100 games avg: 55.2 steps 32 
INFO : 2021-01-30 23:34:17,100 : episode: 57 score: 50.6 100 games avg: 50.6 steps 29 
INFO : 2021-01-30 23:34:29,475 : episode: 58 score: 52.5 100 games avg: 52.5 steps 30 
INFO : 2021-01-30 23:34:43,425 : episode: 59 score: 60.5 100 games avg: 60.5 steps 34 
INFO : 2021-01-30 23:34:59,007 : episode: 60 score: 68.3 100 games avg: 68.3 steps 38 
INFO : 2021-01-30 23:35:34,642 : episode: 61 score: 155.9 100 games avg: 155.9 steps 89 
INFO : 2021-01-30 23:36:10,810 : episode: 62 score: 152.6 100 games avg: 152.6 steps 90 
INFO : 2021-01-30 23:36:48,246 : episode: 63 score: 174.5 100 games avg: 174.5 steps 93 
INFO : 2021-01-30 23:37:15,410 : episode: 64 score: 108.6 100 games avg: 108.6 steps 67 
INFO : 2021-01-30 23:37:47,695 : episode: 65 score: 141.4 100 games avg: 141.4 steps 80 
INFO : 2021-01-30 23:38:21,948 : episode: 66 score: 151.8 100 games avg: 151.8 steps 85 
INFO : 2021-01-30 23:38:56,321 : episode: 67 score: 150.2 100 games avg: 150.2 steps 85 
INFO : 2021-01-30 23:39:29,197 : episode: 68 score: 143.1 100 games avg: 143.1 steps 81 
INFO : 2021-01-30 23:40:03,954 : episode: 69 score: 154.7 100 games avg: 154.7 steps 86 
INFO : 2021-01-30 23:40:39,221 : episode: 70 score: 156.4 100 games avg: 156.4 steps 87 
INFO : 2021-01-30 23:41:14,078 : episode: 71 score: 156.4 100 games avg: 156.4 steps 86 
INFO : 2021-01-30 23:41:49,387 : episode: 72 score: 159.7 100 games avg: 159.7 steps 87 
INFO : 2021-01-30 23:42:24,078 : episode: 73 score: 154.4 100 games avg: 154.4 steps 85 
INFO : 2021-01-30 23:42:33,795 : episode: 74 score: 38.6 100 games avg: 38.6 steps 22 
INFO : 2021-01-30 23:43:08,622 : episode: 75 score: 155.1 100 games avg: 155.1 steps 85 
INFO : 2021-01-30 23:43:43,659 : episode: 76 score: 155.7 100 games avg: 155.7 steps 86 
INFO : 2021-01-30 23:43:55,825 : episode: 77 score: 48.5 100 games avg: 48.5 steps 28 
INFO : 2021-01-30 23:44:30,179 : episode: 78 score: 151.9 100 games avg: 151.9 steps 84 
INFO : 2021-01-30 23:45:04,965 : episode: 79 score: 154.4 100 games avg: 154.4 steps 85 
INFO : 2021-01-30 23:45:38,906 : episode: 80 score: 151.8 100 games avg: 151.8 steps 84 
INFO : 2021-01-30 23:46:12,965 : episode: 81 score: 155.4 100 games avg: 155.4 steps 86 
INFO : 2021-01-30 23:46:48,313 : episode: 82 score: 155.6 100 games avg: 155.6 steps 85 
INFO : 2021-01-30 23:47:24,398 : episode: 83 score: 156.4 100 games avg: 156.4 steps 87 
INFO : 2021-01-30 23:48:01,050 : episode: 84 score: 160.3 100 games avg: 160.3 steps 88 
INFO : 2021-01-30 23:48:37,660 : episode: 85 score: 159.5 100 games avg: 159.5 steps 88 
INFO : 2021-01-30 23:49:12,253 : episode: 86 score: 149.5 100 games avg: 149.5 steps 83 
INFO : 2021-01-30 23:49:49,673 : episode: 87 score: 163.1 100 games avg: 163.1 steps 90 
INFO : 2021-01-30 23:50:29,404 : episode: 88 score: 174.9 100 games avg: 174.9 steps 96 
INFO : 2021-01-30 23:51:04,161 : episode: 89 score: 149.8 100 games avg: 149.8 steps 83 
INFO : 2021-01-30 23:51:41,383 : episode: 90 score: 162.8 100 games avg: 162.8 steps 89 
INFO : 2021-01-30 23:52:20,559 : episode: 91 score: 170.8 100 games avg: 170.8 steps 94 
INFO : 2021-01-30 23:52:58,568 : episode: 92 score: 166.2 100 games avg: 166.2 steps 91 
INFO : 2021-01-30 23:53:34,142 : episode: 93 score: 153.5 100 games avg: 153.5 steps 85 
INFO : 2021-01-30 23:54:14,224 : episode: 94 score: 173.2 100 games avg: 173.2 steps 96 
INFO : 2021-01-30 23:54:53,574 : episode: 95 score: 171.5 100 games avg: 171.5 steps 94 
INFO : 2021-01-30 23:55:32,526 : episode: 96 score: 169.8 100 games avg: 169.8 steps 93 
INFO : 2021-01-30 23:56:12,720 : episode: 97 score: 176.2 100 games avg: 176.2 steps 96 
INFO : 2021-01-30 23:56:51,355 : episode: 98 score: 168.2 100 games avg: 168.2 steps 92 
INFO : 2021-01-30 23:57:37,727 : episode: 99 score: 198.5 100 games avg: 198.5 steps 111 
INFO : 2021-01-30 23:58:29,265 : episode: 100 score: 215.2 100 games avg: 215.2 steps 124 
INFO : 2021-01-30 23:59:11,681 : episode: 101 score: 181.8 100 games avg: 181.8 steps 101 
INFO : 2021-01-30 23:59:52,093 : episode: 102 score: 176.1 100 games avg: 176.1 steps 96 
INFO : 2021-01-31 00:00:30,647 : episode: 103 score: 165.2 100 games avg: 165.2 steps 91 
INFO : 2021-01-31 00:01:02,395 : episode: 104 score: 118.4 100 games avg: 118.4 steps 74 
INFO : 2021-01-31 00:01:46,721 : episode: 105 score: 187.7 100 games avg: 187.7 steps 106 
INFO : 2021-01-31 00:02:24,786 : episode: 106 score: 157.0 100 games avg: 157.0 steps 90 
INFO : 2021-01-31 00:03:02,491 : episode: 107 score: 157.9 100 games avg: 157.9 steps 89 
INFO : 2021-01-31 00:03:43,058 : episode: 108 score: 173.1 100 games avg: 173.1 steps 96 
INFO : 2021-01-31 00:04:23,605 : episode: 109 score: 174.7 100 games avg: 174.7 steps 96 
INFO : 2021-01-31 00:05:01,728 : episode: 110 score: 161.0 100 games avg: 161.0 steps 90 
INFO : 2021-01-31 00:05:43,974 : episode: 111 score: 180.5 100 games avg: 180.5 steps 100 
INFO : 2021-01-31 00:06:28,710 : episode: 112 score: 188.5 100 games avg: 188.5 steps 106 
INFO : 2021-01-31 00:07:19,350 : episode: 113 score: 208.3 100 games avg: 208.3 steps 121 
INFO : 2021-01-31 00:08:06,467 : episode: 114 score: 198.5 100 games avg: 198.5 steps 112 
INFO : 2021-01-31 00:09:03,237 : episode: 115 score: 228.5 100 games avg: 228.5 steps 136 
INFO : 2021-01-31 00:09:51,701 : episode: 116 score: 202.6 100 games avg: 202.6 steps 115 
INFO : 2021-01-31 00:10:39,757 : episode: 117 score: 202.8 100 games avg: 202.8 steps 114 
INFO : 2021-01-31 00:11:31,313 : episode: 118 score: 215.4 100 games avg: 215.4 steps 123 
INFO : 2021-01-31 00:12:16,198 : episode: 119 score: 191.7 100 games avg: 191.7 steps 106 
INFO : 2021-01-31 00:13:03,129 : episode: 120 score: 197.7 100 games avg: 197.7 steps 111 
INFO : 2021-01-31 00:13:45,035 : episode: 121 score: 176.4 100 games avg: 176.4 steps 98 
INFO : 2021-01-31 00:14:34,897 : episode: 122 score: 207.6 100 games avg: 207.6 steps 117 
INFO : 2021-01-31 00:15:24,427 : episode: 123 score: 206.3 100 games avg: 206.3 steps 116 
INFO : 2021-01-31 00:16:12,053 : episode: 124 score: 199.7 100 games avg: 199.7 steps 112 
INFO : 2021-01-31 00:16:56,850 : episode: 125 score: 190.8 100 games avg: 190.8 steps 105 
INFO : 2021-01-31 00:17:44,094 : episode: 126 score: 198.1 100 games avg: 198.1 steps 111 
INFO : 2021-01-31 00:18:30,803 : episode: 127 score: 196.9 100 games avg: 196.9 steps 109 
INFO : 2021-01-31 00:19:12,739 : episode: 128 score: 181.2 100 games avg: 181.2 steps 99 
INFO : 2021-01-31 00:19:56,618 : episode: 129 score: 192.2 100 games avg: 192.2 steps 106 
INFO : 2021-01-31 00:20:42,946 : episode: 130 score: 202.4 100 games avg: 202.4 steps 112 
INFO : 2021-01-31 00:21:26,191 : episode: 131 score: 189.8 100 games avg: 189.8 steps 104 
INFO : 2021-01-31 00:22:08,860 : episode: 132 score: 188.4 100 games avg: 188.4 steps 103 
INFO : 2021-01-31 00:22:53,933 : episode: 133 score: 199.5 100 games avg: 199.5 steps 109 
INFO : 2021-01-31 00:23:37,866 : episode: 134 score: 187.6 100 games avg: 187.6 steps 102 
INFO : 2021-01-31 00:24:25,937 : episode: 135 score: 201.9 100 games avg: 201.9 steps 112 
INFO : 2021-01-31 00:25:10,384 : episode: 136 score: 189.1 100 games avg: 189.1 steps 103 
INFO : 2021-01-31 00:25:53,220 : episode: 137 score: 182.6 100 games avg: 182.6 steps 99 
INFO : 2021-01-31 00:26:34,966 : episode: 138 score: 176.5 100 games avg: 176.5 steps 96 
INFO : 2021-01-31 00:27:19,999 : episode: 139 score: 189.4 100 games avg: 189.4 steps 104 
INFO : 2021-01-31 00:28:04,225 : episode: 140 score: 186.6 100 games avg: 186.6 steps 102 
INFO : 2021-01-31 00:28:47,322 : episode: 141 score: 179.2 100 games avg: 179.2 steps 99 
INFO : 2021-01-31 00:29:29,815 : episode: 142 score: 177.1 100 games avg: 177.1 steps 97 
INFO : 2021-01-31 00:30:14,309 : episode: 143 score: 186.3 100 games avg: 186.3 steps 102 
INFO : 2021-01-31 00:31:01,617 : episode: 144 score: 193.5 100 games avg: 193.5 steps 108 
INFO : 2021-01-31 00:31:49,439 : episode: 145 score: 197.4 100 games avg: 197.4 steps 109 
INFO : 2021-01-31 00:32:33,163 : episode: 146 score: 182.4 100 games avg: 182.4 steps 99 
INFO : 2021-01-31 00:33:20,129 : episode: 147 score: 193.8 100 games avg: 193.8 steps 107 
INFO : 2021-01-31 00:34:04,700 : episode: 148 score: 185.2 100 games avg: 185.2 steps 102 
INFO : 2021-01-31 00:34:47,841 : episode: 149 score: 178.2 100 games avg: 178.2 steps 98 
INFO : 2021-01-31 00:35:32,602 : episode: 150 score: 185.6 100 games avg: 185.6 steps 102 
INFO : 2021-01-31 00:36:18,984 : episode: 151 score: 191.1 100 games avg: 191.1 steps 106 
INFO : 2021-01-31 00:37:03,444 : episode: 152 score: 183.1 100 games avg: 183.1 steps 101 
INFO : 2021-01-31 00:37:48,687 : episode: 153 score: 187.6 100 games avg: 187.6 steps 103 
INFO : 2021-01-31 00:38:37,569 : episode: 154 score: 200.3 100 games avg: 200.3 steps 112 
INFO : 2021-01-31 00:39:20,913 : episode: 155 score: 178.4 100 games avg: 178.4 steps 98 
INFO : 2021-01-31 00:40:10,474 : episode: 156 score: 203.1 100 games avg: 203.1 steps 114 
INFO : 2021-01-31 00:40:24,728 : episode: 157 score: 42.4 100 games avg: 42.4 steps 25 
INFO : 2021-01-31 00:41:09,604 : episode: 158 score: 185.4 100 games avg: 185.4 steps 102 
INFO : 2021-01-31 00:41:53,253 : episode: 159 score: 179.5 100 games avg: 179.5 steps 99 
INFO : 2021-01-31 00:42:39,588 : episode: 160 score: 189.3 100 games avg: 189.3 steps 105 
INFO : 2021-01-31 00:43:29,303 : episode: 161 score: 204.9 100 games avg: 204.9 steps 114 
INFO : 2021-01-31 00:44:12,365 : episode: 162 score: 177.8 100 games avg: 177.8 steps 97 
INFO : 2021-01-31 00:44:58,606 : episode: 163 score: 190.4 100 games avg: 190.4 steps 105 
INFO : 2021-01-31 00:45:42,904 : episode: 164 score: 181.4 100 games avg: 181.4 steps 100 
INFO : 2021-01-31 00:46:15,308 : episode: 165 score: 118.1 100 games avg: 118.1 steps 70 
INFO : 2021-01-31 00:47:03,517 : episode: 166 score: 199.8 100 games avg: 199.8 steps 110 
INFO : 2021-01-31 00:47:49,472 : episode: 167 score: 187.0 100 games avg: 187.0 steps 104 
INFO : 2021-01-31 00:48:35,361 : episode: 168 score: 188.0 100 games avg: 188.0 steps 104 
INFO : 2021-01-31 00:49:19,479 : episode: 169 score: 188.3 100 games avg: 188.3 steps 103 
INFO : 2021-01-31 00:50:06,061 : episode: 170 score: 195.9 100 games avg: 195.9 steps 109 
INFO : 2021-01-31 00:50:50,316 : episode: 171 score: 196.8 100 games avg: 196.8 steps 103 
INFO : 2021-01-31 00:51:33,359 : episode: 172 score: 180.2 100 games avg: 180.2 steps 99 
INFO : 2021-01-31 00:51:48,493 : episode: 173 score: 42.6 100 games avg: 42.6 steps 27 
INFO : 2021-01-31 00:52:30,684 : episode: 174 score: 178.7 100 games avg: 178.7 steps 97 
INFO : 2021-01-31 00:53:14,318 : episode: 175 score: 198.1 100 games avg: 198.1 steps 101 
INFO : 2021-01-31 00:54:01,989 : episode: 176 score: 199.9 100 games avg: 199.9 steps 111 
INFO : 2021-01-31 00:54:47,400 : episode: 177 score: 199.1 100 games avg: 199.1 steps 105 
INFO : 2021-01-31 00:55:35,938 : episode: 178 score: 191.3 100 games avg: 191.3 steps 103 
INFO : 2021-01-31 00:56:26,359 : episode: 179 score: 206.6 100 games avg: 206.6 steps 114 
INFO : 2021-01-31 00:57:15,836 : episode: 180 score: 200.3 100 games avg: 200.3 steps 111 
INFO : 2021-01-31 00:58:01,705 : episode: 181 score: 201.0 100 games avg: 201.0 steps 102 
INFO : 2021-01-31 00:58:53,553 : episode: 182 score: 210.1 100 games avg: 210.1 steps 117 
INFO : 2021-01-31 00:59:38,338 : episode: 183 score: 196.2 100 games avg: 196.2 steps 99 
INFO : 2021-01-31 01:00:28,853 : episode: 184 score: 208.1 100 games avg: 208.1 steps 113 
INFO : 2021-01-31 01:01:16,070 : episode: 185 score: 190.9 100 games avg: 190.9 steps 104 
INFO : 2021-01-31 01:02:03,394 : episode: 186 score: 199.7 100 games avg: 199.7 steps 104 
INFO : 2021-01-31 01:02:51,574 : episode: 187 score: 202.2 100 games avg: 202.2 steps 107 
INFO : 2021-01-31 01:03:41,059 : episode: 188 score: 206.0 100 games avg: 206.0 steps 110 
INFO : 2021-01-31 01:04:26,019 : episode: 189 score: 202.8 100 games avg: 202.8 steps 99 
INFO : 2021-01-31 01:05:12,265 : episode: 190 score: 186.2 100 games avg: 186.2 steps 102 
INFO : 2021-01-31 01:06:02,282 : episode: 191 score: 202.1 100 games avg: 202.1 steps 111 
INFO : 2021-01-31 01:06:55,008 : episode: 192 score: 215.9 100 games avg: 215.9 steps 116 
INFO : 2021-01-31 01:07:41,661 : episode: 193 score: 200.7 100 games avg: 200.7 steps 101 
INFO : 2021-01-31 01:08:52,037 : episode: 194 score: 211.8 100 games avg: 211.8 steps 118 
INFO : 2021-01-31 01:09:59,687 : episode: 195 score: 202.4 100 games avg: 202.4 steps 112 
INFO : 2021-01-31 01:11:07,795 : episode: 196 score: 209.1 100 games avg: 209.1 steps 113 
INFO : 2021-01-31 01:11:50,428 : episode: 197 score: 159.0 100 games avg: 159.0 steps 92 
INFO : 2021-01-31 01:12:40,471 : episode: 198 score: 199.2 100 games avg: 199.2 steps 112 
INFO : 2021-01-31 01:13:25,782 : episode: 199 score: 173.7 100 games avg: 173.7 steps 100 
