INFO : 2021-01-29 20:20:27,718 : method: Model Predictive Contorol
INFO : 2021-01-29 20:20:27,718 : parameter n_steps: 200 ensemble_size: 5 env: Hopper-v2
INFO : 2021-01-29 20:20:30,427 : mpc horizon: 10 mpc_samples: 100 elite_sample: 30 grad_steps: 10
INFO : 2021-01-29 20:20:30,427 : mpc_function policy-kl
INFO : 2021-01-29 20:20:30,428 : policy-kl
INFO : 2021-01-29 20:21:02,779 : episode: 0 score: 20.0 100 games avg: 20.0 steps 30 
INFO : 2021-01-29 20:21:34,257 : episode: 1 score: 16.8 100 games avg: 16.8 steps 29 
INFO : 2021-01-29 20:22:01,436 : episode: 2 score: 15.7 100 games avg: 15.7 steps 25 
INFO : 2021-01-29 20:22:25,346 : episode: 3 score: 13.1 100 games avg: 13.1 steps 22 
INFO : 2021-01-29 20:22:48,198 : episode: 4 score: 13.0 100 games avg: 13.0 steps 21 
INFO : 2021-01-29 20:23:14,318 : episode: 5 score: 13.5 100 games avg: 13.5 steps 24 
INFO : 2021-01-29 20:23:38,255 : episode: 6 score: 13.0 100 games avg: 13.0 steps 22 
INFO : 2021-01-29 20:24:05,468 : episode: 7 score: 15.4 100 games avg: 15.4 steps 25 
INFO : 2021-01-29 20:24:30,494 : episode: 8 score: 17.3 100 games avg: 17.3 steps 23 
INFO : 2021-01-29 20:24:54,433 : episode: 9 score: 13.8 100 games avg: 13.8 steps 22 
INFO : 2021-01-29 20:25:15,066 : episode: 10 score: 11.3 100 games avg: 11.3 steps 19 
INFO : 2021-01-29 20:25:30,354 : episode: 11 score: 8.4 100 games avg: 8.4 steps 14 
INFO : 2021-01-29 20:25:47,802 : episode: 12 score: 4.9 100 games avg: 4.9 steps 16 
INFO : 2021-01-29 20:26:05,291 : episode: 13 score: 12.7 100 games avg: 12.7 steps 16 
INFO : 2021-01-29 20:26:18,453 : episode: 14 score: 9.2 100 games avg: 9.2 steps 12 
INFO : 2021-01-29 20:26:36,084 : episode: 15 score: 5.6 100 games avg: 5.6 steps 16 
INFO : 2021-01-29 20:26:44,947 : episode: 16 score: 4.9 100 games avg: 4.9 steps 8 
INFO : 2021-01-29 20:26:55,999 : episode: 17 score: 7.6 100 games avg: 7.6 steps 10 
INFO : 2021-01-29 20:27:04,865 : episode: 18 score: 5.5 100 games avg: 5.5 steps 8 
INFO : 2021-01-29 20:27:17,054 : episode: 19 score: 8.7 100 games avg: 8.7 steps 11 
INFO : 2021-01-29 20:28:00,012 : episode: 20 score: 63.2 100 games avg: 63.2 steps 39 
INFO : 2021-01-29 20:28:12,212 : episode: 21 score: 6.0 100 games avg: 6.0 steps 11 
INFO : 2021-01-29 20:28:38,693 : episode: 22 score: 2.1 100 games avg: 2.1 steps 24 
INFO : 2021-01-29 20:28:57,480 : episode: 23 score: 6.7 100 games avg: 6.7 steps 17 
INFO : 2021-01-29 20:29:25,054 : episode: 24 score: 42.7 100 games avg: 42.7 steps 25 
INFO : 2021-01-29 20:29:51,523 : episode: 25 score: 41.1 100 games avg: 41.1 steps 24 
INFO : 2021-01-29 20:30:11,536 : episode: 26 score: 3.8 100 games avg: 3.8 steps 18 
INFO : 2021-01-29 20:30:39,226 : episode: 27 score: 43.3 100 games avg: 43.3 steps 25 
INFO : 2021-01-29 20:30:53,886 : episode: 28 score: 5.1 100 games avg: 5.1 steps 13 
INFO : 2021-01-29 20:31:14,931 : episode: 29 score: 0.9 100 games avg: 0.9 steps 19 
INFO : 2021-01-29 20:31:29,341 : episode: 30 score: 3.7 100 games avg: 3.7 steps 13 
INFO : 2021-01-29 20:31:54,701 : episode: 31 score: 39.9 100 games avg: 39.9 steps 23 
INFO : 2021-01-29 20:32:21,192 : episode: 32 score: 41.3 100 games avg: 41.3 steps 24 
INFO : 2021-01-29 20:32:45,477 : episode: 33 score: 4.8 100 games avg: 4.8 steps 22 
INFO : 2021-01-29 20:33:09,788 : episode: 34 score: 1.5 100 games avg: 1.5 steps 22 
INFO : 2021-01-29 20:33:54,872 : episode: 35 score: 70.5 100 games avg: 70.5 steps 41 
INFO : 2021-01-29 20:34:21,299 : episode: 36 score: 41.8 100 games avg: 41.8 steps 24 
INFO : 2021-01-29 20:35:21,640 : episode: 37 score: 101.2 100 games avg: 101.2 steps 55 
INFO : 2021-01-29 20:36:26,597 : episode: 38 score: 110.5 100 games avg: 110.5 steps 59 
INFO : 2021-01-29 20:36:53,999 : episode: 39 score: 43.7 100 games avg: 43.7 steps 25 
INFO : 2021-01-29 20:37:27,969 : episode: 40 score: 55.3 100 games avg: 55.3 steps 31 
INFO : 2021-01-29 20:37:56,466 : episode: 41 score: 45.4 100 games avg: 45.4 steps 26 
INFO : 2021-01-29 20:38:59,697 : episode: 42 score: 106.6 100 games avg: 106.6 steps 58 
INFO : 2021-01-29 20:39:57,631 : episode: 43 score: 93.9 100 games avg: 93.9 steps 53 
INFO : 2021-01-29 20:40:44,699 : episode: 44 score: 77.7 100 games avg: 77.7 steps 43 
INFO : 2021-01-29 20:41:44,922 : episode: 45 score: 97.3 100 games avg: 97.3 steps 55 
