INFO : 2021-01-19 01:02:43,225 : method: Model Predictive Contorol
INFO : 2021-01-19 01:02:43,226 : parameter n_steps: 100 ensemble_size: 5 env: Hopper-v2
INFO : 2021-01-19 01:02:46,167 : mpc horizon: 10 mpc_samples: 100 elite_sample: 30 grad_steps: 10
INFO : 2021-01-19 01:02:46,167 : mpc_function policy
INFO : 2021-01-19 01:02:46,167 : policy
INFO : 2021-01-19 01:02:49,213 : episode: 0 score: 14.9 100 games avg: 14.9 steps 17 
INFO : 2021-01-19 01:02:52,348 : episode: 1 score: 15.0 100 games avg: 15.0 steps 17 
INFO : 2021-01-19 01:02:55,478 : episode: 2 score: 15.2 100 games avg: 15.2 steps 17 
INFO : 2021-01-19 01:02:58,597 : episode: 3 score: 15.1 100 games avg: 15.1 steps 17 
INFO : 2021-01-19 01:03:01,734 : episode: 4 score: 15.2 100 games avg: 15.2 steps 17 
INFO : 2021-01-19 01:03:04,871 : episode: 5 score: 15.2 100 games avg: 15.2 steps 17 
INFO : 2021-01-19 01:03:08,013 : episode: 6 score: 15.5 100 games avg: 15.5 steps 17 
INFO : 2021-01-19 01:03:11,174 : episode: 7 score: 15.7 100 games avg: 15.7 steps 17 
INFO : 2021-01-19 01:03:14,318 : episode: 8 score: 15.5 100 games avg: 15.5 steps 17 
INFO : 2021-01-19 01:03:17,456 : episode: 9 score: 15.4 100 games avg: 15.4 steps 17 
INFO : 2021-01-19 01:03:20,579 : episode: 10 score: 15.3 100 games avg: 15.3 steps 17 
INFO : 2021-01-19 01:03:23,713 : episode: 11 score: 15.6 100 games avg: 15.6 steps 17 
INFO : 2021-01-19 01:03:26,830 : episode: 12 score: 14.6 100 games avg: 14.6 steps 17 
INFO : 2021-01-19 01:03:29,985 : episode: 13 score: 15.0 100 games avg: 15.0 steps 17 
INFO : 2021-01-19 01:03:33,124 : episode: 14 score: 15.6 100 games avg: 15.6 steps 17 
INFO : 2021-01-19 01:03:36,612 : episode: 15 score: 16.1 100 games avg: 16.1 steps 18 
INFO : 2021-01-19 01:03:46,111 : episode: 16 score: 60.0 100 games avg: 60.0 steps 49 
INFO : 2021-01-19 01:03:48,304 : episode: 17 score: 9.6 100 games avg: 9.6 steps 11 
INFO : 2021-01-19 01:03:54,354 : episode: 18 score: 45.4 100 games avg: 45.4 steps 31 
INFO : 2021-01-19 01:03:56,301 : episode: 19 score: 6.1 100 games avg: 6.1 steps 10 
INFO : 2021-01-19 01:04:02,655 : episode: 20 score: 57.7 100 games avg: 57.7 steps 33 
INFO : 2021-01-19 01:04:05,810 : episode: 21 score: 10.6 100 games avg: 10.6 steps 16 
INFO : 2021-01-19 01:04:10,274 : episode: 22 score: 26.1 100 games avg: 26.1 steps 23 
INFO : 2021-01-19 01:04:17,993 : episode: 23 score: 67.7 100 games avg: 67.7 steps 40 
INFO : 2021-01-19 01:04:22,659 : episode: 24 score: 41.6 100 games avg: 41.6 steps 24 
INFO : 2021-01-19 01:04:27,514 : episode: 25 score: 42.4 100 games avg: 42.4 steps 25 
INFO : 2021-01-19 01:04:31,897 : episode: 26 score: 38.2 100 games avg: 38.2 steps 22 
INFO : 2021-01-19 01:04:37,723 : episode: 27 score: 51.3 100 games avg: 51.3 steps 30 
INFO : 2021-01-19 01:04:43,824 : episode: 28 score: 54.4 100 games avg: 54.4 steps 31 
INFO : 2021-01-19 01:04:48,557 : episode: 29 score: 41.3 100 games avg: 41.3 steps 24 
INFO : 2021-01-19 01:04:53,495 : episode: 30 score: 42.7 100 games avg: 42.7 steps 25 
INFO : 2021-01-19 01:04:58,841 : episode: 31 score: 46.6 100 games avg: 46.6 steps 27 
INFO : 2021-01-19 01:05:03,030 : episode: 32 score: 35.7 100 games avg: 35.7 steps 21 
INFO : 2021-01-19 01:05:09,296 : episode: 33 score: 54.4 100 games avg: 54.4 steps 32 
INFO : 2021-01-19 01:05:14,607 : episode: 34 score: 45.5 100 games avg: 45.5 steps 27 
INFO : 2021-01-19 01:05:20,775 : episode: 35 score: 54.2 100 games avg: 54.2 steps 31 
INFO : 2021-01-19 01:05:26,064 : episode: 36 score: 43.3 100 games avg: 43.3 steps 26 
INFO : 2021-01-19 01:05:31,879 : episode: 37 score: 49.8 100 games avg: 49.8 steps 29 
INFO : 2021-01-19 01:05:36,717 : episode: 38 score: 41.4 100 games avg: 41.4 steps 24 
INFO : 2021-01-19 01:05:40,930 : episode: 39 score: 36.1 100 games avg: 36.1 steps 21 
INFO : 2021-01-19 01:05:45,552 : episode: 40 score: 39.0 100 games avg: 39.0 steps 23 
INFO : 2021-01-19 01:05:51,143 : episode: 41 score: 48.6 100 games avg: 48.6 steps 28 
INFO : 2021-01-19 01:05:55,924 : episode: 42 score: 41.6 100 games avg: 41.6 steps 24 
INFO : 2021-01-19 01:06:01,425 : episode: 43 score: 48.4 100 games avg: 48.4 steps 28 
INFO : 2021-01-19 01:06:06,623 : episode: 44 score: 44.8 100 games avg: 44.8 steps 26 
INFO : 2021-01-19 01:06:12,203 : episode: 45 score: 46.6 100 games avg: 46.6 steps 27 
INFO : 2021-01-19 01:06:18,259 : episode: 46 score: 51.5 100 games avg: 51.5 steps 30 
INFO : 2021-01-19 01:06:23,104 : episode: 47 score: 41.7 100 games avg: 41.7 steps 24 
INFO : 2021-01-19 01:06:28,546 : episode: 48 score: 46.5 100 games avg: 46.5 steps 27 
INFO : 2021-01-19 01:06:32,850 : episode: 49 score: 36.3 100 games avg: 36.3 steps 21 
INFO : 2021-01-19 01:06:37,595 : episode: 50 score: 40.2 100 games avg: 40.2 steps 23 
INFO : 2021-01-19 01:06:42,302 : episode: 51 score: 39.4 100 games avg: 39.4 steps 23 
INFO : 2021-01-19 01:06:47,443 : episode: 52 score: 43.5 100 games avg: 43.5 steps 25 
INFO : 2021-01-19 01:06:52,720 : episode: 53 score: 45.0 100 games avg: 45.0 steps 26 
INFO : 2021-01-19 01:06:58,173 : episode: 54 score: 47.1 100 games avg: 47.1 steps 27 
INFO : 2021-01-19 01:07:04,047 : episode: 55 score: 50.9 100 games avg: 50.9 steps 29 
INFO : 2021-01-19 01:07:10,470 : episode: 56 score: 55.1 100 games avg: 55.1 steps 32 
INFO : 2021-01-19 01:07:15,647 : episode: 57 score: 44.0 100 games avg: 44.0 steps 25 
INFO : 2021-01-19 01:07:20,653 : episode: 58 score: 41.6 100 games avg: 41.6 steps 24 
INFO : 2021-01-19 01:07:26,237 : episode: 59 score: 47.0 100 games avg: 47.0 steps 27 
INFO : 2021-01-19 01:07:31,252 : episode: 60 score: 41.8 100 games avg: 41.8 steps 24 
INFO : 2021-01-19 01:07:37,332 : episode: 61 score: 52.2 100 games avg: 52.2 steps 30 
INFO : 2021-01-19 01:07:42,684 : episode: 62 score: 45.7 100 games avg: 45.7 steps 26 
INFO : 2021-01-19 01:07:48,030 : episode: 63 score: 45.1 100 games avg: 45.1 steps 26 
INFO : 2021-01-19 01:07:53,604 : episode: 64 score: 47.3 100 games avg: 47.3 steps 27 
INFO : 2021-01-19 01:07:58,994 : episode: 65 score: 45.5 100 games avg: 45.5 steps 26 
INFO : 2021-01-19 01:08:05,740 : episode: 66 score: 57.6 100 games avg: 57.6 steps 33 
INFO : 2021-01-19 01:08:12,418 : episode: 67 score: 55.8 100 games avg: 55.8 steps 32 
INFO : 2021-01-19 01:08:17,978 : episode: 68 score: 47.7 100 games avg: 47.7 steps 27 
INFO : 2021-01-19 01:08:22,647 : episode: 69 score: 38.1 100 games avg: 38.1 steps 22 
INFO : 2021-01-19 01:08:28,665 : episode: 70 score: 50.0 100 games avg: 50.0 steps 29 
INFO : 2021-01-19 01:08:38,489 : episode: 71 score: 85.4 100 games avg: 85.4 steps 49 
INFO : 2021-01-19 01:08:43,791 : episode: 72 score: 43.6 100 games avg: 43.6 steps 25 
INFO : 2021-01-19 01:08:49,193 : episode: 73 score: 43.6 100 games avg: 43.6 steps 25 
INFO : 2021-01-19 01:09:03,402 : episode: 74 score: 106.2 100 games avg: 106.2 steps 72 
INFO : 2021-01-19 01:09:09,183 : episode: 75 score: 48.0 100 games avg: 48.0 steps 27 
INFO : 2021-01-19 01:09:24,852 : episode: 76 score: 137.0 100 games avg: 137.0 steps 79 
INFO : 2021-01-19 01:09:31,164 : episode: 77 score: 51.5 100 games avg: 51.5 steps 30 
INFO : 2021-01-19 01:09:37,051 : episode: 78 score: 47.9 100 games avg: 47.9 steps 28 
INFO : 2021-01-19 01:09:41,920 : episode: 79 score: 37.7 100 games avg: 37.7 steps 22 
INFO : 2021-01-19 01:09:54,772 : episode: 80 score: 108.1 100 games avg: 108.1 steps 64 
INFO : 2021-01-19 01:10:05,028 : episode: 81 score: 90.0 100 games avg: 90.0 steps 50 
INFO : 2021-01-19 01:10:16,403 : episode: 82 score: 94.9 100 games avg: 94.9 steps 56 
INFO : 2021-01-19 01:10:26,369 : episode: 83 score: 85.2 100 games avg: 85.2 steps 49 
INFO : 2021-01-19 01:10:38,154 : episode: 84 score: 102.1 100 games avg: 102.1 steps 58 
INFO : 2021-01-19 01:10:47,554 : episode: 85 score: 79.1 100 games avg: 79.1 steps 45 
INFO : 2021-01-19 01:10:57,343 : episode: 86 score: 83.0 100 games avg: 83.0 steps 47 
INFO : 2021-01-19 01:11:14,468 : episode: 87 score: 165.2 100 games avg: 165.2 steps 85 
INFO : 2021-01-19 01:11:26,085 : episode: 88 score: 99.2 100 games avg: 99.2 steps 57 
INFO : 2021-01-19 01:11:37,857 : episode: 89 score: 99.8 100 games avg: 99.8 steps 57 
INFO : 2021-01-19 01:11:47,053 : episode: 90 score: 75.4 100 games avg: 75.4 steps 44 
INFO : 2021-01-19 01:11:57,791 : episode: 91 score: 91.6 100 games avg: 91.6 steps 52 
INFO : 2021-01-19 01:12:09,613 : episode: 92 score: 103.1 100 games avg: 103.1 steps 58 
INFO : 2021-01-19 01:12:18,701 : episode: 93 score: 75.4 100 games avg: 75.4 steps 44 
INFO : 2021-01-19 01:12:29,827 : episode: 94 score: 93.3 100 games avg: 93.3 steps 53 
INFO : 2021-01-19 01:12:39,744 : episode: 95 score: 82.2 100 games avg: 82.2 steps 48 
INFO : 2021-01-19 01:12:50,366 : episode: 96 score: 88.4 100 games avg: 88.4 steps 51 
INFO : 2021-01-19 01:13:00,836 : episode: 97 score: 86.9 100 games avg: 86.9 steps 50 
INFO : 2021-01-19 01:13:12,422 : episode: 98 score: 97.2 100 games avg: 97.2 steps 55 
INFO : 2021-01-19 01:13:23,058 : episode: 99 score: 87.2 100 games avg: 87.2 steps 50 
