INFO : 2021-01-30 02:04:19,718 : method: Model Predictive Contorol
INFO : 2021-01-30 02:04:19,719 : parameter n_steps: 200 ensemble_size: 5 env: HalfCheetah-v2
INFO : 2021-01-30 02:04:22,221 : mpc horizon: 10 mpc_samples: 100 elite_sample: 30 grad_steps: 10
INFO : 2021-01-30 02:04:22,221 : mpc_function policy-kl3
INFO : 2021-01-30 02:04:22,221 : policy-kl3
INFO : 2021-01-30 02:08:29,175 : episode: 0 score: -163.9 100 games avg: -163.9 steps 1000 
INFO : 2021-01-30 02:12:42,161 : episode: 1 score: -147.0 100 games avg: -147.0 steps 1000 
INFO : 2021-01-30 02:16:55,359 : episode: 2 score: -219.9 100 games avg: -219.9 steps 1000 
INFO : 2021-01-30 02:21:08,779 : episode: 3 score: -160.3 100 games avg: -160.3 steps 1000 
INFO : 2021-01-30 02:25:22,622 : episode: 4 score: -174.5 100 games avg: -174.5 steps 1000 
INFO : 2021-01-30 02:29:36,750 : episode: 5 score: -163.2 100 games avg: -163.2 steps 1000 
INFO : 2021-01-30 02:33:51,283 : episode: 6 score: -215.1 100 games avg: -215.1 steps 1000 
INFO : 2021-01-30 02:38:05,934 : episode: 7 score: -80.9 100 games avg: -80.9 steps 1000 
INFO : 2021-01-30 02:42:21,039 : episode: 8 score: -201.9 100 games avg: -201.9 steps 1000 
INFO : 2021-01-30 02:46:36,329 : episode: 9 score: -81.8 100 games avg: -81.8 steps 1000 
INFO : 2021-01-30 02:50:51,915 : episode: 10 score: -93.2 100 games avg: -93.2 steps 1000 
INFO : 2021-01-30 02:55:07,753 : episode: 11 score: 14.5 100 games avg: 14.5 steps 1000 
INFO : 2021-01-30 02:59:23,860 : episode: 12 score: 71.4 100 games avg: 71.4 steps 1000 
INFO : 2021-01-30 03:03:40,577 : episode: 13 score: 113.3 100 games avg: 113.3 steps 1000 
INFO : 2021-01-30 03:07:57,507 : episode: 14 score: 128.4 100 games avg: 128.4 steps 1000 
INFO : 2021-01-30 03:12:14,420 : episode: 15 score: 30.0 100 games avg: 30.0 steps 1000 
INFO : 2021-01-30 03:16:32,056 : episode: 16 score: 47.4 100 games avg: 47.4 steps 1000 
INFO : 2021-01-30 03:20:49,722 : episode: 17 score: -13.9 100 games avg: -13.9 steps 1000 
INFO : 2021-01-30 03:25:07,791 : episode: 18 score: 1.8 100 games avg: 1.8 steps 1000 
INFO : 2021-01-30 03:29:26,269 : episode: 19 score: 89.1 100 games avg: 89.1 steps 1000 
INFO : 2021-01-30 03:33:45,185 : episode: 20 score: 157.9 100 games avg: 157.9 steps 1000 
INFO : 2021-01-30 03:38:04,488 : episode: 21 score: 212.4 100 games avg: 212.4 steps 1000 
INFO : 2021-01-30 03:42:23,568 : episode: 22 score: 79.4 100 games avg: 79.4 steps 1000 
INFO : 2021-01-30 03:46:43,168 : episode: 23 score: 191.8 100 games avg: 191.8 steps 1000 
INFO : 2021-01-30 03:51:03,066 : episode: 24 score: 324.0 100 games avg: 324.0 steps 1000 
INFO : 2021-01-30 03:55:23,519 : episode: 25 score: 160.9 100 games avg: 160.9 steps 1000 
INFO : 2021-01-30 03:59:43,800 : episode: 26 score: 302.3 100 games avg: 302.3 steps 1000 
INFO : 2021-01-30 04:04:04,857 : episode: 27 score: 386.1 100 games avg: 386.1 steps 1000 
INFO : 2021-01-30 04:08:26,320 : episode: 28 score: 131.1 100 games avg: 131.1 steps 1000 
INFO : 2021-01-30 04:12:48,104 : episode: 29 score: 328.8 100 games avg: 328.8 steps 1000 
INFO : 2021-01-30 04:17:09,800 : episode: 30 score: 972.1 100 games avg: 972.1 steps 1000 
INFO : 2021-01-30 04:21:32,249 : episode: 31 score: 568.5 100 games avg: 568.5 steps 1000 
INFO : 2021-01-30 04:25:54,973 : episode: 32 score: 246.3 100 games avg: 246.3 steps 1000 
INFO : 2021-01-30 04:30:17,538 : episode: 33 score: 796.7 100 games avg: 796.7 steps 1000 
INFO : 2021-01-30 04:34:40,714 : episode: 34 score: 1264.2 100 games avg: 1264.2 steps 1000 
INFO : 2021-01-30 04:39:03,900 : episode: 35 score: 412.3 100 games avg: 412.3 steps 1000 
INFO : 2021-01-30 04:43:28,082 : episode: 36 score: 1341.0 100 games avg: 1341.0 steps 1000 
INFO : 2021-01-30 04:47:52,263 : episode: 37 score: 1363.0 100 games avg: 1363.0 steps 1000 
INFO : 2021-01-30 04:52:16,247 : episode: 38 score: 1446.0 100 games avg: 1446.0 steps 1000 
INFO : 2021-01-30 04:56:41,007 : episode: 39 score: 1273.1 100 games avg: 1273.1 steps 1000 
INFO : 2021-01-30 05:01:05,926 : episode: 40 score: 550.4 100 games avg: 550.4 steps 1000 
INFO : 2021-01-30 05:05:31,060 : episode: 41 score: 1348.5 100 games avg: 1348.5 steps 1000 
INFO : 2021-01-30 05:09:56,496 : episode: 42 score: 1622.7 100 games avg: 1622.7 steps 1000 
INFO : 2021-01-30 05:14:21,880 : episode: 43 score: 1661.1 100 games avg: 1661.1 steps 1000 
INFO : 2021-01-30 05:18:48,214 : episode: 44 score: 1596.8 100 games avg: 1596.8 steps 1000 
INFO : 2021-01-30 05:23:14,474 : episode: 45 score: 372.6 100 games avg: 372.6 steps 1000 
INFO : 2021-01-30 05:27:40,954 : episode: 46 score: 319.3 100 games avg: 319.3 steps 1000 
INFO : 2021-01-30 05:32:07,699 : episode: 47 score: 1592.2 100 games avg: 1592.2 steps 1000 
INFO : 2021-01-30 05:36:35,075 : episode: 48 score: 634.1 100 games avg: 634.1 steps 1000 
INFO : 2021-01-30 05:41:02,763 : episode: 49 score: 1516.2 100 games avg: 1516.2 steps 1000 
INFO : 2021-01-30 05:45:29,965 : episode: 50 score: 1718.3 100 games avg: 1718.3 steps 1000 
INFO : 2021-01-30 05:49:58,470 : episode: 51 score: 1825.0 100 games avg: 1825.0 steps 1000 
INFO : 2021-01-30 05:54:27,200 : episode: 52 score: 1608.6 100 games avg: 1608.6 steps 1000 
INFO : 2021-01-30 05:58:55,983 : episode: 53 score: 1739.9 100 games avg: 1739.9 steps 1000 
INFO : 2021-01-30 06:03:26,065 : episode: 54 score: 1924.3 100 games avg: 1924.3 steps 1000 
INFO : 2021-01-30 06:07:56,331 : episode: 55 score: 1965.9 100 games avg: 1965.9 steps 1000 
INFO : 2021-01-30 06:12:26,407 : episode: 56 score: 162.0 100 games avg: 162.0 steps 1000 
INFO : 2021-01-30 06:16:56,377 : episode: 57 score: 922.2 100 games avg: 922.2 steps 1000 
INFO : 2021-01-30 06:21:26,934 : episode: 58 score: 1920.8 100 games avg: 1920.8 steps 1000 
INFO : 2021-01-30 06:25:57,673 : episode: 59 score: 1840.4 100 games avg: 1840.4 steps 1000 
INFO : 2021-01-30 06:30:28,679 : episode: 60 score: 1857.5 100 games avg: 1857.5 steps 1000 
INFO : 2021-01-30 06:35:00,349 : episode: 61 score: 1980.0 100 games avg: 1980.0 steps 1000 
INFO : 2021-01-30 06:39:32,411 : episode: 62 score: 291.8 100 games avg: 291.8 steps 1000 
INFO : 2021-01-30 06:44:04,427 : episode: 63 score: 2056.1 100 games avg: 2056.1 steps 1000 
INFO : 2021-01-30 06:48:37,013 : episode: 64 score: 2012.3 100 games avg: 2012.3 steps 1000 
INFO : 2021-01-30 06:53:09,194 : episode: 65 score: 2019.7 100 games avg: 2019.7 steps 1000 
INFO : 2021-01-30 06:57:42,262 : episode: 66 score: 2157.9 100 games avg: 2157.9 steps 1000 
INFO : 2021-01-30 07:02:15,511 : episode: 67 score: 2092.4 100 games avg: 2092.4 steps 1000 
INFO : 2021-01-30 07:06:48,915 : episode: 68 score: 2112.1 100 games avg: 2112.1 steps 1000 
INFO : 2021-01-30 07:11:22,596 : episode: 69 score: 2195.3 100 games avg: 2195.3 steps 1000 
INFO : 2021-01-30 07:15:57,009 : episode: 70 score: 2231.3 100 games avg: 2231.3 steps 1000 
INFO : 2021-01-30 07:20:31,342 : episode: 71 score: 2269.5 100 games avg: 2269.5 steps 1000 
INFO : 2021-01-30 07:25:06,093 : episode: 72 score: 2473.4 100 games avg: 2473.4 steps 1000 
INFO : 2021-01-30 07:29:41,457 : episode: 73 score: 2414.5 100 games avg: 2414.5 steps 1000 
INFO : 2021-01-30 07:34:17,220 : episode: 74 score: 2371.4 100 games avg: 2371.4 steps 1000 
INFO : 2021-01-30 07:38:53,330 : episode: 75 score: 2428.8 100 games avg: 2428.8 steps 1000 
INFO : 2021-01-30 07:43:29,146 : episode: 76 score: 2419.3 100 games avg: 2419.3 steps 1000 
INFO : 2021-01-30 07:48:05,373 : episode: 77 score: 2440.9 100 games avg: 2440.9 steps 1000 
INFO : 2021-01-30 07:52:42,059 : episode: 78 score: 2538.0 100 games avg: 2538.0 steps 1000 
INFO : 2021-01-30 07:57:18,894 : episode: 79 score: 2582.2 100 games avg: 2582.2 steps 1000 
INFO : 2021-01-30 08:01:55,902 : episode: 80 score: 2734.3 100 games avg: 2734.3 steps 1000 
INFO : 2021-01-30 08:06:33,800 : episode: 81 score: 2685.3 100 games avg: 2685.3 steps 1000 
INFO : 2021-01-30 08:11:12,941 : episode: 82 score: 2770.6 100 games avg: 2770.6 steps 1000 
INFO : 2021-01-30 08:15:52,611 : episode: 83 score: 2687.9 100 games avg: 2687.9 steps 1000 
INFO : 2021-01-30 08:20:32,351 : episode: 84 score: 2758.6 100 games avg: 2758.6 steps 1000 
INFO : 2021-01-30 08:25:11,937 : episode: 85 score: 2945.6 100 games avg: 2945.6 steps 1000 
INFO : 2021-01-30 08:29:51,462 : episode: 86 score: 2856.1 100 games avg: 2856.1 steps 1000 
INFO : 2021-01-30 08:34:30,914 : episode: 87 score: 3073.9 100 games avg: 3073.9 steps 1000 
INFO : 2021-01-30 08:39:10,654 : episode: 88 score: 2801.0 100 games avg: 2801.0 steps 1000 
INFO : 2021-01-30 08:43:51,170 : episode: 89 score: 2892.5 100 games avg: 2892.5 steps 1000 
INFO : 2021-01-30 08:48:32,101 : episode: 90 score: 2880.7 100 games avg: 2880.7 steps 1000 
INFO : 2021-01-30 08:53:12,754 : episode: 91 score: 2876.7 100 games avg: 2876.7 steps 1000 
INFO : 2021-01-30 08:57:54,029 : episode: 92 score: 2995.9 100 games avg: 2995.9 steps 1000 
INFO : 2021-01-30 09:02:35,382 : episode: 93 score: 2786.8 100 games avg: 2786.8 steps 1000 
INFO : 2021-01-30 09:07:17,173 : episode: 94 score: 3130.5 100 games avg: 3130.5 steps 1000 
INFO : 2021-01-30 09:11:59,402 : episode: 95 score: 3044.2 100 games avg: 3044.2 steps 1000 
INFO : 2021-01-30 09:16:42,024 : episode: 96 score: 2873.4 100 games avg: 2873.4 steps 1000 
INFO : 2021-01-30 09:21:24,816 : episode: 97 score: 2994.7 100 games avg: 2994.7 steps 1000 
INFO : 2021-01-30 09:26:07,901 : episode: 98 score: 3019.3 100 games avg: 3019.3 steps 1000 
INFO : 2021-01-30 09:30:51,171 : episode: 99 score: 2990.3 100 games avg: 2990.3 steps 1000 
INFO : 2021-01-30 09:35:35,037 : episode: 100 score: 2913.7 100 games avg: 2913.7 steps 1000 
INFO : 2021-01-30 09:40:19,068 : episode: 101 score: 3036.7 100 games avg: 3036.7 steps 1000 
INFO : 2021-01-30 09:45:03,604 : episode: 102 score: 2880.5 100 games avg: 2880.5 steps 1000 
INFO : 2021-01-30 09:49:48,139 : episode: 103 score: 2934.0 100 games avg: 2934.0 steps 1000 
INFO : 2021-01-30 09:54:33,445 : episode: 104 score: 3114.7 100 games avg: 3114.7 steps 1000 
INFO : 2021-01-30 09:59:18,741 : episode: 105 score: 3056.3 100 games avg: 3056.3 steps 1000 
INFO : 2021-01-30 10:04:04,158 : episode: 106 score: 2929.8 100 games avg: 2929.8 steps 1000 
INFO : 2021-01-30 10:08:50,212 : episode: 107 score: 3014.0 100 games avg: 3014.0 steps 1000 
INFO : 2021-01-30 10:13:36,447 : episode: 108 score: 3077.1 100 games avg: 3077.1 steps 1000 
INFO : 2021-01-30 10:18:23,148 : episode: 109 score: 3042.9 100 games avg: 3042.9 steps 1000 
INFO : 2021-01-30 10:23:10,550 : episode: 110 score: 3211.9 100 games avg: 3211.9 steps 1000 
INFO : 2021-01-30 10:27:58,772 : episode: 111 score: 3127.3 100 games avg: 3127.3 steps 1000 
INFO : 2021-01-30 10:32:47,464 : episode: 112 score: 3099.5 100 games avg: 3099.5 steps 1000 
INFO : 2021-01-30 10:37:36,911 : episode: 113 score: 3169.4 100 games avg: 3169.4 steps 1000 
INFO : 2021-01-30 10:42:26,249 : episode: 114 score: 3215.7 100 games avg: 3215.7 steps 1000 
INFO : 2021-01-30 10:47:15,582 : episode: 115 score: 3083.6 100 games avg: 3083.6 steps 1000 
INFO : 2021-01-30 10:52:05,212 : episode: 116 score: 3197.1 100 games avg: 3197.1 steps 1000 
INFO : 2021-01-30 10:56:53,954 : episode: 117 score: 3175.7 100 games avg: 3175.7 steps 1000 
INFO : 2021-01-30 11:01:43,662 : episode: 118 score: 3330.3 100 games avg: 3330.3 steps 1000 
INFO : 2021-01-30 11:06:32,965 : episode: 119 score: 3147.7 100 games avg: 3147.7 steps 1000 
INFO : 2021-01-30 11:11:22,781 : episode: 120 score: 3256.8 100 games avg: 3256.8 steps 1000 
INFO : 2021-01-30 11:16:13,135 : episode: 121 score: 3238.1 100 games avg: 3238.1 steps 1000 
INFO : 2021-01-30 11:21:03,891 : episode: 122 score: 3307.2 100 games avg: 3307.2 steps 1000 
INFO : 2021-01-30 11:25:55,120 : episode: 123 score: 3154.9 100 games avg: 3154.9 steps 1000 
INFO : 2021-01-30 11:30:46,582 : episode: 124 score: 3151.6 100 games avg: 3151.6 steps 1000 
INFO : 2021-01-30 11:35:38,150 : episode: 125 score: 3336.2 100 games avg: 3336.2 steps 1000 
INFO : 2021-01-30 11:40:29,992 : episode: 126 score: 3360.9 100 games avg: 3360.9 steps 1000 
INFO : 2021-01-30 11:45:22,257 : episode: 127 score: 3187.9 100 games avg: 3187.9 steps 1000 
INFO : 2021-01-30 11:50:14,466 : episode: 128 score: 3216.0 100 games avg: 3216.0 steps 1000 
INFO : 2021-01-30 11:55:07,314 : episode: 129 score: 3200.5 100 games avg: 3200.5 steps 1000 
INFO : 2021-01-30 12:00:00,237 : episode: 130 score: 3304.0 100 games avg: 3304.0 steps 1000 
INFO : 2021-01-30 12:04:53,894 : episode: 131 score: 3298.7 100 games avg: 3298.7 steps 1000 
INFO : 2021-01-30 12:09:47,524 : episode: 132 score: 3374.8 100 games avg: 3374.8 steps 1000 
INFO : 2021-01-30 12:14:41,633 : episode: 133 score: 3256.5 100 games avg: 3256.5 steps 1000 
INFO : 2021-01-30 12:19:36,333 : episode: 134 score: 3269.7 100 games avg: 3269.7 steps 1000 
INFO : 2021-01-30 12:24:31,028 : episode: 135 score: 3292.5 100 games avg: 3292.5 steps 1000 
INFO : 2021-01-30 12:29:25,883 : episode: 136 score: 3300.3 100 games avg: 3300.3 steps 1000 
INFO : 2021-01-30 12:34:21,559 : episode: 137 score: 2928.4 100 games avg: 2928.4 steps 1000 
INFO : 2021-01-30 12:39:16,807 : episode: 138 score: 3206.8 100 games avg: 3206.8 steps 1000 
INFO : 2021-01-30 12:44:12,901 : episode: 139 score: 3345.3 100 games avg: 3345.3 steps 1000 
INFO : 2021-01-30 12:49:09,337 : episode: 140 score: 3285.9 100 games avg: 3285.9 steps 1000 
INFO : 2021-01-30 12:54:06,698 : episode: 141 score: 3286.7 100 games avg: 3286.7 steps 1000 
INFO : 2021-01-30 12:59:04,585 : episode: 142 score: 3341.2 100 games avg: 3341.2 steps 1000 
INFO : 2021-01-30 13:04:03,016 : episode: 143 score: 3362.8 100 games avg: 3362.8 steps 1000 
INFO : 2021-01-30 13:09:02,759 : episode: 144 score: 3104.0 100 games avg: 3104.0 steps 1000 
INFO : 2021-01-30 13:14:03,253 : episode: 145 score: 3379.7 100 games avg: 3379.7 steps 1000 
INFO : 2021-01-30 13:19:03,595 : episode: 146 score: 3529.8 100 games avg: 3529.8 steps 1000 
INFO : 2021-01-30 13:24:03,849 : episode: 147 score: 3386.6 100 games avg: 3386.6 steps 1000 
INFO : 2021-01-30 13:29:03,865 : episode: 148 score: 3351.2 100 games avg: 3351.2 steps 1000 
INFO : 2021-01-30 13:34:03,804 : episode: 149 score: 3291.8 100 games avg: 3291.8 steps 1000 
INFO : 2021-01-30 13:39:03,460 : episode: 150 score: 3505.4 100 games avg: 3505.4 steps 1000 
INFO : 2021-01-30 13:44:03,325 : episode: 151 score: 3500.5 100 games avg: 3500.5 steps 1000 
INFO : 2021-01-30 13:49:03,696 : episode: 152 score: 3212.3 100 games avg: 3212.3 steps 1000 
INFO : 2021-01-30 13:54:04,008 : episode: 153 score: 3507.8 100 games avg: 3507.8 steps 1000 
INFO : 2021-01-30 13:59:04,765 : episode: 154 score: 3367.6 100 games avg: 3367.6 steps 1000 
INFO : 2021-01-30 14:04:06,041 : episode: 155 score: 3485.0 100 games avg: 3485.0 steps 1000 
INFO : 2021-01-30 14:09:07,700 : episode: 156 score: 3341.8 100 games avg: 3341.8 steps 1000 
INFO : 2021-01-30 14:14:09,722 : episode: 157 score: 3504.1 100 games avg: 3504.1 steps 1000 
INFO : 2021-01-30 14:19:12,200 : episode: 158 score: 3441.7 100 games avg: 3441.7 steps 1000 
INFO : 2021-01-30 14:24:14,671 : episode: 159 score: 3354.3 100 games avg: 3354.3 steps 1000 
INFO : 2021-01-30 14:29:17,280 : episode: 160 score: 3540.4 100 games avg: 3540.4 steps 1000 
INFO : 2021-01-30 14:34:20,216 : episode: 161 score: 3330.5 100 games avg: 3330.5 steps 1000 
INFO : 2021-01-30 14:39:23,406 : episode: 162 score: 3553.8 100 games avg: 3553.8 steps 1000 
INFO : 2021-01-30 14:44:26,836 : episode: 163 score: 3497.9 100 games avg: 3497.9 steps 1000 
INFO : 2021-01-30 14:49:31,083 : episode: 164 score: 3396.4 100 games avg: 3396.4 steps 1000 
INFO : 2021-01-30 14:54:35,436 : episode: 165 score: 3384.4 100 games avg: 3384.4 steps 1000 
INFO : 2021-01-30 14:59:39,806 : episode: 166 score: 3374.9 100 games avg: 3374.9 steps 1000 
INFO : 2021-01-30 15:04:44,943 : episode: 167 score: 3431.0 100 games avg: 3431.0 steps 1000 
INFO : 2021-01-30 15:09:50,147 : episode: 168 score: 3517.9 100 games avg: 3517.9 steps 1000 
INFO : 2021-01-30 15:14:56,156 : episode: 169 score: 3572.4 100 games avg: 3572.4 steps 1000 
INFO : 2021-01-30 15:20:02,056 : episode: 170 score: 3309.8 100 games avg: 3309.8 steps 1000 
INFO : 2021-01-30 15:25:08,072 : episode: 171 score: 3729.0 100 games avg: 3729.0 steps 1000 
INFO : 2021-01-30 15:30:14,326 : episode: 172 score: 3561.2 100 games avg: 3561.2 steps 1000 
INFO : 2021-01-30 15:35:20,786 : episode: 173 score: 3406.7 100 games avg: 3406.7 steps 1000 
INFO : 2021-01-30 15:40:28,212 : episode: 174 score: 3633.1 100 games avg: 3633.1 steps 1000 
INFO : 2021-01-30 15:45:36,828 : episode: 175 score: 3535.4 100 games avg: 3535.4 steps 1000 
INFO : 2021-01-30 15:50:45,905 : episode: 176 score: 3425.2 100 games avg: 3425.2 steps 1000 
INFO : 2021-01-30 15:55:56,094 : episode: 177 score: 3435.2 100 games avg: 3435.2 steps 1000 
INFO : 2021-01-30 16:01:07,125 : episode: 178 score: 3559.8 100 games avg: 3559.8 steps 1000 
INFO : 2021-01-30 16:06:19,122 : episode: 179 score: 3732.7 100 games avg: 3732.7 steps 1000 
INFO : 2021-01-30 16:11:31,063 : episode: 180 score: 3461.7 100 games avg: 3461.7 steps 1000 
INFO : 2021-01-30 16:16:42,659 : episode: 181 score: 3330.1 100 games avg: 3330.1 steps 1000 
INFO : 2021-01-30 16:21:54,222 : episode: 182 score: 3550.4 100 games avg: 3550.4 steps 1000 
INFO : 2021-01-30 16:27:05,412 : episode: 183 score: 3628.7 100 games avg: 3628.7 steps 1000 
INFO : 2021-01-30 16:32:16,999 : episode: 184 score: 3377.8 100 games avg: 3377.8 steps 1000 
INFO : 2021-01-30 16:37:28,584 : episode: 185 score: 3539.4 100 games avg: 3539.4 steps 1000 
INFO : 2021-01-30 16:42:40,169 : episode: 186 score: 3656.1 100 games avg: 3656.1 steps 1000 
INFO : 2021-01-30 16:47:50,972 : episode: 187 score: 3457.6 100 games avg: 3457.6 steps 1000 
INFO : 2021-01-30 16:53:02,363 : episode: 188 score: 3561.2 100 games avg: 3561.2 steps 1000 
INFO : 2021-01-30 16:58:14,347 : episode: 189 score: 3585.5 100 games avg: 3585.5 steps 1000 
INFO : 2021-01-30 17:03:26,660 : episode: 190 score: 3525.2 100 games avg: 3525.2 steps 1000 
INFO : 2021-01-30 17:08:39,488 : episode: 191 score: 3449.6 100 games avg: 3449.6 steps 1000 
INFO : 2021-01-30 17:13:52,687 : episode: 192 score: 3404.0 100 games avg: 3404.0 steps 1000 
INFO : 2021-01-30 17:19:04,999 : episode: 193 score: 3517.5 100 games avg: 3517.5 steps 1000 
INFO : 2021-01-30 17:24:20,101 : episode: 194 score: 3557.3 100 games avg: 3557.3 steps 1000 
INFO : 2021-01-30 17:29:35,513 : episode: 195 score: 3474.0 100 games avg: 3474.0 steps 1000 
INFO : 2021-01-30 17:34:51,293 : episode: 196 score: 3583.1 100 games avg: 3583.1 steps 1000 
INFO : 2021-01-30 17:40:07,726 : episode: 197 score: 3514.0 100 games avg: 3514.0 steps 1000 
INFO : 2021-01-30 17:45:24,528 : episode: 198 score: 3543.4 100 games avg: 3543.4 steps 1000 
INFO : 2021-01-30 17:50:41,297 : episode: 199 score: 3532.3 100 games avg: 3532.3 steps 1000 
