INFO : 2021-01-22 19:08:44,868 : method: Model Predictive Contorol
INFO : 2021-01-22 19:08:44,868 : parameter n_steps: 100 ensemble_size: 5 env: HalfCheetah-v2
INFO : 2021-01-22 19:08:47,813 : mpc horizon: 10 mpc_samples: 100 elite_sample: 30 grad_steps: 10
INFO : 2021-01-22 19:08:47,813 : mpc_function policy
INFO : 2021-01-22 19:08:47,813 : policy
INFO : 2021-01-22 19:08:48,026 : state_square_error: 0.956 reward_error: 1.385
INFO : 2021-01-22 19:09:07,102 : state_square_error: 1.935 reward_error: 3.507
INFO : 2021-01-22 19:09:26,290 : state_square_error: 0.846 reward_error: 2.301
INFO : 2021-01-22 19:09:45,626 : state_square_error: 27.264 reward_error: 18.499
INFO : 2021-01-22 19:10:05,797 : state_square_error: 41.866 reward_error: 11.945
INFO : 2021-01-22 19:10:25,828 : state_square_error: 208.498 reward_error: 13.407
INFO : 2021-01-22 19:10:45,779 : state_square_error: 48.595 reward_error: 10.232
INFO : 2021-01-22 19:11:06,201 : state_square_error: 777.702 reward_error: 38.496
INFO : 2021-01-22 19:11:26,638 : state_square_error: 30.189 reward_error: 3.165
INFO : 2021-01-22 19:11:47,042 : state_square_error: 89.918 reward_error: 10.468
INFO : 2021-01-22 19:12:07,178 : episode: 0 score: -159.2 100 games avg: -159.2 steps 1000 
INFO : 2021-01-22 19:12:07,588 : state_square_error: 23.676 reward_error: 4.816
INFO : 2021-01-22 19:12:28,072 : state_square_error: 24.876 reward_error: 9.989
INFO : 2021-01-22 19:12:48,220 : state_square_error: 17.452 reward_error: 6.642
INFO : 2021-01-22 19:13:08,206 : state_square_error: 16.101 reward_error: 8.665
INFO : 2021-01-22 19:13:28,450 : state_square_error: 14.893 reward_error: 4.724
INFO : 2021-01-22 19:13:48,806 : state_square_error: 7.811 reward_error: 4.978
INFO : 2021-01-22 19:14:09,083 : state_square_error: 35.419 reward_error: 1.652
INFO : 2021-01-22 19:14:29,195 : state_square_error: 31.685 reward_error: -0.139
INFO : 2021-01-22 19:14:49,987 : state_square_error: 16.203 reward_error: 7.744
INFO : 2021-01-22 19:15:10,317 : state_square_error: 20.507 reward_error: 5.944
INFO : 2021-01-22 19:15:30,404 : episode: 1 score: -198.4 100 games avg: -198.4 steps 1000 
INFO : 2021-01-22 19:15:31,112 : state_square_error: 151.354 reward_error: 11.481
INFO : 2021-01-22 19:15:51,343 : state_square_error: 115.193 reward_error: 19.282
INFO : 2021-01-22 19:16:11,815 : state_square_error: 97.224 reward_error: 17.043
INFO : 2021-01-22 19:16:32,028 : state_square_error: 229.075 reward_error: 21.138
INFO : 2021-01-22 19:16:52,502 : state_square_error: 39.366 reward_error: 17.228
INFO : 2021-01-22 19:17:12,609 : state_square_error: 53.634 reward_error: 7.181
INFO : 2021-01-22 19:17:32,931 : state_square_error: 28.470 reward_error: 15.662
INFO : 2021-01-22 19:17:52,994 : state_square_error: 55.126 reward_error: 29.845
INFO : 2021-01-22 19:18:13,370 : state_square_error: 152.712 reward_error: 28.813
INFO : 2021-01-22 19:18:33,377 : state_square_error: 23.815 reward_error: 19.884
INFO : 2021-01-22 19:18:53,119 : episode: 2 score: -215.1 100 games avg: -215.1 steps 1000 
INFO : 2021-01-22 19:18:54,002 : state_square_error: 111.069 reward_error: 10.155
INFO : 2021-01-22 19:19:14,267 : state_square_error: 113.387 reward_error: 9.550
INFO : 2021-01-22 19:19:34,643 : state_square_error: 490.100 reward_error: 11.706
INFO : 2021-01-22 19:19:54,704 : state_square_error: 61.284 reward_error: 7.618
INFO : 2021-01-22 19:20:15,123 : state_square_error: 29.614 reward_error: 15.680
INFO : 2021-01-22 19:20:35,409 : state_square_error: 123.043 reward_error: 11.858
INFO : 2021-01-22 19:20:55,616 : state_square_error: 203.634 reward_error: 14.096
INFO : 2021-01-22 19:21:15,840 : state_square_error: 52.912 reward_error: 10.072
INFO : 2021-01-22 19:21:36,168 : state_square_error: 172.960 reward_error: 18.871
INFO : 2021-01-22 19:21:56,365 : state_square_error: 167.184 reward_error: 13.902
INFO : 2021-01-22 19:22:16,228 : episode: 3 score: -46.8 100 games avg: -46.8 steps 1000 
INFO : 2021-01-22 19:22:17,616 : state_square_error: 226.526 reward_error: 3.462
INFO : 2021-01-22 19:22:37,494 : state_square_error: 39.971 reward_error: 10.814
INFO : 2021-01-22 19:22:57,328 : state_square_error: 662.371 reward_error: 10.070
INFO : 2021-01-22 19:23:17,265 : state_square_error: 16.794 reward_error: 6.918
INFO : 2021-01-22 19:23:37,346 : state_square_error: 115.986 reward_error: 8.803
INFO : 2021-01-22 19:23:57,246 : state_square_error: 127.522 reward_error: 8.078
INFO : 2021-01-22 19:24:17,265 : state_square_error: 41.041 reward_error: 6.637
INFO : 2021-01-22 19:24:37,398 : state_square_error: 58.783 reward_error: 12.045
INFO : 2021-01-22 19:24:57,561 : state_square_error: 117.429 reward_error: 10.278
INFO : 2021-01-22 19:25:17,994 : state_square_error: 170.625 reward_error: 8.638
INFO : 2021-01-22 19:25:38,066 : episode: 4 score: -163.0 100 games avg: -163.0 steps 1000 
INFO : 2021-01-22 19:25:39,896 : state_square_error: 32.528 reward_error: 1.640
INFO : 2021-01-22 19:26:00,618 : state_square_error: 45.047 reward_error: 7.278
INFO : 2021-01-22 19:26:20,846 : state_square_error: 55.100 reward_error: 8.340
INFO : 2021-01-22 19:26:41,255 : state_square_error: 44.882 reward_error: 4.958
INFO : 2021-01-22 19:27:01,401 : state_square_error: 15.416 reward_error: 12.531
INFO : 2021-01-22 19:27:21,900 : state_square_error: 50.938 reward_error: 7.377
INFO : 2021-01-22 19:27:42,146 : state_square_error: 102.720 reward_error: 9.516
INFO : 2021-01-22 19:28:02,567 : state_square_error: 55.047 reward_error: 7.339
INFO : 2021-01-22 19:28:22,531 : state_square_error: 164.623 reward_error: 6.963
INFO : 2021-01-22 19:28:42,779 : state_square_error: 77.590 reward_error: 6.993
INFO : 2021-01-22 19:29:02,826 : episode: 5 score: -209.9 100 games avg: -209.9 steps 1000 
INFO : 2021-01-22 19:29:04,752 : state_square_error: 28.295 reward_error: 11.653
INFO : 2021-01-22 19:29:24,787 : state_square_error: 66.383 reward_error: 7.764
INFO : 2021-01-22 19:29:44,799 : state_square_error: 126.263 reward_error: 7.874
INFO : 2021-01-22 19:30:04,857 : state_square_error: 20.256 reward_error: 9.359
INFO : 2021-01-22 19:30:24,953 : state_square_error: 21.112 reward_error: 7.347
INFO : 2021-01-22 19:30:44,887 : state_square_error: 21.337 reward_error: 4.976
INFO : 2021-01-22 19:31:05,147 : state_square_error: 70.356 reward_error: 7.393
INFO : 2021-01-22 19:31:25,508 : state_square_error: 79.487 reward_error: 11.284
INFO : 2021-01-22 19:31:45,603 : state_square_error: 95.441 reward_error: 9.241
INFO : 2021-01-22 19:32:06,009 : state_square_error: 52.381 reward_error: 10.105
INFO : 2021-01-22 19:32:26,005 : episode: 6 score: -23.4 100 games avg: -23.4 steps 1000 
INFO : 2021-01-22 19:32:28,432 : state_square_error: 36.732 reward_error: 1.218
INFO : 2021-01-22 19:32:48,670 : state_square_error: 23.780 reward_error: 12.584
INFO : 2021-01-22 19:33:08,843 : state_square_error: 88.834 reward_error: 1.885
INFO : 2021-01-22 19:33:29,302 : state_square_error: 63.430 reward_error: 6.954
INFO : 2021-01-22 19:33:49,678 : state_square_error: 32.259 reward_error: 4.588
INFO : 2021-01-22 19:34:09,806 : state_square_error: 57.186 reward_error: 11.911
INFO : 2021-01-22 19:34:30,239 : state_square_error: 51.503 reward_error: 4.736
INFO : 2021-01-22 19:34:50,423 : state_square_error: 93.619 reward_error: 19.495
INFO : 2021-01-22 19:35:10,496 : state_square_error: 30.941 reward_error: 6.544
INFO : 2021-01-22 19:35:30,575 : state_square_error: 24.690 reward_error: 4.399
INFO : 2021-01-22 19:35:50,699 : episode: 7 score: 40.3 100 games avg: 40.3 steps 1000 
INFO : 2021-01-22 19:35:53,595 : state_square_error: 22.496 reward_error: 5.266
INFO : 2021-01-22 19:36:13,549 : state_square_error: 48.049 reward_error: 5.561
INFO : 2021-01-22 19:36:33,590 : state_square_error: 47.394 reward_error: 6.064
INFO : 2021-01-22 19:36:53,456 : state_square_error: 36.343 reward_error: 5.366
INFO : 2021-01-22 19:37:14,081 : state_square_error: 29.219 reward_error: 5.774
INFO : 2021-01-22 19:37:34,433 : state_square_error: 34.622 reward_error: 6.228
INFO : 2021-01-22 19:37:54,592 : state_square_error: 4.901 reward_error: -0.596
INFO : 2021-01-22 19:38:14,750 : state_square_error: 26.125 reward_error: 10.148
INFO : 2021-01-22 19:38:35,107 : state_square_error: 14.906 reward_error: 4.884
INFO : 2021-01-22 19:38:55,197 : state_square_error: 40.859 reward_error: 10.767
INFO : 2021-01-22 19:39:15,163 : episode: 8 score: 14.5 100 games avg: 14.5 steps 1000 
INFO : 2021-01-22 19:39:18,498 : state_square_error: 21.722 reward_error: 3.520
INFO : 2021-01-22 19:39:38,764 : state_square_error: 34.952 reward_error: 2.093
INFO : 2021-01-22 19:39:59,133 : state_square_error: 48.670 reward_error: 5.060
INFO : 2021-01-22 19:40:19,161 : state_square_error: 13.282 reward_error: 4.905
INFO : 2021-01-22 19:40:39,452 : state_square_error: 11.641 reward_error: 7.259
INFO : 2021-01-22 19:40:59,611 : state_square_error: 100.056 reward_error: 4.200
INFO : 2021-01-22 19:41:20,033 : state_square_error: 15.712 reward_error: 6.617
INFO : 2021-01-22 19:41:40,114 : state_square_error: 72.942 reward_error: 7.959
INFO : 2021-01-22 19:42:00,175 : state_square_error: 7.139 reward_error: 3.321
INFO : 2021-01-22 19:42:20,435 : state_square_error: 81.922 reward_error: 2.572
INFO : 2021-01-22 19:42:40,662 : episode: 9 score: -154.2 100 games avg: -154.2 steps 1000 
INFO : 2021-01-22 19:42:44,232 : state_square_error: 32.615 reward_error: 2.759
INFO : 2021-01-22 19:43:04,452 : state_square_error: 22.456 reward_error: 3.886
INFO : 2021-01-22 19:43:24,439 : state_square_error: 4.603 reward_error: 4.435
INFO : 2021-01-22 19:43:44,399 : state_square_error: 16.530 reward_error: 7.118
INFO : 2021-01-22 19:44:04,735 : state_square_error: 37.324 reward_error: 2.373
INFO : 2021-01-22 19:44:24,725 : state_square_error: 24.154 reward_error: 3.957
INFO : 2021-01-22 19:44:45,029 : state_square_error: 58.295 reward_error: 3.732
INFO : 2021-01-22 19:45:05,117 : state_square_error: 22.966 reward_error: 9.587
INFO : 2021-01-22 19:45:25,196 : state_square_error: 17.365 reward_error: 4.928
INFO : 2021-01-22 19:45:45,383 : state_square_error: 96.309 reward_error: 5.186
INFO : 2021-01-22 19:46:05,251 : episode: 10 score: 21.7 100 games avg: 21.7 steps 1000 
INFO : 2021-01-22 19:46:09,130 : state_square_error: 66.413 reward_error: 9.817
INFO : 2021-01-22 19:46:29,337 : state_square_error: 24.412 reward_error: 4.596
INFO : 2021-01-22 19:46:49,151 : state_square_error: 108.538 reward_error: 2.662
INFO : 2021-01-22 19:47:09,270 : state_square_error: 17.835 reward_error: 4.184
INFO : 2021-01-22 19:47:29,420 : state_square_error: 20.796 reward_error: 4.576
INFO : 2021-01-22 19:47:49,552 : state_square_error: 18.581 reward_error: 1.919
INFO : 2021-01-22 19:48:09,769 : state_square_error: 16.659 reward_error: 2.426
INFO : 2021-01-22 19:48:30,018 : state_square_error: 15.943 reward_error: 5.383
INFO : 2021-01-22 19:48:50,045 : state_square_error: 42.020 reward_error: 10.470
INFO : 2021-01-22 19:49:10,181 : state_square_error: 37.955 reward_error: 4.593
INFO : 2021-01-22 19:49:30,197 : episode: 11 score: -80.5 100 games avg: -80.5 steps 1000 
INFO : 2021-01-22 19:49:34,255 : state_square_error: 20.715 reward_error: 10.757
INFO : 2021-01-22 19:49:54,745 : state_square_error: 46.653 reward_error: 8.276
INFO : 2021-01-22 19:50:14,882 : state_square_error: 14.994 reward_error: 7.642
INFO : 2021-01-22 19:50:35,037 : state_square_error: 26.484 reward_error: 3.418
