INFO : 2021-01-31 00:29:33,353 : method: Model Predictive Contorol
INFO : 2021-01-31 00:29:33,354 : parameter n_steps: 100 ensemble_size: 5 env: Continuous_CartPole
INFO : 2021-01-31 00:29:38,918 : mpc horizon: 30 mpc_samples: 100 elite_sample: 30 grad_steps: 10
INFO : 2021-01-31 00:29:38,918 : mpc_function policy-kl3
INFO : 2021-01-31 00:29:38,918 : policy-kl3
INFO : 2021-01-31 00:29:56,495 : episode: 0 score: 25.0 100 games avg: 25.0 steps 26 
INFO : 2021-01-31 00:30:17,718 : episode: 1 score: 30.0 100 games avg: 30.0 steps 31 
INFO : 2021-01-31 00:30:47,412 : episode: 2 score: 43.0 100 games avg: 43.0 steps 44 
INFO : 2021-01-31 00:31:06,331 : episode: 3 score: 27.0 100 games avg: 27.0 steps 28 
INFO : 2021-01-31 00:31:23,260 : episode: 4 score: 24.0 100 games avg: 24.0 steps 25 
INFO : 2021-01-31 00:31:50,274 : episode: 5 score: 39.0 100 games avg: 39.0 steps 40 
INFO : 2021-01-31 00:32:19,295 : episode: 6 score: 42.0 100 games avg: 42.0 steps 43 
INFO : 2021-01-31 00:32:42,641 : episode: 7 score: 33.0 100 games avg: 33.0 steps 34 
INFO : 2021-01-31 00:32:48,996 : episode: 8 score: 8.0 100 games avg: 8.0 steps 9 
INFO : 2021-01-31 00:32:56,046 : episode: 9 score: 9.0 100 games avg: 9.0 steps 10 
INFO : 2021-01-31 00:33:36,647 : episode: 10 score: 56.0 100 games avg: 56.0 steps 57 
INFO : 2021-01-31 00:33:41,614 : episode: 11 score: 6.0 100 games avg: 6.0 steps 7 
INFO : 2021-01-31 00:33:45,890 : episode: 12 score: 5.0 100 games avg: 5.0 steps 6 
INFO : 2021-01-31 00:33:50,861 : episode: 13 score: 6.0 100 games avg: 6.0 steps 7 
INFO : 2021-01-31 00:34:09,082 : episode: 14 score: 25.0 100 games avg: 25.0 steps 26 
INFO : 2021-01-31 00:34:24,527 : episode: 15 score: 21.0 100 games avg: 21.0 steps 22 
INFO : 2021-01-31 00:34:30,198 : episode: 16 score: 7.0 100 games avg: 7.0 steps 8 
INFO : 2021-01-31 00:35:00,962 : episode: 17 score: 43.0 100 games avg: 43.0 steps 44 
INFO : 2021-01-31 00:35:21,272 : episode: 18 score: 28.0 100 games avg: 28.0 steps 29 
INFO : 2021-01-31 00:36:10,869 : episode: 19 score: 70.0 100 games avg: 70.0 steps 71 
INFO : 2021-01-31 00:36:40,250 : episode: 20 score: 41.0 100 games avg: 41.0 steps 42 
INFO : 2021-01-31 00:37:02,683 : episode: 21 score: 31.0 100 games avg: 31.0 steps 32 
INFO : 2021-01-31 00:37:51,525 : episode: 22 score: 69.0 100 games avg: 69.0 steps 70 
INFO : 2021-01-31 00:38:21,598 : episode: 23 score: 42.0 100 games avg: 42.0 steps 43 
INFO : 2021-01-31 00:39:00,035 : episode: 24 score: 54.0 100 games avg: 54.0 steps 55 
INFO : 2021-01-31 00:39:45,082 : episode: 25 score: 63.0 100 games avg: 63.0 steps 64 
INFO : 2021-01-31 00:40:51,097 : episode: 26 score: 93.0 100 games avg: 93.0 steps 94 
INFO : 2021-01-31 00:41:27,747 : episode: 27 score: 51.0 100 games avg: 51.0 steps 52 
INFO : 2021-01-31 00:43:48,176 : episode: 28 score: 200.0 100 games avg: 200.0 steps 201 
INFO : 2021-01-31 00:46:08,544 : episode: 29 score: 200.0 100 games avg: 200.0 steps 201 
INFO : 2021-01-31 00:48:28,910 : episode: 30 score: 200.0 100 games avg: 200.0 steps 201 
INFO : 2021-01-31 00:50:49,539 : episode: 31 score: 200.0 100 games avg: 200.0 steps 201 
INFO : 2021-01-31 00:53:10,589 : episode: 32 score: 200.0 100 games avg: 200.0 steps 201 
INFO : 2021-01-31 00:55:31,811 : episode: 33 score: 200.0 100 games avg: 200.0 steps 201 
INFO : 2021-01-31 00:57:39,190 : episode: 34 score: 181.0 100 games avg: 181.0 steps 182 
INFO : 2021-01-31 00:59:53,178 : episode: 35 score: 190.0 100 games avg: 190.0 steps 191 
INFO : 2021-01-31 01:02:14,362 : episode: 36 score: 200.0 100 games avg: 200.0 steps 201 
INFO : 2021-01-31 01:04:22,468 : episode: 37 score: 182.0 100 games avg: 182.0 steps 183 
INFO : 2021-01-31 01:06:43,173 : episode: 38 score: 200.0 100 games avg: 200.0 steps 201 
INFO : 2021-01-31 01:08:41,695 : episode: 39 score: 168.0 100 games avg: 168.0 steps 169 
INFO : 2021-01-31 01:10:35,599 : episode: 40 score: 161.0 100 games avg: 161.0 steps 162 
INFO : 2021-01-31 01:12:09,958 : episode: 41 score: 133.0 100 games avg: 133.0 steps 134 
INFO : 2021-01-31 01:13:22,217 : episode: 42 score: 101.0 100 games avg: 101.0 steps 102 
INFO : 2021-01-31 01:15:40,539 : episode: 43 score: 196.0 100 games avg: 196.0 steps 197 
INFO : 2021-01-31 01:17:37,431 : episode: 44 score: 165.0 100 games avg: 165.0 steps 166 
INFO : 2021-01-31 01:19:58,576 : episode: 45 score: 200.0 100 games avg: 200.0 steps 201 
INFO : 2021-01-31 01:21:45,697 : episode: 46 score: 151.0 100 games avg: 151.0 steps 152 
INFO : 2021-01-31 01:23:48,873 : episode: 47 score: 174.0 100 games avg: 174.0 steps 175 
INFO : 2021-01-31 01:26:10,256 : episode: 48 score: 200.0 100 games avg: 200.0 steps 201 
INFO : 2021-01-31 01:28:31,898 : episode: 49 score: 200.0 100 games avg: 200.0 steps 201 
INFO : 2021-01-31 01:30:32,518 : episode: 50 score: 169.0 100 games avg: 169.0 steps 170 
INFO : 2021-01-31 01:32:54,377 : episode: 51 score: 200.0 100 games avg: 200.0 steps 201 
INFO : 2021-01-31 01:35:16,739 : episode: 52 score: 200.0 100 games avg: 200.0 steps 201 
INFO : 2021-01-31 01:37:20,203 : episode: 53 score: 173.0 100 games avg: 173.0 steps 174 
INFO : 2021-01-31 01:39:01,128 : episode: 54 score: 141.0 100 games avg: 141.0 steps 142 
INFO : 2021-01-31 01:41:22,990 : episode: 55 score: 200.0 100 games avg: 200.0 steps 201 
INFO : 2021-01-31 01:43:42,362 : episode: 56 score: 196.0 100 games avg: 196.0 steps 197 
INFO : 2021-01-31 01:46:03,814 : episode: 57 score: 199.0 100 games avg: 199.0 steps 200 
INFO : 2021-01-31 01:48:25,852 : episode: 58 score: 200.0 100 games avg: 200.0 steps 201 
INFO : 2021-01-31 01:50:48,257 : episode: 59 score: 200.0 100 games avg: 200.0 steps 201 
INFO : 2021-01-31 01:52:40,183 : episode: 60 score: 156.0 100 games avg: 156.0 steps 157 
INFO : 2021-01-31 01:55:03,170 : episode: 61 score: 200.0 100 games avg: 200.0 steps 201 
INFO : 2021-01-31 01:57:26,260 : episode: 62 score: 200.0 100 games avg: 200.0 steps 201 
INFO : 2021-01-31 01:59:00,638 : episode: 63 score: 131.0 100 games avg: 131.0 steps 132 
INFO : 2021-01-31 02:01:23,441 : episode: 64 score: 200.0 100 games avg: 200.0 steps 201 
INFO : 2021-01-31 02:03:40,118 : episode: 65 score: 191.0 100 games avg: 191.0 steps 192 
INFO : 2021-01-31 02:05:01,605 : episode: 66 score: 112.0 100 games avg: 112.0 steps 113 
INFO : 2021-01-31 02:07:22,937 : episode: 67 score: 198.0 100 games avg: 198.0 steps 199 
INFO : 2021-01-31 02:11:00,766 : episode: 68 score: 170.0 100 games avg: 170.0 steps 171 
INFO : 2021-01-31 02:20:40,266 : episode: 69 score: 197.0 100 games avg: 197.0 steps 198 
INFO : 2021-01-31 02:30:29,330 : episode: 70 score: 200.0 100 games avg: 200.0 steps 201 
INFO : 2021-01-31 02:37:44,008 : episode: 71 score: 147.0 100 games avg: 147.0 steps 148 
INFO : 2021-01-31 02:47:33,357 : episode: 72 score: 200.0 100 games avg: 200.0 steps 201 
INFO : 2021-01-31 02:56:39,336 : episode: 73 score: 185.0 100 games avg: 185.0 steps 186 
INFO : 2021-01-31 03:06:29,198 : episode: 74 score: 200.0 100 games avg: 200.0 steps 201 
INFO : 2021-01-31 03:16:18,733 : episode: 75 score: 200.0 100 games avg: 200.0 steps 201 
INFO : 2021-01-31 03:24:21,647 : episode: 76 score: 194.0 100 games avg: 194.0 steps 195 
INFO : 2021-01-31 03:29:47,008 : episode: 77 score: 143.0 100 games avg: 143.0 steps 144 
INFO : 2021-01-31 03:35:04,170 : episode: 78 score: 142.0 100 games avg: 142.0 steps 143 
INFO : 2021-01-31 03:42:19,628 : episode: 79 score: 200.0 100 games avg: 200.0 steps 201 
INFO : 2021-01-31 03:47:28,493 : episode: 80 score: 142.0 100 games avg: 142.0 steps 143 
INFO : 2021-01-31 03:54:03,670 : episode: 81 score: 183.0 100 games avg: 183.0 steps 184 
INFO : 2021-01-31 04:00:06,106 : episode: 82 score: 173.0 100 games avg: 173.0 steps 174 
INFO : 2021-01-31 04:06:55,295 : episode: 83 score: 185.0 100 games avg: 185.0 steps 186 
INFO : 2021-01-31 04:14:16,294 : episode: 84 score: 200.0 100 games avg: 200.0 steps 201 
INFO : 2021-01-31 04:21:35,048 : episode: 85 score: 200.0 100 games avg: 200.0 steps 201 
INFO : 2021-01-31 04:28:53,858 : episode: 86 score: 200.0 100 games avg: 200.0 steps 201 
INFO : 2021-01-31 04:36:24,990 : episode: 87 score: 200.0 100 games avg: 200.0 steps 201 
INFO : 2021-01-31 04:43:20,332 : episode: 88 score: 186.0 100 games avg: 186.0 steps 187 
INFO : 2021-01-31 04:50:38,774 : episode: 89 score: 200.0 100 games avg: 200.0 steps 201 
INFO : 2021-01-31 04:58:00,659 : episode: 90 score: 200.0 100 games avg: 200.0 steps 201 
INFO : 2021-01-31 05:04:26,623 : episode: 91 score: 173.0 100 games avg: 173.0 steps 174 
INFO : 2021-01-31 05:09:46,497 : episode: 92 score: 145.0 100 games avg: 145.0 steps 146 
INFO : 2021-01-31 05:13:31,729 : episode: 93 score: 104.0 100 games avg: 104.0 steps 105 
INFO : 2021-01-31 05:17:11,106 : episode: 94 score: 100.0 100 games avg: 100.0 steps 101 
INFO : 2021-01-31 05:21:49,625 : episode: 95 score: 121.0 100 games avg: 121.0 steps 122 
INFO : 2021-01-31 05:25:53,114 : episode: 96 score: 109.0 100 games avg: 109.0 steps 110 
INFO : 2021-01-31 05:32:56,118 : episode: 97 score: 198.0 100 games avg: 198.0 steps 199 
INFO : 2021-01-31 05:39:53,022 : episode: 98 score: 189.0 100 games avg: 189.0 steps 190 
INFO : 2021-01-31 05:47:17,830 : episode: 99 score: 200.0 100 games avg: 200.0 steps 201 
