INFO : 2021-02-02 11:44:20,345 : method: Model Predictive Contorol
INFO : 2021-02-02 11:44:20,346 : parameter n_steps: 200 ensemble_size: 5 env: Hopper-v2
INFO : 2021-02-02 11:44:23,037 : mpc horizon: 5 mpc_samples: 100 elite_sample: 30 grad_steps: 10
INFO : 2021-02-02 11:44:23,037 : mpc_function policy-kl5
INFO : 2021-02-02 11:44:23,037 : policy-kl5
INFO : 2021-02-02 11:44:25,825 : episode: 0 score: 18.2 100 games avg: 18.2 steps 23 
INFO : 2021-02-02 11:44:29,045 : episode: 1 score: 20.2 100 games avg: 20.2 steps 26 
INFO : 2021-02-02 11:44:32,732 : episode: 2 score: 22.6 100 games avg: 22.6 steps 30 
INFO : 2021-02-02 11:44:36,560 : episode: 3 score: 22.5 100 games avg: 22.5 steps 31 
INFO : 2021-02-02 11:44:39,279 : episode: 4 score: 15.8 100 games avg: 15.8 steps 22 
INFO : 2021-02-02 11:44:44,060 : episode: 5 score: 31.6 100 games avg: 31.6 steps 39 
INFO : 2021-02-02 11:44:48,361 : episode: 6 score: 25.0 100 games avg: 25.0 steps 35 
INFO : 2021-02-02 11:44:51,450 : episode: 7 score: 18.7 100 games avg: 18.7 steps 25 
INFO : 2021-02-02 11:44:55,492 : episode: 8 score: 26.5 100 games avg: 26.5 steps 32 
INFO : 2021-02-02 11:45:00,747 : episode: 9 score: 32.3 100 games avg: 32.3 steps 39 
INFO : 2021-02-02 11:45:06,813 : episode: 10 score: 60.9 100 games avg: 60.9 steps 45 
INFO : 2021-02-02 11:45:11,382 : episode: 11 score: 52.8 100 games avg: 52.8 steps 32 
INFO : 2021-02-02 11:45:14,739 : episode: 12 score: 2.8 100 games avg: 2.8 steps 23 
INFO : 2021-02-02 11:45:18,449 : episode: 13 score: 42.4 100 games avg: 42.4 steps 25 
INFO : 2021-02-02 11:45:22,227 : episode: 14 score: 44.1 100 games avg: 44.1 steps 26 
INFO : 2021-02-02 11:45:26,313 : episode: 15 score: 44.4 100 games avg: 44.4 steps 26 
INFO : 2021-02-02 11:45:29,987 : episode: 16 score: 43.1 100 games avg: 43.1 steps 25 
INFO : 2021-02-02 11:45:33,590 : episode: 17 score: 41.3 100 games avg: 41.3 steps 24 
INFO : 2021-02-02 11:45:37,184 : episode: 18 score: 41.1 100 games avg: 41.1 steps 24 
INFO : 2021-02-02 11:45:40,955 : episode: 19 score: 42.7 100 games avg: 42.7 steps 25 
INFO : 2021-02-02 11:45:44,283 : episode: 20 score: 37.4 100 games avg: 37.4 steps 22 
INFO : 2021-02-02 11:45:48,128 : episode: 21 score: 43.1 100 games avg: 43.1 steps 25 
INFO : 2021-02-02 11:45:51,768 : episode: 22 score: 41.2 100 games avg: 41.2 steps 24 
INFO : 2021-02-02 11:45:56,005 : episode: 23 score: 47.5 100 games avg: 47.5 steps 28 
INFO : 2021-02-02 11:45:59,632 : episode: 24 score: 41.3 100 games avg: 41.3 steps 24 
INFO : 2021-02-02 11:46:03,438 : episode: 25 score: 42.9 100 games avg: 42.9 steps 25 
INFO : 2021-02-02 11:46:06,987 : episode: 26 score: 40.1 100 games avg: 40.1 steps 23 
INFO : 2021-02-02 11:46:10,343 : episode: 27 score: 39.7 100 games avg: 39.7 steps 23 
INFO : 2021-02-02 11:46:13,754 : episode: 28 score: 39.2 100 games avg: 39.2 steps 23 
INFO : 2021-02-02 11:46:17,328 : episode: 29 score: 41.5 100 games avg: 41.5 steps 24 
INFO : 2021-02-02 11:46:21,885 : episode: 30 score: 50.9 100 games avg: 50.9 steps 30 
INFO : 2021-02-02 11:46:25,507 : episode: 31 score: 41.1 100 games avg: 41.1 steps 24 
INFO : 2021-02-02 11:46:29,330 : episode: 32 score: 43.2 100 games avg: 43.2 steps 25 
INFO : 2021-02-02 11:46:32,892 : episode: 33 score: 41.5 100 games avg: 41.5 steps 24 
INFO : 2021-02-02 11:46:37,091 : episode: 34 score: 44.0 100 games avg: 44.0 steps 26 
INFO : 2021-02-02 11:46:41,093 : episode: 35 score: 44.6 100 games avg: 44.6 steps 26 
INFO : 2021-02-02 11:46:44,462 : episode: 36 score: 37.7 100 games avg: 37.7 steps 22 
INFO : 2021-02-02 11:46:48,269 : episode: 37 score: 42.7 100 games avg: 42.7 steps 25 
INFO : 2021-02-02 11:46:51,912 : episode: 38 score: 39.7 100 games avg: 39.7 steps 23 
INFO : 2021-02-02 11:46:56,452 : episode: 39 score: 52.1 100 games avg: 52.1 steps 30 
INFO : 2021-02-02 11:47:00,230 : episode: 40 score: 41.8 100 games avg: 41.8 steps 24 
INFO : 2021-02-02 11:47:04,191 : episode: 41 score: 44.9 100 games avg: 44.9 steps 26 
INFO : 2021-02-02 11:47:08,116 : episode: 42 score: 44.4 100 games avg: 44.4 steps 26 
INFO : 2021-02-02 11:47:13,500 : episode: 43 score: 61.5 100 games avg: 61.5 steps 35 
INFO : 2021-02-02 11:47:18,026 : episode: 44 score: 52.3 100 games avg: 52.3 steps 30 
INFO : 2021-02-02 11:47:22,578 : episode: 45 score: 51.9 100 games avg: 51.9 steps 30 
INFO : 2021-02-02 11:47:26,558 : episode: 46 score: 43.2 100 games avg: 43.2 steps 25 
INFO : 2021-02-02 11:47:30,550 : episode: 47 score: 45.4 100 games avg: 45.4 steps 26 
INFO : 2021-02-02 11:47:35,134 : episode: 48 score: 50.3 100 games avg: 50.3 steps 29 
INFO : 2021-02-02 11:47:39,654 : episode: 49 score: 50.5 100 games avg: 50.5 steps 29 
INFO : 2021-02-02 11:47:44,127 : episode: 50 score: 48.7 100 games avg: 48.7 steps 28 
INFO : 2021-02-02 11:47:48,205 : episode: 51 score: 43.6 100 games avg: 43.6 steps 25 
INFO : 2021-02-02 11:47:52,193 : episode: 52 score: 43.6 100 games avg: 43.6 steps 25 
INFO : 2021-02-02 11:47:55,779 : episode: 53 score: 39.8 100 games avg: 39.8 steps 23 
INFO : 2021-02-02 11:48:00,330 : episode: 54 score: 50.5 100 games avg: 50.5 steps 29 
INFO : 2021-02-02 11:48:05,105 : episode: 55 score: 53.5 100 games avg: 53.5 steps 31 
INFO : 2021-02-02 11:48:09,439 : episode: 56 score: 49.0 100 games avg: 49.0 steps 28 
INFO : 2021-02-02 11:48:13,942 : episode: 57 score: 48.3 100 games avg: 48.3 steps 28 
INFO : 2021-02-02 11:48:17,919 : episode: 58 score: 43.8 100 games avg: 43.8 steps 25 
INFO : 2021-02-02 11:48:21,561 : episode: 59 score: 36.4 100 games avg: 36.4 steps 21 
INFO : 2021-02-02 11:48:26,577 : episode: 60 score: 56.0 100 games avg: 56.0 steps 32 
INFO : 2021-02-02 11:48:30,601 : episode: 61 score: 45.2 100 games avg: 45.2 steps 26 
INFO : 2021-02-02 11:48:35,767 : episode: 62 score: 55.7 100 games avg: 55.7 steps 32 
INFO : 2021-02-02 11:48:39,844 : episode: 63 score: 44.0 100 games avg: 44.0 steps 25 
INFO : 2021-02-02 11:48:47,833 : episode: 64 score: 90.8 100 games avg: 90.8 steps 52 
INFO : 2021-02-02 11:48:52,421 : episode: 65 score: 49.2 100 games avg: 49.2 steps 28 
INFO : 2021-02-02 11:49:00,605 : episode: 66 score: 96.3 100 games avg: 96.3 steps 54 
INFO : 2021-02-02 11:49:08,478 : episode: 67 score: 87.0 100 games avg: 87.0 steps 51 
INFO : 2021-02-02 11:49:16,310 : episode: 68 score: 81.7 100 games avg: 81.7 steps 50 
INFO : 2021-02-02 11:49:24,470 : episode: 69 score: 89.7 100 games avg: 89.7 steps 54 
INFO : 2021-02-02 11:49:32,197 : episode: 70 score: 86.0 100 games avg: 86.0 steps 50 
INFO : 2021-02-02 11:49:40,698 : episode: 71 score: 92.1 100 games avg: 92.1 steps 52 
INFO : 2021-02-02 11:49:48,495 : episode: 72 score: 89.2 100 games avg: 89.2 steps 51 
INFO : 2021-02-02 11:49:56,195 : episode: 73 score: 82.0 100 games avg: 82.0 steps 49 
INFO : 2021-02-02 11:50:03,733 : episode: 74 score: 87.7 100 games avg: 87.7 steps 50 
INFO : 2021-02-02 11:50:08,894 : episode: 75 score: 53.8 100 games avg: 53.8 steps 31 
INFO : 2021-02-02 11:50:16,244 : episode: 76 score: 85.1 100 games avg: 85.1 steps 48 
INFO : 2021-02-02 11:50:24,672 : episode: 77 score: 92.1 100 games avg: 92.1 steps 52 
INFO : 2021-02-02 11:50:31,284 : episode: 78 score: 71.1 100 games avg: 71.1 steps 41 
INFO : 2021-02-02 11:50:37,768 : episode: 79 score: 72.7 100 games avg: 72.7 steps 41 
INFO : 2021-02-02 11:50:44,541 : episode: 80 score: 76.9 100 games avg: 76.9 steps 44 
INFO : 2021-02-02 11:50:51,892 : episode: 81 score: 81.3 100 games avg: 81.3 steps 46 
INFO : 2021-02-02 11:50:58,129 : episode: 82 score: 65.0 100 games avg: 65.0 steps 38 
INFO : 2021-02-02 11:51:05,665 : episode: 83 score: 80.8 100 games avg: 80.8 steps 46 
INFO : 2021-02-02 11:51:13,716 : episode: 84 score: 88.8 100 games avg: 88.8 steps 51 
INFO : 2021-02-02 11:51:22,026 : episode: 85 score: 91.9 100 games avg: 91.9 steps 52 
INFO : 2021-02-02 11:51:30,213 : episode: 86 score: 91.7 100 games avg: 91.7 steps 52 
INFO : 2021-02-02 11:51:37,712 : episode: 87 score: 82.0 100 games avg: 82.0 steps 47 
INFO : 2021-02-02 11:51:46,080 : episode: 88 score: 95.2 100 games avg: 95.2 steps 54 
INFO : 2021-02-02 11:51:54,861 : episode: 89 score: 100.2 100 games avg: 100.2 steps 57 
INFO : 2021-02-02 11:52:04,149 : episode: 90 score: 100.3 100 games avg: 100.3 steps 58 
INFO : 2021-02-02 11:52:12,613 : episode: 91 score: 90.5 100 games avg: 90.5 steps 53 
INFO : 2021-02-02 11:52:21,703 : episode: 92 score: 97.0 100 games avg: 97.0 steps 56 
INFO : 2021-02-02 11:52:30,422 : episode: 93 score: 94.8 100 games avg: 94.8 steps 54 
INFO : 2021-02-02 11:52:39,053 : episode: 94 score: 93.0 100 games avg: 93.0 steps 54 
INFO : 2021-02-02 11:52:47,790 : episode: 95 score: 98.4 100 games avg: 98.4 steps 57 
INFO : 2021-02-02 11:52:55,864 : episode: 96 score: 97.6 100 games avg: 97.6 steps 56 
INFO : 2021-02-02 11:53:04,120 : episode: 97 score: 98.8 100 games avg: 98.8 steps 57 
INFO : 2021-02-02 11:53:12,671 : episode: 98 score: 102.9 100 games avg: 102.9 steps 59 
INFO : 2021-02-02 11:53:21,111 : episode: 99 score: 101.5 100 games avg: 101.5 steps 58 
INFO : 2021-02-02 11:53:29,505 : episode: 100 score: 99.7 100 games avg: 99.7 steps 58 
INFO : 2021-02-02 11:53:37,797 : episode: 101 score: 98.8 100 games avg: 98.8 steps 57 
INFO : 2021-02-02 11:53:46,501 : episode: 102 score: 104.7 100 games avg: 104.7 steps 60 
INFO : 2021-02-02 11:53:55,077 : episode: 103 score: 101.7 100 games avg: 101.7 steps 59 
INFO : 2021-02-02 11:54:04,195 : episode: 104 score: 108.9 100 games avg: 108.9 steps 63 
INFO : 2021-02-02 11:54:12,617 : episode: 105 score: 99.0 100 games avg: 99.0 steps 58 
INFO : 2021-02-02 11:54:21,206 : episode: 106 score: 101.0 100 games avg: 101.0 steps 59 
INFO : 2021-02-02 11:54:30,233 : episode: 107 score: 108.1 100 games avg: 108.1 steps 62 
INFO : 2021-02-02 11:54:38,089 : episode: 108 score: 91.8 100 games avg: 91.8 steps 53 
INFO : 2021-02-02 11:54:47,041 : episode: 109 score: 103.8 100 games avg: 103.8 steps 60 
INFO : 2021-02-02 11:54:57,169 : episode: 110 score: 109.6 100 games avg: 109.6 steps 63 
INFO : 2021-02-02 11:55:09,279 : episode: 111 score: 137.8 100 games avg: 137.8 steps 76 
INFO : 2021-02-02 11:55:19,085 : episode: 112 score: 104.3 100 games avg: 104.3 steps 60 
INFO : 2021-02-02 11:55:28,416 : episode: 113 score: 96.9 100 games avg: 96.9 steps 57 
INFO : 2021-02-02 11:55:37,916 : episode: 114 score: 102.1 100 games avg: 102.1 steps 58 
INFO : 2021-02-02 11:55:47,883 : episode: 115 score: 101.9 100 games avg: 101.9 steps 59 
INFO : 2021-02-02 11:55:57,389 : episode: 116 score: 94.5 100 games avg: 94.5 steps 56 
INFO : 2021-02-02 11:56:06,785 : episode: 117 score: 99.1 100 games avg: 99.1 steps 57 
INFO : 2021-02-02 11:56:16,794 : episode: 118 score: 104.6 100 games avg: 104.6 steps 61 
INFO : 2021-02-02 11:56:26,531 : episode: 119 score: 102.9 100 games avg: 102.9 steps 59 
INFO : 2021-02-02 11:56:36,516 : episode: 120 score: 105.6 100 games avg: 105.6 steps 61 
INFO : 2021-02-02 11:56:46,773 : episode: 121 score: 106.3 100 games avg: 106.3 steps 61 
INFO : 2021-02-02 11:56:57,236 : episode: 122 score: 108.1 100 games avg: 108.1 steps 63 
INFO : 2021-02-02 11:57:08,476 : episode: 123 score: 115.5 100 games avg: 115.5 steps 66 
INFO : 2021-02-02 11:57:21,612 : episode: 124 score: 131.4 100 games avg: 131.4 steps 82 
INFO : 2021-02-02 11:57:32,115 : episode: 125 score: 108.0 100 games avg: 108.0 steps 63 
INFO : 2021-02-02 11:57:46,185 : episode: 126 score: 144.3 100 games avg: 144.3 steps 89 
INFO : 2021-02-02 11:57:58,680 : episode: 127 score: 116.8 100 games avg: 116.8 steps 78 
INFO : 2021-02-02 11:58:09,867 : episode: 128 score: 97.8 100 games avg: 97.8 steps 67 
INFO : 2021-02-02 11:58:22,622 : episode: 129 score: 127.8 100 games avg: 127.8 steps 79 
INFO : 2021-02-02 11:58:36,714 : episode: 130 score: 143.5 100 games avg: 143.5 steps 90 
INFO : 2021-02-02 11:58:51,493 : episode: 131 score: 158.8 100 games avg: 158.8 steps 91 
INFO : 2021-02-02 11:59:06,798 : episode: 132 score: 168.3 100 games avg: 168.3 steps 95 
INFO : 2021-02-02 11:59:21,852 : episode: 133 score: 168.0 100 games avg: 168.0 steps 93 
INFO : 2021-02-02 11:59:36,737 : episode: 134 score: 150.7 100 games avg: 150.7 steps 91 
INFO : 2021-02-02 11:59:51,652 : episode: 135 score: 158.1 100 games avg: 158.1 steps 93 
INFO : 2021-02-02 12:00:06,276 : episode: 136 score: 154.3 100 games avg: 154.3 steps 90 
INFO : 2021-02-02 12:00:22,155 : episode: 137 score: 161.4 100 games avg: 161.4 steps 100 
INFO : 2021-02-02 12:00:36,401 : episode: 138 score: 153.2 100 games avg: 153.2 steps 88 
INFO : 2021-02-02 12:00:50,098 : episode: 139 score: 142.6 100 games avg: 142.6 steps 83 
INFO : 2021-02-02 12:01:04,042 : episode: 140 score: 142.4 100 games avg: 142.4 steps 85 
INFO : 2021-02-02 12:01:18,587 : episode: 141 score: 153.9 100 games avg: 153.9 steps 89 
INFO : 2021-02-02 12:01:33,165 : episode: 142 score: 152.3 100 games avg: 152.3 steps 88 
INFO : 2021-02-02 12:01:47,633 : episode: 143 score: 150.3 100 games avg: 150.3 steps 88 
INFO : 2021-02-02 12:02:02,333 : episode: 144 score: 152.6 100 games avg: 152.6 steps 90 
INFO : 2021-02-02 12:02:16,710 : episode: 145 score: 152.8 100 games avg: 152.8 steps 89 
INFO : 2021-02-02 12:02:31,116 : episode: 146 score: 165.1 100 games avg: 165.1 steps 98 
INFO : 2021-02-02 12:02:45,379 : episode: 147 score: 168.6 100 games avg: 168.6 steps 96 
INFO : 2021-02-02 12:02:59,463 : episode: 148 score: 161.7 100 games avg: 161.7 steps 95 
INFO : 2021-02-02 12:03:13,048 : episode: 149 score: 159.8 100 games avg: 159.8 steps 91 
INFO : 2021-02-02 12:03:26,459 : episode: 150 score: 151.7 100 games avg: 151.7 steps 89 
INFO : 2021-02-02 12:03:39,970 : episode: 151 score: 154.4 100 games avg: 154.4 steps 90 
INFO : 2021-02-02 12:03:54,161 : episode: 152 score: 164.2 100 games avg: 164.2 steps 95 
INFO : 2021-02-02 12:04:08,492 : episode: 153 score: 166.5 100 games avg: 166.5 steps 96 
INFO : 2021-02-02 12:04:24,477 : episode: 154 score: 169.0 100 games avg: 169.0 steps 99 
INFO : 2021-02-02 12:04:40,481 : episode: 155 score: 164.7 100 games avg: 164.7 steps 96 
INFO : 2021-02-02 12:04:56,589 : episode: 156 score: 169.0 100 games avg: 169.0 steps 96 
INFO : 2021-02-02 12:05:14,029 : episode: 157 score: 181.9 100 games avg: 181.9 steps 106 
INFO : 2021-02-02 12:05:31,869 : episode: 158 score: 182.0 100 games avg: 182.0 steps 110 
INFO : 2021-02-02 12:05:49,483 : episode: 159 score: 176.3 100 games avg: 176.3 steps 105 
INFO : 2021-02-02 12:06:08,255 : episode: 160 score: 190.4 100 games avg: 190.4 steps 112 
INFO : 2021-02-02 12:06:26,900 : episode: 161 score: 192.9 100 games avg: 192.9 steps 113 
INFO : 2021-02-02 12:06:43,778 : episode: 162 score: 177.0 100 games avg: 177.0 steps 100 
INFO : 2021-02-02 12:07:00,063 : episode: 163 score: 164.6 100 games avg: 164.6 steps 95 
INFO : 2021-02-02 12:07:16,736 : episode: 164 score: 171.6 100 games avg: 171.6 steps 98 
INFO : 2021-02-02 12:07:34,160 : episode: 165 score: 180.4 100 games avg: 180.4 steps 102 
INFO : 2021-02-02 12:07:50,567 : episode: 166 score: 167.8 100 games avg: 167.8 steps 98 
INFO : 2021-02-02 12:08:08,222 : episode: 167 score: 182.9 100 games avg: 182.9 steps 104 
INFO : 2021-02-02 12:08:25,786 : episode: 168 score: 189.0 100 games avg: 189.0 steps 103 
INFO : 2021-02-02 12:08:42,898 : episode: 169 score: 186.5 100 games avg: 186.5 steps 103 
INFO : 2021-02-02 12:09:00,567 : episode: 170 score: 200.7 100 games avg: 200.7 steps 104 
INFO : 2021-02-02 12:09:16,885 : episode: 171 score: 195.1 100 games avg: 195.1 steps 96 
INFO : 2021-02-02 12:09:34,560 : episode: 172 score: 193.9 100 games avg: 193.9 steps 105 
INFO : 2021-02-02 12:09:51,753 : episode: 173 score: 198.8 100 games avg: 198.8 steps 101 
INFO : 2021-02-02 12:10:11,179 : episode: 174 score: 205.2 100 games avg: 205.2 steps 114 
INFO : 2021-02-02 12:10:30,251 : episode: 175 score: 205.9 100 games avg: 205.9 steps 114 
INFO : 2021-02-02 12:10:47,411 : episode: 176 score: 204.0 100 games avg: 204.0 steps 103 
INFO : 2021-02-02 12:11:05,711 : episode: 177 score: 196.6 100 games avg: 196.6 steps 107 
INFO : 2021-02-02 12:11:24,564 : episode: 178 score: 200.9 100 games avg: 200.9 steps 111 
INFO : 2021-02-02 12:11:46,660 : episode: 179 score: 233.0 100 games avg: 233.0 steps 138 
INFO : 2021-02-02 12:12:03,745 : episode: 180 score: 197.4 100 games avg: 197.4 steps 111 
INFO : 2021-02-02 12:12:21,937 : episode: 181 score: 207.1 100 games avg: 207.1 steps 120 
INFO : 2021-02-02 12:12:38,493 : episode: 182 score: 192.1 100 games avg: 192.1 steps 107 
INFO : 2021-02-02 12:12:57,136 : episode: 183 score: 209.9 100 games avg: 209.9 steps 122 
INFO : 2021-02-02 12:13:14,294 : episode: 184 score: 204.1 100 games avg: 204.1 steps 111 
INFO : 2021-02-02 12:13:31,992 : episode: 185 score: 202.4 100 games avg: 202.4 steps 116 
INFO : 2021-02-02 12:13:53,360 : episode: 186 score: 208.9 100 games avg: 208.9 steps 122 
INFO : 2021-02-02 12:14:12,542 : episode: 187 score: 204.4 100 games avg: 204.4 steps 112 
INFO : 2021-02-02 12:14:32,392 : episode: 188 score: 205.3 100 games avg: 205.3 steps 118 
INFO : 2021-02-02 12:14:49,836 : episode: 189 score: 180.2 100 games avg: 180.2 steps 97 
INFO : 2021-02-02 12:15:10,970 : episode: 190 score: 216.4 100 games avg: 216.4 steps 124 
INFO : 2021-02-02 12:15:27,735 : episode: 191 score: 174.7 100 games avg: 174.7 steps 94 
INFO : 2021-02-02 12:15:49,199 : episode: 192 score: 224.8 100 games avg: 224.8 steps 135 
INFO : 2021-02-02 12:16:08,824 : episode: 193 score: 216.5 100 games avg: 216.5 steps 127 
INFO : 2021-02-02 12:16:27,749 : episode: 194 score: 211.9 100 games avg: 211.9 steps 123 
INFO : 2021-02-02 12:16:46,494 : episode: 195 score: 208.9 100 games avg: 208.9 steps 121 
INFO : 2021-02-02 12:17:03,456 : episode: 196 score: 193.8 100 games avg: 193.8 steps 108 
INFO : 2021-02-02 12:17:20,747 : episode: 197 score: 195.6 100 games avg: 195.6 steps 110 
INFO : 2021-02-02 12:17:40,627 : episode: 198 score: 211.3 100 games avg: 211.3 steps 122 
INFO : 2021-02-02 12:18:01,133 : episode: 199 score: 201.3 100 games avg: 201.3 steps 115 
