INFO : 2021-01-29 22:47:25,891 : method: Model Predictive Contorol
INFO : 2021-01-29 22:47:25,892 : parameter n_steps: 200 ensemble_size: 5 env: Hopper-v2
INFO : 2021-01-29 22:47:28,294 : mpc horizon: 5 mpc_samples: 100 elite_sample: 30 grad_steps: 10
INFO : 2021-01-29 22:47:28,294 : mpc_function policy-kl3
INFO : 2021-01-29 22:47:28,294 : policy-kl3
INFO : 2021-01-29 22:47:30,131 : episode: 0 score: 15.4 100 games avg: 15.4 steps 16 
INFO : 2021-01-29 22:47:32,017 : episode: 1 score: 15.4 100 games avg: 15.4 steps 16 
INFO : 2021-01-29 22:47:33,903 : episode: 2 score: 15.4 100 games avg: 15.4 steps 16 
INFO : 2021-01-29 22:47:35,789 : episode: 3 score: 15.2 100 games avg: 15.2 steps 16 
INFO : 2021-01-29 22:47:37,790 : episode: 4 score: 16.7 100 games avg: 16.7 steps 17 
INFO : 2021-01-29 22:47:39,678 : episode: 5 score: 15.4 100 games avg: 15.4 steps 16 
INFO : 2021-01-29 22:47:41,679 : episode: 6 score: 17.4 100 games avg: 17.4 steps 17 
INFO : 2021-01-29 22:47:43,568 : episode: 7 score: 15.5 100 games avg: 15.5 steps 16 
INFO : 2021-01-29 22:47:45,570 : episode: 8 score: 16.4 100 games avg: 16.4 steps 17 
INFO : 2021-01-29 22:47:47,575 : episode: 9 score: 16.7 100 games avg: 16.7 steps 17 
INFO : 2021-01-29 22:47:49,578 : episode: 10 score: 16.8 100 games avg: 16.8 steps 17 
INFO : 2021-01-29 22:47:51,583 : episode: 11 score: 16.5 100 games avg: 16.5 steps 17 
INFO : 2021-01-29 22:47:53,589 : episode: 12 score: 17.0 100 games avg: 17.0 steps 17 
INFO : 2021-01-29 22:47:55,596 : episode: 13 score: 16.7 100 games avg: 16.7 steps 17 
INFO : 2021-01-29 22:47:57,600 : episode: 14 score: 16.7 100 games avg: 16.7 steps 17 
INFO : 2021-01-29 22:48:00,389 : episode: 15 score: 23.4 100 games avg: 23.4 steps 21 
INFO : 2021-01-29 22:48:02,537 : episode: 16 score: 12.2 100 games avg: 12.2 steps 15 
INFO : 2021-01-29 22:48:07,715 : episode: 17 score: 26.0 100 games avg: 26.0 steps 37 
INFO : 2021-01-29 22:48:11,377 : episode: 18 score: 31.8 100 games avg: 31.8 steps 26 
INFO : 2021-01-29 22:48:12,982 : episode: 19 score: 6.1 100 games avg: 6.1 steps 11 
INFO : 2021-01-29 22:48:14,726 : episode: 20 score: 13.3 100 games avg: 13.3 steps 12 
INFO : 2021-01-29 22:48:17,844 : episode: 21 score: 31.1 100 games avg: 31.1 steps 22 
INFO : 2021-01-29 22:48:18,889 : episode: 22 score: 4.5 100 games avg: 4.5 steps 7 
INFO : 2021-01-29 22:48:20,353 : episode: 23 score: 8.3 100 games avg: 8.3 steps 10 
INFO : 2021-01-29 22:48:26,110 : episode: 24 score: 68.8 100 games avg: 68.8 steps 41 
INFO : 2021-01-29 22:48:29,685 : episode: 25 score: 42.6 100 games avg: 42.6 steps 25 
INFO : 2021-01-29 22:48:33,643 : episode: 26 score: 47.5 100 games avg: 47.5 steps 28 
INFO : 2021-01-29 22:48:37,583 : episode: 27 score: 46.9 100 games avg: 46.9 steps 28 
INFO : 2021-01-29 22:48:41,192 : episode: 28 score: 42.5 100 games avg: 42.5 steps 25 
INFO : 2021-01-29 22:48:44,520 : episode: 29 score: 40.0 100 games avg: 40.0 steps 23 
INFO : 2021-01-29 22:48:47,966 : episode: 30 score: 41.5 100 games avg: 41.5 steps 24 
INFO : 2021-01-29 22:48:51,571 : episode: 31 score: 43.1 100 games avg: 43.1 steps 25 
INFO : 2021-01-29 22:48:55,174 : episode: 32 score: 42.4 100 games avg: 42.4 steps 25 
INFO : 2021-01-29 22:48:58,761 : episode: 33 score: 42.5 100 games avg: 42.5 steps 25 
INFO : 2021-01-29 22:49:02,366 : episode: 34 score: 42.9 100 games avg: 42.9 steps 25 
INFO : 2021-01-29 22:49:05,855 : episode: 35 score: 40.8 100 games avg: 40.8 steps 24 
INFO : 2021-01-29 22:49:09,463 : episode: 36 score: 43.2 100 games avg: 43.2 steps 25 
INFO : 2021-01-29 22:49:13,080 : episode: 37 score: 43.6 100 games avg: 43.6 steps 25 
INFO : 2021-01-29 22:49:17,039 : episode: 38 score: 46.8 100 games avg: 46.8 steps 27 
INFO : 2021-01-29 22:49:20,737 : episode: 39 score: 43.2 100 games avg: 43.2 steps 25 
INFO : 2021-01-29 22:49:24,541 : episode: 40 score: 44.8 100 games avg: 44.8 steps 26 
INFO : 2021-01-29 22:49:28,218 : episode: 41 score: 43.1 100 games avg: 43.1 steps 25 
INFO : 2021-01-29 22:49:33,131 : episode: 42 score: 61.2 100 games avg: 61.2 steps 34 
INFO : 2021-01-29 22:49:37,348 : episode: 43 score: 50.6 100 games avg: 50.6 steps 29 
INFO : 2021-01-29 22:49:41,867 : episode: 44 score: 54.8 100 games avg: 54.8 steps 31 
INFO : 2021-01-29 22:49:45,949 : episode: 45 score: 49.0 100 games avg: 49.0 steps 28 
INFO : 2021-01-29 22:49:50,486 : episode: 46 score: 56.2 100 games avg: 56.2 steps 31 
INFO : 2021-01-29 22:49:54,516 : episode: 47 score: 47.3 100 games avg: 47.3 steps 27 
INFO : 2021-01-29 22:50:00,603 : episode: 48 score: 77.5 100 games avg: 77.5 steps 42 
INFO : 2021-01-29 22:50:05,199 : episode: 49 score: 55.6 100 games avg: 55.6 steps 31 
INFO : 2021-01-29 22:50:11,169 : episode: 50 score: 74.5 100 games avg: 74.5 steps 41 
INFO : 2021-01-29 22:50:17,020 : episode: 51 score: 71.6 100 games avg: 71.6 steps 40 
INFO : 2021-01-29 22:50:21,478 : episode: 52 score: 53.9 100 games avg: 53.9 steps 30 
INFO : 2021-01-29 22:50:25,912 : episode: 53 score: 53.4 100 games avg: 53.4 steps 30 
INFO : 2021-01-29 22:50:30,473 : episode: 54 score: 55.5 100 games avg: 55.5 steps 31 
INFO : 2021-01-29 22:50:35,265 : episode: 55 score: 57.6 100 games avg: 57.6 steps 32 
INFO : 2021-01-29 22:50:40,443 : episode: 56 score: 62.6 100 games avg: 62.6 steps 35 
INFO : 2021-01-29 22:50:46,073 : episode: 57 score: 67.8 100 games avg: 67.8 steps 38 
INFO : 2021-01-29 22:50:59,106 : episode: 58 score: 190.0 100 games avg: 190.0 steps 92 
INFO : 2021-01-29 22:51:07,771 : episode: 59 score: 107.3 100 games avg: 107.3 steps 60 
INFO : 2021-01-29 22:51:16,055 : episode: 60 score: 104.7 100 games avg: 104.7 steps 57 
INFO : 2021-01-29 22:51:26,844 : episode: 61 score: 144.1 100 games avg: 144.1 steps 75 
INFO : 2021-01-29 22:51:36,567 : episode: 62 score: 118.1 100 games avg: 118.1 steps 67 
INFO : 2021-01-29 22:51:48,605 : episode: 63 score: 163.7 100 games avg: 163.7 steps 84 
INFO : 2021-01-29 22:51:57,146 : episode: 64 score: 105.7 100 games avg: 105.7 steps 58 
INFO : 2021-01-29 22:52:04,999 : episode: 65 score: 96.5 100 games avg: 96.5 steps 53 
INFO : 2021-01-29 22:52:17,441 : episode: 66 score: 166.6 100 games avg: 166.6 steps 86 
INFO : 2021-01-29 22:52:29,991 : episode: 67 score: 171.6 100 games avg: 171.6 steps 87 
INFO : 2021-01-29 22:52:42,481 : episode: 68 score: 168.3 100 games avg: 168.3 steps 86 
INFO : 2021-01-29 22:52:54,918 : episode: 69 score: 167.9 100 games avg: 167.9 steps 86 
INFO : 2021-01-29 22:53:07,432 : episode: 70 score: 168.4 100 games avg: 168.4 steps 86 
INFO : 2021-01-29 22:53:20,268 : episode: 71 score: 171.5 100 games avg: 171.5 steps 88 
INFO : 2021-01-29 22:53:32,659 : episode: 72 score: 164.5 100 games avg: 164.5 steps 85 
INFO : 2021-01-29 22:53:45,537 : episode: 73 score: 169.8 100 games avg: 169.8 steps 88 
INFO : 2021-01-29 22:53:58,297 : episode: 74 score: 170.3 100 games avg: 170.3 steps 87 
INFO : 2021-01-29 22:54:10,605 : episode: 75 score: 161.3 100 games avg: 161.3 steps 84 
INFO : 2021-01-29 22:54:23,193 : episode: 76 score: 163.1 100 games avg: 163.1 steps 85 
INFO : 2021-01-29 22:54:35,663 : episode: 77 score: 172.8 100 games avg: 172.8 steps 84 
INFO : 2021-01-29 22:54:48,295 : episode: 78 score: 168.2 100 games avg: 168.2 steps 86 
INFO : 2021-01-29 22:55:01,223 : episode: 79 score: 167.0 100 games avg: 167.0 steps 87 
INFO : 2021-01-29 22:55:13,471 : episode: 80 score: 156.6 100 games avg: 156.6 steps 82 
INFO : 2021-01-29 22:55:26,836 : episode: 81 score: 172.4 100 games avg: 172.4 steps 90 
INFO : 2021-01-29 22:55:39,583 : episode: 82 score: 162.8 100 games avg: 162.8 steps 85 
INFO : 2021-01-29 22:55:53,145 : episode: 83 score: 177.1 100 games avg: 177.1 steps 91 
INFO : 2021-01-29 22:56:06,003 : episode: 84 score: 165.2 100 games avg: 165.2 steps 86 
INFO : 2021-01-29 22:56:19,047 : episode: 85 score: 167.4 100 games avg: 167.4 steps 87 
INFO : 2021-01-29 22:56:32,294 : episode: 86 score: 171.5 100 games avg: 171.5 steps 89 
INFO : 2021-01-29 22:56:46,057 : episode: 87 score: 180.2 100 games avg: 180.2 steps 92 
INFO : 2021-01-29 22:56:55,345 : episode: 88 score: 102.4 100 games avg: 102.4 steps 59 
INFO : 2021-01-29 22:57:08,795 : episode: 89 score: 172.3 100 games avg: 172.3 steps 89 
INFO : 2021-01-29 22:57:22,730 : episode: 90 score: 181.5 100 games avg: 181.5 steps 93 
INFO : 2021-01-29 22:57:36,233 : episode: 91 score: 174.5 100 games avg: 174.5 steps 89 
INFO : 2021-01-29 22:57:50,004 : episode: 92 score: 177.2 100 games avg: 177.2 steps 91 
INFO : 2021-01-29 22:58:03,626 : episode: 93 score: 176.4 100 games avg: 176.4 steps 90 
INFO : 2021-01-29 22:58:17,742 : episode: 94 score: 187.2 100 games avg: 187.2 steps 93 
INFO : 2021-01-29 22:58:31,286 : episode: 95 score: 174.8 100 games avg: 174.8 steps 89 
INFO : 2021-01-29 22:58:44,853 : episode: 96 score: 179.4 100 games avg: 179.4 steps 89 
INFO : 2021-01-29 22:58:58,218 : episode: 97 score: 182.1 100 games avg: 182.1 steps 87 
INFO : 2021-01-29 22:59:11,284 : episode: 98 score: 167.3 100 games avg: 167.3 steps 86 
INFO : 2021-01-29 22:59:24,541 : episode: 99 score: 184.8 100 games avg: 184.8 steps 86 
INFO : 2021-01-29 22:59:37,845 : episode: 100 score: 174.2 100 games avg: 174.2 steps 86 
INFO : 2021-01-29 22:59:51,313 : episode: 101 score: 181.1 100 games avg: 181.1 steps 87 
INFO : 2021-01-29 23:00:04,617 : episode: 102 score: 186.0 100 games avg: 186.0 steps 86 
INFO : 2021-01-29 23:00:17,872 : episode: 103 score: 184.0 100 games avg: 184.0 steps 85 
INFO : 2021-01-29 23:00:31,806 : episode: 104 score: 192.0 100 games avg: 192.0 steps 90 
INFO : 2021-01-29 23:00:45,127 : episode: 105 score: 187.4 100 games avg: 187.4 steps 86 
INFO : 2021-01-29 23:00:58,924 : episode: 106 score: 183.4 100 games avg: 183.4 steps 88 
INFO : 2021-01-29 23:01:12,556 : episode: 107 score: 184.9 100 games avg: 184.9 steps 87 
INFO : 2021-01-29 23:01:26,881 : episode: 108 score: 202.0 100 games avg: 202.0 steps 92 
INFO : 2021-01-29 23:01:41,167 : episode: 109 score: 191.0 100 games avg: 191.0 steps 91 
INFO : 2021-01-29 23:01:54,826 : episode: 110 score: 183.1 100 games avg: 183.1 steps 87 
INFO : 2021-01-29 23:02:08,105 : episode: 111 score: 179.8 100 games avg: 179.8 steps 84 
INFO : 2021-01-29 23:02:21,437 : episode: 112 score: 168.2 100 games avg: 168.2 steps 84 
INFO : 2021-01-29 23:02:35,042 : episode: 113 score: 169.0 100 games avg: 169.0 steps 86 
INFO : 2021-01-29 23:02:48,665 : episode: 114 score: 167.8 100 games avg: 167.8 steps 86 
INFO : 2021-01-29 23:03:01,640 : episode: 115 score: 156.9 100 games avg: 156.9 steps 81 
INFO : 2021-01-29 23:03:06,439 : episode: 116 score: 38.5 100 games avg: 38.5 steps 22 
INFO : 2021-01-29 23:03:19,966 : episode: 117 score: 168.0 100 games avg: 168.0 steps 85 
INFO : 2021-01-29 23:03:34,174 : episode: 118 score: 175.3 100 games avg: 175.3 steps 90 
INFO : 2021-01-29 23:03:47,824 : episode: 119 score: 183.4 100 games avg: 183.4 steps 85 
INFO : 2021-01-29 23:04:03,711 : episode: 120 score: 192.8 100 games avg: 192.8 steps 101 
INFO : 2021-01-29 23:04:18,248 : episode: 121 score: 190.5 100 games avg: 190.5 steps 91 
INFO : 2021-01-29 23:04:34,135 : episode: 122 score: 200.8 100 games avg: 200.8 steps 101 
INFO : 2021-01-29 23:04:48,678 : episode: 123 score: 189.8 100 games avg: 189.8 steps 91 
INFO : 2021-01-29 23:05:02,449 : episode: 124 score: 189.7 100 games avg: 189.7 steps 85 
INFO : 2021-01-29 23:05:16,298 : episode: 125 score: 178.5 100 games avg: 178.5 steps 86 
INFO : 2021-01-29 23:05:30,973 : episode: 126 score: 188.0 100 games avg: 188.0 steps 92 
INFO : 2021-01-29 23:05:45,517 : episode: 127 score: 198.8 100 games avg: 198.8 steps 90 
INFO : 2021-01-29 23:05:59,956 : episode: 128 score: 196.7 100 games avg: 196.7 steps 89 
INFO : 2021-01-29 23:06:14,229 : episode: 129 score: 194.8 100 games avg: 194.8 steps 88 
INFO : 2021-01-29 23:06:28,977 : episode: 130 score: 199.7 100 games avg: 199.7 steps 91 
INFO : 2021-01-29 23:06:44,377 : episode: 131 score: 199.6 100 games avg: 199.6 steps 96 
INFO : 2021-01-29 23:06:59,163 : episode: 132 score: 181.2 100 games avg: 181.2 steps 91 
INFO : 2021-01-29 23:07:14,343 : episode: 133 score: 194.0 100 games avg: 194.0 steps 94 
INFO : 2021-01-29 23:07:29,566 : episode: 134 score: 196.3 100 games avg: 196.3 steps 94 
INFO : 2021-01-29 23:07:44,772 : episode: 135 score: 193.2 100 games avg: 193.2 steps 93 
INFO : 2021-01-29 23:07:59,494 : episode: 136 score: 181.5 100 games avg: 181.5 steps 90 
INFO : 2021-01-29 23:08:14,393 : episode: 137 score: 184.8 100 games avg: 184.8 steps 91 
INFO : 2021-01-29 23:08:29,417 : episode: 138 score: 188.0 100 games avg: 188.0 steps 91 
INFO : 2021-01-29 23:08:44,545 : episode: 139 score: 196.1 100 games avg: 196.1 steps 92 
INFO : 2021-01-29 23:08:59,477 : episode: 140 score: 188.9 100 games avg: 188.9 steps 91 
INFO : 2021-01-29 23:09:14,574 : episode: 141 score: 183.0 100 games avg: 183.0 steps 92 
INFO : 2021-01-29 23:09:29,634 : episode: 142 score: 191.0 100 games avg: 191.0 steps 91 
INFO : 2021-01-29 23:09:44,261 : episode: 143 score: 186.6 100 games avg: 186.6 steps 88 
INFO : 2021-01-29 23:09:59,417 : episode: 144 score: 179.9 100 games avg: 179.9 steps 91 
INFO : 2021-01-29 23:10:14,306 : episode: 145 score: 183.2 100 games avg: 183.2 steps 89 
INFO : 2021-01-29 23:10:28,697 : episode: 146 score: 177.3 100 games avg: 177.3 steps 85 
INFO : 2021-01-29 23:10:43,854 : episode: 147 score: 177.5 100 games avg: 177.5 steps 90 
INFO : 2021-01-29 23:10:59,037 : episode: 148 score: 180.0 100 games avg: 180.0 steps 91 
INFO : 2021-01-29 23:11:14,097 : episode: 149 score: 183.3 100 games avg: 183.3 steps 89 
INFO : 2021-01-29 23:11:29,113 : episode: 150 score: 181.0 100 games avg: 181.0 steps 89 
INFO : 2021-01-29 23:11:44,173 : episode: 151 score: 182.8 100 games avg: 182.8 steps 89 
INFO : 2021-01-29 23:11:59,468 : episode: 152 score: 181.7 100 games avg: 181.7 steps 90 
INFO : 2021-01-29 23:12:14,377 : episode: 153 score: 182.2 100 games avg: 182.2 steps 88 
INFO : 2021-01-29 23:12:29,315 : episode: 154 score: 182.9 100 games avg: 182.9 steps 88 
INFO : 2021-01-29 23:12:44,241 : episode: 155 score: 179.0 100 games avg: 179.0 steps 87 
INFO : 2021-01-29 23:12:58,960 : episode: 156 score: 181.9 100 games avg: 181.9 steps 85 
INFO : 2021-01-29 23:13:14,193 : episode: 157 score: 181.4 100 games avg: 181.4 steps 89 
INFO : 2021-01-29 23:13:29,441 : episode: 158 score: 186.3 100 games avg: 186.3 steps 89 
INFO : 2021-01-29 23:13:44,577 : episode: 159 score: 191.3 100 games avg: 191.3 steps 88 
INFO : 2021-01-29 23:14:00,289 : episode: 160 score: 182.3 100 games avg: 182.3 steps 92 
INFO : 2021-01-29 23:14:16,348 : episode: 161 score: 196.7 100 games avg: 196.7 steps 94 
INFO : 2021-01-29 23:14:32,537 : episode: 162 score: 195.6 100 games avg: 195.6 steps 95 
INFO : 2021-01-29 23:14:48,393 : episode: 163 score: 196.9 100 games avg: 196.9 steps 92 
INFO : 2021-01-29 23:15:03,819 : episode: 164 score: 195.6 100 games avg: 195.6 steps 89 
INFO : 2021-01-29 23:15:19,749 : episode: 165 score: 199.4 100 games avg: 199.4 steps 93 
INFO : 2021-01-29 23:15:35,522 : episode: 166 score: 203.1 100 games avg: 203.1 steps 92 
INFO : 2021-01-29 23:15:51,464 : episode: 167 score: 208.3 100 games avg: 208.3 steps 94 
INFO : 2021-01-29 23:16:07,557 : episode: 168 score: 200.7 100 games avg: 200.7 steps 93 
INFO : 2021-01-29 23:16:24,531 : episode: 169 score: 224.7 100 games avg: 224.7 steps 99 
INFO : 2021-01-29 23:16:41,117 : episode: 170 score: 222.3 100 games avg: 222.3 steps 96 
INFO : 2021-01-29 23:16:58,151 : episode: 171 score: 227.0 100 games avg: 227.0 steps 100 
INFO : 2021-01-29 23:17:15,549 : episode: 172 score: 215.7 100 games avg: 215.7 steps 101 
INFO : 2021-01-29 23:17:33,240 : episode: 173 score: 238.4 100 games avg: 238.4 steps 103 
INFO : 2021-01-29 23:17:51,104 : episode: 174 score: 231.4 100 games avg: 231.4 steps 104 
INFO : 2021-01-29 23:18:08,120 : episode: 175 score: 202.4 100 games avg: 202.4 steps 98 
INFO : 2021-01-29 23:18:25,828 : episode: 176 score: 225.6 100 games avg: 225.6 steps 103 
INFO : 2021-01-29 23:18:43,135 : episode: 177 score: 216.6 100 games avg: 216.6 steps 100 
INFO : 2021-01-29 23:19:01,128 : episode: 178 score: 224.9 100 games avg: 224.9 steps 105 
INFO : 2021-01-29 23:19:19,096 : episode: 179 score: 220.2 100 games avg: 220.2 steps 104 
INFO : 2021-01-29 23:19:35,559 : episode: 180 score: 204.5 100 games avg: 204.5 steps 93 
INFO : 2021-01-29 23:19:53,329 : episode: 181 score: 219.7 100 games avg: 219.7 steps 103 
INFO : 2021-01-29 23:20:11,410 : episode: 182 score: 229.0 100 games avg: 229.0 steps 105 
INFO : 2021-01-29 23:20:29,365 : episode: 183 score: 226.5 100 games avg: 226.5 steps 104 
INFO : 2021-01-29 23:20:47,442 : episode: 184 score: 223.2 100 games avg: 223.2 steps 104 
INFO : 2021-01-29 23:21:03,742 : episode: 185 score: 194.6 100 games avg: 194.6 steps 91 
INFO : 2021-01-29 23:21:22,321 : episode: 186 score: 235.7 100 games avg: 235.7 steps 108 
INFO : 2021-01-29 23:21:40,912 : episode: 187 score: 241.5 100 games avg: 241.5 steps 107 
INFO : 2021-01-29 23:21:58,719 : episode: 188 score: 223.6 100 games avg: 223.6 steps 102 
INFO : 2021-01-29 23:22:17,171 : episode: 189 score: 230.1 100 games avg: 230.1 steps 106 
INFO : 2021-01-29 23:22:35,986 : episode: 190 score: 237.9 100 games avg: 237.9 steps 109 
INFO : 2021-01-29 23:22:54,929 : episode: 191 score: 242.6 100 games avg: 242.6 steps 109 
INFO : 2021-01-29 23:23:13,042 : episode: 192 score: 230.3 100 games avg: 230.3 steps 103 
INFO : 2021-01-29 23:23:31,833 : episode: 193 score: 237.2 100 games avg: 237.2 steps 108 
INFO : 2021-01-29 23:23:50,203 : episode: 194 score: 220.4 100 games avg: 220.4 steps 104 
INFO : 2021-01-29 23:24:08,406 : episode: 195 score: 219.6 100 games avg: 219.6 steps 103 
INFO : 2021-01-29 23:24:27,028 : episode: 196 score: 233.5 100 games avg: 233.5 steps 106 
INFO : 2021-01-29 23:24:45,541 : episode: 197 score: 223.5 100 games avg: 223.5 steps 104 
INFO : 2021-01-29 23:25:03,992 : episode: 198 score: 227.4 100 games avg: 227.4 steps 104 
INFO : 2021-01-29 23:25:22,250 : episode: 199 score: 219.2 100 games avg: 219.2 steps 102 
