INFO : 2021-01-29 12:46:08,326 : method: Model Predictive Contorol
INFO : 2021-01-29 12:46:08,326 : parameter n_steps: 100 ensemble_size: 5 env: Continuous_CartPole
INFO : 2021-01-29 12:46:11,188 : mpc horizon: 10 mpc_samples: 100 elite_sample: 30 grad_steps: 10
INFO : 2021-01-29 12:46:11,188 : mpc_function policy-gamma
INFO : 2021-01-29 12:46:11,188 : policy-gamma
INFO : 2021-01-29 12:46:13,726 : episode: 0 score: 15.0 100 games avg: 15.0 steps 16 
INFO : 2021-01-29 12:46:15,706 : episode: 1 score: 11.0 100 games avg: 11.0 steps 12 
INFO : 2021-01-29 12:46:17,983 : episode: 2 score: 13.0 100 games avg: 13.0 steps 14 
INFO : 2021-01-29 12:46:20,106 : episode: 3 score: 12.0 100 games avg: 12.0 steps 13 
INFO : 2021-01-29 12:46:22,116 : episode: 4 score: 11.0 100 games avg: 11.0 steps 12 
INFO : 2021-01-29 12:46:24,088 : episode: 5 score: 11.0 100 games avg: 11.0 steps 12 
INFO : 2021-01-29 12:46:26,059 : episode: 6 score: 11.0 100 games avg: 11.0 steps 12 
INFO : 2021-01-29 12:46:28,181 : episode: 7 score: 12.0 100 games avg: 12.0 steps 13 
INFO : 2021-01-29 12:46:30,341 : episode: 8 score: 12.0 100 games avg: 12.0 steps 13 
INFO : 2021-01-29 12:46:32,495 : episode: 9 score: 12.0 100 games avg: 12.0 steps 13 
INFO : 2021-01-29 12:46:35,011 : episode: 10 score: 14.0 100 games avg: 14.0 steps 15 
INFO : 2021-01-29 12:46:37,121 : episode: 11 score: 11.0 100 games avg: 11.0 steps 12 
INFO : 2021-01-29 12:46:39,805 : episode: 12 score: 14.0 100 games avg: 14.0 steps 15 
INFO : 2021-01-29 12:46:42,047 : episode: 13 score: 12.0 100 games avg: 12.0 steps 13 
INFO : 2021-01-29 12:46:44,596 : episode: 14 score: 14.0 100 games avg: 14.0 steps 15 
INFO : 2021-01-29 12:46:47,022 : episode: 15 score: 13.0 100 games avg: 13.0 steps 14 
INFO : 2021-01-29 12:46:49,518 : episode: 16 score: 14.0 100 games avg: 14.0 steps 15 
INFO : 2021-01-29 12:46:51,691 : episode: 17 score: 12.0 100 games avg: 12.0 steps 13 
INFO : 2021-01-29 12:46:54,231 : episode: 18 score: 14.0 100 games avg: 14.0 steps 15 
INFO : 2021-01-29 12:46:59,570 : episode: 19 score: 29.0 100 games avg: 29.0 steps 30 
INFO : 2021-01-29 12:47:01,187 : episode: 20 score: 8.0 100 games avg: 8.0 steps 9 
INFO : 2021-01-29 12:47:04,491 : episode: 21 score: 17.0 100 games avg: 17.0 steps 18 
INFO : 2021-01-29 12:47:06,341 : episode: 22 score: 9.0 100 games avg: 9.0 steps 10 
INFO : 2021-01-29 12:47:08,102 : episode: 23 score: 9.0 100 games avg: 9.0 steps 10 
INFO : 2021-01-29 12:47:10,489 : episode: 24 score: 11.0 100 games avg: 11.0 steps 12 
INFO : 2021-01-29 12:47:12,105 : episode: 25 score: 8.0 100 games avg: 8.0 steps 9 
INFO : 2021-01-29 12:47:14,204 : episode: 26 score: 10.0 100 games avg: 10.0 steps 11 
INFO : 2021-01-29 12:47:15,490 : episode: 27 score: 6.0 100 games avg: 6.0 steps 7 
INFO : 2021-01-29 12:47:30,299 : episode: 28 score: 81.0 100 games avg: 81.0 steps 82 
INFO : 2021-01-29 12:47:31,382 : episode: 29 score: 5.0 100 games avg: 5.0 steps 6 
INFO : 2021-01-29 12:47:35,782 : episode: 30 score: 23.0 100 games avg: 23.0 steps 24 
INFO : 2021-01-29 12:47:38,764 : episode: 31 score: 15.0 100 games avg: 15.0 steps 16 
INFO : 2021-01-29 12:47:40,739 : episode: 32 score: 10.0 100 games avg: 10.0 steps 11 
INFO : 2021-01-29 12:47:42,469 : episode: 33 score: 8.0 100 games avg: 8.0 steps 9 
INFO : 2021-01-29 12:47:43,806 : episode: 34 score: 6.0 100 games avg: 6.0 steps 7 
INFO : 2021-01-29 12:47:47,388 : episode: 35 score: 19.0 100 games avg: 19.0 steps 20 
INFO : 2021-01-29 12:47:49,297 : episode: 36 score: 9.0 100 games avg: 9.0 steps 10 
INFO : 2021-01-29 12:47:51,023 : episode: 37 score: 8.0 100 games avg: 8.0 steps 9 
INFO : 2021-01-29 12:47:53,353 : episode: 38 score: 11.0 100 games avg: 11.0 steps 12 
INFO : 2021-01-29 12:47:55,738 : episode: 39 score: 12.0 100 games avg: 12.0 steps 13 
INFO : 2021-01-29 12:47:57,285 : episode: 40 score: 7.0 100 games avg: 7.0 steps 8 
INFO : 2021-01-29 12:47:59,138 : episode: 41 score: 8.0 100 games avg: 8.0 steps 9 
INFO : 2021-01-29 12:48:00,665 : episode: 42 score: 7.0 100 games avg: 7.0 steps 8 
INFO : 2021-01-29 12:48:03,490 : episode: 43 score: 14.0 100 games avg: 14.0 steps 15 
INFO : 2021-01-29 12:48:05,811 : episode: 44 score: 11.0 100 games avg: 11.0 steps 12 
INFO : 2021-01-29 12:48:07,218 : episode: 45 score: 6.0 100 games avg: 6.0 steps 7 
INFO : 2021-01-29 12:48:12,296 : episode: 46 score: 27.0 100 games avg: 27.0 steps 28 
INFO : 2021-01-29 12:48:16,174 : episode: 47 score: 21.0 100 games avg: 21.0 steps 22 
INFO : 2021-01-29 12:48:18,037 : episode: 48 score: 9.0 100 games avg: 9.0 steps 10 
INFO : 2021-01-29 12:48:21,328 : episode: 49 score: 17.0 100 games avg: 17.0 steps 18 
INFO : 2021-01-29 12:48:23,935 : episode: 50 score: 13.0 100 games avg: 13.0 steps 14 
INFO : 2021-01-29 12:48:30,259 : episode: 51 score: 34.0 100 games avg: 34.0 steps 35 
INFO : 2021-01-29 12:48:33,655 : episode: 52 score: 17.0 100 games avg: 17.0 steps 18 
INFO : 2021-01-29 12:48:35,443 : episode: 53 score: 8.0 100 games avg: 8.0 steps 9 
INFO : 2021-01-29 12:48:40,555 : episode: 54 score: 27.0 100 games avg: 27.0 steps 28 
INFO : 2021-01-29 12:48:43,126 : episode: 55 score: 13.0 100 games avg: 13.0 steps 14 
INFO : 2021-01-29 12:48:46,422 : episode: 56 score: 17.0 100 games avg: 17.0 steps 18 
INFO : 2021-01-29 12:48:52,007 : episode: 57 score: 30.0 100 games avg: 30.0 steps 31 
INFO : 2021-01-29 12:48:59,380 : episode: 58 score: 40.0 100 games avg: 40.0 steps 41 
INFO : 2021-01-29 12:49:02,125 : episode: 59 score: 14.0 100 games avg: 14.0 steps 15 
INFO : 2021-01-29 12:49:08,530 : episode: 60 score: 35.0 100 games avg: 35.0 steps 36 
INFO : 2021-01-29 12:49:11,456 : episode: 61 score: 15.0 100 games avg: 15.0 steps 16 
INFO : 2021-01-29 12:49:13,679 : episode: 62 score: 11.0 100 games avg: 11.0 steps 12 
INFO : 2021-01-29 12:49:15,600 : episode: 63 score: 9.0 100 games avg: 9.0 steps 10 
INFO : 2021-01-29 12:49:19,276 : episode: 64 score: 19.0 100 games avg: 19.0 steps 20 
INFO : 2021-01-29 12:49:29,167 : episode: 65 score: 54.0 100 games avg: 54.0 steps 55 
INFO : 2021-01-29 12:49:45,923 : episode: 66 score: 93.0 100 games avg: 93.0 steps 94 
INFO : 2021-01-29 12:50:21,413 : episode: 67 score: 200.0 100 games avg: 200.0 steps 201 
INFO : 2021-01-29 12:50:43,956 : episode: 68 score: 126.0 100 games avg: 126.0 steps 127 
INFO : 2021-01-29 12:51:12,199 : episode: 69 score: 158.0 100 games avg: 158.0 steps 159 
INFO : 2021-01-29 12:51:44,842 : episode: 70 score: 184.0 100 games avg: 184.0 steps 185 
INFO : 2021-01-29 12:52:20,232 : episode: 71 score: 198.0 100 games avg: 198.0 steps 199 
INFO : 2021-01-29 12:52:52,638 : episode: 72 score: 176.0 100 games avg: 176.0 steps 177 
INFO : 2021-01-29 12:53:18,850 : episode: 73 score: 145.0 100 games avg: 145.0 steps 146 
INFO : 2021-01-29 12:53:53,091 : episode: 74 score: 190.0 100 games avg: 190.0 steps 191 
INFO : 2021-01-29 12:54:22,369 : episode: 75 score: 160.0 100 games avg: 160.0 steps 161 
INFO : 2021-01-29 12:54:57,943 : episode: 76 score: 198.0 100 games avg: 198.0 steps 199 
INFO : 2021-01-29 12:55:30,677 : episode: 77 score: 181.0 100 games avg: 181.0 steps 182 
INFO : 2021-01-29 12:55:54,710 : episode: 78 score: 132.0 100 games avg: 132.0 steps 133 
INFO : 2021-01-29 12:56:25,786 : episode: 79 score: 171.0 100 games avg: 171.0 steps 172 
INFO : 2021-01-29 12:56:59,259 : episode: 80 score: 185.0 100 games avg: 185.0 steps 186 
INFO : 2021-01-29 12:57:29,796 : episode: 81 score: 168.0 100 games avg: 168.0 steps 169 
INFO : 2021-01-29 12:57:56,466 : episode: 82 score: 143.0 100 games avg: 143.0 steps 144 
INFO : 2021-01-29 12:58:30,171 : episode: 83 score: 186.0 100 games avg: 186.0 steps 187 
INFO : 2021-01-29 12:59:01,534 : episode: 84 score: 166.0 100 games avg: 166.0 steps 167 
INFO : 2021-01-29 12:59:37,972 : episode: 85 score: 199.0 100 games avg: 199.0 steps 200 
INFO : 2021-01-29 13:00:06,750 : episode: 86 score: 158.0 100 games avg: 158.0 steps 159 
INFO : 2021-01-29 13:00:36,637 : episode: 87 score: 160.0 100 games avg: 160.0 steps 161 
INFO : 2021-01-29 13:01:13,828 : episode: 88 score: 200.0 100 games avg: 200.0 steps 201 
INFO : 2021-01-29 13:01:43,013 : episode: 89 score: 157.0 100 games avg: 157.0 steps 158 
INFO : 2021-01-29 13:02:13,869 : episode: 90 score: 167.0 100 games avg: 167.0 steps 168 
INFO : 2021-01-29 13:02:43,636 : episode: 91 score: 159.0 100 games avg: 159.0 steps 160 
INFO : 2021-01-29 13:03:10,433 : episode: 92 score: 143.0 100 games avg: 143.0 steps 144 
INFO : 2021-01-29 13:03:39,725 : episode: 93 score: 155.0 100 games avg: 155.0 steps 156 
INFO : 2021-01-29 13:04:07,039 : episode: 94 score: 145.0 100 games avg: 145.0 steps 146 
INFO : 2021-01-29 13:04:33,721 : episode: 95 score: 139.0 100 games avg: 139.0 steps 140 
INFO : 2021-01-29 13:05:02,758 : episode: 96 score: 153.0 100 games avg: 153.0 steps 154 
INFO : 2021-01-29 13:05:33,748 : episode: 97 score: 164.0 100 games avg: 164.0 steps 165 
INFO : 2021-01-29 13:06:03,842 : episode: 98 score: 158.0 100 games avg: 158.0 steps 159 
INFO : 2021-01-29 13:06:41,241 : episode: 99 score: 200.0 100 games avg: 200.0 steps 201 
