INFO : 2021-01-19 21:40:57,786 : method: Model Predictive Contorol
INFO : 2021-01-19 21:40:57,787 : parameter n_steps: 200 ensemble_size: 5 env: Hopper-v2
INFO : 2021-01-19 21:41:00,735 : mpc horizon: 5 mpc_samples: 100 elite_sample: 30 grad_steps: 10
INFO : 2021-01-19 21:41:00,735 : mpc_function policy
INFO : 2021-01-19 21:41:00,735 : policy
INFO : 2021-01-19 21:41:06,372 : episode: 0 score: 28.4 100 games avg: 28.4 steps 32 
INFO : 2021-01-19 21:41:12,251 : episode: 1 score: 30.3 100 games avg: 30.3 steps 33 
INFO : 2021-01-19 21:41:18,216 : episode: 2 score: 29.3 100 games avg: 29.3 steps 33 
INFO : 2021-01-19 21:41:23,997 : episode: 3 score: 28.0 100 games avg: 28.0 steps 32 
INFO : 2021-01-19 21:41:29,915 : episode: 4 score: 30.5 100 games avg: 30.5 steps 33 
INFO : 2021-01-19 21:41:35,833 : episode: 5 score: 30.3 100 games avg: 30.3 steps 33 
INFO : 2021-01-19 21:41:41,581 : episode: 6 score: 28.6 100 games avg: 28.6 steps 32 
INFO : 2021-01-19 21:41:47,563 : episode: 7 score: 30.7 100 games avg: 30.7 steps 33 
INFO : 2021-01-19 21:41:52,552 : episode: 8 score: 22.2 100 games avg: 22.2 steps 26 
INFO : 2021-01-19 21:41:55,659 : episode: 9 score: 10.5 100 games avg: 10.5 steps 16 
INFO : 2021-01-19 21:42:03,075 : episode: 10 score: 20.1 100 games avg: 20.1 steps 39 
INFO : 2021-01-19 21:42:08,993 : episode: 11 score: 14.5 100 games avg: 14.5 steps 31 
INFO : 2021-01-19 21:42:19,985 : episode: 12 score: 70.1 100 games avg: 70.1 steps 58 
INFO : 2021-01-19 21:42:23,099 : episode: 13 score: 15.7 100 games avg: 15.7 steps 16 
INFO : 2021-01-19 21:42:28,828 : episode: 14 score: 52.0 100 games avg: 52.0 steps 30 
INFO : 2021-01-19 21:42:35,154 : episode: 15 score: 58.7 100 games avg: 58.7 steps 33 
INFO : 2021-01-19 21:42:40,519 : episode: 16 score: 47.6 100 games avg: 47.6 steps 28 
INFO : 2021-01-19 21:42:44,856 : episode: 17 score: 38.4 100 games avg: 38.4 steps 22 
INFO : 2021-01-19 21:42:49,555 : episode: 18 score: 41.5 100 games avg: 41.5 steps 24 
INFO : 2021-01-19 21:42:53,868 : episode: 19 score: 38.0 100 games avg: 38.0 steps 22 
INFO : 2021-01-19 21:42:58,577 : episode: 20 score: 41.7 100 games avg: 41.7 steps 24 
INFO : 2021-01-19 21:43:03,089 : episode: 21 score: 39.8 100 games avg: 39.8 steps 23 
INFO : 2021-01-19 21:43:08,932 : episode: 22 score: 53.3 100 games avg: 53.3 steps 30 
INFO : 2021-01-19 21:43:13,441 : episode: 23 score: 40.3 100 games avg: 40.3 steps 23 
INFO : 2021-01-19 21:43:18,701 : episode: 24 score: 46.6 100 games avg: 46.6 steps 27 
INFO : 2021-01-19 21:43:23,231 : episode: 25 score: 40.0 100 games avg: 40.0 steps 23 
INFO : 2021-01-19 21:43:27,741 : episode: 26 score: 40.1 100 games avg: 40.1 steps 23 
INFO : 2021-01-19 21:43:32,523 : episode: 27 score: 41.2 100 games avg: 41.2 steps 24 
INFO : 2021-01-19 21:43:36,928 : episode: 28 score: 37.3 100 games avg: 37.3 steps 22 
INFO : 2021-01-19 21:43:44,729 : episode: 29 score: 64.8 100 games avg: 64.8 steps 40 
INFO : 2021-01-19 21:43:49,525 : episode: 30 score: 41.6 100 games avg: 41.6 steps 24 
INFO : 2021-01-19 21:43:54,478 : episode: 31 score: 44.0 100 games avg: 44.0 steps 25 
INFO : 2021-01-19 21:44:01,166 : episode: 32 score: 56.1 100 games avg: 56.1 steps 34 
INFO : 2021-01-19 21:44:05,954 : episode: 33 score: 42.0 100 games avg: 42.0 steps 24 
INFO : 2021-01-19 21:44:13,042 : episode: 34 score: 58.8 100 games avg: 58.8 steps 36 
INFO : 2021-01-19 21:44:17,646 : episode: 35 score: 40.2 100 games avg: 40.2 steps 23 
INFO : 2021-01-19 21:44:24,783 : episode: 36 score: 61.3 100 games avg: 61.3 steps 36 
INFO : 2021-01-19 21:44:29,643 : episode: 37 score: 41.3 100 games avg: 41.3 steps 24 
INFO : 2021-01-19 21:44:34,546 : episode: 38 score: 42.4 100 games avg: 42.4 steps 24 
INFO : 2021-01-19 21:44:39,259 : episode: 39 score: 40.2 100 games avg: 40.2 steps 23 
INFO : 2021-01-19 21:44:44,136 : episode: 40 score: 41.4 100 games avg: 41.4 steps 24 
INFO : 2021-01-19 21:44:49,012 : episode: 41 score: 41.9 100 games avg: 41.9 steps 24 
INFO : 2021-01-19 21:44:56,726 : episode: 42 score: 63.9 100 games avg: 63.9 steps 39 
INFO : 2021-01-19 21:45:07,419 : episode: 43 score: 102.7 100 games avg: 102.7 steps 55 
INFO : 2021-01-19 21:45:17,837 : episode: 44 score: 96.6 100 games avg: 96.6 steps 53 
INFO : 2021-01-19 21:45:22,052 : episode: 45 score: 34.4 100 games avg: 34.4 steps 20 
INFO : 2021-01-19 21:45:31,503 : episode: 46 score: 86.0 100 games avg: 86.0 steps 48 
INFO : 2021-01-19 21:45:40,777 : episode: 47 score: 84.2 100 games avg: 84.2 steps 47 
INFO : 2021-01-19 21:45:50,284 : episode: 48 score: 86.2 100 games avg: 86.2 steps 48 
INFO : 2021-01-19 21:45:59,575 : episode: 49 score: 85.2 100 games avg: 85.2 steps 47 
INFO : 2021-01-19 21:46:09,146 : episode: 50 score: 89.0 100 games avg: 89.0 steps 48 
INFO : 2021-01-19 21:46:17,947 : episode: 51 score: 81.6 100 games avg: 81.6 steps 44 
INFO : 2021-01-19 21:46:25,274 : episode: 52 score: 66.2 100 games avg: 66.2 steps 36 
INFO : 2021-01-19 21:46:36,361 : episode: 53 score: 100.3 100 games avg: 100.3 steps 56 
INFO : 2021-01-19 21:46:45,196 : episode: 54 score: 80.3 100 games avg: 80.3 steps 44 
INFO : 2021-01-19 21:46:53,467 : episode: 55 score: 74.8 100 games avg: 74.8 steps 41 
INFO : 2021-01-19 21:47:02,939 : episode: 56 score: 86.0 100 games avg: 86.0 steps 47 
INFO : 2021-01-19 21:47:12,788 : episode: 57 score: 89.0 100 games avg: 89.0 steps 49 
INFO : 2021-01-19 21:47:21,883 : episode: 58 score: 81.3 100 games avg: 81.3 steps 45 
INFO : 2021-01-19 21:47:36,617 : episode: 59 score: 145.4 100 games avg: 145.4 steps 75 
INFO : 2021-01-19 21:47:53,608 : episode: 60 score: 174.0 100 games avg: 174.0 steps 87 
INFO : 2021-01-19 21:48:10,478 : episode: 61 score: 169.5 100 games avg: 169.5 steps 86 
INFO : 2021-01-19 21:48:27,357 : episode: 62 score: 170.2 100 games avg: 170.2 steps 86 
INFO : 2021-01-19 21:48:44,433 : episode: 63 score: 172.8 100 games avg: 172.8 steps 87 
INFO : 2021-01-19 21:49:01,608 : episode: 64 score: 171.6 100 games avg: 171.6 steps 87 
INFO : 2021-01-19 21:49:18,456 : episode: 65 score: 174.4 100 games avg: 174.4 steps 85 
INFO : 2021-01-19 21:49:35,486 : episode: 66 score: 175.6 100 games avg: 175.6 steps 86 
INFO : 2021-01-19 21:49:52,801 : episode: 67 score: 176.1 100 games avg: 176.1 steps 87 
INFO : 2021-01-19 21:50:09,894 : episode: 68 score: 178.4 100 games avg: 178.4 steps 86 
INFO : 2021-01-19 21:50:26,983 : episode: 69 score: 173.4 100 games avg: 173.4 steps 86 
INFO : 2021-01-19 21:50:44,322 : episode: 70 score: 176.5 100 games avg: 176.5 steps 87 
INFO : 2021-01-19 21:51:01,319 : episode: 71 score: 178.7 100 games avg: 178.7 steps 85 
INFO : 2021-01-19 21:51:17,552 : episode: 72 score: 158.4 100 games avg: 158.4 steps 81 
INFO : 2021-01-19 21:51:35,347 : episode: 73 score: 179.0 100 games avg: 179.0 steps 89 
INFO : 2021-01-19 21:51:51,275 : episode: 74 score: 152.8 100 games avg: 152.8 steps 79 
INFO : 2021-01-19 21:52:07,857 : episode: 75 score: 160.9 100 games avg: 160.9 steps 82 
INFO : 2021-01-19 21:52:26,121 : episode: 76 score: 179.3 100 games avg: 179.3 steps 91 
INFO : 2021-01-19 21:52:44,073 : episode: 77 score: 182.0 100 games avg: 182.0 steps 89 
INFO : 2021-01-19 21:53:02,171 : episode: 78 score: 183.5 100 games avg: 183.5 steps 90 
INFO : 2021-01-19 21:53:19,970 : episode: 79 score: 174.9 100 games avg: 174.9 steps 88 
INFO : 2021-01-19 21:53:37,410 : episode: 80 score: 176.8 100 games avg: 176.8 steps 86 
INFO : 2021-01-19 21:53:55,105 : episode: 81 score: 175.2 100 games avg: 175.2 steps 87 
INFO : 2021-01-19 21:54:13,088 : episode: 82 score: 180.0 100 games avg: 180.0 steps 88 
INFO : 2021-01-19 21:54:31,029 : episode: 83 score: 176.2 100 games avg: 176.2 steps 88 
INFO : 2021-01-19 21:54:48,797 : episode: 84 score: 183.4 100 games avg: 183.4 steps 87 
INFO : 2021-01-19 21:55:07,101 : episode: 85 score: 181.2 100 games avg: 181.2 steps 90 
INFO : 2021-01-19 21:55:25,138 : episode: 86 score: 184.5 100 games avg: 184.5 steps 88 
INFO : 2021-01-19 21:55:42,872 : episode: 87 score: 176.4 100 games avg: 176.4 steps 86 
INFO : 2021-01-19 21:56:00,310 : episode: 88 score: 181.2 100 games avg: 181.2 steps 85 
INFO : 2021-01-19 21:56:17,414 : episode: 89 score: 179.4 100 games avg: 179.4 steps 83 
INFO : 2021-01-19 21:56:34,892 : episode: 90 score: 166.3 100 games avg: 166.3 steps 84 
INFO : 2021-01-19 21:56:52,523 : episode: 91 score: 179.1 100 games avg: 179.1 steps 85 
INFO : 2021-01-19 21:57:11,074 : episode: 92 score: 198.3 100 games avg: 198.3 steps 90 
INFO : 2021-01-19 21:57:29,720 : episode: 93 score: 187.5 100 games avg: 187.5 steps 90 
INFO : 2021-01-19 21:57:47,378 : episode: 94 score: 186.6 100 games avg: 186.6 steps 85 
INFO : 2021-01-19 21:58:05,287 : episode: 95 score: 190.1 100 games avg: 190.1 steps 86 
INFO : 2021-01-19 21:58:11,813 : episode: 96 score: 42.4 100 games avg: 42.4 steps 25 
INFO : 2021-01-19 21:58:29,584 : episode: 97 score: 177.9 100 games avg: 177.9 steps 85 
INFO : 2021-01-19 21:58:47,361 : episode: 98 score: 181.3 100 games avg: 181.3 steps 85 
INFO : 2021-01-19 21:59:04,982 : episode: 99 score: 183.8 100 games avg: 183.8 steps 84 
INFO : 2021-01-19 21:59:22,726 : episode: 100 score: 183.9 100 games avg: 183.9 steps 84 
INFO : 2021-01-19 21:59:40,676 : episode: 101 score: 183.7 100 games avg: 183.7 steps 85 
INFO : 2021-01-19 21:59:47,109 : episode: 102 score: 40.8 100 games avg: 40.8 steps 24 
INFO : 2021-01-19 22:00:06,946 : episode: 103 score: 179.5 100 games avg: 179.5 steps 95 
INFO : 2021-01-19 22:00:25,344 : episode: 104 score: 187.5 100 games avg: 187.5 steps 87 
INFO : 2021-01-19 22:00:50,610 : episode: 105 score: 240.6 100 games avg: 240.6 steps 124 
INFO : 2021-01-19 22:01:12,269 : episode: 106 score: 202.5 100 games avg: 202.5 steps 104 
INFO : 2021-01-19 22:01:35,030 : episode: 107 score: 212.2 100 games avg: 212.2 steps 110 
INFO : 2021-01-19 22:01:54,603 : episode: 108 score: 176.9 100 games avg: 176.9 steps 93 
INFO : 2021-01-19 22:02:16,185 : episode: 109 score: 199.3 100 games avg: 199.3 steps 103 
INFO : 2021-01-19 22:02:38,308 : episode: 110 score: 204.0 100 games avg: 204.0 steps 106 
INFO : 2021-01-19 22:02:55,867 : episode: 111 score: 149.9 100 games avg: 149.9 steps 81 
INFO : 2021-01-19 22:03:14,909 : episode: 112 score: 183.5 100 games avg: 183.5 steps 89 
INFO : 2021-01-19 22:03:38,519 : episode: 113 score: 220.1 100 games avg: 220.1 steps 113 
INFO : 2021-01-19 22:03:58,029 : episode: 114 score: 174.7 100 games avg: 174.7 steps 91 
INFO : 2021-01-19 22:04:19,985 : episode: 115 score: 215.3 100 games avg: 215.3 steps 104 
INFO : 2021-01-19 22:04:41,164 : episode: 116 score: 195.6 100 games avg: 195.6 steps 100 
INFO : 2021-01-19 22:05:05,488 : episode: 117 score: 231.7 100 games avg: 231.7 steps 116 
INFO : 2021-01-19 22:05:24,080 : episode: 118 score: 162.9 100 games avg: 162.9 steps 86 
INFO : 2021-01-19 22:05:46,231 : episode: 119 score: 203.2 100 games avg: 203.2 steps 104 
INFO : 2021-01-19 22:06:06,002 : episode: 120 score: 177.0 100 games avg: 177.0 steps 91 
INFO : 2021-01-19 22:06:27,962 : episode: 121 score: 199.4 100 games avg: 199.4 steps 103 
INFO : 2021-01-19 22:06:48,798 : episode: 122 score: 186.2 100 games avg: 186.2 steps 97 
INFO : 2021-01-19 22:07:09,775 : episode: 123 score: 185.5 100 games avg: 185.5 steps 97 
INFO : 2021-01-19 22:07:31,355 : episode: 124 score: 191.5 100 games avg: 191.5 steps 100 
INFO : 2021-01-19 22:07:50,950 : episode: 125 score: 184.9 100 games avg: 184.9 steps 89 
INFO : 2021-01-19 22:08:10,045 : episode: 126 score: 163.7 100 games avg: 163.7 steps 87 
INFO : 2021-01-19 22:08:32,677 : episode: 127 score: 203.8 100 games avg: 203.8 steps 105 
INFO : 2021-01-19 22:08:53,372 : episode: 128 score: 181.6 100 games avg: 181.6 steps 95 
INFO : 2021-01-19 22:09:12,804 : episode: 129 score: 179.8 100 games avg: 179.8 steps 88 
INFO : 2021-01-19 22:09:32,482 : episode: 130 score: 169.1 100 games avg: 169.1 steps 89 
INFO : 2021-01-19 22:09:53,313 : episode: 131 score: 182.7 100 games avg: 182.7 steps 95 
INFO : 2021-01-19 22:10:12,983 : episode: 132 score: 181.3 100 games avg: 181.3 steps 88 
INFO : 2021-01-19 22:10:32,985 : episode: 133 score: 170.8 100 games avg: 170.8 steps 90 
INFO : 2021-01-19 22:10:52,003 : episode: 134 score: 178.4 100 games avg: 178.4 steps 85 
INFO : 2021-01-19 22:11:11,173 : episode: 135 score: 175.5 100 games avg: 175.5 steps 85 
INFO : 2021-01-19 22:11:29,432 : episode: 136 score: 147.9 100 games avg: 147.9 steps 80 
INFO : 2021-01-19 22:11:48,974 : episode: 137 score: 177.9 100 games avg: 177.9 steps 87 
INFO : 2021-01-19 22:12:23,996 : episode: 138 score: 355.2 100 games avg: 355.2 steps 169 
INFO : 2021-01-19 22:12:45,611 : episode: 139 score: 184.6 100 games avg: 184.6 steps 97 
INFO : 2021-01-19 22:13:04,590 : episode: 140 score: 156.1 100 games avg: 156.1 steps 83 
INFO : 2021-01-19 22:13:24,282 : episode: 141 score: 162.9 100 games avg: 162.9 steps 87 
INFO : 2021-01-19 22:13:47,474 : episode: 142 score: 206.6 100 games avg: 206.6 steps 106 
INFO : 2021-01-19 22:14:06,202 : episode: 143 score: 150.3 100 games avg: 150.3 steps 81 
INFO : 2021-01-19 22:14:31,669 : episode: 144 score: 231.2 100 games avg: 231.2 steps 117 
INFO : 2021-01-19 22:14:51,764 : episode: 145 score: 169.7 100 games avg: 169.7 steps 89 
INFO : 2021-01-19 22:15:11,251 : episode: 146 score: 160.9 100 games avg: 160.9 steps 85 
INFO : 2021-01-19 22:15:32,380 : episode: 147 score: 175.0 100 games avg: 175.0 steps 93 
INFO : 2021-01-19 22:15:54,056 : episode: 148 score: 186.4 100 games avg: 186.4 steps 97 
INFO : 2021-01-19 22:16:13,411 : episode: 149 score: 156.5 100 games avg: 156.5 steps 84 
INFO : 2021-01-19 22:16:32,928 : episode: 150 score: 156.9 100 games avg: 156.9 steps 84 
INFO : 2021-01-19 22:16:52,462 : episode: 151 score: 155.8 100 games avg: 155.8 steps 84 
INFO : 2021-01-19 22:17:12,188 : episode: 152 score: 159.0 100 games avg: 159.0 steps 85 
INFO : 2021-01-19 22:17:37,051 : episode: 153 score: 224.9 100 games avg: 224.9 steps 112 
INFO : 2021-01-19 22:18:04,021 : episode: 154 score: 249.6 100 games avg: 249.6 steps 123 
INFO : 2021-01-19 22:18:24,059 : episode: 155 score: 179.1 100 games avg: 179.1 steps 86 
INFO : 2021-01-19 22:18:49,006 : episode: 156 score: 224.9 100 games avg: 224.9 steps 112 
INFO : 2021-01-19 22:19:08,712 : episode: 157 score: 177.8 100 games avg: 177.8 steps 84 
INFO : 2021-01-19 22:19:32,257 : episode: 158 score: 207.7 100 games avg: 207.7 steps 104 
INFO : 2021-01-19 22:19:58,544 : episode: 159 score: 238.6 100 games avg: 238.6 steps 118 
INFO : 2021-01-19 22:20:19,297 : episode: 160 score: 171.6 100 games avg: 171.6 steps 89 
INFO : 2021-01-19 22:20:43,799 : episode: 161 score: 214.0 100 games avg: 214.0 steps 109 
INFO : 2021-01-19 22:21:08,952 : episode: 162 score: 225.4 100 games avg: 225.4 steps 112 
INFO : 2021-01-19 22:21:32,300 : episode: 163 score: 197.9 100 games avg: 197.9 steps 102 
INFO : 2021-01-19 22:21:57,021 : episode: 164 score: 217.8 100 games avg: 217.8 steps 109 
INFO : 2021-01-19 22:22:21,396 : episode: 165 score: 217.7 100 games avg: 217.7 steps 107 
INFO : 2021-01-19 22:22:41,111 : episode: 166 score: 155.9 100 games avg: 155.9 steps 82 
INFO : 2021-01-19 22:23:03,716 : episode: 167 score: 190.7 100 games avg: 190.7 steps 97 
INFO : 2021-01-19 22:23:27,522 : episode: 168 score: 210.7 100 games avg: 210.7 steps 103 
INFO : 2021-01-19 22:23:52,118 : episode: 169 score: 212.5 100 games avg: 212.5 steps 107 
INFO : 2021-01-19 22:24:17,108 : episode: 170 score: 215.3 100 games avg: 215.3 steps 109 
INFO : 2021-01-19 22:24:38,295 : episode: 171 score: 172.7 100 games avg: 172.7 steps 89 
INFO : 2021-01-19 22:25:03,145 : episode: 172 score: 216.5 100 games avg: 216.5 steps 108 
INFO : 2021-01-19 22:25:27,953 : episode: 173 score: 218.9 100 games avg: 218.9 steps 108 
INFO : 2021-01-19 22:25:50,039 : episode: 174 score: 180.6 100 games avg: 180.6 steps 93 
INFO : 2021-01-19 22:26:18,737 : episode: 175 score: 248.8 100 games avg: 248.8 steps 128 
INFO : 2021-01-19 22:26:40,592 : episode: 176 score: 176.1 100 games avg: 176.1 steps 91 
INFO : 2021-01-19 22:27:05,474 : episode: 177 score: 215.5 100 games avg: 215.5 steps 107 
INFO : 2021-01-19 22:27:27,714 : episode: 178 score: 177.9 100 games avg: 177.9 steps 93 
INFO : 2021-01-19 22:27:48,223 : episode: 179 score: 156.4 100 games avg: 156.4 steps 83 
INFO : 2021-01-19 22:28:12,795 : episode: 180 score: 213.1 100 games avg: 213.1 steps 105 
INFO : 2021-01-19 22:28:33,975 : episode: 181 score: 164.4 100 games avg: 164.4 steps 87 
INFO : 2021-01-19 22:29:01,265 : episode: 182 score: 237.8 100 games avg: 237.8 steps 119 
INFO : 2021-01-19 22:29:29,321 : episode: 183 score: 245.1 100 games avg: 245.1 steps 123 
INFO : 2021-01-19 22:29:55,397 : episode: 184 score: 220.6 100 games avg: 220.6 steps 112 
INFO : 2021-01-19 22:30:23,341 : episode: 185 score: 242.5 100 games avg: 242.5 steps 122 
INFO : 2021-01-19 22:30:44,483 : episode: 186 score: 184.6 100 games avg: 184.6 steps 85 
INFO : 2021-01-19 22:31:06,661 : episode: 187 score: 204.2 100 games avg: 204.2 steps 91 
INFO : 2021-01-19 22:31:28,553 : episode: 188 score: 198.5 100 games avg: 198.5 steps 89 
INFO : 2021-01-19 22:31:51,044 : episode: 189 score: 206.2 100 games avg: 206.2 steps 92 
INFO : 2021-01-19 22:32:12,480 : episode: 190 score: 178.0 100 games avg: 178.0 steps 86 
INFO : 2021-01-19 22:32:34,042 : episode: 191 score: 193.8 100 games avg: 193.8 steps 87 
INFO : 2021-01-19 22:32:56,633 : episode: 192 score: 206.9 100 games avg: 206.9 steps 92 
INFO : 2021-01-19 22:33:18,479 : episode: 193 score: 193.8 100 games avg: 193.8 steps 88 
INFO : 2021-01-19 22:33:39,996 : episode: 194 score: 188.5 100 games avg: 188.5 steps 86 
INFO : 2021-01-19 22:34:01,392 : episode: 195 score: 184.9 100 games avg: 184.9 steps 85 
INFO : 2021-01-19 22:34:24,139 : episode: 196 score: 210.6 100 games avg: 210.6 steps 92 
INFO : 2021-01-19 22:34:46,099 : episode: 197 score: 196.6 100 games avg: 196.6 steps 88 
INFO : 2021-01-19 22:35:07,598 : episode: 198 score: 182.2 100 games avg: 182.2 steps 85 
INFO : 2021-01-19 22:35:29,656 : episode: 199 score: 182.8 100 games avg: 182.8 steps 88 
