INFO : 2021-01-13 15:09:19,106 : method: Model Predictive Contorol
INFO : 2021-01-13 15:09:19,107 : parameter n_steps: 100 ensemble_size: 5 env: HalfCheetah-v2
INFO : 2021-01-13 15:09:21,795 : mpc horizon: 5 mpc_samples: 100 elite_sample: 10 grad_steps: 10
INFO : 2021-01-13 15:09:21,795 : mpc_function cem
INFO : 2021-01-13 15:09:21,796 : cem
INFO : 2021-01-13 15:26:51,552 : episode: 0 score: -176.5 100 games avg: -176.5 steps 1000 
INFO : 2021-01-13 15:44:20,462 : episode: 1 score: -266.7 100 games avg: -266.7 steps 1000 
INFO : 2021-01-13 16:01:49,417 : episode: 2 score: -154.0 100 games avg: -154.0 steps 1000 
INFO : 2021-01-13 16:19:19,356 : episode: 3 score: -344.5 100 games avg: -344.5 steps 1000 
INFO : 2021-01-13 16:36:50,242 : episode: 4 score: -244.0 100 games avg: -244.0 steps 1000 
INFO : 2021-01-13 16:54:23,766 : episode: 5 score: -98.6 100 games avg: -98.6 steps 1000 
INFO : 2021-01-13 17:12:02,430 : episode: 6 score: -53.9 100 games avg: -53.9 steps 1000 
INFO : 2021-01-13 17:29:37,119 : episode: 7 score: -139.1 100 games avg: -139.1 steps 1000 
INFO : 2021-01-13 17:47:11,666 : episode: 8 score: -115.7 100 games avg: -115.7 steps 1000 
INFO : 2021-01-13 18:04:48,832 : episode: 9 score: -67.2 100 games avg: -67.2 steps 1000 
INFO : 2021-01-13 18:22:26,340 : episode: 10 score: -15.3 100 games avg: -15.3 steps 1000 
INFO : 2021-01-13 18:40:04,689 : episode: 11 score: -12.0 100 games avg: -12.0 steps 1000 
INFO : 2021-01-13 18:57:41,318 : episode: 12 score: 98.0 100 games avg: 98.0 steps 1000 
INFO : 2021-01-13 19:15:15,434 : episode: 13 score: 202.6 100 games avg: 202.6 steps 1000 
INFO : 2021-01-13 19:32:49,662 : episode: 14 score: 315.6 100 games avg: 315.6 steps 1000 
INFO : 2021-01-13 19:50:27,917 : episode: 15 score: 403.0 100 games avg: 403.0 steps 1000 
INFO : 2021-01-13 20:08:06,034 : episode: 16 score: 501.2 100 games avg: 501.2 steps 1000 
INFO : 2021-01-13 20:25:44,732 : episode: 17 score: 558.8 100 games avg: 558.8 steps 1000 
INFO : 2021-01-13 20:43:28,755 : episode: 18 score: 597.2 100 games avg: 597.2 steps 1000 
INFO : 2021-01-13 21:01:10,505 : episode: 19 score: 640.4 100 games avg: 640.4 steps 1000 
INFO : 2021-01-13 21:18:51,645 : episode: 20 score: 686.2 100 games avg: 686.2 steps 1000 
INFO : 2021-01-13 21:36:35,369 : episode: 21 score: 651.6 100 games avg: 651.6 steps 1000 
INFO : 2021-01-13 21:54:16,879 : episode: 22 score: 696.8 100 games avg: 696.8 steps 1000 
INFO : 2021-01-13 22:12:00,487 : episode: 23 score: 686.4 100 games avg: 686.4 steps 1000 
INFO : 2021-01-13 22:29:42,545 : episode: 24 score: 670.5 100 games avg: 670.5 steps 1000 
INFO : 2021-01-13 22:47:25,457 : episode: 25 score: 666.1 100 games avg: 666.1 steps 1000 
INFO : 2021-01-13 23:05:05,478 : episode: 26 score: 650.9 100 games avg: 650.9 steps 1000 
INFO : 2021-01-13 23:22:49,474 : episode: 27 score: 549.1 100 games avg: 549.1 steps 1000 
INFO : 2021-01-13 23:40:33,177 : episode: 28 score: 661.4 100 games avg: 661.4 steps 1000 
INFO : 2021-01-13 23:58:15,357 : episode: 29 score: 520.9 100 games avg: 520.9 steps 1000 
INFO : 2021-01-14 00:16:01,406 : episode: 30 score: 577.2 100 games avg: 577.2 steps 1000 
INFO : 2021-01-14 00:33:51,042 : episode: 31 score: 614.2 100 games avg: 614.2 steps 1000 
INFO : 2021-01-14 00:51:39,194 : episode: 32 score: 653.1 100 games avg: 653.1 steps 1000 
INFO : 2021-01-14 01:09:26,909 : episode: 33 score: 634.2 100 games avg: 634.2 steps 1000 
INFO : 2021-01-14 01:27:11,842 : episode: 34 score: 616.1 100 games avg: 616.1 steps 1000 
INFO : 2021-01-14 01:45:00,362 : episode: 35 score: 678.6 100 games avg: 678.6 steps 1000 
INFO : 2021-01-14 02:02:51,334 : episode: 36 score: 653.7 100 games avg: 653.7 steps 1000 
INFO : 2021-01-14 02:20:41,011 : episode: 37 score: 647.0 100 games avg: 647.0 steps 1000 
INFO : 2021-01-14 02:38:25,390 : episode: 38 score: 607.5 100 games avg: 607.5 steps 1000 
INFO : 2021-01-14 02:56:10,187 : episode: 39 score: 588.6 100 games avg: 588.6 steps 1000 
INFO : 2021-01-14 03:13:55,581 : episode: 40 score: 652.2 100 games avg: 652.2 steps 1000 
INFO : 2021-01-14 03:31:40,863 : episode: 41 score: 615.7 100 games avg: 615.7 steps 1000 
INFO : 2021-01-14 03:49:27,785 : episode: 42 score: 454.1 100 games avg: 454.1 steps 1000 
INFO : 2021-01-14 04:07:21,402 : episode: 43 score: 612.0 100 games avg: 612.0 steps 1000 
INFO : 2021-01-14 04:25:16,034 : episode: 44 score: 599.1 100 games avg: 599.1 steps 1000 
INFO : 2021-01-14 04:43:13,395 : episode: 45 score: 581.8 100 games avg: 581.8 steps 1000 
INFO : 2021-01-14 05:01:11,255 : episode: 46 score: 447.4 100 games avg: 447.4 steps 1000 
INFO : 2021-01-14 05:19:07,586 : episode: 47 score: 636.5 100 games avg: 636.5 steps 1000 
INFO : 2021-01-14 05:37:03,444 : episode: 48 score: 600.7 100 games avg: 600.7 steps 1000 
INFO : 2021-01-14 05:55:02,416 : episode: 49 score: 675.3 100 games avg: 675.3 steps 1000 
INFO : 2021-01-14 06:12:46,615 : episode: 50 score: 631.0 100 games avg: 631.0 steps 1000 
INFO : 2021-01-14 06:30:37,005 : episode: 51 score: 536.8 100 games avg: 536.8 steps 1000 
INFO : 2021-01-14 06:48:30,008 : episode: 52 score: 569.0 100 games avg: 569.0 steps 1000 
INFO : 2021-01-14 07:06:24,087 : episode: 53 score: 556.5 100 games avg: 556.5 steps 1000 
INFO : 2021-01-14 07:24:18,122 : episode: 54 score: 526.9 100 games avg: 526.9 steps 1000 
INFO : 2021-01-14 07:42:10,773 : episode: 55 score: 592.0 100 games avg: 592.0 steps 1000 
INFO : 2021-01-14 08:00:06,259 : episode: 56 score: 577.1 100 games avg: 577.1 steps 1000 
INFO : 2021-01-14 08:18:03,814 : episode: 57 score: 582.2 100 games avg: 582.2 steps 1000 
INFO : 2021-01-14 08:35:58,919 : episode: 58 score: 250.4 100 games avg: 250.4 steps 1000 
INFO : 2021-01-14 08:53:56,404 : episode: 59 score: 403.3 100 games avg: 403.3 steps 1000 
INFO : 2021-01-14 09:11:56,366 : episode: 60 score: 580.8 100 games avg: 580.8 steps 1000 
INFO : 2021-01-14 09:29:54,593 : episode: 61 score: 575.6 100 games avg: 575.6 steps 1000 
INFO : 2021-01-14 09:47:42,045 : episode: 62 score: 537.9 100 games avg: 537.9 steps 1000 
INFO : 2021-01-14 10:05:28,731 : episode: 63 score: 567.5 100 games avg: 567.5 steps 1000 
INFO : 2021-01-14 10:23:25,263 : episode: 64 score: 530.7 100 games avg: 530.7 steps 1000 
INFO : 2021-01-14 10:41:17,609 : episode: 65 score: 559.7 100 games avg: 559.7 steps 1000 
INFO : 2021-01-14 10:59:14,184 : episode: 66 score: 560.9 100 games avg: 560.9 steps 1000 
INFO : 2021-01-14 11:17:10,789 : episode: 67 score: 520.0 100 games avg: 520.0 steps 1000 
INFO : 2021-01-14 11:35:08,916 : episode: 68 score: 566.3 100 games avg: 566.3 steps 1000 
INFO : 2021-01-14 11:53:04,321 : episode: 69 score: 514.1 100 games avg: 514.1 steps 1000 
INFO : 2021-01-14 12:11:01,512 : episode: 70 score: 524.7 100 games avg: 524.7 steps 1000 
INFO : 2021-01-14 12:29:02,391 : episode: 71 score: 572.6 100 games avg: 572.6 steps 1000 
INFO : 2021-01-14 12:47:06,322 : episode: 72 score: 511.8 100 games avg: 511.8 steps 1000 
INFO : 2021-01-14 13:05:10,832 : episode: 73 score: 493.5 100 games avg: 493.5 steps 1000 
INFO : 2021-01-14 13:23:15,740 : episode: 74 score: 517.5 100 games avg: 517.5 steps 1000 
INFO : 2021-01-14 13:41:17,804 : episode: 75 score: 530.9 100 games avg: 530.9 steps 1000 
INFO : 2021-01-14 13:59:19,099 : episode: 76 score: 546.9 100 games avg: 546.9 steps 1000 
INFO : 2021-01-14 14:17:17,393 : episode: 77 score: 445.2 100 games avg: 445.2 steps 1000 
INFO : 2021-01-14 14:35:15,518 : episode: 78 score: 533.5 100 games avg: 533.5 steps 1000 
INFO : 2021-01-14 14:53:19,447 : episode: 79 score: 511.7 100 games avg: 511.7 steps 1000 
INFO : 2021-01-14 15:11:20,359 : episode: 80 score: 507.2 100 games avg: 507.2 steps 1000 
INFO : 2021-01-14 15:29:24,903 : episode: 81 score: 526.5 100 games avg: 526.5 steps 1000 
INFO : 2021-01-14 15:47:34,729 : episode: 82 score: 452.5 100 games avg: 452.5 steps 1000 
INFO : 2021-01-14 16:05:42,031 : episode: 83 score: 502.8 100 games avg: 502.8 steps 1000 
INFO : 2021-01-14 16:23:49,678 : episode: 84 score: 507.2 100 games avg: 507.2 steps 1000 
INFO : 2021-01-14 16:41:59,750 : episode: 85 score: 386.2 100 games avg: 386.2 steps 1000 
INFO : 2021-01-14 17:00:09,816 : episode: 86 score: 525.3 100 games avg: 525.3 steps 1000 
INFO : 2021-01-14 17:18:19,461 : episode: 87 score: 444.5 100 games avg: 444.5 steps 1000 
INFO : 2021-01-14 17:36:26,130 : episode: 88 score: 481.4 100 games avg: 481.4 steps 1000 
INFO : 2021-01-14 17:54:27,320 : episode: 89 score: 544.6 100 games avg: 544.6 steps 1000 
INFO : 2021-01-14 18:12:32,746 : episode: 90 score: 427.2 100 games avg: 427.2 steps 1000 
INFO : 2021-01-14 18:30:37,482 : episode: 91 score: 473.4 100 games avg: 473.4 steps 1000 
INFO : 2021-01-14 18:48:43,596 : episode: 92 score: 442.8 100 games avg: 442.8 steps 1000 
INFO : 2021-01-14 19:06:49,008 : episode: 93 score: 478.8 100 games avg: 478.8 steps 1000 
INFO : 2021-01-14 19:25:00,453 : episode: 94 score: 470.0 100 games avg: 470.0 steps 1000 
INFO : 2021-01-14 19:43:13,569 : episode: 95 score: 538.2 100 games avg: 538.2 steps 1000 
INFO : 2021-01-14 20:01:17,377 : episode: 96 score: 405.4 100 games avg: 405.4 steps 1000 
INFO : 2021-01-14 20:19:25,347 : episode: 97 score: 512.2 100 games avg: 512.2 steps 1000 
INFO : 2021-01-14 20:37:25,965 : episode: 98 score: 452.5 100 games avg: 452.5 steps 1000 
INFO : 2021-01-14 20:55:23,098 : episode: 99 score: 515.2 100 games avg: 515.2 steps 1000 
