INFO : 2021-01-30 00:00:34,533 : method: Model Predictive Contorol
INFO : 2021-01-30 00:00:34,534 : parameter n_steps: 200 ensemble_size: 5 env: Hopper-v2
INFO : 2021-01-30 00:00:37,174 : mpc horizon: 5 mpc_samples: 100 elite_sample: 30 grad_steps: 10
INFO : 2021-01-30 00:00:37,175 : mpc_function policy-gamma
INFO : 2021-01-30 00:00:37,175 : policy-gamma
INFO : 2021-01-30 00:00:39,446 : episode: 0 score: 13.9 100 games avg: 13.9 steps 18 
INFO : 2021-01-30 00:00:41,796 : episode: 1 score: 12.3 100 games avg: 12.3 steps 18 
INFO : 2021-01-30 00:00:44,147 : episode: 2 score: 13.9 100 games avg: 13.9 steps 18 
INFO : 2021-01-30 00:00:46,497 : episode: 3 score: 14.0 100 games avg: 14.0 steps 18 
INFO : 2021-01-30 00:00:48,855 : episode: 4 score: 13.6 100 games avg: 13.6 steps 18 
INFO : 2021-01-30 00:00:51,214 : episode: 5 score: 16.0 100 games avg: 16.0 steps 18 
INFO : 2021-01-30 00:00:53,568 : episode: 6 score: 14.0 100 games avg: 14.0 steps 18 
INFO : 2021-01-30 00:00:55,917 : episode: 7 score: 13.3 100 games avg: 13.3 steps 18 
INFO : 2021-01-30 00:00:58,254 : episode: 8 score: 15.3 100 games avg: 15.3 steps 18 
INFO : 2021-01-30 00:01:00,610 : episode: 9 score: 14.0 100 games avg: 14.0 steps 18 
INFO : 2021-01-30 00:01:02,966 : episode: 10 score: 13.8 100 games avg: 13.8 steps 18 
INFO : 2021-01-30 00:01:05,203 : episode: 11 score: 14.3 100 games avg: 14.3 steps 17 
INFO : 2021-01-30 00:01:07,558 : episode: 12 score: 13.7 100 games avg: 13.7 steps 18 
INFO : 2021-01-30 00:01:09,916 : episode: 13 score: 13.7 100 games avg: 13.7 steps 18 
INFO : 2021-01-30 00:01:18,919 : episode: 14 score: 97.6 100 games avg: 97.6 steps 62 
INFO : 2021-01-30 00:01:20,321 : episode: 15 score: 6.5 100 games avg: 6.5 steps 9 
INFO : 2021-01-30 00:01:23,605 : episode: 16 score: 1.2 100 games avg: 1.2 steps 22 
INFO : 2021-01-30 00:01:25,883 : episode: 17 score: 16.7 100 games avg: 16.7 steps 15 
INFO : 2021-01-30 00:01:27,592 : episode: 18 score: 8.4 100 games avg: 8.4 steps 11 
INFO : 2021-01-30 00:01:31,759 : episode: 19 score: 49.7 100 games avg: 49.7 steps 28 
INFO : 2021-01-30 00:01:36,398 : episode: 20 score: 53.9 100 games avg: 53.9 steps 31 
INFO : 2021-01-30 00:01:40,217 : episode: 21 score: 44.7 100 games avg: 44.7 steps 26 
INFO : 2021-01-30 00:01:43,888 : episode: 22 score: 42.6 100 games avg: 42.6 steps 25 
INFO : 2021-01-30 00:01:48,835 : episode: 23 score: 57.4 100 games avg: 57.4 steps 34 
INFO : 2021-01-30 00:01:52,587 : episode: 24 score: 43.4 100 games avg: 43.4 steps 25 
INFO : 2021-01-30 00:01:55,911 : episode: 25 score: 38.4 100 games avg: 38.4 steps 22 
INFO : 2021-01-30 00:02:00,378 : episode: 26 score: 52.4 100 games avg: 52.4 steps 30 
INFO : 2021-01-30 00:02:03,715 : episode: 27 score: 38.0 100 games avg: 38.0 steps 22 
INFO : 2021-01-30 00:02:07,478 : episode: 28 score: 43.1 100 games avg: 43.1 steps 25 
INFO : 2021-01-30 00:02:10,937 : episode: 29 score: 40.4 100 games avg: 40.4 steps 23 
INFO : 2021-01-30 00:02:14,546 : episode: 30 score: 41.9 100 games avg: 41.9 steps 24 
INFO : 2021-01-30 00:02:18,307 : episode: 31 score: 42.9 100 games avg: 42.9 steps 25 
INFO : 2021-01-30 00:02:21,786 : episode: 32 score: 40.2 100 games avg: 40.2 steps 23 
INFO : 2021-01-30 00:02:25,260 : episode: 33 score: 40.2 100 games avg: 40.2 steps 23 
INFO : 2021-01-30 00:02:29,025 : episode: 34 score: 43.6 100 games avg: 43.6 steps 25 
INFO : 2021-01-30 00:02:32,882 : episode: 35 score: 43.2 100 games avg: 43.2 steps 25 
INFO : 2021-01-30 00:02:36,578 : episode: 36 score: 41.5 100 games avg: 41.5 steps 24 
INFO : 2021-01-30 00:02:40,282 : episode: 37 score: 42.6 100 games avg: 42.6 steps 24 
INFO : 2021-01-30 00:02:44,126 : episode: 38 score: 44.0 100 games avg: 44.0 steps 25 
INFO : 2021-01-30 00:02:49,406 : episode: 39 score: 63.5 100 games avg: 63.5 steps 35 
INFO : 2021-01-30 00:02:54,549 : episode: 40 score: 62.0 100 games avg: 62.0 steps 34 
INFO : 2021-01-30 00:03:00,956 : episode: 41 score: 73.8 100 games avg: 73.8 steps 43 
INFO : 2021-01-30 00:03:07,255 : episode: 42 score: 73.1 100 games avg: 73.1 steps 42 
INFO : 2021-01-30 00:03:12,919 : episode: 43 score: 66.8 100 games avg: 66.8 steps 37 
INFO : 2021-01-30 00:03:18,435 : episode: 44 score: 66.1 100 games avg: 66.1 steps 36 
INFO : 2021-01-30 00:03:26,094 : episode: 45 score: 94.2 100 games avg: 94.2 steps 51 
INFO : 2021-01-30 00:03:39,157 : episode: 46 score: 175.8 100 games avg: 175.8 steps 89 
INFO : 2021-01-30 00:03:45,959 : episode: 47 score: 82.4 100 games avg: 82.4 steps 45 
INFO : 2021-01-30 00:03:58,804 : episode: 48 score: 173.6 100 games avg: 173.6 steps 87 
INFO : 2021-01-30 00:04:10,685 : episode: 49 score: 151.3 100 games avg: 151.3 steps 80 
INFO : 2021-01-30 00:04:23,389 : episode: 50 score: 169.6 100 games avg: 169.6 steps 86 
INFO : 2021-01-30 00:04:36,363 : episode: 51 score: 171.8 100 games avg: 171.8 steps 87 
INFO : 2021-01-30 00:04:48,724 : episode: 52 score: 157.1 100 games avg: 157.1 steps 83 
INFO : 2021-01-30 00:05:01,839 : episode: 53 score: 170.6 100 games avg: 170.6 steps 88 
INFO : 2021-01-30 00:05:14,585 : episode: 54 score: 163.8 100 games avg: 163.8 steps 85 
INFO : 2021-01-30 00:05:27,662 : episode: 55 score: 171.3 100 games avg: 171.3 steps 87 
INFO : 2021-01-30 00:05:42,266 : episode: 56 score: 204.4 100 games avg: 204.4 steps 98 
INFO : 2021-01-30 00:05:58,846 : episode: 57 score: 243.8 100 games avg: 243.8 steps 111 
INFO : 2021-01-30 00:06:13,975 : episode: 58 score: 205.5 100 games avg: 205.5 steps 97 
INFO : 2021-01-30 00:06:28,773 : episode: 59 score: 198.0 100 games avg: 198.0 steps 95 
INFO : 2021-01-30 00:06:44,291 : episode: 60 score: 212.7 100 games avg: 212.7 steps 99 
INFO : 2021-01-30 00:06:59,327 : episode: 61 score: 201.7 100 games avg: 201.7 steps 96 
INFO : 2021-01-30 00:07:15,191 : episode: 62 score: 226.6 100 games avg: 226.6 steps 101 
INFO : 2021-01-30 00:07:30,590 : episode: 63 score: 206.3 100 games avg: 206.3 steps 98 
INFO : 2021-01-30 00:07:43,796 : episode: 64 score: 164.1 100 games avg: 164.1 steps 83 
INFO : 2021-01-30 00:07:59,467 : episode: 65 score: 207.0 100 games avg: 207.0 steps 99 
INFO : 2021-01-30 00:08:16,599 : episode: 66 score: 229.6 100 games avg: 229.6 steps 109 
INFO : 2021-01-30 00:08:32,588 : episode: 67 score: 223.2 100 games avg: 223.2 steps 101 
INFO : 2021-01-30 00:08:48,197 : episode: 68 score: 216.6 100 games avg: 216.6 steps 98 
INFO : 2021-01-30 00:09:07,817 : episode: 69 score: 289.3 100 games avg: 289.3 steps 125 
INFO : 2021-01-30 00:09:27,090 : episode: 70 score: 301.4 100 games avg: 301.4 steps 122 
INFO : 2021-01-30 00:09:46,504 : episode: 71 score: 289.5 100 games avg: 289.5 steps 123 
INFO : 2021-01-30 00:10:07,169 : episode: 72 score: 329.7 100 games avg: 329.7 steps 131 
INFO : 2021-01-30 00:10:16,651 : episode: 73 score: 93.3 100 games avg: 93.3 steps 55 
INFO : 2021-01-30 00:10:27,157 : episode: 74 score: 110.8 100 games avg: 110.8 steps 62 
INFO : 2021-01-30 00:10:38,065 : episode: 75 score: 112.5 100 games avg: 112.5 steps 64 
INFO : 2021-01-30 00:10:56,187 : episode: 76 score: 257.1 100 games avg: 257.1 steps 113 
INFO : 2021-01-30 00:11:06,805 : episode: 77 score: 114.5 100 games avg: 114.5 steps 62 
INFO : 2021-01-30 00:11:26,635 : episode: 78 score: 308.8 100 games avg: 308.8 steps 124 
INFO : 2021-01-30 00:11:37,340 : episode: 79 score: 113.4 100 games avg: 113.4 steps 62 
INFO : 2021-01-30 00:11:56,468 : episode: 80 score: 282.6 100 games avg: 282.6 steps 119 
INFO : 2021-01-30 00:12:04,791 : episode: 81 score: 74.2 100 games avg: 74.2 steps 45 
INFO : 2021-01-30 00:12:15,782 : episode: 82 score: 116.6 100 games avg: 116.6 steps 63 
INFO : 2021-01-30 00:12:35,756 : episode: 83 score: 300.4 100 games avg: 300.4 steps 124 
INFO : 2021-01-30 00:12:54,774 : episode: 84 score: 273.6 100 games avg: 273.6 steps 117 
INFO : 2021-01-30 00:13:14,518 : episode: 85 score: 285.9 100 games avg: 285.9 steps 122 
INFO : 2021-01-30 00:13:33,753 : episode: 86 score: 271.9 100 games avg: 271.9 steps 118 
INFO : 2021-01-30 00:13:54,041 : episode: 87 score: 295.5 100 games avg: 295.5 steps 125 
INFO : 2021-01-30 00:14:14,163 : episode: 88 score: 288.0 100 games avg: 288.0 steps 123 
INFO : 2021-01-30 00:14:34,283 : episode: 89 score: 285.4 100 games avg: 285.4 steps 123 
INFO : 2021-01-30 00:14:54,336 : episode: 90 score: 282.8 100 games avg: 282.8 steps 122 
INFO : 2021-01-30 00:15:13,996 : episode: 91 score: 275.3 100 games avg: 275.3 steps 119 
INFO : 2021-01-30 00:15:33,747 : episode: 92 score: 270.5 100 games avg: 270.5 steps 120 
INFO : 2021-01-30 00:15:53,026 : episode: 93 score: 269.7 100 games avg: 269.7 steps 116 
INFO : 2021-01-30 00:16:12,717 : episode: 94 score: 276.9 100 games avg: 276.9 steps 119 
INFO : 2021-01-30 00:16:32,202 : episode: 95 score: 272.8 100 games avg: 272.8 steps 117 
INFO : 2021-01-30 00:16:53,872 : episode: 96 score: 287.2 100 games avg: 287.2 steps 132 
INFO : 2021-01-30 00:17:13,479 : episode: 97 score: 271.8 100 games avg: 271.8 steps 117 
INFO : 2021-01-30 00:17:33,259 : episode: 98 score: 285.0 100 games avg: 285.0 steps 118 
INFO : 2021-01-30 00:17:54,605 : episode: 99 score: 285.7 100 games avg: 285.7 steps 128 
INFO : 2021-01-30 00:18:14,032 : episode: 100 score: 270.7 100 games avg: 270.7 steps 115 
INFO : 2021-01-30 00:18:33,764 : episode: 101 score: 286.6 100 games avg: 286.6 steps 117 
INFO : 2021-01-30 00:18:54,576 : episode: 102 score: 296.5 100 games avg: 296.5 steps 124 
INFO : 2021-01-30 00:19:14,801 : episode: 103 score: 300.0 100 games avg: 300.0 steps 120 
INFO : 2021-01-30 00:19:34,157 : episode: 104 score: 264.3 100 games avg: 264.3 steps 114 
INFO : 2021-01-30 00:19:54,561 : episode: 105 score: 304.0 100 games avg: 304.0 steps 121 
INFO : 2021-01-30 00:20:14,945 : episode: 106 score: 291.3 100 games avg: 291.3 steps 121 
INFO : 2021-01-30 00:20:35,049 : episode: 107 score: 295.9 100 games avg: 295.9 steps 119 
INFO : 2021-01-30 00:20:55,392 : episode: 108 score: 288.1 100 games avg: 288.1 steps 120 
INFO : 2021-01-30 00:21:15,305 : episode: 109 score: 290.3 100 games avg: 290.3 steps 117 
INFO : 2021-01-30 00:21:33,787 : episode: 110 score: 228.8 100 games avg: 228.8 steps 107 
INFO : 2021-01-30 00:21:57,069 : episode: 111 score: 301.3 100 games avg: 301.3 steps 139 
INFO : 2021-01-30 00:22:17,149 : episode: 112 score: 262.8 100 games avg: 262.8 steps 116 
INFO : 2021-01-30 00:22:37,455 : episode: 113 score: 285.4 100 games avg: 285.4 steps 118 
INFO : 2021-01-30 00:22:56,985 : episode: 114 score: 274.6 100 games avg: 274.6 steps 112 
INFO : 2021-01-30 00:23:17,411 : episode: 115 score: 259.2 100 games avg: 259.2 steps 118 
INFO : 2021-01-30 00:23:36,513 : episode: 116 score: 258.9 100 games avg: 258.9 steps 112 
INFO : 2021-01-30 00:23:56,220 : episode: 117 score: 266.3 100 games avg: 266.3 steps 112 
INFO : 2021-01-30 00:24:16,320 : episode: 118 score: 278.6 100 games avg: 278.6 steps 114 
INFO : 2021-01-30 00:24:36,237 : episode: 119 score: 267.3 100 games avg: 267.3 steps 113 
INFO : 2021-01-30 00:24:56,162 : episode: 120 score: 276.4 100 games avg: 276.4 steps 113 
INFO : 2021-01-30 00:25:15,573 : episode: 121 score: 250.6 100 games avg: 250.6 steps 109 
INFO : 2021-01-30 00:25:35,555 : episode: 122 score: 272.3 100 games avg: 272.3 steps 113 
INFO : 2021-01-30 00:25:55,191 : episode: 123 score: 256.6 100 games avg: 256.6 steps 110 
INFO : 2021-01-30 00:26:15,412 : episode: 124 score: 266.2 100 games avg: 266.2 steps 114 
INFO : 2021-01-30 00:26:35,594 : episode: 125 score: 255.0 100 games avg: 255.0 steps 113 
INFO : 2021-01-30 00:26:56,239 : episode: 126 score: 270.1 100 games avg: 270.1 steps 116 
INFO : 2021-01-30 00:27:16,897 : episode: 127 score: 265.1 100 games avg: 265.1 steps 116 
INFO : 2021-01-30 00:27:36,700 : episode: 128 score: 258.4 100 games avg: 258.4 steps 110 
INFO : 2021-01-30 00:27:56,835 : episode: 129 score: 258.1 100 games avg: 258.1 steps 112 
INFO : 2021-01-30 00:28:16,918 : episode: 130 score: 223.2 100 games avg: 223.2 steps 111 
INFO : 2021-01-30 00:28:37,160 : episode: 131 score: 239.4 100 games avg: 239.4 steps 112 
INFO : 2021-01-30 00:28:57,360 : episode: 132 score: 246.2 100 games avg: 246.2 steps 111 
INFO : 2021-01-30 00:29:19,461 : episode: 133 score: 247.6 100 games avg: 247.6 steps 124 
INFO : 2021-01-30 00:29:39,128 : episode: 134 score: 241.1 100 games avg: 241.1 steps 107 
INFO : 2021-01-30 00:30:00,017 : episode: 135 score: 259.4 100 games avg: 259.4 steps 115 
INFO : 2021-01-30 00:30:20,749 : episode: 136 score: 244.7 100 games avg: 244.7 steps 113 
INFO : 2021-01-30 00:30:41,801 : episode: 137 score: 260.1 100 games avg: 260.1 steps 115 
INFO : 2021-01-30 00:31:02,424 : episode: 138 score: 245.6 100 games avg: 245.6 steps 112 
INFO : 2021-01-30 00:31:23,040 : episode: 139 score: 250.7 100 games avg: 250.7 steps 113 
INFO : 2021-01-30 00:31:44,092 : episode: 140 score: 263.4 100 games avg: 263.4 steps 116 
INFO : 2021-01-30 00:32:04,696 : episode: 141 score: 247.9 100 games avg: 247.9 steps 112 
INFO : 2021-01-30 00:32:24,834 : episode: 142 score: 241.5 100 games avg: 241.5 steps 109 
INFO : 2021-01-30 00:32:45,334 : episode: 143 score: 255.4 100 games avg: 255.4 steps 111 
INFO : 2021-01-30 00:33:06,222 : episode: 144 score: 253.7 100 games avg: 253.7 steps 113 
INFO : 2021-01-30 00:33:26,920 : episode: 145 score: 256.3 100 games avg: 256.3 steps 112 
INFO : 2021-01-30 00:33:48,140 : episode: 146 score: 262.6 100 games avg: 262.6 steps 115 
INFO : 2021-01-30 00:34:09,270 : episode: 147 score: 257.6 100 games avg: 257.6 steps 114 
INFO : 2021-01-30 00:34:30,178 : episode: 148 score: 265.3 100 games avg: 265.3 steps 112 
INFO : 2021-01-30 00:34:50,620 : episode: 149 score: 233.5 100 games avg: 233.5 steps 109 
INFO : 2021-01-30 00:35:11,492 : episode: 150 score: 252.0 100 games avg: 252.0 steps 111 
INFO : 2021-01-30 00:35:32,457 : episode: 151 score: 231.2 100 games avg: 231.2 steps 112 
INFO : 2021-01-30 00:35:54,003 : episode: 152 score: 271.4 100 games avg: 271.4 steps 116 
INFO : 2021-01-30 00:36:14,871 : episode: 153 score: 246.9 100 games avg: 246.9 steps 110 
INFO : 2021-01-30 00:36:37,115 : episode: 154 score: 269.3 100 games avg: 269.3 steps 120 
INFO : 2021-01-30 00:36:58,124 : episode: 155 score: 255.7 100 games avg: 255.7 steps 111 
INFO : 2021-01-30 00:37:20,389 : episode: 156 score: 284.9 100 games avg: 284.9 steps 119 
INFO : 2021-01-30 00:37:42,035 : episode: 157 score: 274.5 100 games avg: 274.5 steps 117 
INFO : 2021-01-30 00:38:04,011 : episode: 158 score: 294.0 100 games avg: 294.0 steps 120 
INFO : 2021-01-30 00:38:26,335 : episode: 159 score: 301.3 100 games avg: 301.3 steps 122 
INFO : 2021-01-30 00:38:47,783 : episode: 160 score: 277.0 100 games avg: 277.0 steps 116 
INFO : 2021-01-30 00:39:08,935 : episode: 161 score: 272.6 100 games avg: 272.6 steps 113 
INFO : 2021-01-30 00:39:25,031 : episode: 162 score: 145.8 100 games avg: 145.8 steps 77 
INFO : 2021-01-30 00:39:47,425 : episode: 163 score: 306.9 100 games avg: 306.9 steps 122 
INFO : 2021-01-30 00:40:08,344 : episode: 164 score: 269.3 100 games avg: 269.3 steps 111 
INFO : 2021-01-30 00:40:32,355 : episode: 165 score: 334.5 100 games avg: 334.5 steps 128 
INFO : 2021-01-30 00:40:56,665 : episode: 166 score: 331.3 100 games avg: 331.3 steps 130 
INFO : 2021-01-30 00:41:19,655 : episode: 167 score: 310.2 100 games avg: 310.2 steps 121 
INFO : 2021-01-30 00:41:43,736 : episode: 168 score: 334.4 100 games avg: 334.4 steps 128 
INFO : 2021-01-30 00:42:08,027 : episode: 169 score: 330.9 100 games avg: 330.9 steps 129 
INFO : 2021-01-30 00:42:30,360 : episode: 170 score: 294.9 100 games avg: 294.9 steps 116 
INFO : 2021-01-30 00:42:54,314 : episode: 171 score: 322.7 100 games avg: 322.7 steps 127 
INFO : 2021-01-30 00:43:19,156 : episode: 172 score: 346.5 100 games avg: 346.5 steps 132 
INFO : 2021-01-30 00:43:42,807 : episode: 173 score: 323.9 100 games avg: 323.9 steps 127 
INFO : 2021-01-30 00:44:05,798 : episode: 174 score: 316.0 100 games avg: 316.0 steps 122 
INFO : 2021-01-30 00:44:27,220 : episode: 175 score: 270.3 100 games avg: 270.3 steps 111 
INFO : 2021-01-30 00:44:44,897 : episode: 176 score: 164.3 100 games avg: 164.3 steps 84 
INFO : 2021-01-30 00:45:08,762 : episode: 177 score: 320.3 100 games avg: 320.3 steps 127 
INFO : 2021-01-30 00:45:30,976 : episode: 178 score: 288.1 100 games avg: 288.1 steps 116 
INFO : 2021-01-30 00:45:54,997 : episode: 179 score: 334.6 100 games avg: 334.6 steps 128 
INFO : 2021-01-30 00:46:18,998 : episode: 180 score: 333.1 100 games avg: 333.1 steps 128 
INFO : 2021-01-30 00:46:43,627 : episode: 181 score: 343.7 100 games avg: 343.7 steps 132 
INFO : 2021-01-30 00:47:07,918 : episode: 182 score: 342.7 100 games avg: 342.7 steps 130 
INFO : 2021-01-30 00:47:30,919 : episode: 183 score: 307.1 100 games avg: 307.1 steps 120 
INFO : 2021-01-30 00:47:54,595 : episode: 184 score: 327.9 100 games avg: 327.9 steps 125 
INFO : 2021-01-30 00:48:19,114 : episode: 185 score: 343.7 100 games avg: 343.7 steps 130 
INFO : 2021-01-30 00:48:42,744 : episode: 186 score: 326.3 100 games avg: 326.3 steps 124 
INFO : 2021-01-30 00:49:00,354 : episode: 187 score: 151.0 100 games avg: 151.0 steps 79 
INFO : 2021-01-30 00:49:24,681 : episode: 188 score: 341.1 100 games avg: 341.1 steps 129 
INFO : 2021-01-30 00:49:47,964 : episode: 189 score: 314.7 100 games avg: 314.7 steps 122 
INFO : 2021-01-30 00:50:12,415 : episode: 190 score: 350.2 100 games avg: 350.2 steps 130 
INFO : 2021-01-30 00:50:36,647 : episode: 191 score: 322.8 100 games avg: 322.8 steps 128 
INFO : 2021-01-30 00:50:59,057 : episode: 192 score: 294.6 100 games avg: 294.6 steps 115 
INFO : 2021-01-30 00:51:22,493 : episode: 193 score: 317.8 100 games avg: 317.8 steps 121 
INFO : 2021-01-30 00:51:47,766 : episode: 194 score: 351.0 100 games avg: 351.0 steps 132 
INFO : 2021-01-30 00:52:11,671 : episode: 195 score: 319.1 100 games avg: 319.1 steps 122 
INFO : 2021-01-30 00:52:35,299 : episode: 196 score: 311.5 100 games avg: 311.5 steps 120 
INFO : 2021-01-30 00:53:00,440 : episode: 197 score: 338.9 100 games avg: 338.9 steps 130 
INFO : 2021-01-30 00:53:24,032 : episode: 198 score: 299.1 100 games avg: 299.1 steps 119 
INFO : 2021-01-30 00:53:48,964 : episode: 199 score: 344.8 100 games avg: 344.8 steps 128 
