INFO : 2021-01-28 23:53:21,928 : method: Model Predictive Contorol
INFO : 2021-01-28 23:53:21,928 : parameter n_steps: 100 ensemble_size: 5 env: HalfCheetah-v2
INFO : 2021-01-28 23:53:24,252 : mpc horizon: 10 mpc_samples: 100 elite_sample: 30 grad_steps: 10
INFO : 2021-01-28 23:53:24,252 : mpc_function policy-kl3
INFO : 2021-01-28 23:53:24,252 : policy-kl3
INFO : 2021-01-28 23:53:24,489 : state_square_error: 3.227 reward_error: 2.204
INFO : 2021-01-28 23:53:47,141 : state_square_error: 2.795 reward_error: 3.139
INFO : 2021-01-28 23:54:09,808 : state_square_error: 1.597 reward_error: 2.274
INFO : 2021-01-28 23:54:33,563 : state_square_error: 52.286 reward_error: 20.707
INFO : 2021-01-28 23:54:58,556 : state_square_error: 44.681 reward_error: 19.218
INFO : 2021-01-28 23:55:23,554 : state_square_error: 187.732 reward_error: 31.587
INFO : 2021-01-28 23:55:48,561 : state_square_error: 93.518 reward_error: 29.559
INFO : 2021-01-28 23:56:13,597 : state_square_error: 58.395 reward_error: 25.164
INFO : 2021-01-28 23:56:38,563 : state_square_error: 137.622 reward_error: 22.460
INFO : 2021-01-28 23:57:03,423 : state_square_error: 86.486 reward_error: 53.070
INFO : 2021-01-28 23:57:28,261 : episode: 0 score: -110.5 100 games avg: -110.5 steps 1000 
INFO : 2021-01-28 23:57:28,751 : state_square_error: 11.041 reward_error: 11.154
INFO : 2021-01-28 23:57:53,821 : state_square_error: 28.562 reward_error: 30.029
INFO : 2021-01-28 23:58:18,823 : state_square_error: 13.400 reward_error: 23.073
INFO : 2021-01-28 23:58:43,838 : state_square_error: 19.203 reward_error: 30.262
INFO : 2021-01-28 23:59:08,806 : state_square_error: 13.005 reward_error: 34.004
INFO : 2021-01-28 23:59:33,878 : state_square_error: 13.584 reward_error: 33.240
INFO : 2021-01-28 23:59:58,944 : state_square_error: 22.555 reward_error: 21.396
INFO : 2021-01-29 00:00:23,942 : state_square_error: 10.309 reward_error: 35.471
INFO : 2021-01-29 00:00:48,977 : state_square_error: 12.455 reward_error: 25.108
INFO : 2021-01-29 00:01:13,983 : state_square_error: 13.579 reward_error: 21.248
INFO : 2021-01-29 00:01:38,873 : episode: 1 score: -245.6 100 games avg: -245.6 steps 1000 
INFO : 2021-01-29 00:01:39,652 : state_square_error: 51.621 reward_error: 44.481
INFO : 2021-01-29 00:02:04,631 : state_square_error: 44.752 reward_error: 53.176
INFO : 2021-01-29 00:02:29,727 : state_square_error: 26.475 reward_error: 40.397
INFO : 2021-01-29 00:02:54,850 : state_square_error: 28.005 reward_error: 41.826
INFO : 2021-01-29 00:03:19,941 : state_square_error: 27.404 reward_error: 31.936
INFO : 2021-01-29 00:03:44,896 : state_square_error: 61.715 reward_error: 34.978
INFO : 2021-01-29 00:04:09,718 : state_square_error: 49.154 reward_error: 50.798
INFO : 2021-01-29 00:04:34,724 : state_square_error: 90.953 reward_error: 34.984
INFO : 2021-01-29 00:04:59,649 : state_square_error: 16.358 reward_error: 36.273
INFO : 2021-01-29 00:05:24,643 : state_square_error: 19.400 reward_error: 50.461
INFO : 2021-01-29 00:05:49,453 : episode: 2 score: -298.3 100 games avg: -298.3 steps 1000 
INFO : 2021-01-29 00:05:50,530 : state_square_error: 128.395 reward_error: 31.332
INFO : 2021-01-29 00:06:15,566 : state_square_error: 496.755 reward_error: 73.292
INFO : 2021-01-29 00:06:40,658 : state_square_error: 83.539 reward_error: 37.282
INFO : 2021-01-29 00:07:05,701 : state_square_error: 113.886 reward_error: 39.336
INFO : 2021-01-29 00:07:30,749 : state_square_error: 105.894 reward_error: 52.728
INFO : 2021-01-29 00:07:55,798 : state_square_error: 121.156 reward_error: 42.692
INFO : 2021-01-29 00:08:20,818 : state_square_error: 101.041 reward_error: 45.169
INFO : 2021-01-29 00:08:45,897 : state_square_error: 261.523 reward_error: 54.473
INFO : 2021-01-29 00:09:10,998 : state_square_error: 88.138 reward_error: 64.331
INFO : 2021-01-29 00:09:36,082 : state_square_error: 31.890 reward_error: 58.484
INFO : 2021-01-29 00:10:00,941 : episode: 3 score: -173.0 100 games avg: -173.0 steps 1000 
INFO : 2021-01-29 00:10:02,311 : state_square_error: 17.684 reward_error: 43.517
INFO : 2021-01-29 00:10:27,415 : state_square_error: 196.184 reward_error: 60.343
INFO : 2021-01-29 00:10:52,467 : state_square_error: 333.413 reward_error: 34.987
INFO : 2021-01-29 00:11:17,506 : state_square_error: 60.506 reward_error: 37.409
INFO : 2021-01-29 00:11:42,597 : state_square_error: 257.625 reward_error: 38.355
INFO : 2021-01-29 00:12:07,585 : state_square_error: 56.650 reward_error: 28.033
INFO : 2021-01-29 00:12:32,625 : state_square_error: 13.804 reward_error: 34.238
INFO : 2021-01-29 00:12:57,611 : state_square_error: 32.510 reward_error: 46.540
INFO : 2021-01-29 00:13:22,587 : state_square_error: 217.535 reward_error: 41.167
INFO : 2021-01-29 00:13:47,675 : state_square_error: 82.456 reward_error: 43.428
INFO : 2021-01-29 00:14:12,528 : episode: 4 score: -225.9 100 games avg: -225.9 steps 1000 
INFO : 2021-01-29 00:14:14,191 : state_square_error: 174.756 reward_error: 39.264
INFO : 2021-01-29 00:14:39,154 : state_square_error: 24.530 reward_error: 26.275
INFO : 2021-01-29 00:15:04,238 : state_square_error: 78.247 reward_error: 8.035
INFO : 2021-01-29 00:15:29,328 : state_square_error: 31.201 reward_error: 23.921
INFO : 2021-01-29 00:15:54,395 : state_square_error: 142.820 reward_error: 13.292
INFO : 2021-01-29 00:16:19,337 : state_square_error: 54.065 reward_error: 19.765
INFO : 2021-01-29 00:16:44,343 : state_square_error: 129.663 reward_error: 26.343
INFO : 2021-01-29 00:17:09,390 : state_square_error: 375.159 reward_error: 40.373
INFO : 2021-01-29 00:17:34,457 : state_square_error: 36.506 reward_error: 14.972
INFO : 2021-01-29 00:17:59,564 : state_square_error: 48.791 reward_error: 25.051
INFO : 2021-01-29 00:18:24,413 : episode: 5 score: -196.2 100 games avg: -196.2 steps 1000 
INFO : 2021-01-29 00:18:26,382 : state_square_error: 6.985 reward_error: 33.035
INFO : 2021-01-29 00:18:51,435 : state_square_error: 8.264 reward_error: 20.361
INFO : 2021-01-29 00:19:16,501 : state_square_error: 6.110 reward_error: 16.105
INFO : 2021-01-29 00:19:41,562 : state_square_error: 4.786 reward_error: 17.611
INFO : 2021-01-29 00:20:06,475 : state_square_error: 2.865 reward_error: 16.936
INFO : 2021-01-29 00:20:31,551 : state_square_error: 8.946 reward_error: 17.000
INFO : 2021-01-29 00:20:56,616 : state_square_error: 24.891 reward_error: 19.959
INFO : 2021-01-29 00:21:21,599 : state_square_error: 8.112 reward_error: 14.871
INFO : 2021-01-29 00:21:46,631 : state_square_error: 12.370 reward_error: 13.453
INFO : 2021-01-29 00:22:11,531 : state_square_error: 28.282 reward_error: 21.215
INFO : 2021-01-29 00:22:36,290 : episode: 6 score: -210.4 100 games avg: -210.4 steps 1000 
INFO : 2021-01-29 00:22:38,571 : state_square_error: 10.783 reward_error: 36.813
INFO : 2021-01-29 00:23:03,632 : state_square_error: 40.709 reward_error: 15.013
INFO : 2021-01-29 00:23:28,620 : state_square_error: 20.291 reward_error: 13.045
INFO : 2021-01-29 00:23:53,564 : state_square_error: 8.212 reward_error: 6.725
INFO : 2021-01-29 00:24:18,515 : state_square_error: 8.934 reward_error: 4.103
INFO : 2021-01-29 00:24:43,615 : state_square_error: 18.751 reward_error: 13.646
INFO : 2021-01-29 00:25:08,702 : state_square_error: 27.116 reward_error: 6.843
INFO : 2021-01-29 00:25:33,770 : state_square_error: 31.320 reward_error: 13.333
INFO : 2021-01-29 00:25:58,851 : state_square_error: 9.933 reward_error: 13.254
INFO : 2021-01-29 00:26:23,735 : state_square_error: 42.936 reward_error: 6.961
INFO : 2021-01-29 00:26:48,544 : episode: 7 score: -199.6 100 games avg: -199.6 steps 1000 
INFO : 2021-01-29 00:26:51,122 : state_square_error: 2.495 reward_error: 34.432
INFO : 2021-01-29 00:27:16,235 : state_square_error: 2.106 reward_error: 30.095
INFO : 2021-01-29 00:27:41,322 : state_square_error: 3.859 reward_error: 20.629
INFO : 2021-01-29 00:28:06,410 : state_square_error: 5.159 reward_error: 51.272
INFO : 2021-01-29 00:28:31,483 : state_square_error: 4.063 reward_error: 12.299
INFO : 2021-01-29 00:28:56,543 : state_square_error: 1.941 reward_error: 0.764
INFO : 2021-01-29 00:29:21,594 : state_square_error: 3.924 reward_error: 9.344
INFO : 2021-01-29 00:29:46,616 : state_square_error: 5.784 reward_error: 8.835
INFO : 2021-01-29 00:30:11,611 : state_square_error: 1.526 reward_error: 5.653
INFO : 2021-01-29 00:30:36,675 : state_square_error: 2.826 reward_error: 7.505
INFO : 2021-01-29 00:31:01,628 : episode: 8 score: -78.5 100 games avg: -78.5 steps 1000 
INFO : 2021-01-29 00:31:04,496 : state_square_error: 2.731 reward_error: 56.000
INFO : 2021-01-29 00:31:29,564 : state_square_error: 1.977 reward_error: 26.491
INFO : 2021-01-29 00:31:54,639 : state_square_error: 1.028 reward_error: 20.409
INFO : 2021-01-29 00:32:19,674 : state_square_error: 1.919 reward_error: 35.638
INFO : 2021-01-29 00:32:44,671 : state_square_error: 5.217 reward_error: 7.624
INFO : 2021-01-29 00:33:09,721 : state_square_error: 4.965 reward_error: 3.600
INFO : 2021-01-29 00:33:34,851 : state_square_error: 2.543 reward_error: 2.663
INFO : 2021-01-29 00:33:59,891 : state_square_error: 0.675 reward_error: 11.308
INFO : 2021-01-29 00:34:24,930 : state_square_error: 5.524 reward_error: 7.080
INFO : 2021-01-29 00:34:49,875 : state_square_error: 1.452 reward_error: 5.533
INFO : 2021-01-29 00:35:14,701 : episode: 9 score: -207.3 100 games avg: -207.3 steps 1000 
INFO : 2021-01-29 00:35:17,914 : state_square_error: 1.184 reward_error: 55.879
INFO : 2021-01-29 00:35:43,057 : state_square_error: 4.819 reward_error: 21.631
INFO : 2021-01-29 00:36:08,173 : state_square_error: 1.728 reward_error: 23.312
INFO : 2021-01-29 00:36:33,226 : state_square_error: 3.007 reward_error: 37.297
INFO : 2021-01-29 00:36:58,301 : state_square_error: 4.760 reward_error: 5.561
INFO : 2021-01-29 00:37:23,350 : state_square_error: 2.611 reward_error: 6.646
INFO : 2021-01-29 00:37:48,238 : state_square_error: 0.703 reward_error: 7.083
INFO : 2021-01-29 00:38:13,307 : state_square_error: 1.312 reward_error: 3.559
INFO : 2021-01-29 00:38:38,378 : state_square_error: 1.553 reward_error: 1.262
INFO : 2021-01-29 00:39:03,422 : state_square_error: 1.712 reward_error: 4.262
INFO : 2021-01-29 00:39:28,210 : episode: 10 score: -109.7 100 games avg: -109.7 steps 1000 
INFO : 2021-01-29 00:39:31,618 : state_square_error: 4.587 reward_error: 45.349
INFO : 2021-01-29 00:39:56,753 : state_square_error: 5.069 reward_error: 9.737
INFO : 2021-01-29 00:40:21,740 : state_square_error: 1.441 reward_error: 3.583
INFO : 2021-01-29 00:40:46,738 : state_square_error: 2.179 reward_error: 5.614
INFO : 2021-01-29 00:41:11,877 : state_square_error: 1.914 reward_error: 7.438
INFO : 2021-01-29 00:41:37,021 : state_square_error: 1.737 reward_error: 5.578
INFO : 2021-01-29 00:42:02,004 : state_square_error: 2.353 reward_error: 1.160
INFO : 2021-01-29 00:42:27,018 : state_square_error: 3.739 reward_error: 9.603
INFO : 2021-01-29 00:42:51,994 : state_square_error: 1.583 reward_error: 1.859
INFO : 2021-01-29 00:43:16,952 : state_square_error: 2.167 reward_error: 2.759
INFO : 2021-01-29 00:43:41,684 : episode: 11 score: -79.2 100 games avg: -79.2 steps 1000 
INFO : 2021-01-29 00:43:45,394 : state_square_error: 1.727 reward_error: 47.124
INFO : 2021-01-29 00:44:10,476 : state_square_error: 2.348 reward_error: 3.118
INFO : 2021-01-29 00:44:35,589 : state_square_error: 1.121 reward_error: 4.486
INFO : 2021-01-29 00:45:00,662 : state_square_error: 2.795 reward_error: 3.902
INFO : 2021-01-29 00:45:25,771 : state_square_error: 2.239 reward_error: 3.480
INFO : 2021-01-29 00:45:50,741 : state_square_error: 0.511 reward_error: 2.387
INFO : 2021-01-29 00:46:15,656 : state_square_error: 1.483 reward_error: 1.136
INFO : 2021-01-29 00:46:40,768 : state_square_error: 1.639 reward_error: 7.927
INFO : 2021-01-29 00:47:05,823 : state_square_error: 0.789 reward_error: 4.875
INFO : 2021-01-29 00:47:30,924 : state_square_error: 1.200 reward_error: 6.351
INFO : 2021-01-29 00:47:55,749 : episode: 12 score: -90.8 100 games avg: -90.8 steps 1000 
INFO : 2021-01-29 00:47:59,763 : state_square_error: 6.866 reward_error: 46.415
INFO : 2021-01-29 00:48:24,879 : state_square_error: 2.612 reward_error: 36.535
INFO : 2021-01-29 00:48:49,968 : state_square_error: 2.256 reward_error: 39.796
INFO : 2021-01-29 00:49:15,059 : state_square_error: 1.080 reward_error: 33.982
INFO : 2021-01-29 00:49:40,014 : state_square_error: 3.479 reward_error: 7.293
INFO : 2021-01-29 00:50:05,119 : state_square_error: 2.011 reward_error: 2.608
INFO : 2021-01-29 00:50:29,883 : state_square_error: 2.068 reward_error: 3.837
INFO : 2021-01-29 00:50:54,992 : state_square_error: 1.330 reward_error: 8.596
INFO : 2021-01-29 00:51:19,986 : state_square_error: 3.253 reward_error: 5.242
INFO : 2021-01-29 00:51:44,939 : state_square_error: 2.670 reward_error: -0.402
INFO : 2021-01-29 00:52:09,751 : episode: 13 score: -62.9 100 games avg: -62.9 steps 1000 
INFO : 2021-01-29 00:52:14,058 : state_square_error: 2.944 reward_error: 53.934
INFO : 2021-01-29 00:52:39,017 : state_square_error: 1.058 reward_error: 35.937
INFO : 2021-01-29 00:53:03,978 : state_square_error: 3.730 reward_error: 47.029
INFO : 2021-01-29 00:53:29,042 : state_square_error: 2.163 reward_error: 8.937
INFO : 2021-01-29 00:53:54,118 : state_square_error: 2.172 reward_error: 5.431
INFO : 2021-01-29 00:54:19,160 : state_square_error: 1.314 reward_error: 8.638
INFO : 2021-01-29 00:54:44,302 : state_square_error: 1.763 reward_error: 6.043
INFO : 2021-01-29 00:55:09,330 : state_square_error: 1.690 reward_error: 6.423
INFO : 2021-01-29 00:55:34,351 : state_square_error: 2.769 reward_error: 4.267
INFO : 2021-01-29 00:55:59,260 : state_square_error: 1.173 reward_error: 3.858
INFO : 2021-01-29 00:56:24,047 : episode: 14 score: -42.2 100 games avg: -42.2 steps 1000 
INFO : 2021-01-29 00:56:28,662 : state_square_error: 3.679 reward_error: 51.176
INFO : 2021-01-29 00:56:53,737 : state_square_error: 1.000 reward_error: 46.735
INFO : 2021-01-29 00:57:18,780 : state_square_error: 7.225 reward_error: 44.692
INFO : 2021-01-29 00:57:43,875 : state_square_error: 1.571 reward_error: 4.132
INFO : 2021-01-29 00:58:08,698 : state_square_error: 0.815 reward_error: 2.274
INFO : 2021-01-29 00:58:33,694 : state_square_error: 2.100 reward_error: 5.649
INFO : 2021-01-29 00:58:58,706 : state_square_error: 3.512 reward_error: 5.456
INFO : 2021-01-29 00:59:23,707 : state_square_error: 4.938 reward_error: 8.899
INFO : 2021-01-29 00:59:48,772 : state_square_error: 1.836 reward_error: 9.373
INFO : 2021-01-29 01:00:13,830 : state_square_error: 4.388 reward_error: 5.949
INFO : 2021-01-29 01:00:38,713 : episode: 15 score: -28.4 100 games avg: -28.4 steps 1000 
INFO : 2021-01-29 01:00:43,636 : state_square_error: 1.190 reward_error: 60.596
INFO : 2021-01-29 01:01:08,756 : state_square_error: 1.996 reward_error: 45.000
INFO : 2021-01-29 01:01:33,651 : state_square_error: 5.205 reward_error: 6.031
INFO : 2021-01-29 01:01:58,654 : state_square_error: 1.218 reward_error: 1.569
INFO : 2021-01-29 01:02:23,722 : state_square_error: 0.604 reward_error: 4.795
INFO : 2021-01-29 01:02:48,862 : state_square_error: 3.667 reward_error: 1.724
INFO : 2021-01-29 01:03:13,872 : state_square_error: 1.752 reward_error: 2.365
INFO : 2021-01-29 01:03:38,945 : state_square_error: 2.913 reward_error: 5.313
INFO : 2021-01-29 01:04:03,939 : state_square_error: 1.167 reward_error: 5.667
INFO : 2021-01-29 01:04:29,047 : state_square_error: 1.574 reward_error: 6.281
INFO : 2021-01-29 01:04:53,828 : episode: 16 score: -45.9 100 games avg: -45.9 steps 1000 
INFO : 2021-01-29 01:04:59,042 : state_square_error: 3.444 reward_error: 48.126
INFO : 2021-01-29 01:05:24,092 : state_square_error: 5.551 reward_error: 8.964
INFO : 2021-01-29 01:05:49,092 : state_square_error: 1.850 reward_error: -1.346
INFO : 2021-01-29 01:06:14,133 : state_square_error: 1.487 reward_error: 2.057
INFO : 2021-01-29 01:06:39,090 : state_square_error: 1.987 reward_error: 5.946
INFO : 2021-01-29 01:07:04,116 : state_square_error: 3.021 reward_error: 6.572
INFO : 2021-01-29 01:07:29,176 : state_square_error: 4.322 reward_error: 3.345
INFO : 2021-01-29 01:07:54,285 : state_square_error: 1.141 reward_error: 6.923
INFO : 2021-01-29 01:08:19,301 : state_square_error: 2.155 reward_error: 10.452
INFO : 2021-01-29 01:08:44,377 : state_square_error: 1.919 reward_error: 2.699
INFO : 2021-01-29 01:09:09,248 : episode: 17 score: -38.6 100 games avg: -38.6 steps 1000 
INFO : 2021-01-29 01:09:14,819 : state_square_error: 1.259 reward_error: 48.878
INFO : 2021-01-29 01:09:39,937 : state_square_error: 2.447 reward_error: 55.713
INFO : 2021-01-29 01:10:04,970 : state_square_error: 2.087 reward_error: 40.286
INFO : 2021-01-29 01:10:30,034 : state_square_error: 1.720 reward_error: 51.316
INFO : 2021-01-29 01:10:55,032 : state_square_error: 4.877 reward_error: 48.892
INFO : 2021-01-29 01:11:20,108 : state_square_error: 2.167 reward_error: 22.072
INFO : 2021-01-29 01:11:45,184 : state_square_error: 4.476 reward_error: 47.883
INFO : 2021-01-29 01:12:10,254 : state_square_error: 6.617 reward_error: 21.028
INFO : 2021-01-29 01:12:35,317 : state_square_error: 1.044 reward_error: 4.454
INFO : 2021-01-29 01:13:00,336 : state_square_error: 1.688 reward_error: 6.694
INFO : 2021-01-29 01:13:25,176 : episode: 18 score: 109.7 100 games avg: 109.7 steps 1000 
INFO : 2021-01-29 01:13:31,018 : state_square_error: 2.486 reward_error: 51.274
INFO : 2021-01-29 01:13:56,019 : state_square_error: 6.087 reward_error: 36.953
INFO : 2021-01-29 01:14:20,955 : state_square_error: 2.460 reward_error: 38.059
INFO : 2021-01-29 01:14:45,946 : state_square_error: 5.329 reward_error: 37.085
INFO : 2021-01-29 01:15:10,967 : state_square_error: 2.306 reward_error: 50.555
INFO : 2021-01-29 01:15:36,005 : state_square_error: 1.255 reward_error: 6.089
INFO : 2021-01-29 01:16:00,818 : state_square_error: 0.680 reward_error: 4.491
INFO : 2021-01-29 01:16:25,884 : state_square_error: 0.729 reward_error: 3.963
INFO : 2021-01-29 01:16:50,937 : state_square_error: 0.938 reward_error: 4.377
INFO : 2021-01-29 01:17:15,965 : state_square_error: 3.058 reward_error: 9.875
INFO : 2021-01-29 01:17:40,805 : episode: 19 score: 64.6 100 games avg: 64.6 steps 1000 
INFO : 2021-01-29 01:17:46,976 : state_square_error: 2.104 reward_error: 53.421
INFO : 2021-01-29 01:18:12,022 : state_square_error: 3.930 reward_error: 10.586
INFO : 2021-01-29 01:18:36,975 : state_square_error: 0.870 reward_error: 8.434
INFO : 2021-01-29 01:19:02,024 : state_square_error: 1.983 reward_error: 10.494
INFO : 2021-01-29 01:19:27,111 : state_square_error: 0.813 reward_error: 6.813
INFO : 2021-01-29 01:19:52,192 : state_square_error: 2.332 reward_error: 6.306
INFO : 2021-01-29 01:20:17,284 : state_square_error: 3.194 reward_error: 4.354
INFO : 2021-01-29 01:20:42,355 : state_square_error: 3.022 reward_error: 4.635
INFO : 2021-01-29 01:21:07,226 : state_square_error: 1.302 reward_error: 3.650
INFO : 2021-01-29 01:21:32,192 : state_square_error: 1.830 reward_error: 3.370
INFO : 2021-01-29 01:21:56,957 : episode: 20 score: -32.2 100 games avg: -32.2 steps 1000 
INFO : 2021-01-29 01:22:03,435 : state_square_error: 1.762 reward_error: 39.704
INFO : 2021-01-29 01:22:28,553 : state_square_error: 1.695 reward_error: 48.326
INFO : 2021-01-29 01:22:53,608 : state_square_error: 0.901 reward_error: 10.395
INFO : 2021-01-29 01:23:18,650 : state_square_error: 0.727 reward_error: 6.767
INFO : 2021-01-29 01:23:43,759 : state_square_error: 1.229 reward_error: 14.780
INFO : 2021-01-29 01:24:08,831 : state_square_error: 0.519 reward_error: 5.800
INFO : 2021-01-29 01:24:33,782 : state_square_error: 1.661 reward_error: 3.406
INFO : 2021-01-29 01:24:58,823 : state_square_error: 2.035 reward_error: 7.688
INFO : 2021-01-29 01:25:23,866 : state_square_error: 1.761 reward_error: 5.870
INFO : 2021-01-29 01:25:48,932 : state_square_error: 2.667 reward_error: 8.235
INFO : 2021-01-29 01:26:13,609 : episode: 21 score: 48.3 100 games avg: 48.3 steps 1000 
INFO : 2021-01-29 01:26:20,367 : state_square_error: 4.018 reward_error: 50.087
INFO : 2021-01-29 01:26:45,478 : state_square_error: 2.757 reward_error: 63.937
INFO : 2021-01-29 01:27:10,554 : state_square_error: 0.986 reward_error: 4.313
INFO : 2021-01-29 01:27:35,622 : state_square_error: 1.564 reward_error: 7.054
INFO : 2021-01-29 01:28:00,552 : state_square_error: 2.047 reward_error: 5.229
INFO : 2021-01-29 01:28:25,574 : state_square_error: 1.112 reward_error: 7.060
INFO : 2021-01-29 01:28:50,558 : state_square_error: 1.755 reward_error: 7.003
INFO : 2021-01-29 01:29:15,612 : state_square_error: 3.072 reward_error: 8.702
INFO : 2021-01-29 01:29:40,617 : state_square_error: 0.492 reward_error: 15.138
INFO : 2021-01-29 01:30:05,655 : state_square_error: 2.144 reward_error: 12.888
INFO : 2021-01-29 01:30:30,521 : episode: 22 score: 15.7 100 games avg: 15.7 steps 1000 
INFO : 2021-01-29 01:30:37,563 : state_square_error: 1.723 reward_error: 50.619
INFO : 2021-01-29 01:31:02,643 : state_square_error: 3.131 reward_error: 46.003
INFO : 2021-01-29 01:31:27,738 : state_square_error: 4.248 reward_error: 55.656
INFO : 2021-01-29 01:31:52,786 : state_square_error: 1.366 reward_error: 10.859
INFO : 2021-01-29 01:32:17,893 : state_square_error: 1.385 reward_error: 11.398
INFO : 2021-01-29 01:32:42,979 : state_square_error: 1.871 reward_error: 10.570
INFO : 2021-01-29 01:33:07,990 : state_square_error: 1.474 reward_error: 8.711
INFO : 2021-01-29 01:33:33,003 : state_square_error: 3.857 reward_error: 12.387
INFO : 2021-01-29 01:33:58,141 : state_square_error: 2.072 reward_error: 8.657
INFO : 2021-01-29 01:34:23,255 : state_square_error: 4.148 reward_error: 11.783
INFO : 2021-01-29 01:34:48,064 : episode: 23 score: 108.0 100 games avg: 108.0 steps 1000 
INFO : 2021-01-29 01:34:55,348 : state_square_error: 1.834 reward_error: 56.473
INFO : 2021-01-29 01:35:20,399 : state_square_error: 1.307 reward_error: 9.323
INFO : 2021-01-29 01:35:45,429 : state_square_error: 1.836 reward_error: 7.983
INFO : 2021-01-29 01:36:10,408 : state_square_error: 2.182 reward_error: 22.242
INFO : 2021-01-29 01:36:35,428 : state_square_error: 2.178 reward_error: 14.405
INFO : 2021-01-29 01:37:00,519 : state_square_error: 2.771 reward_error: 8.599
INFO : 2021-01-29 01:37:25,610 : state_square_error: 1.447 reward_error: 7.509
INFO : 2021-01-29 01:37:50,607 : state_square_error: 0.575 reward_error: 16.433
INFO : 2021-01-29 01:38:15,605 : state_square_error: 3.950 reward_error: 16.722
INFO : 2021-01-29 01:38:40,723 : state_square_error: 4.420 reward_error: 20.798
INFO : 2021-01-29 01:39:05,545 : episode: 24 score: 157.6 100 games avg: 157.6 steps 1000 
INFO : 2021-01-29 01:39:13,140 : state_square_error: 2.375 reward_error: 58.661
INFO : 2021-01-29 01:39:38,254 : state_square_error: 1.805 reward_error: 24.023
INFO : 2021-01-29 01:40:03,328 : state_square_error: 1.159 reward_error: 16.873
INFO : 2021-01-29 01:40:28,411 : state_square_error: 1.728 reward_error: 10.123
INFO : 2021-01-29 01:40:53,432 : state_square_error: 0.702 reward_error: 10.994
INFO : 2021-01-29 01:41:18,449 : state_square_error: 3.573 reward_error: 10.644
INFO : 2021-01-29 01:41:43,482 : state_square_error: 1.477 reward_error: 11.060
INFO : 2021-01-29 01:42:08,623 : state_square_error: 3.090 reward_error: 14.727
INFO : 2021-01-29 01:42:33,702 : state_square_error: 0.621 reward_error: 8.416
INFO : 2021-01-29 01:42:58,784 : state_square_error: 1.432 reward_error: 15.397
INFO : 2021-01-29 01:43:23,634 : episode: 25 score: 135.3 100 games avg: 135.3 steps 1000 
INFO : 2021-01-29 01:43:31,569 : state_square_error: 6.588 reward_error: 68.641
INFO : 2021-01-29 01:43:56,609 : state_square_error: 0.718 reward_error: 18.107
INFO : 2021-01-29 01:44:21,694 : state_square_error: 2.556 reward_error: 17.239
INFO : 2021-01-29 01:44:46,755 : state_square_error: 2.663 reward_error: 12.107
INFO : 2021-01-29 01:45:11,807 : state_square_error: 3.348 reward_error: 18.979
INFO : 2021-01-29 01:45:36,856 : state_square_error: 0.941 reward_error: 16.334
INFO : 2021-01-29 01:46:01,964 : state_square_error: 2.990 reward_error: 17.813
INFO : 2021-01-29 01:46:27,084 : state_square_error: 1.875 reward_error: 15.682
INFO : 2021-01-29 01:46:52,100 : state_square_error: 2.544 reward_error: 18.501
INFO : 2021-01-29 01:47:17,146 : state_square_error: 4.486 reward_error: 15.356
INFO : 2021-01-29 01:47:41,985 : episode: 26 score: 141.3 100 games avg: 141.3 steps 1000 
INFO : 2021-01-29 01:47:50,274 : state_square_error: 3.689 reward_error: 47.486
INFO : 2021-01-29 01:48:15,310 : state_square_error: 1.305 reward_error: 47.543
INFO : 2021-01-29 01:48:40,306 : state_square_error: 6.674 reward_error: 18.434
INFO : 2021-01-29 01:49:05,436 : state_square_error: 2.760 reward_error: 19.707
INFO : 2021-01-29 01:49:30,550 : state_square_error: 3.843 reward_error: 15.891
INFO : 2021-01-29 01:49:55,578 : state_square_error: 3.663 reward_error: 20.877
INFO : 2021-01-29 01:50:20,652 : state_square_error: 1.633 reward_error: 21.431
INFO : 2021-01-29 01:50:45,767 : state_square_error: 2.569 reward_error: 22.195
INFO : 2021-01-29 01:51:10,809 : state_square_error: 7.197 reward_error: 15.350
INFO : 2021-01-29 01:51:35,884 : state_square_error: 1.247 reward_error: 23.163
INFO : 2021-01-29 01:52:00,745 : episode: 27 score: 159.6 100 games avg: 159.6 steps 1000 
INFO : 2021-01-29 01:52:09,336 : state_square_error: 7.413 reward_error: 49.978
INFO : 2021-01-29 01:52:34,413 : state_square_error: 0.632 reward_error: 9.398
INFO : 2021-01-29 01:52:59,456 : state_square_error: 1.748 reward_error: 16.974
INFO : 2021-01-29 01:53:24,505 : state_square_error: 3.009 reward_error: 28.179
INFO : 2021-01-29 01:53:49,599 : state_square_error: 1.477 reward_error: 18.525
INFO : 2021-01-29 01:54:14,663 : state_square_error: 1.837 reward_error: 22.785
INFO : 2021-01-29 01:54:39,694 : state_square_error: 2.028 reward_error: 19.426
INFO : 2021-01-29 01:55:04,637 : state_square_error: 2.998 reward_error: 21.558
INFO : 2021-01-29 01:55:29,587 : state_square_error: 4.715 reward_error: 21.762
INFO : 2021-01-29 01:55:54,715 : state_square_error: 3.351 reward_error: 14.156
INFO : 2021-01-29 01:56:19,465 : episode: 28 score: 293.0 100 games avg: 293.0 steps 1000 
INFO : 2021-01-29 01:56:28,337 : state_square_error: 2.662 reward_error: 46.984
INFO : 2021-01-29 01:56:53,417 : state_square_error: 2.372 reward_error: 29.234
INFO : 2021-01-29 01:57:18,541 : state_square_error: 1.105 reward_error: 19.505
INFO : 2021-01-29 01:57:43,563 : state_square_error: 2.447 reward_error: 21.212
INFO : 2021-01-29 01:58:08,555 : state_square_error: 3.789 reward_error: 19.505
INFO : 2021-01-29 01:58:33,606 : state_square_error: 4.517 reward_error: 19.760
INFO : 2021-01-29 01:58:58,702 : state_square_error: 1.875 reward_error: 26.272
INFO : 2021-01-29 01:59:23,837 : state_square_error: 2.685 reward_error: 17.637
INFO : 2021-01-29 01:59:48,904 : state_square_error: 2.404 reward_error: 23.532
INFO : 2021-01-29 02:00:13,993 : state_square_error: 1.938 reward_error: 18.729
INFO : 2021-01-29 02:00:38,838 : episode: 29 score: 259.5 100 games avg: 259.5 steps 1000 
INFO : 2021-01-29 02:00:48,013 : state_square_error: 3.521 reward_error: 64.888
INFO : 2021-01-29 02:01:13,098 : state_square_error: 7.119 reward_error: 21.069
INFO : 2021-01-29 02:01:38,141 : state_square_error: 3.362 reward_error: 21.032
INFO : 2021-01-29 02:02:03,174 : state_square_error: 1.630 reward_error: 32.625
INFO : 2021-01-29 02:02:28,221 : state_square_error: 1.616 reward_error: 35.898
INFO : 2021-01-29 02:02:53,327 : state_square_error: 6.963 reward_error: 32.290
INFO : 2021-01-29 02:03:18,454 : state_square_error: 5.682 reward_error: 28.340
INFO : 2021-01-29 02:03:43,437 : state_square_error: 2.175 reward_error: 37.525
INFO : 2021-01-29 02:04:08,460 : state_square_error: 2.654 reward_error: 20.443
INFO : 2021-01-29 02:04:33,419 : state_square_error: 4.503 reward_error: 18.327
INFO : 2021-01-29 02:04:58,193 : episode: 30 score: 322.0 100 games avg: 322.0 steps 1000 
INFO : 2021-01-29 02:05:07,728 : state_square_error: 3.189 reward_error: 55.792
INFO : 2021-01-29 02:05:32,710 : state_square_error: 1.744 reward_error: 25.526
INFO : 2021-01-29 02:05:57,834 : state_square_error: 2.049 reward_error: 28.905
INFO : 2021-01-29 02:06:22,939 : state_square_error: 7.411 reward_error: 34.579
INFO : 2021-01-29 02:06:48,018 : state_square_error: 6.012 reward_error: 26.143
INFO : 2021-01-29 02:07:13,150 : state_square_error: 3.726 reward_error: 36.955
INFO : 2021-01-29 02:07:38,188 : state_square_error: 3.154 reward_error: 34.690
INFO : 2021-01-29 02:08:03,226 : state_square_error: 3.838 reward_error: 32.356
INFO : 2021-01-29 02:08:28,294 : state_square_error: 1.984 reward_error: 40.515
INFO : 2021-01-29 02:08:53,270 : state_square_error: 1.718 reward_error: 31.175
INFO : 2021-01-29 02:09:18,068 : episode: 31 score: 368.4 100 games avg: 368.4 steps 1000 
INFO : 2021-01-29 02:09:27,878 : state_square_error: 3.042 reward_error: 54.932
INFO : 2021-01-29 02:09:52,913 : state_square_error: 2.021 reward_error: 20.723
INFO : 2021-01-29 02:10:17,844 : state_square_error: 1.588 reward_error: 34.444
INFO : 2021-01-29 02:10:42,862 : state_square_error: 2.473 reward_error: 29.262
INFO : 2021-01-29 02:11:07,882 : state_square_error: 2.743 reward_error: 27.382
INFO : 2021-01-29 02:11:32,926 : state_square_error: 1.584 reward_error: 22.941
INFO : 2021-01-29 02:11:57,944 : state_square_error: 4.210 reward_error: 23.115
INFO : 2021-01-29 02:12:23,027 : state_square_error: 7.489 reward_error: 33.849
INFO : 2021-01-29 02:12:48,140 : state_square_error: 9.177 reward_error: 36.959
INFO : 2021-01-29 02:13:13,151 : state_square_error: 6.106 reward_error: 31.842
INFO : 2021-01-29 02:13:37,946 : episode: 32 score: 348.5 100 games avg: 348.5 steps 1000 
INFO : 2021-01-29 02:13:48,027 : state_square_error: 2.767 reward_error: 55.152
INFO : 2021-01-29 02:14:13,110 : state_square_error: 4.286 reward_error: 23.996
INFO : 2021-01-29 02:14:38,174 : state_square_error: 2.278 reward_error: 27.123
INFO : 2021-01-29 02:15:03,189 : state_square_error: 5.913 reward_error: 19.671
INFO : 2021-01-29 02:15:28,055 : state_square_error: 7.147 reward_error: 39.698
INFO : 2021-01-29 02:15:53,167 : state_square_error: 1.072 reward_error: 32.943
INFO : 2021-01-29 02:16:18,222 : state_square_error: 2.279 reward_error: 32.413
INFO : 2021-01-29 02:16:43,302 : state_square_error: 3.186 reward_error: 28.921
INFO : 2021-01-29 02:17:08,370 : state_square_error: 3.195 reward_error: 24.988
INFO : 2021-01-29 02:17:33,443 : state_square_error: 10.188 reward_error: 26.807
INFO : 2021-01-29 02:17:58,287 : episode: 33 score: 448.2 100 games avg: 448.2 steps 1000 
INFO : 2021-01-29 02:18:08,606 : state_square_error: 2.568 reward_error: 53.414
INFO : 2021-01-29 02:18:33,621 : state_square_error: 2.355 reward_error: 34.671
INFO : 2021-01-29 02:18:58,656 : state_square_error: 2.308 reward_error: 29.885
INFO : 2021-01-29 02:19:23,761 : state_square_error: 3.849 reward_error: 31.990
INFO : 2021-01-29 02:19:48,862 : state_square_error: 16.211 reward_error: 38.932
INFO : 2021-01-29 02:20:13,951 : state_square_error: 4.095 reward_error: 39.336
INFO : 2021-01-29 02:20:38,849 : state_square_error: 0.828 reward_error: 37.657
INFO : 2021-01-29 02:21:03,954 : state_square_error: 4.445 reward_error: 35.628
INFO : 2021-01-29 02:21:29,057 : state_square_error: 1.060 reward_error: 35.825
INFO : 2021-01-29 02:21:54,168 : state_square_error: 8.413 reward_error: 26.882
INFO : 2021-01-29 02:22:18,941 : episode: 34 score: 465.4 100 games avg: 465.4 steps 1000 
INFO : 2021-01-29 02:22:29,676 : state_square_error: 6.733 reward_error: 53.768
INFO : 2021-01-29 02:22:54,602 : state_square_error: 3.741 reward_error: 37.723
INFO : 2021-01-29 02:23:19,572 : state_square_error: 0.461 reward_error: 30.328
INFO : 2021-01-29 02:23:44,673 : state_square_error: 2.261 reward_error: 36.476
INFO : 2021-01-29 02:24:09,909 : state_square_error: 0.829 reward_error: 30.073
INFO : 2021-01-29 02:24:35,022 : state_square_error: 16.319 reward_error: 41.699
INFO : 2021-01-29 02:25:00,035 : state_square_error: 4.741 reward_error: 34.777
INFO : 2021-01-29 02:25:25,102 : state_square_error: 10.364 reward_error: 36.683
INFO : 2021-01-29 02:25:50,200 : state_square_error: 19.237 reward_error: 41.099
INFO : 2021-01-29 02:26:15,208 : state_square_error: 3.036 reward_error: 28.987
INFO : 2021-01-29 02:26:39,956 : episode: 35 score: 426.6 100 games avg: 426.6 steps 1000 
INFO : 2021-01-29 02:26:51,007 : state_square_error: 6.076 reward_error: 63.070
INFO : 2021-01-29 02:27:16,113 : state_square_error: 3.379 reward_error: 33.698
INFO : 2021-01-29 02:27:41,207 : state_square_error: 5.027 reward_error: 36.881
INFO : 2021-01-29 02:28:06,202 : state_square_error: 3.428 reward_error: 28.330
INFO : 2021-01-29 02:28:31,328 : state_square_error: 1.998 reward_error: 35.369
INFO : 2021-01-29 02:28:56,352 : state_square_error: 5.776 reward_error: 34.357
INFO : 2021-01-29 02:29:21,418 : state_square_error: 3.151 reward_error: 30.741
INFO : 2021-01-29 02:29:46,535 : state_square_error: 3.394 reward_error: 48.637
INFO : 2021-01-29 02:30:11,634 : state_square_error: 4.812 reward_error: 47.653
INFO : 2021-01-29 02:30:36,625 : state_square_error: 1.702 reward_error: 44.390
INFO : 2021-01-29 02:31:01,479 : episode: 36 score: 541.7 100 games avg: 541.7 steps 1000 
INFO : 2021-01-29 02:31:12,793 : state_square_error: 3.197 reward_error: 62.495
INFO : 2021-01-29 02:31:37,793 : state_square_error: 14.753 reward_error: 36.479
INFO : 2021-01-29 02:32:02,864 : state_square_error: 1.939 reward_error: 33.577
INFO : 2021-01-29 02:32:27,950 : state_square_error: 0.660 reward_error: 34.175
INFO : 2021-01-29 02:32:53,071 : state_square_error: 7.451 reward_error: 39.550
INFO : 2021-01-29 02:33:18,188 : state_square_error: 2.663 reward_error: 32.080
INFO : 2021-01-29 02:33:43,242 : state_square_error: 10.416 reward_error: 45.471
INFO : 2021-01-29 02:34:08,290 : state_square_error: 2.864 reward_error: 43.732
INFO : 2021-01-29 02:34:33,379 : state_square_error: 3.438 reward_error: 36.494
INFO : 2021-01-29 02:34:58,356 : state_square_error: 1.232 reward_error: 31.427
INFO : 2021-01-29 02:35:23,213 : episode: 37 score: 480.3 100 games avg: 480.3 steps 1000 
INFO : 2021-01-29 02:35:34,819 : state_square_error: 9.857 reward_error: 64.491
INFO : 2021-01-29 02:35:59,821 : state_square_error: 1.909 reward_error: 35.018
INFO : 2021-01-29 02:36:24,819 : state_square_error: 3.752 reward_error: 32.587
INFO : 2021-01-29 02:36:49,740 : state_square_error: 1.422 reward_error: 39.605
INFO : 2021-01-29 02:37:14,719 : state_square_error: 2.461 reward_error: 31.712
INFO : 2021-01-29 02:37:39,760 : state_square_error: 2.140 reward_error: 41.092
INFO : 2021-01-29 02:38:04,779 : state_square_error: 5.412 reward_error: 37.137
INFO : 2021-01-29 02:38:29,862 : state_square_error: 12.444 reward_error: 53.765
INFO : 2021-01-29 02:38:54,906 : state_square_error: 1.979 reward_error: 66.419
INFO : 2021-01-29 02:39:19,984 : state_square_error: 7.049 reward_error: 40.996
INFO : 2021-01-29 02:39:44,827 : episode: 38 score: 489.0 100 games avg: 489.0 steps 1000 
INFO : 2021-01-29 02:39:56,879 : state_square_error: 2.983 reward_error: 61.997
INFO : 2021-01-29 02:40:21,986 : state_square_error: 4.149 reward_error: 42.927
INFO : 2021-01-29 02:40:46,971 : state_square_error: 4.578 reward_error: 51.260
INFO : 2021-01-29 02:41:11,992 : state_square_error: 2.256 reward_error: 40.764
INFO : 2021-01-29 02:41:36,999 : state_square_error: 1.623 reward_error: 37.620
INFO : 2021-01-29 02:42:02,085 : state_square_error: 1.330 reward_error: 37.320
INFO : 2021-01-29 02:42:27,158 : state_square_error: 6.199 reward_error: 39.615
INFO : 2021-01-29 02:42:52,176 : state_square_error: 4.597 reward_error: 44.145
INFO : 2021-01-29 02:43:17,118 : state_square_error: 2.536 reward_error: 44.119
INFO : 2021-01-29 02:43:42,145 : state_square_error: 2.771 reward_error: 45.813
INFO : 2021-01-29 02:44:06,852 : episode: 39 score: 496.3 100 games avg: 496.3 steps 1000 
INFO : 2021-01-29 02:44:19,038 : state_square_error: 2.990 reward_error: 55.905
INFO : 2021-01-29 02:44:44,079 : state_square_error: 3.459 reward_error: 43.078
INFO : 2021-01-29 02:45:09,180 : state_square_error: 4.177 reward_error: 41.170
INFO : 2021-01-29 02:45:34,294 : state_square_error: 3.221 reward_error: 44.430
INFO : 2021-01-29 02:45:59,354 : state_square_error: 4.575 reward_error: 54.018
INFO : 2021-01-29 02:46:24,469 : state_square_error: 2.885 reward_error: 54.950
INFO : 2021-01-29 02:46:49,490 : state_square_error: 3.358 reward_error: 44.917
INFO : 2021-01-29 02:47:14,510 : state_square_error: 2.195 reward_error: 51.367
INFO : 2021-01-29 02:47:39,656 : state_square_error: 7.402 reward_error: 55.266
INFO : 2021-01-29 02:48:04,765 : state_square_error: 5.008 reward_error: 39.140
INFO : 2021-01-29 02:48:29,576 : episode: 40 score: 441.7 100 games avg: 441.7 steps 1000 
INFO : 2021-01-29 02:48:42,146 : state_square_error: 7.193 reward_error: 60.413
INFO : 2021-01-29 02:49:07,118 : state_square_error: 2.555 reward_error: 43.177
INFO : 2021-01-29 02:49:32,114 : state_square_error: 3.707 reward_error: 38.989
INFO : 2021-01-29 02:49:57,237 : state_square_error: 3.988 reward_error: 43.375
INFO : 2021-01-29 02:50:22,329 : state_square_error: 2.996 reward_error: 47.247
INFO : 2021-01-29 02:50:47,367 : state_square_error: 3.277 reward_error: 53.448
INFO : 2021-01-29 02:51:12,463 : state_square_error: 5.804 reward_error: 71.096
INFO : 2021-01-29 02:51:37,447 : state_square_error: 3.361 reward_error: 44.615
INFO : 2021-01-29 02:52:02,557 : state_square_error: 1.067 reward_error: 43.927
INFO : 2021-01-29 02:52:27,574 : state_square_error: 2.017 reward_error: 46.164
INFO : 2021-01-29 02:52:52,301 : episode: 41 score: 382.3 100 games avg: 382.3 steps 1000 
INFO : 2021-01-29 02:53:05,178 : state_square_error: 13.113 reward_error: 70.999
INFO : 2021-01-29 02:53:30,307 : state_square_error: 3.371 reward_error: 51.608
INFO : 2021-01-29 02:53:55,348 : state_square_error: 5.132 reward_error: 37.620
INFO : 2021-01-29 02:54:20,446 : state_square_error: 2.292 reward_error: 44.660
INFO : 2021-01-29 02:54:45,333 : state_square_error: 2.243 reward_error: 40.923
INFO : 2021-01-29 02:55:10,320 : state_square_error: 4.660 reward_error: 49.187
INFO : 2021-01-29 02:55:35,328 : state_square_error: 5.214 reward_error: 48.227
INFO : 2021-01-29 02:56:00,410 : state_square_error: 11.024 reward_error: 65.100
INFO : 2021-01-29 02:56:25,494 : state_square_error: 6.657 reward_error: 50.315
INFO : 2021-01-29 02:56:50,608 : state_square_error: 1.730 reward_error: 41.747
INFO : 2021-01-29 02:57:15,409 : episode: 42 score: 441.6 100 games avg: 441.6 steps 1000 
INFO : 2021-01-29 02:57:28,527 : state_square_error: 2.092 reward_error: 56.592
INFO : 2021-01-29 02:57:53,640 : state_square_error: 2.429 reward_error: 55.710
INFO : 2021-01-29 02:58:18,738 : state_square_error: 2.838 reward_error: 53.956
INFO : 2021-01-29 02:58:43,907 : state_square_error: 1.037 reward_error: 46.276
INFO : 2021-01-29 02:59:08,971 : state_square_error: 1.930 reward_error: 42.473
INFO : 2021-01-29 02:59:34,046 : state_square_error: 3.757 reward_error: 52.235
INFO : 2021-01-29 02:59:59,019 : state_square_error: 1.038 reward_error: 44.434
INFO : 2021-01-29 03:00:24,051 : state_square_error: 1.804 reward_error: 48.597
INFO : 2021-01-29 03:00:49,074 : state_square_error: 0.647 reward_error: 44.678
INFO : 2021-01-29 03:01:14,085 : state_square_error: 3.660 reward_error: 49.471
INFO : 2021-01-29 03:01:38,918 : episode: 43 score: 510.2 100 games avg: 510.2 steps 1000 
INFO : 2021-01-29 03:01:52,383 : state_square_error: 10.485 reward_error: 73.093
INFO : 2021-01-29 03:02:17,418 : state_square_error: 2.153 reward_error: 59.217
INFO : 2021-01-29 03:02:42,488 : state_square_error: 2.690 reward_error: 49.272
INFO : 2021-01-29 03:03:07,601 : state_square_error: 1.098 reward_error: 44.583
INFO : 2021-01-29 03:03:32,619 : state_square_error: 3.983 reward_error: 51.998
INFO : 2021-01-29 03:03:57,641 : state_square_error: 1.324 reward_error: 40.650
INFO : 2021-01-29 03:04:22,706 : state_square_error: 27.416 reward_error: 52.988
INFO : 2021-01-29 03:04:47,808 : state_square_error: 1.960 reward_error: 49.946
INFO : 2021-01-29 03:05:12,877 : state_square_error: 8.456 reward_error: 49.215
INFO : 2021-01-29 03:05:37,861 : state_square_error: 1.254 reward_error: 43.919
INFO : 2021-01-29 03:06:02,587 : episode: 44 score: 509.2 100 games avg: 509.2 steps 1000 
INFO : 2021-01-29 03:06:16,315 : state_square_error: 4.391 reward_error: 72.562
INFO : 2021-01-29 03:06:41,409 : state_square_error: 7.399 reward_error: 41.473
INFO : 2021-01-29 03:07:06,279 : state_square_error: 22.399 reward_error: 51.824
INFO : 2021-01-29 03:07:31,364 : state_square_error: 1.557 reward_error: 45.191
INFO : 2021-01-29 03:07:56,406 : state_square_error: 2.190 reward_error: 55.385
INFO : 2021-01-29 03:08:21,486 : state_square_error: 6.761 reward_error: 58.841
INFO : 2021-01-29 03:08:46,498 : state_square_error: 2.075 reward_error: 50.570
INFO : 2021-01-29 03:09:11,605 : state_square_error: 18.625 reward_error: 54.349
INFO : 2021-01-29 03:09:36,622 : state_square_error: 1.205 reward_error: 49.849
INFO : 2021-01-29 03:10:01,717 : state_square_error: 2.403 reward_error: 53.413
INFO : 2021-01-29 03:10:26,529 : episode: 45 score: 541.0 100 games avg: 541.0 steps 1000 
INFO : 2021-01-29 03:10:40,624 : state_square_error: 5.353 reward_error: 54.035
INFO : 2021-01-29 03:11:05,681 : state_square_error: 3.316 reward_error: 55.963
INFO : 2021-01-29 03:11:30,830 : state_square_error: 12.503 reward_error: 58.019
INFO : 2021-01-29 03:11:55,754 : state_square_error: 3.272 reward_error: 51.107
INFO : 2021-01-29 03:12:20,730 : state_square_error: 2.681 reward_error: 59.983
INFO : 2021-01-29 03:12:45,803 : state_square_error: 3.399 reward_error: 58.066
INFO : 2021-01-29 03:13:10,895 : state_square_error: 3.685 reward_error: 49.530
INFO : 2021-01-29 03:13:35,938 : state_square_error: 1.513 reward_error: 55.116
INFO : 2021-01-29 03:14:00,960 : state_square_error: 4.272 reward_error: 77.495
INFO : 2021-01-29 03:14:26,057 : state_square_error: 5.869 reward_error: 47.354
INFO : 2021-01-29 03:14:50,925 : episode: 46 score: 522.8 100 games avg: 522.8 steps 1000 
INFO : 2021-01-29 03:15:05,329 : state_square_error: 0.980 reward_error: 68.637
INFO : 2021-01-29 03:15:30,479 : state_square_error: 2.474 reward_error: 59.460
INFO : 2021-01-29 03:15:55,518 : state_square_error: 4.499 reward_error: 59.369
INFO : 2021-01-29 03:16:20,608 : state_square_error: 2.490 reward_error: 50.673
INFO : 2021-01-29 03:16:45,620 : state_square_error: 3.002 reward_error: 49.564
INFO : 2021-01-29 03:17:10,730 : state_square_error: 0.840 reward_error: 45.689
INFO : 2021-01-29 03:17:35,864 : state_square_error: 4.858 reward_error: 53.772
INFO : 2021-01-29 03:18:00,975 : state_square_error: 3.011 reward_error: 52.198
INFO : 2021-01-29 03:18:26,044 : state_square_error: 3.298 reward_error: 47.375
INFO : 2021-01-29 03:18:51,053 : state_square_error: 1.801 reward_error: 50.574
INFO : 2021-01-29 03:19:15,834 : episode: 47 score: 482.8 100 games avg: 482.8 steps 1000 
INFO : 2021-01-29 03:19:30,501 : state_square_error: 1.599 reward_error: 63.715
INFO : 2021-01-29 03:19:55,619 : state_square_error: 2.069 reward_error: 56.213
INFO : 2021-01-29 03:20:20,716 : state_square_error: 5.628 reward_error: 64.125
INFO : 2021-01-29 03:20:45,824 : state_square_error: 1.113 reward_error: 57.055
INFO : 2021-01-29 03:21:10,890 : state_square_error: 12.108 reward_error: 61.279
INFO : 2021-01-29 03:21:35,894 : state_square_error: 5.276 reward_error: 53.560
INFO : 2021-01-29 03:22:00,954 : state_square_error: 1.130 reward_error: 51.652
INFO : 2021-01-29 03:22:25,960 : state_square_error: 6.235 reward_error: 61.271
INFO : 2021-01-29 03:22:50,950 : state_square_error: 3.373 reward_error: 54.338
INFO : 2021-01-29 03:23:16,014 : state_square_error: 4.774 reward_error: 55.899
INFO : 2021-01-29 03:23:40,894 : episode: 48 score: 474.3 100 games avg: 474.3 steps 1000 
INFO : 2021-01-29 03:23:55,908 : state_square_error: 2.666 reward_error: 81.454
INFO : 2021-01-29 03:24:21,010 : state_square_error: 3.840 reward_error: 58.354
INFO : 2021-01-29 03:24:46,073 : state_square_error: 1.687 reward_error: 57.647
INFO : 2021-01-29 03:25:11,066 : state_square_error: 7.605 reward_error: 53.267
INFO : 2021-01-29 03:25:36,135 : state_square_error: 1.117 reward_error: 54.748
INFO : 2021-01-29 03:26:01,226 : state_square_error: 5.024 reward_error: 61.129
INFO : 2021-01-29 03:26:26,285 : state_square_error: 2.038 reward_error: 53.540
INFO : 2021-01-29 03:26:51,403 : state_square_error: 4.917 reward_error: 52.209
INFO : 2021-01-29 03:27:16,450 : state_square_error: 2.394 reward_error: 48.373
INFO : 2021-01-29 03:27:41,403 : state_square_error: 6.702 reward_error: 50.754
INFO : 2021-01-29 03:28:06,243 : episode: 49 score: 566.1 100 games avg: 566.1 steps 1000 
INFO : 2021-01-29 03:28:21,498 : state_square_error: 1.784 reward_error: 67.096
INFO : 2021-01-29 03:28:46,594 : state_square_error: 2.330 reward_error: 56.353
INFO : 2021-01-29 03:29:11,656 : state_square_error: 2.702 reward_error: 57.945
INFO : 2021-01-29 03:29:36,717 : state_square_error: 5.769 reward_error: 50.216
INFO : 2021-01-29 03:30:01,769 : state_square_error: 3.046 reward_error: 52.261
INFO : 2021-01-29 03:30:26,792 : state_square_error: 5.584 reward_error: 57.822
INFO : 2021-01-29 03:30:51,801 : state_square_error: 2.402 reward_error: 57.904
INFO : 2021-01-29 03:31:16,870 : state_square_error: 1.273 reward_error: 52.708
INFO : 2021-01-29 03:31:41,906 : state_square_error: 1.425 reward_error: 65.758
INFO : 2021-01-29 03:32:06,899 : state_square_error: 4.443 reward_error: 54.716
INFO : 2021-01-29 03:32:31,696 : episode: 50 score: 487.6 100 games avg: 487.6 steps 1000 
INFO : 2021-01-29 03:32:47,353 : state_square_error: 5.183 reward_error: 64.739
INFO : 2021-01-29 03:33:12,514 : state_square_error: 3.816 reward_error: 60.766
INFO : 2021-01-29 03:33:37,580 : state_square_error: 2.944 reward_error: 56.626
INFO : 2021-01-29 03:34:02,514 : state_square_error: 4.197 reward_error: 58.875
INFO : 2021-01-29 03:34:27,629 : state_square_error: 4.175 reward_error: 69.378
INFO : 2021-01-29 03:34:52,703 : state_square_error: 6.156 reward_error: 68.189
INFO : 2021-01-29 03:35:17,675 : state_square_error: 1.768 reward_error: 67.621
INFO : 2021-01-29 03:35:42,711 : state_square_error: 2.853 reward_error: 50.426
INFO : 2021-01-29 03:36:07,778 : state_square_error: 10.026 reward_error: 73.674
INFO : 2021-01-29 03:36:32,645 : state_square_error: 3.065 reward_error: 59.013
INFO : 2021-01-29 03:36:57,490 : episode: 51 score: 562.5 100 games avg: 562.5 steps 1000 
INFO : 2021-01-29 03:37:13,446 : state_square_error: 3.879 reward_error: 73.576
INFO : 2021-01-29 03:37:38,642 : state_square_error: 4.063 reward_error: 68.591
INFO : 2021-01-29 03:38:03,704 : state_square_error: 5.017 reward_error: 54.704
INFO : 2021-01-29 03:38:28,781 : state_square_error: 3.815 reward_error: 54.680
INFO : 2021-01-29 03:38:53,771 : state_square_error: 1.176 reward_error: 68.841
INFO : 2021-01-29 03:39:18,839 : state_square_error: 5.591 reward_error: 67.590
INFO : 2021-01-29 03:39:43,935 : state_square_error: 1.512 reward_error: 56.633
INFO : 2021-01-29 03:40:09,050 : state_square_error: 3.063 reward_error: 60.639
INFO : 2021-01-29 03:40:34,070 : state_square_error: 3.264 reward_error: 55.547
INFO : 2021-01-29 03:40:59,156 : state_square_error: 4.929 reward_error: 57.828
INFO : 2021-01-29 03:41:23,965 : episode: 52 score: 542.4 100 games avg: 542.4 steps 1000 
INFO : 2021-01-29 03:41:40,343 : state_square_error: 0.898 reward_error: 66.233
INFO : 2021-01-29 03:42:05,490 : state_square_error: 3.802 reward_error: 70.054
INFO : 2021-01-29 03:42:30,622 : state_square_error: 2.316 reward_error: 51.553
INFO : 2021-01-29 03:42:55,714 : state_square_error: 14.083 reward_error: 56.879
INFO : 2021-01-29 03:43:20,779 : state_square_error: 3.761 reward_error: 58.057
INFO : 2021-01-29 03:43:45,827 : state_square_error: 2.825 reward_error: 62.245
INFO : 2021-01-29 03:44:10,839 : state_square_error: 2.100 reward_error: 59.178
INFO : 2021-01-29 03:44:35,885 : state_square_error: 18.845 reward_error: 66.315
INFO : 2021-01-29 03:45:00,873 : state_square_error: 6.354 reward_error: 56.340
INFO : 2021-01-29 03:45:25,926 : state_square_error: 1.882 reward_error: 58.539
INFO : 2021-01-29 03:45:50,700 : episode: 53 score: 544.7 100 games avg: 544.7 steps 1000 
INFO : 2021-01-29 03:46:07,603 : state_square_error: 1.753 reward_error: 64.756
INFO : 2021-01-29 03:46:32,750 : state_square_error: 3.995 reward_error: 58.363
INFO : 2021-01-29 03:46:57,635 : state_square_error: 3.663 reward_error: 54.599
INFO : 2021-01-29 03:47:22,692 : state_square_error: 6.241 reward_error: 56.567
INFO : 2021-01-29 03:47:47,710 : state_square_error: 6.550 reward_error: 60.570
INFO : 2021-01-29 03:48:12,839 : state_square_error: 2.417 reward_error: 58.272
INFO : 2021-01-29 03:48:37,937 : state_square_error: 3.738 reward_error: 68.279
INFO : 2021-01-29 03:49:02,966 : state_square_error: 1.281 reward_error: 49.419
INFO : 2021-01-29 03:49:27,954 : state_square_error: 1.765 reward_error: 52.241
INFO : 2021-01-29 03:49:52,890 : state_square_error: 2.623 reward_error: 57.005
INFO : 2021-01-29 03:50:17,640 : episode: 54 score: 512.6 100 games avg: 512.6 steps 1000 
INFO : 2021-01-29 03:50:35,108 : state_square_error: 15.490 reward_error: 77.565
INFO : 2021-01-29 03:51:00,210 : state_square_error: 8.251 reward_error: 69.164
INFO : 2021-01-29 03:51:25,228 : state_square_error: 3.463 reward_error: 61.106
INFO : 2021-01-29 03:51:50,302 : state_square_error: 15.844 reward_error: 66.779
INFO : 2021-01-29 03:52:15,394 : state_square_error: 2.995 reward_error: 55.743
INFO : 2021-01-29 03:52:40,485 : state_square_error: 8.094 reward_error: 66.094
INFO : 2021-01-29 03:53:05,577 : state_square_error: 3.562 reward_error: 59.323
INFO : 2021-01-29 03:53:30,643 : state_square_error: 3.868 reward_error: 63.406
INFO : 2021-01-29 03:53:55,674 : state_square_error: 0.989 reward_error: 54.334
INFO : 2021-01-29 03:54:20,793 : state_square_error: 5.216 reward_error: 56.573
INFO : 2021-01-29 03:54:45,641 : episode: 55 score: 493.5 100 games avg: 493.5 steps 1000 
INFO : 2021-01-29 03:55:03,645 : state_square_error: 1.946 reward_error: 59.963
INFO : 2021-01-29 03:55:28,683 : state_square_error: 6.212 reward_error: 57.660
INFO : 2021-01-29 03:55:53,619 : state_square_error: 2.851 reward_error: 68.065
INFO : 2021-01-29 03:56:18,598 : state_square_error: 3.248 reward_error: 56.604
INFO : 2021-01-29 03:56:43,683 : state_square_error: 1.281 reward_error: 67.637
INFO : 2021-01-29 03:57:08,776 : state_square_error: 1.233 reward_error: 56.984
INFO : 2021-01-29 03:57:33,864 : state_square_error: 2.049 reward_error: 56.125
INFO : 2021-01-29 03:57:58,906 : state_square_error: 10.085 reward_error: 62.927
INFO : 2021-01-29 03:58:23,972 : state_square_error: 4.040 reward_error: 59.754
INFO : 2021-01-29 03:58:49,056 : state_square_error: 1.602 reward_error: 65.759
INFO : 2021-01-29 03:59:13,899 : episode: 56 score: 572.9 100 games avg: 572.9 steps 1000 
INFO : 2021-01-29 03:59:32,250 : state_square_error: 7.717 reward_error: 65.051
INFO : 2021-01-29 03:59:57,341 : state_square_error: 4.241 reward_error: 67.767
INFO : 2021-01-29 04:00:22,341 : state_square_error: 1.088 reward_error: 60.358
INFO : 2021-01-29 04:00:47,404 : state_square_error: 2.381 reward_error: 57.294
INFO : 2021-01-29 04:01:12,459 : state_square_error: 3.692 reward_error: 66.679
INFO : 2021-01-29 04:01:37,536 : state_square_error: 1.949 reward_error: 56.647
INFO : 2021-01-29 04:02:02,552 : state_square_error: 1.846 reward_error: 51.650
INFO : 2021-01-29 04:02:27,674 : state_square_error: 1.857 reward_error: 56.704
INFO : 2021-01-29 04:02:52,637 : state_square_error: 4.432 reward_error: 57.768
INFO : 2021-01-29 04:03:17,751 : state_square_error: 3.774 reward_error: 54.042
INFO : 2021-01-29 04:03:42,614 : episode: 57 score: 565.2 100 games avg: 565.2 steps 1000 
INFO : 2021-01-29 04:04:01,052 : state_square_error: 2.589 reward_error: 70.892
INFO : 2021-01-29 04:04:26,067 : state_square_error: 3.329 reward_error: 62.300
INFO : 2021-01-29 04:04:51,126 : state_square_error: 3.064 reward_error: 54.727
INFO : 2021-01-29 04:05:16,189 : state_square_error: 4.098 reward_error: 56.163
INFO : 2021-01-29 04:05:41,141 : state_square_error: 5.388 reward_error: 56.373
INFO : 2021-01-29 04:06:06,191 : state_square_error: 4.657 reward_error: 64.501
INFO : 2021-01-29 04:06:31,199 : state_square_error: 2.119 reward_error: 58.841
INFO : 2021-01-29 04:06:56,218 : state_square_error: 1.012 reward_error: 54.341
INFO : 2021-01-29 04:07:21,326 : state_square_error: 0.854 reward_error: 57.636
INFO : 2021-01-29 04:07:46,413 : state_square_error: 2.381 reward_error: 59.264
INFO : 2021-01-29 04:08:11,361 : episode: 58 score: 485.3 100 games avg: 485.3 steps 1000 
INFO : 2021-01-29 04:08:29,857 : state_square_error: 1.447 reward_error: 76.754
INFO : 2021-01-29 04:08:54,947 : state_square_error: 4.158 reward_error: 59.291
INFO : 2021-01-29 04:09:20,021 : state_square_error: 2.267 reward_error: 62.282
INFO : 2021-01-29 04:09:45,071 : state_square_error: 1.314 reward_error: 60.726
INFO : 2021-01-29 04:10:10,130 : state_square_error: 2.993 reward_error: 57.148
INFO : 2021-01-29 04:10:35,236 : state_square_error: 2.837 reward_error: 64.389
INFO : 2021-01-29 04:11:00,176 : state_square_error: 1.871 reward_error: 57.654
INFO : 2021-01-29 04:11:25,038 : state_square_error: 1.942 reward_error: 66.306
INFO : 2021-01-29 04:11:49,968 : state_square_error: 15.034 reward_error: 63.540
INFO : 2021-01-29 04:12:14,943 : state_square_error: 1.908 reward_error: 65.880
INFO : 2021-01-29 04:12:39,757 : episode: 59 score: 546.5 100 games avg: 546.5 steps 1000 
INFO : 2021-01-29 04:12:58,230 : state_square_error: 3.392 reward_error: 74.498
INFO : 2021-01-29 04:13:23,254 : state_square_error: 1.109 reward_error: 62.714
INFO : 2021-01-29 04:13:48,380 : state_square_error: 4.956 reward_error: 62.949
INFO : 2021-01-29 04:14:13,460 : state_square_error: 9.557 reward_error: 61.165
INFO : 2021-01-29 04:14:38,391 : state_square_error: 1.190 reward_error: 59.228
INFO : 2021-01-29 04:15:03,395 : state_square_error: 4.627 reward_error: 83.134
INFO : 2021-01-29 04:15:28,420 : state_square_error: 3.640 reward_error: 62.554
INFO : 2021-01-29 04:15:53,426 : state_square_error: 2.081 reward_error: 70.603
INFO : 2021-01-29 04:16:18,486 : state_square_error: 3.769 reward_error: 60.693
INFO : 2021-01-29 04:16:43,542 : state_square_error: 2.173 reward_error: 73.583
INFO : 2021-01-29 04:17:08,428 : episode: 60 score: 532.2 100 games avg: 532.2 steps 1000 
INFO : 2021-01-29 04:17:27,200 : state_square_error: 1.185 reward_error: 64.939
INFO : 2021-01-29 04:17:52,238 : state_square_error: 4.019 reward_error: 60.892
INFO : 2021-01-29 04:18:17,342 : state_square_error: 1.711 reward_error: 60.278
INFO : 2021-01-29 04:18:42,382 : state_square_error: 2.275 reward_error: 65.502
INFO : 2021-01-29 04:19:07,480 : state_square_error: 1.339 reward_error: 57.361
INFO : 2021-01-29 04:19:32,569 : state_square_error: 5.592 reward_error: 63.373
INFO : 2021-01-29 04:19:57,686 : state_square_error: 2.021 reward_error: 75.275
INFO : 2021-01-29 04:20:22,811 : state_square_error: 1.377 reward_error: 64.588
INFO : 2021-01-29 04:20:47,932 : state_square_error: 3.298 reward_error: 66.042
INFO : 2021-01-29 04:21:13,025 : state_square_error: 1.920 reward_error: 73.411
INFO : 2021-01-29 04:21:37,866 : episode: 61 score: 609.3 100 games avg: 609.3 steps 1000 
INFO : 2021-01-29 04:21:57,034 : state_square_error: 8.135 reward_error: 83.308
INFO : 2021-01-29 04:22:22,032 : state_square_error: 19.353 reward_error: 63.829
INFO : 2021-01-29 04:22:47,161 : state_square_error: 1.807 reward_error: 60.851
INFO : 2021-01-29 04:23:12,194 : state_square_error: 3.260 reward_error: 61.982
INFO : 2021-01-29 04:23:37,269 : state_square_error: 3.000 reward_error: 66.028
INFO : 2021-01-29 04:24:02,301 : state_square_error: 3.698 reward_error: 67.590
INFO : 2021-01-29 04:24:27,097 : state_square_error: 11.465 reward_error: 64.048
INFO : 2021-01-29 04:24:52,206 : state_square_error: 5.267 reward_error: 64.570
INFO : 2021-01-29 04:25:17,241 : state_square_error: 1.307 reward_error: 63.261
INFO : 2021-01-29 04:25:42,336 : state_square_error: 4.959 reward_error: 62.785
INFO : 2021-01-29 04:26:07,111 : episode: 62 score: 602.8 100 games avg: 602.8 steps 1000 
INFO : 2021-01-29 04:26:26,598 : state_square_error: 5.068 reward_error: 81.853
INFO : 2021-01-29 04:26:51,674 : state_square_error: 4.337 reward_error: 64.674
INFO : 2021-01-29 04:27:16,734 : state_square_error: 4.489 reward_error: 67.114
INFO : 2021-01-29 04:27:41,850 : state_square_error: 2.947 reward_error: 69.981
INFO : 2021-01-29 04:28:06,866 : state_square_error: 1.755 reward_error: 62.029
INFO : 2021-01-29 04:28:31,952 : state_square_error: 3.185 reward_error: 59.618
INFO : 2021-01-29 04:28:57,020 : state_square_error: 18.189 reward_error: 79.949
INFO : 2021-01-29 04:29:22,086 : state_square_error: 6.192 reward_error: 73.260
INFO : 2021-01-29 04:29:47,163 : state_square_error: 3.596 reward_error: 63.476
INFO : 2021-01-29 04:30:12,261 : state_square_error: 1.529 reward_error: 68.607
INFO : 2021-01-29 04:30:36,989 : episode: 63 score: 616.6 100 games avg: 616.6 steps 1000 
INFO : 2021-01-29 04:30:56,702 : state_square_error: 1.416 reward_error: 83.895
INFO : 2021-01-29 04:31:21,736 : state_square_error: 4.643 reward_error: 61.166
INFO : 2021-01-29 04:31:46,781 : state_square_error: 1.042 reward_error: 60.886
INFO : 2021-01-29 04:32:11,823 : state_square_error: 3.599 reward_error: 64.585
INFO : 2021-01-29 04:32:36,880 : state_square_error: 10.988 reward_error: 74.300
INFO : 2021-01-29 04:33:01,942 : state_square_error: 5.005 reward_error: 68.519
INFO : 2021-01-29 04:33:26,901 : state_square_error: 8.175 reward_error: 61.371
INFO : 2021-01-29 04:33:51,938 : state_square_error: 1.955 reward_error: 62.532
INFO : 2021-01-29 04:34:16,981 : state_square_error: 0.814 reward_error: 59.955
INFO : 2021-01-29 04:34:42,074 : state_square_error: 5.812 reward_error: 74.669
INFO : 2021-01-29 04:35:06,753 : episode: 64 score: 687.7 100 games avg: 687.7 steps 1000 
INFO : 2021-01-29 04:35:26,632 : state_square_error: 2.131 reward_error: 78.874
INFO : 2021-01-29 04:35:51,730 : state_square_error: 1.344 reward_error: 68.533
INFO : 2021-01-29 04:36:16,795 : state_square_error: 2.900 reward_error: 72.816
INFO : 2021-01-29 04:36:41,872 : state_square_error: 3.141 reward_error: 60.176
INFO : 2021-01-29 04:37:06,918 : state_square_error: 1.962 reward_error: 77.281
INFO : 2021-01-29 04:37:31,957 : state_square_error: 13.944 reward_error: 68.662
INFO : 2021-01-29 04:37:57,014 : state_square_error: 1.552 reward_error: 61.581
INFO : 2021-01-29 04:38:22,142 : state_square_error: 2.260 reward_error: 60.491
INFO : 2021-01-29 04:38:47,202 : state_square_error: 2.951 reward_error: 72.291
INFO : 2021-01-29 04:39:12,386 : state_square_error: 5.920 reward_error: 66.217
INFO : 2021-01-29 04:39:37,242 : episode: 65 score: 699.1 100 games avg: 699.1 steps 1000 
INFO : 2021-01-29 04:39:57,447 : state_square_error: 3.976 reward_error: 74.189
INFO : 2021-01-29 04:40:22,554 : state_square_error: 4.021 reward_error: 65.380
INFO : 2021-01-29 04:40:47,622 : state_square_error: 1.175 reward_error: 73.906
INFO : 2021-01-29 04:41:12,662 : state_square_error: 2.106 reward_error: 69.163
INFO : 2021-01-29 04:41:37,650 : state_square_error: 2.165 reward_error: 62.715
INFO : 2021-01-29 04:42:02,686 : state_square_error: 1.159 reward_error: 75.100
INFO : 2021-01-29 04:42:27,726 : state_square_error: 1.482 reward_error: 67.101
INFO : 2021-01-29 04:42:52,750 : state_square_error: 1.422 reward_error: 69.356
INFO : 2021-01-29 04:43:17,810 : state_square_error: 1.564 reward_error: 72.713
INFO : 2021-01-29 04:43:43,009 : state_square_error: 1.449 reward_error: 69.139
INFO : 2021-01-29 04:44:07,799 : episode: 66 score: 720.4 100 games avg: 720.4 steps 1000 
INFO : 2021-01-29 04:44:28,199 : state_square_error: 1.656 reward_error: 72.884
INFO : 2021-01-29 04:44:53,255 : state_square_error: 3.836 reward_error: 74.678
INFO : 2021-01-29 04:45:18,263 : state_square_error: 2.405 reward_error: 72.437
INFO : 2021-01-29 04:45:43,282 : state_square_error: 3.847 reward_error: 66.521
INFO : 2021-01-29 04:46:08,361 : state_square_error: 3.130 reward_error: 68.414
INFO : 2021-01-29 04:46:33,461 : state_square_error: 3.834 reward_error: 73.273
INFO : 2021-01-29 04:46:58,478 : state_square_error: 1.493 reward_error: 69.482
INFO : 2021-01-29 04:47:23,584 : state_square_error: 1.970 reward_error: 65.158
INFO : 2021-01-29 04:47:48,693 : state_square_error: 3.161 reward_error: 68.261
INFO : 2021-01-29 04:48:13,866 : state_square_error: 7.571 reward_error: 66.208
INFO : 2021-01-29 04:48:38,698 : episode: 67 score: 593.0 100 games avg: 593.0 steps 1000 
INFO : 2021-01-29 04:48:59,531 : state_square_error: 2.202 reward_error: 90.016
INFO : 2021-01-29 04:49:24,586 : state_square_error: 5.451 reward_error: 70.144
INFO : 2021-01-29 04:49:49,514 : state_square_error: 4.805 reward_error: 71.680
INFO : 2021-01-29 04:50:14,567 : state_square_error: 1.086 reward_error: 78.626
INFO : 2021-01-29 04:50:39,602 : state_square_error: 2.553 reward_error: 68.917
INFO : 2021-01-29 04:51:04,661 : state_square_error: 3.184 reward_error: 70.671
INFO : 2021-01-29 04:51:29,737 : state_square_error: 5.451 reward_error: 69.480
INFO : 2021-01-29 04:51:54,880 : state_square_error: 4.444 reward_error: 72.585
INFO : 2021-01-29 04:52:20,029 : state_square_error: 1.132 reward_error: 70.804
INFO : 2021-01-29 04:52:45,142 : state_square_error: 4.117 reward_error: 76.345
INFO : 2021-01-29 04:53:09,957 : episode: 68 score: 607.2 100 games avg: 607.2 steps 1000 
INFO : 2021-01-29 04:53:31,075 : state_square_error: 1.579 reward_error: 78.291
INFO : 2021-01-29 04:53:56,102 : state_square_error: 3.669 reward_error: 68.307
INFO : 2021-01-29 04:54:21,126 : state_square_error: 1.358 reward_error: 65.888
INFO : 2021-01-29 04:54:46,165 : state_square_error: 4.332 reward_error: 71.085
INFO : 2021-01-29 04:55:11,260 : state_square_error: 9.213 reward_error: 81.509
INFO : 2021-01-29 04:55:36,233 : state_square_error: 2.045 reward_error: 68.532
INFO : 2021-01-29 04:56:01,299 : state_square_error: 3.111 reward_error: 72.812
INFO : 2021-01-29 04:56:26,378 : state_square_error: 3.834 reward_error: 75.775
INFO : 2021-01-29 04:56:51,426 : state_square_error: 4.059 reward_error: 72.312
INFO : 2021-01-29 04:57:16,527 : state_square_error: 2.425 reward_error: 70.095
INFO : 2021-01-29 04:57:41,314 : episode: 69 score: 729.6 100 games avg: 729.6 steps 1000 
INFO : 2021-01-29 04:58:02,889 : state_square_error: 4.129 reward_error: 70.827
INFO : 2021-01-29 04:58:28,022 : state_square_error: 0.944 reward_error: 73.708
INFO : 2021-01-29 04:58:53,077 : state_square_error: 1.516 reward_error: 65.861
INFO : 2021-01-29 04:59:18,094 : state_square_error: 3.560 reward_error: 71.608
INFO : 2021-01-29 04:59:43,138 : state_square_error: 2.964 reward_error: 66.434
INFO : 2021-01-29 05:00:08,248 : state_square_error: 1.396 reward_error: 71.842
INFO : 2021-01-29 05:00:33,332 : state_square_error: 3.990 reward_error: 75.765
INFO : 2021-01-29 05:00:58,406 : state_square_error: 3.088 reward_error: 69.707
INFO : 2021-01-29 05:01:23,605 : state_square_error: 1.813 reward_error: 73.457
INFO : 2021-01-29 05:01:48,633 : state_square_error: 2.682 reward_error: 67.218
INFO : 2021-01-29 05:02:13,440 : episode: 70 score: 700.6 100 games avg: 700.6 steps 1000 
INFO : 2021-01-29 05:02:35,266 : state_square_error: 1.081 reward_error: 70.491
INFO : 2021-01-29 05:03:00,291 : state_square_error: 5.592 reward_error: 74.750
INFO : 2021-01-29 05:03:25,376 : state_square_error: 1.923 reward_error: 68.250
INFO : 2021-01-29 05:03:50,486 : state_square_error: 2.625 reward_error: 77.218
INFO : 2021-01-29 05:04:15,598 : state_square_error: 4.518 reward_error: 79.666
INFO : 2021-01-29 05:04:40,668 : state_square_error: 1.040 reward_error: 71.770
INFO : 2021-01-29 05:05:05,730 : state_square_error: 1.516 reward_error: 78.408
INFO : 2021-01-29 05:05:30,752 : state_square_error: 1.152 reward_error: 71.403
INFO : 2021-01-29 05:05:55,965 : state_square_error: 2.048 reward_error: 74.781
INFO : 2021-01-29 05:06:21,072 : state_square_error: 2.959 reward_error: 69.465
INFO : 2021-01-29 05:06:45,925 : episode: 71 score: 736.0 100 games avg: 736.0 steps 1000 
INFO : 2021-01-29 05:07:08,182 : state_square_error: 1.532 reward_error: 74.028
INFO : 2021-01-29 05:07:33,314 : state_square_error: 3.618 reward_error: 73.541
INFO : 2021-01-29 05:07:58,289 : state_square_error: 2.302 reward_error: 66.039
INFO : 2021-01-29 05:08:23,226 : state_square_error: 3.536 reward_error: 76.779
INFO : 2021-01-29 05:08:48,296 : state_square_error: 3.619 reward_error: 67.744
INFO : 2021-01-29 05:09:13,376 : state_square_error: 4.712 reward_error: 69.934
INFO : 2021-01-29 05:09:38,414 : state_square_error: 2.884 reward_error: 80.803
INFO : 2021-01-29 05:10:03,627 : state_square_error: 3.639 reward_error: 78.475
INFO : 2021-01-29 05:10:28,810 : state_square_error: 2.733 reward_error: 66.429
INFO : 2021-01-29 05:10:53,843 : state_square_error: 2.482 reward_error: 69.241
INFO : 2021-01-29 05:11:18,670 : episode: 72 score: 730.6 100 games avg: 730.6 steps 1000 
INFO : 2021-01-29 05:11:41,144 : state_square_error: 5.240 reward_error: 80.371
INFO : 2021-01-29 05:12:06,240 : state_square_error: 0.953 reward_error: 72.793
INFO : 2021-01-29 05:12:31,338 : state_square_error: 3.545 reward_error: 77.294
INFO : 2021-01-29 05:12:56,425 : state_square_error: 1.805 reward_error: 77.681
INFO : 2021-01-29 05:13:21,514 : state_square_error: 4.473 reward_error: 77.284
INFO : 2021-01-29 05:13:46,590 : state_square_error: 4.894 reward_error: 69.035
INFO : 2021-01-29 05:14:11,699 : state_square_error: 1.805 reward_error: 67.835
INFO : 2021-01-29 05:14:36,805 : state_square_error: 1.660 reward_error: 71.975
INFO : 2021-01-29 05:15:01,789 : state_square_error: 3.418 reward_error: 71.597
INFO : 2021-01-29 05:15:26,742 : state_square_error: 4.609 reward_error: 73.883
INFO : 2021-01-29 05:15:51,566 : episode: 73 score: 688.6 100 games avg: 688.6 steps 1000 
INFO : 2021-01-29 05:16:14,456 : state_square_error: 1.823 reward_error: 79.552
INFO : 2021-01-29 05:16:39,401 : state_square_error: 9.956 reward_error: 68.240
INFO : 2021-01-29 05:17:04,412 : state_square_error: 1.838 reward_error: 72.183
INFO : 2021-01-29 05:17:29,478 : state_square_error: 3.670 reward_error: 69.709
INFO : 2021-01-29 05:17:54,574 : state_square_error: 1.421 reward_error: 80.710
INFO : 2021-01-29 05:18:19,689 : state_square_error: 3.167 reward_error: 70.668
INFO : 2021-01-29 05:18:44,803 : state_square_error: 1.576 reward_error: 71.449
INFO : 2021-01-29 05:19:09,855 : state_square_error: 2.184 reward_error: 75.856
INFO : 2021-01-29 05:19:34,996 : state_square_error: 0.913 reward_error: 78.297
INFO : 2021-01-29 05:20:00,036 : state_square_error: 2.429 reward_error: 89.161
INFO : 2021-01-29 05:20:24,874 : episode: 74 score: 648.6 100 games avg: 648.6 steps 1000 
INFO : 2021-01-29 05:20:47,989 : state_square_error: 4.896 reward_error: 79.723
INFO : 2021-01-29 05:21:13,107 : state_square_error: 5.501 reward_error: 82.511
INFO : 2021-01-29 05:21:38,071 : state_square_error: 1.406 reward_error: 75.448
INFO : 2021-01-29 05:22:03,134 : state_square_error: 1.651 reward_error: 75.724
INFO : 2021-01-29 05:22:28,219 : state_square_error: 1.997 reward_error: 84.906
INFO : 2021-01-29 05:22:53,347 : state_square_error: 37.770 reward_error: 83.159
INFO : 2021-01-29 05:23:18,470 : state_square_error: 1.261 reward_error: 76.012
INFO : 2021-01-29 05:23:43,653 : state_square_error: 0.661 reward_error: 70.641
INFO : 2021-01-29 05:24:08,675 : state_square_error: 4.141 reward_error: 70.607
INFO : 2021-01-29 05:24:33,805 : state_square_error: 1.639 reward_error: 73.608
INFO : 2021-01-29 05:24:58,600 : episode: 75 score: 726.2 100 games avg: 726.2 steps 1000 
INFO : 2021-01-29 05:25:21,940 : state_square_error: 3.070 reward_error: 82.365
INFO : 2021-01-29 05:25:46,993 : state_square_error: 0.823 reward_error: 70.763
INFO : 2021-01-29 05:26:12,078 : state_square_error: 1.840 reward_error: 78.355
INFO : 2021-01-29 05:26:37,112 : state_square_error: 1.284 reward_error: 67.343
INFO : 2021-01-29 05:27:02,098 : state_square_error: 1.691 reward_error: 82.596
INFO : 2021-01-29 05:27:27,208 : state_square_error: 6.084 reward_error: 77.310
INFO : 2021-01-29 05:27:52,223 : state_square_error: 3.585 reward_error: 70.226
INFO : 2021-01-29 05:28:17,370 : state_square_error: 2.093 reward_error: 70.103
INFO : 2021-01-29 05:28:42,434 : state_square_error: 1.735 reward_error: 80.819
INFO : 2021-01-29 05:29:07,528 : state_square_error: 1.393 reward_error: 76.405
INFO : 2021-01-29 05:29:32,295 : episode: 76 score: 688.2 100 games avg: 688.2 steps 1000 
INFO : 2021-01-29 05:29:56,059 : state_square_error: 3.038 reward_error: 83.635
INFO : 2021-01-29 05:30:21,194 : state_square_error: 1.972 reward_error: 74.631
INFO : 2021-01-29 05:30:46,201 : state_square_error: 1.851 reward_error: 77.543
INFO : 2021-01-29 05:31:11,254 : state_square_error: 0.356 reward_error: 73.814
INFO : 2021-01-29 05:31:36,370 : state_square_error: 3.758 reward_error: 92.795
INFO : 2021-01-29 05:32:01,419 : state_square_error: 1.467 reward_error: 78.886
INFO : 2021-01-29 05:32:26,521 : state_square_error: 1.105 reward_error: 83.885
INFO : 2021-01-29 05:32:51,532 : state_square_error: 2.700 reward_error: 80.268
INFO : 2021-01-29 05:33:16,648 : state_square_error: 1.694 reward_error: 77.885
INFO : 2021-01-29 05:33:41,625 : state_square_error: 3.272 reward_error: 76.547
INFO : 2021-01-29 05:34:06,382 : episode: 77 score: 717.7 100 games avg: 717.7 steps 1000 
INFO : 2021-01-29 05:34:30,412 : state_square_error: 2.391 reward_error: 75.488
INFO : 2021-01-29 05:34:55,531 : state_square_error: 2.830 reward_error: 74.814
INFO : 2021-01-29 05:35:20,619 : state_square_error: 1.632 reward_error: 77.691
INFO : 2021-01-29 05:35:45,755 : state_square_error: 1.128 reward_error: 77.365
INFO : 2021-01-29 05:36:10,793 : state_square_error: 4.371 reward_error: 73.232
INFO : 2021-01-29 05:36:35,861 : state_square_error: 2.996 reward_error: 78.198
INFO : 2021-01-29 05:37:00,954 : state_square_error: 0.966 reward_error: 78.142
INFO : 2021-01-29 05:37:26,061 : state_square_error: 2.198 reward_error: 79.454
INFO : 2021-01-29 05:37:51,152 : state_square_error: 1.433 reward_error: 74.809
INFO : 2021-01-29 05:38:16,260 : state_square_error: 3.517 reward_error: 76.087
INFO : 2021-01-29 05:38:41,027 : episode: 78 score: 761.9 100 games avg: 761.9 steps 1000 
INFO : 2021-01-29 05:39:05,423 : state_square_error: 2.816 reward_error: 85.399
INFO : 2021-01-29 05:39:30,379 : state_square_error: 5.006 reward_error: 74.999
INFO : 2021-01-29 05:39:55,492 : state_square_error: 1.276 reward_error: 81.854
INFO : 2021-01-29 05:40:20,559 : state_square_error: 3.399 reward_error: 80.746
INFO : 2021-01-29 05:40:45,697 : state_square_error: 7.463 reward_error: 78.859
INFO : 2021-01-29 05:41:10,782 : state_square_error: 0.503 reward_error: 77.696
INFO : 2021-01-29 05:41:35,893 : state_square_error: 2.012 reward_error: 73.169
INFO : 2021-01-29 05:42:00,993 : state_square_error: 1.294 reward_error: 75.488
INFO : 2021-01-29 05:42:26,009 : state_square_error: 1.422 reward_error: 76.131
INFO : 2021-01-29 05:42:51,020 : state_square_error: 2.935 reward_error: 83.948
INFO : 2021-01-29 05:43:15,796 : episode: 79 score: 756.1 100 games avg: 756.1 steps 1000 
INFO : 2021-01-29 05:43:40,366 : state_square_error: 3.928 reward_error: 86.896
INFO : 2021-01-29 05:44:05,434 : state_square_error: 0.772 reward_error: 75.275
INFO : 2021-01-29 05:44:30,408 : state_square_error: 9.043 reward_error: 75.887
INFO : 2021-01-29 05:44:55,443 : state_square_error: 1.388 reward_error: 85.699
INFO : 2021-01-29 05:45:20,566 : state_square_error: 2.524 reward_error: 80.098
INFO : 2021-01-29 05:45:45,599 : state_square_error: 8.226 reward_error: 81.362
INFO : 2021-01-29 05:46:10,802 : state_square_error: 2.425 reward_error: 75.773
INFO : 2021-01-29 05:46:35,885 : state_square_error: 6.848 reward_error: 78.030
INFO : 2021-01-29 05:47:01,006 : state_square_error: 3.700 reward_error: 81.426
INFO : 2021-01-29 05:47:26,029 : state_square_error: 3.713 reward_error: 73.666
INFO : 2021-01-29 05:47:50,889 : episode: 80 score: 750.5 100 games avg: 750.5 steps 1000 
INFO : 2021-01-29 05:48:15,854 : state_square_error: 0.947 reward_error: 81.744
INFO : 2021-01-29 05:48:40,930 : state_square_error: 1.144 reward_error: 78.394
INFO : 2021-01-29 05:49:05,996 : state_square_error: 1.771 reward_error: 76.219
INFO : 2021-01-29 05:49:31,004 : state_square_error: 2.144 reward_error: 80.280
INFO : 2021-01-29 05:49:55,877 : state_square_error: 2.426 reward_error: 79.740
INFO : 2021-01-29 05:50:20,964 : state_square_error: 1.441 reward_error: 77.649
INFO : 2021-01-29 05:50:46,114 : state_square_error: 9.623 reward_error: 75.064
INFO : 2021-01-29 05:51:11,266 : state_square_error: 1.686 reward_error: 77.613
INFO : 2021-01-29 05:51:36,287 : state_square_error: 3.864 reward_error: 85.660
INFO : 2021-01-29 05:52:01,356 : state_square_error: 1.647 reward_error: 80.660
INFO : 2021-01-29 05:52:26,155 : episode: 81 score: 712.7 100 games avg: 712.7 steps 1000 
INFO : 2021-01-29 05:52:51,365 : state_square_error: 1.472 reward_error: 87.906
INFO : 2021-01-29 05:53:16,519 : state_square_error: 0.831 reward_error: 77.772
INFO : 2021-01-29 05:53:41,650 : state_square_error: 2.872 reward_error: 79.047
INFO : 2021-01-29 05:54:06,762 : state_square_error: 1.584 reward_error: 88.068
INFO : 2021-01-29 05:54:31,830 : state_square_error: 0.514 reward_error: 76.216
INFO : 2021-01-29 05:54:56,838 : state_square_error: 2.378 reward_error: 74.803
INFO : 2021-01-29 05:55:22,024 : state_square_error: 2.506 reward_error: 84.334
INFO : 2021-01-29 05:55:47,094 : state_square_error: 3.351 reward_error: 80.515
INFO : 2021-01-29 05:56:12,170 : state_square_error: 7.069 reward_error: 75.851
INFO : 2021-01-29 05:56:37,214 : state_square_error: 1.036 reward_error: 79.331
INFO : 2021-01-29 05:57:02,039 : episode: 82 score: 783.0 100 games avg: 783.0 steps 1000 
INFO : 2021-01-29 05:57:27,703 : state_square_error: 3.304 reward_error: 83.330
INFO : 2021-01-29 05:57:52,804 : state_square_error: 3.965 reward_error: 75.843
INFO : 2021-01-29 05:58:17,889 : state_square_error: 1.150 reward_error: 77.480
INFO : 2021-01-29 05:58:43,003 : state_square_error: 2.540 reward_error: 76.742
INFO : 2021-01-29 05:59:08,086 : state_square_error: 1.634 reward_error: 73.063
INFO : 2021-01-29 05:59:33,185 : state_square_error: 0.572 reward_error: 77.343
INFO : 2021-01-29 05:59:58,379 : state_square_error: 1.265 reward_error: 79.432
INFO : 2021-01-29 06:00:23,458 : state_square_error: 2.762 reward_error: 80.948
INFO : 2021-01-29 06:00:48,514 : state_square_error: 1.636 reward_error: 68.377
INFO : 2021-01-29 06:01:13,534 : state_square_error: 1.923 reward_error: 77.436
INFO : 2021-01-29 06:01:38,264 : episode: 83 score: 684.4 100 games avg: 684.4 steps 1000 
INFO : 2021-01-29 06:02:04,335 : state_square_error: 5.885 reward_error: 78.544
INFO : 2021-01-29 06:02:29,424 : state_square_error: 1.666 reward_error: 86.471
INFO : 2021-01-29 06:02:54,456 : state_square_error: 3.845 reward_error: 73.992
INFO : 2021-01-29 06:03:19,563 : state_square_error: 12.910 reward_error: 88.607
INFO : 2021-01-29 06:03:44,542 : state_square_error: 3.014 reward_error: 82.875
INFO : 2021-01-29 06:04:09,602 : state_square_error: 1.851 reward_error: 82.181
INFO : 2021-01-29 06:04:34,646 : state_square_error: 4.573 reward_error: 83.103
INFO : 2021-01-29 06:04:59,618 : state_square_error: 4.723 reward_error: 81.370
INFO : 2021-01-29 06:05:24,676 : state_square_error: 1.619 reward_error: 81.654
INFO : 2021-01-29 06:05:49,769 : state_square_error: 9.377 reward_error: 86.774
INFO : 2021-01-29 06:06:14,624 : episode: 84 score: 765.3 100 games avg: 765.3 steps 1000 
INFO : 2021-01-29 06:06:41,003 : state_square_error: 8.425 reward_error: 97.418
INFO : 2021-01-29 06:07:06,156 : state_square_error: 2.275 reward_error: 79.848
INFO : 2021-01-29 06:07:31,220 : state_square_error: 0.768 reward_error: 84.669
INFO : 2021-01-29 06:07:56,328 : state_square_error: 3.191 reward_error: 87.519
INFO : 2021-01-29 06:08:21,420 : state_square_error: 0.803 reward_error: 86.667
INFO : 2021-01-29 06:08:46,531 : state_square_error: 7.678 reward_error: 89.588
INFO : 2021-01-29 06:09:11,702 : state_square_error: 0.281 reward_error: 89.020
INFO : 2021-01-29 06:09:36,824 : state_square_error: 5.641 reward_error: 88.066
INFO : 2021-01-29 06:10:01,968 : state_square_error: 2.046 reward_error: 80.651
INFO : 2021-01-29 06:10:26,961 : state_square_error: 0.663 reward_error: 89.718
INFO : 2021-01-29 06:10:51,782 : episode: 85 score: 822.1 100 games avg: 822.1 steps 1000 
INFO : 2021-01-29 06:11:18,053 : state_square_error: 4.938 reward_error: 88.481
INFO : 2021-01-29 06:11:43,149 : state_square_error: 2.312 reward_error: 79.394
INFO : 2021-01-29 06:12:08,183 : state_square_error: 2.081 reward_error: 78.520
INFO : 2021-01-29 06:12:33,272 : state_square_error: 2.492 reward_error: 77.308
INFO : 2021-01-29 06:12:58,387 : state_square_error: 1.007 reward_error: 89.621
INFO : 2021-01-29 06:13:23,544 : state_square_error: 3.610 reward_error: 82.674
INFO : 2021-01-29 06:13:48,634 : state_square_error: 1.700 reward_error: 78.567
INFO : 2021-01-29 06:14:13,710 : state_square_error: 2.142 reward_error: 83.050
INFO : 2021-01-29 06:14:38,826 : state_square_error: 3.197 reward_error: 85.389
INFO : 2021-01-29 06:15:03,998 : state_square_error: 1.982 reward_error: 79.248
INFO : 2021-01-29 06:15:28,782 : episode: 86 score: 759.2 100 games avg: 759.2 steps 1000 
INFO : 2021-01-29 06:15:55,529 : state_square_error: 4.082 reward_error: 82.987
INFO : 2021-01-29 06:16:20,543 : state_square_error: 3.324 reward_error: 91.149
INFO : 2021-01-29 06:16:45,687 : state_square_error: 2.565 reward_error: 88.774
INFO : 2021-01-29 06:17:10,808 : state_square_error: 2.112 reward_error: 85.331
INFO : 2021-01-29 06:17:35,879 : state_square_error: 5.277 reward_error: 92.308
INFO : 2021-01-29 06:18:01,022 : state_square_error: 2.799 reward_error: 80.227
INFO : 2021-01-29 06:18:26,034 : state_square_error: 1.759 reward_error: 85.394
INFO : 2021-01-29 06:18:51,029 : state_square_error: 1.121 reward_error: 84.606
INFO : 2021-01-29 06:19:16,122 : state_square_error: 1.559 reward_error: 85.395
INFO : 2021-01-29 06:19:41,252 : state_square_error: 5.452 reward_error: 76.331
INFO : 2021-01-29 06:20:06,085 : episode: 87 score: 775.3 100 games avg: 775.3 steps 1000 
INFO : 2021-01-29 06:20:33,237 : state_square_error: 5.947 reward_error: 79.570
INFO : 2021-01-29 06:20:58,029 : state_square_error: 1.087 reward_error: 70.923
INFO : 2021-01-29 06:21:23,100 : state_square_error: 6.821 reward_error: 85.428
INFO : 2021-01-29 06:21:48,147 : state_square_error: 3.281 reward_error: 92.178
INFO : 2021-01-29 06:22:13,340 : state_square_error: 5.812 reward_error: 83.468
INFO : 2021-01-29 06:22:38,433 : state_square_error: 2.462 reward_error: 81.670
INFO : 2021-01-29 06:23:03,505 : state_square_error: 4.841 reward_error: 92.896
INFO : 2021-01-29 06:23:28,541 : state_square_error: 1.603 reward_error: 84.339
INFO : 2021-01-29 06:23:53,606 : state_square_error: 3.092 reward_error: 78.094
INFO : 2021-01-29 06:24:18,744 : state_square_error: 2.017 reward_error: 81.398
INFO : 2021-01-29 06:24:43,476 : episode: 88 score: 723.5 100 games avg: 723.5 steps 1000 
INFO : 2021-01-29 06:25:10,960 : state_square_error: 6.514 reward_error: 80.785
INFO : 2021-01-29 06:25:35,989 : state_square_error: 3.798 reward_error: 71.237
INFO : 2021-01-29 06:26:01,064 : state_square_error: 1.946 reward_error: 84.727
INFO : 2021-01-29 06:26:26,183 : state_square_error: 1.105 reward_error: 91.223
INFO : 2021-01-29 06:26:51,371 : state_square_error: 1.512 reward_error: 84.904
INFO : 2021-01-29 06:27:16,365 : state_square_error: 1.700 reward_error: 87.783
INFO : 2021-01-29 06:27:41,334 : state_square_error: 5.059 reward_error: 88.426
INFO : 2021-01-29 06:28:06,258 : state_square_error: 2.627 reward_error: 85.026
INFO : 2021-01-29 06:28:31,322 : state_square_error: 1.224 reward_error: 78.523
INFO : 2021-01-29 06:28:56,290 : state_square_error: 1.612 reward_error: 88.077
INFO : 2021-01-29 06:29:21,141 : episode: 89 score: 703.6 100 games avg: 703.6 steps 1000 
INFO : 2021-01-29 06:29:48,899 : state_square_error: 5.147 reward_error: 91.257
INFO : 2021-01-29 06:30:14,029 : state_square_error: 3.248 reward_error: 80.703
INFO : 2021-01-29 06:30:38,965 : state_square_error: 3.503 reward_error: 81.891
INFO : 2021-01-29 06:31:04,086 : state_square_error: 1.191 reward_error: 83.212
INFO : 2021-01-29 06:31:29,282 : state_square_error: 0.965 reward_error: 83.345
INFO : 2021-01-29 06:31:54,304 : state_square_error: 2.946 reward_error: 81.125
INFO : 2021-01-29 06:32:19,378 : state_square_error: 1.800 reward_error: 80.985
INFO : 2021-01-29 06:32:44,486 : state_square_error: 1.712 reward_error: 82.568
INFO : 2021-01-29 06:33:09,486 : state_square_error: 1.062 reward_error: 92.400
INFO : 2021-01-29 06:33:34,494 : state_square_error: 3.486 reward_error: 87.358
INFO : 2021-01-29 06:33:59,327 : episode: 90 score: 834.5 100 games avg: 834.5 steps 1000 
INFO : 2021-01-29 06:34:27,376 : state_square_error: 3.239 reward_error: 86.103
INFO : 2021-01-29 06:34:52,365 : state_square_error: 1.422 reward_error: 85.079
INFO : 2021-01-29 06:35:17,369 : state_square_error: 4.732 reward_error: 80.191
INFO : 2021-01-29 06:35:42,477 : state_square_error: 4.229 reward_error: 86.689
INFO : 2021-01-29 06:36:07,683 : state_square_error: 11.692 reward_error: 87.126
INFO : 2021-01-29 06:36:32,699 : state_square_error: 3.364 reward_error: 96.191
INFO : 2021-01-29 06:36:57,759 : state_square_error: 8.520 reward_error: 82.102
INFO : 2021-01-29 06:37:22,763 : state_square_error: 2.893 reward_error: 83.233
INFO : 2021-01-29 06:37:47,830 : state_square_error: 1.790 reward_error: 87.802
INFO : 2021-01-29 06:38:12,986 : state_square_error: 4.832 reward_error: 96.001
INFO : 2021-01-29 06:38:37,776 : episode: 91 score: 762.4 100 games avg: 762.4 steps 1000 
INFO : 2021-01-29 06:39:06,162 : state_square_error: 2.214 reward_error: 89.870
INFO : 2021-01-29 06:39:31,257 : state_square_error: 1.159 reward_error: 86.402
INFO : 2021-01-29 06:39:56,318 : state_square_error: 1.442 reward_error: 78.786
INFO : 2021-01-29 06:40:21,391 : state_square_error: 3.086 reward_error: 86.579
INFO : 2021-01-29 06:40:46,482 : state_square_error: 1.512 reward_error: 81.056
INFO : 2021-01-29 06:41:11,527 : state_square_error: 2.033 reward_error: 96.710
INFO : 2021-01-29 06:41:36,615 : state_square_error: 1.667 reward_error: 87.893
INFO : 2021-01-29 06:42:01,701 : state_square_error: 7.434 reward_error: 81.140
INFO : 2021-01-29 06:42:26,712 : state_square_error: 1.535 reward_error: 85.642
INFO : 2021-01-29 06:42:51,755 : state_square_error: 5.226 reward_error: 84.705
INFO : 2021-01-29 06:43:16,592 : episode: 92 score: 714.4 100 games avg: 714.4 steps 1000 
INFO : 2021-01-29 06:43:45,308 : state_square_error: 2.701 reward_error: 83.183
INFO : 2021-01-29 06:44:10,395 : state_square_error: 2.816 reward_error: 90.169
INFO : 2021-01-29 06:44:35,499 : state_square_error: 1.737 reward_error: 90.171
INFO : 2021-01-29 06:45:00,646 : state_square_error: 1.193 reward_error: 83.038
INFO : 2021-01-29 06:45:25,802 : state_square_error: 2.459 reward_error: 82.527
INFO : 2021-01-29 06:45:50,870 : state_square_error: 3.147 reward_error: 90.067
INFO : 2021-01-29 06:46:15,864 : state_square_error: 0.750 reward_error: 79.386
INFO : 2021-01-29 06:46:40,902 : state_square_error: 0.756 reward_error: 86.859
INFO : 2021-01-29 06:47:05,918 : state_square_error: 8.709 reward_error: 85.187
INFO : 2021-01-29 06:47:30,860 : state_square_error: 5.374 reward_error: 81.292
INFO : 2021-01-29 06:47:55,704 : episode: 93 score: 785.8 100 games avg: 785.8 steps 1000 
INFO : 2021-01-29 06:48:24,720 : state_square_error: 2.564 reward_error: 85.828
INFO : 2021-01-29 06:48:49,770 : state_square_error: 4.907 reward_error: 96.001
INFO : 2021-01-29 06:49:14,715 : state_square_error: 1.509 reward_error: 80.740
INFO : 2021-01-29 06:49:39,733 : state_square_error: 2.989 reward_error: 84.762
INFO : 2021-01-29 06:50:04,835 : state_square_error: 6.908 reward_error: 92.511
INFO : 2021-01-29 06:50:30,156 : state_square_error: 1.390 reward_error: 94.064
INFO : 2021-01-29 06:50:55,134 : state_square_error: 2.614 reward_error: 84.887
INFO : 2021-01-29 06:51:20,162 : state_square_error: 0.984 reward_error: 86.036
INFO : 2021-01-29 06:51:45,213 : state_square_error: 2.242 reward_error: 93.021
INFO : 2021-01-29 06:52:10,314 : state_square_error: 1.505 reward_error: 83.268
INFO : 2021-01-29 06:52:35,193 : episode: 94 score: 716.7 100 games avg: 716.7 steps 1000 
INFO : 2021-01-29 06:53:04,632 : state_square_error: 2.251 reward_error: 95.046
INFO : 2021-01-29 06:53:29,685 : state_square_error: 1.172 reward_error: 88.928
INFO : 2021-01-29 06:53:54,731 : state_square_error: 0.556 reward_error: 83.277
INFO : 2021-01-29 06:54:20,048 : state_square_error: 0.954 reward_error: 92.687
INFO : 2021-01-29 06:54:45,158 : state_square_error: 2.341 reward_error: 87.808
INFO : 2021-01-29 06:55:10,214 : state_square_error: 1.660 reward_error: 88.185
INFO : 2021-01-29 06:55:35,014 : state_square_error: 4.857 reward_error: 89.412
INFO : 2021-01-29 06:56:00,126 : state_square_error: 2.870 reward_error: 94.747
INFO : 2021-01-29 06:56:25,141 : state_square_error: 0.765 reward_error: 95.045
INFO : 2021-01-29 06:56:50,253 : state_square_error: 9.098 reward_error: 88.071
INFO : 2021-01-29 06:57:15,080 : episode: 95 score: 799.8 100 games avg: 799.8 steps 1000 
INFO : 2021-01-29 06:57:44,785 : state_square_error: 2.601 reward_error: 93.133
INFO : 2021-01-29 06:58:09,845 : state_square_error: 1.054 reward_error: 91.612
INFO : 2021-01-29 06:58:34,895 : state_square_error: 2.338 reward_error: 86.194
INFO : 2021-01-29 06:59:00,026 : state_square_error: 2.623 reward_error: 82.800
INFO : 2021-01-29 06:59:24,975 : state_square_error: 1.017 reward_error: 88.348
INFO : 2021-01-29 06:59:50,041 : state_square_error: 0.519 reward_error: 84.508
INFO : 2021-01-29 07:00:15,142 : state_square_error: 0.599 reward_error: 80.111
INFO : 2021-01-29 07:00:40,003 : state_square_error: 1.470 reward_error: 79.836
INFO : 2021-01-29 07:01:05,073 : state_square_error: 2.357 reward_error: 85.054
INFO : 2021-01-29 07:01:30,114 : state_square_error: 2.756 reward_error: 90.127
INFO : 2021-01-29 07:01:54,863 : episode: 96 score: 739.9 100 games avg: 739.9 steps 1000 
INFO : 2021-01-29 07:02:24,835 : state_square_error: 1.792 reward_error: 94.696
INFO : 2021-01-29 07:02:49,927 : state_square_error: 3.777 reward_error: 98.306
INFO : 2021-01-29 07:03:15,011 : state_square_error: 1.712 reward_error: 86.054
INFO : 2021-01-29 07:03:40,157 : state_square_error: 1.932 reward_error: 89.303
INFO : 2021-01-29 07:04:05,207 : state_square_error: 1.392 reward_error: 87.681
INFO : 2021-01-29 07:04:30,307 : state_square_error: 0.827 reward_error: 90.183
INFO : 2021-01-29 07:04:55,448 : state_square_error: 2.543 reward_error: 90.444
INFO : 2021-01-29 07:05:20,551 : state_square_error: 1.719 reward_error: 83.562
INFO : 2021-01-29 07:05:45,638 : state_square_error: 1.514 reward_error: 90.344
INFO : 2021-01-29 07:06:10,719 : state_square_error: 3.912 reward_error: 92.686
INFO : 2021-01-29 07:06:35,570 : episode: 97 score: 783.4 100 games avg: 783.4 steps 1000 
INFO : 2021-01-29 07:07:05,862 : state_square_error: 4.393 reward_error: 91.982
INFO : 2021-01-29 07:07:30,963 : state_square_error: 1.595 reward_error: 83.895
INFO : 2021-01-29 07:07:55,975 : state_square_error: 1.409 reward_error: 82.291
INFO : 2021-01-29 07:08:20,873 : state_square_error: 3.369 reward_error: 96.247
INFO : 2021-01-29 07:08:45,793 : state_square_error: 3.806 reward_error: 86.139
INFO : 2021-01-29 07:09:10,712 : state_square_error: 3.263 reward_error: 88.188
INFO : 2021-01-29 07:09:35,615 : state_square_error: 7.969 reward_error: 87.795
INFO : 2021-01-29 07:10:00,575 : state_square_error: 6.189 reward_error: 85.334
INFO : 2021-01-29 07:10:25,563 : state_square_error: 1.118 reward_error: 83.268
INFO : 2021-01-29 07:10:50,508 : state_square_error: 5.021 reward_error: 88.967
INFO : 2021-01-29 07:11:15,100 : episode: 98 score: 729.4 100 games avg: 729.4 steps 1000 
INFO : 2021-01-29 07:11:47,161 : state_square_error: 1.510 reward_error: 93.064
INFO : 2021-01-29 07:12:12,111 : state_square_error: 6.456 reward_error: 92.725
INFO : 2021-01-29 07:12:37,057 : state_square_error: 3.765 reward_error: 82.035
INFO : 2021-01-29 07:13:02,007 : state_square_error: 1.180 reward_error: 88.982
INFO : 2021-01-29 07:13:26,952 : state_square_error: 2.570 reward_error: 90.467
INFO : 2021-01-29 07:13:51,839 : state_square_error: 2.798 reward_error: 88.516
INFO : 2021-01-29 07:14:16,833 : state_square_error: 2.822 reward_error: 95.128
INFO : 2021-01-29 07:14:41,770 : state_square_error: 9.187 reward_error: 86.763
INFO : 2021-01-29 07:15:06,702 : state_square_error: 1.871 reward_error: 90.547
INFO : 2021-01-29 07:15:31,559 : state_square_error: 3.219 reward_error: 90.388
INFO : 2021-01-29 07:15:56,142 : episode: 99 score: 857.6 100 games avg: 857.6 steps 1000 
