INFO : 2021-01-27 18:27:41,883 : method: Model Predictive Contorol
INFO : 2021-01-27 18:27:41,884 : parameter n_steps: 100 ensemble_size: 5 env: HalfCheetah-v2
INFO : 2021-01-27 18:27:44,950 : mpc horizon: 10 mpc_samples: 100 elite_sample: 30 grad_steps: 20
INFO : 2021-01-27 18:27:44,950 : mpc_function policy
INFO : 2021-01-27 18:27:44,950 : policy
INFO : 2021-01-27 18:27:45,127 : state_square_error: 1.628 reward_error: 3.318
INFO : 2021-01-27 18:28:01,623 : state_square_error: 0.891 reward_error: 2.478
INFO : 2021-01-27 18:28:18,100 : state_square_error: 0.828 reward_error: 2.802
INFO : 2021-01-27 18:28:35,142 : state_square_error: 44.494 reward_error: 7.216
INFO : 2021-01-27 18:28:52,782 : state_square_error: 82.569 reward_error: 19.477
INFO : 2021-01-27 18:29:10,421 : state_square_error: 138.787 reward_error: 34.606
INFO : 2021-01-27 18:29:28,065 : state_square_error: 28.256 reward_error: 11.271
INFO : 2021-01-27 18:29:45,707 : state_square_error: 260.055 reward_error: 23.256
INFO : 2021-01-27 18:30:03,948 : state_square_error: 141.254 reward_error: 14.926
INFO : 2021-01-27 18:30:21,516 : state_square_error: 91.966 reward_error: 12.229
INFO : 2021-01-27 18:30:38,918 : episode: 0 score: -46.1 100 games avg: -46.1 steps 1000 
INFO : 2021-01-27 18:30:39,664 : state_square_error: 7.513 reward_error: 3.570
INFO : 2021-01-27 18:30:57,280 : state_square_error: 34.336 reward_error: -0.278
INFO : 2021-01-27 18:31:14,907 : state_square_error: 36.151 reward_error: 3.389
INFO : 2021-01-27 18:31:32,542 : state_square_error: 24.031 reward_error: 7.465
INFO : 2021-01-27 18:31:50,172 : state_square_error: 26.003 reward_error: 3.602
INFO : 2021-01-27 18:32:07,803 : state_square_error: 22.770 reward_error: 8.873
INFO : 2021-01-27 18:32:25,431 : state_square_error: 51.125 reward_error: 11.792
INFO : 2021-01-27 18:32:43,061 : state_square_error: 51.472 reward_error: 7.508
INFO : 2021-01-27 18:33:00,700 : state_square_error: 17.519 reward_error: 6.849
INFO : 2021-01-27 18:33:18,340 : state_square_error: 10.240 reward_error: 9.154
INFO : 2021-01-27 18:33:35,801 : episode: 1 score: -166.7 100 games avg: -166.7 steps 1000 
INFO : 2021-01-27 18:33:37,304 : state_square_error: 164.569 reward_error: 16.745
INFO : 2021-01-27 18:33:54,900 : state_square_error: 385.871 reward_error: 20.979
INFO : 2021-01-27 18:34:12,497 : state_square_error: 175.727 reward_error: 19.166
INFO : 2021-01-27 18:34:30,109 : state_square_error: 125.539 reward_error: 22.038
INFO : 2021-01-27 18:34:47,764 : state_square_error: 121.807 reward_error: 20.687
INFO : 2021-01-27 18:35:05,365 : state_square_error: 124.280 reward_error: 16.409
INFO : 2021-01-27 18:35:22,978 : state_square_error: 61.867 reward_error: 17.026
INFO : 2021-01-27 18:35:40,617 : state_square_error: 311.288 reward_error: 15.245
INFO : 2021-01-27 18:35:58,237 : state_square_error: 30.245 reward_error: 13.379
INFO : 2021-01-27 18:36:15,847 : state_square_error: 281.201 reward_error: 23.578
INFO : 2021-01-27 18:36:33,293 : episode: 2 score: -133.9 100 games avg: -133.9 steps 1000 
INFO : 2021-01-27 18:36:35,487 : state_square_error: 77.102 reward_error: 22.667
INFO : 2021-01-27 18:36:53,658 : state_square_error: 191.849 reward_error: 15.831
INFO : 2021-01-27 18:37:11,421 : state_square_error: 283.246 reward_error: 24.580
INFO : 2021-01-27 18:37:29,123 : state_square_error: 396.781 reward_error: 18.411
INFO : 2021-01-27 18:37:46,792 : state_square_error: 104.520 reward_error: 14.253
INFO : 2021-01-27 18:38:04,476 : state_square_error: 318.254 reward_error: 15.439
INFO : 2021-01-27 18:38:22,101 : state_square_error: 133.571 reward_error: 15.245
INFO : 2021-01-27 18:38:39,738 : state_square_error: 130.669 reward_error: 9.666
INFO : 2021-01-27 18:38:57,403 : state_square_error: 554.704 reward_error: 17.582
INFO : 2021-01-27 18:39:15,200 : state_square_error: 159.778 reward_error: 22.471
INFO : 2021-01-27 18:39:32,659 : episode: 3 score: -162.8 100 games avg: -162.8 steps 1000 
INFO : 2021-01-27 18:39:35,599 : state_square_error: 34.187 reward_error: 5.930
INFO : 2021-01-27 18:39:53,239 : state_square_error: 44.118 reward_error: 9.985
INFO : 2021-01-27 18:40:10,878 : state_square_error: 24.967 reward_error: 10.498
INFO : 2021-01-27 18:40:28,522 : state_square_error: 74.555 reward_error: 12.342
INFO : 2021-01-27 18:40:46,165 : state_square_error: 82.204 reward_error: 11.627
INFO : 2021-01-27 18:41:03,799 : state_square_error: 43.000 reward_error: 4.290
INFO : 2021-01-27 18:41:21,437 : state_square_error: 67.194 reward_error: 18.473
INFO : 2021-01-27 18:41:39,085 : state_square_error: 228.228 reward_error: 7.325
INFO : 2021-01-27 18:41:56,717 : state_square_error: 44.312 reward_error: 13.919
INFO : 2021-01-27 18:42:14,342 : state_square_error: 112.336 reward_error: 11.175
INFO : 2021-01-27 18:42:31,792 : episode: 4 score: -188.1 100 games avg: -188.1 steps 1000 
INFO : 2021-01-27 18:42:35,540 : state_square_error: 63.353 reward_error: 6.188
INFO : 2021-01-27 18:42:53,164 : state_square_error: 95.420 reward_error: 4.222
INFO : 2021-01-27 18:43:10,802 : state_square_error: 42.377 reward_error: 7.560
INFO : 2021-01-27 18:43:29,224 : state_square_error: 16.161 reward_error: 7.846
INFO : 2021-01-27 18:43:46,948 : state_square_error: 78.971 reward_error: 8.131
INFO : 2021-01-27 18:44:04,591 : state_square_error: 24.064 reward_error: 11.500
INFO : 2021-01-27 18:44:22,230 : state_square_error: 121.899 reward_error: 10.006
INFO : 2021-01-27 18:44:39,892 : state_square_error: 16.380 reward_error: 6.182
INFO : 2021-01-27 18:44:57,553 : state_square_error: 41.571 reward_error: 8.472
INFO : 2021-01-27 18:45:15,215 : state_square_error: 7.433 reward_error: 9.285
INFO : 2021-01-27 18:45:32,682 : episode: 5 score: -219.1 100 games avg: -219.1 steps 1000 
INFO : 2021-01-27 18:45:37,090 : state_square_error: 40.135 reward_error: 6.249
INFO : 2021-01-27 18:45:54,706 : state_square_error: 23.713 reward_error: 6.798
INFO : 2021-01-27 18:46:12,321 : state_square_error: 47.886 reward_error: 6.280
INFO : 2021-01-27 18:46:29,953 : state_square_error: 56.872 reward_error: 6.115
INFO : 2021-01-27 18:46:47,672 : state_square_error: 61.736 reward_error: 6.741
INFO : 2021-01-27 18:47:05,974 : state_square_error: 13.882 reward_error: 4.798
INFO : 2021-01-27 18:47:23,621 : state_square_error: 7.957 reward_error: 3.287
INFO : 2021-01-27 18:47:41,232 : state_square_error: 74.831 reward_error: 11.625
INFO : 2021-01-27 18:47:58,792 : state_square_error: 53.290 reward_error: 6.408
INFO : 2021-01-27 18:48:16,412 : state_square_error: 15.820 reward_error: 7.748
INFO : 2021-01-27 18:48:33,835 : episode: 6 score: -207.5 100 games avg: -207.5 steps 1000 
INFO : 2021-01-27 18:48:39,033 : state_square_error: 8.800 reward_error: 2.645
INFO : 2021-01-27 18:48:56,690 : state_square_error: 56.355 reward_error: 3.918
INFO : 2021-01-27 18:49:14,336 : state_square_error: 39.023 reward_error: 5.743
INFO : 2021-01-27 18:49:31,980 : state_square_error: 39.750 reward_error: 11.273
INFO : 2021-01-27 18:49:49,613 : state_square_error: 71.557 reward_error: 5.022
INFO : 2021-01-27 18:50:07,248 : state_square_error: 48.723 reward_error: 4.174
INFO : 2021-01-27 18:50:24,885 : state_square_error: 13.744 reward_error: 3.305
INFO : 2021-01-27 18:50:42,533 : state_square_error: 15.310 reward_error: 4.148
INFO : 2021-01-27 18:51:00,176 : state_square_error: 22.246 reward_error: 9.448
INFO : 2021-01-27 18:51:17,845 : state_square_error: 50.619 reward_error: 3.785
INFO : 2021-01-27 18:51:35,316 : episode: 7 score: -207.1 100 games avg: -207.1 steps 1000 
INFO : 2021-01-27 18:51:41,238 : state_square_error: 9.282 reward_error: 1.273
INFO : 2021-01-27 18:51:58,867 : state_square_error: 55.690 reward_error: 7.295
INFO : 2021-01-27 18:52:16,506 : state_square_error: 16.480 reward_error: 6.498
INFO : 2021-01-27 18:52:34,142 : state_square_error: 39.324 reward_error: 3.046
INFO : 2021-01-27 18:52:51,797 : state_square_error: 60.421 reward_error: 2.824
INFO : 2021-01-27 18:53:09,439 : state_square_error: 38.084 reward_error: 4.865
INFO : 2021-01-27 18:53:27,094 : state_square_error: 9.334 reward_error: 3.082
INFO : 2021-01-27 18:53:44,749 : state_square_error: 23.534 reward_error: 1.921
INFO : 2021-01-27 18:54:02,357 : state_square_error: 37.708 reward_error: 6.671
INFO : 2021-01-27 18:54:20,001 : state_square_error: 76.688 reward_error: 2.490
INFO : 2021-01-27 18:54:37,426 : episode: 8 score: -110.9 100 games avg: -110.9 steps 1000 
INFO : 2021-01-27 18:54:44,197 : state_square_error: 39.066 reward_error: 4.474
INFO : 2021-01-27 18:55:01,796 : state_square_error: 17.864 reward_error: 0.467
INFO : 2021-01-27 18:55:19,395 : state_square_error: 16.710 reward_error: 7.919
INFO : 2021-01-27 18:55:36,985 : state_square_error: 37.602 reward_error: 2.751
INFO : 2021-01-27 18:55:54,573 : state_square_error: 29.822 reward_error: 7.117
INFO : 2021-01-27 18:56:12,224 : state_square_error: 36.529 reward_error: 5.082
INFO : 2021-01-27 18:56:29,885 : state_square_error: 52.504 reward_error: 5.607
INFO : 2021-01-27 18:56:47,526 : state_square_error: 27.080 reward_error: 10.071
INFO : 2021-01-27 18:57:05,201 : state_square_error: 65.697 reward_error: 5.696
INFO : 2021-01-27 18:57:22,850 : state_square_error: 49.397 reward_error: 10.401
INFO : 2021-01-27 18:57:40,309 : episode: 9 score: -144.6 100 games avg: -144.6 steps 1000 
INFO : 2021-01-27 18:57:47,817 : state_square_error: 13.310 reward_error: 6.486
INFO : 2021-01-27 18:58:05,434 : state_square_error: 56.136 reward_error: 6.058
INFO : 2021-01-27 18:58:23,031 : state_square_error: 60.643 reward_error: 7.201
INFO : 2021-01-27 18:58:40,683 : state_square_error: 3.715 reward_error: 3.729
INFO : 2021-01-27 18:58:58,336 : state_square_error: 108.490 reward_error: 6.097
INFO : 2021-01-27 18:59:15,981 : state_square_error: 27.627 reward_error: 4.793
INFO : 2021-01-27 18:59:33,607 : state_square_error: 39.994 reward_error: 6.533
INFO : 2021-01-27 18:59:51,261 : state_square_error: 143.061 reward_error: 1.786
INFO : 2021-01-27 19:00:08,873 : state_square_error: 40.218 reward_error: 5.735
INFO : 2021-01-27 19:00:26,520 : state_square_error: 20.493 reward_error: 6.447
INFO : 2021-01-27 19:00:44,006 : episode: 10 score: -103.1 100 games avg: -103.1 steps 1000 
INFO : 2021-01-27 19:00:52,174 : state_square_error: 27.418 reward_error: 8.552
INFO : 2021-01-27 19:01:09,785 : state_square_error: 8.800 reward_error: 4.153
INFO : 2021-01-27 19:01:27,418 : state_square_error: 38.617 reward_error: 5.696
INFO : 2021-01-27 19:01:45,052 : state_square_error: 16.423 reward_error: 1.007
INFO : 2021-01-27 19:02:02,691 : state_square_error: 41.706 reward_error: 6.760
INFO : 2021-01-27 19:02:20,332 : state_square_error: 19.377 reward_error: 4.122
INFO : 2021-01-27 19:02:37,974 : state_square_error: 86.309 reward_error: 4.295
INFO : 2021-01-27 19:02:55,641 : state_square_error: 71.296 reward_error: 4.265
INFO : 2021-01-27 19:03:13,320 : state_square_error: 39.079 reward_error: 4.285
INFO : 2021-01-27 19:03:30,978 : state_square_error: 27.155 reward_error: 5.829
INFO : 2021-01-27 19:03:48,460 : episode: 11 score: 2.6 100 games avg: 2.6 steps 1000 
INFO : 2021-01-27 19:03:57,413 : state_square_error: 6.794 reward_error: 1.261
INFO : 2021-01-27 19:04:15,023 : state_square_error: 48.239 reward_error: 1.485
INFO : 2021-01-27 19:04:32,683 : state_square_error: 23.185 reward_error: 7.652
INFO : 2021-01-27 19:04:50,320 : state_square_error: 10.642 reward_error: 0.699
INFO : 2021-01-27 19:05:08,556 : state_square_error: 61.068 reward_error: 4.581
INFO : 2021-01-27 19:05:26,206 : state_square_error: 15.058 reward_error: 4.282
INFO : 2021-01-27 19:05:43,914 : state_square_error: 4.525 reward_error: 3.545
INFO : 2021-01-27 19:06:01,515 : state_square_error: 50.859 reward_error: -0.282
INFO : 2021-01-27 19:06:19,143 : state_square_error: 104.470 reward_error: 2.487
INFO : 2021-01-27 19:06:36,737 : state_square_error: 45.006 reward_error: 3.971
INFO : 2021-01-27 19:06:54,203 : episode: 12 score: -30.8 100 games avg: -30.8 steps 1000 
INFO : 2021-01-27 19:07:03,874 : state_square_error: 37.268 reward_error: 2.204
INFO : 2021-01-27 19:07:21,509 : state_square_error: 56.001 reward_error: 4.882
INFO : 2021-01-27 19:07:39,128 : state_square_error: 20.623 reward_error: 8.552
INFO : 2021-01-27 19:07:56,769 : state_square_error: 65.561 reward_error: 3.656
INFO : 2021-01-27 19:08:14,415 : state_square_error: 50.233 reward_error: 3.149
INFO : 2021-01-27 19:08:32,056 : state_square_error: 53.479 reward_error: 8.314
INFO : 2021-01-27 19:08:49,684 : state_square_error: 49.696 reward_error: 6.076
INFO : 2021-01-27 19:09:07,308 : state_square_error: 9.961 reward_error: 4.397
INFO : 2021-01-27 19:09:24,947 : state_square_error: 67.652 reward_error: 4.611
INFO : 2021-01-27 19:09:42,590 : state_square_error: 40.736 reward_error: 5.025
INFO : 2021-01-27 19:10:00,059 : episode: 13 score: -2.5 100 games avg: -2.5 steps 1000 
INFO : 2021-01-27 19:10:10,556 : state_square_error: 14.217 reward_error: 5.792
INFO : 2021-01-27 19:10:28,121 : state_square_error: 26.006 reward_error: 7.218
INFO : 2021-01-27 19:10:45,745 : state_square_error: 18.312 reward_error: 4.569
INFO : 2021-01-27 19:11:03,381 : state_square_error: 8.374 reward_error: -1.952
INFO : 2021-01-27 19:11:21,012 : state_square_error: 50.169 reward_error: 11.625
INFO : 2021-01-27 19:11:38,654 : state_square_error: 77.784 reward_error: 5.063
INFO : 2021-01-27 19:11:56,293 : state_square_error: 18.704 reward_error: 3.846
INFO : 2021-01-27 19:12:13,945 : state_square_error: 69.243 reward_error: 5.248
INFO : 2021-01-27 19:12:31,571 : state_square_error: 41.187 reward_error: -0.012
INFO : 2021-01-27 19:12:49,146 : state_square_error: 42.871 reward_error: 5.872
INFO : 2021-01-27 19:13:06,550 : episode: 14 score: 25.3 100 games avg: 25.3 steps 1000 
INFO : 2021-01-27 19:13:17,842 : state_square_error: 18.242 reward_error: 5.104
INFO : 2021-01-27 19:13:35,435 : state_square_error: 29.474 reward_error: 6.135
INFO : 2021-01-27 19:13:53,041 : state_square_error: 53.107 reward_error: 0.750
INFO : 2021-01-27 19:14:10,629 : state_square_error: 41.400 reward_error: 4.457
INFO : 2021-01-27 19:14:28,234 : state_square_error: 57.151 reward_error: 4.395
INFO : 2021-01-27 19:14:45,825 : state_square_error: 58.736 reward_error: 6.914
INFO : 2021-01-27 19:15:03,437 : state_square_error: 12.553 reward_error: 3.931
INFO : 2021-01-27 19:15:21,064 : state_square_error: 14.971 reward_error: 5.616
INFO : 2021-01-27 19:15:38,734 : state_square_error: 29.644 reward_error: 4.133
INFO : 2021-01-27 19:15:56,332 : state_square_error: 20.794 reward_error: 5.547
INFO : 2021-01-27 19:16:13,738 : episode: 15 score: 91.1 100 games avg: 91.1 steps 1000 
INFO : 2021-01-27 19:16:25,780 : state_square_error: 26.687 reward_error: 8.029
INFO : 2021-01-27 19:16:43,418 : state_square_error: 62.677 reward_error: 6.490
INFO : 2021-01-27 19:17:01,042 : state_square_error: 12.104 reward_error: -1.479
INFO : 2021-01-27 19:17:18,696 : state_square_error: 74.491 reward_error: 5.727
INFO : 2021-01-27 19:17:36,324 : state_square_error: 151.233 reward_error: 5.633
INFO : 2021-01-27 19:17:53,947 : state_square_error: 62.145 reward_error: 4.300
INFO : 2021-01-27 19:18:11,572 : state_square_error: 27.379 reward_error: 4.795
INFO : 2021-01-27 19:18:29,192 : state_square_error: 31.180 reward_error: 5.284
INFO : 2021-01-27 19:18:46,831 : state_square_error: 44.696 reward_error: 3.039
INFO : 2021-01-27 19:19:04,467 : state_square_error: 22.420 reward_error: 5.139
INFO : 2021-01-27 19:19:22,557 : episode: 16 score: 104.8 100 games avg: 104.8 steps 1000 
INFO : 2021-01-27 19:19:35,373 : state_square_error: 21.397 reward_error: 1.850
INFO : 2021-01-27 19:19:53,008 : state_square_error: 15.539 reward_error: 5.406
INFO : 2021-01-27 19:20:10,628 : state_square_error: 84.754 reward_error: 0.152
INFO : 2021-01-27 19:20:28,279 : state_square_error: 22.592 reward_error: 4.511
INFO : 2021-01-27 19:20:45,855 : state_square_error: 35.504 reward_error: 8.639
INFO : 2021-01-27 19:21:03,467 : state_square_error: 55.299 reward_error: 6.633
INFO : 2021-01-27 19:21:21,054 : state_square_error: 25.265 reward_error: 3.207
INFO : 2021-01-27 19:21:38,643 : state_square_error: 28.285 reward_error: 7.340
INFO : 2021-01-27 19:21:56,224 : state_square_error: 19.110 reward_error: 4.525
INFO : 2021-01-27 19:22:13,797 : state_square_error: 19.361 reward_error: 5.823
INFO : 2021-01-27 19:22:31,194 : episode: 17 score: 83.6 100 games avg: 83.6 steps 1000 
INFO : 2021-01-27 19:22:44,821 : state_square_error: 27.379 reward_error: 2.414
INFO : 2021-01-27 19:23:02,460 : state_square_error: 38.310 reward_error: 6.436
INFO : 2021-01-27 19:23:20,089 : state_square_error: 10.192 reward_error: 6.000
INFO : 2021-01-27 19:23:37,716 : state_square_error: 92.220 reward_error: 4.720
INFO : 2021-01-27 19:23:55,351 : state_square_error: 32.204 reward_error: 9.686
INFO : 2021-01-27 19:24:12,982 : state_square_error: 103.474 reward_error: 2.902
INFO : 2021-01-27 19:24:30,608 : state_square_error: 46.885 reward_error: 0.777
INFO : 2021-01-27 19:24:48,246 : state_square_error: 15.608 reward_error: 1.237
INFO : 2021-01-27 19:25:05,879 : state_square_error: 22.732 reward_error: 4.450
INFO : 2021-01-27 19:25:23,512 : state_square_error: 70.442 reward_error: 6.810
INFO : 2021-01-27 19:25:40,972 : episode: 18 score: 120.3 100 games avg: 120.3 steps 1000 
INFO : 2021-01-27 19:25:55,304 : state_square_error: 44.764 reward_error: 7.463
INFO : 2021-01-27 19:26:13,006 : state_square_error: 19.484 reward_error: 5.026
INFO : 2021-01-27 19:26:30,649 : state_square_error: 18.466 reward_error: 2.603
INFO : 2021-01-27 19:26:48,306 : state_square_error: 22.917 reward_error: 2.054
INFO : 2021-01-27 19:27:05,963 : state_square_error: 34.381 reward_error: -0.246
INFO : 2021-01-27 19:27:23,552 : state_square_error: 59.321 reward_error: 7.622
INFO : 2021-01-27 19:27:41,156 : state_square_error: 80.787 reward_error: 4.648
INFO : 2021-01-27 19:27:58,789 : state_square_error: 23.170 reward_error: 4.996
INFO : 2021-01-27 19:28:16,388 : state_square_error: 63.875 reward_error: 6.734
INFO : 2021-01-27 19:28:33,953 : state_square_error: 23.343 reward_error: 5.864
INFO : 2021-01-27 19:28:51,357 : episode: 19 score: 96.6 100 games avg: 96.6 steps 1000 
INFO : 2021-01-27 19:29:06,553 : state_square_error: 25.737 reward_error: 5.145
INFO : 2021-01-27 19:29:24,184 : state_square_error: 8.231 reward_error: 4.287
INFO : 2021-01-27 19:29:41,793 : state_square_error: 36.671 reward_error: 3.214
INFO : 2021-01-27 19:29:59,358 : state_square_error: 43.422 reward_error: 3.136
INFO : 2021-01-27 19:30:16,991 : state_square_error: 43.329 reward_error: -1.088
INFO : 2021-01-27 19:30:34,623 : state_square_error: 31.306 reward_error: 3.758
INFO : 2021-01-27 19:30:52,257 : state_square_error: 71.136 reward_error: 1.492
INFO : 2021-01-27 19:31:09,892 : state_square_error: 18.517 reward_error: 8.332
INFO : 2021-01-27 19:31:27,534 : state_square_error: 25.884 reward_error: 3.707
INFO : 2021-01-27 19:31:45,183 : state_square_error: 52.589 reward_error: 2.928
INFO : 2021-01-27 19:32:02,628 : episode: 20 score: 198.5 100 games avg: 198.5 steps 1000 
INFO : 2021-01-27 19:32:18,505 : state_square_error: 12.156 reward_error: 2.487
INFO : 2021-01-27 19:32:36,126 : state_square_error: 41.423 reward_error: 7.985
INFO : 2021-01-27 19:32:53,751 : state_square_error: 28.033 reward_error: 2.349
INFO : 2021-01-27 19:33:11,374 : state_square_error: 10.477 reward_error: 7.758
INFO : 2021-01-27 19:33:29,011 : state_square_error: 50.060 reward_error: 0.842
INFO : 2021-01-27 19:33:46,613 : state_square_error: 41.927 reward_error: 8.068
INFO : 2021-01-27 19:34:04,232 : state_square_error: 71.770 reward_error: 7.928
INFO : 2021-01-27 19:34:21,836 : state_square_error: 9.579 reward_error: 4.216
INFO : 2021-01-27 19:34:39,459 : state_square_error: 58.248 reward_error: 3.858
INFO : 2021-01-27 19:34:57,076 : state_square_error: 34.233 reward_error: 5.333
INFO : 2021-01-27 19:35:14,513 : episode: 21 score: 170.0 100 games avg: 170.0 steps 1000 
INFO : 2021-01-27 19:35:31,031 : state_square_error: 98.434 reward_error: 4.927
INFO : 2021-01-27 19:35:48,630 : state_square_error: 74.993 reward_error: 1.667
INFO : 2021-01-27 19:36:06,245 : state_square_error: 45.907 reward_error: 6.125
INFO : 2021-01-27 19:36:23,854 : state_square_error: 57.729 reward_error: 7.886
INFO : 2021-01-27 19:36:41,486 : state_square_error: 112.875 reward_error: 9.145
INFO : 2021-01-27 19:36:59,116 : state_square_error: 30.762 reward_error: 4.365
INFO : 2021-01-27 19:37:16,742 : state_square_error: 48.134 reward_error: 1.350
INFO : 2021-01-27 19:37:34,373 : state_square_error: 52.724 reward_error: 1.777
INFO : 2021-01-27 19:37:52,001 : state_square_error: 16.033 reward_error: 2.881
INFO : 2021-01-27 19:38:09,626 : state_square_error: 60.025 reward_error: 5.679
INFO : 2021-01-27 19:38:27,074 : episode: 22 score: 253.1 100 games avg: 253.1 steps 1000 
INFO : 2021-01-27 19:38:44,442 : state_square_error: 4.496 reward_error: 8.287
INFO : 2021-01-27 19:39:02,024 : state_square_error: 59.641 reward_error: 12.778
INFO : 2021-01-27 19:39:19,635 : state_square_error: 81.068 reward_error: 6.402
INFO : 2021-01-27 19:39:37,272 : state_square_error: 51.436 reward_error: 6.574
INFO : 2021-01-27 19:39:54,905 : state_square_error: 51.766 reward_error: 9.131
INFO : 2021-01-27 19:40:12,535 : state_square_error: 84.165 reward_error: 11.095
INFO : 2021-01-27 19:40:30,192 : state_square_error: 13.392 reward_error: -1.264
INFO : 2021-01-27 19:40:47,969 : state_square_error: 46.670 reward_error: 4.324
INFO : 2021-01-27 19:41:05,998 : state_square_error: 43.675 reward_error: 2.537
INFO : 2021-01-27 19:41:23,647 : state_square_error: 33.113 reward_error: 3.869
INFO : 2021-01-27 19:41:41,112 : episode: 23 score: 317.3 100 games avg: 317.3 steps 1000 
INFO : 2021-01-27 19:41:59,961 : state_square_error: 43.603 reward_error: 3.275
INFO : 2021-01-27 19:42:17,602 : state_square_error: 96.244 reward_error: 2.791
INFO : 2021-01-27 19:42:35,265 : state_square_error: 27.236 reward_error: 5.862
INFO : 2021-01-27 19:42:52,964 : state_square_error: 7.290 reward_error: 8.746
INFO : 2021-01-27 19:43:11,342 : state_square_error: 44.974 reward_error: 6.691
INFO : 2021-01-27 19:43:32,885 : state_square_error: 17.728 reward_error: 7.449
INFO : 2021-01-27 19:43:54,360 : state_square_error: 35.038 reward_error: 8.898
INFO : 2021-01-27 19:44:15,951 : state_square_error: 58.706 reward_error: 8.184
INFO : 2021-01-27 19:44:37,345 : state_square_error: 29.586 reward_error: 2.444
INFO : 2021-01-27 19:44:58,663 : state_square_error: 56.859 reward_error: 5.811
INFO : 2021-01-27 19:45:19,936 : episode: 24 score: 313.2 100 games avg: 313.2 steps 1000 
INFO : 2021-01-27 19:45:39,020 : state_square_error: 13.213 reward_error: 5.938
INFO : 2021-01-27 19:46:00,430 : state_square_error: 5.527 reward_error: 7.727
INFO : 2021-01-27 19:46:21,911 : state_square_error: 49.142 reward_error: 6.503
INFO : 2021-01-27 19:46:43,229 : state_square_error: 51.399 reward_error: 8.260
INFO : 2021-01-27 19:47:04,693 : state_square_error: 35.976 reward_error: 5.480
INFO : 2021-01-27 19:47:26,261 : state_square_error: 64.481 reward_error: 2.931
INFO : 2021-01-27 19:47:47,701 : state_square_error: 32.629 reward_error: 6.015
INFO : 2021-01-27 19:48:09,182 : state_square_error: 61.766 reward_error: 8.648
INFO : 2021-01-27 19:48:30,658 : state_square_error: 60.138 reward_error: 5.422
INFO : 2021-01-27 19:48:52,027 : state_square_error: 35.185 reward_error: 4.871
INFO : 2021-01-27 19:49:13,203 : episode: 25 score: 453.5 100 games avg: 453.5 steps 1000 
INFO : 2021-01-27 19:49:32,938 : state_square_error: 31.713 reward_error: 2.156
INFO : 2021-01-27 19:49:54,356 : state_square_error: 49.143 reward_error: 1.503
INFO : 2021-01-27 19:50:15,896 : state_square_error: 91.448 reward_error: -0.165
INFO : 2021-01-27 19:50:37,398 : state_square_error: 17.023 reward_error: 3.576
INFO : 2021-01-27 19:50:58,756 : state_square_error: 95.538 reward_error: 5.051
INFO : 2021-01-27 19:51:20,061 : state_square_error: 36.211 reward_error: 8.408
INFO : 2021-01-27 19:51:41,605 : state_square_error: 26.865 reward_error: 7.902
INFO : 2021-01-27 19:52:03,044 : state_square_error: 49.423 reward_error: 9.430
INFO : 2021-01-27 19:52:24,397 : state_square_error: 45.032 reward_error: 3.925
INFO : 2021-01-27 19:52:45,891 : state_square_error: 24.603 reward_error: 10.501
INFO : 2021-01-27 19:53:07,024 : episode: 26 score: 348.8 100 games avg: 348.8 steps 1000 
INFO : 2021-01-27 19:53:27,443 : state_square_error: 12.880 reward_error: 5.643
INFO : 2021-01-27 19:53:48,796 : state_square_error: 45.658 reward_error: 8.321
INFO : 2021-01-27 19:54:10,253 : state_square_error: 56.512 reward_error: 8.554
INFO : 2021-01-27 19:54:31,678 : state_square_error: 22.259 reward_error: 8.914
INFO : 2021-01-27 19:54:53,003 : state_square_error: 48.559 reward_error: 7.339
INFO : 2021-01-27 19:55:14,388 : state_square_error: 57.814 reward_error: 4.244
INFO : 2021-01-27 19:55:35,730 : state_square_error: 31.492 reward_error: 11.283
INFO : 2021-01-27 19:55:57,255 : state_square_error: 55.349 reward_error: 3.127
INFO : 2021-01-27 19:56:18,868 : state_square_error: 19.768 reward_error: 11.788
INFO : 2021-01-27 19:56:40,213 : state_square_error: 10.428 reward_error: 2.629
INFO : 2021-01-27 19:57:01,364 : episode: 27 score: 561.9 100 games avg: 561.9 steps 1000 
INFO : 2021-01-27 19:57:22,715 : state_square_error: 58.735 reward_error: 6.436
INFO : 2021-01-27 19:57:44,272 : state_square_error: 42.170 reward_error: 6.074
INFO : 2021-01-27 19:58:05,657 : state_square_error: 34.169 reward_error: 6.709
INFO : 2021-01-27 19:58:26,957 : state_square_error: 31.933 reward_error: 3.305
INFO : 2021-01-27 19:58:48,467 : state_square_error: 39.461 reward_error: 4.962
INFO : 2021-01-27 19:59:09,881 : state_square_error: 62.894 reward_error: 4.974
INFO : 2021-01-27 19:59:31,242 : state_square_error: 60.728 reward_error: 6.799
INFO : 2021-01-27 19:59:52,722 : state_square_error: 33.850 reward_error: 1.125
INFO : 2021-01-27 20:00:14,115 : state_square_error: 50.670 reward_error: 3.001
INFO : 2021-01-27 20:00:35,602 : state_square_error: 82.414 reward_error: 13.633
INFO : 2021-01-27 20:00:56,814 : episode: 28 score: 475.6 100 games avg: 475.6 steps 1000 
INFO : 2021-01-27 20:01:18,614 : state_square_error: 26.247 reward_error: 12.720
INFO : 2021-01-27 20:01:39,952 : state_square_error: 30.378 reward_error: 6.041
INFO : 2021-01-27 20:02:01,406 : state_square_error: 17.637 reward_error: 8.249
INFO : 2021-01-27 20:02:22,776 : state_square_error: 41.448 reward_error: 5.833
INFO : 2021-01-27 20:02:44,205 : state_square_error: 20.668 reward_error: 11.350
INFO : 2021-01-27 20:03:05,617 : state_square_error: 60.661 reward_error: 4.541
INFO : 2021-01-27 20:03:26,913 : state_square_error: 83.018 reward_error: 6.567
INFO : 2021-01-27 20:03:48,213 : state_square_error: 29.418 reward_error: 6.267
INFO : 2021-01-27 20:04:09,700 : state_square_error: 79.105 reward_error: 6.893
INFO : 2021-01-27 20:04:31,047 : state_square_error: 37.708 reward_error: 7.073
INFO : 2021-01-27 20:04:52,299 : episode: 29 score: 461.7 100 games avg: 461.7 steps 1000 
INFO : 2021-01-27 20:05:14,988 : state_square_error: 59.945 reward_error: 9.207
INFO : 2021-01-27 20:05:36,461 : state_square_error: 97.306 reward_error: 4.032
INFO : 2021-01-27 20:05:57,967 : state_square_error: 41.779 reward_error: 8.673
INFO : 2021-01-27 20:06:19,401 : state_square_error: 31.912 reward_error: 6.820
INFO : 2021-01-27 20:06:40,848 : state_square_error: 37.924 reward_error: 10.303
INFO : 2021-01-27 20:07:02,209 : state_square_error: 14.738 reward_error: 6.051
INFO : 2021-01-27 20:07:23,665 : state_square_error: 70.270 reward_error: 8.437
INFO : 2021-01-27 20:07:45,167 : state_square_error: 32.504 reward_error: 6.512
INFO : 2021-01-27 20:08:06,602 : state_square_error: 55.028 reward_error: 11.940
INFO : 2021-01-27 20:08:27,962 : state_square_error: 16.099 reward_error: 5.331
INFO : 2021-01-27 20:08:49,323 : episode: 30 score: 549.6 100 games avg: 549.6 steps 1000 
INFO : 2021-01-27 20:09:12,915 : state_square_error: 52.927 reward_error: 11.241
INFO : 2021-01-27 20:09:34,336 : state_square_error: 55.626 reward_error: 9.320
INFO : 2021-01-27 20:09:55,806 : state_square_error: 27.411 reward_error: 5.259
INFO : 2021-01-27 20:10:17,255 : state_square_error: 24.183 reward_error: 7.033
INFO : 2021-01-27 20:10:38,645 : state_square_error: 50.542 reward_error: 5.482
INFO : 2021-01-27 20:10:59,949 : state_square_error: 21.358 reward_error: 8.900
INFO : 2021-01-27 20:11:21,363 : state_square_error: 43.793 reward_error: 12.344
INFO : 2021-01-27 20:11:42,785 : state_square_error: 48.223 reward_error: 5.934
INFO : 2021-01-27 20:12:04,178 : state_square_error: 79.307 reward_error: 6.293
INFO : 2021-01-27 20:12:25,740 : state_square_error: 11.495 reward_error: 8.165
INFO : 2021-01-27 20:12:46,890 : episode: 31 score: 448.6 100 games avg: 448.6 steps 1000 
INFO : 2021-01-27 20:13:11,020 : state_square_error: 92.292 reward_error: 8.898
INFO : 2021-01-27 20:13:32,496 : state_square_error: 36.880 reward_error: 3.379
INFO : 2021-01-27 20:13:53,842 : state_square_error: 42.562 reward_error: 13.586
INFO : 2021-01-27 20:14:15,229 : state_square_error: 54.650 reward_error: 13.267
INFO : 2021-01-27 20:14:36,664 : state_square_error: 52.118 reward_error: 12.418
INFO : 2021-01-27 20:14:58,166 : state_square_error: 65.150 reward_error: 11.202
INFO : 2021-01-27 20:15:19,577 : state_square_error: 73.585 reward_error: 8.139
INFO : 2021-01-27 20:15:41,202 : state_square_error: 50.600 reward_error: 5.202
INFO : 2021-01-27 20:16:02,635 : state_square_error: 54.546 reward_error: 8.743
INFO : 2021-01-27 20:16:24,038 : state_square_error: 23.390 reward_error: 6.063
INFO : 2021-01-27 20:16:45,312 : episode: 32 score: 639.5 100 games avg: 639.5 steps 1000 
INFO : 2021-01-27 20:17:10,253 : state_square_error: 91.058 reward_error: 3.168
INFO : 2021-01-27 20:17:31,746 : state_square_error: 96.131 reward_error: 1.362
INFO : 2021-01-27 20:17:53,304 : state_square_error: 84.577 reward_error: 11.015
INFO : 2021-01-27 20:18:14,688 : state_square_error: 37.193 reward_error: 10.513
INFO : 2021-01-27 20:18:36,124 : state_square_error: 30.229 reward_error: 5.775
INFO : 2021-01-27 20:18:57,531 : state_square_error: 20.886 reward_error: 4.431
INFO : 2021-01-27 20:19:18,997 : state_square_error: 49.580 reward_error: 10.355
INFO : 2021-01-27 20:19:40,438 : state_square_error: 92.168 reward_error: 6.261
INFO : 2021-01-27 20:20:01,879 : state_square_error: 60.217 reward_error: 8.642
INFO : 2021-01-27 20:20:23,319 : state_square_error: 14.237 reward_error: 5.634
INFO : 2021-01-27 20:20:44,498 : episode: 33 score: 595.1 100 games avg: 595.1 steps 1000 
INFO : 2021-01-27 20:21:10,454 : state_square_error: 76.546 reward_error: 11.935
INFO : 2021-01-27 20:21:31,757 : state_square_error: 35.250 reward_error: 4.730
INFO : 2021-01-27 20:21:53,201 : state_square_error: 35.113 reward_error: 12.912
INFO : 2021-01-27 20:22:14,650 : state_square_error: 100.437 reward_error: 1.653
INFO : 2021-01-27 20:22:36,277 : state_square_error: 36.775 reward_error: 4.954
INFO : 2021-01-27 20:22:57,645 : state_square_error: 50.694 reward_error: 6.502
INFO : 2021-01-27 20:23:19,137 : state_square_error: 57.310 reward_error: 8.928
INFO : 2021-01-27 20:23:40,540 : state_square_error: 79.552 reward_error: 9.754
INFO : 2021-01-27 20:24:01,985 : state_square_error: 31.939 reward_error: 6.350
INFO : 2021-01-27 20:24:23,327 : state_square_error: 68.432 reward_error: 6.623
INFO : 2021-01-27 20:24:44,476 : episode: 34 score: 862.6 100 games avg: 862.6 steps 1000 
INFO : 2021-01-27 20:25:11,146 : state_square_error: 13.553 reward_error: 7.430
INFO : 2021-01-27 20:25:32,721 : state_square_error: 67.363 reward_error: 9.492
INFO : 2021-01-27 20:25:54,162 : state_square_error: 79.862 reward_error: 3.302
INFO : 2021-01-27 20:26:15,580 : state_square_error: 51.200 reward_error: 6.711
INFO : 2021-01-27 20:26:36,931 : state_square_error: 62.097 reward_error: 5.107
INFO : 2021-01-27 20:26:58,265 : state_square_error: 19.533 reward_error: 8.526
INFO : 2021-01-27 20:27:19,714 : state_square_error: 42.452 reward_error: 6.224
INFO : 2021-01-27 20:27:41,175 : state_square_error: 63.284 reward_error: 6.660
INFO : 2021-01-27 20:28:02,570 : state_square_error: 46.570 reward_error: 8.886
INFO : 2021-01-27 20:28:23,985 : state_square_error: 38.654 reward_error: 7.606
INFO : 2021-01-27 20:28:45,320 : episode: 35 score: 638.6 100 games avg: 638.6 steps 1000 
INFO : 2021-01-27 20:29:12,812 : state_square_error: 95.351 reward_error: 6.736
INFO : 2021-01-27 20:29:34,245 : state_square_error: 67.766 reward_error: 11.077
INFO : 2021-01-27 20:29:55,622 : state_square_error: 11.903 reward_error: 9.838
INFO : 2021-01-27 20:30:17,114 : state_square_error: 40.821 reward_error: 8.279
INFO : 2021-01-27 20:30:38,656 : state_square_error: 21.585 reward_error: 4.337
INFO : 2021-01-27 20:31:00,083 : state_square_error: 31.851 reward_error: 12.703
INFO : 2021-01-27 20:31:21,443 : state_square_error: 37.497 reward_error: 6.984
INFO : 2021-01-27 20:31:42,930 : state_square_error: 15.213 reward_error: 8.397
INFO : 2021-01-27 20:32:04,309 : state_square_error: 28.198 reward_error: 7.738
INFO : 2021-01-27 20:32:25,821 : state_square_error: 48.781 reward_error: 5.065
INFO : 2021-01-27 20:32:46,946 : episode: 36 score: 981.4 100 games avg: 981.4 steps 1000 
INFO : 2021-01-27 20:33:15,000 : state_square_error: 89.919 reward_error: 6.669
INFO : 2021-01-27 20:33:36,355 : state_square_error: 9.949 reward_error: 7.526
INFO : 2021-01-27 20:33:57,797 : state_square_error: 36.188 reward_error: 12.923
INFO : 2021-01-27 20:34:19,267 : state_square_error: 13.508 reward_error: 17.019
INFO : 2021-01-27 20:34:40,703 : state_square_error: 32.126 reward_error: 6.535
INFO : 2021-01-27 20:35:02,040 : state_square_error: 41.067 reward_error: 5.247
INFO : 2021-01-27 20:35:23,624 : state_square_error: 45.135 reward_error: 3.330
INFO : 2021-01-27 20:35:45,073 : state_square_error: 96.705 reward_error: 2.974
INFO : 2021-01-27 20:36:06,486 : state_square_error: 128.911 reward_error: 7.421
INFO : 2021-01-27 20:36:27,974 : state_square_error: 59.868 reward_error: 14.025
INFO : 2021-01-27 20:36:49,076 : episode: 37 score: 492.9 100 games avg: 492.9 steps 1000 
INFO : 2021-01-27 20:37:17,768 : state_square_error: 22.247 reward_error: 6.747
INFO : 2021-01-27 20:37:39,139 : state_square_error: 30.832 reward_error: 6.709
INFO : 2021-01-27 20:38:00,508 : state_square_error: 26.036 reward_error: 6.563
INFO : 2021-01-27 20:38:22,011 : state_square_error: 29.728 reward_error: 10.850
INFO : 2021-01-27 20:38:43,381 : state_square_error: 47.597 reward_error: 11.532
INFO : 2021-01-27 20:39:05,007 : state_square_error: 52.586 reward_error: 7.505
INFO : 2021-01-27 20:39:26,354 : state_square_error: 20.103 reward_error: 7.558
INFO : 2021-01-27 20:39:47,765 : state_square_error: 44.386 reward_error: 9.096
INFO : 2021-01-27 20:40:09,119 : state_square_error: 86.894 reward_error: 3.070
INFO : 2021-01-27 20:40:30,607 : state_square_error: 91.915 reward_error: 9.966
INFO : 2021-01-27 20:40:51,740 : episode: 38 score: 604.0 100 games avg: 604.0 steps 1000 
INFO : 2021-01-27 20:41:21,451 : state_square_error: 55.327 reward_error: 5.227
INFO : 2021-01-27 20:41:42,986 : state_square_error: 39.347 reward_error: 7.321
INFO : 2021-01-27 20:42:04,290 : state_square_error: 55.794 reward_error: 8.342
INFO : 2021-01-27 20:42:25,870 : state_square_error: 52.690 reward_error: 4.013
INFO : 2021-01-27 20:42:47,305 : state_square_error: 97.047 reward_error: 11.546
INFO : 2021-01-27 20:43:08,739 : state_square_error: 28.394 reward_error: 9.973
INFO : 2021-01-27 20:43:30,080 : state_square_error: 26.405 reward_error: 8.157
INFO : 2021-01-27 20:43:51,603 : state_square_error: 29.259 reward_error: 12.342
INFO : 2021-01-27 20:44:13,050 : state_square_error: 44.019 reward_error: 6.198
INFO : 2021-01-27 20:44:34,557 : state_square_error: 61.481 reward_error: 7.699
INFO : 2021-01-27 20:44:55,739 : episode: 39 score: 818.9 100 games avg: 818.9 steps 1000 
INFO : 2021-01-27 20:45:26,381 : state_square_error: 27.103 reward_error: 4.457
INFO : 2021-01-27 20:45:47,987 : state_square_error: 52.316 reward_error: 10.656
INFO : 2021-01-27 20:46:09,371 : state_square_error: 59.773 reward_error: 7.414
INFO : 2021-01-27 20:46:30,924 : state_square_error: 14.615 reward_error: 11.309
INFO : 2021-01-27 20:46:52,395 : state_square_error: 43.602 reward_error: 10.822
INFO : 2021-01-27 20:47:13,789 : state_square_error: 95.708 reward_error: 6.220
INFO : 2021-01-27 20:47:35,284 : state_square_error: 35.461 reward_error: 3.378
INFO : 2021-01-27 20:47:56,525 : state_square_error: 27.288 reward_error: 9.963
INFO : 2021-01-27 20:48:17,962 : state_square_error: 42.638 reward_error: 9.433
INFO : 2021-01-27 20:48:39,517 : state_square_error: 121.626 reward_error: 14.469
INFO : 2021-01-27 20:49:00,703 : episode: 40 score: 786.2 100 games avg: 786.2 steps 1000 
INFO : 2021-01-27 20:49:32,230 : state_square_error: 22.400 reward_error: 8.609
INFO : 2021-01-27 20:49:53,695 : state_square_error: 48.160 reward_error: 11.966
INFO : 2021-01-27 20:50:14,998 : state_square_error: 43.992 reward_error: 12.779
INFO : 2021-01-27 20:50:36,442 : state_square_error: 36.026 reward_error: 7.174
INFO : 2021-01-27 20:50:57,820 : state_square_error: 16.166 reward_error: 11.079
INFO : 2021-01-27 20:51:18,980 : state_square_error: 20.006 reward_error: 8.589
INFO : 2021-01-27 20:51:40,247 : state_square_error: 35.210 reward_error: 9.669
INFO : 2021-01-27 20:52:01,922 : state_square_error: 67.150 reward_error: 9.600
INFO : 2021-01-27 20:52:23,337 : state_square_error: 24.965 reward_error: 13.682
INFO : 2021-01-27 20:52:44,787 : state_square_error: 118.398 reward_error: 5.305
INFO : 2021-01-27 20:53:06,031 : episode: 41 score: 949.8 100 games avg: 949.8 steps 1000 
INFO : 2021-01-27 20:53:38,125 : state_square_error: 48.340 reward_error: 5.578
INFO : 2021-01-27 20:53:59,454 : state_square_error: 67.489 reward_error: 10.527
INFO : 2021-01-27 20:54:20,855 : state_square_error: 36.426 reward_error: 6.038
INFO : 2021-01-27 20:54:42,457 : state_square_error: 58.050 reward_error: 8.674
INFO : 2021-01-27 20:55:03,950 : state_square_error: 29.987 reward_error: 7.713
INFO : 2021-01-27 20:55:25,444 : state_square_error: 90.848 reward_error: 13.321
INFO : 2021-01-27 20:55:46,926 : state_square_error: 56.603 reward_error: 8.922
INFO : 2021-01-27 20:56:08,261 : state_square_error: 37.055 reward_error: 8.774
INFO : 2021-01-27 20:56:29,648 : state_square_error: 16.077 reward_error: 9.480
INFO : 2021-01-27 20:56:51,065 : state_square_error: 53.922 reward_error: 11.930
INFO : 2021-01-27 20:57:08,943 : episode: 42 score: 690.8 100 games avg: 690.8 steps 1000 
INFO : 2021-01-27 20:57:40,808 : state_square_error: 46.384 reward_error: 6.685
INFO : 2021-01-27 20:57:58,428 : state_square_error: 140.142 reward_error: 9.707
INFO : 2021-01-27 20:58:16,735 : state_square_error: 54.221 reward_error: 4.305
INFO : 2021-01-27 20:58:37,458 : state_square_error: 67.245 reward_error: 3.005
INFO : 2021-01-27 20:58:58,960 : state_square_error: 47.356 reward_error: 11.141
INFO : 2021-01-27 20:59:20,396 : state_square_error: 68.788 reward_error: 6.328
INFO : 2021-01-27 20:59:41,832 : state_square_error: 54.868 reward_error: 7.165
INFO : 2021-01-27 21:00:03,387 : state_square_error: 72.153 reward_error: 5.608
INFO : 2021-01-27 21:00:24,772 : state_square_error: 73.006 reward_error: 15.933
INFO : 2021-01-27 21:00:45,994 : state_square_error: 45.778 reward_error: 9.117
INFO : 2021-01-27 21:01:07,157 : episode: 43 score: 844.4 100 games avg: 844.4 steps 1000 
INFO : 2021-01-27 21:01:40,622 : state_square_error: 42.569 reward_error: 6.986
INFO : 2021-01-27 21:02:02,145 : state_square_error: 11.438 reward_error: 8.602
INFO : 2021-01-27 21:02:23,463 : state_square_error: 65.305 reward_error: 17.134
INFO : 2021-01-27 21:02:44,978 : state_square_error: 32.210 reward_error: 11.676
INFO : 2021-01-27 21:03:06,501 : state_square_error: 49.620 reward_error: 12.662
INFO : 2021-01-27 21:03:27,903 : state_square_error: 35.954 reward_error: 21.183
INFO : 2021-01-27 21:03:49,190 : state_square_error: 17.603 reward_error: 14.569
INFO : 2021-01-27 21:04:10,567 : state_square_error: 46.229 reward_error: 9.157
INFO : 2021-01-27 21:04:32,125 : state_square_error: 86.939 reward_error: 0.968
INFO : 2021-01-27 21:04:53,533 : state_square_error: 90.205 reward_error: 4.448
INFO : 2021-01-27 21:05:14,735 : episode: 44 score: 942.0 100 games avg: 942.0 steps 1000 
INFO : 2021-01-27 21:05:48,866 : state_square_error: 21.214 reward_error: 9.959
INFO : 2021-01-27 21:06:10,172 : state_square_error: 20.040 reward_error: 19.709
INFO : 2021-01-27 21:06:31,643 : state_square_error: 22.385 reward_error: 14.323
INFO : 2021-01-27 21:06:53,029 : state_square_error: 11.089 reward_error: 13.997
INFO : 2021-01-27 21:07:14,463 : state_square_error: 42.274 reward_error: 9.125
INFO : 2021-01-27 21:07:35,849 : state_square_error: 47.314 reward_error: 4.126
INFO : 2021-01-27 21:07:57,316 : state_square_error: 66.055 reward_error: 8.116
INFO : 2021-01-27 21:08:18,671 : state_square_error: 15.543 reward_error: 7.367
INFO : 2021-01-27 21:08:40,098 : state_square_error: 25.192 reward_error: 7.898
INFO : 2021-01-27 21:09:01,436 : state_square_error: 91.817 reward_error: 9.085
INFO : 2021-01-27 21:09:22,673 : episode: 45 score: 1016.7 100 games avg: 1016.7 steps 1000 
INFO : 2021-01-27 21:09:57,439 : state_square_error: 63.492 reward_error: 4.079
INFO : 2021-01-27 21:10:18,968 : state_square_error: 47.353 reward_error: -2.537
INFO : 2021-01-27 21:10:40,461 : state_square_error: 15.054 reward_error: 7.246
INFO : 2021-01-27 21:11:01,822 : state_square_error: 39.051 reward_error: 15.469
INFO : 2021-01-27 21:11:23,217 : state_square_error: 31.641 reward_error: 10.956
INFO : 2021-01-27 21:11:44,633 : state_square_error: 44.914 reward_error: 13.074
INFO : 2021-01-27 21:12:06,066 : state_square_error: 76.486 reward_error: 11.070
INFO : 2021-01-27 21:12:27,416 : state_square_error: 60.553 reward_error: 13.111
INFO : 2021-01-27 21:12:48,788 : state_square_error: 64.533 reward_error: 15.342
INFO : 2021-01-27 21:13:10,185 : state_square_error: 72.189 reward_error: 7.939
INFO : 2021-01-27 21:13:31,226 : episode: 46 score: 754.5 100 games avg: 754.5 steps 1000 
INFO : 2021-01-27 21:14:06,990 : state_square_error: 62.806 reward_error: 9.098
INFO : 2021-01-27 21:14:28,336 : state_square_error: 38.221 reward_error: 10.839
INFO : 2021-01-27 21:14:49,662 : state_square_error: 60.370 reward_error: 15.844
INFO : 2021-01-27 21:15:11,095 : state_square_error: 39.347 reward_error: 13.566
INFO : 2021-01-27 21:15:32,497 : state_square_error: 24.180 reward_error: 18.710
INFO : 2021-01-27 21:15:53,928 : state_square_error: 73.497 reward_error: 18.377
INFO : 2021-01-27 21:16:15,326 : state_square_error: 71.321 reward_error: 7.784
INFO : 2021-01-27 21:16:36,843 : state_square_error: 40.582 reward_error: 3.412
INFO : 2021-01-27 21:16:58,118 : state_square_error: 69.117 reward_error: 10.120
INFO : 2021-01-27 21:17:19,549 : state_square_error: 38.231 reward_error: 10.361
INFO : 2021-01-27 21:17:40,758 : episode: 47 score: 855.9 100 games avg: 855.9 steps 1000 
INFO : 2021-01-27 21:18:17,534 : state_square_error: 80.941 reward_error: 9.611
INFO : 2021-01-27 21:18:38,846 : state_square_error: 80.431 reward_error: 6.390
INFO : 2021-01-27 21:19:00,336 : state_square_error: 92.290 reward_error: 9.857
INFO : 2021-01-27 21:19:21,719 : state_square_error: 75.177 reward_error: 6.786
INFO : 2021-01-27 21:19:43,162 : state_square_error: 38.276 reward_error: 6.812
INFO : 2021-01-27 21:20:04,514 : state_square_error: 121.715 reward_error: 4.976
INFO : 2021-01-27 21:20:26,068 : state_square_error: 34.604 reward_error: 13.152
INFO : 2021-01-27 21:20:47,519 : state_square_error: 50.367 reward_error: 7.086
INFO : 2021-01-27 21:21:08,984 : state_square_error: 63.504 reward_error: 1.664
INFO : 2021-01-27 21:21:30,428 : state_square_error: 62.751 reward_error: 11.396
INFO : 2021-01-27 21:21:51,709 : episode: 48 score: 631.1 100 games avg: 631.1 steps 1000 
INFO : 2021-01-27 21:22:28,749 : state_square_error: 20.917 reward_error: 3.953
INFO : 2021-01-27 21:22:50,186 : state_square_error: 49.056 reward_error: 15.096
INFO : 2021-01-27 21:23:11,643 : state_square_error: 27.828 reward_error: 18.880
INFO : 2021-01-27 21:23:33,048 : state_square_error: 47.136 reward_error: 8.980
INFO : 2021-01-27 21:23:54,452 : state_square_error: 46.610 reward_error: 26.771
INFO : 2021-01-27 21:24:15,773 : state_square_error: 37.670 reward_error: 4.700
INFO : 2021-01-27 21:24:37,170 : state_square_error: 70.910 reward_error: 9.532
INFO : 2021-01-27 21:24:58,633 : state_square_error: 43.502 reward_error: 15.104
INFO : 2021-01-27 21:25:20,085 : state_square_error: 48.655 reward_error: 12.143
INFO : 2021-01-27 21:25:41,633 : state_square_error: 58.202 reward_error: 5.872
INFO : 2021-01-27 21:26:02,840 : episode: 49 score: 1010.2 100 games avg: 1010.2 steps 1000 
INFO : 2021-01-27 21:26:41,014 : state_square_error: 36.045 reward_error: 7.953
INFO : 2021-01-27 21:27:02,415 : state_square_error: 53.519 reward_error: 6.026
INFO : 2021-01-27 21:27:23,894 : state_square_error: 41.260 reward_error: 16.629
INFO : 2021-01-27 21:27:45,120 : state_square_error: 18.475 reward_error: 18.864
INFO : 2021-01-27 21:28:06,571 : state_square_error: 23.129 reward_error: 10.566
INFO : 2021-01-27 21:28:27,937 : state_square_error: 47.737 reward_error: 10.563
INFO : 2021-01-27 21:28:49,364 : state_square_error: 54.485 reward_error: 9.765
INFO : 2021-01-27 21:29:10,736 : state_square_error: 30.251 reward_error: 8.684
INFO : 2021-01-27 21:29:32,186 : state_square_error: 32.391 reward_error: 7.482
INFO : 2021-01-27 21:29:53,597 : state_square_error: 48.184 reward_error: 9.214
INFO : 2021-01-27 21:30:14,824 : episode: 50 score: 1483.6 100 games avg: 1483.6 steps 1000 
INFO : 2021-01-27 21:30:53,840 : state_square_error: 30.596 reward_error: 10.672
INFO : 2021-01-27 21:31:15,246 : state_square_error: 17.185 reward_error: 6.578
INFO : 2021-01-27 21:31:36,668 : state_square_error: 34.452 reward_error: 11.304
INFO : 2021-01-27 21:31:58,111 : state_square_error: 25.639 reward_error: 14.266
INFO : 2021-01-27 21:32:19,482 : state_square_error: 49.998 reward_error: 19.558
INFO : 2021-01-27 21:32:40,964 : state_square_error: 68.398 reward_error: 12.748
INFO : 2021-01-27 21:33:02,470 : state_square_error: 90.372 reward_error: 6.202
INFO : 2021-01-27 21:33:23,879 : state_square_error: 68.538 reward_error: 11.732
INFO : 2021-01-27 21:33:45,437 : state_square_error: 14.774 reward_error: 5.882
INFO : 2021-01-27 21:34:06,842 : state_square_error: 33.798 reward_error: 5.438
INFO : 2021-01-27 21:34:28,028 : episode: 51 score: 992.9 100 games avg: 992.9 steps 1000 
INFO : 2021-01-27 21:35:07,984 : state_square_error: 10.103 reward_error: 8.263
INFO : 2021-01-27 21:35:29,280 : state_square_error: 35.435 reward_error: 8.373
INFO : 2021-01-27 21:35:50,735 : state_square_error: 51.449 reward_error: 11.662
INFO : 2021-01-27 21:36:12,112 : state_square_error: 37.760 reward_error: 5.066
INFO : 2021-01-27 21:36:33,387 : state_square_error: 5.773 reward_error: 8.657
INFO : 2021-01-27 21:36:54,562 : state_square_error: 48.966 reward_error: 11.332
INFO : 2021-01-27 21:37:16,018 : state_square_error: 20.489 reward_error: 18.682
INFO : 2021-01-27 21:37:37,407 : state_square_error: 38.158 reward_error: 6.639
INFO : 2021-01-27 21:37:58,809 : state_square_error: 80.421 reward_error: 11.470
INFO : 2021-01-27 21:38:20,257 : state_square_error: 62.246 reward_error: 15.935
INFO : 2021-01-27 21:38:41,456 : episode: 52 score: 1587.4 100 games avg: 1587.4 steps 1000 
INFO : 2021-01-27 21:39:21,780 : state_square_error: 18.236 reward_error: 6.143
INFO : 2021-01-27 21:39:43,387 : state_square_error: 13.177 reward_error: 14.211
INFO : 2021-01-27 21:40:04,754 : state_square_error: 88.355 reward_error: 21.463
INFO : 2021-01-27 21:40:26,146 : state_square_error: 49.750 reward_error: 16.553
INFO : 2021-01-27 21:40:47,476 : state_square_error: 33.285 reward_error: 21.296
INFO : 2021-01-27 21:41:08,794 : state_square_error: 28.165 reward_error: 11.035
INFO : 2021-01-27 21:41:30,257 : state_square_error: 128.035 reward_error: 12.942
INFO : 2021-01-27 21:41:51,844 : state_square_error: 61.384 reward_error: 14.291
INFO : 2021-01-27 21:42:13,251 : state_square_error: 76.335 reward_error: 8.316
INFO : 2021-01-27 21:42:34,683 : state_square_error: 49.218 reward_error: 7.706
INFO : 2021-01-27 21:42:56,051 : episode: 53 score: 1415.9 100 games avg: 1415.9 steps 1000 
INFO : 2021-01-27 21:43:37,137 : state_square_error: 27.047 reward_error: 4.145
INFO : 2021-01-27 21:43:58,748 : state_square_error: 17.093 reward_error: 20.455
INFO : 2021-01-27 21:44:20,149 : state_square_error: 14.991 reward_error: 5.463
INFO : 2021-01-27 21:44:41,564 : state_square_error: 86.323 reward_error: 11.453
INFO : 2021-01-27 21:45:02,850 : state_square_error: 28.817 reward_error: 12.399
INFO : 2021-01-27 21:45:24,326 : state_square_error: 74.399 reward_error: 17.439
INFO : 2021-01-27 21:45:45,677 : state_square_error: 24.326 reward_error: 13.975
INFO : 2021-01-27 21:46:07,255 : state_square_error: 14.256 reward_error: 12.566
INFO : 2021-01-27 21:46:28,695 : state_square_error: 62.030 reward_error: 3.493
INFO : 2021-01-27 21:46:49,995 : state_square_error: 56.450 reward_error: 9.708
INFO : 2021-01-27 21:47:11,054 : episode: 54 score: 1521.9 100 games avg: 1521.9 steps 1000 
INFO : 2021-01-27 21:47:52,448 : state_square_error: 68.016 reward_error: 9.517
INFO : 2021-01-27 21:48:13,841 : state_square_error: 54.072 reward_error: 8.903
INFO : 2021-01-27 21:48:35,114 : state_square_error: 32.192 reward_error: 12.022
INFO : 2021-01-27 21:48:56,576 : state_square_error: 105.984 reward_error: 17.381
INFO : 2021-01-27 21:49:17,946 : state_square_error: 31.683 reward_error: 8.515
INFO : 2021-01-27 21:49:39,349 : state_square_error: 129.064 reward_error: 5.745
INFO : 2021-01-27 21:50:00,610 : state_square_error: 24.905 reward_error: 7.784
INFO : 2021-01-27 21:50:22,124 : state_square_error: 8.137 reward_error: 6.939
INFO : 2021-01-27 21:50:43,441 : state_square_error: 59.642 reward_error: 13.793
INFO : 2021-01-27 21:51:04,926 : state_square_error: 16.098 reward_error: 15.517
INFO : 2021-01-27 21:51:26,147 : episode: 55 score: 1235.0 100 games avg: 1235.0 steps 1000 
INFO : 2021-01-27 21:52:08,643 : state_square_error: 102.148 reward_error: 7.019
INFO : 2021-01-27 21:52:30,278 : state_square_error: 19.641 reward_error: 9.921
INFO : 2021-01-27 21:52:51,672 : state_square_error: 76.912 reward_error: 17.210
INFO : 2021-01-27 21:53:13,197 : state_square_error: 64.298 reward_error: 16.072
INFO : 2021-01-27 21:53:34,603 : state_square_error: 63.131 reward_error: 6.914
INFO : 2021-01-27 21:53:56,020 : state_square_error: 113.287 reward_error: 8.039
INFO : 2021-01-27 21:54:17,526 : state_square_error: 20.969 reward_error: 2.486
INFO : 2021-01-27 21:54:38,706 : state_square_error: 27.918 reward_error: 9.741
INFO : 2021-01-27 21:54:59,947 : state_square_error: 6.387 reward_error: 23.047
INFO : 2021-01-27 21:55:21,361 : state_square_error: 10.697 reward_error: 17.062
INFO : 2021-01-27 21:55:42,634 : episode: 56 score: 1688.3 100 games avg: 1688.3 steps 1000 
INFO : 2021-01-27 21:56:25,860 : state_square_error: 101.907 reward_error: 7.102
INFO : 2021-01-27 21:56:47,340 : state_square_error: 40.917 reward_error: 11.521
INFO : 2021-01-27 21:57:08,824 : state_square_error: 88.720 reward_error: 18.753
INFO : 2021-01-27 21:57:30,262 : state_square_error: 31.585 reward_error: 18.939
INFO : 2021-01-27 21:57:51,594 : state_square_error: 43.768 reward_error: 5.731
INFO : 2021-01-27 21:58:13,040 : state_square_error: 24.039 reward_error: 11.224
INFO : 2021-01-27 21:58:34,425 : state_square_error: 27.527 reward_error: 8.123
INFO : 2021-01-27 21:58:55,905 : state_square_error: 21.961 reward_error: 15.779
INFO : 2021-01-27 21:59:17,375 : state_square_error: 64.815 reward_error: 18.300
INFO : 2021-01-27 21:59:38,918 : state_square_error: 49.724 reward_error: 8.111
INFO : 2021-01-27 22:00:00,131 : episode: 57 score: 1547.2 100 games avg: 1547.2 steps 1000 
INFO : 2021-01-27 22:00:44,821 : state_square_error: 51.613 reward_error: 6.548
INFO : 2021-01-27 22:01:06,317 : state_square_error: 62.689 reward_error: 24.368
INFO : 2021-01-27 22:01:27,736 : state_square_error: 84.564 reward_error: 13.313
INFO : 2021-01-27 22:01:48,983 : state_square_error: 30.772 reward_error: 7.505
INFO : 2021-01-27 22:02:10,430 : state_square_error: 85.384 reward_error: 9.413
INFO : 2021-01-27 22:02:31,830 : state_square_error: 54.743 reward_error: 13.616
INFO : 2021-01-27 22:02:53,105 : state_square_error: 24.335 reward_error: 27.714
INFO : 2021-01-27 22:03:14,602 : state_square_error: 57.748 reward_error: 11.717
INFO : 2021-01-27 22:03:36,080 : state_square_error: 76.701 reward_error: 7.815
INFO : 2021-01-27 22:03:57,556 : state_square_error: 83.921 reward_error: 12.064
INFO : 2021-01-27 22:04:18,725 : episode: 58 score: 1600.0 100 games avg: 1600.0 steps 1000 
INFO : 2021-01-27 22:05:03,774 : state_square_error: 81.727 reward_error: 6.995
INFO : 2021-01-27 22:05:25,225 : state_square_error: 36.366 reward_error: 17.784
INFO : 2021-01-27 22:05:46,740 : state_square_error: 77.105 reward_error: 7.673
INFO : 2021-01-27 22:06:08,037 : state_square_error: 56.310 reward_error: 9.087
INFO : 2021-01-27 22:06:29,386 : state_square_error: 69.633 reward_error: 6.781
INFO : 2021-01-27 22:06:50,916 : state_square_error: 33.659 reward_error: 7.932
INFO : 2021-01-27 22:07:12,045 : state_square_error: 49.138 reward_error: 7.188
INFO : 2021-01-27 22:07:33,518 : state_square_error: 101.152 reward_error: 14.106
INFO : 2021-01-27 22:07:54,761 : state_square_error: 28.884 reward_error: 8.641
INFO : 2021-01-27 22:08:16,307 : state_square_error: 81.186 reward_error: 3.299
INFO : 2021-01-27 22:08:37,383 : episode: 59 score: 703.1 100 games avg: 703.1 steps 1000 
INFO : 2021-01-27 22:09:23,156 : state_square_error: 76.981 reward_error: 5.147
INFO : 2021-01-27 22:09:44,568 : state_square_error: 84.765 reward_error: 12.559
INFO : 2021-01-27 22:10:05,877 : state_square_error: 84.211 reward_error: 18.612
INFO : 2021-01-27 22:10:27,130 : state_square_error: 28.621 reward_error: 10.191
INFO : 2021-01-27 22:10:48,528 : state_square_error: 25.906 reward_error: 7.556
INFO : 2021-01-27 22:11:10,019 : state_square_error: 28.506 reward_error: 12.699
INFO : 2021-01-27 22:11:31,358 : state_square_error: 37.881 reward_error: 6.869
INFO : 2021-01-27 22:11:52,903 : state_square_error: 38.777 reward_error: 16.786
INFO : 2021-01-27 22:12:12,615 : state_square_error: 56.357 reward_error: 5.596
INFO : 2021-01-27 22:12:30,427 : state_square_error: 86.912 reward_error: 6.579
INFO : 2021-01-27 22:12:47,876 : episode: 60 score: 884.9 100 games avg: 884.9 steps 1000 
INFO : 2021-01-27 22:13:34,053 : state_square_error: 16.433 reward_error: 11.024
INFO : 2021-01-27 22:13:55,526 : state_square_error: 47.010 reward_error: 12.768
INFO : 2021-01-27 22:14:16,900 : state_square_error: 53.772 reward_error: 7.253
INFO : 2021-01-27 22:14:38,313 : state_square_error: 46.416 reward_error: 6.459
INFO : 2021-01-27 22:14:59,717 : state_square_error: 51.934 reward_error: 8.040
INFO : 2021-01-27 22:15:21,167 : state_square_error: 50.992 reward_error: 10.825
INFO : 2021-01-27 22:15:42,681 : state_square_error: 18.503 reward_error: 10.177
INFO : 2021-01-27 22:16:04,180 : state_square_error: 62.551 reward_error: 2.691
INFO : 2021-01-27 22:16:25,591 : state_square_error: 60.021 reward_error: 6.623
INFO : 2021-01-27 22:16:46,892 : state_square_error: 26.058 reward_error: 3.963
INFO : 2021-01-27 22:17:07,956 : episode: 61 score: 936.8 100 games avg: 936.8 steps 1000 
INFO : 2021-01-27 22:17:55,635 : state_square_error: 31.026 reward_error: 6.754
INFO : 2021-01-27 22:18:17,034 : state_square_error: 33.784 reward_error: 2.770
INFO : 2021-01-27 22:18:38,485 : state_square_error: 36.885 reward_error: 10.652
INFO : 2021-01-27 22:19:00,003 : state_square_error: 30.152 reward_error: 16.210
INFO : 2021-01-27 22:19:21,357 : state_square_error: 89.408 reward_error: 16.996
INFO : 2021-01-27 22:19:42,878 : state_square_error: 24.809 reward_error: 15.577
INFO : 2021-01-27 22:20:04,415 : state_square_error: 51.518 reward_error: 8.474
INFO : 2021-01-27 22:20:25,767 : state_square_error: 65.516 reward_error: 11.438
INFO : 2021-01-27 22:20:47,225 : state_square_error: 35.079 reward_error: 18.293
INFO : 2021-01-27 22:21:08,586 : state_square_error: 13.578 reward_error: 10.323
INFO : 2021-01-27 22:21:29,877 : episode: 62 score: 1735.4 100 games avg: 1735.4 steps 1000 
INFO : 2021-01-27 22:22:17,999 : state_square_error: 109.017 reward_error: 8.678
INFO : 2021-01-27 22:22:39,427 : state_square_error: 27.849 reward_error: 17.579
INFO : 2021-01-27 22:23:00,780 : state_square_error: 7.221 reward_error: 5.915
INFO : 2021-01-27 22:23:22,135 : state_square_error: 24.171 reward_error: 6.491
INFO : 2021-01-27 22:23:43,558 : state_square_error: 16.776 reward_error: 13.931
INFO : 2021-01-27 22:24:05,128 : state_square_error: 11.475 reward_error: 9.053
INFO : 2021-01-27 22:24:26,542 : state_square_error: 11.815 reward_error: 10.966
INFO : 2021-01-27 22:24:47,963 : state_square_error: 84.700 reward_error: 0.926
INFO : 2021-01-27 22:25:09,288 : state_square_error: 74.430 reward_error: 9.002
INFO : 2021-01-27 22:25:30,727 : state_square_error: 37.206 reward_error: 8.439
INFO : 2021-01-27 22:25:51,845 : episode: 63 score: 811.1 100 games avg: 811.1 steps 1000 
INFO : 2021-01-27 22:26:41,012 : state_square_error: 102.334 reward_error: 6.789
INFO : 2021-01-27 22:27:02,507 : state_square_error: 19.280 reward_error: 6.671
INFO : 2021-01-27 22:27:23,981 : state_square_error: 18.421 reward_error: 8.221
INFO : 2021-01-27 22:27:45,365 : state_square_error: 9.087 reward_error: 8.408
INFO : 2021-01-27 22:28:06,870 : state_square_error: 15.674 reward_error: 8.271
INFO : 2021-01-27 22:28:28,347 : state_square_error: 35.354 reward_error: 12.996
INFO : 2021-01-27 22:28:49,869 : state_square_error: 98.046 reward_error: 4.991
INFO : 2021-01-27 22:29:11,198 : state_square_error: 80.202 reward_error: 13.310
INFO : 2021-01-27 22:29:32,603 : state_square_error: 27.369 reward_error: 8.955
INFO : 2021-01-27 22:29:54,012 : state_square_error: 46.401 reward_error: 13.919
INFO : 2021-01-27 22:30:15,298 : episode: 64 score: 1909.1 100 games avg: 1909.1 steps 1000 
INFO : 2021-01-27 22:31:05,032 : state_square_error: 33.397 reward_error: 7.706
INFO : 2021-01-27 22:31:26,526 : state_square_error: 22.904 reward_error: 15.220
INFO : 2021-01-27 22:31:47,951 : state_square_error: 65.770 reward_error: 15.255
INFO : 2021-01-27 22:32:09,419 : state_square_error: 107.153 reward_error: 14.547
INFO : 2021-01-27 22:32:30,710 : state_square_error: 23.368 reward_error: 9.956
INFO : 2021-01-27 22:32:52,086 : state_square_error: 35.028 reward_error: 8.574
INFO : 2021-01-27 22:33:13,481 : state_square_error: 46.463 reward_error: 10.061
INFO : 2021-01-27 22:33:34,940 : state_square_error: 10.991 reward_error: 9.272
INFO : 2021-01-27 22:33:56,359 : state_square_error: 47.856 reward_error: 22.571
INFO : 2021-01-27 22:34:17,861 : state_square_error: 36.477 reward_error: 9.795
INFO : 2021-01-27 22:34:39,148 : episode: 65 score: 1989.4 100 games avg: 1989.4 steps 1000 
INFO : 2021-01-27 22:35:29,550 : state_square_error: 58.630 reward_error: 7.234
INFO : 2021-01-27 22:35:50,958 : state_square_error: 51.593 reward_error: 10.138
INFO : 2021-01-27 22:36:12,280 : state_square_error: 74.551 reward_error: 10.781
INFO : 2021-01-27 22:36:33,692 : state_square_error: 18.609 reward_error: 10.290
INFO : 2021-01-27 22:36:55,148 : state_square_error: 36.547 reward_error: 7.198
INFO : 2021-01-27 22:37:16,473 : state_square_error: 47.465 reward_error: 9.758
INFO : 2021-01-27 22:37:38,001 : state_square_error: 117.285 reward_error: 9.899
INFO : 2021-01-27 22:37:59,248 : state_square_error: 39.548 reward_error: 5.568
INFO : 2021-01-27 22:38:20,495 : state_square_error: 63.657 reward_error: 10.783
INFO : 2021-01-27 22:38:41,890 : state_square_error: 59.628 reward_error: 11.297
INFO : 2021-01-27 22:39:03,196 : episode: 66 score: 761.5 100 games avg: 761.5 steps 1000 
INFO : 2021-01-27 22:39:54,152 : state_square_error: 78.464 reward_error: 4.691
INFO : 2021-01-27 22:40:15,699 : state_square_error: 53.415 reward_error: 5.079
INFO : 2021-01-27 22:40:37,145 : state_square_error: 42.215 reward_error: 10.783
INFO : 2021-01-27 22:40:58,691 : state_square_error: 91.204 reward_error: 12.936
INFO : 2021-01-27 22:41:20,314 : state_square_error: 81.154 reward_error: 11.230
INFO : 2021-01-27 22:41:41,722 : state_square_error: 39.566 reward_error: 14.085
INFO : 2021-01-27 22:42:02,969 : state_square_error: 20.454 reward_error: 2.971
INFO : 2021-01-27 22:42:24,364 : state_square_error: 24.807 reward_error: 7.662
INFO : 2021-01-27 22:42:45,775 : state_square_error: 65.157 reward_error: 8.613
INFO : 2021-01-27 22:43:07,296 : state_square_error: 38.428 reward_error: 12.864
INFO : 2021-01-27 22:43:28,512 : episode: 67 score: 1450.5 100 games avg: 1450.5 steps 1000 
INFO : 2021-01-27 22:44:20,600 : state_square_error: 86.253 reward_error: 17.259
INFO : 2021-01-27 22:44:42,189 : state_square_error: 24.088 reward_error: 17.180
INFO : 2021-01-27 22:45:03,526 : state_square_error: 82.709 reward_error: 17.925
INFO : 2021-01-27 22:45:25,097 : state_square_error: 102.005 reward_error: 10.006
INFO : 2021-01-27 22:45:46,596 : state_square_error: 63.408 reward_error: 9.767
INFO : 2021-01-27 22:46:08,054 : state_square_error: 28.765 reward_error: 8.030
INFO : 2021-01-27 22:46:29,474 : state_square_error: 66.553 reward_error: 7.259
INFO : 2021-01-27 22:46:50,936 : state_square_error: 45.669 reward_error: 15.298
INFO : 2021-01-27 22:47:12,382 : state_square_error: 33.065 reward_error: 6.982
INFO : 2021-01-27 22:47:33,791 : state_square_error: 7.618 reward_error: 11.510
INFO : 2021-01-27 22:47:54,991 : episode: 68 score: 1002.1 100 games avg: 1002.1 steps 1000 
INFO : 2021-01-27 22:48:47,714 : state_square_error: 46.526 reward_error: 7.251
INFO : 2021-01-27 22:49:09,058 : state_square_error: 34.757 reward_error: 13.642
INFO : 2021-01-27 22:49:30,480 : state_square_error: 48.177 reward_error: 10.043
INFO : 2021-01-27 22:49:51,873 : state_square_error: 136.488 reward_error: 13.176
INFO : 2021-01-27 22:50:13,384 : state_square_error: 47.986 reward_error: 9.836
INFO : 2021-01-27 22:50:34,797 : state_square_error: 16.759 reward_error: 8.699
INFO : 2021-01-27 22:50:56,377 : state_square_error: 19.271 reward_error: 5.990
INFO : 2021-01-27 22:51:17,708 : state_square_error: 29.900 reward_error: 9.438
INFO : 2021-01-27 22:51:39,112 : state_square_error: 17.672 reward_error: 19.908
INFO : 2021-01-27 22:52:00,683 : state_square_error: 60.788 reward_error: 13.314
INFO : 2021-01-27 22:52:22,050 : episode: 69 score: 1978.0 100 games avg: 1978.0 steps 1000 
INFO : 2021-01-27 22:53:15,599 : state_square_error: 51.002 reward_error: 15.065
INFO : 2021-01-27 22:53:37,066 : state_square_error: 107.523 reward_error: 10.805
INFO : 2021-01-27 22:53:58,411 : state_square_error: 46.215 reward_error: 11.793
INFO : 2021-01-27 22:54:19,836 : state_square_error: 43.943 reward_error: 23.191
INFO : 2021-01-27 22:54:41,287 : state_square_error: 17.252 reward_error: 8.060
INFO : 2021-01-27 22:55:02,750 : state_square_error: 28.696 reward_error: 18.109
INFO : 2021-01-27 22:55:24,162 : state_square_error: 90.471 reward_error: 9.927
INFO : 2021-01-27 22:55:45,585 : state_square_error: 31.439 reward_error: 7.454
INFO : 2021-01-27 22:56:06,965 : state_square_error: 25.514 reward_error: 9.709
INFO : 2021-01-27 22:56:28,298 : state_square_error: 11.114 reward_error: 6.333
INFO : 2021-01-27 22:56:49,546 : episode: 70 score: 1167.8 100 games avg: 1167.8 steps 1000 
INFO : 2021-01-27 22:57:43,931 : state_square_error: 61.471 reward_error: 10.240
INFO : 2021-01-27 22:58:05,361 : state_square_error: 61.405 reward_error: 6.740
INFO : 2021-01-27 22:58:26,823 : state_square_error: 33.863 reward_error: 16.863
INFO : 2021-01-27 22:58:48,222 : state_square_error: 50.002 reward_error: 18.251
INFO : 2021-01-27 22:59:09,447 : state_square_error: 17.357 reward_error: 13.967
INFO : 2021-01-27 22:59:30,936 : state_square_error: 102.369 reward_error: 10.333
INFO : 2021-01-27 22:59:52,378 : state_square_error: 58.499 reward_error: 6.724
INFO : 2021-01-27 23:00:13,884 : state_square_error: 137.504 reward_error: 5.598
INFO : 2021-01-27 23:00:35,299 : state_square_error: 58.652 reward_error: 15.531
INFO : 2021-01-27 23:00:56,746 : state_square_error: 33.183 reward_error: 9.523
INFO : 2021-01-27 23:01:17,904 : episode: 71 score: 1330.7 100 games avg: 1330.7 steps 1000 
INFO : 2021-01-27 23:02:13,273 : state_square_error: 86.157 reward_error: 5.908
INFO : 2021-01-27 23:02:34,724 : state_square_error: 35.721 reward_error: 12.691
INFO : 2021-01-27 23:02:56,190 : state_square_error: 95.194 reward_error: 11.824
INFO : 2021-01-27 23:03:17,618 : state_square_error: 61.780 reward_error: 13.583
INFO : 2021-01-27 23:03:39,108 : state_square_error: 18.504 reward_error: 13.161
INFO : 2021-01-27 23:04:00,588 : state_square_error: 78.560 reward_error: 5.512
INFO : 2021-01-27 23:04:21,943 : state_square_error: 68.378 reward_error: 13.771
INFO : 2021-01-27 23:04:43,375 : state_square_error: 45.961 reward_error: 12.592
INFO : 2021-01-27 23:05:04,829 : state_square_error: 18.373 reward_error: 11.723
INFO : 2021-01-27 23:05:26,230 : state_square_error: 25.041 reward_error: 3.381
INFO : 2021-01-27 23:05:47,285 : episode: 72 score: 1934.0 100 games avg: 1934.0 steps 1000 
INFO : 2021-01-27 23:06:43,781 : state_square_error: 22.944 reward_error: 7.567
INFO : 2021-01-27 23:07:05,230 : state_square_error: 47.898 reward_error: 7.025
INFO : 2021-01-27 23:07:26,628 : state_square_error: 20.614 reward_error: 10.255
INFO : 2021-01-27 23:07:48,016 : state_square_error: 35.362 reward_error: 6.162
INFO : 2021-01-27 23:08:09,434 : state_square_error: 41.305 reward_error: 12.479
INFO : 2021-01-27 23:08:30,799 : state_square_error: 34.626 reward_error: 8.284
INFO : 2021-01-27 23:08:52,270 : state_square_error: 61.011 reward_error: 8.341
INFO : 2021-01-27 23:09:13,734 : state_square_error: 34.065 reward_error: 13.572
INFO : 2021-01-27 23:09:35,364 : state_square_error: 42.108 reward_error: 10.362
INFO : 2021-01-27 23:09:56,725 : state_square_error: 78.108 reward_error: 4.912
INFO : 2021-01-27 23:10:18,079 : episode: 73 score: 2043.0 100 games avg: 2043.0 steps 1000 
INFO : 2021-01-27 23:11:14,898 : state_square_error: 17.235 reward_error: 6.952
INFO : 2021-01-27 23:11:36,209 : state_square_error: 42.790 reward_error: 19.832
INFO : 2021-01-27 23:11:57,801 : state_square_error: 21.277 reward_error: 6.936
INFO : 2021-01-27 23:12:19,281 : state_square_error: 16.934 reward_error: 8.719
INFO : 2021-01-27 23:12:40,817 : state_square_error: 33.993 reward_error: 4.681
INFO : 2021-01-27 23:13:02,243 : state_square_error: 17.953 reward_error: 6.107
INFO : 2021-01-27 23:13:23,580 : state_square_error: 63.964 reward_error: 9.761
INFO : 2021-01-27 23:13:45,112 : state_square_error: 88.426 reward_error: 7.090
INFO : 2021-01-27 23:14:06,515 : state_square_error: 11.785 reward_error: 15.910
INFO : 2021-01-27 23:14:27,857 : state_square_error: 101.741 reward_error: 13.962
INFO : 2021-01-27 23:14:49,096 : episode: 74 score: 1136.9 100 games avg: 1136.9 steps 1000 
INFO : 2021-01-27 23:15:46,667 : state_square_error: 35.939 reward_error: 8.577
INFO : 2021-01-27 23:16:07,907 : state_square_error: 93.453 reward_error: 7.791
INFO : 2021-01-27 23:16:29,468 : state_square_error: 101.132 reward_error: 13.009
INFO : 2021-01-27 23:16:50,985 : state_square_error: 48.441 reward_error: 2.572
INFO : 2021-01-27 23:17:12,498 : state_square_error: 112.103 reward_error: 8.901
INFO : 2021-01-27 23:17:33,964 : state_square_error: 37.214 reward_error: 8.131
INFO : 2021-01-27 23:17:55,347 : state_square_error: 34.347 reward_error: 8.945
INFO : 2021-01-27 23:18:16,855 : state_square_error: 26.807 reward_error: 6.145
INFO : 2021-01-27 23:18:38,517 : state_square_error: 20.236 reward_error: 9.546
INFO : 2021-01-27 23:18:59,720 : state_square_error: 47.496 reward_error: 8.896
INFO : 2021-01-27 23:19:20,968 : episode: 75 score: 949.3 100 games avg: 949.3 steps 1000 
INFO : 2021-01-27 23:20:18,896 : state_square_error: 8.326 reward_error: 10.249
INFO : 2021-01-27 23:20:40,399 : state_square_error: 8.575 reward_error: 6.131
INFO : 2021-01-27 23:21:01,843 : state_square_error: 86.869 reward_error: 4.634
INFO : 2021-01-27 23:21:23,202 : state_square_error: 36.445 reward_error: 9.172
INFO : 2021-01-27 23:21:44,567 : state_square_error: 7.987 reward_error: 15.334
INFO : 2021-01-27 23:22:06,025 : state_square_error: 68.317 reward_error: 12.389
INFO : 2021-01-27 23:22:27,381 : state_square_error: 44.188 reward_error: 5.679
INFO : 2021-01-27 23:22:48,767 : state_square_error: 40.882 reward_error: 8.720
INFO : 2021-01-27 23:23:10,079 : state_square_error: 29.956 reward_error: 3.574
INFO : 2021-01-27 23:23:31,437 : state_square_error: 106.371 reward_error: 9.489
INFO : 2021-01-27 23:23:52,604 : episode: 76 score: 2339.4 100 games avg: 2339.4 steps 1000 
INFO : 2021-01-27 23:24:51,379 : state_square_error: 36.815 reward_error: 6.755
INFO : 2021-01-27 23:25:12,810 : state_square_error: 41.924 reward_error: 13.153
INFO : 2021-01-27 23:25:34,168 : state_square_error: 26.941 reward_error: 7.510
INFO : 2021-01-27 23:25:55,578 : state_square_error: 40.745 reward_error: 7.310
INFO : 2021-01-27 23:26:17,038 : state_square_error: 82.616 reward_error: 5.131
INFO : 2021-01-27 23:26:38,429 : state_square_error: 38.960 reward_error: 5.432
INFO : 2021-01-27 23:26:59,868 : state_square_error: 30.165 reward_error: 11.214
INFO : 2021-01-27 23:27:20,193 : state_square_error: 83.347 reward_error: 5.339
INFO : 2021-01-27 23:27:37,851 : state_square_error: 52.031 reward_error: 24.668
INFO : 2021-01-27 23:27:55,544 : state_square_error: 61.855 reward_error: 9.072
INFO : 2021-01-27 23:28:13,057 : episode: 77 score: 1923.3 100 games avg: 1923.3 steps 1000 
INFO : 2021-01-27 23:29:12,693 : state_square_error: 137.742 reward_error: 8.973
INFO : 2021-01-27 23:29:33,941 : state_square_error: 44.655 reward_error: 10.163
INFO : 2021-01-27 23:29:55,311 : state_square_error: 30.742 reward_error: 7.314
INFO : 2021-01-27 23:30:16,775 : state_square_error: 42.484 reward_error: 10.032
INFO : 2021-01-27 23:30:38,270 : state_square_error: 18.360 reward_error: 10.496
INFO : 2021-01-27 23:30:59,726 : state_square_error: 106.984 reward_error: 9.149
INFO : 2021-01-27 23:31:21,255 : state_square_error: 69.657 reward_error: 7.722
INFO : 2021-01-27 23:31:42,738 : state_square_error: 39.903 reward_error: 5.273
INFO : 2021-01-27 23:32:04,162 : state_square_error: 34.480 reward_error: 6.330
INFO : 2021-01-27 23:32:25,444 : state_square_error: 44.491 reward_error: 7.263
INFO : 2021-01-27 23:32:46,701 : episode: 78 score: 1385.5 100 games avg: 1385.5 steps 1000 
INFO : 2021-01-27 23:33:47,203 : state_square_error: 47.264 reward_error: 10.166
INFO : 2021-01-27 23:34:08,660 : state_square_error: 95.089 reward_error: 17.472
INFO : 2021-01-27 23:34:29,966 : state_square_error: 19.721 reward_error: 12.981
INFO : 2021-01-27 23:34:51,533 : state_square_error: 72.053 reward_error: 2.657
INFO : 2021-01-27 23:35:12,894 : state_square_error: 35.938 reward_error: 12.877
INFO : 2021-01-27 23:35:34,316 : state_square_error: 133.752 reward_error: 11.341
INFO : 2021-01-27 23:35:55,718 : state_square_error: 33.243 reward_error: 24.398
INFO : 2021-01-27 23:36:17,177 : state_square_error: 58.369 reward_error: 10.679
INFO : 2021-01-27 23:36:38,479 : state_square_error: 60.845 reward_error: 13.804
INFO : 2021-01-27 23:36:59,852 : state_square_error: 43.343 reward_error: 4.073
INFO : 2021-01-27 23:37:21,087 : episode: 79 score: 1947.4 100 games avg: 1947.4 steps 1000 
INFO : 2021-01-27 23:38:22,507 : state_square_error: 38.269 reward_error: 16.534
INFO : 2021-01-27 23:38:43,957 : state_square_error: 10.957 reward_error: 8.194
INFO : 2021-01-27 23:39:05,414 : state_square_error: 78.567 reward_error: 4.725
INFO : 2021-01-27 23:39:26,859 : state_square_error: 35.547 reward_error: 14.780
INFO : 2021-01-27 23:39:48,381 : state_square_error: 56.377 reward_error: 5.817
INFO : 2021-01-27 23:40:09,901 : state_square_error: 16.039 reward_error: 8.163
INFO : 2021-01-27 23:40:31,547 : state_square_error: 12.105 reward_error: 28.100
INFO : 2021-01-27 23:40:52,927 : state_square_error: 24.604 reward_error: 9.492
INFO : 2021-01-27 23:41:14,244 : state_square_error: 66.710 reward_error: 9.588
INFO : 2021-01-27 23:41:35,708 : state_square_error: 55.337 reward_error: 14.439
INFO : 2021-01-27 23:41:57,088 : episode: 80 score: 2234.7 100 games avg: 2234.7 steps 1000 
INFO : 2021-01-27 23:42:58,997 : state_square_error: 116.349 reward_error: 9.687
INFO : 2021-01-27 23:43:20,369 : state_square_error: 14.520 reward_error: 10.233
INFO : 2021-01-27 23:43:41,788 : state_square_error: 55.280 reward_error: 8.879
INFO : 2021-01-27 23:44:03,430 : state_square_error: 31.714 reward_error: 10.857
INFO : 2021-01-27 23:44:24,944 : state_square_error: 22.628 reward_error: 7.228
INFO : 2021-01-27 23:44:46,387 : state_square_error: 44.742 reward_error: 6.053
INFO : 2021-01-27 23:45:07,832 : state_square_error: 46.097 reward_error: 7.864
INFO : 2021-01-27 23:45:29,266 : state_square_error: 69.846 reward_error: 3.681
INFO : 2021-01-27 23:45:50,564 : state_square_error: 16.544 reward_error: 5.747
INFO : 2021-01-27 23:46:12,112 : state_square_error: 82.239 reward_error: 4.099
INFO : 2021-01-27 23:46:33,379 : episode: 81 score: 796.0 100 games avg: 796.0 steps 1000 
INFO : 2021-01-27 23:47:36,403 : state_square_error: 12.745 reward_error: 10.682
INFO : 2021-01-27 23:47:57,759 : state_square_error: 24.215 reward_error: 15.958
INFO : 2021-01-27 23:48:19,287 : state_square_error: 60.772 reward_error: 7.438
INFO : 2021-01-27 23:48:40,840 : state_square_error: 45.799 reward_error: 14.763
INFO : 2021-01-27 23:49:02,385 : state_square_error: 34.966 reward_error: 5.742
INFO : 2021-01-27 23:49:23,826 : state_square_error: 112.433 reward_error: 11.056
INFO : 2021-01-27 23:49:45,176 : state_square_error: 91.291 reward_error: 12.390
INFO : 2021-01-27 23:50:06,667 : state_square_error: 18.160 reward_error: 9.630
INFO : 2021-01-27 23:50:28,018 : state_square_error: 13.969 reward_error: 10.814
INFO : 2021-01-27 23:50:49,453 : state_square_error: 88.009 reward_error: 18.320
INFO : 2021-01-27 23:51:10,821 : episode: 82 score: 2129.3 100 games avg: 2129.3 steps 1000 
INFO : 2021-01-27 23:52:13,794 : state_square_error: 29.620 reward_error: 10.900
INFO : 2021-01-27 23:52:35,165 : state_square_error: 49.806 reward_error: 8.160
INFO : 2021-01-27 23:52:56,567 : state_square_error: 111.829 reward_error: 4.109
INFO : 2021-01-27 23:53:17,945 : state_square_error: 104.952 reward_error: 5.044
INFO : 2021-01-27 23:53:39,396 : state_square_error: 24.470 reward_error: 5.338
INFO : 2021-01-27 23:54:00,749 : state_square_error: 52.205 reward_error: 9.764
INFO : 2021-01-27 23:54:22,046 : state_square_error: 19.587 reward_error: 7.454
INFO : 2021-01-27 23:54:43,532 : state_square_error: 44.963 reward_error: 12.879
INFO : 2021-01-27 23:55:04,946 : state_square_error: 73.371 reward_error: 6.407
INFO : 2021-01-27 23:55:26,282 : state_square_error: 13.905 reward_error: 13.408
INFO : 2021-01-27 23:55:47,387 : episode: 83 score: 891.0 100 games avg: 891.0 steps 1000 
INFO : 2021-01-27 23:56:51,425 : state_square_error: 113.653 reward_error: 10.939
INFO : 2021-01-27 23:57:12,877 : state_square_error: 37.769 reward_error: 15.789
INFO : 2021-01-27 23:57:34,340 : state_square_error: 49.434 reward_error: 8.365
INFO : 2021-01-27 23:57:55,779 : state_square_error: 107.958 reward_error: 11.546
INFO : 2021-01-27 23:58:17,346 : state_square_error: 40.844 reward_error: 16.828
INFO : 2021-01-27 23:58:38,809 : state_square_error: 39.788 reward_error: 17.934
INFO : 2021-01-27 23:59:00,202 : state_square_error: 63.911 reward_error: 13.773
INFO : 2021-01-27 23:59:21,683 : state_square_error: 35.272 reward_error: 13.925
INFO : 2021-01-27 23:59:43,298 : state_square_error: 53.682 reward_error: 16.862
INFO : 2021-01-28 00:00:04,782 : state_square_error: 24.800 reward_error: 15.086
INFO : 2021-01-28 00:00:26,008 : episode: 84 score: 2023.9 100 games avg: 2023.9 steps 1000 
INFO : 2021-01-28 00:01:30,842 : state_square_error: 70.029 reward_error: 4.740
INFO : 2021-01-28 00:01:52,376 : state_square_error: 45.575 reward_error: 5.330
INFO : 2021-01-28 00:02:13,855 : state_square_error: 98.222 reward_error: 12.749
INFO : 2021-01-28 00:02:35,289 : state_square_error: 50.176 reward_error: 12.347
INFO : 2021-01-28 00:02:56,773 : state_square_error: 44.174 reward_error: 16.056
INFO : 2021-01-28 00:03:18,214 : state_square_error: 57.329 reward_error: 0.802
INFO : 2021-01-28 00:03:39,817 : state_square_error: 30.059 reward_error: 10.284
INFO : 2021-01-28 00:04:01,207 : state_square_error: 77.520 reward_error: 8.814
INFO : 2021-01-28 00:04:22,534 : state_square_error: 25.959 reward_error: 9.195
INFO : 2021-01-28 00:04:44,029 : state_square_error: 31.914 reward_error: 7.302
INFO : 2021-01-28 00:05:04,977 : episode: 85 score: 1568.2 100 games avg: 1568.2 steps 1000 
INFO : 2021-01-28 00:06:10,261 : state_square_error: 63.418 reward_error: 7.107
INFO : 2021-01-28 00:06:31,563 : state_square_error: 38.052 reward_error: 11.473
INFO : 2021-01-28 00:06:53,016 : state_square_error: 24.138 reward_error: 3.870
INFO : 2021-01-28 00:07:14,394 : state_square_error: 37.193 reward_error: 8.120
INFO : 2021-01-28 00:07:35,876 : state_square_error: 49.631 reward_error: 13.965
INFO : 2021-01-28 00:07:57,304 : state_square_error: 29.437 reward_error: 9.292
INFO : 2021-01-28 00:08:18,687 : state_square_error: 32.166 reward_error: 7.024
INFO : 2021-01-28 00:08:40,035 : state_square_error: 14.485 reward_error: 15.689
INFO : 2021-01-28 00:09:01,486 : state_square_error: 23.364 reward_error: 4.358
INFO : 2021-01-28 00:09:23,008 : state_square_error: 72.673 reward_error: 13.026
INFO : 2021-01-28 00:09:44,176 : episode: 86 score: 2302.2 100 games avg: 2302.2 steps 1000 
INFO : 2021-01-28 00:10:50,381 : state_square_error: 23.693 reward_error: 12.561
INFO : 2021-01-28 00:11:11,753 : state_square_error: 58.248 reward_error: 8.510
INFO : 2021-01-28 00:11:33,266 : state_square_error: 23.673 reward_error: 14.742
INFO : 2021-01-28 00:11:54,613 : state_square_error: 22.548 reward_error: 8.210
INFO : 2021-01-28 00:12:16,083 : state_square_error: 32.443 reward_error: 6.989
INFO : 2021-01-28 00:12:37,472 : state_square_error: 75.017 reward_error: 4.531
INFO : 2021-01-28 00:12:58,822 : state_square_error: 24.039 reward_error: 3.910
INFO : 2021-01-28 00:13:20,175 : state_square_error: 64.857 reward_error: 3.643
INFO : 2021-01-28 00:13:41,546 : state_square_error: 19.032 reward_error: 12.367
INFO : 2021-01-28 00:14:03,093 : state_square_error: 32.093 reward_error: 6.662
INFO : 2021-01-28 00:14:24,271 : episode: 87 score: 1446.8 100 games avg: 1446.8 steps 1000 
INFO : 2021-01-28 00:15:31,566 : state_square_error: 86.102 reward_error: 14.181
INFO : 2021-01-28 00:15:53,035 : state_square_error: 100.796 reward_error: 13.305
INFO : 2021-01-28 00:16:14,536 : state_square_error: 53.526 reward_error: 20.122
INFO : 2021-01-28 00:16:35,913 : state_square_error: 70.871 reward_error: 11.052
INFO : 2021-01-28 00:16:57,316 : state_square_error: 19.202 reward_error: 6.836
INFO : 2021-01-28 00:17:18,809 : state_square_error: 28.363 reward_error: 25.192
INFO : 2021-01-28 00:17:40,296 : state_square_error: 15.131 reward_error: 8.087
INFO : 2021-01-28 00:18:01,638 : state_square_error: 140.665 reward_error: 7.894
INFO : 2021-01-28 00:18:23,206 : state_square_error: 83.319 reward_error: 9.481
INFO : 2021-01-28 00:18:44,709 : state_square_error: 62.950 reward_error: 7.977
INFO : 2021-01-28 00:19:05,990 : episode: 88 score: 2144.3 100 games avg: 2144.3 steps 1000 
INFO : 2021-01-28 00:20:14,212 : state_square_error: 27.908 reward_error: 15.813
INFO : 2021-01-28 00:20:35,662 : state_square_error: 54.626 reward_error: 5.387
INFO : 2021-01-28 00:20:57,038 : state_square_error: 33.329 reward_error: 7.498
INFO : 2021-01-28 00:21:18,519 : state_square_error: 24.499 reward_error: 7.217
INFO : 2021-01-28 00:21:39,971 : state_square_error: 51.699 reward_error: 6.138
INFO : 2021-01-28 00:22:01,469 : state_square_error: 20.534 reward_error: 4.582
INFO : 2021-01-28 00:22:22,924 : state_square_error: 48.711 reward_error: 11.902
INFO : 2021-01-28 00:22:44,559 : state_square_error: 41.639 reward_error: 4.575
INFO : 2021-01-28 00:23:06,066 : state_square_error: 35.697 reward_error: 5.850
INFO : 2021-01-28 00:23:27,545 : state_square_error: 11.006 reward_error: 4.560
INFO : 2021-01-28 00:23:48,844 : episode: 89 score: 2185.9 100 games avg: 2185.9 steps 1000 
INFO : 2021-01-28 00:24:57,719 : state_square_error: 21.932 reward_error: 9.310
INFO : 2021-01-28 00:25:19,180 : state_square_error: 101.056 reward_error: 6.631
INFO : 2021-01-28 00:25:40,596 : state_square_error: 37.536 reward_error: 13.857
INFO : 2021-01-28 00:26:02,046 : state_square_error: 80.574 reward_error: 2.319
INFO : 2021-01-28 00:26:23,431 : state_square_error: 111.882 reward_error: 13.421
INFO : 2021-01-28 00:26:44,783 : state_square_error: 59.653 reward_error: 9.293
INFO : 2021-01-28 00:27:06,255 : state_square_error: 21.055 reward_error: 5.562
INFO : 2021-01-28 00:27:27,704 : state_square_error: 37.195 reward_error: 14.269
INFO : 2021-01-28 00:27:49,059 : state_square_error: 44.232 reward_error: 8.759
INFO : 2021-01-28 00:28:10,379 : state_square_error: 70.169 reward_error: 11.560
INFO : 2021-01-28 00:28:31,582 : episode: 90 score: 1516.8 100 games avg: 1516.8 steps 1000 
INFO : 2021-01-28 00:29:41,632 : state_square_error: 85.989 reward_error: 9.063
INFO : 2021-01-28 00:30:02,879 : state_square_error: 34.212 reward_error: 5.008
INFO : 2021-01-28 00:30:24,297 : state_square_error: 34.020 reward_error: 20.029
INFO : 2021-01-28 00:30:45,784 : state_square_error: 29.400 reward_error: 5.491
INFO : 2021-01-28 00:31:07,242 : state_square_error: 97.077 reward_error: 19.368
INFO : 2021-01-28 00:31:28,684 : state_square_error: 16.269 reward_error: 7.087
INFO : 2021-01-28 00:31:50,016 : state_square_error: 46.276 reward_error: 8.907
INFO : 2021-01-28 00:32:11,377 : state_square_error: 78.697 reward_error: 14.291
INFO : 2021-01-28 00:32:32,754 : state_square_error: 11.306 reward_error: 7.605
INFO : 2021-01-28 00:32:54,261 : state_square_error: 30.001 reward_error: 9.749
INFO : 2021-01-28 00:33:15,479 : episode: 91 score: 2241.7 100 games avg: 2241.7 steps 1000 
INFO : 2021-01-28 00:34:26,003 : state_square_error: 118.017 reward_error: 7.715
INFO : 2021-01-28 00:34:47,498 : state_square_error: 7.815 reward_error: 10.692
INFO : 2021-01-28 00:35:09,069 : state_square_error: 61.691 reward_error: 8.459
INFO : 2021-01-28 00:35:30,383 : state_square_error: 26.144 reward_error: 5.563
INFO : 2021-01-28 00:35:51,777 : state_square_error: 47.693 reward_error: 8.962
INFO : 2021-01-28 00:36:13,115 : state_square_error: 30.966 reward_error: 5.955
INFO : 2021-01-28 00:36:34,566 : state_square_error: 18.384 reward_error: 14.252
INFO : 2021-01-28 00:36:55,922 : state_square_error: 39.033 reward_error: 13.945
INFO : 2021-01-28 00:37:17,351 : state_square_error: 47.740 reward_error: 12.982
INFO : 2021-01-28 00:37:38,973 : state_square_error: 33.106 reward_error: 13.594
INFO : 2021-01-28 00:38:00,156 : episode: 92 score: 2087.0 100 games avg: 2087.0 steps 1000 
INFO : 2021-01-28 00:39:11,924 : state_square_error: 52.428 reward_error: 13.048
INFO : 2021-01-28 00:39:33,464 : state_square_error: 112.060 reward_error: 11.019
INFO : 2021-01-28 00:39:54,918 : state_square_error: 5.585 reward_error: 9.653
INFO : 2021-01-28 00:40:16,359 : state_square_error: 25.267 reward_error: 12.464
INFO : 2021-01-28 00:40:37,881 : state_square_error: 9.513 reward_error: 5.135
INFO : 2021-01-28 00:40:59,295 : state_square_error: 32.444 reward_error: 6.700
INFO : 2021-01-28 00:41:20,764 : state_square_error: 49.581 reward_error: 7.786
INFO : 2021-01-28 00:41:42,152 : state_square_error: 19.381 reward_error: 7.107
INFO : 2021-01-28 00:42:03,551 : state_square_error: 36.193 reward_error: 6.638
INFO : 2021-01-28 00:42:25,033 : state_square_error: 65.930 reward_error: 11.548
INFO : 2021-01-28 00:42:42,975 : episode: 93 score: 801.7 100 games avg: 801.7 steps 1000 
INFO : 2021-01-28 00:43:53,491 : state_square_error: 42.660 reward_error: 13.594
INFO : 2021-01-28 00:44:14,464 : state_square_error: 44.250 reward_error: 6.709
INFO : 2021-01-28 00:44:36,106 : state_square_error: 21.939 reward_error: 4.951
INFO : 2021-01-28 00:44:57,368 : state_square_error: 31.840 reward_error: 4.705
INFO : 2021-01-28 00:45:18,933 : state_square_error: 63.630 reward_error: 8.491
INFO : 2021-01-28 00:45:40,424 : state_square_error: 56.885 reward_error: 15.824
INFO : 2021-01-28 00:46:01,749 : state_square_error: 30.445 reward_error: 11.031
INFO : 2021-01-28 00:46:23,187 : state_square_error: 41.891 reward_error: 5.394
INFO : 2021-01-28 00:46:44,501 : state_square_error: 30.638 reward_error: 11.916
INFO : 2021-01-28 00:47:05,853 : state_square_error: 10.774 reward_error: 9.179
INFO : 2021-01-28 00:47:27,103 : episode: 94 score: 2389.9 100 games avg: 2389.9 steps 1000 
INFO : 2021-01-28 00:48:40,028 : state_square_error: 81.765 reward_error: 9.784
INFO : 2021-01-28 00:49:01,434 : state_square_error: 42.581 reward_error: 11.115
INFO : 2021-01-28 00:49:22,937 : state_square_error: 114.485 reward_error: 9.527
INFO : 2021-01-28 00:49:44,269 : state_square_error: 22.166 reward_error: 5.832
INFO : 2021-01-28 00:50:05,842 : state_square_error: 66.623 reward_error: 9.966
INFO : 2021-01-28 00:50:27,218 : state_square_error: 95.019 reward_error: 5.730
INFO : 2021-01-28 00:50:48,802 : state_square_error: 24.199 reward_error: 6.331
INFO : 2021-01-28 00:51:10,468 : state_square_error: 73.429 reward_error: 9.732
INFO : 2021-01-28 00:51:32,002 : state_square_error: 12.095 reward_error: 12.827
INFO : 2021-01-28 00:51:53,295 : state_square_error: 6.047 reward_error: 11.374
INFO : 2021-01-28 00:52:14,618 : episode: 95 score: 2271.2 100 games avg: 2271.2 steps 1000 
INFO : 2021-01-28 00:53:28,637 : state_square_error: 82.147 reward_error: 10.315
INFO : 2021-01-28 00:53:50,048 : state_square_error: 77.069 reward_error: 11.560
INFO : 2021-01-28 00:54:11,458 : state_square_error: 117.021 reward_error: 18.278
INFO : 2021-01-28 00:54:32,846 : state_square_error: 120.877 reward_error: 13.315
INFO : 2021-01-28 00:54:54,237 : state_square_error: 20.754 reward_error: 8.976
INFO : 2021-01-28 00:55:15,710 : state_square_error: 83.239 reward_error: 19.238
INFO : 2021-01-28 00:55:37,015 : state_square_error: 53.726 reward_error: 10.357
INFO : 2021-01-28 00:55:58,299 : state_square_error: 18.593 reward_error: 8.829
INFO : 2021-01-28 00:56:19,585 : state_square_error: 108.665 reward_error: 15.898
INFO : 2021-01-28 00:56:41,198 : state_square_error: 31.272 reward_error: 18.744
INFO : 2021-01-28 00:57:02,410 : episode: 96 score: 2405.9 100 games avg: 2405.9 steps 1000 
INFO : 2021-01-28 00:58:16,761 : state_square_error: 16.531 reward_error: 5.740
INFO : 2021-01-28 00:58:38,194 : state_square_error: 45.440 reward_error: 5.750
INFO : 2021-01-28 00:58:59,612 : state_square_error: 82.578 reward_error: 5.674
INFO : 2021-01-28 00:59:20,937 : state_square_error: 37.911 reward_error: 7.732
INFO : 2021-01-28 00:59:42,504 : state_square_error: 29.805 reward_error: 1.731
INFO : 2021-01-28 01:00:04,002 : state_square_error: 88.839 reward_error: 10.134
INFO : 2021-01-28 01:00:25,467 : state_square_error: 34.183 reward_error: 7.581
INFO : 2021-01-28 01:00:46,966 : state_square_error: 92.512 reward_error: 9.162
INFO : 2021-01-28 01:01:08,262 : state_square_error: 21.905 reward_error: 7.963
INFO : 2021-01-28 01:01:29,604 : state_square_error: 52.944 reward_error: 13.735
INFO : 2021-01-28 01:01:50,838 : episode: 97 score: 2249.2 100 games avg: 2249.2 steps 1000 
INFO : 2021-01-28 01:03:05,866 : state_square_error: 30.838 reward_error: 5.131
INFO : 2021-01-28 01:03:27,332 : state_square_error: 16.007 reward_error: 8.700
INFO : 2021-01-28 01:03:48,787 : state_square_error: 35.843 reward_error: 15.796
INFO : 2021-01-28 01:04:10,079 : state_square_error: 82.810 reward_error: 12.259
INFO : 2021-01-28 01:04:31,481 : state_square_error: 39.663 reward_error: 8.514
INFO : 2021-01-28 01:04:52,815 : state_square_error: 59.166 reward_error: 17.720
INFO : 2021-01-28 01:05:13,994 : state_square_error: 7.762 reward_error: 14.461
INFO : 2021-01-28 01:05:35,391 : state_square_error: 31.551 reward_error: 4.734
INFO : 2021-01-28 01:05:56,862 : state_square_error: 21.108 reward_error: 6.418
INFO : 2021-01-28 01:06:18,372 : state_square_error: 11.107 reward_error: 7.921
INFO : 2021-01-28 01:06:39,621 : episode: 98 score: 2267.5 100 games avg: 2267.5 steps 1000 
INFO : 2021-01-28 01:07:55,581 : state_square_error: 81.749 reward_error: 6.071
INFO : 2021-01-28 01:08:16,964 : state_square_error: 28.406 reward_error: 9.249
INFO : 2021-01-28 01:08:38,364 : state_square_error: 19.016 reward_error: 9.879
INFO : 2021-01-28 01:08:59,931 : state_square_error: 40.592 reward_error: 13.352
INFO : 2021-01-28 01:09:21,350 : state_square_error: 92.765 reward_error: 7.062
INFO : 2021-01-28 01:09:42,938 : state_square_error: 33.843 reward_error: 3.818
INFO : 2021-01-28 01:10:04,428 : state_square_error: 9.493 reward_error: 8.194
INFO : 2021-01-28 01:10:25,958 : state_square_error: 87.757 reward_error: 8.309
INFO : 2021-01-28 01:10:47,418 : state_square_error: 86.759 reward_error: 13.829
INFO : 2021-01-28 01:11:08,917 : state_square_error: 57.663 reward_error: 2.703
INFO : 2021-01-28 01:11:30,141 : episode: 99 score: 2285.7 100 games avg: 2285.7 steps 1000 
