INFO : 2021-01-23 19:45:02,831 : method: Model Predictive Contorol
INFO : 2021-01-23 19:45:02,832 : parameter n_steps: 100 ensemble_size: 5 env: Ant-v2
INFO : 2021-01-23 19:45:06,479 : mpc horizon: 10 mpc_samples: 100 elite_sample: 30 grad_steps: 10
INFO : 2021-01-23 19:45:06,480 : mpc_function policy
INFO : 2021-01-23 19:45:06,480 : policy
INFO : 2021-01-23 19:45:06,892 : state_square_error: 9.892 reward_error: -2.972
INFO : 2021-01-23 19:45:42,749 : state_square_error: 8.539 reward_error: 0.772
INFO : 2021-01-23 19:46:18,396 : state_square_error: 5.418 reward_error: -3.150
INFO : 2021-01-23 19:46:55,454 : state_square_error: 243.788 reward_error: 37.069
INFO : 2021-01-23 19:47:29,883 : episode: 0 score: 261.3 100 games avg: 261.3 steps 392 
INFO : 2021-01-23 19:47:30,434 : state_square_error: 3.851 reward_error: 14.982
INFO : 2021-01-23 19:47:52,772 : episode: 1 score: -52.0 100 games avg: -52.0 steps 60 
INFO : 2021-01-23 19:47:53,280 : state_square_error: 1.633 reward_error: 4.233
INFO : 2021-01-23 19:48:02,744 : episode: 2 score: -21.3 100 games avg: -21.3 steps 25 
INFO : 2021-01-23 19:48:03,322 : state_square_error: 1.683 reward_error: 5.930
INFO : 2021-01-23 19:48:27,864 : episode: 3 score: -36.7 100 games avg: -36.7 steps 64 
INFO : 2021-01-23 19:48:28,547 : state_square_error: 3.034 reward_error: 19.628
INFO : 2021-01-23 19:48:33,669 : episode: 4 score: -16.9 100 games avg: -16.9 steps 15 
INFO : 2021-01-23 19:48:34,293 : state_square_error: 1.986 reward_error: 3.396
INFO : 2021-01-23 19:48:44,772 : episode: 5 score: -10.2 100 games avg: -10.2 steps 28 
INFO : 2021-01-23 19:48:45,490 : state_square_error: 1.267 reward_error: 9.417
INFO : 2021-01-23 19:49:07,662 : episode: 6 score: -29.1 100 games avg: -29.1 steps 58 
INFO : 2021-01-23 19:49:08,324 : state_square_error: 1.516 reward_error: 19.159
INFO : 2021-01-23 19:49:27,942 : episode: 7 score: -20.0 100 games avg: -20.0 steps 49 
INFO : 2021-01-23 19:49:28,603 : state_square_error: 1.194 reward_error: 3.781
INFO : 2021-01-23 19:49:36,160 : episode: 8 score: -4.0 100 games avg: -4.0 steps 20 
INFO : 2021-01-23 19:49:36,822 : state_square_error: 3.862 reward_error: 7.786
INFO : 2021-01-23 19:50:06,586 : episode: 9 score: 13.2 100 games avg: 13.2 steps 75 
INFO : 2021-01-23 19:50:07,359 : state_square_error: 1.552 reward_error: 7.016
INFO : 2021-01-23 19:50:18,921 : episode: 10 score: -12.3 100 games avg: -12.3 steps 30 
INFO : 2021-01-23 19:50:19,780 : state_square_error: 5.164 reward_error: 15.637
INFO : 2021-01-23 19:50:38,366 : episode: 11 score: -29.5 100 games avg: -29.5 steps 47 
INFO : 2021-01-23 19:50:39,143 : state_square_error: 1.427 reward_error: 11.311
INFO : 2021-01-23 19:51:05,588 : episode: 12 score: -23.3 100 games avg: -23.3 steps 68 
INFO : 2021-01-23 19:51:06,355 : state_square_error: 1.204 reward_error: 13.382
INFO : 2021-01-23 19:51:45,677 : state_square_error: 1.013 reward_error: 2.593
INFO : 2021-01-23 19:51:49,731 : episode: 13 score: -9.2 100 games avg: -9.2 steps 111 
INFO : 2021-01-23 19:51:50,773 : state_square_error: 1.268 reward_error: 8.011
INFO : 2021-01-23 19:52:07,458 : episode: 14 score: -31.3 100 games avg: -31.3 steps 44 
INFO : 2021-01-23 19:52:08,423 : state_square_error: 1.626 reward_error: 3.961
INFO : 2021-01-23 19:52:48,601 : state_square_error: 1.095 reward_error: -0.085
INFO : 2021-01-23 19:53:28,240 : state_square_error: 1.461 reward_error: 14.696
INFO : 2021-01-23 19:54:05,251 : episode: 15 score: -18.2 100 games avg: -18.2 steps 294 
INFO : 2021-01-23 19:54:06,385 : state_square_error: 1.358 reward_error: 9.791
INFO : 2021-01-23 19:54:46,242 : state_square_error: 0.758 reward_error: 11.390
INFO : 2021-01-23 19:55:00,963 : episode: 16 score: 19.0 100 games avg: 19.0 steps 138 
INFO : 2021-01-23 19:55:02,075 : state_square_error: 0.716 reward_error: 13.514
INFO : 2021-01-23 19:55:41,293 : state_square_error: 1.084 reward_error: 5.380
INFO : 2021-01-23 19:56:20,628 : state_square_error: 1.765 reward_error: 12.804
INFO : 2021-01-23 19:57:01,070 : state_square_error: 0.642 reward_error: 4.489
INFO : 2021-01-23 19:57:41,464 : state_square_error: 1.070 reward_error: 8.201
INFO : 2021-01-23 19:58:21,360 : state_square_error: 1.260 reward_error: 5.694
INFO : 2021-01-23 19:59:01,452 : state_square_error: 1.362 reward_error: 9.615
INFO : 2021-01-23 19:59:42,134 : state_square_error: 0.345 reward_error: 13.013
INFO : 2021-01-23 20:00:22,806 : state_square_error: 0.792 reward_error: -1.848
INFO : 2021-01-23 20:01:02,763 : state_square_error: 0.625 reward_error: 0.824
INFO : 2021-01-23 20:01:43,054 : episode: 17 score: 391.4 100 games avg: 391.4 steps 1000 
INFO : 2021-01-23 20:01:44,640 : state_square_error: 1.966 reward_error: 3.934
INFO : 2021-01-23 20:02:24,964 : state_square_error: 0.626 reward_error: 6.073
INFO : 2021-01-23 20:03:05,276 : state_square_error: 1.217 reward_error: 6.956
INFO : 2021-01-23 20:03:45,526 : state_square_error: 0.973 reward_error: -2.204
INFO : 2021-01-23 20:04:26,299 : state_square_error: 0.373 reward_error: 4.325
INFO : 2021-01-23 20:05:06,671 : state_square_error: 0.844 reward_error: 3.307
INFO : 2021-01-23 20:05:47,439 : state_square_error: 1.022 reward_error: 4.555
INFO : 2021-01-23 20:06:26,278 : state_square_error: 0.938 reward_error: 5.829
INFO : 2021-01-23 20:07:06,515 : state_square_error: 2.145 reward_error: 4.045
INFO : 2021-01-23 20:07:46,143 : state_square_error: 1.077 reward_error: 8.163
INFO : 2021-01-23 20:08:25,562 : episode: 18 score: 411.3 100 games avg: 411.3 steps 1000 
INFO : 2021-01-23 20:08:27,669 : state_square_error: 1.912 reward_error: 1.889
INFO : 2021-01-23 20:09:07,169 : state_square_error: 1.090 reward_error: 7.301
INFO : 2021-01-23 20:09:46,191 : state_square_error: 1.883 reward_error: 11.968
INFO : 2021-01-23 20:10:25,341 : state_square_error: 1.090 reward_error: 2.379
INFO : 2021-01-23 20:10:58,687 : episode: 19 score: 149.4 100 games avg: 149.4 steps 386 
INFO : 2021-01-23 20:11:01,152 : state_square_error: 0.699 reward_error: 8.032
INFO : 2021-01-23 20:11:40,144 : state_square_error: 0.265 reward_error: 1.699
INFO : 2021-01-23 20:12:19,249 : state_square_error: 0.987 reward_error: 4.995
INFO : 2021-01-23 20:12:58,423 : state_square_error: 1.110 reward_error: 6.995
INFO : 2021-01-23 20:13:37,709 : state_square_error: 0.359 reward_error: 3.123
INFO : 2021-01-23 20:14:17,530 : state_square_error: 0.319 reward_error: 4.671
INFO : 2021-01-23 20:14:56,714 : state_square_error: 0.989 reward_error: 8.641
INFO : 2021-01-23 20:15:36,245 : state_square_error: 1.425 reward_error: 14.515
INFO : 2021-01-23 20:16:15,684 : state_square_error: 1.341 reward_error: 6.176
INFO : 2021-01-23 20:16:56,080 : state_square_error: 0.511 reward_error: 3.369
INFO : 2021-01-23 20:17:34,672 : episode: 20 score: 250.6 100 games avg: 250.6 steps 1000 
INFO : 2021-01-23 20:17:37,700 : state_square_error: 0.720 reward_error: 2.203
INFO : 2021-01-23 20:18:17,992 : state_square_error: 0.237 reward_error: 16.590
INFO : 2021-01-23 20:18:45,785 : episode: 21 score: 85.0 100 games avg: 85.0 steps 170 
INFO : 2021-01-23 20:18:48,535 : state_square_error: 0.717 reward_error: 7.076
INFO : 2021-01-23 20:19:28,492 : state_square_error: 0.825 reward_error: 10.974
INFO : 2021-01-23 20:20:07,841 : state_square_error: 0.925 reward_error: 6.105
INFO : 2021-01-23 20:20:47,942 : state_square_error: 0.658 reward_error: 3.036
INFO : 2021-01-23 20:21:28,325 : state_square_error: 1.204 reward_error: 10.163
INFO : 2021-01-23 20:22:47,576 : state_square_error: 1.291 reward_error: 1.203
INFO : 2021-01-23 20:23:27,454 : state_square_error: 0.708 reward_error: 5.619
INFO : 2021-01-23 20:24:06,770 : state_square_error: 0.597 reward_error: 7.670
INFO : 2021-01-23 20:24:47,865 : state_square_error: 0.681 reward_error: 11.110
INFO : 2021-01-23 20:25:28,079 : episode: 22 score: 457.0 100 games avg: 457.0 steps 1000 
INFO : 2021-01-23 20:25:31,334 : state_square_error: 1.245 reward_error: 9.313
INFO : 2021-01-23 20:26:09,659 : state_square_error: 1.488 reward_error: 13.100
INFO : 2021-01-23 20:26:48,450 : state_square_error: 0.679 reward_error: 9.126
INFO : 2021-01-23 20:27:28,308 : state_square_error: 1.414 reward_error: 4.327
INFO : 2021-01-23 20:28:07,969 : state_square_error: 1.883 reward_error: 4.376
INFO : 2021-01-23 20:28:47,972 : state_square_error: 1.592 reward_error: 3.286
INFO : 2021-01-23 20:29:27,873 : state_square_error: 1.376 reward_error: 6.942
INFO : 2021-01-23 20:30:07,579 : state_square_error: 0.410 reward_error: 2.014
INFO : 2021-01-23 20:30:48,205 : state_square_error: 0.406 reward_error: 2.326
INFO : 2021-01-23 20:31:28,466 : state_square_error: 0.461 reward_error: 5.256
INFO : 2021-01-23 20:32:08,248 : episode: 23 score: 391.5 100 games avg: 391.5 steps 1000 
INFO : 2021-01-23 20:32:12,008 : state_square_error: 1.784 reward_error: 7.112
INFO : 2021-01-23 20:32:52,107 : state_square_error: 1.424 reward_error: 13.070
INFO : 2021-01-23 20:33:32,496 : state_square_error: 0.875 reward_error: 2.120
INFO : 2021-01-23 20:34:12,373 : state_square_error: 0.420 reward_error: 6.171
INFO : 2021-01-23 20:34:51,802 : state_square_error: 1.020 reward_error: 2.879
INFO : 2021-01-23 20:35:32,292 : state_square_error: 0.836 reward_error: 11.176
INFO : 2021-01-23 20:36:12,670 : state_square_error: 1.086 reward_error: 7.780
INFO : 2021-01-23 20:36:52,581 : state_square_error: 1.226 reward_error: 10.951
INFO : 2021-01-23 20:37:32,863 : state_square_error: 1.780 reward_error: 11.170
INFO : 2021-01-23 20:38:12,257 : state_square_error: 0.882 reward_error: 7.065
INFO : 2021-01-23 20:38:51,505 : episode: 24 score: 402.0 100 games avg: 402.0 steps 1000 
INFO : 2021-01-23 20:38:55,753 : state_square_error: 0.943 reward_error: 18.212
INFO : 2021-01-23 20:39:35,147 : state_square_error: 0.361 reward_error: 1.286
INFO : 2021-01-23 20:40:14,458 : state_square_error: 0.902 reward_error: 7.610
INFO : 2021-01-23 20:40:54,364 : state_square_error: 0.621 reward_error: 7.030
INFO : 2021-01-23 20:41:33,907 : state_square_error: 2.313 reward_error: 16.897
INFO : 2021-01-23 20:42:13,747 : state_square_error: 3.375 reward_error: 10.143
INFO : 2021-01-23 20:42:55,326 : state_square_error: 0.602 reward_error: -0.756
INFO : 2021-01-23 20:43:34,898 : state_square_error: 1.636 reward_error: 7.117
INFO : 2021-01-23 20:44:14,835 : state_square_error: 0.417 reward_error: 16.606
INFO : 2021-01-23 20:44:54,555 : state_square_error: 0.849 reward_error: -1.326
INFO : 2021-01-23 20:45:33,705 : episode: 25 score: 582.5 100 games avg: 582.5 steps 1000 
INFO : 2021-01-23 20:45:39,022 : state_square_error: 1.745 reward_error: 5.344
INFO : 2021-01-23 20:46:18,818 : state_square_error: 0.580 reward_error: 6.507
INFO : 2021-01-23 20:46:59,118 : state_square_error: 0.414 reward_error: 8.388
INFO : 2021-01-23 20:47:38,687 : state_square_error: 1.256 reward_error: 5.002
INFO : 2021-01-23 20:48:19,373 : state_square_error: 1.605 reward_error: 3.669
INFO : 2021-01-23 20:48:59,698 : state_square_error: 0.521 reward_error: 1.224
INFO : 2021-01-23 20:49:39,335 : state_square_error: 2.184 reward_error: 16.321
INFO : 2021-01-23 20:50:19,062 : state_square_error: 0.438 reward_error: 2.011
INFO : 2021-01-23 20:50:59,877 : state_square_error: 0.594 reward_error: 3.036
INFO : 2021-01-23 20:51:40,650 : state_square_error: 0.675 reward_error: 3.007
INFO : 2021-01-23 20:52:19,304 : episode: 26 score: 450.1 100 games avg: 450.1 steps 1000 
INFO : 2021-01-23 20:52:24,777 : state_square_error: 1.461 reward_error: 10.356
INFO : 2021-01-23 20:53:03,681 : state_square_error: 1.107 reward_error: 6.461
INFO : 2021-01-23 20:53:43,825 : state_square_error: 1.260 reward_error: 9.639
INFO : 2021-01-23 20:54:24,353 : state_square_error: 0.762 reward_error: 7.118
INFO : 2021-01-23 20:55:04,117 : state_square_error: 1.770 reward_error: 14.441
INFO : 2021-01-23 20:55:44,089 : state_square_error: 0.244 reward_error: 4.519
INFO : 2021-01-23 20:56:24,787 : state_square_error: 1.754 reward_error: 5.225
INFO : 2021-01-23 20:57:04,140 : state_square_error: 0.541 reward_error: 4.066
INFO : 2021-01-23 20:57:44,159 : state_square_error: 0.843 reward_error: 8.112
INFO : 2021-01-23 20:58:24,256 : state_square_error: 0.769 reward_error: 5.435
INFO : 2021-01-23 20:59:04,345 : episode: 27 score: 475.2 100 games avg: 475.2 steps 1000 
INFO : 2021-01-23 20:59:10,646 : state_square_error: 0.801 reward_error: 8.545
INFO : 2021-01-23 20:59:49,473 : state_square_error: 0.508 reward_error: 6.123
INFO : 2021-01-23 21:00:29,194 : state_square_error: 0.222 reward_error: 6.106
INFO : 2021-01-23 21:01:09,595 : state_square_error: 0.285 reward_error: 2.122
INFO : 2021-01-23 21:01:48,736 : state_square_error: 0.763 reward_error: 1.528
INFO : 2021-01-23 21:02:29,311 : state_square_error: 0.933 reward_error: 0.591
INFO : 2021-01-23 21:03:09,169 : state_square_error: 0.743 reward_error: 2.771
INFO : 2021-01-23 21:03:49,439 : state_square_error: 1.065 reward_error: 2.157
INFO : 2021-01-23 21:04:29,665 : state_square_error: 1.157 reward_error: 4.261
INFO : 2021-01-23 21:05:10,651 : state_square_error: 0.549 reward_error: 2.483
INFO : 2021-01-23 21:05:50,126 : episode: 28 score: 542.6 100 games avg: 542.6 steps 1000 
INFO : 2021-01-23 21:05:56,785 : state_square_error: 2.230 reward_error: 9.749
INFO : 2021-01-23 21:06:36,228 : state_square_error: 0.195 reward_error: 1.961
INFO : 2021-01-23 21:07:15,871 : state_square_error: 0.876 reward_error: 4.576
INFO : 2021-01-23 21:07:55,509 : state_square_error: 1.140 reward_error: 0.800
INFO : 2021-01-23 21:08:35,769 : state_square_error: 1.278 reward_error: 2.655
INFO : 2021-01-23 21:09:16,036 : state_square_error: 0.417 reward_error: -1.197
INFO : 2021-01-23 21:09:55,661 : state_square_error: 0.477 reward_error: 3.101
INFO : 2021-01-23 21:10:36,614 : state_square_error: 0.981 reward_error: 4.292
INFO : 2021-01-23 21:11:16,876 : state_square_error: 0.998 reward_error: 2.753
INFO : 2021-01-23 21:11:56,401 : state_square_error: 0.539 reward_error: 3.113
INFO : 2021-01-23 21:12:35,670 : episode: 29 score: 480.0 100 games avg: 480.0 steps 1000 
INFO : 2021-01-23 21:12:42,265 : state_square_error: 1.473 reward_error: 11.958
INFO : 2021-01-23 21:13:21,671 : state_square_error: 0.598 reward_error: 6.037
INFO : 2021-01-23 21:14:01,108 : state_square_error: 1.288 reward_error: 2.781
INFO : 2021-01-23 21:14:39,852 : state_square_error: 1.188 reward_error: 5.126
INFO : 2021-01-23 21:15:20,524 : state_square_error: 0.758 reward_error: 3.791
INFO : 2021-01-23 21:16:00,407 : state_square_error: 0.755 reward_error: 2.550
INFO : 2021-01-23 21:16:41,064 : state_square_error: 0.506 reward_error: -0.372
INFO : 2021-01-23 21:17:21,616 : state_square_error: 0.923 reward_error: 3.959
INFO : 2021-01-23 21:18:00,837 : state_square_error: 0.532 reward_error: 1.871
INFO : 2021-01-23 21:18:40,798 : state_square_error: 0.527 reward_error: 4.995
INFO : 2021-01-23 21:19:19,597 : episode: 30 score: 481.6 100 games avg: 481.6 steps 1000 
INFO : 2021-01-23 21:19:26,775 : state_square_error: 0.365 reward_error: 2.539
INFO : 2021-01-23 21:20:07,004 : state_square_error: 2.012 reward_error: 12.082
INFO : 2021-01-23 21:20:46,668 : state_square_error: 0.592 reward_error: 4.097
INFO : 2021-01-23 21:21:26,796 : state_square_error: 1.320 reward_error: 8.518
INFO : 2021-01-23 21:22:06,306 : state_square_error: 0.386 reward_error: 6.941
INFO : 2021-01-23 21:22:45,257 : state_square_error: 0.318 reward_error: 5.859
INFO : 2021-01-23 21:23:25,683 : state_square_error: 0.632 reward_error: 0.431
INFO : 2021-01-23 21:24:05,348 : state_square_error: 0.623 reward_error: 0.811
INFO : 2021-01-23 21:24:45,559 : state_square_error: 0.579 reward_error: 4.624
INFO : 2021-01-23 21:25:25,277 : state_square_error: 0.593 reward_error: 1.705
INFO : 2021-01-23 21:26:03,961 : episode: 31 score: 455.5 100 games avg: 455.5 steps 1000 
INFO : 2021-01-23 21:26:11,761 : state_square_error: 0.681 reward_error: 1.767
INFO : 2021-01-23 21:26:21,822 : episode: 32 score: 17.7 100 games avg: 17.7 steps 27 
INFO : 2021-01-23 21:26:29,920 : state_square_error: 2.211 reward_error: 9.564
INFO : 2021-01-23 21:27:09,022 : state_square_error: 0.210 reward_error: 12.982
INFO : 2021-01-23 21:27:50,043 : state_square_error: 2.310 reward_error: 0.369
INFO : 2021-01-23 21:28:29,937 : state_square_error: 0.328 reward_error: 9.206
INFO : 2021-01-23 21:29:10,296 : state_square_error: 2.054 reward_error: 3.108
INFO : 2021-01-23 21:29:50,425 : state_square_error: 0.887 reward_error: 8.628
INFO : 2021-01-23 21:30:29,541 : state_square_error: 0.807 reward_error: 2.233
INFO : 2021-01-23 21:31:09,032 : state_square_error: 0.468 reward_error: -2.358
INFO : 2021-01-23 21:31:49,447 : state_square_error: 1.392 reward_error: 10.913
INFO : 2021-01-23 21:32:29,535 : state_square_error: 0.934 reward_error: 2.465
INFO : 2021-01-23 21:33:09,755 : episode: 33 score: 524.9 100 games avg: 524.9 steps 1000 
INFO : 2021-01-23 21:33:18,408 : state_square_error: 1.154 reward_error: 10.889
INFO : 2021-01-23 21:33:40,544 : episode: 34 score: 31.3 100 games avg: 31.3 steps 58 
INFO : 2021-01-23 21:33:49,407 : state_square_error: 2.760 reward_error: 6.222
INFO : 2021-01-23 21:34:28,537 : state_square_error: 0.487 reward_error: 3.403
INFO : 2021-01-23 21:35:07,927 : state_square_error: 0.329 reward_error: 2.777
INFO : 2021-01-23 21:35:47,841 : state_square_error: 0.684 reward_error: 5.166
INFO : 2021-01-23 21:36:26,867 : state_square_error: 0.254 reward_error: -0.789
INFO : 2021-01-23 21:37:08,062 : state_square_error: 0.823 reward_error: 1.927
INFO : 2021-01-23 21:37:48,258 : state_square_error: 0.634 reward_error: 5.938
INFO : 2021-01-23 21:38:28,095 : state_square_error: 0.340 reward_error: 5.727
INFO : 2021-01-23 21:39:07,101 : state_square_error: 0.441 reward_error: 4.719
INFO : 2021-01-23 21:39:47,448 : state_square_error: 0.868 reward_error: 3.147
INFO : 2021-01-23 21:40:26,769 : episode: 35 score: 445.4 100 games avg: 445.4 steps 1000 
INFO : 2021-01-23 21:40:36,461 : state_square_error: 0.722 reward_error: 11.246
INFO : 2021-01-23 21:41:16,569 : state_square_error: 0.679 reward_error: 0.701
INFO : 2021-01-23 21:41:36,831 : episode: 36 score: 97.3 100 games avg: 97.3 steps 152 
INFO : 2021-01-23 21:41:46,500 : state_square_error: 0.400 reward_error: 11.174
INFO : 2021-01-23 21:42:26,100 : state_square_error: 0.809 reward_error: 7.214
INFO : 2021-01-23 21:42:34,760 : episode: 37 score: 63.2 100 games avg: 63.2 steps 124 
INFO : 2021-01-23 21:42:44,451 : state_square_error: 1.299 reward_error: 0.671
INFO : 2021-01-23 21:43:25,491 : state_square_error: 0.335 reward_error: 2.379
INFO : 2021-01-23 21:44:05,621 : state_square_error: 0.716 reward_error: 5.580
INFO : 2021-01-23 21:44:45,521 : state_square_error: 0.969 reward_error: 5.315
INFO : 2021-01-23 21:45:26,047 : state_square_error: 0.344 reward_error: 2.389
INFO : 2021-01-23 21:46:05,721 : state_square_error: 1.371 reward_error: 9.542
INFO : 2021-01-23 21:46:45,956 : state_square_error: 0.766 reward_error: 6.930
INFO : 2021-01-23 21:47:26,367 : state_square_error: 1.688 reward_error: 11.424
INFO : 2021-01-23 21:48:06,056 : state_square_error: 0.217 reward_error: 5.738
INFO : 2021-01-23 21:48:45,514 : state_square_error: 0.954 reward_error: 2.375
INFO : 2021-01-23 21:49:25,818 : episode: 38 score: 481.7 100 games avg: 481.7 steps 1000 
INFO : 2021-01-23 21:49:34,888 : state_square_error: 2.457 reward_error: 7.128
INFO : 2021-01-23 21:50:14,287 : state_square_error: 0.738 reward_error: 9.916
INFO : 2021-01-23 21:50:53,443 : state_square_error: 0.347 reward_error: 4.679
INFO : 2021-01-23 21:51:32,157 : state_square_error: 0.195 reward_error: 1.436
INFO : 2021-01-23 21:52:11,571 : state_square_error: 0.695 reward_error: 3.805
INFO : 2021-01-23 21:52:52,096 : state_square_error: 0.501 reward_error: 2.488
INFO : 2021-01-23 21:53:31,067 : state_square_error: 0.777 reward_error: 2.223
INFO : 2021-01-23 21:54:11,496 : state_square_error: 0.426 reward_error: 4.357
INFO : 2021-01-23 21:54:51,127 : state_square_error: 0.750 reward_error: -0.328
INFO : 2021-01-23 21:55:31,430 : state_square_error: 1.050 reward_error: 1.589
INFO : 2021-01-23 21:56:10,429 : episode: 39 score: 488.5 100 games avg: 488.5 steps 1000 
INFO : 2021-01-23 21:56:20,141 : state_square_error: 2.404 reward_error: 7.110
INFO : 2021-01-23 21:56:58,075 : state_square_error: 0.699 reward_error: 4.128
INFO : 2021-01-23 21:57:37,344 : state_square_error: 0.838 reward_error: 4.504
INFO : 2021-01-23 21:58:17,496 : state_square_error: 0.275 reward_error: 3.868
INFO : 2021-01-23 21:58:57,006 : state_square_error: 0.762 reward_error: 4.699
INFO : 2021-01-23 21:59:36,047 : state_square_error: 0.953 reward_error: 3.478
INFO : 2021-01-23 22:00:16,982 : state_square_error: 0.341 reward_error: 5.667
INFO : 2021-01-23 22:00:56,914 : state_square_error: 0.795 reward_error: 3.463
INFO : 2021-01-23 22:01:36,132 : state_square_error: 0.732 reward_error: 3.905
INFO : 2021-01-23 22:02:16,408 : state_square_error: 0.464 reward_error: 3.996
INFO : 2021-01-23 22:02:55,615 : episode: 40 score: 539.8 100 games avg: 539.8 steps 1000 
INFO : 2021-01-23 22:03:06,277 : state_square_error: 0.228 reward_error: 2.587
INFO : 2021-01-23 22:03:45,293 : state_square_error: 0.877 reward_error: 11.423
INFO : 2021-01-23 22:04:23,909 : state_square_error: 0.569 reward_error: 15.267
INFO : 2021-01-23 22:05:02,731 : state_square_error: 0.854 reward_error: 8.257
INFO : 2021-01-23 22:05:42,371 : state_square_error: 1.117 reward_error: 21.768
INFO : 2021-01-23 22:06:21,260 : state_square_error: 0.374 reward_error: 3.264
INFO : 2021-01-23 22:07:00,813 : state_square_error: 0.282 reward_error: 4.027
INFO : 2021-01-23 22:07:20,025 : episode: 41 score: 357.4 100 games avg: 357.4 steps 649 
INFO : 2021-01-23 22:07:30,536 : state_square_error: 1.302 reward_error: 5.869
INFO : 2021-01-23 22:08:09,496 : state_square_error: 0.281 reward_error: 2.822
INFO : 2021-01-23 22:08:47,758 : state_square_error: 0.846 reward_error: 9.577
INFO : 2021-01-23 22:09:26,135 : state_square_error: 0.819 reward_error: 5.462
INFO : 2021-01-23 22:10:05,454 : state_square_error: 0.560 reward_error: 9.709
INFO : 2021-01-23 22:10:46,188 : state_square_error: 0.623 reward_error: -0.022
INFO : 2021-01-23 22:11:26,198 : state_square_error: 0.438 reward_error: 2.098
INFO : 2021-01-23 22:12:05,260 : state_square_error: 0.769 reward_error: 4.532
INFO : 2021-01-23 22:12:45,055 : state_square_error: 0.307 reward_error: 2.521
INFO : 2021-01-23 22:13:24,013 : state_square_error: 1.537 reward_error: 9.125
INFO : 2021-01-23 22:14:02,824 : episode: 42 score: 574.6 100 games avg: 574.6 steps 1000 
INFO : 2021-01-23 22:14:14,405 : state_square_error: 1.906 reward_error: 5.606
INFO : 2021-01-23 22:14:53,508 : state_square_error: 1.444 reward_error: 11.899
INFO : 2021-01-23 22:15:31,310 : state_square_error: 2.940 reward_error: 2.855
INFO : 2021-01-23 22:16:08,820 : state_square_error: 1.687 reward_error: 9.682
INFO : 2021-01-23 22:16:13,163 : episode: 43 score: 167.0 100 games avg: 167.0 steps 313 
INFO : 2021-01-23 22:16:24,698 : state_square_error: 1.312 reward_error: 4.908
INFO : 2021-01-23 22:17:03,344 : state_square_error: 1.022 reward_error: 7.640
INFO : 2021-01-23 22:17:42,735 : state_square_error: 1.568 reward_error: 4.497
INFO : 2021-01-23 22:18:21,924 : state_square_error: 1.198 reward_error: 9.967
INFO : 2021-01-23 22:19:00,542 : state_square_error: 1.788 reward_error: 17.543
INFO : 2021-01-23 22:19:39,501 : state_square_error: 0.786 reward_error: 7.007
INFO : 2021-01-23 22:20:17,709 : state_square_error: 0.776 reward_error: 2.233
INFO : 2021-01-23 22:20:56,506 : state_square_error: 0.829 reward_error: 2.220
INFO : 2021-01-23 22:21:35,774 : state_square_error: 1.084 reward_error: 5.497
INFO : 2021-01-23 22:22:13,875 : state_square_error: 0.585 reward_error: 4.343
INFO : 2021-01-23 22:22:52,123 : episode: 44 score: 459.2 100 games avg: 459.2 steps 1000 
INFO : 2021-01-23 22:23:04,146 : state_square_error: 1.202 reward_error: 14.706
INFO : 2021-01-23 22:23:42,598 : state_square_error: 0.912 reward_error: 14.791
INFO : 2021-01-23 22:24:00,554 : episode: 45 score: 101.2 100 games avg: 101.2 steps 148 
INFO : 2021-01-23 22:24:13,053 : state_square_error: 0.715 reward_error: -0.619
INFO : 2021-01-23 22:24:51,551 : state_square_error: 1.199 reward_error: 8.194
INFO : 2021-01-23 22:25:30,799 : state_square_error: 0.411 reward_error: 5.309
INFO : 2021-01-23 22:26:09,030 : state_square_error: 1.450 reward_error: 9.105
INFO : 2021-01-23 22:26:47,046 : state_square_error: 3.036 reward_error: 2.267
INFO : 2021-01-23 22:27:25,726 : state_square_error: 0.694 reward_error: 8.709
INFO : 2021-01-23 22:28:04,688 : state_square_error: 0.910 reward_error: 9.040
INFO : 2021-01-23 22:28:44,128 : state_square_error: 0.296 reward_error: 1.619
INFO : 2021-01-23 22:29:23,992 : state_square_error: 0.180 reward_error: 0.889
INFO : 2021-01-23 22:30:03,535 : state_square_error: 0.214 reward_error: 4.348
INFO : 2021-01-23 22:30:43,566 : episode: 46 score: 509.1 100 games avg: 509.1 steps 1000 
INFO : 2021-01-23 22:30:55,569 : state_square_error: 1.051 reward_error: 11.348
INFO : 2021-01-23 22:31:34,898 : state_square_error: 0.700 reward_error: 3.962
INFO : 2021-01-23 22:32:14,816 : state_square_error: 0.523 reward_error: 14.455
INFO : 2021-01-23 22:32:55,599 : state_square_error: 0.573 reward_error: 8.879
INFO : 2021-01-23 22:33:36,265 : state_square_error: 0.393 reward_error: 6.510
INFO : 2021-01-23 22:34:17,314 : state_square_error: 1.454 reward_error: 7.718
INFO : 2021-01-23 22:34:58,360 : state_square_error: 0.732 reward_error: 10.217
INFO : 2021-01-23 22:35:39,541 : state_square_error: 0.482 reward_error: 7.108
INFO : 2021-01-23 22:36:19,816 : state_square_error: 0.567 reward_error: 9.701
INFO : 2021-01-23 22:36:57,466 : episode: 47 score: 415.1 100 games avg: 415.1 steps 895 
INFO : 2021-01-23 22:37:11,084 : state_square_error: 0.512 reward_error: 10.345
INFO : 2021-01-23 22:37:51,653 : state_square_error: 2.762 reward_error: 5.156
INFO : 2021-01-23 22:38:32,333 : state_square_error: 1.007 reward_error: 3.107
INFO : 2021-01-23 22:39:13,377 : state_square_error: 0.205 reward_error: 7.826
INFO : 2021-01-23 22:39:53,993 : state_square_error: 0.678 reward_error: 7.124
INFO : 2021-01-23 22:40:34,899 : state_square_error: 0.567 reward_error: 11.174
INFO : 2021-01-23 22:41:15,335 : episode: 48 score: 348.4 100 games avg: 348.4 steps 601 
INFO : 2021-01-23 22:41:29,393 : state_square_error: 0.509 reward_error: 6.907
INFO : 2021-01-23 22:42:08,857 : state_square_error: 0.739 reward_error: 7.931
INFO : 2021-01-23 22:42:48,574 : state_square_error: 0.593 reward_error: 7.226
INFO : 2021-01-23 22:43:28,839 : state_square_error: 0.925 reward_error: 11.673
INFO : 2021-01-23 22:44:09,005 : state_square_error: 0.553 reward_error: 7.396
INFO : 2021-01-23 22:44:49,734 : state_square_error: 2.280 reward_error: 7.434
INFO : 2021-01-23 22:45:29,352 : state_square_error: 0.925 reward_error: 9.178
INFO : 2021-01-23 22:46:10,545 : state_square_error: 0.269 reward_error: 7.964
INFO : 2021-01-23 22:46:50,820 : state_square_error: 0.763 reward_error: 4.633
INFO : 2021-01-23 22:47:30,808 : state_square_error: 0.331 reward_error: 4.157
INFO : 2021-01-23 22:48:11,267 : episode: 49 score: 644.3 100 games avg: 644.3 steps 1000 
INFO : 2021-01-23 22:48:25,749 : state_square_error: 0.533 reward_error: 2.776
INFO : 2021-01-23 22:49:05,575 : state_square_error: 1.191 reward_error: 2.912
INFO : 2021-01-23 22:49:45,377 : state_square_error: 0.808 reward_error: 4.599
INFO : 2021-01-23 22:50:25,356 : state_square_error: 0.226 reward_error: 0.453
INFO : 2021-01-23 22:51:06,268 : state_square_error: 0.589 reward_error: 11.318
INFO : 2021-01-23 22:51:09,556 : episode: 50 score: 265.2 100 games avg: 265.2 steps 409 
INFO : 2021-01-23 22:51:23,711 : state_square_error: 2.275 reward_error: 9.050
INFO : 2021-01-23 22:52:03,944 : state_square_error: 0.848 reward_error: -1.882
INFO : 2021-01-23 22:52:43,403 : state_square_error: 0.634 reward_error: 4.462
INFO : 2021-01-23 22:53:24,687 : state_square_error: 0.377 reward_error: 3.690
INFO : 2021-01-23 22:54:05,368 : state_square_error: 0.441 reward_error: 1.845
INFO : 2021-01-23 22:54:45,702 : state_square_error: 0.841 reward_error: 3.556
INFO : 2021-01-23 22:55:25,246 : state_square_error: 0.363 reward_error: 2.815
INFO : 2021-01-23 22:56:06,091 : state_square_error: 0.688 reward_error: 0.464
INFO : 2021-01-23 22:56:46,392 : state_square_error: 0.723 reward_error: 0.997
INFO : 2021-01-23 22:57:26,958 : state_square_error: 1.818 reward_error: 2.164
INFO : 2021-01-23 22:58:06,615 : episode: 51 score: 534.8 100 games avg: 534.8 steps 1000 
INFO : 2021-01-23 22:58:21,560 : state_square_error: 0.546 reward_error: 0.235
INFO : 2021-01-23 22:59:02,793 : state_square_error: 0.376 reward_error: 10.438
INFO : 2021-01-23 22:59:43,467 : state_square_error: 0.710 reward_error: 7.082
INFO : 2021-01-23 23:00:23,760 : state_square_error: 0.308 reward_error: 7.861
INFO : 2021-01-23 23:01:05,347 : state_square_error: 1.162 reward_error: 0.902
INFO : 2021-01-23 23:01:45,620 : state_square_error: 0.616 reward_error: 4.116
INFO : 2021-01-23 23:02:27,074 : state_square_error: 0.611 reward_error: 7.150
INFO : 2021-01-23 23:03:09,085 : state_square_error: 3.871 reward_error: 5.595
INFO : 2021-01-23 23:03:50,673 : state_square_error: 1.486 reward_error: 4.915
INFO : 2021-01-23 23:04:32,085 : state_square_error: 0.731 reward_error: 4.779
INFO : 2021-01-23 23:05:12,883 : episode: 52 score: 654.7 100 games avg: 654.7 steps 1000 
INFO : 2021-01-23 23:05:29,034 : state_square_error: 0.795 reward_error: 5.021
INFO : 2021-01-23 23:06:09,407 : state_square_error: 1.798 reward_error: 5.378
INFO : 2021-01-23 23:06:50,779 : state_square_error: 2.012 reward_error: 3.753
INFO : 2021-01-23 23:07:31,955 : state_square_error: 0.596 reward_error: 1.973
INFO : 2021-01-23 23:08:12,978 : state_square_error: 0.252 reward_error: 3.282
INFO : 2021-01-23 23:08:54,627 : state_square_error: 1.028 reward_error: 6.082
INFO : 2021-01-23 23:09:35,026 : state_square_error: 0.739 reward_error: 2.222
INFO : 2021-01-23 23:10:17,296 : state_square_error: 1.456 reward_error: 3.689
INFO : 2021-01-23 23:10:58,506 : state_square_error: 0.535 reward_error: 2.392
INFO : 2021-01-23 23:11:41,036 : state_square_error: 0.911 reward_error: 4.960
INFO : 2021-01-23 23:12:22,281 : episode: 53 score: 597.8 100 games avg: 597.8 steps 1000 
INFO : 2021-01-23 23:12:39,433 : state_square_error: 0.894 reward_error: 8.238
INFO : 2021-01-23 23:13:20,906 : state_square_error: 2.410 reward_error: 11.954
INFO : 2021-01-23 23:14:02,805 : state_square_error: 0.749 reward_error: 4.187
INFO : 2021-01-23 23:14:44,583 : state_square_error: 1.288 reward_error: -1.340
INFO : 2021-01-23 23:14:56,113 : episode: 54 score: 252.4 100 games avg: 252.4 steps 328 
INFO : 2021-01-23 23:15:13,082 : state_square_error: 0.624 reward_error: 14.299
INFO : 2021-01-23 23:15:53,849 : state_square_error: 1.866 reward_error: 3.595
INFO : 2021-01-23 23:16:35,404 : state_square_error: 1.130 reward_error: 17.859
INFO : 2021-01-23 23:17:16,900 : state_square_error: 0.825 reward_error: 7.135
INFO : 2021-01-23 23:17:58,759 : state_square_error: 0.259 reward_error: 11.850
INFO : 2021-01-23 23:18:39,830 : state_square_error: 0.911 reward_error: 7.410
INFO : 2021-01-23 23:19:21,277 : state_square_error: 0.571 reward_error: 8.962
INFO : 2021-01-23 23:20:03,678 : state_square_error: 1.881 reward_error: 0.925
INFO : 2021-01-23 23:20:45,880 : state_square_error: 0.237 reward_error: 0.785
INFO : 2021-01-23 23:21:27,282 : state_square_error: 0.710 reward_error: 0.789
INFO : 2021-01-23 23:22:08,633 : episode: 55 score: 691.9 100 games avg: 691.9 steps 1000 
INFO : 2021-01-23 23:22:26,486 : state_square_error: 0.765 reward_error: 2.392
INFO : 2021-01-23 23:23:07,047 : state_square_error: 0.917 reward_error: 13.716
INFO : 2021-01-23 23:23:48,645 : state_square_error: 0.733 reward_error: -0.825
INFO : 2021-01-23 23:24:29,797 : state_square_error: 1.948 reward_error: 15.078
INFO : 2021-01-23 23:25:10,539 : state_square_error: 0.526 reward_error: 2.782
INFO : 2021-01-23 23:25:53,073 : state_square_error: 0.714 reward_error: 3.824
INFO : 2021-01-23 23:26:35,212 : state_square_error: 1.197 reward_error: 5.936
INFO : 2021-01-23 23:27:16,603 : state_square_error: 3.172 reward_error: 14.408
INFO : 2021-01-23 23:27:57,828 : state_square_error: 0.648 reward_error: 10.823
INFO : 2021-01-23 23:28:40,912 : state_square_error: 1.386 reward_error: 2.223
INFO : 2021-01-23 23:29:22,930 : episode: 56 score: 648.8 100 games avg: 648.8 steps 1000 
INFO : 2021-01-23 23:29:41,336 : state_square_error: 1.874 reward_error: 8.145
INFO : 2021-01-23 23:29:58,554 : episode: 57 score: 36.2 100 games avg: 36.2 steps 42 
INFO : 2021-01-23 23:30:18,290 : state_square_error: 2.884 reward_error: 1.758
INFO : 2021-01-23 23:31:01,032 : state_square_error: 1.659 reward_error: 9.699
INFO : 2021-01-23 23:31:44,124 : state_square_error: 0.572 reward_error: 15.004
INFO : 2021-01-23 23:32:13,156 : episode: 58 score: 236.7 100 games avg: 236.7 steps 268 
INFO : 2021-01-23 23:32:32,922 : state_square_error: 0.500 reward_error: 11.222
INFO : 2021-01-23 23:33:15,722 : state_square_error: 0.815 reward_error: 11.375
INFO : 2021-01-23 23:33:58,426 : state_square_error: 0.733 reward_error: 3.292
INFO : 2021-01-23 23:34:41,012 : state_square_error: 0.324 reward_error: 4.800
INFO : 2021-01-23 23:35:23,252 : state_square_error: 1.710 reward_error: 0.407
INFO : 2021-01-23 23:36:05,763 : state_square_error: 0.798 reward_error: 11.899
INFO : 2021-01-23 23:36:48,499 : state_square_error: 0.642 reward_error: 13.458
INFO : 2021-01-23 23:37:31,084 : state_square_error: 0.722 reward_error: 5.045
INFO : 2021-01-23 23:38:14,153 : state_square_error: 1.255 reward_error: 12.217
INFO : 2021-01-23 23:38:56,953 : state_square_error: 1.660 reward_error: 14.070
INFO : 2021-01-23 23:39:38,355 : episode: 59 score: 589.5 100 games avg: 589.5 steps 1000 
INFO : 2021-01-23 23:39:58,490 : state_square_error: 0.902 reward_error: 11.803
INFO : 2021-01-23 23:40:40,723 : state_square_error: 0.916 reward_error: 13.575
INFO : 2021-01-23 23:40:59,326 : episode: 60 score: 69.0 100 games avg: 69.0 steps 145 
INFO : 2021-01-23 23:41:19,090 : state_square_error: 0.517 reward_error: 0.504
INFO : 2021-01-23 23:42:01,881 : state_square_error: 0.442 reward_error: 7.961
INFO : 2021-01-23 23:42:19,564 : episode: 61 score: 74.9 100 games avg: 74.9 steps 143 
INFO : 2021-01-23 23:42:39,299 : state_square_error: 2.044 reward_error: 14.376
INFO : 2021-01-23 23:43:21,369 : state_square_error: 0.475 reward_error: 11.640
INFO : 2021-01-23 23:43:26,771 : episode: 62 score: 66.1 100 games avg: 66.1 steps 114 
INFO : 2021-01-23 23:43:46,794 : state_square_error: 0.700 reward_error: 6.059
INFO : 2021-01-23 23:44:28,599 : state_square_error: 0.467 reward_error: 0.988
INFO : 2021-01-23 23:44:41,799 : episode: 63 score: 79.7 100 games avg: 79.7 steps 133 
INFO : 2021-01-23 23:45:02,012 : state_square_error: 1.748 reward_error: 9.971
INFO : 2021-01-23 23:45:44,443 : state_square_error: 0.953 reward_error: 13.670
INFO : 2021-01-23 23:46:27,009 : state_square_error: 1.691 reward_error: 15.535
INFO : 2021-01-23 23:47:09,075 : state_square_error: 1.332 reward_error: 11.106
INFO : 2021-01-23 23:47:51,572 : state_square_error: 1.204 reward_error: 6.469
INFO : 2021-01-23 23:48:33,695 : state_square_error: 0.864 reward_error: 17.464
INFO : 2021-01-23 23:49:16,199 : state_square_error: 0.427 reward_error: 7.564
INFO : 2021-01-23 23:49:59,012 : state_square_error: 0.670 reward_error: 12.484
INFO : 2021-01-23 23:50:41,107 : state_square_error: 0.774 reward_error: 4.482
INFO : 2021-01-23 23:51:24,805 : state_square_error: 1.325 reward_error: 2.927
INFO : 2021-01-23 23:52:08,774 : episode: 64 score: 677.7 100 games avg: 677.7 steps 1000 
INFO : 2021-01-23 23:52:28,972 : state_square_error: 2.952 reward_error: 5.133
INFO : 2021-01-23 23:52:33,131 : episode: 65 score: 5.8 100 games avg: 5.8 steps 11 
INFO : 2021-01-23 23:52:54,246 : state_square_error: 0.950 reward_error: 2.886
INFO : 2021-01-23 23:53:36,035 : state_square_error: 1.255 reward_error: 9.906
INFO : 2021-01-23 23:54:18,638 : state_square_error: 0.662 reward_error: 7.666
INFO : 2021-01-23 23:55:00,892 : state_square_error: 0.592 reward_error: 3.729
INFO : 2021-01-23 23:55:42,813 : state_square_error: 0.441 reward_error: 4.537
INFO : 2021-01-23 23:56:25,442 : state_square_error: 0.325 reward_error: 7.283
INFO : 2021-01-23 23:57:08,413 : state_square_error: 0.300 reward_error: 4.846
INFO : 2021-01-23 23:57:50,928 : state_square_error: 0.115 reward_error: 3.856
INFO : 2021-01-23 23:58:33,373 : state_square_error: 0.414 reward_error: 6.172
INFO : 2021-01-23 23:59:15,549 : state_square_error: 0.334 reward_error: 5.354
INFO : 2021-01-23 23:59:57,764 : episode: 66 score: 442.9 100 games avg: 442.9 steps 1000 
INFO : 2021-01-24 00:00:19,493 : state_square_error: 0.640 reward_error: 12.123
INFO : 2021-01-24 00:01:01,667 : state_square_error: 0.507 reward_error: 3.995
INFO : 2021-01-24 00:01:45,084 : state_square_error: 0.687 reward_error: 2.215
INFO : 2021-01-24 00:02:27,452 : state_square_error: 0.398 reward_error: 4.874
INFO : 2021-01-24 00:03:09,266 : state_square_error: 0.718 reward_error: 5.043
INFO : 2021-01-24 00:03:52,278 : state_square_error: 0.466 reward_error: 5.457
INFO : 2021-01-24 00:04:34,181 : state_square_error: 0.336 reward_error: 3.637
INFO : 2021-01-24 00:05:17,111 : state_square_error: 0.878 reward_error: 2.152
INFO : 2021-01-24 00:06:00,879 : state_square_error: 1.200 reward_error: 2.251
INFO : 2021-01-24 00:06:43,931 : state_square_error: 0.952 reward_error: 2.457
INFO : 2021-01-24 00:07:25,072 : episode: 67 score: 517.2 100 games avg: 517.2 steps 1000 
INFO : 2021-01-24 00:07:47,601 : state_square_error: 1.274 reward_error: 2.280
INFO : 2021-01-24 00:08:29,576 : state_square_error: 0.200 reward_error: 6.859
INFO : 2021-01-24 00:09:11,076 : state_square_error: 0.817 reward_error: 0.603
INFO : 2021-01-24 00:09:54,076 : episode: 68 score: 232.9 100 games avg: 232.9 steps 302 
INFO : 2021-01-24 00:10:18,473 : state_square_error: 0.940 reward_error: 9.173
INFO : 2021-01-24 00:10:59,873 : state_square_error: 0.623 reward_error: 26.960
INFO : 2021-01-24 00:11:35,520 : episode: 69 score: 128.9 100 games avg: 128.9 steps 186 
INFO : 2021-01-24 00:11:57,329 : state_square_error: 1.016 reward_error: 2.731
INFO : 2021-01-24 00:12:39,496 : state_square_error: 0.661 reward_error: 5.926
INFO : 2021-01-24 00:13:20,964 : state_square_error: 0.482 reward_error: 11.897
INFO : 2021-01-24 00:14:02,404 : state_square_error: 1.167 reward_error: 11.972
INFO : 2021-01-24 00:14:44,604 : state_square_error: 0.481 reward_error: 10.942
INFO : 2021-01-24 00:15:27,090 : state_square_error: 0.825 reward_error: 11.961
INFO : 2021-01-24 00:16:10,362 : state_square_error: 0.944 reward_error: 6.669
INFO : 2021-01-24 00:16:54,048 : state_square_error: 0.894 reward_error: 7.597
INFO : 2021-01-24 00:17:36,912 : state_square_error: 0.900 reward_error: 10.755
INFO : 2021-01-24 00:18:20,447 : state_square_error: 0.693 reward_error: 8.121
INFO : 2021-01-24 00:19:02,840 : episode: 70 score: 656.7 100 games avg: 656.7 steps 1000 
INFO : 2021-01-24 00:19:25,603 : state_square_error: 2.973 reward_error: 9.182
INFO : 2021-01-24 00:20:06,805 : state_square_error: 0.535 reward_error: 10.699
INFO : 2021-01-24 00:20:48,446 : state_square_error: 1.334 reward_error: 13.190
INFO : 2021-01-24 00:21:30,710 : state_square_error: 0.709 reward_error: 4.541
INFO : 2021-01-24 00:22:14,023 : state_square_error: 0.763 reward_error: 1.014
INFO : 2021-01-24 00:22:56,260 : state_square_error: 0.592 reward_error: 11.394
INFO : 2021-01-24 00:23:39,415 : state_square_error: 0.744 reward_error: 14.504
INFO : 2021-01-24 00:24:21,692 : state_square_error: 0.524 reward_error: 8.237
INFO : 2021-01-24 00:25:04,011 : state_square_error: 1.059 reward_error: 7.054
INFO : 2021-01-24 00:25:46,784 : state_square_error: 0.783 reward_error: 3.325
INFO : 2021-01-24 00:26:29,256 : episode: 71 score: 752.3 100 games avg: 752.3 steps 1000 
INFO : 2021-01-24 00:26:52,894 : state_square_error: 0.941 reward_error: 5.396
INFO : 2021-01-24 00:27:34,720 : state_square_error: 0.884 reward_error: 3.981
INFO : 2021-01-24 00:28:18,472 : state_square_error: 1.574 reward_error: 8.936
INFO : 2021-01-24 00:29:02,936 : state_square_error: 0.825 reward_error: 4.723
INFO : 2021-01-24 00:29:45,123 : state_square_error: 1.025 reward_error: 1.492
INFO : 2021-01-24 00:30:27,568 : state_square_error: 1.354 reward_error: 3.513
INFO : 2021-01-24 00:31:10,755 : state_square_error: 0.473 reward_error: 3.788
INFO : 2021-01-24 00:31:53,800 : state_square_error: 0.423 reward_error: -0.011
INFO : 2021-01-24 00:32:37,532 : state_square_error: 0.624 reward_error: 2.070
INFO : 2021-01-24 00:33:20,624 : state_square_error: 0.183 reward_error: 3.350
INFO : 2021-01-24 00:34:02,977 : episode: 72 score: 543.2 100 games avg: 543.2 steps 1000 
INFO : 2021-01-24 00:34:25,364 : state_square_error: 0.933 reward_error: 1.639
INFO : 2021-01-24 00:35:08,011 : state_square_error: 0.897 reward_error: 11.834
INFO : 2021-01-24 00:35:50,656 : state_square_error: 0.292 reward_error: 2.329
INFO : 2021-01-24 00:36:33,565 : state_square_error: 1.034 reward_error: 12.578
INFO : 2021-01-24 00:37:16,638 : state_square_error: 1.167 reward_error: 5.758
INFO : 2021-01-24 00:37:58,653 : state_square_error: 0.642 reward_error: 13.754
INFO : 2021-01-24 00:38:41,276 : state_square_error: 1.230 reward_error: 10.584
INFO : 2021-01-24 00:39:23,456 : state_square_error: 0.413 reward_error: 3.598
INFO : 2021-01-24 00:40:05,681 : state_square_error: 0.353 reward_error: 6.530
INFO : 2021-01-24 00:40:49,094 : state_square_error: 0.334 reward_error: 5.423
INFO : 2021-01-24 00:41:31,633 : episode: 73 score: 681.7 100 games avg: 681.7 steps 1000 
INFO : 2021-01-24 00:41:56,863 : state_square_error: 0.816 reward_error: 4.620
INFO : 2021-01-24 00:42:39,169 : state_square_error: 0.562 reward_error: 12.956
INFO : 2021-01-24 00:43:21,084 : state_square_error: 0.447 reward_error: 5.158
INFO : 2021-01-24 00:44:03,410 : state_square_error: 0.170 reward_error: 2.800
INFO : 2021-01-24 00:44:46,566 : state_square_error: 2.076 reward_error: 12.536
INFO : 2021-01-24 00:45:29,579 : state_square_error: 1.306 reward_error: 7.566
INFO : 2021-01-24 00:46:14,106 : state_square_error: 0.252 reward_error: 12.764
INFO : 2021-01-24 00:46:56,908 : state_square_error: 1.094 reward_error: 7.866
INFO : 2021-01-24 00:47:39,733 : state_square_error: 2.505 reward_error: 3.209
INFO : 2021-01-24 00:48:21,995 : state_square_error: 0.387 reward_error: 2.990
INFO : 2021-01-24 00:49:04,056 : episode: 74 score: 598.2 100 games avg: 598.2 steps 1000 
INFO : 2021-01-24 00:49:28,743 : state_square_error: 0.486 reward_error: 4.298
INFO : 2021-01-24 00:50:11,120 : state_square_error: 0.475 reward_error: 3.137
INFO : 2021-01-24 00:50:53,660 : state_square_error: 1.096 reward_error: 1.424
INFO : 2021-01-24 00:51:36,402 : state_square_error: 0.981 reward_error: 2.007
INFO : 2021-01-24 00:52:19,371 : state_square_error: 0.978 reward_error: 5.131
INFO : 2021-01-24 00:53:02,556 : state_square_error: 0.503 reward_error: 2.857
INFO : 2021-01-24 00:53:46,331 : state_square_error: 0.452 reward_error: 1.973
INFO : 2021-01-24 00:54:29,562 : state_square_error: 0.776 reward_error: 3.009
INFO : 2021-01-24 00:55:12,255 : state_square_error: 0.365 reward_error: 8.643
INFO : 2021-01-24 00:55:55,312 : state_square_error: 0.487 reward_error: 4.593
INFO : 2021-01-24 00:56:38,269 : episode: 75 score: 470.1 100 games avg: 470.1 steps 1000 
INFO : 2021-01-24 00:57:02,763 : state_square_error: 1.390 reward_error: 3.383
INFO : 2021-01-24 00:57:44,210 : episode: 76 score: 95.4 100 games avg: 95.4 steps 102 
INFO : 2021-01-24 00:58:10,996 : state_square_error: 1.838 reward_error: 6.512
INFO : 2021-01-24 00:58:53,835 : state_square_error: 1.205 reward_error: 7.851
INFO : 2021-01-24 00:59:35,552 : state_square_error: 0.497 reward_error: 12.954
INFO : 2021-01-24 01:00:17,830 : state_square_error: 0.514 reward_error: 2.637
INFO : 2021-01-24 01:01:00,542 : state_square_error: 0.544 reward_error: 10.859
INFO : 2021-01-24 01:01:42,734 : state_square_error: 0.848 reward_error: 12.838
INFO : 2021-01-24 01:02:24,803 : state_square_error: 0.837 reward_error: 1.762
INFO : 2021-01-24 01:03:07,482 : state_square_error: 0.565 reward_error: 7.298
INFO : 2021-01-24 01:03:50,127 : state_square_error: 1.322 reward_error: 9.224
INFO : 2021-01-24 01:04:35,812 : state_square_error: 0.581 reward_error: 7.167
INFO : 2021-01-24 01:05:18,207 : episode: 77 score: 465.1 100 games avg: 465.1 steps 1000 
INFO : 2021-01-24 01:05:43,371 : state_square_error: 1.830 reward_error: 10.258
INFO : 2021-01-24 01:05:55,613 : episode: 78 score: 27.3 100 games avg: 27.3 steps 31 
INFO : 2021-01-24 01:06:21,383 : state_square_error: 1.820 reward_error: 9.145
INFO : 2021-01-24 01:07:03,035 : state_square_error: 2.652 reward_error: 12.583
INFO : 2021-01-24 01:07:45,252 : state_square_error: 0.459 reward_error: 6.081
INFO : 2021-01-24 01:08:27,476 : state_square_error: 1.106 reward_error: 3.039
INFO : 2021-01-24 01:09:10,037 : state_square_error: 0.533 reward_error: 4.727
INFO : 2021-01-24 01:09:52,668 : state_square_error: 0.457 reward_error: 5.758
INFO : 2021-01-24 01:10:36,087 : state_square_error: 0.760 reward_error: 6.629
INFO : 2021-01-24 01:11:18,228 : state_square_error: 0.787 reward_error: 5.138
INFO : 2021-01-24 01:12:01,208 : state_square_error: 0.869 reward_error: 7.491
INFO : 2021-01-24 01:12:44,246 : state_square_error: 0.212 reward_error: 1.441
INFO : 2021-01-24 01:13:26,153 : episode: 79 score: 608.2 100 games avg: 608.2 steps 1000 
INFO : 2021-01-24 01:13:52,609 : state_square_error: 1.201 reward_error: 8.755
INFO : 2021-01-24 01:14:34,323 : state_square_error: 0.758 reward_error: 9.385
INFO : 2021-01-24 01:15:15,515 : state_square_error: 1.369 reward_error: 6.436
INFO : 2021-01-24 01:15:57,453 : state_square_error: 1.260 reward_error: 4.807
INFO : 2021-01-24 01:16:41,096 : state_square_error: 0.264 reward_error: 2.461
INFO : 2021-01-24 01:17:23,537 : state_square_error: 0.820 reward_error: 2.331
INFO : 2021-01-24 01:18:06,385 : state_square_error: 0.598 reward_error: 5.194
INFO : 2021-01-24 01:18:49,390 : state_square_error: 1.127 reward_error: 3.575
INFO : 2021-01-24 01:19:32,142 : state_square_error: 0.868 reward_error: 6.273
INFO : 2021-01-24 01:20:15,602 : state_square_error: 0.654 reward_error: 4.380
INFO : 2021-01-24 01:20:57,773 : episode: 80 score: 661.7 100 games avg: 661.7 steps 1000 
INFO : 2021-01-24 01:21:24,745 : state_square_error: 2.208 reward_error: 14.587
INFO : 2021-01-24 01:21:33,534 : episode: 81 score: 14.6 100 games avg: 14.6 steps 22 
INFO : 2021-01-24 01:22:04,325 : state_square_error: 1.526 reward_error: 12.261
INFO : 2021-01-24 01:22:36,498 : episode: 82 score: 69.8 100 games avg: 69.8 steps 75 
INFO : 2021-01-24 01:23:03,949 : state_square_error: 1.331 reward_error: 14.990
INFO : 2021-01-24 01:23:11,027 : episode: 83 score: 14.3 100 games avg: 14.3 steps 18 
INFO : 2021-01-24 01:23:37,846 : state_square_error: 1.071 reward_error: 8.203
INFO : 2021-01-24 01:24:19,614 : state_square_error: 1.041 reward_error: -0.281
INFO : 2021-01-24 01:25:00,997 : state_square_error: 0.572 reward_error: 3.881
INFO : 2021-01-24 01:25:44,119 : state_square_error: 1.238 reward_error: 6.982
INFO : 2021-01-24 01:26:26,853 : state_square_error: 0.508 reward_error: 5.159
INFO : 2021-01-24 01:27:09,228 : state_square_error: 0.257 reward_error: 3.185
INFO : 2021-01-24 01:27:51,882 : state_square_error: 1.024 reward_error: 2.934
INFO : 2021-01-24 01:28:33,877 : state_square_error: 1.370 reward_error: 7.205
INFO : 2021-01-24 01:29:16,418 : state_square_error: 0.882 reward_error: 2.980
INFO : 2021-01-24 01:29:58,729 : state_square_error: 1.854 reward_error: 4.922
INFO : 2021-01-24 01:30:40,054 : episode: 84 score: 555.3 100 games avg: 555.3 steps 1000 
INFO : 2021-01-24 01:31:08,092 : state_square_error: 1.719 reward_error: 10.533
INFO : 2021-01-24 01:31:31,447 : episode: 85 score: 45.0 100 games avg: 45.0 steps 57 
INFO : 2021-01-24 01:32:00,005 : state_square_error: 0.753 reward_error: 18.960
INFO : 2021-01-24 01:32:40,621 : episode: 86 score: 98.2 100 games avg: 98.2 steps 96 
INFO : 2021-01-24 01:33:09,021 : state_square_error: 1.481 reward_error: 12.759
INFO : 2021-01-24 01:33:52,004 : state_square_error: 1.684 reward_error: 0.867
INFO : 2021-01-24 01:34:33,709 : state_square_error: 0.903 reward_error: 7.919
INFO : 2021-01-24 01:35:15,162 : state_square_error: 0.755 reward_error: 4.188
INFO : 2021-01-24 01:35:58,180 : state_square_error: 0.586 reward_error: 4.483
INFO : 2021-01-24 01:36:41,625 : state_square_error: 0.866 reward_error: 4.034
INFO : 2021-01-24 01:37:24,679 : state_square_error: 0.721 reward_error: 3.510
INFO : 2021-01-24 01:38:07,032 : state_square_error: 1.278 reward_error: 2.696
INFO : 2021-01-24 01:38:50,331 : state_square_error: 0.708 reward_error: 1.708
INFO : 2021-01-24 01:39:34,304 : state_square_error: 2.311 reward_error: 7.246
INFO : 2021-01-24 01:40:18,584 : episode: 87 score: 486.6 100 games avg: 486.6 steps 1000 
INFO : 2021-01-24 01:40:47,718 : state_square_error: 1.152 reward_error: 8.571
INFO : 2021-01-24 01:41:29,855 : state_square_error: 1.084 reward_error: 9.392
INFO : 2021-01-24 01:42:12,728 : state_square_error: 1.029 reward_error: 12.805
INFO : 2021-01-24 01:42:55,726 : state_square_error: 1.210 reward_error: 9.950
INFO : 2021-01-24 01:43:38,639 : state_square_error: 1.205 reward_error: 11.295
INFO : 2021-01-24 01:44:21,704 : state_square_error: 1.066 reward_error: 5.833
INFO : 2021-01-24 01:45:05,098 : state_square_error: 0.319 reward_error: -0.248
INFO : 2021-01-24 01:45:48,779 : state_square_error: 0.851 reward_error: 9.679
INFO : 2021-01-24 01:46:32,031 : state_square_error: 0.581 reward_error: 4.484
INFO : 2021-01-24 01:47:15,172 : state_square_error: 0.374 reward_error: 5.762
INFO : 2021-01-24 01:47:57,930 : episode: 88 score: 675.7 100 games avg: 675.7 steps 1000 
INFO : 2021-01-24 01:48:28,387 : state_square_error: 0.350 reward_error: 1.204
INFO : 2021-01-24 01:49:11,429 : state_square_error: 1.087 reward_error: 14.606
INFO : 2021-01-24 01:49:56,553 : state_square_error: 1.833 reward_error: 1.965
INFO : 2021-01-24 01:50:37,801 : state_square_error: 0.532 reward_error: 8.227
INFO : 2021-01-24 01:51:21,006 : state_square_error: 1.098 reward_error: 4.714
INFO : 2021-01-24 01:52:04,071 : state_square_error: 1.111 reward_error: 7.693
INFO : 2021-01-24 01:52:48,492 : state_square_error: 0.750 reward_error: 2.665
INFO : 2021-01-24 01:53:32,799 : state_square_error: 0.508 reward_error: 5.705
INFO : 2021-01-24 01:54:16,110 : state_square_error: 0.525 reward_error: 7.741
INFO : 2021-01-24 01:54:58,741 : state_square_error: 0.368 reward_error: 4.890
INFO : 2021-01-24 01:55:41,864 : episode: 89 score: 697.4 100 games avg: 697.4 steps 1000 
INFO : 2021-01-24 01:56:13,138 : state_square_error: 0.630 reward_error: 9.894
INFO : 2021-01-24 01:56:56,230 : state_square_error: 0.504 reward_error: 7.018
INFO : 2021-01-24 01:57:39,136 : state_square_error: 1.637 reward_error: 20.603
INFO : 2021-01-24 01:58:21,233 : state_square_error: 1.900 reward_error: 5.649
INFO : 2021-01-24 01:59:04,589 : state_square_error: 1.105 reward_error: 6.306
INFO : 2021-01-24 01:59:47,639 : state_square_error: 0.589 reward_error: 7.101
INFO : 2021-01-24 02:00:30,829 : state_square_error: 0.402 reward_error: 7.269
INFO : 2021-01-24 02:01:14,236 : state_square_error: 0.747 reward_error: 5.456
INFO : 2021-01-24 02:01:57,061 : state_square_error: 1.366 reward_error: 8.151
INFO : 2021-01-24 02:02:40,402 : state_square_error: 0.798 reward_error: 13.716
INFO : 2021-01-24 02:03:23,181 : episode: 90 score: 567.2 100 games avg: 567.2 steps 1000 
INFO : 2021-01-24 02:03:55,145 : state_square_error: 0.837 reward_error: 16.048
INFO : 2021-01-24 02:04:37,265 : state_square_error: 2.176 reward_error: 3.700
INFO : 2021-01-24 02:05:20,105 : state_square_error: 1.270 reward_error: 3.754
INFO : 2021-01-24 02:06:03,424 : state_square_error: 0.236 reward_error: 0.129
INFO : 2021-01-24 02:06:48,362 : state_square_error: 0.366 reward_error: 2.934
INFO : 2021-01-24 02:07:31,579 : state_square_error: 1.563 reward_error: 3.872
INFO : 2021-01-24 02:08:14,880 : state_square_error: 1.630 reward_error: 4.090
INFO : 2021-01-24 02:08:57,897 : state_square_error: 1.473 reward_error: 1.642
INFO : 2021-01-24 02:09:41,142 : state_square_error: 0.608 reward_error: 4.491
INFO : 2021-01-24 02:10:23,701 : state_square_error: 0.200 reward_error: 5.719
INFO : 2021-01-24 02:11:06,488 : episode: 91 score: 531.7 100 games avg: 531.7 steps 1000 
INFO : 2021-01-24 02:11:39,788 : state_square_error: 1.281 reward_error: -1.962
INFO : 2021-01-24 02:12:21,668 : state_square_error: 0.930 reward_error: 4.643
INFO : 2021-01-24 02:13:03,674 : state_square_error: 0.453 reward_error: 2.557
INFO : 2021-01-24 02:13:46,667 : state_square_error: 1.938 reward_error: 5.708
INFO : 2021-01-24 02:14:29,903 : state_square_error: 0.491 reward_error: 4.392
INFO : 2021-01-24 02:15:12,359 : state_square_error: 0.983 reward_error: 6.192
INFO : 2021-01-24 02:15:57,578 : state_square_error: 3.538 reward_error: 15.513
INFO : 2021-01-24 02:16:40,941 : state_square_error: 1.331 reward_error: 2.711
INFO : 2021-01-24 02:17:23,507 : state_square_error: 1.205 reward_error: 9.300
INFO : 2021-01-24 02:18:05,457 : state_square_error: 1.192 reward_error: 2.632
INFO : 2021-01-24 02:18:49,565 : episode: 92 score: 521.3 100 games avg: 521.3 steps 1000 
INFO : 2021-01-24 02:19:19,806 : state_square_error: 0.727 reward_error: 9.842
INFO : 2021-01-24 02:20:01,436 : state_square_error: 1.375 reward_error: 2.674
INFO : 2021-01-24 02:20:43,696 : state_square_error: 1.560 reward_error: 8.705
INFO : 2021-01-24 02:21:22,083 : episode: 93 score: 240.0 100 games avg: 240.0 steps 293 
INFO : 2021-01-24 02:21:55,243 : state_square_error: 1.115 reward_error: 9.848
INFO : 2021-01-24 02:22:36,258 : state_square_error: 0.700 reward_error: 7.506
INFO : 2021-01-24 02:23:18,504 : state_square_error: 1.387 reward_error: 9.822
INFO : 2021-01-24 02:23:59,864 : state_square_error: 1.941 reward_error: 9.152
INFO : 2021-01-24 02:24:42,344 : state_square_error: 1.620 reward_error: 2.552
INFO : 2021-01-24 02:25:24,344 : state_square_error: 0.220 reward_error: 9.419
INFO : 2021-01-24 02:26:06,416 : state_square_error: 0.831 reward_error: 2.833
INFO : 2021-01-24 02:26:48,214 : state_square_error: 1.025 reward_error: 5.360
INFO : 2021-01-24 02:27:30,054 : state_square_error: 0.871 reward_error: 8.345
INFO : 2021-01-24 02:28:12,051 : state_square_error: 0.521 reward_error: 4.359
INFO : 2021-01-24 02:28:53,625 : episode: 94 score: 901.7 100 games avg: 901.7 steps 1000 
INFO : 2021-01-24 02:29:27,180 : state_square_error: 1.441 reward_error: 1.490
INFO : 2021-01-24 02:29:47,545 : episode: 95 score: 40.5 100 games avg: 40.5 steps 51 
INFO : 2021-01-24 02:30:20,927 : state_square_error: 0.859 reward_error: 12.725
INFO : 2021-01-24 02:30:29,379 : episode: 96 score: 29.6 100 games avg: 29.6 steps 22 
INFO : 2021-01-24 02:31:03,053 : state_square_error: 1.199 reward_error: 16.629
INFO : 2021-01-24 02:31:41,718 : episode: 97 score: 79.0 100 games avg: 79.0 steps 92 
INFO : 2021-01-24 02:32:15,657 : state_square_error: 0.363 reward_error: -0.891
INFO : 2021-01-24 02:32:57,800 : state_square_error: 1.003 reward_error: 9.476
INFO : 2021-01-24 02:33:40,758 : state_square_error: 3.229 reward_error: 8.656
INFO : 2021-01-24 02:34:22,882 : state_square_error: 0.783 reward_error: -0.703
INFO : 2021-01-24 02:34:37,782 : episode: 98 score: 331.2 100 games avg: 331.2 steps 335 
INFO : 2021-01-24 02:35:15,671 : state_square_error: 1.100 reward_error: 2.663
INFO : 2021-01-24 02:35:58,107 : state_square_error: 0.555 reward_error: 3.463
INFO : 2021-01-24 02:36:40,837 : state_square_error: 1.026 reward_error: 19.360
INFO : 2021-01-24 02:37:23,548 : state_square_error: 0.361 reward_error: 14.032
INFO : 2021-01-24 02:38:06,042 : state_square_error: 1.008 reward_error: 15.103
INFO : 2021-01-24 02:38:48,976 : state_square_error: 0.312 reward_error: 4.906
INFO : 2021-01-24 02:39:31,951 : state_square_error: 1.482 reward_error: 23.133
INFO : 2021-01-24 02:40:14,192 : state_square_error: 1.351 reward_error: 22.954
INFO : 2021-01-24 02:40:58,202 : episode: 99 score: 674.4 100 games avg: 674.4 steps 805 
