INFO : 2021-01-27 18:47:03,345 : method: Model Predictive Contorol
INFO : 2021-01-27 18:47:03,346 : parameter n_steps: 100 ensemble_size: 5 env: Continuous_CartPole
INFO : 2021-01-27 18:47:06,191 : mpc horizon: 10 mpc_samples: 100 elite_sample: 30 grad_steps: 10
INFO : 2021-01-27 18:47:06,191 : mpc_function policy
INFO : 2021-01-27 18:47:06,192 : policy
INFO : 2021-01-27 18:47:11,086 : episode: 0 score: 30.0 100 games avg: 30.0 steps 31 
INFO : 2021-01-27 18:47:14,657 : episode: 1 score: 21.0 100 games avg: 21.0 steps 22 
INFO : 2021-01-27 18:47:17,743 : episode: 2 score: 18.0 100 games avg: 18.0 steps 19 
INFO : 2021-01-27 18:47:21,932 : episode: 3 score: 25.0 100 games avg: 25.0 steps 26 
INFO : 2021-01-27 18:47:26,597 : episode: 4 score: 28.0 100 games avg: 28.0 steps 29 
INFO : 2021-01-27 18:47:31,264 : episode: 5 score: 28.0 100 games avg: 28.0 steps 29 
INFO : 2021-01-27 18:47:35,286 : episode: 6 score: 24.0 100 games avg: 24.0 steps 25 
INFO : 2021-01-27 18:47:38,850 : episode: 7 score: 21.0 100 games avg: 21.0 steps 22 
INFO : 2021-01-27 18:47:43,515 : episode: 8 score: 28.0 100 games avg: 28.0 steps 29 
INFO : 2021-01-27 18:47:46,790 : episode: 9 score: 19.0 100 games avg: 19.0 steps 20 
INFO : 2021-01-27 18:47:50,429 : episode: 10 score: 19.0 100 games avg: 19.0 steps 20 
INFO : 2021-01-27 18:47:53,774 : episode: 11 score: 17.0 100 games avg: 17.0 steps 18 
INFO : 2021-01-27 18:47:55,497 : episode: 12 score: 8.0 100 games avg: 8.0 steps 9 
INFO : 2021-01-27 18:47:56,865 : episode: 13 score: 6.0 100 games avg: 6.0 steps 7 
INFO : 2021-01-27 18:47:58,217 : episode: 14 score: 6.0 100 games avg: 6.0 steps 7 
INFO : 2021-01-27 18:47:59,567 : episode: 15 score: 6.0 100 games avg: 6.0 steps 7 
INFO : 2021-01-27 18:48:01,463 : episode: 16 score: 9.0 100 games avg: 9.0 steps 10 
INFO : 2021-01-27 18:48:05,703 : episode: 17 score: 22.0 100 games avg: 22.0 steps 23 
INFO : 2021-01-27 18:48:08,140 : episode: 18 score: 12.0 100 games avg: 12.0 steps 13 
INFO : 2021-01-27 18:48:10,759 : episode: 19 score: 13.0 100 games avg: 13.0 steps 14 
INFO : 2021-01-27 18:48:13,400 : episode: 20 score: 13.0 100 games avg: 13.0 steps 14 
INFO : 2021-01-27 18:48:15,666 : episode: 21 score: 11.0 100 games avg: 11.0 steps 12 
INFO : 2021-01-27 18:48:17,751 : episode: 22 score: 10.0 100 games avg: 10.0 steps 11 
INFO : 2021-01-27 18:48:20,199 : episode: 23 score: 12.0 100 games avg: 12.0 steps 13 
INFO : 2021-01-27 18:48:22,275 : episode: 24 score: 10.0 100 games avg: 10.0 steps 11 
INFO : 2021-01-27 18:48:24,524 : episode: 25 score: 11.0 100 games avg: 11.0 steps 12 
INFO : 2021-01-27 18:48:27,125 : episode: 26 score: 13.0 100 games avg: 13.0 steps 14 
INFO : 2021-01-27 18:48:29,215 : episode: 27 score: 10.0 100 games avg: 10.0 steps 11 
INFO : 2021-01-27 18:48:31,484 : episode: 28 score: 11.0 100 games avg: 11.0 steps 12 
INFO : 2021-01-27 18:48:33,916 : episode: 29 score: 12.0 100 games avg: 12.0 steps 13 
INFO : 2021-01-27 18:48:37,067 : episode: 30 score: 16.0 100 games avg: 16.0 steps 17 
INFO : 2021-01-27 18:48:41,050 : episode: 31 score: 20.0 100 games avg: 20.0 steps 21 
INFO : 2021-01-27 18:48:44,512 : episode: 32 score: 17.0 100 games avg: 17.0 steps 18 
INFO : 2021-01-27 18:48:48,306 : episode: 33 score: 19.0 100 games avg: 19.0 steps 20 
INFO : 2021-01-27 18:48:51,909 : episode: 34 score: 18.0 100 games avg: 18.0 steps 19 
INFO : 2021-01-27 18:48:54,613 : episode: 35 score: 13.0 100 games avg: 13.0 steps 14 
INFO : 2021-01-27 18:48:57,695 : episode: 36 score: 15.0 100 games avg: 15.0 steps 16 
INFO : 2021-01-27 18:49:00,405 : episode: 37 score: 13.0 100 games avg: 13.0 steps 14 
INFO : 2021-01-27 18:49:03,126 : episode: 38 score: 13.0 100 games avg: 13.0 steps 14 
INFO : 2021-01-27 18:49:05,482 : episode: 39 score: 11.0 100 games avg: 11.0 steps 12 
INFO : 2021-01-27 18:49:07,648 : episode: 40 score: 10.0 100 games avg: 10.0 steps 11 
INFO : 2021-01-27 18:49:10,165 : episode: 41 score: 12.0 100 games avg: 12.0 steps 13 
INFO : 2021-01-27 18:49:12,482 : episode: 42 score: 11.0 100 games avg: 11.0 steps 12 
INFO : 2021-01-27 18:49:15,528 : episode: 43 score: 15.0 100 games avg: 15.0 steps 16 
INFO : 2021-01-27 18:49:17,864 : episode: 44 score: 11.0 100 games avg: 11.0 steps 12 
INFO : 2021-01-27 18:49:20,375 : episode: 45 score: 12.0 100 games avg: 12.0 steps 13 
INFO : 2021-01-27 18:49:23,065 : episode: 46 score: 13.0 100 games avg: 13.0 steps 14 
INFO : 2021-01-27 18:49:25,580 : episode: 47 score: 12.0 100 games avg: 12.0 steps 13 
INFO : 2021-01-27 18:49:28,726 : episode: 48 score: 15.0 100 games avg: 15.0 steps 16 
INFO : 2021-01-27 18:49:32,081 : episode: 49 score: 16.0 100 games avg: 16.0 steps 17 
INFO : 2021-01-27 18:49:35,774 : episode: 50 score: 18.0 100 games avg: 18.0 steps 19 
INFO : 2021-01-27 18:49:39,473 : episode: 51 score: 18.0 100 games avg: 18.0 steps 19 
INFO : 2021-01-27 18:49:42,433 : episode: 52 score: 14.0 100 games avg: 14.0 steps 15 
INFO : 2021-01-27 18:49:47,021 : episode: 53 score: 23.0 100 games avg: 23.0 steps 24 
INFO : 2021-01-27 18:49:50,377 : episode: 54 score: 16.0 100 games avg: 16.0 steps 17 
INFO : 2021-01-27 18:49:56,814 : episode: 55 score: 33.0 100 games avg: 33.0 steps 34 
INFO : 2021-01-27 18:50:02,525 : episode: 56 score: 29.0 100 games avg: 29.0 steps 30 
INFO : 2021-01-27 18:50:08,057 : episode: 57 score: 28.0 100 games avg: 28.0 steps 29 
INFO : 2021-01-27 18:50:13,354 : episode: 58 score: 27.0 100 games avg: 27.0 steps 28 
INFO : 2021-01-27 18:50:23,143 : episode: 59 score: 52.0 100 games avg: 52.0 steps 53 
INFO : 2021-01-27 18:50:25,488 : episode: 60 score: 10.0 100 games avg: 10.0 steps 11 
INFO : 2021-01-27 18:50:29,994 : episode: 61 score: 22.0 100 games avg: 22.0 steps 23 
INFO : 2021-01-27 18:50:33,228 : episode: 62 score: 15.0 100 games avg: 15.0 steps 16 
INFO : 2021-01-27 18:50:35,394 : episode: 63 score: 9.0 100 games avg: 9.0 steps 10 
INFO : 2021-01-27 18:50:39,383 : episode: 64 score: 19.0 100 games avg: 19.0 steps 20 
INFO : 2021-01-27 18:50:41,912 : episode: 65 score: 11.0 100 games avg: 11.0 steps 12 
INFO : 2021-01-27 18:50:46,806 : episode: 66 score: 24.0 100 games avg: 24.0 steps 25 
INFO : 2021-01-27 18:50:51,871 : episode: 67 score: 25.0 100 games avg: 25.0 steps 26 
INFO : 2021-01-27 18:50:59,106 : episode: 68 score: 37.0 100 games avg: 37.0 steps 38 
INFO : 2021-01-27 18:51:04,529 : episode: 69 score: 27.0 100 games avg: 27.0 steps 28 
INFO : 2021-01-27 18:51:12,212 : episode: 70 score: 39.0 100 games avg: 39.0 steps 40 
INFO : 2021-01-27 18:51:24,953 : episode: 71 score: 67.0 100 games avg: 67.0 steps 68 
INFO : 2021-01-27 18:51:29,027 : episode: 72 score: 19.0 100 games avg: 19.0 steps 20 
INFO : 2021-01-27 18:51:37,620 : episode: 73 score: 44.0 100 games avg: 44.0 steps 45 
INFO : 2021-01-27 18:51:42,596 : episode: 74 score: 24.0 100 games avg: 24.0 steps 25 
INFO : 2021-01-27 18:51:51,552 : episode: 75 score: 46.0 100 games avg: 46.0 steps 47 
INFO : 2021-01-27 18:52:01,797 : episode: 76 score: 53.0 100 games avg: 53.0 steps 54 
INFO : 2021-01-27 18:52:14,587 : episode: 77 score: 67.0 100 games avg: 67.0 steps 68 
INFO : 2021-01-27 18:52:25,553 : episode: 78 score: 57.0 100 games avg: 57.0 steps 58 
INFO : 2021-01-27 18:52:51,538 : episode: 79 score: 141.0 100 games avg: 141.0 steps 142 
INFO : 2021-01-27 18:53:13,729 : episode: 80 score: 119.0 100 games avg: 119.0 steps 120 
INFO : 2021-01-27 18:53:50,611 : episode: 81 score: 200.0 100 games avg: 200.0 steps 201 
INFO : 2021-01-27 18:54:27,647 : episode: 82 score: 200.0 100 games avg: 200.0 steps 201 
INFO : 2021-01-27 18:54:58,848 : episode: 83 score: 167.0 100 games avg: 167.0 steps 168 
INFO : 2021-01-27 18:55:35,953 : episode: 84 score: 200.0 100 games avg: 200.0 steps 201 
INFO : 2021-01-27 18:56:13,085 : episode: 85 score: 200.0 100 games avg: 200.0 steps 201 
INFO : 2021-01-27 18:56:50,130 : episode: 86 score: 200.0 100 games avg: 200.0 steps 201 
INFO : 2021-01-27 18:57:27,330 : episode: 87 score: 200.0 100 games avg: 200.0 steps 201 
INFO : 2021-01-27 18:58:04,707 : episode: 88 score: 200.0 100 games avg: 200.0 steps 201 
INFO : 2021-01-27 18:58:42,288 : episode: 89 score: 200.0 100 games avg: 200.0 steps 201 
INFO : 2021-01-27 18:59:19,845 : episode: 90 score: 200.0 100 games avg: 200.0 steps 201 
INFO : 2021-01-27 18:59:57,614 : episode: 91 score: 200.0 100 games avg: 200.0 steps 201 
INFO : 2021-01-27 19:00:35,397 : episode: 92 score: 200.0 100 games avg: 200.0 steps 201 
INFO : 2021-01-27 19:01:13,244 : episode: 93 score: 200.0 100 games avg: 200.0 steps 201 
INFO : 2021-01-27 19:01:51,158 : episode: 94 score: 200.0 100 games avg: 200.0 steps 201 
INFO : 2021-01-27 19:02:29,144 : episode: 95 score: 200.0 100 games avg: 200.0 steps 201 
INFO : 2021-01-27 19:03:07,168 : episode: 96 score: 200.0 100 games avg: 200.0 steps 201 
INFO : 2021-01-27 19:03:44,952 : episode: 97 score: 200.0 100 games avg: 200.0 steps 201 
INFO : 2021-01-27 19:04:23,015 : episode: 98 score: 200.0 100 games avg: 200.0 steps 201 
INFO : 2021-01-27 19:05:00,998 : episode: 99 score: 200.0 100 games avg: 200.0 steps 201 
