INFO : 2021-01-29 22:47:04,979 : method: Model Predictive Contorol
INFO : 2021-01-29 22:47:04,980 : parameter n_steps: 200 ensemble_size: 5 env: Hopper-v2
INFO : 2021-01-29 22:47:07,399 : mpc horizon: 5 mpc_samples: 100 elite_sample: 30 grad_steps: 10
INFO : 2021-01-29 22:47:07,400 : mpc_function policy-kl3
INFO : 2021-01-29 22:47:07,400 : policy-kl3
INFO : 2021-01-29 22:47:10,914 : episode: 0 score: 24.1 100 games avg: 24.1 steps 31 
INFO : 2021-01-29 22:47:14,477 : episode: 1 score: 23.9 100 games avg: 23.9 steps 31 
INFO : 2021-01-29 22:47:18,154 : episode: 2 score: 24.8 100 games avg: 24.8 steps 32 
INFO : 2021-01-29 22:47:21,833 : episode: 3 score: 24.8 100 games avg: 24.8 steps 32 
INFO : 2021-01-29 22:47:25,533 : episode: 4 score: 24.7 100 games avg: 24.7 steps 32 
INFO : 2021-01-29 22:47:29,406 : episode: 5 score: 24.8 100 games avg: 24.8 steps 32 
INFO : 2021-01-29 22:47:33,127 : episode: 6 score: 24.4 100 games avg: 24.4 steps 32 
INFO : 2021-01-29 22:47:36,736 : episode: 7 score: 24.4 100 games avg: 24.4 steps 31 
INFO : 2021-01-29 22:47:44,520 : episode: 8 score: 92.5 100 games avg: 92.5 steps 57 
INFO : 2021-01-29 22:47:46,652 : episode: 9 score: 14.6 100 games avg: 14.6 steps 15 
INFO : 2021-01-29 22:47:48,368 : episode: 10 score: 12.2 100 games avg: 12.2 steps 12 
INFO : 2021-01-29 22:47:51,733 : episode: 11 score: 36.0 100 games avg: 36.0 steps 24 
INFO : 2021-01-29 22:47:54,558 : episode: 12 score: 25.6 100 games avg: 25.6 steps 20 
INFO : 2021-01-29 22:48:00,407 : episode: 13 score: 70.6 100 games avg: 70.6 steps 42 
INFO : 2021-01-29 22:48:06,519 : episode: 14 score: 71.2 100 games avg: 71.2 steps 44 
INFO : 2021-01-29 22:48:10,893 : episode: 15 score: 51.4 100 games avg: 51.4 steps 31 
INFO : 2021-01-29 22:48:14,585 : episode: 16 score: 43.9 100 games avg: 43.9 steps 26 
INFO : 2021-01-29 22:48:18,200 : episode: 17 score: 43.0 100 games avg: 43.0 steps 25 
INFO : 2021-01-29 22:48:21,545 : episode: 18 score: 39.9 100 games avg: 39.9 steps 23 
INFO : 2021-01-29 22:48:25,154 : episode: 19 score: 42.7 100 games avg: 42.7 steps 25 
INFO : 2021-01-29 22:48:28,490 : episode: 20 score: 39.9 100 games avg: 39.9 steps 23 
INFO : 2021-01-29 22:48:31,966 : episode: 21 score: 41.7 100 games avg: 41.7 steps 24 
INFO : 2021-01-29 22:48:35,408 : episode: 22 score: 41.4 100 games avg: 41.4 steps 24 
INFO : 2021-01-29 22:48:38,893 : episode: 23 score: 40.9 100 games avg: 40.9 steps 24 
INFO : 2021-01-29 22:48:42,232 : episode: 24 score: 39.9 100 games avg: 39.9 steps 23 
INFO : 2021-01-29 22:48:45,988 : episode: 25 score: 45.1 100 games avg: 45.1 steps 26 
INFO : 2021-01-29 22:48:49,304 : episode: 26 score: 39.6 100 games avg: 39.6 steps 23 
INFO : 2021-01-29 22:48:52,920 : episode: 27 score: 43.1 100 games avg: 43.1 steps 25 
INFO : 2021-01-29 22:48:56,473 : episode: 28 score: 41.8 100 games avg: 41.8 steps 24 
INFO : 2021-01-29 22:48:59,878 : episode: 29 score: 40.4 100 games avg: 40.4 steps 23 
INFO : 2021-01-29 22:49:03,714 : episode: 30 score: 45.0 100 games avg: 45.0 steps 26 
INFO : 2021-01-29 22:49:07,233 : episode: 31 score: 41.5 100 games avg: 41.5 steps 24 
INFO : 2021-01-29 22:49:10,771 : episode: 32 score: 41.9 100 games avg: 41.9 steps 24 
INFO : 2021-01-29 22:49:14,458 : episode: 33 score: 43.2 100 games avg: 43.2 steps 25 
INFO : 2021-01-29 22:49:18,288 : episode: 34 score: 44.1 100 games avg: 44.1 steps 26 
INFO : 2021-01-29 22:49:21,683 : episode: 35 score: 40.5 100 games avg: 40.5 steps 23 
INFO : 2021-01-29 22:49:25,240 : episode: 36 score: 41.3 100 games avg: 41.3 steps 24 
INFO : 2021-01-29 22:49:28,653 : episode: 37 score: 40.6 100 games avg: 40.6 steps 23 
INFO : 2021-01-29 22:49:32,260 : episode: 38 score: 42.1 100 games avg: 42.1 steps 24 
INFO : 2021-01-29 22:49:36,031 : episode: 39 score: 43.2 100 games avg: 43.2 steps 25 
INFO : 2021-01-29 22:49:39,650 : episode: 40 score: 41.7 100 games avg: 41.7 steps 24 
INFO : 2021-01-29 22:49:43,526 : episode: 41 score: 44.7 100 games avg: 44.7 steps 26 
INFO : 2021-01-29 22:49:47,132 : episode: 42 score: 42.3 100 games avg: 42.3 steps 24 
INFO : 2021-01-29 22:49:50,611 : episode: 43 score: 39.8 100 games avg: 39.8 steps 23 
INFO : 2021-01-29 22:49:54,253 : episode: 44 score: 41.9 100 games avg: 41.9 steps 24 
INFO : 2021-01-29 22:49:58,161 : episode: 45 score: 45.5 100 games avg: 45.5 steps 26 
INFO : 2021-01-29 22:50:02,069 : episode: 46 score: 44.9 100 games avg: 44.9 steps 26 
INFO : 2021-01-29 22:50:05,682 : episode: 47 score: 41.2 100 games avg: 41.2 steps 24 
INFO : 2021-01-29 22:50:09,403 : episode: 48 score: 43.1 100 games avg: 43.1 steps 25 
INFO : 2021-01-29 22:50:13,226 : episode: 49 score: 43.6 100 games avg: 43.6 steps 25 
INFO : 2021-01-29 22:50:17,208 : episode: 50 score: 45.1 100 games avg: 45.1 steps 26 
INFO : 2021-01-29 22:50:21,199 : episode: 51 score: 44.9 100 games avg: 44.9 steps 26 
INFO : 2021-01-29 22:50:25,044 : episode: 52 score: 43.5 100 games avg: 43.5 steps 25 
INFO : 2021-01-29 22:50:29,701 : episode: 53 score: 54.1 100 games avg: 54.1 steps 31 
INFO : 2021-01-29 22:50:33,694 : episode: 54 score: 45.7 100 games avg: 45.7 steps 26 
INFO : 2021-01-29 22:50:38,502 : episode: 55 score: 56.2 100 games avg: 56.2 steps 32 
INFO : 2021-01-29 22:50:44,018 : episode: 56 score: 51.1 100 games avg: 51.1 steps 37 
INFO : 2021-01-29 22:50:50,085 : episode: 57 score: 57.0 100 games avg: 57.0 steps 41 
INFO : 2021-01-29 22:51:04,764 : episode: 58 score: 224.7 100 games avg: 224.7 steps 103 
INFO : 2021-01-29 22:51:11,571 : episode: 59 score: 80.6 100 games avg: 80.6 steps 46 
INFO : 2021-01-29 22:51:17,981 : episode: 60 score: 73.0 100 games avg: 73.0 steps 43 
INFO : 2021-01-29 22:51:23,950 : episode: 61 score: 68.1 100 games avg: 68.1 steps 40 
INFO : 2021-01-29 22:51:29,195 : episode: 62 score: 58.5 100 games avg: 58.5 steps 34 
INFO : 2021-01-29 22:51:33,460 : episode: 63 score: 47.3 100 games avg: 47.3 steps 27 
INFO : 2021-01-29 22:51:38,285 : episode: 64 score: 53.7 100 games avg: 53.7 steps 31 
INFO : 2021-01-29 22:51:45,308 : episode: 65 score: 82.5 100 games avg: 82.5 steps 47 
INFO : 2021-01-29 22:51:51,504 : episode: 66 score: 70.3 100 games avg: 70.3 steps 41 
INFO : 2021-01-29 22:51:58,509 : episode: 67 score: 81.7 100 games avg: 81.7 steps 47 
INFO : 2021-01-29 22:52:02,610 : episode: 68 score: 45.4 100 games avg: 45.4 steps 26 
INFO : 2021-01-29 22:52:10,377 : episode: 69 score: 95.0 100 games avg: 95.0 steps 52 
INFO : 2021-01-29 22:52:17,730 : episode: 70 score: 88.2 100 games avg: 88.2 steps 49 
INFO : 2021-01-29 22:52:35,363 : episode: 71 score: 271.6 100 games avg: 271.6 steps 123 
INFO : 2021-01-29 22:52:52,166 : episode: 72 score: 266.1 100 games avg: 266.1 steps 117 
INFO : 2021-01-29 22:53:00,708 : episode: 73 score: 102.9 100 games avg: 102.9 steps 57 
INFO : 2021-01-29 22:53:10,119 : episode: 74 score: 116.2 100 games avg: 116.2 steps 63 
INFO : 2021-01-29 22:53:17,312 : episode: 75 score: 82.7 100 games avg: 82.7 steps 47 
INFO : 2021-01-29 22:53:36,257 : episode: 76 score: 306.2 100 games avg: 306.2 steps 131 
INFO : 2021-01-29 22:53:47,262 : episode: 77 score: 133.2 100 games avg: 133.2 steps 74 
INFO : 2021-01-29 22:54:01,753 : episode: 78 score: 206.3 100 games avg: 206.3 steps 99 
INFO : 2021-01-29 22:54:15,170 : episode: 79 score: 179.9 100 games avg: 179.9 steps 91 
INFO : 2021-01-29 22:54:32,755 : episode: 80 score: 275.5 100 games avg: 275.5 steps 121 
INFO : 2021-01-29 22:54:49,133 : episode: 81 score: 248.2 100 games avg: 248.2 steps 112 
INFO : 2021-01-29 22:54:59,993 : episode: 82 score: 135.2 100 games avg: 135.2 steps 72 
INFO : 2021-01-29 22:55:08,780 : episode: 83 score: 101.6 100 games avg: 101.6 steps 57 
INFO : 2021-01-29 22:55:18,549 : episode: 84 score: 116.9 100 games avg: 116.9 steps 64 
INFO : 2021-01-29 22:55:32,243 : episode: 85 score: 177.5 100 games avg: 177.5 steps 92 
INFO : 2021-01-29 22:55:51,725 : episode: 86 score: 297.2 100 games avg: 297.2 steps 134 
INFO : 2021-01-29 22:56:06,363 : episode: 87 score: 198.1 100 games avg: 198.1 steps 98 
INFO : 2021-01-29 22:56:21,585 : episode: 88 score: 194.8 100 games avg: 194.8 steps 102 
INFO : 2021-01-29 22:56:38,052 : episode: 89 score: 233.1 100 games avg: 233.1 steps 112 
INFO : 2021-01-29 22:56:53,025 : episode: 90 score: 196.9 100 games avg: 196.9 steps 100 
INFO : 2021-01-29 22:57:09,891 : episode: 91 score: 299.4 100 games avg: 299.4 steps 114 
INFO : 2021-01-29 22:57:24,532 : episode: 92 score: 182.8 100 games avg: 182.8 steps 97 
INFO : 2021-01-29 22:57:39,325 : episode: 93 score: 227.8 100 games avg: 227.8 steps 98 
INFO : 2021-01-29 22:57:53,466 : episode: 94 score: 177.2 100 games avg: 177.2 steps 93 
INFO : 2021-01-29 22:58:07,296 : episode: 95 score: 187.9 100 games avg: 187.9 steps 91 
INFO : 2021-01-29 22:58:21,650 : episode: 96 score: 179.5 100 games avg: 179.5 steps 94 
INFO : 2021-01-29 22:58:37,521 : episode: 97 score: 203.8 100 games avg: 203.8 steps 105 
INFO : 2021-01-29 22:58:51,466 : episode: 98 score: 200.8 100 games avg: 200.8 steps 91 
INFO : 2021-01-29 22:59:06,273 : episode: 99 score: 201.8 100 games avg: 201.8 steps 99 
INFO : 2021-01-29 22:59:21,789 : episode: 100 score: 221.7 100 games avg: 221.7 steps 102 
INFO : 2021-01-29 22:59:36,646 : episode: 101 score: 225.5 100 games avg: 225.5 steps 97 
INFO : 2021-01-29 22:59:50,770 : episode: 102 score: 192.0 100 games avg: 192.0 steps 92 
INFO : 2021-01-29 23:00:05,845 : episode: 103 score: 204.8 100 games avg: 204.8 steps 98 
INFO : 2021-01-29 23:00:14,281 : episode: 104 score: 84.6 100 games avg: 84.6 steps 50 
INFO : 2021-01-29 23:00:29,226 : episode: 105 score: 215.2 100 games avg: 215.2 steps 97 
INFO : 2021-01-29 23:00:44,594 : episode: 106 score: 221.1 100 games avg: 221.1 steps 100 
INFO : 2021-01-29 23:00:52,989 : episode: 107 score: 80.7 100 games avg: 80.7 steps 49 
INFO : 2021-01-29 23:01:10,218 : episode: 108 score: 249.0 100 games avg: 249.0 steps 113 
INFO : 2021-01-29 23:01:27,736 : episode: 109 score: 252.5 100 games avg: 252.5 steps 115 
INFO : 2021-01-29 23:01:45,323 : episode: 110 score: 257.6 100 games avg: 257.6 steps 115 
INFO : 2021-01-29 23:02:02,884 : episode: 111 score: 244.0 100 games avg: 244.0 steps 114 
INFO : 2021-01-29 23:02:22,166 : episode: 112 score: 288.6 100 games avg: 288.6 steps 127 
INFO : 2021-01-29 23:02:39,638 : episode: 113 score: 246.7 100 games avg: 246.7 steps 113 
INFO : 2021-01-29 23:02:59,483 : episode: 114 score: 282.4 100 games avg: 282.4 steps 130 
INFO : 2021-01-29 23:03:16,253 : episode: 115 score: 232.0 100 games avg: 232.0 steps 107 
INFO : 2021-01-29 23:03:35,302 : episode: 116 score: 292.5 100 games avg: 292.5 steps 124 
INFO : 2021-01-29 23:03:54,989 : episode: 117 score: 301.3 100 games avg: 301.3 steps 129 
INFO : 2021-01-29 23:04:14,058 : episode: 118 score: 284.7 100 games avg: 284.7 steps 124 
INFO : 2021-01-29 23:04:31,681 : episode: 119 score: 245.0 100 games avg: 245.0 steps 113 
INFO : 2021-01-29 23:04:51,430 : episode: 120 score: 301.9 100 games avg: 301.9 steps 128 
INFO : 2021-01-29 23:05:10,396 : episode: 121 score: 280.3 100 games avg: 280.3 steps 122 
INFO : 2021-01-29 23:05:28,369 : episode: 122 score: 294.4 100 games avg: 294.4 steps 115 
INFO : 2021-01-29 23:05:50,714 : episode: 123 score: 336.2 100 games avg: 336.2 steps 146 
INFO : 2021-01-29 23:06:06,609 : episode: 124 score: 225.3 100 games avg: 225.3 steps 99 
INFO : 2021-01-29 23:06:24,995 : episode: 125 score: 290.7 100 games avg: 290.7 steps 118 
INFO : 2021-01-29 23:06:44,028 : episode: 126 score: 308.5 100 games avg: 308.5 steps 121 
INFO : 2021-01-29 23:07:04,644 : episode: 127 score: 305.0 100 games avg: 305.0 steps 132 
INFO : 2021-01-29 23:07:22,095 : episode: 128 score: 270.6 100 games avg: 270.6 steps 109 
INFO : 2021-01-29 23:07:42,376 : episode: 129 score: 287.4 100 games avg: 287.4 steps 129 
INFO : 2021-01-29 23:08:02,137 : episode: 130 score: 207.9 100 games avg: 207.9 steps 125 
INFO : 2021-01-29 23:08:24,925 : episode: 131 score: 344.0 100 games avg: 344.0 steps 147 
INFO : 2021-01-29 23:08:46,751 : episode: 132 score: 323.9 100 games avg: 323.9 steps 140 
INFO : 2021-01-29 23:09:11,800 : episode: 133 score: 335.7 100 games avg: 335.7 steps 164 
INFO : 2021-01-29 23:09:38,904 : episode: 134 score: 434.5 100 games avg: 434.5 steps 177 
INFO : 2021-01-29 23:10:12,779 : episode: 135 score: 459.7 100 games avg: 459.7 steps 226 
INFO : 2021-01-29 23:10:29,519 : episode: 136 score: 254.4 100 games avg: 254.4 steps 102 
INFO : 2021-01-29 23:10:49,132 : episode: 137 score: 273.5 100 games avg: 273.5 steps 122 
INFO : 2021-01-29 23:11:14,800 : episode: 138 score: 467.0 100 games avg: 467.0 steps 166 
INFO : 2021-01-29 23:11:33,673 : episode: 139 score: 300.0 100 games avg: 300.0 steps 116 
INFO : 2021-01-29 23:11:49,724 : episode: 140 score: 232.7 100 games avg: 232.7 steps 96 
INFO : 2021-01-29 23:12:22,361 : episode: 141 score: 460.8 100 games avg: 460.8 steps 215 
INFO : 2021-01-29 23:12:43,252 : episode: 142 score: 341.9 100 games avg: 341.9 steps 130 
INFO : 2021-01-29 23:13:05,067 : episode: 143 score: 361.2 100 games avg: 361.2 steps 136 
INFO : 2021-01-29 23:13:23,096 : episode: 144 score: 259.4 100 games avg: 259.4 steps 108 
INFO : 2021-01-29 23:13:42,628 : episode: 145 score: 314.0 100 games avg: 314.0 steps 120 
INFO : 2021-01-29 23:13:58,345 : episode: 146 score: 202.3 100 games avg: 202.3 steps 91 
INFO : 2021-01-29 23:14:13,530 : episode: 147 score: 191.2 100 games avg: 191.2 steps 87 
INFO : 2021-01-29 23:14:32,240 : episode: 148 score: 299.1 100 games avg: 299.1 steps 113 
INFO : 2021-01-29 23:14:47,846 : episode: 149 score: 200.7 100 games avg: 200.7 steps 89 
INFO : 2021-01-29 23:15:05,070 : episode: 150 score: 244.6 100 games avg: 244.6 steps 101 
INFO : 2021-01-29 23:15:24,988 : episode: 151 score: 306.7 100 games avg: 306.7 steps 121 
INFO : 2021-01-29 23:15:43,177 : episode: 152 score: 286.7 100 games avg: 286.7 steps 109 
INFO : 2021-01-29 23:16:03,819 : episode: 153 score: 330.2 100 games avg: 330.2 steps 126 
INFO : 2021-01-29 23:16:21,959 : episode: 154 score: 281.6 100 games avg: 281.6 steps 107 
INFO : 2021-01-29 23:16:38,355 : episode: 155 score: 212.3 100 games avg: 212.3 steps 94 
INFO : 2021-01-29 23:16:57,413 : episode: 156 score: 303.0 100 games avg: 303.0 steps 113 
INFO : 2021-01-29 23:17:15,000 : episode: 157 score: 254.9 100 games avg: 254.9 steps 102 
INFO : 2021-01-29 23:17:33,687 : episode: 158 score: 283.9 100 games avg: 283.9 steps 109 
INFO : 2021-01-29 23:17:51,490 : episode: 159 score: 260.8 100 games avg: 260.8 steps 103 
INFO : 2021-01-29 23:18:10,021 : episode: 160 score: 282.0 100 games avg: 282.0 steps 108 
INFO : 2021-01-29 23:18:28,589 : episode: 161 score: 284.8 100 games avg: 284.8 steps 108 
INFO : 2021-01-29 23:18:44,812 : episode: 162 score: 207.0 100 games avg: 207.0 steps 91 
INFO : 2021-01-29 23:19:00,603 : episode: 163 score: 195.9 100 games avg: 195.9 steps 88 
INFO : 2021-01-29 23:19:17,362 : episode: 164 score: 217.0 100 games avg: 217.0 steps 94 
INFO : 2021-01-29 23:19:32,859 : episode: 165 score: 188.7 100 games avg: 188.7 steps 85 
INFO : 2021-01-29 23:19:49,890 : episode: 166 score: 217.2 100 games avg: 217.2 steps 96 
INFO : 2021-01-29 23:20:09,108 : episode: 167 score: 298.6 100 games avg: 298.6 steps 112 
INFO : 2021-01-29 23:20:28,279 : episode: 168 score: 283.4 100 games avg: 283.4 steps 111 
INFO : 2021-01-29 23:20:44,332 : episode: 169 score: 202.2 100 games avg: 202.2 steps 88 
INFO : 2021-01-29 23:21:02,560 : episode: 170 score: 268.8 100 games avg: 268.8 steps 104 
INFO : 2021-01-29 23:21:22,197 : episode: 171 score: 306.9 100 games avg: 306.9 steps 114 
INFO : 2021-01-29 23:21:43,561 : episode: 172 score: 338.7 100 games avg: 338.7 steps 126 
INFO : 2021-01-29 23:22:04,564 : episode: 173 score: 313.7 100 games avg: 313.7 steps 123 
INFO : 2021-01-29 23:22:22,876 : episode: 174 score: 265.1 100 games avg: 265.1 steps 104 
INFO : 2021-01-29 23:22:41,800 : episode: 175 score: 274.8 100 games avg: 274.8 steps 108 
INFO : 2021-01-29 23:23:00,256 : episode: 176 score: 262.1 100 games avg: 262.1 steps 104 
INFO : 2021-01-29 23:23:18,891 : episode: 177 score: 271.8 100 games avg: 271.8 steps 105 
INFO : 2021-01-29 23:23:37,545 : episode: 178 score: 275.0 100 games avg: 275.0 steps 106 
INFO : 2021-01-29 23:23:57,976 : episode: 179 score: 298.7 100 games avg: 298.7 steps 118 
INFO : 2021-01-29 23:24:16,789 : episode: 180 score: 265.2 100 games avg: 265.2 steps 106 
INFO : 2021-01-29 23:24:36,693 : episode: 181 score: 304.3 100 games avg: 304.3 steps 114 
INFO : 2021-01-29 23:24:55,057 : episode: 182 score: 249.9 100 games avg: 249.9 steps 102 
INFO : 2021-01-29 23:25:13,025 : episode: 183 score: 244.6 100 games avg: 244.6 steps 99 
INFO : 2021-01-29 23:25:30,698 : episode: 184 score: 231.2 100 games avg: 231.2 steps 98 
INFO : 2021-01-29 23:25:48,716 : episode: 185 score: 241.0 100 games avg: 241.0 steps 100 
INFO : 2021-01-29 23:26:08,481 : episode: 186 score: 276.8 100 games avg: 276.8 steps 111 
INFO : 2021-01-29 23:26:28,175 : episode: 187 score: 277.2 100 games avg: 277.2 steps 110 
INFO : 2021-01-29 23:26:47,737 : episode: 188 score: 219.5 100 games avg: 219.5 steps 109 
INFO : 2021-01-29 23:27:08,363 : episode: 189 score: 304.0 100 games avg: 304.0 steps 117 
INFO : 2021-01-29 23:27:27,589 : episode: 190 score: 209.3 100 games avg: 209.3 steps 106 
INFO : 2021-01-29 23:27:53,160 : episode: 191 score: 371.1 100 games avg: 371.1 steps 152 
INFO : 2021-01-29 23:28:09,265 : episode: 192 score: 156.4 100 games avg: 156.4 steps 83 
INFO : 2021-01-29 23:28:25,479 : episode: 193 score: 165.9 100 games avg: 165.9 steps 84 
INFO : 2021-01-29 23:28:46,585 : episode: 194 score: 305.5 100 games avg: 305.5 steps 119 
INFO : 2021-01-29 23:29:07,480 : episode: 195 score: 293.2 100 games avg: 293.2 steps 117 
INFO : 2021-01-29 23:29:28,986 : episode: 196 score: 309.0 100 games avg: 309.0 steps 121 
INFO : 2021-01-29 23:29:50,282 : episode: 197 score: 305.3 100 games avg: 305.3 steps 120 
INFO : 2021-01-29 23:30:11,310 : episode: 198 score: 302.8 100 games avg: 302.8 steps 118 
INFO : 2021-01-29 23:30:30,969 : episode: 199 score: 259.1 100 games avg: 259.1 steps 108 
