INFO : 2021-01-29 22:36:51,979 : method: Model Predictive Contorol
INFO : 2021-01-29 22:36:51,980 : parameter n_steps: 200 ensemble_size: 5 env: Hopper-v2
INFO : 2021-01-29 22:36:54,571 : mpc horizon: 5 mpc_samples: 100 elite_sample: 30 grad_steps: 10
INFO : 2021-01-29 22:36:54,571 : mpc_function policy-kl3
INFO : 2021-01-29 22:36:54,571 : policy-kl3
INFO : 2021-01-29 22:36:58,605 : episode: 0 score: 38.0 100 games avg: 38.0 steps 32 
INFO : 2021-01-29 22:37:03,088 : episode: 1 score: 40.8 100 games avg: 40.8 steps 35 
INFO : 2021-01-29 22:37:07,445 : episode: 2 score: 39.2 100 games avg: 39.2 steps 34 
INFO : 2021-01-29 22:37:11,799 : episode: 3 score: 39.6 100 games avg: 39.6 steps 34 
INFO : 2021-01-29 22:37:16,508 : episode: 4 score: 45.0 100 games avg: 45.0 steps 37 
INFO : 2021-01-29 22:37:21,093 : episode: 5 score: 42.7 100 games avg: 42.7 steps 36 
INFO : 2021-01-29 22:37:25,678 : episode: 6 score: 42.5 100 games avg: 42.5 steps 36 
INFO : 2021-01-29 22:37:33,004 : episode: 7 score: 69.3 100 games avg: 69.3 steps 55 
INFO : 2021-01-29 22:37:37,334 : episode: 8 score: 14.5 100 games avg: 14.5 steps 32 
INFO : 2021-01-29 22:37:38,861 : episode: 9 score: 8.5 100 games avg: 8.5 steps 11 
INFO : 2021-01-29 22:37:40,861 : episode: 10 score: 7.3 100 games avg: 7.3 steps 14 
INFO : 2021-01-29 22:37:43,076 : episode: 11 score: 20.1 100 games avg: 20.1 steps 16 
INFO : 2021-01-29 22:37:46,983 : episode: 12 score: 49.1 100 games avg: 49.1 steps 29 
INFO : 2021-01-29 22:37:51,560 : episode: 13 score: 54.5 100 games avg: 54.5 steps 32 
INFO : 2021-01-29 22:37:56,729 : episode: 14 score: 57.6 100 games avg: 57.6 steps 36 
INFO : 2021-01-29 22:38:00,358 : episode: 15 score: 42.2 100 games avg: 42.2 steps 25 
INFO : 2021-01-29 22:38:03,983 : episode: 16 score: 42.8 100 games avg: 42.8 steps 25 
INFO : 2021-01-29 22:38:07,412 : episode: 17 score: 39.4 100 games avg: 39.4 steps 23 
INFO : 2021-01-29 22:38:11,024 : episode: 18 score: 41.3 100 games avg: 41.3 steps 24 
INFO : 2021-01-29 22:38:14,580 : episode: 19 score: 40.8 100 games avg: 40.8 steps 24 
INFO : 2021-01-29 22:38:18,145 : episode: 20 score: 41.1 100 games avg: 41.1 steps 24 
INFO : 2021-01-29 22:38:21,850 : episode: 21 score: 43.4 100 games avg: 43.4 steps 25 
INFO : 2021-01-29 22:38:25,839 : episode: 22 score: 45.3 100 games avg: 45.3 steps 27 
INFO : 2021-01-29 22:38:29,394 : episode: 23 score: 41.5 100 games avg: 41.5 steps 24 
INFO : 2021-01-29 22:38:32,940 : episode: 24 score: 41.9 100 games avg: 41.9 steps 24 
INFO : 2021-01-29 22:38:36,504 : episode: 25 score: 41.6 100 games avg: 41.6 steps 24 
INFO : 2021-01-29 22:38:40,190 : episode: 26 score: 42.9 100 games avg: 42.9 steps 25 
INFO : 2021-01-29 22:38:43,750 : episode: 27 score: 41.2 100 games avg: 41.2 steps 24 
INFO : 2021-01-29 22:38:47,547 : episode: 28 score: 42.9 100 games avg: 42.9 steps 25 
INFO : 2021-01-29 22:38:51,185 : episode: 29 score: 41.3 100 games avg: 41.3 steps 24 
INFO : 2021-01-29 22:38:54,882 : episode: 30 score: 41.7 100 games avg: 41.7 steps 24 
INFO : 2021-01-29 22:38:58,792 : episode: 31 score: 43.3 100 games avg: 43.3 steps 25 
INFO : 2021-01-29 22:39:02,637 : episode: 32 score: 41.7 100 games avg: 41.7 steps 24 
INFO : 2021-01-29 22:39:07,406 : episode: 33 score: 57.0 100 games avg: 57.0 steps 32 
INFO : 2021-01-29 22:39:11,199 : episode: 34 score: 44.1 100 games avg: 44.1 steps 25 
INFO : 2021-01-29 22:39:16,266 : episode: 35 score: 60.8 100 games avg: 60.8 steps 34 
INFO : 2021-01-29 22:39:24,285 : episode: 36 score: 101.6 100 games avg: 101.6 steps 55 
INFO : 2021-01-29 22:39:29,998 : episode: 37 score: 69.8 100 games avg: 69.8 steps 38 
INFO : 2021-01-29 22:39:34,851 : episode: 38 score: 57.0 100 games avg: 57.0 steps 32 
INFO : 2021-01-29 22:39:40,572 : episode: 39 score: 68.9 100 games avg: 68.9 steps 38 
INFO : 2021-01-29 22:39:52,215 : episode: 40 score: 150.7 100 games avg: 150.7 steps 80 
INFO : 2021-01-29 22:40:02,166 : episode: 41 score: 119.9 100 games avg: 119.9 steps 68 
INFO : 2021-01-29 22:40:13,045 : episode: 42 score: 139.9 100 games avg: 139.9 steps 74 
INFO : 2021-01-29 22:40:23,680 : episode: 43 score: 133.5 100 games avg: 133.5 steps 72 
INFO : 2021-01-29 22:40:36,525 : episode: 44 score: 169.7 100 games avg: 169.7 steps 86 
INFO : 2021-01-29 22:40:49,115 : episode: 45 score: 169.9 100 games avg: 169.9 steps 85 
INFO : 2021-01-29 22:41:02,476 : episode: 46 score: 180.5 100 games avg: 180.5 steps 90 
INFO : 2021-01-29 22:41:13,480 : episode: 47 score: 136.0 100 games avg: 136.0 steps 72 
INFO : 2021-01-29 22:41:26,338 : episode: 48 score: 174.7 100 games avg: 174.7 steps 85 
INFO : 2021-01-29 22:41:30,978 : episode: 49 score: 48.3 100 games avg: 48.3 steps 27 
INFO : 2021-01-29 22:41:41,488 : episode: 50 score: 127.1 100 games avg: 127.1 steps 68 
INFO : 2021-01-29 22:41:54,458 : episode: 51 score: 174.0 100 games avg: 174.0 steps 85 
INFO : 2021-01-29 22:42:07,473 : episode: 52 score: 173.5 100 games avg: 173.5 steps 86 
INFO : 2021-01-29 22:42:22,097 : episode: 53 score: 175.2 100 games avg: 175.2 steps 90 
INFO : 2021-01-29 22:42:35,501 : episode: 54 score: 178.1 100 games avg: 178.1 steps 88 
INFO : 2021-01-29 22:42:48,547 : episode: 55 score: 169.4 100 games avg: 169.4 steps 87 
INFO : 2021-01-29 22:43:01,725 : episode: 56 score: 172.7 100 games avg: 172.7 steps 88 
INFO : 2021-01-29 22:43:14,345 : episode: 57 score: 166.4 100 games avg: 166.4 steps 84 
INFO : 2021-01-29 22:43:27,647 : episode: 58 score: 171.7 100 games avg: 171.7 steps 88 
INFO : 2021-01-29 22:43:40,781 : episode: 59 score: 168.4 100 games avg: 168.4 steps 86 
INFO : 2021-01-29 22:43:54,056 : episode: 60 score: 174.6 100 games avg: 174.6 steps 88 
INFO : 2021-01-29 22:44:06,950 : episode: 61 score: 171.1 100 games avg: 171.1 steps 85 
INFO : 2021-01-29 22:44:15,402 : episode: 62 score: 98.3 100 games avg: 98.3 steps 53 
INFO : 2021-01-29 22:44:28,861 : episode: 63 score: 177.1 100 games avg: 177.1 steps 89 
INFO : 2021-01-29 22:44:42,066 : episode: 64 score: 174.8 100 games avg: 174.8 steps 87 
INFO : 2021-01-29 22:44:55,777 : episode: 65 score: 179.3 100 games avg: 179.3 steps 90 
INFO : 2021-01-29 22:45:09,133 : episode: 66 score: 181.2 100 games avg: 181.2 steps 88 
INFO : 2021-01-29 22:45:12,925 : episode: 67 score: 40.8 100 games avg: 40.8 steps 23 
INFO : 2021-01-29 22:45:26,327 : episode: 68 score: 178.8 100 games avg: 178.8 steps 89 
INFO : 2021-01-29 22:45:39,822 : episode: 69 score: 180.1 100 games avg: 180.1 steps 89 
INFO : 2021-01-29 22:45:53,051 : episode: 70 score: 179.2 100 games avg: 179.2 steps 88 
INFO : 2021-01-29 22:46:06,459 : episode: 71 score: 190.9 100 games avg: 190.9 steps 87 
INFO : 2021-01-29 22:46:20,289 : episode: 72 score: 176.1 100 games avg: 176.1 steps 89 
INFO : 2021-01-29 22:46:34,418 : episode: 73 score: 161.9 100 games avg: 161.9 steps 83 
INFO : 2021-01-29 22:46:48,814 : episode: 74 score: 175.3 100 games avg: 175.3 steps 88 
INFO : 2021-01-29 22:47:02,251 : episode: 75 score: 177.7 100 games avg: 177.7 steps 86 
INFO : 2021-01-29 22:47:16,097 : episode: 76 score: 194.7 100 games avg: 194.7 steps 89 
INFO : 2021-01-29 22:47:29,255 : episode: 77 score: 172.5 100 games avg: 172.5 steps 84 
INFO : 2021-01-29 22:47:42,783 : episode: 78 score: 177.2 100 games avg: 177.2 steps 87 
INFO : 2021-01-29 22:47:56,069 : episode: 79 score: 166.8 100 games avg: 166.8 steps 85 
INFO : 2021-01-29 22:48:09,108 : episode: 80 score: 174.4 100 games avg: 174.4 steps 87 
INFO : 2021-01-29 22:48:21,774 : episode: 81 score: 172.7 100 games avg: 172.7 steps 84 
INFO : 2021-01-29 22:48:35,253 : episode: 82 score: 175.0 100 games avg: 175.0 steps 86 
INFO : 2021-01-29 22:48:48,988 : episode: 83 score: 187.6 100 games avg: 187.6 steps 87 
INFO : 2021-01-29 22:49:02,405 : episode: 84 score: 186.0 100 games avg: 186.0 steps 86 
INFO : 2021-01-29 22:49:15,955 : episode: 85 score: 169.9 100 games avg: 169.9 steps 86 
INFO : 2021-01-29 22:49:29,265 : episode: 86 score: 160.9 100 games avg: 160.9 steps 82 
INFO : 2021-01-29 22:49:43,087 : episode: 87 score: 169.9 100 games avg: 169.9 steps 85 
INFO : 2021-01-29 22:49:57,069 : episode: 88 score: 169.1 100 games avg: 169.1 steps 85 
INFO : 2021-01-29 22:50:10,576 : episode: 89 score: 175.3 100 games avg: 175.3 steps 88 
INFO : 2021-01-29 22:50:23,790 : episode: 90 score: 175.8 100 games avg: 175.8 steps 88 
INFO : 2021-01-29 22:50:36,766 : episode: 91 score: 170.5 100 games avg: 170.5 steps 86 
INFO : 2021-01-29 22:50:49,795 : episode: 92 score: 171.2 100 games avg: 171.2 steps 86 
INFO : 2021-01-29 22:51:03,291 : episode: 93 score: 183.1 100 games avg: 183.1 steps 89 
INFO : 2021-01-29 22:51:16,465 : episode: 94 score: 185.3 100 games avg: 185.3 steps 87 
INFO : 2021-01-29 22:51:29,687 : episode: 95 score: 177.4 100 games avg: 177.4 steps 87 
INFO : 2021-01-29 22:51:42,923 : episode: 96 score: 180.9 100 games avg: 180.9 steps 87 
INFO : 2021-01-29 22:51:56,036 : episode: 97 score: 173.0 100 games avg: 173.0 steps 86 
INFO : 2021-01-29 22:52:09,051 : episode: 98 score: 172.4 100 games avg: 172.4 steps 85 
INFO : 2021-01-29 22:52:22,340 : episode: 99 score: 173.8 100 games avg: 173.8 steps 87 
INFO : 2021-01-29 22:52:35,368 : episode: 100 score: 177.5 100 games avg: 177.5 steps 85 
INFO : 2021-01-29 22:52:48,301 : episode: 101 score: 177.1 100 games avg: 177.1 steps 84 
INFO : 2021-01-29 22:53:01,513 : episode: 102 score: 178.5 100 games avg: 178.5 steps 86 
INFO : 2021-01-29 22:53:14,868 : episode: 103 score: 184.3 100 games avg: 184.3 steps 87 
INFO : 2021-01-29 22:53:28,153 : episode: 104 score: 174.5 100 games avg: 174.5 steps 86 
INFO : 2021-01-29 22:53:41,567 : episode: 105 score: 189.5 100 games avg: 189.5 steps 87 
INFO : 2021-01-29 22:53:54,553 : episode: 106 score: 170.5 100 games avg: 170.5 steps 84 
INFO : 2021-01-29 22:54:07,471 : episode: 107 score: 173.6 100 games avg: 173.6 steps 83 
INFO : 2021-01-29 22:54:20,806 : episode: 108 score: 181.9 100 games avg: 181.9 steps 86 
INFO : 2021-01-29 22:54:33,726 : episode: 109 score: 168.4 100 games avg: 168.4 steps 83 
INFO : 2021-01-29 22:54:47,115 : episode: 110 score: 175.6 100 games avg: 175.6 steps 86 
INFO : 2021-01-29 22:55:00,807 : episode: 111 score: 180.2 100 games avg: 180.2 steps 88 
INFO : 2021-01-29 22:55:14,199 : episode: 112 score: 173.8 100 games avg: 173.8 steps 86 
INFO : 2021-01-29 22:55:27,238 : episode: 113 score: 171.1 100 games avg: 171.1 steps 83 
INFO : 2021-01-29 22:55:41,240 : episode: 114 score: 196.5 100 games avg: 196.5 steps 90 
INFO : 2021-01-29 22:55:56,118 : episode: 115 score: 190.3 100 games avg: 190.3 steps 90 
INFO : 2021-01-29 22:56:13,147 : episode: 116 score: 187.0 100 games avg: 187.0 steps 89 
INFO : 2021-01-29 22:56:28,871 : episode: 117 score: 199.2 100 games avg: 199.2 steps 92 
INFO : 2021-01-29 22:56:44,415 : episode: 118 score: 189.4 100 games avg: 189.4 steps 89 
INFO : 2021-01-29 22:57:00,050 : episode: 119 score: 196.8 100 games avg: 196.8 steps 91 
INFO : 2021-01-29 22:57:14,979 : episode: 120 score: 186.7 100 games avg: 186.7 steps 88 
INFO : 2021-01-29 22:57:29,977 : episode: 121 score: 200.8 100 games avg: 200.8 steps 92 
INFO : 2021-01-29 22:57:46,257 : episode: 122 score: 214.5 100 games avg: 214.5 steps 94 
INFO : 2021-01-29 22:58:02,585 : episode: 123 score: 220.5 100 games avg: 220.5 steps 96 
INFO : 2021-01-29 22:58:18,431 : episode: 124 score: 215.4 100 games avg: 215.4 steps 96 
INFO : 2021-01-29 22:58:34,332 : episode: 125 score: 214.0 100 games avg: 214.0 steps 93 
INFO : 2021-01-29 22:58:50,904 : episode: 126 score: 212.0 100 games avg: 212.0 steps 97 
INFO : 2021-01-29 22:58:59,991 : episode: 127 score: 73.3 100 games avg: 73.3 steps 44 
INFO : 2021-01-29 22:59:14,928 : episode: 128 score: 193.3 100 games avg: 193.3 steps 94 
INFO : 2021-01-29 22:59:30,289 : episode: 129 score: 209.9 100 games avg: 209.9 steps 97 
INFO : 2021-01-29 22:59:45,424 : episode: 130 score: 214.9 100 games avg: 214.9 steps 95 
INFO : 2021-01-29 23:00:00,699 : episode: 131 score: 218.2 100 games avg: 218.2 steps 96 
INFO : 2021-01-29 23:00:16,530 : episode: 132 score: 218.2 100 games avg: 218.2 steps 95 
INFO : 2021-01-29 23:00:33,163 : episode: 133 score: 221.2 100 games avg: 221.2 steps 95 
INFO : 2021-01-29 23:00:49,153 : episode: 134 score: 211.2 100 games avg: 211.2 steps 94 
INFO : 2021-01-29 23:01:06,038 : episode: 135 score: 222.7 100 games avg: 222.7 steps 97 
INFO : 2021-01-29 23:01:22,751 : episode: 136 score: 220.4 100 games avg: 220.4 steps 95 
INFO : 2021-01-29 23:01:38,277 : episode: 137 score: 192.7 100 games avg: 192.7 steps 88 
INFO : 2021-01-29 23:01:56,591 : episode: 138 score: 220.2 100 games avg: 220.2 steps 103 
INFO : 2021-01-29 23:02:14,166 : episode: 139 score: 214.5 100 games avg: 214.5 steps 98 
INFO : 2021-01-29 23:02:30,802 : episode: 140 score: 215.7 100 games avg: 215.7 steps 97 
INFO : 2021-01-29 23:02:46,505 : episode: 141 score: 199.7 100 games avg: 199.7 steps 88 
INFO : 2021-01-29 23:03:03,452 : episode: 142 score: 204.6 100 games avg: 204.6 steps 96 
INFO : 2021-01-29 23:03:16,236 : episode: 143 score: 118.4 100 games avg: 118.4 steps 66 
INFO : 2021-01-29 23:03:30,114 : episode: 144 score: 178.5 100 games avg: 178.5 steps 85 
INFO : 2021-01-29 23:03:39,453 : episode: 145 score: 89.0 100 games avg: 89.0 steps 51 
INFO : 2021-01-29 23:03:54,310 : episode: 146 score: 196.2 100 games avg: 196.2 steps 91 
INFO : 2021-01-29 23:04:09,238 : episode: 147 score: 196.9 100 games avg: 196.9 steps 91 
INFO : 2021-01-29 23:04:24,985 : episode: 148 score: 213.3 100 games avg: 213.3 steps 97 
INFO : 2021-01-29 23:04:40,307 : episode: 149 score: 201.9 100 games avg: 201.9 steps 93 
INFO : 2021-01-29 23:04:57,134 : episode: 150 score: 203.3 100 games avg: 203.3 steps 95 
INFO : 2021-01-29 23:05:14,955 : episode: 151 score: 199.5 100 games avg: 199.5 steps 100 
INFO : 2021-01-29 23:05:31,908 : episode: 152 score: 203.1 100 games avg: 203.1 steps 93 
INFO : 2021-01-29 23:05:49,313 : episode: 153 score: 216.3 100 games avg: 216.3 steps 96 
INFO : 2021-01-29 23:06:07,936 : episode: 154 score: 208.4 100 games avg: 208.4 steps 98 
INFO : 2021-01-29 23:06:25,043 : episode: 155 score: 207.6 100 games avg: 207.6 steps 93 
INFO : 2021-01-29 23:06:42,359 : episode: 156 score: 220.0 100 games avg: 220.0 steps 95 
INFO : 2021-01-29 23:06:56,920 : episode: 157 score: 137.5 100 games avg: 137.5 steps 74 
INFO : 2021-01-29 23:07:15,625 : episode: 158 score: 234.9 100 games avg: 234.9 steps 100 
INFO : 2021-01-29 23:07:33,398 : episode: 159 score: 223.5 100 games avg: 223.5 steps 93 
INFO : 2021-01-29 23:07:55,102 : episode: 160 score: 327.3 100 games avg: 327.3 steps 122 
INFO : 2021-01-29 23:08:15,924 : episode: 161 score: 303.4 100 games avg: 303.4 steps 118 
INFO : 2021-01-29 23:08:36,495 : episode: 162 score: 303.4 100 games avg: 303.4 steps 116 
INFO : 2021-01-29 23:08:57,863 : episode: 163 score: 321.2 100 games avg: 321.2 steps 121 
INFO : 2021-01-29 23:09:18,826 : episode: 164 score: 314.2 100 games avg: 314.2 steps 118 
INFO : 2021-01-29 23:09:39,851 : episode: 165 score: 297.4 100 games avg: 297.4 steps 118 
INFO : 2021-01-29 23:09:58,034 : episode: 166 score: 225.2 100 games avg: 225.2 steps 97 
INFO : 2021-01-29 23:10:19,853 : episode: 167 score: 339.1 100 games avg: 339.1 steps 123 
INFO : 2021-01-29 23:10:37,744 : episode: 168 score: 227.3 100 games avg: 227.3 steps 95 
INFO : 2021-01-29 23:11:00,298 : episode: 169 score: 363.0 100 games avg: 363.0 steps 128 
INFO : 2021-01-29 23:11:22,691 : episode: 170 score: 331.6 100 games avg: 331.6 steps 126 
INFO : 2021-01-29 23:11:45,477 : episode: 171 score: 364.5 100 games avg: 364.5 steps 129 
INFO : 2021-01-29 23:12:08,231 : episode: 172 score: 353.7 100 games avg: 353.7 steps 128 
INFO : 2021-01-29 23:12:30,514 : episode: 173 score: 339.5 100 games avg: 339.5 steps 125 
INFO : 2021-01-29 23:12:53,501 : episode: 174 score: 358.2 100 games avg: 358.2 steps 129 
INFO : 2021-01-29 23:13:15,227 : episode: 175 score: 331.7 100 games avg: 331.7 steps 123 
INFO : 2021-01-29 23:13:36,462 : episode: 176 score: 375.2 100 games avg: 375.2 steps 136 
INFO : 2021-01-29 23:13:57,741 : episode: 177 score: 398.4 100 games avg: 398.4 steps 138 
INFO : 2021-01-29 23:14:18,753 : episode: 178 score: 377.0 100 games avg: 377.0 steps 135 
INFO : 2021-01-29 23:14:43,191 : episode: 179 score: 464.7 100 games avg: 464.7 steps 162 
INFO : 2021-01-29 23:15:03,897 : episode: 180 score: 349.0 100 games avg: 349.0 steps 132 
INFO : 2021-01-29 23:15:23,604 : episode: 181 score: 334.3 100 games avg: 334.3 steps 125 
INFO : 2021-01-29 23:15:44,412 : episode: 182 score: 352.4 100 games avg: 352.4 steps 129 
INFO : 2021-01-29 23:15:55,402 : episode: 183 score: 101.9 100 games avg: 101.9 steps 56 
INFO : 2021-01-29 23:16:16,716 : episode: 184 score: 355.8 100 games avg: 355.8 steps 131 
INFO : 2021-01-29 23:16:36,538 : episode: 185 score: 305.3 100 games avg: 305.3 steps 120 
INFO : 2021-01-29 23:16:56,395 : episode: 186 score: 283.4 100 games avg: 283.4 steps 120 
INFO : 2021-01-29 23:17:16,208 : episode: 187 score: 324.2 100 games avg: 324.2 steps 119 
INFO : 2021-01-29 23:17:33,327 : episode: 188 score: 155.9 100 games avg: 155.9 steps 83 
INFO : 2021-01-29 23:17:49,720 : episode: 189 score: 146.2 100 games avg: 146.2 steps 78 
INFO : 2021-01-29 23:18:15,540 : episode: 190 score: 358.4 100 games avg: 358.4 steps 144 
INFO : 2021-01-29 23:18:33,080 : episode: 191 score: 166.1 100 games avg: 166.1 steps 85 
INFO : 2021-01-29 23:18:49,618 : episode: 192 score: 146.4 100 games avg: 146.4 steps 78 
INFO : 2021-01-29 23:19:08,120 : episode: 193 score: 171.7 100 games avg: 171.7 steps 91 
INFO : 2021-01-29 23:19:25,634 : episode: 194 score: 156.8 100 games avg: 156.8 steps 84 
INFO : 2021-01-29 23:19:44,028 : episode: 195 score: 173.9 100 games avg: 173.9 steps 90 
INFO : 2021-01-29 23:20:07,972 : episode: 196 score: 316.0 100 games avg: 316.0 steps 129 
INFO : 2021-01-29 23:20:25,700 : episode: 197 score: 158.6 100 games avg: 158.6 steps 85 
INFO : 2021-01-29 23:20:43,156 : episode: 198 score: 155.5 100 games avg: 155.5 steps 83 
INFO : 2021-01-29 23:21:00,706 : episode: 199 score: 153.1 100 games avg: 153.1 steps 83 
