INFO : 2021-01-31 18:01:16,916 : method: Model Predictive Contorol
INFO : 2021-01-31 18:01:16,916 : parameter n_steps: 100 ensemble_size: 5 env: Continuous_CartPole
INFO : 2021-01-31 18:01:19,913 : mpc horizon: 5 mpc_samples: 100 elite_sample: 30 grad_steps: 10
INFO : 2021-01-31 18:01:19,927 : mpc_function policy
INFO : 2021-01-31 18:01:19,928 : policy
INFO : 2021-01-31 18:01:24,579 : episode: 0 score: 56.0 100 games avg: 56.0 steps 57 
INFO : 2021-01-31 18:01:25,933 : episode: 1 score: 15.0 100 games avg: 15.0 steps 16 
INFO : 2021-01-31 18:01:27,687 : episode: 2 score: 20.0 100 games avg: 20.0 steps 21 
INFO : 2021-01-31 18:01:30,230 : episode: 3 score: 29.0 100 games avg: 29.0 steps 30 
INFO : 2021-01-31 18:01:32,517 : episode: 4 score: 26.0 100 games avg: 26.0 steps 27 
INFO : 2021-01-31 18:01:35,240 : episode: 5 score: 32.0 100 games avg: 32.0 steps 33 
INFO : 2021-01-31 18:01:37,290 : episode: 6 score: 23.0 100 games avg: 23.0 steps 24 
INFO : 2021-01-31 18:01:38,609 : episode: 7 score: 14.0 100 games avg: 14.0 steps 15 
INFO : 2021-01-31 18:01:40,811 : episode: 8 score: 25.0 100 games avg: 25.0 steps 26 
INFO : 2021-01-31 18:01:42,592 : episode: 9 score: 17.0 100 games avg: 17.0 steps 18 
INFO : 2021-01-31 18:01:43,311 : episode: 10 score: 5.0 100 games avg: 5.0 steps 6 
INFO : 2021-01-31 18:01:44,303 : episode: 11 score: 9.0 100 games avg: 9.0 steps 10 
INFO : 2021-01-31 18:01:45,425 : episode: 12 score: 10.0 100 games avg: 10.0 steps 11 
INFO : 2021-01-31 18:01:46,537 : episode: 13 score: 9.0 100 games avg: 9.0 steps 10 
INFO : 2021-01-31 18:01:47,371 : episode: 14 score: 7.0 100 games avg: 7.0 steps 8 
INFO : 2021-01-31 18:01:48,336 : episode: 15 score: 7.0 100 games avg: 7.0 steps 8 
INFO : 2021-01-31 18:01:49,611 : episode: 16 score: 11.0 100 games avg: 11.0 steps 12 
INFO : 2021-01-31 18:01:50,441 : episode: 17 score: 7.0 100 games avg: 7.0 steps 8 
INFO : 2021-01-31 18:01:51,777 : episode: 18 score: 12.0 100 games avg: 12.0 steps 13 
INFO : 2021-01-31 18:01:53,889 : episode: 19 score: 20.0 100 games avg: 20.0 steps 21 
INFO : 2021-01-31 18:01:55,957 : episode: 20 score: 17.0 100 games avg: 17.0 steps 18 
INFO : 2021-01-31 18:01:57,087 : episode: 21 score: 10.0 100 games avg: 10.0 steps 11 
INFO : 2021-01-31 18:01:58,131 : episode: 22 score: 8.0 100 games avg: 8.0 steps 9 
INFO : 2021-01-31 18:01:58,850 : episode: 23 score: 5.0 100 games avg: 5.0 steps 6 
INFO : 2021-01-31 18:01:59,571 : episode: 24 score: 5.0 100 games avg: 5.0 steps 6 
INFO : 2021-01-31 18:02:00,257 : episode: 25 score: 5.0 100 games avg: 5.0 steps 6 
INFO : 2021-01-31 18:02:01,003 : episode: 26 score: 6.0 100 games avg: 6.0 steps 7 
INFO : 2021-01-31 18:02:01,904 : episode: 27 score: 7.0 100 games avg: 7.0 steps 8 
INFO : 2021-01-31 18:02:02,887 : episode: 28 score: 7.0 100 games avg: 7.0 steps 8 
INFO : 2021-01-31 18:02:03,878 : episode: 29 score: 7.0 100 games avg: 7.0 steps 8 
INFO : 2021-01-31 18:02:05,040 : episode: 30 score: 10.0 100 games avg: 10.0 steps 11 
INFO : 2021-01-31 18:02:06,012 : episode: 31 score: 8.0 100 games avg: 8.0 steps 9 
INFO : 2021-01-31 18:02:06,969 : episode: 32 score: 7.0 100 games avg: 7.0 steps 8 
INFO : 2021-01-31 18:02:08,176 : episode: 33 score: 10.0 100 games avg: 10.0 steps 11 
INFO : 2021-01-31 18:02:08,943 : episode: 34 score: 6.0 100 games avg: 6.0 steps 7 
INFO : 2021-01-31 18:02:09,603 : episode: 35 score: 5.0 100 games avg: 5.0 steps 6 
INFO : 2021-01-31 18:02:10,615 : episode: 36 score: 7.0 100 games avg: 7.0 steps 8 
INFO : 2021-01-31 18:02:11,468 : episode: 37 score: 6.0 100 games avg: 6.0 steps 7 
INFO : 2021-01-31 18:02:12,324 : episode: 38 score: 6.0 100 games avg: 6.0 steps 7 
INFO : 2021-01-31 18:02:13,188 : episode: 39 score: 6.0 100 games avg: 6.0 steps 7 
INFO : 2021-01-31 18:02:14,088 : episode: 40 score: 6.0 100 games avg: 6.0 steps 7 
INFO : 2021-01-31 18:02:15,835 : episode: 41 score: 14.0 100 games avg: 14.0 steps 15 
INFO : 2021-01-31 18:02:16,903 : episode: 42 score: 8.0 100 games avg: 8.0 steps 9 
INFO : 2021-01-31 18:02:17,734 : episode: 43 score: 6.0 100 games avg: 6.0 steps 7 
INFO : 2021-01-31 18:02:18,967 : episode: 44 score: 8.0 100 games avg: 8.0 steps 9 
INFO : 2021-01-31 18:02:19,858 : episode: 45 score: 6.0 100 games avg: 6.0 steps 7 
INFO : 2021-01-31 18:02:20,989 : episode: 46 score: 9.0 100 games avg: 9.0 steps 10 
INFO : 2021-01-31 18:02:22,230 : episode: 47 score: 10.0 100 games avg: 10.0 steps 11 
INFO : 2021-01-31 18:02:23,157 : episode: 48 score: 7.0 100 games avg: 7.0 steps 8 
INFO : 2021-01-31 18:02:26,474 : episode: 49 score: 29.0 100 games avg: 29.0 steps 30 
INFO : 2021-01-31 18:02:28,455 : episode: 50 score: 18.0 100 games avg: 18.0 steps 19 
INFO : 2021-01-31 18:02:30,548 : episode: 51 score: 19.0 100 games avg: 19.0 steps 20 
INFO : 2021-01-31 18:02:34,135 : episode: 52 score: 32.0 100 games avg: 32.0 steps 33 
INFO : 2021-01-31 18:02:35,099 : episode: 53 score: 7.0 100 games avg: 7.0 steps 8 
INFO : 2021-01-31 18:02:37,003 : episode: 54 score: 17.0 100 games avg: 17.0 steps 18 
INFO : 2021-01-31 18:02:39,066 : episode: 55 score: 18.0 100 games avg: 18.0 steps 19 
INFO : 2021-01-31 18:02:41,303 : episode: 56 score: 20.0 100 games avg: 20.0 steps 21 
INFO : 2021-01-31 18:02:42,565 : episode: 57 score: 9.0 100 games avg: 9.0 steps 10 
INFO : 2021-01-31 18:02:46,358 : episode: 58 score: 34.0 100 games avg: 34.0 steps 35 
INFO : 2021-01-31 18:02:49,764 : episode: 59 score: 31.0 100 games avg: 31.0 steps 32 
INFO : 2021-01-31 18:02:53,705 : episode: 60 score: 36.0 100 games avg: 36.0 steps 37 
INFO : 2021-01-31 18:03:01,948 : episode: 61 score: 79.0 100 games avg: 79.0 steps 80 
INFO : 2021-01-31 18:03:07,568 : episode: 62 score: 52.0 100 games avg: 52.0 steps 53 
INFO : 2021-01-31 18:03:13,904 : episode: 63 score: 59.0 100 games avg: 59.0 steps 60 
INFO : 2021-01-31 18:03:21,606 : episode: 64 score: 73.0 100 games avg: 73.0 steps 74 
INFO : 2021-01-31 18:03:26,891 : episode: 65 score: 48.0 100 games avg: 48.0 steps 49 
INFO : 2021-01-31 18:03:34,746 : episode: 66 score: 75.0 100 games avg: 75.0 steps 76 
INFO : 2021-01-31 18:03:40,986 : episode: 67 score: 58.0 100 games avg: 58.0 steps 59 
INFO : 2021-01-31 18:03:51,901 : episode: 68 score: 103.0 100 games avg: 103.0 steps 104 
INFO : 2021-01-31 18:03:59,541 : episode: 69 score: 70.0 100 games avg: 70.0 steps 71 
INFO : 2021-01-31 18:04:09,442 : episode: 70 score: 96.0 100 games avg: 96.0 steps 97 
INFO : 2021-01-31 18:04:21,150 : episode: 71 score: 110.0 100 games avg: 110.0 steps 111 
INFO : 2021-01-31 18:04:36,603 : episode: 72 score: 150.0 100 games avg: 150.0 steps 151 
INFO : 2021-01-31 18:04:57,021 : episode: 73 score: 200.0 100 games avg: 200.0 steps 201 
INFO : 2021-01-31 18:05:15,525 : episode: 74 score: 178.0 100 games avg: 178.0 steps 179 
INFO : 2021-01-31 18:05:28,544 : episode: 75 score: 124.0 100 games avg: 124.0 steps 125 
INFO : 2021-01-31 18:05:45,092 : episode: 76 score: 157.0 100 games avg: 157.0 steps 158 
INFO : 2021-01-31 18:06:00,515 : episode: 77 score: 147.0 100 games avg: 147.0 steps 148 
INFO : 2021-01-31 18:06:16,799 : episode: 78 score: 154.0 100 games avg: 154.0 steps 155 
INFO : 2021-01-31 18:06:37,745 : episode: 79 score: 199.0 100 games avg: 199.0 steps 200 
INFO : 2021-01-31 18:06:57,818 : episode: 80 score: 185.0 100 games avg: 185.0 steps 186 
INFO : 2021-01-31 18:07:16,107 : episode: 81 score: 172.0 100 games avg: 172.0 steps 173 
INFO : 2021-01-31 18:07:35,495 : episode: 82 score: 183.0 100 games avg: 183.0 steps 184 
INFO : 2021-01-31 18:07:54,813 : episode: 83 score: 176.0 100 games avg: 176.0 steps 177 
INFO : 2021-01-31 18:08:13,027 : episode: 84 score: 171.0 100 games avg: 171.0 steps 172 
INFO : 2021-01-31 18:08:31,627 : episode: 85 score: 180.0 100 games avg: 180.0 steps 181 
INFO : 2021-01-31 18:08:49,699 : episode: 86 score: 179.0 100 games avg: 179.0 steps 180 
INFO : 2021-01-31 18:09:09,717 : episode: 87 score: 200.0 100 games avg: 200.0 steps 201 
INFO : 2021-01-31 18:09:29,926 : episode: 88 score: 200.0 100 games avg: 200.0 steps 201 
INFO : 2021-01-31 18:09:50,000 : episode: 89 score: 200.0 100 games avg: 200.0 steps 201 
INFO : 2021-01-31 18:10:08,958 : episode: 90 score: 184.0 100 games avg: 184.0 steps 185 
INFO : 2021-01-31 18:10:29,655 : episode: 91 score: 200.0 100 games avg: 200.0 steps 201 
INFO : 2021-01-31 18:10:48,973 : episode: 92 score: 182.0 100 games avg: 182.0 steps 183 
INFO : 2021-01-31 18:11:09,228 : episode: 93 score: 193.0 100 games avg: 193.0 steps 194 
INFO : 2021-01-31 18:11:27,161 : episode: 94 score: 171.0 100 games avg: 171.0 steps 172 
INFO : 2021-01-31 18:11:45,395 : episode: 95 score: 172.0 100 games avg: 172.0 steps 173 
INFO : 2021-01-31 18:12:03,399 : episode: 96 score: 170.0 100 games avg: 170.0 steps 171 
INFO : 2021-01-31 18:12:24,461 : episode: 97 score: 200.0 100 games avg: 200.0 steps 201 
INFO : 2021-01-31 18:12:43,624 : episode: 98 score: 183.0 100 games avg: 183.0 steps 184 
INFO : 2021-01-31 18:13:03,523 : episode: 99 score: 191.0 100 games avg: 191.0 steps 192 
