INFO : 2021-01-31 18:01:01,732 : method: Model Predictive Contorol
INFO : 2021-01-31 18:01:01,732 : parameter n_steps: 100 ensemble_size: 5 env: Continuous_CartPole
INFO : 2021-01-31 18:01:04,803 : mpc horizon: 5 mpc_samples: 100 elite_sample: 30 grad_steps: 10
INFO : 2021-01-31 18:01:04,803 : mpc_function policy
INFO : 2021-01-31 18:01:04,804 : policy
INFO : 2021-01-31 18:01:08,311 : episode: 0 score: 23.0 100 games avg: 23.0 steps 24 
INFO : 2021-01-31 18:01:11,598 : episode: 1 score: 20.0 100 games avg: 20.0 steps 21 
INFO : 2021-01-31 18:01:14,267 : episode: 2 score: 17.0 100 games avg: 17.0 steps 18 
INFO : 2021-01-31 18:01:17,780 : episode: 3 score: 22.0 100 games avg: 22.0 steps 23 
INFO : 2021-01-31 18:01:21,514 : episode: 4 score: 24.0 100 games avg: 24.0 steps 25 
INFO : 2021-01-31 18:01:26,099 : episode: 5 score: 31.0 100 games avg: 31.0 steps 32 
INFO : 2021-01-31 18:01:30,034 : episode: 6 score: 26.0 100 games avg: 26.0 steps 27 
INFO : 2021-01-31 18:01:34,147 : episode: 7 score: 27.0 100 games avg: 27.0 steps 28 
INFO : 2021-01-31 18:01:37,795 : episode: 8 score: 24.0 100 games avg: 24.0 steps 25 
INFO : 2021-01-31 18:01:40,957 : episode: 9 score: 21.0 100 games avg: 21.0 steps 22 
INFO : 2021-01-31 18:01:45,132 : episode: 10 score: 26.0 100 games avg: 26.0 steps 27 
INFO : 2021-01-31 18:01:46,848 : episode: 11 score: 9.0 100 games avg: 9.0 steps 10 
INFO : 2021-01-31 18:01:48,364 : episode: 12 score: 8.0 100 games avg: 8.0 steps 9 
INFO : 2021-01-31 18:01:49,831 : episode: 13 score: 8.0 100 games avg: 8.0 steps 9 
INFO : 2021-01-31 18:01:51,643 : episode: 14 score: 10.0 100 games avg: 10.0 steps 11 
INFO : 2021-01-31 18:01:54,093 : episode: 15 score: 13.0 100 games avg: 13.0 steps 14 
INFO : 2021-01-31 18:01:55,403 : episode: 16 score: 7.0 100 games avg: 7.0 steps 8 
INFO : 2021-01-31 18:01:58,930 : episode: 17 score: 20.0 100 games avg: 20.0 steps 21 
INFO : 2021-01-31 18:02:00,398 : episode: 18 score: 8.0 100 games avg: 8.0 steps 9 
INFO : 2021-01-31 18:02:01,715 : episode: 19 score: 7.0 100 games avg: 7.0 steps 8 
INFO : 2021-01-31 18:02:03,398 : episode: 20 score: 9.0 100 games avg: 9.0 steps 10 
INFO : 2021-01-31 18:02:04,567 : episode: 21 score: 5.0 100 games avg: 5.0 steps 6 
INFO : 2021-01-31 18:02:06,099 : episode: 22 score: 8.0 100 games avg: 8.0 steps 9 
INFO : 2021-01-31 18:02:07,236 : episode: 23 score: 6.0 100 games avg: 6.0 steps 7 
INFO : 2021-01-31 18:02:08,834 : episode: 24 score: 9.0 100 games avg: 9.0 steps 10 
INFO : 2021-01-31 18:02:11,986 : episode: 25 score: 18.0 100 games avg: 18.0 steps 19 
INFO : 2021-01-31 18:02:16,512 : episode: 26 score: 27.0 100 games avg: 27.0 steps 28 
INFO : 2021-01-31 18:02:18,581 : episode: 27 score: 12.0 100 games avg: 12.0 steps 13 
INFO : 2021-01-31 18:02:20,081 : episode: 28 score: 8.0 100 games avg: 8.0 steps 9 
INFO : 2021-01-31 18:02:21,758 : episode: 29 score: 7.0 100 games avg: 7.0 steps 8 
INFO : 2021-01-31 18:02:23,703 : episode: 30 score: 10.0 100 games avg: 10.0 steps 11 
INFO : 2021-01-31 18:02:25,151 : episode: 31 score: 7.0 100 games avg: 7.0 steps 8 
INFO : 2021-01-31 18:02:26,679 : episode: 32 score: 7.0 100 games avg: 7.0 steps 8 
INFO : 2021-01-31 18:02:29,357 : episode: 33 score: 15.0 100 games avg: 15.0 steps 16 
INFO : 2021-01-31 18:02:30,907 : episode: 34 score: 8.0 100 games avg: 8.0 steps 9 
INFO : 2021-01-31 18:02:32,626 : episode: 35 score: 9.0 100 games avg: 9.0 steps 10 
INFO : 2021-01-31 18:02:33,899 : episode: 36 score: 6.0 100 games avg: 6.0 steps 7 
INFO : 2021-01-31 18:02:35,877 : episode: 37 score: 9.0 100 games avg: 9.0 steps 10 
INFO : 2021-01-31 18:02:40,969 : episode: 38 score: 30.0 100 games avg: 30.0 steps 31 
INFO : 2021-01-31 18:02:42,719 : episode: 39 score: 8.0 100 games avg: 8.0 steps 9 
INFO : 2021-01-31 18:02:44,067 : episode: 40 score: 6.0 100 games avg: 6.0 steps 7 
INFO : 2021-01-31 18:02:45,624 : episode: 41 score: 8.0 100 games avg: 8.0 steps 9 
INFO : 2021-01-31 18:02:47,417 : episode: 42 score: 9.0 100 games avg: 9.0 steps 10 
INFO : 2021-01-31 18:02:50,718 : episode: 43 score: 18.0 100 games avg: 18.0 steps 19 
INFO : 2021-01-31 18:02:52,069 : episode: 44 score: 6.0 100 games avg: 6.0 steps 7 
INFO : 2021-01-31 18:02:55,731 : episode: 45 score: 19.0 100 games avg: 19.0 steps 20 
INFO : 2021-01-31 18:02:57,725 : episode: 46 score: 10.0 100 games avg: 10.0 steps 11 
INFO : 2021-01-31 18:03:01,073 : episode: 47 score: 18.0 100 games avg: 18.0 steps 19 
INFO : 2021-01-31 18:03:03,056 : episode: 48 score: 9.0 100 games avg: 9.0 steps 10 
INFO : 2021-01-31 18:03:04,714 : episode: 49 score: 8.0 100 games avg: 8.0 steps 9 
INFO : 2021-01-31 18:03:06,794 : episode: 50 score: 11.0 100 games avg: 11.0 steps 12 
INFO : 2021-01-31 18:03:08,595 : episode: 51 score: 9.0 100 games avg: 9.0 steps 10 
INFO : 2021-01-31 18:03:17,394 : episode: 52 score: 52.0 100 games avg: 52.0 steps 53 
INFO : 2021-01-31 18:03:20,597 : episode: 53 score: 17.0 100 games avg: 17.0 steps 18 
INFO : 2021-01-31 18:03:25,113 : episode: 54 score: 26.0 100 games avg: 26.0 steps 27 
INFO : 2021-01-31 18:03:27,492 : episode: 55 score: 13.0 100 games avg: 13.0 steps 14 
INFO : 2021-01-31 18:03:29,459 : episode: 56 score: 10.0 100 games avg: 10.0 steps 11 
INFO : 2021-01-31 18:03:33,644 : episode: 57 score: 24.0 100 games avg: 24.0 steps 25 
INFO : 2021-01-31 18:03:36,868 : episode: 58 score: 18.0 100 games avg: 18.0 steps 19 
INFO : 2021-01-31 18:03:41,827 : episode: 59 score: 28.0 100 games avg: 28.0 steps 29 
INFO : 2021-01-31 18:03:44,267 : episode: 60 score: 12.0 100 games avg: 12.0 steps 13 
INFO : 2021-01-31 18:03:51,328 : episode: 61 score: 40.0 100 games avg: 40.0 steps 41 
INFO : 2021-01-31 18:04:03,241 : episode: 62 score: 71.0 100 games avg: 71.0 steps 72 
INFO : 2021-01-31 18:04:05,921 : episode: 63 score: 14.0 100 games avg: 14.0 steps 15 
INFO : 2021-01-31 18:04:10,872 : episode: 64 score: 28.0 100 games avg: 28.0 steps 29 
INFO : 2021-01-31 18:04:14,195 : episode: 65 score: 18.0 100 games avg: 18.0 steps 19 
INFO : 2021-01-31 18:04:17,350 : episode: 66 score: 16.0 100 games avg: 16.0 steps 17 
INFO : 2021-01-31 18:04:21,575 : episode: 67 score: 23.0 100 games avg: 23.0 steps 24 
INFO : 2021-01-31 18:04:25,396 : episode: 68 score: 21.0 100 games avg: 21.0 steps 22 
INFO : 2021-01-31 18:04:33,433 : episode: 69 score: 46.0 100 games avg: 46.0 steps 47 
INFO : 2021-01-31 18:04:42,300 : episode: 70 score: 51.0 100 games avg: 51.0 steps 52 
INFO : 2021-01-31 18:05:15,341 : episode: 71 score: 200.0 100 games avg: 200.0 steps 201 
INFO : 2021-01-31 18:05:35,391 : episode: 72 score: 120.0 100 games avg: 120.0 steps 121 
INFO : 2021-01-31 18:06:08,405 : episode: 73 score: 200.0 100 games avg: 200.0 steps 201 
INFO : 2021-01-31 18:06:28,280 : episode: 74 score: 117.0 100 games avg: 117.0 steps 118 
INFO : 2021-01-31 18:07:00,507 : episode: 75 score: 194.0 100 games avg: 194.0 steps 195 
INFO : 2021-01-31 18:07:22,280 : episode: 76 score: 129.0 100 games avg: 129.0 steps 130 
INFO : 2021-01-31 18:07:44,804 : episode: 77 score: 132.0 100 games avg: 132.0 steps 133 
INFO : 2021-01-31 18:08:17,689 : episode: 78 score: 200.0 100 games avg: 200.0 steps 201 
INFO : 2021-01-31 18:08:37,690 : episode: 79 score: 185.0 100 games avg: 185.0 steps 186 
INFO : 2021-01-31 18:08:58,359 : episode: 80 score: 200.0 100 games avg: 200.0 steps 201 
INFO : 2021-01-31 18:09:15,623 : episode: 81 score: 167.0 100 games avg: 167.0 steps 168 
INFO : 2021-01-31 18:09:36,272 : episode: 82 score: 200.0 100 games avg: 200.0 steps 201 
INFO : 2021-01-31 18:09:57,055 : episode: 83 score: 200.0 100 games avg: 200.0 steps 201 
INFO : 2021-01-31 18:10:18,352 : episode: 84 score: 200.0 100 games avg: 200.0 steps 201 
INFO : 2021-01-31 18:10:39,573 : episode: 85 score: 200.0 100 games avg: 200.0 steps 201 
INFO : 2021-01-31 18:11:01,299 : episode: 86 score: 200.0 100 games avg: 200.0 steps 201 
INFO : 2021-01-31 18:11:22,754 : episode: 87 score: 200.0 100 games avg: 200.0 steps 201 
INFO : 2021-01-31 18:11:36,901 : episode: 88 score: 128.0 100 games avg: 128.0 steps 129 
INFO : 2021-01-31 18:11:57,223 : episode: 89 score: 190.0 100 games avg: 190.0 steps 191 
INFO : 2021-01-31 18:12:18,634 : episode: 90 score: 200.0 100 games avg: 200.0 steps 201 
INFO : 2021-01-31 18:12:38,443 : episode: 91 score: 183.0 100 games avg: 183.0 steps 184 
INFO : 2021-01-31 18:12:59,720 : episode: 92 score: 200.0 100 games avg: 200.0 steps 201 
INFO : 2021-01-31 18:13:21,094 : episode: 93 score: 195.0 100 games avg: 195.0 steps 196 
INFO : 2021-01-31 18:13:42,062 : episode: 94 score: 192.0 100 games avg: 192.0 steps 193 
INFO : 2021-01-31 18:14:03,779 : episode: 95 score: 200.0 100 games avg: 200.0 steps 201 
INFO : 2021-01-31 18:14:32,517 : episode: 96 score: 186.0 100 games avg: 186.0 steps 187 
INFO : 2021-01-31 18:15:03,031 : episode: 97 score: 169.0 100 games avg: 169.0 steps 170 
INFO : 2021-01-31 18:15:39,163 : episode: 98 score: 200.0 100 games avg: 200.0 steps 201 
INFO : 2021-01-31 18:16:08,019 : episode: 99 score: 156.0 100 games avg: 156.0 steps 157 
