INFO : 2021-01-11 17:27:35,461 : method: Model Predictive Contorol
INFO : 2021-01-11 17:27:35,462 : parameter n_steps: 100 ensemble_size: 5 env: HalfCheetah-v2
INFO : 2021-01-11 17:27:38,683 : mpc horizon: 20 mpc_samples: 100 elite_sample: 30 grad_steps: 10
INFO : 2021-01-11 17:27:38,683 : mpc_function cem
INFO : 2021-01-11 17:27:38,684 : cem
INFO : 2021-01-11 17:47:43,627 : episode: 0 score: -120.0 100 games avg: -120.0 steps 1000 
INFO : 2021-01-11 18:04:53,493 : episode: 1 score: -212.5 100 games avg: -212.5 steps 1000 
INFO : 2021-01-11 18:22:06,226 : episode: 2 score: -200.5 100 games avg: -200.5 steps 1000 
INFO : 2021-01-11 18:39:16,646 : episode: 3 score: -119.9 100 games avg: -119.9 steps 1000 
INFO : 2021-01-11 18:56:28,104 : episode: 4 score: -76.9 100 games avg: -76.9 steps 1000 
INFO : 2021-01-11 19:13:39,011 : episode: 5 score: -92.7 100 games avg: -92.7 steps 1000 
INFO : 2021-01-11 19:30:47,947 : episode: 6 score: 61.1 100 games avg: 61.1 steps 1000 
INFO : 2021-01-11 19:47:59,546 : episode: 7 score: -165.2 100 games avg: -165.2 steps 1000 
INFO : 2021-01-11 20:05:12,355 : episode: 8 score: 194.1 100 games avg: 194.1 steps 1000 
INFO : 2021-01-11 20:22:26,160 : episode: 9 score: -101.6 100 games avg: -101.6 steps 1000 
INFO : 2021-01-11 20:39:40,256 : episode: 10 score: -68.2 100 games avg: -68.2 steps 1000 
INFO : 2021-01-11 20:56:54,481 : episode: 11 score: -10.1 100 games avg: -10.1 steps 1000 
INFO : 2021-01-11 21:14:08,646 : episode: 12 score: 24.7 100 games avg: 24.7 steps 1000 
INFO : 2021-01-11 21:31:24,387 : episode: 13 score: 61.7 100 games avg: 61.7 steps 1000 
INFO : 2021-01-11 21:48:37,395 : episode: 14 score: 91.9 100 games avg: 91.9 steps 1000 
INFO : 2021-01-11 22:05:53,048 : episode: 15 score: 119.9 100 games avg: 119.9 steps 1000 
INFO : 2021-01-11 22:23:08,461 : episode: 16 score: 144.6 100 games avg: 144.6 steps 1000 
INFO : 2021-01-11 22:40:27,032 : episode: 17 score: 184.3 100 games avg: 184.3 steps 1000 
INFO : 2021-01-11 22:57:44,871 : episode: 18 score: 230.0 100 games avg: 230.0 steps 1000 
INFO : 2021-01-11 23:15:01,125 : episode: 19 score: 290.1 100 games avg: 290.1 steps 1000 
INFO : 2021-01-11 23:32:17,354 : episode: 20 score: 136.7 100 games avg: 136.7 steps 1000 
INFO : 2021-01-11 23:49:35,303 : episode: 21 score: 403.3 100 games avg: 403.3 steps 1000 
INFO : 2021-01-12 00:06:54,536 : episode: 22 score: 472.8 100 games avg: 472.8 steps 1000 
INFO : 2021-01-12 00:24:13,121 : episode: 23 score: 571.6 100 games avg: 571.6 steps 1000 
INFO : 2021-01-12 00:41:33,814 : episode: 24 score: 632.8 100 games avg: 632.8 steps 1000 
INFO : 2021-01-12 00:58:53,185 : episode: 25 score: 702.8 100 games avg: 702.8 steps 1000 
INFO : 2021-01-12 01:16:13,543 : episode: 26 score: 717.2 100 games avg: 717.2 steps 1000 
INFO : 2021-01-12 01:33:35,203 : episode: 27 score: 710.1 100 games avg: 710.1 steps 1000 
INFO : 2021-01-12 01:50:55,797 : episode: 28 score: 695.5 100 games avg: 695.5 steps 1000 
INFO : 2021-01-12 02:08:16,813 : episode: 29 score: 722.2 100 games avg: 722.2 steps 1000 
INFO : 2021-01-12 02:25:38,157 : episode: 30 score: 712.2 100 games avg: 712.2 steps 1000 
INFO : 2021-01-12 02:43:01,140 : episode: 31 score: 649.0 100 games avg: 649.0 steps 1000 
INFO : 2021-01-12 03:00:23,432 : episode: 32 score: 743.9 100 games avg: 743.9 steps 1000 
INFO : 2021-01-12 03:17:46,559 : episode: 33 score: 749.6 100 games avg: 749.6 steps 1000 
INFO : 2021-01-12 03:35:11,749 : episode: 34 score: 704.6 100 games avg: 704.6 steps 1000 
INFO : 2021-01-12 03:52:35,280 : episode: 35 score: 700.1 100 games avg: 700.1 steps 1000 
INFO : 2021-01-12 04:09:59,741 : episode: 36 score: 657.1 100 games avg: 657.1 steps 1000 
INFO : 2021-01-12 04:27:25,045 : episode: 37 score: 688.3 100 games avg: 688.3 steps 1000 
INFO : 2021-01-12 04:44:46,610 : episode: 38 score: 772.5 100 games avg: 772.5 steps 1000 
INFO : 2021-01-12 05:02:09,777 : episode: 39 score: 730.0 100 games avg: 730.0 steps 1000 
INFO : 2021-01-12 05:19:32,828 : episode: 40 score: 734.9 100 games avg: 734.9 steps 1000 
INFO : 2021-01-12 05:36:57,085 : episode: 41 score: 750.9 100 games avg: 750.9 steps 1000 
INFO : 2021-01-12 05:54:19,894 : episode: 42 score: 698.6 100 games avg: 698.6 steps 1000 
INFO : 2021-01-12 06:11:44,530 : episode: 43 score: 30.2 100 games avg: 30.2 steps 1000 
INFO : 2021-01-12 06:29:08,618 : episode: 44 score: 711.6 100 games avg: 711.6 steps 1000 
INFO : 2021-01-12 06:46:34,061 : episode: 45 score: 726.8 100 games avg: 726.8 steps 1000 
INFO : 2021-01-12 07:04:00,768 : episode: 46 score: 707.7 100 games avg: 707.7 steps 1000 
INFO : 2021-01-12 07:21:26,747 : episode: 47 score: 703.2 100 games avg: 703.2 steps 1000 
INFO : 2021-01-12 07:38:54,154 : episode: 48 score: 733.5 100 games avg: 733.5 steps 1000 
INFO : 2021-01-12 07:56:19,941 : episode: 49 score: 679.4 100 games avg: 679.4 steps 1000 
INFO : 2021-01-12 08:13:47,502 : episode: 50 score: 729.1 100 games avg: 729.1 steps 1000 
INFO : 2021-01-12 08:31:14,926 : episode: 51 score: 733.3 100 games avg: 733.3 steps 1000 
INFO : 2021-01-12 08:48:44,238 : episode: 52 score: 716.9 100 games avg: 716.9 steps 1000 
INFO : 2021-01-12 09:06:03,077 : episode: 53 score: 716.1 100 games avg: 716.1 steps 1000 
INFO : 2021-01-12 09:23:17,220 : episode: 54 score: 733.7 100 games avg: 733.7 steps 1000 
INFO : 2021-01-12 09:40:36,025 : episode: 55 score: 745.7 100 games avg: 745.7 steps 1000 
INFO : 2021-01-12 09:57:53,006 : episode: 56 score: 700.9 100 games avg: 700.9 steps 1000 
INFO : 2021-01-12 10:15:09,660 : episode: 57 score: 690.9 100 games avg: 690.9 steps 1000 
INFO : 2021-01-12 10:32:27,075 : episode: 58 score: 724.4 100 games avg: 724.4 steps 1000 
INFO : 2021-01-12 10:49:44,406 : episode: 59 score: 659.3 100 games avg: 659.3 steps 1000 
INFO : 2021-01-12 11:07:02,209 : episode: 60 score: 579.5 100 games avg: 579.5 steps 1000 
INFO : 2021-01-12 11:24:18,851 : episode: 61 score: 685.2 100 games avg: 685.2 steps 1000 
INFO : 2021-01-12 11:41:37,664 : episode: 62 score: 689.6 100 games avg: 689.6 steps 1000 
INFO : 2021-01-12 11:58:56,060 : episode: 63 score: 663.4 100 games avg: 663.4 steps 1000 
INFO : 2021-01-12 12:16:14,754 : episode: 64 score: 610.7 100 games avg: 610.7 steps 1000 
INFO : 2021-01-12 12:33:34,117 : episode: 65 score: 686.2 100 games avg: 686.2 steps 1000 
INFO : 2021-01-12 12:50:54,690 : episode: 66 score: 607.1 100 games avg: 607.1 steps 1000 
INFO : 2021-01-12 13:08:15,048 : episode: 67 score: 641.6 100 games avg: 641.6 steps 1000 
INFO : 2021-01-12 13:25:34,310 : episode: 68 score: 600.0 100 games avg: 600.0 steps 1000 
INFO : 2021-01-12 13:42:53,204 : episode: 69 score: 653.6 100 games avg: 653.6 steps 1000 
INFO : 2021-01-12 14:00:14,771 : episode: 70 score: 616.0 100 games avg: 616.0 steps 1000 
INFO : 2021-01-12 14:17:34,589 : episode: 71 score: 614.3 100 games avg: 614.3 steps 1000 
INFO : 2021-01-12 14:34:58,619 : episode: 72 score: 598.9 100 games avg: 598.9 steps 1000 
INFO : 2021-01-12 14:52:19,625 : episode: 73 score: 579.1 100 games avg: 579.1 steps 1000 
INFO : 2021-01-12 15:09:42,284 : episode: 74 score: 622.2 100 games avg: 622.2 steps 1000 
INFO : 2021-01-12 15:27:06,021 : episode: 75 score: 640.6 100 games avg: 640.6 steps 1000 
INFO : 2021-01-12 15:44:29,615 : episode: 76 score: 601.4 100 games avg: 601.4 steps 1000 
INFO : 2021-01-12 16:01:53,395 : episode: 77 score: 630.4 100 games avg: 630.4 steps 1000 
INFO : 2021-01-12 16:19:18,651 : episode: 78 score: 386.5 100 games avg: 386.5 steps 1000 
INFO : 2021-01-12 16:36:41,291 : episode: 79 score: 610.2 100 games avg: 610.2 steps 1000 
INFO : 2021-01-12 16:54:05,221 : episode: 80 score: 630.2 100 games avg: 630.2 steps 1000 
INFO : 2021-01-12 17:11:31,078 : episode: 81 score: 584.3 100 games avg: 584.3 steps 1000 
INFO : 2021-01-12 17:29:03,171 : episode: 82 score: 595.1 100 games avg: 595.1 steps 1000 
INFO : 2021-01-12 17:46:28,291 : episode: 83 score: 637.9 100 games avg: 637.9 steps 1000 
INFO : 2021-01-12 18:04:00,815 : episode: 84 score: 546.3 100 games avg: 546.3 steps 1000 
INFO : 2021-01-12 18:22:01,332 : episode: 85 score: 588.7 100 games avg: 588.7 steps 1000 
INFO : 2021-01-12 18:40:02,317 : episode: 86 score: 629.0 100 games avg: 629.0 steps 1000 
INFO : 2021-01-12 18:58:04,068 : episode: 87 score: 576.5 100 games avg: 576.5 steps 1000 
INFO : 2021-01-12 19:16:05,125 : episode: 88 score: 563.7 100 games avg: 563.7 steps 1000 
INFO : 2021-01-12 19:34:07,190 : episode: 89 score: 537.4 100 games avg: 537.4 steps 1000 
INFO : 2021-01-12 19:52:07,239 : episode: 90 score: 551.7 100 games avg: 551.7 steps 1000 
INFO : 2021-01-12 20:10:10,054 : episode: 91 score: 562.2 100 games avg: 562.2 steps 1000 
INFO : 2021-01-12 20:28:12,486 : episode: 92 score: 639.8 100 games avg: 639.8 steps 1000 
INFO : 2021-01-12 20:46:16,691 : episode: 93 score: 568.1 100 games avg: 568.1 steps 1000 
INFO : 2021-01-12 21:04:17,941 : episode: 94 score: 537.4 100 games avg: 537.4 steps 1000 
INFO : 2021-01-12 21:22:22,189 : episode: 95 score: 579.2 100 games avg: 579.2 steps 1000 
INFO : 2021-01-12 21:40:26,779 : episode: 96 score: 578.0 100 games avg: 578.0 steps 1000 
INFO : 2021-01-12 21:58:32,405 : episode: 97 score: 613.1 100 games avg: 613.1 steps 1000 
INFO : 2021-01-12 22:16:37,569 : episode: 98 score: 604.8 100 games avg: 604.8 steps 1000 
INFO : 2021-01-12 22:34:41,801 : episode: 99 score: 556.0 100 games avg: 556.0 steps 1000 
