INFO : 2020-12-16 04:01:01,021 : method: Soft-Actor Critic
INFO : 2020-12-16 04:01:01,023 : perameter n_steps: 3000 ensemble_size: 3 env: HalfCheetah-v2
INFO : 2020-12-16 04:01:05,792 : mpc horizon: 10 mpc_samples: 500
INFO : 2020-12-16 04:01:28,567 : episode: 0 score: -78.2 100 games avg: -78.2 steps 1000 
INFO : 2020-12-16 04:01:59,154 : episode: 1 score: -355.3 100 games avg: -355.3 steps 1000 
INFO : 2020-12-16 04:02:30,074 : episode: 2 score: -44.4 100 games avg: -44.4 steps 1000 
INFO : 2020-12-16 04:03:01,377 : episode: 3 score: -81.6 100 games avg: -81.6 steps 1000 
INFO : 2020-12-16 04:03:33,074 : episode: 4 score: -218.2 100 games avg: -218.2 steps 1000 
INFO : 2020-12-16 04:04:05,109 : episode: 5 score: -174.8 100 games avg: -174.8 steps 1000 
INFO : 2020-12-16 04:04:37,630 : episode: 6 score: -278.8 100 games avg: -278.8 steps 1000 
INFO : 2020-12-16 04:05:10,425 : episode: 7 score: -212.8 100 games avg: -212.8 steps 1000 
INFO : 2020-12-16 04:05:43,651 : episode: 8 score: 67.1 100 games avg: 67.1 steps 1000 
INFO : 2020-12-16 04:06:17,280 : episode: 9 score: -233.6 100 games avg: -233.6 steps 1000 
INFO : 2020-12-16 04:06:51,264 : episode: 10 score: -254.4 100 games avg: -254.4 steps 1000 
INFO : 2020-12-16 04:07:25,562 : episode: 11 score: 34.8 100 games avg: 34.8 steps 1000 
INFO : 2020-12-16 04:08:00,226 : episode: 12 score: 179.8 100 games avg: 179.8 steps 1000 
INFO : 2020-12-16 04:08:35,268 : episode: 13 score: 195.6 100 games avg: 195.6 steps 1000 
INFO : 2020-12-16 04:09:10,748 : episode: 14 score: 104.2 100 games avg: 104.2 steps 1000 
INFO : 2020-12-16 04:09:46,575 : episode: 15 score: 289.9 100 games avg: 289.9 steps 1000 
INFO : 2020-12-16 04:10:22,809 : episode: 16 score: 335.4 100 games avg: 335.4 steps 1000 
INFO : 2020-12-16 04:10:59,455 : episode: 17 score: 399.6 100 games avg: 399.6 steps 1000 
INFO : 2020-12-16 04:11:36,524 : episode: 18 score: 488.5 100 games avg: 488.5 steps 1000 
INFO : 2020-12-16 04:12:13,942 : episode: 19 score: 583.1 100 games avg: 583.1 steps 1000 
INFO : 2020-12-16 04:12:51,772 : episode: 20 score: -63.5 100 games avg: -63.5 steps 1000 
INFO : 2020-12-16 04:13:30,059 : episode: 21 score: 683.2 100 games avg: 683.2 steps 1000 
INFO : 2020-12-16 04:14:08,558 : episode: 22 score: -129.0 100 games avg: -129.0 steps 1000 
INFO : 2020-12-16 04:14:47,370 : episode: 23 score: 376.7 100 games avg: 376.7 steps 1000 
INFO : 2020-12-16 04:15:26,735 : episode: 24 score: -83.4 100 games avg: -83.4 steps 1000 
INFO : 2020-12-16 04:16:06,429 : episode: 25 score: 1042.2 100 games avg: 1042.2 steps 1000 
INFO : 2020-12-16 04:16:46,629 : episode: 26 score: 1032.9 100 games avg: 1032.9 steps 1000 
INFO : 2020-12-16 04:17:27,130 : episode: 27 score: 1047.6 100 games avg: 1047.6 steps 1000 
INFO : 2020-12-16 04:18:07,928 : episode: 28 score: 1258.1 100 games avg: 1258.1 steps 1000 
INFO : 2020-12-16 04:18:49,192 : episode: 29 score: 1409.2 100 games avg: 1409.2 steps 1000 
INFO : 2020-12-16 04:19:30,758 : episode: 30 score: 1484.1 100 games avg: 1484.1 steps 1000 
INFO : 2020-12-16 04:20:12,852 : episode: 31 score: 1426.5 100 games avg: 1426.5 steps 1000 
INFO : 2020-12-16 04:20:55,245 : episode: 32 score: 36.3 100 games avg: 36.3 steps 1000 
INFO : 2020-12-16 04:21:38,102 : episode: 33 score: 1481.9 100 games avg: 1481.9 steps 1000 
INFO : 2020-12-16 04:22:21,197 : episode: 34 score: 1489.1 100 games avg: 1489.1 steps 1000 
INFO : 2020-12-16 04:23:04,753 : episode: 35 score: 1465.6 100 games avg: 1465.6 steps 1000 
INFO : 2020-12-16 04:23:48,692 : episode: 36 score: 1421.0 100 games avg: 1421.0 steps 1000 
INFO : 2020-12-16 04:24:32,722 : episode: 37 score: 1632.8 100 games avg: 1632.8 steps 1000 
INFO : 2020-12-16 04:25:17,544 : episode: 38 score: 1705.5 100 games avg: 1705.5 steps 1000 
INFO : 2020-12-16 04:26:02,676 : episode: 39 score: 756.5 100 games avg: 756.5 steps 1000 
INFO : 2020-12-16 04:26:48,423 : episode: 40 score: 1362.4 100 games avg: 1362.4 steps 1000 
INFO : 2020-12-16 04:27:34,456 : episode: 41 score: 1646.9 100 games avg: 1646.9 steps 1000 
INFO : 2020-12-16 04:28:20,765 : episode: 42 score: 1730.1 100 games avg: 1730.1 steps 1000 
INFO : 2020-12-16 04:29:07,517 : episode: 43 score: 445.8 100 games avg: 445.8 steps 1000 
INFO : 2020-12-16 04:29:54,496 : episode: 44 score: 1781.6 100 games avg: 1781.6 steps 1000 
INFO : 2020-12-16 04:30:41,923 : episode: 45 score: 1727.1 100 games avg: 1727.1 steps 1000 
INFO : 2020-12-16 04:31:29,722 : episode: 46 score: 1978.0 100 games avg: 1978.0 steps 1000 
INFO : 2020-12-16 04:32:17,849 : episode: 47 score: 1815.1 100 games avg: 1815.1 steps 1000 
INFO : 2020-12-16 04:33:06,396 : episode: 48 score: 1883.3 100 games avg: 1883.3 steps 1000 
INFO : 2020-12-16 04:33:55,406 : episode: 49 score: 1986.7 100 games avg: 1986.7 steps 1000 
INFO : 2020-12-16 04:34:44,814 : episode: 50 score: 1396.6 100 games avg: 1396.6 steps 1000 
INFO : 2020-12-16 04:35:34,347 : episode: 51 score: 1998.5 100 games avg: 1998.5 steps 1000 
INFO : 2020-12-16 04:36:24,307 : episode: 52 score: 2079.4 100 games avg: 2079.4 steps 1000 
INFO : 2020-12-16 04:37:14,796 : episode: 53 score: 1940.3 100 games avg: 1940.3 steps 1000 
INFO : 2020-12-16 04:38:05,394 : episode: 54 score: 1987.8 100 games avg: 1987.8 steps 1000 
INFO : 2020-12-16 04:38:56,573 : episode: 55 score: 1973.3 100 games avg: 1973.3 steps 1000 
INFO : 2020-12-16 04:39:47,967 : episode: 56 score: 482.7 100 games avg: 482.7 steps 1000 
INFO : 2020-12-16 04:40:39,802 : episode: 57 score: 2095.0 100 games avg: 2095.0 steps 1000 
INFO : 2020-12-16 04:41:32,017 : episode: 58 score: 2136.5 100 games avg: 2136.5 steps 1000 
INFO : 2020-12-16 04:42:24,649 : episode: 59 score: 2055.4 100 games avg: 2055.4 steps 1000 
INFO : 2020-12-16 04:43:17,617 : episode: 60 score: 2180.1 100 games avg: 2180.1 steps 1000 
INFO : 2020-12-16 04:44:10,972 : episode: 61 score: 2222.5 100 games avg: 2222.5 steps 1000 
INFO : 2020-12-16 04:45:04,642 : episode: 62 score: 2190.2 100 games avg: 2190.2 steps 1000 
INFO : 2020-12-16 04:45:58,668 : episode: 63 score: 2115.9 100 games avg: 2115.9 steps 1000 
INFO : 2020-12-16 04:46:53,110 : episode: 64 score: 2354.9 100 games avg: 2354.9 steps 1000 
INFO : 2020-12-16 04:47:47,878 : episode: 65 score: 2365.2 100 games avg: 2365.2 steps 1000 
INFO : 2020-12-16 04:48:42,938 : episode: 66 score: 1679.4 100 games avg: 1679.4 steps 1000 
INFO : 2020-12-16 04:49:38,488 : episode: 67 score: 2195.5 100 games avg: 2195.5 steps 1000 
INFO : 2020-12-16 04:50:34,308 : episode: 68 score: 2285.2 100 games avg: 2285.2 steps 1000 
INFO : 2020-12-16 04:51:30,709 : episode: 69 score: 2344.3 100 games avg: 2344.3 steps 1000 
INFO : 2020-12-16 04:52:27,307 : episode: 70 score: 2350.0 100 games avg: 2350.0 steps 1000 
INFO : 2020-12-16 04:53:24,338 : episode: 71 score: 2468.0 100 games avg: 2468.0 steps 1000 
INFO : 2020-12-16 04:54:21,831 : episode: 72 score: 2450.4 100 games avg: 2450.4 steps 1000 
INFO : 2020-12-16 04:55:19,670 : episode: 73 score: 2435.3 100 games avg: 2435.3 steps 1000 
INFO : 2020-12-16 04:56:18,144 : episode: 74 score: 2602.5 100 games avg: 2602.5 steps 1000 
INFO : 2020-12-16 04:57:16,602 : episode: 75 score: 2588.0 100 games avg: 2588.0 steps 1000 
INFO : 2020-12-16 04:58:15,396 : episode: 76 score: 2483.4 100 games avg: 2483.4 steps 1000 
INFO : 2020-12-16 04:59:14,499 : episode: 77 score: 2521.5 100 games avg: 2521.5 steps 1000 
INFO : 2020-12-16 05:00:14,115 : episode: 78 score: 2499.6 100 games avg: 2499.6 steps 1000 
INFO : 2020-12-16 05:01:14,111 : episode: 79 score: 2613.3 100 games avg: 2613.3 steps 1000 
INFO : 2020-12-16 05:02:14,581 : episode: 80 score: 2430.1 100 games avg: 2430.1 steps 1000 
INFO : 2020-12-16 05:03:15,390 : episode: 81 score: 2746.5 100 games avg: 2746.5 steps 1000 
INFO : 2020-12-16 05:04:16,375 : episode: 82 score: 2758.9 100 games avg: 2758.9 steps 1000 
INFO : 2020-12-16 05:05:17,792 : episode: 83 score: 2463.0 100 games avg: 2463.0 steps 1000 
INFO : 2020-12-16 05:06:19,564 : episode: 84 score: 2721.6 100 games avg: 2721.6 steps 1000 
INFO : 2020-12-16 05:07:21,943 : episode: 85 score: 2859.5 100 games avg: 2859.5 steps 1000 
INFO : 2020-12-16 05:08:24,747 : episode: 86 score: 3029.2 100 games avg: 3029.2 steps 1000 
INFO : 2020-12-16 05:09:27,638 : episode: 87 score: 2984.4 100 games avg: 2984.4 steps 1000 
INFO : 2020-12-16 05:10:30,883 : episode: 88 score: 2847.2 100 games avg: 2847.2 steps 1000 
INFO : 2020-12-16 05:11:34,494 : episode: 89 score: 2899.9 100 games avg: 2899.9 steps 1000 
INFO : 2020-12-16 05:12:38,534 : episode: 90 score: 2832.6 100 games avg: 2832.6 steps 1000 
INFO : 2020-12-16 05:13:43,251 : episode: 91 score: 2703.5 100 games avg: 2703.5 steps 1000 
INFO : 2020-12-16 05:14:48,308 : episode: 92 score: 2885.4 100 games avg: 2885.4 steps 1000 
INFO : 2020-12-16 05:15:53,837 : episode: 93 score: 3025.7 100 games avg: 3025.7 steps 1000 
INFO : 2020-12-16 05:16:59,370 : episode: 94 score: 2788.4 100 games avg: 2788.4 steps 1000 
INFO : 2020-12-16 05:18:05,232 : episode: 95 score: 2749.5 100 games avg: 2749.5 steps 1000 
INFO : 2020-12-16 05:19:11,542 : episode: 96 score: 2937.9 100 games avg: 2937.9 steps 1000 
INFO : 2020-12-16 05:20:18,308 : episode: 97 score: 2898.4 100 games avg: 2898.4 steps 1000 
INFO : 2020-12-16 05:21:25,401 : episode: 98 score: 2923.0 100 games avg: 2923.0 steps 1000 
INFO : 2020-12-16 05:22:33,029 : episode: 99 score: 3210.6 100 games avg: 3210.6 steps 1000 
INFO : 2020-12-16 05:23:41,074 : episode: 100 score: 3141.7 100 games avg: 3141.7 steps 1000 
INFO : 2020-12-16 05:24:49,218 : episode: 101 score: 3022.0 100 games avg: 3022.0 steps 1000 
INFO : 2020-12-16 05:25:57,697 : episode: 102 score: 3059.1 100 games avg: 3059.1 steps 1000 
INFO : 2020-12-16 05:27:06,496 : episode: 103 score: 3126.0 100 games avg: 3126.0 steps 1000 
INFO : 2020-12-16 05:28:15,992 : episode: 104 score: 2887.4 100 games avg: 2887.4 steps 1000 
INFO : 2020-12-16 05:29:25,717 : episode: 105 score: 3315.0 100 games avg: 3315.0 steps 1000 
INFO : 2020-12-16 05:30:36,086 : episode: 106 score: 3113.1 100 games avg: 3113.1 steps 1000 
INFO : 2020-12-16 05:31:46,760 : episode: 107 score: 3288.8 100 games avg: 3288.8 steps 1000 
INFO : 2020-12-16 05:32:57,665 : episode: 108 score: 3207.6 100 games avg: 3207.6 steps 1000 
INFO : 2020-12-16 05:34:08,785 : episode: 109 score: 3283.1 100 games avg: 3283.1 steps 1000 
INFO : 2020-12-16 05:35:20,271 : episode: 110 score: 3054.5 100 games avg: 3054.5 steps 1000 
INFO : 2020-12-16 05:36:32,011 : episode: 111 score: 3313.5 100 games avg: 3313.5 steps 1000 
INFO : 2020-12-16 05:37:44,356 : episode: 112 score: 3358.0 100 games avg: 3358.0 steps 1000 
INFO : 2020-12-16 05:38:57,205 : episode: 113 score: 3350.7 100 games avg: 3350.7 steps 1000 
INFO : 2020-12-16 05:40:10,454 : episode: 114 score: 3238.7 100 games avg: 3238.7 steps 1000 
INFO : 2020-12-16 05:41:24,241 : episode: 115 score: 3347.6 100 games avg: 3347.6 steps 1000 
INFO : 2020-12-16 05:42:38,296 : episode: 116 score: 3344.0 100 games avg: 3344.0 steps 1000 
INFO : 2020-12-16 05:43:52,618 : episode: 117 score: 3291.1 100 games avg: 3291.1 steps 1000 
INFO : 2020-12-16 05:45:07,149 : episode: 118 score: 3325.3 100 games avg: 3325.3 steps 1000 
INFO : 2020-12-16 05:46:21,972 : episode: 119 score: 3478.1 100 games avg: 3478.1 steps 1000 
INFO : 2020-12-16 05:47:37,090 : episode: 120 score: 3393.3 100 games avg: 3393.3 steps 1000 
INFO : 2020-12-16 05:48:52,607 : episode: 121 score: 3236.4 100 games avg: 3236.4 steps 1000 
INFO : 2020-12-16 05:50:08,659 : episode: 122 score: 3332.2 100 games avg: 3332.2 steps 1000 
INFO : 2020-12-16 05:51:25,201 : episode: 123 score: 3456.6 100 games avg: 3456.6 steps 1000 
INFO : 2020-12-16 05:52:42,131 : episode: 124 score: 3265.8 100 games avg: 3265.8 steps 1000 
INFO : 2020-12-16 05:53:59,520 : episode: 125 score: 3235.1 100 games avg: 3235.1 steps 1000 
INFO : 2020-12-16 05:55:17,313 : episode: 126 score: 3179.8 100 games avg: 3179.8 steps 1000 
INFO : 2020-12-16 05:56:35,390 : episode: 127 score: 3497.1 100 games avg: 3497.1 steps 1000 
INFO : 2020-12-16 05:57:53,700 : episode: 128 score: 3460.1 100 games avg: 3460.1 steps 1000 
INFO : 2020-12-16 05:59:12,292 : episode: 129 score: 3467.0 100 games avg: 3467.0 steps 1000 
INFO : 2020-12-16 06:00:31,172 : episode: 130 score: 3563.1 100 games avg: 3563.1 steps 1000 
INFO : 2020-12-16 06:01:50,462 : episode: 131 score: 3408.4 100 games avg: 3408.4 steps 1000 
INFO : 2020-12-16 06:03:10,251 : episode: 132 score: 3299.3 100 games avg: 3299.3 steps 1000 
INFO : 2020-12-16 06:04:30,523 : episode: 133 score: 3268.6 100 games avg: 3268.6 steps 1000 
INFO : 2020-12-16 06:05:51,199 : episode: 134 score: 3181.7 100 games avg: 3181.7 steps 1000 
INFO : 2020-12-16 06:07:12,378 : episode: 135 score: 795.7 100 games avg: 795.7 steps 1000 
INFO : 2020-12-16 06:08:33,900 : episode: 136 score: 3515.2 100 games avg: 3515.2 steps 1000 
INFO : 2020-12-16 06:09:55,869 : episode: 137 score: 3617.8 100 games avg: 3617.8 steps 1000 
INFO : 2020-12-16 06:11:18,393 : episode: 138 score: 3577.8 100 games avg: 3577.8 steps 1000 
INFO : 2020-12-16 06:12:40,750 : episode: 139 score: 3452.2 100 games avg: 3452.2 steps 1000 
INFO : 2020-12-16 06:14:03,334 : episode: 140 score: 3484.8 100 games avg: 3484.8 steps 1000 
INFO : 2020-12-16 06:15:26,220 : episode: 141 score: 3496.0 100 games avg: 3496.0 steps 1000 
INFO : 2020-12-16 06:16:49,620 : episode: 142 score: 3550.0 100 games avg: 3550.0 steps 1000 
INFO : 2020-12-16 06:18:13,430 : episode: 143 score: 3650.9 100 games avg: 3650.9 steps 1000 
INFO : 2020-12-16 06:19:37,654 : episode: 144 score: 3505.0 100 games avg: 3505.0 steps 1000 
INFO : 2020-12-16 06:21:02,566 : episode: 145 score: 3430.8 100 games avg: 3430.8 steps 1000 
INFO : 2020-12-16 06:22:27,867 : episode: 146 score: 3294.7 100 games avg: 3294.7 steps 1000 
INFO : 2020-12-16 06:23:53,592 : episode: 147 score: 3406.1 100 games avg: 3406.1 steps 1000 
INFO : 2020-12-16 06:25:19,768 : episode: 148 score: 3441.6 100 games avg: 3441.6 steps 1000 
INFO : 2020-12-16 06:26:46,103 : episode: 149 score: 3445.9 100 games avg: 3445.9 steps 1000 
INFO : 2020-12-16 06:28:12,842 : episode: 150 score: 3125.8 100 games avg: 3125.8 steps 1000 
INFO : 2020-12-16 06:29:39,611 : episode: 151 score: 3420.4 100 games avg: 3420.4 steps 1000 
INFO : 2020-12-16 06:31:06,986 : episode: 152 score: 3330.9 100 games avg: 3330.9 steps 1000 
INFO : 2020-12-16 06:32:34,609 : episode: 153 score: 3623.2 100 games avg: 3623.2 steps 1000 
INFO : 2020-12-16 06:34:02,533 : episode: 154 score: 3269.7 100 games avg: 3269.7 steps 1000 
INFO : 2020-12-16 06:35:30,721 : episode: 155 score: 3660.6 100 games avg: 3660.6 steps 1000 
INFO : 2020-12-16 06:36:59,410 : episode: 156 score: 3455.3 100 games avg: 3455.3 steps 1000 
INFO : 2020-12-16 06:38:28,686 : episode: 157 score: 3369.8 100 games avg: 3369.8 steps 1000 
INFO : 2020-12-16 06:39:58,491 : episode: 158 score: 3714.8 100 games avg: 3714.8 steps 1000 
INFO : 2020-12-16 06:41:28,529 : episode: 159 score: 3263.7 100 games avg: 3263.7 steps 1000 
INFO : 2020-12-16 06:42:59,148 : episode: 160 score: 3588.0 100 games avg: 3588.0 steps 1000 
INFO : 2020-12-16 06:44:30,095 : episode: 161 score: 3547.3 100 games avg: 3547.3 steps 1000 
INFO : 2020-12-16 06:46:01,350 : episode: 162 score: 3503.3 100 games avg: 3503.3 steps 1000 
INFO : 2020-12-16 06:47:33,032 : episode: 163 score: 3415.6 100 games avg: 3415.6 steps 1000 
INFO : 2020-12-16 06:49:05,015 : episode: 164 score: 3365.6 100 games avg: 3365.6 steps 1000 
INFO : 2020-12-16 06:50:37,321 : episode: 165 score: 3825.9 100 games avg: 3825.9 steps 1000 
INFO : 2020-12-16 06:52:09,891 : episode: 166 score: 3456.4 100 games avg: 3456.4 steps 1000 
INFO : 2020-12-16 06:53:42,954 : episode: 167 score: 3600.3 100 games avg: 3600.3 steps 1000 
INFO : 2020-12-16 06:55:16,174 : episode: 168 score: 3577.4 100 games avg: 3577.4 steps 1000 
INFO : 2020-12-16 06:56:49,834 : episode: 169 score: 3384.1 100 games avg: 3384.1 steps 1000 
INFO : 2020-12-16 06:58:23,789 : episode: 170 score: 3582.9 100 games avg: 3582.9 steps 1000 
INFO : 2020-12-16 06:59:58,054 : episode: 171 score: 3797.3 100 games avg: 3797.3 steps 1000 
INFO : 2020-12-16 07:01:32,852 : episode: 172 score: 3801.9 100 games avg: 3801.9 steps 1000 
INFO : 2020-12-16 07:03:07,989 : episode: 173 score: 3582.0 100 games avg: 3582.0 steps 1000 
INFO : 2020-12-16 07:04:43,647 : episode: 174 score: 3567.3 100 games avg: 3567.3 steps 1000 
INFO : 2020-12-16 07:06:19,657 : episode: 175 score: 3431.0 100 games avg: 3431.0 steps 1000 
INFO : 2020-12-16 07:07:56,258 : episode: 176 score: 3555.9 100 games avg: 3555.9 steps 1000 
INFO : 2020-12-16 07:09:33,521 : episode: 177 score: 3551.7 100 games avg: 3551.7 steps 1000 
INFO : 2020-12-16 07:11:11,029 : episode: 178 score: 3749.9 100 games avg: 3749.9 steps 1000 
INFO : 2020-12-16 07:12:49,093 : episode: 179 score: 410.2 100 games avg: 410.2 steps 1000 
INFO : 2020-12-16 07:14:27,377 : episode: 180 score: 3483.7 100 games avg: 3483.7 steps 1000 
INFO : 2020-12-16 07:16:05,723 : episode: 181 score: 3593.4 100 games avg: 3593.4 steps 1000 
INFO : 2020-12-16 07:17:44,332 : episode: 182 score: 3564.3 100 games avg: 3564.3 steps 1000 
INFO : 2020-12-16 07:19:23,297 : episode: 183 score: 3851.2 100 games avg: 3851.2 steps 1000 
INFO : 2020-12-16 07:21:02,717 : episode: 184 score: 3588.3 100 games avg: 3588.3 steps 1000 
INFO : 2020-12-16 07:22:42,208 : episode: 185 score: 3787.6 100 games avg: 3787.6 steps 1000 
INFO : 2020-12-16 07:24:22,262 : episode: 186 score: 3770.2 100 games avg: 3770.2 steps 1000 
INFO : 2020-12-16 07:26:02,769 : episode: 187 score: 3886.9 100 games avg: 3886.9 steps 1000 
INFO : 2020-12-16 07:27:43,422 : episode: 188 score: 3843.1 100 games avg: 3843.1 steps 1000 
INFO : 2020-12-16 07:29:24,784 : episode: 189 score: 3836.0 100 games avg: 3836.0 steps 1000 
INFO : 2020-12-16 07:31:06,519 : episode: 190 score: 3666.9 100 games avg: 3666.9 steps 1000 
INFO : 2020-12-16 07:32:48,614 : episode: 191 score: 3689.8 100 games avg: 3689.8 steps 1000 
INFO : 2020-12-16 07:34:31,299 : episode: 192 score: 3577.4 100 games avg: 3577.4 steps 1000 
INFO : 2020-12-16 07:36:14,147 : episode: 193 score: 3734.4 100 games avg: 3734.4 steps 1000 
INFO : 2020-12-16 07:37:57,694 : episode: 194 score: 3746.4 100 games avg: 3746.4 steps 1000 
INFO : 2020-12-16 07:39:41,525 : episode: 195 score: 3614.4 100 games avg: 3614.4 steps 1000 
INFO : 2020-12-16 07:41:25,915 : episode: 196 score: 3555.5 100 games avg: 3555.5 steps 1000 
INFO : 2020-12-16 07:43:10,642 : episode: 197 score: 3715.6 100 games avg: 3715.6 steps 1000 
INFO : 2020-12-16 07:44:55,609 : episode: 198 score: 3667.2 100 games avg: 3667.2 steps 1000 
INFO : 2020-12-16 07:46:40,877 : episode: 199 score: 3783.4 100 games avg: 3783.4 steps 1000 
INFO : 2020-12-16 07:48:26,482 : episode: 200 score: 3627.9 100 games avg: 3627.9 steps 1000 
INFO : 2020-12-16 07:50:12,487 : episode: 201 score: 3757.6 100 games avg: 3757.6 steps 1000 
INFO : 2020-12-16 07:51:58,763 : episode: 202 score: 3788.3 100 games avg: 3788.3 steps 1000 
INFO : 2020-12-16 07:53:45,139 : episode: 203 score: 3750.2 100 games avg: 3750.2 steps 1000 
INFO : 2020-12-16 07:55:31,912 : episode: 204 score: 3646.6 100 games avg: 3646.6 steps 1000 
INFO : 2020-12-16 07:57:19,175 : episode: 205 score: 3750.2 100 games avg: 3750.2 steps 1000 
INFO : 2020-12-16 07:59:06,641 : episode: 206 score: 3413.1 100 games avg: 3413.1 steps 1000 
INFO : 2020-12-16 08:00:54,545 : episode: 207 score: 4034.4 100 games avg: 4034.4 steps 1000 
INFO : 2020-12-16 08:02:42,854 : episode: 208 score: 3871.3 100 games avg: 3871.3 steps 1000 
INFO : 2020-12-16 08:04:31,558 : episode: 209 score: 3810.1 100 games avg: 3810.1 steps 1000 
INFO : 2020-12-16 08:06:20,722 : episode: 210 score: 3752.1 100 games avg: 3752.1 steps 1000 
INFO : 2020-12-16 08:08:10,347 : episode: 211 score: 3712.7 100 games avg: 3712.7 steps 1000 
INFO : 2020-12-16 08:10:00,131 : episode: 212 score: 3828.5 100 games avg: 3828.5 steps 1000 
INFO : 2020-12-16 08:11:50,724 : episode: 213 score: 3936.7 100 games avg: 3936.7 steps 1000 
INFO : 2020-12-16 08:13:41,567 : episode: 214 score: 3840.0 100 games avg: 3840.0 steps 1000 
INFO : 2020-12-16 08:15:32,868 : episode: 215 score: 3835.7 100 games avg: 3835.7 steps 1000 
INFO : 2020-12-16 08:17:24,596 : episode: 216 score: 3956.2 100 games avg: 3956.2 steps 1000 
INFO : 2020-12-16 08:19:16,797 : episode: 217 score: 3777.4 100 games avg: 3777.4 steps 1000 
INFO : 2020-12-16 08:21:09,510 : episode: 218 score: 3829.2 100 games avg: 3829.2 steps 1000 
INFO : 2020-12-16 08:23:02,375 : episode: 219 score: 3927.2 100 games avg: 3927.2 steps 1000 
INFO : 2020-12-16 08:24:55,783 : episode: 220 score: 3872.8 100 games avg: 3872.8 steps 1000 
INFO : 2020-12-16 08:26:49,458 : episode: 221 score: 3762.2 100 games avg: 3762.2 steps 1000 
INFO : 2020-12-16 08:28:43,675 : episode: 222 score: 3941.0 100 games avg: 3941.0 steps 1000 
INFO : 2020-12-16 08:30:37,950 : episode: 223 score: 3678.6 100 games avg: 3678.6 steps 1000 
INFO : 2020-12-16 08:32:32,512 : episode: 224 score: 3693.2 100 games avg: 3693.2 steps 1000 
INFO : 2020-12-16 08:34:27,105 : episode: 225 score: 3927.5 100 games avg: 3927.5 steps 1000 
INFO : 2020-12-16 08:36:22,258 : episode: 226 score: 3890.7 100 games avg: 3890.7 steps 1000 
INFO : 2020-12-16 08:38:17,772 : episode: 227 score: 3710.4 100 games avg: 3710.4 steps 1000 
INFO : 2020-12-16 08:40:13,368 : episode: 228 score: 3899.5 100 games avg: 3899.5 steps 1000 
INFO : 2020-12-16 08:42:09,729 : episode: 229 score: 3708.0 100 games avg: 3708.0 steps 1000 
INFO : 2020-12-16 08:44:06,239 : episode: 230 score: 3852.6 100 games avg: 3852.6 steps 1000 
INFO : 2020-12-16 08:46:03,143 : episode: 231 score: 4108.8 100 games avg: 4108.8 steps 1000 
INFO : 2020-12-16 08:48:00,597 : episode: 232 score: 3842.0 100 games avg: 3842.0 steps 1000 
INFO : 2020-12-16 08:49:58,330 : episode: 233 score: 4062.8 100 games avg: 4062.8 steps 1000 
INFO : 2020-12-16 08:51:56,526 : episode: 234 score: 3872.0 100 games avg: 3872.0 steps 1000 
INFO : 2020-12-16 08:53:55,129 : episode: 235 score: 3865.7 100 games avg: 3865.7 steps 1000 
INFO : 2020-12-16 08:55:53,970 : episode: 236 score: 3871.9 100 games avg: 3871.9 steps 1000 
INFO : 2020-12-16 08:57:53,233 : episode: 237 score: 3843.3 100 games avg: 3843.3 steps 1000 
INFO : 2020-12-16 08:59:52,951 : episode: 238 score: 3840.8 100 games avg: 3840.8 steps 1000 
INFO : 2020-12-16 09:01:53,137 : episode: 239 score: 3838.1 100 games avg: 3838.1 steps 1000 
INFO : 2020-12-16 09:03:53,892 : episode: 240 score: 4062.4 100 games avg: 4062.4 steps 1000 
INFO : 2020-12-16 09:05:55,034 : episode: 241 score: 3994.7 100 games avg: 3994.7 steps 1000 
INFO : 2020-12-16 09:07:56,719 : episode: 242 score: 3969.0 100 games avg: 3969.0 steps 1000 
INFO : 2020-12-16 09:09:58,726 : episode: 243 score: 3868.1 100 games avg: 3868.1 steps 1000 
INFO : 2020-12-16 09:12:01,198 : episode: 244 score: 3760.2 100 games avg: 3760.2 steps 1000 
INFO : 2020-12-16 09:14:04,072 : episode: 245 score: 3898.9 100 games avg: 3898.9 steps 1000 
INFO : 2020-12-16 09:16:06,852 : episode: 246 score: 3966.0 100 games avg: 3966.0 steps 1000 
INFO : 2020-12-16 09:18:10,341 : episode: 247 score: 3830.3 100 games avg: 3830.3 steps 1000 
INFO : 2020-12-16 09:20:14,165 : episode: 248 score: 3742.6 100 games avg: 3742.6 steps 1000 
INFO : 2020-12-16 09:22:18,302 : episode: 249 score: 3890.1 100 games avg: 3890.1 steps 1000 
INFO : 2020-12-16 09:24:22,573 : episode: 250 score: 3706.8 100 games avg: 3706.8 steps 1000 
INFO : 2020-12-16 09:26:27,303 : episode: 251 score: 3927.4 100 games avg: 3927.4 steps 1000 
INFO : 2020-12-16 09:28:32,260 : episode: 252 score: 4087.5 100 games avg: 4087.5 steps 1000 
INFO : 2020-12-16 09:30:37,540 : episode: 253 score: 4077.5 100 games avg: 4077.5 steps 1000 
INFO : 2020-12-16 09:32:43,239 : episode: 254 score: 3904.2 100 games avg: 3904.2 steps 1000 
INFO : 2020-12-16 09:34:49,107 : episode: 255 score: 3972.0 100 games avg: 3972.0 steps 1000 
INFO : 2020-12-16 09:36:55,684 : episode: 256 score: 3903.4 100 games avg: 3903.4 steps 1000 
INFO : 2020-12-16 09:39:02,480 : episode: 257 score: 4003.3 100 games avg: 4003.3 steps 1000 
INFO : 2020-12-16 09:41:09,542 : episode: 258 score: 3916.2 100 games avg: 3916.2 steps 1000 
INFO : 2020-12-16 09:43:17,097 : episode: 259 score: 3854.5 100 games avg: 3854.5 steps 1000 
INFO : 2020-12-16 09:45:24,879 : episode: 260 score: 3782.1 100 games avg: 3782.1 steps 1000 
INFO : 2020-12-16 09:47:33,171 : episode: 261 score: 4019.9 100 games avg: 4019.9 steps 1000 
INFO : 2020-12-16 09:49:41,762 : episode: 262 score: 4075.5 100 games avg: 4075.5 steps 1000 
INFO : 2020-12-16 09:51:51,059 : episode: 263 score: 1775.1 100 games avg: 1775.1 steps 1000 
INFO : 2020-12-16 09:54:00,536 : episode: 264 score: 3881.6 100 games avg: 3881.6 steps 1000 
INFO : 2020-12-16 09:56:10,552 : episode: 265 score: 3986.5 100 games avg: 3986.5 steps 1000 
INFO : 2020-12-16 09:58:20,963 : episode: 266 score: 3860.7 100 games avg: 3860.7 steps 1000 
INFO : 2020-12-16 10:00:31,551 : episode: 267 score: 3832.3 100 games avg: 3832.3 steps 1000 
INFO : 2020-12-16 10:02:42,644 : episode: 268 score: 3775.4 100 games avg: 3775.4 steps 1000 
INFO : 2020-12-16 10:04:54,342 : episode: 269 score: 3941.8 100 games avg: 3941.8 steps 1000 
INFO : 2020-12-16 10:07:06,336 : episode: 270 score: 3928.1 100 games avg: 3928.1 steps 1000 
INFO : 2020-12-16 10:09:18,845 : episode: 271 score: 4029.4 100 games avg: 4029.4 steps 1000 
INFO : 2020-12-16 10:11:31,854 : episode: 272 score: 4038.3 100 games avg: 4038.3 steps 1000 
INFO : 2020-12-16 10:13:45,318 : episode: 273 score: 3988.2 100 games avg: 3988.2 steps 1000 
INFO : 2020-12-16 10:15:59,393 : episode: 274 score: 3947.7 100 games avg: 3947.7 steps 1000 
INFO : 2020-12-16 10:18:13,493 : episode: 275 score: 4011.2 100 games avg: 4011.2 steps 1000 
INFO : 2020-12-16 10:20:28,015 : episode: 276 score: 4120.9 100 games avg: 4120.9 steps 1000 
INFO : 2020-12-16 10:22:43,206 : episode: 277 score: 3845.0 100 games avg: 3845.0 steps 1000 
INFO : 2020-12-16 10:24:58,480 : episode: 278 score: 3860.8 100 games avg: 3860.8 steps 1000 
INFO : 2020-12-16 10:27:13,921 : episode: 279 score: 4179.7 100 games avg: 4179.7 steps 1000 
INFO : 2020-12-16 10:29:29,680 : episode: 280 score: 3929.3 100 games avg: 3929.3 steps 1000 
INFO : 2020-12-16 10:31:45,886 : episode: 281 score: 3959.6 100 games avg: 3959.6 steps 1000 
INFO : 2020-12-16 10:34:02,279 : episode: 282 score: 3965.1 100 games avg: 3965.1 steps 1000 
INFO : 2020-12-16 10:36:19,246 : episode: 283 score: 3929.2 100 games avg: 3929.2 steps 1000 
INFO : 2020-12-16 10:38:36,609 : episode: 284 score: 4065.1 100 games avg: 4065.1 steps 1000 
INFO : 2020-12-16 10:40:54,283 : episode: 285 score: 4279.3 100 games avg: 4279.3 steps 1000 
INFO : 2020-12-16 10:43:12,040 : episode: 286 score: 4119.1 100 games avg: 4119.1 steps 1000 
INFO : 2020-12-16 10:45:30,347 : episode: 287 score: 4073.9 100 games avg: 4073.9 steps 1000 
INFO : 2020-12-16 10:47:48,759 : episode: 288 score: 3863.2 100 games avg: 3863.2 steps 1000 
INFO : 2020-12-16 10:50:07,629 : episode: 289 score: 4097.4 100 games avg: 4097.4 steps 1000 
INFO : 2020-12-16 10:52:26,916 : episode: 290 score: 3971.2 100 games avg: 3971.2 steps 1000 
INFO : 2020-12-16 10:54:46,445 : episode: 291 score: 4051.8 100 games avg: 4051.8 steps 1000 
INFO : 2020-12-16 10:57:06,384 : episode: 292 score: 4112.2 100 games avg: 4112.2 steps 1000 
INFO : 2020-12-16 10:59:26,870 : episode: 293 score: 4155.4 100 games avg: 4155.4 steps 1000 
INFO : 2020-12-16 11:01:47,786 : episode: 294 score: 4045.9 100 games avg: 4045.9 steps 1000 
INFO : 2020-12-16 11:04:09,024 : episode: 295 score: 4256.0 100 games avg: 4256.0 steps 1000 
INFO : 2020-12-16 11:06:30,775 : episode: 296 score: 3959.7 100 games avg: 3959.7 steps 1000 
INFO : 2020-12-16 11:08:52,720 : episode: 297 score: 4185.5 100 games avg: 4185.5 steps 1000 
INFO : 2020-12-16 11:11:15,315 : episode: 298 score: 4145.8 100 games avg: 4145.8 steps 1000 
INFO : 2020-12-16 11:13:38,037 : episode: 299 score: 4151.3 100 games avg: 4151.3 steps 1000 
INFO : 2020-12-16 11:16:01,228 : episode: 300 score: 4057.8 100 games avg: 4057.8 steps 1000 
INFO : 2020-12-16 11:18:24,693 : episode: 301 score: 4214.5 100 games avg: 4214.5 steps 1000 
INFO : 2020-12-16 11:20:48,606 : episode: 302 score: 4083.1 100 games avg: 4083.1 steps 1000 
INFO : 2020-12-16 11:23:13,012 : episode: 303 score: 4095.1 100 games avg: 4095.1 steps 1000 
INFO : 2020-12-16 11:25:37,635 : episode: 304 score: 4165.6 100 games avg: 4165.6 steps 1000 
INFO : 2020-12-16 11:28:02,835 : episode: 305 score: 4152.7 100 games avg: 4152.7 steps 1000 
INFO : 2020-12-16 11:30:28,166 : episode: 306 score: 4057.9 100 games avg: 4057.9 steps 1000 
INFO : 2020-12-16 11:32:54,106 : episode: 307 score: 4150.4 100 games avg: 4150.4 steps 1000 
INFO : 2020-12-16 11:35:20,391 : episode: 308 score: 4091.1 100 games avg: 4091.1 steps 1000 
INFO : 2020-12-16 11:37:47,477 : episode: 309 score: 4093.7 100 games avg: 4093.7 steps 1000 
INFO : 2020-12-16 11:40:14,610 : episode: 310 score: 4036.9 100 games avg: 4036.9 steps 1000 
INFO : 2020-12-16 11:42:42,153 : episode: 311 score: 4000.6 100 games avg: 4000.6 steps 1000 
INFO : 2020-12-16 11:45:10,148 : episode: 312 score: 4175.7 100 games avg: 4175.7 steps 1000 
INFO : 2020-12-16 11:47:38,615 : episode: 313 score: 4148.3 100 games avg: 4148.3 steps 1000 
INFO : 2020-12-16 11:50:07,318 : episode: 314 score: 4294.8 100 games avg: 4294.8 steps 1000 
INFO : 2020-12-16 11:52:36,527 : episode: 315 score: 4036.2 100 games avg: 4036.2 steps 1000 
INFO : 2020-12-16 11:55:05,949 : episode: 316 score: 3995.8 100 games avg: 3995.8 steps 1000 
INFO : 2020-12-16 11:57:36,050 : episode: 317 score: 4133.3 100 games avg: 4133.3 steps 1000 
INFO : 2020-12-16 12:00:05,934 : episode: 318 score: 3966.6 100 games avg: 3966.6 steps 1000 
INFO : 2020-12-16 12:02:36,356 : episode: 319 score: 4057.7 100 games avg: 4057.7 steps 1000 
INFO : 2020-12-16 12:05:07,280 : episode: 320 score: 4207.1 100 games avg: 4207.1 steps 1000 
INFO : 2020-12-16 12:07:38,207 : episode: 321 score: 1825.0 100 games avg: 1825.0 steps 1000 
INFO : 2020-12-16 12:10:09,832 : episode: 322 score: 3953.7 100 games avg: 3953.7 steps 1000 
INFO : 2020-12-16 12:12:41,740 : episode: 323 score: 4154.8 100 games avg: 4154.8 steps 1000 
INFO : 2020-12-16 12:15:13,785 : episode: 324 score: 4191.5 100 games avg: 4191.5 steps 1000 
INFO : 2020-12-16 12:17:46,293 : episode: 325 score: 4245.1 100 games avg: 4245.1 steps 1000 
INFO : 2020-12-16 12:20:19,197 : episode: 326 score: 4048.1 100 games avg: 4048.1 steps 1000 
INFO : 2020-12-16 12:22:52,573 : episode: 327 score: 4025.9 100 games avg: 4025.9 steps 1000 
INFO : 2020-12-16 12:25:26,281 : episode: 328 score: 4062.7 100 games avg: 4062.7 steps 1000 
INFO : 2020-12-16 12:28:00,360 : episode: 329 score: 4073.7 100 games avg: 4073.7 steps 1000 
INFO : 2020-12-16 12:30:34,866 : episode: 330 score: 4233.4 100 games avg: 4233.4 steps 1000 
INFO : 2020-12-16 12:33:09,730 : episode: 331 score: 4173.2 100 games avg: 4173.2 steps 1000 
INFO : 2020-12-16 12:35:44,935 : episode: 332 score: 4155.2 100 games avg: 4155.2 steps 1000 
INFO : 2020-12-16 12:38:20,530 : episode: 333 score: 4166.9 100 games avg: 4166.9 steps 1000 
INFO : 2020-12-16 12:40:56,311 : episode: 334 score: 4188.8 100 games avg: 4188.8 steps 1000 
INFO : 2020-12-16 12:43:32,873 : episode: 335 score: 4289.0 100 games avg: 4289.0 steps 1000 
INFO : 2020-12-16 12:46:09,576 : episode: 336 score: 4106.4 100 games avg: 4106.4 steps 1000 
INFO : 2020-12-16 12:48:46,857 : episode: 337 score: 4255.3 100 games avg: 4255.3 steps 1000 
INFO : 2020-12-16 12:51:24,405 : episode: 338 score: 4108.3 100 games avg: 4108.3 steps 1000 
INFO : 2020-12-16 12:54:02,342 : episode: 339 score: 4116.0 100 games avg: 4116.0 steps 1000 
INFO : 2020-12-16 12:56:40,502 : episode: 340 score: 4205.1 100 games avg: 4205.1 steps 1000 
INFO : 2020-12-16 12:59:19,200 : episode: 341 score: 4158.2 100 games avg: 4158.2 steps 1000 
INFO : 2020-12-16 13:01:58,278 : episode: 342 score: 4023.7 100 games avg: 4023.7 steps 1000 
INFO : 2020-12-16 13:04:37,770 : episode: 343 score: 4272.2 100 games avg: 4272.2 steps 1000 
INFO : 2020-12-16 13:07:17,593 : episode: 344 score: 4168.5 100 games avg: 4168.5 steps 1000 
INFO : 2020-12-16 13:09:58,159 : episode: 345 score: 4209.3 100 games avg: 4209.3 steps 1000 
INFO : 2020-12-16 13:12:39,086 : episode: 346 score: 4275.2 100 games avg: 4275.2 steps 1000 
INFO : 2020-12-16 13:15:20,087 : episode: 347 score: 4188.9 100 games avg: 4188.9 steps 1000 
INFO : 2020-12-16 13:18:01,564 : episode: 348 score: 4097.0 100 games avg: 4097.0 steps 1000 
INFO : 2020-12-16 13:20:43,166 : episode: 349 score: 4202.8 100 games avg: 4202.8 steps 1000 
INFO : 2020-12-16 13:23:25,386 : episode: 350 score: 4002.5 100 games avg: 4002.5 steps 1000 
INFO : 2020-12-16 13:26:08,151 : episode: 351 score: 4058.7 100 games avg: 4058.7 steps 1000 
INFO : 2020-12-16 13:28:51,316 : episode: 352 score: 4229.4 100 games avg: 4229.4 steps 1000 
INFO : 2020-12-16 13:31:34,772 : episode: 353 score: 4214.9 100 games avg: 4214.9 steps 1000 
INFO : 2020-12-16 13:34:18,647 : episode: 354 score: -74.4 100 games avg: -74.4 steps 1000 
INFO : 2020-12-16 13:37:02,621 : episode: 355 score: 4145.3 100 games avg: 4145.3 steps 1000 
INFO : 2020-12-16 13:39:47,431 : episode: 356 score: 4239.2 100 games avg: 4239.2 steps 1000 
INFO : 2020-12-16 13:42:32,075 : episode: 357 score: 4325.5 100 games avg: 4325.5 steps 1000 
INFO : 2020-12-16 13:45:17,511 : episode: 358 score: 4195.7 100 games avg: 4195.7 steps 1000 
INFO : 2020-12-16 13:48:03,377 : episode: 359 score: 4389.8 100 games avg: 4389.8 steps 1000 
INFO : 2020-12-16 13:50:49,842 : episode: 360 score: 4218.2 100 games avg: 4218.2 steps 1000 
INFO : 2020-12-16 13:53:36,734 : episode: 361 score: 4213.4 100 games avg: 4213.4 steps 1000 
INFO : 2020-12-16 13:56:23,912 : episode: 362 score: 4294.7 100 games avg: 4294.7 steps 1000 
INFO : 2020-12-16 13:59:11,427 : episode: 363 score: 4256.4 100 games avg: 4256.4 steps 1000 
INFO : 2020-12-16 14:01:59,411 : episode: 364 score: 4189.3 100 games avg: 4189.3 steps 1000 
INFO : 2020-12-16 14:04:47,911 : episode: 365 score: 4249.6 100 games avg: 4249.6 steps 1000 
INFO : 2020-12-16 14:07:36,466 : episode: 366 score: 4332.6 100 games avg: 4332.6 steps 1000 
INFO : 2020-12-16 14:10:25,462 : episode: 367 score: 4129.8 100 games avg: 4129.8 steps 1000 
INFO : 2020-12-16 14:13:14,482 : episode: 368 score: 4199.1 100 games avg: 4199.1 steps 1000 
INFO : 2020-12-16 14:16:03,971 : episode: 369 score: 4418.2 100 games avg: 4418.2 steps 1000 
INFO : 2020-12-16 14:18:53,953 : episode: 370 score: 4297.4 100 games avg: 4297.4 steps 1000 
INFO : 2020-12-16 14:21:44,183 : episode: 371 score: 4305.5 100 games avg: 4305.5 steps 1000 
INFO : 2020-12-16 14:24:34,537 : episode: 372 score: 4309.1 100 games avg: 4309.1 steps 1000 
INFO : 2020-12-16 14:27:25,350 : episode: 373 score: 4174.3 100 games avg: 4174.3 steps 1000 
INFO : 2020-12-16 14:30:16,612 : episode: 374 score: 4359.3 100 games avg: 4359.3 steps 1000 
INFO : 2020-12-16 14:33:08,126 : episode: 375 score: 4161.8 100 games avg: 4161.8 steps 1000 
INFO : 2020-12-16 14:36:00,132 : episode: 376 score: 4354.1 100 games avg: 4354.1 steps 1000 
INFO : 2020-12-16 14:38:52,482 : episode: 377 score: 4312.2 100 games avg: 4312.2 steps 1000 
INFO : 2020-12-16 14:41:45,070 : episode: 378 score: 4263.1 100 games avg: 4263.1 steps 1000 
INFO : 2020-12-16 14:44:37,973 : episode: 379 score: 4155.9 100 games avg: 4155.9 steps 1000 
INFO : 2020-12-16 14:47:31,345 : episode: 380 score: 4299.4 100 games avg: 4299.4 steps 1000 
INFO : 2020-12-16 14:50:25,232 : episode: 381 score: 4266.2 100 games avg: 4266.2 steps 1000 
INFO : 2020-12-16 14:53:19,694 : episode: 382 score: 4313.4 100 games avg: 4313.4 steps 1000 
INFO : 2020-12-16 14:56:14,344 : episode: 383 score: 4188.4 100 games avg: 4188.4 steps 1000 
INFO : 2020-12-16 14:59:09,798 : episode: 384 score: 4286.9 100 games avg: 4286.9 steps 1000 
INFO : 2020-12-16 15:02:05,329 : episode: 385 score: 4211.3 100 games avg: 4211.3 steps 1000 
INFO : 2020-12-16 15:05:00,915 : episode: 386 score: 4229.5 100 games avg: 4229.5 steps 1000 
INFO : 2020-12-16 15:07:56,620 : episode: 387 score: 4432.1 100 games avg: 4432.1 steps 1000 
INFO : 2020-12-16 15:10:53,306 : episode: 388 score: 4534.5 100 games avg: 4534.5 steps 1000 
INFO : 2020-12-16 15:13:50,198 : episode: 389 score: 4363.1 100 games avg: 4363.1 steps 1000 
INFO : 2020-12-16 15:16:47,429 : episode: 390 score: 4367.1 100 games avg: 4367.1 steps 1000 
INFO : 2020-12-16 15:19:45,234 : episode: 391 score: 4340.1 100 games avg: 4340.1 steps 1000 
INFO : 2020-12-16 15:22:43,084 : episode: 392 score: 4272.1 100 games avg: 4272.1 steps 1000 
INFO : 2020-12-16 15:25:41,434 : episode: 393 score: 4380.9 100 games avg: 4380.9 steps 1000 
INFO : 2020-12-16 15:28:40,496 : episode: 394 score: 4323.1 100 games avg: 4323.1 steps 1000 
INFO : 2020-12-16 15:31:39,470 : episode: 395 score: 4314.5 100 games avg: 4314.5 steps 1000 
INFO : 2020-12-16 15:34:38,835 : episode: 396 score: 4320.2 100 games avg: 4320.2 steps 1000 
INFO : 2020-12-16 15:37:38,950 : episode: 397 score: 4175.2 100 games avg: 4175.2 steps 1000 
INFO : 2020-12-16 15:40:39,029 : episode: 398 score: 4029.2 100 games avg: 4029.2 steps 1000 
INFO : 2020-12-16 15:43:39,702 : episode: 399 score: 4256.5 100 games avg: 4256.5 steps 1000 
INFO : 2020-12-16 15:46:40,968 : episode: 400 score: 4325.6 100 games avg: 4325.6 steps 1000 
INFO : 2020-12-16 15:49:42,572 : episode: 401 score: 4243.7 100 games avg: 4243.7 steps 1000 
INFO : 2020-12-16 15:52:44,314 : episode: 402 score: 4466.8 100 games avg: 4466.8 steps 1000 
INFO : 2020-12-16 15:55:46,509 : episode: 403 score: 4132.9 100 games avg: 4132.9 steps 1000 
INFO : 2020-12-16 15:58:49,022 : episode: 404 score: 4197.3 100 games avg: 4197.3 steps 1000 
INFO : 2020-12-16 16:01:52,038 : episode: 405 score: 4396.6 100 games avg: 4396.6 steps 1000 
INFO : 2020-12-16 16:04:55,467 : episode: 406 score: 4284.3 100 games avg: 4284.3 steps 1000 
INFO : 2020-12-16 16:07:59,058 : episode: 407 score: 4341.0 100 games avg: 4341.0 steps 1000 
INFO : 2020-12-16 16:11:03,247 : episode: 408 score: 4407.4 100 games avg: 4407.4 steps 1000 
INFO : 2020-12-16 16:14:07,784 : episode: 409 score: 4169.4 100 games avg: 4169.4 steps 1000 
INFO : 2020-12-16 16:17:12,900 : episode: 410 score: 4231.0 100 games avg: 4231.0 steps 1000 
INFO : 2020-12-16 16:20:18,054 : episode: 411 score: 4410.0 100 games avg: 4410.0 steps 1000 
INFO : 2020-12-16 16:23:23,524 : episode: 412 score: 4423.1 100 games avg: 4423.1 steps 1000 
INFO : 2020-12-16 16:26:29,697 : episode: 413 score: 4203.2 100 games avg: 4203.2 steps 1000 
INFO : 2020-12-16 16:29:36,252 : episode: 414 score: 4495.8 100 games avg: 4495.8 steps 1000 
INFO : 2020-12-16 16:32:43,444 : episode: 415 score: 4310.5 100 games avg: 4310.5 steps 1000 
INFO : 2020-12-16 16:35:50,897 : episode: 416 score: 4369.8 100 games avg: 4369.8 steps 1000 
INFO : 2020-12-16 16:38:58,872 : episode: 417 score: 4180.6 100 games avg: 4180.6 steps 1000 
INFO : 2020-12-16 16:42:07,049 : episode: 418 score: 4314.9 100 games avg: 4314.9 steps 1000 
INFO : 2020-12-16 16:45:15,636 : episode: 419 score: 4414.6 100 games avg: 4414.6 steps 1000 
INFO : 2020-12-16 16:48:24,669 : episode: 420 score: 4402.5 100 games avg: 4402.5 steps 1000 
INFO : 2020-12-16 16:51:34,131 : episode: 421 score: 4374.3 100 games avg: 4374.3 steps 1000 
INFO : 2020-12-16 16:54:43,705 : episode: 422 score: 4293.3 100 games avg: 4293.3 steps 1000 
INFO : 2020-12-16 16:57:54,044 : episode: 423 score: 4301.1 100 games avg: 4301.1 steps 1000 
INFO : 2020-12-16 17:01:04,930 : episode: 424 score: 4433.6 100 games avg: 4433.6 steps 1000 
INFO : 2020-12-16 17:04:16,496 : episode: 425 score: 4148.1 100 games avg: 4148.1 steps 1000 
INFO : 2020-12-16 17:07:27,859 : episode: 426 score: 4425.9 100 games avg: 4425.9 steps 1000 
INFO : 2020-12-16 17:10:39,826 : episode: 427 score: 4425.4 100 games avg: 4425.4 steps 1000 
INFO : 2020-12-16 17:13:51,894 : episode: 428 score: 4299.3 100 games avg: 4299.3 steps 1000 
INFO : 2020-12-16 17:17:04,453 : episode: 429 score: 4205.1 100 games avg: 4205.1 steps 1000 
INFO : 2020-12-16 17:20:17,173 : episode: 430 score: 4340.3 100 games avg: 4340.3 steps 1000 
INFO : 2020-12-16 17:23:30,187 : episode: 431 score: 4253.6 100 games avg: 4253.6 steps 1000 
INFO : 2020-12-16 17:26:43,902 : episode: 432 score: 4462.8 100 games avg: 4462.8 steps 1000 
INFO : 2020-12-16 17:29:57,791 : episode: 433 score: 4155.5 100 games avg: 4155.5 steps 1000 
INFO : 2020-12-16 17:33:11,975 : episode: 434 score: 4491.3 100 games avg: 4491.3 steps 1000 
INFO : 2020-12-16 17:36:26,639 : episode: 435 score: 4311.8 100 games avg: 4311.8 steps 1000 
INFO : 2020-12-16 17:39:41,557 : episode: 436 score: 4405.2 100 games avg: 4405.2 steps 1000 
INFO : 2020-12-16 17:42:56,645 : episode: 437 score: 4186.9 100 games avg: 4186.9 steps 1000 
INFO : 2020-12-16 17:46:12,079 : episode: 438 score: 4332.6 100 games avg: 4332.6 steps 1000 
INFO : 2020-12-16 17:49:27,852 : episode: 439 score: 4248.7 100 games avg: 4248.7 steps 1000 
INFO : 2020-12-16 17:52:44,632 : episode: 440 score: 4627.0 100 games avg: 4627.0 steps 1000 
INFO : 2020-12-16 17:56:01,213 : episode: 441 score: 4370.4 100 games avg: 4370.4 steps 1000 
INFO : 2020-12-16 17:59:18,317 : episode: 442 score: 4205.8 100 games avg: 4205.8 steps 1000 
INFO : 2020-12-16 18:02:35,728 : episode: 443 score: 4285.7 100 games avg: 4285.7 steps 1000 
INFO : 2020-12-16 18:05:53,706 : episode: 444 score: 4303.9 100 games avg: 4303.9 steps 1000 
INFO : 2020-12-16 18:09:11,933 : episode: 445 score: 4351.5 100 games avg: 4351.5 steps 1000 
INFO : 2020-12-16 18:12:30,329 : episode: 446 score: 4281.0 100 games avg: 4281.0 steps 1000 
INFO : 2020-12-16 18:15:48,921 : episode: 447 score: 2750.0 100 games avg: 2750.0 steps 1000 
INFO : 2020-12-16 18:19:08,496 : episode: 448 score: 4227.1 100 games avg: 4227.1 steps 1000 
INFO : 2020-12-16 18:22:28,355 : episode: 449 score: 4326.1 100 games avg: 4326.1 steps 1000 
INFO : 2020-12-16 18:25:48,309 : episode: 450 score: 4362.9 100 games avg: 4362.9 steps 1000 
