INFO : 2021-01-21 02:18:34,118 : method: Soft-Actor Critic
INFO : 2021-01-21 02:18:34,119 : parameter n_steps: 100 ensemble_size: 5 env: HalfCheetah-v2
INFO : 2021-01-21 02:18:34,185 : mpc_function policy
INFO : 2021-01-21 02:18:34,186 : policy
INFO : 2021-01-21 02:18:59,767 : episode: 0 score: -102.2 100 games avg: -102.2 steps 1000 
INFO : 2021-01-21 02:19:29,124 : episode: 1 score: -245.1 100 games avg: -245.1 steps 1000 
INFO : 2021-01-21 02:19:58,718 : episode: 2 score: -55.0 100 games avg: -55.0 steps 1000 
INFO : 2021-01-21 02:20:28,509 : episode: 3 score: -6.9 100 games avg: -6.9 steps 1000 
INFO : 2021-01-21 02:20:58,321 : episode: 4 score: 16.7 100 games avg: 16.7 steps 1000 
INFO : 2021-01-21 02:21:29,724 : episode: 5 score: -140.6 100 games avg: -140.6 steps 1000 
INFO : 2021-01-21 02:22:02,076 : episode: 6 score: -172.5 100 games avg: -172.5 steps 1000 
INFO : 2021-01-21 02:22:34,598 : episode: 7 score: -190.4 100 games avg: -190.4 steps 1000 
INFO : 2021-01-21 02:23:04,640 : episode: 8 score: -208.6 100 games avg: -208.6 steps 1000 
INFO : 2021-01-21 02:23:35,189 : episode: 9 score: -252.4 100 games avg: -252.4 steps 1000 
INFO : 2021-01-21 02:24:05,491 : episode: 10 score: -170.5 100 games avg: -170.5 steps 1000 
INFO : 2021-01-21 02:24:37,060 : episode: 11 score: -211.3 100 games avg: -211.3 steps 1000 
INFO : 2021-01-21 02:25:07,767 : episode: 12 score: -144.0 100 games avg: -144.0 steps 1000 
INFO : 2021-01-21 02:25:38,509 : episode: 13 score: -146.7 100 games avg: -146.7 steps 1000 
INFO : 2021-01-21 02:26:08,329 : episode: 14 score: -204.4 100 games avg: -204.4 steps 1000 
INFO : 2021-01-21 02:26:38,391 : episode: 15 score: -120.4 100 games avg: -120.4 steps 1000 
INFO : 2021-01-21 02:27:09,705 : episode: 16 score: -140.9 100 games avg: -140.9 steps 1000 
INFO : 2021-01-21 02:27:39,668 : episode: 17 score: -8.1 100 games avg: -8.1 steps 1000 
INFO : 2021-01-21 02:28:09,747 : episode: 18 score: 217.0 100 games avg: 217.0 steps 1000 
INFO : 2021-01-21 02:28:39,668 : episode: 19 score: 212.1 100 games avg: 212.1 steps 1000 
INFO : 2021-01-21 02:29:09,891 : episode: 20 score: -75.1 100 games avg: -75.1 steps 1000 
INFO : 2021-01-21 02:29:40,210 : episode: 21 score: -14.2 100 games avg: -14.2 steps 1000 
INFO : 2021-01-21 02:30:10,151 : episode: 22 score: 351.3 100 games avg: 351.3 steps 1000 
INFO : 2021-01-21 02:30:40,315 : episode: 23 score: 53.4 100 games avg: 53.4 steps 1000 
INFO : 2021-01-21 02:31:10,495 : episode: 24 score: 636.5 100 games avg: 636.5 steps 1000 
INFO : 2021-01-21 02:31:40,450 : episode: 25 score: 111.5 100 games avg: 111.5 steps 1000 
INFO : 2021-01-21 02:32:10,762 : episode: 26 score: 102.9 100 games avg: 102.9 steps 1000 
INFO : 2021-01-21 02:32:41,037 : episode: 27 score: 753.6 100 games avg: 753.6 steps 1000 
INFO : 2021-01-21 02:33:11,030 : episode: 28 score: 417.6 100 games avg: 417.6 steps 1000 
INFO : 2021-01-21 02:33:41,090 : episode: 29 score: 902.4 100 games avg: 902.4 steps 1000 
INFO : 2021-01-21 02:34:10,967 : episode: 30 score: 1074.2 100 games avg: 1074.2 steps 1000 
INFO : 2021-01-21 02:34:41,181 : episode: 31 score: 1192.2 100 games avg: 1192.2 steps 1000 
INFO : 2021-01-21 02:35:11,310 : episode: 32 score: 1332.7 100 games avg: 1332.7 steps 1000 
INFO : 2021-01-21 02:35:41,983 : episode: 33 score: 1370.9 100 games avg: 1370.9 steps 1000 
INFO : 2021-01-21 02:36:12,423 : episode: 34 score: 1448.3 100 games avg: 1448.3 steps 1000 
INFO : 2021-01-21 02:36:43,705 : episode: 35 score: 306.6 100 games avg: 306.6 steps 1000 
INFO : 2021-01-21 02:37:15,583 : episode: 36 score: 280.4 100 games avg: 280.4 steps 1000 
INFO : 2021-01-21 02:37:47,621 : episode: 37 score: 1747.9 100 games avg: 1747.9 steps 1000 
INFO : 2021-01-21 02:38:19,206 : episode: 38 score: 1612.0 100 games avg: 1612.0 steps 1000 
INFO : 2021-01-21 02:38:51,102 : episode: 39 score: 1721.0 100 games avg: 1721.0 steps 1000 
INFO : 2021-01-21 02:39:21,889 : episode: 40 score: 1664.7 100 games avg: 1664.7 steps 1000 
INFO : 2021-01-21 02:39:51,938 : episode: 41 score: 549.9 100 games avg: 549.9 steps 1000 
INFO : 2021-01-21 02:40:25,319 : episode: 42 score: 1768.6 100 games avg: 1768.6 steps 1000 
INFO : 2021-01-21 02:40:57,198 : episode: 43 score: 1811.9 100 games avg: 1811.9 steps 1000 
INFO : 2021-01-21 02:41:27,178 : episode: 44 score: 1788.7 100 games avg: 1788.7 steps 1000 
INFO : 2021-01-21 02:41:57,101 : episode: 45 score: 1798.6 100 games avg: 1798.6 steps 1000 
INFO : 2021-01-21 02:42:26,962 : episode: 46 score: 2038.9 100 games avg: 2038.9 steps 1000 
INFO : 2021-01-21 02:42:56,541 : episode: 47 score: 1835.1 100 games avg: 1835.1 steps 1000 
INFO : 2021-01-21 02:43:25,902 : episode: 48 score: 1899.6 100 games avg: 1899.6 steps 1000 
INFO : 2021-01-21 02:44:03,574 : episode: 49 score: 1964.6 100 games avg: 1964.6 steps 1000 
INFO : 2021-01-21 02:44:33,462 : episode: 50 score: 1965.6 100 games avg: 1965.6 steps 1000 
INFO : 2021-01-21 02:45:02,843 : episode: 51 score: 1900.2 100 games avg: 1900.2 steps 1000 
INFO : 2021-01-21 02:45:32,799 : episode: 52 score: 2143.2 100 games avg: 2143.2 steps 1000 
INFO : 2021-01-21 02:46:04,278 : episode: 53 score: 2200.3 100 games avg: 2200.3 steps 1000 
INFO : 2021-01-21 02:46:37,249 : episode: 54 score: 2200.6 100 games avg: 2200.6 steps 1000 
INFO : 2021-01-21 02:47:08,619 : episode: 55 score: 2269.2 100 games avg: 2269.2 steps 1000 
INFO : 2021-01-21 02:47:39,760 : episode: 56 score: 2024.3 100 games avg: 2024.3 steps 1000 
INFO : 2021-01-21 02:48:10,149 : episode: 57 score: 2325.7 100 games avg: 2325.7 steps 1000 
INFO : 2021-01-21 02:48:40,111 : episode: 58 score: 2217.2 100 games avg: 2217.2 steps 1000 
INFO : 2021-01-21 02:49:11,733 : episode: 59 score: 2296.7 100 games avg: 2296.7 steps 1000 
INFO : 2021-01-21 02:49:43,985 : episode: 60 score: 2249.8 100 games avg: 2249.8 steps 1000 
INFO : 2021-01-21 02:50:14,683 : episode: 61 score: 2348.6 100 games avg: 2348.6 steps 1000 
INFO : 2021-01-21 02:50:47,230 : episode: 62 score: 2438.4 100 games avg: 2438.4 steps 1000 
INFO : 2021-01-21 02:51:18,610 : episode: 63 score: 2364.0 100 games avg: 2364.0 steps 1000 
INFO : 2021-01-21 02:51:49,758 : episode: 64 score: 2395.1 100 games avg: 2395.1 steps 1000 
INFO : 2021-01-21 02:52:21,376 : episode: 65 score: 2461.5 100 games avg: 2461.5 steps 1000 
INFO : 2021-01-21 02:52:52,180 : episode: 66 score: 2530.5 100 games avg: 2530.5 steps 1000 
INFO : 2021-01-21 02:53:22,733 : episode: 67 score: 2314.9 100 games avg: 2314.9 steps 1000 
INFO : 2021-01-21 02:53:53,258 : episode: 68 score: 2555.7 100 games avg: 2555.7 steps 1000 
INFO : 2021-01-21 02:54:24,336 : episode: 69 score: 2556.9 100 games avg: 2556.9 steps 1000 
INFO : 2021-01-21 02:54:55,907 : episode: 70 score: 2462.7 100 games avg: 2462.7 steps 1000 
INFO : 2021-01-21 02:55:27,409 : episode: 71 score: 2604.4 100 games avg: 2604.4 steps 1000 
INFO : 2021-01-21 02:55:57,583 : episode: 72 score: 2557.5 100 games avg: 2557.5 steps 1000 
INFO : 2021-01-21 02:56:28,019 : episode: 73 score: 2534.2 100 games avg: 2534.2 steps 1000 
INFO : 2021-01-21 02:56:58,634 : episode: 74 score: 2402.7 100 games avg: 2402.7 steps 1000 
INFO : 2021-01-21 02:57:29,343 : episode: 75 score: 2561.7 100 games avg: 2561.7 steps 1000 
INFO : 2021-01-21 02:57:59,607 : episode: 76 score: 2520.2 100 games avg: 2520.2 steps 1000 
INFO : 2021-01-21 02:58:31,881 : episode: 77 score: 2661.0 100 games avg: 2661.0 steps 1000 
INFO : 2021-01-21 02:59:03,105 : episode: 78 score: 2703.1 100 games avg: 2703.1 steps 1000 
INFO : 2021-01-21 02:59:36,408 : episode: 79 score: 2664.3 100 games avg: 2664.3 steps 1000 
INFO : 2021-01-21 03:00:09,407 : episode: 80 score: 2709.2 100 games avg: 2709.2 steps 1000 
INFO : 2021-01-21 03:00:40,223 : episode: 81 score: 2584.0 100 games avg: 2584.0 steps 1000 
INFO : 2021-01-21 03:01:11,264 : episode: 82 score: 2720.8 100 games avg: 2720.8 steps 1000 
INFO : 2021-01-21 03:01:42,487 : episode: 83 score: 2545.6 100 games avg: 2545.6 steps 1000 
INFO : 2021-01-21 03:02:14,254 : episode: 84 score: 2767.6 100 games avg: 2767.6 steps 1000 
INFO : 2021-01-21 03:02:48,572 : episode: 85 score: 2731.3 100 games avg: 2731.3 steps 1000 
INFO : 2021-01-21 03:03:19,892 : episode: 86 score: 2261.0 100 games avg: 2261.0 steps 1000 
INFO : 2021-01-21 03:03:51,101 : episode: 87 score: 2714.8 100 games avg: 2714.8 steps 1000 
INFO : 2021-01-21 03:04:23,638 : episode: 88 score: 2777.5 100 games avg: 2777.5 steps 1000 
INFO : 2021-01-21 03:04:55,480 : episode: 89 score: 2010.6 100 games avg: 2010.6 steps 1000 
INFO : 2021-01-21 03:05:26,395 : episode: 90 score: 2661.0 100 games avg: 2661.0 steps 1000 
INFO : 2021-01-21 03:05:57,302 : episode: 91 score: 2810.1 100 games avg: 2810.1 steps 1000 
INFO : 2021-01-21 03:06:27,972 : episode: 92 score: 2999.4 100 games avg: 2999.4 steps 1000 
INFO : 2021-01-21 03:06:58,498 : episode: 93 score: 2928.9 100 games avg: 2928.9 steps 1000 
INFO : 2021-01-21 03:07:29,205 : episode: 94 score: 2936.3 100 games avg: 2936.3 steps 1000 
INFO : 2021-01-21 03:08:01,916 : episode: 95 score: 2776.8 100 games avg: 2776.8 steps 1000 
INFO : 2021-01-21 03:08:32,543 : episode: 96 score: 2831.8 100 games avg: 2831.8 steps 1000 
INFO : 2021-01-21 03:09:03,110 : episode: 97 score: 2946.8 100 games avg: 2946.8 steps 1000 
INFO : 2021-01-21 03:09:33,861 : episode: 98 score: 2796.2 100 games avg: 2796.2 steps 1000 
INFO : 2021-01-21 03:10:04,495 : episode: 99 score: 2905.1 100 games avg: 2905.1 steps 1000 
