INFO : 2021-01-23 19:31:21,178 : method: Model Predictive Contorol
INFO : 2021-01-23 19:31:21,179 : parameter n_steps: 500 ensemble_size: 5 env: Hopper-v2
INFO : 2021-01-23 19:31:24,853 : mpc horizon: 30 mpc_samples: 100 elite_sample: 30 grad_steps: 10
INFO : 2021-01-23 19:31:24,854 : mpc_function policy
INFO : 2021-01-23 19:31:24,854 : policy
INFO : 2021-01-23 19:31:49,166 : episode: 0 score: 15.3 100 games avg: 15.3 steps 23 
INFO : 2021-01-23 19:32:07,247 : episode: 1 score: 12.3 100 games avg: 12.3 steps 17 
INFO : 2021-01-23 19:32:27,156 : episode: 2 score: 13.6 100 games avg: 13.6 steps 19 
INFO : 2021-01-23 19:32:48,471 : episode: 3 score: 14.3 100 games avg: 14.3 steps 20 
INFO : 2021-01-23 19:33:10,157 : episode: 4 score: 14.6 100 games avg: 14.6 steps 21 
INFO : 2021-01-23 19:33:35,031 : episode: 5 score: 15.4 100 games avg: 15.4 steps 23 
INFO : 2021-01-23 19:33:57,072 : episode: 6 score: 14.4 100 games avg: 14.4 steps 21 
INFO : 2021-01-23 19:34:17,712 : episode: 7 score: 14.1 100 games avg: 14.1 steps 20 
INFO : 2021-01-23 19:34:43,135 : episode: 8 score: 15.0 100 games avg: 15.0 steps 24 
INFO : 2021-01-23 19:35:07,214 : episode: 9 score: 15.0 100 games avg: 15.0 steps 23 
INFO : 2021-01-23 19:35:27,342 : episode: 10 score: 13.8 100 games avg: 13.8 steps 19 
INFO : 2021-01-23 19:35:48,309 : episode: 11 score: 14.2 100 games avg: 14.2 steps 20 
INFO : 2021-01-23 19:36:12,792 : episode: 12 score: 16.1 100 games avg: 16.1 steps 23 
INFO : 2021-01-23 19:36:29,062 : episode: 13 score: 8.6 100 games avg: 8.6 steps 15 
INFO : 2021-01-23 19:37:33,840 : episode: 14 score: 80.3 100 games avg: 80.3 steps 61 
INFO : 2021-01-23 19:37:47,091 : episode: 15 score: 10.0 100 games avg: 10.0 steps 12 
INFO : 2021-01-23 19:38:06,217 : episode: 16 score: 21.3 100 games avg: 21.3 steps 18 
INFO : 2021-01-23 19:38:17,190 : episode: 17 score: 7.5 100 games avg: 7.5 steps 10 
INFO : 2021-01-23 19:39:31,764 : episode: 18 score: 135.1 100 games avg: 135.1 steps 69 
INFO : 2021-01-23 19:39:58,397 : episode: 19 score: 38.6 100 games avg: 38.6 steps 25 
INFO : 2021-01-23 19:40:30,757 : episode: 20 score: 50.1 100 games avg: 50.1 steps 30 
INFO : 2021-01-23 19:40:59,675 : episode: 21 score: 45.3 100 games avg: 45.3 steps 27 
INFO : 2021-01-23 19:41:23,363 : episode: 22 score: 35.9 100 games avg: 35.9 steps 21 
INFO : 2021-01-23 19:41:51,231 : episode: 23 score: 42.5 100 games avg: 42.5 steps 25 
INFO : 2021-01-23 19:42:31,838 : episode: 24 score: 62.0 100 games avg: 62.0 steps 36 
INFO : 2021-01-23 19:43:00,286 : episode: 25 score: 43.0 100 games avg: 43.0 steps 25 
INFO : 2021-01-23 19:43:30,899 : episode: 26 score: 46.9 100 games avg: 46.9 steps 27 
INFO : 2021-01-23 19:44:33,739 : episode: 27 score: 97.9 100 games avg: 97.9 steps 56 
INFO : 2021-01-23 19:45:06,358 : episode: 28 score: 47.4 100 games avg: 47.4 steps 27 
INFO : 2021-01-23 19:45:43,862 : episode: 29 score: 57.4 100 games avg: 57.4 steps 33 
INFO : 2021-01-23 19:46:15,663 : episode: 30 score: 48.1 100 games avg: 48.1 steps 28 
INFO : 2021-01-23 19:46:54,414 : episode: 31 score: 60.4 100 games avg: 60.4 steps 34 
INFO : 2021-01-23 19:47:30,562 : episode: 32 score: 53.6 100 games avg: 53.6 steps 31 
INFO : 2021-01-23 19:48:18,325 : episode: 33 score: 74.9 100 games avg: 74.9 steps 43 
INFO : 2021-01-23 19:49:56,634 : episode: 34 score: 166.4 100 games avg: 166.4 steps 87 
INFO : 2021-01-23 19:51:22,746 : episode: 35 score: 149.1 100 games avg: 149.1 steps 76 
INFO : 2021-01-23 19:52:06,772 : episode: 36 score: 68.7 100 games avg: 68.7 steps 39 
INFO : 2021-01-23 19:52:47,241 : episode: 37 score: 63.5 100 games avg: 63.5 steps 36 
INFO : 2021-01-23 19:53:39,286 : episode: 38 score: 80.8 100 games avg: 80.8 steps 46 
INFO : 2021-01-23 19:54:39,517 : episode: 39 score: 92.4 100 games avg: 92.4 steps 53 
INFO : 2021-01-23 19:55:21,509 : episode: 40 score: 64.4 100 games avg: 64.4 steps 37 
INFO : 2021-01-23 19:56:43,685 : episode: 41 score: 136.5 100 games avg: 136.5 steps 72 
INFO : 2021-01-23 19:58:14,887 : episode: 42 score: 152.0 100 games avg: 152.0 steps 80 
INFO : 2021-01-23 19:59:49,392 : episode: 43 score: 166.0 100 games avg: 166.0 steps 83 
INFO : 2021-01-23 20:01:13,938 : episode: 44 score: 140.8 100 games avg: 140.8 steps 76 
INFO : 2021-01-23 20:01:52,440 : episode: 45 score: 58.5 100 games avg: 58.5 steps 33 
INFO : 2021-01-23 20:03:41,085 : episode: 46 score: 219.9 100 games avg: 219.9 steps 97 
INFO : 2021-01-23 20:05:11,914 : episode: 47 score: 147.8 100 games avg: 147.8 steps 80 
INFO : 2021-01-23 20:06:26,103 : episode: 48 score: 129.1 100 games avg: 129.1 steps 67 
INFO : 2021-01-23 20:07:55,621 : episode: 49 score: 149.1 100 games avg: 149.1 steps 82 
INFO : 2021-01-23 20:09:10,773 : episode: 50 score: 120.7 100 games avg: 120.7 steps 68 
INFO : 2021-01-23 20:10:31,209 : episode: 51 score: 127.4 100 games avg: 127.4 steps 71 
INFO : 2021-01-23 20:11:42,430 : episode: 52 score: 112.5 100 games avg: 112.5 steps 64 
INFO : 2021-01-23 20:12:54,452 : episode: 53 score: 113.6 100 games avg: 113.6 steps 65 
INFO : 2021-01-23 20:14:16,795 : episode: 54 score: 134.5 100 games avg: 134.5 steps 74 
INFO : 2021-01-23 20:15:30,598 : episode: 55 score: 116.9 100 games avg: 116.9 steps 66 
INFO : 2021-01-23 20:16:41,669 : episode: 56 score: 113.6 100 games avg: 113.6 steps 64 
INFO : 2021-01-23 20:18:10,279 : episode: 57 score: 146.0 100 games avg: 146.0 steps 79 
INFO : 2021-01-23 20:19:28,363 : episode: 58 score: 124.3 100 games avg: 124.3 steps 70 
INFO : 2021-01-23 20:20:49,126 : episode: 59 score: 131.1 100 games avg: 131.1 steps 72 
INFO : 2021-01-23 20:22:17,643 : episode: 60 score: 149.6 100 games avg: 149.6 steps 80 
INFO : 2021-01-23 20:23:46,145 : episode: 61 score: 153.0 100 games avg: 153.0 steps 80 
INFO : 2021-01-23 20:25:20,378 : episode: 62 score: 161.0 100 games avg: 161.0 steps 84 
INFO : 2021-01-23 20:26:52,787 : episode: 63 score: 158.0 100 games avg: 158.0 steps 82 
INFO : 2021-01-23 20:28:27,806 : episode: 64 score: 163.0 100 games avg: 163.0 steps 85 
INFO : 2021-01-23 20:30:04,419 : episode: 65 score: 166.5 100 games avg: 166.5 steps 87 
INFO : 2021-01-23 20:31:43,203 : episode: 66 score: 171.5 100 games avg: 171.5 steps 89 
INFO : 2021-01-23 20:33:22,612 : episode: 67 score: 173.6 100 games avg: 173.6 steps 88 
INFO : 2021-01-23 20:34:52,678 : episode: 68 score: 156.8 100 games avg: 156.8 steps 82 
INFO : 2021-01-23 20:36:34,332 : episode: 69 score: 180.9 100 games avg: 180.9 steps 90 
INFO : 2021-01-23 20:38:11,845 : episode: 70 score: 174.2 100 games avg: 174.2 steps 87 
INFO : 2021-01-23 20:39:50,804 : episode: 71 score: 187.8 100 games avg: 187.8 steps 88 
INFO : 2021-01-23 20:41:30,584 : episode: 72 score: 181.2 100 games avg: 181.2 steps 89 
INFO : 2021-01-23 20:43:07,157 : episode: 73 score: 173.3 100 games avg: 173.3 steps 87 
INFO : 2021-01-23 20:44:43,860 : episode: 74 score: 167.6 100 games avg: 167.6 steps 86 
INFO : 2021-01-23 20:46:24,477 : episode: 75 score: 185.8 100 games avg: 185.8 steps 90 
INFO : 2021-01-23 20:48:17,539 : episode: 76 score: 193.6 100 games avg: 193.6 steps 101 
INFO : 2021-01-23 20:49:52,703 : episode: 77 score: 162.6 100 games avg: 162.6 steps 85 
INFO : 2021-01-23 20:51:34,265 : episode: 78 score: 183.4 100 games avg: 183.4 steps 90 
INFO : 2021-01-23 20:53:15,839 : episode: 79 score: 191.7 100 games avg: 191.7 steps 90 
INFO : 2021-01-23 20:54:57,830 : episode: 80 score: 187.9 100 games avg: 187.9 steps 91 
INFO : 2021-01-23 20:56:46,340 : episode: 81 score: 186.1 100 games avg: 186.1 steps 95 
INFO : 2021-01-23 20:58:33,572 : episode: 82 score: 186.0 100 games avg: 186.0 steps 96 
INFO : 2021-01-23 21:00:11,401 : episode: 83 score: 176.4 100 games avg: 176.4 steps 86 
INFO : 2021-01-23 21:02:00,340 : episode: 84 score: 187.7 100 games avg: 187.7 steps 96 
INFO : 2021-01-23 21:03:37,874 : episode: 85 score: 186.5 100 games avg: 186.5 steps 86 
INFO : 2021-01-23 21:05:15,948 : episode: 86 score: 182.2 100 games avg: 182.2 steps 86 
INFO : 2021-01-23 21:06:56,083 : episode: 87 score: 171.3 100 games avg: 171.3 steps 87 
INFO : 2021-01-23 21:08:32,884 : episode: 88 score: 182.9 100 games avg: 182.9 steps 85 
INFO : 2021-01-23 21:10:11,462 : episode: 89 score: 191.4 100 games avg: 191.4 steps 86 
INFO : 2021-01-23 21:11:45,777 : episode: 90 score: 172.0 100 games avg: 172.0 steps 82 
INFO : 2021-01-23 21:13:40,481 : episode: 91 score: 205.3 100 games avg: 205.3 steps 102 
INFO : 2021-01-23 21:14:52,160 : episode: 92 score: 107.2 100 games avg: 107.2 steps 62 
INFO : 2021-01-23 21:16:48,951 : episode: 93 score: 192.1 100 games avg: 192.1 steps 103 
INFO : 2021-01-23 21:18:27,242 : episode: 94 score: 181.9 100 games avg: 181.9 steps 85 
INFO : 2021-01-23 21:20:23,092 : episode: 95 score: 205.6 100 games avg: 205.6 steps 100 
INFO : 2021-01-23 21:21:58,911 : episode: 96 score: 182.3 100 games avg: 182.3 steps 83 
INFO : 2021-01-23 21:23:54,539 : episode: 97 score: 197.3 100 games avg: 197.3 steps 100 
INFO : 2021-01-23 21:25:44,206 : episode: 98 score: 184.1 100 games avg: 184.1 steps 96 
INFO : 2021-01-23 21:27:26,675 : episode: 99 score: 185.0 100 games avg: 185.0 steps 89 
INFO : 2021-01-23 21:29:18,029 : episode: 100 score: 192.8 100 games avg: 192.8 steps 99 
INFO : 2021-01-23 21:30:54,169 : episode: 101 score: 178.4 100 games avg: 178.4 steps 84 
INFO : 2021-01-23 21:32:34,923 : episode: 102 score: 167.0 100 games avg: 167.0 steps 87 
INFO : 2021-01-23 21:34:17,189 : episode: 103 score: 181.7 100 games avg: 181.7 steps 88 
INFO : 2021-01-23 21:36:04,223 : episode: 104 score: 176.0 100 games avg: 176.0 steps 93 
INFO : 2021-01-23 21:37:45,766 : episode: 105 score: 180.3 100 games avg: 180.3 steps 89 
INFO : 2021-01-23 21:39:39,062 : episode: 106 score: 190.7 100 games avg: 190.7 steps 100 
INFO : 2021-01-23 21:41:23,884 : episode: 107 score: 181.5 100 games avg: 181.5 steps 91 
INFO : 2021-01-23 21:43:15,695 : episode: 108 score: 186.8 100 games avg: 186.8 steps 97 
INFO : 2021-01-23 21:45:04,051 : episode: 109 score: 185.9 100 games avg: 185.9 steps 96 
INFO : 2021-01-23 21:46:35,942 : episode: 110 score: 151.3 100 games avg: 151.3 steps 80 
INFO : 2021-01-23 21:48:21,024 : episode: 111 score: 178.0 100 games avg: 178.0 steps 92 
INFO : 2021-01-23 21:50:02,011 : episode: 112 score: 179.5 100 games avg: 179.5 steps 88 
INFO : 2021-01-23 21:51:45,214 : episode: 113 score: 189.0 100 games avg: 189.0 steps 90 
INFO : 2021-01-23 21:53:23,414 : episode: 114 score: 164.7 100 games avg: 164.7 steps 85 
INFO : 2021-01-23 21:55:03,302 : episode: 115 score: 168.2 100 games avg: 168.2 steps 87 
INFO : 2021-01-23 21:56:57,319 : episode: 116 score: 194.4 100 games avg: 194.4 steps 97 
INFO : 2021-01-23 21:58:48,455 : episode: 117 score: 191.2 100 games avg: 191.2 steps 90 
INFO : 2021-01-23 22:00:26,337 : episode: 118 score: 163.2 100 games avg: 163.2 steps 81 
INFO : 2021-01-23 22:02:45,048 : episode: 119 score: 249.8 100 games avg: 249.8 steps 122 
INFO : 2021-01-23 22:04:24,326 : episode: 120 score: 168.7 100 games avg: 168.7 steps 87 
INFO : 2021-01-23 22:05:33,406 : episode: 121 score: 91.1 100 games avg: 91.1 steps 60 
INFO : 2021-01-23 22:07:02,530 : episode: 122 score: 146.5 100 games avg: 146.5 steps 77 
INFO : 2021-01-23 22:08:07,087 : episode: 123 score: 79.0 100 games avg: 79.0 steps 53 
INFO : 2021-01-23 22:09:54,999 : episode: 124 score: 187.2 100 games avg: 187.2 steps 95 
INFO : 2021-01-23 22:11:16,267 : episode: 125 score: 128.9 100 games avg: 128.9 steps 70 
INFO : 2021-01-23 22:12:41,994 : episode: 126 score: 143.3 100 games avg: 143.3 steps 74 
INFO : 2021-01-23 22:14:16,661 : episode: 127 score: 157.3 100 games avg: 157.3 steps 80 
INFO : 2021-01-23 22:16:49,532 : episode: 128 score: 360.4 100 games avg: 360.4 steps 134 
INFO : 2021-01-23 22:19:12,023 : episode: 129 score: 295.0 100 games avg: 295.0 steps 126 
INFO : 2021-01-23 22:20:33,424 : episode: 130 score: 131.4 100 games avg: 131.4 steps 71 
INFO : 2021-01-23 22:22:09,629 : episode: 131 score: 162.2 100 games avg: 162.2 steps 84 
INFO : 2021-01-23 22:23:52,798 : episode: 132 score: 183.3 100 games avg: 183.3 steps 90 
INFO : 2021-01-23 22:25:28,555 : episode: 133 score: 159.2 100 games avg: 159.2 steps 81 
INFO : 2021-01-23 22:27:47,722 : episode: 134 score: 289.2 100 games avg: 289.2 steps 124 
INFO : 2021-01-23 22:31:17,733 : episode: 135 score: 394.1 100 games avg: 394.1 steps 188 
INFO : 2021-01-23 22:32:52,046 : episode: 136 score: 163.5 100 games avg: 163.5 steps 80 
INFO : 2021-01-23 22:34:22,134 : episode: 137 score: 141.8 100 games avg: 141.8 steps 75 
INFO : 2021-01-23 22:36:01,318 : episode: 138 score: 173.0 100 games avg: 173.0 steps 84 
INFO : 2021-01-23 22:37:39,708 : episode: 139 score: 158.6 100 games avg: 158.6 steps 83 
INFO : 2021-01-23 22:39:17,990 : episode: 140 score: 163.9 100 games avg: 163.9 steps 83 
INFO : 2021-01-23 22:40:50,006 : episode: 141 score: 148.5 100 games avg: 148.5 steps 78 
INFO : 2021-01-23 22:43:07,230 : episode: 142 score: 296.8 100 games avg: 296.8 steps 117 
INFO : 2021-01-23 22:44:37,334 : episode: 143 score: 146.4 100 games avg: 146.4 steps 77 
INFO : 2021-01-23 22:46:18,058 : episode: 144 score: 172.7 100 games avg: 172.7 steps 85 
INFO : 2021-01-23 22:47:51,724 : episode: 145 score: 153.9 100 games avg: 153.9 steps 79 
INFO : 2021-01-23 22:49:19,878 : episode: 146 score: 130.8 100 games avg: 130.8 steps 73 
INFO : 2021-01-23 22:51:07,881 : episode: 147 score: 186.4 100 games avg: 186.4 steps 92 
INFO : 2021-01-23 22:52:52,128 : episode: 148 score: 177.3 100 games avg: 177.3 steps 87 
INFO : 2021-01-23 22:54:14,564 : episode: 149 score: 109.5 100 games avg: 109.5 steps 68 
INFO : 2021-01-23 22:56:18,063 : episode: 150 score: 212.4 100 games avg: 212.4 steps 105 
INFO : 2021-01-23 22:58:10,293 : episode: 151 score: 190.2 100 games avg: 190.2 steps 95 
INFO : 2021-01-23 23:00:09,293 : episode: 152 score: 205.9 100 games avg: 205.9 steps 101 
INFO : 2021-01-23 23:01:42,389 : episode: 153 score: 150.1 100 games avg: 150.1 steps 77 
INFO : 2021-01-23 23:04:04,615 : episode: 154 score: 254.0 100 games avg: 254.0 steps 122 
INFO : 2021-01-23 23:06:28,223 : episode: 155 score: 282.5 100 games avg: 282.5 steps 122 
INFO : 2021-01-23 23:08:34,475 : episode: 156 score: 215.1 100 games avg: 215.1 steps 107 
INFO : 2021-01-23 23:10:32,294 : episode: 157 score: 198.1 100 games avg: 198.1 steps 97 
INFO : 2021-01-23 23:12:52,543 : episode: 158 score: 236.1 100 games avg: 236.1 steps 114 
INFO : 2021-01-23 23:14:57,376 : episode: 159 score: 203.1 100 games avg: 203.1 steps 101 
INFO : 2021-01-23 23:17:21,628 : episode: 160 score: 230.0 100 games avg: 230.0 steps 116 
INFO : 2021-01-23 23:19:31,427 : episode: 161 score: 210.7 100 games avg: 210.7 steps 105 
INFO : 2021-01-23 23:22:01,095 : episode: 162 score: 265.9 100 games avg: 265.9 steps 121 
INFO : 2021-01-23 23:24:13,039 : episode: 163 score: 211.2 100 games avg: 211.2 steps 106 
INFO : 2021-01-23 23:26:14,757 : episode: 164 score: 185.7 100 games avg: 185.7 steps 98 
INFO : 2021-01-23 23:27:38,552 : episode: 165 score: 117.3 100 games avg: 117.3 steps 66 
INFO : 2021-01-23 23:30:06,561 : episode: 166 score: 288.6 100 games avg: 288.6 steps 119 
INFO : 2021-01-23 23:32:49,999 : episode: 167 score: 287.1 100 games avg: 287.1 steps 131 
INFO : 2021-01-23 23:35:18,646 : episode: 168 score: 271.1 100 games avg: 271.1 steps 118 
INFO : 2021-01-23 23:38:07,483 : episode: 169 score: 322.1 100 games avg: 322.1 steps 137 
INFO : 2021-01-23 23:40:50,673 : episode: 170 score: 308.7 100 games avg: 308.7 steps 132 
INFO : 2021-01-23 23:45:10,689 : episode: 171 score: 530.1 100 games avg: 530.1 steps 211 
INFO : 2021-01-23 23:47:00,446 : episode: 172 score: 170.8 100 games avg: 170.8 steps 87 
INFO : 2021-01-23 23:49:45,625 : episode: 173 score: 322.8 100 games avg: 322.8 steps 133 
INFO : 2021-01-23 23:52:26,466 : episode: 174 score: 324.6 100 games avg: 324.6 steps 128 
INFO : 2021-01-23 23:55:21,943 : episode: 175 score: 349.2 100 games avg: 349.2 steps 141 
INFO : 2021-01-23 23:57:45,322 : episode: 176 score: 290.2 100 games avg: 290.2 steps 115 
INFO : 2021-01-24 00:00:27,045 : episode: 177 score: 335.4 100 games avg: 335.4 steps 129 
INFO : 2021-01-24 00:02:51,914 : episode: 178 score: 254.2 100 games avg: 254.2 steps 116 
INFO : 2021-01-24 00:05:04,839 : episode: 179 score: 230.4 100 games avg: 230.4 steps 107 
INFO : 2021-01-24 00:07:19,420 : episode: 180 score: 226.6 100 games avg: 226.6 steps 108 
INFO : 2021-01-24 00:09:41,512 : episode: 181 score: 239.7 100 games avg: 239.7 steps 113 
INFO : 2021-01-24 00:12:41,064 : episode: 182 score: 322.2 100 games avg: 322.2 steps 139 
INFO : 2021-01-24 00:15:35,833 : episode: 183 score: 365.7 100 games avg: 365.7 steps 139 
INFO : 2021-01-24 00:18:32,241 : episode: 184 score: 329.4 100 games avg: 329.4 steps 141 
INFO : 2021-01-24 00:21:13,684 : episode: 185 score: 301.4 100 games avg: 301.4 steps 128 
INFO : 2021-01-24 00:24:12,119 : episode: 186 score: 316.0 100 games avg: 316.0 steps 142 
INFO : 2021-01-24 00:26:52,815 : episode: 187 score: 274.8 100 games avg: 274.8 steps 125 
INFO : 2021-01-24 00:29:37,029 : episode: 188 score: 303.2 100 games avg: 303.2 steps 130 
INFO : 2021-01-24 00:31:50,556 : episode: 189 score: 208.7 100 games avg: 208.7 steps 104 
INFO : 2021-01-24 00:34:42,029 : episode: 190 score: 304.7 100 games avg: 304.7 steps 135 
INFO : 2021-01-24 00:37:15,110 : episode: 191 score: 276.0 100 games avg: 276.0 steps 120 
INFO : 2021-01-24 00:40:00,176 : episode: 192 score: 350.5 100 games avg: 350.5 steps 130 
INFO : 2021-01-24 00:42:17,208 : episode: 193 score: 217.0 100 games avg: 217.0 steps 107 
INFO : 2021-01-24 00:44:03,465 : episode: 194 score: 158.8 100 games avg: 158.8 steps 82 
INFO : 2021-01-24 00:46:18,186 : episode: 195 score: 218.6 100 games avg: 218.6 steps 106 
INFO : 2021-01-24 00:48:48,215 : episode: 196 score: 242.0 100 games avg: 242.0 steps 118 
INFO : 2021-01-24 00:51:18,513 : episode: 197 score: 255.4 100 games avg: 255.4 steps 118 
INFO : 2021-01-24 00:53:58,900 : episode: 198 score: 320.2 100 games avg: 320.2 steps 129 
INFO : 2021-01-24 00:56:36,625 : episode: 199 score: 289.6 100 games avg: 289.6 steps 127 
INFO : 2021-01-24 00:59:13,616 : episode: 200 score: 245.2 100 games avg: 245.2 steps 123 
INFO : 2021-01-24 01:01:29,938 : episode: 201 score: 235.5 100 games avg: 235.5 steps 108 
INFO : 2021-01-24 01:04:18,194 : episode: 202 score: 283.8 100 games avg: 283.8 steps 135 
INFO : 2021-01-24 01:06:30,450 : episode: 203 score: 214.7 100 games avg: 214.7 steps 103 
INFO : 2021-01-24 01:08:36,375 : episode: 204 score: 205.2 100 games avg: 205.2 steps 99 
INFO : 2021-01-24 01:11:16,446 : episode: 205 score: 342.9 100 games avg: 342.9 steps 129 
INFO : 2021-01-24 01:13:55,807 : episode: 206 score: 280.3 100 games avg: 280.3 steps 127 
INFO : 2021-01-24 01:16:09,821 : episode: 207 score: 214.5 100 games avg: 214.5 steps 105 
INFO : 2021-01-24 01:18:26,066 : episode: 208 score: 224.9 100 games avg: 224.9 steps 108 
INFO : 2021-01-24 01:20:52,485 : episode: 209 score: 255.3 100 games avg: 255.3 steps 116 
INFO : 2021-01-24 01:23:27,933 : episode: 210 score: 240.4 100 games avg: 240.4 steps 118 
INFO : 2021-01-24 01:25:48,617 : episode: 211 score: 229.8 100 games avg: 229.8 steps 111 
INFO : 2021-01-24 01:28:06,918 : episode: 212 score: 226.5 100 games avg: 226.5 steps 108 
INFO : 2021-01-24 01:30:15,884 : episode: 213 score: 213.1 100 games avg: 213.1 steps 102 
INFO : 2021-01-24 01:32:35,290 : episode: 214 score: 228.2 100 games avg: 228.2 steps 109 
INFO : 2021-01-24 01:34:48,294 : episode: 215 score: 214.1 100 games avg: 214.1 steps 103 
INFO : 2021-01-24 01:37:00,055 : episode: 216 score: 214.0 100 games avg: 214.0 steps 103 
INFO : 2021-01-24 01:39:19,768 : episode: 217 score: 224.1 100 games avg: 224.1 steps 109 
INFO : 2021-01-24 01:41:41,023 : episode: 218 score: 225.0 100 games avg: 225.0 steps 108 
INFO : 2021-01-24 01:43:54,014 : episode: 219 score: 216.7 100 games avg: 216.7 steps 103 
INFO : 2021-01-24 01:45:54,054 : episode: 220 score: 177.5 100 games avg: 177.5 steps 93 
INFO : 2021-01-24 01:48:19,029 : episode: 221 score: 227.1 100 games avg: 227.1 steps 111 
INFO : 2021-01-24 01:50:23,192 : episode: 222 score: 179.6 100 games avg: 179.6 steps 93 
INFO : 2021-01-24 01:52:37,302 : episode: 223 score: 217.8 100 games avg: 217.8 steps 104 
INFO : 2021-01-24 01:54:40,728 : episode: 224 score: 175.6 100 games avg: 175.6 steps 93 
INFO : 2021-01-24 01:56:51,241 : episode: 225 score: 188.2 100 games avg: 188.2 steps 100 
INFO : 2021-01-24 01:59:09,254 : episode: 226 score: 200.6 100 games avg: 200.6 steps 106 
INFO : 2021-01-24 02:01:29,361 : episode: 227 score: 201.5 100 games avg: 201.5 steps 108 
INFO : 2021-01-24 02:03:50,929 : episode: 228 score: 221.5 100 games avg: 221.5 steps 108 
INFO : 2021-01-24 02:06:09,121 : episode: 229 score: 224.7 100 games avg: 224.7 steps 107 
INFO : 2021-01-24 02:08:19,806 : episode: 230 score: 189.0 100 games avg: 189.0 steps 98 
INFO : 2021-01-24 02:10:47,463 : episode: 231 score: 229.1 100 games avg: 229.1 steps 114 
INFO : 2021-01-24 02:13:25,807 : episode: 232 score: 251.8 100 games avg: 251.8 steps 122 
INFO : 2021-01-24 02:15:46,845 : episode: 233 score: 227.4 100 games avg: 227.4 steps 107 
INFO : 2021-01-24 02:18:54,120 : episode: 234 score: 345.0 100 games avg: 345.0 steps 145 
INFO : 2021-01-24 02:22:27,363 : episode: 235 score: 352.9 100 games avg: 352.9 steps 169 
INFO : 2021-01-24 02:25:24,720 : episode: 236 score: 281.9 100 games avg: 281.9 steps 139 
INFO : 2021-01-24 02:27:59,499 : episode: 237 score: 252.5 100 games avg: 252.5 steps 119 
INFO : 2021-01-24 02:30:53,632 : episode: 238 score: 314.7 100 games avg: 314.7 steps 134 
INFO : 2021-01-24 02:33:21,339 : episode: 239 score: 267.1 100 games avg: 267.1 steps 112 
INFO : 2021-01-24 02:35:49,284 : episode: 240 score: 243.9 100 games avg: 243.9 steps 111 
INFO : 2021-01-24 02:38:25,548 : episode: 241 score: 248.3 100 games avg: 248.3 steps 121 
INFO : 2021-01-24 02:41:20,215 : episode: 242 score: 354.3 100 games avg: 354.3 steps 136 
INFO : 2021-01-24 02:44:14,496 : episode: 243 score: 334.7 100 games avg: 334.7 steps 137 
INFO : 2021-01-24 02:46:54,913 : episode: 244 score: 263.9 100 games avg: 263.9 steps 125 
INFO : 2021-01-24 02:49:30,012 : episode: 245 score: 279.9 100 games avg: 279.9 steps 129 
INFO : 2021-01-24 02:51:40,084 : episode: 246 score: 284.4 100 games avg: 284.4 steps 116 
INFO : 2021-01-24 02:54:04,283 : episode: 247 score: 280.7 100 games avg: 280.7 steps 127 
INFO : 2021-01-24 02:56:21,534 : episode: 248 score: 276.6 100 games avg: 276.6 steps 119 
INFO : 2021-01-24 02:58:40,419 : episode: 249 score: 265.1 100 games avg: 265.1 steps 125 
INFO : 2021-01-24 03:00:59,711 : episode: 250 score: 266.5 100 games avg: 266.5 steps 121 
INFO : 2021-01-24 03:01:35,423 : episode: 251 score: 22.2 100 games avg: 22.2 steps 22 
INFO : 2021-01-24 03:03:55,061 : episode: 252 score: 267.6 100 games avg: 267.6 steps 124 
INFO : 2021-01-24 03:06:19,180 : episode: 253 score: 274.0 100 games avg: 274.0 steps 129 
INFO : 2021-01-24 03:08:29,946 : episode: 254 score: 247.8 100 games avg: 247.8 steps 117 
INFO : 2021-01-24 03:10:53,647 : episode: 255 score: 260.3 100 games avg: 260.3 steps 116 
INFO : 2021-01-24 03:13:29,847 : episode: 256 score: 259.3 100 games avg: 259.3 steps 121 
INFO : 2021-01-24 03:15:35,781 : episode: 257 score: 230.5 100 games avg: 230.5 steps 96 
INFO : 2021-01-24 03:18:08,463 : episode: 258 score: 254.2 100 games avg: 254.2 steps 115 
INFO : 2021-01-24 03:20:38,321 : episode: 259 score: 273.7 100 games avg: 273.7 steps 116 
INFO : 2021-01-24 03:23:06,249 : episode: 260 score: 255.5 100 games avg: 255.5 steps 114 
INFO : 2021-01-24 03:25:39,423 : episode: 261 score: 250.5 100 games avg: 250.5 steps 117 
INFO : 2021-01-24 03:28:17,144 : episode: 262 score: 268.6 100 games avg: 268.6 steps 122 
INFO : 2021-01-24 03:30:40,895 : episode: 263 score: 271.3 100 games avg: 271.3 steps 111 
INFO : 2021-01-24 03:33:26,770 : episode: 264 score: 287.6 100 games avg: 287.6 steps 129 
INFO : 2021-01-24 03:36:02,700 : episode: 265 score: 263.2 100 games avg: 263.2 steps 117 
INFO : 2021-01-24 03:38:47,722 : episode: 266 score: 274.7 100 games avg: 274.7 steps 126 
INFO : 2021-01-24 03:41:29,211 : episode: 267 score: 273.9 100 games avg: 273.9 steps 125 
INFO : 2021-01-24 03:43:59,785 : episode: 268 score: 247.3 100 games avg: 247.3 steps 115 
INFO : 2021-01-24 03:46:34,775 : episode: 269 score: 250.9 100 games avg: 250.9 steps 119 
INFO : 2021-01-24 03:49:11,215 : episode: 270 score: 263.8 100 games avg: 263.8 steps 120 
INFO : 2021-01-24 03:51:46,618 : episode: 271 score: 262.7 100 games avg: 262.7 steps 119 
INFO : 2021-01-24 03:54:37,241 : episode: 272 score: 282.9 100 games avg: 282.9 steps 129 
INFO : 2021-01-24 03:57:17,872 : episode: 273 score: 279.8 100 games avg: 279.8 steps 125 
INFO : 2021-01-24 03:59:58,328 : episode: 274 score: 273.7 100 games avg: 273.7 steps 123 
INFO : 2021-01-24 04:02:46,739 : episode: 275 score: 288.7 100 games avg: 288.7 steps 130 
INFO : 2021-01-24 04:05:28,344 : episode: 276 score: 277.3 100 games avg: 277.3 steps 124 
INFO : 2021-01-24 04:08:03,735 : episode: 277 score: 257.4 100 games avg: 257.4 steps 118 
INFO : 2021-01-24 04:10:39,733 : episode: 278 score: 261.9 100 games avg: 261.9 steps 117 
INFO : 2021-01-24 04:13:19,768 : episode: 279 score: 273.4 100 games avg: 273.4 steps 123 
INFO : 2021-01-24 04:14:48,916 : episode: 280 score: 109.3 100 games avg: 109.3 steps 62 
INFO : 2021-01-24 04:17:22,439 : episode: 281 score: 246.7 100 games avg: 246.7 steps 116 
INFO : 2021-01-24 04:18:53,015 : episode: 282 score: 111.4 100 games avg: 111.4 steps 63 
INFO : 2021-01-24 04:21:28,519 : episode: 283 score: 246.2 100 games avg: 246.2 steps 115 
INFO : 2021-01-24 04:22:55,095 : episode: 284 score: 104.1 100 games avg: 104.1 steps 60 
INFO : 2021-01-24 04:25:39,454 : episode: 285 score: 268.2 100 games avg: 268.2 steps 122 
INFO : 2021-01-24 04:28:21,912 : episode: 286 score: 269.8 100 games avg: 269.8 steps 122 
INFO : 2021-01-24 04:31:01,302 : episode: 287 score: 258.1 100 games avg: 258.1 steps 120 
INFO : 2021-01-24 04:33:36,663 : episode: 288 score: 240.3 100 games avg: 240.3 steps 116 
INFO : 2021-01-24 04:36:11,752 : episode: 289 score: 244.1 100 games avg: 244.1 steps 116 
INFO : 2021-01-24 04:38:50,279 : episode: 290 score: 267.8 100 games avg: 267.8 steps 121 
INFO : 2021-01-24 04:41:28,781 : episode: 291 score: 252.0 100 games avg: 252.0 steps 119 
INFO : 2021-01-24 04:44:02,290 : episode: 292 score: 241.1 100 games avg: 241.1 steps 114 
INFO : 2021-01-24 04:46:41,661 : episode: 293 score: 253.0 100 games avg: 253.0 steps 120 
INFO : 2021-01-24 04:49:13,653 : episode: 294 score: 239.5 100 games avg: 239.5 steps 115 
INFO : 2021-01-24 04:51:47,491 : episode: 295 score: 234.7 100 games avg: 234.7 steps 114 
INFO : 2021-01-24 04:54:24,916 : episode: 296 score: 253.7 100 games avg: 253.7 steps 119 
INFO : 2021-01-24 04:57:04,654 : episode: 297 score: 261.2 100 games avg: 261.2 steps 120 
INFO : 2021-01-24 04:59:48,828 : episode: 298 score: 256.0 100 games avg: 256.0 steps 121 
INFO : 2021-01-24 05:02:27,554 : episode: 299 score: 257.5 100 games avg: 257.5 steps 120 
INFO : 2021-01-24 05:05:00,791 : episode: 300 score: 250.1 100 games avg: 250.1 steps 116 
INFO : 2021-01-24 05:07:39,576 : episode: 301 score: 251.3 100 games avg: 251.3 steps 119 
INFO : 2021-01-24 05:10:18,101 : episode: 302 score: 251.6 100 games avg: 251.6 steps 119 
INFO : 2021-01-24 05:12:58,813 : episode: 303 score: 260.7 100 games avg: 260.7 steps 122 
INFO : 2021-01-24 05:15:36,696 : episode: 304 score: 246.7 100 games avg: 246.7 steps 116 
INFO : 2021-01-24 05:18:21,030 : episode: 305 score: 264.2 100 games avg: 264.2 steps 124 
INFO : 2021-01-24 05:21:12,320 : episode: 306 score: 267.0 100 games avg: 267.0 steps 128 
INFO : 2021-01-24 05:23:44,842 : episode: 307 score: 242.5 100 games avg: 242.5 steps 114 
INFO : 2021-01-24 05:26:30,591 : episode: 308 score: 267.2 100 games avg: 267.2 steps 125 
INFO : 2021-01-24 05:29:20,867 : episode: 309 score: 269.5 100 games avg: 269.5 steps 127 
INFO : 2021-01-24 05:31:57,457 : episode: 310 score: 247.4 100 games avg: 247.4 steps 117 
INFO : 2021-01-24 05:34:38,840 : episode: 311 score: 259.9 100 games avg: 259.9 steps 121 
INFO : 2021-01-24 05:37:20,125 : episode: 312 score: 252.7 100 games avg: 252.7 steps 120 
INFO : 2021-01-24 05:40:00,472 : episode: 313 score: 254.5 100 games avg: 254.5 steps 120 
INFO : 2021-01-24 05:42:27,798 : episode: 314 score: 224.1 100 games avg: 224.1 steps 108 
INFO : 2021-01-24 05:45:08,383 : episode: 315 score: 251.9 100 games avg: 251.9 steps 119 
INFO : 2021-01-24 05:47:54,166 : episode: 316 score: 259.0 100 games avg: 259.0 steps 123 
INFO : 2021-01-24 05:50:33,911 : episode: 317 score: 246.1 100 games avg: 246.1 steps 117 
INFO : 2021-01-24 05:53:17,276 : episode: 318 score: 262.5 100 games avg: 262.5 steps 123 
INFO : 2021-01-24 05:55:52,661 : episode: 319 score: 243.8 100 games avg: 243.8 steps 115 
INFO : 2021-01-24 05:58:35,100 : episode: 320 score: 255.1 100 games avg: 255.1 steps 120 
INFO : 2021-01-24 06:01:03,800 : episode: 321 score: 232.4 100 games avg: 232.4 steps 110 
INFO : 2021-01-24 06:03:49,085 : episode: 322 score: 262.0 100 games avg: 262.0 steps 124 
INFO : 2021-01-24 06:06:35,197 : episode: 323 score: 266.9 100 games avg: 266.9 steps 122 
INFO : 2021-01-24 06:09:16,120 : episode: 324 score: 258.2 100 games avg: 258.2 steps 122 
INFO : 2021-01-24 06:12:04,998 : episode: 325 score: 272.6 100 games avg: 272.6 steps 129 
INFO : 2021-01-24 06:14:45,220 : episode: 326 score: 254.6 100 games avg: 254.6 steps 118 
INFO : 2021-01-24 06:17:38,203 : episode: 327 score: 272.1 100 games avg: 272.1 steps 129 
INFO : 2021-01-24 06:20:28,727 : episode: 328 score: 276.0 100 games avg: 276.0 steps 128 
INFO : 2021-01-24 06:23:19,728 : episode: 329 score: 271.5 100 games avg: 271.5 steps 126 
INFO : 2021-01-24 06:26:03,762 : episode: 330 score: 267.2 100 games avg: 267.2 steps 123 
INFO : 2021-01-24 06:28:56,285 : episode: 331 score: 276.4 100 games avg: 276.4 steps 128 
INFO : 2021-01-24 06:31:42,106 : episode: 332 score: 270.5 100 games avg: 270.5 steps 125 
INFO : 2021-01-24 06:34:34,456 : episode: 333 score: 271.2 100 games avg: 271.2 steps 129 
INFO : 2021-01-24 06:37:30,047 : episode: 334 score: 278.4 100 games avg: 278.4 steps 129 
INFO : 2021-01-24 06:40:28,439 : episode: 335 score: 281.7 100 games avg: 281.7 steps 135 
INFO : 2021-01-24 06:43:23,946 : episode: 336 score: 279.5 100 games avg: 279.5 steps 130 
INFO : 2021-01-24 06:44:51,451 : episode: 337 score: 101.7 100 games avg: 101.7 steps 59 
INFO : 2021-01-24 06:47:40,662 : episode: 338 score: 271.0 100 games avg: 271.0 steps 125 
INFO : 2021-01-24 06:50:36,679 : episode: 339 score: 281.1 100 games avg: 281.1 steps 131 
INFO : 2021-01-24 06:53:18,619 : episode: 340 score: 268.6 100 games avg: 268.6 steps 122 
INFO : 2021-01-24 06:56:01,108 : episode: 341 score: 267.6 100 games avg: 267.6 steps 121 
INFO : 2021-01-24 06:58:50,476 : episode: 342 score: 275.0 100 games avg: 275.0 steps 126 
INFO : 2021-01-24 07:01:34,092 : episode: 343 score: 265.6 100 games avg: 265.6 steps 120 
INFO : 2021-01-24 07:04:27,041 : episode: 344 score: 270.4 100 games avg: 270.4 steps 129 
INFO : 2021-01-24 07:07:10,007 : episode: 345 score: 247.8 100 games avg: 247.8 steps 119 
INFO : 2021-01-24 07:09:50,769 : episode: 346 score: 246.9 100 games avg: 246.9 steps 117 
INFO : 2021-01-24 07:12:35,629 : episode: 347 score: 253.7 100 games avg: 253.7 steps 120 
INFO : 2021-01-24 07:15:24,952 : episode: 348 score: 253.6 100 games avg: 253.6 steps 125 
INFO : 2021-01-24 07:18:09,019 : episode: 349 score: 243.8 100 games avg: 243.8 steps 118 
INFO : 2021-01-24 07:20:56,370 : episode: 350 score: 266.6 100 games avg: 266.6 steps 123 
INFO : 2021-01-24 07:23:39,920 : episode: 351 score: 249.1 100 games avg: 249.1 steps 120 
INFO : 2021-01-24 07:26:32,706 : episode: 352 score: 260.2 100 games avg: 260.2 steps 124 
INFO : 2021-01-24 07:29:21,211 : episode: 353 score: 252.7 100 games avg: 252.7 steps 122 
INFO : 2021-01-24 07:32:10,674 : episode: 354 score: 260.1 100 games avg: 260.1 steps 126 
INFO : 2021-01-24 07:34:53,574 : episode: 355 score: 255.7 100 games avg: 255.7 steps 120 
INFO : 2021-01-24 07:36:23,183 : episode: 356 score: 97.0 100 games avg: 97.0 steps 56 
INFO : 2021-01-24 07:39:08,068 : episode: 357 score: 255.3 100 games avg: 255.3 steps 123 
INFO : 2021-01-24 07:41:59,516 : episode: 358 score: 260.9 100 games avg: 260.9 steps 125 
INFO : 2021-01-24 07:44:48,758 : episode: 359 score: 260.4 100 games avg: 260.4 steps 122 
INFO : 2021-01-24 07:47:40,817 : episode: 360 score: 264.5 100 games avg: 264.5 steps 126 
INFO : 2021-01-24 07:50:12,497 : episode: 361 score: 239.1 100 games avg: 239.1 steps 109 
INFO : 2021-01-24 07:53:03,517 : episode: 362 score: 271.0 100 games avg: 271.0 steps 122 
INFO : 2021-01-24 07:55:47,096 : episode: 363 score: 264.0 100 games avg: 264.0 steps 120 
INFO : 2021-01-24 07:58:24,266 : episode: 364 score: 241.1 100 games avg: 241.1 steps 112 
INFO : 2021-01-24 08:00:57,618 : episode: 365 score: 250.8 100 games avg: 250.8 steps 108 
INFO : 2021-01-24 08:03:47,574 : episode: 366 score: 286.7 100 games avg: 286.7 steps 115 
INFO : 2021-01-24 08:06:03,048 : episode: 367 score: 237.7 100 games avg: 237.7 steps 97 
INFO : 2021-01-24 08:08:32,200 : episode: 368 score: 266.0 100 games avg: 266.0 steps 108 
INFO : 2021-01-24 08:11:30,570 : episode: 369 score: 260.8 100 games avg: 260.8 steps 125 
INFO : 2021-01-24 08:14:04,063 : episode: 370 score: 247.6 100 games avg: 247.6 steps 110 
INFO : 2021-01-24 08:16:41,439 : episode: 371 score: 251.1 100 games avg: 251.1 steps 111 
INFO : 2021-01-24 08:19:19,404 : episode: 372 score: 231.4 100 games avg: 231.4 steps 113 
INFO : 2021-01-24 08:21:43,377 : episode: 373 score: 226.2 100 games avg: 226.2 steps 103 
INFO : 2021-01-24 08:24:20,503 : episode: 374 score: 230.7 100 games avg: 230.7 steps 112 
INFO : 2021-01-24 08:26:49,035 : episode: 375 score: 212.4 100 games avg: 212.4 steps 108 
INFO : 2021-01-24 08:29:13,560 : episode: 376 score: 205.1 100 games avg: 205.1 steps 104 
INFO : 2021-01-24 08:31:36,732 : episode: 377 score: 222.4 100 games avg: 222.4 steps 100 
INFO : 2021-01-24 08:33:53,740 : episode: 378 score: 218.9 100 games avg: 218.9 steps 98 
INFO : 2021-01-24 08:36:19,654 : episode: 379 score: 228.8 100 games avg: 228.8 steps 103 
INFO : 2021-01-24 08:38:00,975 : episode: 380 score: 110.6 100 games avg: 110.6 steps 63 
INFO : 2021-01-24 08:40:36,146 : episode: 381 score: 231.9 100 games avg: 231.9 steps 115 
INFO : 2021-01-24 08:43:28,691 : episode: 382 score: 274.9 100 games avg: 274.9 steps 128 
INFO : 2021-01-24 08:46:04,981 : episode: 383 score: 215.0 100 games avg: 215.0 steps 109 
INFO : 2021-01-24 08:48:32,665 : episode: 384 score: 209.6 100 games avg: 209.6 steps 106 
INFO : 2021-01-24 08:50:49,756 : episode: 385 score: 204.2 100 games avg: 204.2 steps 97 
INFO : 2021-01-24 08:53:18,615 : episode: 386 score: 200.3 100 games avg: 200.3 steps 102 
INFO : 2021-01-24 08:55:37,622 : episode: 387 score: 213.8 100 games avg: 213.8 steps 99 
INFO : 2021-01-24 08:58:05,866 : episode: 388 score: 214.3 100 games avg: 214.3 steps 106 
INFO : 2021-01-24 09:00:39,934 : episode: 389 score: 218.6 100 games avg: 218.6 steps 107 
INFO : 2021-01-24 09:03:18,230 : episode: 390 score: 220.6 100 games avg: 220.6 steps 110 
INFO : 2021-01-24 09:06:03,712 : episode: 391 score: 245.6 100 games avg: 245.6 steps 121 
INFO : 2021-01-24 09:08:45,366 : episode: 392 score: 244.3 100 games avg: 244.3 steps 115 
INFO : 2021-01-24 09:10:14,633 : episode: 393 score: 97.8 100 games avg: 97.8 steps 56 
INFO : 2021-01-24 09:11:48,448 : episode: 394 score: 101.2 100 games avg: 101.2 steps 59 
INFO : 2021-01-24 09:14:31,569 : episode: 395 score: 252.8 100 games avg: 252.8 steps 116 
INFO : 2021-01-24 09:17:05,541 : episode: 396 score: 227.8 100 games avg: 227.8 steps 110 
INFO : 2021-01-24 09:20:16,142 : episode: 397 score: 319.1 100 games avg: 319.1 steps 138 
INFO : 2021-01-24 09:23:08,787 : episode: 398 score: 283.9 100 games avg: 283.9 steps 127 
INFO : 2021-01-24 09:26:19,668 : episode: 399 score: 317.3 100 games avg: 317.3 steps 134 
INFO : 2021-01-24 09:29:29,907 : episode: 400 score: 333.5 100 games avg: 333.5 steps 142 
INFO : 2021-01-24 09:32:58,017 : episode: 401 score: 380.8 100 games avg: 380.8 steps 151 
INFO : 2021-01-24 09:36:02,703 : episode: 402 score: 346.1 100 games avg: 346.1 steps 137 
INFO : 2021-01-24 09:39:12,310 : episode: 403 score: 344.6 100 games avg: 344.6 steps 140 
INFO : 2021-01-24 09:42:36,872 : episode: 404 score: 358.1 100 games avg: 358.1 steps 144 
INFO : 2021-01-24 09:45:50,436 : episode: 405 score: 333.3 100 games avg: 333.3 steps 138 
INFO : 2021-01-24 09:48:40,230 : episode: 406 score: 293.2 100 games avg: 293.2 steps 125 
INFO : 2021-01-24 09:52:52,213 : episode: 407 score: 557.8 100 games avg: 557.8 steps 192 
INFO : 2021-01-24 09:56:11,195 : episode: 408 score: 371.1 100 games avg: 371.1 steps 145 
INFO : 2021-01-24 10:01:09,613 : episode: 409 score: 554.1 100 games avg: 554.1 steps 223 
INFO : 2021-01-24 10:04:30,191 : episode: 410 score: 358.2 100 games avg: 358.2 steps 145 
INFO : 2021-01-24 10:08:44,098 : episode: 411 score: 523.6 100 games avg: 523.6 steps 194 
INFO : 2021-01-24 10:13:06,636 : episode: 412 score: 550.1 100 games avg: 550.1 steps 197 
INFO : 2021-01-24 10:17:49,065 : episode: 413 score: 598.8 100 games avg: 598.8 steps 210 
INFO : 2021-01-24 10:21:54,660 : episode: 414 score: 486.0 100 games avg: 486.0 steps 187 
INFO : 2021-01-24 10:26:02,683 : episode: 415 score: 492.6 100 games avg: 492.6 steps 182 
INFO : 2021-01-24 10:28:57,694 : episode: 416 score: 270.3 100 games avg: 270.3 steps 126 
INFO : 2021-01-24 10:31:52,305 : episode: 417 score: 293.1 100 games avg: 293.1 steps 124 
INFO : 2021-01-24 10:35:20,147 : episode: 418 score: 337.1 100 games avg: 337.1 steps 140 
INFO : 2021-01-24 10:38:40,650 : episode: 419 score: 367.2 100 games avg: 367.2 steps 148 
INFO : 2021-01-24 10:42:30,667 : episode: 420 score: 447.7 100 games avg: 447.7 steps 170 
INFO : 2021-01-24 10:46:36,438 : episode: 421 score: 467.6 100 games avg: 467.6 steps 176 
INFO : 2021-01-24 10:49:29,401 : episode: 422 score: 276.6 100 games avg: 276.6 steps 124 
INFO : 2021-01-24 10:53:32,913 : episode: 423 score: 465.8 100 games avg: 465.8 steps 176 
INFO : 2021-01-24 10:57:27,629 : episode: 424 score: 437.6 100 games avg: 437.6 steps 169 
INFO : 2021-01-24 11:00:05,030 : episode: 425 score: 232.9 100 games avg: 232.9 steps 112 
INFO : 2021-01-24 11:03:55,316 : episode: 426 score: 412.8 100 games avg: 412.8 steps 159 
INFO : 2021-01-24 11:08:04,244 : episode: 427 score: 435.8 100 games avg: 435.8 steps 177 
INFO : 2021-01-24 11:11:30,059 : episode: 428 score: 377.6 100 games avg: 377.6 steps 151 
INFO : 2021-01-24 11:14:15,432 : episode: 429 score: 264.1 100 games avg: 264.1 steps 118 
INFO : 2021-01-24 11:18:03,754 : episode: 430 score: 430.9 100 games avg: 430.9 steps 165 
INFO : 2021-01-24 11:21:02,586 : episode: 431 score: 272.0 100 games avg: 272.0 steps 126 
INFO : 2021-01-24 11:24:54,166 : episode: 432 score: 420.4 100 games avg: 420.4 steps 166 
INFO : 2021-01-24 11:27:49,333 : episode: 433 score: 261.9 100 games avg: 261.9 steps 126 
INFO : 2021-01-24 11:30:48,989 : episode: 434 score: 231.2 100 games avg: 231.2 steps 124 
INFO : 2021-01-24 11:33:29,788 : episode: 435 score: 222.6 100 games avg: 222.6 steps 115 
INFO : 2021-01-24 11:36:18,028 : episode: 436 score: 231.8 100 games avg: 231.8 steps 117 
INFO : 2021-01-24 11:43:53,053 : episode: 437 score: 918.3 100 games avg: 918.3 steps 352 
INFO : 2021-01-24 11:48:02,263 : episode: 438 score: 477.9 100 games avg: 477.9 steps 175 
INFO : 2021-01-24 11:53:51,577 : episode: 439 score: 770.8 100 games avg: 770.8 steps 270 
INFO : 2021-01-24 11:58:28,032 : episode: 440 score: 542.3 100 games avg: 542.3 steps 196 
INFO : 2021-01-24 12:01:37,497 : episode: 441 score: 312.0 100 games avg: 312.0 steps 139 
INFO : 2021-01-24 12:05:57,959 : episode: 442 score: 410.1 100 games avg: 410.1 steps 190 
INFO : 2021-01-24 12:10:57,638 : episode: 443 score: 630.1 100 games avg: 630.1 steps 219 
INFO : 2021-01-24 12:13:48,583 : episode: 444 score: 274.4 100 games avg: 274.4 steps 121 
INFO : 2021-01-24 12:16:59,332 : episode: 445 score: 276.3 100 games avg: 276.3 steps 129 
INFO : 2021-01-24 12:21:29,486 : episode: 446 score: 435.8 100 games avg: 435.8 steps 203 
INFO : 2021-01-24 12:25:44,819 : episode: 447 score: 419.2 100 games avg: 419.2 steps 182 
INFO : 2021-01-24 12:30:50,031 : episode: 448 score: 654.6 100 games avg: 654.6 steps 233 
INFO : 2021-01-24 12:34:02,858 : episode: 449 score: 291.0 100 games avg: 291.0 steps 131 
INFO : 2021-01-24 12:40:34,034 : episode: 450 score: 910.8 100 games avg: 910.8 steps 299 
INFO : 2021-01-24 12:43:42,611 : episode: 451 score: 273.1 100 games avg: 273.1 steps 123 
INFO : 2021-01-24 12:47:42,318 : episode: 452 score: 437.4 100 games avg: 437.4 steps 186 
INFO : 2021-01-24 12:50:41,200 : episode: 453 score: 325.9 100 games avg: 325.9 steps 152 
INFO : 2021-01-24 12:53:14,494 : episode: 454 score: 218.8 100 games avg: 218.8 steps 125 
INFO : 2021-01-24 12:55:55,121 : episode: 455 score: 250.5 100 games avg: 250.5 steps 135 
INFO : 2021-01-24 12:58:43,015 : episode: 456 score: 268.9 100 games avg: 268.9 steps 141 
INFO : 2021-01-24 13:01:15,770 : episode: 457 score: 271.9 100 games avg: 271.9 steps 124 
INFO : 2021-01-24 13:04:46,256 : episode: 458 score: 404.6 100 games avg: 404.6 steps 183 
INFO : 2021-01-24 13:07:05,808 : episode: 459 score: 226.4 100 games avg: 226.4 steps 111 
INFO : 2021-01-24 13:09:09,292 : episode: 460 score: 163.7 100 games avg: 163.7 steps 98 
INFO : 2021-01-24 13:11:47,946 : episode: 461 score: 262.1 100 games avg: 262.1 steps 132 
INFO : 2021-01-24 13:14:27,908 : episode: 462 score: 252.6 100 games avg: 252.6 steps 132 
INFO : 2021-01-24 13:16:34,931 : episode: 463 score: 177.6 100 games avg: 177.6 steps 101 
INFO : 2021-01-24 13:19:13,044 : episode: 464 score: 247.7 100 games avg: 247.7 steps 131 
INFO : 2021-01-24 13:21:53,299 : episode: 465 score: 258.8 100 games avg: 258.8 steps 130 
INFO : 2021-01-24 13:24:09,273 : episode: 466 score: 215.3 100 games avg: 215.3 steps 110 
INFO : 2021-01-24 13:29:13,888 : episode: 467 score: 574.7 100 games avg: 574.7 steps 271 
INFO : 2021-01-24 13:33:06,561 : episode: 468 score: 498.6 100 games avg: 498.6 steps 206 
INFO : 2021-01-24 13:38:04,882 : episode: 469 score: 589.8 100 games avg: 589.8 steps 269 
INFO : 2021-01-24 13:40:43,139 : episode: 470 score: 303.4 100 games avg: 303.4 steps 136 
INFO : 2021-01-24 13:43:28,148 : episode: 471 score: 297.9 100 games avg: 297.9 steps 140 
INFO : 2021-01-24 13:45:56,408 : episode: 472 score: 272.4 100 games avg: 272.4 steps 122 
INFO : 2021-01-24 13:48:41,178 : episode: 473 score: 291.3 100 games avg: 291.3 steps 140 
INFO : 2021-01-24 13:51:11,553 : episode: 474 score: 284.9 100 games avg: 284.9 steps 125 
INFO : 2021-01-24 13:53:42,667 : episode: 475 score: 266.4 100 games avg: 266.4 steps 123 
INFO : 2021-01-24 13:56:18,754 : episode: 476 score: 276.7 100 games avg: 276.7 steps 131 
INFO : 2021-01-24 13:58:46,052 : episode: 477 score: 260.3 100 games avg: 260.3 steps 124 
INFO : 2021-01-24 14:01:10,848 : episode: 478 score: 251.0 100 games avg: 251.0 steps 116 
INFO : 2021-01-24 14:03:45,095 : episode: 479 score: 276.0 100 games avg: 276.0 steps 128 
INFO : 2021-01-24 14:06:20,956 : episode: 480 score: 280.4 100 games avg: 280.4 steps 130 
INFO : 2021-01-24 14:08:58,747 : episode: 481 score: 285.5 100 games avg: 285.5 steps 135 
INFO : 2021-01-24 14:11:29,683 : episode: 482 score: 272.6 100 games avg: 272.6 steps 125 
INFO : 2021-01-24 14:13:52,571 : episode: 483 score: 253.5 100 games avg: 253.5 steps 119 
INFO : 2021-01-24 14:16:31,338 : episode: 484 score: 289.7 100 games avg: 289.7 steps 134 
INFO : 2021-01-24 14:18:57,903 : episode: 485 score: 259.5 100 games avg: 259.5 steps 121 
INFO : 2021-01-24 14:21:22,140 : episode: 486 score: 255.6 100 games avg: 255.6 steps 121 
INFO : 2021-01-24 14:23:44,557 : episode: 487 score: 258.1 100 games avg: 258.1 steps 121 
INFO : 2021-01-24 14:26:05,554 : episode: 488 score: 248.0 100 games avg: 248.0 steps 115 
INFO : 2021-01-24 14:28:27,975 : episode: 489 score: 243.5 100 games avg: 243.5 steps 114 
INFO : 2021-01-24 14:30:56,545 : episode: 490 score: 268.9 100 games avg: 268.9 steps 125 
INFO : 2021-01-24 14:33:17,025 : episode: 491 score: 243.6 100 games avg: 243.6 steps 115 
INFO : 2021-01-24 14:35:47,036 : episode: 492 score: 257.8 100 games avg: 257.8 steps 121 
INFO : 2021-01-24 14:38:23,739 : episode: 493 score: 274.9 100 games avg: 274.9 steps 129 
INFO : 2021-01-24 14:40:53,396 : episode: 494 score: 264.0 100 games avg: 264.0 steps 122 
INFO : 2021-01-24 14:43:22,117 : episode: 495 score: 247.5 100 games avg: 247.5 steps 121 
INFO : 2021-01-24 14:45:42,156 : episode: 496 score: 234.0 100 games avg: 234.0 steps 115 
INFO : 2021-01-24 14:48:07,833 : episode: 497 score: 260.5 100 games avg: 260.5 steps 122 
INFO : 2021-01-24 14:50:33,885 : episode: 498 score: 249.3 100 games avg: 249.3 steps 121 
INFO : 2021-01-24 14:52:51,766 : episode: 499 score: 231.4 100 games avg: 231.4 steps 112 
