INFO : 2021-02-02 02:59:00,652 : method: Model Predictive Contorol
INFO : 2021-02-02 02:59:00,652 : parameter n_steps: 200 ensemble_size: 5 env: Hopper-v2
INFO : 2021-02-02 02:59:05,032 : mpc horizon: 5 mpc_samples: 100 elite_sample: 30 grad_steps: 10
INFO : 2021-02-02 02:59:05,034 : mpc_function policy-kl5
INFO : 2021-02-02 02:59:05,034 : policy-kl5
INFO : 2021-02-02 02:59:36,218 : episode: 0 score: 240.6 100 games avg: 240.6 steps 121 
INFO : 2021-02-02 03:00:07,628 : episode: 1 score: 244.2 100 games avg: 244.2 steps 123 
INFO : 2021-02-02 03:00:19,796 : episode: 2 score: 43.5 100 games avg: 43.5 steps 42 
INFO : 2021-02-02 03:00:24,779 : episode: 3 score: 11.3 100 games avg: 11.3 steps 16 
INFO : 2021-02-02 03:00:27,601 : episode: 4 score: 7.0 100 games avg: 7.0 steps 9 
INFO : 2021-02-02 03:00:38,455 : episode: 5 score: 28.7 100 games avg: 28.7 steps 36 
INFO : 2021-02-02 03:01:04,604 : episode: 6 score: 188.0 100 games avg: 188.0 steps 89 
INFO : 2021-02-02 03:01:11,164 : episode: 7 score: 41.8 100 games avg: 41.8 steps 24 
INFO : 2021-02-02 03:01:18,893 : episode: 8 score: 44.6 100 games avg: 44.6 steps 26 
INFO : 2021-02-02 03:01:25,079 : episode: 9 score: 37.4 100 games avg: 37.4 steps 22 
INFO : 2021-02-02 03:01:34,385 : episode: 10 score: 56.8 100 games avg: 56.8 steps 33 
INFO : 2021-02-02 03:01:41,570 : episode: 11 score: 41.2 100 games avg: 41.2 steps 24 
INFO : 2021-02-02 03:01:48,620 : episode: 12 score: 44.0 100 games avg: 44.0 steps 26 
INFO : 2021-02-02 03:01:55,211 : episode: 13 score: 39.6 100 games avg: 39.6 steps 23 
INFO : 2021-02-02 03:02:03,411 : episode: 14 score: 48.4 100 games avg: 48.4 steps 28 
INFO : 2021-02-02 03:02:11,205 : episode: 15 score: 41.5 100 games avg: 41.5 steps 24 
INFO : 2021-02-02 03:02:18,119 : episode: 16 score: 41.3 100 games avg: 41.3 steps 24 
INFO : 2021-02-02 03:02:25,363 : episode: 17 score: 43.0 100 games avg: 43.0 steps 25 
INFO : 2021-02-02 03:02:32,069 : episode: 18 score: 41.3 100 games avg: 41.3 steps 24 
INFO : 2021-02-02 03:02:39,542 : episode: 19 score: 42.9 100 games avg: 42.9 steps 25 
INFO : 2021-02-02 03:02:49,017 : episode: 20 score: 48.3 100 games avg: 48.3 steps 32 
INFO : 2021-02-02 03:02:57,622 : episode: 21 score: 51.3 100 games avg: 51.3 steps 29 
INFO : 2021-02-02 03:03:04,511 : episode: 22 score: 40.1 100 games avg: 40.1 steps 23 
INFO : 2021-02-02 03:03:12,231 : episode: 23 score: 46.5 100 games avg: 46.5 steps 27 
INFO : 2021-02-02 03:03:20,003 : episode: 24 score: 47.7 100 games avg: 47.7 steps 27 
INFO : 2021-02-02 03:03:27,625 : episode: 25 score: 43.8 100 games avg: 43.8 steps 25 
INFO : 2021-02-02 03:03:34,779 : episode: 26 score: 46.0 100 games avg: 46.0 steps 26 
INFO : 2021-02-02 03:03:45,345 : episode: 27 score: 64.8 100 games avg: 64.8 steps 36 
INFO : 2021-02-02 03:03:56,075 : episode: 28 score: 60.3 100 games avg: 60.3 steps 34 
INFO : 2021-02-02 03:04:05,314 : episode: 29 score: 49.8 100 games avg: 49.8 steps 28 
INFO : 2021-02-02 03:04:15,281 : episode: 30 score: 59.2 100 games avg: 59.2 steps 33 
INFO : 2021-02-02 03:04:25,440 : episode: 31 score: 58.8 100 games avg: 58.8 steps 33 
INFO : 2021-02-02 03:04:38,651 : episode: 32 score: 78.3 100 games avg: 78.3 steps 43 
INFO : 2021-02-02 03:04:52,220 : episode: 33 score: 76.1 100 games avg: 76.1 steps 42 
INFO : 2021-02-02 03:05:10,432 : episode: 34 score: 106.0 100 games avg: 106.0 steps 57 
INFO : 2021-02-02 03:05:28,692 : episode: 35 score: 116.0 100 games avg: 116.0 steps 63 
INFO : 2021-02-02 03:05:53,315 : episode: 36 score: 173.7 100 games avg: 173.7 steps 87 
INFO : 2021-02-02 03:06:18,328 : episode: 37 score: 174.4 100 games avg: 174.4 steps 87 
INFO : 2021-02-02 03:06:45,138 : episode: 38 score: 173.4 100 games avg: 173.4 steps 87 
INFO : 2021-02-02 03:07:06,464 : episode: 39 score: 143.5 100 games avg: 143.5 steps 75 
INFO : 2021-02-02 03:07:31,358 : episode: 40 score: 175.7 100 games avg: 175.7 steps 87 
INFO : 2021-02-02 03:07:58,026 : episode: 41 score: 176.8 100 games avg: 176.8 steps 86 
INFO : 2021-02-02 03:08:24,792 : episode: 42 score: 173.2 100 games avg: 173.2 steps 87 
INFO : 2021-02-02 03:08:51,355 : episode: 43 score: 174.5 100 games avg: 174.5 steps 87 
INFO : 2021-02-02 03:09:16,652 : episode: 44 score: 173.5 100 games avg: 173.5 steps 87 
INFO : 2021-02-02 03:09:41,777 : episode: 45 score: 176.3 100 games avg: 176.3 steps 88 
INFO : 2021-02-02 03:10:05,625 : episode: 46 score: 172.9 100 games avg: 172.9 steps 85 
INFO : 2021-02-02 03:10:30,989 : episode: 47 score: 173.1 100 games avg: 173.1 steps 86 
INFO : 2021-02-02 03:10:56,840 : episode: 48 score: 171.5 100 games avg: 171.5 steps 87 
INFO : 2021-02-02 03:11:22,385 : episode: 49 score: 172.5 100 games avg: 172.5 steps 86 
INFO : 2021-02-02 03:11:46,740 : episode: 50 score: 174.3 100 games avg: 174.3 steps 85 
INFO : 2021-02-02 03:12:13,326 : episode: 51 score: 172.9 100 games avg: 172.9 steps 86 
INFO : 2021-02-02 03:12:39,681 : episode: 52 score: 169.8 100 games avg: 169.8 steps 86 
INFO : 2021-02-02 03:13:07,599 : episode: 53 score: 173.4 100 games avg: 173.4 steps 87 
INFO : 2021-02-02 03:13:33,111 : episode: 54 score: 171.8 100 games avg: 171.8 steps 86 
INFO : 2021-02-02 03:13:58,342 : episode: 55 score: 169.4 100 games avg: 169.4 steps 86 
INFO : 2021-02-02 03:14:24,693 : episode: 56 score: 173.2 100 games avg: 173.2 steps 86 
INFO : 2021-02-02 03:14:51,220 : episode: 57 score: 175.1 100 games avg: 175.1 steps 87 
INFO : 2021-02-02 03:15:17,715 : episode: 58 score: 174.1 100 games avg: 174.1 steps 87 
INFO : 2021-02-02 03:15:42,536 : episode: 59 score: 161.7 100 games avg: 161.7 steps 83 
INFO : 2021-02-02 03:16:10,220 : episode: 60 score: 171.5 100 games avg: 171.5 steps 85 
INFO : 2021-02-02 03:16:36,911 : episode: 61 score: 170.3 100 games avg: 170.3 steps 85 
INFO : 2021-02-02 03:17:03,581 : episode: 62 score: 167.9 100 games avg: 167.9 steps 86 
INFO : 2021-02-02 03:17:27,596 : episode: 63 score: 171.7 100 games avg: 171.7 steps 86 
INFO : 2021-02-02 03:17:52,315 : episode: 64 score: 169.2 100 games avg: 169.2 steps 86 
INFO : 2021-02-02 03:18:18,972 : episode: 65 score: 173.0 100 games avg: 173.0 steps 86 
INFO : 2021-02-02 03:18:46,154 : episode: 66 score: 168.7 100 games avg: 168.7 steps 86 
INFO : 2021-02-02 03:19:12,064 : episode: 67 score: 172.1 100 games avg: 172.1 steps 86 
INFO : 2021-02-02 03:19:37,912 : episode: 68 score: 170.0 100 games avg: 170.0 steps 84 
INFO : 2021-02-02 03:20:04,563 : episode: 69 score: 171.1 100 games avg: 171.1 steps 86 
INFO : 2021-02-02 03:20:33,379 : episode: 70 score: 176.7 100 games avg: 176.7 steps 85 
INFO : 2021-02-02 03:21:01,807 : episode: 71 score: 173.5 100 games avg: 173.5 steps 84 
INFO : 2021-02-02 03:21:28,401 : episode: 72 score: 171.5 100 games avg: 171.5 steps 85 
INFO : 2021-02-02 03:21:55,043 : episode: 73 score: 170.7 100 games avg: 170.7 steps 86 
INFO : 2021-02-02 03:22:22,206 : episode: 74 score: 174.4 100 games avg: 174.4 steps 83 
INFO : 2021-02-02 03:22:51,010 : episode: 75 score: 168.6 100 games avg: 168.6 steps 86 
INFO : 2021-02-02 03:23:18,011 : episode: 76 score: 174.7 100 games avg: 174.7 steps 84 
INFO : 2021-02-02 03:23:43,101 : episode: 77 score: 177.3 100 games avg: 177.3 steps 84 
INFO : 2021-02-02 03:24:12,273 : episode: 78 score: 172.4 100 games avg: 172.4 steps 86 
INFO : 2021-02-02 03:24:40,857 : episode: 79 score: 175.1 100 games avg: 175.1 steps 87 
INFO : 2021-02-02 03:25:07,559 : episode: 80 score: 180.2 100 games avg: 180.2 steps 83 
INFO : 2021-02-02 03:25:33,832 : episode: 81 score: 173.6 100 games avg: 173.6 steps 85 
INFO : 2021-02-02 03:25:59,488 : episode: 82 score: 177.1 100 games avg: 177.1 steps 83 
INFO : 2021-02-02 03:26:25,519 : episode: 83 score: 178.6 100 games avg: 178.6 steps 83 
INFO : 2021-02-02 03:26:53,020 : episode: 84 score: 171.4 100 games avg: 171.4 steps 86 
INFO : 2021-02-02 03:27:20,461 : episode: 85 score: 174.5 100 games avg: 174.5 steps 86 
INFO : 2021-02-02 03:27:48,855 : episode: 86 score: 169.7 100 games avg: 169.7 steps 85 
INFO : 2021-02-02 03:28:16,085 : episode: 87 score: 173.8 100 games avg: 173.8 steps 85 
INFO : 2021-02-02 03:28:42,924 : episode: 88 score: 175.1 100 games avg: 175.1 steps 85 
INFO : 2021-02-02 03:29:08,895 : episode: 89 score: 171.7 100 games avg: 171.7 steps 86 
INFO : 2021-02-02 03:29:36,487 : episode: 90 score: 176.4 100 games avg: 176.4 steps 86 
INFO : 2021-02-02 03:30:03,312 : episode: 91 score: 177.0 100 games avg: 177.0 steps 85 
INFO : 2021-02-02 03:30:29,680 : episode: 92 score: 174.5 100 games avg: 174.5 steps 85 
INFO : 2021-02-02 03:30:55,472 : episode: 93 score: 159.8 100 games avg: 159.8 steps 81 
INFO : 2021-02-02 03:31:21,906 : episode: 94 score: 176.4 100 games avg: 176.4 steps 87 
INFO : 2021-02-02 03:31:48,973 : episode: 95 score: 175.7 100 games avg: 175.7 steps 86 
INFO : 2021-02-02 03:32:16,332 : episode: 96 score: 178.5 100 games avg: 178.5 steps 83 
INFO : 2021-02-02 03:32:44,552 : episode: 97 score: 176.9 100 games avg: 176.9 steps 86 
INFO : 2021-02-02 03:33:13,703 : episode: 98 score: 181.2 100 games avg: 181.2 steps 86 
INFO : 2021-02-02 03:33:42,111 : episode: 99 score: 175.1 100 games avg: 175.1 steps 85 
INFO : 2021-02-02 03:34:11,132 : episode: 100 score: 173.2 100 games avg: 173.2 steps 85 
INFO : 2021-02-02 03:34:42,131 : episode: 101 score: 169.6 100 games avg: 169.6 steps 86 
INFO : 2021-02-02 03:35:09,378 : episode: 102 score: 177.3 100 games avg: 177.3 steps 84 
INFO : 2021-02-02 03:35:35,615 : episode: 103 score: 174.2 100 games avg: 174.2 steps 84 
INFO : 2021-02-02 03:36:02,168 : episode: 104 score: 173.8 100 games avg: 173.8 steps 85 
INFO : 2021-02-02 03:36:29,483 : episode: 105 score: 178.4 100 games avg: 178.4 steps 85 
INFO : 2021-02-02 03:36:56,900 : episode: 106 score: 168.3 100 games avg: 168.3 steps 85 
INFO : 2021-02-02 03:37:24,311 : episode: 107 score: 169.7 100 games avg: 169.7 steps 84 
INFO : 2021-02-02 03:37:53,742 : episode: 108 score: 170.2 100 games avg: 170.2 steps 86 
INFO : 2021-02-02 03:38:25,060 : episode: 109 score: 174.1 100 games avg: 174.1 steps 85 
INFO : 2021-02-02 03:38:55,854 : episode: 110 score: 174.7 100 games avg: 174.7 steps 84 
INFO : 2021-02-02 03:39:25,224 : episode: 111 score: 173.3 100 games avg: 173.3 steps 83 
INFO : 2021-02-02 03:39:51,683 : episode: 112 score: 170.8 100 games avg: 170.8 steps 86 
INFO : 2021-02-02 03:40:19,259 : episode: 113 score: 172.8 100 games avg: 172.8 steps 86 
INFO : 2021-02-02 03:40:45,559 : episode: 114 score: 167.1 100 games avg: 167.1 steps 82 
INFO : 2021-02-02 03:41:13,273 : episode: 115 score: 171.1 100 games avg: 171.1 steps 85 
INFO : 2021-02-02 03:41:42,497 : episode: 116 score: 173.4 100 games avg: 173.4 steps 87 
INFO : 2021-02-02 03:42:11,659 : episode: 117 score: 171.8 100 games avg: 171.8 steps 84 
INFO : 2021-02-02 03:42:41,121 : episode: 118 score: 174.1 100 games avg: 174.1 steps 85 
INFO : 2021-02-02 03:43:11,610 : episode: 119 score: 172.1 100 games avg: 172.1 steps 86 
INFO : 2021-02-02 03:43:39,141 : episode: 120 score: 172.0 100 games avg: 172.0 steps 85 
INFO : 2021-02-02 03:44:07,343 : episode: 121 score: 178.4 100 games avg: 178.4 steps 83 
INFO : 2021-02-02 03:44:34,589 : episode: 122 score: 179.7 100 games avg: 179.7 steps 84 
INFO : 2021-02-02 03:45:02,654 : episode: 123 score: 183.8 100 games avg: 183.8 steps 85 
INFO : 2021-02-02 03:45:30,934 : episode: 124 score: 181.7 100 games avg: 181.7 steps 87 
INFO : 2021-02-02 03:46:01,559 : episode: 125 score: 174.8 100 games avg: 174.8 steps 86 
INFO : 2021-02-02 03:46:29,966 : episode: 126 score: 173.6 100 games avg: 173.6 steps 82 
INFO : 2021-02-02 03:46:59,926 : episode: 127 score: 173.1 100 games avg: 173.1 steps 82 
INFO : 2021-02-02 03:47:29,506 : episode: 128 score: 182.6 100 games avg: 182.6 steps 88 
INFO : 2021-02-02 03:47:56,690 : episode: 129 score: 174.3 100 games avg: 174.3 steps 85 
INFO : 2021-02-02 03:48:24,076 : episode: 130 score: 175.0 100 games avg: 175.0 steps 84 
INFO : 2021-02-02 03:48:52,278 : episode: 131 score: 186.6 100 games avg: 186.6 steps 87 
INFO : 2021-02-02 03:49:22,764 : episode: 132 score: 180.4 100 games avg: 180.4 steps 86 
INFO : 2021-02-02 03:49:55,580 : episode: 133 score: 181.0 100 games avg: 181.0 steps 87 
INFO : 2021-02-02 03:50:25,204 : episode: 134 score: 168.5 100 games avg: 168.5 steps 85 
INFO : 2021-02-02 03:50:56,312 : episode: 135 score: 173.1 100 games avg: 173.1 steps 87 
INFO : 2021-02-02 03:51:26,983 : episode: 136 score: 176.2 100 games avg: 176.2 steps 87 
INFO : 2021-02-02 03:51:56,169 : episode: 137 score: 180.0 100 games avg: 180.0 steps 89 
INFO : 2021-02-02 03:52:25,380 : episode: 138 score: 182.8 100 games avg: 182.8 steps 88 
INFO : 2021-02-02 03:52:56,623 : episode: 139 score: 177.5 100 games avg: 177.5 steps 88 
INFO : 2021-02-02 03:53:27,606 : episode: 140 score: 200.5 100 games avg: 200.5 steps 89 
INFO : 2021-02-02 03:54:03,991 : episode: 141 score: 233.7 100 games avg: 233.7 steps 99 
INFO : 2021-02-02 03:54:38,458 : episode: 142 score: 209.9 100 games avg: 209.9 steps 99 
INFO : 2021-02-02 03:55:14,701 : episode: 143 score: 226.1 100 games avg: 226.1 steps 99 
INFO : 2021-02-02 03:55:50,725 : episode: 144 score: 223.2 100 games avg: 223.2 steps 97 
INFO : 2021-02-02 03:56:25,037 : episode: 145 score: 248.8 100 games avg: 248.8 steps 107 
INFO : 2021-02-02 03:57:00,042 : episode: 146 score: 236.0 100 games avg: 236.0 steps 104 
INFO : 2021-02-02 03:57:35,695 : episode: 147 score: 257.1 100 games avg: 257.1 steps 106 
INFO : 2021-02-02 03:58:11,647 : episode: 148 score: 256.9 100 games avg: 256.9 steps 106 
INFO : 2021-02-02 03:58:47,394 : episode: 149 score: 248.5 100 games avg: 248.5 steps 104 
INFO : 2021-02-02 03:59:22,459 : episode: 150 score: 254.4 100 games avg: 254.4 steps 105 
INFO : 2021-02-02 03:59:58,111 : episode: 151 score: 249.8 100 games avg: 249.8 steps 103 
INFO : 2021-02-02 04:00:27,312 : episode: 152 score: 168.5 100 games avg: 168.5 steps 88 
INFO : 2021-02-02 04:01:04,288 : episode: 153 score: 245.3 100 games avg: 245.3 steps 102 
INFO : 2021-02-02 04:01:45,559 : episode: 154 score: 269.0 100 games avg: 269.0 steps 110 
INFO : 2021-02-02 04:02:12,251 : episode: 155 score: 121.5 100 games avg: 121.5 steps 67 
INFO : 2021-02-02 04:02:51,693 : episode: 156 score: 285.7 100 games avg: 285.7 steps 120 
INFO : 2021-02-02 04:03:18,193 : episode: 157 score: 133.1 100 games avg: 133.1 steps 72 
INFO : 2021-02-02 04:03:58,442 : episode: 158 score: 274.0 100 games avg: 274.0 steps 114 
INFO : 2021-02-02 04:04:38,656 : episode: 159 score: 294.5 100 games avg: 294.5 steps 121 
INFO : 2021-02-02 04:05:19,563 : episode: 160 score: 298.2 100 games avg: 298.2 steps 126 
INFO : 2021-02-02 04:06:04,201 : episode: 161 score: 275.2 100 games avg: 275.2 steps 117 
INFO : 2021-02-02 04:06:55,129 : episode: 162 score: 307.5 100 games avg: 307.5 steps 141 
INFO : 2021-02-02 04:07:42,558 : episode: 163 score: 303.0 100 games avg: 303.0 steps 136 
INFO : 2021-02-02 04:08:22,094 : episode: 164 score: 244.2 100 games avg: 244.2 steps 114 
INFO : 2021-02-02 04:08:46,494 : episode: 165 score: 121.0 100 games avg: 121.0 steps 66 
INFO : 2021-02-02 04:09:10,789 : episode: 166 score: 116.7 100 games avg: 116.7 steps 64 
INFO : 2021-02-02 04:09:35,219 : episode: 167 score: 109.0 100 games avg: 109.0 steps 63 
INFO : 2021-02-02 04:10:20,366 : episode: 168 score: 277.7 100 games avg: 277.7 steps 134 
INFO : 2021-02-02 04:11:03,383 : episode: 169 score: 275.7 100 games avg: 275.7 steps 132 
INFO : 2021-02-02 04:11:43,095 : episode: 170 score: 256.1 100 games avg: 256.1 steps 118 
INFO : 2021-02-02 04:12:29,597 : episode: 171 score: 282.0 100 games avg: 282.0 steps 132 
INFO : 2021-02-02 04:13:16,284 : episode: 172 score: 286.0 100 games avg: 286.0 steps 138 
INFO : 2021-02-02 04:13:55,057 : episode: 173 score: 267.4 100 games avg: 267.4 steps 116 
INFO : 2021-02-02 04:14:43,655 : episode: 174 score: 287.5 100 games avg: 287.5 steps 128 
INFO : 2021-02-02 04:15:29,038 : episode: 175 score: 221.0 100 games avg: 221.0 steps 116 
INFO : 2021-02-02 04:16:17,475 : episode: 176 score: 285.9 100 games avg: 285.9 steps 130 
INFO : 2021-02-02 04:17:04,775 : episode: 177 score: 282.2 100 games avg: 282.2 steps 139 
INFO : 2021-02-02 04:17:48,669 : episode: 178 score: 275.0 100 games avg: 275.0 steps 130 
INFO : 2021-02-02 04:18:37,177 : episode: 179 score: 276.7 100 games avg: 276.7 steps 134 
INFO : 2021-02-02 04:19:20,870 : episode: 180 score: 269.1 100 games avg: 269.1 steps 118 
INFO : 2021-02-02 04:20:06,836 : episode: 181 score: 281.9 100 games avg: 281.9 steps 136 
INFO : 2021-02-02 04:20:49,033 : episode: 182 score: 267.8 100 games avg: 267.8 steps 118 
INFO : 2021-02-02 04:21:31,513 : episode: 183 score: 282.2 100 games avg: 282.2 steps 126 
INFO : 2021-02-02 04:22:06,479 : episode: 184 score: 221.7 100 games avg: 221.7 steps 104 
INFO : 2021-02-02 04:22:41,964 : episode: 185 score: 222.0 100 games avg: 222.0 steps 98 
INFO : 2021-02-02 04:23:21,773 : episode: 186 score: 231.9 100 games avg: 231.9 steps 106 
INFO : 2021-02-02 04:23:53,864 : episode: 187 score: 155.6 100 games avg: 155.6 steps 81 
INFO : 2021-02-02 04:24:32,916 : episode: 188 score: 234.3 100 games avg: 234.3 steps 102 
INFO : 2021-02-02 04:25:08,419 : episode: 189 score: 217.1 100 games avg: 217.1 steps 98 
INFO : 2021-02-02 04:25:43,972 : episode: 190 score: 222.7 100 games avg: 222.7 steps 99 
INFO : 2021-02-02 04:26:18,440 : episode: 191 score: 206.5 100 games avg: 206.5 steps 96 
INFO : 2021-02-02 04:26:57,148 : episode: 192 score: 224.5 100 games avg: 224.5 steps 97 
INFO : 2021-02-02 04:27:37,833 : episode: 193 score: 229.2 100 games avg: 229.2 steps 99 
INFO : 2021-02-02 04:28:18,214 : episode: 194 score: 223.3 100 games avg: 223.3 steps 99 
INFO : 2021-02-02 04:28:54,426 : episode: 195 score: 212.1 100 games avg: 212.1 steps 95 
INFO : 2021-02-02 04:29:34,217 : episode: 196 score: 214.0 100 games avg: 214.0 steps 96 
INFO : 2021-02-02 04:30:10,295 : episode: 197 score: 219.4 100 games avg: 219.4 steps 97 
INFO : 2021-02-02 04:30:46,515 : episode: 198 score: 215.2 100 games avg: 215.2 steps 98 
INFO : 2021-02-02 04:31:22,335 : episode: 199 score: 212.3 100 games avg: 212.3 steps 96 
