INFO : 2021-02-02 10:31:57,364 : method: Model Predictive Contorol
INFO : 2021-02-02 10:31:57,365 : parameter n_steps: 200 ensemble_size: 5 env: Hopper-v2
INFO : 2021-02-02 10:31:59,764 : mpc horizon: 5 mpc_samples: 100 elite_sample: 30 grad_steps: 10
INFO : 2021-02-02 10:31:59,764 : mpc_function policy-kl5
INFO : 2021-02-02 10:31:59,764 : policy-kl5
INFO : 2021-02-02 10:32:08,272 : episode: 0 score: 107.6 100 games avg: 107.6 steps 77 
INFO : 2021-02-02 10:32:16,400 : episode: 1 score: 102.4 100 games avg: 102.4 steps 73 
INFO : 2021-02-02 10:32:23,892 : episode: 2 score: 101.4 100 games avg: 101.4 steps 67 
INFO : 2021-02-02 10:32:31,732 : episode: 3 score: 94.8 100 games avg: 94.8 steps 65 
INFO : 2021-02-02 10:32:34,181 : episode: 4 score: 5.4 100 games avg: 5.4 steps 18 
INFO : 2021-02-02 10:32:37,745 : episode: 5 score: 44.3 100 games avg: 44.3 steps 26 
INFO : 2021-02-02 10:32:39,296 : episode: 6 score: 9.5 100 games avg: 9.5 steps 11 
INFO : 2021-02-02 10:32:41,245 : episode: 7 score: 14.6 100 games avg: 14.6 steps 14 
INFO : 2021-02-02 10:32:46,705 : episode: 8 score: 72.1 100 games avg: 72.1 steps 40 
INFO : 2021-02-02 10:32:50,800 : episode: 9 score: 50.0 100 games avg: 50.0 steps 30 
INFO : 2021-02-02 10:32:54,086 : episode: 10 score: 41.2 100 games avg: 41.2 steps 24 
INFO : 2021-02-02 10:33:00,018 : episode: 11 score: 57.7 100 games avg: 57.7 steps 44 
INFO : 2021-02-02 10:33:03,809 : episode: 12 score: 46.9 100 games avg: 46.9 steps 28 
INFO : 2021-02-02 10:33:07,580 : episode: 13 score: 45.4 100 games avg: 45.4 steps 27 
INFO : 2021-02-02 10:33:11,010 : episode: 14 score: 42.3 100 games avg: 42.3 steps 25 
INFO : 2021-02-02 10:33:14,575 : episode: 15 score: 43.8 100 games avg: 43.8 steps 26 
INFO : 2021-02-02 10:33:18,286 : episode: 16 score: 45.5 100 games avg: 45.5 steps 27 
INFO : 2021-02-02 10:33:21,861 : episode: 17 score: 44.0 100 games avg: 44.0 steps 26 
INFO : 2021-02-02 10:33:25,445 : episode: 18 score: 44.7 100 games avg: 44.7 steps 26 
INFO : 2021-02-02 10:33:28,641 : episode: 19 score: 40.1 100 games avg: 40.1 steps 23 
INFO : 2021-02-02 10:33:32,135 : episode: 20 score: 42.5 100 games avg: 42.5 steps 25 
INFO : 2021-02-02 10:33:35,611 : episode: 21 score: 42.5 100 games avg: 42.5 steps 25 
INFO : 2021-02-02 10:33:39,646 : episode: 22 score: 49.9 100 games avg: 49.9 steps 29 
INFO : 2021-02-02 10:33:43,026 : episode: 23 score: 41.4 100 games avg: 41.4 steps 24 
INFO : 2021-02-02 10:33:46,983 : episode: 24 score: 48.0 100 games avg: 48.0 steps 28 
INFO : 2021-02-02 10:33:50,835 : episode: 25 score: 47.5 100 games avg: 47.5 steps 27 
INFO : 2021-02-02 10:33:54,265 : episode: 26 score: 41.8 100 games avg: 41.8 steps 24 
INFO : 2021-02-02 10:33:58,096 : episode: 27 score: 45.0 100 games avg: 45.0 steps 27 
INFO : 2021-02-02 10:34:01,523 : episode: 28 score: 41.0 100 games avg: 41.0 steps 24 
INFO : 2021-02-02 10:34:05,756 : episode: 29 score: 53.0 100 games avg: 53.0 steps 30 
INFO : 2021-02-02 10:34:10,123 : episode: 30 score: 54.1 100 games avg: 54.1 steps 31 
INFO : 2021-02-02 10:34:13,806 : episode: 31 score: 45.5 100 games avg: 45.5 steps 26 
INFO : 2021-02-02 10:34:17,529 : episode: 32 score: 45.2 100 games avg: 45.2 steps 26 
INFO : 2021-02-02 10:34:21,833 : episode: 33 score: 53.2 100 games avg: 53.2 steps 30 
INFO : 2021-02-02 10:34:26,155 : episode: 34 score: 53.1 100 games avg: 53.1 steps 30 
INFO : 2021-02-02 10:34:29,640 : episode: 35 score: 41.6 100 games avg: 41.6 steps 24 
INFO : 2021-02-02 10:34:33,416 : episode: 36 score: 44.7 100 games avg: 44.7 steps 26 
INFO : 2021-02-02 10:34:42,831 : episode: 37 score: 61.2 100 games avg: 61.2 steps 34 
INFO : 2021-02-02 10:34:47,407 : episode: 38 score: 57.8 100 games avg: 57.8 steps 32 
INFO : 2021-02-02 10:34:50,889 : episode: 39 score: 41.5 100 games avg: 41.5 steps 24 
INFO : 2021-02-02 10:34:54,786 : episode: 40 score: 47.2 100 games avg: 47.2 steps 27 
INFO : 2021-02-02 10:34:58,948 : episode: 41 score: 51.3 100 games avg: 51.3 steps 29 
INFO : 2021-02-02 10:35:03,733 : episode: 42 score: 59.7 100 games avg: 59.7 steps 33 
INFO : 2021-02-02 10:35:10,654 : episode: 43 score: 89.6 100 games avg: 89.6 steps 49 
INFO : 2021-02-02 10:35:14,622 : episode: 44 score: 46.9 100 games avg: 46.9 steps 27 
INFO : 2021-02-02 10:35:20,041 : episode: 45 score: 68.8 100 games avg: 68.8 steps 38 
INFO : 2021-02-02 10:35:23,879 : episode: 46 score: 44.7 100 games avg: 44.7 steps 26 
INFO : 2021-02-02 10:35:29,661 : episode: 47 score: 74.7 100 games avg: 74.7 steps 41 
INFO : 2021-02-02 10:35:33,835 : episode: 48 score: 51.5 100 games avg: 51.5 steps 29 
INFO : 2021-02-02 10:35:44,703 : episode: 49 score: 148.7 100 games avg: 148.7 steps 78 
INFO : 2021-02-02 10:35:54,092 : episode: 50 score: 123.6 100 games avg: 123.6 steps 67 
INFO : 2021-02-02 10:36:04,857 : episode: 51 score: 145.5 100 games avg: 145.5 steps 77 
INFO : 2021-02-02 10:36:17,360 : episode: 52 score: 173.3 100 games avg: 173.3 steps 90 
INFO : 2021-02-02 10:36:21,727 : episode: 53 score: 51.5 100 games avg: 51.5 steps 29 
INFO : 2021-02-02 10:36:27,049 : episode: 54 score: 64.2 100 games avg: 64.2 steps 36 
INFO : 2021-02-02 10:36:39,175 : episode: 55 score: 173.1 100 games avg: 173.1 steps 87 
INFO : 2021-02-02 10:36:51,021 : episode: 56 score: 165.6 100 games avg: 165.6 steps 85 
INFO : 2021-02-02 10:36:55,219 : episode: 57 score: 48.5 100 games avg: 48.5 steps 27 
INFO : 2021-02-02 10:37:07,168 : episode: 58 score: 167.4 100 games avg: 167.4 steps 85 
INFO : 2021-02-02 10:37:19,169 : episode: 59 score: 168.6 100 games avg: 168.6 steps 85 
INFO : 2021-02-02 10:37:30,672 : episode: 60 score: 172.3 100 games avg: 172.3 steps 83 
INFO : 2021-02-02 10:37:42,819 : episode: 61 score: 169.3 100 games avg: 169.3 steps 86 
INFO : 2021-02-02 10:37:54,929 : episode: 62 score: 169.4 100 games avg: 169.4 steps 86 
INFO : 2021-02-02 10:38:07,024 : episode: 63 score: 171.6 100 games avg: 171.6 steps 86 
INFO : 2021-02-02 10:38:12,977 : episode: 64 score: 54.2 100 games avg: 54.2 steps 39 
INFO : 2021-02-02 10:38:25,038 : episode: 65 score: 167.8 100 games avg: 167.8 steps 85 
INFO : 2021-02-02 10:38:36,975 : episode: 66 score: 174.0 100 games avg: 174.0 steps 84 
INFO : 2021-02-02 10:38:49,259 : episode: 67 score: 168.9 100 games avg: 168.9 steps 86 
INFO : 2021-02-02 10:39:01,366 : episode: 68 score: 171.6 100 games avg: 171.6 steps 85 
INFO : 2021-02-02 10:39:13,393 : episode: 69 score: 173.3 100 games avg: 173.3 steps 85 
INFO : 2021-02-02 10:39:25,756 : episode: 70 score: 171.2 100 games avg: 171.2 steps 86 
INFO : 2021-02-02 10:39:37,899 : episode: 71 score: 171.9 100 games avg: 171.9 steps 84 
INFO : 2021-02-02 10:39:50,256 : episode: 72 score: 169.9 100 games avg: 169.9 steps 86 
INFO : 2021-02-02 10:40:02,593 : episode: 73 score: 168.1 100 games avg: 168.1 steps 85 
INFO : 2021-02-02 10:40:15,187 : episode: 74 score: 171.1 100 games avg: 171.1 steps 87 
INFO : 2021-02-02 10:40:27,549 : episode: 75 score: 172.1 100 games avg: 172.1 steps 85 
INFO : 2021-02-02 10:40:39,986 : episode: 76 score: 171.0 100 games avg: 171.0 steps 86 
INFO : 2021-02-02 10:40:52,212 : episode: 77 score: 170.0 100 games avg: 170.0 steps 84 
INFO : 2021-02-02 10:41:04,294 : episode: 78 score: 174.6 100 games avg: 174.6 steps 83 
INFO : 2021-02-02 10:41:16,571 : episode: 79 score: 171.2 100 games avg: 171.2 steps 85 
INFO : 2021-02-02 10:41:29,019 : episode: 80 score: 175.9 100 games avg: 175.9 steps 85 
INFO : 2021-02-02 10:41:41,365 : episode: 81 score: 169.0 100 games avg: 169.0 steps 84 
INFO : 2021-02-02 10:41:53,504 : episode: 82 score: 174.3 100 games avg: 174.3 steps 82 
INFO : 2021-02-02 10:42:05,731 : episode: 83 score: 175.8 100 games avg: 175.8 steps 83 
INFO : 2021-02-02 10:42:18,095 : episode: 84 score: 176.2 100 games avg: 176.2 steps 84 
INFO : 2021-02-02 10:42:30,377 : episode: 85 score: 178.1 100 games avg: 178.1 steps 83 
INFO : 2021-02-02 10:42:42,722 : episode: 86 score: 177.7 100 games avg: 177.7 steps 83 
INFO : 2021-02-02 10:42:55,211 : episode: 87 score: 172.9 100 games avg: 172.9 steps 84 
INFO : 2021-02-02 10:43:07,213 : episode: 88 score: 171.3 100 games avg: 171.3 steps 81 
INFO : 2021-02-02 10:43:19,497 : episode: 89 score: 170.4 100 games avg: 170.4 steps 82 
INFO : 2021-02-02 10:43:31,658 : episode: 90 score: 174.6 100 games avg: 174.6 steps 82 
INFO : 2021-02-02 10:43:44,045 : episode: 91 score: 173.8 100 games avg: 173.8 steps 83 
INFO : 2021-02-02 10:43:56,664 : episode: 92 score: 174.7 100 games avg: 174.7 steps 85 
INFO : 2021-02-02 10:44:09,290 : episode: 93 score: 170.8 100 games avg: 170.8 steps 84 
INFO : 2021-02-02 10:44:21,638 : episode: 94 score: 178.3 100 games avg: 178.3 steps 82 
INFO : 2021-02-02 10:44:34,133 : episode: 95 score: 177.4 100 games avg: 177.4 steps 83 
INFO : 2021-02-02 10:44:46,624 : episode: 96 score: 173.1 100 games avg: 173.1 steps 82 
INFO : 2021-02-02 10:44:58,881 : episode: 97 score: 173.4 100 games avg: 173.4 steps 81 
INFO : 2021-02-02 10:45:11,467 : episode: 98 score: 178.1 100 games avg: 178.1 steps 83 
INFO : 2021-02-02 10:45:24,272 : episode: 99 score: 175.9 100 games avg: 175.9 steps 84 
INFO : 2021-02-02 10:45:37,185 : episode: 100 score: 171.9 100 games avg: 171.9 steps 85 
INFO : 2021-02-02 10:45:49,882 : episode: 101 score: 178.4 100 games avg: 178.4 steps 83 
INFO : 2021-02-02 10:46:02,300 : episode: 102 score: 175.7 100 games avg: 175.7 steps 82 
INFO : 2021-02-02 10:46:14,919 : episode: 103 score: 177.4 100 games avg: 177.4 steps 82 
INFO : 2021-02-02 10:46:27,726 : episode: 104 score: 173.5 100 games avg: 173.5 steps 83 
INFO : 2021-02-02 10:46:40,600 : episode: 105 score: 184.1 100 games avg: 184.1 steps 84 
INFO : 2021-02-02 10:46:53,213 : episode: 106 score: 175.4 100 games avg: 175.4 steps 82 
INFO : 2021-02-02 10:47:06,073 : episode: 107 score: 171.4 100 games avg: 171.4 steps 83 
INFO : 2021-02-02 10:47:11,949 : episode: 108 score: 48.2 100 games avg: 48.2 steps 31 
INFO : 2021-02-02 10:47:25,088 : episode: 109 score: 170.5 100 games avg: 170.5 steps 85 
INFO : 2021-02-02 10:47:37,857 : episode: 110 score: 175.4 100 games avg: 175.4 steps 82 
INFO : 2021-02-02 10:47:50,698 : episode: 111 score: 179.5 100 games avg: 179.5 steps 83 
INFO : 2021-02-02 10:48:03,492 : episode: 112 score: 173.8 100 games avg: 173.8 steps 82 
INFO : 2021-02-02 10:48:16,329 : episode: 113 score: 172.1 100 games avg: 172.1 steps 83 
INFO : 2021-02-02 10:48:21,151 : episode: 114 score: 37.3 100 games avg: 37.3 steps 22 
INFO : 2021-02-02 10:48:34,417 : episode: 115 score: 181.0 100 games avg: 181.0 steps 85 
INFO : 2021-02-02 10:48:47,596 : episode: 116 score: 182.0 100 games avg: 182.0 steps 85 
INFO : 2021-02-02 10:49:01,358 : episode: 117 score: 192.5 100 games avg: 192.5 steps 88 
INFO : 2021-02-02 10:49:14,937 : episode: 118 score: 174.8 100 games avg: 174.8 steps 87 
INFO : 2021-02-02 10:49:28,556 : episode: 119 score: 182.6 100 games avg: 182.6 steps 87 
INFO : 2021-02-02 10:49:42,517 : episode: 120 score: 172.7 100 games avg: 172.7 steps 90 
INFO : 2021-02-02 10:49:56,730 : episode: 121 score: 180.7 100 games avg: 180.7 steps 91 
INFO : 2021-02-02 10:50:10,441 : episode: 122 score: 183.2 100 games avg: 183.2 steps 88 
INFO : 2021-02-02 10:50:23,714 : episode: 123 score: 179.9 100 games avg: 179.9 steps 84 
INFO : 2021-02-02 10:50:37,150 : episode: 124 score: 181.9 100 games avg: 181.9 steps 86 
INFO : 2021-02-02 10:50:51,545 : episode: 125 score: 181.8 100 games avg: 181.8 steps 92 
INFO : 2021-02-02 10:51:05,774 : episode: 126 score: 177.2 100 games avg: 177.2 steps 90 
INFO : 2021-02-02 10:51:19,706 : episode: 127 score: 182.0 100 games avg: 182.0 steps 88 
INFO : 2021-02-02 10:51:33,918 : episode: 128 score: 187.3 100 games avg: 187.3 steps 90 
INFO : 2021-02-02 10:51:47,753 : episode: 129 score: 179.0 100 games avg: 179.0 steps 86 
INFO : 2021-02-02 10:52:02,136 : episode: 130 score: 187.5 100 games avg: 187.5 steps 91 
INFO : 2021-02-02 10:52:15,901 : episode: 131 score: 176.7 100 games avg: 176.7 steps 87 
INFO : 2021-02-02 10:52:29,601 : episode: 132 score: 173.9 100 games avg: 173.9 steps 85 
INFO : 2021-02-02 10:52:43,563 : episode: 133 score: 177.0 100 games avg: 177.0 steps 87 
INFO : 2021-02-02 10:52:57,437 : episode: 134 score: 174.0 100 games avg: 174.0 steps 86 
INFO : 2021-02-02 10:53:11,737 : episode: 135 score: 184.0 100 games avg: 184.0 steps 88 
INFO : 2021-02-02 10:53:25,762 : episode: 136 score: 189.3 100 games avg: 189.3 steps 87 
INFO : 2021-02-02 10:53:40,163 : episode: 137 score: 183.0 100 games avg: 183.0 steps 90 
INFO : 2021-02-02 10:53:54,668 : episode: 138 score: 198.5 100 games avg: 198.5 steps 90 
INFO : 2021-02-02 10:54:09,051 : episode: 139 score: 188.8 100 games avg: 188.8 steps 89 
INFO : 2021-02-02 10:54:23,304 : episode: 140 score: 185.4 100 games avg: 185.4 steps 88 
INFO : 2021-02-02 10:54:37,324 : episode: 141 score: 171.1 100 games avg: 171.1 steps 86 
INFO : 2021-02-02 10:54:51,351 : episode: 142 score: 172.3 100 games avg: 172.3 steps 86 
INFO : 2021-02-02 10:55:05,194 : episode: 143 score: 177.5 100 games avg: 177.5 steps 86 
INFO : 2021-02-02 10:55:19,275 : episode: 144 score: 180.2 100 games avg: 180.2 steps 86 
INFO : 2021-02-02 10:55:33,514 : episode: 145 score: 185.7 100 games avg: 185.7 steps 87 
INFO : 2021-02-02 10:55:47,549 : episode: 146 score: 170.5 100 games avg: 170.5 steps 85 
INFO : 2021-02-02 10:56:01,714 : episode: 147 score: 179.8 100 games avg: 179.8 steps 86 
INFO : 2021-02-02 10:56:15,784 : episode: 148 score: 176.3 100 games avg: 176.3 steps 85 
INFO : 2021-02-02 10:56:29,952 : episode: 149 score: 174.9 100 games avg: 174.9 steps 86 
INFO : 2021-02-02 10:56:44,244 : episode: 150 score: 179.6 100 games avg: 179.6 steps 86 
INFO : 2021-02-02 10:56:58,580 : episode: 151 score: 180.9 100 games avg: 180.9 steps 86 
INFO : 2021-02-02 10:57:12,566 : episode: 152 score: 176.1 100 games avg: 176.1 steps 85 
INFO : 2021-02-02 10:57:27,090 : episode: 153 score: 173.6 100 games avg: 173.6 steps 86 
INFO : 2021-02-02 10:57:41,630 : episode: 154 score: 171.1 100 games avg: 171.1 steps 87 
INFO : 2021-02-02 10:57:55,950 : episode: 155 score: 170.3 100 games avg: 170.3 steps 86 
INFO : 2021-02-02 10:58:10,310 : episode: 156 score: 168.4 100 games avg: 168.4 steps 86 
INFO : 2021-02-02 10:58:24,692 : episode: 157 score: 168.7 100 games avg: 168.7 steps 86 
INFO : 2021-02-02 10:58:38,746 : episode: 158 score: 176.7 100 games avg: 176.7 steps 83 
INFO : 2021-02-02 10:58:53,255 : episode: 159 score: 171.9 100 games avg: 171.9 steps 86 
INFO : 2021-02-02 10:59:07,808 : episode: 160 score: 179.0 100 games avg: 179.0 steps 86 
INFO : 2021-02-02 10:59:22,450 : episode: 161 score: 172.0 100 games avg: 172.0 steps 87 
INFO : 2021-02-02 10:59:37,343 : episode: 162 score: 178.8 100 games avg: 178.8 steps 88 
INFO : 2021-02-02 10:59:51,908 : episode: 163 score: 178.8 100 games avg: 178.8 steps 86 
INFO : 2021-02-02 11:00:06,646 : episode: 164 score: 180.6 100 games avg: 180.6 steps 87 
INFO : 2021-02-02 11:00:21,309 : episode: 165 score: 176.2 100 games avg: 176.2 steps 87 
INFO : 2021-02-02 11:00:35,765 : episode: 166 score: 176.5 100 games avg: 176.5 steps 85 
INFO : 2021-02-02 11:00:50,336 : episode: 167 score: 174.5 100 games avg: 174.5 steps 86 
INFO : 2021-02-02 11:01:05,102 : episode: 168 score: 181.1 100 games avg: 181.1 steps 87 
INFO : 2021-02-02 11:01:20,302 : episode: 169 score: 181.9 100 games avg: 181.9 steps 90 
INFO : 2021-02-02 11:01:35,520 : episode: 170 score: 180.4 100 games avg: 180.4 steps 89 
INFO : 2021-02-02 11:01:51,012 : episode: 171 score: 184.6 100 games avg: 184.6 steps 91 
INFO : 2021-02-02 11:02:06,221 : episode: 172 score: 181.3 100 games avg: 181.3 steps 89 
INFO : 2021-02-02 11:02:21,512 : episode: 173 score: 176.9 100 games avg: 176.9 steps 89 
INFO : 2021-02-02 11:02:36,812 : episode: 174 score: 184.5 100 games avg: 184.5 steps 89 
INFO : 2021-02-02 11:02:52,153 : episode: 175 score: 178.7 100 games avg: 178.7 steps 89 
INFO : 2021-02-02 11:03:07,740 : episode: 176 score: 182.1 100 games avg: 182.1 steps 91 
INFO : 2021-02-02 11:03:23,083 : episode: 177 score: 183.0 100 games avg: 183.0 steps 89 
INFO : 2021-02-02 11:03:38,448 : episode: 178 score: 180.0 100 games avg: 180.0 steps 90 
INFO : 2021-02-02 11:03:53,892 : episode: 179 score: 179.6 100 games avg: 179.6 steps 89 
INFO : 2021-02-02 11:04:09,395 : episode: 180 score: 184.1 100 games avg: 184.1 steps 90 
INFO : 2021-02-02 11:04:24,280 : episode: 181 score: 178.6 100 games avg: 178.6 steps 85 
INFO : 2021-02-02 11:04:39,514 : episode: 182 score: 181.5 100 games avg: 181.5 steps 87 
INFO : 2021-02-02 11:04:55,027 : episode: 183 score: 176.6 100 games avg: 176.6 steps 89 
INFO : 2021-02-02 11:05:10,239 : episode: 184 score: 185.5 100 games avg: 185.5 steps 87 
INFO : 2021-02-02 11:05:25,586 : episode: 185 score: 182.3 100 games avg: 182.3 steps 87 
INFO : 2021-02-02 11:05:40,498 : episode: 186 score: 179.6 100 games avg: 179.6 steps 84 
INFO : 2021-02-02 11:05:55,920 : episode: 187 score: 181.4 100 games avg: 181.4 steps 87 
INFO : 2021-02-02 11:06:11,178 : episode: 188 score: 181.7 100 games avg: 181.7 steps 87 
INFO : 2021-02-02 11:06:26,678 : episode: 189 score: 189.3 100 games avg: 189.3 steps 88 
INFO : 2021-02-02 11:06:41,767 : episode: 190 score: 181.2 100 games avg: 181.2 steps 85 
INFO : 2021-02-02 11:06:57,090 : episode: 191 score: 186.7 100 games avg: 186.7 steps 86 
INFO : 2021-02-02 11:07:12,448 : episode: 192 score: 187.3 100 games avg: 187.3 steps 87 
INFO : 2021-02-02 11:07:27,751 : episode: 193 score: 181.3 100 games avg: 181.3 steps 86 
INFO : 2021-02-02 11:07:43,507 : episode: 194 score: 181.2 100 games avg: 181.2 steps 89 
INFO : 2021-02-02 11:07:59,563 : episode: 195 score: 201.1 100 games avg: 201.1 steps 91 
INFO : 2021-02-02 11:08:15,381 : episode: 196 score: 197.4 100 games avg: 197.4 steps 90 
INFO : 2021-02-02 11:08:31,222 : episode: 197 score: 198.1 100 games avg: 198.1 steps 89 
INFO : 2021-02-02 11:08:46,845 : episode: 198 score: 186.2 100 games avg: 186.2 steps 87 
INFO : 2021-02-02 11:09:02,755 : episode: 199 score: 188.0 100 games avg: 188.0 steps 91 
