INFO : 2021-01-18 13:21:56,637 : method: Model Predictive Contorol
INFO : 2021-01-18 13:21:56,637 : parameter n_steps: 100 ensemble_size: 5 env: HalfCheetah-v2
INFO : 2021-01-18 13:21:59,591 : mpc horizon: 10 mpc_samples: 100 elite_sample: 30 grad_steps: 10
INFO : 2021-01-18 13:21:59,591 : mpc_function policy
INFO : 2021-01-18 13:21:59,591 : policy
INFO : 2021-01-18 13:25:05,753 : episode: 0 score: -208.6 100 games avg: -208.6 steps 1000 
INFO : 2021-01-18 13:33:34,692 : episode: 1 score: -188.6 100 games avg: -188.6 steps 1000 
INFO : 2021-01-18 13:44:50,771 : episode: 2 score: -89.0 100 games avg: -89.0 steps 1000 
INFO : 2021-01-18 13:56:08,440 : episode: 3 score: -208.7 100 games avg: -208.7 steps 1000 
INFO : 2021-01-18 14:07:24,742 : episode: 4 score: -160.0 100 games avg: -160.0 steps 1000 
INFO : 2021-01-18 14:18:42,473 : episode: 5 score: -125.1 100 games avg: -125.1 steps 1000 
INFO : 2021-01-18 14:29:47,965 : episode: 6 score: -100.9 100 games avg: -100.9 steps 1000 
INFO : 2021-01-18 14:40:51,810 : episode: 7 score: -184.6 100 games avg: -184.6 steps 1000 
INFO : 2021-01-18 14:51:55,376 : episode: 8 score: -125.4 100 games avg: -125.4 steps 1000 
INFO : 2021-01-18 15:03:00,061 : episode: 9 score: -9.3 100 games avg: -9.3 steps 1000 
INFO : 2021-01-18 15:14:04,523 : episode: 10 score: -70.2 100 games avg: -70.2 steps 1000 
INFO : 2021-01-18 15:25:10,018 : episode: 11 score: -50.6 100 games avg: -50.6 steps 1000 
INFO : 2021-01-18 15:36:15,135 : episode: 12 score: 14.5 100 games avg: 14.5 steps 1000 
INFO : 2021-01-18 15:47:20,278 : episode: 13 score: 86.4 100 games avg: 86.4 steps 1000 
INFO : 2021-01-18 15:58:26,553 : episode: 14 score: 80.7 100 games avg: 80.7 steps 1000 
INFO : 2021-01-18 16:09:33,321 : episode: 15 score: 91.7 100 games avg: 91.7 steps 1000 
INFO : 2021-01-18 16:20:40,401 : episode: 16 score: 213.7 100 games avg: 213.7 steps 1000 
INFO : 2021-01-18 16:31:42,490 : episode: 17 score: 253.8 100 games avg: 253.8 steps 1000 
INFO : 2021-01-18 16:42:54,376 : episode: 18 score: 187.2 100 games avg: 187.2 steps 1000 
INFO : 2021-01-18 16:54:18,432 : episode: 19 score: 472.4 100 games avg: 472.4 steps 1000 
INFO : 2021-01-18 17:05:43,156 : episode: 20 score: 676.9 100 games avg: 676.9 steps 1000 
INFO : 2021-01-18 17:17:08,886 : episode: 21 score: 715.5 100 games avg: 715.5 steps 1000 
INFO : 2021-01-18 17:28:34,738 : episode: 22 score: 1019.8 100 games avg: 1019.8 steps 1000 
INFO : 2021-01-18 17:40:30,189 : episode: 23 score: 1006.3 100 games avg: 1006.3 steps 1000 
INFO : 2021-01-18 17:52:33,547 : episode: 24 score: 638.5 100 games avg: 638.5 steps 1000 
INFO : 2021-01-18 18:04:36,659 : episode: 25 score: 1261.8 100 games avg: 1261.8 steps 1000 
INFO : 2021-01-18 18:14:39,721 : episode: 26 score: 1265.2 100 games avg: 1265.2 steps 1000 
INFO : 2021-01-18 18:17:59,459 : episode: 27 score: 1207.4 100 games avg: 1207.4 steps 1000 
INFO : 2021-01-18 18:21:19,561 : episode: 28 score: 1281.8 100 games avg: 1281.8 steps 1000 
INFO : 2021-01-18 18:24:41,084 : episode: 29 score: 1237.7 100 games avg: 1237.7 steps 1000 
INFO : 2021-01-18 18:28:02,597 : episode: 30 score: 346.9 100 games avg: 346.9 steps 1000 
INFO : 2021-01-18 18:31:24,688 : episode: 31 score: 1255.8 100 games avg: 1255.8 steps 1000 
INFO : 2021-01-18 18:34:46,295 : episode: 32 score: 1576.4 100 games avg: 1576.4 steps 1000 
INFO : 2021-01-18 18:38:08,639 : episode: 33 score: 1484.2 100 games avg: 1484.2 steps 1000 
INFO : 2021-01-18 18:41:31,128 : episode: 34 score: 1257.7 100 games avg: 1257.7 steps 1000 
INFO : 2021-01-18 18:44:53,863 : episode: 35 score: 1124.2 100 games avg: 1124.2 steps 1000 
INFO : 2021-01-18 18:48:17,520 : episode: 36 score: 1168.3 100 games avg: 1168.3 steps 1000 
INFO : 2021-01-18 18:51:41,321 : episode: 37 score: 477.3 100 games avg: 477.3 steps 1000 
INFO : 2021-01-18 18:55:05,498 : episode: 38 score: 756.6 100 games avg: 756.6 steps 1000 
INFO : 2021-01-18 18:58:29,911 : episode: 39 score: 1568.0 100 games avg: 1568.0 steps 1000 
INFO : 2021-01-18 19:01:54,911 : episode: 40 score: 1171.7 100 games avg: 1171.7 steps 1000 
INFO : 2021-01-18 19:05:20,783 : episode: 41 score: 687.9 100 games avg: 687.9 steps 1000 
INFO : 2021-01-18 19:08:46,009 : episode: 42 score: 1738.5 100 games avg: 1738.5 steps 1000 
INFO : 2021-01-18 19:12:12,021 : episode: 43 score: 465.2 100 games avg: 465.2 steps 1000 
INFO : 2021-01-18 19:15:38,356 : episode: 44 score: 1123.9 100 games avg: 1123.9 steps 1000 
INFO : 2021-01-18 19:19:05,103 : episode: 45 score: 456.9 100 games avg: 456.9 steps 1000 
INFO : 2021-01-18 19:22:32,038 : episode: 46 score: 1834.4 100 games avg: 1834.4 steps 1000 
INFO : 2021-01-18 19:25:59,355 : episode: 47 score: 2002.1 100 games avg: 2002.1 steps 1000 
INFO : 2021-01-18 19:29:26,894 : episode: 48 score: 1251.4 100 games avg: 1251.4 steps 1000 
INFO : 2021-01-18 19:32:54,614 : episode: 49 score: 1888.2 100 games avg: 1888.2 steps 1000 
INFO : 2021-01-18 19:36:22,915 : episode: 50 score: 1673.3 100 games avg: 1673.3 steps 1000 
INFO : 2021-01-18 19:39:51,949 : episode: 51 score: 1920.1 100 games avg: 1920.1 steps 1000 
INFO : 2021-01-18 19:43:21,237 : episode: 52 score: 974.3 100 games avg: 974.3 steps 1000 
INFO : 2021-01-18 19:46:50,953 : episode: 53 score: 2064.9 100 games avg: 2064.9 steps 1000 
INFO : 2021-01-18 19:50:20,509 : episode: 54 score: 2013.7 100 games avg: 2013.7 steps 1000 
INFO : 2021-01-18 19:53:50,351 : episode: 55 score: 1950.4 100 games avg: 1950.4 steps 1000 
INFO : 2021-01-18 19:57:20,572 : episode: 56 score: 2214.9 100 games avg: 2214.9 steps 1000 
INFO : 2021-01-18 20:00:51,136 : episode: 57 score: 2138.0 100 games avg: 2138.0 steps 1000 
INFO : 2021-01-18 20:04:21,742 : episode: 58 score: 1993.2 100 games avg: 1993.2 steps 1000 
INFO : 2021-01-18 20:07:52,743 : episode: 59 score: 2213.2 100 games avg: 2213.2 steps 1000 
INFO : 2021-01-18 20:11:24,268 : episode: 60 score: 2209.7 100 games avg: 2209.7 steps 1000 
INFO : 2021-01-18 20:14:56,304 : episode: 61 score: 2311.5 100 games avg: 2311.5 steps 1000 
INFO : 2021-01-18 20:18:28,440 : episode: 62 score: 2426.8 100 games avg: 2426.8 steps 1000 
INFO : 2021-01-18 20:22:01,571 : episode: 63 score: 2327.0 100 games avg: 2327.0 steps 1000 
INFO : 2021-01-18 20:25:34,775 : episode: 64 score: 1276.3 100 games avg: 1276.3 steps 1000 
INFO : 2021-01-18 20:34:08,084 : episode: 65 score: 2341.8 100 games avg: 2341.8 steps 1000 
INFO : 2021-01-18 20:47:36,665 : episode: 66 score: 2434.1 100 games avg: 2434.1 steps 1000 
INFO : 2021-01-18 21:00:36,502 : episode: 67 score: 2573.7 100 games avg: 2573.7 steps 1000 
INFO : 2021-01-18 21:12:59,419 : episode: 68 score: 2480.8 100 games avg: 2480.8 steps 1000 
INFO : 2021-01-18 21:18:16,986 : episode: 69 score: 1401.1 100 games avg: 1401.1 steps 1000 
INFO : 2021-01-18 21:21:52,364 : episode: 70 score: 2346.2 100 games avg: 2346.2 steps 1000 
INFO : 2021-01-18 21:25:28,616 : episode: 71 score: 2528.1 100 games avg: 2528.1 steps 1000 
INFO : 2021-01-18 21:29:04,949 : episode: 72 score: 2500.6 100 games avg: 2500.6 steps 1000 
INFO : 2021-01-18 21:32:41,631 : episode: 73 score: 2573.8 100 games avg: 2573.8 steps 1000 
INFO : 2021-01-18 21:36:19,039 : episode: 74 score: 2694.9 100 games avg: 2694.9 steps 1000 
INFO : 2021-01-18 21:39:56,618 : episode: 75 score: 2652.1 100 games avg: 2652.1 steps 1000 
INFO : 2021-01-18 21:43:34,213 : episode: 76 score: 2686.4 100 games avg: 2686.4 steps 1000 
INFO : 2021-01-18 21:47:12,468 : episode: 77 score: 2771.7 100 games avg: 2771.7 steps 1000 
INFO : 2021-01-18 21:50:50,508 : episode: 78 score: 2606.4 100 games avg: 2606.4 steps 1000 
INFO : 2021-01-18 21:54:29,603 : episode: 79 score: 2735.3 100 games avg: 2735.3 steps 1000 
INFO : 2021-01-18 21:58:09,036 : episode: 80 score: 2670.1 100 games avg: 2670.1 steps 1000 
INFO : 2021-01-18 22:01:49,140 : episode: 81 score: 2006.8 100 games avg: 2006.8 steps 1000 
INFO : 2021-01-18 22:05:29,433 : episode: 82 score: 2578.2 100 games avg: 2578.2 steps 1000 
INFO : 2021-01-18 22:09:10,217 : episode: 83 score: 2940.0 100 games avg: 2940.0 steps 1000 
INFO : 2021-01-18 22:12:51,676 : episode: 84 score: 2324.2 100 games avg: 2324.2 steps 1000 
INFO : 2021-01-18 22:16:33,330 : episode: 85 score: 2750.5 100 games avg: 2750.5 steps 1000 
INFO : 2021-01-18 22:20:15,191 : episode: 86 score: 2755.1 100 games avg: 2755.1 steps 1000 
INFO : 2021-01-18 22:23:56,470 : episode: 87 score: 2908.8 100 games avg: 2908.8 steps 1000 
INFO : 2021-01-18 22:27:39,298 : episode: 88 score: 2783.3 100 games avg: 2783.3 steps 1000 
INFO : 2021-01-18 22:31:22,332 : episode: 89 score: 2963.4 100 games avg: 2963.4 steps 1000 
INFO : 2021-01-18 22:35:05,491 : episode: 90 score: 3039.5 100 games avg: 3039.5 steps 1000 
INFO : 2021-01-18 22:38:49,142 : episode: 91 score: 2934.9 100 games avg: 2934.9 steps 1000 
INFO : 2021-01-18 22:42:33,450 : episode: 92 score: 2918.8 100 games avg: 2918.8 steps 1000 
INFO : 2021-01-18 22:46:17,872 : episode: 93 score: 3007.8 100 games avg: 3007.8 steps 1000 
INFO : 2021-01-18 22:50:04,378 : episode: 94 score: 3045.1 100 games avg: 3045.1 steps 1000 
INFO : 2021-01-18 22:53:51,246 : episode: 95 score: 2835.2 100 games avg: 2835.2 steps 1000 
INFO : 2021-01-18 22:57:38,473 : episode: 96 score: 3138.3 100 games avg: 3138.3 steps 1000 
INFO : 2021-01-18 23:01:25,849 : episode: 97 score: 3117.3 100 games avg: 3117.3 steps 1000 
INFO : 2021-01-18 23:05:14,267 : episode: 98 score: 3051.2 100 games avg: 3051.2 steps 1000 
INFO : 2021-01-18 23:09:02,896 : episode: 99 score: 3253.4 100 games avg: 3253.4 steps 1000 
