INFO : 2021-01-19 20:38:35,478 : method: Model Predictive Contorol
INFO : 2021-01-19 20:38:35,478 : parameter n_steps: 100 ensemble_size: 5 env: HalfCheetah-v2
INFO : 2021-01-19 20:38:38,181 : mpc horizon: 10 mpc_samples: 100 elite_sample: 30 grad_steps: 10
INFO : 2021-01-19 20:38:38,181 : mpc_function policy
INFO : 2021-01-19 20:38:38,181 : policy
INFO : 2021-01-19 20:41:32,460 : episode: 0 score: -182.8 100 games avg: -182.8 steps 1000 
INFO : 2021-01-19 20:44:29,770 : episode: 1 score: -93.5 100 games avg: -93.5 steps 1000 
INFO : 2021-01-19 20:47:27,429 : episode: 2 score: -52.8 100 games avg: -52.8 steps 1000 
INFO : 2021-01-19 20:50:25,167 : episode: 3 score: -178.9 100 games avg: -178.9 steps 1000 
INFO : 2021-01-19 20:53:23,603 : episode: 4 score: -233.3 100 games avg: -233.3 steps 1000 
INFO : 2021-01-19 20:56:22,128 : episode: 5 score: -149.2 100 games avg: -149.2 steps 1000 
INFO : 2021-01-19 20:59:21,514 : episode: 6 score: -68.1 100 games avg: -68.1 steps 1000 
INFO : 2021-01-19 21:02:21,209 : episode: 7 score: -140.4 100 games avg: -140.4 steps 1000 
INFO : 2021-01-19 21:05:21,337 : episode: 8 score: -145.2 100 games avg: -145.2 steps 1000 
INFO : 2021-01-19 21:08:21,294 : episode: 9 score: -136.8 100 games avg: -136.8 steps 1000 
INFO : 2021-01-19 21:11:21,305 : episode: 10 score: -178.9 100 games avg: -178.9 steps 1000 
INFO : 2021-01-19 21:14:23,641 : episode: 11 score: 35.4 100 games avg: 35.4 steps 1000 
INFO : 2021-01-19 21:17:25,483 : episode: 12 score: -16.5 100 games avg: -16.5 steps 1000 
INFO : 2021-01-19 21:20:27,419 : episode: 13 score: 223.5 100 games avg: 223.5 steps 1000 
INFO : 2021-01-19 21:23:29,107 : episode: 14 score: 259.8 100 games avg: 259.8 steps 1000 
INFO : 2021-01-19 21:26:31,795 : episode: 15 score: 447.8 100 games avg: 447.8 steps 1000 
INFO : 2021-01-19 21:29:47,644 : episode: 16 score: 35.2 100 games avg: 35.2 steps 1000 
INFO : 2021-01-19 21:43:05,309 : episode: 17 score: 721.6 100 games avg: 721.6 steps 1000 
INFO : 2021-01-19 21:56:20,347 : episode: 18 score: 817.5 100 games avg: 817.5 steps 1000 
INFO : 2021-01-19 22:08:36,107 : episode: 19 score: 829.9 100 games avg: 829.9 steps 1000 
INFO : 2021-01-19 22:20:19,379 : episode: 20 score: 937.8 100 games avg: 937.8 steps 1000 
INFO : 2021-01-19 22:29:57,620 : episode: 21 score: 888.0 100 games avg: 888.0 steps 1000 
INFO : 2021-01-19 22:32:57,676 : episode: 22 score: 1258.5 100 games avg: 1258.5 steps 1000 
INFO : 2021-01-19 22:35:58,040 : episode: 23 score: 157.5 100 games avg: 157.5 steps 1000 
INFO : 2021-01-19 22:39:02,563 : episode: 24 score: 1370.7 100 games avg: 1370.7 steps 1000 
INFO : 2021-01-19 22:42:09,224 : episode: 25 score: 1570.8 100 games avg: 1570.8 steps 1000 
INFO : 2021-01-19 22:45:16,079 : episode: 26 score: 1765.2 100 games avg: 1765.2 steps 1000 
INFO : 2021-01-19 22:48:23,649 : episode: 27 score: 1743.5 100 games avg: 1743.5 steps 1000 
INFO : 2021-01-19 22:51:31,536 : episode: 28 score: 2206.5 100 games avg: 2206.5 steps 1000 
INFO : 2021-01-19 22:54:37,131 : episode: 29 score: 1781.6 100 games avg: 1781.6 steps 1000 
INFO : 2021-01-19 22:57:45,140 : episode: 30 score: 2231.3 100 games avg: 2231.3 steps 1000 
INFO : 2021-01-19 23:00:53,503 : episode: 31 score: 2096.1 100 games avg: 2096.1 steps 1000 
INFO : 2021-01-19 23:04:06,248 : episode: 32 score: 2042.0 100 games avg: 2042.0 steps 1000 
INFO : 2021-01-19 23:07:15,745 : episode: 33 score: 2140.3 100 games avg: 2140.3 steps 1000 
INFO : 2021-01-19 23:10:25,142 : episode: 34 score: 2358.9 100 games avg: 2358.9 steps 1000 
INFO : 2021-01-19 23:13:34,415 : episode: 35 score: 1607.3 100 games avg: 1607.3 steps 1000 
INFO : 2021-01-19 23:16:44,646 : episode: 36 score: 2174.2 100 games avg: 2174.2 steps 1000 
INFO : 2021-01-19 23:19:54,812 : episode: 37 score: 2524.3 100 games avg: 2524.3 steps 1000 
INFO : 2021-01-19 23:23:06,004 : episode: 38 score: 2476.0 100 games avg: 2476.0 steps 1000 
INFO : 2021-01-19 23:26:18,233 : episode: 39 score: 2523.5 100 games avg: 2523.5 steps 1000 
INFO : 2021-01-19 23:29:30,341 : episode: 40 score: 2561.4 100 games avg: 2561.4 steps 1000 
INFO : 2021-01-19 23:32:43,280 : episode: 41 score: 2834.9 100 games avg: 2834.9 steps 1000 
INFO : 2021-01-19 23:35:55,421 : episode: 42 score: 2628.6 100 games avg: 2628.6 steps 1000 
INFO : 2021-01-19 23:39:08,584 : episode: 43 score: 2735.4 100 games avg: 2735.4 steps 1000 
INFO : 2021-01-19 23:42:19,070 : episode: 44 score: 1649.3 100 games avg: 1649.3 steps 1000 
INFO : 2021-01-19 23:45:32,244 : episode: 45 score: 3103.7 100 games avg: 3103.7 steps 1000 
INFO : 2021-01-19 23:48:46,289 : episode: 46 score: 2963.6 100 games avg: 2963.6 steps 1000 
INFO : 2021-01-19 23:52:00,524 : episode: 47 score: 2977.5 100 games avg: 2977.5 steps 1000 
INFO : 2021-01-19 23:55:11,931 : episode: 48 score: 2875.3 100 games avg: 2875.3 steps 1000 
INFO : 2021-01-19 23:58:28,854 : episode: 49 score: 3216.2 100 games avg: 3216.2 steps 1000 
INFO : 2021-01-20 00:01:44,923 : episode: 50 score: 2889.1 100 games avg: 2889.1 steps 1000 
INFO : 2021-01-20 00:04:58,827 : episode: 51 score: 2841.4 100 games avg: 2841.4 steps 1000 
INFO : 2021-01-20 00:08:14,312 : episode: 52 score: 3125.8 100 games avg: 3125.8 steps 1000 
INFO : 2021-01-20 00:11:30,466 : episode: 53 score: 3061.1 100 games avg: 3061.1 steps 1000 
INFO : 2021-01-20 00:14:48,020 : episode: 54 score: 2816.8 100 games avg: 2816.8 steps 1000 
INFO : 2021-01-20 00:18:02,399 : episode: 55 score: 3212.1 100 games avg: 3212.1 steps 1000 
INFO : 2021-01-20 00:21:16,993 : episode: 56 score: 2823.5 100 games avg: 2823.5 steps 1000 
INFO : 2021-01-20 00:24:36,296 : episode: 57 score: 3028.6 100 games avg: 3028.6 steps 1000 
INFO : 2021-01-20 00:27:55,605 : episode: 58 score: 1193.5 100 games avg: 1193.5 steps 1000 
INFO : 2021-01-20 00:31:14,274 : episode: 59 score: 2751.5 100 games avg: 2751.5 steps 1000 
INFO : 2021-01-20 00:34:32,655 : episode: 60 score: 3263.9 100 games avg: 3263.9 steps 1000 
INFO : 2021-01-20 00:37:56,173 : episode: 61 score: 3237.3 100 games avg: 3237.3 steps 1000 
INFO : 2021-01-20 00:41:14,172 : episode: 62 score: 3147.0 100 games avg: 3147.0 steps 1000 
INFO : 2021-01-20 00:44:34,984 : episode: 63 score: 3165.4 100 games avg: 3165.4 steps 1000 
INFO : 2021-01-20 00:47:56,405 : episode: 64 score: 3265.5 100 games avg: 3265.5 steps 1000 
INFO : 2021-01-20 00:51:18,419 : episode: 65 score: 1241.2 100 games avg: 1241.2 steps 1000 
INFO : 2021-01-20 00:54:40,119 : episode: 66 score: 1643.1 100 games avg: 1643.1 steps 1000 
INFO : 2021-01-20 00:58:03,282 : episode: 67 score: 3256.0 100 games avg: 3256.0 steps 1000 
INFO : 2021-01-20 01:01:26,208 : episode: 68 score: 3328.0 100 games avg: 3328.0 steps 1000 
INFO : 2021-01-20 01:04:49,691 : episode: 69 score: 3281.6 100 games avg: 3281.6 steps 1000 
INFO : 2021-01-20 01:08:12,698 : episode: 70 score: 3461.5 100 games avg: 3461.5 steps 1000 
INFO : 2021-01-20 01:11:30,385 : episode: 71 score: 3062.1 100 games avg: 3062.1 steps 1000 
INFO : 2021-01-20 01:14:54,606 : episode: 72 score: 3262.1 100 games avg: 3262.1 steps 1000 
INFO : 2021-01-20 01:18:19,647 : episode: 73 score: 1135.2 100 games avg: 1135.2 steps 1000 
INFO : 2021-01-20 01:21:44,934 : episode: 74 score: 3412.5 100 games avg: 3412.5 steps 1000 
INFO : 2021-01-20 01:25:12,655 : episode: 75 score: 2448.2 100 games avg: 2448.2 steps 1000 
INFO : 2021-01-20 01:28:38,490 : episode: 76 score: 2113.9 100 games avg: 2113.9 steps 1000 
INFO : 2021-01-20 01:32:04,179 : episode: 77 score: 3128.6 100 games avg: 3128.6 steps 1000 
INFO : 2021-01-20 01:35:30,129 : episode: 78 score: 3533.0 100 games avg: 3533.0 steps 1000 
INFO : 2021-01-20 01:38:49,750 : episode: 79 score: 3444.7 100 games avg: 3444.7 steps 1000 
INFO : 2021-01-20 01:42:16,803 : episode: 80 score: 2299.6 100 games avg: 2299.6 steps 1000 
INFO : 2021-01-20 01:45:45,167 : episode: 81 score: 3419.9 100 games avg: 3419.9 steps 1000 
INFO : 2021-01-20 01:49:13,005 : episode: 82 score: 3201.3 100 games avg: 3201.3 steps 1000 
INFO : 2021-01-20 01:52:41,550 : episode: 83 score: 3447.9 100 games avg: 3447.9 steps 1000 
INFO : 2021-01-20 01:56:10,577 : episode: 84 score: 3425.6 100 games avg: 3425.6 steps 1000 
INFO : 2021-01-20 01:59:39,231 : episode: 85 score: 3549.1 100 games avg: 3549.1 steps 1000 
INFO : 2021-01-20 02:03:02,335 : episode: 86 score: 3656.3 100 games avg: 3656.3 steps 1000 
INFO : 2021-01-20 02:06:32,380 : episode: 87 score: 3457.3 100 games avg: 3457.3 steps 1000 
INFO : 2021-01-20 02:10:02,946 : episode: 88 score: 809.6 100 games avg: 809.6 steps 1000 
INFO : 2021-01-20 02:13:33,247 : episode: 89 score: 2510.1 100 games avg: 2510.1 steps 1000 
INFO : 2021-01-20 02:17:03,993 : episode: 90 score: 179.6 100 games avg: 179.6 steps 1000 
INFO : 2021-01-20 02:20:33,349 : episode: 91 score: 3417.5 100 games avg: 3417.5 steps 1000 
INFO : 2021-01-20 02:24:05,085 : episode: 92 score: 3564.8 100 games avg: 3564.8 steps 1000 
INFO : 2021-01-20 02:27:36,619 : episode: 93 score: 3660.3 100 games avg: 3660.3 steps 1000 
INFO : 2021-01-20 02:30:52,452 : episode: 94 score: 3754.2 100 games avg: 3754.2 steps 1000 
INFO : 2021-01-20 02:34:24,854 : episode: 95 score: 3857.3 100 games avg: 3857.3 steps 1000 
INFO : 2021-01-20 02:37:54,272 : episode: 96 score: 3691.9 100 games avg: 3691.9 steps 1000 
INFO : 2021-01-20 02:41:28,049 : episode: 97 score: 3731.9 100 games avg: 3731.9 steps 1000 
INFO : 2021-01-20 02:45:02,144 : episode: 98 score: 3622.5 100 games avg: 3622.5 steps 1000 
INFO : 2021-01-20 02:48:36,926 : episode: 99 score: 3691.0 100 games avg: 3691.0 steps 1000 
