INFO : 2021-01-28 21:52:13,227 : method: Model Predictive Contorol
INFO : 2021-01-28 21:52:13,228 : parameter n_steps: 200 ensemble_size: 5 env: Ant-v2
INFO : 2021-01-28 21:52:15,928 : mpc horizon: 5 mpc_samples: 100 elite_sample: 30 grad_steps: 10
INFO : 2021-01-28 21:52:15,928 : mpc_function policy-gamma
INFO : 2021-01-28 21:52:15,928 : policy-gamma
INFO : 2021-01-28 21:52:42,922 : episode: 0 score: 249.8 100 games avg: 249.8 steps 308 
INFO : 2021-01-28 21:53:00,489 : episode: 1 score: -119.1 100 games avg: -119.1 steps 172 
INFO : 2021-01-28 21:53:02,338 : episode: 2 score: 4.2 100 games avg: 4.2 steps 17 
INFO : 2021-01-28 21:53:06,162 : episode: 3 score: -40.9 100 games avg: -40.9 steps 36 
INFO : 2021-01-28 21:53:18,346 : episode: 4 score: -86.6 100 games avg: -86.6 steps 118 
INFO : 2021-01-28 21:53:22,524 : episode: 5 score: -20.9 100 games avg: -20.9 steps 38 
INFO : 2021-01-28 21:53:29,099 : episode: 6 score: -66.3 100 games avg: -66.3 steps 64 
INFO : 2021-01-28 21:53:41,237 : episode: 7 score: -50.8 100 games avg: -50.8 steps 118 
INFO : 2021-01-28 21:53:53,041 : episode: 8 score: -22.9 100 games avg: -22.9 steps 115 
INFO : 2021-01-28 21:55:35,732 : episode: 9 score: -3.0 100 games avg: -3.0 steps 1000 
INFO : 2021-01-28 21:57:19,271 : episode: 10 score: 288.5 100 games avg: 288.5 steps 1000 
INFO : 2021-01-28 21:59:02,805 : episode: 11 score: 515.4 100 games avg: 515.4 steps 1000 
INFO : 2021-01-28 22:00:46,289 : episode: 12 score: 465.2 100 games avg: 465.2 steps 1000 
INFO : 2021-01-28 22:02:31,044 : episode: 13 score: 517.7 100 games avg: 517.7 steps 1000 
INFO : 2021-01-28 22:04:15,292 : episode: 14 score: 622.5 100 games avg: 622.5 steps 1000 
INFO : 2021-01-28 22:05:59,185 : episode: 15 score: 520.5 100 games avg: 520.5 steps 1000 
INFO : 2021-01-28 22:06:41,260 : episode: 16 score: 249.8 100 games avg: 249.8 steps 384 
INFO : 2021-01-28 22:08:26,046 : episode: 17 score: 601.3 100 games avg: 601.3 steps 1000 
INFO : 2021-01-28 22:09:13,785 : episode: 18 score: 250.9 100 games avg: 250.9 steps 437 
INFO : 2021-01-28 22:10:57,285 : episode: 19 score: 568.1 100 games avg: 568.1 steps 1000 
INFO : 2021-01-28 22:12:40,624 : episode: 20 score: 581.9 100 games avg: 581.9 steps 1000 
INFO : 2021-01-28 22:14:23,865 : episode: 21 score: 533.8 100 games avg: 533.8 steps 1000 
INFO : 2021-01-28 22:15:54,806 : episode: 22 score: 480.1 100 games avg: 480.1 steps 883 
INFO : 2021-01-28 22:17:38,086 : episode: 23 score: 651.0 100 games avg: 651.0 steps 1000 
INFO : 2021-01-28 22:19:23,360 : episode: 24 score: 532.4 100 games avg: 532.4 steps 1000 
INFO : 2021-01-28 22:19:48,265 : episode: 25 score: 132.0 100 games avg: 132.0 steps 208 
INFO : 2021-01-28 22:21:33,230 : episode: 26 score: 594.4 100 games avg: 594.4 steps 1000 
INFO : 2021-01-28 22:22:44,655 : episode: 27 score: 510.2 100 games avg: 510.2 steps 663 
INFO : 2021-01-28 22:24:29,968 : episode: 28 score: 557.3 100 games avg: 557.3 steps 1000 
INFO : 2021-01-28 22:26:14,127 : episode: 29 score: 571.8 100 games avg: 571.8 steps 1000 
INFO : 2021-01-28 22:27:59,793 : episode: 30 score: 608.1 100 games avg: 608.1 steps 1000 
INFO : 2021-01-28 22:29:44,960 : episode: 31 score: 548.8 100 games avg: 548.8 steps 1000 
INFO : 2021-01-28 22:31:30,282 : episode: 32 score: 693.3 100 games avg: 693.3 steps 1000 
INFO : 2021-01-28 22:33:16,571 : episode: 33 score: 553.0 100 games avg: 553.0 steps 1000 
INFO : 2021-01-28 22:35:03,520 : episode: 34 score: 691.5 100 games avg: 691.5 steps 1000 
INFO : 2021-01-28 22:36:49,993 : episode: 35 score: 804.0 100 games avg: 804.0 steps 1000 
INFO : 2021-01-28 22:37:52,395 : episode: 36 score: 394.9 100 games avg: 394.9 steps 548 
INFO : 2021-01-28 22:39:40,389 : episode: 37 score: 551.7 100 games avg: 551.7 steps 1000 
INFO : 2021-01-28 22:40:34,720 : episode: 38 score: 394.4 100 games avg: 394.4 steps 469 
INFO : 2021-01-28 22:42:22,677 : episode: 39 score: 603.8 100 games avg: 603.8 steps 1000 
INFO : 2021-01-28 22:44:10,466 : episode: 40 score: 579.3 100 games avg: 579.3 steps 1000 
INFO : 2021-01-28 22:44:32,812 : episode: 41 score: 154.0 100 games avg: 154.0 steps 147 
INFO : 2021-01-28 22:46:20,139 : episode: 42 score: 553.1 100 games avg: 553.1 steps 1000 
INFO : 2021-01-28 22:48:09,165 : episode: 43 score: 548.0 100 games avg: 548.0 steps 1000 
INFO : 2021-01-28 22:49:32,477 : episode: 44 score: 468.2 100 games avg: 468.2 steps 743 
INFO : 2021-01-28 22:51:21,662 : episode: 45 score: 555.8 100 games avg: 555.8 steps 1000 
INFO : 2021-01-28 22:53:12,117 : episode: 46 score: 837.4 100 games avg: 837.4 steps 1000 
INFO : 2021-01-28 22:53:50,098 : episode: 47 score: 258.7 100 games avg: 258.7 steps 285 
INFO : 2021-01-28 22:55:39,139 : episode: 48 score: 658.5 100 games avg: 658.5 steps 1000 
INFO : 2021-01-28 22:56:57,983 : episode: 49 score: 586.1 100 games avg: 586.1 steps 690 
INFO : 2021-01-28 22:58:47,841 : episode: 50 score: 775.1 100 games avg: 775.1 steps 1000 
INFO : 2021-01-28 23:00:38,217 : episode: 51 score: 662.6 100 games avg: 662.6 steps 1000 
INFO : 2021-01-28 23:02:28,414 : episode: 52 score: 602.2 100 games avg: 602.2 steps 1000 
INFO : 2021-01-28 23:04:19,034 : episode: 53 score: 521.0 100 games avg: 521.0 steps 1000 
INFO : 2021-01-28 23:05:11,188 : episode: 54 score: 372.3 100 games avg: 372.3 steps 403 
INFO : 2021-01-28 23:05:26,275 : episode: 55 score: 33.1 100 games avg: 33.1 steps 38 
INFO : 2021-01-28 23:07:17,642 : episode: 56 score: 797.1 100 games avg: 797.1 steps 1000 
INFO : 2021-01-28 23:08:11,494 : episode: 57 score: 516.3 100 games avg: 516.3 steps 427 
INFO : 2021-01-28 23:08:26,656 : episode: 58 score: 43.8 100 games avg: 43.8 steps 39 
INFO : 2021-01-28 23:09:07,583 : episode: 59 score: 301.1 100 games avg: 301.1 steps 293 
INFO : 2021-01-28 23:10:59,191 : episode: 60 score: 634.0 100 games avg: 634.0 steps 1000 
INFO : 2021-01-28 23:12:51,847 : episode: 61 score: 613.8 100 games avg: 613.8 steps 1000 
INFO : 2021-01-28 23:14:44,938 : episode: 62 score: 580.0 100 games avg: 580.0 steps 1000 
INFO : 2021-01-28 23:16:38,167 : episode: 63 score: 579.6 100 games avg: 579.6 steps 1000 
INFO : 2021-01-28 23:16:56,033 : episode: 64 score: 46.2 100 games avg: 46.2 steps 50 
INFO : 2021-01-28 23:17:10,924 : episode: 65 score: 31.0 100 games avg: 31.0 steps 25 
INFO : 2021-01-28 23:19:03,849 : episode: 66 score: 648.8 100 games avg: 648.8 steps 1000 
INFO : 2021-01-28 23:20:30,667 : episode: 67 score: 732.4 100 games avg: 732.4 steps 733 
INFO : 2021-01-28 23:22:24,229 : episode: 68 score: 738.3 100 games avg: 738.3 steps 1000 
INFO : 2021-01-28 23:22:43,138 : episode: 69 score: 60.6 100 games avg: 60.6 steps 60 
INFO : 2021-01-28 23:24:36,488 : episode: 70 score: 621.0 100 games avg: 621.0 steps 1000 
INFO : 2021-01-28 23:25:48,599 : episode: 71 score: 500.7 100 games avg: 500.7 steps 580 
INFO : 2021-01-28 23:27:41,989 : episode: 72 score: 538.9 100 games avg: 538.9 steps 1000 
INFO : 2021-01-28 23:29:36,614 : episode: 73 score: 607.7 100 games avg: 607.7 steps 1000 
INFO : 2021-01-28 23:30:38,848 : episode: 74 score: 373.9 100 games avg: 373.9 steps 480 
INFO : 2021-01-28 23:31:34,494 : episode: 75 score: 440.9 100 games avg: 440.9 steps 417 
INFO : 2021-01-28 23:31:52,586 : episode: 76 score: 15.1 100 games avg: 15.1 steps 39 
INFO : 2021-01-28 23:33:47,314 : episode: 77 score: 568.7 100 games avg: 568.7 steps 1000 
INFO : 2021-01-28 23:35:08,884 : episode: 78 score: 702.4 100 games avg: 702.4 steps 649 
INFO : 2021-01-28 23:35:27,664 : episode: 79 score: 11.7 100 games avg: 11.7 steps 22 
INFO : 2021-01-28 23:35:58,343 : episode: 80 score: 144.4 100 games avg: 144.4 steps 109 
INFO : 2021-01-28 23:38:11,390 : episode: 81 score: 649.0 100 games avg: 649.0 steps 1000 
INFO : 2021-01-28 23:38:33,401 : episode: 82 score: 41.8 100 games avg: 41.8 steps 41 
INFO : 2021-01-28 23:39:05,015 : episode: 83 score: 113.7 100 games avg: 113.7 steps 145 
INFO : 2021-01-28 23:41:13,419 : episode: 84 score: 491.5 100 games avg: 491.5 steps 1000 
INFO : 2021-01-28 23:43:16,983 : episode: 85 score: 1077.3 100 games avg: 1077.3 steps 1000 
INFO : 2021-01-28 23:45:21,142 : episode: 86 score: 821.0 100 games avg: 821.0 steps 1000 
INFO : 2021-01-28 23:46:24,155 : episode: 87 score: 473.3 100 games avg: 473.3 steps 428 
INFO : 2021-01-28 23:48:30,080 : episode: 88 score: 674.8 100 games avg: 674.8 steps 1000 
INFO : 2021-01-28 23:50:36,373 : episode: 89 score: 641.2 100 games avg: 641.2 steps 1000 
INFO : 2021-01-28 23:52:01,715 : episode: 90 score: 600.6 100 games avg: 600.6 steps 589 
INFO : 2021-01-28 23:52:49,722 : episode: 91 score: 251.6 100 games avg: 251.6 steps 263 
INFO : 2021-01-28 23:55:02,229 : episode: 92 score: 514.7 100 games avg: 514.7 steps 1000 
INFO : 2021-01-28 23:56:07,019 : episode: 93 score: 365.9 100 games avg: 365.9 steps 340 
INFO : 2021-01-28 23:56:35,698 : episode: 94 score: 97.6 100 games avg: 97.6 steps 79 
INFO : 2021-01-28 23:57:50,515 : episode: 95 score: 576.1 100 games avg: 576.1 steps 485 
INFO : 2021-01-28 23:59:57,595 : episode: 96 score: 584.6 100 games avg: 584.6 steps 1000 
INFO : 2021-01-29 00:02:05,270 : episode: 97 score: 620.9 100 games avg: 620.9 steps 1000 
INFO : 2021-01-29 00:02:30,455 : episode: 98 score: 32.8 100 games avg: 32.8 steps 40 
INFO : 2021-01-29 00:04:47,519 : episode: 99 score: 721.6 100 games avg: 721.6 steps 1000 
INFO : 2021-01-29 00:05:44,664 : episode: 100 score: 271.4 100 games avg: 271.4 steps 215 
INFO : 2021-01-29 00:06:25,800 : episode: 101 score: 216.9 100 games avg: 216.9 steps 199 
INFO : 2021-01-29 00:08:38,698 : episode: 102 score: 844.6 100 games avg: 844.6 steps 1000 
INFO : 2021-01-29 00:10:47,886 : episode: 103 score: 935.1 100 games avg: 935.1 steps 1000 
INFO : 2021-01-29 00:11:27,653 : episode: 104 score: 254.2 100 games avg: 254.2 steps 180 
INFO : 2021-01-29 00:11:55,367 : episode: 105 score: 70.6 100 games avg: 70.6 steps 61 
INFO : 2021-01-29 00:12:42,108 : episode: 106 score: 321.6 100 games avg: 321.6 steps 244 
INFO : 2021-01-29 00:15:06,410 : episode: 107 score: 854.2 100 games avg: 854.2 steps 1000 
INFO : 2021-01-29 00:15:52,043 : episode: 108 score: 200.2 100 games avg: 200.2 steps 207 
INFO : 2021-01-29 00:16:33,624 : episode: 109 score: 129.6 100 games avg: 129.6 steps 105 
INFO : 2021-01-29 00:18:43,947 : episode: 110 score: 667.5 100 games avg: 667.5 steps 1000 
INFO : 2021-01-29 00:20:53,812 : episode: 111 score: 163.2 100 games avg: 163.2 steps 1000 
INFO : 2021-01-29 00:23:04,170 : episode: 112 score: 740.0 100 games avg: 740.0 steps 1000 
INFO : 2021-01-29 00:24:06,234 : episode: 113 score: 440.4 100 games avg: 440.4 steps 377 
INFO : 2021-01-29 00:25:02,400 : episode: 114 score: 339.4 100 games avg: 339.4 steps 268 
INFO : 2021-01-29 00:25:43,851 : episode: 115 score: 237.2 100 games avg: 237.2 steps 158 
INFO : 2021-01-29 00:26:47,018 : episode: 116 score: 543.8 100 games avg: 543.8 steps 387 
INFO : 2021-01-29 00:27:36,624 : episode: 117 score: 227.5 100 games avg: 227.5 steps 170 
INFO : 2021-01-29 00:28:19,478 : episode: 118 score: 302.6 100 games avg: 302.6 steps 188 
INFO : 2021-01-29 00:30:30,866 : episode: 119 score: 545.9 100 games avg: 545.9 steps 1000 
INFO : 2021-01-29 00:32:37,293 : episode: 120 score: 1168.9 100 games avg: 1168.9 steps 941 
INFO : 2021-01-29 00:34:55,619 : episode: 121 score: 656.7 100 games avg: 656.7 steps 1000 
INFO : 2021-01-29 00:35:51,885 : episode: 122 score: 368.6 100 games avg: 368.6 steps 306 
INFO : 2021-01-29 00:36:41,296 : episode: 123 score: 234.6 100 games avg: 234.6 steps 158 
INFO : 2021-01-29 00:37:20,034 : episode: 124 score: 164.5 100 games avg: 164.5 steps 136 
INFO : 2021-01-29 00:38:07,485 : episode: 125 score: 56.7 100 games avg: 56.7 steps 43 
INFO : 2021-01-29 00:39:44,712 : episode: 126 score: 786.3 100 games avg: 786.3 steps 583 
INFO : 2021-01-29 00:40:53,943 : episode: 127 score: 502.8 100 games avg: 502.8 steps 382 
INFO : 2021-01-29 00:41:51,666 : episode: 128 score: 258.8 100 games avg: 258.8 steps 303 
INFO : 2021-01-29 00:44:11,064 : episode: 129 score: 624.4 100 games avg: 624.4 steps 1000 
INFO : 2021-01-29 00:46:24,032 : episode: 130 score: 1209.3 100 games avg: 1209.3 steps 1000 
INFO : 2021-01-29 00:48:38,100 : episode: 131 score: 708.1 100 games avg: 708.1 steps 1000 
INFO : 2021-01-29 00:50:52,649 : episode: 132 score: 1275.3 100 games avg: 1275.3 steps 1000 
INFO : 2021-01-29 00:53:18,760 : episode: 133 score: 678.7 100 games avg: 678.7 steps 1000 
INFO : 2021-01-29 00:55:34,221 : episode: 134 score: 825.8 100 games avg: 825.8 steps 1000 
INFO : 2021-01-29 00:56:32,823 : episode: 135 score: 428.7 100 games avg: 428.7 steps 303 
INFO : 2021-01-29 00:58:12,422 : episode: 136 score: 826.5 100 games avg: 826.5 steps 580 
INFO : 2021-01-29 00:59:09,406 : episode: 137 score: 408.0 100 games avg: 408.0 steps 287 
INFO : 2021-01-29 01:01:42,676 : episode: 138 score: 875.2 100 games avg: 875.2 steps 1000 
INFO : 2021-01-29 01:02:49,016 : episode: 139 score: 563.2 100 games avg: 563.2 steps 345 
INFO : 2021-01-29 01:05:12,148 : episode: 140 score: 561.8 100 games avg: 561.8 steps 1000 
INFO : 2021-01-29 01:06:03,243 : episode: 141 score: 188.0 100 games avg: 188.0 steps 139 
INFO : 2021-01-29 01:07:14,958 : episode: 142 score: 345.9 100 games avg: 345.9 steps 227 
INFO : 2021-01-29 01:08:02,752 : episode: 143 score: 256.6 100 games avg: 256.6 steps 192 
INFO : 2021-01-29 01:10:32,555 : episode: 144 score: 1258.6 100 games avg: 1258.6 steps 1000 
INFO : 2021-01-29 01:12:50,139 : episode: 145 score: 615.7 100 games avg: 615.7 steps 1000 
INFO : 2021-01-29 01:15:08,691 : episode: 146 score: 522.7 100 games avg: 522.7 steps 1000 
INFO : 2021-01-29 01:16:31,028 : episode: 147 score: 634.8 100 games avg: 634.8 steps 450 
INFO : 2021-01-29 01:17:16,876 : episode: 148 score: 349.9 100 games avg: 349.9 steps 161 
INFO : 2021-01-29 01:19:35,226 : episode: 149 score: 808.2 100 games avg: 808.2 steps 1000 
INFO : 2021-01-29 01:21:53,952 : episode: 150 score: 844.2 100 games avg: 844.2 steps 1000 
INFO : 2021-01-29 01:24:13,513 : episode: 151 score: 555.1 100 games avg: 555.1 steps 1000 
INFO : 2021-01-29 01:26:32,061 : episode: 152 score: 1300.5 100 games avg: 1300.5 steps 1000 
INFO : 2021-01-29 01:27:23,995 : episode: 153 score: 251.5 100 games avg: 251.5 steps 199 
INFO : 2021-01-29 01:28:33,357 : episode: 154 score: 435.1 100 games avg: 435.1 steps 320 
INFO : 2021-01-29 01:31:09,111 : episode: 155 score: 1197.4 100 games avg: 1197.4 steps 1000 
INFO : 2021-01-29 01:32:03,877 : episode: 156 score: 301.7 100 games avg: 301.7 steps 230 
INFO : 2021-01-29 01:34:45,251 : episode: 157 score: 988.3 100 games avg: 988.3 steps 1000 
INFO : 2021-01-29 01:35:43,281 : episode: 158 score: 280.6 100 games avg: 280.6 steps 208 
INFO : 2021-01-29 01:38:25,532 : episode: 159 score: 780.9 100 games avg: 780.9 steps 1000 
INFO : 2021-01-29 01:40:55,790 : episode: 160 score: 663.6 100 games avg: 663.6 steps 1000 
INFO : 2021-01-29 01:42:46,900 : episode: 161 score: 1057.6 100 games avg: 1057.6 steps 713 
INFO : 2021-01-29 01:45:11,626 : episode: 162 score: 643.7 100 games avg: 643.7 steps 1000 
INFO : 2021-01-29 01:47:46,505 : episode: 163 score: 1533.9 100 games avg: 1533.9 steps 1000 
INFO : 2021-01-29 01:50:10,105 : episode: 164 score: 574.8 100 games avg: 574.8 steps 1000 
INFO : 2021-01-29 01:50:56,810 : episode: 165 score: 161.9 100 games avg: 161.9 steps 112 
INFO : 2021-01-29 01:51:54,984 : episode: 166 score: 114.1 100 games avg: 114.1 steps 60 
INFO : 2021-01-29 01:53:14,704 : episode: 167 score: 852.6 100 games avg: 852.6 steps 455 
INFO : 2021-01-29 01:54:45,203 : episode: 168 score: 548.8 100 games avg: 548.8 steps 407 
INFO : 2021-01-29 01:55:29,785 : episode: 169 score: 166.4 100 games avg: 166.4 steps 95 
INFO : 2021-01-29 01:58:09,448 : episode: 170 score: 654.1 100 games avg: 654.1 steps 1000 
INFO : 2021-01-29 01:59:24,620 : episode: 171 score: 346.4 100 games avg: 346.4 steps 152 
INFO : 2021-01-29 02:01:50,844 : episode: 172 score: 606.6 100 games avg: 606.6 steps 1000 
INFO : 2021-01-29 02:04:14,951 : episode: 173 score: 1005.0 100 games avg: 1005.0 steps 1000 
INFO : 2021-01-29 02:05:29,901 : episode: 174 score: 599.5 100 games avg: 599.5 steps 323 
INFO : 2021-01-29 02:06:34,691 : episode: 175 score: 614.9 100 games avg: 614.9 steps 300 
INFO : 2021-01-29 02:07:13,241 : episode: 176 score: 80.7 100 games avg: 80.7 steps 46 
INFO : 2021-01-29 02:08:50,539 : episode: 177 score: 723.9 100 games avg: 723.9 steps 399 
INFO : 2021-01-29 02:09:42,028 : episode: 178 score: 289.1 100 games avg: 289.1 steps 166 
INFO : 2021-01-29 02:12:12,263 : episode: 179 score: 630.5 100 games avg: 630.5 steps 1000 
INFO : 2021-01-29 02:14:49,033 : episode: 180 score: 917.2 100 games avg: 917.2 steps 1000 
INFO : 2021-01-29 02:17:39,725 : episode: 181 score: 1138.2 100 games avg: 1138.2 steps 1000 
INFO : 2021-01-29 02:19:33,721 : episode: 182 score: 1182.6 100 games avg: 1182.6 steps 673 
INFO : 2021-01-29 02:20:18,854 : episode: 183 score: 121.9 100 games avg: 121.9 steps 83 
INFO : 2021-01-29 02:23:01,706 : episode: 184 score: 1084.0 100 games avg: 1084.0 steps 1000 
INFO : 2021-01-29 02:24:16,969 : episode: 185 score: 316.2 100 games avg: 316.2 steps 142 
INFO : 2021-01-29 02:25:41,060 : episode: 186 score: 885.9 100 games avg: 885.9 steps 459 
INFO : 2021-01-29 02:26:50,428 : episode: 187 score: 215.3 100 games avg: 215.3 steps 186 
INFO : 2021-01-29 02:27:52,387 : episode: 188 score: 68.2 100 games avg: 68.2 steps 44 
INFO : 2021-01-29 02:29:13,838 : episode: 189 score: 659.8 100 games avg: 659.8 steps 383 
INFO : 2021-01-29 02:30:17,095 : episode: 190 score: 436.9 100 games avg: 436.9 steps 234 
INFO : 2021-01-29 02:31:30,448 : episode: 191 score: 331.3 100 games avg: 331.3 steps 174 
INFO : 2021-01-29 02:34:01,160 : episode: 192 score: 1318.9 100 games avg: 1318.9 steps 1000 
INFO : 2021-01-29 02:36:42,215 : episode: 193 score: 630.7 100 games avg: 630.7 steps 1000 
INFO : 2021-01-29 02:39:31,839 : episode: 194 score: 954.1 100 games avg: 954.1 steps 1000 
INFO : 2021-01-29 02:40:29,596 : episode: 195 score: 380.8 100 games avg: 380.8 steps 193 
INFO : 2021-01-29 02:43:13,178 : episode: 196 score: 569.5 100 games avg: 569.5 steps 1000 
INFO : 2021-01-29 02:45:10,439 : episode: 197 score: 952.4 100 games avg: 952.4 steps 528 
INFO : 2021-01-29 02:47:48,332 : episode: 198 score: 1757.3 100 games avg: 1757.3 steps 1000 
INFO : 2021-01-29 02:48:34,854 : episode: 199 score: 79.7 100 games avg: 79.7 steps 52 
