INFO : 2021-01-18 13:53:04,645 : method: Soft-Actor Critic
INFO : 2021-01-18 13:53:04,646 : parameter n_steps: 1000 ensemble_size: 5 env: Ant-v2
INFO : 2021-01-18 13:53:07,610 : mpc_function policy
INFO : 2021-01-18 13:53:07,610 : sac
INFO : 2021-01-18 13:53:12,049 : episode: 0 score: 257.0 100 games avg: 257.0 steps 403 
INFO : 2021-01-18 13:53:16,338 : episode: 1 score: -46.9 100 games avg: -46.9 steps 150 
INFO : 2021-01-18 13:53:16,633 : episode: 2 score: -3.5 100 games avg: -3.5 steps 10 
INFO : 2021-01-18 13:53:24,389 : episode: 3 score: -46.8 100 games avg: -46.8 steps 363 
INFO : 2021-01-18 13:53:24,757 : episode: 4 score: 5.2 100 games avg: 5.2 steps 26 
INFO : 2021-01-18 13:53:46,117 : episode: 5 score: 27.5 100 games avg: 27.5 steps 1000 
INFO : 2021-01-18 13:53:53,726 : episode: 6 score: 77.6 100 games avg: 77.6 steps 307 
INFO : 2021-01-18 13:54:13,950 : episode: 7 score: 239.0 100 games avg: 239.0 steps 1000 
INFO : 2021-01-18 13:54:24,289 : episode: 8 score: 138.9 100 games avg: 138.9 steps 410 
INFO : 2021-01-18 13:54:32,997 : episode: 9 score: 126.2 100 games avg: 126.2 steps 399 
INFO : 2021-01-18 13:54:49,842 : episode: 10 score: 441.4 100 games avg: 441.4 steps 1000 
INFO : 2021-01-18 13:54:55,413 : episode: 11 score: 133.8 100 games avg: 133.8 steps 395 
INFO : 2021-01-18 13:55:14,927 : episode: 12 score: 482.6 100 games avg: 482.6 steps 1000 
INFO : 2021-01-18 13:55:28,856 : episode: 13 score: 422.3 100 games avg: 422.3 steps 1000 
INFO : 2021-01-18 13:55:35,708 : episode: 14 score: 201.9 100 games avg: 201.9 steps 475 
INFO : 2021-01-18 13:55:57,390 : episode: 15 score: 518.9 100 games avg: 518.9 steps 1000 
INFO : 2021-01-18 13:56:22,958 : episode: 16 score: 424.0 100 games avg: 424.0 steps 1000 
INFO : 2021-01-18 13:56:30,704 : episode: 17 score: 109.6 100 games avg: 109.6 steps 342 
INFO : 2021-01-18 13:56:53,372 : episode: 18 score: 424.4 100 games avg: 424.4 steps 1000 
INFO : 2021-01-18 13:57:12,429 : episode: 19 score: 456.6 100 games avg: 456.6 steps 1000 
INFO : 2021-01-18 13:57:27,581 : episode: 20 score: 547.1 100 games avg: 547.1 steps 1000 
INFO : 2021-01-18 13:57:46,554 : episode: 21 score: 437.4 100 games avg: 437.4 steps 1000 
INFO : 2021-01-18 13:58:02,119 : episode: 22 score: 462.1 100 games avg: 462.1 steps 1000 
INFO : 2021-01-18 13:58:20,067 : episode: 23 score: 393.6 100 games avg: 393.6 steps 1000 
INFO : 2021-01-18 13:58:29,885 : episode: 24 score: 221.3 100 games avg: 221.3 steps 365 
INFO : 2021-01-18 13:58:41,341 : episode: 25 score: 227.3 100 games avg: 227.3 steps 559 
INFO : 2021-01-18 13:59:04,536 : episode: 26 score: 479.1 100 games avg: 479.1 steps 1000 
INFO : 2021-01-18 13:59:24,600 : episode: 27 score: 430.0 100 games avg: 430.0 steps 1000 
INFO : 2021-01-18 13:59:38,053 : episode: 28 score: 466.8 100 games avg: 466.8 steps 839 
INFO : 2021-01-18 13:59:52,029 : episode: 29 score: 488.9 100 games avg: 488.9 steps 1000 
INFO : 2021-01-18 14:00:14,714 : episode: 30 score: 545.5 100 games avg: 545.5 steps 1000 
INFO : 2021-01-18 14:00:22,482 : episode: 31 score: 151.1 100 games avg: 151.1 steps 275 
INFO : 2021-01-18 14:00:44,461 : episode: 32 score: 489.7 100 games avg: 489.7 steps 1000 
INFO : 2021-01-18 14:01:03,105 : episode: 33 score: 515.6 100 games avg: 515.6 steps 1000 
INFO : 2021-01-18 14:01:17,045 : episode: 34 score: 532.5 100 games avg: 532.5 steps 1000 
INFO : 2021-01-18 14:01:30,978 : episode: 35 score: 608.3 100 games avg: 608.3 steps 1000 
INFO : 2021-01-18 14:01:44,912 : episode: 36 score: 655.5 100 games avg: 655.5 steps 1000 
INFO : 2021-01-18 14:02:00,857 : episode: 37 score: 497.9 100 games avg: 497.9 steps 1000 
INFO : 2021-01-18 14:02:25,781 : episode: 38 score: 583.2 100 games avg: 583.2 steps 1000 
INFO : 2021-01-18 14:02:39,824 : episode: 39 score: 602.4 100 games avg: 602.4 steps 1000 
INFO : 2021-01-18 14:02:51,357 : episode: 40 score: 244.0 100 games avg: 244.0 steps 444 
INFO : 2021-01-18 14:03:13,051 : episode: 41 score: 603.8 100 games avg: 603.8 steps 1000 
INFO : 2021-01-18 14:03:30,661 : episode: 42 score: 609.2 100 games avg: 609.2 steps 1000 
INFO : 2021-01-18 14:03:34,210 : episode: 43 score: 164.5 100 games avg: 164.5 steps 253 
INFO : 2021-01-18 14:03:48,983 : episode: 44 score: 421.0 100 games avg: 421.0 steps 1000 
INFO : 2021-01-18 14:04:02,993 : episode: 45 score: 586.2 100 games avg: 586.2 steps 1000 
INFO : 2021-01-18 14:04:17,014 : episode: 46 score: 577.3 100 games avg: 577.3 steps 1000 
INFO : 2021-01-18 14:04:31,039 : episode: 47 score: 593.0 100 games avg: 593.0 steps 1000 
INFO : 2021-01-18 14:04:48,362 : episode: 48 score: 557.6 100 games avg: 557.6 steps 1000 
INFO : 2021-01-18 14:05:09,500 : episode: 49 score: 486.8 100 games avg: 486.8 steps 1000 
INFO : 2021-01-18 14:05:24,474 : episode: 50 score: 629.6 100 games avg: 629.6 steps 1000 
INFO : 2021-01-18 14:05:51,894 : episode: 51 score: 697.8 100 games avg: 697.8 steps 1000 
INFO : 2021-01-18 14:06:17,291 : episode: 52 score: 512.5 100 games avg: 512.5 steps 1000 
INFO : 2021-01-18 14:06:41,792 : episode: 53 score: 540.6 100 games avg: 540.6 steps 1000 
INFO : 2021-01-18 14:06:58,643 : episode: 54 score: 497.1 100 games avg: 497.1 steps 1000 
INFO : 2021-01-18 14:07:16,346 : episode: 55 score: 705.5 100 games avg: 705.5 steps 1000 
INFO : 2021-01-18 14:07:30,280 : episode: 56 score: 544.5 100 games avg: 544.5 steps 1000 
INFO : 2021-01-18 14:07:32,606 : episode: 57 score: 139.9 100 games avg: 139.9 steps 167 
INFO : 2021-01-18 14:07:55,278 : episode: 58 score: 551.5 100 games avg: 551.5 steps 1000 
INFO : 2021-01-18 14:08:07,912 : episode: 59 score: 520.6 100 games avg: 520.6 steps 821 
INFO : 2021-01-18 14:08:23,270 : episode: 60 score: 691.8 100 games avg: 691.8 steps 1000 
INFO : 2021-01-18 14:08:42,459 : episode: 61 score: 629.5 100 games avg: 629.5 steps 1000 
INFO : 2021-01-18 14:09:02,188 : episode: 62 score: 646.8 100 games avg: 646.8 steps 1000 
INFO : 2021-01-18 14:09:14,051 : episode: 63 score: 354.2 100 games avg: 354.2 steps 503 
INFO : 2021-01-18 14:09:15,092 : episode: 64 score: 81.8 100 games avg: 81.8 steps 74 
INFO : 2021-01-18 14:09:32,748 : episode: 65 score: 482.4 100 games avg: 482.4 steps 1000 
INFO : 2021-01-18 14:09:46,812 : episode: 66 score: 530.1 100 games avg: 530.1 steps 1000 
INFO : 2021-01-18 14:10:02,775 : episode: 67 score: 660.9 100 games avg: 660.9 steps 1000 
INFO : 2021-01-18 14:10:25,740 : episode: 68 score: 566.8 100 games avg: 566.8 steps 1000 
INFO : 2021-01-18 14:10:35,276 : episode: 69 score: 353.4 100 games avg: 353.4 steps 475 
INFO : 2021-01-18 14:10:54,716 : episode: 70 score: 718.2 100 games avg: 718.2 steps 1000 
INFO : 2021-01-18 14:11:20,962 : episode: 71 score: 750.7 100 games avg: 750.7 steps 1000 
INFO : 2021-01-18 14:11:35,812 : episode: 72 score: 755.4 100 games avg: 755.4 steps 1000 
INFO : 2021-01-18 14:11:59,338 : episode: 73 score: 812.9 100 games avg: 812.9 steps 1000 
INFO : 2021-01-18 14:12:08,880 : episode: 74 score: 276.7 100 games avg: 276.7 steps 384 
INFO : 2021-01-18 14:12:31,489 : episode: 75 score: 610.6 100 games avg: 610.6 steps 875 
INFO : 2021-01-18 14:12:54,899 : episode: 76 score: 726.9 100 games avg: 726.9 steps 1000 
INFO : 2021-01-18 14:13:02,740 : episode: 77 score: 360.0 100 games avg: 360.0 steps 482 
INFO : 2021-01-18 14:13:23,041 : episode: 78 score: 641.4 100 games avg: 641.4 steps 1000 
INFO : 2021-01-18 14:13:23,741 : episode: 79 score: 29.0 100 games avg: 29.0 steps 23 
INFO : 2021-01-18 14:13:39,501 : episode: 80 score: 563.0 100 games avg: 563.0 steps 1000 
INFO : 2021-01-18 14:13:43,483 : episode: 81 score: 219.5 100 games avg: 219.5 steps 284 
INFO : 2021-01-18 14:14:00,080 : episode: 82 score: 595.5 100 games avg: 595.5 steps 1000 
INFO : 2021-01-18 14:14:21,040 : episode: 83 score: 669.3 100 games avg: 669.3 steps 1000 
INFO : 2021-01-18 14:14:40,953 : episode: 84 score: 852.4 100 games avg: 852.4 steps 1000 
INFO : 2021-01-18 14:14:48,785 : episode: 85 score: 335.2 100 games avg: 335.2 steps 563 
INFO : 2021-01-18 14:15:08,877 : episode: 86 score: 769.1 100 games avg: 769.1 steps 1000 
INFO : 2021-01-18 14:15:09,117 : episode: 87 score: 17.4 100 games avg: 17.4 steps 17 
INFO : 2021-01-18 14:15:25,680 : episode: 88 score: 789.0 100 games avg: 789.0 steps 1000 
INFO : 2021-01-18 14:15:39,728 : episode: 89 score: 567.6 100 games avg: 567.6 steps 1000 
INFO : 2021-01-18 14:15:42,127 : episode: 90 score: 114.7 100 games avg: 114.7 steps 171 
INFO : 2021-01-18 14:15:56,156 : episode: 91 score: 869.4 100 games avg: 869.4 steps 1000 
INFO : 2021-01-18 14:16:14,903 : episode: 92 score: 585.6 100 games avg: 585.6 steps 1000 
INFO : 2021-01-18 14:16:28,848 : episode: 93 score: 753.9 100 games avg: 753.9 steps 1000 
INFO : 2021-01-18 14:16:39,209 : episode: 94 score: 636.1 100 games avg: 636.1 steps 742 
INFO : 2021-01-18 14:16:57,880 : episode: 95 score: 537.3 100 games avg: 537.3 steps 1000 
INFO : 2021-01-18 14:17:18,997 : episode: 96 score: 641.0 100 games avg: 641.0 steps 1000 
INFO : 2021-01-18 14:17:35,837 : episode: 97 score: 672.7 100 games avg: 672.7 steps 1000 
INFO : 2021-01-18 14:17:38,830 : episode: 98 score: 140.3 100 games avg: 140.3 steps 215 
INFO : 2021-01-18 14:17:53,257 : episode: 99 score: 759.7 100 games avg: 759.7 steps 1000 
INFO : 2021-01-18 14:17:57,093 : episode: 100 score: 174.9 100 games avg: 174.9 steps 275 
INFO : 2021-01-18 14:18:01,719 : episode: 101 score: 243.8 100 games avg: 243.8 steps 314 
INFO : 2021-01-18 14:18:28,067 : episode: 102 score: 789.8 100 games avg: 789.8 steps 1000 
INFO : 2021-01-18 14:18:33,758 : episode: 103 score: 143.8 100 games avg: 143.8 steps 204 
INFO : 2021-01-18 14:18:55,620 : episode: 104 score: 688.2 100 games avg: 688.2 steps 1000 
INFO : 2021-01-18 14:19:14,310 : episode: 105 score: 573.6 100 games avg: 573.6 steps 1000 
INFO : 2021-01-18 14:19:21,813 : episode: 106 score: 325.1 100 games avg: 325.1 steps 404 
INFO : 2021-01-18 14:19:41,125 : episode: 107 score: 767.1 100 games avg: 767.1 steps 1000 
INFO : 2021-01-18 14:19:42,090 : episode: 108 score: 65.2 100 games avg: 65.2 steps 69 
INFO : 2021-01-18 14:19:44,267 : episode: 109 score: 111.9 100 games avg: 111.9 steps 156 
INFO : 2021-01-18 14:20:03,849 : episode: 110 score: 524.9 100 games avg: 524.9 steps 1000 
INFO : 2021-01-18 14:20:22,418 : episode: 111 score: 716.3 100 games avg: 716.3 steps 1000 
INFO : 2021-01-18 14:20:22,938 : episode: 112 score: 35.3 100 games avg: 35.3 steps 37 
INFO : 2021-01-18 14:20:36,995 : episode: 113 score: 754.0 100 games avg: 754.0 steps 1000 
INFO : 2021-01-18 14:20:51,652 : episode: 114 score: 592.4 100 games avg: 592.4 steps 1000 
INFO : 2021-01-18 14:21:12,341 : episode: 115 score: 579.6 100 games avg: 579.6 steps 1000 
INFO : 2021-01-18 14:21:26,536 : episode: 116 score: 591.7 100 games avg: 591.7 steps 1000 
INFO : 2021-01-18 14:21:42,624 : episode: 117 score: 680.4 100 games avg: 680.4 steps 1000 
INFO : 2021-01-18 14:21:43,032 : episode: 118 score: 30.6 100 games avg: 30.6 steps 29 
INFO : 2021-01-18 14:21:57,040 : episode: 119 score: 717.0 100 games avg: 717.0 steps 1000 
INFO : 2021-01-18 14:21:58,683 : episode: 120 score: 129.0 100 games avg: 129.0 steps 117 
INFO : 2021-01-18 14:22:00,576 : episode: 121 score: 131.4 100 games avg: 131.4 steps 135 
INFO : 2021-01-18 14:22:14,579 : episode: 122 score: 824.8 100 games avg: 824.8 steps 1000 
INFO : 2021-01-18 14:22:28,576 : episode: 123 score: 668.7 100 games avg: 668.7 steps 1000 
INFO : 2021-01-18 14:22:31,360 : episode: 124 score: 208.1 100 games avg: 208.1 steps 199 
INFO : 2021-01-18 14:22:34,596 : episode: 125 score: 229.8 100 games avg: 229.8 steps 231 
INFO : 2021-01-18 14:22:37,775 : episode: 126 score: 220.3 100 games avg: 220.3 steps 227 
INFO : 2021-01-18 14:22:43,413 : episode: 127 score: 379.3 100 games avg: 379.3 steps 403 
INFO : 2021-01-18 14:23:07,263 : episode: 128 score: 606.4 100 games avg: 606.4 steps 1000 
INFO : 2021-01-18 14:23:25,535 : episode: 129 score: 548.2 100 games avg: 548.2 steps 1000 
INFO : 2021-01-18 14:23:39,644 : episode: 130 score: 783.8 100 games avg: 783.8 steps 1000 
INFO : 2021-01-18 14:23:53,753 : episode: 131 score: 525.2 100 games avg: 525.2 steps 1000 
INFO : 2021-01-18 14:24:08,306 : episode: 132 score: 750.3 100 games avg: 750.3 steps 1000 
INFO : 2021-01-18 14:24:22,342 : episode: 133 score: 972.3 100 games avg: 972.3 steps 1000 
INFO : 2021-01-18 14:24:24,345 : episode: 134 score: 174.7 100 games avg: 174.7 steps 143 
INFO : 2021-01-18 14:24:38,364 : episode: 135 score: 798.9 100 games avg: 798.9 steps 1000 
INFO : 2021-01-18 14:24:41,037 : episode: 136 score: 205.8 100 games avg: 205.8 steps 191 
INFO : 2021-01-18 14:25:01,781 : episode: 137 score: 696.5 100 games avg: 696.5 steps 1000 
INFO : 2021-01-18 14:25:19,087 : episode: 138 score: 1050.0 100 games avg: 1050.0 steps 1000 
INFO : 2021-01-18 14:25:27,762 : episode: 139 score: 566.4 100 games avg: 566.4 steps 505 
INFO : 2021-01-18 14:25:49,398 : episode: 140 score: 652.8 100 games avg: 652.8 steps 1000 
INFO : 2021-01-18 14:26:04,787 : episode: 141 score: 637.9 100 games avg: 637.9 steps 583 
INFO : 2021-01-18 14:26:05,416 : episode: 142 score: 24.0 100 games avg: 24.0 steps 27 
INFO : 2021-01-18 14:26:16,110 : episode: 143 score: 505.3 100 games avg: 505.3 steps 442 
INFO : 2021-01-18 14:26:18,418 : episode: 144 score: 186.3 100 games avg: 186.3 steps 162 
INFO : 2021-01-18 14:26:18,957 : episode: 145 score: 37.3 100 games avg: 37.3 steps 38 
INFO : 2021-01-18 14:26:26,214 : episode: 146 score: 547.1 100 games avg: 547.1 steps 447 
INFO : 2021-01-18 14:26:27,428 : episode: 147 score: 44.0 100 games avg: 44.0 steps 62 
INFO : 2021-01-18 14:26:38,804 : episode: 148 score: 795.4 100 games avg: 795.4 steps 698 
INFO : 2021-01-18 14:26:53,362 : episode: 149 score: 1138.1 100 games avg: 1138.1 steps 1000 
INFO : 2021-01-18 14:27:07,677 : episode: 150 score: 1249.2 100 games avg: 1249.2 steps 1000 
INFO : 2021-01-18 14:27:09,318 : episode: 151 score: 136.0 100 games avg: 136.0 steps 117 
INFO : 2021-01-18 14:27:28,038 : episode: 152 score: 594.8 100 games avg: 594.8 steps 1000 
INFO : 2021-01-18 14:27:48,146 : episode: 153 score: 1004.6 100 games avg: 1004.6 steps 1000 
INFO : 2021-01-18 14:27:50,623 : episode: 154 score: 221.7 100 games avg: 221.7 steps 176 
INFO : 2021-01-18 14:28:12,199 : episode: 155 score: 570.8 100 games avg: 570.8 steps 1000 
INFO : 2021-01-18 14:28:36,748 : episode: 156 score: 1155.7 100 games avg: 1155.7 steps 1000 
INFO : 2021-01-18 14:29:03,586 : episode: 157 score: 674.4 100 games avg: 674.4 steps 1000 
INFO : 2021-01-18 14:29:24,949 : episode: 158 score: 993.3 100 games avg: 993.3 steps 841 
INFO : 2021-01-18 14:29:40,931 : episode: 159 score: 1190.0 100 games avg: 1190.0 steps 1000 
INFO : 2021-01-18 14:29:43,349 : episode: 160 score: 108.4 100 games avg: 108.4 steps 87 
INFO : 2021-01-18 14:29:58,811 : episode: 161 score: 949.5 100 games avg: 949.5 steps 871 
INFO : 2021-01-18 14:30:17,996 : episode: 162 score: 1165.2 100 games avg: 1165.2 steps 1000 
INFO : 2021-01-18 14:30:37,530 : episode: 163 score: 602.1 100 games avg: 602.1 steps 1000 
INFO : 2021-01-18 14:30:59,766 : episode: 164 score: 1170.9 100 games avg: 1170.9 steps 1000 
INFO : 2021-01-18 14:31:04,303 : episode: 165 score: 377.2 100 games avg: 377.2 steps 325 
INFO : 2021-01-18 14:31:23,283 : episode: 166 score: 558.1 100 games avg: 558.1 steps 1000 
INFO : 2021-01-18 14:31:29,239 : episode: 167 score: 405.1 100 games avg: 405.1 steps 302 
INFO : 2021-01-18 14:31:54,112 : episode: 168 score: 528.2 100 games avg: 528.2 steps 1000 
INFO : 2021-01-18 14:32:09,005 : episode: 169 score: 1026.4 100 games avg: 1026.4 steps 946 
INFO : 2021-01-18 14:32:18,961 : episode: 170 score: 960.4 100 games avg: 960.4 steps 711 
INFO : 2021-01-18 14:32:19,535 : episode: 171 score: 52.4 100 games avg: 52.4 steps 41 
INFO : 2021-01-18 14:32:21,831 : episode: 172 score: 168.5 100 games avg: 168.5 steps 164 
INFO : 2021-01-18 14:32:36,826 : episode: 173 score: 640.8 100 games avg: 640.8 steps 1000 
INFO : 2021-01-18 14:32:56,385 : episode: 174 score: 681.0 100 games avg: 681.0 steps 1000 
INFO : 2021-01-18 14:33:05,011 : episode: 175 score: 583.6 100 games avg: 583.6 steps 438 
INFO : 2021-01-18 14:33:20,658 : episode: 176 score: 877.3 100 games avg: 877.3 steps 1000 
INFO : 2021-01-18 14:33:35,608 : episode: 177 score: 769.3 100 games avg: 769.3 steps 1000 
INFO : 2021-01-18 14:33:43,776 : episode: 178 score: 483.1 100 games avg: 483.1 steps 349 
INFO : 2021-01-18 14:33:57,910 : episode: 179 score: 1028.0 100 games avg: 1028.0 steps 774 
INFO : 2021-01-18 14:34:00,501 : episode: 180 score: 278.1 100 games avg: 278.1 steps 185 
INFO : 2021-01-18 14:34:14,507 : episode: 181 score: 1437.4 100 games avg: 1437.4 steps 1000 
INFO : 2021-01-18 14:34:15,501 : episode: 182 score: 112.5 100 games avg: 112.5 steps 71 
INFO : 2021-01-18 14:34:32,269 : episode: 183 score: 970.5 100 games avg: 970.5 steps 1000 
INFO : 2021-01-18 14:34:39,380 : episode: 184 score: 363.6 100 games avg: 363.6 steps 264 
INFO : 2021-01-18 14:35:03,247 : episode: 185 score: 741.7 100 games avg: 741.7 steps 1000 
INFO : 2021-01-18 14:35:03,664 : episode: 186 score: 28.3 100 games avg: 28.3 steps 28 
INFO : 2021-01-18 14:35:06,670 : episode: 187 score: 270.6 100 games avg: 270.6 steps 205 
INFO : 2021-01-18 14:35:11,338 : episode: 188 score: 331.2 100 games avg: 331.2 steps 282 
INFO : 2021-01-18 14:35:20,274 : episode: 189 score: 965.6 100 games avg: 965.6 steps 623 
INFO : 2021-01-18 14:35:43,970 : episode: 190 score: 510.5 100 games avg: 510.5 steps 1000 
INFO : 2021-01-18 14:35:45,965 : episode: 191 score: 112.2 100 games avg: 112.2 steps 78 
INFO : 2021-01-18 14:36:04,234 : episode: 192 score: 1673.3 100 games avg: 1673.3 steps 1000 
INFO : 2021-01-18 14:36:21,647 : episode: 193 score: 1278.7 100 games avg: 1278.7 steps 888 
INFO : 2021-01-18 14:36:36,748 : episode: 194 score: 668.1 100 games avg: 668.1 steps 1000 
INFO : 2021-01-18 14:36:55,719 : episode: 195 score: 845.4 100 games avg: 845.4 steps 1000 
INFO : 2021-01-18 14:37:11,563 : episode: 196 score: 654.0 100 games avg: 654.0 steps 1000 
INFO : 2021-01-18 14:37:18,924 : episode: 197 score: 556.1 100 games avg: 556.1 steps 357 
INFO : 2021-01-18 14:37:38,727 : episode: 198 score: 959.2 100 games avg: 959.2 steps 1000 
INFO : 2021-01-18 14:37:54,335 : episode: 199 score: 1210.4 100 games avg: 1210.4 steps 1000 
INFO : 2021-01-18 14:38:08,600 : episode: 200 score: 662.9 100 games avg: 662.9 steps 1000 
INFO : 2021-01-18 14:38:32,450 : episode: 201 score: 912.3 100 games avg: 912.3 steps 1000 
INFO : 2021-01-18 14:38:46,413 : episode: 202 score: 1088.3 100 games avg: 1088.3 steps 1000 
INFO : 2021-01-18 14:39:07,324 : episode: 203 score: 507.5 100 games avg: 507.5 steps 1000 
INFO : 2021-01-18 14:39:27,684 : episode: 204 score: 1269.3 100 games avg: 1269.3 steps 1000 
INFO : 2021-01-18 14:39:29,096 : episode: 205 score: 139.6 100 games avg: 139.6 steps 101 
INFO : 2021-01-18 14:39:50,719 : episode: 206 score: 1373.6 100 games avg: 1373.6 steps 1000 
INFO : 2021-01-18 14:40:08,810 : episode: 207 score: 1227.3 100 games avg: 1227.3 steps 1000 
INFO : 2021-01-18 14:40:34,251 : episode: 208 score: 502.0 100 games avg: 502.0 steps 1000 
INFO : 2021-01-18 14:40:51,707 : episode: 209 score: 1165.9 100 games avg: 1165.9 steps 678 
INFO : 2021-01-18 14:41:17,677 : episode: 210 score: 1285.0 100 games avg: 1285.0 steps 1000 
INFO : 2021-01-18 14:41:19,428 : episode: 211 score: 111.5 100 games avg: 111.5 steps 64 
INFO : 2021-01-18 14:41:41,286 : episode: 212 score: 1226.9 100 games avg: 1226.9 steps 1000 
INFO : 2021-01-18 14:42:02,751 : episode: 213 score: 1500.6 100 games avg: 1500.6 steps 1000 
INFO : 2021-01-18 14:42:04,734 : episode: 214 score: 169.0 100 games avg: 169.0 steps 96 
INFO : 2021-01-18 14:42:27,439 : episode: 215 score: 1371.1 100 games avg: 1371.1 steps 1000 
INFO : 2021-01-18 14:42:53,031 : episode: 216 score: 612.3 100 games avg: 612.3 steps 1000 
INFO : 2021-01-18 14:43:02,600 : episode: 217 score: 717.2 100 games avg: 717.2 steps 397 
INFO : 2021-01-18 14:43:22,870 : episode: 218 score: 772.0 100 games avg: 772.0 steps 1000 
INFO : 2021-01-18 14:43:37,004 : episode: 219 score: 606.2 100 games avg: 606.2 steps 1000 
INFO : 2021-01-18 14:43:52,716 : episode: 220 score: 1718.6 100 games avg: 1718.6 steps 1000 
INFO : 2021-01-18 14:44:02,854 : episode: 221 score: 702.4 100 games avg: 702.4 steps 439 
INFO : 2021-01-18 14:44:06,929 : episode: 222 score: 513.2 100 games avg: 513.2 steps 289 
INFO : 2021-01-18 14:44:09,259 : episode: 223 score: 259.9 100 games avg: 259.9 steps 167 
INFO : 2021-01-18 14:44:31,853 : episode: 224 score: 624.5 100 games avg: 624.5 steps 1000 
INFO : 2021-01-18 14:44:46,151 : episode: 225 score: 711.3 100 games avg: 711.3 steps 1000 
INFO : 2021-01-18 14:45:02,269 : episode: 226 score: 589.8 100 games avg: 589.8 steps 1000 
INFO : 2021-01-18 14:45:04,336 : episode: 227 score: 237.2 100 games avg: 237.2 steps 140 
INFO : 2021-01-18 14:45:28,001 : episode: 228 score: 1144.3 100 games avg: 1144.3 steps 1000 
INFO : 2021-01-18 14:45:54,083 : episode: 229 score: 1227.1 100 games avg: 1227.1 steps 1000 
INFO : 2021-01-18 14:45:57,960 : episode: 230 score: 335.0 100 games avg: 335.0 steps 200 
INFO : 2021-01-18 14:46:08,359 : episode: 231 score: 1204.3 100 games avg: 1204.3 steps 725 
INFO : 2021-01-18 14:46:29,480 : episode: 232 score: 863.6 100 games avg: 863.6 steps 1000 
INFO : 2021-01-18 14:46:49,520 : episode: 233 score: 1326.5 100 games avg: 1326.5 steps 1000 
INFO : 2021-01-18 14:46:55,037 : episode: 234 score: 401.5 100 games avg: 401.5 steps 239 
INFO : 2021-01-18 14:47:18,672 : episode: 235 score: 1513.6 100 games avg: 1513.6 steps 1000 
INFO : 2021-01-18 14:47:22,132 : episode: 236 score: 434.8 100 games avg: 434.8 steps 245 
INFO : 2021-01-18 14:47:41,067 : episode: 237 score: 570.2 100 games avg: 570.2 steps 1000 
INFO : 2021-01-18 14:47:44,107 : episode: 238 score: 174.1 100 games avg: 174.1 steps 113 
INFO : 2021-01-18 14:47:48,474 : episode: 239 score: 418.8 100 games avg: 418.8 steps 240 
INFO : 2021-01-18 14:48:08,410 : episode: 240 score: 1743.9 100 games avg: 1743.9 steps 1000 
INFO : 2021-01-18 14:48:21,721 : episode: 241 score: 1089.0 100 games avg: 1089.0 steps 670 
INFO : 2021-01-18 14:48:43,299 : episode: 242 score: 1984.3 100 games avg: 1984.3 steps 1000 
INFO : 2021-01-18 14:48:57,398 : episode: 243 score: 1590.5 100 games avg: 1590.5 steps 1000 
INFO : 2021-01-18 14:49:11,505 : episode: 244 score: 781.9 100 games avg: 781.9 steps 1000 
INFO : 2021-01-18 14:49:25,608 : episode: 245 score: 1743.5 100 games avg: 1743.5 steps 1000 
INFO : 2021-01-18 14:49:39,703 : episode: 246 score: 1707.1 100 games avg: 1707.1 steps 1000 
INFO : 2021-01-18 14:49:53,822 : episode: 247 score: 796.5 100 games avg: 796.5 steps 1000 
INFO : 2021-01-18 14:50:01,895 : episode: 248 score: 960.3 100 games avg: 960.3 steps 573 
INFO : 2021-01-18 14:50:08,852 : episode: 249 score: 835.2 100 games avg: 835.2 steps 494 
INFO : 2021-01-18 14:50:31,311 : episode: 250 score: 1554.0 100 games avg: 1554.0 steps 1000 
INFO : 2021-01-18 14:50:45,430 : episode: 251 score: 1000.7 100 games avg: 1000.7 steps 1000 
INFO : 2021-01-18 14:50:54,814 : episode: 252 score: 883.8 100 games avg: 883.8 steps 524 
INFO : 2021-01-18 14:51:16,464 : episode: 253 score: 1729.7 100 games avg: 1729.7 steps 1000 
INFO : 2021-01-18 14:51:34,528 : episode: 254 score: 1842.7 100 games avg: 1842.7 steps 1000 
INFO : 2021-01-18 14:51:48,502 : episode: 255 score: 1776.6 100 games avg: 1776.6 steps 1000 
INFO : 2021-01-18 14:52:02,486 : episode: 256 score: 613.0 100 games avg: 613.0 steps 1000 
INFO : 2021-01-18 14:52:16,467 : episode: 257 score: 1117.0 100 games avg: 1117.0 steps 1000 
INFO : 2021-01-18 14:52:34,690 : episode: 258 score: 1751.9 100 games avg: 1751.9 steps 1000 
INFO : 2021-01-18 14:52:52,941 : episode: 259 score: 1914.7 100 games avg: 1914.7 steps 1000 
INFO : 2021-01-18 14:53:10,953 : episode: 260 score: 1689.2 100 games avg: 1689.2 steps 1000 
INFO : 2021-01-18 14:53:30,784 : episode: 261 score: 928.2 100 games avg: 928.2 steps 1000 
INFO : 2021-01-18 14:53:47,277 : episode: 262 score: 1813.1 100 games avg: 1813.1 steps 1000 
INFO : 2021-01-18 14:54:01,317 : episode: 263 score: 1892.9 100 games avg: 1892.9 steps 1000 
INFO : 2021-01-18 14:54:26,409 : episode: 264 score: 1955.6 100 games avg: 1955.6 steps 1000 
INFO : 2021-01-18 14:54:30,670 : episode: 265 score: 599.4 100 games avg: 599.4 steps 305 
INFO : 2021-01-18 14:54:44,633 : episode: 266 score: 1882.2 100 games avg: 1882.2 steps 1000 
INFO : 2021-01-18 14:54:58,555 : episode: 267 score: 1743.3 100 games avg: 1743.3 steps 1000 
INFO : 2021-01-18 14:55:13,712 : episode: 268 score: 1019.8 100 games avg: 1019.8 steps 1000 
INFO : 2021-01-18 14:55:27,720 : episode: 269 score: 1504.4 100 games avg: 1504.4 steps 1000 
INFO : 2021-01-18 14:55:46,054 : episode: 270 score: 1972.2 100 games avg: 1972.2 steps 1000 
INFO : 2021-01-18 14:56:03,273 : episode: 271 score: 1846.8 100 games avg: 1846.8 steps 1000 
INFO : 2021-01-18 14:56:29,472 : episode: 272 score: 964.4 100 games avg: 964.4 steps 1000 
INFO : 2021-01-18 14:56:51,205 : episode: 273 score: 1982.7 100 games avg: 1982.7 steps 1000 
INFO : 2021-01-18 14:56:54,870 : episode: 274 score: 447.7 100 games avg: 447.7 steps 222 
INFO : 2021-01-18 14:57:14,480 : episode: 275 score: 1947.4 100 games avg: 1947.4 steps 1000 
INFO : 2021-01-18 14:57:15,666 : episode: 276 score: 64.1 100 games avg: 64.1 steps 44 
INFO : 2021-01-18 14:57:33,304 : episode: 277 score: 1414.7 100 games avg: 1414.7 steps 713 
INFO : 2021-01-18 14:57:48,039 : episode: 278 score: 782.1 100 games avg: 782.1 steps 1000 
INFO : 2021-01-18 14:58:08,970 : episode: 279 score: 1537.5 100 games avg: 1537.5 steps 1000 
INFO : 2021-01-18 14:58:31,061 : episode: 280 score: 1856.8 100 games avg: 1856.8 steps 1000 
INFO : 2021-01-18 14:58:50,371 : episode: 281 score: 872.4 100 games avg: 872.4 steps 1000 
INFO : 2021-01-18 14:59:00,499 : episode: 282 score: 997.5 100 games avg: 997.5 steps 513 
INFO : 2021-01-18 14:59:09,141 : episode: 283 score: 675.7 100 games avg: 675.7 steps 313 
INFO : 2021-01-18 14:59:36,012 : episode: 284 score: 790.3 100 games avg: 790.3 steps 1000 
INFO : 2021-01-18 14:59:43,918 : episode: 285 score: 668.1 100 games avg: 668.1 steps 316 
INFO : 2021-01-18 15:00:06,575 : episode: 286 score: 1466.4 100 games avg: 1466.4 steps 1000 
INFO : 2021-01-18 15:00:16,885 : episode: 287 score: 739.9 100 games avg: 739.9 steps 387 
INFO : 2021-01-18 15:00:18,124 : episode: 288 score: 154.5 100 games avg: 154.5 steps 82 
INFO : 2021-01-18 15:00:33,938 : episode: 289 score: 2076.2 100 games avg: 2076.2 steps 1000 
INFO : 2021-01-18 15:00:49,204 : episode: 290 score: 824.0 100 games avg: 824.0 steps 1000 
INFO : 2021-01-18 15:01:04,318 : episode: 291 score: 2085.5 100 games avg: 2085.5 steps 1000 
INFO : 2021-01-18 15:01:26,530 : episode: 292 score: 1428.2 100 games avg: 1428.2 steps 1000 
INFO : 2021-01-18 15:01:41,250 : episode: 293 score: 1086.3 100 games avg: 1086.3 steps 550 
INFO : 2021-01-18 15:02:05,347 : episode: 294 score: 1752.3 100 games avg: 1752.3 steps 1000 
INFO : 2021-01-18 15:02:23,448 : episode: 295 score: 646.0 100 games avg: 646.0 steps 1000 
INFO : 2021-01-18 15:02:32,108 : episode: 296 score: 1260.2 100 games avg: 1260.2 steps 623 
INFO : 2021-01-18 15:02:47,443 : episode: 297 score: 711.9 100 games avg: 711.9 steps 1000 
INFO : 2021-01-18 15:02:52,266 : episode: 298 score: 501.4 100 games avg: 501.4 steps 242 
INFO : 2021-01-18 15:03:02,465 : episode: 299 score: 1055.8 100 games avg: 1055.8 steps 494 
INFO : 2021-01-18 15:03:18,501 : episode: 300 score: 1613.7 100 games avg: 1613.7 steps 1000 
INFO : 2021-01-18 15:03:20,065 : episode: 301 score: 198.4 100 games avg: 198.4 steps 92 
INFO : 2021-01-18 15:03:24,403 : episode: 302 score: 531.7 100 games avg: 531.7 steps 255 
INFO : 2021-01-18 15:03:40,422 : episode: 303 score: 1957.9 100 games avg: 1957.9 steps 1000 
INFO : 2021-01-18 15:04:02,841 : episode: 304 score: 1306.0 100 games avg: 1306.0 steps 1000 
INFO : 2021-01-18 15:04:09,876 : episode: 305 score: 1128.7 100 games avg: 1128.7 steps 507 
INFO : 2021-01-18 15:04:23,760 : episode: 306 score: 1712.8 100 games avg: 1712.8 steps 1000 
INFO : 2021-01-18 15:04:37,632 : episode: 307 score: 2185.9 100 games avg: 2185.9 steps 1000 
INFO : 2021-01-18 15:04:59,015 : episode: 308 score: 2088.2 100 games avg: 2088.2 steps 1000 
INFO : 2021-01-18 15:05:17,726 : episode: 309 score: 891.9 100 games avg: 891.9 steps 1000 
INFO : 2021-01-18 15:05:35,925 : episode: 310 score: 977.7 100 games avg: 977.7 steps 1000 
INFO : 2021-01-18 15:05:38,042 : episode: 311 score: 284.4 100 games avg: 284.4 steps 151 
INFO : 2021-01-18 15:05:52,060 : episode: 312 score: 1389.0 100 games avg: 1389.0 steps 1000 
INFO : 2021-01-18 15:05:53,072 : episode: 313 score: 131.7 100 games avg: 131.7 steps 72 
INFO : 2021-01-18 15:06:13,638 : episode: 314 score: 595.8 100 games avg: 595.8 steps 1000 
INFO : 2021-01-18 15:06:39,218 : episode: 315 score: 863.8 100 games avg: 863.8 steps 1000 
INFO : 2021-01-18 15:06:42,093 : episode: 316 score: 456.3 100 games avg: 456.3 steps 207 
INFO : 2021-01-18 15:06:43,064 : episode: 317 score: 157.5 100 games avg: 157.5 steps 70 
INFO : 2021-01-18 15:06:58,389 : episode: 318 score: 2033.9 100 games avg: 2033.9 steps 1000 
INFO : 2021-01-18 15:07:13,959 : episode: 319 score: 2273.1 100 games avg: 2273.1 steps 1000 
INFO : 2021-01-18 15:07:36,876 : episode: 320 score: 1548.5 100 games avg: 1548.5 steps 1000 
INFO : 2021-01-18 15:07:40,132 : episode: 321 score: 513.6 100 games avg: 513.6 steps 232 
INFO : 2021-01-18 15:07:54,174 : episode: 322 score: 1904.0 100 games avg: 1904.0 steps 1000 
INFO : 2021-01-18 15:08:15,143 : episode: 323 score: 2159.1 100 games avg: 2159.1 steps 1000 
INFO : 2021-01-18 15:08:36,179 : episode: 324 score: 1375.8 100 games avg: 1375.8 steps 1000 
INFO : 2021-01-18 15:08:59,490 : episode: 325 score: 2222.2 100 games avg: 2222.2 steps 1000 
INFO : 2021-01-18 15:09:11,408 : episode: 326 score: 1239.3 100 games avg: 1239.3 steps 587 
INFO : 2021-01-18 15:09:21,147 : episode: 327 score: 927.4 100 games avg: 927.4 steps 407 
INFO : 2021-01-18 15:09:46,385 : episode: 328 score: 2146.4 100 games avg: 2146.4 steps 1000 
INFO : 2021-01-18 15:10:06,096 : episode: 329 score: 2009.8 100 games avg: 2009.8 steps 1000 
INFO : 2021-01-18 15:10:22,929 : episode: 330 score: 2125.7 100 games avg: 2125.7 steps 1000 
INFO : 2021-01-18 15:10:39,272 : episode: 331 score: 552.4 100 games avg: 552.4 steps 1000 
INFO : 2021-01-18 15:10:55,492 : episode: 332 score: 2065.7 100 games avg: 2065.7 steps 1000 
INFO : 2021-01-18 15:11:21,604 : episode: 333 score: 1798.8 100 games avg: 1798.8 steps 1000 
INFO : 2021-01-18 15:11:40,093 : episode: 334 score: 778.5 100 games avg: 778.5 steps 1000 
INFO : 2021-01-18 15:11:53,986 : episode: 335 score: 1366.0 100 games avg: 1366.0 steps 1000 
INFO : 2021-01-18 15:11:59,320 : episode: 336 score: 418.6 100 games avg: 418.6 steps 246 
INFO : 2021-01-18 15:12:21,005 : episode: 337 score: 2203.0 100 games avg: 2203.0 steps 1000 
INFO : 2021-01-18 15:12:32,461 : episode: 338 score: 994.5 100 games avg: 994.5 steps 433 
INFO : 2021-01-18 15:12:55,712 : episode: 339 score: 910.8 100 games avg: 910.8 steps 1000 
INFO : 2021-01-18 15:13:18,534 : episode: 340 score: 1335.7 100 games avg: 1335.7 steps 1000 
INFO : 2021-01-18 15:13:32,464 : episode: 341 score: 1166.5 100 games avg: 1166.5 steps 1000 
INFO : 2021-01-18 15:13:46,383 : episode: 342 score: 2118.6 100 games avg: 2118.6 steps 1000 
INFO : 2021-01-18 15:14:08,642 : episode: 343 score: 2157.7 100 games avg: 2157.7 steps 1000 
INFO : 2021-01-18 15:14:12,156 : episode: 344 score: 349.5 100 games avg: 349.5 steps 168 
INFO : 2021-01-18 15:14:39,040 : episode: 345 score: 2297.6 100 games avg: 2297.6 steps 1000 
INFO : 2021-01-18 15:15:03,445 : episode: 346 score: 2141.6 100 games avg: 2141.6 steps 1000 
INFO : 2021-01-18 15:15:24,951 : episode: 347 score: 2146.8 100 games avg: 2146.8 steps 1000 
INFO : 2021-01-18 15:15:41,512 : episode: 348 score: 817.7 100 games avg: 817.7 steps 1000 
INFO : 2021-01-18 15:15:56,080 : episode: 349 score: 1940.2 100 games avg: 1940.2 steps 1000 
INFO : 2021-01-18 15:16:06,294 : episode: 350 score: 1417.2 100 games avg: 1417.2 steps 733 
INFO : 2021-01-18 15:16:20,223 : episode: 351 score: 2317.0 100 games avg: 2317.0 steps 1000 
INFO : 2021-01-18 15:16:39,049 : episode: 352 score: 2276.7 100 games avg: 2276.7 steps 989 
INFO : 2021-01-18 15:16:49,866 : episode: 353 score: 962.1 100 games avg: 962.1 steps 416 
INFO : 2021-01-18 15:17:09,063 : episode: 354 score: 1311.4 100 games avg: 1311.4 steps 1000 
INFO : 2021-01-18 15:17:24,774 : episode: 355 score: 1102.6 100 games avg: 1102.6 steps 1000 
INFO : 2021-01-18 15:17:44,609 : episode: 356 score: 2030.4 100 games avg: 2030.4 steps 1000 
INFO : 2021-01-18 15:17:46,856 : episode: 357 score: 220.6 100 games avg: 220.6 steps 80 
INFO : 2021-01-18 15:18:02,307 : episode: 358 score: 651.4 100 games avg: 651.4 steps 1000 
INFO : 2021-01-18 15:18:08,255 : episode: 359 score: 490.5 100 games avg: 490.5 steps 231 
INFO : 2021-01-18 15:18:13,398 : episode: 360 score: 380.3 100 games avg: 380.3 steps 203 
INFO : 2021-01-18 15:18:37,699 : episode: 361 score: 2113.2 100 games avg: 2113.2 steps 1000 
INFO : 2021-01-18 15:18:54,059 : episode: 362 score: 2269.2 100 games avg: 2269.2 steps 1000 
INFO : 2021-01-18 15:19:08,029 : episode: 363 score: 2245.6 100 games avg: 2245.6 steps 1000 
INFO : 2021-01-18 15:19:13,158 : episode: 364 score: 421.7 100 games avg: 421.7 steps 217 
INFO : 2021-01-18 15:19:34,694 : episode: 365 score: 858.3 100 games avg: 858.3 steps 1000 
INFO : 2021-01-18 15:19:50,188 : episode: 366 score: 2386.9 100 games avg: 2386.9 steps 1000 
INFO : 2021-01-18 15:19:51,430 : episode: 367 score: 199.1 100 games avg: 199.1 steps 89 
INFO : 2021-01-18 15:20:12,133 : episode: 368 score: 1006.5 100 games avg: 1006.5 steps 1000 
INFO : 2021-01-18 15:20:37,380 : episode: 369 score: 2158.5 100 games avg: 2158.5 steps 1000 
INFO : 2021-01-18 15:20:54,015 : episode: 370 score: 1294.5 100 games avg: 1294.5 steps 1000 
INFO : 2021-01-18 15:21:14,258 : episode: 371 score: 2273.1 100 games avg: 2273.1 steps 1000 
INFO : 2021-01-18 15:21:30,828 : episode: 372 score: 1283.0 100 games avg: 1283.0 steps 1000 
INFO : 2021-01-18 15:21:44,889 : episode: 373 score: 852.7 100 games avg: 852.7 steps 1000 
INFO : 2021-01-18 15:22:04,144 : episode: 374 score: 2239.5 100 games avg: 2239.5 steps 1000 
INFO : 2021-01-18 15:22:11,789 : episode: 375 score: 1020.0 100 games avg: 1020.0 steps 479 
INFO : 2021-01-18 15:22:21,214 : episode: 376 score: 1104.0 100 games avg: 1104.0 steps 506 
INFO : 2021-01-18 15:22:40,911 : episode: 377 score: 1036.3 100 games avg: 1036.3 steps 1000 
INFO : 2021-01-18 15:22:56,569 : episode: 378 score: 2292.6 100 games avg: 2292.6 steps 1000 
INFO : 2021-01-18 15:23:06,604 : episode: 379 score: 1477.2 100 games avg: 1477.2 steps 682 
INFO : 2021-01-18 15:23:25,048 : episode: 380 score: 2112.1 100 games avg: 2112.1 steps 1000 
INFO : 2021-01-18 15:23:39,080 : episode: 381 score: 2272.9 100 games avg: 2272.9 steps 1000 
INFO : 2021-01-18 15:23:53,112 : episode: 382 score: 680.4 100 games avg: 680.4 steps 1000 
INFO : 2021-01-18 15:24:10,914 : episode: 383 score: 603.0 100 games avg: 603.0 steps 1000 
INFO : 2021-01-18 15:24:31,081 : episode: 384 score: 1391.9 100 games avg: 1391.9 steps 1000 
INFO : 2021-01-18 15:24:36,558 : episode: 385 score: 834.2 100 games avg: 834.2 steps 394 
INFO : 2021-01-18 15:25:00,897 : episode: 386 score: 797.3 100 games avg: 797.3 steps 1000 
INFO : 2021-01-18 15:25:06,785 : episode: 387 score: 613.5 100 games avg: 613.5 steps 285 
INFO : 2021-01-18 15:25:20,852 : episode: 388 score: 1660.1 100 games avg: 1660.1 steps 1000 
INFO : 2021-01-18 15:25:36,856 : episode: 389 score: 2219.2 100 games avg: 2219.2 steps 1000 
INFO : 2021-01-18 15:25:53,438 : episode: 390 score: 661.6 100 games avg: 661.6 steps 1000 
INFO : 2021-01-18 15:26:03,207 : episode: 391 score: 1279.8 100 games avg: 1279.8 steps 599 
INFO : 2021-01-18 15:26:17,272 : episode: 392 score: 515.0 100 games avg: 515.0 steps 1000 
INFO : 2021-01-18 15:26:40,540 : episode: 393 score: 1369.1 100 games avg: 1369.1 steps 1000 
INFO : 2021-01-18 15:26:56,737 : episode: 394 score: 2293.3 100 games avg: 2293.3 steps 1000 
INFO : 2021-01-18 15:27:15,112 : episode: 395 score: 2207.3 100 games avg: 2207.3 steps 1000 
INFO : 2021-01-18 15:27:36,060 : episode: 396 score: 2259.8 100 games avg: 2259.8 steps 1000 
INFO : 2021-01-18 15:27:50,053 : episode: 397 score: 1109.3 100 games avg: 1109.3 steps 1000 
INFO : 2021-01-18 15:28:07,185 : episode: 398 score: 2147.7 100 games avg: 2147.7 steps 1000 
INFO : 2021-01-18 15:28:21,185 : episode: 399 score: 2319.8 100 games avg: 2319.8 steps 1000 
INFO : 2021-01-18 15:28:40,540 : episode: 400 score: 2254.9 100 games avg: 2254.9 steps 1000 
INFO : 2021-01-18 15:28:54,598 : episode: 401 score: 868.4 100 games avg: 868.4 steps 1000 
INFO : 2021-01-18 15:29:11,246 : episode: 402 score: 1265.3 100 games avg: 1265.3 steps 1000 
INFO : 2021-01-18 15:29:36,604 : episode: 403 score: 1464.9 100 games avg: 1464.9 steps 1000 
INFO : 2021-01-18 15:29:51,601 : episode: 404 score: 2289.4 100 games avg: 2289.4 steps 1000 
INFO : 2021-01-18 15:29:58,225 : episode: 405 score: 929.6 100 games avg: 929.6 steps 472 
INFO : 2021-01-18 15:30:18,391 : episode: 406 score: 2040.9 100 games avg: 2040.9 steps 904 
INFO : 2021-01-18 15:30:43,806 : episode: 407 score: 2324.2 100 games avg: 2324.2 steps 1000 
INFO : 2021-01-18 15:31:05,330 : episode: 408 score: 2261.8 100 games avg: 2261.8 steps 1000 
INFO : 2021-01-18 15:31:27,815 : episode: 409 score: 781.5 100 games avg: 781.5 steps 1000 
INFO : 2021-01-18 15:31:44,647 : episode: 410 score: 2067.8 100 games avg: 2067.8 steps 1000 
INFO : 2021-01-18 15:31:46,699 : episode: 411 score: 327.3 100 games avg: 327.3 steps 147 
INFO : 2021-01-18 15:31:49,272 : episode: 412 score: 441.1 100 games avg: 441.1 steps 184 
INFO : 2021-01-18 15:31:52,684 : episode: 413 score: 526.2 100 games avg: 526.2 steps 244 
INFO : 2021-01-18 15:31:55,871 : episode: 414 score: 311.4 100 games avg: 311.4 steps 127 
INFO : 2021-01-18 15:32:00,099 : episode: 415 score: 364.0 100 games avg: 364.0 steps 176 
INFO : 2021-01-18 15:32:09,129 : episode: 416 score: 800.3 100 games avg: 800.3 steps 348 
INFO : 2021-01-18 15:32:26,897 : episode: 417 score: 1700.3 100 games avg: 1700.3 steps 764 
INFO : 2021-01-18 15:32:51,610 : episode: 418 score: 686.6 100 games avg: 686.6 steps 1000 
INFO : 2021-01-18 15:33:15,070 : episode: 419 score: 1827.6 100 games avg: 1827.6 steps 1000 
INFO : 2021-01-18 15:33:37,934 : episode: 420 score: 698.4 100 games avg: 698.4 steps 1000 
INFO : 2021-01-18 15:33:55,354 : episode: 421 score: 2212.8 100 games avg: 2212.8 steps 1000 
INFO : 2021-01-18 15:34:14,332 : episode: 422 score: 1766.6 100 games avg: 1766.6 steps 1000 
INFO : 2021-01-18 15:34:34,621 : episode: 423 score: 2161.4 100 games avg: 2161.4 steps 1000 
INFO : 2021-01-18 15:34:38,260 : episode: 424 score: 311.9 100 games avg: 311.9 steps 136 
INFO : 2021-01-18 15:34:42,356 : episode: 425 score: 439.3 100 games avg: 439.3 steps 224 
INFO : 2021-01-18 15:35:02,549 : episode: 426 score: 859.7 100 games avg: 859.7 steps 1000 
INFO : 2021-01-18 15:35:14,366 : episode: 427 score: 1897.7 100 games avg: 1897.7 steps 842 
INFO : 2021-01-18 15:35:19,067 : episode: 428 score: 796.5 100 games avg: 796.5 steps 335 
INFO : 2021-01-18 15:35:20,695 : episode: 429 score: 270.9 100 games avg: 270.9 steps 116 
INFO : 2021-01-18 15:35:25,861 : episode: 430 score: 600.0 100 games avg: 600.0 steps 253 
INFO : 2021-01-18 15:35:40,693 : episode: 431 score: 1613.5 100 games avg: 1613.5 steps 1000 
INFO : 2021-01-18 15:35:56,931 : episode: 432 score: 1995.4 100 games avg: 1995.4 steps 889 
INFO : 2021-01-18 15:36:14,346 : episode: 433 score: 2407.9 100 games avg: 2407.9 steps 1000 
INFO : 2021-01-18 15:36:32,338 : episode: 434 score: 667.6 100 games avg: 667.6 steps 1000 
INFO : 2021-01-18 15:36:33,423 : episode: 435 score: 149.5 100 games avg: 149.5 steps 78 
INFO : 2021-01-18 15:36:35,554 : episode: 436 score: 324.9 100 games avg: 324.9 steps 133 
INFO : 2021-01-18 15:36:59,493 : episode: 437 score: 2285.6 100 games avg: 2285.6 steps 1000 
INFO : 2021-01-18 15:37:22,407 : episode: 438 score: 2300.0 100 games avg: 2300.0 steps 1000 
INFO : 2021-01-18 15:37:36,502 : episode: 439 score: 2338.3 100 games avg: 2338.3 steps 1000 
INFO : 2021-01-18 15:37:50,505 : episode: 440 score: 2027.0 100 games avg: 2027.0 steps 1000 
INFO : 2021-01-18 15:38:10,922 : episode: 441 score: 2362.9 100 games avg: 2362.9 steps 1000 
INFO : 2021-01-18 15:38:35,922 : episode: 442 score: 1263.1 100 games avg: 1263.1 steps 1000 
INFO : 2021-01-18 15:38:50,273 : episode: 443 score: 1206.4 100 games avg: 1206.4 steps 1000 
INFO : 2021-01-18 15:39:08,158 : episode: 444 score: 1513.9 100 games avg: 1513.9 steps 1000 
INFO : 2021-01-18 15:39:12,136 : episode: 445 score: 624.2 100 games avg: 624.2 steps 284 
INFO : 2021-01-18 15:39:29,026 : episode: 446 score: 2340.2 100 games avg: 2340.2 steps 1000 
INFO : 2021-01-18 15:39:55,660 : episode: 447 score: 2295.6 100 games avg: 2295.6 steps 1000 
INFO : 2021-01-18 15:40:17,131 : episode: 448 score: 2409.7 100 games avg: 2409.7 steps 1000 
INFO : 2021-01-18 15:40:36,498 : episode: 449 score: 684.4 100 games avg: 684.4 steps 1000 
INFO : 2021-01-18 15:40:59,933 : episode: 450 score: 2252.6 100 games avg: 2252.6 steps 1000 
INFO : 2021-01-18 15:41:26,467 : episode: 451 score: 2331.3 100 games avg: 2331.3 steps 1000 
INFO : 2021-01-18 15:41:45,110 : episode: 452 score: 1095.1 100 games avg: 1095.1 steps 1000 
INFO : 2021-01-18 15:42:04,473 : episode: 453 score: 2183.2 100 games avg: 2183.2 steps 1000 
INFO : 2021-01-18 15:42:27,763 : episode: 454 score: 2414.1 100 games avg: 2414.1 steps 1000 
INFO : 2021-01-18 15:42:49,627 : episode: 455 score: 2225.2 100 games avg: 2225.2 steps 1000 
INFO : 2021-01-18 15:43:07,075 : episode: 456 score: 1514.9 100 games avg: 1514.9 steps 1000 
INFO : 2021-01-18 15:43:24,025 : episode: 457 score: 794.9 100 games avg: 794.9 steps 1000 
INFO : 2021-01-18 15:43:46,282 : episode: 458 score: 2216.3 100 games avg: 2216.3 steps 1000 
INFO : 2021-01-18 15:44:07,961 : episode: 459 score: 2369.2 100 games avg: 2369.2 steps 1000 
INFO : 2021-01-18 15:44:21,962 : episode: 460 score: 2386.4 100 games avg: 2386.4 steps 1000 
INFO : 2021-01-18 15:44:23,516 : episode: 461 score: 226.9 100 games avg: 226.9 steps 111 
INFO : 2021-01-18 15:44:37,501 : episode: 462 score: 2326.7 100 games avg: 2326.7 steps 1000 
INFO : 2021-01-18 15:44:51,499 : episode: 463 score: 1747.2 100 games avg: 1747.2 steps 1000 
INFO : 2021-01-18 15:45:03,919 : episode: 464 score: 1034.9 100 games avg: 1034.9 steps 481 
INFO : 2021-01-18 15:45:30,630 : episode: 465 score: 2191.9 100 games avg: 2191.9 steps 1000 
INFO : 2021-01-18 15:45:51,924 : episode: 466 score: 2311.7 100 games avg: 2311.7 steps 1000 
INFO : 2021-01-18 15:46:06,054 : episode: 467 score: 799.8 100 games avg: 799.8 steps 1000 
INFO : 2021-01-18 15:46:22,412 : episode: 468 score: 1570.3 100 games avg: 1570.3 steps 1000 
INFO : 2021-01-18 15:46:27,381 : episode: 469 score: 466.4 100 games avg: 466.4 steps 207 
INFO : 2021-01-18 15:46:41,265 : episode: 470 score: 2400.9 100 games avg: 2400.9 steps 1000 
INFO : 2021-01-18 15:46:42,291 : episode: 471 score: 151.0 100 games avg: 151.0 steps 74 
INFO : 2021-01-18 15:47:02,440 : episode: 472 score: 2404.9 100 games avg: 2404.9 steps 1000 
INFO : 2021-01-18 15:47:19,465 : episode: 473 score: 1809.8 100 games avg: 1809.8 steps 1000 
INFO : 2021-01-18 15:47:42,264 : episode: 474 score: 2419.8 100 games avg: 2419.8 steps 1000 
INFO : 2021-01-18 15:48:06,632 : episode: 475 score: 1502.0 100 games avg: 1502.0 steps 1000 
INFO : 2021-01-18 15:48:29,329 : episode: 476 score: 2399.1 100 games avg: 2399.1 steps 1000 
INFO : 2021-01-18 15:48:45,590 : episode: 477 score: 1388.4 100 games avg: 1388.4 steps 1000 
INFO : 2021-01-18 15:48:53,627 : episode: 478 score: 1294.1 100 games avg: 1294.1 steps 513 
INFO : 2021-01-18 15:49:19,325 : episode: 479 score: 1366.7 100 games avg: 1366.7 steps 1000 
INFO : 2021-01-18 15:49:40,968 : episode: 480 score: 2328.3 100 games avg: 2328.3 steps 1000 
INFO : 2021-01-18 15:49:54,819 : episode: 481 score: 2322.5 100 games avg: 2322.5 steps 1000 
INFO : 2021-01-18 15:50:08,667 : episode: 482 score: 2183.5 100 games avg: 2183.5 steps 1000 
INFO : 2021-01-18 15:50:24,599 : episode: 483 score: 489.4 100 games avg: 489.4 steps 1000 
INFO : 2021-01-18 15:50:39,279 : episode: 484 score: 1691.9 100 games avg: 1691.9 steps 707 
INFO : 2021-01-18 15:50:57,681 : episode: 485 score: 576.5 100 games avg: 576.5 steps 1000 
INFO : 2021-01-18 15:51:17,826 : episode: 486 score: 637.7 100 games avg: 637.7 steps 1000 
INFO : 2021-01-18 15:51:31,856 : episode: 487 score: 2306.7 100 games avg: 2306.7 steps 1000 
INFO : 2021-01-18 15:51:45,878 : episode: 488 score: 2203.3 100 games avg: 2203.3 steps 1000 
INFO : 2021-01-18 15:51:59,889 : episode: 489 score: 2450.0 100 games avg: 2450.0 steps 1000 
INFO : 2021-01-18 15:52:17,322 : episode: 490 score: 2280.0 100 games avg: 2280.0 steps 1000 
INFO : 2021-01-18 15:52:25,120 : episode: 491 score: 854.5 100 games avg: 854.5 steps 374 
INFO : 2021-01-18 15:52:45,621 : episode: 492 score: 2425.5 100 games avg: 2425.5 steps 1000 
INFO : 2021-01-18 15:53:00,534 : episode: 493 score: 2350.2 100 games avg: 2350.2 steps 1000 
INFO : 2021-01-18 15:53:03,461 : episode: 494 score: 237.7 100 games avg: 237.7 steps 109 
INFO : 2021-01-18 15:53:25,554 : episode: 495 score: 2016.5 100 games avg: 2016.5 steps 1000 
INFO : 2021-01-18 15:53:39,561 : episode: 496 score: 1535.1 100 games avg: 1535.1 steps 1000 
INFO : 2021-01-18 15:53:53,572 : episode: 497 score: 2407.7 100 games avg: 2407.7 steps 1000 
INFO : 2021-01-18 15:53:56,915 : episode: 498 score: 484.8 100 games avg: 484.8 steps 239 
INFO : 2021-01-18 15:54:18,800 : episode: 499 score: 2423.6 100 games avg: 2423.6 steps 1000 
INFO : 2021-01-18 15:54:34,488 : episode: 500 score: 2623.3 100 games avg: 2623.3 steps 1000 
INFO : 2021-01-18 15:54:58,515 : episode: 501 score: 2306.0 100 games avg: 2306.0 steps 1000 
INFO : 2021-01-18 15:55:17,262 : episode: 502 score: 2449.1 100 games avg: 2449.1 steps 1000 
INFO : 2021-01-18 15:55:35,247 : episode: 503 score: 2024.9 100 games avg: 2024.9 steps 801 
INFO : 2021-01-18 15:55:42,176 : episode: 504 score: 1140.3 100 games avg: 1140.3 steps 495 
INFO : 2021-01-18 15:55:48,858 : episode: 505 score: 1191.9 100 games avg: 1191.9 steps 477 
INFO : 2021-01-18 15:55:50,992 : episode: 506 score: 356.5 100 games avg: 356.5 steps 152 
INFO : 2021-01-18 15:56:10,584 : episode: 507 score: 2275.5 100 games avg: 2275.5 steps 1000 
INFO : 2021-01-18 15:56:11,292 : episode: 508 score: 56.7 100 games avg: 56.7 steps 28 
INFO : 2021-01-18 15:56:25,461 : episode: 509 score: 2413.4 100 games avg: 2413.4 steps 1000 
INFO : 2021-01-18 15:56:28,842 : episode: 510 score: 579.3 100 games avg: 579.3 steps 244 
INFO : 2021-01-18 15:56:42,719 : episode: 511 score: 695.7 100 games avg: 695.7 steps 1000 
INFO : 2021-01-18 15:57:00,033 : episode: 512 score: 2397.0 100 games avg: 2397.0 steps 1000 
INFO : 2021-01-18 15:57:17,567 : episode: 513 score: 2254.6 100 games avg: 2254.6 steps 1000 
INFO : 2021-01-18 15:57:43,854 : episode: 514 score: 538.7 100 games avg: 538.7 steps 1000 
INFO : 2021-01-18 15:58:02,533 : episode: 515 score: 1941.5 100 games avg: 1941.5 steps 832 
INFO : 2021-01-18 15:58:28,938 : episode: 516 score: 2363.1 100 games avg: 2363.1 steps 1000 
INFO : 2021-01-18 15:58:45,920 : episode: 517 score: 2229.9 100 games avg: 2229.9 steps 1000 
INFO : 2021-01-18 15:59:06,703 : episode: 518 score: 2488.5 100 games avg: 2488.5 steps 1000 
INFO : 2021-01-18 15:59:27,468 : episode: 519 score: 2034.3 100 games avg: 2034.3 steps 868 
INFO : 2021-01-18 15:59:48,584 : episode: 520 score: 2674.6 100 games avg: 2674.6 steps 1000 
INFO : 2021-01-18 16:00:00,503 : episode: 521 score: 1548.1 100 games avg: 1548.1 steps 624 
INFO : 2021-01-18 16:00:26,055 : episode: 522 score: 2428.5 100 games avg: 2428.5 steps 1000 
INFO : 2021-01-18 16:00:43,901 : episode: 523 score: 2227.1 100 games avg: 2227.1 steps 1000 
INFO : 2021-01-18 16:01:02,812 : episode: 524 score: 817.7 100 games avg: 817.7 steps 1000 
INFO : 2021-01-18 16:01:17,357 : episode: 525 score: 1404.8 100 games avg: 1404.8 steps 1000 
INFO : 2021-01-18 16:01:30,772 : episode: 526 score: 1221.4 100 games avg: 1221.4 steps 577 
INFO : 2021-01-18 16:01:54,579 : episode: 527 score: 521.3 100 games avg: 521.3 steps 1000 
INFO : 2021-01-18 16:02:12,373 : episode: 528 score: 2278.8 100 games avg: 2278.8 steps 1000 
INFO : 2021-01-18 16:02:30,432 : episode: 529 score: 2534.8 100 games avg: 2534.8 steps 1000 
INFO : 2021-01-18 16:02:44,416 : episode: 530 score: 1360.8 100 games avg: 1360.8 steps 1000 
INFO : 2021-01-18 16:02:58,386 : episode: 531 score: 555.1 100 games avg: 555.1 steps 1000 
INFO : 2021-01-18 16:03:12,516 : episode: 532 score: 1189.4 100 games avg: 1189.4 steps 1000 
INFO : 2021-01-18 16:03:35,738 : episode: 533 score: 2539.4 100 games avg: 2539.4 steps 1000 
INFO : 2021-01-18 16:04:02,207 : episode: 534 score: 2013.7 100 games avg: 2013.7 steps 1000 
INFO : 2021-01-18 16:04:22,185 : episode: 535 score: 2419.1 100 games avg: 2419.1 steps 1000 
INFO : 2021-01-18 16:04:43,539 : episode: 536 score: 2312.0 100 games avg: 2312.0 steps 1000 
INFO : 2021-01-18 16:05:09,505 : episode: 537 score: 2415.4 100 games avg: 2415.4 steps 1000 
INFO : 2021-01-18 16:05:33,347 : episode: 538 score: 1277.2 100 games avg: 1277.2 steps 1000 
INFO : 2021-01-18 16:05:52,262 : episode: 539 score: 2555.1 100 games avg: 2555.1 steps 1000 
INFO : 2021-01-18 16:06:10,999 : episode: 540 score: 2416.8 100 games avg: 2416.8 steps 1000 
INFO : 2021-01-18 16:06:28,794 : episode: 541 score: 1768.2 100 games avg: 1768.2 steps 1000 
INFO : 2021-01-18 16:06:43,723 : episode: 542 score: 632.1 100 games avg: 632.1 steps 1000 
INFO : 2021-01-18 16:07:02,278 : episode: 543 score: 2393.4 100 games avg: 2393.4 steps 1000 
INFO : 2021-01-18 16:07:18,153 : episode: 544 score: 2302.9 100 games avg: 2302.9 steps 1000 
INFO : 2021-01-18 16:07:32,993 : episode: 545 score: 2426.6 100 games avg: 2426.6 steps 1000 
INFO : 2021-01-18 16:07:55,677 : episode: 546 score: 2512.5 100 games avg: 2512.5 steps 1000 
INFO : 2021-01-18 16:08:10,379 : episode: 547 score: 2508.9 100 games avg: 2508.9 steps 1000 
INFO : 2021-01-18 16:08:13,497 : episode: 548 score: 502.2 100 games avg: 502.2 steps 225 
INFO : 2021-01-18 16:08:37,011 : episode: 549 score: 2441.4 100 games avg: 2441.4 steps 1000 
INFO : 2021-01-18 16:09:00,462 : episode: 550 score: 2057.0 100 games avg: 2057.0 steps 1000 
INFO : 2021-01-18 16:09:22,795 : episode: 551 score: 2524.6 100 games avg: 2524.6 steps 1000 
INFO : 2021-01-18 16:09:40,624 : episode: 552 score: 2520.0 100 games avg: 2520.0 steps 1000 
INFO : 2021-01-18 16:09:54,586 : episode: 553 score: 1390.4 100 games avg: 1390.4 steps 1000 
INFO : 2021-01-18 16:10:11,605 : episode: 554 score: 1217.4 100 games avg: 1217.4 steps 1000 
INFO : 2021-01-18 16:10:14,433 : episode: 555 score: 475.7 100 games avg: 475.7 steps 202 
INFO : 2021-01-18 16:10:32,865 : episode: 556 score: 2552.8 100 games avg: 2552.8 steps 1000 
INFO : 2021-01-18 16:10:46,748 : episode: 557 score: 2527.4 100 games avg: 2527.4 steps 1000 
INFO : 2021-01-18 16:10:58,440 : episode: 558 score: 1737.1 100 games avg: 1737.1 steps 768 
INFO : 2021-01-18 16:11:20,639 : episode: 559 score: 2559.6 100 games avg: 2559.6 steps 1000 
INFO : 2021-01-18 16:11:45,622 : episode: 560 score: 2418.9 100 games avg: 2418.9 steps 1000 
INFO : 2021-01-18 16:12:00,491 : episode: 561 score: 2533.7 100 games avg: 2533.7 steps 1000 
INFO : 2021-01-18 16:12:12,507 : episode: 562 score: 1550.5 100 games avg: 1550.5 steps 636 
INFO : 2021-01-18 16:12:30,727 : episode: 563 score: 871.3 100 games avg: 871.3 steps 1000 
INFO : 2021-01-18 16:12:49,327 : episode: 564 score: 2420.7 100 games avg: 2420.7 steps 1000 
INFO : 2021-01-18 16:12:52,444 : episode: 565 score: 425.0 100 games avg: 425.0 steps 220 
INFO : 2021-01-18 16:13:13,717 : episode: 566 score: 2447.2 100 games avg: 2447.2 steps 1000 
INFO : 2021-01-18 16:13:27,763 : episode: 567 score: 506.4 100 games avg: 506.4 steps 1000 
INFO : 2021-01-18 16:13:46,921 : episode: 568 score: 524.1 100 games avg: 524.1 steps 1000 
INFO : 2021-01-18 16:14:00,945 : episode: 569 score: 1844.0 100 games avg: 1844.0 steps 1000 
INFO : 2021-01-18 16:14:07,313 : episode: 570 score: 754.3 100 games avg: 754.3 steps 300 
INFO : 2021-01-18 16:14:22,564 : episode: 571 score: 2556.6 100 games avg: 2556.6 steps 1000 
INFO : 2021-01-18 16:14:43,188 : episode: 572 score: 791.9 100 games avg: 791.9 steps 1000 
INFO : 2021-01-18 16:15:01,881 : episode: 573 score: 2319.0 100 games avg: 2319.0 steps 1000 
INFO : 2021-01-18 16:15:17,911 : episode: 574 score: 2007.0 100 games avg: 2007.0 steps 1000 
INFO : 2021-01-18 16:15:29,014 : episode: 575 score: 1929.5 100 games avg: 1929.5 steps 799 
INFO : 2021-01-18 16:15:47,976 : episode: 576 score: 2532.2 100 games avg: 2532.2 steps 1000 
INFO : 2021-01-18 16:15:50,776 : episode: 577 score: 343.5 100 games avg: 343.5 steps 128 
INFO : 2021-01-18 16:16:03,384 : episode: 578 score: 2063.5 100 games avg: 2063.5 steps 834 
INFO : 2021-01-18 16:16:17,374 : episode: 579 score: 2588.8 100 games avg: 2588.8 steps 1000 
INFO : 2021-01-18 16:16:33,924 : episode: 580 score: 890.8 100 games avg: 890.8 steps 1000 
INFO : 2021-01-18 16:16:51,485 : episode: 581 score: 2369.4 100 games avg: 2369.4 steps 1000 
INFO : 2021-01-18 16:16:57,931 : episode: 582 score: 578.0 100 games avg: 578.0 steps 246 
INFO : 2021-01-18 16:17:13,962 : episode: 583 score: 1943.8 100 games avg: 1943.8 steps 786 
INFO : 2021-01-18 16:17:27,857 : episode: 584 score: 2508.1 100 games avg: 2508.1 steps 1000 
INFO : 2021-01-18 16:17:36,276 : episode: 585 score: 1573.7 100 games avg: 1573.7 steps 606 
INFO : 2021-01-18 16:17:50,182 : episode: 586 score: 979.9 100 games avg: 979.9 steps 1000 
INFO : 2021-01-18 16:18:06,996 : episode: 587 score: 2298.3 100 games avg: 2298.3 steps 936 
INFO : 2021-01-18 16:18:20,765 : episode: 588 score: 1571.2 100 games avg: 1571.2 steps 714 
INFO : 2021-01-18 16:18:36,130 : episode: 589 score: 2569.5 100 games avg: 2569.5 steps 1000 
INFO : 2021-01-18 16:18:50,488 : episode: 590 score: 889.8 100 games avg: 889.8 steps 1000 
INFO : 2021-01-18 16:19:06,776 : episode: 591 score: 2477.6 100 games avg: 2477.6 steps 1000 
INFO : 2021-01-18 16:19:24,775 : episode: 592 score: 2459.8 100 games avg: 2459.8 steps 1000 
INFO : 2021-01-18 16:19:49,317 : episode: 593 score: 2349.2 100 games avg: 2349.2 steps 1000 
INFO : 2021-01-18 16:20:05,201 : episode: 594 score: 502.3 100 games avg: 502.3 steps 1000 
INFO : 2021-01-18 16:20:08,257 : episode: 595 score: 316.2 100 games avg: 316.2 steps 113 
INFO : 2021-01-18 16:20:30,683 : episode: 596 score: 2446.3 100 games avg: 2446.3 steps 1000 
INFO : 2021-01-18 16:20:45,414 : episode: 597 score: 2421.8 100 games avg: 2421.8 steps 1000 
INFO : 2021-01-18 16:21:03,893 : episode: 598 score: 2572.0 100 games avg: 2572.0 steps 1000 
INFO : 2021-01-18 16:21:27,210 : episode: 599 score: 1485.2 100 games avg: 1485.2 steps 1000 
INFO : 2021-01-18 16:21:48,105 : episode: 600 score: 2393.0 100 games avg: 2393.0 steps 1000 
INFO : 2021-01-18 16:22:10,698 : episode: 601 score: 2443.7 100 games avg: 2443.7 steps 1000 
INFO : 2021-01-18 16:22:30,543 : episode: 602 score: 2657.9 100 games avg: 2657.9 steps 1000 
INFO : 2021-01-18 16:22:38,901 : episode: 603 score: 1281.3 100 games avg: 1281.3 steps 515 
INFO : 2021-01-18 16:22:57,410 : episode: 604 score: 2123.4 100 games avg: 2123.4 steps 1000 
INFO : 2021-01-18 16:23:16,003 : episode: 605 score: 2530.7 100 games avg: 2530.7 steps 1000 
INFO : 2021-01-18 16:23:18,357 : episode: 606 score: 423.0 100 games avg: 423.0 steps 168 
INFO : 2021-01-18 16:23:37,260 : episode: 607 score: 1395.6 100 games avg: 1395.6 steps 1000 
INFO : 2021-01-18 16:23:59,650 : episode: 608 score: 2534.6 100 games avg: 2534.6 steps 1000 
INFO : 2021-01-18 16:24:10,899 : episode: 609 score: 1342.0 100 games avg: 1342.0 steps 577 
INFO : 2021-01-18 16:24:32,605 : episode: 610 score: 2693.3 100 games avg: 2693.3 steps 1000 
INFO : 2021-01-18 16:24:45,223 : episode: 611 score: 1745.8 100 games avg: 1745.8 steps 644 
INFO : 2021-01-18 16:24:46,176 : episode: 612 score: 117.3 100 games avg: 117.3 steps 68 
INFO : 2021-01-18 16:24:59,005 : episode: 613 score: 1832.3 100 games avg: 1832.3 steps 721 
INFO : 2021-01-18 16:25:15,556 : episode: 614 score: 510.0 100 games avg: 510.0 steps 1000 
INFO : 2021-01-18 16:25:38,080 : episode: 615 score: 2646.5 100 games avg: 2646.5 steps 1000 
INFO : 2021-01-18 16:25:39,538 : episode: 616 score: 154.0 100 games avg: 154.0 steps 74 
INFO : 2021-01-18 16:26:05,232 : episode: 617 score: 2374.5 100 games avg: 2374.5 steps 1000 
INFO : 2021-01-18 16:26:08,796 : episode: 618 score: 476.8 100 games avg: 476.8 steps 189 
INFO : 2021-01-18 16:26:23,793 : episode: 619 score: 1761.9 100 games avg: 1761.9 steps 675 
INFO : 2021-01-18 16:26:48,854 : episode: 620 score: 1817.1 100 games avg: 1817.1 steps 1000 
INFO : 2021-01-18 16:27:09,423 : episode: 621 score: 1122.4 100 games avg: 1122.4 steps 1000 
INFO : 2021-01-18 16:27:27,063 : episode: 622 score: 2716.4 100 games avg: 2716.4 steps 1000 
INFO : 2021-01-18 16:27:50,704 : episode: 623 score: 1733.1 100 games avg: 1733.1 steps 1000 
INFO : 2021-01-18 16:28:14,207 : episode: 624 score: 2395.4 100 games avg: 2395.4 steps 974 
INFO : 2021-01-18 16:28:32,463 : episode: 625 score: 2147.3 100 games avg: 2147.3 steps 850 
INFO : 2021-01-18 16:28:44,029 : episode: 626 score: 2231.3 100 games avg: 2231.3 steps 833 
INFO : 2021-01-18 16:28:58,201 : episode: 627 score: 2266.5 100 games avg: 2266.5 steps 878 
INFO : 2021-01-18 16:29:21,952 : episode: 628 score: 2590.5 100 games avg: 2590.5 steps 1000 
INFO : 2021-01-18 16:29:40,080 : episode: 629 score: 2594.6 100 games avg: 2594.6 steps 1000 
INFO : 2021-01-18 16:29:54,085 : episode: 630 score: 2423.9 100 games avg: 2423.9 steps 1000 
INFO : 2021-01-18 16:30:09,235 : episode: 631 score: 2064.9 100 games avg: 2064.9 steps 811 
INFO : 2021-01-18 16:30:31,820 : episode: 632 score: 2606.2 100 games avg: 2606.2 steps 1000 
INFO : 2021-01-18 16:30:50,843 : episode: 633 score: 2746.0 100 games avg: 2746.0 steps 1000 
INFO : 2021-01-18 16:31:04,692 : episode: 634 score: 2503.3 100 games avg: 2503.3 steps 1000 
INFO : 2021-01-18 16:31:21,647 : episode: 635 score: 1019.5 100 games avg: 1019.5 steps 1000 
INFO : 2021-01-18 16:31:38,715 : episode: 636 score: 2506.5 100 games avg: 2506.5 steps 1000 
INFO : 2021-01-18 16:32:05,094 : episode: 637 score: 638.7 100 games avg: 638.7 steps 1000 
INFO : 2021-01-18 16:32:29,124 : episode: 638 score: 2386.2 100 games avg: 2386.2 steps 933 
INFO : 2021-01-18 16:32:55,287 : episode: 639 score: 2440.3 100 games avg: 2440.3 steps 1000 
INFO : 2021-01-18 16:33:19,163 : episode: 640 score: 2131.3 100 games avg: 2131.3 steps 1000 
INFO : 2021-01-18 16:33:34,401 : episode: 641 score: 1956.4 100 games avg: 1956.4 steps 1000 
INFO : 2021-01-18 16:33:52,252 : episode: 642 score: 659.2 100 games avg: 659.2 steps 1000 
INFO : 2021-01-18 16:34:07,178 : episode: 643 score: 2625.0 100 games avg: 2625.0 steps 1000 
INFO : 2021-01-18 16:34:25,773 : episode: 644 score: 2580.6 100 games avg: 2580.6 steps 1000 
INFO : 2021-01-18 16:34:48,289 : episode: 645 score: 1093.8 100 games avg: 1093.8 steps 1000 
INFO : 2021-01-18 16:34:53,648 : episode: 646 score: 454.4 100 games avg: 454.4 steps 209 
INFO : 2021-01-18 16:35:18,345 : episode: 647 score: 1585.6 100 games avg: 1585.6 steps 1000 
INFO : 2021-01-18 16:35:23,585 : episode: 648 score: 956.7 100 games avg: 956.7 steps 375 
INFO : 2021-01-18 16:35:26,503 : episode: 649 score: 400.7 100 games avg: 400.7 steps 209 
INFO : 2021-01-18 16:35:44,943 : episode: 650 score: 2693.4 100 games avg: 2693.4 steps 1000 
INFO : 2021-01-18 16:35:50,261 : episode: 651 score: 484.4 100 games avg: 484.4 steps 201 
INFO : 2021-01-18 16:36:16,213 : episode: 652 score: 2563.0 100 games avg: 2563.0 steps 1000 
INFO : 2021-01-18 16:36:32,547 : episode: 653 score: 2250.0 100 games avg: 2250.0 steps 913 
INFO : 2021-01-18 16:36:50,616 : episode: 654 score: 2618.7 100 games avg: 2618.7 steps 1000 
INFO : 2021-01-18 16:37:08,732 : episode: 655 score: 2559.1 100 games avg: 2559.1 steps 1000 
INFO : 2021-01-18 16:37:23,801 : episode: 656 score: 2685.9 100 games avg: 2685.9 steps 1000 
INFO : 2021-01-18 16:37:48,391 : episode: 657 score: 2533.1 100 games avg: 2533.1 steps 1000 
INFO : 2021-01-18 16:38:08,706 : episode: 658 score: 2667.5 100 games avg: 2667.5 steps 1000 
INFO : 2021-01-18 16:38:22,700 : episode: 659 score: 2670.4 100 games avg: 2670.4 steps 1000 
INFO : 2021-01-18 16:38:36,688 : episode: 660 score: 2543.8 100 games avg: 2543.8 steps 1000 
INFO : 2021-01-18 16:38:51,462 : episode: 661 score: 2108.9 100 games avg: 2108.9 steps 1000 
INFO : 2021-01-18 16:39:16,012 : episode: 662 score: 525.2 100 games avg: 525.2 steps 1000 
INFO : 2021-01-18 16:39:40,237 : episode: 663 score: 2610.5 100 games avg: 2610.5 steps 1000 
INFO : 2021-01-18 16:40:06,226 : episode: 664 score: 2589.3 100 games avg: 2589.3 steps 1000 
INFO : 2021-01-18 16:40:29,003 : episode: 665 score: 2440.0 100 games avg: 2440.0 steps 1000 
INFO : 2021-01-18 16:40:43,150 : episode: 666 score: 1381.2 100 games avg: 1381.2 steps 1000 
INFO : 2021-01-18 16:41:00,744 : episode: 667 score: 2641.4 100 games avg: 2641.4 steps 1000 
INFO : 2021-01-18 16:41:17,767 : episode: 668 score: 2236.9 100 games avg: 2236.9 steps 863 
INFO : 2021-01-18 16:41:36,906 : episode: 669 score: 1248.7 100 games avg: 1248.7 steps 1000 
INFO : 2021-01-18 16:41:50,778 : episode: 670 score: 2693.5 100 games avg: 2693.5 steps 1000 
INFO : 2021-01-18 16:42:11,487 : episode: 671 score: 2742.6 100 games avg: 2742.6 steps 1000 
INFO : 2021-01-18 16:42:28,756 : episode: 672 score: 2640.2 100 games avg: 2640.2 steps 1000 
INFO : 2021-01-18 16:42:47,125 : episode: 673 score: 763.5 100 games avg: 763.5 steps 1000 
INFO : 2021-01-18 16:43:06,126 : episode: 674 score: 2712.1 100 games avg: 2712.1 steps 1000 
INFO : 2021-01-18 16:43:24,908 : episode: 675 score: 2083.8 100 games avg: 2083.8 steps 1000 
INFO : 2021-01-18 16:43:28,169 : episode: 676 score: 279.7 100 games avg: 279.7 steps 121 
INFO : 2021-01-18 16:43:50,706 : episode: 677 score: 2453.2 100 games avg: 2453.2 steps 1000 
INFO : 2021-01-18 16:44:08,355 : episode: 678 score: 2768.7 100 games avg: 2768.7 steps 1000 
INFO : 2021-01-18 16:44:34,280 : episode: 679 score: 2757.0 100 games avg: 2757.0 steps 1000 
INFO : 2021-01-18 16:44:35,531 : episode: 680 score: 105.7 100 games avg: 105.7 steps 48 
INFO : 2021-01-18 16:44:51,432 : episode: 681 score: 2500.7 100 games avg: 2500.7 steps 1000 
INFO : 2021-01-18 16:44:57,405 : episode: 682 score: 1163.8 100 games avg: 1163.8 steps 431 
INFO : 2021-01-18 16:45:11,195 : episode: 683 score: 2394.0 100 games avg: 2394.0 steps 899 
INFO : 2021-01-18 16:45:16,285 : episode: 684 score: 658.4 100 games avg: 658.4 steps 253 
INFO : 2021-01-18 16:45:19,645 : episode: 685 score: 486.2 100 games avg: 486.2 steps 182 
INFO : 2021-01-18 16:45:37,550 : episode: 686 score: 1315.9 100 games avg: 1315.9 steps 1000 
INFO : 2021-01-18 16:45:55,760 : episode: 687 score: 1435.1 100 games avg: 1435.1 steps 1000 
INFO : 2021-01-18 16:46:02,534 : episode: 688 score: 853.7 100 games avg: 853.7 steps 329 
INFO : 2021-01-18 16:46:27,607 : episode: 689 score: 2784.6 100 games avg: 2784.6 steps 1000 
INFO : 2021-01-18 16:46:38,230 : episode: 690 score: 1118.5 100 games avg: 1118.5 steps 401 
INFO : 2021-01-18 16:47:02,758 : episode: 691 score: 2581.5 100 games avg: 2581.5 steps 1000 
INFO : 2021-01-18 16:47:08,512 : episode: 692 score: 1049.3 100 games avg: 1049.3 steps 415 
INFO : 2021-01-18 16:47:26,657 : episode: 693 score: 2613.4 100 games avg: 2613.4 steps 1000 
INFO : 2021-01-18 16:47:38,705 : episode: 694 score: 2279.0 100 games avg: 2279.0 steps 847 
INFO : 2021-01-18 16:47:43,142 : episode: 695 score: 711.7 100 games avg: 711.7 steps 268 
INFO : 2021-01-18 16:48:07,809 : episode: 696 score: 2608.2 100 games avg: 2608.2 steps 1000 
INFO : 2021-01-18 16:48:31,337 : episode: 697 score: 2594.1 100 games avg: 2594.1 steps 1000 
INFO : 2021-01-18 16:48:45,233 : episode: 698 score: 2653.7 100 games avg: 2653.7 steps 1000 
INFO : 2021-01-18 16:48:59,119 : episode: 699 score: 2521.3 100 games avg: 2521.3 steps 1000 
INFO : 2021-01-18 16:49:17,950 : episode: 700 score: 2607.3 100 games avg: 2607.3 steps 1000 
INFO : 2021-01-18 16:49:43,302 : episode: 701 score: 1226.0 100 games avg: 1226.0 steps 1000 
INFO : 2021-01-18 16:49:57,498 : episode: 702 score: 2750.4 100 games avg: 2750.4 steps 1000 
INFO : 2021-01-18 16:50:11,536 : episode: 703 score: 670.0 100 games avg: 670.0 steps 1000 
INFO : 2021-01-18 16:50:25,568 : episode: 704 score: 2678.2 100 games avg: 2678.2 steps 1000 
INFO : 2021-01-18 16:50:39,590 : episode: 705 score: 2447.0 100 games avg: 2447.0 steps 1000 
INFO : 2021-01-18 16:50:57,648 : episode: 706 score: 2716.7 100 games avg: 2716.7 steps 1000 
INFO : 2021-01-18 16:51:18,857 : episode: 707 score: 2659.4 100 games avg: 2659.4 steps 1000 
INFO : 2021-01-18 16:51:37,186 : episode: 708 score: 2673.8 100 games avg: 2673.8 steps 1000 
INFO : 2021-01-18 16:51:56,835 : episode: 709 score: 2672.6 100 games avg: 2672.6 steps 1000 
INFO : 2021-01-18 16:52:13,820 : episode: 710 score: 2721.1 100 games avg: 2721.1 steps 1000 
INFO : 2021-01-18 16:52:14,976 : episode: 711 score: 87.3 100 games avg: 87.3 steps 47 
INFO : 2021-01-18 16:52:39,651 : episode: 712 score: 1056.8 100 games avg: 1056.8 steps 1000 
INFO : 2021-01-18 16:53:05,482 : episode: 713 score: 2742.4 100 games avg: 2742.4 steps 1000 
INFO : 2021-01-18 16:53:11,302 : episode: 714 score: 559.3 100 games avg: 559.3 steps 214 
INFO : 2021-01-18 16:53:33,184 : episode: 715 score: 2829.7 100 games avg: 2829.7 steps 1000 
INFO : 2021-01-18 16:53:43,407 : episode: 716 score: 1045.0 100 games avg: 1045.0 steps 419 
INFO : 2021-01-18 16:54:00,641 : episode: 717 score: 1808.6 100 games avg: 1808.6 steps 681 
INFO : 2021-01-18 16:54:24,477 : episode: 718 score: 2752.5 100 games avg: 2752.5 steps 1000 
INFO : 2021-01-18 16:54:38,386 : episode: 719 score: 2654.3 100 games avg: 2654.3 steps 1000 
INFO : 2021-01-18 16:54:48,273 : episode: 720 score: 1911.7 100 games avg: 1911.7 steps 710 
INFO : 2021-01-18 16:55:08,968 : episode: 721 score: 2732.1 100 games avg: 2732.1 steps 1000 
INFO : 2021-01-18 16:55:29,824 : episode: 722 score: 2779.1 100 games avg: 2779.1 steps 1000 
INFO : 2021-01-18 16:55:42,413 : episode: 723 score: 2145.0 100 games avg: 2145.0 steps 737 
INFO : 2021-01-18 16:56:04,910 : episode: 724 score: 2651.6 100 games avg: 2651.6 steps 1000 
INFO : 2021-01-18 16:56:26,218 : episode: 725 score: 2753.0 100 games avg: 2753.0 steps 1000 
INFO : 2021-01-18 16:56:40,249 : episode: 726 score: 2628.7 100 games avg: 2628.7 steps 1000 
INFO : 2021-01-18 16:57:01,603 : episode: 727 score: 2818.1 100 games avg: 2818.1 steps 1000 
INFO : 2021-01-18 16:57:21,032 : episode: 728 score: 2740.2 100 games avg: 2740.2 steps 1000 
INFO : 2021-01-18 16:57:46,579 : episode: 729 score: 2581.7 100 games avg: 2581.7 steps 1000 
INFO : 2021-01-18 16:58:02,458 : episode: 730 score: 2695.6 100 games avg: 2695.6 steps 1000 
INFO : 2021-01-18 16:58:23,478 : episode: 731 score: 2067.0 100 games avg: 2067.0 steps 1000 
INFO : 2021-01-18 16:58:49,128 : episode: 732 score: 2763.2 100 games avg: 2763.2 steps 1000 
INFO : 2021-01-18 16:58:55,499 : episode: 733 score: 1018.1 100 games avg: 1018.1 steps 372 
INFO : 2021-01-18 16:59:16,315 : episode: 734 score: 1015.2 100 games avg: 1015.2 steps 1000 
INFO : 2021-01-18 16:59:34,744 : episode: 735 score: 2636.8 100 games avg: 2636.8 steps 1000 
INFO : 2021-01-18 17:00:00,671 : episode: 736 score: 2560.0 100 games avg: 2560.0 steps 1000 
INFO : 2021-01-18 17:00:14,916 : episode: 737 score: 1800.3 100 games avg: 1800.3 steps 681 
INFO : 2021-01-18 17:00:33,464 : episode: 738 score: 2786.2 100 games avg: 2786.2 steps 1000 
INFO : 2021-01-18 17:00:54,207 : episode: 739 score: 2627.8 100 games avg: 2627.8 steps 1000 
INFO : 2021-01-18 17:01:20,877 : episode: 740 score: 1737.3 100 games avg: 1737.3 steps 1000 
INFO : 2021-01-18 17:01:22,164 : episode: 741 score: 78.2 100 games avg: 78.2 steps 48 
INFO : 2021-01-18 17:01:44,960 : episode: 742 score: 2708.4 100 games avg: 2708.4 steps 1000 
INFO : 2021-01-18 17:02:03,732 : episode: 743 score: 2550.6 100 games avg: 2550.6 steps 1000 
INFO : 2021-01-18 17:02:28,622 : episode: 744 score: 2653.7 100 games avg: 2653.7 steps 1000 
INFO : 2021-01-18 17:02:53,268 : episode: 745 score: 2701.7 100 games avg: 2701.7 steps 1000 
INFO : 2021-01-18 17:03:18,431 : episode: 746 score: 2695.2 100 games avg: 2695.2 steps 1000 
INFO : 2021-01-18 17:03:43,480 : episode: 747 score: 2620.2 100 games avg: 2620.2 steps 1000 
INFO : 2021-01-18 17:04:02,243 : episode: 748 score: 2835.0 100 games avg: 2835.0 steps 1000 
INFO : 2021-01-18 17:04:20,049 : episode: 749 score: 2476.6 100 games avg: 2476.6 steps 1000 
INFO : 2021-01-18 17:04:21,829 : episode: 750 score: 329.8 100 games avg: 329.8 steps 127 
INFO : 2021-01-18 17:04:43,739 : episode: 751 score: 2682.6 100 games avg: 2682.6 steps 1000 
INFO : 2021-01-18 17:05:03,814 : episode: 752 score: 2619.8 100 games avg: 2619.8 steps 1000 
INFO : 2021-01-18 17:05:19,575 : episode: 753 score: 2621.7 100 games avg: 2621.7 steps 1000 
INFO : 2021-01-18 17:05:33,552 : episode: 754 score: 2534.5 100 games avg: 2534.5 steps 1000 
INFO : 2021-01-18 17:05:47,403 : episode: 755 score: 2628.0 100 games avg: 2628.0 steps 973 
INFO : 2021-01-18 17:06:04,042 : episode: 756 score: 2807.1 100 games avg: 2807.1 steps 1000 
INFO : 2021-01-18 17:06:13,188 : episode: 757 score: 1411.8 100 games avg: 1411.8 steps 550 
INFO : 2021-01-18 17:06:27,879 : episode: 758 score: 1995.8 100 games avg: 1995.8 steps 1000 
INFO : 2021-01-18 17:06:32,875 : episode: 759 score: 438.1 100 games avg: 438.1 steps 178 
INFO : 2021-01-18 17:06:56,378 : episode: 760 score: 2708.7 100 games avg: 2708.7 steps 1000 
INFO : 2021-01-18 17:07:18,407 : episode: 761 score: 2777.3 100 games avg: 2777.3 steps 1000 
INFO : 2021-01-18 17:07:32,404 : episode: 762 score: 2704.2 100 games avg: 2704.2 steps 1000 
INFO : 2021-01-18 17:07:47,215 : episode: 763 score: 851.1 100 games avg: 851.1 steps 1000 
INFO : 2021-01-18 17:08:05,543 : episode: 764 score: 666.7 100 games avg: 666.7 steps 1000 
INFO : 2021-01-18 17:08:19,748 : episode: 765 score: 2722.0 100 games avg: 2722.0 steps 1000 
INFO : 2021-01-18 17:08:40,339 : episode: 766 score: 2585.8 100 games avg: 2585.8 steps 1000 
INFO : 2021-01-18 17:09:01,670 : episode: 767 score: 2723.1 100 games avg: 2723.1 steps 1000 
INFO : 2021-01-18 17:09:21,121 : episode: 768 score: 2755.9 100 games avg: 2755.9 steps 1000 
INFO : 2021-01-18 17:09:43,505 : episode: 769 score: 2748.8 100 games avg: 2748.8 steps 1000 
INFO : 2021-01-18 17:10:08,720 : episode: 770 score: 2737.5 100 games avg: 2737.5 steps 1000 
INFO : 2021-01-18 17:10:26,275 : episode: 771 score: 2780.0 100 games avg: 2780.0 steps 1000 
INFO : 2021-01-18 17:10:49,720 : episode: 772 score: 2758.0 100 games avg: 2758.0 steps 1000 
INFO : 2021-01-18 17:11:14,737 : episode: 773 score: 2909.7 100 games avg: 2909.7 steps 1000 
INFO : 2021-01-18 17:11:29,471 : episode: 774 score: 1363.1 100 games avg: 1363.1 steps 1000 
INFO : 2021-01-18 17:11:43,468 : episode: 775 score: 2670.1 100 games avg: 2670.1 steps 1000 
INFO : 2021-01-18 17:12:00,712 : episode: 776 score: 2697.6 100 games avg: 2697.6 steps 1000 
INFO : 2021-01-18 17:12:24,555 : episode: 777 score: 2674.4 100 games avg: 2674.4 steps 1000 
INFO : 2021-01-18 17:12:38,643 : episode: 778 score: 2609.3 100 games avg: 2609.3 steps 1000 
INFO : 2021-01-18 17:12:52,498 : episode: 779 score: 2831.1 100 games avg: 2831.1 steps 1000 
INFO : 2021-01-18 17:13:06,352 : episode: 780 score: 2796.9 100 games avg: 2796.9 steps 1000 
INFO : 2021-01-18 17:13:08,754 : episode: 781 score: 391.6 100 games avg: 391.6 steps 148 
INFO : 2021-01-18 17:13:22,625 : episode: 782 score: 2572.9 100 games avg: 2572.9 steps 1000 
INFO : 2021-01-18 17:13:47,361 : episode: 783 score: 2744.9 100 games avg: 2744.9 steps 1000 
INFO : 2021-01-18 17:14:01,326 : episode: 784 score: 2663.4 100 games avg: 2663.4 steps 1000 
INFO : 2021-01-18 17:14:15,148 : episode: 785 score: 2724.9 100 games avg: 2724.9 steps 990 
INFO : 2021-01-18 17:14:24,114 : episode: 786 score: 1772.6 100 games avg: 1772.6 steps 642 
INFO : 2021-01-18 17:14:28,823 : episode: 787 score: 984.7 100 games avg: 984.7 steps 337 
INFO : 2021-01-18 17:14:38,163 : episode: 788 score: 1073.3 100 games avg: 1073.3 steps 370 
INFO : 2021-01-18 17:15:01,038 : episode: 789 score: 548.6 100 games avg: 548.6 steps 1000 
INFO : 2021-01-18 17:15:21,660 : episode: 790 score: 2958.8 100 games avg: 2958.8 steps 1000 
INFO : 2021-01-18 17:15:35,520 : episode: 791 score: 2846.6 100 games avg: 2846.6 steps 1000 
INFO : 2021-01-18 17:15:54,458 : episode: 792 score: 2584.8 100 games avg: 2584.8 steps 1000 
INFO : 2021-01-18 17:16:18,744 : episode: 793 score: 2566.4 100 games avg: 2566.4 steps 1000 
INFO : 2021-01-18 17:16:44,836 : episode: 794 score: 2618.3 100 games avg: 2618.3 steps 1000 
INFO : 2021-01-18 17:16:47,054 : episode: 795 score: 427.9 100 games avg: 427.9 steps 149 
INFO : 2021-01-18 17:17:01,011 : episode: 796 score: 2552.9 100 games avg: 2552.9 steps 927 
INFO : 2021-01-18 17:17:20,499 : episode: 797 score: 1780.3 100 games avg: 1780.3 steps 1000 
INFO : 2021-01-18 17:17:46,775 : episode: 798 score: 1953.2 100 games avg: 1953.2 steps 1000 
INFO : 2021-01-18 17:17:56,650 : episode: 799 score: 919.0 100 games avg: 919.0 steps 352 
INFO : 2021-01-18 17:18:19,920 : episode: 800 score: 2811.2 100 games avg: 2811.2 steps 1000 
INFO : 2021-01-18 17:18:40,144 : episode: 801 score: 2783.2 100 games avg: 2783.2 steps 1000 
INFO : 2021-01-18 17:19:02,011 : episode: 802 score: 2871.0 100 games avg: 2871.0 steps 1000 
INFO : 2021-01-18 17:19:28,038 : episode: 803 score: 1015.4 100 games avg: 1015.4 steps 1000 
INFO : 2021-01-18 17:19:51,534 : episode: 804 score: 2720.5 100 games avg: 2720.5 steps 1000 
INFO : 2021-01-18 17:19:52,600 : episode: 805 score: 58.2 100 games avg: 58.2 steps 37 
INFO : 2021-01-18 17:20:01,483 : episode: 806 score: 893.3 100 games avg: 893.3 steps 346 
INFO : 2021-01-18 17:20:21,998 : episode: 807 score: 2775.8 100 games avg: 2775.8 steps 1000 
INFO : 2021-01-18 17:20:36,010 : episode: 808 score: 568.2 100 games avg: 568.2 steps 1000 
INFO : 2021-01-18 17:20:50,010 : episode: 809 score: 2793.5 100 games avg: 2793.5 steps 1000 
INFO : 2021-01-18 17:21:09,508 : episode: 810 score: 2850.1 100 games avg: 2850.1 steps 1000 
INFO : 2021-01-18 17:21:33,298 : episode: 811 score: 2765.8 100 games avg: 2765.8 steps 1000 
INFO : 2021-01-18 17:21:47,165 : episode: 812 score: 2885.0 100 games avg: 2885.0 steps 1000 
INFO : 2021-01-18 17:21:54,735 : episode: 813 score: 1321.0 100 games avg: 1321.0 steps 546 
INFO : 2021-01-18 17:22:20,171 : episode: 814 score: 1412.1 100 games avg: 1412.1 steps 1000 
INFO : 2021-01-18 17:22:36,510 : episode: 815 score: 2506.6 100 games avg: 2506.6 steps 1000 
INFO : 2021-01-18 17:23:02,798 : episode: 816 score: 2335.4 100 games avg: 2335.4 steps 1000 
INFO : 2021-01-18 17:23:23,197 : episode: 817 score: 2649.1 100 games avg: 2649.1 steps 1000 
INFO : 2021-01-18 17:23:33,230 : episode: 818 score: 1907.5 100 games avg: 1907.5 steps 720 
INFO : 2021-01-18 17:23:47,183 : episode: 819 score: 2706.7 100 games avg: 2706.7 steps 1000 
INFO : 2021-01-18 17:23:53,669 : episode: 820 score: 1337.5 100 games avg: 1337.5 steps 464 
INFO : 2021-01-18 17:24:17,724 : episode: 821 score: 2753.2 100 games avg: 2753.2 steps 1000 
INFO : 2021-01-18 17:24:20,825 : episode: 822 score: 596.4 100 games avg: 596.4 steps 222 
INFO : 2021-01-18 17:24:34,792 : episode: 823 score: 2825.2 100 games avg: 2825.2 steps 1000 
INFO : 2021-01-18 17:24:48,738 : episode: 824 score: 2898.2 100 games avg: 2898.2 steps 1000 
INFO : 2021-01-18 17:24:53,283 : episode: 825 score: 918.5 100 games avg: 918.5 steps 326 
INFO : 2021-01-18 17:25:01,099 : episode: 826 score: 874.6 100 games avg: 874.6 steps 323 
INFO : 2021-01-18 17:25:16,777 : episode: 827 score: 1614.3 100 games avg: 1614.3 steps 1000 
INFO : 2021-01-18 17:25:37,941 : episode: 828 score: 2798.1 100 games avg: 2798.1 steps 1000 
INFO : 2021-01-18 17:25:44,797 : episode: 829 score: 1343.5 100 games avg: 1343.5 steps 448 
INFO : 2021-01-18 17:26:05,417 : episode: 830 score: 2975.3 100 games avg: 2975.3 steps 1000 
INFO : 2021-01-18 17:26:16,233 : episode: 831 score: 1257.7 100 games avg: 1257.7 steps 428 
INFO : 2021-01-18 17:26:21,079 : episode: 832 score: 949.6 100 games avg: 949.6 steps 346 
INFO : 2021-01-18 17:26:40,516 : episode: 833 score: 2799.5 100 games avg: 2799.5 steps 1000 
INFO : 2021-01-18 17:27:02,791 : episode: 834 score: 2616.8 100 games avg: 2616.8 steps 1000 
INFO : 2021-01-18 17:27:23,610 : episode: 835 score: 2702.3 100 games avg: 2702.3 steps 1000 
INFO : 2021-01-18 17:27:42,602 : episode: 836 score: 2927.2 100 games avg: 2927.2 steps 1000 
INFO : 2021-01-18 17:28:09,254 : episode: 837 score: 2809.0 100 games avg: 2809.0 steps 1000 
INFO : 2021-01-18 17:28:29,837 : episode: 838 score: 2799.3 100 games avg: 2799.3 steps 1000 
INFO : 2021-01-18 17:28:48,759 : episode: 839 score: 2807.7 100 games avg: 2807.7 steps 1000 
INFO : 2021-01-18 17:28:56,916 : episode: 840 score: 900.3 100 games avg: 900.3 steps 317 
INFO : 2021-01-18 17:29:13,066 : episode: 841 score: 2755.7 100 games avg: 2755.7 steps 1000 
INFO : 2021-01-18 17:29:27,208 : episode: 842 score: 2927.9 100 games avg: 2927.9 steps 1000 
INFO : 2021-01-18 17:29:43,504 : episode: 843 score: 2919.3 100 games avg: 2919.3 steps 1000 
INFO : 2021-01-18 17:29:45,192 : episode: 844 score: 310.5 100 games avg: 310.5 steps 121 
INFO : 2021-01-18 17:29:58,378 : episode: 845 score: 1939.2 100 games avg: 1939.2 steps 692 
INFO : 2021-01-18 17:30:21,444 : episode: 846 score: 2808.0 100 games avg: 2808.0 steps 1000 
INFO : 2021-01-18 17:30:39,478 : episode: 847 score: 2869.0 100 games avg: 2869.0 steps 1000 
INFO : 2021-01-18 17:31:04,092 : episode: 848 score: 2844.4 100 games avg: 2844.4 steps 1000 
INFO : 2021-01-18 17:31:29,667 : episode: 849 score: 1712.1 100 games avg: 1712.1 steps 1000 
INFO : 2021-01-18 17:31:52,645 : episode: 850 score: 2427.4 100 games avg: 2427.4 steps 1000 
INFO : 2021-01-18 17:32:09,158 : episode: 851 score: 2766.8 100 games avg: 2766.8 steps 1000 
INFO : 2021-01-18 17:32:14,507 : episode: 852 score: 1013.9 100 games avg: 1013.9 steps 386 
INFO : 2021-01-18 17:32:30,381 : episode: 853 score: 2839.8 100 games avg: 2839.8 steps 1000 
INFO : 2021-01-18 17:32:51,817 : episode: 854 score: 3023.1 100 games avg: 3023.1 steps 1000 
INFO : 2021-01-18 17:33:12,244 : episode: 855 score: 2920.3 100 games avg: 2920.3 steps 1000 
INFO : 2021-01-18 17:33:30,392 : episode: 856 score: 2885.5 100 games avg: 2885.5 steps 1000 
INFO : 2021-01-18 17:33:48,924 : episode: 857 score: 2761.1 100 games avg: 2761.1 steps 1000 
INFO : 2021-01-18 17:33:57,527 : episode: 858 score: 1754.3 100 games avg: 1754.3 steps 619 
INFO : 2021-01-18 17:34:00,901 : episode: 859 score: 662.6 100 games avg: 662.6 steps 243 
INFO : 2021-01-18 17:34:16,242 : episode: 860 score: 2885.7 100 games avg: 2885.7 steps 1000 
INFO : 2021-01-18 17:34:38,565 : episode: 861 score: 2834.1 100 games avg: 2834.1 steps 1000 
INFO : 2021-01-18 17:35:03,765 : episode: 862 score: 622.9 100 games avg: 622.9 steps 1000 
INFO : 2021-01-18 17:35:16,719 : episode: 863 score: 1355.7 100 games avg: 1355.7 steps 493 
INFO : 2021-01-18 17:35:38,657 : episode: 864 score: 2850.9 100 games avg: 2850.9 steps 1000 
INFO : 2021-01-18 17:35:52,687 : episode: 865 score: 2975.8 100 games avg: 2975.8 steps 1000 
INFO : 2021-01-18 17:35:59,451 : episode: 866 score: 1370.7 100 games avg: 1370.7 steps 482 
INFO : 2021-01-18 17:36:20,732 : episode: 867 score: 2597.4 100 games avg: 2597.4 steps 918 
INFO : 2021-01-18 17:36:35,492 : episode: 868 score: 2774.1 100 games avg: 2774.1 steps 1000 
INFO : 2021-01-18 17:36:56,758 : episode: 869 score: 2930.1 100 games avg: 2930.1 steps 1000 
INFO : 2021-01-18 17:37:10,731 : episode: 870 score: 512.4 100 games avg: 512.4 steps 1000 
INFO : 2021-01-18 17:37:18,053 : episode: 871 score: 1462.5 100 games avg: 1462.5 steps 525 
INFO : 2021-01-18 17:37:36,689 : episode: 872 score: 2981.4 100 games avg: 2981.4 steps 1000 
INFO : 2021-01-18 17:37:53,274 : episode: 873 score: 2832.0 100 games avg: 2832.0 steps 1000 
INFO : 2021-01-18 17:38:15,947 : episode: 874 score: 2752.9 100 games avg: 2752.9 steps 1000 
INFO : 2021-01-18 17:38:32,922 : episode: 875 score: 2132.7 100 games avg: 2132.7 steps 776 
INFO : 2021-01-18 17:38:46,889 : episode: 876 score: 2817.1 100 games avg: 2817.1 steps 1000 
INFO : 2021-01-18 17:39:00,839 : episode: 877 score: 2928.5 100 games avg: 2928.5 steps 1000 
INFO : 2021-01-18 17:39:19,967 : episode: 878 score: 2979.4 100 games avg: 2979.4 steps 1000 
INFO : 2021-01-18 17:39:32,892 : episode: 879 score: 2587.4 100 games avg: 2587.4 steps 933 
INFO : 2021-01-18 17:39:46,728 : episode: 880 score: 2946.5 100 games avg: 2946.5 steps 1000 
INFO : 2021-01-18 17:40:00,581 : episode: 881 score: 2984.3 100 games avg: 2984.3 steps 1000 
INFO : 2021-01-18 17:40:20,996 : episode: 882 score: 2877.2 100 games avg: 2877.2 steps 1000 
INFO : 2021-01-18 17:40:39,550 : episode: 883 score: 2911.2 100 games avg: 2911.2 steps 1000 
INFO : 2021-01-18 17:41:06,191 : episode: 884 score: 2993.7 100 games avg: 2993.7 steps 1000 
INFO : 2021-01-18 17:41:30,077 : episode: 885 score: 745.7 100 games avg: 745.7 steps 1000 
INFO : 2021-01-18 17:41:48,286 : episode: 886 score: 1313.8 100 games avg: 1313.8 steps 1000 
INFO : 2021-01-18 17:41:53,912 : episode: 887 score: 615.4 100 games avg: 615.4 steps 215 
INFO : 2021-01-18 17:42:08,993 : episode: 888 score: 2659.0 100 games avg: 2659.0 steps 1000 
INFO : 2021-01-18 17:42:30,040 : episode: 889 score: 2738.6 100 games avg: 2738.6 steps 1000 
INFO : 2021-01-18 17:42:43,990 : episode: 890 score: 3030.5 100 games avg: 3030.5 steps 1000 
INFO : 2021-01-18 17:42:59,307 : episode: 891 score: 2848.2 100 games avg: 2848.2 steps 1000 
INFO : 2021-01-18 17:43:09,856 : episode: 892 score: 2109.8 100 games avg: 2109.8 steps 755 
INFO : 2021-01-18 17:43:26,481 : episode: 893 score: 2978.9 100 games avg: 2978.9 steps 1000 
INFO : 2021-01-18 17:43:35,434 : episode: 894 score: 1906.0 100 games avg: 1906.0 steps 639 
INFO : 2021-01-18 17:43:49,437 : episode: 895 score: 2698.9 100 games avg: 2698.9 steps 1000 
INFO : 2021-01-18 17:44:08,345 : episode: 896 score: 2744.3 100 games avg: 2744.3 steps 1000 
INFO : 2021-01-18 17:44:25,222 : episode: 897 score: 1595.1 100 games avg: 1595.1 steps 1000 
INFO : 2021-01-18 17:44:25,847 : episode: 898 score: 102.5 100 games avg: 102.5 steps 45 
INFO : 2021-01-18 17:44:44,781 : episode: 899 score: 2882.0 100 games avg: 2882.0 steps 1000 
INFO : 2021-01-18 17:45:01,064 : episode: 900 score: 2986.7 100 games avg: 2986.7 steps 1000 
INFO : 2021-01-18 17:45:22,342 : episode: 901 score: 3044.8 100 games avg: 3044.8 steps 1000 
INFO : 2021-01-18 17:45:36,498 : episode: 902 score: 3012.2 100 games avg: 3012.2 steps 1000 
INFO : 2021-01-18 17:45:50,648 : episode: 903 score: 2904.9 100 games avg: 2904.9 steps 1000 
INFO : 2021-01-18 17:46:09,040 : episode: 904 score: 3054.9 100 games avg: 3054.9 steps 1000 
INFO : 2021-01-18 17:46:25,490 : episode: 905 score: 2835.7 100 games avg: 2835.7 steps 1000 
INFO : 2021-01-18 17:46:52,124 : episode: 906 score: 3005.9 100 games avg: 3005.9 steps 1000 
INFO : 2021-01-18 17:47:14,137 : episode: 907 score: 1383.1 100 games avg: 1383.1 steps 1000 
INFO : 2021-01-18 17:47:35,475 : episode: 908 score: 2810.7 100 games avg: 2810.7 steps 1000 
INFO : 2021-01-18 17:47:54,941 : episode: 909 score: 2722.6 100 games avg: 2722.6 steps 1000 
INFO : 2021-01-18 17:48:12,348 : episode: 910 score: 2954.4 100 games avg: 2954.4 steps 1000 
INFO : 2021-01-18 17:48:24,095 : episode: 911 score: 1147.3 100 games avg: 1147.3 steps 443 
INFO : 2021-01-18 17:48:44,527 : episode: 912 score: 1344.2 100 games avg: 1344.2 steps 1000 
INFO : 2021-01-18 17:48:47,970 : episode: 913 score: 718.1 100 games avg: 718.1 steps 248 
INFO : 2021-01-18 17:49:02,780 : episode: 914 score: 2405.0 100 games avg: 2405.0 steps 1000 
INFO : 2021-01-18 17:49:21,631 : episode: 915 score: 2309.7 100 games avg: 2309.7 steps 1000 
INFO : 2021-01-18 17:49:40,907 : episode: 916 score: 2927.6 100 games avg: 2927.6 steps 1000 
INFO : 2021-01-18 17:50:01,156 : episode: 917 score: 2845.6 100 games avg: 2845.6 steps 1000 
INFO : 2021-01-18 17:50:20,402 : episode: 918 score: 2332.4 100 games avg: 2332.4 steps 769 
INFO : 2021-01-18 17:50:43,381 : episode: 919 score: 2734.8 100 games avg: 2734.8 steps 1000 
INFO : 2021-01-18 17:51:02,388 : episode: 920 score: 2825.3 100 games avg: 2825.3 steps 1000 
INFO : 2021-01-18 17:51:21,805 : episode: 921 score: 2972.7 100 games avg: 2972.7 steps 1000 
INFO : 2021-01-18 17:51:41,468 : episode: 922 score: 2332.7 100 games avg: 2332.7 steps 1000 
INFO : 2021-01-18 17:52:00,836 : episode: 923 score: 1933.7 100 games avg: 1933.7 steps 1000 
INFO : 2021-01-18 17:52:15,012 : episode: 924 score: 2874.4 100 games avg: 2874.4 steps 1000 
INFO : 2021-01-18 17:52:38,381 : episode: 925 score: 2542.4 100 games avg: 2542.4 steps 933 
INFO : 2021-01-18 17:52:54,154 : episode: 926 score: 1810.5 100 games avg: 1810.5 steps 607 
INFO : 2021-01-18 17:53:18,715 : episode: 927 score: 2785.6 100 games avg: 2785.6 steps 1000 
INFO : 2021-01-18 17:53:37,987 : episode: 928 score: 2878.8 100 games avg: 2878.8 steps 1000 
INFO : 2021-01-18 17:53:53,706 : episode: 929 score: 3002.7 100 games avg: 3002.7 steps 1000 
INFO : 2021-01-18 17:54:12,708 : episode: 930 score: 1383.8 100 games avg: 1383.8 steps 1000 
INFO : 2021-01-18 17:54:26,560 : episode: 931 score: 3018.6 100 games avg: 3018.6 steps 1000 
INFO : 2021-01-18 17:54:48,280 : episode: 932 score: 2922.6 100 games avg: 2922.6 steps 1000 
INFO : 2021-01-18 17:55:03,283 : episode: 933 score: 3038.4 100 games avg: 3038.4 steps 1000 
INFO : 2021-01-18 17:55:24,022 : episode: 934 score: 2824.5 100 games avg: 2824.5 steps 1000 
INFO : 2021-01-18 17:55:45,413 : episode: 935 score: 2941.8 100 games avg: 2941.8 steps 1000 
INFO : 2021-01-18 17:56:09,315 : episode: 936 score: 2998.8 100 games avg: 2998.8 steps 1000 
INFO : 2021-01-18 17:56:26,451 : episode: 937 score: 2903.0 100 games avg: 2903.0 steps 1000 
INFO : 2021-01-18 17:56:45,903 : episode: 938 score: 3071.9 100 games avg: 3071.9 steps 1000 
INFO : 2021-01-18 17:56:50,717 : episode: 939 score: 667.1 100 games avg: 667.1 steps 224 
INFO : 2021-01-18 17:57:11,239 : episode: 940 score: 2680.5 100 games avg: 2680.5 steps 899 
INFO : 2021-01-18 17:57:34,318 : episode: 941 score: 887.6 100 games avg: 887.6 steps 1000 
INFO : 2021-01-18 17:57:58,762 : episode: 942 score: 2817.4 100 games avg: 2817.4 steps 1000 
INFO : 2021-01-18 17:58:20,066 : episode: 943 score: 2826.5 100 games avg: 2826.5 steps 1000 
INFO : 2021-01-18 17:58:23,504 : episode: 944 score: 478.1 100 games avg: 478.1 steps 161 
INFO : 2021-01-18 17:58:46,876 : episode: 945 score: 2824.6 100 games avg: 2824.6 steps 1000 
INFO : 2021-01-18 17:59:04,141 : episode: 946 score: 2189.6 100 games avg: 2189.6 steps 1000 
INFO : 2021-01-18 17:59:06,541 : episode: 947 score: 403.1 100 games avg: 403.1 steps 172 
INFO : 2021-01-18 17:59:31,466 : episode: 948 score: 3118.2 100 games avg: 3118.2 steps 1000 
INFO : 2021-01-18 17:59:45,656 : episode: 949 score: 1720.7 100 games avg: 1720.7 steps 622 
INFO : 2021-01-18 18:00:02,359 : episode: 950 score: 2872.6 100 games avg: 2872.6 steps 953 
INFO : 2021-01-18 18:00:15,742 : episode: 951 score: 2326.0 100 games avg: 2326.0 steps 839 
INFO : 2021-01-18 18:00:39,205 : episode: 952 score: 3008.1 100 games avg: 3008.1 steps 1000 
INFO : 2021-01-18 18:01:02,357 : episode: 953 score: 3010.2 100 games avg: 3010.2 steps 1000 
INFO : 2021-01-18 18:01:22,472 : episode: 954 score: 2861.2 100 games avg: 2861.2 steps 1000 
INFO : 2021-01-18 18:01:34,619 : episode: 955 score: 1296.3 100 games avg: 1296.3 steps 457 
INFO : 2021-01-18 18:01:58,188 : episode: 956 score: 3139.3 100 games avg: 3139.3 steps 1000 
INFO : 2021-01-18 18:02:12,538 : episode: 957 score: 2996.0 100 games avg: 2996.0 steps 1000 
INFO : 2021-01-18 18:02:26,770 : episode: 958 score: 3113.3 100 games avg: 3113.3 steps 1000 
INFO : 2021-01-18 18:02:44,601 : episode: 959 score: 3052.4 100 games avg: 3052.4 steps 1000 
INFO : 2021-01-18 18:02:47,188 : episode: 960 score: 440.9 100 games avg: 440.9 steps 185 
INFO : 2021-01-18 18:02:48,236 : episode: 961 score: 201.0 100 games avg: 201.0 steps 75 
INFO : 2021-01-18 18:03:08,820 : episode: 962 score: 2954.4 100 games avg: 2954.4 steps 1000 
INFO : 2021-01-18 18:03:34,404 : episode: 963 score: 1716.4 100 games avg: 1716.4 steps 1000 
INFO : 2021-01-18 18:03:51,061 : episode: 964 score: 3006.4 100 games avg: 3006.4 steps 1000 
INFO : 2021-01-18 18:04:12,872 : episode: 965 score: 2950.1 100 games avg: 2950.1 steps 1000 
INFO : 2021-01-18 18:04:29,658 : episode: 966 score: 2943.5 100 games avg: 2943.5 steps 1000 
INFO : 2021-01-18 18:04:55,658 : episode: 967 score: 3035.1 100 games avg: 3035.1 steps 1000 
INFO : 2021-01-18 18:05:11,703 : episode: 968 score: 2764.6 100 games avg: 2764.6 steps 1000 
INFO : 2021-01-18 18:05:36,707 : episode: 969 score: 3013.6 100 games avg: 3013.6 steps 1000 
INFO : 2021-01-18 18:05:50,725 : episode: 970 score: 3132.3 100 games avg: 3132.3 steps 1000 
INFO : 2021-01-18 18:06:06,073 : episode: 971 score: 2893.6 100 games avg: 2893.6 steps 1000 
INFO : 2021-01-18 18:06:21,661 : episode: 972 score: 2927.0 100 games avg: 2927.0 steps 1000 
INFO : 2021-01-18 18:06:36,884 : episode: 973 score: 3174.2 100 games avg: 3174.2 steps 1000 
INFO : 2021-01-18 18:06:50,885 : episode: 974 score: 3069.1 100 games avg: 3069.1 steps 1000 
INFO : 2021-01-18 18:07:11,810 : episode: 975 score: 2939.7 100 games avg: 2939.7 steps 1000 
INFO : 2021-01-18 18:07:26,031 : episode: 976 score: 2116.0 100 games avg: 2116.0 steps 689 
INFO : 2021-01-18 18:07:40,280 : episode: 977 score: 2520.4 100 games avg: 2520.4 steps 858 
INFO : 2021-01-18 18:07:52,831 : episode: 978 score: 1913.0 100 games avg: 1913.0 steps 651 
INFO : 2021-01-18 18:08:12,484 : episode: 979 score: 463.8 100 games avg: 463.8 steps 1000 
INFO : 2021-01-18 18:08:13,791 : episode: 980 score: 93.5 100 games avg: 93.5 steps 48 
INFO : 2021-01-18 18:08:23,803 : episode: 981 score: 1498.6 100 games avg: 1498.6 steps 538 
INFO : 2021-01-18 18:08:25,621 : episode: 982 score: 374.1 100 games avg: 374.1 steps 131 
INFO : 2021-01-18 18:08:46,089 : episode: 983 score: 1074.4 100 games avg: 1074.4 steps 1000 
INFO : 2021-01-18 18:08:52,185 : episode: 984 score: 1256.3 100 games avg: 1256.3 steps 416 
INFO : 2021-01-18 18:09:08,493 : episode: 985 score: 3067.3 100 games avg: 3067.3 steps 1000 
INFO : 2021-01-18 18:09:30,192 : episode: 986 score: 3100.1 100 games avg: 3100.1 steps 1000 
INFO : 2021-01-18 18:09:49,615 : episode: 987 score: 3038.9 100 games avg: 3038.9 steps 1000 
INFO : 2021-01-18 18:10:16,068 : episode: 988 score: 3052.5 100 games avg: 3052.5 steps 1000 
INFO : 2021-01-18 18:10:41,586 : episode: 989 score: 1928.9 100 games avg: 1928.9 steps 1000 
INFO : 2021-01-18 18:11:06,113 : episode: 990 score: 3063.7 100 games avg: 3063.7 steps 1000 
INFO : 2021-01-18 18:11:32,620 : episode: 991 score: 3101.9 100 games avg: 3101.9 steps 1000 
INFO : 2021-01-18 18:11:50,618 : episode: 992 score: 2806.5 100 games avg: 2806.5 steps 1000 
INFO : 2021-01-18 18:12:16,469 : episode: 993 score: 3106.9 100 games avg: 3106.9 steps 1000 
INFO : 2021-01-18 18:12:17,712 : episode: 994 score: 146.6 100 games avg: 146.6 steps 53 
INFO : 2021-01-18 18:12:22,806 : episode: 995 score: 785.3 100 games avg: 785.3 steps 270 
INFO : 2021-01-18 18:12:26,851 : episode: 996 score: 517.1 100 games avg: 517.1 steps 197 
INFO : 2021-01-18 18:12:53,719 : episode: 997 score: 506.0 100 games avg: 506.0 steps 1000 
INFO : 2021-01-18 18:12:57,596 : episode: 998 score: 454.5 100 games avg: 454.5 steps 149 
INFO : 2021-01-18 18:13:14,877 : episode: 999 score: 2985.9 100 games avg: 2985.9 steps 1000 
