INFO : 2020-12-24 12:32:56,449 : method: Soft-Actor Critic
INFO : 2020-12-24 12:32:56,450 : parameter n_steps: 100 ensemble_size: 5 env: HalfCheetah-v2
INFO : 2020-12-24 12:32:59,209 : mpc_function policy
INFO : 2020-12-24 12:33:13,643 : episode: 0 score: -86.6 100 games avg: -86.6 steps 1000 
INFO : 2020-12-24 12:33:32,744 : episode: 1 score: -271.8 100 games avg: -271.8 steps 1000 
INFO : 2020-12-24 12:33:51,921 : episode: 2 score: -93.8 100 games avg: -93.8 steps 1000 
INFO : 2020-12-24 12:34:10,982 : episode: 3 score: -259.7 100 games avg: -259.7 steps 1000 
INFO : 2020-12-24 12:34:30,073 : episode: 4 score: -252.9 100 games avg: -252.9 steps 1000 
INFO : 2020-12-24 12:34:49,185 : episode: 5 score: -215.1 100 games avg: -215.1 steps 1000 
INFO : 2020-12-24 12:35:08,373 : episode: 6 score: -254.6 100 games avg: -254.6 steps 1000 
INFO : 2020-12-24 12:35:27,500 : episode: 7 score: -86.2 100 games avg: -86.2 steps 1000 
INFO : 2020-12-24 12:35:46,673 : episode: 8 score: -32.2 100 games avg: -32.2 steps 1000 
INFO : 2020-12-24 12:36:05,752 : episode: 9 score: -54.1 100 games avg: -54.1 steps 1000 
INFO : 2020-12-24 12:36:24,831 : episode: 10 score: -70.5 100 games avg: -70.5 steps 1000 
INFO : 2020-12-24 12:36:44,030 : episode: 11 score: 35.7 100 games avg: 35.7 steps 1000 
INFO : 2020-12-24 12:37:03,183 : episode: 12 score: 115.1 100 games avg: 115.1 steps 1000 
INFO : 2020-12-24 12:37:22,330 : episode: 13 score: 124.7 100 games avg: 124.7 steps 1000 
INFO : 2020-12-24 12:37:41,462 : episode: 14 score: 41.6 100 games avg: 41.6 steps 1000 
INFO : 2020-12-24 12:38:00,645 : episode: 15 score: -89.9 100 games avg: -89.9 steps 1000 
INFO : 2020-12-24 12:38:19,781 : episode: 16 score: 6.4 100 games avg: 6.4 steps 1000 
INFO : 2020-12-24 12:38:38,921 : episode: 17 score: 337.4 100 games avg: 337.4 steps 1000 
INFO : 2020-12-24 12:38:58,075 : episode: 18 score: 312.3 100 games avg: 312.3 steps 1000 
INFO : 2020-12-24 12:39:17,163 : episode: 19 score: -128.6 100 games avg: -128.6 steps 1000 
INFO : 2020-12-24 12:39:36,291 : episode: 20 score: 69.2 100 games avg: 69.2 steps 1000 
INFO : 2020-12-24 12:39:55,438 : episode: 21 score: 8.8 100 games avg: 8.8 steps 1000 
INFO : 2020-12-24 12:40:14,548 : episode: 22 score: -112.9 100 games avg: -112.9 steps 1000 
INFO : 2020-12-24 12:40:33,732 : episode: 23 score: 570.5 100 games avg: 570.5 steps 1000 
INFO : 2020-12-24 12:40:52,892 : episode: 24 score: 580.4 100 games avg: 580.4 steps 1000 
INFO : 2020-12-24 12:41:12,011 : episode: 25 score: 485.1 100 games avg: 485.1 steps 1000 
INFO : 2020-12-24 12:41:31,151 : episode: 26 score: 628.6 100 games avg: 628.6 steps 1000 
INFO : 2020-12-24 12:41:50,270 : episode: 27 score: 376.8 100 games avg: 376.8 steps 1000 
INFO : 2020-12-24 12:42:09,292 : episode: 28 score: 766.5 100 games avg: 766.5 steps 1000 
INFO : 2020-12-24 12:42:28,382 : episode: 29 score: 697.6 100 games avg: 697.6 steps 1000 
INFO : 2020-12-24 12:42:44,557 : episode: 30 score: 198.1 100 games avg: 198.1 steps 1000 
INFO : 2020-12-24 12:42:59,880 : episode: 31 score: -78.2 100 games avg: -78.2 steps 1000 
INFO : 2020-12-24 12:43:15,754 : episode: 32 score: 17.4 100 games avg: 17.4 steps 1000 
INFO : 2020-12-24 12:43:31,638 : episode: 33 score: 917.3 100 games avg: 917.3 steps 1000 
INFO : 2020-12-24 12:43:47,503 : episode: 34 score: 948.5 100 games avg: 948.5 steps 1000 
INFO : 2020-12-24 12:44:03,390 : episode: 35 score: 1052.3 100 games avg: 1052.3 steps 1000 
INFO : 2020-12-24 12:44:19,265 : episode: 36 score: 998.2 100 games avg: 998.2 steps 1000 
INFO : 2020-12-24 12:44:35,139 : episode: 37 score: 325.9 100 games avg: 325.9 steps 1000 
INFO : 2020-12-24 12:44:51,043 : episode: 38 score: 1089.5 100 games avg: 1089.5 steps 1000 
INFO : 2020-12-24 12:45:06,869 : episode: 39 score: 24.0 100 games avg: 24.0 steps 1000 
INFO : 2020-12-24 12:45:22,725 : episode: 40 score: 1278.8 100 games avg: 1278.8 steps 1000 
INFO : 2020-12-24 12:45:38,603 : episode: 41 score: 1346.9 100 games avg: 1346.9 steps 1000 
INFO : 2020-12-24 12:45:54,483 : episode: 42 score: 76.6 100 games avg: 76.6 steps 1000 
INFO : 2020-12-24 12:46:10,335 : episode: 43 score: 1500.8 100 games avg: 1500.8 steps 1000 
INFO : 2020-12-24 12:46:26,230 : episode: 44 score: 1505.8 100 games avg: 1505.8 steps 1000 
INFO : 2020-12-24 12:46:42,070 : episode: 45 score: 1117.9 100 games avg: 1117.9 steps 1000 
INFO : 2020-12-24 12:46:57,913 : episode: 46 score: 1402.4 100 games avg: 1402.4 steps 1000 
INFO : 2020-12-24 12:47:13,796 : episode: 47 score: 706.0 100 games avg: 706.0 steps 1000 
INFO : 2020-12-24 12:47:29,695 : episode: 48 score: 1471.2 100 games avg: 1471.2 steps 1000 
INFO : 2020-12-24 12:47:45,585 : episode: 49 score: 1454.0 100 games avg: 1454.0 steps 1000 
INFO : 2020-12-24 12:48:01,447 : episode: 50 score: 1676.2 100 games avg: 1676.2 steps 1000 
INFO : 2020-12-24 12:48:17,260 : episode: 51 score: 1679.0 100 games avg: 1679.0 steps 1000 
INFO : 2020-12-24 12:48:33,150 : episode: 52 score: 1705.5 100 games avg: 1705.5 steps 1000 
INFO : 2020-12-24 12:48:49,000 : episode: 53 score: 1696.1 100 games avg: 1696.1 steps 1000 
INFO : 2020-12-24 12:49:04,817 : episode: 54 score: 1826.7 100 games avg: 1826.7 steps 1000 
INFO : 2020-12-24 12:49:20,680 : episode: 55 score: 1527.9 100 games avg: 1527.9 steps 1000 
INFO : 2020-12-24 12:49:36,603 : episode: 56 score: 1975.8 100 games avg: 1975.8 steps 1000 
INFO : 2020-12-24 12:49:51,010 : episode: 57 score: 1716.9 100 games avg: 1716.9 steps 1000 
INFO : 2020-12-24 12:50:04,057 : episode: 58 score: 1984.7 100 games avg: 1984.7 steps 1000 
INFO : 2020-12-24 12:50:17,204 : episode: 59 score: 1998.3 100 games avg: 1998.3 steps 1000 
INFO : 2020-12-24 12:50:30,312 : episode: 60 score: 1873.4 100 games avg: 1873.4 steps 1000 
INFO : 2020-12-24 12:50:43,462 : episode: 61 score: 1919.4 100 games avg: 1919.4 steps 1000 
INFO : 2020-12-24 12:50:56,565 : episode: 62 score: 1960.1 100 games avg: 1960.1 steps 1000 
INFO : 2020-12-24 12:51:09,860 : episode: 63 score: 2015.7 100 games avg: 2015.7 steps 1000 
INFO : 2020-12-24 12:51:23,075 : episode: 64 score: 2180.6 100 games avg: 2180.6 steps 1000 
INFO : 2020-12-24 12:51:36,266 : episode: 65 score: 1497.0 100 games avg: 1497.0 steps 1000 
INFO : 2020-12-24 12:51:49,389 : episode: 66 score: 2280.2 100 games avg: 2280.2 steps 1000 
INFO : 2020-12-24 12:52:02,686 : episode: 67 score: 1961.3 100 games avg: 1961.3 steps 1000 
INFO : 2020-12-24 12:52:15,723 : episode: 68 score: 2245.8 100 games avg: 2245.8 steps 1000 
INFO : 2020-12-24 12:52:28,850 : episode: 69 score: 2247.0 100 games avg: 2247.0 steps 1000 
INFO : 2020-12-24 12:52:41,959 : episode: 70 score: 2175.6 100 games avg: 2175.6 steps 1000 
INFO : 2020-12-24 12:52:55,152 : episode: 71 score: 2326.1 100 games avg: 2326.1 steps 1000 
INFO : 2020-12-24 12:53:08,355 : episode: 72 score: 2325.5 100 games avg: 2325.5 steps 1000 
INFO : 2020-12-24 12:53:21,480 : episode: 73 score: 2318.3 100 games avg: 2318.3 steps 1000 
INFO : 2020-12-24 12:53:34,535 : episode: 74 score: 2396.3 100 games avg: 2396.3 steps 1000 
INFO : 2020-12-24 12:53:47,612 : episode: 75 score: 2280.8 100 games avg: 2280.8 steps 1000 
INFO : 2020-12-24 12:54:00,838 : episode: 76 score: 2680.3 100 games avg: 2680.3 steps 1000 
INFO : 2020-12-24 12:54:14,252 : episode: 77 score: 2487.2 100 games avg: 2487.2 steps 1000 
INFO : 2020-12-24 12:54:27,474 : episode: 78 score: 2467.0 100 games avg: 2467.0 steps 1000 
INFO : 2020-12-24 12:54:40,583 : episode: 79 score: 2303.7 100 games avg: 2303.7 steps 1000 
INFO : 2020-12-24 12:54:53,722 : episode: 80 score: 2510.4 100 games avg: 2510.4 steps 1000 
INFO : 2020-12-24 12:55:06,889 : episode: 81 score: 2530.5 100 games avg: 2530.5 steps 1000 
INFO : 2020-12-24 12:55:19,963 : episode: 82 score: 2477.6 100 games avg: 2477.6 steps 1000 
INFO : 2020-12-24 12:55:33,036 : episode: 83 score: 2546.4 100 games avg: 2546.4 steps 1000 
INFO : 2020-12-24 12:55:46,145 : episode: 84 score: 2563.1 100 games avg: 2563.1 steps 1000 
INFO : 2020-12-24 12:55:59,314 : episode: 85 score: 2547.0 100 games avg: 2547.0 steps 1000 
INFO : 2020-12-24 12:56:12,407 : episode: 86 score: 2797.9 100 games avg: 2797.9 steps 1000 
INFO : 2020-12-24 12:56:25,467 : episode: 87 score: 2683.1 100 games avg: 2683.1 steps 1000 
INFO : 2020-12-24 12:56:38,551 : episode: 88 score: 2618.4 100 games avg: 2618.4 steps 1000 
INFO : 2020-12-24 12:56:51,751 : episode: 89 score: 2752.8 100 games avg: 2752.8 steps 1000 
INFO : 2020-12-24 12:57:05,039 : episode: 90 score: 2631.6 100 games avg: 2631.6 steps 1000 
INFO : 2020-12-24 12:57:18,225 : episode: 91 score: 2697.6 100 games avg: 2697.6 steps 1000 
INFO : 2020-12-24 12:57:31,319 : episode: 92 score: 2751.7 100 games avg: 2751.7 steps 1000 
INFO : 2020-12-24 12:57:44,363 : episode: 93 score: 2851.4 100 games avg: 2851.4 steps 1000 
INFO : 2020-12-24 12:57:57,443 : episode: 94 score: 2787.9 100 games avg: 2787.9 steps 1000 
INFO : 2020-12-24 12:58:10,524 : episode: 95 score: 2890.5 100 games avg: 2890.5 steps 1000 
INFO : 2020-12-24 12:58:23,707 : episode: 96 score: 2622.1 100 games avg: 2622.1 steps 1000 
INFO : 2020-12-24 12:58:37,032 : episode: 97 score: 2866.3 100 games avg: 2866.3 steps 1000 
INFO : 2020-12-24 12:58:51,293 : episode: 98 score: 2903.7 100 games avg: 2903.7 steps 1000 
INFO : 2020-12-24 12:59:05,529 : episode: 99 score: 2802.6 100 games avg: 2802.6 steps 1000 
