INFO : 2021-01-31 04:30:13,861 : method: Soft-Actor Critic
INFO : 2021-01-31 04:30:13,861 : parameter n_steps: 200 ensemble_size: 5 env: Ant-v2
INFO : 2021-01-31 04:30:16,712 : mpc_function policy
INFO : 2021-01-31 04:30:16,712 : policy
INFO : 2021-01-31 04:30:18,867 : episode: 0 score: 256.8 100 games avg: 256.8 steps 357 
INFO : 2021-01-31 04:30:19,187 : episode: 1 score: 1.3 100 games avg: 1.3 steps 19 
INFO : 2021-01-31 04:30:19,968 : episode: 2 score: -50.7 100 games avg: -50.7 steps 45 
INFO : 2021-01-31 04:30:21,131 : episode: 3 score: -38.6 100 games avg: -38.6 steps 70 
INFO : 2021-01-31 04:30:21,636 : episode: 4 score: -23.8 100 games avg: -23.8 steps 30 
INFO : 2021-01-31 04:30:22,770 : episode: 5 score: -71.3 100 games avg: -71.3 steps 68 
INFO : 2021-01-31 04:30:25,200 : episode: 6 score: -165.5 100 games avg: -165.5 steps 144 
INFO : 2021-01-31 04:30:27,798 : episode: 7 score: -76.3 100 games avg: -76.3 steps 152 
INFO : 2021-01-31 04:30:28,897 : episode: 8 score: -35.6 100 games avg: -35.6 steps 63 
INFO : 2021-01-31 04:30:33,657 : episode: 9 score: -9.2 100 games avg: -9.2 steps 277 
INFO : 2021-01-31 04:30:37,385 : episode: 10 score: -31.1 100 games avg: -31.1 steps 221 
INFO : 2021-01-31 04:30:54,415 : episode: 11 score: 213.1 100 games avg: 213.1 steps 1000 
INFO : 2021-01-31 04:31:11,676 : episode: 12 score: 248.1 100 games avg: 248.1 steps 1000 
INFO : 2021-01-31 04:31:28,810 : episode: 13 score: 366.4 100 games avg: 366.4 steps 1000 
INFO : 2021-01-31 04:31:46,002 : episode: 14 score: 469.4 100 games avg: 469.4 steps 1000 
INFO : 2021-01-31 04:32:03,235 : episode: 15 score: 418.4 100 games avg: 418.4 steps 1000 
INFO : 2021-01-31 04:32:20,244 : episode: 16 score: 503.5 100 games avg: 503.5 steps 1000 
INFO : 2021-01-31 04:32:37,480 : episode: 17 score: 441.4 100 games avg: 441.4 steps 1000 
INFO : 2021-01-31 04:32:45,525 : episode: 18 score: 216.5 100 games avg: 216.5 steps 470 
INFO : 2021-01-31 04:33:02,604 : episode: 19 score: 424.6 100 games avg: 424.6 steps 1000 
INFO : 2021-01-31 04:33:19,727 : episode: 20 score: 443.4 100 games avg: 443.4 steps 1000 
INFO : 2021-01-31 04:33:36,912 : episode: 21 score: 462.0 100 games avg: 462.0 steps 1000 
INFO : 2021-01-31 04:33:54,107 : episode: 22 score: 491.2 100 games avg: 491.2 steps 1000 
INFO : 2021-01-31 04:34:11,312 : episode: 23 score: 541.3 100 games avg: 541.3 steps 1000 
INFO : 2021-01-31 04:34:28,479 : episode: 24 score: 596.3 100 games avg: 596.3 steps 1000 
INFO : 2021-01-31 04:34:45,517 : episode: 25 score: 591.4 100 games avg: 591.4 steps 1000 
INFO : 2021-01-31 04:35:02,675 : episode: 26 score: 504.0 100 games avg: 504.0 steps 1000 
INFO : 2021-01-31 04:35:19,696 : episode: 27 score: 580.6 100 games avg: 580.6 steps 1000 
INFO : 2021-01-31 04:35:21,807 : episode: 28 score: 64.0 100 games avg: 64.0 steps 124 
INFO : 2021-01-31 04:35:38,903 : episode: 29 score: 541.7 100 games avg: 541.7 steps 1000 
INFO : 2021-01-31 04:35:56,048 : episode: 30 score: 523.7 100 games avg: 523.7 steps 1000 
INFO : 2021-01-31 04:36:12,981 : episode: 31 score: 550.0 100 games avg: 550.0 steps 1000 
INFO : 2021-01-31 04:36:30,041 : episode: 32 score: 642.7 100 games avg: 642.7 steps 1000 
INFO : 2021-01-31 04:36:47,046 : episode: 33 score: 638.4 100 games avg: 638.4 steps 1000 
INFO : 2021-01-31 04:37:04,095 : episode: 34 score: 598.2 100 games avg: 598.2 steps 1000 
INFO : 2021-01-31 04:37:21,203 : episode: 35 score: 572.0 100 games avg: 572.0 steps 1000 
INFO : 2021-01-31 04:37:38,300 : episode: 36 score: 594.3 100 games avg: 594.3 steps 1000 
INFO : 2021-01-31 04:37:55,451 : episode: 37 score: 669.4 100 games avg: 669.4 steps 1000 
INFO : 2021-01-31 04:38:12,443 : episode: 38 score: 552.4 100 games avg: 552.4 steps 1000 
INFO : 2021-01-31 04:38:29,522 : episode: 39 score: 624.8 100 games avg: 624.8 steps 1000 
INFO : 2021-01-31 04:38:46,506 : episode: 40 score: 528.2 100 games avg: 528.2 steps 1000 
INFO : 2021-01-31 04:39:03,571 : episode: 41 score: 527.9 100 games avg: 527.9 steps 1000 
INFO : 2021-01-31 04:39:20,582 : episode: 42 score: 667.1 100 games avg: 667.1 steps 1000 
INFO : 2021-01-31 04:39:37,563 : episode: 43 score: 513.1 100 games avg: 513.1 steps 1000 
INFO : 2021-01-31 04:39:54,762 : episode: 44 score: 581.7 100 games avg: 581.7 steps 1000 
INFO : 2021-01-31 04:40:11,894 : episode: 45 score: 575.7 100 games avg: 575.7 steps 1000 
INFO : 2021-01-31 04:40:28,900 : episode: 46 score: 712.5 100 games avg: 712.5 steps 1000 
INFO : 2021-01-31 04:40:46,000 : episode: 47 score: 539.0 100 games avg: 539.0 steps 1000 
INFO : 2021-01-31 04:41:03,060 : episode: 48 score: 553.9 100 games avg: 553.9 steps 1000 
INFO : 2021-01-31 04:41:06,350 : episode: 49 score: 102.2 100 games avg: 102.2 steps 192 
INFO : 2021-01-31 04:41:21,574 : episode: 50 score: 681.2 100 games avg: 681.2 steps 1000 
INFO : 2021-01-31 04:41:35,365 : episode: 51 score: 568.9 100 games avg: 568.9 steps 1000 
INFO : 2021-01-31 04:41:45,065 : episode: 52 score: 470.7 100 games avg: 470.7 steps 711 
INFO : 2021-01-31 04:41:59,978 : episode: 53 score: 535.9 100 games avg: 535.9 steps 1000 
INFO : 2021-01-31 04:42:17,117 : episode: 54 score: 637.0 100 games avg: 637.0 steps 1000 
INFO : 2021-01-31 04:42:34,126 : episode: 55 score: 575.5 100 games avg: 575.5 steps 1000 
INFO : 2021-01-31 04:42:41,246 : episode: 56 score: 251.3 100 games avg: 251.3 steps 424 
INFO : 2021-01-31 04:42:58,308 : episode: 57 score: 570.9 100 games avg: 570.9 steps 1000 
INFO : 2021-01-31 04:43:15,398 : episode: 58 score: 613.7 100 games avg: 613.7 steps 1000 
INFO : 2021-01-31 04:43:19,095 : episode: 59 score: 179.7 100 games avg: 179.7 steps 213 
INFO : 2021-01-31 04:43:36,342 : episode: 60 score: 525.4 100 games avg: 525.4 steps 1000 
INFO : 2021-01-31 04:43:53,515 : episode: 61 score: 583.6 100 games avg: 583.6 steps 1000 
INFO : 2021-01-31 04:44:10,606 : episode: 62 score: 583.6 100 games avg: 583.6 steps 1000 
INFO : 2021-01-31 04:44:27,778 : episode: 63 score: 580.1 100 games avg: 580.1 steps 1000 
INFO : 2021-01-31 04:44:28,168 : episode: 64 score: 13.0 100 games avg: 13.0 steps 23 
INFO : 2021-01-31 04:44:45,262 : episode: 65 score: 510.8 100 games avg: 510.8 steps 1000 
INFO : 2021-01-31 04:44:47,646 : episode: 66 score: 73.6 100 games avg: 73.6 steps 138 
INFO : 2021-01-31 04:45:02,868 : episode: 67 score: 633.7 100 games avg: 633.7 steps 877 
INFO : 2021-01-31 04:45:11,989 : episode: 68 score: 420.5 100 games avg: 420.5 steps 531 
INFO : 2021-01-31 04:45:29,189 : episode: 69 score: 715.5 100 games avg: 715.5 steps 1000 
INFO : 2021-01-31 04:45:38,739 : episode: 70 score: 429.5 100 games avg: 429.5 steps 564 
INFO : 2021-01-31 04:45:56,001 : episode: 71 score: 776.5 100 games avg: 776.5 steps 1000 
INFO : 2021-01-31 04:45:57,645 : episode: 72 score: 66.0 100 games avg: 66.0 steps 96 
INFO : 2021-01-31 04:46:14,771 : episode: 73 score: 667.1 100 games avg: 667.1 steps 1000 
INFO : 2021-01-31 04:46:31,766 : episode: 74 score: 812.2 100 games avg: 812.2 steps 1000 
INFO : 2021-01-31 04:46:48,851 : episode: 75 score: 811.2 100 games avg: 811.2 steps 1000 
INFO : 2021-01-31 04:47:05,906 : episode: 76 score: 675.3 100 games avg: 675.3 steps 1000 
INFO : 2021-01-31 04:47:19,431 : episode: 77 score: 660.8 100 games avg: 660.8 steps 796 
INFO : 2021-01-31 04:47:36,512 : episode: 78 score: 672.5 100 games avg: 672.5 steps 1000 
INFO : 2021-01-31 04:47:38,637 : episode: 79 score: 42.9 100 games avg: 42.9 steps 124 
INFO : 2021-01-31 04:47:44,118 : episode: 80 score: 242.6 100 games avg: 242.6 steps 322 
INFO : 2021-01-31 04:48:01,101 : episode: 81 score: 808.9 100 games avg: 808.9 steps 1000 
INFO : 2021-01-31 04:48:02,660 : episode: 82 score: 66.7 100 games avg: 66.7 steps 89 
INFO : 2021-01-31 04:48:19,904 : episode: 83 score: 573.7 100 games avg: 573.7 steps 1000 
INFO : 2021-01-31 04:48:37,158 : episode: 84 score: 497.6 100 games avg: 497.6 steps 1000 
INFO : 2021-01-31 04:48:54,279 : episode: 85 score: 756.0 100 games avg: 756.0 steps 1000 
INFO : 2021-01-31 04:49:01,738 : episode: 86 score: 362.2 100 games avg: 362.2 steps 440 
INFO : 2021-01-31 04:49:18,732 : episode: 87 score: 653.4 100 games avg: 653.4 steps 1000 
INFO : 2021-01-31 04:49:35,849 : episode: 88 score: 502.2 100 games avg: 502.2 steps 1000 
INFO : 2021-01-31 04:49:44,321 : episode: 89 score: 444.1 100 games avg: 444.1 steps 496 
INFO : 2021-01-31 04:49:53,085 : episode: 90 score: 344.6 100 games avg: 344.6 steps 512 
INFO : 2021-01-31 04:50:10,103 : episode: 91 score: 688.1 100 games avg: 688.1 steps 1000 
INFO : 2021-01-31 04:50:27,192 : episode: 92 score: 823.3 100 games avg: 823.3 steps 1000 
INFO : 2021-01-31 04:50:35,071 : episode: 93 score: 371.4 100 games avg: 371.4 steps 461 
INFO : 2021-01-31 04:50:52,166 : episode: 94 score: 552.0 100 games avg: 552.0 steps 1000 
INFO : 2021-01-31 04:51:02,014 : episode: 95 score: 461.0 100 games avg: 461.0 steps 580 
INFO : 2021-01-31 04:51:19,236 : episode: 96 score: 739.1 100 games avg: 739.1 steps 1000 
INFO : 2021-01-31 04:51:36,481 : episode: 97 score: 743.7 100 games avg: 743.7 steps 1000 
INFO : 2021-01-31 04:51:53,626 : episode: 98 score: 617.1 100 games avg: 617.1 steps 1000 
INFO : 2021-01-31 04:52:10,768 : episode: 99 score: 932.4 100 games avg: 932.4 steps 1000 
INFO : 2021-01-31 04:52:15,774 : episode: 100 score: 189.4 100 games avg: 189.4 steps 292 
INFO : 2021-01-31 04:52:18,935 : episode: 101 score: 173.5 100 games avg: 173.5 steps 184 
INFO : 2021-01-31 04:52:23,961 : episode: 102 score: 249.5 100 games avg: 249.5 steps 295 
INFO : 2021-01-31 04:52:40,998 : episode: 103 score: 873.6 100 games avg: 873.6 steps 1000 
INFO : 2021-01-31 04:52:52,616 : episode: 104 score: 687.7 100 games avg: 687.7 steps 686 
INFO : 2021-01-31 04:53:09,617 : episode: 105 score: 890.7 100 games avg: 890.7 steps 1000 
INFO : 2021-01-31 04:53:11,096 : episode: 106 score: 71.2 100 games avg: 71.2 steps 87 
INFO : 2021-01-31 04:53:15,033 : episode: 107 score: 279.1 100 games avg: 279.1 steps 231 
INFO : 2021-01-31 04:53:15,272 : episode: 108 score: 5.8 100 games avg: 5.8 steps 14 
INFO : 2021-01-31 04:53:18,150 : episode: 109 score: 197.8 100 games avg: 197.8 steps 168 
INFO : 2021-01-31 04:53:35,464 : episode: 110 score: 867.6 100 games avg: 867.6 steps 1000 
INFO : 2021-01-31 04:53:52,593 : episode: 111 score: 548.3 100 games avg: 548.3 steps 1000 
INFO : 2021-01-31 04:54:03,618 : episode: 112 score: 608.5 100 games avg: 608.5 steps 639 
INFO : 2021-01-31 04:54:15,779 : episode: 113 score: 637.6 100 games avg: 637.6 steps 710 
INFO : 2021-01-31 04:54:17,963 : episode: 114 score: 89.9 100 games avg: 89.9 steps 127 
INFO : 2021-01-31 04:54:35,229 : episode: 115 score: 544.1 100 games avg: 544.1 steps 1000 
INFO : 2021-01-31 04:54:48,485 : episode: 116 score: 754.3 100 games avg: 754.3 steps 764 
INFO : 2021-01-31 04:54:53,637 : episode: 117 score: 276.3 100 games avg: 276.3 steps 296 
INFO : 2021-01-31 04:54:57,853 : episode: 118 score: 278.6 100 games avg: 278.6 steps 243 
INFO : 2021-01-31 04:55:14,854 : episode: 119 score: 826.4 100 games avg: 826.4 steps 1000 
INFO : 2021-01-31 04:55:26,075 : episode: 120 score: 751.8 100 games avg: 751.8 steps 660 
INFO : 2021-01-31 04:55:43,301 : episode: 121 score: 1025.4 100 games avg: 1025.4 steps 1000 
INFO : 2021-01-31 04:56:00,283 : episode: 122 score: 1035.1 100 games avg: 1035.1 steps 1000 
INFO : 2021-01-31 04:56:17,356 : episode: 123 score: 699.2 100 games avg: 699.2 steps 1000 
INFO : 2021-01-31 04:56:34,522 : episode: 124 score: 954.9 100 games avg: 954.9 steps 1000 
INFO : 2021-01-31 04:56:43,493 : episode: 125 score: 544.7 100 games avg: 544.7 steps 518 
INFO : 2021-01-31 04:56:47,188 : episode: 126 score: 210.9 100 games avg: 210.9 steps 214 
INFO : 2021-01-31 04:56:56,934 : episode: 127 score: 628.2 100 games avg: 628.2 steps 570 
INFO : 2021-01-31 04:57:14,070 : episode: 128 score: 571.3 100 games avg: 571.3 steps 1000 
INFO : 2021-01-31 04:57:31,169 : episode: 129 score: 567.4 100 games avg: 567.4 steps 1000 
INFO : 2021-01-31 04:57:48,328 : episode: 130 score: 984.7 100 games avg: 984.7 steps 1000 
INFO : 2021-01-31 04:58:05,506 : episode: 131 score: 815.5 100 games avg: 815.5 steps 1000 
INFO : 2021-01-31 04:58:22,477 : episode: 132 score: 683.9 100 games avg: 683.9 steps 1000 
INFO : 2021-01-31 04:58:32,686 : episode: 133 score: 650.6 100 games avg: 650.6 steps 601 
INFO : 2021-01-31 04:58:49,764 : episode: 134 score: 596.3 100 games avg: 596.3 steps 1000 
INFO : 2021-01-31 04:59:01,175 : episode: 135 score: 705.8 100 games avg: 705.8 steps 666 
INFO : 2021-01-31 04:59:08,439 : episode: 136 score: 456.7 100 games avg: 456.7 steps 414 
INFO : 2021-01-31 04:59:25,604 : episode: 137 score: 554.3 100 games avg: 554.3 steps 1000 
INFO : 2021-01-31 04:59:42,968 : episode: 138 score: 730.2 100 games avg: 730.2 steps 1000 
INFO : 2021-01-31 05:00:00,044 : episode: 139 score: 475.6 100 games avg: 475.6 steps 1000 
INFO : 2021-01-31 05:00:05,438 : episode: 140 score: 330.5 100 games avg: 330.5 steps 320 
INFO : 2021-01-31 05:00:06,151 : episode: 141 score: 49.3 100 games avg: 49.3 steps 42 
INFO : 2021-01-31 05:00:23,372 : episode: 142 score: 1128.5 100 games avg: 1128.5 steps 1000 
INFO : 2021-01-31 05:00:40,423 : episode: 143 score: 751.4 100 games avg: 751.4 steps 1000 
INFO : 2021-01-31 05:00:57,642 : episode: 144 score: 494.0 100 games avg: 494.0 steps 1000 
INFO : 2021-01-31 05:01:14,721 : episode: 145 score: 759.0 100 games avg: 759.0 steps 1000 
INFO : 2021-01-31 05:01:21,992 : episode: 146 score: 580.1 100 games avg: 580.1 steps 424 
INFO : 2021-01-31 05:01:23,431 : episode: 147 score: 91.5 100 games avg: 91.5 steps 84 
INFO : 2021-01-31 05:01:40,564 : episode: 148 score: 652.4 100 games avg: 652.4 steps 1000 
INFO : 2021-01-31 05:01:57,632 : episode: 149 score: 830.1 100 games avg: 830.1 steps 1000 
INFO : 2021-01-31 05:02:03,513 : episode: 150 score: 413.7 100 games avg: 413.7 steps 345 
INFO : 2021-01-31 05:02:17,846 : episode: 151 score: 1149.6 100 games avg: 1149.6 steps 1000 
INFO : 2021-01-31 05:02:31,591 : episode: 152 score: 545.6 100 games avg: 545.6 steps 1000 
INFO : 2021-01-31 05:02:38,383 : episode: 153 score: 665.8 100 games avg: 665.8 steps 498 
INFO : 2021-01-31 05:02:45,035 : episode: 154 score: 569.5 100 games avg: 569.5 steps 486 
INFO : 2021-01-31 05:03:01,260 : episode: 155 score: 448.7 100 games avg: 448.7 steps 1000 
INFO : 2021-01-31 05:03:03,561 : episode: 156 score: 177.9 100 games avg: 177.9 steps 135 
INFO : 2021-01-31 05:03:20,654 : episode: 157 score: 649.5 100 games avg: 649.5 steps 1000 
INFO : 2021-01-31 05:03:37,720 : episode: 158 score: 689.9 100 games avg: 689.9 steps 1000 
INFO : 2021-01-31 05:03:54,979 : episode: 159 score: 458.8 100 games avg: 458.8 steps 1000 
INFO : 2021-01-31 05:04:12,083 : episode: 160 score: 1129.1 100 games avg: 1129.1 steps 1000 
INFO : 2021-01-31 05:04:29,107 : episode: 161 score: 777.3 100 games avg: 777.3 steps 1000 
INFO : 2021-01-31 05:04:46,249 : episode: 162 score: 1359.2 100 games avg: 1359.2 steps 1000 
INFO : 2021-01-31 05:05:03,268 : episode: 163 score: 721.8 100 games avg: 721.8 steps 1000 
INFO : 2021-01-31 05:05:10,141 : episode: 164 score: 532.1 100 games avg: 532.1 steps 402 
INFO : 2021-01-31 05:05:23,105 : episode: 165 score: 949.2 100 games avg: 949.2 steps 756 
INFO : 2021-01-31 05:05:39,990 : episode: 166 score: 621.3 100 games avg: 621.3 steps 1000 
INFO : 2021-01-31 05:05:57,062 : episode: 167 score: 739.5 100 games avg: 739.5 steps 1000 
INFO : 2021-01-31 05:06:14,274 : episode: 168 score: 828.5 100 games avg: 828.5 steps 1000 
INFO : 2021-01-31 05:06:31,204 : episode: 169 score: 1056.9 100 games avg: 1056.9 steps 1000 
INFO : 2021-01-31 05:06:39,880 : episode: 170 score: 648.3 100 games avg: 648.3 steps 505 
INFO : 2021-01-31 05:06:56,929 : episode: 171 score: 668.7 100 games avg: 668.7 steps 1000 
INFO : 2021-01-31 05:07:13,810 : episode: 172 score: 797.2 100 games avg: 797.2 steps 1000 
INFO : 2021-01-31 05:07:18,844 : episode: 173 score: 406.8 100 games avg: 406.8 steps 295 
INFO : 2021-01-31 05:07:36,026 : episode: 174 score: 875.3 100 games avg: 875.3 steps 1000 
INFO : 2021-01-31 05:07:53,076 : episode: 175 score: 598.2 100 games avg: 598.2 steps 1000 
INFO : 2021-01-31 05:08:10,219 : episode: 176 score: 686.2 100 games avg: 686.2 steps 1000 
INFO : 2021-01-31 05:08:27,177 : episode: 177 score: 696.9 100 games avg: 696.9 steps 1000 
INFO : 2021-01-31 05:08:44,395 : episode: 178 score: 531.3 100 games avg: 531.3 steps 1000 
INFO : 2021-01-31 05:08:45,829 : episode: 179 score: 98.5 100 games avg: 98.5 steps 84 
INFO : 2021-01-31 05:09:02,923 : episode: 180 score: 798.4 100 games avg: 798.4 steps 1000 
INFO : 2021-01-31 05:09:12,105 : episode: 181 score: 813.1 100 games avg: 813.1 steps 531 
INFO : 2021-01-31 05:09:12,761 : episode: 182 score: 48.7 100 games avg: 48.7 steps 38 
INFO : 2021-01-31 05:09:29,841 : episode: 183 score: 901.9 100 games avg: 901.9 steps 1000 
INFO : 2021-01-31 05:09:46,964 : episode: 184 score: 881.2 100 games avg: 881.2 steps 1000 
INFO : 2021-01-31 05:10:04,037 : episode: 185 score: 847.2 100 games avg: 847.2 steps 1000 
INFO : 2021-01-31 05:10:21,119 : episode: 186 score: 754.1 100 games avg: 754.1 steps 1000 
INFO : 2021-01-31 05:10:32,823 : episode: 187 score: 1052.0 100 games avg: 1052.0 steps 691 
INFO : 2021-01-31 05:10:46,865 : episode: 188 score: 1188.8 100 games avg: 1188.8 steps 819 
INFO : 2021-01-31 05:11:04,063 : episode: 189 score: 511.3 100 games avg: 511.3 steps 1000 
INFO : 2021-01-31 05:11:21,064 : episode: 190 score: 587.5 100 games avg: 587.5 steps 1000 
INFO : 2021-01-31 05:11:27,512 : episode: 191 score: 583.5 100 games avg: 583.5 steps 372 
INFO : 2021-01-31 05:11:44,535 : episode: 192 score: 1502.7 100 games avg: 1502.7 steps 1000 
INFO : 2021-01-31 05:11:46,022 : episode: 193 score: 104.8 100 games avg: 104.8 steps 88 
INFO : 2021-01-31 05:12:03,105 : episode: 194 score: 1027.4 100 games avg: 1027.4 steps 1000 
INFO : 2021-01-31 05:12:04,441 : episode: 195 score: 122.1 100 games avg: 122.1 steps 77 
INFO : 2021-01-31 05:12:21,651 : episode: 196 score: 570.2 100 games avg: 570.2 steps 1000 
INFO : 2021-01-31 05:12:22,012 : episode: 197 score: 25.3 100 games avg: 25.3 steps 21 
INFO : 2021-01-31 05:12:39,108 : episode: 198 score: 867.2 100 games avg: 867.2 steps 1000 
INFO : 2021-01-31 05:12:39,477 : episode: 199 score: 27.7 100 games avg: 27.7 steps 22 
