INFO : 2020-12-24 13:21:24,454 : method: Soft-Actor Critic
INFO : 2020-12-24 13:21:24,454 : parameter n_steps: 100 ensemble_size: 5 env: HalfCheetah-v2
INFO : 2020-12-24 13:21:27,010 : mpc_function policy
INFO : 2020-12-24 13:21:36,806 : episode: 0 score: -215.9 100 games avg: -215.9 steps 1000 
INFO : 2020-12-24 13:21:49,923 : episode: 1 score: -127.4 100 games avg: -127.4 steps 1000 
INFO : 2020-12-24 13:22:03,177 : episode: 2 score: -158.2 100 games avg: -158.2 steps 1000 
INFO : 2020-12-24 13:22:16,435 : episode: 3 score: -202.9 100 games avg: -202.9 steps 1000 
INFO : 2020-12-24 13:22:29,818 : episode: 4 score: -159.0 100 games avg: -159.0 steps 1000 
INFO : 2020-12-24 13:22:43,169 : episode: 5 score: -188.2 100 games avg: -188.2 steps 1000 
INFO : 2020-12-24 13:22:56,371 : episode: 6 score: -151.1 100 games avg: -151.1 steps 1000 
INFO : 2020-12-24 13:23:09,684 : episode: 7 score: -106.2 100 games avg: -106.2 steps 1000 
INFO : 2020-12-24 13:23:23,071 : episode: 8 score: 4.6 100 games avg: 4.6 steps 1000 
INFO : 2020-12-24 13:23:36,373 : episode: 9 score: -188.4 100 games avg: -188.4 steps 1000 
INFO : 2020-12-24 13:23:49,664 : episode: 10 score: -193.1 100 games avg: -193.1 steps 1000 
INFO : 2020-12-24 13:24:02,947 : episode: 11 score: 12.6 100 games avg: 12.6 steps 1000 
INFO : 2020-12-24 13:24:16,304 : episode: 12 score: -164.6 100 games avg: -164.6 steps 1000 
INFO : 2020-12-24 13:24:29,549 : episode: 13 score: -166.6 100 games avg: -166.6 steps 1000 
INFO : 2020-12-24 13:24:42,843 : episode: 14 score: 304.1 100 games avg: 304.1 steps 1000 
INFO : 2020-12-24 13:24:56,130 : episode: 15 score: -118.5 100 games avg: -118.5 steps 1000 
INFO : 2020-12-24 13:25:09,407 : episode: 16 score: 336.4 100 games avg: 336.4 steps 1000 
INFO : 2020-12-24 13:25:22,710 : episode: 17 score: 380.8 100 games avg: 380.8 steps 1000 
INFO : 2020-12-24 13:25:36,046 : episode: 18 score: 583.4 100 games avg: 583.4 steps 1000 
INFO : 2020-12-24 13:25:49,371 : episode: 19 score: 559.9 100 games avg: 559.9 steps 1000 
INFO : 2020-12-24 13:26:02,729 : episode: 20 score: 525.1 100 games avg: 525.1 steps 1000 
INFO : 2020-12-24 13:26:16,026 : episode: 21 score: 723.2 100 games avg: 723.2 steps 1000 
INFO : 2020-12-24 13:26:29,431 : episode: 22 score: 945.3 100 games avg: 945.3 steps 1000 
INFO : 2020-12-24 13:26:42,780 : episode: 23 score: 20.4 100 games avg: 20.4 steps 1000 
INFO : 2020-12-24 13:26:56,106 : episode: 24 score: 1129.0 100 games avg: 1129.0 steps 1000 
INFO : 2020-12-24 13:27:09,475 : episode: 25 score: 1401.3 100 games avg: 1401.3 steps 1000 
INFO : 2020-12-24 13:27:22,846 : episode: 26 score: 1444.5 100 games avg: 1444.5 steps 1000 
INFO : 2020-12-24 13:27:36,059 : episode: 27 score: 1493.6 100 games avg: 1493.6 steps 1000 
INFO : 2020-12-24 13:27:49,391 : episode: 28 score: 1442.7 100 games avg: 1442.7 steps 1000 
INFO : 2020-12-24 13:28:02,632 : episode: 29 score: -171.7 100 games avg: -171.7 steps 1000 
INFO : 2020-12-24 13:28:15,995 : episode: 30 score: 1861.6 100 games avg: 1861.6 steps 1000 
INFO : 2020-12-24 13:28:29,305 : episode: 31 score: 700.0 100 games avg: 700.0 steps 1000 
INFO : 2020-12-24 13:28:42,779 : episode: 32 score: 1653.6 100 games avg: 1653.6 steps 1000 
INFO : 2020-12-24 13:28:56,111 : episode: 33 score: 1801.4 100 games avg: 1801.4 steps 1000 
INFO : 2020-12-24 13:29:09,483 : episode: 34 score: 1478.9 100 games avg: 1478.9 steps 1000 
INFO : 2020-12-24 13:29:22,824 : episode: 35 score: 1696.4 100 games avg: 1696.4 steps 1000 
INFO : 2020-12-24 13:29:36,152 : episode: 36 score: 549.2 100 games avg: 549.2 steps 1000 
INFO : 2020-12-24 13:29:49,468 : episode: 37 score: 783.4 100 games avg: 783.4 steps 1000 
INFO : 2020-12-24 13:30:02,818 : episode: 38 score: 1993.8 100 games avg: 1993.8 steps 1000 
INFO : 2020-12-24 13:30:16,199 : episode: 39 score: 367.0 100 games avg: 367.0 steps 1000 
INFO : 2020-12-24 13:30:29,512 : episode: 40 score: 1749.7 100 games avg: 1749.7 steps 1000 
INFO : 2020-12-24 13:30:42,891 : episode: 41 score: 1771.5 100 games avg: 1771.5 steps 1000 
INFO : 2020-12-24 13:30:56,176 : episode: 42 score: 2059.2 100 games avg: 2059.2 steps 1000 
INFO : 2020-12-24 13:31:09,522 : episode: 43 score: 1456.0 100 games avg: 1456.0 steps 1000 
INFO : 2020-12-24 13:31:22,794 : episode: 44 score: 2053.2 100 games avg: 2053.2 steps 1000 
INFO : 2020-12-24 13:31:36,078 : episode: 45 score: 2052.2 100 games avg: 2052.2 steps 1000 
INFO : 2020-12-24 13:31:49,453 : episode: 46 score: 1865.5 100 games avg: 1865.5 steps 1000 
INFO : 2020-12-24 13:32:02,775 : episode: 47 score: 626.3 100 games avg: 626.3 steps 1000 
INFO : 2020-12-24 13:32:16,091 : episode: 48 score: 2144.0 100 games avg: 2144.0 steps 1000 
INFO : 2020-12-24 13:32:29,482 : episode: 49 score: 1678.2 100 games avg: 1678.2 steps 1000 
INFO : 2020-12-24 13:32:42,803 : episode: 50 score: 1852.1 100 games avg: 1852.1 steps 1000 
INFO : 2020-12-24 13:32:56,252 : episode: 51 score: 208.5 100 games avg: 208.5 steps 1000 
INFO : 2020-12-24 13:33:09,662 : episode: 52 score: 2343.5 100 games avg: 2343.5 steps 1000 
INFO : 2020-12-24 13:33:23,007 : episode: 53 score: 2409.0 100 games avg: 2409.0 steps 1000 
INFO : 2020-12-24 13:33:36,281 : episode: 54 score: 2114.0 100 games avg: 2114.0 steps 1000 
INFO : 2020-12-24 13:33:49,682 : episode: 55 score: 2249.2 100 games avg: 2249.2 steps 1000 
INFO : 2020-12-24 13:34:02,963 : episode: 56 score: 278.4 100 games avg: 278.4 steps 1000 
INFO : 2020-12-24 13:34:16,359 : episode: 57 score: 47.8 100 games avg: 47.8 steps 1000 
INFO : 2020-12-24 13:34:29,613 : episode: 58 score: 2403.5 100 games avg: 2403.5 steps 1000 
INFO : 2020-12-24 13:34:42,963 : episode: 59 score: 2514.9 100 games avg: 2514.9 steps 1000 
INFO : 2020-12-24 13:34:56,428 : episode: 60 score: 2512.5 100 games avg: 2512.5 steps 1000 
INFO : 2020-12-24 13:35:09,814 : episode: 61 score: 2501.3 100 games avg: 2501.3 steps 1000 
INFO : 2020-12-24 13:35:23,205 : episode: 62 score: 2298.3 100 games avg: 2298.3 steps 1000 
INFO : 2020-12-24 13:35:36,556 : episode: 63 score: 2101.1 100 games avg: 2101.1 steps 1000 
INFO : 2020-12-24 13:35:49,839 : episode: 64 score: 1094.8 100 games avg: 1094.8 steps 1000 
INFO : 2020-12-24 13:36:03,260 : episode: 65 score: 2386.4 100 games avg: 2386.4 steps 1000 
INFO : 2020-12-24 13:36:16,627 : episode: 66 score: 2428.5 100 games avg: 2428.5 steps 1000 
INFO : 2020-12-24 13:36:29,962 : episode: 67 score: 2334.1 100 games avg: 2334.1 steps 1000 
INFO : 2020-12-24 13:36:43,326 : episode: 68 score: 2419.5 100 games avg: 2419.5 steps 1000 
INFO : 2020-12-24 13:36:56,664 : episode: 69 score: 2574.4 100 games avg: 2574.4 steps 1000 
INFO : 2020-12-24 13:37:10,014 : episode: 70 score: 223.1 100 games avg: 223.1 steps 1000 
INFO : 2020-12-24 13:37:23,378 : episode: 71 score: 2795.7 100 games avg: 2795.7 steps 1000 
INFO : 2020-12-24 13:37:36,710 : episode: 72 score: 2629.8 100 games avg: 2629.8 steps 1000 
INFO : 2020-12-24 13:37:49,956 : episode: 73 score: 2652.9 100 games avg: 2652.9 steps 1000 
INFO : 2020-12-24 13:38:03,296 : episode: 74 score: 1528.1 100 games avg: 1528.1 steps 1000 
INFO : 2020-12-24 13:38:16,751 : episode: 75 score: 2657.5 100 games avg: 2657.5 steps 1000 
INFO : 2020-12-24 13:38:30,093 : episode: 76 score: 2693.1 100 games avg: 2693.1 steps 1000 
INFO : 2020-12-24 13:38:43,414 : episode: 77 score: 1614.4 100 games avg: 1614.4 steps 1000 
INFO : 2020-12-24 13:38:56,785 : episode: 78 score: 2686.0 100 games avg: 2686.0 steps 1000 
INFO : 2020-12-24 13:39:10,215 : episode: 79 score: 2575.0 100 games avg: 2575.0 steps 1000 
INFO : 2020-12-24 13:39:23,560 : episode: 80 score: 2979.0 100 games avg: 2979.0 steps 1000 
INFO : 2020-12-24 13:39:36,942 : episode: 81 score: 2848.3 100 games avg: 2848.3 steps 1000 
INFO : 2020-12-24 13:39:50,297 : episode: 82 score: 2589.2 100 games avg: 2589.2 steps 1000 
INFO : 2020-12-24 13:40:03,645 : episode: 83 score: 2716.5 100 games avg: 2716.5 steps 1000 
INFO : 2020-12-24 13:40:17,059 : episode: 84 score: 2350.5 100 games avg: 2350.5 steps 1000 
INFO : 2020-12-24 13:40:30,412 : episode: 85 score: 2769.1 100 games avg: 2769.1 steps 1000 
INFO : 2020-12-24 13:40:43,730 : episode: 86 score: 2659.8 100 games avg: 2659.8 steps 1000 
INFO : 2020-12-24 13:40:57,064 : episode: 87 score: 2843.6 100 games avg: 2843.6 steps 1000 
INFO : 2020-12-24 13:41:10,338 : episode: 88 score: 2894.7 100 games avg: 2894.7 steps 1000 
INFO : 2020-12-24 13:41:23,650 : episode: 89 score: 2729.7 100 games avg: 2729.7 steps 1000 
INFO : 2020-12-24 13:41:36,983 : episode: 90 score: 2838.5 100 games avg: 2838.5 steps 1000 
INFO : 2020-12-24 13:41:50,283 : episode: 91 score: 2861.1 100 games avg: 2861.1 steps 1000 
INFO : 2020-12-24 13:42:03,820 : episode: 92 score: 2888.9 100 games avg: 2888.9 steps 1000 
INFO : 2020-12-24 13:42:17,134 : episode: 93 score: 2737.6 100 games avg: 2737.6 steps 1000 
INFO : 2020-12-24 13:42:30,436 : episode: 94 score: 2892.4 100 games avg: 2892.4 steps 1000 
INFO : 2020-12-24 13:42:43,803 : episode: 95 score: 2775.8 100 games avg: 2775.8 steps 1000 
INFO : 2020-12-24 13:42:58,881 : episode: 96 score: 2829.0 100 games avg: 2829.0 steps 1000 
INFO : 2020-12-24 13:43:14,952 : episode: 97 score: 2805.0 100 games avg: 2805.0 steps 1000 
INFO : 2020-12-24 13:43:34,140 : episode: 98 score: 2714.0 100 games avg: 2714.0 steps 1000 
INFO : 2020-12-24 13:43:53,474 : episode: 99 score: 2937.5 100 games avg: 2937.5 steps 1000 
