INFO : 2021-01-11 22:22:45,485 : method: Soft-Actor Critic
INFO : 2021-01-11 22:22:45,486 : parameter n_steps: 200 ensemble_size: 5 env: LunarLanderContinuous-v2
INFO : 2021-01-11 22:22:45,553 : mpc_function cem
INFO : 2021-01-11 22:22:45,553 : cem
INFO : 2021-01-11 22:22:48,684 : episode: 0 score: -98.5 100 games avg: -98.5 steps 171 
INFO : 2021-01-11 22:22:52,030 : episode: 1 score: -304.6 100 games avg: -304.6 steps 156 
INFO : 2021-01-11 22:22:54,742 : episode: 2 score: -500.1 100 games avg: -500.1 steps 98 
INFO : 2021-01-11 22:23:00,083 : episode: 3 score: -1337.1 100 games avg: -1337.1 steps 192 
INFO : 2021-01-11 22:23:03,286 : episode: 4 score: -465.6 100 games avg: -465.6 steps 117 
INFO : 2021-01-11 22:23:05,783 : episode: 5 score: -169.2 100 games avg: -169.2 steps 91 
INFO : 2021-01-11 22:23:09,710 : episode: 6 score: -113.1 100 games avg: -113.1 steps 143 
INFO : 2021-01-11 22:23:12,100 : episode: 7 score: -292.7 100 games avg: -292.7 steps 81 
INFO : 2021-01-11 22:23:15,825 : episode: 8 score: -402.9 100 games avg: -402.9 steps 130 
INFO : 2021-01-11 22:23:18,993 : episode: 9 score: -393.8 100 games avg: -393.8 steps 108 
INFO : 2021-01-11 22:23:22,163 : episode: 10 score: -282.2 100 games avg: -282.2 steps 109 
INFO : 2021-01-11 22:23:25,388 : episode: 11 score: -209.1 100 games avg: -209.1 steps 108 
INFO : 2021-01-11 22:23:29,802 : episode: 12 score: -166.4 100 games avg: -166.4 steps 152 
INFO : 2021-01-11 22:23:34,323 : episode: 13 score: -134.2 100 games avg: -134.2 steps 158 
INFO : 2021-01-11 22:23:37,524 : episode: 14 score: -188.4 100 games avg: -188.4 steps 115 
INFO : 2021-01-11 22:23:44,105 : episode: 15 score: -425.2 100 games avg: -425.2 steps 240 
INFO : 2021-01-11 22:23:47,737 : episode: 16 score: -238.6 100 games avg: -238.6 steps 140 
INFO : 2021-01-11 22:23:52,604 : episode: 17 score: -367.6 100 games avg: -367.6 steps 189 
INFO : 2021-01-11 22:23:58,063 : episode: 18 score: -161.5 100 games avg: -161.5 steps 201 
INFO : 2021-01-11 22:24:03,284 : episode: 19 score: -221.8 100 games avg: -221.8 steps 186 
INFO : 2021-01-11 22:24:08,943 : episode: 20 score: -465.9 100 games avg: -465.9 steps 188 
INFO : 2021-01-11 22:24:12,462 : episode: 21 score: -129.7 100 games avg: -129.7 steps 122 
INFO : 2021-01-11 22:24:18,459 : episode: 22 score: -475.5 100 games avg: -475.5 steps 206 
INFO : 2021-01-11 22:24:27,588 : episode: 23 score: -419.7 100 games avg: -419.7 steps 337 
INFO : 2021-01-11 22:24:31,383 : episode: 24 score: -30.3 100 games avg: -30.3 steps 132 
INFO : 2021-01-11 22:24:45,740 : episode: 25 score: -207.5 100 games avg: -207.5 steps 521 
INFO : 2021-01-11 22:24:52,796 : episode: 26 score: -200.0 100 games avg: -200.0 steps 251 
INFO : 2021-01-11 22:24:58,411 : episode: 27 score: -256.8 100 games avg: -256.8 steps 197 
INFO : 2021-01-11 22:25:04,997 : episode: 28 score: -30.6 100 games avg: -30.6 steps 232 
INFO : 2021-01-11 22:25:10,488 : episode: 29 score: 26.0 100 games avg: 26.0 steps 192 
INFO : 2021-01-11 22:25:16,854 : episode: 30 score: -37.1 100 games avg: -37.1 steps 219 
INFO : 2021-01-11 22:25:25,806 : episode: 31 score: -232.7 100 games avg: -232.7 steps 320 
INFO : 2021-01-11 22:25:35,294 : episode: 32 score: -155.4 100 games avg: -155.4 steps 351 
INFO : 2021-01-11 22:25:42,760 : episode: 33 score: -69.9 100 games avg: -69.9 steps 264 
INFO : 2021-01-11 22:25:57,953 : episode: 34 score: -238.9 100 games avg: -238.9 steps 414 
INFO : 2021-01-11 22:26:18,177 : episode: 35 score: -87.6 100 games avg: -87.6 steps 617 
INFO : 2021-01-11 22:26:29,749 : episode: 36 score: -156.3 100 games avg: -156.3 steps 356 
INFO : 2021-01-11 22:26:39,023 : episode: 37 score: -118.6 100 games avg: -118.6 steps 303 
INFO : 2021-01-11 22:26:50,883 : episode: 38 score: 157.8 100 games avg: 157.8 steps 410 
INFO : 2021-01-11 22:26:56,844 : episode: 39 score: -108.5 100 games avg: -108.5 steps 210 
INFO : 2021-01-11 22:27:06,408 : episode: 40 score: -139.5 100 games avg: -139.5 steps 337 
INFO : 2021-01-11 22:27:13,038 : episode: 41 score: -94.7 100 games avg: -94.7 steps 234 
INFO : 2021-01-11 22:27:26,266 : episode: 42 score: -133.3 100 games avg: -133.3 steps 464 
INFO : 2021-01-11 22:27:39,693 : episode: 43 score: -199.5 100 games avg: -199.5 steps 476 
INFO : 2021-01-11 22:27:48,257 : episode: 44 score: -149.9 100 games avg: -149.9 steps 317 
INFO : 2021-01-11 22:28:01,321 : episode: 45 score: -151.8 100 games avg: -151.8 steps 464 
INFO : 2021-01-11 22:28:09,306 : episode: 46 score: -240.8 100 games avg: -240.8 steps 290 
INFO : 2021-01-11 22:28:21,771 : episode: 47 score: -222.2 100 games avg: -222.2 steps 466 
INFO : 2021-01-11 22:28:32,726 : episode: 48 score: -277.8 100 games avg: -277.8 steps 387 
INFO : 2021-01-11 22:28:38,278 : episode: 49 score: -161.4 100 games avg: -161.4 steps 197 
INFO : 2021-01-11 22:28:47,156 : episode: 50 score: -236.2 100 games avg: -236.2 steps 316 
INFO : 2021-01-11 22:28:54,332 : episode: 51 score: -129.5 100 games avg: -129.5 steps 249 
INFO : 2021-01-11 22:29:02,489 : episode: 52 score: -152.2 100 games avg: -152.2 steps 284 
INFO : 2021-01-11 22:29:06,293 : episode: 53 score: -193.9 100 games avg: -193.9 steps 133 
INFO : 2021-01-11 22:29:17,547 : episode: 54 score: -86.8 100 games avg: -86.8 steps 395 
INFO : 2021-01-11 22:29:23,208 : episode: 55 score: -140.6 100 games avg: -140.6 steps 197 
INFO : 2021-01-11 22:29:28,377 : episode: 56 score: -213.9 100 games avg: -213.9 steps 172 
INFO : 2021-01-11 22:29:32,814 : episode: 57 score: -195.9 100 games avg: -195.9 steps 160 
INFO : 2021-01-11 22:29:42,911 : episode: 58 score: -170.5 100 games avg: -170.5 steps 350 
INFO : 2021-01-11 22:29:49,107 : episode: 59 score: -204.7 100 games avg: -204.7 steps 217 
INFO : 2021-01-11 22:29:55,472 : episode: 60 score: -223.4 100 games avg: -223.4 steps 221 
INFO : 2021-01-11 22:30:07,211 : episode: 61 score: -141.2 100 games avg: -141.2 steps 423 
INFO : 2021-01-11 22:30:11,456 : episode: 62 score: -213.1 100 games avg: -213.1 steps 148 
INFO : 2021-01-11 22:30:25,738 : episode: 63 score: -132.7 100 games avg: -132.7 steps 502 
INFO : 2021-01-11 22:30:30,444 : episode: 64 score: -329.4 100 games avg: -329.4 steps 175 
INFO : 2021-01-11 22:30:36,580 : episode: 65 score: -243.3 100 games avg: -243.3 steps 217 
INFO : 2021-01-11 22:30:41,357 : episode: 66 score: -246.8 100 games avg: -246.8 steps 168 
INFO : 2021-01-11 22:30:54,151 : episode: 67 score: -180.0 100 games avg: -180.0 steps 447 
INFO : 2021-01-11 22:31:08,097 : episode: 68 score: -143.0 100 games avg: -143.0 steps 484 
INFO : 2021-01-11 22:31:24,276 : episode: 69 score: -243.6 100 games avg: -243.6 steps 565 
INFO : 2021-01-11 22:31:40,947 : episode: 70 score: -236.6 100 games avg: -236.6 steps 604 
INFO : 2021-01-11 22:31:55,143 : episode: 71 score: -243.8 100 games avg: -243.8 steps 500 
INFO : 2021-01-11 22:32:10,415 : episode: 72 score: -278.8 100 games avg: -278.8 steps 525 
INFO : 2021-01-11 22:32:28,982 : episode: 73 score: -242.2 100 games avg: -242.2 steps 637 
INFO : 2021-01-11 22:32:49,401 : episode: 74 score: -262.0 100 games avg: -262.0 steps 732 
INFO : 2021-01-11 22:33:18,562 : episode: 75 score: -94.8 100 games avg: -94.8 steps 1000 
INFO : 2021-01-11 22:33:23,857 : episode: 76 score: -97.9 100 games avg: -97.9 steps 179 
INFO : 2021-01-11 22:33:34,495 : episode: 77 score: -184.9 100 games avg: -184.9 steps 368 
INFO : 2021-01-11 22:33:39,146 : episode: 78 score: -75.6 100 games avg: -75.6 steps 160 
INFO : 2021-01-11 22:33:48,313 : episode: 79 score: -127.4 100 games avg: -127.4 steps 313 
INFO : 2021-01-11 22:34:00,187 : episode: 80 score: -128.1 100 games avg: -128.1 steps 400 
INFO : 2021-01-11 22:34:29,597 : episode: 81 score: -77.7 100 games avg: -77.7 steps 1000 
INFO : 2021-01-11 22:34:37,905 : episode: 82 score: -136.4 100 games avg: -136.4 steps 278 
INFO : 2021-01-11 22:34:51,251 : episode: 83 score: -38.1 100 games avg: -38.1 steps 445 
INFO : 2021-01-11 22:35:01,901 : episode: 84 score: -70.6 100 games avg: -70.6 steps 359 
INFO : 2021-01-11 22:35:31,694 : episode: 85 score: -119.7 100 games avg: -119.7 steps 1000 
INFO : 2021-01-11 22:35:48,262 : episode: 86 score: -141.3 100 games avg: -141.3 steps 550 
INFO : 2021-01-11 22:36:08,094 : episode: 87 score: -114.8 100 games avg: -114.8 steps 674 
INFO : 2021-01-11 22:36:37,461 : episode: 88 score: -152.0 100 games avg: -152.0 steps 1000 
INFO : 2021-01-11 22:37:06,280 : episode: 89 score: -74.4 100 games avg: -74.4 steps 1000 
INFO : 2021-01-11 22:37:09,308 : episode: 90 score: -183.5 100 games avg: -183.5 steps 111 
INFO : 2021-01-11 22:37:38,140 : episode: 91 score: -68.0 100 games avg: -68.0 steps 1000 
INFO : 2021-01-11 22:37:40,773 : episode: 92 score: -149.2 100 games avg: -149.2 steps 81 
INFO : 2021-01-11 22:37:44,329 : episode: 93 score: -244.9 100 games avg: -244.9 steps 119 
INFO : 2021-01-11 22:37:47,500 : episode: 94 score: -93.5 100 games avg: -93.5 steps 89 
INFO : 2021-01-11 22:38:18,584 : episode: 95 score: -52.4 100 games avg: -52.4 steps 1000 
INFO : 2021-01-11 22:38:23,681 : episode: 96 score: -84.0 100 games avg: -84.0 steps 190 
INFO : 2021-01-11 22:38:52,691 : episode: 97 score: -94.1 100 games avg: -94.1 steps 1000 
INFO : 2021-01-11 22:39:20,610 : episode: 98 score: -99.0 100 games avg: -99.0 steps 1000 
INFO : 2021-01-11 22:39:49,962 : episode: 99 score: -85.8 100 games avg: -85.8 steps 1000 
INFO : 2021-01-11 22:40:17,644 : episode: 100 score: -37.3 100 games avg: -37.3 steps 1000 
INFO : 2021-01-11 22:40:45,912 : episode: 101 score: -125.8 100 games avg: -125.8 steps 1000 
INFO : 2021-01-11 22:40:57,413 : episode: 102 score: -139.8 100 games avg: -139.8 steps 448 
INFO : 2021-01-11 22:41:10,201 : episode: 103 score: -154.8 100 games avg: -154.8 steps 497 
INFO : 2021-01-11 22:41:39,487 : episode: 104 score: -89.2 100 games avg: -89.2 steps 1000 
INFO : 2021-01-11 22:42:03,168 : episode: 105 score: 83.9 100 games avg: 83.9 steps 885 
INFO : 2021-01-11 22:42:23,951 : episode: 106 score: -258.4 100 games avg: -258.4 steps 940 
INFO : 2021-01-11 22:42:47,695 : episode: 107 score: -143.6 100 games avg: -143.6 steps 1000 
INFO : 2021-01-11 22:42:52,853 : episode: 108 score: 55.9 100 games avg: 55.9 steps 223 
INFO : 2021-01-11 22:43:21,304 : episode: 109 score: -101.3 100 games avg: -101.3 steps 1000 
INFO : 2021-01-11 22:43:47,542 : episode: 110 score: -51.8 100 games avg: -51.8 steps 1000 
INFO : 2021-01-11 22:44:12,723 : episode: 111 score: -120.5 100 games avg: -120.5 steps 1000 
INFO : 2021-01-11 22:44:38,686 : episode: 112 score: -93.7 100 games avg: -93.7 steps 1000 
INFO : 2021-01-11 22:45:04,579 : episode: 113 score: -81.0 100 games avg: -81.0 steps 1000 
INFO : 2021-01-11 22:45:31,357 : episode: 114 score: -202.5 100 games avg: -202.5 steps 973 
INFO : 2021-01-11 22:45:59,120 : episode: 115 score: -101.6 100 games avg: -101.6 steps 1000 
INFO : 2021-01-11 22:46:17,605 : episode: 116 score: -211.9 100 games avg: -211.9 steps 552 
INFO : 2021-01-11 22:46:47,034 : episode: 117 score: -107.0 100 games avg: -107.0 steps 1000 
INFO : 2021-01-11 22:47:11,143 : episode: 118 score: -64.7 100 games avg: -64.7 steps 1000 
INFO : 2021-01-11 22:47:35,032 : episode: 119 score: -50.4 100 games avg: -50.4 steps 1000 
INFO : 2021-01-11 22:47:43,381 : episode: 120 score: -51.8 100 games avg: -51.8 steps 363 
INFO : 2021-01-11 22:48:09,536 : episode: 121 score: -64.0 100 games avg: -64.0 steps 1000 
INFO : 2021-01-11 22:48:36,359 : episode: 122 score: -127.3 100 games avg: -127.3 steps 1000 
INFO : 2021-01-11 22:49:03,075 : episode: 123 score: -85.6 100 games avg: -85.6 steps 1000 
INFO : 2021-01-11 22:49:12,766 : episode: 124 score: -67.8 100 games avg: -67.8 steps 384 
INFO : 2021-01-11 22:49:38,928 : episode: 125 score: -120.0 100 games avg: -120.0 steps 1000 
INFO : 2021-01-11 22:50:03,672 : episode: 126 score: -104.4 100 games avg: -104.4 steps 1000 
INFO : 2021-01-11 22:50:28,137 : episode: 127 score: -121.7 100 games avg: -121.7 steps 1000 
INFO : 2021-01-11 22:50:58,801 : episode: 128 score: -96.1 100 games avg: -96.1 steps 1000 
INFO : 2021-01-11 22:51:34,787 : episode: 129 score: -113.9 100 games avg: -113.9 steps 1000 
INFO : 2021-01-11 22:52:09,676 : episode: 130 score: -103.7 100 games avg: -103.7 steps 1000 
INFO : 2021-01-11 22:52:43,035 : episode: 131 score: -102.0 100 games avg: -102.0 steps 1000 
INFO : 2021-01-11 22:53:09,186 : episode: 132 score: -91.2 100 games avg: -91.2 steps 1000 
INFO : 2021-01-11 22:53:33,561 : episode: 133 score: -116.0 100 games avg: -116.0 steps 1000 
INFO : 2021-01-11 22:54:00,410 : episode: 134 score: -132.9 100 games avg: -132.9 steps 1000 
INFO : 2021-01-11 22:54:26,476 : episode: 135 score: -62.8 100 games avg: -62.8 steps 1000 
INFO : 2021-01-11 22:54:51,541 : episode: 136 score: -125.9 100 games avg: -125.9 steps 1000 
INFO : 2021-01-11 22:55:17,104 : episode: 137 score: -123.4 100 games avg: -123.4 steps 1000 
INFO : 2021-01-11 22:55:43,612 : episode: 138 score: -90.3 100 games avg: -90.3 steps 1000 
INFO : 2021-01-11 22:56:09,248 : episode: 139 score: -115.4 100 games avg: -115.4 steps 1000 
INFO : 2021-01-11 22:56:34,953 : episode: 140 score: -69.9 100 games avg: -69.9 steps 1000 
INFO : 2021-01-11 22:57:00,267 : episode: 141 score: -37.5 100 games avg: -37.5 steps 1000 
INFO : 2021-01-11 22:57:26,359 : episode: 142 score: -114.8 100 games avg: -114.8 steps 1000 
INFO : 2021-01-11 22:57:54,158 : episode: 143 score: -99.3 100 games avg: -99.3 steps 1000 
INFO : 2021-01-11 22:58:19,647 : episode: 144 score: -71.0 100 games avg: -71.0 steps 1000 
INFO : 2021-01-11 22:58:45,458 : episode: 145 score: -102.6 100 games avg: -102.6 steps 1000 
INFO : 2021-01-11 22:59:11,582 : episode: 146 score: -91.4 100 games avg: -91.4 steps 1000 
INFO : 2021-01-11 22:59:36,498 : episode: 147 score: -113.7 100 games avg: -113.7 steps 1000 
INFO : 2021-01-11 22:59:59,927 : episode: 148 score: -59.8 100 games avg: -59.8 steps 1000 
INFO : 2021-01-11 23:00:26,479 : episode: 149 score: -59.1 100 games avg: -59.1 steps 1000 
INFO : 2021-01-11 23:00:53,533 : episode: 150 score: -104.5 100 games avg: -104.5 steps 1000 
INFO : 2021-01-11 23:01:18,522 : episode: 151 score: -51.0 100 games avg: -51.0 steps 1000 
INFO : 2021-01-11 23:01:43,172 : episode: 152 score: -104.5 100 games avg: -104.5 steps 1000 
INFO : 2021-01-11 23:02:06,667 : episode: 153 score: -38.3 100 games avg: -38.3 steps 1000 
INFO : 2021-01-11 23:02:32,803 : episode: 154 score: -43.4 100 games avg: -43.4 steps 1000 
INFO : 2021-01-11 23:02:58,610 : episode: 155 score: -56.2 100 games avg: -56.2 steps 1000 
INFO : 2021-01-11 23:03:23,981 : episode: 156 score: -117.8 100 games avg: -117.8 steps 1000 
INFO : 2021-01-11 23:03:48,629 : episode: 157 score: -55.7 100 games avg: -55.7 steps 1000 
INFO : 2021-01-11 23:04:13,395 : episode: 158 score: -65.0 100 games avg: -65.0 steps 1000 
INFO : 2021-01-11 23:04:38,301 : episode: 159 score: -91.2 100 games avg: -91.2 steps 1000 
INFO : 2021-01-11 23:05:02,043 : episode: 160 score: -37.9 100 games avg: -37.9 steps 1000 
INFO : 2021-01-11 23:05:27,480 : episode: 161 score: -83.3 100 games avg: -83.3 steps 1000 
INFO : 2021-01-11 23:05:52,708 : episode: 162 score: -82.9 100 games avg: -82.9 steps 1000 
INFO : 2021-01-11 23:06:16,961 : episode: 163 score: -86.1 100 games avg: -86.1 steps 1000 
INFO : 2021-01-11 23:06:42,415 : episode: 164 score: -52.5 100 games avg: -52.5 steps 1000 
INFO : 2021-01-11 23:07:10,171 : episode: 165 score: -136.2 100 games avg: -136.2 steps 1000 
INFO : 2021-01-11 23:07:35,707 : episode: 166 score: -107.9 100 games avg: -107.9 steps 1000 
INFO : 2021-01-11 23:08:04,897 : episode: 167 score: -119.4 100 games avg: -119.4 steps 1000 
INFO : 2021-01-11 23:08:32,004 : episode: 168 score: -71.8 100 games avg: -71.8 steps 1000 
INFO : 2021-01-11 23:08:58,874 : episode: 169 score: -56.5 100 games avg: -56.5 steps 1000 
INFO : 2021-01-11 23:09:25,746 : episode: 170 score: -61.0 100 games avg: -61.0 steps 1000 
INFO : 2021-01-11 23:09:50,326 : episode: 171 score: -119.2 100 games avg: -119.2 steps 1000 
INFO : 2021-01-11 23:10:14,726 : episode: 172 score: 5.2 100 games avg: 5.2 steps 1000 
INFO : 2021-01-11 23:10:39,919 : episode: 173 score: -56.1 100 games avg: -56.1 steps 1000 
INFO : 2021-01-11 23:11:04,554 : episode: 174 score: -19.8 100 games avg: -19.8 steps 1000 
INFO : 2021-01-11 23:11:29,617 : episode: 175 score: -42.2 100 games avg: -42.2 steps 1000 
INFO : 2021-01-11 23:11:53,621 : episode: 176 score: 6.2 100 games avg: 6.2 steps 1000 
INFO : 2021-01-11 23:12:18,950 : episode: 177 score: -72.4 100 games avg: -72.4 steps 1000 
INFO : 2021-01-11 23:12:45,920 : episode: 178 score: -97.6 100 games avg: -97.6 steps 1000 
INFO : 2021-01-11 23:13:11,454 : episode: 179 score: -26.2 100 games avg: -26.2 steps 1000 
INFO : 2021-01-11 23:13:36,339 : episode: 180 score: -13.8 100 games avg: -13.8 steps 1000 
INFO : 2021-01-11 23:13:44,336 : episode: 181 score: 288.6 100 games avg: 288.6 steps 309 
INFO : 2021-01-11 23:14:10,569 : episode: 182 score: -61.3 100 games avg: -61.3 steps 1000 
INFO : 2021-01-11 23:14:35,877 : episode: 183 score: -75.4 100 games avg: -75.4 steps 1000 
INFO : 2021-01-11 23:15:01,301 : episode: 184 score: -78.1 100 games avg: -78.1 steps 1000 
INFO : 2021-01-11 23:15:27,695 : episode: 185 score: -38.0 100 games avg: -38.0 steps 1000 
INFO : 2021-01-11 23:15:53,595 : episode: 186 score: -10.6 100 games avg: -10.6 steps 1000 
INFO : 2021-01-11 23:16:19,644 : episode: 187 score: 3.9 100 games avg: 3.9 steps 1000 
INFO : 2021-01-11 23:16:44,567 : episode: 188 score: -33.2 100 games avg: -33.2 steps 1000 
INFO : 2021-01-11 23:17:04,338 : episode: 189 score: 202.3 100 games avg: 202.3 steps 801 
INFO : 2021-01-11 23:17:29,250 : episode: 190 score: -96.3 100 games avg: -96.3 steps 1000 
INFO : 2021-01-11 23:17:53,632 : episode: 191 score: 170.4 100 games avg: 170.4 steps 995 
INFO : 2021-01-11 23:18:18,411 : episode: 192 score: -26.8 100 games avg: -26.8 steps 1000 
INFO : 2021-01-11 23:18:43,820 : episode: 193 score: -57.3 100 games avg: -57.3 steps 1000 
INFO : 2021-01-11 23:19:08,767 : episode: 194 score: -80.7 100 games avg: -80.7 steps 1000 
INFO : 2021-01-11 23:19:34,841 : episode: 195 score: -36.7 100 games avg: -36.7 steps 1000 
INFO : 2021-01-11 23:20:00,333 : episode: 196 score: -14.9 100 games avg: -14.9 steps 1000 
INFO : 2021-01-11 23:20:26,186 : episode: 197 score: -68.8 100 games avg: -68.8 steps 1000 
INFO : 2021-01-11 23:20:40,981 : episode: 198 score: 275.9 100 games avg: 275.9 steps 596 
INFO : 2021-01-11 23:21:05,878 : episode: 199 score: -83.4 100 games avg: -83.4 steps 1000 
