INFO : 2021-01-11 17:32:25,721 : method: Soft-Actor Critic
INFO : 2021-01-11 17:32:25,722 : parameter n_steps: 1000 ensemble_size: 5 env: Continuous_CartPole
INFO : 2021-01-11 17:32:29,019 : mpc_function policy
INFO : 2021-01-11 17:32:29,019 : policy
INFO : 2021-01-11 17:32:29,067 : episode: 0 score: 38.0 100 games avg: 38.0 steps 39 
INFO : 2021-01-11 17:32:29,119 : episode: 1 score: 44.0 100 games avg: 44.0 steps 45 
INFO : 2021-01-11 17:32:29,168 : episode: 2 score: 41.0 100 games avg: 41.0 steps 42 
INFO : 2021-01-11 17:32:29,201 : episode: 3 score: 29.0 100 games avg: 29.0 steps 30 
INFO : 2021-01-11 17:32:29,243 : episode: 4 score: 38.0 100 games avg: 38.0 steps 39 
INFO : 2021-01-11 17:32:29,292 : episode: 5 score: 44.0 100 games avg: 44.0 steps 45 
INFO : 2021-01-11 17:32:29,766 : episode: 6 score: 30.0 100 games avg: 30.0 steps 31 
INFO : 2021-01-11 17:32:30,072 : episode: 7 score: 10.0 100 games avg: 10.0 steps 11 
INFO : 2021-01-11 17:32:30,258 : episode: 8 score: 6.0 100 games avg: 6.0 steps 7 
INFO : 2021-01-11 17:32:30,939 : episode: 9 score: 23.0 100 games avg: 23.0 steps 24 
INFO : 2021-01-11 17:32:31,513 : episode: 10 score: 18.0 100 games avg: 18.0 steps 19 
INFO : 2021-01-11 17:32:31,906 : episode: 11 score: 13.0 100 games avg: 13.0 steps 14 
INFO : 2021-01-11 17:32:32,177 : episode: 12 score: 8.0 100 games avg: 8.0 steps 9 
INFO : 2021-01-11 17:32:32,388 : episode: 13 score: 6.0 100 games avg: 6.0 steps 7 
INFO : 2021-01-11 17:32:32,692 : episode: 14 score: 9.0 100 games avg: 9.0 steps 10 
INFO : 2021-01-11 17:32:32,924 : episode: 15 score: 8.0 100 games avg: 8.0 steps 9 
INFO : 2021-01-11 17:32:33,154 : episode: 16 score: 7.0 100 games avg: 7.0 steps 8 
INFO : 2021-01-11 17:32:33,366 : episode: 17 score: 6.0 100 games avg: 6.0 steps 7 
INFO : 2021-01-11 17:32:33,755 : episode: 18 score: 12.0 100 games avg: 12.0 steps 13 
INFO : 2021-01-11 17:32:33,961 : episode: 19 score: 6.0 100 games avg: 6.0 steps 7 
INFO : 2021-01-11 17:32:34,192 : episode: 20 score: 7.0 100 games avg: 7.0 steps 8 
INFO : 2021-01-11 17:32:34,373 : episode: 21 score: 6.0 100 games avg: 6.0 steps 7 
INFO : 2021-01-11 17:32:34,588 : episode: 22 score: 6.0 100 games avg: 6.0 steps 7 
INFO : 2021-01-11 17:32:34,770 : episode: 23 score: 6.0 100 games avg: 6.0 steps 7 
INFO : 2021-01-11 17:32:35,238 : episode: 24 score: 15.0 100 games avg: 15.0 steps 16 
INFO : 2021-01-11 17:32:35,554 : episode: 25 score: 10.0 100 games avg: 10.0 steps 11 
INFO : 2021-01-11 17:32:35,826 : episode: 26 score: 8.0 100 games avg: 8.0 steps 9 
INFO : 2021-01-11 17:32:36,168 : episode: 27 score: 11.0 100 games avg: 11.0 steps 12 
INFO : 2021-01-11 17:32:36,377 : episode: 28 score: 6.0 100 games avg: 6.0 steps 7 
INFO : 2021-01-11 17:32:36,611 : episode: 29 score: 7.0 100 games avg: 7.0 steps 8 
INFO : 2021-01-11 17:32:36,812 : episode: 30 score: 7.0 100 games avg: 7.0 steps 8 
INFO : 2021-01-11 17:32:37,108 : episode: 31 score: 10.0 100 games avg: 10.0 steps 11 
INFO : 2021-01-11 17:32:37,502 : episode: 32 score: 14.0 100 games avg: 14.0 steps 15 
INFO : 2021-01-11 17:32:37,739 : episode: 33 score: 7.0 100 games avg: 7.0 steps 8 
INFO : 2021-01-11 17:32:38,323 : episode: 34 score: 19.0 100 games avg: 19.0 steps 20 
INFO : 2021-01-11 17:32:38,505 : episode: 35 score: 5.0 100 games avg: 5.0 steps 6 
INFO : 2021-01-11 17:32:38,721 : episode: 36 score: 7.0 100 games avg: 7.0 steps 8 
INFO : 2021-01-11 17:32:38,949 : episode: 37 score: 7.0 100 games avg: 7.0 steps 8 
INFO : 2021-01-11 17:32:39,241 : episode: 38 score: 9.0 100 games avg: 9.0 steps 10 
INFO : 2021-01-11 17:32:39,457 : episode: 39 score: 6.0 100 games avg: 6.0 steps 7 
INFO : 2021-01-11 17:32:39,694 : episode: 40 score: 7.0 100 games avg: 7.0 steps 8 
INFO : 2021-01-11 17:32:40,050 : episode: 41 score: 12.0 100 games avg: 12.0 steps 13 
INFO : 2021-01-11 17:32:40,224 : episode: 42 score: 6.0 100 games avg: 6.0 steps 7 
INFO : 2021-01-11 17:32:40,592 : episode: 43 score: 12.0 100 games avg: 12.0 steps 13 
INFO : 2021-01-11 17:32:40,877 : episode: 44 score: 9.0 100 games avg: 9.0 steps 10 
INFO : 2021-01-11 17:32:41,294 : episode: 45 score: 14.0 100 games avg: 14.0 steps 15 
INFO : 2021-01-11 17:32:41,559 : episode: 46 score: 8.0 100 games avg: 8.0 steps 9 
INFO : 2021-01-11 17:32:42,139 : episode: 47 score: 20.0 100 games avg: 20.0 steps 21 
INFO : 2021-01-11 17:32:42,720 : episode: 48 score: 19.0 100 games avg: 19.0 steps 20 
INFO : 2021-01-11 17:32:43,040 : episode: 49 score: 12.0 100 games avg: 12.0 steps 13 
INFO : 2021-01-11 17:32:43,324 : episode: 50 score: 10.0 100 games avg: 10.0 steps 11 
INFO : 2021-01-11 17:32:44,222 : episode: 51 score: 30.0 100 games avg: 30.0 steps 31 
INFO : 2021-01-11 17:32:44,722 : episode: 52 score: 17.0 100 games avg: 17.0 steps 18 
INFO : 2021-01-11 17:32:44,888 : episode: 53 score: 6.0 100 games avg: 6.0 steps 7 
INFO : 2021-01-11 17:32:45,115 : episode: 54 score: 7.0 100 games avg: 7.0 steps 8 
INFO : 2021-01-11 17:32:45,963 : episode: 55 score: 30.0 100 games avg: 30.0 steps 31 
INFO : 2021-01-11 17:32:46,557 : episode: 56 score: 22.0 100 games avg: 22.0 steps 23 
INFO : 2021-01-11 17:32:47,445 : episode: 57 score: 31.0 100 games avg: 31.0 steps 32 
INFO : 2021-01-11 17:32:48,160 : episode: 58 score: 24.0 100 games avg: 24.0 steps 25 
INFO : 2021-01-11 17:32:49,911 : episode: 59 score: 58.0 100 games avg: 58.0 steps 59 
INFO : 2021-01-11 17:32:50,484 : episode: 60 score: 18.0 100 games avg: 18.0 steps 19 
INFO : 2021-01-11 17:32:51,463 : episode: 61 score: 34.0 100 games avg: 34.0 steps 35 
INFO : 2021-01-11 17:32:52,461 : episode: 62 score: 34.0 100 games avg: 34.0 steps 35 
INFO : 2021-01-11 17:32:53,307 : episode: 63 score: 27.0 100 games avg: 27.0 steps 28 
INFO : 2021-01-11 17:32:54,063 : episode: 64 score: 24.0 100 games avg: 24.0 steps 25 
INFO : 2021-01-11 17:32:55,482 : episode: 65 score: 47.0 100 games avg: 47.0 steps 48 
INFO : 2021-01-11 17:32:57,881 : episode: 66 score: 80.0 100 games avg: 80.0 steps 81 
INFO : 2021-01-11 17:33:02,414 : episode: 67 score: 159.0 100 games avg: 159.0 steps 160 
INFO : 2021-01-11 17:33:08,036 : episode: 68 score: 200.0 100 games avg: 200.0 steps 201 
INFO : 2021-01-11 17:33:13,748 : episode: 69 score: 200.0 100 games avg: 200.0 steps 201 
INFO : 2021-01-11 17:33:18,744 : episode: 70 score: 176.0 100 games avg: 176.0 steps 177 
INFO : 2021-01-11 17:33:22,916 : episode: 71 score: 153.0 100 games avg: 153.0 steps 154 
INFO : 2021-01-11 17:33:26,884 : episode: 72 score: 141.0 100 games avg: 141.0 steps 142 
INFO : 2021-01-11 17:33:31,926 : episode: 73 score: 180.0 100 games avg: 180.0 steps 181 
INFO : 2021-01-11 17:33:37,131 : episode: 74 score: 180.0 100 games avg: 180.0 steps 181 
INFO : 2021-01-11 17:33:42,749 : episode: 75 score: 200.0 100 games avg: 200.0 steps 201 
INFO : 2021-01-11 17:33:48,441 : episode: 76 score: 200.0 100 games avg: 200.0 steps 201 
INFO : 2021-01-11 17:33:52,865 : episode: 77 score: 154.0 100 games avg: 154.0 steps 155 
INFO : 2021-01-11 17:33:57,003 : episode: 78 score: 142.0 100 games avg: 142.0 steps 143 
INFO : 2021-01-11 17:34:02,047 : episode: 79 score: 182.0 100 games avg: 182.0 steps 183 
INFO : 2021-01-11 17:34:07,337 : episode: 80 score: 189.0 100 games avg: 189.0 steps 190 
INFO : 2021-01-11 17:34:12,017 : episode: 81 score: 161.0 100 games avg: 161.0 steps 162 
INFO : 2021-01-11 17:34:17,472 : episode: 82 score: 191.0 100 games avg: 191.0 steps 192 
INFO : 2021-01-11 17:34:22,013 : episode: 83 score: 161.0 100 games avg: 161.0 steps 162 
INFO : 2021-01-11 17:34:26,658 : episode: 84 score: 168.0 100 games avg: 168.0 steps 169 
INFO : 2021-01-11 17:34:31,248 : episode: 85 score: 162.0 100 games avg: 162.0 steps 163 
INFO : 2021-01-11 17:34:36,608 : episode: 86 score: 187.0 100 games avg: 187.0 steps 188 
INFO : 2021-01-11 17:34:41,902 : episode: 87 score: 179.0 100 games avg: 179.0 steps 180 
INFO : 2021-01-11 17:34:46,462 : episode: 88 score: 179.0 100 games avg: 179.0 steps 180 
INFO : 2021-01-11 17:34:50,237 : episode: 89 score: 152.0 100 games avg: 152.0 steps 153 
INFO : 2021-01-11 17:34:54,999 : episode: 90 score: 200.0 100 games avg: 200.0 steps 201 
INFO : 2021-01-11 17:34:59,925 : episode: 91 score: 200.0 100 games avg: 200.0 steps 201 
INFO : 2021-01-11 17:35:04,702 : episode: 92 score: 200.0 100 games avg: 200.0 steps 201 
INFO : 2021-01-11 17:35:09,546 : episode: 93 score: 200.0 100 games avg: 200.0 steps 201 
INFO : 2021-01-11 17:35:13,886 : episode: 94 score: 179.0 100 games avg: 179.0 steps 180 
INFO : 2021-01-11 17:35:18,101 : episode: 95 score: 180.0 100 games avg: 180.0 steps 181 
INFO : 2021-01-11 17:35:22,039 : episode: 96 score: 158.0 100 games avg: 158.0 steps 159 
INFO : 2021-01-11 17:35:26,970 : episode: 97 score: 200.0 100 games avg: 200.0 steps 201 
INFO : 2021-01-11 17:35:30,720 : episode: 98 score: 155.0 100 games avg: 155.0 steps 156 
INFO : 2021-01-11 17:35:34,752 : episode: 99 score: 165.0 100 games avg: 165.0 steps 166 
INFO : 2021-01-11 17:35:39,574 : episode: 100 score: 200.0 100 games avg: 200.0 steps 201 
