INFO : 2021-01-11 17:34:45,647 : method: Soft-Actor Critic
INFO : 2021-01-11 17:34:45,647 : parameter n_steps: 100 ensemble_size: 5 env: Continuous_CartPole
INFO : 2021-01-11 17:34:49,034 : mpc_function policy
INFO : 2021-01-11 17:34:49,035 : sac
INFO : 2021-01-11 17:34:49,067 : episode: 0 score: 25.0 100 games avg: 25.0 steps 26 
INFO : 2021-01-11 17:34:49,094 : episode: 1 score: 22.0 100 games avg: 22.0 steps 23 
INFO : 2021-01-11 17:34:49,117 : episode: 2 score: 18.0 100 games avg: 18.0 steps 19 
INFO : 2021-01-11 17:34:49,142 : episode: 3 score: 21.0 100 games avg: 21.0 steps 22 
INFO : 2021-01-11 17:34:49,183 : episode: 4 score: 36.0 100 games avg: 36.0 steps 37 
INFO : 2021-01-11 17:34:49,204 : episode: 5 score: 24.0 100 games avg: 24.0 steps 25 
INFO : 2021-01-11 17:34:49,229 : episode: 6 score: 28.0 100 games avg: 28.0 steps 29 
INFO : 2021-01-11 17:34:49,257 : episode: 7 score: 27.0 100 games avg: 27.0 steps 28 
INFO : 2021-01-11 17:34:49,280 : episode: 8 score: 20.0 100 games avg: 20.0 steps 21 
INFO : 2021-01-11 17:34:49,356 : episode: 9 score: 26.0 100 games avg: 26.0 steps 27 
INFO : 2021-01-11 17:34:50,294 : episode: 10 score: 37.0 100 games avg: 37.0 steps 38 
INFO : 2021-01-11 17:34:50,601 : episode: 11 score: 11.0 100 games avg: 11.0 steps 12 
INFO : 2021-01-11 17:34:51,386 : episode: 12 score: 31.0 100 games avg: 31.0 steps 32 
INFO : 2021-01-11 17:34:51,660 : episode: 13 score: 9.0 100 games avg: 9.0 steps 10 
INFO : 2021-01-11 17:34:51,895 : episode: 14 score: 11.0 100 games avg: 11.0 steps 12 
INFO : 2021-01-11 17:34:52,232 : episode: 15 score: 12.0 100 games avg: 12.0 steps 13 
INFO : 2021-01-11 17:34:52,532 : episode: 16 score: 11.0 100 games avg: 11.0 steps 12 
INFO : 2021-01-11 17:34:52,829 : episode: 17 score: 11.0 100 games avg: 11.0 steps 12 
INFO : 2021-01-11 17:34:53,222 : episode: 18 score: 14.0 100 games avg: 14.0 steps 15 
INFO : 2021-01-11 17:34:53,447 : episode: 19 score: 9.0 100 games avg: 9.0 steps 10 
INFO : 2021-01-11 17:34:53,667 : episode: 20 score: 8.0 100 games avg: 8.0 steps 9 
INFO : 2021-01-11 17:34:53,909 : episode: 21 score: 10.0 100 games avg: 10.0 steps 11 
INFO : 2021-01-11 17:34:54,430 : episode: 22 score: 21.0 100 games avg: 21.0 steps 22 
INFO : 2021-01-11 17:34:54,606 : episode: 23 score: 7.0 100 games avg: 7.0 steps 8 
INFO : 2021-01-11 17:34:54,811 : episode: 24 score: 7.0 100 games avg: 7.0 steps 8 
INFO : 2021-01-11 17:34:55,531 : episode: 25 score: 29.0 100 games avg: 29.0 steps 30 
INFO : 2021-01-11 17:34:55,763 : episode: 26 score: 10.0 100 games avg: 10.0 steps 11 
INFO : 2021-01-11 17:34:55,951 : episode: 27 score: 6.0 100 games avg: 6.0 steps 7 
INFO : 2021-01-11 17:34:56,204 : episode: 28 score: 10.0 100 games avg: 10.0 steps 11 
INFO : 2021-01-11 17:34:56,613 : episode: 29 score: 17.0 100 games avg: 17.0 steps 18 
INFO : 2021-01-11 17:34:56,884 : episode: 30 score: 10.0 100 games avg: 10.0 steps 11 
INFO : 2021-01-11 17:34:57,097 : episode: 31 score: 7.0 100 games avg: 7.0 steps 8 
INFO : 2021-01-11 17:34:57,412 : episode: 32 score: 11.0 100 games avg: 11.0 steps 12 
INFO : 2021-01-11 17:34:57,642 : episode: 33 score: 9.0 100 games avg: 9.0 steps 10 
INFO : 2021-01-11 17:34:57,968 : episode: 34 score: 12.0 100 games avg: 12.0 steps 13 
INFO : 2021-01-11 17:34:58,363 : episode: 35 score: 15.0 100 games avg: 15.0 steps 16 
INFO : 2021-01-11 17:34:58,772 : episode: 36 score: 16.0 100 games avg: 16.0 steps 17 
INFO : 2021-01-11 17:34:59,239 : episode: 37 score: 17.0 100 games avg: 17.0 steps 18 
INFO : 2021-01-11 17:34:59,492 : episode: 38 score: 10.0 100 games avg: 10.0 steps 11 
INFO : 2021-01-11 17:35:00,197 : episode: 39 score: 27.0 100 games avg: 27.0 steps 28 
INFO : 2021-01-11 17:35:01,036 : episode: 40 score: 35.0 100 games avg: 35.0 steps 36 
INFO : 2021-01-11 17:35:01,371 : episode: 41 score: 11.0 100 games avg: 11.0 steps 12 
INFO : 2021-01-11 17:35:01,698 : episode: 42 score: 12.0 100 games avg: 12.0 steps 13 
INFO : 2021-01-11 17:35:02,091 : episode: 43 score: 15.0 100 games avg: 15.0 steps 16 
INFO : 2021-01-11 17:35:02,579 : episode: 44 score: 20.0 100 games avg: 20.0 steps 21 
INFO : 2021-01-11 17:35:02,921 : episode: 45 score: 12.0 100 games avg: 12.0 steps 13 
INFO : 2021-01-11 17:35:05,202 : episode: 46 score: 91.0 100 games avg: 91.0 steps 92 
INFO : 2021-01-11 17:35:06,697 : episode: 47 score: 59.0 100 games avg: 59.0 steps 60 
INFO : 2021-01-11 17:35:10,335 : episode: 48 score: 146.0 100 games avg: 146.0 steps 147 
INFO : 2021-01-11 17:35:13,897 : episode: 49 score: 143.0 100 games avg: 143.0 steps 144 
INFO : 2021-01-11 17:35:17,397 : episode: 50 score: 143.0 100 games avg: 143.0 steps 144 
INFO : 2021-01-11 17:35:20,750 : episode: 51 score: 133.0 100 games avg: 133.0 steps 134 
INFO : 2021-01-11 17:35:25,037 : episode: 52 score: 172.0 100 games avg: 172.0 steps 173 
INFO : 2021-01-11 17:35:30,024 : episode: 53 score: 200.0 100 games avg: 200.0 steps 201 
INFO : 2021-01-11 17:35:34,442 : episode: 54 score: 180.0 100 games avg: 180.0 steps 181 
INFO : 2021-01-11 17:35:39,221 : episode: 55 score: 200.0 100 games avg: 200.0 steps 201 
INFO : 2021-01-11 17:35:44,623 : episode: 56 score: 200.0 100 games avg: 200.0 steps 201 
INFO : 2021-01-11 17:35:49,647 : episode: 57 score: 200.0 100 games avg: 200.0 steps 201 
INFO : 2021-01-11 17:35:54,388 : episode: 58 score: 189.0 100 games avg: 189.0 steps 190 
INFO : 2021-01-11 17:35:59,472 : episode: 59 score: 200.0 100 games avg: 200.0 steps 201 
INFO : 2021-01-11 17:36:04,034 : episode: 60 score: 200.0 100 games avg: 200.0 steps 201 
INFO : 2021-01-11 17:36:08,009 : episode: 61 score: 161.0 100 games avg: 161.0 steps 162 
INFO : 2021-01-11 17:36:11,942 : episode: 62 score: 159.0 100 games avg: 159.0 steps 160 
INFO : 2021-01-11 17:36:16,891 : episode: 63 score: 200.0 100 games avg: 200.0 steps 201 
INFO : 2021-01-11 17:36:20,259 : episode: 64 score: 136.0 100 games avg: 136.0 steps 137 
INFO : 2021-01-11 17:36:24,737 : episode: 65 score: 178.0 100 games avg: 178.0 steps 179 
INFO : 2021-01-11 17:36:29,679 : episode: 66 score: 200.0 100 games avg: 200.0 steps 201 
INFO : 2021-01-11 17:36:33,507 : episode: 67 score: 153.0 100 games avg: 153.0 steps 154 
INFO : 2021-01-11 17:36:38,085 : episode: 68 score: 184.0 100 games avg: 184.0 steps 185 
INFO : 2021-01-11 17:36:42,658 : episode: 69 score: 188.0 100 games avg: 188.0 steps 189 
INFO : 2021-01-11 17:36:47,618 : episode: 70 score: 200.0 100 games avg: 200.0 steps 201 
INFO : 2021-01-11 17:36:52,552 : episode: 71 score: 200.0 100 games avg: 200.0 steps 201 
INFO : 2021-01-11 17:36:56,282 : episode: 72 score: 152.0 100 games avg: 152.0 steps 153 
INFO : 2021-01-11 17:37:01,257 : episode: 73 score: 200.0 100 games avg: 200.0 steps 201 
INFO : 2021-01-11 17:37:05,277 : episode: 74 score: 166.0 100 games avg: 166.0 steps 167 
INFO : 2021-01-11 17:37:10,193 : episode: 75 score: 200.0 100 games avg: 200.0 steps 201 
INFO : 2021-01-11 17:37:14,384 : episode: 76 score: 177.0 100 games avg: 177.0 steps 178 
INFO : 2021-01-11 17:37:19,341 : episode: 77 score: 200.0 100 games avg: 200.0 steps 201 
INFO : 2021-01-11 17:37:24,233 : episode: 78 score: 200.0 100 games avg: 200.0 steps 201 
INFO : 2021-01-11 17:37:29,093 : episode: 79 score: 191.0 100 games avg: 191.0 steps 192 
INFO : 2021-01-11 17:37:32,988 : episode: 80 score: 158.0 100 games avg: 158.0 steps 159 
INFO : 2021-01-11 17:37:37,876 : episode: 81 score: 199.0 100 games avg: 199.0 steps 200 
INFO : 2021-01-11 17:37:41,761 : episode: 82 score: 153.0 100 games avg: 153.0 steps 154 
INFO : 2021-01-11 17:37:45,964 : episode: 83 score: 170.0 100 games avg: 170.0 steps 171 
INFO : 2021-01-11 17:37:50,954 : episode: 84 score: 200.0 100 games avg: 200.0 steps 201 
INFO : 2021-01-11 17:37:53,552 : episode: 85 score: 117.0 100 games avg: 117.0 steps 118 
INFO : 2021-01-11 17:37:57,078 : episode: 86 score: 141.0 100 games avg: 141.0 steps 142 
INFO : 2021-01-11 17:38:00,602 : episode: 87 score: 141.0 100 games avg: 141.0 steps 142 
INFO : 2021-01-11 17:38:05,587 : episode: 88 score: 200.0 100 games avg: 200.0 steps 201 
INFO : 2021-01-11 17:38:09,934 : episode: 89 score: 174.0 100 games avg: 174.0 steps 175 
INFO : 2021-01-11 17:38:14,901 : episode: 90 score: 200.0 100 games avg: 200.0 steps 201 
INFO : 2021-01-11 17:38:18,360 : episode: 91 score: 139.0 100 games avg: 139.0 steps 140 
INFO : 2021-01-11 17:38:21,804 : episode: 92 score: 142.0 100 games avg: 142.0 steps 143 
INFO : 2021-01-11 17:38:25,069 : episode: 93 score: 133.0 100 games avg: 133.0 steps 134 
INFO : 2021-01-11 17:38:29,300 : episode: 94 score: 175.0 100 games avg: 175.0 steps 176 
INFO : 2021-01-11 17:38:32,533 : episode: 95 score: 133.0 100 games avg: 133.0 steps 134 
INFO : 2021-01-11 17:38:36,354 : episode: 96 score: 152.0 100 games avg: 152.0 steps 153 
INFO : 2021-01-11 17:38:39,773 : episode: 97 score: 133.0 100 games avg: 133.0 steps 134 
INFO : 2021-01-11 17:38:43,448 : episode: 98 score: 130.0 100 games avg: 130.0 steps 131 
INFO : 2021-01-11 17:38:47,064 : episode: 99 score: 122.0 100 games avg: 122.0 steps 123 
