INFO : 2021-01-21 02:45:39,670 : method: Soft-Actor Critic
INFO : 2021-01-21 02:45:39,671 : parameter n_steps: 100 ensemble_size: 5 env: HalfCheetah-v2
INFO : 2021-01-21 02:45:42,902 : mpc_function policy
INFO : 2021-01-21 02:45:42,902 : sac
INFO : 2021-01-21 02:45:57,908 : episode: 0 score: -145.4 100 games avg: -145.4 steps 1000 
INFO : 2021-01-21 02:46:17,377 : episode: 1 score: -239.6 100 games avg: -239.6 steps 1000 
INFO : 2021-01-21 02:46:37,134 : episode: 2 score: -214.6 100 games avg: -214.6 steps 1000 
INFO : 2021-01-21 02:46:56,492 : episode: 3 score: -138.4 100 games avg: -138.4 steps 1000 
INFO : 2021-01-21 02:47:13,740 : episode: 4 score: -241.9 100 games avg: -241.9 steps 1000 
INFO : 2021-01-21 02:47:30,724 : episode: 5 score: -182.4 100 games avg: -182.4 steps 1000 
INFO : 2021-01-21 02:47:48,986 : episode: 6 score: -169.5 100 games avg: -169.5 steps 1000 
INFO : 2021-01-21 02:48:08,719 : episode: 7 score: -183.2 100 games avg: -183.2 steps 1000 
INFO : 2021-01-21 02:48:28,437 : episode: 8 score: -156.8 100 games avg: -156.8 steps 1000 
INFO : 2021-01-21 02:48:48,436 : episode: 9 score: -66.3 100 games avg: -66.3 steps 1000 
INFO : 2021-01-21 02:49:08,288 : episode: 10 score: -140.3 100 games avg: -140.3 steps 1000 
INFO : 2021-01-21 02:49:28,119 : episode: 11 score: -142.5 100 games avg: -142.5 steps 1000 
INFO : 2021-01-21 02:49:47,818 : episode: 12 score: -129.5 100 games avg: -129.5 steps 1000 
INFO : 2021-01-21 02:50:05,105 : episode: 13 score: -178.7 100 games avg: -178.7 steps 1000 
INFO : 2021-01-21 02:50:21,978 : episode: 14 score: -122.0 100 games avg: -122.0 steps 1000 
INFO : 2021-01-21 02:50:40,368 : episode: 15 score: -145.7 100 games avg: -145.7 steps 1000 
INFO : 2021-01-21 02:51:00,115 : episode: 16 score: -58.8 100 games avg: -58.8 steps 1000 
INFO : 2021-01-21 02:51:19,805 : episode: 17 score: -102.7 100 games avg: -102.7 steps 1000 
INFO : 2021-01-21 02:51:39,196 : episode: 18 score: -81.3 100 games avg: -81.3 steps 1000 
INFO : 2021-01-21 02:51:59,153 : episode: 19 score: -36.3 100 games avg: -36.3 steps 1000 
INFO : 2021-01-21 02:52:18,803 : episode: 20 score: -96.1 100 games avg: -96.1 steps 1000 
INFO : 2021-01-21 02:52:38,765 : episode: 21 score: -58.8 100 games avg: -58.8 steps 1000 
INFO : 2021-01-21 02:52:58,616 : episode: 22 score: -28.7 100 games avg: -28.7 steps 1000 
INFO : 2021-01-21 02:53:15,824 : episode: 23 score: 17.1 100 games avg: 17.1 steps 1000 
INFO : 2021-01-21 02:53:32,793 : episode: 24 score: -16.6 100 games avg: -16.6 steps 1000 
INFO : 2021-01-21 02:53:51,137 : episode: 25 score: 26.0 100 games avg: 26.0 steps 1000 
INFO : 2021-01-21 02:54:10,680 : episode: 26 score: 58.5 100 games avg: 58.5 steps 1000 
INFO : 2021-01-21 02:54:28,275 : episode: 27 score: 88.5 100 games avg: 88.5 steps 1000 
INFO : 2021-01-21 02:54:45,222 : episode: 28 score: 124.2 100 games avg: 124.2 steps 1000 
INFO : 2021-01-21 02:55:03,481 : episode: 29 score: 136.7 100 games avg: 136.7 steps 1000 
INFO : 2021-01-21 02:55:23,267 : episode: 30 score: 214.7 100 games avg: 214.7 steps 1000 
INFO : 2021-01-21 02:55:42,850 : episode: 31 score: 132.5 100 games avg: 132.5 steps 1000 
INFO : 2021-01-21 02:56:03,037 : episode: 32 score: 221.0 100 games avg: 221.0 steps 1000 
INFO : 2021-01-21 02:56:22,910 : episode: 33 score: 267.1 100 games avg: 267.1 steps 1000 
INFO : 2021-01-21 02:56:42,840 : episode: 34 score: 310.9 100 games avg: 310.9 steps 1000 
INFO : 2021-01-21 02:57:00,831 : episode: 35 score: 395.5 100 games avg: 395.5 steps 1000 
INFO : 2021-01-21 02:57:17,705 : episode: 36 score: 468.4 100 games avg: 468.4 steps 1000 
INFO : 2021-01-21 02:57:35,292 : episode: 37 score: 472.0 100 games avg: 472.0 steps 1000 
INFO : 2021-01-21 02:57:55,256 : episode: 38 score: 574.3 100 games avg: 574.3 steps 1000 
INFO : 2021-01-21 02:58:15,231 : episode: 39 score: 505.4 100 games avg: 505.4 steps 1000 
INFO : 2021-01-21 02:58:34,866 : episode: 40 score: 654.3 100 games avg: 654.3 steps 1000 
INFO : 2021-01-21 02:58:54,814 : episode: 41 score: 575.9 100 games avg: 575.9 steps 1000 
INFO : 2021-01-21 02:59:13,765 : episode: 42 score: 656.7 100 games avg: 656.7 steps 1000 
INFO : 2021-01-21 02:59:30,849 : episode: 43 score: 619.6 100 games avg: 619.6 steps 1000 
INFO : 2021-01-21 02:59:47,792 : episode: 44 score: 705.3 100 games avg: 705.3 steps 1000 
INFO : 2021-01-21 03:00:07,559 : episode: 45 score: 687.8 100 games avg: 687.8 steps 1000 
INFO : 2021-01-21 03:00:27,076 : episode: 46 score: 803.5 100 games avg: 803.5 steps 1000 
INFO : 2021-01-21 03:00:46,676 : episode: 47 score: 795.3 100 games avg: 795.3 steps 1000 
INFO : 2021-01-21 03:01:06,648 : episode: 48 score: 736.3 100 games avg: 736.3 steps 1000 
INFO : 2021-01-21 03:01:23,487 : episode: 49 score: 853.1 100 games avg: 853.1 steps 1000 
INFO : 2021-01-21 03:01:40,465 : episode: 50 score: 727.8 100 games avg: 727.8 steps 1000 
INFO : 2021-01-21 03:01:59,144 : episode: 51 score: 782.8 100 games avg: 782.8 steps 1000 
INFO : 2021-01-21 03:02:18,343 : episode: 52 score: 854.9 100 games avg: 854.9 steps 1000 
INFO : 2021-01-21 03:02:35,196 : episode: 53 score: 782.5 100 games avg: 782.5 steps 1000 
INFO : 2021-01-21 03:02:52,473 : episode: 54 score: 797.0 100 games avg: 797.0 steps 1000 
INFO : 2021-01-21 03:03:11,354 : episode: 55 score: 760.3 100 games avg: 760.3 steps 1000 
INFO : 2021-01-21 03:03:31,175 : episode: 56 score: 857.7 100 games avg: 857.7 steps 1000 
INFO : 2021-01-21 03:03:50,719 : episode: 57 score: 834.6 100 games avg: 834.6 steps 1000 
INFO : 2021-01-21 03:04:10,324 : episode: 58 score: 804.4 100 games avg: 804.4 steps 1000 
INFO : 2021-01-21 03:04:29,525 : episode: 59 score: 854.0 100 games avg: 854.0 steps 1000 
INFO : 2021-01-21 03:04:49,287 : episode: 60 score: 698.9 100 games avg: 698.9 steps 1000 
INFO : 2021-01-21 03:05:07,003 : episode: 61 score: 905.0 100 games avg: 905.0 steps 1000 
INFO : 2021-01-21 03:05:23,897 : episode: 62 score: 867.5 100 games avg: 867.5 steps 1000 
INFO : 2021-01-21 03:05:41,930 : episode: 63 score: 798.2 100 games avg: 798.2 steps 1000 
INFO : 2021-01-21 03:06:01,734 : episode: 64 score: 902.1 100 games avg: 902.1 steps 1000 
INFO : 2021-01-21 03:06:21,442 : episode: 65 score: 864.6 100 games avg: 864.6 steps 1000 
INFO : 2021-01-21 03:06:41,068 : episode: 66 score: 858.7 100 games avg: 858.7 steps 1000 
INFO : 2021-01-21 03:07:00,923 : episode: 67 score: 803.5 100 games avg: 803.5 steps 1000 
INFO : 2021-01-21 03:07:19,815 : episode: 68 score: 607.8 100 games avg: 607.8 steps 1000 
INFO : 2021-01-21 03:07:36,731 : episode: 69 score: 735.8 100 games avg: 735.8 steps 1000 
INFO : 2021-01-21 03:07:53,692 : episode: 70 score: 659.7 100 games avg: 659.7 steps 1000 
INFO : 2021-01-21 03:08:13,141 : episode: 71 score: 768.4 100 games avg: 768.4 steps 1000 
INFO : 2021-01-21 03:08:32,820 : episode: 72 score: 888.7 100 games avg: 888.7 steps 1000 
INFO : 2021-01-21 03:08:52,502 : episode: 73 score: 915.2 100 games avg: 915.2 steps 1000 
INFO : 2021-01-21 03:09:11,793 : episode: 74 score: 845.7 100 games avg: 845.7 steps 1000 
INFO : 2021-01-21 03:09:31,763 : episode: 75 score: 863.9 100 games avg: 863.9 steps 1000 
INFO : 2021-01-21 03:09:51,618 : episode: 76 score: 882.5 100 games avg: 882.5 steps 1000 
INFO : 2021-01-21 03:10:11,658 : episode: 77 score: 830.1 100 games avg: 830.1 steps 1000 
INFO : 2021-01-21 03:10:29,941 : episode: 78 score: 902.1 100 games avg: 902.1 steps 1000 
INFO : 2021-01-21 03:10:46,779 : episode: 79 score: 803.3 100 games avg: 803.3 steps 1000 
INFO : 2021-01-21 03:11:04,232 : episode: 80 score: 954.2 100 games avg: 954.2 steps 1000 
INFO : 2021-01-21 03:11:24,142 : episode: 81 score: 921.2 100 games avg: 921.2 steps 1000 
INFO : 2021-01-21 03:11:42,258 : episode: 82 score: 929.5 100 games avg: 929.5 steps 1000 
INFO : 2021-01-21 03:11:59,194 : episode: 83 score: 921.2 100 games avg: 921.2 steps 1000 
INFO : 2021-01-21 03:12:16,893 : episode: 84 score: 926.9 100 games avg: 926.9 steps 1000 
INFO : 2021-01-21 03:12:36,352 : episode: 85 score: 971.3 100 games avg: 971.3 steps 1000 
INFO : 2021-01-21 03:12:55,973 : episode: 86 score: 1005.6 100 games avg: 1005.6 steps 1000 
INFO : 2021-01-21 03:13:15,722 : episode: 87 score: 862.4 100 games avg: 862.4 steps 1000 
INFO : 2021-01-21 03:13:35,723 : episode: 88 score: 952.8 100 games avg: 952.8 steps 1000 
INFO : 2021-01-21 03:13:55,587 : episode: 89 score: 992.3 100 games avg: 992.3 steps 1000 
INFO : 2021-01-21 03:14:15,335 : episode: 90 score: 1011.1 100 games avg: 1011.1 steps 1000 
INFO : 2021-01-21 03:14:34,271 : episode: 91 score: 1002.8 100 games avg: 1002.8 steps 1000 
INFO : 2021-01-21 03:14:51,199 : episode: 92 score: 995.1 100 games avg: 995.1 steps 1000 
INFO : 2021-01-21 03:15:08,134 : episode: 93 score: 1009.7 100 games avg: 1009.7 steps 1000 
INFO : 2021-01-21 03:15:27,587 : episode: 94 score: 955.8 100 games avg: 955.8 steps 1000 
INFO : 2021-01-21 03:15:47,024 : episode: 95 score: 926.5 100 games avg: 926.5 steps 1000 
INFO : 2021-01-21 03:16:04,024 : episode: 96 score: 920.5 100 games avg: 920.5 steps 1000 
INFO : 2021-01-21 03:16:21,076 : episode: 97 score: 925.6 100 games avg: 925.6 steps 1000 
INFO : 2021-01-21 03:16:40,064 : episode: 98 score: 984.3 100 games avg: 984.3 steps 1000 
INFO : 2021-01-21 03:16:59,342 : episode: 99 score: 428.9 100 games avg: 428.9 steps 1000 
