INFO : 2020-12-24 12:42:29,863 : method: Soft-Actor Critic
INFO : 2020-12-24 12:42:29,864 : parameter n_steps: 100 ensemble_size: 5 env: HalfCheetah-v2
INFO : 2020-12-24 12:42:32,430 : mpc_function policy
INFO : 2020-12-24 12:42:43,179 : episode: 0 score: -230.0 100 games avg: -230.0 steps 1000 
INFO : 2020-12-24 12:42:56,978 : episode: 1 score: -117.3 100 games avg: -117.3 steps 1000 
INFO : 2020-12-24 12:43:10,983 : episode: 2 score: -234.6 100 games avg: -234.6 steps 1000 
INFO : 2020-12-24 12:43:25,115 : episode: 3 score: -30.5 100 games avg: -30.5 steps 1000 
INFO : 2020-12-24 12:43:39,296 : episode: 4 score: -150.4 100 games avg: -150.4 steps 1000 
INFO : 2020-12-24 12:43:53,423 : episode: 5 score: -144.5 100 games avg: -144.5 steps 1000 
INFO : 2020-12-24 12:44:07,577 : episode: 6 score: -136.3 100 games avg: -136.3 steps 1000 
INFO : 2020-12-24 12:44:21,753 : episode: 7 score: -222.8 100 games avg: -222.8 steps 1000 
INFO : 2020-12-24 12:44:35,949 : episode: 8 score: -191.2 100 games avg: -191.2 steps 1000 
INFO : 2020-12-24 12:44:50,126 : episode: 9 score: -115.4 100 games avg: -115.4 steps 1000 
INFO : 2020-12-24 12:45:04,275 : episode: 10 score: 12.3 100 games avg: 12.3 steps 1000 
INFO : 2020-12-24 12:45:18,502 : episode: 11 score: 123.7 100 games avg: 123.7 steps 1000 
INFO : 2020-12-24 12:45:32,691 : episode: 12 score: 127.8 100 games avg: 127.8 steps 1000 
INFO : 2020-12-24 12:45:46,878 : episode: 13 score: 232.2 100 games avg: 232.2 steps 1000 
INFO : 2020-12-24 12:46:01,071 : episode: 14 score: 225.4 100 games avg: 225.4 steps 1000 
INFO : 2020-12-24 12:46:15,257 : episode: 15 score: -223.7 100 games avg: -223.7 steps 1000 
INFO : 2020-12-24 12:46:29,437 : episode: 16 score: -144.4 100 games avg: -144.4 steps 1000 
INFO : 2020-12-24 12:46:43,620 : episode: 17 score: 437.3 100 games avg: 437.3 steps 1000 
INFO : 2020-12-24 12:46:57,793 : episode: 18 score: -148.8 100 games avg: -148.8 steps 1000 
INFO : 2020-12-24 12:47:11,971 : episode: 19 score: 426.8 100 games avg: 426.8 steps 1000 
INFO : 2020-12-24 12:47:26,154 : episode: 20 score: -53.1 100 games avg: -53.1 steps 1000 
INFO : 2020-12-24 12:47:40,339 : episode: 21 score: 18.1 100 games avg: 18.1 steps 1000 
INFO : 2020-12-24 12:47:54,516 : episode: 22 score: -170.8 100 games avg: -170.8 steps 1000 
INFO : 2020-12-24 12:48:08,652 : episode: 23 score: 147.2 100 games avg: 147.2 steps 1000 
INFO : 2020-12-24 12:48:22,853 : episode: 24 score: 857.9 100 games avg: 857.9 steps 1000 
INFO : 2020-12-24 12:48:37,031 : episode: 25 score: 526.4 100 games avg: 526.4 steps 1000 
INFO : 2020-12-24 12:48:51,226 : episode: 26 score: 1022.6 100 games avg: 1022.6 steps 1000 
INFO : 2020-12-24 12:49:05,387 : episode: 27 score: 1111.0 100 games avg: 1111.0 steps 1000 
INFO : 2020-12-24 12:49:19,588 : episode: 28 score: 554.5 100 games avg: 554.5 steps 1000 
INFO : 2020-12-24 12:49:33,796 : episode: 29 score: -76.4 100 games avg: -76.4 steps 1000 
INFO : 2020-12-24 12:49:47,417 : episode: 30 score: 331.2 100 games avg: 331.2 steps 1000 
INFO : 2020-12-24 12:50:00,627 : episode: 31 score: 544.8 100 games avg: 544.8 steps 1000 
INFO : 2020-12-24 12:50:13,872 : episode: 32 score: 1354.7 100 games avg: 1354.7 steps 1000 
INFO : 2020-12-24 12:50:27,117 : episode: 33 score: 42.5 100 games avg: 42.5 steps 1000 
INFO : 2020-12-24 12:50:40,299 : episode: 34 score: 616.2 100 games avg: 616.2 steps 1000 
INFO : 2020-12-24 12:50:53,563 : episode: 35 score: 1032.1 100 games avg: 1032.1 steps 1000 
INFO : 2020-12-24 12:51:06,915 : episode: 36 score: 1456.1 100 games avg: 1456.1 steps 1000 
INFO : 2020-12-24 12:51:20,172 : episode: 37 score: 772.0 100 games avg: 772.0 steps 1000 
INFO : 2020-12-24 12:51:33,422 : episode: 38 score: 1476.6 100 games avg: 1476.6 steps 1000 
INFO : 2020-12-24 12:51:46,659 : episode: 39 score: 1655.6 100 games avg: 1655.6 steps 1000 
INFO : 2020-12-24 12:51:59,931 : episode: 40 score: 1500.3 100 games avg: 1500.3 steps 1000 
INFO : 2020-12-24 12:52:13,390 : episode: 41 score: 89.9 100 games avg: 89.9 steps 1000 
INFO : 2020-12-24 12:52:26,597 : episode: 42 score: 1205.3 100 games avg: 1205.3 steps 1000 
INFO : 2020-12-24 12:52:39,892 : episode: 43 score: 699.2 100 games avg: 699.2 steps 1000 
INFO : 2020-12-24 12:52:53,109 : episode: 44 score: 1002.5 100 games avg: 1002.5 steps 1000 
INFO : 2020-12-24 12:53:06,457 : episode: 45 score: 1940.2 100 games avg: 1940.2 steps 1000 
INFO : 2020-12-24 12:53:19,713 : episode: 46 score: 1889.6 100 games avg: 1889.6 steps 1000 
INFO : 2020-12-24 12:53:32,937 : episode: 47 score: 1807.6 100 games avg: 1807.6 steps 1000 
INFO : 2020-12-24 12:53:46,248 : episode: 48 score: 1823.1 100 games avg: 1823.1 steps 1000 
INFO : 2020-12-24 12:53:59,487 : episode: 49 score: 1940.5 100 games avg: 1940.5 steps 1000 
INFO : 2020-12-24 12:54:12,741 : episode: 50 score: 1967.1 100 games avg: 1967.1 steps 1000 
INFO : 2020-12-24 12:54:26,074 : episode: 51 score: 74.5 100 games avg: 74.5 steps 1000 
INFO : 2020-12-24 12:54:39,375 : episode: 52 score: 2026.8 100 games avg: 2026.8 steps 1000 
INFO : 2020-12-24 12:54:52,732 : episode: 53 score: 1980.2 100 games avg: 1980.2 steps 1000 
INFO : 2020-12-24 12:55:05,962 : episode: 54 score: 626.2 100 games avg: 626.2 steps 1000 
INFO : 2020-12-24 12:55:19,153 : episode: 55 score: 857.2 100 games avg: 857.2 steps 1000 
INFO : 2020-12-24 12:55:32,449 : episode: 56 score: 1864.2 100 games avg: 1864.2 steps 1000 
INFO : 2020-12-24 12:55:45,741 : episode: 57 score: 2067.4 100 games avg: 2067.4 steps 1000 
INFO : 2020-12-24 12:55:58,890 : episode: 58 score: 2175.6 100 games avg: 2175.6 steps 1000 
INFO : 2020-12-24 12:56:12,176 : episode: 59 score: 2103.7 100 games avg: 2103.7 steps 1000 
INFO : 2020-12-24 12:56:25,522 : episode: 60 score: 2252.3 100 games avg: 2252.3 steps 1000 
INFO : 2020-12-24 12:56:38,811 : episode: 61 score: 2274.1 100 games avg: 2274.1 steps 1000 
INFO : 2020-12-24 12:56:52,100 : episode: 62 score: 2255.6 100 games avg: 2255.6 steps 1000 
INFO : 2020-12-24 12:57:05,488 : episode: 63 score: 2440.8 100 games avg: 2440.8 steps 1000 
INFO : 2020-12-24 12:57:18,730 : episode: 64 score: 2266.5 100 games avg: 2266.5 steps 1000 
INFO : 2020-12-24 12:57:31,926 : episode: 65 score: 2328.5 100 games avg: 2328.5 steps 1000 
INFO : 2020-12-24 12:57:45,086 : episode: 66 score: 2408.9 100 games avg: 2408.9 steps 1000 
INFO : 2020-12-24 12:57:58,351 : episode: 67 score: 2329.6 100 games avg: 2329.6 steps 1000 
INFO : 2020-12-24 12:58:11,674 : episode: 68 score: 2458.1 100 games avg: 2458.1 steps 1000 
INFO : 2020-12-24 12:58:24,903 : episode: 69 score: 2277.7 100 games avg: 2277.7 steps 1000 
INFO : 2020-12-24 12:58:38,687 : episode: 70 score: 2435.6 100 games avg: 2435.6 steps 1000 
INFO : 2020-12-24 12:58:54,594 : episode: 71 score: 2589.2 100 games avg: 2589.2 steps 1000 
INFO : 2020-12-24 12:59:11,488 : episode: 72 score: 2618.8 100 games avg: 2618.8 steps 1000 
INFO : 2020-12-24 12:59:30,594 : episode: 73 score: 2108.8 100 games avg: 2108.8 steps 1000 
INFO : 2020-12-24 12:59:49,780 : episode: 74 score: 2630.5 100 games avg: 2630.5 steps 1000 
INFO : 2020-12-24 13:00:08,846 : episode: 75 score: 2407.8 100 games avg: 2407.8 steps 1000 
INFO : 2020-12-24 13:00:27,885 : episode: 76 score: 2667.2 100 games avg: 2667.2 steps 1000 
INFO : 2020-12-24 13:00:46,945 : episode: 77 score: 310.9 100 games avg: 310.9 steps 1000 
INFO : 2020-12-24 13:01:06,023 : episode: 78 score: 2740.4 100 games avg: 2740.4 steps 1000 
INFO : 2020-12-24 13:01:25,102 : episode: 79 score: 2753.5 100 games avg: 2753.5 steps 1000 
INFO : 2020-12-24 13:01:44,030 : episode: 80 score: 2595.9 100 games avg: 2595.9 steps 1000 
INFO : 2020-12-24 13:02:03,191 : episode: 81 score: 2586.6 100 games avg: 2586.6 steps 1000 
INFO : 2020-12-24 13:02:22,325 : episode: 82 score: 2765.2 100 games avg: 2765.2 steps 1000 
INFO : 2020-12-24 13:02:41,400 : episode: 83 score: 2667.9 100 games avg: 2667.9 steps 1000 
INFO : 2020-12-24 13:03:00,565 : episode: 84 score: 689.3 100 games avg: 689.3 steps 1000 
INFO : 2020-12-24 13:03:19,606 : episode: 85 score: 2891.1 100 games avg: 2891.1 steps 1000 
INFO : 2020-12-24 13:03:38,731 : episode: 86 score: 2746.4 100 games avg: 2746.4 steps 1000 
INFO : 2020-12-24 13:03:57,797 : episode: 87 score: 2821.5 100 games avg: 2821.5 steps 1000 
INFO : 2020-12-24 13:04:16,959 : episode: 88 score: 2904.6 100 games avg: 2904.6 steps 1000 
INFO : 2020-12-24 13:04:36,051 : episode: 89 score: 2846.4 100 games avg: 2846.4 steps 1000 
INFO : 2020-12-24 13:04:55,147 : episode: 90 score: 2868.1 100 games avg: 2868.1 steps 1000 
INFO : 2020-12-24 13:05:14,235 : episode: 91 score: 2827.7 100 games avg: 2827.7 steps 1000 
INFO : 2020-12-24 13:05:33,402 : episode: 92 score: 2978.4 100 games avg: 2978.4 steps 1000 
INFO : 2020-12-24 13:05:52,504 : episode: 93 score: 2913.2 100 games avg: 2913.2 steps 1000 
INFO : 2020-12-24 13:06:11,548 : episode: 94 score: 2847.0 100 games avg: 2847.0 steps 1000 
INFO : 2020-12-24 13:06:30,672 : episode: 95 score: 2610.0 100 games avg: 2610.0 steps 1000 
INFO : 2020-12-24 13:06:49,874 : episode: 96 score: 2945.6 100 games avg: 2945.6 steps 1000 
INFO : 2020-12-24 13:07:08,986 : episode: 97 score: 2898.9 100 games avg: 2898.9 steps 1000 
INFO : 2020-12-24 13:07:28,115 : episode: 98 score: 3081.0 100 games avg: 3081.0 steps 1000 
INFO : 2020-12-24 13:07:47,282 : episode: 99 score: 2797.1 100 games avg: 2797.1 steps 1000 
