INFO : 2021-01-10 15:58:44,820 : method: Soft-Actor Critic
INFO : 2021-01-10 15:58:44,821 : parameter n_steps: 100 ensemble_size: 5 env: Continuous_CartPole
INFO : 2021-01-10 15:58:44,879 : mpc_function cem
INFO : 2021-01-10 15:58:44,879 : cem
INFO : 2021-01-10 15:58:45,210 : episode: 0 score: 13.0 100 games avg: 13.0 steps 13 
INFO : 2021-01-10 15:58:45,760 : episode: 1 score: 12.0 100 games avg: 12.0 steps 12 
INFO : 2021-01-10 15:58:46,443 : episode: 2 score: 15.0 100 games avg: 15.0 steps 15 
INFO : 2021-01-10 15:58:47,060 : episode: 3 score: 14.0 100 games avg: 14.0 steps 14 
INFO : 2021-01-10 15:58:47,760 : episode: 4 score: 15.0 100 games avg: 15.0 steps 15 
INFO : 2021-01-10 15:58:48,409 : episode: 5 score: 14.0 100 games avg: 14.0 steps 14 
INFO : 2021-01-10 15:58:49,159 : episode: 6 score: 13.0 100 games avg: 13.0 steps 13 
INFO : 2021-01-10 15:58:50,192 : episode: 7 score: 13.0 100 games avg: 13.0 steps 13 
INFO : 2021-01-10 15:58:51,509 : episode: 8 score: 13.0 100 games avg: 13.0 steps 13 
INFO : 2021-01-10 15:58:52,525 : episode: 9 score: 14.0 100 games avg: 14.0 steps 14 
INFO : 2021-01-10 15:58:53,726 : episode: 10 score: 13.0 100 games avg: 13.0 steps 13 
INFO : 2021-01-10 15:58:54,675 : episode: 11 score: 14.0 100 games avg: 14.0 steps 14 
INFO : 2021-01-10 15:58:55,676 : episode: 12 score: 14.0 100 games avg: 14.0 steps 14 
INFO : 2021-01-10 15:58:56,876 : episode: 13 score: 15.0 100 games avg: 15.0 steps 15 
INFO : 2021-01-10 15:58:58,008 : episode: 14 score: 13.0 100 games avg: 13.0 steps 13 
INFO : 2021-01-10 15:58:59,308 : episode: 15 score: 13.0 100 games avg: 13.0 steps 13 
INFO : 2021-01-10 15:59:00,341 : episode: 16 score: 13.0 100 games avg: 13.0 steps 13 
INFO : 2021-01-10 15:59:01,458 : episode: 17 score: 14.0 100 games avg: 14.0 steps 14 
INFO : 2021-01-10 15:59:02,653 : episode: 18 score: 14.0 100 games avg: 14.0 steps 14 
INFO : 2021-01-10 15:59:03,931 : episode: 19 score: 13.0 100 games avg: 13.0 steps 13 
INFO : 2021-01-10 15:59:05,232 : episode: 20 score: 10.0 100 games avg: 10.0 steps 10 
INFO : 2021-01-10 15:59:06,577 : episode: 21 score: 8.0 100 games avg: 8.0 steps 8 
INFO : 2021-01-10 15:59:07,956 : episode: 22 score: 8.0 100 games avg: 8.0 steps 8 
INFO : 2021-01-10 15:59:09,158 : episode: 23 score: 7.0 100 games avg: 7.0 steps 7 
INFO : 2021-01-10 15:59:10,299 : episode: 24 score: 7.0 100 games avg: 7.0 steps 7 
INFO : 2021-01-10 15:59:11,421 : episode: 25 score: 8.0 100 games avg: 8.0 steps 8 
INFO : 2021-01-10 15:59:12,801 : episode: 26 score: 7.0 100 games avg: 7.0 steps 7 
INFO : 2021-01-10 15:59:14,284 : episode: 27 score: 8.0 100 games avg: 8.0 steps 8 
INFO : 2021-01-10 15:59:15,831 : episode: 28 score: 7.0 100 games avg: 7.0 steps 7 
INFO : 2021-01-10 15:59:17,116 : episode: 29 score: 8.0 100 games avg: 8.0 steps 8 
INFO : 2021-01-10 15:59:18,388 : episode: 30 score: 8.0 100 games avg: 8.0 steps 8 
INFO : 2021-01-10 15:59:20,208 : episode: 31 score: 7.0 100 games avg: 7.0 steps 7 
INFO : 2021-01-10 15:59:21,925 : episode: 32 score: 7.0 100 games avg: 7.0 steps 7 
INFO : 2021-01-10 15:59:23,452 : episode: 33 score: 9.0 100 games avg: 9.0 steps 9 
INFO : 2021-01-10 15:59:24,867 : episode: 34 score: 8.0 100 games avg: 8.0 steps 8 
INFO : 2021-01-10 15:59:26,198 : episode: 35 score: 9.0 100 games avg: 9.0 steps 9 
INFO : 2021-01-10 15:59:27,781 : episode: 36 score: 13.0 100 games avg: 13.0 steps 13 
INFO : 2021-01-10 15:59:29,217 : episode: 37 score: 20.0 100 games avg: 20.0 steps 20 
INFO : 2021-01-10 15:59:30,826 : episode: 38 score: 33.0 100 games avg: 33.0 steps 33 
INFO : 2021-01-10 15:59:32,699 : episode: 39 score: 48.0 100 games avg: 48.0 steps 48 
INFO : 2021-01-10 15:59:34,981 : episode: 40 score: 13.0 100 games avg: 13.0 steps 13 
INFO : 2021-01-10 15:59:37,473 : episode: 41 score: 31.0 100 games avg: 31.0 steps 31 
INFO : 2021-01-10 15:59:39,819 : episode: 42 score: 17.0 100 games avg: 17.0 steps 17 
INFO : 2021-01-10 15:59:41,911 : episode: 43 score: 7.0 100 games avg: 7.0 steps 7 
INFO : 2021-01-10 15:59:44,135 : episode: 44 score: 6.0 100 games avg: 6.0 steps 6 
INFO : 2021-01-10 15:59:46,485 : episode: 45 score: 11.0 100 games avg: 11.0 steps 11 
INFO : 2021-01-10 15:59:48,703 : episode: 46 score: 13.0 100 games avg: 13.0 steps 13 
INFO : 2021-01-10 15:59:50,913 : episode: 47 score: 11.0 100 games avg: 11.0 steps 11 
INFO : 2021-01-10 15:59:53,302 : episode: 48 score: 10.0 100 games avg: 10.0 steps 10 
INFO : 2021-01-10 15:59:55,698 : episode: 49 score: 17.0 100 games avg: 17.0 steps 17 
INFO : 2021-01-10 15:59:58,419 : episode: 50 score: 7.0 100 games avg: 7.0 steps 7 
INFO : 2021-01-10 16:00:00,653 : episode: 51 score: 9.0 100 games avg: 9.0 steps 9 
INFO : 2021-01-10 16:00:02,893 : episode: 52 score: 15.0 100 games avg: 15.0 steps 15 
INFO : 2021-01-10 16:00:05,150 : episode: 53 score: 8.0 100 games avg: 8.0 steps 8 
INFO : 2021-01-10 16:00:07,247 : episode: 54 score: 7.0 100 games avg: 7.0 steps 7 
INFO : 2021-01-10 16:00:09,489 : episode: 55 score: 9.0 100 games avg: 9.0 steps 9 
