INFO : 2021-02-02 12:29:33,069 : method: Soft-Actor Critic
INFO : 2021-02-02 12:29:33,070 : parameter n_steps: 100 ensemble_size: 5 env: Continuous_CartPole
INFO : 2021-02-02 12:29:35,908 : mpc_function policy-kl5
INFO : 2021-02-02 12:29:35,908 : policy-kl5
INFO : 2021-02-02 12:29:35,928 : episode: 0 score: 23.0 100 games avg: 23.0 steps 24 
INFO : 2021-02-02 12:29:35,973 : episode: 1 score: 56.0 100 games avg: 56.0 steps 57 
INFO : 2021-02-02 12:29:36,069 : episode: 2 score: 120.0 100 games avg: 120.0 steps 121 
INFO : 2021-02-02 12:29:37,564 : episode: 3 score: 101.0 100 games avg: 101.0 steps 102 
INFO : 2021-02-02 12:29:38,289 : episode: 4 score: 23.0 100 games avg: 23.0 steps 24 
INFO : 2021-02-02 12:29:38,773 : episode: 5 score: 15.0 100 games avg: 15.0 steps 16 
INFO : 2021-02-02 12:29:39,558 : episode: 6 score: 25.0 100 games avg: 25.0 steps 26 
INFO : 2021-02-02 12:29:39,830 : episode: 7 score: 8.0 100 games avg: 8.0 steps 9 
INFO : 2021-02-02 12:29:40,103 : episode: 8 score: 8.0 100 games avg: 8.0 steps 9 
INFO : 2021-02-02 12:29:40,375 : episode: 9 score: 8.0 100 games avg: 8.0 steps 9 
INFO : 2021-02-02 12:29:40,616 : episode: 10 score: 7.0 100 games avg: 7.0 steps 8 
INFO : 2021-02-02 12:29:40,858 : episode: 11 score: 7.0 100 games avg: 7.0 steps 8 
INFO : 2021-02-02 12:29:41,341 : episode: 12 score: 15.0 100 games avg: 15.0 steps 16 
INFO : 2021-02-02 12:29:41,764 : episode: 13 score: 13.0 100 games avg: 13.0 steps 14 
INFO : 2021-02-02 12:29:42,067 : episode: 14 score: 9.0 100 games avg: 9.0 steps 10 
INFO : 2021-02-02 12:29:42,671 : episode: 15 score: 19.0 100 games avg: 19.0 steps 20 
INFO : 2021-02-02 12:29:43,095 : episode: 16 score: 13.0 100 games avg: 13.0 steps 14 
INFO : 2021-02-02 12:29:43,458 : episode: 17 score: 11.0 100 games avg: 11.0 steps 12 
INFO : 2021-02-02 12:29:43,911 : episode: 18 score: 14.0 100 games avg: 14.0 steps 15 
INFO : 2021-02-02 12:29:44,203 : episode: 19 score: 9.0 100 games avg: 9.0 steps 10 
INFO : 2021-02-02 12:29:44,445 : episode: 20 score: 7.0 100 games avg: 7.0 steps 8 
INFO : 2021-02-02 12:29:44,686 : episode: 21 score: 7.0 100 games avg: 7.0 steps 8 
INFO : 2021-02-02 12:29:45,019 : episode: 22 score: 10.0 100 games avg: 10.0 steps 11 
INFO : 2021-02-02 12:29:45,201 : episode: 23 score: 5.0 100 games avg: 5.0 steps 6 
INFO : 2021-02-02 12:29:45,503 : episode: 24 score: 9.0 100 games avg: 9.0 steps 10 
INFO : 2021-02-02 12:29:45,805 : episode: 25 score: 9.0 100 games avg: 9.0 steps 10 
INFO : 2021-02-02 12:29:46,047 : episode: 26 score: 7.0 100 games avg: 7.0 steps 8 
INFO : 2021-02-02 12:29:46,592 : episode: 27 score: 17.0 100 games avg: 17.0 steps 18 
INFO : 2021-02-02 12:29:46,803 : episode: 28 score: 6.0 100 games avg: 6.0 steps 7 
INFO : 2021-02-02 12:29:47,105 : episode: 29 score: 9.0 100 games avg: 9.0 steps 10 
INFO : 2021-02-02 12:29:47,830 : episode: 30 score: 23.0 100 games avg: 23.0 steps 24 
INFO : 2021-02-02 12:29:48,072 : episode: 31 score: 7.0 100 games avg: 7.0 steps 8 
INFO : 2021-02-02 12:29:48,340 : episode: 32 score: 8.0 100 games avg: 8.0 steps 9 
INFO : 2021-02-02 12:29:48,516 : episode: 33 score: 5.0 100 games avg: 5.0 steps 6 
INFO : 2021-02-02 12:29:49,211 : episode: 34 score: 22.0 100 games avg: 22.0 steps 23 
INFO : 2021-02-02 12:29:49,503 : episode: 35 score: 9.0 100 games avg: 9.0 steps 10 
INFO : 2021-02-02 12:29:49,805 : episode: 36 score: 9.0 100 games avg: 9.0 steps 10 
INFO : 2021-02-02 12:29:50,228 : episode: 37 score: 13.0 100 games avg: 13.0 steps 14 
INFO : 2021-02-02 12:29:51,437 : episode: 38 score: 39.0 100 games avg: 39.0 steps 40 
INFO : 2021-02-02 12:29:51,830 : episode: 39 score: 12.0 100 games avg: 12.0 steps 13 
INFO : 2021-02-02 12:29:52,827 : episode: 40 score: 32.0 100 games avg: 32.0 steps 33 
INFO : 2021-02-02 12:29:53,764 : episode: 41 score: 30.0 100 games avg: 30.0 steps 31 
INFO : 2021-02-02 12:29:55,245 : episode: 42 score: 48.0 100 games avg: 48.0 steps 49 
INFO : 2021-02-02 12:29:56,442 : episode: 43 score: 39.0 100 games avg: 39.0 steps 40 
INFO : 2021-02-02 12:29:57,220 : episode: 44 score: 25.0 100 games avg: 25.0 steps 26 
INFO : 2021-02-02 12:30:00,374 : episode: 45 score: 104.0 100 games avg: 104.0 steps 105 
INFO : 2021-02-02 12:30:03,315 : episode: 46 score: 98.0 100 games avg: 98.0 steps 99 
INFO : 2021-02-02 12:30:07,355 : episode: 47 score: 133.0 100 games avg: 133.0 steps 134 
INFO : 2021-02-02 12:30:13,368 : episode: 48 score: 200.0 100 games avg: 200.0 steps 201 
INFO : 2021-02-02 12:30:18,115 : episode: 49 score: 159.0 100 games avg: 159.0 steps 160 
INFO : 2021-02-02 12:30:23,856 : episode: 50 score: 189.0 100 games avg: 189.0 steps 190 
INFO : 2021-02-02 12:30:29,922 : episode: 51 score: 200.0 100 games avg: 200.0 steps 201 
INFO : 2021-02-02 12:30:35,412 : episode: 52 score: 181.0 100 games avg: 181.0 steps 182 
INFO : 2021-02-02 12:30:41,366 : episode: 53 score: 197.0 100 games avg: 197.0 steps 198 
INFO : 2021-02-02 12:30:46,988 : episode: 54 score: 186.0 100 games avg: 186.0 steps 187 
INFO : 2021-02-02 12:30:52,519 : episode: 55 score: 182.0 100 games avg: 182.0 steps 183 
INFO : 2021-02-02 12:30:58,443 : episode: 56 score: 197.0 100 games avg: 197.0 steps 198 
INFO : 2021-02-02 12:31:03,157 : episode: 57 score: 155.0 100 games avg: 155.0 steps 156 
INFO : 2021-02-02 12:31:07,992 : episode: 58 score: 159.0 100 games avg: 159.0 steps 160 
INFO : 2021-02-02 12:31:12,121 : episode: 59 score: 136.0 100 games avg: 136.0 steps 137 
INFO : 2021-02-02 12:31:17,196 : episode: 60 score: 168.0 100 games avg: 168.0 steps 169 
INFO : 2021-02-02 12:31:23,269 : episode: 61 score: 200.0 100 games avg: 200.0 steps 201 
INFO : 2021-02-02 12:31:28,738 : episode: 62 score: 183.0 100 games avg: 183.0 steps 184 
INFO : 2021-02-02 12:31:33,988 : episode: 63 score: 173.0 100 games avg: 173.0 steps 174 
INFO : 2021-02-02 12:31:39,386 : episode: 64 score: 178.0 100 games avg: 178.0 steps 179 
INFO : 2021-02-02 12:31:45,430 : episode: 65 score: 200.0 100 games avg: 200.0 steps 201 
INFO : 2021-02-02 12:31:51,506 : episode: 66 score: 200.0 100 games avg: 200.0 steps 201 
INFO : 2021-02-02 12:31:57,288 : episode: 67 score: 192.0 100 games avg: 192.0 steps 193 
INFO : 2021-02-02 12:32:03,353 : episode: 68 score: 200.0 100 games avg: 200.0 steps 201 
INFO : 2021-02-02 12:32:08,904 : episode: 69 score: 183.0 100 games avg: 183.0 steps 184 
INFO : 2021-02-02 12:32:14,969 : episode: 70 score: 200.0 100 games avg: 200.0 steps 201 
INFO : 2021-02-02 12:32:20,530 : episode: 71 score: 183.0 100 games avg: 183.0 steps 184 
INFO : 2021-02-02 12:32:26,219 : episode: 72 score: 190.0 100 games avg: 190.0 steps 191 
INFO : 2021-02-02 12:32:32,256 : episode: 73 score: 200.0 100 games avg: 200.0 steps 201 
INFO : 2021-02-02 12:32:38,252 : episode: 74 score: 200.0 100 games avg: 200.0 steps 201 
INFO : 2021-02-02 12:32:44,325 : episode: 75 score: 200.0 100 games avg: 200.0 steps 201 
INFO : 2021-02-02 12:32:49,454 : episode: 76 score: 170.0 100 games avg: 170.0 steps 171 
INFO : 2021-02-02 12:32:54,975 : episode: 77 score: 184.0 100 games avg: 184.0 steps 185 
INFO : 2021-02-02 12:33:00,467 : episode: 78 score: 182.0 100 games avg: 182.0 steps 183 
INFO : 2021-02-02 12:33:06,410 : episode: 79 score: 200.0 100 games avg: 200.0 steps 201 
INFO : 2021-02-02 12:33:12,041 : episode: 80 score: 187.0 100 games avg: 187.0 steps 188 
INFO : 2021-02-02 12:33:18,084 : episode: 81 score: 200.0 100 games avg: 200.0 steps 201 
INFO : 2021-02-02 12:33:24,159 : episode: 82 score: 200.0 100 games avg: 200.0 steps 201 
INFO : 2021-02-02 12:33:30,223 : episode: 83 score: 200.0 100 games avg: 200.0 steps 201 
INFO : 2021-02-02 12:33:35,425 : episode: 84 score: 173.0 100 games avg: 173.0 steps 174 
INFO : 2021-02-02 12:33:41,487 : episode: 85 score: 200.0 100 games avg: 200.0 steps 201 
INFO : 2021-02-02 12:33:47,562 : episode: 86 score: 200.0 100 games avg: 200.0 steps 201 
INFO : 2021-02-02 12:33:51,974 : episode: 87 score: 145.0 100 games avg: 145.0 steps 146 
INFO : 2021-02-02 12:33:58,009 : episode: 88 score: 200.0 100 games avg: 200.0 steps 201 
INFO : 2021-02-02 12:34:04,084 : episode: 89 score: 200.0 100 games avg: 200.0 steps 201 
INFO : 2021-02-02 12:34:10,077 : episode: 90 score: 200.0 100 games avg: 200.0 steps 201 
INFO : 2021-02-02 12:34:16,120 : episode: 91 score: 200.0 100 games avg: 200.0 steps 201 
INFO : 2021-02-02 12:34:20,321 : episode: 92 score: 138.0 100 games avg: 138.0 steps 139 
INFO : 2021-02-02 12:34:26,396 : episode: 93 score: 200.0 100 games avg: 200.0 steps 201 
INFO : 2021-02-02 12:34:31,897 : episode: 94 score: 182.0 100 games avg: 182.0 steps 183 
INFO : 2021-02-02 12:34:36,380 : episode: 95 score: 148.0 100 games avg: 148.0 steps 149 
INFO : 2021-02-02 12:34:42,394 : episode: 96 score: 198.0 100 games avg: 198.0 steps 199 
INFO : 2021-02-02 12:34:46,957 : episode: 97 score: 150.0 100 games avg: 150.0 steps 151 
INFO : 2021-02-02 12:34:52,518 : episode: 98 score: 183.0 100 games avg: 183.0 steps 184 
INFO : 2021-02-02 12:34:58,572 : episode: 99 score: 200.0 100 games avg: 200.0 steps 201 
