INFO : 2021-01-29 22:23:38,774 : method: Soft-Actor Critic
INFO : 2021-01-29 22:23:38,775 : parameter n_steps: 100 ensemble_size: 5 env: HalfCheetah-v2
INFO : 2021-01-29 22:23:41,709 : mpc_function policy-kl3
INFO : 2021-01-29 22:23:41,709 : policy-kl3
INFO : 2021-01-29 22:24:03,591 : episode: 0 score: -175.3 100 games avg: -175.3 steps 1000 
INFO : 2021-01-29 22:24:22,720 : episode: 1 score: -206.0 100 games avg: -206.0 steps 1000 
INFO : 2021-01-29 22:24:52,199 : episode: 2 score: -260.8 100 games avg: -260.8 steps 1000 
INFO : 2021-01-29 22:25:17,328 : episode: 3 score: -148.1 100 games avg: -148.1 steps 1000 
INFO : 2021-01-29 22:25:31,760 : episode: 4 score: -188.1 100 games avg: -188.1 steps 1000 
INFO : 2021-01-29 22:25:59,540 : episode: 5 score: -152.6 100 games avg: -152.6 steps 1000 
INFO : 2021-01-29 22:26:18,080 : episode: 6 score: -122.8 100 games avg: -122.8 steps 1000 
INFO : 2021-01-29 22:26:41,343 : episode: 7 score: -235.1 100 games avg: -235.1 steps 1000 
INFO : 2021-01-29 22:27:10,128 : episode: 8 score: -182.0 100 games avg: -182.0 steps 1000 
INFO : 2021-01-29 22:27:38,950 : episode: 9 score: -152.7 100 games avg: -152.7 steps 1000 
INFO : 2021-01-29 22:28:08,579 : episode: 10 score: -178.7 100 games avg: -178.7 steps 1000 
INFO : 2021-01-29 22:28:37,442 : episode: 11 score: -143.1 100 games avg: -143.1 steps 1000 
INFO : 2021-01-29 22:29:06,205 : episode: 12 score: -138.2 100 games avg: -138.2 steps 1000 
INFO : 2021-01-29 22:29:35,133 : episode: 13 score: -88.4 100 games avg: -88.4 steps 1000 
INFO : 2021-01-29 22:30:03,733 : episode: 14 score: -187.9 100 games avg: -187.9 steps 1000 
INFO : 2021-01-29 22:30:32,608 : episode: 15 score: -146.5 100 games avg: -146.5 steps 1000 
INFO : 2021-01-29 22:31:01,457 : episode: 16 score: -45.2 100 games avg: -45.2 steps 1000 
INFO : 2021-01-29 22:31:29,701 : episode: 17 score: -73.5 100 games avg: -73.5 steps 1000 
INFO : 2021-01-29 22:31:58,296 : episode: 18 score: -170.3 100 games avg: -170.3 steps 1000 
INFO : 2021-01-29 22:32:27,143 : episode: 19 score: -150.6 100 games avg: -150.6 steps 1000 
INFO : 2021-01-29 22:32:56,035 : episode: 20 score: -86.4 100 games avg: -86.4 steps 1000 
INFO : 2021-01-29 22:33:24,978 : episode: 21 score: -79.2 100 games avg: -79.2 steps 1000 
INFO : 2021-01-29 22:33:54,030 : episode: 22 score: -80.2 100 games avg: -80.2 steps 1000 
INFO : 2021-01-29 22:34:18,811 : episode: 23 score: 11.5 100 games avg: 11.5 steps 1000 
INFO : 2021-01-29 22:34:32,365 : episode: 24 score: -104.6 100 games avg: -104.6 steps 1000 
INFO : 2021-01-29 22:34:45,920 : episode: 25 score: -123.2 100 games avg: -123.2 steps 1000 
INFO : 2021-01-29 22:35:15,020 : episode: 26 score: -148.6 100 games avg: -148.6 steps 1000 
INFO : 2021-01-29 22:35:44,195 : episode: 27 score: -72.0 100 games avg: -72.0 steps 1000 
INFO : 2021-01-29 22:36:13,730 : episode: 28 score: 52.0 100 games avg: 52.0 steps 1000 
INFO : 2021-01-29 22:36:43,213 : episode: 29 score: -62.4 100 games avg: -62.4 steps 1000 
INFO : 2021-01-29 22:37:11,779 : episode: 30 score: -9.6 100 games avg: -9.6 steps 1000 
INFO : 2021-01-29 22:37:25,782 : episode: 31 score: -21.6 100 games avg: -21.6 steps 1000 
INFO : 2021-01-29 22:37:39,421 : episode: 32 score: 16.2 100 games avg: 16.2 steps 1000 
INFO : 2021-01-29 22:37:53,060 : episode: 33 score: -16.0 100 games avg: -16.0 steps 1000 
INFO : 2021-01-29 22:38:21,254 : episode: 34 score: 8.4 100 games avg: 8.4 steps 1000 
INFO : 2021-01-29 22:38:50,111 : episode: 35 score: -15.8 100 games avg: -15.8 steps 1000 
INFO : 2021-01-29 22:39:19,348 : episode: 36 score: 56.6 100 games avg: 56.6 steps 1000 
INFO : 2021-01-29 22:39:48,503 : episode: 37 score: 9.7 100 games avg: 9.7 steps 1000 
INFO : 2021-01-29 22:40:17,570 : episode: 38 score: 113.1 100 games avg: 113.1 steps 1000 
INFO : 2021-01-29 22:40:47,285 : episode: 39 score: 75.9 100 games avg: 75.9 steps 1000 
INFO : 2021-01-29 22:41:17,226 : episode: 40 score: 96.5 100 games avg: 96.5 steps 1000 
INFO : 2021-01-29 22:41:47,475 : episode: 41 score: 106.2 100 games avg: 106.2 steps 1000 
INFO : 2021-01-29 22:42:14,747 : episode: 42 score: 116.4 100 games avg: 116.4 steps 1000 
INFO : 2021-01-29 22:42:35,224 : episode: 43 score: 86.2 100 games avg: 86.2 steps 1000 
INFO : 2021-01-29 22:43:04,414 : episode: 44 score: 190.1 100 games avg: 190.1 steps 1000 
INFO : 2021-01-29 22:43:33,758 : episode: 45 score: 173.1 100 games avg: 173.1 steps 1000 
INFO : 2021-01-29 22:43:51,130 : episode: 46 score: 307.8 100 games avg: 307.8 steps 1000 
INFO : 2021-01-29 22:44:04,704 : episode: 47 score: 260.4 100 games avg: 260.4 steps 1000 
INFO : 2021-01-29 22:44:18,277 : episode: 48 score: 300.3 100 games avg: 300.3 steps 1000 
INFO : 2021-01-29 22:44:31,851 : episode: 49 score: 331.4 100 games avg: 331.4 steps 1000 
INFO : 2021-01-29 22:44:47,124 : episode: 50 score: 410.0 100 games avg: 410.0 steps 1000 
INFO : 2021-01-29 22:45:05,258 : episode: 51 score: 364.3 100 games avg: 364.3 steps 1000 
INFO : 2021-01-29 22:45:34,197 : episode: 52 score: 476.1 100 games avg: 476.1 steps 1000 
INFO : 2021-01-29 22:46:02,537 : episode: 53 score: 534.4 100 games avg: 534.4 steps 1000 
INFO : 2021-01-29 22:46:29,067 : episode: 54 score: 469.6 100 games avg: 469.6 steps 1000 
INFO : 2021-01-29 22:46:52,182 : episode: 55 score: 562.1 100 games avg: 562.1 steps 1000 
INFO : 2021-01-29 22:47:20,778 : episode: 56 score: 629.9 100 games avg: 629.9 steps 1000 
INFO : 2021-01-29 22:47:49,531 : episode: 57 score: 622.5 100 games avg: 622.5 steps 1000 
INFO : 2021-01-29 22:48:18,541 : episode: 58 score: 696.8 100 games avg: 696.8 steps 1000 
INFO : 2021-01-29 22:48:47,799 : episode: 59 score: 777.6 100 games avg: 777.6 steps 1000 
INFO : 2021-01-29 22:49:14,605 : episode: 60 score: 729.1 100 games avg: 729.1 steps 1000 
INFO : 2021-01-29 22:49:41,670 : episode: 61 score: 783.1 100 games avg: 783.1 steps 1000 
INFO : 2021-01-29 22:50:10,421 : episode: 62 score: 746.0 100 games avg: 746.0 steps 1000 
INFO : 2021-01-29 22:50:39,563 : episode: 63 score: 784.2 100 games avg: 784.2 steps 1000 
INFO : 2021-01-29 22:51:08,611 : episode: 64 score: 748.6 100 games avg: 748.6 steps 1000 
INFO : 2021-01-29 22:51:37,853 : episode: 65 score: 807.1 100 games avg: 807.1 steps 1000 
INFO : 2021-01-29 22:52:06,920 : episode: 66 score: 795.9 100 games avg: 795.9 steps 1000 
INFO : 2021-01-29 22:52:32,133 : episode: 67 score: 766.8 100 games avg: 766.8 steps 1000 
INFO : 2021-01-29 22:53:01,266 : episode: 68 score: 762.8 100 games avg: 762.8 steps 1000 
INFO : 2021-01-29 22:53:30,889 : episode: 69 score: 755.3 100 games avg: 755.3 steps 1000 
INFO : 2021-01-29 22:54:00,280 : episode: 70 score: 839.1 100 games avg: 839.1 steps 1000 
INFO : 2021-01-29 22:54:29,681 : episode: 71 score: 696.6 100 games avg: 696.6 steps 1000 
INFO : 2021-01-29 22:54:57,135 : episode: 72 score: 855.0 100 games avg: 855.0 steps 1000 
INFO : 2021-01-29 22:55:25,921 : episode: 73 score: 791.8 100 games avg: 791.8 steps 1000 
INFO : 2021-01-29 22:55:54,765 : episode: 74 score: 755.1 100 games avg: 755.1 steps 1000 
INFO : 2021-01-29 22:56:13,344 : episode: 75 score: 777.0 100 games avg: 777.0 steps 1000 
INFO : 2021-01-29 22:56:41,495 : episode: 76 score: 891.6 100 games avg: 891.6 steps 1000 
INFO : 2021-01-29 22:57:10,308 : episode: 77 score: 836.0 100 games avg: 836.0 steps 1000 
INFO : 2021-01-29 22:57:39,621 : episode: 78 score: 746.1 100 games avg: 746.1 steps 1000 
INFO : 2021-01-29 22:58:08,391 : episode: 79 score: 758.1 100 games avg: 758.1 steps 1000 
INFO : 2021-01-29 22:58:37,307 : episode: 80 score: 811.3 100 games avg: 811.3 steps 1000 
INFO : 2021-01-29 22:59:06,530 : episode: 81 score: 826.4 100 games avg: 826.4 steps 1000 
INFO : 2021-01-29 22:59:35,280 : episode: 82 score: 792.5 100 games avg: 792.5 steps 1000 
INFO : 2021-01-29 23:00:02,944 : episode: 83 score: 511.5 100 games avg: 511.5 steps 1000 
INFO : 2021-01-29 23:00:26,107 : episode: 84 score: 803.9 100 games avg: 803.9 steps 1000 
INFO : 2021-01-29 23:00:55,111 : episode: 85 score: 791.8 100 games avg: 791.8 steps 1000 
INFO : 2021-01-29 23:01:24,048 : episode: 86 score: 787.3 100 games avg: 787.3 steps 1000 
INFO : 2021-01-29 23:01:37,725 : episode: 87 score: 843.2 100 games avg: 843.2 steps 1000 
INFO : 2021-01-29 23:02:02,297 : episode: 88 score: 818.0 100 games avg: 818.0 steps 1000 
INFO : 2021-01-29 23:02:30,979 : episode: 89 score: 869.2 100 games avg: 869.2 steps 1000 
INFO : 2021-01-29 23:02:59,845 : episode: 90 score: 866.1 100 games avg: 866.1 steps 1000 
INFO : 2021-01-29 23:03:25,765 : episode: 91 score: 788.7 100 games avg: 788.7 steps 1000 
INFO : 2021-01-29 23:03:53,472 : episode: 92 score: 824.7 100 games avg: 824.7 steps 1000 
INFO : 2021-01-29 23:04:22,248 : episode: 93 score: 873.6 100 games avg: 873.6 steps 1000 
INFO : 2021-01-29 23:04:51,078 : episode: 94 score: 859.6 100 games avg: 859.6 steps 1000 
INFO : 2021-01-29 23:05:19,818 : episode: 95 score: 875.0 100 games avg: 875.0 steps 1000 
INFO : 2021-01-29 23:05:48,490 : episode: 96 score: 954.2 100 games avg: 954.2 steps 1000 
INFO : 2021-01-29 23:06:17,622 : episode: 97 score: 879.3 100 games avg: 879.3 steps 1000 
INFO : 2021-01-29 23:06:47,139 : episode: 98 score: 894.8 100 games avg: 894.8 steps 1000 
INFO : 2021-01-29 23:07:15,988 : episode: 99 score: 864.8 100 games avg: 864.8 steps 1000 
