INFO : 2021-02-02 01:14:52,914 : method: Soft-Actor Critic
INFO : 2021-02-02 01:14:52,915 : parameter n_steps: 100 ensemble_size: 5 env: BipedalWalker-v3
INFO : 2021-02-02 01:14:55,728 : mpc_function policy
INFO : 2021-02-02 01:14:55,728 : policy
INFO : 2021-02-02 01:14:55,992 : episode: 0 score: -112.9 100 games avg: -112.9 steps 185 
INFO : 2021-02-02 01:14:57,567 : episode: 1 score: -118.6 100 games avg: -118.6 steps 147 
INFO : 2021-02-02 01:15:05,380 : episode: 2 score: -147.8 100 games avg: -147.8 steps 416 
INFO : 2021-02-02 01:15:10,274 : episode: 3 score: -117.5 100 games avg: -117.5 steps 272 
INFO : 2021-02-02 01:15:18,576 : episode: 4 score: -129.4 100 games avg: -129.4 steps 489 
INFO : 2021-02-02 01:15:40,761 : episode: 5 score: -93.8 100 games avg: -93.8 steps 1600 
INFO : 2021-02-02 01:15:42,441 : episode: 6 score: -122.3 100 games avg: -122.3 steps 128 
INFO : 2021-02-02 01:15:43,044 : episode: 7 score: -110.4 100 games avg: -110.4 steps 46 
INFO : 2021-02-02 01:15:43,750 : episode: 8 score: -119.0 100 games avg: -119.0 steps 54 
INFO : 2021-02-02 01:15:45,326 : episode: 9 score: -117.4 100 games avg: -117.4 steps 121 
INFO : 2021-02-02 01:15:46,657 : episode: 10 score: -110.6 100 games avg: -110.6 steps 102 
INFO : 2021-02-02 01:15:57,522 : episode: 11 score: -169.6 100 games avg: -169.6 steps 835 
INFO : 2021-02-02 01:16:18,452 : episode: 12 score: -101.6 100 games avg: -101.6 steps 1600 
INFO : 2021-02-02 01:16:39,491 : episode: 13 score: -96.4 100 games avg: -96.4 steps 1600 
INFO : 2021-02-02 01:16:40,343 : episode: 14 score: -104.9 100 games avg: -104.9 steps 64 
INFO : 2021-02-02 01:16:42,014 : episode: 15 score: -108.2 100 games avg: -108.2 steps 128 
INFO : 2021-02-02 01:16:42,855 : episode: 16 score: -99.9 100 games avg: -99.9 steps 64 
INFO : 2021-02-02 01:16:44,636 : episode: 17 score: -106.6 100 games avg: -106.6 steps 135 
INFO : 2021-02-02 01:16:45,741 : episode: 18 score: -100.5 100 games avg: -100.5 steps 84 
INFO : 2021-02-02 01:16:46,474 : episode: 19 score: -101.9 100 games avg: -101.9 steps 56 
INFO : 2021-02-02 01:16:47,271 : episode: 20 score: -103.1 100 games avg: -103.1 steps 61 
INFO : 2021-02-02 01:16:48,262 : episode: 21 score: -101.7 100 games avg: -101.7 steps 76 
INFO : 2021-02-02 01:16:49,138 : episode: 22 score: -103.7 100 games avg: -103.7 steps 67 
INFO : 2021-02-02 01:16:49,815 : episode: 23 score: -103.8 100 games avg: -103.8 steps 51 
INFO : 2021-02-02 01:16:50,836 : episode: 24 score: -105.7 100 games avg: -105.7 steps 78 
INFO : 2021-02-02 01:16:51,993 : episode: 25 score: -104.4 100 games avg: -104.4 steps 88 
INFO : 2021-02-02 01:16:52,824 : episode: 26 score: -106.9 100 games avg: -106.9 steps 61 
INFO : 2021-02-02 01:16:53,827 : episode: 27 score: -101.9 100 games avg: -101.9 steps 76 
INFO : 2021-02-02 01:16:54,455 : episode: 28 score: -104.7 100 games avg: -104.7 steps 48 
INFO : 2021-02-02 01:16:55,537 : episode: 29 score: -102.3 100 games avg: -102.3 steps 82 
INFO : 2021-02-02 01:17:16,625 : episode: 30 score: -106.4 100 games avg: -106.4 steps 1600 
INFO : 2021-02-02 01:17:17,905 : episode: 31 score: -106.2 100 games avg: -106.2 steps 98 
INFO : 2021-02-02 01:17:18,786 : episode: 32 score: -116.0 100 games avg: -116.0 steps 67 
INFO : 2021-02-02 01:17:19,560 : episode: 33 score: -120.7 100 games avg: -120.7 steps 59 
INFO : 2021-02-02 01:17:20,805 : episode: 34 score: -116.5 100 games avg: -116.5 steps 95 
INFO : 2021-02-02 01:17:24,739 : episode: 35 score: -142.5 100 games avg: -142.5 steps 300 
INFO : 2021-02-02 01:17:26,664 : episode: 36 score: -134.1 100 games avg: -134.1 steps 148 
INFO : 2021-02-02 01:17:30,745 : episode: 37 score: -129.9 100 games avg: -129.9 steps 307 
INFO : 2021-02-02 01:17:36,798 : episode: 38 score: -156.3 100 games avg: -156.3 steps 466 
INFO : 2021-02-02 01:17:38,989 : episode: 39 score: -127.8 100 games avg: -127.8 steps 167 
INFO : 2021-02-02 01:17:40,222 : episode: 40 score: -104.3 100 games avg: -104.3 steps 94 
INFO : 2021-02-02 01:17:41,358 : episode: 41 score: -112.1 100 games avg: -112.1 steps 87 
INFO : 2021-02-02 01:18:02,344 : episode: 42 score: -87.4 100 games avg: -87.4 steps 1600 
INFO : 2021-02-02 01:18:23,357 : episode: 43 score: -85.7 100 games avg: -85.7 steps 1600 
INFO : 2021-02-02 01:18:24,162 : episode: 44 score: -118.4 100 games avg: -118.4 steps 61 
INFO : 2021-02-02 01:18:24,904 : episode: 45 score: -118.0 100 games avg: -118.0 steps 57 
INFO : 2021-02-02 01:18:25,560 : episode: 46 score: -117.7 100 games avg: -117.7 steps 50 
INFO : 2021-02-02 01:18:26,243 : episode: 47 score: -118.7 100 games avg: -118.7 steps 52 
INFO : 2021-02-02 01:18:27,363 : episode: 48 score: -118.8 100 games avg: -118.8 steps 85 
INFO : 2021-02-02 01:18:28,239 : episode: 49 score: -113.3 100 games avg: -113.3 steps 67 
INFO : 2021-02-02 01:18:29,050 : episode: 50 score: -121.2 100 games avg: -121.2 steps 62 
INFO : 2021-02-02 01:18:30,060 : episode: 51 score: -110.2 100 games avg: -110.2 steps 77 
INFO : 2021-02-02 01:18:30,936 : episode: 52 score: -120.0 100 games avg: -120.0 steps 67 
INFO : 2021-02-02 01:18:31,619 : episode: 53 score: -113.8 100 games avg: -113.8 steps 52 
INFO : 2021-02-02 01:18:33,419 : episode: 54 score: -113.3 100 games avg: -113.3 steps 137 
INFO : 2021-02-02 01:18:34,258 : episode: 55 score: -121.5 100 games avg: -121.5 steps 64 
INFO : 2021-02-02 01:18:35,335 : episode: 56 score: -124.1 100 games avg: -124.1 steps 82 
INFO : 2021-02-02 01:18:36,148 : episode: 57 score: -114.9 100 games avg: -114.9 steps 61 
INFO : 2021-02-02 01:18:37,220 : episode: 58 score: -119.5 100 games avg: -119.5 steps 82 
INFO : 2021-02-02 01:18:38,202 : episode: 59 score: -124.2 100 games avg: -124.2 steps 75 
INFO : 2021-02-02 01:18:38,999 : episode: 60 score: -112.7 100 games avg: -112.7 steps 60 
INFO : 2021-02-02 01:18:39,917 : episode: 61 score: -121.6 100 games avg: -121.6 steps 69 
INFO : 2021-02-02 01:18:40,731 : episode: 62 score: -112.7 100 games avg: -112.7 steps 60 
INFO : 2021-02-02 01:18:41,833 : episode: 63 score: -120.7 100 games avg: -120.7 steps 84 
INFO : 2021-02-02 01:18:42,656 : episode: 64 score: -120.7 100 games avg: -120.7 steps 62 
INFO : 2021-02-02 01:18:43,590 : episode: 65 score: -122.9 100 games avg: -122.9 steps 71 
INFO : 2021-02-02 01:18:44,819 : episode: 66 score: -125.2 100 games avg: -125.2 steps 94 
INFO : 2021-02-02 01:18:45,926 : episode: 67 score: -123.3 100 games avg: -123.3 steps 78 
INFO : 2021-02-02 01:18:46,714 : episode: 68 score: -120.7 100 games avg: -120.7 steps 60 
INFO : 2021-02-02 01:18:47,803 : episode: 69 score: -124.9 100 games avg: -124.9 steps 83 
INFO : 2021-02-02 01:18:49,036 : episode: 70 score: -135.7 100 games avg: -135.7 steps 91 
INFO : 2021-02-02 01:18:50,162 : episode: 71 score: -121.9 100 games avg: -121.9 steps 86 
INFO : 2021-02-02 01:18:53,125 : episode: 72 score: -118.8 100 games avg: -118.8 steps 227 
INFO : 2021-02-02 01:18:53,942 : episode: 73 score: -119.7 100 games avg: -119.7 steps 62 
INFO : 2021-02-02 01:18:54,643 : episode: 74 score: -117.2 100 games avg: -117.2 steps 53 
INFO : 2021-02-02 01:18:56,083 : episode: 75 score: -136.1 100 games avg: -136.1 steps 111 
INFO : 2021-02-02 01:18:57,595 : episode: 76 score: -113.6 100 games avg: -113.6 steps 116 
INFO : 2021-02-02 01:18:58,420 : episode: 77 score: -120.8 100 games avg: -120.8 steps 63 
INFO : 2021-02-02 01:19:00,320 : episode: 78 score: -127.4 100 games avg: -127.4 steps 146 
INFO : 2021-02-02 01:19:01,224 : episode: 79 score: -119.9 100 games avg: -119.9 steps 69 
INFO : 2021-02-02 01:19:02,256 : episode: 80 score: -120.8 100 games avg: -120.8 steps 79 
INFO : 2021-02-02 01:19:04,817 : episode: 81 score: -116.5 100 games avg: -116.5 steps 197 
INFO : 2021-02-02 01:19:06,042 : episode: 82 score: -123.4 100 games avg: -123.4 steps 91 
INFO : 2021-02-02 01:19:06,742 : episode: 83 score: -116.0 100 games avg: -116.0 steps 52 
INFO : 2021-02-02 01:19:07,726 : episode: 84 score: -115.9 100 games avg: -115.9 steps 75 
INFO : 2021-02-02 01:19:08,552 : episode: 85 score: -117.8 100 games avg: -117.8 steps 63 
INFO : 2021-02-02 01:19:09,942 : episode: 86 score: -126.1 100 games avg: -126.1 steps 106 
INFO : 2021-02-02 01:19:10,687 : episode: 87 score: -116.6 100 games avg: -116.6 steps 57 
INFO : 2021-02-02 01:19:11,851 : episode: 88 score: -116.7 100 games avg: -116.7 steps 87 
INFO : 2021-02-02 01:19:12,794 : episode: 89 score: -115.5 100 games avg: -115.5 steps 72 
INFO : 2021-02-02 01:19:13,543 : episode: 90 score: -115.0 100 games avg: -115.0 steps 57 
INFO : 2021-02-02 01:19:34,702 : episode: 91 score: -112.5 100 games avg: -112.5 steps 1600 
INFO : 2021-02-02 01:19:36,060 : episode: 92 score: -128.9 100 games avg: -128.9 steps 103 
INFO : 2021-02-02 01:19:37,192 : episode: 93 score: -121.8 100 games avg: -121.8 steps 81 
INFO : 2021-02-02 01:19:38,377 : episode: 94 score: -121.5 100 games avg: -121.5 steps 90 
INFO : 2021-02-02 01:19:39,606 : episode: 95 score: -127.0 100 games avg: -127.0 steps 94 
INFO : 2021-02-02 01:20:00,763 : episode: 96 score: -83.3 100 games avg: -83.3 steps 1600 
INFO : 2021-02-02 01:20:01,719 : episode: 97 score: -126.5 100 games avg: -126.5 steps 73 
INFO : 2021-02-02 01:20:02,886 : episode: 98 score: -126.9 100 games avg: -126.9 steps 89 
INFO : 2021-02-02 01:20:03,720 : episode: 99 score: -125.5 100 games avg: -125.5 steps 63 
