INFO : 2020-12-21 13:41:38,462 : method: Soft-Actor Critic
INFO : 2020-12-21 13:41:38,463 : parameter n_steps: 100 ensemble_size: 5 env: HalfCheetah-v2
INFO : 2020-12-21 13:41:41,324 : mpc horizon: 10 mpc_samples: 100 grad_steps: 10
INFO : 2020-12-21 13:41:41,324 : mpc_function policy
INFO : 2020-12-21 13:42:03,795 : episode: 0 score: -137.9 100 games avg: -137.9 steps 1000 
INFO : 2020-12-21 13:42:33,716 : episode: 1 score: -304.5 100 games avg: -304.5 steps 1000 
INFO : 2020-12-21 13:43:04,011 : episode: 2 score: -132.3 100 games avg: -132.3 steps 1000 
INFO : 2020-12-21 13:43:34,286 : episode: 3 score: -38.6 100 games avg: -38.6 steps 1000 
INFO : 2020-12-21 13:44:04,541 : episode: 4 score: -189.5 100 games avg: -189.5 steps 1000 
INFO : 2020-12-21 13:44:34,766 : episode: 5 score: -33.7 100 games avg: -33.7 steps 1000 
INFO : 2020-12-21 13:45:05,050 : episode: 6 score: -104.6 100 games avg: -104.6 steps 1000 
INFO : 2020-12-21 13:45:35,358 : episode: 7 score: -22.2 100 games avg: -22.2 steps 1000 
INFO : 2020-12-21 13:46:05,721 : episode: 8 score: 56.4 100 games avg: 56.4 steps 1000 
INFO : 2020-12-21 13:46:36,017 : episode: 9 score: -246.7 100 games avg: -246.7 steps 1000 
INFO : 2020-12-21 13:47:06,287 : episode: 10 score: 13.8 100 games avg: 13.8 steps 1000 
INFO : 2020-12-21 13:47:36,611 : episode: 11 score: -128.2 100 games avg: -128.2 steps 1000 
INFO : 2020-12-21 13:48:06,900 : episode: 12 score: -3.7 100 games avg: -3.7 steps 1000 
INFO : 2020-12-21 13:48:37,177 : episode: 13 score: 71.7 100 games avg: 71.7 steps 1000 
INFO : 2020-12-21 13:49:07,461 : episode: 14 score: 225.8 100 games avg: 225.8 steps 1000 
INFO : 2020-12-21 13:49:37,695 : episode: 15 score: 253.7 100 games avg: 253.7 steps 1000 
INFO : 2020-12-21 13:50:07,859 : episode: 16 score: 45.3 100 games avg: 45.3 steps 1000 
INFO : 2020-12-21 13:50:37,985 : episode: 17 score: 493.8 100 games avg: 493.8 steps 1000 
INFO : 2020-12-21 13:51:08,266 : episode: 18 score: 617.6 100 games avg: 617.6 steps 1000 
INFO : 2020-12-21 13:51:38,591 : episode: 19 score: 567.6 100 games avg: 567.6 steps 1000 
INFO : 2020-12-21 13:52:08,834 : episode: 20 score: 838.7 100 games avg: 838.7 steps 1000 
INFO : 2020-12-21 13:52:39,209 : episode: 21 score: 861.6 100 games avg: 861.6 steps 1000 
INFO : 2020-12-21 13:53:09,423 : episode: 22 score: 866.6 100 games avg: 866.6 steps 1000 
INFO : 2020-12-21 13:53:39,722 : episode: 23 score: 875.4 100 games avg: 875.4 steps 1000 
INFO : 2020-12-21 13:54:10,084 : episode: 24 score: 1107.5 100 games avg: 1107.5 steps 1000 
INFO : 2020-12-21 13:54:40,401 : episode: 25 score: 23.3 100 games avg: 23.3 steps 1000 
INFO : 2020-12-21 13:55:10,611 : episode: 26 score: 1133.3 100 games avg: 1133.3 steps 1000 
INFO : 2020-12-21 13:55:40,945 : episode: 27 score: 346.1 100 games avg: 346.1 steps 1000 
INFO : 2020-12-21 13:56:11,232 : episode: 28 score: 1013.9 100 games avg: 1013.9 steps 1000 
INFO : 2020-12-21 13:56:41,548 : episode: 29 score: 184.0 100 games avg: 184.0 steps 1000 
INFO : 2020-12-21 13:57:11,867 : episode: 30 score: 1111.1 100 games avg: 1111.1 steps 1000 
INFO : 2020-12-21 13:57:42,198 : episode: 31 score: 1258.3 100 games avg: 1258.3 steps 1000 
INFO : 2020-12-21 13:58:12,492 : episode: 32 score: 1161.3 100 games avg: 1161.3 steps 1000 
INFO : 2020-12-21 13:58:42,764 : episode: 33 score: 671.3 100 games avg: 671.3 steps 1000 
INFO : 2020-12-21 13:59:13,066 : episode: 34 score: 784.5 100 games avg: 784.5 steps 1000 
INFO : 2020-12-21 13:59:43,406 : episode: 35 score: -65.8 100 games avg: -65.8 steps 1000 
INFO : 2020-12-21 14:00:13,318 : episode: 36 score: 1343.6 100 games avg: 1343.6 steps 1000 
INFO : 2020-12-21 14:00:43,532 : episode: 37 score: 45.3 100 games avg: 45.3 steps 1000 
INFO : 2020-12-21 14:01:13,818 : episode: 38 score: 1140.7 100 games avg: 1140.7 steps 1000 
INFO : 2020-12-21 14:01:44,101 : episode: 39 score: 1373.2 100 games avg: 1373.2 steps 1000 
INFO : 2020-12-21 14:02:14,470 : episode: 40 score: 1555.2 100 games avg: 1555.2 steps 1000 
INFO : 2020-12-21 14:02:44,775 : episode: 41 score: 1748.9 100 games avg: 1748.9 steps 1000 
INFO : 2020-12-21 14:03:15,068 : episode: 42 score: 1780.9 100 games avg: 1780.9 steps 1000 
INFO : 2020-12-21 14:03:45,374 : episode: 43 score: 1855.2 100 games avg: 1855.2 steps 1000 
INFO : 2020-12-21 14:04:15,678 : episode: 44 score: 2068.6 100 games avg: 2068.6 steps 1000 
INFO : 2020-12-21 14:04:46,068 : episode: 45 score: 1660.1 100 games avg: 1660.1 steps 1000 
INFO : 2020-12-21 14:05:16,384 : episode: 46 score: 2006.0 100 games avg: 2006.0 steps 1000 
INFO : 2020-12-21 14:05:46,670 : episode: 47 score: 2100.4 100 games avg: 2100.4 steps 1000 
INFO : 2020-12-21 14:06:16,932 : episode: 48 score: 2209.3 100 games avg: 2209.3 steps 1000 
INFO : 2020-12-21 14:06:47,215 : episode: 49 score: 2001.7 100 games avg: 2001.7 steps 1000 
INFO : 2020-12-21 14:07:17,500 : episode: 50 score: 2271.5 100 games avg: 2271.5 steps 1000 
INFO : 2020-12-21 14:07:47,785 : episode: 51 score: 2356.9 100 games avg: 2356.9 steps 1000 
INFO : 2020-12-21 14:08:18,005 : episode: 52 score: 2423.8 100 games avg: 2423.8 steps 1000 
INFO : 2020-12-21 14:08:48,233 : episode: 53 score: 2490.8 100 games avg: 2490.8 steps 1000 
INFO : 2020-12-21 14:09:18,436 : episode: 54 score: 2415.9 100 games avg: 2415.9 steps 1000 
INFO : 2020-12-21 14:09:48,721 : episode: 55 score: 2543.6 100 games avg: 2543.6 steps 1000 
INFO : 2020-12-21 14:10:18,799 : episode: 56 score: 1564.0 100 games avg: 1564.0 steps 1000 
INFO : 2020-12-21 14:10:49,105 : episode: 57 score: 2584.1 100 games avg: 2584.1 steps 1000 
INFO : 2020-12-21 14:11:19,392 : episode: 58 score: 2613.8 100 games avg: 2613.8 steps 1000 
INFO : 2020-12-21 14:11:49,671 : episode: 59 score: 1773.0 100 games avg: 1773.0 steps 1000 
INFO : 2020-12-21 14:12:19,990 : episode: 60 score: 2756.9 100 games avg: 2756.9 steps 1000 
INFO : 2020-12-21 14:12:50,299 : episode: 61 score: 2646.3 100 games avg: 2646.3 steps 1000 
INFO : 2020-12-21 14:13:20,622 : episode: 62 score: 479.2 100 games avg: 479.2 steps 1000 
INFO : 2020-12-21 14:13:50,890 : episode: 63 score: 2758.4 100 games avg: 2758.4 steps 1000 
INFO : 2020-12-21 14:14:21,212 : episode: 64 score: 243.5 100 games avg: 243.5 steps 1000 
INFO : 2020-12-21 14:14:51,492 : episode: 65 score: 2823.7 100 games avg: 2823.7 steps 1000 
INFO : 2020-12-21 14:15:21,784 : episode: 66 score: 2888.3 100 games avg: 2888.3 steps 1000 
INFO : 2020-12-21 14:15:52,070 : episode: 67 score: 2869.9 100 games avg: 2869.9 steps 1000 
INFO : 2020-12-21 14:16:22,324 : episode: 68 score: 2691.6 100 games avg: 2691.6 steps 1000 
INFO : 2020-12-21 14:16:52,611 : episode: 69 score: 3099.1 100 games avg: 3099.1 steps 1000 
INFO : 2020-12-21 14:17:22,894 : episode: 70 score: 2998.8 100 games avg: 2998.8 steps 1000 
INFO : 2020-12-21 14:17:53,139 : episode: 71 score: 3128.3 100 games avg: 3128.3 steps 1000 
INFO : 2020-12-21 14:18:23,442 : episode: 72 score: 3140.8 100 games avg: 3140.8 steps 1000 
INFO : 2020-12-21 14:18:53,803 : episode: 73 score: 2893.4 100 games avg: 2893.4 steps 1000 
INFO : 2020-12-21 14:19:24,095 : episode: 74 score: 2875.5 100 games avg: 2875.5 steps 1000 
INFO : 2020-12-21 14:19:54,459 : episode: 75 score: 2716.1 100 games avg: 2716.1 steps 1000 
INFO : 2020-12-21 14:20:24,542 : episode: 76 score: 2944.8 100 games avg: 2944.8 steps 1000 
INFO : 2020-12-21 14:20:54,801 : episode: 77 score: 2921.1 100 games avg: 2921.1 steps 1000 
INFO : 2020-12-21 14:21:25,090 : episode: 78 score: 3071.8 100 games avg: 3071.8 steps 1000 
INFO : 2020-12-21 14:21:55,420 : episode: 79 score: 3181.6 100 games avg: 3181.6 steps 1000 
INFO : 2020-12-21 14:22:25,727 : episode: 80 score: 3124.0 100 games avg: 3124.0 steps 1000 
INFO : 2020-12-21 14:22:56,028 : episode: 81 score: 2932.9 100 games avg: 2932.9 steps 1000 
INFO : 2020-12-21 14:23:26,362 : episode: 82 score: 3024.8 100 games avg: 3024.8 steps 1000 
INFO : 2020-12-21 14:23:56,605 : episode: 83 score: 3165.2 100 games avg: 3165.2 steps 1000 
INFO : 2020-12-21 14:24:26,847 : episode: 84 score: 3116.0 100 games avg: 3116.0 steps 1000 
INFO : 2020-12-21 14:24:57,138 : episode: 85 score: 3047.9 100 games avg: 3047.9 steps 1000 
INFO : 2020-12-21 14:25:27,419 : episode: 86 score: 3000.4 100 games avg: 3000.4 steps 1000 
INFO : 2020-12-21 14:25:57,653 : episode: 87 score: 3039.0 100 games avg: 3039.0 steps 1000 
INFO : 2020-12-21 14:26:27,983 : episode: 88 score: 3365.6 100 games avg: 3365.6 steps 1000 
INFO : 2020-12-21 14:26:58,305 : episode: 89 score: 3375.0 100 games avg: 3375.0 steps 1000 
INFO : 2020-12-21 14:27:28,623 : episode: 90 score: 3148.0 100 games avg: 3148.0 steps 1000 
INFO : 2020-12-21 14:27:58,918 : episode: 91 score: 3318.6 100 games avg: 3318.6 steps 1000 
INFO : 2020-12-21 14:28:29,211 : episode: 92 score: 3138.7 100 games avg: 3138.7 steps 1000 
INFO : 2020-12-21 14:28:59,487 : episode: 93 score: 3028.3 100 games avg: 3028.3 steps 1000 
INFO : 2020-12-21 14:29:29,789 : episode: 94 score: 3162.4 100 games avg: 3162.4 steps 1000 
INFO : 2020-12-21 14:30:00,051 : episode: 95 score: 3065.9 100 games avg: 3065.9 steps 1000 
INFO : 2020-12-21 14:30:30,178 : episode: 96 score: 3308.8 100 games avg: 3308.8 steps 1000 
INFO : 2020-12-21 14:31:00,497 : episode: 97 score: 3320.6 100 games avg: 3320.6 steps 1000 
INFO : 2020-12-21 14:31:30,845 : episode: 98 score: 3228.9 100 games avg: 3228.9 steps 1000 
INFO : 2020-12-21 14:32:01,296 : episode: 99 score: 3352.8 100 games avg: 3352.8 steps 1000 
