INFO : 2021-01-31 02:44:47,942 : method: Soft-Actor Critic
INFO : 2021-01-31 02:44:47,942 : parameter n_steps: 200 ensemble_size: 5 env: Ant-v2
INFO : 2021-01-31 02:44:50,915 : mpc_function policy
INFO : 2021-01-31 02:44:50,916 : policy
INFO : 2021-01-31 02:44:52,255 : episode: 0 score: 259.1 100 games avg: 259.1 steps 309 
INFO : 2021-01-31 02:45:09,538 : episode: 1 score: -240.9 100 games avg: -240.9 steps 1000 
INFO : 2021-01-31 02:45:15,228 : episode: 2 score: 31.1 100 games avg: 31.1 steps 333 
INFO : 2021-01-31 02:45:32,581 : episode: 3 score: 130.9 100 games avg: 130.9 steps 1000 
INFO : 2021-01-31 02:45:36,889 : episode: 4 score: 19.6 100 games avg: 19.6 steps 245 
INFO : 2021-01-31 02:45:37,479 : episode: 5 score: 23.9 100 games avg: 23.9 steps 33 
INFO : 2021-01-31 02:45:54,728 : episode: 6 score: 428.3 100 games avg: 428.3 steps 1000 
INFO : 2021-01-31 02:46:07,172 : episode: 7 score: 282.1 100 games avg: 282.1 steps 726 
INFO : 2021-01-31 02:46:08,812 : episode: 8 score: 41.9 100 games avg: 41.9 steps 96 
INFO : 2021-01-31 02:46:09,477 : episode: 9 score: 7.6 100 games avg: 7.6 steps 39 
INFO : 2021-01-31 02:46:14,158 : episode: 10 score: 137.1 100 games avg: 137.1 steps 271 
INFO : 2021-01-31 02:46:16,439 : episode: 11 score: 48.8 100 games avg: 48.8 steps 133 
INFO : 2021-01-31 02:46:18,478 : episode: 12 score: 69.8 100 games avg: 69.8 steps 119 
INFO : 2021-01-31 02:46:35,798 : episode: 13 score: 458.4 100 games avg: 458.4 steps 1000 
INFO : 2021-01-31 02:46:53,241 : episode: 14 score: 397.9 100 games avg: 397.9 steps 1000 
INFO : 2021-01-31 02:46:53,664 : episode: 15 score: 8.8 100 games avg: 8.8 steps 24 
INFO : 2021-01-31 02:46:54,183 : episode: 16 score: 15.0 100 games avg: 15.0 steps 31 
INFO : 2021-01-31 02:46:58,243 : episode: 17 score: 142.1 100 games avg: 142.1 steps 275 
INFO : 2021-01-31 02:47:12,460 : episode: 18 score: 348.5 100 games avg: 348.5 steps 1000 
INFO : 2021-01-31 02:47:26,934 : episode: 19 score: 364.5 100 games avg: 364.5 steps 1000 
INFO : 2021-01-31 02:47:44,292 : episode: 20 score: 430.0 100 games avg: 430.0 steps 1000 
INFO : 2021-01-31 02:47:48,463 : episode: 21 score: 100.4 100 games avg: 100.4 steps 240 
INFO : 2021-01-31 02:47:54,288 : episode: 22 score: 192.9 100 games avg: 192.9 steps 333 
INFO : 2021-01-31 02:48:01,184 : episode: 23 score: 199.6 100 games avg: 199.6 steps 398 
INFO : 2021-01-31 02:48:11,771 : episode: 24 score: 234.1 100 games avg: 234.1 steps 615 
INFO : 2021-01-31 02:48:28,579 : episode: 25 score: 373.5 100 games avg: 373.5 steps 956 
INFO : 2021-01-31 02:48:45,883 : episode: 26 score: 431.1 100 games avg: 431.1 steps 1000 
INFO : 2021-01-31 02:49:01,846 : episode: 27 score: 343.0 100 games avg: 343.0 steps 911 
INFO : 2021-01-31 02:49:06,824 : episode: 28 score: 158.5 100 games avg: 158.5 steps 287 
INFO : 2021-01-31 02:49:24,237 : episode: 29 score: 591.4 100 games avg: 591.4 steps 1000 
INFO : 2021-01-31 02:49:32,312 : episode: 30 score: 259.2 100 games avg: 259.2 steps 469 
INFO : 2021-01-31 02:49:49,787 : episode: 31 score: 427.5 100 games avg: 427.5 steps 1000 
INFO : 2021-01-31 02:50:07,251 : episode: 32 score: 580.2 100 games avg: 580.2 steps 1000 
INFO : 2021-01-31 02:50:15,532 : episode: 33 score: 310.0 100 games avg: 310.0 steps 478 
INFO : 2021-01-31 02:50:32,942 : episode: 34 score: 520.2 100 games avg: 520.2 steps 1000 
INFO : 2021-01-31 02:50:38,291 : episode: 35 score: 152.6 100 games avg: 152.6 steps 311 
INFO : 2021-01-31 02:50:46,766 : episode: 36 score: 346.3 100 games avg: 346.3 steps 490 
INFO : 2021-01-31 02:51:04,204 : episode: 37 score: 540.4 100 games avg: 540.4 steps 1000 
INFO : 2021-01-31 02:51:21,450 : episode: 38 score: 602.4 100 games avg: 602.4 steps 1000 
INFO : 2021-01-31 02:51:38,653 : episode: 39 score: 477.5 100 games avg: 477.5 steps 1000 
INFO : 2021-01-31 02:51:56,103 : episode: 40 score: 603.3 100 games avg: 603.3 steps 1000 
INFO : 2021-01-31 02:52:13,320 : episode: 41 score: 375.2 100 games avg: 375.2 steps 1000 
INFO : 2021-01-31 02:52:30,617 : episode: 42 score: 748.7 100 games avg: 748.7 steps 1000 
INFO : 2021-01-31 02:52:48,097 : episode: 43 score: 499.7 100 games avg: 499.7 steps 1000 
INFO : 2021-01-31 02:52:53,185 : episode: 44 score: 219.3 100 games avg: 219.3 steps 296 
INFO : 2021-01-31 02:53:08,798 : episode: 45 score: 746.4 100 games avg: 746.4 steps 905 
INFO : 2021-01-31 02:53:26,281 : episode: 46 score: 517.8 100 games avg: 517.8 steps 1000 
INFO : 2021-01-31 02:53:35,199 : episode: 47 score: 340.4 100 games avg: 340.4 steps 518 
INFO : 2021-01-31 02:53:52,609 : episode: 48 score: 480.1 100 games avg: 480.1 steps 1000 
INFO : 2021-01-31 02:54:09,936 : episode: 49 score: 506.5 100 games avg: 506.5 steps 1000 
INFO : 2021-01-31 02:54:10,708 : episode: 50 score: 49.2 100 games avg: 49.2 steps 45 
INFO : 2021-01-31 02:54:28,174 : episode: 51 score: 608.2 100 games avg: 608.2 steps 1000 
INFO : 2021-01-31 02:54:45,478 : episode: 52 score: 568.1 100 games avg: 568.1 steps 1000 
INFO : 2021-01-31 02:55:03,220 : episode: 53 score: 533.9 100 games avg: 533.9 steps 1000 
INFO : 2021-01-31 02:55:19,335 : episode: 54 score: 644.4 100 games avg: 644.4 steps 929 
INFO : 2021-01-31 02:55:35,459 : episode: 55 score: 547.3 100 games avg: 547.3 steps 1000 
INFO : 2021-01-31 02:55:39,389 : episode: 56 score: 187.7 100 games avg: 187.7 steps 275 
INFO : 2021-01-31 02:55:53,720 : episode: 57 score: 510.8 100 games avg: 510.8 steps 1000 
INFO : 2021-01-31 02:56:09,501 : episode: 58 score: 518.3 100 games avg: 518.3 steps 1000 
INFO : 2021-01-31 02:56:26,779 : episode: 59 score: 686.4 100 games avg: 686.4 steps 1000 
INFO : 2021-01-31 02:56:28,256 : episode: 60 score: 96.3 100 games avg: 96.3 steps 84 
INFO : 2021-01-31 02:56:29,488 : episode: 61 score: 59.6 100 games avg: 59.6 steps 72 
INFO : 2021-01-31 02:56:39,904 : episode: 62 score: 404.5 100 games avg: 404.5 steps 599 
INFO : 2021-01-31 02:56:52,100 : episode: 63 score: 618.8 100 games avg: 618.8 steps 704 
INFO : 2021-01-31 02:56:56,227 : episode: 64 score: 232.1 100 games avg: 232.1 steps 238 
INFO : 2021-01-31 02:57:13,476 : episode: 65 score: 829.1 100 games avg: 829.1 steps 1000 
INFO : 2021-01-31 02:57:30,790 : episode: 66 score: 791.5 100 games avg: 791.5 steps 1000 
INFO : 2021-01-31 02:57:48,214 : episode: 67 score: 548.9 100 games avg: 548.9 steps 1000 
INFO : 2021-01-31 02:58:05,533 : episode: 68 score: 518.1 100 games avg: 518.1 steps 1000 
INFO : 2021-01-31 02:58:07,279 : episode: 69 score: 79.2 100 games avg: 79.2 steps 101 
INFO : 2021-01-31 02:58:08,922 : episode: 70 score: 99.1 100 games avg: 99.1 steps 94 
INFO : 2021-01-31 02:58:09,513 : episode: 71 score: 33.0 100 games avg: 33.0 steps 34 
INFO : 2021-01-31 02:58:27,023 : episode: 72 score: 528.6 100 games avg: 528.6 steps 1000 
INFO : 2021-01-31 02:58:44,336 : episode: 73 score: 763.8 100 games avg: 763.8 steps 1000 
INFO : 2021-01-31 02:59:01,649 : episode: 74 score: 551.2 100 games avg: 551.2 steps 1000 
INFO : 2021-01-31 02:59:18,942 : episode: 75 score: 611.5 100 games avg: 611.5 steps 1000 
INFO : 2021-01-31 02:59:36,270 : episode: 76 score: 468.8 100 games avg: 468.8 steps 1000 
INFO : 2021-01-31 02:59:53,707 : episode: 77 score: 591.9 100 games avg: 591.9 steps 1000 
INFO : 2021-01-31 03:00:11,185 : episode: 78 score: 707.2 100 games avg: 707.2 steps 1000 
INFO : 2021-01-31 03:00:28,723 : episode: 79 score: 635.6 100 games avg: 635.6 steps 1000 
INFO : 2021-01-31 03:00:46,220 : episode: 80 score: 806.4 100 games avg: 806.4 steps 1000 
INFO : 2021-01-31 03:01:03,642 : episode: 81 score: 543.6 100 games avg: 543.6 steps 1000 
INFO : 2021-01-31 03:01:20,898 : episode: 82 score: 530.7 100 games avg: 530.7 steps 1000 
INFO : 2021-01-31 03:01:38,139 : episode: 83 score: 616.5 100 games avg: 616.5 steps 1000 
INFO : 2021-01-31 03:01:48,563 : episode: 84 score: 517.8 100 games avg: 517.8 steps 595 
INFO : 2021-01-31 03:01:53,843 : episode: 85 score: 276.8 100 games avg: 276.8 steps 306 
INFO : 2021-01-31 03:01:54,174 : episode: 86 score: 29.2 100 games avg: 29.2 steps 19 
INFO : 2021-01-31 03:01:55,203 : episode: 87 score: 50.8 100 games avg: 50.8 steps 60 
INFO : 2021-01-31 03:02:12,423 : episode: 88 score: 944.0 100 games avg: 944.0 steps 1000 
INFO : 2021-01-31 03:02:28,905 : episode: 89 score: 845.7 100 games avg: 845.7 steps 945 
INFO : 2021-01-31 03:02:46,194 : episode: 90 score: 683.8 100 games avg: 683.8 steps 1000 
INFO : 2021-01-31 03:03:03,600 : episode: 91 score: 533.8 100 games avg: 533.8 steps 1000 
INFO : 2021-01-31 03:03:05,554 : episode: 92 score: 150.6 100 games avg: 150.6 steps 114 
INFO : 2021-01-31 03:03:12,099 : episode: 93 score: 442.2 100 games avg: 442.2 steps 381 
INFO : 2021-01-31 03:03:29,416 : episode: 94 score: 1028.7 100 games avg: 1028.7 steps 1000 
INFO : 2021-01-31 03:03:46,759 : episode: 95 score: 521.3 100 games avg: 521.3 steps 1000 
INFO : 2021-01-31 03:03:53,834 : episode: 96 score: 388.4 100 games avg: 388.4 steps 407 
INFO : 2021-01-31 03:04:11,078 : episode: 97 score: 1114.2 100 games avg: 1114.2 steps 1000 
INFO : 2021-01-31 03:04:22,434 : episode: 98 score: 641.1 100 games avg: 641.1 steps 654 
INFO : 2021-01-31 03:04:39,723 : episode: 99 score: 568.6 100 games avg: 568.6 steps 1000 
INFO : 2021-01-31 03:04:57,085 : episode: 100 score: 1084.7 100 games avg: 1084.7 steps 1000 
INFO : 2021-01-31 03:05:14,376 : episode: 101 score: 583.5 100 games avg: 583.5 steps 1000 
INFO : 2021-01-31 03:05:26,863 : episode: 102 score: 730.3 100 games avg: 730.3 steps 710 
INFO : 2021-01-31 03:05:44,301 : episode: 103 score: 1177.0 100 games avg: 1177.0 steps 1000 
INFO : 2021-01-31 03:05:57,896 : episode: 104 score: 749.0 100 games avg: 749.0 steps 779 
INFO : 2021-01-31 03:06:15,206 : episode: 105 score: 448.3 100 games avg: 448.3 steps 1000 
INFO : 2021-01-31 03:06:32,477 : episode: 106 score: 919.7 100 games avg: 919.7 steps 1000 
INFO : 2021-01-31 03:06:49,961 : episode: 107 score: 798.1 100 games avg: 798.1 steps 1000 
INFO : 2021-01-31 03:06:54,560 : episode: 108 score: 311.5 100 games avg: 311.5 steps 257 
INFO : 2021-01-31 03:07:11,966 : episode: 109 score: 568.9 100 games avg: 568.9 steps 1000 
INFO : 2021-01-31 03:07:22,342 : episode: 110 score: 753.9 100 games avg: 753.9 steps 601 
INFO : 2021-01-31 03:07:39,734 : episode: 111 score: 528.8 100 games avg: 528.8 steps 1000 
INFO : 2021-01-31 03:07:43,587 : episode: 112 score: 326.1 100 games avg: 326.1 steps 222 
INFO : 2021-01-31 03:08:01,010 : episode: 113 score: 792.1 100 games avg: 792.1 steps 1000 
INFO : 2021-01-31 03:08:01,402 : episode: 114 score: 20.1 100 games avg: 20.1 steps 23 
INFO : 2021-01-31 03:08:14,886 : episode: 115 score: 865.4 100 games avg: 865.4 steps 778 
INFO : 2021-01-31 03:08:27,975 : episode: 116 score: 1031.9 100 games avg: 1031.9 steps 760 
INFO : 2021-01-31 03:08:36,261 : episode: 117 score: 456.7 100 games avg: 456.7 steps 473 
INFO : 2021-01-31 03:08:41,004 : episode: 118 score: 422.0 100 games avg: 422.0 steps 278 
INFO : 2021-01-31 03:08:46,825 : episode: 119 score: 360.4 100 games avg: 360.4 steps 337 
INFO : 2021-01-31 03:09:04,269 : episode: 120 score: 487.1 100 games avg: 487.1 steps 1000 
INFO : 2021-01-31 03:09:21,526 : episode: 121 score: 885.3 100 games avg: 885.3 steps 1000 
INFO : 2021-01-31 03:09:38,854 : episode: 122 score: 1337.9 100 games avg: 1337.9 steps 1000 
INFO : 2021-01-31 03:09:39,652 : episode: 123 score: 56.6 100 games avg: 56.6 steps 46 
INFO : 2021-01-31 03:09:57,039 : episode: 124 score: 521.3 100 games avg: 521.3 steps 1000 
INFO : 2021-01-31 03:10:14,336 : episode: 125 score: 503.8 100 games avg: 503.8 steps 1000 
INFO : 2021-01-31 03:10:31,762 : episode: 126 score: 647.0 100 games avg: 647.0 steps 1000 
INFO : 2021-01-31 03:10:35,924 : episode: 127 score: 314.5 100 games avg: 314.5 steps 233 
INFO : 2021-01-31 03:10:53,254 : episode: 128 score: 1058.6 100 games avg: 1058.6 steps 1000 
INFO : 2021-01-31 03:11:10,542 : episode: 129 score: 881.9 100 games avg: 881.9 steps 1000 
INFO : 2021-01-31 03:11:27,972 : episode: 130 score: 502.2 100 games avg: 502.2 steps 1000 
INFO : 2021-01-31 03:11:45,312 : episode: 131 score: 695.2 100 games avg: 695.2 steps 1000 
INFO : 2021-01-31 03:12:02,716 : episode: 132 score: 482.2 100 games avg: 482.2 steps 1000 
INFO : 2021-01-31 03:12:19,977 : episode: 133 score: 500.3 100 games avg: 500.3 steps 1000 
INFO : 2021-01-31 03:12:37,377 : episode: 134 score: 504.3 100 games avg: 504.3 steps 1000 
INFO : 2021-01-31 03:12:54,734 : episode: 135 score: 508.6 100 games avg: 508.6 steps 1000 
INFO : 2021-01-31 03:13:12,012 : episode: 136 score: 1204.4 100 games avg: 1204.4 steps 1000 
INFO : 2021-01-31 03:13:29,379 : episode: 137 score: 551.9 100 games avg: 551.9 steps 1000 
INFO : 2021-01-31 03:13:46,676 : episode: 138 score: 641.0 100 games avg: 641.0 steps 1000 
INFO : 2021-01-31 03:14:04,025 : episode: 139 score: 666.8 100 games avg: 666.8 steps 1000 
INFO : 2021-01-31 03:14:21,387 : episode: 140 score: 1263.2 100 games avg: 1263.2 steps 1000 
INFO : 2021-01-31 03:14:38,742 : episode: 141 score: 596.5 100 games avg: 596.5 steps 1000 
INFO : 2021-01-31 03:14:50,427 : episode: 142 score: 1012.2 100 games avg: 1012.2 steps 678 
INFO : 2021-01-31 03:15:07,740 : episode: 143 score: 1057.0 100 games avg: 1057.0 steps 1000 
INFO : 2021-01-31 03:15:25,124 : episode: 144 score: 1274.6 100 games avg: 1274.6 steps 1000 
INFO : 2021-01-31 03:15:34,552 : episode: 145 score: 838.1 100 games avg: 838.1 steps 544 
INFO : 2021-01-31 03:15:52,166 : episode: 146 score: 1565.9 100 games avg: 1565.9 steps 1000 
INFO : 2021-01-31 03:15:56,521 : episode: 147 score: 360.1 100 games avg: 360.1 steps 254 
INFO : 2021-01-31 03:16:13,541 : episode: 148 score: 635.8 100 games avg: 635.8 steps 1000 
INFO : 2021-01-31 03:16:16,257 : episode: 149 score: 198.8 100 games avg: 198.8 steps 190 
INFO : 2021-01-31 03:16:30,638 : episode: 150 score: 501.2 100 games avg: 501.2 steps 1000 
INFO : 2021-01-31 03:16:45,054 : episode: 151 score: 573.8 100 games avg: 573.8 steps 1000 
INFO : 2021-01-31 03:17:02,307 : episode: 152 score: 555.2 100 games avg: 555.2 steps 1000 
INFO : 2021-01-31 03:17:19,708 : episode: 153 score: 476.9 100 games avg: 476.9 steps 1000 
INFO : 2021-01-31 03:17:37,184 : episode: 154 score: 689.3 100 games avg: 689.3 steps 1000 
INFO : 2021-01-31 03:17:42,974 : episode: 155 score: 556.0 100 games avg: 556.0 steps 327 
INFO : 2021-01-31 03:18:00,197 : episode: 156 score: 767.8 100 games avg: 767.8 steps 1000 
INFO : 2021-01-31 03:18:17,583 : episode: 157 score: 1635.3 100 games avg: 1635.3 steps 1000 
INFO : 2021-01-31 03:18:35,160 : episode: 158 score: 645.8 100 games avg: 645.8 steps 1000 
INFO : 2021-01-31 03:18:52,292 : episode: 159 score: 1760.9 100 games avg: 1760.9 steps 1000 
INFO : 2021-01-31 03:19:09,648 : episode: 160 score: 916.7 100 games avg: 916.7 steps 1000 
INFO : 2021-01-31 03:19:23,441 : episode: 161 score: 1306.7 100 games avg: 1306.7 steps 789 
INFO : 2021-01-31 03:19:40,876 : episode: 162 score: 1768.8 100 games avg: 1768.8 steps 1000 
INFO : 2021-01-31 03:19:58,157 : episode: 163 score: 744.7 100 games avg: 744.7 steps 1000 
INFO : 2021-01-31 03:20:15,436 : episode: 164 score: 1503.1 100 games avg: 1503.1 steps 1000 
INFO : 2021-01-31 03:20:32,677 : episode: 165 score: 695.8 100 games avg: 695.8 steps 1000 
INFO : 2021-01-31 03:20:34,380 : episode: 166 score: 126.5 100 games avg: 126.5 steps 98 
INFO : 2021-01-31 03:20:37,617 : episode: 167 score: 276.8 100 games avg: 276.8 steps 187 
INFO : 2021-01-31 03:20:39,189 : episode: 168 score: 117.8 100 games avg: 117.8 steps 90 
INFO : 2021-01-31 03:20:45,923 : episode: 169 score: 700.7 100 games avg: 700.7 steps 387 
INFO : 2021-01-31 03:21:03,768 : episode: 170 score: 805.2 100 games avg: 805.2 steps 1000 
INFO : 2021-01-31 03:21:21,140 : episode: 171 score: 1387.9 100 games avg: 1387.9 steps 1000 
INFO : 2021-01-31 03:21:38,588 : episode: 172 score: 1745.6 100 games avg: 1745.6 steps 1000 
INFO : 2021-01-31 03:21:55,795 : episode: 173 score: 1053.0 100 games avg: 1053.0 steps 1000 
INFO : 2021-01-31 03:22:13,217 : episode: 174 score: 463.3 100 games avg: 463.3 steps 1000 
INFO : 2021-01-31 03:22:22,734 : episode: 175 score: 816.9 100 games avg: 816.9 steps 548 
INFO : 2021-01-31 03:22:39,978 : episode: 176 score: 1651.2 100 games avg: 1651.2 steps 1000 
INFO : 2021-01-31 03:22:57,332 : episode: 177 score: 570.7 100 games avg: 570.7 steps 1000 
INFO : 2021-01-31 03:23:07,102 : episode: 178 score: 1086.4 100 games avg: 1086.4 steps 556 
INFO : 2021-01-31 03:23:24,595 : episode: 179 score: 707.3 100 games avg: 707.3 steps 1000 
INFO : 2021-01-31 03:23:26,039 : episode: 180 score: 140.5 100 games avg: 140.5 steps 83 
INFO : 2021-01-31 03:23:32,670 : episode: 181 score: 827.6 100 games avg: 827.6 steps 401 
INFO : 2021-01-31 03:23:33,387 : episode: 182 score: 64.0 100 games avg: 64.0 steps 46 
INFO : 2021-01-31 03:23:40,390 : episode: 183 score: 780.6 100 games avg: 780.6 steps 453 
INFO : 2021-01-31 03:23:55,624 : episode: 184 score: 1251.8 100 games avg: 1251.8 steps 1000 
INFO : 2021-01-31 03:24:10,920 : episode: 185 score: 889.6 100 games avg: 889.6 steps 1000 
INFO : 2021-01-31 03:24:13,193 : episode: 186 score: 269.7 100 games avg: 269.7 steps 149 
INFO : 2021-01-31 03:24:18,244 : episode: 187 score: 657.1 100 games avg: 657.1 steps 336 
INFO : 2021-01-31 03:24:22,219 : episode: 188 score: 431.2 100 games avg: 431.2 steps 261 
INFO : 2021-01-31 03:24:26,976 : episode: 189 score: 623.1 100 games avg: 623.1 steps 313 
INFO : 2021-01-31 03:24:42,376 : episode: 190 score: 1643.3 100 games avg: 1643.3 steps 1000 
INFO : 2021-01-31 03:24:57,765 : episode: 191 score: 1132.0 100 games avg: 1132.0 steps 1000 
INFO : 2021-01-31 03:25:13,061 : episode: 192 score: 568.9 100 games avg: 568.9 steps 1000 
INFO : 2021-01-31 03:25:14,309 : episode: 193 score: 113.9 100 games avg: 113.9 steps 82 
INFO : 2021-01-31 03:25:20,181 : episode: 194 score: 746.0 100 games avg: 746.0 steps 387 
INFO : 2021-01-31 03:25:23,742 : episode: 195 score: 405.9 100 games avg: 405.9 steps 235 
INFO : 2021-01-31 03:25:27,718 : episode: 196 score: 464.8 100 games avg: 464.8 steps 258 
INFO : 2021-01-31 03:25:43,166 : episode: 197 score: 1035.9 100 games avg: 1035.9 steps 1000 
INFO : 2021-01-31 03:25:46,116 : episode: 198 score: 384.0 100 games avg: 384.0 steps 192 
INFO : 2021-01-31 03:25:52,350 : episode: 199 score: 706.6 100 games avg: 706.6 steps 405 
