INFO : 2021-01-19 21:27:00,420 : method: Soft-Actor Critic
INFO : 2021-01-19 21:27:00,421 : parameter n_steps: 1000 ensemble_size: 5 env: Hopper-v2
INFO : 2021-01-19 21:27:03,137 : mpc_function policy
INFO : 2021-01-19 21:27:03,137 : sac
INFO : 2021-01-19 21:27:03,157 : episode: 0 score: 15.1 100 games avg: 15.1 steps 17 
INFO : 2021-01-19 21:27:03,174 : episode: 1 score: 14.1 100 games avg: 14.1 steps 16 
INFO : 2021-01-19 21:27:03,190 : episode: 2 score: 14.1 100 games avg: 14.1 steps 16 
INFO : 2021-01-19 21:27:03,208 : episode: 3 score: 15.2 100 games avg: 15.2 steps 17 
INFO : 2021-01-19 21:27:03,226 : episode: 4 score: 14.4 100 games avg: 14.4 steps 17 
INFO : 2021-01-19 21:27:03,244 : episode: 5 score: 15.2 100 games avg: 15.2 steps 17 
INFO : 2021-01-19 21:27:03,261 : episode: 6 score: 15.1 100 games avg: 15.1 steps 17 
INFO : 2021-01-19 21:27:03,278 : episode: 7 score: 13.9 100 games avg: 13.9 steps 16 
INFO : 2021-01-19 21:27:03,296 : episode: 8 score: 15.2 100 games avg: 15.2 steps 17 
INFO : 2021-01-19 21:27:03,314 : episode: 9 score: 14.8 100 games avg: 14.8 steps 17 
INFO : 2021-01-19 21:27:03,331 : episode: 10 score: 14.6 100 games avg: 14.6 steps 17 
INFO : 2021-01-19 21:27:03,349 : episode: 11 score: 15.0 100 games avg: 15.0 steps 17 
INFO : 2021-01-19 21:27:03,367 : episode: 12 score: 15.2 100 games avg: 15.2 steps 17 
INFO : 2021-01-19 21:27:03,384 : episode: 13 score: 14.5 100 games avg: 14.5 steps 16 
INFO : 2021-01-19 21:27:03,401 : episode: 14 score: 15.1 100 games avg: 15.1 steps 17 
INFO : 2021-01-19 21:27:03,809 : episode: 15 score: 17.4 100 games avg: 17.4 steps 18 
INFO : 2021-01-19 21:27:04,426 : episode: 16 score: 19.2 100 games avg: 19.2 steps 21 
INFO : 2021-01-19 21:27:05,086 : episode: 17 score: 25.3 100 games avg: 25.3 steps 22 
INFO : 2021-01-19 21:27:05,526 : episode: 18 score: 11.3 100 games avg: 11.3 steps 15 
INFO : 2021-01-19 21:27:06,744 : episode: 19 score: 54.8 100 games avg: 54.8 steps 41 
INFO : 2021-01-19 21:27:08,318 : episode: 20 score: 92.5 100 games avg: 92.5 steps 53 
INFO : 2021-01-19 21:27:09,628 : episode: 21 score: 73.8 100 games avg: 73.8 steps 45 
INFO : 2021-01-19 21:27:10,095 : episode: 22 score: 15.2 100 games avg: 15.2 steps 16 
INFO : 2021-01-19 21:27:10,938 : episode: 23 score: 47.8 100 games avg: 47.8 steps 29 
INFO : 2021-01-19 21:27:12,069 : episode: 24 score: 63.9 100 games avg: 63.9 steps 39 
INFO : 2021-01-19 21:27:14,044 : episode: 25 score: 97.0 100 games avg: 97.0 steps 68 
INFO : 2021-01-19 21:27:14,992 : episode: 26 score: 52.2 100 games avg: 52.2 steps 32 
INFO : 2021-01-19 21:27:16,279 : episode: 27 score: 69.6 100 games avg: 69.6 steps 44 
INFO : 2021-01-19 21:27:17,268 : episode: 28 score: 54.2 100 games avg: 54.2 steps 33 
INFO : 2021-01-19 21:27:18,365 : episode: 29 score: 62.3 100 games avg: 62.3 steps 38 
INFO : 2021-01-19 21:27:19,457 : episode: 30 score: 62.2 100 games avg: 62.2 steps 38 
INFO : 2021-01-19 21:27:20,214 : episode: 31 score: 58.9 100 games avg: 58.9 steps 36 
INFO : 2021-01-19 21:27:20,952 : episode: 32 score: 70.1 100 games avg: 70.1 steps 43 
INFO : 2021-01-19 21:27:21,495 : episode: 33 score: 52.6 100 games avg: 52.6 steps 32 
INFO : 2021-01-19 21:27:22,279 : episode: 34 score: 75.6 100 games avg: 75.6 steps 46 
INFO : 2021-01-19 21:27:22,632 : episode: 35 score: 41.4 100 games avg: 41.4 steps 24 
INFO : 2021-01-19 21:27:23,124 : episode: 36 score: 60.7 100 games avg: 60.7 steps 39 
INFO : 2021-01-19 21:27:23,440 : episode: 37 score: 42.8 100 games avg: 42.8 steps 25 
INFO : 2021-01-19 21:27:23,756 : episode: 38 score: 42.0 100 games avg: 42.0 steps 25 
INFO : 2021-01-19 21:27:24,148 : episode: 39 score: 49.3 100 games avg: 49.3 steps 31 
INFO : 2021-01-19 21:27:24,489 : episode: 40 score: 46.2 100 games avg: 46.2 steps 27 
INFO : 2021-01-19 21:27:24,793 : episode: 41 score: 41.9 100 games avg: 41.9 steps 24 
INFO : 2021-01-19 21:27:25,121 : episode: 42 score: 44.6 100 games avg: 44.6 steps 26 
INFO : 2021-01-19 21:27:25,475 : episode: 43 score: 47.3 100 games avg: 47.3 steps 28 
INFO : 2021-01-19 21:27:25,753 : episode: 44 score: 37.4 100 games avg: 37.4 steps 22 
INFO : 2021-01-19 21:27:26,057 : episode: 45 score: 41.6 100 games avg: 41.6 steps 24 
INFO : 2021-01-19 21:27:26,360 : episode: 46 score: 41.9 100 games avg: 41.9 steps 24 
INFO : 2021-01-19 21:27:26,701 : episode: 47 score: 47.0 100 games avg: 47.0 steps 27 
INFO : 2021-01-19 21:27:27,055 : episode: 48 score: 46.5 100 games avg: 46.5 steps 28 
INFO : 2021-01-19 21:27:27,446 : episode: 49 score: 55.2 100 games avg: 55.2 steps 31 
INFO : 2021-01-19 21:27:27,737 : episode: 50 score: 40.3 100 games avg: 40.3 steps 23 
INFO : 2021-01-19 21:27:28,116 : episode: 51 score: 53.9 100 games avg: 53.9 steps 30 
INFO : 2021-01-19 21:27:28,444 : episode: 52 score: 46.5 100 games avg: 46.5 steps 26 
INFO : 2021-01-19 21:27:28,823 : episode: 53 score: 52.8 100 games avg: 52.8 steps 30 
INFO : 2021-01-19 21:27:29,228 : episode: 54 score: 57.3 100 games avg: 57.3 steps 32 
INFO : 2021-01-19 21:27:29,594 : episode: 55 score: 51.1 100 games avg: 51.1 steps 29 
INFO : 2021-01-19 21:27:29,948 : episode: 56 score: 49.7 100 games avg: 49.7 steps 28 
INFO : 2021-01-19 21:27:30,377 : episode: 57 score: 62.8 100 games avg: 62.8 steps 34 
INFO : 2021-01-19 21:27:30,795 : episode: 58 score: 58.6 100 games avg: 58.6 steps 33 
INFO : 2021-01-19 21:27:31,249 : episode: 59 score: 65.6 100 games avg: 65.6 steps 36 
INFO : 2021-01-19 21:27:31,717 : episode: 60 score: 67.6 100 games avg: 67.6 steps 37 
INFO : 2021-01-19 21:27:32,197 : episode: 61 score: 69.8 100 games avg: 69.8 steps 38 
INFO : 2021-01-19 21:27:32,677 : episode: 62 score: 69.3 100 games avg: 69.3 steps 38 
INFO : 2021-01-19 21:27:33,157 : episode: 63 score: 69.6 100 games avg: 69.6 steps 38 
INFO : 2021-01-19 21:27:33,864 : episode: 64 score: 104.9 100 games avg: 104.9 steps 56 
INFO : 2021-01-19 21:27:34,319 : episode: 65 score: 65.0 100 games avg: 65.0 steps 36 
INFO : 2021-01-19 21:27:34,850 : episode: 66 score: 76.9 100 games avg: 76.9 steps 42 
INFO : 2021-01-19 21:27:35,380 : episode: 67 score: 77.2 100 games avg: 77.2 steps 42 
INFO : 2021-01-19 21:27:35,873 : episode: 68 score: 71.8 100 games avg: 71.8 steps 39 
INFO : 2021-01-19 21:27:36,391 : episode: 69 score: 76.0 100 games avg: 76.0 steps 41 
INFO : 2021-01-19 21:27:36,871 : episode: 70 score: 69.2 100 games avg: 69.2 steps 38 
INFO : 2021-01-19 21:27:37,490 : episode: 71 score: 91.1 100 games avg: 91.1 steps 49 
INFO : 2021-01-19 21:27:38,550 : episode: 72 score: 168.1 100 games avg: 168.1 steps 84 
INFO : 2021-01-19 21:27:39,548 : episode: 73 score: 147.2 100 games avg: 147.2 steps 79 
INFO : 2021-01-19 21:27:40,255 : episode: 74 score: 96.9 100 games avg: 96.9 steps 56 
INFO : 2021-01-19 21:27:41,025 : episode: 75 score: 107.7 100 games avg: 107.7 steps 61 
INFO : 2021-01-19 21:27:42,023 : episode: 76 score: 148.0 100 games avg: 148.0 steps 79 
INFO : 2021-01-19 21:27:43,071 : episode: 77 score: 161.4 100 games avg: 161.4 steps 83 
INFO : 2021-01-19 21:27:44,119 : episode: 78 score: 159.9 100 games avg: 159.9 steps 83 
INFO : 2021-01-19 21:27:45,155 : episode: 79 score: 169.3 100 games avg: 169.3 steps 82 
INFO : 2021-01-19 21:27:46,241 : episode: 80 score: 166.9 100 games avg: 166.9 steps 86 
INFO : 2021-01-19 21:27:47,303 : episode: 81 score: 163.9 100 games avg: 163.9 steps 84 
INFO : 2021-01-19 21:27:48,373 : episode: 82 score: 161.4 100 games avg: 161.4 steps 84 
INFO : 2021-01-19 21:27:49,469 : episode: 83 score: 169.6 100 games avg: 169.6 steps 86 
INFO : 2021-01-19 21:27:50,483 : episode: 84 score: 155.1 100 games avg: 155.1 steps 80 
INFO : 2021-01-19 21:27:51,582 : episode: 85 score: 168.6 100 games avg: 168.6 steps 87 
INFO : 2021-01-19 21:27:52,681 : episode: 86 score: 171.6 100 games avg: 171.6 steps 87 
INFO : 2021-01-19 21:27:53,792 : episode: 87 score: 172.2 100 games avg: 172.2 steps 88 
INFO : 2021-01-19 21:27:54,904 : episode: 88 score: 172.4 100 games avg: 172.4 steps 88 
INFO : 2021-01-19 21:27:55,965 : episode: 89 score: 165.9 100 games avg: 165.9 steps 84 
INFO : 2021-01-19 21:27:58,386 : episode: 90 score: 170.1 100 games avg: 170.1 steps 87 
INFO : 2021-01-19 21:28:00,825 : episode: 91 score: 165.5 100 games avg: 165.5 steps 85 
INFO : 2021-01-19 21:28:03,276 : episode: 92 score: 165.3 100 games avg: 165.3 steps 85 
INFO : 2021-01-19 21:28:05,821 : episode: 93 score: 169.3 100 games avg: 169.3 steps 85 
INFO : 2021-01-19 21:28:08,414 : episode: 94 score: 171.9 100 games avg: 171.9 steps 87 
INFO : 2021-01-19 21:28:10,872 : episode: 95 score: 159.2 100 games avg: 159.2 steps 83 
INFO : 2021-01-19 21:28:13,400 : episode: 96 score: 168.8 100 games avg: 168.8 steps 85 
INFO : 2021-01-19 21:28:15,959 : episode: 97 score: 169.8 100 games avg: 169.8 steps 86 
INFO : 2021-01-19 21:28:18,373 : episode: 98 score: 167.7 100 games avg: 167.7 steps 81 
INFO : 2021-01-19 21:28:20,804 : episode: 99 score: 165.3 100 games avg: 165.3 steps 82 
INFO : 2021-01-19 21:28:23,212 : episode: 100 score: 171.0 100 games avg: 171.0 steps 81 
INFO : 2021-01-19 21:28:25,746 : episode: 101 score: 169.5 100 games avg: 169.5 steps 85 
INFO : 2021-01-19 21:28:28,227 : episode: 102 score: 181.3 100 games avg: 181.3 steps 84 
INFO : 2021-01-19 21:28:30,713 : episode: 103 score: 179.1 100 games avg: 179.1 steps 83 
INFO : 2021-01-19 21:28:33,219 : episode: 104 score: 168.2 100 games avg: 168.2 steps 84 
INFO : 2021-01-19 21:28:35,716 : episode: 105 score: 165.4 100 games avg: 165.4 steps 84 
INFO : 2021-01-19 21:28:37,939 : episode: 106 score: 150.1 100 games avg: 150.1 steps 74 
INFO : 2021-01-19 21:28:40,400 : episode: 107 score: 172.9 100 games avg: 172.9 steps 82 
INFO : 2021-01-19 21:28:42,660 : episode: 108 score: 153.4 100 games avg: 153.4 steps 74 
INFO : 2021-01-19 21:28:45,288 : episode: 109 score: 194.4 100 games avg: 194.4 steps 88 
INFO : 2021-01-19 21:28:47,725 : episode: 110 score: 176.6 100 games avg: 176.6 steps 82 
INFO : 2021-01-19 21:28:50,329 : episode: 111 score: 194.4 100 games avg: 194.4 steps 88 
INFO : 2021-01-19 21:28:53,179 : episode: 112 score: 214.3 100 games avg: 214.3 steps 95 
INFO : 2021-01-19 21:28:55,889 : episode: 113 score: 204.4 100 games avg: 204.4 steps 91 
INFO : 2021-01-19 21:28:58,255 : episode: 114 score: 168.2 100 games avg: 168.2 steps 79 
INFO : 2021-01-19 21:29:00,783 : episode: 115 score: 186.5 100 games avg: 186.5 steps 85 
INFO : 2021-01-19 21:29:03,330 : episode: 116 score: 185.8 100 games avg: 185.8 steps 85 
INFO : 2021-01-19 21:29:05,929 : episode: 117 score: 185.7 100 games avg: 185.7 steps 85 
INFO : 2021-01-19 21:29:08,512 : episode: 118 score: 182.0 100 games avg: 182.0 steps 84 
INFO : 2021-01-19 21:29:10,907 : episode: 119 score: 172.3 100 games avg: 172.3 steps 80 
INFO : 2021-01-19 21:29:13,439 : episode: 120 score: 179.6 100 games avg: 179.6 steps 83 
INFO : 2021-01-19 21:29:15,860 : episode: 121 score: 166.6 100 games avg: 166.6 steps 80 
INFO : 2021-01-19 21:29:18,442 : episode: 122 score: 182.1 100 games avg: 182.1 steps 84 
INFO : 2021-01-19 21:29:20,921 : episode: 123 score: 172.9 100 games avg: 172.9 steps 81 
INFO : 2021-01-19 21:29:23,508 : episode: 124 score: 181.8 100 games avg: 181.8 steps 84 
INFO : 2021-01-19 21:29:26,071 : episode: 125 score: 182.2 100 games avg: 182.2 steps 84 
INFO : 2021-01-19 21:29:28,386 : episode: 126 score: 177.8 100 games avg: 177.8 steps 82 
INFO : 2021-01-19 21:29:30,569 : episode: 127 score: 174.3 100 games avg: 174.3 steps 82 
INFO : 2021-01-19 21:29:32,916 : episode: 128 score: 169.5 100 games avg: 169.5 steps 81 
INFO : 2021-01-19 21:29:35,212 : episode: 129 score: 182.0 100 games avg: 182.0 steps 84 
INFO : 2021-01-19 21:29:36,927 : episode: 130 score: 178.8 100 games avg: 178.8 steps 83 
INFO : 2021-01-19 21:29:38,079 : episode: 131 score: 176.9 100 games avg: 176.9 steps 82 
INFO : 2021-01-19 21:29:39,220 : episode: 132 score: 173.8 100 games avg: 173.8 steps 81 
INFO : 2021-01-19 21:29:40,354 : episode: 133 score: 173.9 100 games avg: 173.9 steps 81 
INFO : 2021-01-19 21:29:41,541 : episode: 134 score: 182.5 100 games avg: 182.5 steps 84 
INFO : 2021-01-19 21:29:43,495 : episode: 135 score: 182.1 100 games avg: 182.1 steps 84 
INFO : 2021-01-19 21:29:45,425 : episode: 136 score: 176.1 100 games avg: 176.1 steps 82 
INFO : 2021-01-19 21:29:47,256 : episode: 137 score: 183.5 100 games avg: 183.5 steps 84 
INFO : 2021-01-19 21:29:49,195 : episode: 138 score: 171.2 100 games avg: 171.2 steps 82 
INFO : 2021-01-19 21:29:51,451 : episode: 139 score: 176.5 100 games avg: 176.5 steps 82 
INFO : 2021-01-19 21:29:54,114 : episode: 140 score: 177.4 100 games avg: 177.4 steps 83 
INFO : 2021-01-19 21:29:55,839 : episode: 141 score: 180.8 100 games avg: 180.8 steps 84 
INFO : 2021-01-19 21:29:57,298 : episode: 142 score: 177.9 100 games avg: 177.9 steps 83 
INFO : 2021-01-19 21:29:58,887 : episode: 143 score: 170.4 100 games avg: 170.4 steps 80 
INFO : 2021-01-19 21:30:01,192 : episode: 144 score: 190.8 100 games avg: 190.8 steps 87 
INFO : 2021-01-19 21:30:03,379 : episode: 145 score: 170.6 100 games avg: 170.6 steps 81 
INFO : 2021-01-19 21:30:04,731 : episode: 146 score: 178.8 100 games avg: 178.8 steps 83 
INFO : 2021-01-19 21:30:06,162 : episode: 147 score: 181.7 100 games avg: 181.7 steps 84 
INFO : 2021-01-19 21:30:07,339 : episode: 148 score: 180.3 100 games avg: 180.3 steps 84 
INFO : 2021-01-19 21:30:08,467 : episode: 149 score: 171.7 100 games avg: 171.7 steps 80 
INFO : 2021-01-19 21:30:09,614 : episode: 150 score: 174.0 100 games avg: 174.0 steps 82 
INFO : 2021-01-19 21:30:10,725 : episode: 151 score: 167.1 100 games avg: 167.1 steps 79 
INFO : 2021-01-19 21:30:11,852 : episode: 152 score: 169.4 100 games avg: 169.4 steps 80 
INFO : 2021-01-19 21:30:13,050 : episode: 153 score: 173.5 100 games avg: 173.5 steps 82 
INFO : 2021-01-19 21:30:15,581 : episode: 154 score: 187.3 100 games avg: 187.3 steps 86 
INFO : 2021-01-19 21:30:17,959 : episode: 155 score: 180.2 100 games avg: 180.2 steps 83 
INFO : 2021-01-19 21:30:20,014 : episode: 156 score: 186.8 100 games avg: 186.8 steps 86 
INFO : 2021-01-19 21:30:21,466 : episode: 157 score: 176.7 100 games avg: 176.7 steps 82 
INFO : 2021-01-19 21:30:23,733 : episode: 158 score: 172.9 100 games avg: 172.9 steps 84 
INFO : 2021-01-19 21:30:26,388 : episode: 159 score: 164.5 100 games avg: 164.5 steps 79 
INFO : 2021-01-19 21:30:28,037 : episode: 160 score: 168.9 100 games avg: 168.9 steps 80 
INFO : 2021-01-19 21:30:30,202 : episode: 161 score: 178.3 100 games avg: 178.3 steps 83 
INFO : 2021-01-19 21:30:31,617 : episode: 162 score: 174.0 100 games avg: 174.0 steps 82 
INFO : 2021-01-19 21:30:33,078 : episode: 163 score: 174.3 100 games avg: 174.3 steps 82 
INFO : 2021-01-19 21:30:34,580 : episode: 164 score: 172.2 100 games avg: 172.2 steps 82 
INFO : 2021-01-19 21:30:36,646 : episode: 165 score: 170.2 100 games avg: 170.2 steps 83 
INFO : 2021-01-19 21:30:39,109 : episode: 166 score: 173.7 100 games avg: 173.7 steps 82 
INFO : 2021-01-19 21:30:41,551 : episode: 167 score: 168.1 100 games avg: 168.1 steps 81 
INFO : 2021-01-19 21:30:44,389 : episode: 168 score: 206.1 100 games avg: 206.1 steps 96 
INFO : 2021-01-19 21:30:46,853 : episode: 169 score: 177.8 100 games avg: 177.8 steps 83 
INFO : 2021-01-19 21:30:49,316 : episode: 170 score: 176.9 100 games avg: 176.9 steps 83 
INFO : 2021-01-19 21:30:51,745 : episode: 171 score: 173.0 100 games avg: 173.0 steps 82 
INFO : 2021-01-19 21:30:54,380 : episode: 172 score: 169.8 100 games avg: 169.8 steps 82 
INFO : 2021-01-19 21:30:56,152 : episode: 173 score: 177.6 100 games avg: 177.6 steps 83 
INFO : 2021-01-19 21:30:58,942 : episode: 174 score: 201.9 100 games avg: 201.9 steps 96 
INFO : 2021-01-19 21:31:01,509 : episode: 175 score: 170.0 100 games avg: 170.0 steps 83 
INFO : 2021-01-19 21:31:04,047 : episode: 176 score: 170.6 100 games avg: 170.6 steps 84 
INFO : 2021-01-19 21:31:06,817 : episode: 177 score: 189.1 100 games avg: 189.1 steps 92 
INFO : 2021-01-19 21:31:09,324 : episode: 178 score: 168.9 100 games avg: 168.9 steps 83 
INFO : 2021-01-19 21:31:12,012 : episode: 179 score: 170.4 100 games avg: 170.4 steps 82 
INFO : 2021-01-19 21:31:14,404 : episode: 180 score: 171.8 100 games avg: 171.8 steps 85 
INFO : 2021-01-19 21:31:17,228 : episode: 181 score: 173.9 100 games avg: 173.9 steps 82 
INFO : 2021-01-19 21:31:19,601 : episode: 182 score: 176.7 100 games avg: 176.7 steps 83 
INFO : 2021-01-19 21:31:22,640 : episode: 183 score: 202.2 100 games avg: 202.2 steps 91 
INFO : 2021-01-19 21:31:25,458 : episode: 184 score: 202.5 100 games avg: 202.5 steps 91 
INFO : 2021-01-19 21:31:27,429 : episode: 185 score: 198.9 100 games avg: 198.9 steps 90 
INFO : 2021-01-19 21:31:29,873 : episode: 186 score: 194.9 100 games avg: 194.9 steps 89 
INFO : 2021-01-19 21:31:31,661 : episode: 187 score: 210.4 100 games avg: 210.4 steps 92 
INFO : 2021-01-19 21:31:34,105 : episode: 188 score: 192.0 100 games avg: 192.0 steps 86 
INFO : 2021-01-19 21:31:36,578 : episode: 189 score: 165.2 100 games avg: 165.2 steps 82 
INFO : 2021-01-19 21:31:39,269 : episode: 190 score: 206.1 100 games avg: 206.1 steps 90 
INFO : 2021-01-19 21:31:41,969 : episode: 191 score: 204.4 100 games avg: 204.4 steps 90 
INFO : 2021-01-19 21:31:44,567 : episode: 192 score: 194.6 100 games avg: 194.6 steps 86 
INFO : 2021-01-19 21:31:47,066 : episode: 193 score: 175.5 100 games avg: 175.5 steps 83 
INFO : 2021-01-19 21:31:49,754 : episode: 194 score: 201.8 100 games avg: 201.8 steps 89 
INFO : 2021-01-19 21:31:51,624 : episode: 195 score: 211.1 100 games avg: 211.1 steps 92 
INFO : 2021-01-19 21:31:52,977 : episode: 196 score: 215.3 100 games avg: 215.3 steps 92 
INFO : 2021-01-19 21:31:54,337 : episode: 197 score: 204.2 100 games avg: 204.2 steps 93 
INFO : 2021-01-19 21:31:55,742 : episode: 198 score: 230.8 100 games avg: 230.8 steps 96 
INFO : 2021-01-19 21:31:56,911 : episode: 199 score: 159.3 100 games avg: 159.3 steps 80 
INFO : 2021-01-19 21:31:58,262 : episode: 200 score: 209.3 100 games avg: 209.3 steps 92 
INFO : 2021-01-19 21:31:59,689 : episode: 201 score: 231.4 100 games avg: 231.4 steps 97 
INFO : 2021-01-19 21:32:00,906 : episode: 202 score: 175.9 100 games avg: 175.9 steps 83 
INFO : 2021-01-19 21:32:02,231 : episode: 203 score: 189.4 100 games avg: 189.4 steps 90 
INFO : 2021-01-19 21:32:03,565 : episode: 204 score: 195.4 100 games avg: 195.4 steps 91 
INFO : 2021-01-19 21:32:04,875 : episode: 205 score: 183.4 100 games avg: 183.4 steps 89 
INFO : 2021-01-19 21:32:06,259 : episode: 206 score: 216.4 100 games avg: 216.4 steps 94 
INFO : 2021-01-19 21:32:07,615 : episode: 207 score: 212.8 100 games avg: 212.8 steps 92 
INFO : 2021-01-19 21:32:08,946 : episode: 208 score: 194.0 100 games avg: 194.0 steps 91 
INFO : 2021-01-19 21:32:10,380 : episode: 209 score: 223.6 100 games avg: 223.6 steps 98 
INFO : 2021-01-19 21:32:11,841 : episode: 210 score: 233.7 100 games avg: 233.7 steps 100 
INFO : 2021-01-19 21:32:13,218 : episode: 211 score: 208.8 100 games avg: 208.8 steps 94 
INFO : 2021-01-19 21:32:14,594 : episode: 212 score: 215.7 100 games avg: 215.7 steps 94 
INFO : 2021-01-19 21:32:15,985 : episode: 213 score: 218.0 100 games avg: 218.0 steps 95 
INFO : 2021-01-19 21:32:17,115 : episode: 214 score: 146.8 100 games avg: 146.8 steps 77 
INFO : 2021-01-19 21:32:18,440 : episode: 215 score: 190.8 100 games avg: 190.8 steps 90 
INFO : 2021-01-19 21:32:19,817 : episode: 216 score: 198.6 100 games avg: 198.6 steps 94 
INFO : 2021-01-19 21:32:20,731 : episode: 217 score: 109.5 100 games avg: 109.5 steps 62 
INFO : 2021-01-19 21:32:21,553 : episode: 218 score: 95.4 100 games avg: 95.4 steps 56 
INFO : 2021-01-19 21:32:22,994 : episode: 219 score: 224.0 100 games avg: 224.0 steps 98 
INFO : 2021-01-19 21:32:24,110 : episode: 220 score: 145.2 100 games avg: 145.2 steps 76 
INFO : 2021-01-19 21:32:25,031 : episode: 221 score: 111.5 100 games avg: 111.5 steps 63 
INFO : 2021-01-19 21:32:26,410 : episode: 222 score: 207.8 100 games avg: 207.8 steps 94 
INFO : 2021-01-19 21:32:27,748 : episode: 223 score: 190.5 100 games avg: 190.5 steps 91 
INFO : 2021-01-19 21:32:29,131 : episode: 224 score: 215.0 100 games avg: 215.0 steps 94 
INFO : 2021-01-19 21:32:30,547 : episode: 225 score: 223.2 100 games avg: 223.2 steps 96 
INFO : 2021-01-19 21:32:31,365 : episode: 226 score: 96.4 100 games avg: 96.4 steps 56 
INFO : 2021-01-19 21:32:31,542 : episode: 227 score: 10.6 100 games avg: 10.6 steps 12 
INFO : 2021-01-19 21:32:32,996 : episode: 228 score: 213.0 100 games avg: 213.0 steps 99 
INFO : 2021-01-19 21:32:34,147 : episode: 229 score: 151.6 100 games avg: 151.6 steps 78 
INFO : 2021-01-19 21:32:34,854 : episode: 230 score: 82.0 100 games avg: 82.0 steps 48 
INFO : 2021-01-19 21:32:35,664 : episode: 231 score: 94.2 100 games avg: 94.2 steps 55 
INFO : 2021-01-19 21:32:37,032 : episode: 232 score: 197.1 100 games avg: 197.1 steps 93 
INFO : 2021-01-19 21:32:37,737 : episode: 233 score: 80.8 100 games avg: 80.8 steps 48 
INFO : 2021-01-19 21:32:39,481 : episode: 234 score: 207.6 100 games avg: 207.6 steps 98 
INFO : 2021-01-19 21:32:41,804 : episode: 235 score: 207.5 100 games avg: 207.5 steps 91 
INFO : 2021-01-19 21:32:44,563 : episode: 236 score: 205.6 100 games avg: 205.6 steps 95 
INFO : 2021-01-19 21:32:46,855 : episode: 237 score: 210.3 100 games avg: 210.3 steps 93 
INFO : 2021-01-19 21:32:48,498 : episode: 238 score: 207.8 100 games avg: 207.8 steps 92 
INFO : 2021-01-19 21:32:50,402 : episode: 239 score: 201.2 100 games avg: 201.2 steps 95 
INFO : 2021-01-19 21:32:51,858 : episode: 240 score: 81.1 100 games avg: 81.1 steps 48 
INFO : 2021-01-19 21:32:54,531 : episode: 241 score: 212.2 100 games avg: 212.2 steps 99 
INFO : 2021-01-19 21:32:56,633 : episode: 242 score: 210.5 100 games avg: 210.5 steps 92 
INFO : 2021-01-19 21:32:59,200 : episode: 243 score: 212.3 100 games avg: 212.3 steps 93 
INFO : 2021-01-19 21:33:01,945 : episode: 244 score: 206.8 100 games avg: 206.8 steps 97 
INFO : 2021-01-19 21:33:04,600 : episode: 245 score: 182.8 100 games avg: 182.8 steps 88 
INFO : 2021-01-19 21:33:07,058 : episode: 246 score: 204.3 100 games avg: 204.3 steps 91 
INFO : 2021-01-19 21:33:09,364 : episode: 247 score: 198.5 100 games avg: 198.5 steps 88 
INFO : 2021-01-19 21:33:10,769 : episode: 248 score: 197.7 100 games avg: 197.7 steps 88 
INFO : 2021-01-19 21:33:12,056 : episode: 249 score: 197.5 100 games avg: 197.5 steps 91 
INFO : 2021-01-19 21:33:14,342 : episode: 250 score: 200.1 100 games avg: 200.1 steps 97 
INFO : 2021-01-19 21:33:17,209 : episode: 251 score: 196.8 100 games avg: 196.8 steps 93 
INFO : 2021-01-19 21:33:20,303 : episode: 252 score: 208.5 100 games avg: 208.5 steps 98 
INFO : 2021-01-19 21:33:22,318 : episode: 253 score: 191.1 100 games avg: 191.1 steps 87 
INFO : 2021-01-19 21:33:24,390 : episode: 254 score: 201.8 100 games avg: 201.8 steps 94 
INFO : 2021-01-19 21:33:27,067 : episode: 255 score: 201.7 100 games avg: 201.7 steps 94 
INFO : 2021-01-19 21:33:29,502 : episode: 256 score: 169.8 100 games avg: 169.8 steps 91 
INFO : 2021-01-19 21:33:32,796 : episode: 257 score: 226.0 100 games avg: 226.0 steps 100 
INFO : 2021-01-19 21:33:35,090 : episode: 258 score: 181.4 100 games avg: 181.4 steps 85 
INFO : 2021-01-19 21:33:37,376 : episode: 259 score: 231.7 100 games avg: 231.7 steps 103 
INFO : 2021-01-19 21:33:39,221 : episode: 260 score: 193.7 100 games avg: 193.7 steps 92 
INFO : 2021-01-19 21:33:40,462 : episode: 261 score: 199.8 100 games avg: 199.8 steps 88 
INFO : 2021-01-19 21:33:41,720 : episode: 262 score: 204.3 100 games avg: 204.3 steps 89 
INFO : 2021-01-19 21:33:43,229 : episode: 263 score: 248.9 100 games avg: 248.9 steps 104 
INFO : 2021-01-19 21:33:44,610 : episode: 264 score: 200.9 100 games avg: 200.9 steps 95 
INFO : 2021-01-19 21:33:46,033 : episode: 265 score: 206.4 100 games avg: 206.4 steps 98 
INFO : 2021-01-19 21:33:47,542 : episode: 266 score: 177.7 100 games avg: 177.7 steps 84 
INFO : 2021-01-19 21:33:50,739 : episode: 267 score: 258.3 100 games avg: 258.3 steps 106 
INFO : 2021-01-19 21:33:53,397 : episode: 268 score: 204.9 100 games avg: 204.9 steps 90 
INFO : 2021-01-19 21:33:56,242 : episode: 269 score: 233.1 100 games avg: 233.1 steps 95 
INFO : 2021-01-19 21:33:59,027 : episode: 270 score: 194.8 100 games avg: 194.8 steps 93 
INFO : 2021-01-19 21:34:01,734 : episode: 271 score: 211.0 100 games avg: 211.0 steps 90 
INFO : 2021-01-19 21:34:04,283 : episode: 272 score: 218.2 100 games avg: 218.2 steps 90 
INFO : 2021-01-19 21:34:06,353 : episode: 273 score: 233.4 100 games avg: 233.4 steps 95 
INFO : 2021-01-19 21:34:07,940 : episode: 274 score: 212.3 100 games avg: 212.3 steps 89 
INFO : 2021-01-19 21:34:09,480 : episode: 275 score: 262.9 100 games avg: 262.9 steps 107 
INFO : 2021-01-19 21:34:10,732 : episode: 276 score: 207.6 100 games avg: 207.6 steps 89 
INFO : 2021-01-19 21:34:13,041 : episode: 277 score: 214.9 100 games avg: 214.9 steps 90 
INFO : 2021-01-19 21:34:15,500 : episode: 278 score: 233.7 100 games avg: 233.7 steps 98 
INFO : 2021-01-19 21:34:16,861 : episode: 279 score: 238.8 100 games avg: 238.8 steps 97 
INFO : 2021-01-19 21:34:18,227 : episode: 280 score: 227.3 100 games avg: 227.3 steps 92 
INFO : 2021-01-19 21:34:20,328 : episode: 281 score: 223.7 100 games avg: 223.7 steps 94 
INFO : 2021-01-19 21:34:21,596 : episode: 282 score: 210.9 100 games avg: 210.9 steps 89 
INFO : 2021-01-19 21:34:23,047 : episode: 283 score: 223.9 100 games avg: 223.9 steps 103 
INFO : 2021-01-19 21:34:24,475 : episode: 284 score: 192.1 100 games avg: 192.1 steps 101 
