INFO : 2020-12-14 14:44:44,776 : method: Soft-Actor Critic
INFO : 2020-12-14 14:44:44,777 : perameter n_steps: 1000 ensemble_size: 3 env: HalfCheetah-v2
INFO : 2020-12-14 14:44:50,351 : mpc horizon: 10 mpc_samples: 500
INFO : 2020-12-14 14:45:10,778 : episode: 0 score: -350.2 100 games avg: -350.2 steps 1000 
INFO : 2020-12-14 14:45:38,558 : episode: 1 score: -266.9 100 games avg: -266.9 steps 1000 
INFO : 2020-12-14 14:46:06,375 : episode: 2 score: -307.5 100 games avg: -307.5 steps 1000 
INFO : 2020-12-14 14:46:34,752 : episode: 3 score: -208.0 100 games avg: -208.0 steps 1000 
INFO : 2020-12-14 14:47:03,407 : episode: 4 score: -273.9 100 games avg: -273.9 steps 1000 
INFO : 2020-12-14 14:47:32,385 : episode: 5 score: -142.5 100 games avg: -142.5 steps 1000 
INFO : 2020-12-14 14:48:01,978 : episode: 6 score: -218.6 100 games avg: -218.6 steps 1000 
INFO : 2020-12-14 14:48:31,608 : episode: 7 score: -98.1 100 games avg: -98.1 steps 1000 
INFO : 2020-12-14 14:49:01,676 : episode: 8 score: -197.7 100 games avg: -197.7 steps 1000 
INFO : 2020-12-14 14:49:32,334 : episode: 9 score: -203.3 100 games avg: -203.3 steps 1000 
INFO : 2020-12-14 14:50:04,254 : episode: 10 score: -275.2 100 games avg: -275.2 steps 1000 
INFO : 2020-12-14 14:50:35,444 : episode: 11 score: -69.6 100 games avg: -69.6 steps 1000 
INFO : 2020-12-14 14:51:07,112 : episode: 12 score: -210.4 100 games avg: -210.4 steps 1000 
INFO : 2020-12-14 14:51:39,228 : episode: 13 score: -203.8 100 games avg: -203.8 steps 1000 
INFO : 2020-12-14 14:52:11,431 : episode: 14 score: -221.2 100 games avg: -221.2 steps 1000 
INFO : 2020-12-14 14:52:44,054 : episode: 15 score: -139.3 100 games avg: -139.3 steps 1000 
INFO : 2020-12-14 14:53:17,120 : episode: 16 score: -124.4 100 games avg: -124.4 steps 1000 
INFO : 2020-12-14 14:53:50,589 : episode: 17 score: -212.1 100 games avg: -212.1 steps 1000 
INFO : 2020-12-14 14:54:24,593 : episode: 18 score: -205.7 100 games avg: -205.7 steps 1000 
INFO : 2020-12-14 14:54:58,814 : episode: 19 score: -109.1 100 games avg: -109.1 steps 1000 
INFO : 2020-12-14 14:55:33,347 : episode: 20 score: -212.3 100 games avg: -212.3 steps 1000 
INFO : 2020-12-14 14:56:08,372 : episode: 21 score: -204.8 100 games avg: -204.8 steps 1000 
INFO : 2020-12-14 14:56:43,515 : episode: 22 score: -161.0 100 games avg: -161.0 steps 1000 
INFO : 2020-12-14 14:57:19,094 : episode: 23 score: -98.7 100 games avg: -98.7 steps 1000 
INFO : 2020-12-14 14:57:54,960 : episode: 24 score: -150.0 100 games avg: -150.0 steps 1000 
INFO : 2020-12-14 14:58:31,262 : episode: 25 score: -158.0 100 games avg: -158.0 steps 1000 
INFO : 2020-12-14 14:59:07,807 : episode: 26 score: -139.1 100 games avg: -139.1 steps 1000 
INFO : 2020-12-14 14:59:45,067 : episode: 27 score: -185.6 100 games avg: -185.6 steps 1000 
INFO : 2020-12-14 15:00:22,611 : episode: 28 score: -186.7 100 games avg: -186.7 steps 1000 
INFO : 2020-12-14 15:01:00,650 : episode: 29 score: -43.4 100 games avg: -43.4 steps 1000 
INFO : 2020-12-14 15:01:38,682 : episode: 30 score: -161.7 100 games avg: -161.7 steps 1000 
INFO : 2020-12-14 15:02:17,323 : episode: 31 score: -90.3 100 games avg: -90.3 steps 1000 
INFO : 2020-12-14 15:02:56,127 : episode: 32 score: -191.3 100 games avg: -191.3 steps 1000 
INFO : 2020-12-14 15:03:35,467 : episode: 33 score: -120.3 100 games avg: -120.3 steps 1000 
INFO : 2020-12-14 15:04:15,089 : episode: 34 score: -157.9 100 games avg: -157.9 steps 1000 
INFO : 2020-12-14 15:04:55,149 : episode: 35 score: -111.5 100 games avg: -111.5 steps 1000 
INFO : 2020-12-14 15:05:35,423 : episode: 36 score: -121.4 100 games avg: -121.4 steps 1000 
INFO : 2020-12-14 15:06:16,614 : episode: 37 score: -101.9 100 games avg: -101.9 steps 1000 
INFO : 2020-12-14 15:06:57,629 : episode: 38 score: -170.8 100 games avg: -170.8 steps 1000 
INFO : 2020-12-14 15:07:39,080 : episode: 39 score: -132.7 100 games avg: -132.7 steps 1000 
INFO : 2020-12-14 15:08:21,049 : episode: 40 score: -105.3 100 games avg: -105.3 steps 1000 
INFO : 2020-12-14 15:09:03,131 : episode: 41 score: -151.3 100 games avg: -151.3 steps 1000 
INFO : 2020-12-14 15:09:45,585 : episode: 42 score: -60.9 100 games avg: -60.9 steps 1000 
INFO : 2020-12-14 15:10:28,283 : episode: 43 score: -201.7 100 games avg: -201.7 steps 1000 
INFO : 2020-12-14 15:11:11,691 : episode: 44 score: -122.2 100 games avg: -122.2 steps 1000 
INFO : 2020-12-14 15:11:55,341 : episode: 45 score: -116.9 100 games avg: -116.9 steps 1000 
INFO : 2020-12-14 15:12:39,053 : episode: 46 score: -142.2 100 games avg: -142.2 steps 1000 
INFO : 2020-12-14 15:13:23,325 : episode: 47 score: -188.2 100 games avg: -188.2 steps 1000 
INFO : 2020-12-14 15:14:08,166 : episode: 48 score: -73.4 100 games avg: -73.4 steps 1000 
INFO : 2020-12-14 15:14:53,349 : episode: 49 score: -113.4 100 games avg: -113.4 steps 1000 
INFO : 2020-12-14 15:15:39,027 : episode: 50 score: -172.5 100 games avg: -172.5 steps 1000 
INFO : 2020-12-14 15:16:24,707 : episode: 51 score: -24.6 100 games avg: -24.6 steps 1000 
INFO : 2020-12-14 15:17:11,096 : episode: 52 score: -56.4 100 games avg: -56.4 steps 1000 
INFO : 2020-12-14 15:17:57,646 : episode: 53 score: -57.7 100 games avg: -57.7 steps 1000 
INFO : 2020-12-14 15:18:44,503 : episode: 54 score: -127.3 100 games avg: -127.3 steps 1000 
INFO : 2020-12-14 15:19:31,193 : episode: 55 score: -36.2 100 games avg: -36.2 steps 1000 
INFO : 2020-12-14 15:20:18,480 : episode: 56 score: -135.8 100 games avg: -135.8 steps 1000 
INFO : 2020-12-14 15:21:06,317 : episode: 57 score: -64.8 100 games avg: -64.8 steps 1000 
INFO : 2020-12-14 15:21:54,212 : episode: 58 score: -90.4 100 games avg: -90.4 steps 1000 
INFO : 2020-12-14 15:22:42,751 : episode: 59 score: -40.5 100 games avg: -40.5 steps 1000 
INFO : 2020-12-14 15:23:31,830 : episode: 60 score: -155.7 100 games avg: -155.7 steps 1000 
INFO : 2020-12-14 15:24:21,663 : episode: 61 score: -138.7 100 games avg: -138.7 steps 1000 
INFO : 2020-12-14 15:25:11,962 : episode: 62 score: -24.3 100 games avg: -24.3 steps 1000 
INFO : 2020-12-14 15:26:02,270 : episode: 63 score: -34.5 100 games avg: -34.5 steps 1000 
INFO : 2020-12-14 15:26:52,599 : episode: 64 score: -139.5 100 games avg: -139.5 steps 1000 
INFO : 2020-12-14 15:27:43,275 : episode: 65 score: -126.6 100 games avg: -126.6 steps 1000 
INFO : 2020-12-14 15:28:34,396 : episode: 66 score: -104.9 100 games avg: -104.9 steps 1000 
INFO : 2020-12-14 15:29:26,019 : episode: 67 score: 9.1 100 games avg: 9.1 steps 1000 
INFO : 2020-12-14 15:30:17,991 : episode: 68 score: -77.4 100 games avg: -77.4 steps 1000 
INFO : 2020-12-14 15:31:10,238 : episode: 69 score: -57.0 100 games avg: -57.0 steps 1000 
INFO : 2020-12-14 15:32:02,933 : episode: 70 score: -73.2 100 games avg: -73.2 steps 1000 
INFO : 2020-12-14 15:32:55,605 : episode: 71 score: -132.5 100 games avg: -132.5 steps 1000 
INFO : 2020-12-14 15:33:48,961 : episode: 72 score: -19.0 100 games avg: -19.0 steps 1000 
INFO : 2020-12-14 15:34:42,881 : episode: 73 score: -42.1 100 games avg: -42.1 steps 1000 
INFO : 2020-12-14 15:35:36,759 : episode: 74 score: -88.6 100 games avg: -88.6 steps 1000 
INFO : 2020-12-14 15:36:31,034 : episode: 75 score: -122.6 100 games avg: -122.6 steps 1000 
INFO : 2020-12-14 15:37:25,999 : episode: 76 score: 1.9 100 games avg: 1.9 steps 1000 
INFO : 2020-12-14 15:38:21,294 : episode: 77 score: -194.1 100 games avg: -194.1 steps 1000 
INFO : 2020-12-14 15:39:16,757 : episode: 78 score: -24.5 100 games avg: -24.5 steps 1000 
INFO : 2020-12-14 15:40:12,673 : episode: 79 score: -46.2 100 games avg: -46.2 steps 1000 
INFO : 2020-12-14 15:41:09,181 : episode: 80 score: -37.9 100 games avg: -37.9 steps 1000 
INFO : 2020-12-14 15:42:05,778 : episode: 81 score: -46.7 100 games avg: -46.7 steps 1000 
INFO : 2020-12-14 15:43:02,995 : episode: 82 score: -50.9 100 games avg: -50.9 steps 1000 
INFO : 2020-12-14 15:44:00,853 : episode: 83 score: -97.3 100 games avg: -97.3 steps 1000 
INFO : 2020-12-14 15:44:58,781 : episode: 84 score: -113.9 100 games avg: -113.9 steps 1000 
INFO : 2020-12-14 15:45:58,477 : episode: 85 score: -5.4 100 games avg: -5.4 steps 1000 
INFO : 2020-12-14 15:46:56,988 : episode: 86 score: -141.2 100 games avg: -141.2 steps 1000 
INFO : 2020-12-14 15:47:55,847 : episode: 87 score: -42.7 100 games avg: -42.7 steps 1000 
INFO : 2020-12-14 15:48:55,238 : episode: 88 score: -146.7 100 games avg: -146.7 steps 1000 
INFO : 2020-12-14 15:49:54,666 : episode: 89 score: -97.1 100 games avg: -97.1 steps 1000 
INFO : 2020-12-14 15:50:54,952 : episode: 90 score: -74.1 100 games avg: -74.1 steps 1000 
INFO : 2020-12-14 15:51:55,006 : episode: 91 score: -11.3 100 games avg: -11.3 steps 1000 
INFO : 2020-12-14 15:52:55,815 : episode: 92 score: -177.9 100 games avg: -177.9 steps 1000 
INFO : 2020-12-14 15:53:56,995 : episode: 93 score: -155.9 100 games avg: -155.9 steps 1000 
INFO : 2020-12-14 15:54:58,449 : episode: 94 score: -158.4 100 games avg: -158.4 steps 1000 
INFO : 2020-12-14 15:55:59,972 : episode: 95 score: -16.0 100 games avg: -16.0 steps 1000 
INFO : 2020-12-14 15:57:02,128 : episode: 96 score: -143.1 100 games avg: -143.1 steps 1000 
INFO : 2020-12-14 15:58:04,108 : episode: 97 score: -122.4 100 games avg: -122.4 steps 1000 
INFO : 2020-12-14 15:59:06,676 : episode: 98 score: -23.7 100 games avg: -23.7 steps 1000 
INFO : 2020-12-14 16:00:09,957 : episode: 99 score: -115.8 100 games avg: -115.8 steps 1000 
INFO : 2020-12-14 16:01:13,460 : episode: 100 score: -50.6 100 games avg: -50.6 steps 1000 
INFO : 2020-12-14 16:02:17,417 : episode: 101 score: -123.7 100 games avg: -123.7 steps 1000 
INFO : 2020-12-14 16:03:21,842 : episode: 102 score: -138.2 100 games avg: -138.2 steps 1000 
INFO : 2020-12-14 16:04:26,519 : episode: 103 score: -163.5 100 games avg: -163.5 steps 1000 
INFO : 2020-12-14 16:05:31,897 : episode: 104 score: -50.6 100 games avg: -50.6 steps 1000 
INFO : 2020-12-14 16:06:37,321 : episode: 105 score: -93.0 100 games avg: -93.0 steps 1000 
INFO : 2020-12-14 16:07:43,115 : episode: 106 score: -129.5 100 games avg: -129.5 steps 1000 
INFO : 2020-12-14 16:08:49,828 : episode: 107 score: -162.0 100 games avg: -162.0 steps 1000 
INFO : 2020-12-14 16:09:56,516 : episode: 108 score: -175.4 100 games avg: -175.4 steps 1000 
INFO : 2020-12-14 16:11:03,514 : episode: 109 score: -85.4 100 games avg: -85.4 steps 1000 
INFO : 2020-12-14 16:12:10,418 : episode: 110 score: -23.5 100 games avg: -23.5 steps 1000 
INFO : 2020-12-14 16:13:18,203 : episode: 111 score: -166.1 100 games avg: -166.1 steps 1000 
INFO : 2020-12-14 16:14:26,216 : episode: 112 score: -21.3 100 games avg: -21.3 steps 1000 
INFO : 2020-12-14 16:15:34,604 : episode: 113 score: -131.2 100 games avg: -131.2 steps 1000 
INFO : 2020-12-14 16:16:43,618 : episode: 114 score: -108.0 100 games avg: -108.0 steps 1000 
INFO : 2020-12-14 16:17:52,772 : episode: 115 score: -2.8 100 games avg: -2.8 steps 1000 
INFO : 2020-12-14 16:19:02,332 : episode: 116 score: -39.1 100 games avg: -39.1 steps 1000 
INFO : 2020-12-14 16:20:12,260 : episode: 117 score: -8.7 100 games avg: -8.7 steps 1000 
INFO : 2020-12-14 16:21:22,289 : episode: 118 score: -44.5 100 games avg: -44.5 steps 1000 
INFO : 2020-12-14 16:22:32,897 : episode: 119 score: -10.2 100 games avg: -10.2 steps 1000 
INFO : 2020-12-14 16:23:43,908 : episode: 120 score: -2.1 100 games avg: -2.1 steps 1000 
INFO : 2020-12-14 16:24:55,388 : episode: 121 score: -11.4 100 games avg: -11.4 steps 1000 
INFO : 2020-12-14 16:26:07,624 : episode: 122 score: -189.4 100 games avg: -189.4 steps 1000 
INFO : 2020-12-14 16:27:19,577 : episode: 123 score: -82.9 100 games avg: -82.9 steps 1000 
INFO : 2020-12-14 16:28:32,038 : episode: 124 score: -4.0 100 games avg: -4.0 steps 1000 
INFO : 2020-12-14 16:29:44,964 : episode: 125 score: -152.5 100 games avg: -152.5 steps 1000 
INFO : 2020-12-14 16:30:57,962 : episode: 126 score: 10.9 100 games avg: 10.9 steps 1000 
INFO : 2020-12-14 16:32:11,408 : episode: 127 score: -39.1 100 games avg: -39.1 steps 1000 
INFO : 2020-12-14 16:33:25,377 : episode: 128 score: -90.7 100 games avg: -90.7 steps 1000 
INFO : 2020-12-14 16:34:39,516 : episode: 129 score: -128.8 100 games avg: -128.8 steps 1000 
INFO : 2020-12-14 16:35:53,728 : episode: 130 score: -82.5 100 games avg: -82.5 steps 1000 
INFO : 2020-12-14 16:37:08,478 : episode: 131 score: -90.1 100 games avg: -90.1 steps 1000 
INFO : 2020-12-14 16:38:23,666 : episode: 132 score: 18.3 100 games avg: 18.3 steps 1000 
INFO : 2020-12-14 16:39:39,559 : episode: 133 score: -102.1 100 games avg: -102.1 steps 1000 
INFO : 2020-12-14 16:40:55,708 : episode: 134 score: -33.3 100 games avg: -33.3 steps 1000 
INFO : 2020-12-14 16:42:12,199 : episode: 135 score: 62.8 100 games avg: 62.8 steps 1000 
INFO : 2020-12-14 16:43:28,885 : episode: 136 score: -114.8 100 games avg: -114.8 steps 1000 
INFO : 2020-12-14 16:44:46,113 : episode: 137 score: -35.5 100 games avg: -35.5 steps 1000 
INFO : 2020-12-14 16:46:03,493 : episode: 138 score: -45.3 100 games avg: -45.3 steps 1000 
INFO : 2020-12-14 16:47:21,371 : episode: 139 score: -172.5 100 games avg: -172.5 steps 1000 
INFO : 2020-12-14 16:48:39,737 : episode: 140 score: 76.8 100 games avg: 76.8 steps 1000 
INFO : 2020-12-14 16:49:58,374 : episode: 141 score: -32.4 100 games avg: -32.4 steps 1000 
INFO : 2020-12-14 16:51:17,418 : episode: 142 score: 25.6 100 games avg: 25.6 steps 1000 
INFO : 2020-12-14 16:52:36,590 : episode: 143 score: 61.5 100 games avg: 61.5 steps 1000 
INFO : 2020-12-14 16:53:55,858 : episode: 144 score: 41.0 100 games avg: 41.0 steps 1000 
INFO : 2020-12-14 16:55:16,350 : episode: 145 score: 28.0 100 games avg: 28.0 steps 1000 
INFO : 2020-12-14 16:56:36,473 : episode: 146 score: -98.1 100 games avg: -98.1 steps 1000 
INFO : 2020-12-14 16:57:57,381 : episode: 147 score: 25.6 100 games avg: 25.6 steps 1000 
INFO : 2020-12-14 16:59:18,640 : episode: 148 score: 0.2 100 games avg: 0.2 steps 1000 
INFO : 2020-12-14 17:00:40,457 : episode: 149 score: 67.6 100 games avg: 67.6 steps 1000 
INFO : 2020-12-14 17:02:02,201 : episode: 150 score: -42.8 100 games avg: -42.8 steps 1000 
INFO : 2020-12-14 17:03:24,398 : episode: 151 score: -62.4 100 games avg: -62.4 steps 1000 
INFO : 2020-12-14 17:04:46,969 : episode: 152 score: -36.1 100 games avg: -36.1 steps 1000 
INFO : 2020-12-14 17:06:10,080 : episode: 153 score: 26.4 100 games avg: 26.4 steps 1000 
INFO : 2020-12-14 17:07:33,340 : episode: 154 score: 47.4 100 games avg: 47.4 steps 1000 
INFO : 2020-12-14 17:08:57,125 : episode: 155 score: 9.2 100 games avg: 9.2 steps 1000 
INFO : 2020-12-14 17:10:21,260 : episode: 156 score: -94.2 100 games avg: -94.2 steps 1000 
INFO : 2020-12-14 17:11:45,498 : episode: 157 score: -90.2 100 games avg: -90.2 steps 1000 
INFO : 2020-12-14 17:13:10,459 : episode: 158 score: -169.1 100 games avg: -169.1 steps 1000 
INFO : 2020-12-14 17:14:35,903 : episode: 159 score: 14.2 100 games avg: 14.2 steps 1000 
INFO : 2020-12-14 17:16:01,289 : episode: 160 score: -156.9 100 games avg: -156.9 steps 1000 
INFO : 2020-12-14 17:17:27,319 : episode: 161 score: -83.6 100 games avg: -83.6 steps 1000 
INFO : 2020-12-14 17:18:53,651 : episode: 162 score: -30.5 100 games avg: -30.5 steps 1000 
INFO : 2020-12-14 17:20:20,366 : episode: 163 score: 90.6 100 games avg: 90.6 steps 1000 
INFO : 2020-12-14 17:21:47,053 : episode: 164 score: 85.7 100 games avg: 85.7 steps 1000 
INFO : 2020-12-14 17:23:14,613 : episode: 165 score: -101.0 100 games avg: -101.0 steps 1000 
INFO : 2020-12-14 17:24:42,487 : episode: 166 score: -81.0 100 games avg: -81.0 steps 1000 
INFO : 2020-12-14 17:26:10,828 : episode: 167 score: 121.2 100 games avg: 121.2 steps 1000 
INFO : 2020-12-14 17:27:39,736 : episode: 168 score: 39.6 100 games avg: 39.6 steps 1000 
INFO : 2020-12-14 17:29:08,419 : episode: 169 score: 91.1 100 games avg: 91.1 steps 1000 
INFO : 2020-12-14 17:30:37,814 : episode: 170 score: -8.8 100 games avg: -8.8 steps 1000 
INFO : 2020-12-14 17:32:07,417 : episode: 171 score: 51.4 100 games avg: 51.4 steps 1000 
INFO : 2020-12-14 17:33:37,602 : episode: 172 score: -17.9 100 games avg: -17.9 steps 1000 
INFO : 2020-12-14 17:35:07,927 : episode: 173 score: -110.1 100 games avg: -110.1 steps 1000 
INFO : 2020-12-14 17:36:38,404 : episode: 174 score: -67.7 100 games avg: -67.7 steps 1000 
INFO : 2020-12-14 17:38:09,714 : episode: 175 score: -154.8 100 games avg: -154.8 steps 1000 
INFO : 2020-12-14 17:39:40,773 : episode: 176 score: -150.6 100 games avg: -150.6 steps 1000 
INFO : 2020-12-14 17:41:12,389 : episode: 177 score: -125.9 100 games avg: -125.9 steps 1000 
INFO : 2020-12-14 17:42:44,831 : episode: 178 score: -106.8 100 games avg: -106.8 steps 1000 
INFO : 2020-12-14 17:44:17,337 : episode: 179 score: 55.8 100 games avg: 55.8 steps 1000 
INFO : 2020-12-14 17:45:49,995 : episode: 180 score: 56.3 100 games avg: 56.3 steps 1000 
INFO : 2020-12-14 17:47:23,098 : episode: 181 score: -16.7 100 games avg: -16.7 steps 1000 
INFO : 2020-12-14 17:48:56,549 : episode: 182 score: -160.3 100 games avg: -160.3 steps 1000 
INFO : 2020-12-14 17:50:30,544 : episode: 183 score: -33.7 100 games avg: -33.7 steps 1000 
INFO : 2020-12-14 17:52:04,913 : episode: 184 score: 16.9 100 games avg: 16.9 steps 1000 
INFO : 2020-12-14 17:53:39,328 : episode: 185 score: -97.7 100 games avg: -97.7 steps 1000 
INFO : 2020-12-14 17:55:15,778 : episode: 186 score: -112.7 100 games avg: -112.7 steps 1000 
INFO : 2020-12-14 17:56:51,277 : episode: 187 score: -18.1 100 games avg: -18.1 steps 1000 
INFO : 2020-12-14 17:58:26,872 : episode: 188 score: -53.7 100 games avg: -53.7 steps 1000 
INFO : 2020-12-14 18:00:03,610 : episode: 189 score: -67.6 100 games avg: -67.6 steps 1000 
INFO : 2020-12-14 18:01:40,928 : episode: 190 score: -1.6 100 games avg: -1.6 steps 1000 
INFO : 2020-12-14 18:03:18,670 : episode: 191 score: -36.7 100 games avg: -36.7 steps 1000 
INFO : 2020-12-14 18:04:57,045 : episode: 192 score: -81.9 100 games avg: -81.9 steps 1000 
INFO : 2020-12-14 18:06:35,525 : episode: 193 score: 142.8 100 games avg: 142.8 steps 1000 
INFO : 2020-12-14 18:08:15,131 : episode: 194 score: -163.8 100 games avg: -163.8 steps 1000 
INFO : 2020-12-14 18:09:55,098 : episode: 195 score: -11.9 100 games avg: -11.9 steps 1000 
INFO : 2020-12-14 18:11:35,634 : episode: 196 score: -111.7 100 games avg: -111.7 steps 1000 
INFO : 2020-12-14 18:13:15,955 : episode: 197 score: 84.2 100 games avg: 84.2 steps 1000 
INFO : 2020-12-14 18:14:57,534 : episode: 198 score: -138.9 100 games avg: -138.9 steps 1000 
INFO : 2020-12-14 18:16:39,247 : episode: 199 score: 148.4 100 games avg: 148.4 steps 1000 
INFO : 2020-12-14 18:18:21,312 : episode: 200 score: -108.6 100 games avg: -108.6 steps 1000 
INFO : 2020-12-14 18:20:03,980 : episode: 201 score: -90.4 100 games avg: -90.4 steps 1000 
INFO : 2020-12-14 18:21:47,390 : episode: 202 score: 78.7 100 games avg: 78.7 steps 1000 
INFO : 2020-12-14 18:23:30,684 : episode: 203 score: 99.7 100 games avg: 99.7 steps 1000 
INFO : 2020-12-14 18:25:14,862 : episode: 204 score: -100.7 100 games avg: -100.7 steps 1000 
INFO : 2020-12-14 18:27:00,293 : episode: 205 score: -22.7 100 games avg: -22.7 steps 1000 
INFO : 2020-12-14 18:28:44,950 : episode: 206 score: 146.1 100 games avg: 146.1 steps 1000 
INFO : 2020-12-14 18:30:32,291 : episode: 207 score: -54.0 100 games avg: -54.0 steps 1000 
INFO : 2020-12-14 18:32:18,411 : episode: 208 score: -69.6 100 games avg: -69.6 steps 1000 
INFO : 2020-12-14 18:34:05,213 : episode: 209 score: -99.0 100 games avg: -99.0 steps 1000 
INFO : 2020-12-14 18:35:52,178 : episode: 210 score: -7.5 100 games avg: -7.5 steps 1000 
INFO : 2020-12-14 18:37:38,998 : episode: 211 score: -58.9 100 games avg: -58.9 steps 1000 
INFO : 2020-12-14 18:39:26,789 : episode: 212 score: 150.4 100 games avg: 150.4 steps 1000 
INFO : 2020-12-14 18:41:14,958 : episode: 213 score: 101.2 100 games avg: 101.2 steps 1000 
INFO : 2020-12-14 18:43:03,424 : episode: 214 score: 67.4 100 games avg: 67.4 steps 1000 
INFO : 2020-12-14 18:44:52,454 : episode: 215 score: -75.2 100 games avg: -75.2 steps 1000 
INFO : 2020-12-14 18:46:42,017 : episode: 216 score: -123.7 100 games avg: -123.7 steps 1000 
INFO : 2020-12-14 18:48:31,888 : episode: 217 score: -129.1 100 games avg: -129.1 steps 1000 
INFO : 2020-12-14 18:50:22,431 : episode: 218 score: -93.2 100 games avg: -93.2 steps 1000 
INFO : 2020-12-14 18:52:13,605 : episode: 219 score: -31.9 100 games avg: -31.9 steps 1000 
INFO : 2020-12-14 18:54:05,112 : episode: 220 score: 65.6 100 games avg: 65.6 steps 1000 
INFO : 2020-12-14 18:55:56,418 : episode: 221 score: -29.0 100 games avg: -29.0 steps 1000 
INFO : 2020-12-14 18:57:47,967 : episode: 222 score: -140.7 100 games avg: -140.7 steps 1000 
INFO : 2020-12-14 18:59:40,112 : episode: 223 score: 110.2 100 games avg: 110.2 steps 1000 
INFO : 2020-12-14 19:01:32,684 : episode: 224 score: 87.9 100 games avg: 87.9 steps 1000 
INFO : 2020-12-14 19:03:26,273 : episode: 225 score: -104.5 100 games avg: -104.5 steps 1000 
INFO : 2020-12-14 19:05:20,139 : episode: 226 score: 115.6 100 games avg: 115.6 steps 1000 
INFO : 2020-12-14 19:07:14,724 : episode: 227 score: -31.6 100 games avg: -31.6 steps 1000 
INFO : 2020-12-14 19:09:09,115 : episode: 228 score: 34.0 100 games avg: 34.0 steps 1000 
INFO : 2020-12-14 19:11:03,652 : episode: 229 score: -52.9 100 games avg: -52.9 steps 1000 
INFO : 2020-12-14 19:12:59,186 : episode: 230 score: 87.9 100 games avg: 87.9 steps 1000 
INFO : 2020-12-14 19:14:55,758 : episode: 231 score: 10.5 100 games avg: 10.5 steps 1000 
INFO : 2020-12-14 19:16:52,092 : episode: 232 score: 131.5 100 games avg: 131.5 steps 1000 
INFO : 2020-12-14 19:18:49,096 : episode: 233 score: 96.5 100 games avg: 96.5 steps 1000 
INFO : 2020-12-14 19:20:45,875 : episode: 234 score: 154.8 100 games avg: 154.8 steps 1000 
INFO : 2020-12-14 19:22:43,752 : episode: 235 score: 118.3 100 games avg: 118.3 steps 1000 
INFO : 2020-12-14 19:24:41,408 : episode: 236 score: -11.3 100 games avg: -11.3 steps 1000 
INFO : 2020-12-14 19:26:39,131 : episode: 237 score: 121.1 100 games avg: 121.1 steps 1000 
INFO : 2020-12-14 19:28:37,920 : episode: 238 score: -74.2 100 games avg: -74.2 steps 1000 
INFO : 2020-12-14 19:30:37,114 : episode: 239 score: 170.2 100 games avg: 170.2 steps 1000 
INFO : 2020-12-14 19:32:35,691 : episode: 240 score: 112.6 100 games avg: 112.6 steps 1000 
INFO : 2020-12-14 19:34:36,167 : episode: 241 score: -39.0 100 games avg: -39.0 steps 1000 
INFO : 2020-12-14 19:36:36,890 : episode: 242 score: 139.0 100 games avg: 139.0 steps 1000 
INFO : 2020-12-14 19:38:37,131 : episode: 243 score: 41.1 100 games avg: 41.1 steps 1000 
INFO : 2020-12-14 19:40:38,935 : episode: 244 score: -162.5 100 games avg: -162.5 steps 1000 
INFO : 2020-12-14 19:42:40,321 : episode: 245 score: 25.2 100 games avg: 25.2 steps 1000 
INFO : 2020-12-14 19:44:41,519 : episode: 246 score: 89.1 100 games avg: 89.1 steps 1000 
INFO : 2020-12-14 19:46:44,976 : episode: 247 score: -20.8 100 games avg: -20.8 steps 1000 
INFO : 2020-12-14 19:48:46,732 : episode: 248 score: 151.3 100 games avg: 151.3 steps 1000 
INFO : 2020-12-14 19:50:50,445 : episode: 249 score: -42.5 100 games avg: -42.5 steps 1000 
INFO : 2020-12-14 19:52:54,167 : episode: 250 score: 9.0 100 games avg: 9.0 steps 1000 
INFO : 2020-12-14 19:54:57,667 : episode: 251 score: 183.7 100 games avg: 183.7 steps 1000 
INFO : 2020-12-14 19:57:02,647 : episode: 252 score: 135.1 100 games avg: 135.1 steps 1000 
INFO : 2020-12-14 19:59:06,602 : episode: 253 score: 65.4 100 games avg: 65.4 steps 1000 
INFO : 2020-12-14 20:01:13,088 : episode: 254 score: -21.9 100 games avg: -21.9 steps 1000 
INFO : 2020-12-14 20:03:18,029 : episode: 255 score: 145.2 100 games avg: 145.2 steps 1000 
INFO : 2020-12-14 20:05:24,682 : episode: 256 score: 131.8 100 games avg: 131.8 steps 1000 
INFO : 2020-12-14 20:07:30,561 : episode: 257 score: -82.6 100 games avg: -82.6 steps 1000 
INFO : 2020-12-14 20:09:37,227 : episode: 258 score: 107.6 100 games avg: 107.6 steps 1000 
INFO : 2020-12-14 20:11:44,590 : episode: 259 score: 150.9 100 games avg: 150.9 steps 1000 
INFO : 2020-12-14 20:13:51,826 : episode: 260 score: 118.2 100 games avg: 118.2 steps 1000 
INFO : 2020-12-14 20:16:00,480 : episode: 261 score: 130.7 100 games avg: 130.7 steps 1000 
INFO : 2020-12-14 20:18:08,707 : episode: 262 score: 162.9 100 games avg: 162.9 steps 1000 
INFO : 2020-12-14 20:20:17,457 : episode: 263 score: -17.7 100 games avg: -17.7 steps 1000 
INFO : 2020-12-14 20:22:26,091 : episode: 264 score: -78.7 100 games avg: -78.7 steps 1000 
INFO : 2020-12-14 20:24:35,996 : episode: 265 score: 60.5 100 games avg: 60.5 steps 1000 
INFO : 2020-12-14 20:26:45,898 : episode: 266 score: 150.7 100 games avg: 150.7 steps 1000 
INFO : 2020-12-14 20:28:56,508 : episode: 267 score: 46.8 100 games avg: 46.8 steps 1000 
INFO : 2020-12-14 20:31:07,531 : episode: 268 score: 137.2 100 games avg: 137.2 steps 1000 
INFO : 2020-12-14 20:33:18,794 : episode: 269 score: 168.0 100 games avg: 168.0 steps 1000 
INFO : 2020-12-14 20:35:30,460 : episode: 270 score: 205.7 100 games avg: 205.7 steps 1000 
INFO : 2020-12-14 20:37:42,091 : episode: 271 score: 20.5 100 games avg: 20.5 steps 1000 
INFO : 2020-12-14 20:39:55,572 : episode: 272 score: -158.7 100 games avg: -158.7 steps 1000 
INFO : 2020-12-14 20:42:07,334 : episode: 273 score: 225.3 100 games avg: 225.3 steps 1000 
INFO : 2020-12-14 20:44:21,235 : episode: 274 score: 191.2 100 games avg: 191.2 steps 1000 
INFO : 2020-12-14 20:46:34,146 : episode: 275 score: 172.5 100 games avg: 172.5 steps 1000 
INFO : 2020-12-14 20:48:49,147 : episode: 276 score: -127.9 100 games avg: -127.9 steps 1000 
INFO : 2020-12-14 20:51:03,134 : episode: 277 score: 181.7 100 games avg: 181.7 steps 1000 
INFO : 2020-12-14 20:53:18,178 : episode: 278 score: 51.4 100 games avg: 51.4 steps 1000 
INFO : 2020-12-14 20:55:33,640 : episode: 279 score: -146.3 100 games avg: -146.3 steps 1000 
INFO : 2020-12-14 20:57:48,808 : episode: 280 score: 95.5 100 games avg: 95.5 steps 1000 
INFO : 2020-12-14 21:00:05,263 : episode: 281 score: 148.9 100 games avg: 148.9 steps 1000 
INFO : 2020-12-14 21:02:20,868 : episode: 282 score: 252.1 100 games avg: 252.1 steps 1000 
INFO : 2020-12-14 21:04:38,327 : episode: 283 score: 102.3 100 games avg: 102.3 steps 1000 
INFO : 2020-12-14 21:06:55,487 : episode: 284 score: 169.9 100 games avg: 169.9 steps 1000 
INFO : 2020-12-14 21:09:12,901 : episode: 285 score: 201.5 100 games avg: 201.5 steps 1000 
INFO : 2020-12-14 21:11:31,857 : episode: 286 score: 188.5 100 games avg: 188.5 steps 1000 
INFO : 2020-12-14 21:13:49,510 : episode: 287 score: -70.8 100 games avg: -70.8 steps 1000 
INFO : 2020-12-14 21:16:09,359 : episode: 288 score: -175.4 100 games avg: -175.4 steps 1000 
INFO : 2020-12-14 21:18:28,768 : episode: 289 score: 190.9 100 games avg: 190.9 steps 1000 
INFO : 2020-12-14 21:20:50,633 : episode: 290 score: 221.7 100 games avg: 221.7 steps 1000 
INFO : 2020-12-14 21:23:11,418 : episode: 291 score: 222.5 100 games avg: 222.5 steps 1000 
INFO : 2020-12-14 21:25:31,485 : episode: 292 score: 276.8 100 games avg: 276.8 steps 1000 
INFO : 2020-12-14 21:27:52,592 : episode: 293 score: 167.0 100 games avg: 167.0 steps 1000 
INFO : 2020-12-14 21:30:14,761 : episode: 294 score: 93.5 100 games avg: 93.5 steps 1000 
INFO : 2020-12-14 21:32:35,406 : episode: 295 score: 211.2 100 games avg: 211.2 steps 1000 
INFO : 2020-12-14 21:34:58,369 : episode: 296 score: 207.7 100 games avg: 207.7 steps 1000 
INFO : 2020-12-14 21:37:21,174 : episode: 297 score: -141.7 100 games avg: -141.7 steps 1000 
INFO : 2020-12-14 21:39:43,828 : episode: 298 score: 188.1 100 games avg: 188.1 steps 1000 
INFO : 2020-12-14 21:42:07,645 : episode: 299 score: -44.2 100 games avg: -44.2 steps 1000 
INFO : 2020-12-14 21:44:30,805 : episode: 300 score: 284.6 100 games avg: 284.6 steps 1000 
INFO : 2020-12-14 21:46:54,740 : episode: 301 score: 170.5 100 games avg: 170.5 steps 1000 
INFO : 2020-12-14 21:49:19,849 : episode: 302 score: -29.1 100 games avg: -29.1 steps 1000 
INFO : 2020-12-14 21:51:44,650 : episode: 303 score: 266.8 100 games avg: 266.8 steps 1000 
INFO : 2020-12-14 21:54:10,087 : episode: 304 score: 274.1 100 games avg: 274.1 steps 1000 
INFO : 2020-12-14 21:56:36,688 : episode: 305 score: 186.8 100 games avg: 186.8 steps 1000 
INFO : 2020-12-14 21:59:02,491 : episode: 306 score: 257.1 100 games avg: 257.1 steps 1000 
INFO : 2020-12-14 22:01:28,920 : episode: 307 score: 34.8 100 games avg: 34.8 steps 1000 
INFO : 2020-12-14 22:03:56,475 : episode: 308 score: -38.5 100 games avg: -38.5 steps 1000 
INFO : 2020-12-14 22:06:23,780 : episode: 309 score: 330.2 100 games avg: 330.2 steps 1000 
INFO : 2020-12-14 22:08:51,751 : episode: 310 score: 294.2 100 games avg: 294.2 steps 1000 
INFO : 2020-12-14 22:11:20,451 : episode: 311 score: 342.8 100 games avg: 342.8 steps 1000 
INFO : 2020-12-14 22:13:48,703 : episode: 312 score: 264.4 100 games avg: 264.4 steps 1000 
INFO : 2020-12-14 22:16:17,263 : episode: 313 score: -27.9 100 games avg: -27.9 steps 1000 
INFO : 2020-12-14 22:18:47,060 : episode: 314 score: 296.2 100 games avg: 296.2 steps 1000 
INFO : 2020-12-14 22:21:17,002 : episode: 315 score: 263.6 100 games avg: 263.6 steps 1000 
INFO : 2020-12-14 22:23:46,850 : episode: 316 score: 309.4 100 games avg: 309.4 steps 1000 
INFO : 2020-12-14 22:26:17,965 : episode: 317 score: 321.2 100 games avg: 321.2 steps 1000 
INFO : 2020-12-14 22:28:49,568 : episode: 318 score: 260.4 100 games avg: 260.4 steps 1000 
INFO : 2020-12-14 22:31:22,437 : episode: 319 score: 330.9 100 games avg: 330.9 steps 1000 
INFO : 2020-12-14 22:33:55,209 : episode: 320 score: 248.0 100 games avg: 248.0 steps 1000 
INFO : 2020-12-14 22:36:28,166 : episode: 321 score: 109.5 100 games avg: 109.5 steps 1000 
INFO : 2020-12-14 22:39:00,007 : episode: 322 score: 304.7 100 games avg: 304.7 steps 1000 
INFO : 2020-12-14 22:41:32,925 : episode: 323 score: 297.5 100 games avg: 297.5 steps 1000 
INFO : 2020-12-14 22:44:06,854 : episode: 324 score: -109.7 100 games avg: -109.7 steps 1000 
INFO : 2020-12-14 22:46:40,965 : episode: 325 score: 227.7 100 games avg: 227.7 steps 1000 
INFO : 2020-12-14 22:49:14,197 : episode: 326 score: 271.1 100 games avg: 271.1 steps 1000 
INFO : 2020-12-14 22:51:49,538 : episode: 327 score: 241.9 100 games avg: 241.9 steps 1000 
INFO : 2020-12-14 22:54:25,202 : episode: 328 score: 172.9 100 games avg: 172.9 steps 1000 
INFO : 2020-12-14 22:56:59,930 : episode: 329 score: 341.8 100 games avg: 341.8 steps 1000 
INFO : 2020-12-14 22:59:35,849 : episode: 330 score: 254.6 100 games avg: 254.6 steps 1000 
INFO : 2020-12-14 23:02:12,522 : episode: 331 score: 352.6 100 games avg: 352.6 steps 1000 
INFO : 2020-12-14 23:04:49,266 : episode: 332 score: 267.9 100 games avg: 267.9 steps 1000 
INFO : 2020-12-14 23:07:24,706 : episode: 333 score: 347.1 100 games avg: 347.1 steps 1000 
INFO : 2020-12-14 23:10:02,723 : episode: 334 score: 282.6 100 games avg: 282.6 steps 1000 
INFO : 2020-12-14 23:12:41,518 : episode: 335 score: 290.8 100 games avg: 290.8 steps 1000 
INFO : 2020-12-14 23:15:19,566 : episode: 336 score: 254.2 100 games avg: 254.2 steps 1000 
INFO : 2020-12-14 23:17:57,616 : episode: 337 score: 301.6 100 games avg: 301.6 steps 1000 
INFO : 2020-12-14 23:20:37,270 : episode: 338 score: 41.7 100 games avg: 41.7 steps 1000 
INFO : 2020-12-14 23:23:16,959 : episode: 339 score: 325.5 100 games avg: 325.5 steps 1000 
INFO : 2020-12-14 23:25:55,964 : episode: 340 score: 250.8 100 games avg: 250.8 steps 1000 
INFO : 2020-12-14 23:28:35,742 : episode: 341 score: 377.8 100 games avg: 377.8 steps 1000 
INFO : 2020-12-14 23:31:16,920 : episode: 342 score: 291.3 100 games avg: 291.3 steps 1000 
INFO : 2020-12-14 23:33:58,438 : episode: 343 score: 298.5 100 games avg: 298.5 steps 1000 
INFO : 2020-12-14 23:36:39,007 : episode: 344 score: 300.7 100 games avg: 300.7 steps 1000 
INFO : 2020-12-14 23:39:20,969 : episode: 345 score: 312.4 100 games avg: 312.4 steps 1000 
INFO : 2020-12-14 23:42:03,753 : episode: 346 score: 314.0 100 games avg: 314.0 steps 1000 
INFO : 2020-12-14 23:44:48,553 : episode: 347 score: 289.3 100 games avg: 289.3 steps 1000 
INFO : 2020-12-14 23:47:31,178 : episode: 348 score: 343.1 100 games avg: 343.1 steps 1000 
INFO : 2020-12-14 23:50:14,185 : episode: 349 score: 425.6 100 games avg: 425.6 steps 1000 
INFO : 2020-12-14 23:52:58,454 : episode: 350 score: 347.4 100 games avg: 347.4 steps 1000 
INFO : 2020-12-14 23:55:43,352 : episode: 351 score: 387.2 100 games avg: 387.2 steps 1000 
INFO : 2020-12-14 23:58:27,435 : episode: 352 score: 315.5 100 games avg: 315.5 steps 1000 
INFO : 2020-12-15 00:01:12,170 : episode: 353 score: 357.4 100 games avg: 357.4 steps 1000 
INFO : 2020-12-15 00:03:58,087 : episode: 354 score: 319.8 100 games avg: 319.8 steps 1000 
INFO : 2020-12-15 00:06:44,183 : episode: 355 score: -35.5 100 games avg: -35.5 steps 1000 
INFO : 2020-12-15 00:09:30,206 : episode: 356 score: 265.2 100 games avg: 265.2 steps 1000 
INFO : 2020-12-15 00:12:16,191 : episode: 357 score: 300.7 100 games avg: 300.7 steps 1000 
INFO : 2020-12-15 00:15:03,783 : episode: 358 score: 331.4 100 games avg: 331.4 steps 1000 
INFO : 2020-12-15 00:17:51,910 : episode: 359 score: 407.0 100 games avg: 407.0 steps 1000 
INFO : 2020-12-15 00:20:40,305 : episode: 360 score: 95.3 100 games avg: 95.3 steps 1000 
INFO : 2020-12-15 00:23:27,556 : episode: 361 score: 300.5 100 games avg: 300.5 steps 1000 
INFO : 2020-12-15 00:26:16,951 : episode: 362 score: 393.0 100 games avg: 393.0 steps 1000 
INFO : 2020-12-15 00:29:06,555 : episode: 363 score: 379.7 100 games avg: 379.7 steps 1000 
INFO : 2020-12-15 00:31:56,515 : episode: 364 score: 377.1 100 games avg: 377.1 steps 1000 
INFO : 2020-12-15 00:34:45,755 : episode: 365 score: 353.5 100 games avg: 353.5 steps 1000 
INFO : 2020-12-15 00:37:35,302 : episode: 366 score: 363.4 100 games avg: 363.4 steps 1000 
INFO : 2020-12-15 00:40:26,110 : episode: 367 score: 341.3 100 games avg: 341.3 steps 1000 
INFO : 2020-12-15 00:43:17,280 : episode: 368 score: 166.2 100 games avg: 166.2 steps 1000 
INFO : 2020-12-15 00:46:09,082 : episode: 369 score: 421.4 100 games avg: 421.4 steps 1000 
INFO : 2020-12-15 00:49:00,045 : episode: 370 score: 376.7 100 games avg: 376.7 steps 1000 
INFO : 2020-12-15 00:51:53,118 : episode: 371 score: -129.3 100 games avg: -129.3 steps 1000 
INFO : 2020-12-15 00:54:46,189 : episode: 372 score: 389.7 100 games avg: 389.7 steps 1000 
INFO : 2020-12-15 00:57:39,692 : episode: 373 score: 392.2 100 games avg: 392.2 steps 1000 
INFO : 2020-12-15 01:00:33,287 : episode: 374 score: 355.9 100 games avg: 355.9 steps 1000 
INFO : 2020-12-15 01:03:27,691 : episode: 375 score: 513.1 100 games avg: 513.1 steps 1000 
INFO : 2020-12-15 01:06:22,060 : episode: 376 score: 353.8 100 games avg: 353.8 steps 1000 
INFO : 2020-12-15 01:09:17,294 : episode: 377 score: 375.0 100 games avg: 375.0 steps 1000 
INFO : 2020-12-15 01:12:13,049 : episode: 378 score: 342.5 100 games avg: 342.5 steps 1000 
INFO : 2020-12-15 01:15:08,693 : episode: 379 score: 413.9 100 games avg: 413.9 steps 1000 
INFO : 2020-12-15 01:18:04,001 : episode: 380 score: 484.2 100 games avg: 484.2 steps 1000 
INFO : 2020-12-15 01:21:00,905 : episode: 381 score: 389.4 100 games avg: 389.4 steps 1000 
INFO : 2020-12-15 01:23:58,351 : episode: 382 score: 303.8 100 games avg: 303.8 steps 1000 
INFO : 2020-12-15 01:26:55,663 : episode: 383 score: 405.5 100 games avg: 405.5 steps 1000 
INFO : 2020-12-15 01:29:52,992 : episode: 384 score: 359.2 100 games avg: 359.2 steps 1000 
INFO : 2020-12-15 01:32:49,760 : episode: 385 score: 490.4 100 games avg: 490.4 steps 1000 
INFO : 2020-12-15 01:35:48,407 : episode: 386 score: 438.3 100 games avg: 438.3 steps 1000 
INFO : 2020-12-15 01:38:47,426 : episode: 387 score: 379.2 100 games avg: 379.2 steps 1000 
INFO : 2020-12-15 01:41:46,824 : episode: 388 score: 441.2 100 games avg: 441.2 steps 1000 
INFO : 2020-12-15 01:44:46,533 : episode: 389 score: 397.0 100 games avg: 397.0 steps 1000 
INFO : 2020-12-15 01:47:45,364 : episode: 390 score: 380.6 100 games avg: 380.6 steps 1000 
INFO : 2020-12-15 01:50:46,130 : episode: 391 score: 406.1 100 games avg: 406.1 steps 1000 
INFO : 2020-12-15 01:53:47,350 : episode: 392 score: 430.0 100 games avg: 430.0 steps 1000 
INFO : 2020-12-15 01:56:48,681 : episode: 393 score: 442.2 100 games avg: 442.2 steps 1000 
INFO : 2020-12-15 01:59:50,327 : episode: 394 score: 437.6 100 games avg: 437.6 steps 1000 
INFO : 2020-12-15 02:02:51,503 : episode: 395 score: 416.9 100 games avg: 416.9 steps 1000 
INFO : 2020-12-15 02:05:53,937 : episode: 396 score: 399.5 100 games avg: 399.5 steps 1000 
INFO : 2020-12-15 02:08:57,223 : episode: 397 score: 377.9 100 games avg: 377.9 steps 1000 
INFO : 2020-12-15 02:12:00,666 : episode: 398 score: 359.9 100 games avg: 359.9 steps 1000 
INFO : 2020-12-15 02:15:04,783 : episode: 399 score: 455.6 100 games avg: 455.6 steps 1000 
INFO : 2020-12-15 02:18:08,112 : episode: 400 score: 460.5 100 games avg: 460.5 steps 1000 
INFO : 2020-12-15 02:21:11,896 : episode: 401 score: 468.4 100 games avg: 468.4 steps 1000 
INFO : 2020-12-15 02:24:16,908 : episode: 402 score: 411.0 100 games avg: 411.0 steps 1000 
INFO : 2020-12-15 02:27:23,992 : episode: 403 score: 459.0 100 games avg: 459.0 steps 1000 
INFO : 2020-12-15 02:30:29,758 : episode: 404 score: 396.4 100 games avg: 396.4 steps 1000 
INFO : 2020-12-15 02:33:36,135 : episode: 405 score: 397.0 100 games avg: 397.0 steps 1000 
INFO : 2020-12-15 02:36:41,170 : episode: 406 score: 490.2 100 games avg: 490.2 steps 1000 
INFO : 2020-12-15 02:39:47,967 : episode: 407 score: 485.2 100 games avg: 485.2 steps 1000 
INFO : 2020-12-15 02:42:54,534 : episode: 408 score: 445.0 100 games avg: 445.0 steps 1000 
INFO : 2020-12-15 02:46:02,285 : episode: 409 score: 356.5 100 games avg: 356.5 steps 1000 
INFO : 2020-12-15 02:49:10,585 : episode: 410 score: 530.2 100 games avg: 530.2 steps 1000 
INFO : 2020-12-15 02:52:19,022 : episode: 411 score: 454.3 100 games avg: 454.3 steps 1000 
INFO : 2020-12-15 02:55:26,393 : episode: 412 score: 429.5 100 games avg: 429.5 steps 1000 
INFO : 2020-12-15 02:58:35,465 : episode: 413 score: 409.8 100 games avg: 409.8 steps 1000 
INFO : 2020-12-15 03:01:44,707 : episode: 414 score: 412.3 100 games avg: 412.3 steps 1000 
INFO : 2020-12-15 03:04:54,800 : episode: 415 score: 497.1 100 games avg: 497.1 steps 1000 
INFO : 2020-12-15 03:08:05,243 : episode: 416 score: 494.8 100 games avg: 494.8 steps 1000 
INFO : 2020-12-15 03:11:16,098 : episode: 417 score: 471.0 100 games avg: 471.0 steps 1000 
INFO : 2020-12-15 03:14:25,582 : episode: 418 score: 454.6 100 games avg: 454.6 steps 1000 
INFO : 2020-12-15 03:17:36,898 : episode: 419 score: 357.4 100 games avg: 357.4 steps 1000 
INFO : 2020-12-15 03:20:49,457 : episode: 420 score: 496.2 100 games avg: 496.2 steps 1000 
INFO : 2020-12-15 03:24:02,412 : episode: 421 score: 469.0 100 games avg: 469.0 steps 1000 
INFO : 2020-12-15 03:27:15,695 : episode: 422 score: 484.4 100 games avg: 484.4 steps 1000 
INFO : 2020-12-15 03:30:28,861 : episode: 423 score: 278.7 100 games avg: 278.7 steps 1000 
INFO : 2020-12-15 03:33:41,269 : episode: 424 score: 477.7 100 games avg: 477.7 steps 1000 
INFO : 2020-12-15 03:36:55,568 : episode: 425 score: 418.7 100 games avg: 418.7 steps 1000 
INFO : 2020-12-15 03:40:09,915 : episode: 426 score: 439.1 100 games avg: 439.1 steps 1000 
INFO : 2020-12-15 03:43:24,070 : episode: 427 score: 389.3 100 games avg: 389.3 steps 1000 
INFO : 2020-12-15 03:46:39,532 : episode: 428 score: 356.6 100 games avg: 356.6 steps 1000 
INFO : 2020-12-15 03:49:55,177 : episode: 429 score: 435.8 100 games avg: 435.8 steps 1000 
INFO : 2020-12-15 03:53:11,364 : episode: 430 score: 543.8 100 games avg: 543.8 steps 1000 
INFO : 2020-12-15 03:56:27,063 : episode: 431 score: 479.9 100 games avg: 479.9 steps 1000 
INFO : 2020-12-15 03:59:44,041 : episode: 432 score: 440.4 100 games avg: 440.4 steps 1000 
INFO : 2020-12-15 04:03:01,385 : episode: 433 score: 388.9 100 games avg: 388.9 steps 1000 
INFO : 2020-12-15 04:06:19,976 : episode: 434 score: 446.6 100 games avg: 446.6 steps 1000 
INFO : 2020-12-15 04:09:37,638 : episode: 435 score: 438.7 100 games avg: 438.7 steps 1000 
INFO : 2020-12-15 04:12:56,035 : episode: 436 score: 579.5 100 games avg: 579.5 steps 1000 
INFO : 2020-12-15 04:16:14,032 : episode: 437 score: 440.7 100 games avg: 440.7 steps 1000 
INFO : 2020-12-15 04:19:33,128 : episode: 438 score: 548.3 100 games avg: 548.3 steps 1000 
INFO : 2020-12-15 04:22:52,801 : episode: 439 score: 460.8 100 games avg: 460.8 steps 1000 
INFO : 2020-12-15 04:26:12,845 : episode: 440 score: 493.0 100 games avg: 493.0 steps 1000 
INFO : 2020-12-15 04:29:33,436 : episode: 441 score: 459.5 100 games avg: 459.5 steps 1000 
INFO : 2020-12-15 04:32:54,475 : episode: 442 score: 466.4 100 games avg: 466.4 steps 1000 
INFO : 2020-12-15 04:36:15,056 : episode: 443 score: 534.3 100 games avg: 534.3 steps 1000 
INFO : 2020-12-15 04:39:35,533 : episode: 444 score: 485.8 100 games avg: 485.8 steps 1000 
INFO : 2020-12-15 04:42:57,798 : episode: 445 score: 524.4 100 games avg: 524.4 steps 1000 
INFO : 2020-12-15 04:46:20,108 : episode: 446 score: 447.1 100 games avg: 447.1 steps 1000 
INFO : 2020-12-15 04:49:43,247 : episode: 447 score: 496.3 100 games avg: 496.3 steps 1000 
INFO : 2020-12-15 04:53:06,557 : episode: 448 score: 543.2 100 games avg: 543.2 steps 1000 
INFO : 2020-12-15 04:56:30,278 : episode: 449 score: 535.7 100 games avg: 535.7 steps 1000 
INFO : 2020-12-15 04:59:54,320 : episode: 450 score: 522.1 100 games avg: 522.1 steps 1000 
INFO : 2020-12-15 05:03:17,778 : episode: 451 score: 466.4 100 games avg: 466.4 steps 1000 
INFO : 2020-12-15 05:06:43,112 : episode: 452 score: 549.8 100 games avg: 549.8 steps 1000 
INFO : 2020-12-15 05:10:07,996 : episode: 453 score: 512.1 100 games avg: 512.1 steps 1000 
INFO : 2020-12-15 05:13:33,794 : episode: 454 score: 534.4 100 games avg: 534.4 steps 1000 
INFO : 2020-12-15 05:16:59,991 : episode: 455 score: 561.6 100 games avg: 561.6 steps 1000 
INFO : 2020-12-15 05:20:26,612 : episode: 456 score: 600.3 100 games avg: 600.3 steps 1000 
INFO : 2020-12-15 05:23:55,849 : episode: 457 score: 534.6 100 games avg: 534.6 steps 1000 
INFO : 2020-12-15 05:27:21,974 : episode: 458 score: 548.1 100 games avg: 548.1 steps 1000 
INFO : 2020-12-15 05:30:49,481 : episode: 459 score: 461.5 100 games avg: 461.5 steps 1000 
INFO : 2020-12-15 05:34:17,594 : episode: 460 score: 518.2 100 games avg: 518.2 steps 1000 
INFO : 2020-12-15 05:37:46,445 : episode: 461 score: -78.3 100 games avg: -78.3 steps 1000 
INFO : 2020-12-15 05:41:15,628 : episode: 462 score: 508.4 100 games avg: 508.4 steps 1000 
INFO : 2020-12-15 05:44:44,957 : episode: 463 score: 527.5 100 games avg: 527.5 steps 1000 
INFO : 2020-12-15 05:48:14,810 : episode: 464 score: 558.4 100 games avg: 558.4 steps 1000 
INFO : 2020-12-15 05:51:44,575 : episode: 465 score: 535.9 100 games avg: 535.9 steps 1000 
INFO : 2020-12-15 05:55:14,618 : episode: 466 score: 560.0 100 games avg: 560.0 steps 1000 
INFO : 2020-12-15 05:58:45,561 : episode: 467 score: 508.6 100 games avg: 508.6 steps 1000 
INFO : 2020-12-15 06:02:17,229 : episode: 468 score: 559.7 100 games avg: 559.7 steps 1000 
INFO : 2020-12-15 06:05:48,804 : episode: 469 score: 522.7 100 games avg: 522.7 steps 1000 
INFO : 2020-12-15 06:09:20,655 : episode: 470 score: 551.7 100 games avg: 551.7 steps 1000 
INFO : 2020-12-15 06:12:53,244 : episode: 471 score: 604.0 100 games avg: 604.0 steps 1000 
INFO : 2020-12-15 06:16:26,510 : episode: 472 score: 488.6 100 games avg: 488.6 steps 1000 
INFO : 2020-12-15 06:19:58,822 : episode: 473 score: 590.1 100 games avg: 590.1 steps 1000 
INFO : 2020-12-15 06:23:32,012 : episode: 474 score: 454.1 100 games avg: 454.1 steps 1000 
INFO : 2020-12-15 06:27:07,085 : episode: 475 score: 582.7 100 games avg: 582.7 steps 1000 
INFO : 2020-12-15 06:30:41,504 : episode: 476 score: 487.5 100 games avg: 487.5 steps 1000 
INFO : 2020-12-15 06:34:16,509 : episode: 477 score: 612.6 100 games avg: 612.6 steps 1000 
INFO : 2020-12-15 06:37:51,737 : episode: 478 score: 580.7 100 games avg: 580.7 steps 1000 
INFO : 2020-12-15 06:41:27,521 : episode: 479 score: 553.1 100 games avg: 553.1 steps 1000 
INFO : 2020-12-15 06:45:03,685 : episode: 480 score: 520.6 100 games avg: 520.6 steps 1000 
INFO : 2020-12-15 06:48:39,357 : episode: 481 score: 632.5 100 games avg: 632.5 steps 1000 
INFO : 2020-12-15 06:52:15,911 : episode: 482 score: 560.1 100 games avg: 560.1 steps 1000 
INFO : 2020-12-15 06:55:54,802 : episode: 483 score: 567.7 100 games avg: 567.7 steps 1000 
INFO : 2020-12-15 06:59:32,557 : episode: 484 score: 585.1 100 games avg: 585.1 steps 1000 
INFO : 2020-12-15 07:03:10,808 : episode: 485 score: 511.0 100 games avg: 511.0 steps 1000 
INFO : 2020-12-15 07:06:49,004 : episode: 486 score: 580.8 100 games avg: 580.8 steps 1000 
INFO : 2020-12-15 07:10:27,255 : episode: 487 score: 548.5 100 games avg: 548.5 steps 1000 
INFO : 2020-12-15 07:14:06,497 : episode: 488 score: 609.0 100 games avg: 609.0 steps 1000 
INFO : 2020-12-15 07:17:45,725 : episode: 489 score: 576.7 100 games avg: 576.7 steps 1000 
INFO : 2020-12-15 07:21:24,512 : episode: 490 score: 617.4 100 games avg: 617.4 steps 1000 
INFO : 2020-12-15 07:25:04,909 : episode: 491 score: 578.2 100 games avg: 578.2 steps 1000 
INFO : 2020-12-15 07:28:45,649 : episode: 492 score: 676.7 100 games avg: 676.7 steps 1000 
INFO : 2020-12-15 07:32:27,076 : episode: 493 score: 574.9 100 games avg: 574.9 steps 1000 
INFO : 2020-12-15 07:36:09,000 : episode: 494 score: 646.8 100 games avg: 646.8 steps 1000 
INFO : 2020-12-15 07:39:51,140 : episode: 495 score: 576.6 100 games avg: 576.6 steps 1000 
INFO : 2020-12-15 07:43:33,574 : episode: 496 score: 639.9 100 games avg: 639.9 steps 1000 
INFO : 2020-12-15 07:47:16,597 : episode: 497 score: 647.5 100 games avg: 647.5 steps 1000 
INFO : 2020-12-15 07:50:58,734 : episode: 498 score: 542.0 100 games avg: 542.0 steps 1000 
INFO : 2020-12-15 07:54:41,560 : episode: 499 score: 476.7 100 games avg: 476.7 steps 1000 
INFO : 2020-12-15 07:58:25,970 : episode: 500 score: 604.7 100 games avg: 604.7 steps 1000 
INFO : 2020-12-15 08:02:10,561 : episode: 501 score: 505.8 100 games avg: 505.8 steps 1000 
INFO : 2020-12-15 08:05:55,336 : episode: 502 score: 608.8 100 games avg: 608.8 steps 1000 
INFO : 2020-12-15 08:09:41,006 : episode: 503 score: 620.7 100 games avg: 620.7 steps 1000 
INFO : 2020-12-15 08:13:26,519 : episode: 504 score: 607.3 100 games avg: 607.3 steps 1000 
INFO : 2020-12-15 08:17:12,361 : episode: 505 score: 634.9 100 games avg: 634.9 steps 1000 
INFO : 2020-12-15 08:20:58,729 : episode: 506 score: 547.3 100 games avg: 547.3 steps 1000 
INFO : 2020-12-15 08:24:44,413 : episode: 507 score: 345.4 100 games avg: 345.4 steps 1000 
INFO : 2020-12-15 08:28:33,732 : episode: 508 score: 582.5 100 games avg: 582.5 steps 1000 
INFO : 2020-12-15 08:32:21,233 : episode: 509 score: 564.2 100 games avg: 564.2 steps 1000 
INFO : 2020-12-15 08:36:09,277 : episode: 510 score: 621.1 100 games avg: 621.1 steps 1000 
INFO : 2020-12-15 08:39:57,549 : episode: 511 score: 607.4 100 games avg: 607.4 steps 1000 
INFO : 2020-12-15 08:43:46,458 : episode: 512 score: 603.7 100 games avg: 603.7 steps 1000 
INFO : 2020-12-15 08:47:35,334 : episode: 513 score: 609.2 100 games avg: 609.2 steps 1000 
INFO : 2020-12-15 08:51:24,864 : episode: 514 score: 548.0 100 games avg: 548.0 steps 1000 
INFO : 2020-12-15 08:55:14,865 : episode: 515 score: 627.7 100 games avg: 627.7 steps 1000 
INFO : 2020-12-15 08:59:04,805 : episode: 516 score: 533.0 100 games avg: 533.0 steps 1000 
INFO : 2020-12-15 09:02:54,671 : episode: 517 score: 608.7 100 games avg: 608.7 steps 1000 
INFO : 2020-12-15 09:06:45,775 : episode: 518 score: 689.7 100 games avg: 689.7 steps 1000 
INFO : 2020-12-15 09:10:37,112 : episode: 519 score: 531.5 100 games avg: 531.5 steps 1000 
INFO : 2020-12-15 09:14:28,978 : episode: 520 score: 692.0 100 games avg: 692.0 steps 1000 
INFO : 2020-12-15 09:18:21,347 : episode: 521 score: 654.7 100 games avg: 654.7 steps 1000 
INFO : 2020-12-15 09:22:14,144 : episode: 522 score: 599.1 100 games avg: 599.1 steps 1000 
INFO : 2020-12-15 09:26:07,230 : episode: 523 score: 698.7 100 games avg: 698.7 steps 1000 
INFO : 2020-12-15 09:30:00,368 : episode: 524 score: 586.7 100 games avg: 586.7 steps 1000 
INFO : 2020-12-15 09:33:54,179 : episode: 525 score: 634.7 100 games avg: 634.7 steps 1000 
INFO : 2020-12-15 09:37:47,038 : episode: 526 score: 87.4 100 games avg: 87.4 steps 1000 
INFO : 2020-12-15 09:41:41,873 : episode: 527 score: 644.6 100 games avg: 644.6 steps 1000 
INFO : 2020-12-15 09:45:37,014 : episode: 528 score: 583.2 100 games avg: 583.2 steps 1000 
INFO : 2020-12-15 09:49:32,155 : episode: 529 score: 697.3 100 games avg: 697.3 steps 1000 
INFO : 2020-12-15 09:53:27,737 : episode: 530 score: 650.7 100 games avg: 650.7 steps 1000 
INFO : 2020-12-15 09:57:24,100 : episode: 531 score: 592.9 100 games avg: 592.9 steps 1000 
INFO : 2020-12-15 10:01:20,751 : episode: 532 score: 589.2 100 games avg: 589.2 steps 1000 
INFO : 2020-12-15 10:05:17,785 : episode: 533 score: 641.2 100 games avg: 641.2 steps 1000 
INFO : 2020-12-15 10:09:15,324 : episode: 534 score: 721.8 100 games avg: 721.8 steps 1000 
INFO : 2020-12-15 10:13:13,240 : episode: 535 score: 636.1 100 games avg: 636.1 steps 1000 
INFO : 2020-12-15 10:17:10,334 : episode: 536 score: 657.4 100 games avg: 657.4 steps 1000 
INFO : 2020-12-15 10:21:08,331 : episode: 537 score: 638.0 100 games avg: 638.0 steps 1000 
INFO : 2020-12-15 10:25:07,669 : episode: 538 score: 717.1 100 games avg: 717.1 steps 1000 
INFO : 2020-12-15 10:29:07,260 : episode: 539 score: 726.0 100 games avg: 726.0 steps 1000 
INFO : 2020-12-15 10:33:06,947 : episode: 540 score: 688.5 100 games avg: 688.5 steps 1000 
INFO : 2020-12-15 10:37:07,802 : episode: 541 score: 154.3 100 games avg: 154.3 steps 1000 
INFO : 2020-12-15 10:41:08,428 : episode: 542 score: 773.4 100 games avg: 773.4 steps 1000 
INFO : 2020-12-15 10:45:09,323 : episode: 543 score: 681.8 100 games avg: 681.8 steps 1000 
INFO : 2020-12-15 10:49:10,836 : episode: 544 score: 635.0 100 games avg: 635.0 steps 1000 
INFO : 2020-12-15 10:53:12,328 : episode: 545 score: 581.5 100 games avg: 581.5 steps 1000 
INFO : 2020-12-15 10:57:13,540 : episode: 546 score: 684.9 100 games avg: 684.9 steps 1000 
INFO : 2020-12-15 11:01:15,465 : episode: 547 score: 621.8 100 games avg: 621.8 steps 1000 
INFO : 2020-12-15 11:05:18,300 : episode: 548 score: -151.8 100 games avg: -151.8 steps 1000 
INFO : 2020-12-15 11:09:21,167 : episode: 549 score: 577.3 100 games avg: 577.3 steps 1000 
INFO : 2020-12-15 11:13:24,743 : episode: 550 score: 598.2 100 games avg: 598.2 steps 1000 
INFO : 2020-12-15 11:17:29,113 : episode: 551 score: 613.7 100 games avg: 613.7 steps 1000 
INFO : 2020-12-15 11:21:33,883 : episode: 552 score: 683.9 100 games avg: 683.9 steps 1000 
INFO : 2020-12-15 11:25:39,014 : episode: 553 score: 755.3 100 games avg: 755.3 steps 1000 
INFO : 2020-12-15 11:29:44,184 : episode: 554 score: 733.7 100 games avg: 733.7 steps 1000 
INFO : 2020-12-15 11:33:50,063 : episode: 555 score: 671.4 100 games avg: 671.4 steps 1000 
INFO : 2020-12-15 11:37:55,815 : episode: 556 score: 723.3 100 games avg: 723.3 steps 1000 
INFO : 2020-12-15 11:42:02,342 : episode: 557 score: 666.7 100 games avg: 666.7 steps 1000 
INFO : 2020-12-15 11:46:08,649 : episode: 558 score: 686.2 100 games avg: 686.2 steps 1000 
INFO : 2020-12-15 11:50:15,917 : episode: 559 score: 627.2 100 games avg: 627.2 steps 1000 
INFO : 2020-12-15 11:54:23,449 : episode: 560 score: 729.0 100 games avg: 729.0 steps 1000 
INFO : 2020-12-15 11:58:31,860 : episode: 561 score: 675.8 100 games avg: 675.8 steps 1000 
INFO : 2020-12-15 12:02:40,521 : episode: 562 score: 662.4 100 games avg: 662.4 steps 1000 
INFO : 2020-12-15 12:06:49,220 : episode: 563 score: 605.0 100 games avg: 605.0 steps 1000 
INFO : 2020-12-15 12:10:58,194 : episode: 564 score: 780.3 100 games avg: 780.3 steps 1000 
INFO : 2020-12-15 12:15:07,826 : episode: 565 score: 668.3 100 games avg: 668.3 steps 1000 
INFO : 2020-12-15 12:19:17,495 : episode: 566 score: 665.7 100 games avg: 665.7 steps 1000 
INFO : 2020-12-15 12:23:28,269 : episode: 567 score: 702.9 100 games avg: 702.9 steps 1000 
INFO : 2020-12-15 12:27:39,201 : episode: 568 score: 723.8 100 games avg: 723.8 steps 1000 
INFO : 2020-12-15 12:31:49,946 : episode: 569 score: 621.8 100 games avg: 621.8 steps 1000 
INFO : 2020-12-15 12:36:01,558 : episode: 570 score: 736.7 100 games avg: 736.7 steps 1000 
INFO : 2020-12-15 12:40:13,352 : episode: 571 score: 747.7 100 games avg: 747.7 steps 1000 
INFO : 2020-12-15 12:44:25,926 : episode: 572 score: 633.1 100 games avg: 633.1 steps 1000 
INFO : 2020-12-15 12:48:38,664 : episode: 573 score: 649.0 100 games avg: 649.0 steps 1000 
INFO : 2020-12-15 12:52:51,886 : episode: 574 score: 772.6 100 games avg: 772.6 steps 1000 
INFO : 2020-12-15 12:57:05,828 : episode: 575 score: 661.6 100 games avg: 661.6 steps 1000 
INFO : 2020-12-15 13:01:19,931 : episode: 576 score: 749.2 100 games avg: 749.2 steps 1000 
INFO : 2020-12-15 13:05:34,394 : episode: 577 score: 716.4 100 games avg: 716.4 steps 1000 
INFO : 2020-12-15 13:09:49,383 : episode: 578 score: 585.2 100 games avg: 585.2 steps 1000 
INFO : 2020-12-15 13:14:04,533 : episode: 579 score: 754.8 100 games avg: 754.8 steps 1000 
INFO : 2020-12-15 13:18:19,559 : episode: 580 score: 802.3 100 games avg: 802.3 steps 1000 
INFO : 2020-12-15 13:22:37,832 : episode: 581 score: 754.1 100 games avg: 754.1 steps 1000 
INFO : 2020-12-15 13:26:54,676 : episode: 582 score: 743.8 100 games avg: 743.8 steps 1000 
INFO : 2020-12-15 13:31:11,312 : episode: 583 score: 657.1 100 games avg: 657.1 steps 1000 
INFO : 2020-12-15 13:35:28,239 : episode: 584 score: 694.2 100 games avg: 694.2 steps 1000 
INFO : 2020-12-15 13:39:46,159 : episode: 585 score: 592.2 100 games avg: 592.2 steps 1000 
INFO : 2020-12-15 13:44:04,082 : episode: 586 score: 789.3 100 games avg: 789.3 steps 1000 
INFO : 2020-12-15 13:48:21,974 : episode: 587 score: 687.4 100 games avg: 687.4 steps 1000 
INFO : 2020-12-15 13:52:40,362 : episode: 588 score: 786.7 100 games avg: 786.7 steps 1000 
INFO : 2020-12-15 13:56:59,500 : episode: 589 score: 811.4 100 games avg: 811.4 steps 1000 
INFO : 2020-12-15 14:01:19,070 : episode: 590 score: 686.6 100 games avg: 686.6 steps 1000 
INFO : 2020-12-15 14:05:38,958 : episode: 591 score: 834.4 100 games avg: 834.4 steps 1000 
INFO : 2020-12-15 14:09:58,478 : episode: 592 score: 767.3 100 games avg: 767.3 steps 1000 
INFO : 2020-12-15 14:14:17,920 : episode: 593 score: 725.9 100 games avg: 725.9 steps 1000 
INFO : 2020-12-15 14:18:39,017 : episode: 594 score: 828.1 100 games avg: 828.1 steps 1000 
INFO : 2020-12-15 14:23:00,466 : episode: 595 score: 796.6 100 games avg: 796.6 steps 1000 
INFO : 2020-12-15 14:27:22,360 : episode: 596 score: 721.3 100 games avg: 721.3 steps 1000 
INFO : 2020-12-15 14:31:44,748 : episode: 597 score: 160.3 100 games avg: 160.3 steps 1000 
INFO : 2020-12-15 14:36:07,205 : episode: 598 score: 723.7 100 games avg: 723.7 steps 1000 
INFO : 2020-12-15 14:40:30,410 : episode: 599 score: 819.7 100 games avg: 819.7 steps 1000 
INFO : 2020-12-15 14:44:53,848 : episode: 600 score: 763.6 100 games avg: 763.6 steps 1000 
INFO : 2020-12-15 14:49:17,392 : episode: 601 score: 409.6 100 games avg: 409.6 steps 1000 
INFO : 2020-12-15 14:53:41,582 : episode: 602 score: 741.9 100 games avg: 741.9 steps 1000 
INFO : 2020-12-15 14:58:06,016 : episode: 603 score: 804.0 100 games avg: 804.0 steps 1000 
INFO : 2020-12-15 15:02:33,844 : episode: 604 score: 838.8 100 games avg: 838.8 steps 1000 
INFO : 2020-12-15 15:06:58,468 : episode: 605 score: 810.5 100 games avg: 810.5 steps 1000 
INFO : 2020-12-15 15:11:23,583 : episode: 606 score: 807.7 100 games avg: 807.7 steps 1000 
INFO : 2020-12-15 15:15:49,981 : episode: 607 score: 861.9 100 games avg: 861.9 steps 1000 
INFO : 2020-12-15 15:20:17,392 : episode: 608 score: -72.9 100 games avg: -72.9 steps 1000 
INFO : 2020-12-15 15:24:43,947 : episode: 609 score: 788.9 100 games avg: 788.9 steps 1000 
INFO : 2020-12-15 15:29:11,529 : episode: 610 score: 745.0 100 games avg: 745.0 steps 1000 
INFO : 2020-12-15 15:33:40,325 : episode: 611 score: 768.0 100 games avg: 768.0 steps 1000 
INFO : 2020-12-15 15:38:07,856 : episode: 612 score: 846.1 100 games avg: 846.1 steps 1000 
INFO : 2020-12-15 15:42:36,810 : episode: 613 score: 783.6 100 games avg: 783.6 steps 1000 
INFO : 2020-12-15 15:47:05,915 : episode: 614 score: 766.2 100 games avg: 766.2 steps 1000 
INFO : 2020-12-15 15:51:35,375 : episode: 615 score: 785.4 100 games avg: 785.4 steps 1000 
INFO : 2020-12-15 15:56:05,299 : episode: 616 score: 794.5 100 games avg: 794.5 steps 1000 
INFO : 2020-12-15 16:00:34,985 : episode: 617 score: 754.4 100 games avg: 754.4 steps 1000 
INFO : 2020-12-15 16:05:04,438 : episode: 618 score: 773.4 100 games avg: 773.4 steps 1000 
INFO : 2020-12-15 16:09:34,362 : episode: 619 score: 859.7 100 games avg: 859.7 steps 1000 
INFO : 2020-12-15 16:14:05,655 : episode: 620 score: 787.1 100 games avg: 787.1 steps 1000 
INFO : 2020-12-15 16:18:37,331 : episode: 621 score: 823.9 100 games avg: 823.9 steps 1000 
INFO : 2020-12-15 16:23:09,574 : episode: 622 score: 718.6 100 games avg: 718.6 steps 1000 
INFO : 2020-12-15 16:27:41,674 : episode: 623 score: 916.8 100 games avg: 916.8 steps 1000 
INFO : 2020-12-15 16:32:14,149 : episode: 624 score: 752.1 100 games avg: 752.1 steps 1000 
INFO : 2020-12-15 16:36:47,350 : episode: 625 score: 827.2 100 games avg: 827.2 steps 1000 
INFO : 2020-12-15 16:41:21,366 : episode: 626 score: 806.5 100 games avg: 806.5 steps 1000 
INFO : 2020-12-15 16:45:55,449 : episode: 627 score: 840.5 100 games avg: 840.5 steps 1000 
INFO : 2020-12-15 16:50:29,556 : episode: 628 score: 775.4 100 games avg: 775.4 steps 1000 
INFO : 2020-12-15 16:55:04,899 : episode: 629 score: 808.8 100 games avg: 808.8 steps 1000 
INFO : 2020-12-15 16:59:39,857 : episode: 630 score: 842.7 100 games avg: 842.7 steps 1000 
INFO : 2020-12-15 17:04:15,224 : episode: 631 score: 860.0 100 games avg: 860.0 steps 1000 
INFO : 2020-12-15 17:08:50,813 : episode: 632 score: 758.3 100 games avg: 758.3 steps 1000 
INFO : 2020-12-15 17:13:26,400 : episode: 633 score: 795.9 100 games avg: 795.9 steps 1000 
INFO : 2020-12-15 17:18:03,611 : episode: 634 score: 903.2 100 games avg: 903.2 steps 1000 
INFO : 2020-12-15 17:22:40,875 : episode: 635 score: 440.5 100 games avg: 440.5 steps 1000 
INFO : 2020-12-15 17:27:19,149 : episode: 636 score: 884.4 100 games avg: 884.4 steps 1000 
INFO : 2020-12-15 17:31:56,789 : episode: 637 score: 831.0 100 games avg: 831.0 steps 1000 
INFO : 2020-12-15 17:36:35,395 : episode: 638 score: 900.0 100 games avg: 900.0 steps 1000 
INFO : 2020-12-15 17:41:13,903 : episode: 639 score: 891.1 100 games avg: 891.1 steps 1000 
INFO : 2020-12-15 17:45:53,323 : episode: 640 score: 846.2 100 games avg: 846.2 steps 1000 
INFO : 2020-12-15 17:50:32,283 : episode: 641 score: 836.9 100 games avg: 836.9 steps 1000 
INFO : 2020-12-15 17:55:12,528 : episode: 642 score: 851.7 100 games avg: 851.7 steps 1000 
INFO : 2020-12-15 17:59:52,595 : episode: 643 score: 989.1 100 games avg: 989.1 steps 1000 
INFO : 2020-12-15 18:04:33,388 : episode: 644 score: 769.6 100 games avg: 769.6 steps 1000 
INFO : 2020-12-15 18:09:14,637 : episode: 645 score: 810.2 100 games avg: 810.2 steps 1000 
INFO : 2020-12-15 18:13:55,707 : episode: 646 score: 942.7 100 games avg: 942.7 steps 1000 
INFO : 2020-12-15 18:18:37,152 : episode: 647 score: 878.5 100 games avg: 878.5 steps 1000 
INFO : 2020-12-15 18:23:20,335 : episode: 648 score: 870.9 100 games avg: 870.9 steps 1000 
INFO : 2020-12-15 18:28:04,337 : episode: 649 score: 848.1 100 games avg: 848.1 steps 1000 
INFO : 2020-12-15 18:32:47,611 : episode: 650 score: 905.6 100 games avg: 905.6 steps 1000 
INFO : 2020-12-15 18:37:30,965 : episode: 651 score: 852.2 100 games avg: 852.2 steps 1000 
INFO : 2020-12-15 18:42:06,921 : episode: 652 score: 913.0 100 games avg: 913.0 steps 1000 
INFO : 2020-12-15 18:46:43,207 : episode: 653 score: 884.9 100 games avg: 884.9 steps 1000 
INFO : 2020-12-15 18:51:19,610 : episode: 654 score: 916.5 100 games avg: 916.5 steps 1000 
INFO : 2020-12-15 18:55:56,932 : episode: 655 score: 961.6 100 games avg: 961.6 steps 1000 
INFO : 2020-12-15 19:00:34,663 : episode: 656 score: 860.1 100 games avg: 860.1 steps 1000 
INFO : 2020-12-15 19:05:12,350 : episode: 657 score: 857.0 100 games avg: 857.0 steps 1000 
INFO : 2020-12-15 19:09:50,752 : episode: 658 score: 864.5 100 games avg: 864.5 steps 1000 
INFO : 2020-12-15 19:14:29,514 : episode: 659 score: 822.9 100 games avg: 822.9 steps 1000 
INFO : 2020-12-15 19:19:08,373 : episode: 660 score: 842.9 100 games avg: 842.9 steps 1000 
INFO : 2020-12-15 19:23:48,028 : episode: 661 score: 950.1 100 games avg: 950.1 steps 1000 
INFO : 2020-12-15 19:28:27,514 : episode: 662 score: 824.5 100 games avg: 824.5 steps 1000 
INFO : 2020-12-15 19:33:08,405 : episode: 663 score: 897.3 100 games avg: 897.3 steps 1000 
INFO : 2020-12-15 19:37:49,153 : episode: 664 score: 885.2 100 games avg: 885.2 steps 1000 
