INFO : 2021-01-21 05:00:00,752 : method: Model Predictive Contorol
INFO : 2021-01-21 05:00:00,753 : parameter n_steps: 100 ensemble_size: 5 env: HalfCheetah-v2
INFO : 2021-01-21 05:00:03,196 : mpc horizon: 10 mpc_samples: 100 elite_sample: 30 grad_steps: 10
INFO : 2021-01-21 05:00:03,196 : mpc_function policy-entropy
INFO : 2021-01-21 05:00:03,196 : policy-entropy_alpha=0.5
INFO : 2021-01-21 05:02:59,171 : episode: 0 score: -137.4 100 games avg: -137.4 steps 1000 
INFO : 2021-01-21 05:06:00,979 : episode: 1 score: -282.9 100 games avg: -282.9 steps 1000 
INFO : 2021-01-21 05:09:02,817 : episode: 2 score: -290.0 100 games avg: -290.0 steps 1000 
INFO : 2021-01-21 05:12:05,097 : episode: 3 score: -66.5 100 games avg: -66.5 steps 1000 
INFO : 2021-01-21 05:15:07,900 : episode: 4 score: -222.1 100 games avg: -222.1 steps 1000 
INFO : 2021-01-21 05:18:11,116 : episode: 5 score: -216.1 100 games avg: -216.1 steps 1000 
INFO : 2021-01-21 05:21:14,218 : episode: 6 score: -169.9 100 games avg: -169.9 steps 1000 
INFO : 2021-01-21 05:24:18,264 : episode: 7 score: -91.3 100 games avg: -91.3 steps 1000 
INFO : 2021-01-21 05:27:22,383 : episode: 8 score: -74.8 100 games avg: -74.8 steps 1000 
INFO : 2021-01-21 05:30:26,684 : episode: 9 score: -101.3 100 games avg: -101.3 steps 1000 
INFO : 2021-01-21 05:33:31,232 : episode: 10 score: -58.1 100 games avg: -58.1 steps 1000 
INFO : 2021-01-21 05:36:35,872 : episode: 11 score: -40.5 100 games avg: -40.5 steps 1000 
INFO : 2021-01-21 05:39:40,941 : episode: 12 score: -26.5 100 games avg: -26.5 steps 1000 
INFO : 2021-01-21 05:42:46,462 : episode: 13 score: 52.8 100 games avg: 52.8 steps 1000 
INFO : 2021-01-21 05:45:52,189 : episode: 14 score: 32.3 100 games avg: 32.3 steps 1000 
INFO : 2021-01-21 05:48:58,380 : episode: 15 score: 24.7 100 games avg: 24.7 steps 1000 
INFO : 2021-01-21 05:52:04,828 : episode: 16 score: 73.4 100 games avg: 73.4 steps 1000 
INFO : 2021-01-21 05:55:11,553 : episode: 17 score: 78.0 100 games avg: 78.0 steps 1000 
INFO : 2021-01-21 05:58:18,834 : episode: 18 score: 80.3 100 games avg: 80.3 steps 1000 
INFO : 2021-01-21 06:01:26,359 : episode: 19 score: 179.9 100 games avg: 179.9 steps 1000 
INFO : 2021-01-21 06:04:34,101 : episode: 20 score: 157.0 100 games avg: 157.0 steps 1000 
INFO : 2021-01-21 06:07:42,353 : episode: 21 score: 184.6 100 games avg: 184.6 steps 1000 
INFO : 2021-01-21 06:10:50,548 : episode: 22 score: 268.8 100 games avg: 268.8 steps 1000 
INFO : 2021-01-21 06:13:59,378 : episode: 23 score: 258.5 100 games avg: 258.5 steps 1000 
INFO : 2021-01-21 06:17:08,050 : episode: 24 score: 328.1 100 games avg: 328.1 steps 1000 
INFO : 2021-01-21 06:20:17,379 : episode: 25 score: 361.7 100 games avg: 361.7 steps 1000 
INFO : 2021-01-21 06:23:26,821 : episode: 26 score: 380.5 100 games avg: 380.5 steps 1000 
INFO : 2021-01-21 06:26:36,704 : episode: 27 score: 434.2 100 games avg: 434.2 steps 1000 
INFO : 2021-01-21 06:29:47,280 : episode: 28 score: 481.7 100 games avg: 481.7 steps 1000 
INFO : 2021-01-21 06:32:57,816 : episode: 29 score: 630.7 100 games avg: 630.7 steps 1000 
INFO : 2021-01-21 06:36:08,514 : episode: 30 score: 572.3 100 games avg: 572.3 steps 1000 
INFO : 2021-01-21 06:39:19,127 : episode: 31 score: 902.4 100 games avg: 902.4 steps 1000 
INFO : 2021-01-21 06:42:30,488 : episode: 32 score: 936.3 100 games avg: 936.3 steps 1000 
INFO : 2021-01-21 06:45:42,197 : episode: 33 score: 992.7 100 games avg: 992.7 steps 1000 
INFO : 2021-01-21 06:48:54,849 : episode: 34 score: 929.1 100 games avg: 929.1 steps 1000 
INFO : 2021-01-21 06:52:07,152 : episode: 35 score: 1099.7 100 games avg: 1099.7 steps 1000 
INFO : 2021-01-21 06:55:19,755 : episode: 36 score: 1205.8 100 games avg: 1205.8 steps 1000 
INFO : 2021-01-21 06:58:32,916 : episode: 37 score: 854.1 100 games avg: 854.1 steps 1000 
INFO : 2021-01-21 07:01:45,961 : episode: 38 score: 1281.6 100 games avg: 1281.6 steps 1000 
INFO : 2021-01-21 07:04:59,514 : episode: 39 score: 1379.2 100 games avg: 1379.2 steps 1000 
INFO : 2021-01-21 07:08:13,480 : episode: 40 score: 1247.1 100 games avg: 1247.1 steps 1000 
INFO : 2021-01-21 07:11:27,746 : episode: 41 score: 828.3 100 games avg: 828.3 steps 1000 
INFO : 2021-01-21 07:14:42,277 : episode: 42 score: 601.1 100 games avg: 601.1 steps 1000 
INFO : 2021-01-21 07:17:57,237 : episode: 43 score: 1094.7 100 games avg: 1094.7 steps 1000 
INFO : 2021-01-21 07:21:12,208 : episode: 44 score: 830.5 100 games avg: 830.5 steps 1000 
INFO : 2021-01-21 07:24:27,682 : episode: 45 score: 848.0 100 games avg: 848.0 steps 1000 
INFO : 2021-01-21 07:27:43,580 : episode: 46 score: 689.2 100 games avg: 689.2 steps 1000 
INFO : 2021-01-21 07:30:59,551 : episode: 47 score: 751.3 100 games avg: 751.3 steps 1000 
INFO : 2021-01-21 07:34:15,807 : episode: 48 score: 821.7 100 games avg: 821.7 steps 1000 
INFO : 2021-01-21 07:37:32,747 : episode: 49 score: 1716.3 100 games avg: 1716.3 steps 1000 
INFO : 2021-01-21 07:40:49,918 : episode: 50 score: 587.9 100 games avg: 587.9 steps 1000 
INFO : 2021-01-21 07:44:07,394 : episode: 51 score: 655.6 100 games avg: 655.6 steps 1000 
INFO : 2021-01-21 07:47:25,590 : episode: 52 score: 1013.4 100 games avg: 1013.4 steps 1000 
INFO : 2021-01-21 07:50:44,067 : episode: 53 score: 1782.9 100 games avg: 1782.9 steps 1000 
INFO : 2021-01-21 07:54:02,744 : episode: 54 score: 827.9 100 games avg: 827.9 steps 1000 
INFO : 2021-01-21 07:57:21,328 : episode: 55 score: 1686.8 100 games avg: 1686.8 steps 1000 
INFO : 2021-01-21 08:00:39,563 : episode: 56 score: 997.8 100 games avg: 997.8 steps 1000 
INFO : 2021-01-21 08:03:58,945 : episode: 57 score: 2023.3 100 games avg: 2023.3 steps 1000 
INFO : 2021-01-21 08:07:18,605 : episode: 58 score: 1812.7 100 games avg: 1812.7 steps 1000 
INFO : 2021-01-21 08:10:38,198 : episode: 59 score: 1893.8 100 games avg: 1893.8 steps 1000 
INFO : 2021-01-21 08:13:58,359 : episode: 60 score: 1881.5 100 games avg: 1881.5 steps 1000 
INFO : 2021-01-21 08:17:18,614 : episode: 61 score: 2006.6 100 games avg: 2006.6 steps 1000 
INFO : 2021-01-21 08:20:39,427 : episode: 62 score: 1452.9 100 games avg: 1452.9 steps 1000 
INFO : 2021-01-21 08:24:00,990 : episode: 63 score: 1954.7 100 games avg: 1954.7 steps 1000 
INFO : 2021-01-21 08:27:22,476 : episode: 64 score: 2171.5 100 games avg: 2171.5 steps 1000 
INFO : 2021-01-21 08:30:43,418 : episode: 65 score: 595.0 100 games avg: 595.0 steps 1000 
INFO : 2021-01-21 08:34:04,940 : episode: 66 score: 2136.0 100 games avg: 2136.0 steps 1000 
INFO : 2021-01-21 08:37:26,690 : episode: 67 score: 2233.6 100 games avg: 2233.6 steps 1000 
INFO : 2021-01-21 08:40:49,304 : episode: 68 score: 1971.1 100 games avg: 1971.1 steps 1000 
INFO : 2021-01-21 08:44:12,182 : episode: 69 score: 1961.2 100 games avg: 1961.2 steps 1000 
INFO : 2021-01-21 08:47:35,733 : episode: 70 score: 2190.4 100 games avg: 2190.4 steps 1000 
INFO : 2021-01-21 08:50:59,886 : episode: 71 score: 2135.8 100 games avg: 2135.8 steps 1000 
INFO : 2021-01-21 08:54:24,448 : episode: 72 score: 2136.3 100 games avg: 2136.3 steps 1000 
INFO : 2021-01-21 08:57:49,279 : episode: 73 score: 1070.3 100 games avg: 1070.3 steps 1000 
INFO : 2021-01-21 09:01:14,266 : episode: 74 score: 2025.2 100 games avg: 2025.2 steps 1000 
INFO : 2021-01-21 09:04:39,015 : episode: 75 score: 2234.0 100 games avg: 2234.0 steps 1000 
INFO : 2021-01-21 09:08:03,849 : episode: 76 score: 2490.2 100 games avg: 2490.2 steps 1000 
INFO : 2021-01-21 09:11:29,240 : episode: 77 score: 1717.0 100 games avg: 1717.0 steps 1000 
INFO : 2021-01-21 09:14:55,141 : episode: 78 score: 2095.3 100 games avg: 2095.3 steps 1000 
INFO : 2021-01-21 09:18:21,558 : episode: 79 score: 1568.0 100 games avg: 1568.0 steps 1000 
INFO : 2021-01-21 09:21:48,398 : episode: 80 score: 2190.6 100 games avg: 2190.6 steps 1000 
INFO : 2021-01-21 09:25:15,520 : episode: 81 score: 2298.9 100 games avg: 2298.9 steps 1000 
INFO : 2021-01-21 09:28:41,768 : episode: 82 score: 2263.7 100 games avg: 2263.7 steps 1000 
INFO : 2021-01-21 09:32:09,134 : episode: 83 score: 2419.1 100 games avg: 2419.1 steps 1000 
INFO : 2021-01-21 09:35:37,338 : episode: 84 score: 2208.7 100 games avg: 2208.7 steps 1000 
INFO : 2021-01-21 09:39:05,285 : episode: 85 score: 2344.2 100 games avg: 2344.2 steps 1000 
INFO : 2021-01-21 09:42:34,181 : episode: 86 score: 2494.9 100 games avg: 2494.9 steps 1000 
INFO : 2021-01-21 09:46:02,495 : episode: 87 score: 2476.5 100 games avg: 2476.5 steps 1000 
INFO : 2021-01-21 09:49:31,030 : episode: 88 score: 2427.1 100 games avg: 2427.1 steps 1000 
INFO : 2021-01-21 09:52:59,913 : episode: 89 score: 2496.9 100 games avg: 2496.9 steps 1000 
INFO : 2021-01-21 09:56:29,740 : episode: 90 score: 1142.4 100 games avg: 1142.4 steps 1000 
INFO : 2021-01-21 09:59:59,384 : episode: 91 score: 2667.2 100 games avg: 2667.2 steps 1000 
INFO : 2021-01-21 10:03:29,947 : episode: 92 score: 2086.0 100 games avg: 2086.0 steps 1000 
INFO : 2021-01-21 10:07:00,402 : episode: 93 score: 2758.1 100 games avg: 2758.1 steps 1000 
INFO : 2021-01-21 10:10:31,526 : episode: 94 score: 2399.1 100 games avg: 2399.1 steps 1000 
INFO : 2021-01-21 10:14:03,648 : episode: 95 score: 2763.7 100 games avg: 2763.7 steps 1000 
INFO : 2021-01-21 10:17:34,768 : episode: 96 score: 2581.2 100 games avg: 2581.2 steps 1000 
INFO : 2021-01-21 10:21:06,518 : episode: 97 score: 1459.8 100 games avg: 1459.8 steps 1000 
INFO : 2021-01-21 10:24:38,585 : episode: 98 score: 1779.4 100 games avg: 1779.4 steps 1000 
INFO : 2021-01-21 10:28:11,427 : episode: 99 score: 1593.6 100 games avg: 1593.6 steps 1000 
