INFO : 2021-02-01 13:59:43,327 : method: Model Predictive Contorol
INFO : 2021-02-01 13:59:43,328 : parameter n_steps: 100 ensemble_size: 5 env: HalfCheetah-v2
INFO : 2021-02-01 13:59:45,721 : mpc horizon: 5 mpc_samples: 100 elite_sample: 30 grad_steps: 10
INFO : 2021-02-01 13:59:45,721 : mpc_function policy
INFO : 2021-02-01 13:59:45,721 : policy
INFO : 2021-02-01 14:01:21,102 : episode: 0 score: -178.3 100 games avg: -178.3 steps 1000 
INFO : 2021-02-01 14:03:03,433 : episode: 1 score: -245.6 100 games avg: -245.6 steps 1000 
INFO : 2021-02-01 14:04:46,041 : episode: 2 score: -206.7 100 games avg: -206.7 steps 1000 
INFO : 2021-02-01 14:06:29,068 : episode: 3 score: -57.7 100 games avg: -57.7 steps 1000 
INFO : 2021-02-01 14:08:12,160 : episode: 4 score: -111.4 100 games avg: -111.4 steps 1000 
INFO : 2021-02-01 14:09:55,890 : episode: 5 score: -185.2 100 games avg: -185.2 steps 1000 
INFO : 2021-02-01 14:11:39,810 : episode: 6 score: -107.7 100 games avg: -107.7 steps 1000 
INFO : 2021-02-01 14:13:23,994 : episode: 7 score: -168.0 100 games avg: -168.0 steps 1000 
INFO : 2021-02-01 14:15:08,635 : episode: 8 score: -197.7 100 games avg: -197.7 steps 1000 
INFO : 2021-02-01 14:16:53,579 : episode: 9 score: -165.1 100 games avg: -165.1 steps 1000 
INFO : 2021-02-01 14:18:38,767 : episode: 10 score: -63.0 100 games avg: -63.0 steps 1000 
INFO : 2021-02-01 14:20:24,135 : episode: 11 score: -105.6 100 games avg: -105.6 steps 1000 
INFO : 2021-02-01 14:22:09,954 : episode: 12 score: 68.3 100 games avg: 68.3 steps 1000 
INFO : 2021-02-01 14:23:56,016 : episode: 13 score: -50.9 100 games avg: -50.9 steps 1000 
INFO : 2021-02-01 14:25:42,278 : episode: 14 score: -29.9 100 games avg: -29.9 steps 1000 
INFO : 2021-02-01 14:27:28,921 : episode: 15 score: 428.2 100 games avg: 428.2 steps 1000 
INFO : 2021-02-01 14:29:16,045 : episode: 16 score: 466.2 100 games avg: 466.2 steps 1000 
INFO : 2021-02-01 14:31:03,417 : episode: 17 score: 594.5 100 games avg: 594.5 steps 1000 
INFO : 2021-02-01 14:32:51,156 : episode: 18 score: 110.2 100 games avg: 110.2 steps 1000 
INFO : 2021-02-01 14:34:39,208 : episode: 19 score: 351.1 100 games avg: 351.1 steps 1000 
INFO : 2021-02-01 14:36:27,595 : episode: 20 score: 780.0 100 games avg: 780.0 steps 1000 
INFO : 2021-02-01 14:38:16,165 : episode: 21 score: 276.1 100 games avg: 276.1 steps 1000 
INFO : 2021-02-01 14:40:05,030 : episode: 22 score: 916.0 100 games avg: 916.0 steps 1000 
INFO : 2021-02-01 14:41:54,500 : episode: 23 score: 327.9 100 games avg: 327.9 steps 1000 
INFO : 2021-02-01 14:43:44,104 : episode: 24 score: 464.5 100 games avg: 464.5 steps 1000 
INFO : 2021-02-01 14:45:33,887 : episode: 25 score: 857.7 100 games avg: 857.7 steps 1000 
INFO : 2021-02-01 14:47:24,065 : episode: 26 score: 879.9 100 games avg: 879.9 steps 1000 
INFO : 2021-02-01 14:49:14,500 : episode: 27 score: 683.7 100 games avg: 683.7 steps 1000 
INFO : 2021-02-01 14:51:05,236 : episode: 28 score: 660.0 100 games avg: 660.0 steps 1000 
INFO : 2021-02-01 14:52:56,416 : episode: 29 score: 1384.4 100 games avg: 1384.4 steps 1000 
INFO : 2021-02-01 14:54:47,856 : episode: 30 score: 1614.4 100 games avg: 1614.4 steps 1000 
INFO : 2021-02-01 14:56:39,536 : episode: 31 score: 753.6 100 games avg: 753.6 steps 1000 
INFO : 2021-02-01 14:58:31,547 : episode: 32 score: 49.7 100 games avg: 49.7 steps 1000 
INFO : 2021-02-01 15:00:23,878 : episode: 33 score: 1674.6 100 games avg: 1674.6 steps 1000 
INFO : 2021-02-01 15:02:16,648 : episode: 34 score: 1773.5 100 games avg: 1773.5 steps 1000 
INFO : 2021-02-01 15:04:09,628 : episode: 35 score: 1566.3 100 games avg: 1566.3 steps 1000 
INFO : 2021-02-01 15:06:02,922 : episode: 36 score: 272.0 100 games avg: 272.0 steps 1000 
INFO : 2021-02-01 15:07:56,259 : episode: 37 score: 2050.3 100 games avg: 2050.3 steps 1000 
INFO : 2021-02-01 15:09:50,223 : episode: 38 score: 545.6 100 games avg: 545.6 steps 1000 
INFO : 2021-02-01 15:11:44,481 : episode: 39 score: 2128.1 100 games avg: 2128.1 steps 1000 
INFO : 2021-02-01 15:13:38,952 : episode: 40 score: 2040.9 100 games avg: 2040.9 steps 1000 
INFO : 2021-02-01 15:15:33,857 : episode: 41 score: 2028.5 100 games avg: 2028.5 steps 1000 
INFO : 2021-02-01 15:17:29,002 : episode: 42 score: 2057.6 100 games avg: 2057.6 steps 1000 
INFO : 2021-02-01 15:19:24,392 : episode: 43 score: 2251.7 100 games avg: 2251.7 steps 1000 
INFO : 2021-02-01 15:21:20,251 : episode: 44 score: 2281.9 100 games avg: 2281.9 steps 1000 
INFO : 2021-02-01 15:23:16,422 : episode: 45 score: 2088.2 100 games avg: 2088.2 steps 1000 
INFO : 2021-02-01 15:25:12,848 : episode: 46 score: 2342.2 100 games avg: 2342.2 steps 1000 
INFO : 2021-02-01 15:27:09,701 : episode: 47 score: 1613.2 100 games avg: 1613.2 steps 1000 
INFO : 2021-02-01 15:29:06,604 : episode: 48 score: 2360.2 100 games avg: 2360.2 steps 1000 
INFO : 2021-02-01 15:31:04,081 : episode: 49 score: 2299.2 100 games avg: 2299.2 steps 1000 
INFO : 2021-02-01 15:33:01,729 : episode: 50 score: 2286.5 100 games avg: 2286.5 steps 1000 
INFO : 2021-02-01 15:34:59,881 : episode: 51 score: 2373.7 100 games avg: 2373.7 steps 1000 
INFO : 2021-02-01 15:36:58,410 : episode: 52 score: 2270.6 100 games avg: 2270.6 steps 1000 
INFO : 2021-02-01 15:38:57,361 : episode: 53 score: 2310.7 100 games avg: 2310.7 steps 1000 
INFO : 2021-02-01 15:40:56,266 : episode: 54 score: 2369.7 100 games avg: 2369.7 steps 1000 
INFO : 2021-02-01 15:42:55,804 : episode: 55 score: 2437.1 100 games avg: 2437.1 steps 1000 
INFO : 2021-02-01 15:44:55,510 : episode: 56 score: 2202.8 100 games avg: 2202.8 steps 1000 
INFO : 2021-02-01 15:46:55,595 : episode: 57 score: 2378.4 100 games avg: 2378.4 steps 1000 
INFO : 2021-02-01 15:48:55,785 : episode: 58 score: 2157.5 100 games avg: 2157.5 steps 1000 
INFO : 2021-02-01 15:50:56,093 : episode: 59 score: 2441.4 100 games avg: 2441.4 steps 1000 
INFO : 2021-02-01 15:52:56,948 : episode: 60 score: 530.8 100 games avg: 530.8 steps 1000 
INFO : 2021-02-01 15:54:58,205 : episode: 61 score: 2352.5 100 games avg: 2352.5 steps 1000 
INFO : 2021-02-01 15:56:59,780 : episode: 62 score: 2686.5 100 games avg: 2686.5 steps 1000 
INFO : 2021-02-01 15:59:01,757 : episode: 63 score: 2555.6 100 games avg: 2555.6 steps 1000 
INFO : 2021-02-01 16:01:03,869 : episode: 64 score: 2373.9 100 games avg: 2373.9 steps 1000 
INFO : 2021-02-01 16:03:06,483 : episode: 65 score: 2523.7 100 games avg: 2523.7 steps 1000 
INFO : 2021-02-01 16:05:09,496 : episode: 66 score: 2577.2 100 games avg: 2577.2 steps 1000 
INFO : 2021-02-01 16:07:12,851 : episode: 67 score: 2475.3 100 games avg: 2475.3 steps 1000 
INFO : 2021-02-01 16:09:16,459 : episode: 68 score: 592.0 100 games avg: 592.0 steps 1000 
INFO : 2021-02-01 16:11:20,428 : episode: 69 score: 843.9 100 games avg: 843.9 steps 1000 
INFO : 2021-02-01 16:13:24,559 : episode: 70 score: 2621.7 100 games avg: 2621.7 steps 1000 
INFO : 2021-02-01 16:15:29,014 : episode: 71 score: 2783.0 100 games avg: 2783.0 steps 1000 
INFO : 2021-02-01 16:17:34,104 : episode: 72 score: 2653.0 100 games avg: 2653.0 steps 1000 
INFO : 2021-02-01 16:19:39,278 : episode: 73 score: 2670.5 100 games avg: 2670.5 steps 1000 
INFO : 2021-02-01 16:21:44,917 : episode: 74 score: 2713.7 100 games avg: 2713.7 steps 1000 
INFO : 2021-02-01 16:23:50,625 : episode: 75 score: 2829.1 100 games avg: 2829.1 steps 1000 
INFO : 2021-02-01 16:25:56,820 : episode: 76 score: 2640.6 100 games avg: 2640.6 steps 1000 
INFO : 2021-02-01 16:28:03,182 : episode: 77 score: 2624.8 100 games avg: 2624.8 steps 1000 
INFO : 2021-02-01 16:30:10,082 : episode: 78 score: 2939.0 100 games avg: 2939.0 steps 1000 
INFO : 2021-02-01 16:32:17,188 : episode: 79 score: 3020.3 100 games avg: 3020.3 steps 1000 
INFO : 2021-02-01 16:34:24,459 : episode: 80 score: 2881.0 100 games avg: 2881.0 steps 1000 
INFO : 2021-02-01 16:36:32,296 : episode: 81 score: 2754.7 100 games avg: 2754.7 steps 1000 
INFO : 2021-02-01 16:38:40,447 : episode: 82 score: 2745.2 100 games avg: 2745.2 steps 1000 
INFO : 2021-02-01 16:40:48,849 : episode: 83 score: 2944.1 100 games avg: 2944.1 steps 1000 
INFO : 2021-02-01 16:42:57,474 : episode: 84 score: 2882.7 100 games avg: 2882.7 steps 1000 
INFO : 2021-02-01 16:45:06,283 : episode: 85 score: 3149.4 100 games avg: 3149.4 steps 1000 
INFO : 2021-02-01 16:47:15,711 : episode: 86 score: 2914.2 100 games avg: 2914.2 steps 1000 
INFO : 2021-02-01 16:49:25,318 : episode: 87 score: 660.8 100 games avg: 660.8 steps 1000 
INFO : 2021-02-01 16:51:35,545 : episode: 88 score: 3015.3 100 games avg: 3015.3 steps 1000 
INFO : 2021-02-01 16:53:45,953 : episode: 89 score: 2956.4 100 games avg: 2956.4 steps 1000 
INFO : 2021-02-01 16:55:56,709 : episode: 90 score: 3044.1 100 games avg: 3044.1 steps 1000 
INFO : 2021-02-01 16:58:07,702 : episode: 91 score: 2972.8 100 games avg: 2972.8 steps 1000 
INFO : 2021-02-01 17:00:18,941 : episode: 92 score: 3080.8 100 games avg: 3080.8 steps 1000 
INFO : 2021-02-01 17:02:30,671 : episode: 93 score: 3118.1 100 games avg: 3118.1 steps 1000 
INFO : 2021-02-01 17:04:42,527 : episode: 94 score: 2849.0 100 games avg: 2849.0 steps 1000 
INFO : 2021-02-01 17:06:54,978 : episode: 95 score: 2907.5 100 games avg: 2907.5 steps 1000 
INFO : 2021-02-01 17:09:07,393 : episode: 96 score: 2369.1 100 games avg: 2369.1 steps 1000 
INFO : 2021-02-01 17:11:20,369 : episode: 97 score: 3042.1 100 games avg: 3042.1 steps 1000 
INFO : 2021-02-01 17:13:33,637 : episode: 98 score: 3079.9 100 games avg: 3079.9 steps 1000 
INFO : 2021-02-01 17:15:47,219 : episode: 99 score: 3080.2 100 games avg: 3080.2 steps 1000 
