INFO : 2021-01-31 18:39:08,606 : method: Model Predictive Contorol
INFO : 2021-01-31 18:39:08,606 : parameter n_steps: 100 ensemble_size: 5 env: Continuous_CartPole
INFO : 2021-01-31 18:39:11,578 : mpc horizon: 5 mpc_samples: 100 elite_sample: 30 grad_steps: 10
INFO : 2021-01-31 18:39:11,579 : mpc_function policy-kl4
INFO : 2021-01-31 18:39:11,579 : policy-kl4
INFO : 2021-01-31 18:39:14,079 : episode: 0 score: 21.0 100 games avg: 21.0 steps 22 
INFO : 2021-01-31 18:39:16,702 : episode: 1 score: 21.0 100 games avg: 21.0 steps 22 
INFO : 2021-01-31 18:39:19,952 : episode: 2 score: 27.0 100 games avg: 27.0 steps 28 
INFO : 2021-01-31 18:39:23,097 : episode: 3 score: 25.0 100 games avg: 25.0 steps 26 
INFO : 2021-01-31 18:39:26,481 : episode: 4 score: 28.0 100 games avg: 28.0 steps 29 
INFO : 2021-01-31 18:39:29,744 : episode: 5 score: 27.0 100 games avg: 27.0 steps 28 
INFO : 2021-01-31 18:39:32,528 : episode: 6 score: 23.0 100 games avg: 23.0 steps 24 
INFO : 2021-01-31 18:39:36,411 : episode: 7 score: 32.0 100 games avg: 32.0 steps 33 
INFO : 2021-01-31 18:39:40,645 : episode: 8 score: 35.0 100 games avg: 35.0 steps 36 
INFO : 2021-01-31 18:39:43,113 : episode: 9 score: 19.0 100 games avg: 19.0 steps 20 
INFO : 2021-01-31 18:39:45,248 : episode: 10 score: 15.0 100 games avg: 15.0 steps 16 
INFO : 2021-01-31 18:39:46,819 : episode: 11 score: 10.0 100 games avg: 10.0 steps 11 
INFO : 2021-01-31 18:39:48,238 : episode: 12 score: 8.0 100 games avg: 8.0 steps 9 
INFO : 2021-01-31 18:39:49,794 : episode: 13 score: 10.0 100 games avg: 10.0 steps 11 
INFO : 2021-01-31 18:39:51,917 : episode: 14 score: 15.0 100 games avg: 15.0 steps 16 
INFO : 2021-01-31 18:39:53,686 : episode: 15 score: 12.0 100 games avg: 12.0 steps 13 
INFO : 2021-01-31 18:39:57,585 : episode: 16 score: 28.0 100 games avg: 28.0 steps 29 
INFO : 2021-01-31 18:39:59,357 : episode: 17 score: 12.0 100 games avg: 12.0 steps 13 
INFO : 2021-01-31 18:40:01,252 : episode: 18 score: 13.0 100 games avg: 13.0 steps 14 
INFO : 2021-01-31 18:40:02,829 : episode: 19 score: 11.0 100 games avg: 11.0 steps 12 
INFO : 2021-01-31 18:40:04,875 : episode: 20 score: 14.0 100 games avg: 14.0 steps 15 
INFO : 2021-01-31 18:40:06,487 : episode: 21 score: 11.0 100 games avg: 11.0 steps 12 
INFO : 2021-01-31 18:40:08,092 : episode: 22 score: 11.0 100 games avg: 11.0 steps 12 
INFO : 2021-01-31 18:40:09,900 : episode: 23 score: 13.0 100 games avg: 13.0 steps 14 
INFO : 2021-01-31 18:40:12,237 : episode: 24 score: 16.0 100 games avg: 16.0 steps 17 
INFO : 2021-01-31 18:40:14,880 : episode: 25 score: 19.0 100 games avg: 19.0 steps 20 
INFO : 2021-01-31 18:40:17,477 : episode: 26 score: 18.0 100 games avg: 18.0 steps 19 
INFO : 2021-01-31 18:40:19,842 : episode: 27 score: 16.0 100 games avg: 16.0 steps 17 
INFO : 2021-01-31 18:40:23,677 : episode: 28 score: 27.0 100 games avg: 27.0 steps 28 
INFO : 2021-01-31 18:40:27,022 : episode: 29 score: 24.0 100 games avg: 24.0 steps 25 
INFO : 2021-01-31 18:40:30,936 : episode: 30 score: 28.0 100 games avg: 28.0 steps 29 
INFO : 2021-01-31 18:40:34,720 : episode: 31 score: 27.0 100 games avg: 27.0 steps 28 
INFO : 2021-01-31 18:40:37,223 : episode: 32 score: 17.0 100 games avg: 17.0 steps 18 
INFO : 2021-01-31 18:40:39,878 : episode: 33 score: 18.0 100 games avg: 18.0 steps 19 
INFO : 2021-01-31 18:40:42,103 : episode: 34 score: 15.0 100 games avg: 15.0 steps 16 
INFO : 2021-01-31 18:40:44,503 : episode: 35 score: 16.0 100 games avg: 16.0 steps 17 
INFO : 2021-01-31 18:40:47,097 : episode: 36 score: 18.0 100 games avg: 18.0 steps 19 
INFO : 2021-01-31 18:40:49,346 : episode: 37 score: 15.0 100 games avg: 15.0 steps 16 
INFO : 2021-01-31 18:40:52,088 : episode: 38 score: 19.0 100 games avg: 19.0 steps 20 
INFO : 2021-01-31 18:40:55,026 : episode: 39 score: 21.0 100 games avg: 21.0 steps 22 
INFO : 2021-01-31 18:40:57,304 : episode: 40 score: 14.0 100 games avg: 14.0 steps 15 
INFO : 2021-01-31 18:40:59,920 : episode: 41 score: 17.0 100 games avg: 17.0 steps 18 
INFO : 2021-01-31 18:41:02,261 : episode: 42 score: 16.0 100 games avg: 16.0 steps 17 
INFO : 2021-01-31 18:41:04,667 : episode: 43 score: 16.0 100 games avg: 16.0 steps 17 
INFO : 2021-01-31 18:41:07,768 : episode: 44 score: 21.0 100 games avg: 21.0 steps 22 
INFO : 2021-01-31 18:41:10,024 : episode: 45 score: 15.0 100 games avg: 15.0 steps 16 
INFO : 2021-01-31 18:41:13,185 : episode: 46 score: 22.0 100 games avg: 22.0 steps 23 
INFO : 2021-01-31 18:41:37,299 : episode: 47 score: 183.0 100 games avg: 183.0 steps 184 
INFO : 2021-01-31 18:41:42,610 : episode: 48 score: 37.0 100 games avg: 37.0 steps 38 
INFO : 2021-01-31 18:41:50,061 : episode: 49 score: 56.0 100 games avg: 56.0 steps 57 
INFO : 2021-01-31 18:41:56,871 : episode: 50 score: 50.0 100 games avg: 50.0 steps 51 
INFO : 2021-01-31 18:42:01,427 : episode: 51 score: 30.0 100 games avg: 30.0 steps 31 
INFO : 2021-01-31 18:42:08,307 : episode: 52 score: 49.0 100 games avg: 49.0 steps 50 
INFO : 2021-01-31 18:42:14,946 : episode: 53 score: 47.0 100 games avg: 47.0 steps 48 
INFO : 2021-01-31 18:42:20,581 : episode: 54 score: 40.0 100 games avg: 40.0 steps 41 
INFO : 2021-01-31 18:42:35,357 : episode: 55 score: 109.0 100 games avg: 109.0 steps 110 
INFO : 2021-01-31 18:42:40,716 : episode: 56 score: 38.0 100 games avg: 38.0 steps 39 
INFO : 2021-01-31 18:42:45,667 : episode: 57 score: 34.0 100 games avg: 34.0 steps 35 
INFO : 2021-01-31 18:42:54,343 : episode: 58 score: 63.0 100 games avg: 63.0 steps 64 
INFO : 2021-01-31 18:43:08,911 : episode: 59 score: 109.0 100 games avg: 109.0 steps 110 
INFO : 2021-01-31 18:43:15,484 : episode: 60 score: 46.0 100 games avg: 46.0 steps 47 
INFO : 2021-01-31 18:43:23,242 : episode: 61 score: 55.0 100 games avg: 55.0 steps 56 
INFO : 2021-01-31 18:43:41,811 : episode: 62 score: 140.0 100 games avg: 140.0 steps 141 
INFO : 2021-01-31 18:43:53,524 : episode: 63 score: 86.0 100 games avg: 86.0 steps 87 
INFO : 2021-01-31 18:44:05,740 : episode: 64 score: 88.0 100 games avg: 88.0 steps 89 
INFO : 2021-01-31 18:44:14,222 : episode: 65 score: 59.0 100 games avg: 59.0 steps 60 
INFO : 2021-01-31 18:44:25,417 : episode: 66 score: 82.0 100 games avg: 82.0 steps 83 
INFO : 2021-01-31 18:44:36,464 : episode: 67 score: 81.0 100 games avg: 81.0 steps 82 
INFO : 2021-01-31 18:44:46,979 : episode: 68 score: 76.0 100 games avg: 76.0 steps 77 
INFO : 2021-01-31 18:44:59,839 : episode: 69 score: 95.0 100 games avg: 95.0 steps 96 
INFO : 2021-01-31 18:45:09,387 : episode: 70 score: 69.0 100 games avg: 69.0 steps 70 
INFO : 2021-01-31 18:45:26,435 : episode: 71 score: 126.0 100 games avg: 126.0 steps 127 
INFO : 2021-01-31 18:45:38,160 : episode: 72 score: 87.0 100 games avg: 87.0 steps 88 
INFO : 2021-01-31 18:45:49,641 : episode: 73 score: 81.0 100 games avg: 81.0 steps 82 
INFO : 2021-01-31 18:46:01,452 : episode: 74 score: 84.0 100 games avg: 84.0 steps 85 
INFO : 2021-01-31 18:46:14,010 : episode: 75 score: 90.0 100 games avg: 90.0 steps 91 
INFO : 2021-01-31 18:46:23,724 : episode: 76 score: 70.0 100 games avg: 70.0 steps 71 
INFO : 2021-01-31 18:46:35,477 : episode: 77 score: 85.0 100 games avg: 85.0 steps 86 
INFO : 2021-01-31 18:46:50,461 : episode: 78 score: 109.0 100 games avg: 109.0 steps 110 
INFO : 2021-01-31 18:47:06,381 : episode: 79 score: 117.0 100 games avg: 117.0 steps 118 
INFO : 2021-01-31 18:47:21,685 : episode: 80 score: 111.0 100 games avg: 111.0 steps 112 
INFO : 2021-01-31 18:47:40,825 : episode: 81 score: 138.0 100 games avg: 138.0 steps 139 
INFO : 2021-01-31 18:48:00,291 : episode: 82 score: 144.0 100 games avg: 144.0 steps 145 
INFO : 2021-01-31 18:48:11,650 : episode: 83 score: 81.0 100 games avg: 81.0 steps 82 
INFO : 2021-01-31 18:48:32,471 : episode: 84 score: 153.0 100 games avg: 153.0 steps 154 
INFO : 2021-01-31 18:48:54,361 : episode: 85 score: 162.0 100 games avg: 162.0 steps 163 
INFO : 2021-01-31 18:49:09,916 : episode: 86 score: 114.0 100 games avg: 114.0 steps 115 
INFO : 2021-01-31 18:49:24,617 : episode: 87 score: 102.0 100 games avg: 102.0 steps 103 
INFO : 2021-01-31 18:49:38,729 : episode: 88 score: 99.0 100 games avg: 99.0 steps 100 
INFO : 2021-01-31 18:49:57,143 : episode: 89 score: 132.0 100 games avg: 132.0 steps 133 
INFO : 2021-01-31 18:50:09,767 : episode: 90 score: 87.0 100 games avg: 87.0 steps 88 
INFO : 2021-01-31 18:50:22,710 : episode: 91 score: 91.0 100 games avg: 91.0 steps 92 
INFO : 2021-01-31 18:50:38,555 : episode: 92 score: 114.0 100 games avg: 114.0 steps 115 
INFO : 2021-01-31 18:50:53,314 : episode: 93 score: 103.0 100 games avg: 103.0 steps 104 
INFO : 2021-01-31 18:51:20,215 : episode: 94 score: 197.0 100 games avg: 197.0 steps 198 
INFO : 2021-01-31 18:51:37,538 : episode: 95 score: 121.0 100 games avg: 121.0 steps 122 
INFO : 2021-01-31 18:51:59,871 : episode: 96 score: 157.0 100 games avg: 157.0 steps 158 
INFO : 2021-01-31 18:52:21,216 : episode: 97 score: 150.0 100 games avg: 150.0 steps 151 
INFO : 2021-01-31 18:52:37,342 : episode: 98 score: 113.0 100 games avg: 113.0 steps 114 
INFO : 2021-01-31 18:52:58,570 : episode: 99 score: 150.0 100 games avg: 150.0 steps 151 
