INFO : 2021-01-28 16:41:23,136 : method: Model Predictive Contorol
INFO : 2021-01-28 16:41:23,137 : parameter n_steps: 100 ensemble_size: 5 env: Hopper-v2
INFO : 2021-01-28 16:41:26,387 : mpc horizon: 30 mpc_samples: 100 elite_sample: 30 grad_steps: 10
INFO : 2021-01-28 16:41:26,388 : mpc_function policy-gamma
INFO : 2021-01-28 16:41:26,388 : policy-gamma
INFO : 2021-01-28 16:41:55,757 : episode: 0 score: 17.4 100 games avg: 17.4 steps 25 
INFO : 2021-01-28 16:42:23,518 : episode: 1 score: 16.9 100 games avg: 16.9 steps 23 
INFO : 2021-01-28 16:42:56,652 : episode: 2 score: 19.1 100 games avg: 19.1 steps 28 
INFO : 2021-01-28 16:43:25,248 : episode: 3 score: 17.8 100 games avg: 17.8 steps 25 
INFO : 2021-01-28 16:43:53,071 : episode: 4 score: 16.7 100 games avg: 16.7 steps 24 
INFO : 2021-01-28 16:44:18,831 : episode: 5 score: 17.3 100 games avg: 17.3 steps 24 
INFO : 2021-01-28 16:44:46,752 : episode: 6 score: 17.5 100 games avg: 17.5 steps 25 
INFO : 2021-01-28 16:45:19,128 : episode: 7 score: 17.8 100 games avg: 17.8 steps 25 
INFO : 2021-01-28 16:45:48,362 : episode: 8 score: 16.9 100 games avg: 16.9 steps 24 
INFO : 2021-01-28 16:46:18,632 : episode: 9 score: 16.9 100 games avg: 16.9 steps 25 
INFO : 2021-01-28 16:47:02,027 : episode: 10 score: 16.8 100 games avg: 16.8 steps 35 
INFO : 2021-01-28 16:47:16,503 : episode: 11 score: 8.1 100 games avg: 8.1 steps 12 
INFO : 2021-01-28 16:47:27,449 : episode: 12 score: 5.5 100 games avg: 5.5 steps 9 
INFO : 2021-01-28 16:47:44,978 : episode: 13 score: 10.2 100 games avg: 10.2 steps 15 
INFO : 2021-01-28 16:47:53,291 : episode: 14 score: 5.2 100 games avg: 5.2 steps 7 
INFO : 2021-01-28 16:48:01,522 : episode: 15 score: 5.2 100 games avg: 5.2 steps 7 
INFO : 2021-01-28 16:48:09,609 : episode: 16 score: 5.0 100 games avg: 5.0 steps 7 
INFO : 2021-01-28 16:48:17,961 : episode: 17 score: 5.0 100 games avg: 5.0 steps 7 
INFO : 2021-01-28 16:48:27,362 : episode: 18 score: 6.3 100 games avg: 6.3 steps 8 
INFO : 2021-01-28 16:48:36,790 : episode: 19 score: 6.3 100 games avg: 6.3 steps 8 
INFO : 2021-01-28 16:48:47,532 : episode: 20 score: 6.9 100 games avg: 6.9 steps 9 
INFO : 2021-01-28 16:48:57,071 : episode: 21 score: 6.2 100 games avg: 6.2 steps 8 
INFO : 2021-01-28 16:49:06,890 : episode: 22 score: 6.1 100 games avg: 6.1 steps 8 
INFO : 2021-01-28 16:49:18,182 : episode: 23 score: 6.3 100 games avg: 6.3 steps 8 
INFO : 2021-01-28 16:49:27,808 : episode: 24 score: 6.4 100 games avg: 6.4 steps 8 
INFO : 2021-01-28 16:49:42,542 : episode: 25 score: 8.6 100 games avg: 8.6 steps 12 
INFO : 2021-01-28 16:49:52,002 : episode: 26 score: 6.1 100 games avg: 6.1 steps 8 
INFO : 2021-01-28 16:50:01,977 : episode: 27 score: 6.8 100 games avg: 6.8 steps 8 
INFO : 2021-01-28 16:50:11,667 : episode: 28 score: 6.3 100 games avg: 6.3 steps 8 
INFO : 2021-01-28 16:50:21,374 : episode: 29 score: 5.9 100 games avg: 5.9 steps 8 
INFO : 2021-01-28 16:50:33,449 : episode: 30 score: 8.5 100 games avg: 8.5 steps 10 
INFO : 2021-01-28 16:50:45,353 : episode: 31 score: 8.4 100 games avg: 8.4 steps 10 
INFO : 2021-01-28 16:51:11,801 : episode: 32 score: 21.3 100 games avg: 21.3 steps 21 
INFO : 2021-01-28 16:51:23,974 : episode: 33 score: 7.2 100 games avg: 7.2 steps 9 
INFO : 2021-01-28 16:51:36,248 : episode: 34 score: 7.4 100 games avg: 7.4 steps 9 
INFO : 2021-01-28 16:51:53,085 : episode: 35 score: 13.4 100 games avg: 13.4 steps 14 
INFO : 2021-01-28 16:52:10,516 : episode: 36 score: 10.8 100 games avg: 10.8 steps 14 
INFO : 2021-01-28 16:52:39,030 : episode: 37 score: 40.8 100 games avg: 40.8 steps 24 
INFO : 2021-01-28 16:53:24,810 : episode: 38 score: 10.7 100 games avg: 10.7 steps 39 
INFO : 2021-01-28 16:54:03,016 : episode: 39 score: 55.2 100 games avg: 55.2 steps 32 
INFO : 2021-01-28 16:55:57,224 : episode: 40 score: 122.2 100 games avg: 122.2 steps 94 
INFO : 2021-01-28 16:56:37,417 : episode: 41 score: 53.8 100 games avg: 53.8 steps 33 
INFO : 2021-01-28 16:57:10,129 : episode: 42 score: 47.3 100 games avg: 47.3 steps 28 
INFO : 2021-01-28 16:57:46,109 : episode: 43 score: 50.3 100 games avg: 50.3 steps 30 
INFO : 2021-01-28 16:58:33,452 : episode: 44 score: 54.7 100 games avg: 54.7 steps 40 
INFO : 2021-01-28 16:59:04,417 : episode: 45 score: 44.1 100 games avg: 44.1 steps 26 
INFO : 2021-01-28 16:59:35,950 : episode: 46 score: 42.7 100 games avg: 42.7 steps 25 
INFO : 2021-01-28 17:00:09,726 : episode: 47 score: 44.5 100 games avg: 44.5 steps 26 
INFO : 2021-01-28 17:00:40,506 : episode: 48 score: 39.5 100 games avg: 39.5 steps 23 
INFO : 2021-01-28 17:01:10,968 : episode: 49 score: 43.3 100 games avg: 43.3 steps 25 
INFO : 2021-01-28 17:01:43,313 : episode: 50 score: 44.5 100 games avg: 44.5 steps 26 
INFO : 2021-01-28 17:02:14,003 : episode: 51 score: 41.6 100 games avg: 41.6 steps 24 
INFO : 2021-01-28 17:02:40,273 : episode: 52 score: 38.2 100 games avg: 38.2 steps 22 
INFO : 2021-01-28 17:03:14,750 : episode: 53 score: 44.1 100 games avg: 44.1 steps 26 
INFO : 2021-01-28 17:03:45,608 : episode: 54 score: 43.4 100 games avg: 43.4 steps 25 
INFO : 2021-01-28 17:04:14,048 : episode: 55 score: 39.5 100 games avg: 39.5 steps 23 
INFO : 2021-01-28 17:04:44,092 : episode: 56 score: 43.1 100 games avg: 43.1 steps 25 
INFO : 2021-01-28 17:05:14,327 : episode: 57 score: 42.8 100 games avg: 42.8 steps 25 
INFO : 2021-01-28 17:05:42,683 : episode: 58 score: 40.6 100 games avg: 40.6 steps 24 
INFO : 2021-01-28 17:06:14,456 : episode: 59 score: 43.2 100 games avg: 43.2 steps 25 
INFO : 2021-01-28 17:06:48,491 : episode: 60 score: 44.3 100 games avg: 44.3 steps 26 
INFO : 2021-01-28 17:07:16,147 : episode: 61 score: 39.6 100 games avg: 39.6 steps 23 
INFO : 2021-01-28 17:07:44,171 : episode: 62 score: 39.5 100 games avg: 39.5 steps 23 
INFO : 2021-01-28 17:08:13,079 : episode: 63 score: 41.6 100 games avg: 41.6 steps 24 
INFO : 2021-01-28 17:08:41,006 : episode: 64 score: 40.0 100 games avg: 40.0 steps 23 
INFO : 2021-01-28 17:09:07,803 : episode: 65 score: 38.6 100 games avg: 38.6 steps 22 
INFO : 2021-01-28 17:09:37,281 : episode: 66 score: 43.3 100 games avg: 43.3 steps 25 
INFO : 2021-01-28 17:10:11,021 : episode: 67 score: 43.0 100 games avg: 43.0 steps 25 
INFO : 2021-01-28 17:10:40,993 : episode: 68 score: 40.2 100 games avg: 40.2 steps 23 
INFO : 2021-01-28 17:11:09,561 : episode: 69 score: 38.5 100 games avg: 38.5 steps 22 
INFO : 2021-01-28 17:11:37,756 : episode: 70 score: 38.3 100 games avg: 38.3 steps 22 
INFO : 2021-01-28 17:12:05,166 : episode: 71 score: 36.4 100 games avg: 36.4 steps 21 
INFO : 2021-01-28 17:12:33,222 : episode: 72 score: 40.1 100 games avg: 40.1 steps 23 
INFO : 2021-01-28 17:13:02,397 : episode: 73 score: 41.4 100 games avg: 41.4 steps 24 
INFO : 2021-01-28 17:13:33,002 : episode: 74 score: 41.6 100 games avg: 41.6 steps 24 
INFO : 2021-01-28 17:14:02,191 : episode: 75 score: 41.6 100 games avg: 41.6 steps 24 
INFO : 2021-01-28 17:14:30,216 : episode: 76 score: 40.0 100 games avg: 40.0 steps 23 
INFO : 2021-01-28 17:14:58,624 : episode: 77 score: 40.0 100 games avg: 40.0 steps 23 
INFO : 2021-01-28 17:15:26,955 : episode: 78 score: 40.0 100 games avg: 40.0 steps 23 
INFO : 2021-01-28 17:15:55,727 : episode: 79 score: 39.9 100 games avg: 39.9 steps 23 
INFO : 2021-01-28 17:16:24,015 : episode: 80 score: 40.2 100 games avg: 40.2 steps 23 
INFO : 2021-01-28 17:16:51,133 : episode: 81 score: 38.3 100 games avg: 38.3 steps 22 
INFO : 2021-01-28 17:17:19,826 : episode: 82 score: 40.1 100 games avg: 40.1 steps 23 
INFO : 2021-01-28 17:17:47,364 : episode: 83 score: 39.5 100 games avg: 39.5 steps 23 
INFO : 2021-01-28 17:18:17,836 : episode: 84 score: 40.2 100 games avg: 40.2 steps 23 
INFO : 2021-01-28 17:18:46,243 : episode: 85 score: 40.1 100 games avg: 40.1 steps 23 
INFO : 2021-01-28 17:19:16,475 : episode: 86 score: 37.8 100 games avg: 37.8 steps 22 
INFO : 2021-01-28 17:19:44,804 : episode: 87 score: 40.2 100 games avg: 40.2 steps 23 
INFO : 2021-01-28 17:20:36,516 : episode: 88 score: 77.3 100 games avg: 77.3 steps 43 
INFO : 2021-01-28 17:21:05,398 : episode: 89 score: 40.2 100 games avg: 40.2 steps 23 
INFO : 2021-01-28 17:21:33,616 : episode: 90 score: 37.8 100 games avg: 37.8 steps 22 
INFO : 2021-01-28 17:22:06,107 : episode: 91 score: 43.4 100 games avg: 43.4 steps 25 
INFO : 2021-01-28 17:22:35,986 : episode: 92 score: 41.2 100 games avg: 41.2 steps 24 
INFO : 2021-01-28 17:23:30,720 : episode: 93 score: 76.0 100 games avg: 76.0 steps 42 
INFO : 2021-01-28 17:24:01,717 : episode: 94 score: 43.2 100 games avg: 43.2 steps 25 
INFO : 2021-01-28 17:24:31,863 : episode: 95 score: 42.0 100 games avg: 42.0 steps 24 
INFO : 2021-01-28 17:25:23,352 : episode: 96 score: 76.0 100 games avg: 76.0 steps 42 
INFO : 2021-01-28 17:25:53,189 : episode: 97 score: 41.2 100 games avg: 41.2 steps 24 
INFO : 2021-01-28 17:26:52,381 : episode: 98 score: 85.5 100 games avg: 85.5 steps 48 
INFO : 2021-01-28 17:27:20,007 : episode: 99 score: 38.4 100 games avg: 38.4 steps 22 
