INFO : 2021-01-31 18:53:01,005 : method: Model Predictive Contorol
INFO : 2021-01-31 18:53:01,005 : parameter n_steps: 100 ensemble_size: 5 env: Continuous_CartPole
INFO : 2021-01-31 18:53:06,577 : mpc horizon: 5 mpc_samples: 100 elite_sample: 30 grad_steps: 10
INFO : 2021-01-31 18:53:06,590 : mpc_function policy-kl4
INFO : 2021-01-31 18:53:06,590 : policy-kl4
INFO : 2021-01-31 18:53:12,111 : episode: 0 score: 22.0 100 games avg: 22.0 steps 23 
INFO : 2021-01-31 18:53:16,499 : episode: 1 score: 20.0 100 games avg: 20.0 steps 21 
INFO : 2021-01-31 18:53:21,783 : episode: 2 score: 22.0 100 games avg: 22.0 steps 23 
INFO : 2021-01-31 18:53:27,001 : episode: 3 score: 22.0 100 games avg: 22.0 steps 23 
INFO : 2021-01-31 18:53:33,070 : episode: 4 score: 26.0 100 games avg: 26.0 steps 27 
INFO : 2021-01-31 18:53:37,486 : episode: 5 score: 19.0 100 games avg: 19.0 steps 20 
INFO : 2021-01-31 18:53:42,189 : episode: 6 score: 22.0 100 games avg: 22.0 steps 23 
INFO : 2021-01-31 18:53:54,176 : episode: 7 score: 49.0 100 games avg: 49.0 steps 50 
INFO : 2021-01-31 18:54:01,598 : episode: 8 score: 29.0 100 games avg: 29.0 steps 30 
INFO : 2021-01-31 18:54:08,321 : episode: 9 score: 27.0 100 games avg: 27.0 steps 28 
INFO : 2021-01-31 18:54:10,712 : episode: 10 score: 10.0 100 games avg: 10.0 steps 11 
INFO : 2021-01-31 18:54:12,196 : episode: 11 score: 8.0 100 games avg: 8.0 steps 9 
INFO : 2021-01-31 18:54:13,957 : episode: 12 score: 6.0 100 games avg: 6.0 steps 7 
INFO : 2021-01-31 18:54:16,025 : episode: 13 score: 7.0 100 games avg: 7.0 steps 8 
INFO : 2021-01-31 18:54:18,106 : episode: 14 score: 7.0 100 games avg: 7.0 steps 8 
INFO : 2021-01-31 18:54:20,055 : episode: 15 score: 7.0 100 games avg: 7.0 steps 8 
INFO : 2021-01-31 18:54:22,488 : episode: 16 score: 8.0 100 games avg: 8.0 steps 9 
INFO : 2021-01-31 18:54:23,753 : episode: 17 score: 7.0 100 games avg: 7.0 steps 8 
INFO : 2021-01-31 18:54:26,050 : episode: 18 score: 7.0 100 games avg: 7.0 steps 8 
INFO : 2021-01-31 18:54:28,780 : episode: 19 score: 8.0 100 games avg: 8.0 steps 9 
INFO : 2021-01-31 18:54:31,033 : episode: 20 score: 7.0 100 games avg: 7.0 steps 8 
INFO : 2021-01-31 18:54:33,223 : episode: 21 score: 8.0 100 games avg: 8.0 steps 9 
INFO : 2021-01-31 18:54:35,344 : episode: 22 score: 7.0 100 games avg: 7.0 steps 8 
INFO : 2021-01-31 18:54:37,495 : episode: 23 score: 8.0 100 games avg: 8.0 steps 9 
INFO : 2021-01-31 18:54:39,364 : episode: 24 score: 8.0 100 games avg: 8.0 steps 9 
INFO : 2021-01-31 18:54:41,495 : episode: 25 score: 9.0 100 games avg: 9.0 steps 10 
INFO : 2021-01-31 18:54:43,921 : episode: 26 score: 8.0 100 games avg: 8.0 steps 9 
INFO : 2021-01-31 18:54:46,241 : episode: 27 score: 9.0 100 games avg: 9.0 steps 10 
INFO : 2021-01-31 18:54:49,062 : episode: 28 score: 10.0 100 games avg: 10.0 steps 11 
INFO : 2021-01-31 18:54:50,981 : episode: 29 score: 9.0 100 games avg: 9.0 steps 10 
INFO : 2021-01-31 18:54:53,857 : episode: 30 score: 11.0 100 games avg: 11.0 steps 12 
INFO : 2021-01-31 18:54:57,559 : episode: 31 score: 15.0 100 games avg: 15.0 steps 16 
INFO : 2021-01-31 18:55:03,651 : episode: 32 score: 24.0 100 games avg: 24.0 steps 25 
INFO : 2021-01-31 18:55:10,360 : episode: 33 score: 26.0 100 games avg: 26.0 steps 27 
INFO : 2021-01-31 18:55:15,774 : episode: 34 score: 19.0 100 games avg: 19.0 steps 20 
INFO : 2021-01-31 18:55:20,668 : episode: 35 score: 20.0 100 games avg: 20.0 steps 21 
INFO : 2021-01-31 18:55:25,351 : episode: 36 score: 20.0 100 games avg: 20.0 steps 21 
INFO : 2021-01-31 18:55:29,045 : episode: 37 score: 16.0 100 games avg: 16.0 steps 17 
INFO : 2021-01-31 18:55:33,554 : episode: 38 score: 17.0 100 games avg: 17.0 steps 18 
INFO : 2021-01-31 18:55:39,231 : episode: 39 score: 20.0 100 games avg: 20.0 steps 21 
INFO : 2021-01-31 18:55:45,027 : episode: 40 score: 20.0 100 games avg: 20.0 steps 21 
INFO : 2021-01-31 18:55:48,892 : episode: 41 score: 17.0 100 games avg: 17.0 steps 18 
INFO : 2021-01-31 18:55:53,344 : episode: 42 score: 15.0 100 games avg: 15.0 steps 16 
INFO : 2021-01-31 18:55:58,904 : episode: 43 score: 18.0 100 games avg: 18.0 steps 19 
INFO : 2021-01-31 18:56:02,771 : episode: 44 score: 17.0 100 games avg: 17.0 steps 18 
INFO : 2021-01-31 18:56:08,150 : episode: 45 score: 21.0 100 games avg: 21.0 steps 22 
INFO : 2021-01-31 18:56:13,163 : episode: 46 score: 20.0 100 games avg: 20.0 steps 21 
INFO : 2021-01-31 18:56:17,689 : episode: 47 score: 17.0 100 games avg: 17.0 steps 18 
INFO : 2021-01-31 18:56:24,287 : episode: 48 score: 24.0 100 games avg: 24.0 steps 25 
INFO : 2021-01-31 18:56:31,189 : episode: 49 score: 27.0 100 games avg: 27.0 steps 28 
INFO : 2021-01-31 18:56:38,722 : episode: 50 score: 25.0 100 games avg: 25.0 steps 26 
INFO : 2021-01-31 18:56:45,251 : episode: 51 score: 27.0 100 games avg: 27.0 steps 28 
INFO : 2021-01-31 18:56:50,468 : episode: 52 score: 31.0 100 games avg: 31.0 steps 32 
INFO : 2021-01-31 18:56:55,148 : episode: 53 score: 26.0 100 games avg: 26.0 steps 27 
INFO : 2021-01-31 18:57:00,249 : episode: 54 score: 32.0 100 games avg: 32.0 steps 33 
INFO : 2021-01-31 18:57:06,452 : episode: 55 score: 39.0 100 games avg: 39.0 steps 40 
INFO : 2021-01-31 18:57:11,584 : episode: 56 score: 31.0 100 games avg: 31.0 steps 32 
INFO : 2021-01-31 18:57:18,424 : episode: 57 score: 40.0 100 games avg: 40.0 steps 41 
INFO : 2021-01-31 18:57:24,724 : episode: 58 score: 36.0 100 games avg: 36.0 steps 37 
INFO : 2021-01-31 18:57:38,442 : episode: 59 score: 82.0 100 games avg: 82.0 steps 83 
INFO : 2021-01-31 18:57:43,533 : episode: 60 score: 31.0 100 games avg: 31.0 steps 32 
INFO : 2021-01-31 18:57:51,704 : episode: 61 score: 48.0 100 games avg: 48.0 steps 49 
INFO : 2021-01-31 18:57:58,628 : episode: 62 score: 43.0 100 games avg: 43.0 steps 44 
INFO : 2021-01-31 18:58:07,018 : episode: 63 score: 50.0 100 games avg: 50.0 steps 51 
INFO : 2021-01-31 18:58:14,292 : episode: 64 score: 44.0 100 games avg: 44.0 steps 45 
INFO : 2021-01-31 18:58:20,683 : episode: 65 score: 37.0 100 games avg: 37.0 steps 38 
INFO : 2021-01-31 18:58:28,912 : episode: 66 score: 46.0 100 games avg: 46.0 steps 47 
INFO : 2021-01-31 18:58:37,378 : episode: 67 score: 45.0 100 games avg: 45.0 steps 46 
INFO : 2021-01-31 18:58:45,400 : episode: 68 score: 42.0 100 games avg: 42.0 steps 43 
INFO : 2021-01-31 18:58:53,366 : episode: 69 score: 44.0 100 games avg: 44.0 steps 45 
INFO : 2021-01-31 18:59:01,166 : episode: 70 score: 45.0 100 games avg: 45.0 steps 46 
INFO : 2021-01-31 18:59:04,622 : episode: 71 score: 17.0 100 games avg: 17.0 steps 18 
INFO : 2021-01-31 18:59:07,133 : episode: 72 score: 13.0 100 games avg: 13.0 steps 14 
INFO : 2021-01-31 18:59:09,386 : episode: 73 score: 10.0 100 games avg: 10.0 steps 11 
INFO : 2021-01-31 18:59:11,582 : episode: 74 score: 9.0 100 games avg: 9.0 steps 10 
INFO : 2021-01-31 18:59:13,931 : episode: 75 score: 11.0 100 games avg: 11.0 steps 12 
INFO : 2021-01-31 18:59:15,767 : episode: 76 score: 8.0 100 games avg: 8.0 steps 9 
INFO : 2021-01-31 18:59:17,672 : episode: 77 score: 9.0 100 games avg: 9.0 steps 10 
INFO : 2021-01-31 18:59:19,273 : episode: 78 score: 7.0 100 games avg: 7.0 steps 8 
INFO : 2021-01-31 18:59:20,834 : episode: 79 score: 6.0 100 games avg: 6.0 steps 7 
INFO : 2021-01-31 18:59:22,092 : episode: 80 score: 5.0 100 games avg: 5.0 steps 6 
INFO : 2021-01-31 18:59:23,497 : episode: 81 score: 6.0 100 games avg: 6.0 steps 7 
INFO : 2021-01-31 18:59:25,519 : episode: 82 score: 8.0 100 games avg: 8.0 steps 9 
INFO : 2021-01-31 18:59:26,990 : episode: 83 score: 6.0 100 games avg: 6.0 steps 7 
INFO : 2021-01-31 18:59:28,434 : episode: 84 score: 6.0 100 games avg: 6.0 steps 7 
INFO : 2021-01-31 18:59:30,342 : episode: 85 score: 6.0 100 games avg: 6.0 steps 7 
INFO : 2021-01-31 18:59:32,508 : episode: 86 score: 6.0 100 games avg: 6.0 steps 7 
INFO : 2021-01-31 18:59:34,692 : episode: 87 score: 7.0 100 games avg: 7.0 steps 8 
INFO : 2021-01-31 18:59:36,658 : episode: 88 score: 5.0 100 games avg: 5.0 steps 6 
INFO : 2021-01-31 18:59:38,831 : episode: 89 score: 5.0 100 games avg: 5.0 steps 6 
INFO : 2021-01-31 18:59:41,270 : episode: 90 score: 7.0 100 games avg: 7.0 steps 8 
INFO : 2021-01-31 18:59:45,489 : episode: 91 score: 13.0 100 games avg: 13.0 steps 14 
INFO : 2021-01-31 18:59:48,437 : episode: 92 score: 8.0 100 games avg: 8.0 steps 9 
INFO : 2021-01-31 18:59:51,165 : episode: 93 score: 9.0 100 games avg: 9.0 steps 10 
INFO : 2021-01-31 18:59:53,732 : episode: 94 score: 11.0 100 games avg: 11.0 steps 12 
INFO : 2021-01-31 18:59:56,932 : episode: 95 score: 13.0 100 games avg: 13.0 steps 14 
INFO : 2021-01-31 19:00:01,052 : episode: 96 score: 17.0 100 games avg: 17.0 steps 18 
INFO : 2021-01-31 19:00:06,715 : episode: 97 score: 22.0 100 games avg: 22.0 steps 23 
INFO : 2021-01-31 19:00:21,938 : episode: 98 score: 69.0 100 games avg: 69.0 steps 70 
INFO : 2021-01-31 19:00:29,389 : episode: 99 score: 31.0 100 games avg: 31.0 steps 32 
