INFO : 2021-01-20 14:46:58,487 : method: Model Predictive Contorol
INFO : 2021-01-20 14:46:58,488 : parameter n_steps: 1000 ensemble_size: 5 env: Hopper-v2
INFO : 2021-01-20 14:47:01,127 : mpc horizon: 10 mpc_samples: 100 elite_sample: 30 grad_steps: 10
INFO : 2021-01-20 14:47:01,127 : mpc_function policy
INFO : 2021-01-20 14:47:01,127 : policy
INFO : 2021-01-20 14:47:09,486 : episode: 0 score: 18.7 100 games avg: 18.7 steps 49 
INFO : 2021-01-20 14:47:18,009 : episode: 1 score: 18.7 100 games avg: 18.7 steps 49 
INFO : 2021-01-20 14:47:26,074 : episode: 2 score: 20.6 100 games avg: 20.6 steps 46 
INFO : 2021-01-20 14:47:34,678 : episode: 3 score: 19.5 100 games avg: 19.5 steps 49 
INFO : 2021-01-20 14:47:43,100 : episode: 4 score: 19.4 100 games avg: 19.4 steps 48 
INFO : 2021-01-20 14:47:48,690 : episode: 5 score: 21.0 100 games avg: 21.0 steps 31 
INFO : 2021-01-20 14:47:50,781 : episode: 6 score: 9.3 100 games avg: 9.3 steps 11 
INFO : 2021-01-20 14:47:53,424 : episode: 7 score: 11.7 100 games avg: 11.7 steps 14 
INFO : 2021-01-20 14:47:56,431 : episode: 8 score: 13.6 100 games avg: 13.6 steps 16 
INFO : 2021-01-20 14:47:59,437 : episode: 9 score: 17.2 100 games avg: 17.2 steps 16 
INFO : 2021-01-20 14:48:01,908 : episode: 10 score: 10.2 100 games avg: 10.2 steps 13 
INFO : 2021-01-20 14:48:04,375 : episode: 11 score: 8.8 100 games avg: 8.8 steps 13 
INFO : 2021-01-20 14:48:08,117 : episode: 12 score: 19.5 100 games avg: 19.5 steps 20 
INFO : 2021-01-20 14:48:11,689 : episode: 13 score: 16.4 100 games avg: 16.4 steps 19 
INFO : 2021-01-20 14:48:15,058 : episode: 14 score: 17.0 100 games avg: 17.0 steps 18 
INFO : 2021-01-20 14:48:18,074 : episode: 15 score: 10.7 100 games avg: 10.7 steps 16 
INFO : 2021-01-20 14:48:22,004 : episode: 16 score: 21.1 100 games avg: 21.1 steps 21 
INFO : 2021-01-20 14:48:24,828 : episode: 17 score: 14.5 100 games avg: 14.5 steps 15 
INFO : 2021-01-20 14:48:27,472 : episode: 18 score: 9.6 100 games avg: 9.6 steps 14 
INFO : 2021-01-20 14:48:37,823 : episode: 19 score: 105.5 100 games avg: 105.5 steps 56 
INFO : 2021-01-20 14:48:47,844 : episode: 20 score: 80.7 100 games avg: 80.7 steps 54 
INFO : 2021-01-20 14:48:53,126 : episode: 21 score: 47.1 100 games avg: 47.1 steps 28 
INFO : 2021-01-20 14:48:57,862 : episode: 22 score: 42.6 100 games avg: 42.6 steps 25 
INFO : 2021-01-20 14:49:02,600 : episode: 23 score: 41.6 100 games avg: 41.6 steps 25 
INFO : 2021-01-20 14:49:08,975 : episode: 24 score: 56.4 100 games avg: 56.4 steps 34 
INFO : 2021-01-20 14:49:17,908 : episode: 25 score: 82.2 100 games avg: 82.2 steps 48 
INFO : 2021-01-20 14:49:22,461 : episode: 26 score: 40.7 100 games avg: 40.7 steps 24 
INFO : 2021-01-20 14:49:28,557 : episode: 27 score: 55.2 100 games avg: 55.2 steps 32 
INFO : 2021-01-20 14:49:36,664 : episode: 28 score: 72.5 100 games avg: 72.5 steps 43 
INFO : 2021-01-20 14:49:41,668 : episode: 29 score: 45.5 100 games avg: 45.5 steps 26 
INFO : 2021-01-20 14:49:47,403 : episode: 30 score: 51.5 100 games avg: 51.5 steps 30 
INFO : 2021-01-20 14:50:00,118 : episode: 31 score: 124.4 100 games avg: 124.4 steps 68 
INFO : 2021-01-20 14:50:04,961 : episode: 32 score: 43.8 100 games avg: 43.8 steps 25 
INFO : 2021-01-20 14:50:12,550 : episode: 33 score: 70.2 100 games avg: 70.2 steps 40 
INFO : 2021-01-20 14:50:22,971 : episode: 34 score: 103.5 100 games avg: 103.5 steps 55 
INFO : 2021-01-20 14:50:31,162 : episode: 35 score: 79.4 100 games avg: 79.4 steps 43 
INFO : 2021-01-20 14:50:40,968 : episode: 36 score: 95.7 100 games avg: 95.7 steps 52 
INFO : 2021-01-20 14:50:48,383 : episode: 37 score: 62.6 100 games avg: 62.6 steps 38 
INFO : 2021-01-20 14:50:54,833 : episode: 38 score: 59.7 100 games avg: 59.7 steps 33 
INFO : 2021-01-20 14:51:10,769 : episode: 39 score: 167.9 100 games avg: 167.9 steps 85 
INFO : 2021-01-20 14:51:26,554 : episode: 40 score: 172.3 100 games avg: 172.3 steps 86 
INFO : 2021-01-20 14:51:36,333 : episode: 41 score: 98.2 100 games avg: 98.2 steps 54 
INFO : 2021-01-20 14:51:50,845 : episode: 42 score: 154.8 100 games avg: 154.8 steps 79 
INFO : 2021-01-20 14:52:06,986 : episode: 43 score: 172.0 100 games avg: 172.0 steps 86 
INFO : 2021-01-20 14:52:18,566 : episode: 44 score: 111.6 100 games avg: 111.6 steps 61 
INFO : 2021-01-20 14:52:34,754 : episode: 45 score: 168.3 100 games avg: 168.3 steps 86 
INFO : 2021-01-20 14:52:43,237 : episode: 46 score: 78.8 100 games avg: 78.8 steps 43 
INFO : 2021-01-20 14:52:59,637 : episode: 47 score: 172.3 100 games avg: 172.3 steps 87 
INFO : 2021-01-20 14:53:15,857 : episode: 48 score: 172.5 100 games avg: 172.5 steps 86 
INFO : 2021-01-20 14:53:32,074 : episode: 49 score: 173.0 100 games avg: 173.0 steps 86 
INFO : 2021-01-20 14:53:48,568 : episode: 50 score: 172.1 100 games avg: 172.1 steps 87 
INFO : 2021-01-20 14:53:59,074 : episode: 51 score: 99.6 100 games avg: 99.6 steps 54 
INFO : 2021-01-20 14:54:14,853 : episode: 52 score: 163.2 100 games avg: 163.2 steps 83 
INFO : 2021-01-20 14:54:31,910 : episode: 53 score: 178.1 100 games avg: 178.1 steps 89 
INFO : 2021-01-20 14:54:48,955 : episode: 54 score: 179.4 100 games avg: 179.4 steps 89 
INFO : 2021-01-20 14:55:05,769 : episode: 55 score: 175.5 100 games avg: 175.5 steps 88 
INFO : 2021-01-20 14:55:22,989 : episode: 56 score: 195.4 100 games avg: 195.4 steps 90 
INFO : 2021-01-20 14:55:40,739 : episode: 57 score: 196.6 100 games avg: 196.6 steps 93 
INFO : 2021-01-20 14:55:57,401 : episode: 58 score: 174.9 100 games avg: 174.9 steps 87 
INFO : 2021-01-20 14:56:13,790 : episode: 59 score: 167.8 100 games avg: 167.8 steps 85 
INFO : 2021-01-20 14:56:30,729 : episode: 60 score: 178.0 100 games avg: 178.0 steps 88 
INFO : 2021-01-20 14:56:47,665 : episode: 61 score: 175.3 100 games avg: 175.3 steps 88 
INFO : 2021-01-20 14:57:05,067 : episode: 62 score: 182.4 100 games avg: 182.4 steps 90 
INFO : 2021-01-20 14:57:23,011 : episode: 63 score: 194.9 100 games avg: 194.9 steps 93 
INFO : 2021-01-20 14:57:39,735 : episode: 64 score: 170.1 100 games avg: 170.1 steps 86 
INFO : 2021-01-20 14:57:57,757 : episode: 65 score: 194.4 100 games avg: 194.4 steps 93 
INFO : 2021-01-20 14:58:13,978 : episode: 66 score: 162.9 100 games avg: 162.9 steps 83 
INFO : 2021-01-20 14:58:30,733 : episode: 67 score: 174.2 100 games avg: 174.2 steps 86 
INFO : 2021-01-20 14:58:47,758 : episode: 68 score: 193.0 100 games avg: 193.0 steps 87 
INFO : 2021-01-20 14:59:05,982 : episode: 69 score: 215.1 100 games avg: 215.1 steps 93 
INFO : 2021-01-20 14:59:23,946 : episode: 70 score: 213.2 100 games avg: 213.2 steps 92 
INFO : 2021-01-20 14:59:41,618 : episode: 71 score: 206.2 100 games avg: 206.2 steps 90 
INFO : 2021-01-20 15:00:00,206 : episode: 72 score: 228.0 100 games avg: 228.0 steps 95 
INFO : 2021-01-20 15:00:17,777 : episode: 73 score: 203.2 100 games avg: 203.2 steps 88 
INFO : 2021-01-20 15:00:34,975 : episode: 74 score: 192.8 100 games avg: 192.8 steps 86 
INFO : 2021-01-20 15:00:52,139 : episode: 75 score: 187.1 100 games avg: 187.1 steps 86 
INFO : 2021-01-20 15:01:10,490 : episode: 76 score: 217.5 100 games avg: 217.5 steps 92 
INFO : 2021-01-20 15:01:27,702 : episode: 77 score: 190.8 100 games avg: 190.8 steps 86 
INFO : 2021-01-20 15:01:45,136 : episode: 78 score: 195.8 100 games avg: 195.8 steps 87 
INFO : 2021-01-20 15:02:02,835 : episode: 79 score: 200.4 100 games avg: 200.4 steps 88 
INFO : 2021-01-20 15:02:21,493 : episode: 80 score: 220.1 100 games avg: 220.1 steps 93 
INFO : 2021-01-20 15:02:38,997 : episode: 81 score: 197.8 100 games avg: 197.8 steps 87 
INFO : 2021-01-20 15:02:56,596 : episode: 82 score: 192.5 100 games avg: 192.5 steps 86 
INFO : 2021-01-20 15:03:14,309 : episode: 83 score: 199.6 100 games avg: 199.6 steps 87 
INFO : 2021-01-20 15:03:32,447 : episode: 84 score: 208.0 100 games avg: 208.0 steps 90 
INFO : 2021-01-20 15:03:51,017 : episode: 85 score: 214.8 100 games avg: 214.8 steps 92 
INFO : 2021-01-20 15:04:10,145 : episode: 86 score: 222.6 100 games avg: 222.6 steps 95 
INFO : 2021-01-20 15:04:28,715 : episode: 87 score: 211.6 100 games avg: 211.6 steps 92 
INFO : 2021-01-20 15:04:46,467 : episode: 88 score: 197.7 100 games avg: 197.7 steps 87 
INFO : 2021-01-20 15:05:05,126 : episode: 89 score: 212.2 100 games avg: 212.2 steps 92 
INFO : 2021-01-20 15:05:22,685 : episode: 90 score: 195.7 100 games avg: 195.7 steps 86 
INFO : 2021-01-20 15:05:39,792 : episode: 91 score: 185.5 100 games avg: 185.5 steps 83 
INFO : 2021-01-20 15:05:56,936 : episode: 92 score: 164.8 100 games avg: 164.8 steps 83 
INFO : 2021-01-20 15:06:14,740 : episode: 93 score: 194.2 100 games avg: 194.2 steps 86 
INFO : 2021-01-20 15:06:32,017 : episode: 94 score: 183.4 100 games avg: 183.4 steps 83 
INFO : 2021-01-20 15:06:49,435 : episode: 95 score: 196.2 100 games avg: 196.2 steps 84 
INFO : 2021-01-20 15:07:07,411 : episode: 96 score: 195.8 100 games avg: 195.8 steps 87 
INFO : 2021-01-20 15:07:19,405 : episode: 97 score: 98.6 100 games avg: 98.6 steps 54 
INFO : 2021-01-20 15:07:36,473 : episode: 98 score: 185.5 100 games avg: 185.5 steps 82 
INFO : 2021-01-20 15:07:53,663 : episode: 99 score: 178.0 100 games avg: 178.0 steps 82 
INFO : 2021-01-20 15:08:11,580 : episode: 100 score: 192.3 100 games avg: 192.3 steps 85 
INFO : 2021-01-20 15:08:29,039 : episode: 101 score: 185.4 100 games avg: 185.4 steps 83 
INFO : 2021-01-20 15:08:47,297 : episode: 102 score: 197.8 100 games avg: 197.8 steps 87 
INFO : 2021-01-20 15:09:04,990 : episode: 103 score: 182.3 100 games avg: 182.3 steps 83 
INFO : 2021-01-20 15:09:21,843 : episode: 104 score: 181.3 100 games avg: 181.3 steps 84 
INFO : 2021-01-20 15:09:39,066 : episode: 105 score: 170.3 100 games avg: 170.3 steps 86 
INFO : 2021-01-20 15:09:56,854 : episode: 106 score: 183.3 100 games avg: 183.3 steps 89 
INFO : 2021-01-20 15:10:13,549 : episode: 107 score: 170.9 100 games avg: 170.9 steps 83 
INFO : 2021-01-20 15:10:30,613 : episode: 108 score: 173.4 100 games avg: 173.4 steps 85 
INFO : 2021-01-20 15:10:47,561 : episode: 109 score: 172.9 100 games avg: 172.9 steps 84 
INFO : 2021-01-20 15:11:03,768 : episode: 110 score: 155.6 100 games avg: 155.6 steps 80 
INFO : 2021-01-20 15:11:20,889 : episode: 111 score: 167.6 100 games avg: 167.6 steps 85 
INFO : 2021-01-20 15:11:38,093 : episode: 112 score: 171.9 100 games avg: 171.9 steps 85 
INFO : 2021-01-20 15:11:55,088 : episode: 113 score: 169.3 100 games avg: 169.3 steps 84 
INFO : 2021-01-20 15:12:12,289 : episode: 114 score: 170.7 100 games avg: 170.7 steps 85 
INFO : 2021-01-20 15:12:30,575 : episode: 115 score: 173.1 100 games avg: 173.1 steps 85 
INFO : 2021-01-20 15:12:49,012 : episode: 116 score: 172.8 100 games avg: 172.8 steps 86 
INFO : 2021-01-20 15:13:07,450 : episode: 117 score: 170.0 100 games avg: 170.0 steps 86 
INFO : 2021-01-20 15:13:25,788 : episode: 118 score: 174.0 100 games avg: 174.0 steps 85 
INFO : 2021-01-20 15:13:45,953 : episode: 119 score: 187.3 100 games avg: 187.3 steps 95 
INFO : 2021-01-20 15:14:03,806 : episode: 120 score: 177.6 100 games avg: 177.6 steps 83 
INFO : 2021-01-20 15:14:23,365 : episode: 121 score: 182.4 100 games avg: 182.4 steps 92 
INFO : 2021-01-20 15:14:42,941 : episode: 122 score: 186.3 100 games avg: 186.3 steps 91 
INFO : 2021-01-20 15:15:03,407 : episode: 123 score: 216.9 100 games avg: 216.9 steps 96 
INFO : 2021-01-20 15:15:24,634 : episode: 124 score: 222.2 100 games avg: 222.2 steps 100 
INFO : 2021-01-20 15:15:45,981 : episode: 125 score: 202.5 100 games avg: 202.5 steps 101 
INFO : 2021-01-20 15:16:06,216 : episode: 126 score: 210.6 100 games avg: 210.6 steps 95 
INFO : 2021-01-20 15:16:26,700 : episode: 127 score: 202.1 100 games avg: 202.1 steps 96 
INFO : 2021-01-20 15:16:47,382 : episode: 128 score: 207.4 100 games avg: 207.4 steps 97 
INFO : 2021-01-20 15:17:08,196 : episode: 129 score: 215.9 100 games avg: 215.9 steps 97 
INFO : 2021-01-20 15:17:29,608 : episode: 130 score: 221.2 100 games avg: 221.2 steps 100 
INFO : 2021-01-20 15:17:51,031 : episode: 131 score: 222.2 100 games avg: 222.2 steps 100 
INFO : 2021-01-20 15:18:12,183 : episode: 132 score: 199.6 100 games avg: 199.6 steps 98 
INFO : 2021-01-20 15:18:33,287 : episode: 133 score: 215.9 100 games avg: 215.9 steps 98 
INFO : 2021-01-20 15:18:54,783 : episode: 134 score: 235.0 100 games avg: 235.0 steps 100 
INFO : 2021-01-20 15:19:16,098 : episode: 135 score: 210.9 100 games avg: 210.9 steps 99 
INFO : 2021-01-20 15:19:37,403 : episode: 136 score: 228.0 100 games avg: 228.0 steps 99 
INFO : 2021-01-20 15:19:58,931 : episode: 137 score: 232.9 100 games avg: 232.9 steps 99 
INFO : 2021-01-20 15:20:20,098 : episode: 138 score: 224.4 100 games avg: 224.4 steps 97 
INFO : 2021-01-20 15:20:41,078 : episode: 139 score: 225.5 100 games avg: 225.5 steps 96 
INFO : 2021-01-20 15:21:03,628 : episode: 140 score: 239.7 100 games avg: 239.7 steps 104 
INFO : 2021-01-20 15:21:25,249 : episode: 141 score: 238.7 100 games avg: 238.7 steps 99 
INFO : 2021-01-20 15:21:47,402 : episode: 142 score: 228.2 100 games avg: 228.2 steps 101 
INFO : 2021-01-20 15:22:08,920 : episode: 143 score: 230.7 100 games avg: 230.7 steps 98 
INFO : 2021-01-20 15:22:31,212 : episode: 144 score: 239.9 100 games avg: 239.9 steps 101 
INFO : 2021-01-20 15:22:53,391 : episode: 145 score: 221.2 100 games avg: 221.2 steps 100 
INFO : 2021-01-20 15:23:14,796 : episode: 146 score: 221.1 100 games avg: 221.1 steps 97 
INFO : 2021-01-20 15:23:37,597 : episode: 147 score: 232.2 100 games avg: 232.2 steps 101 
INFO : 2021-01-20 15:23:59,424 : episode: 148 score: 219.8 100 games avg: 219.8 steps 97 
INFO : 2021-01-20 15:24:20,449 : episode: 149 score: 218.8 100 games avg: 218.8 steps 96 
INFO : 2021-01-20 15:24:42,651 : episode: 150 score: 219.0 100 games avg: 219.0 steps 100 
INFO : 2021-01-20 15:25:03,869 : episode: 151 score: 220.9 100 games avg: 220.9 steps 95 
INFO : 2021-01-20 15:25:24,910 : episode: 152 score: 223.2 100 games avg: 223.2 steps 94 
INFO : 2021-01-20 15:25:46,236 : episode: 153 score: 216.9 100 games avg: 216.9 steps 95 
INFO : 2021-01-20 15:26:08,142 : episode: 154 score: 223.5 100 games avg: 223.5 steps 98 
INFO : 2021-01-20 15:26:30,120 : episode: 155 score: 216.9 100 games avg: 216.9 steps 98 
INFO : 2021-01-20 15:26:51,561 : episode: 156 score: 226.4 100 games avg: 226.4 steps 95 
INFO : 2021-01-20 15:27:14,134 : episode: 157 score: 228.4 100 games avg: 228.4 steps 100 
INFO : 2021-01-20 15:27:36,607 : episode: 158 score: 231.5 100 games avg: 231.5 steps 97 
INFO : 2021-01-20 15:27:59,073 : episode: 159 score: 227.7 100 games avg: 227.7 steps 97 
INFO : 2021-01-20 15:28:08,230 : episode: 160 score: 41.4 100 games avg: 41.4 steps 26 
INFO : 2021-01-20 15:28:30,601 : episode: 161 score: 239.5 100 games avg: 239.5 steps 99 
INFO : 2021-01-20 15:28:39,124 : episode: 162 score: 36.1 100 games avg: 36.1 steps 23 
INFO : 2021-01-20 15:29:01,652 : episode: 163 score: 246.2 100 games avg: 246.2 steps 100 
INFO : 2021-01-20 15:29:25,276 : episode: 164 score: 244.2 100 games avg: 244.2 steps 106 
INFO : 2021-01-20 15:29:48,643 : episode: 165 score: 250.8 100 games avg: 250.8 steps 104 
INFO : 2021-01-20 15:30:11,985 : episode: 166 score: 236.3 100 games avg: 236.3 steps 104 
INFO : 2021-01-20 15:30:34,844 : episode: 167 score: 229.4 100 games avg: 229.4 steps 101 
INFO : 2021-01-20 15:30:59,488 : episode: 168 score: 271.4 100 games avg: 271.4 steps 111 
INFO : 2021-01-20 15:31:22,948 : episode: 169 score: 237.8 100 games avg: 237.8 steps 104 
INFO : 2021-01-20 15:31:45,322 : episode: 170 score: 220.4 100 games avg: 220.4 steps 98 
INFO : 2021-01-20 15:32:04,333 : episode: 171 score: 154.8 100 games avg: 154.8 steps 79 
INFO : 2021-01-20 15:32:28,855 : episode: 172 score: 255.1 100 games avg: 255.1 steps 109 
INFO : 2021-01-20 15:32:51,195 : episode: 173 score: 211.0 100 games avg: 211.0 steps 97 
INFO : 2021-01-20 15:33:15,187 : episode: 174 score: 239.4 100 games avg: 239.4 steps 106 
INFO : 2021-01-20 15:33:39,493 : episode: 175 score: 260.6 100 games avg: 260.6 steps 107 
INFO : 2021-01-20 15:33:58,285 : episode: 176 score: 148.6 100 games avg: 148.6 steps 77 
INFO : 2021-01-20 15:34:23,547 : episode: 177 score: 266.4 100 games avg: 266.4 steps 112 
INFO : 2021-01-20 15:34:41,909 : episode: 178 score: 145.1 100 games avg: 145.1 steps 74 
INFO : 2021-01-20 15:35:01,366 : episode: 179 score: 157.9 100 games avg: 157.9 steps 80 
INFO : 2021-01-20 15:35:19,644 : episode: 180 score: 140.3 100 games avg: 140.3 steps 73 
INFO : 2021-01-20 15:35:37,553 : episode: 181 score: 135.1 100 games avg: 135.1 steps 71 
INFO : 2021-01-20 15:35:59,855 : episode: 182 score: 208.8 100 games avg: 208.8 steps 95 
INFO : 2021-01-20 15:36:24,783 : episode: 183 score: 297.2 100 games avg: 297.2 steps 110 
INFO : 2021-01-20 15:36:43,255 : episode: 184 score: 144.2 100 games avg: 144.2 steps 73 
INFO : 2021-01-20 15:37:02,185 : episode: 185 score: 151.2 100 games avg: 151.2 steps 76 
INFO : 2021-01-20 15:37:21,394 : episode: 186 score: 156.4 100 games avg: 156.4 steps 77 
INFO : 2021-01-20 15:37:40,593 : episode: 187 score: 153.9 100 games avg: 153.9 steps 77 
INFO : 2021-01-20 15:37:59,615 : episode: 188 score: 152.5 100 games avg: 152.5 steps 76 
INFO : 2021-01-20 15:38:18,106 : episode: 189 score: 142.6 100 games avg: 142.6 steps 73 
INFO : 2021-01-20 15:38:37,210 : episode: 190 score: 153.9 100 games avg: 153.9 steps 76 
INFO : 2021-01-20 15:38:55,771 : episode: 191 score: 142.7 100 games avg: 142.7 steps 73 
INFO : 2021-01-20 15:39:22,938 : episode: 192 score: 309.3 100 games avg: 309.3 steps 120 
INFO : 2021-01-20 15:39:47,103 : episode: 193 score: 248.9 100 games avg: 248.9 steps 103 
INFO : 2021-01-20 15:40:06,662 : episode: 194 score: 156.4 100 games avg: 156.4 steps 78 
INFO : 2021-01-20 15:40:32,427 : episode: 195 score: 308.8 100 games avg: 308.8 steps 112 
INFO : 2021-01-20 15:40:51,716 : episode: 196 score: 152.3 100 games avg: 152.3 steps 76 
INFO : 2021-01-20 15:41:15,415 : episode: 197 score: 317.6 100 games avg: 317.6 steps 113 
INFO : 2021-01-20 15:41:40,723 : episode: 198 score: 324.9 100 games avg: 324.9 steps 117 
INFO : 2021-01-20 15:42:07,817 : episode: 199 score: 333.6 100 games avg: 333.6 steps 119 
INFO : 2021-01-20 15:42:34,717 : episode: 200 score: 333.7 100 games avg: 333.7 steps 119 
INFO : 2021-01-20 15:43:02,476 : episode: 201 score: 343.0 100 games avg: 343.0 steps 120 
INFO : 2021-01-20 15:43:31,335 : episode: 202 score: 339.7 100 games avg: 339.7 steps 125 
INFO : 2021-01-20 15:43:58,386 : episode: 203 score: 286.9 100 games avg: 286.9 steps 113 
INFO : 2021-01-20 15:44:13,643 : episode: 204 score: 93.4 100 games avg: 93.4 steps 52 
INFO : 2021-01-20 15:44:41,235 : episode: 205 score: 294.4 100 games avg: 294.4 steps 118 
INFO : 2021-01-20 15:44:59,187 : episode: 206 score: 119.4 100 games avg: 119.4 steps 66 
INFO : 2021-01-20 15:45:25,978 : episode: 207 score: 301.0 100 games avg: 301.0 steps 115 
INFO : 2021-01-20 15:45:53,459 : episode: 208 score: 291.3 100 games avg: 291.3 steps 118 
INFO : 2021-01-20 15:46:21,860 : episode: 209 score: 330.7 100 games avg: 330.7 steps 123 
INFO : 2021-01-20 15:46:39,759 : episode: 210 score: 117.1 100 games avg: 117.1 steps 65 
INFO : 2021-01-20 15:47:08,804 : episode: 211 score: 335.8 100 games avg: 335.8 steps 127 
INFO : 2021-01-20 15:47:26,915 : episode: 212 score: 113.8 100 games avg: 113.8 steps 64 
INFO : 2021-01-20 15:47:46,214 : episode: 213 score: 124.0 100 games avg: 124.0 steps 69 
INFO : 2021-01-20 15:48:05,656 : episode: 214 score: 126.9 100 games avg: 126.9 steps 70 
INFO : 2021-01-20 15:48:23,276 : episode: 215 score: 118.1 100 games avg: 118.1 steps 63 
INFO : 2021-01-20 15:48:40,249 : episode: 216 score: 105.4 100 games avg: 105.4 steps 59 
INFO : 2021-01-20 15:48:56,878 : episode: 217 score: 104.3 100 games avg: 104.3 steps 57 
INFO : 2021-01-20 15:49:11,219 : episode: 218 score: 101.3 100 games avg: 101.3 steps 58 
INFO : 2021-01-20 15:49:25,688 : episode: 219 score: 106.0 100 games avg: 106.0 steps 59 
INFO : 2021-01-20 15:49:39,882 : episode: 220 score: 96.1 100 games avg: 96.1 steps 54 
INFO : 2021-01-20 15:49:56,701 : episode: 221 score: 101.8 100 games avg: 101.8 steps 57 
INFO : 2021-01-20 15:50:12,839 : episode: 222 score: 95.0 100 games avg: 95.0 steps 54 
INFO : 2021-01-20 15:50:29,002 : episode: 223 score: 95.0 100 games avg: 95.0 steps 54 
INFO : 2021-01-20 15:50:46,050 : episode: 224 score: 103.4 100 games avg: 103.4 steps 59 
INFO : 2021-01-20 15:51:01,407 : episode: 225 score: 113.3 100 games avg: 113.3 steps 63 
INFO : 2021-01-20 15:51:15,406 : episode: 226 score: 94.2 100 games avg: 94.2 steps 54 
INFO : 2021-01-20 15:51:43,194 : episode: 227 score: 308.2 100 games avg: 308.2 steps 117 
INFO : 2021-01-20 15:51:59,985 : episode: 228 score: 101.7 100 games avg: 101.7 steps 57 
INFO : 2021-01-20 15:52:16,665 : episode: 229 score: 99.6 100 games avg: 99.6 steps 56 
INFO : 2021-01-20 15:52:32,653 : episode: 230 score: 89.7 100 games avg: 89.7 steps 52 
INFO : 2021-01-20 15:52:49,384 : episode: 231 score: 100.1 100 games avg: 100.1 steps 56 
INFO : 2021-01-20 15:53:05,744 : episode: 232 score: 95.1 100 games avg: 95.1 steps 54 
INFO : 2021-01-20 15:53:33,876 : episode: 233 score: 311.8 100 games avg: 311.8 steps 118 
INFO : 2021-01-20 15:53:50,668 : episode: 234 score: 100.3 100 games avg: 100.3 steps 56 
INFO : 2021-01-20 15:54:17,675 : episode: 235 score: 314.4 100 games avg: 314.4 steps 113 
INFO : 2021-01-20 15:54:34,897 : episode: 236 score: 103.5 100 games avg: 103.5 steps 58 
INFO : 2021-01-20 15:55:03,729 : episode: 237 score: 327.9 100 games avg: 327.9 steps 122 
INFO : 2021-01-20 15:55:18,942 : episode: 238 score: 82.5 100 games avg: 82.5 steps 47 
INFO : 2021-01-20 15:55:46,412 : episode: 239 score: 300.0 100 games avg: 300.0 steps 114 
INFO : 2021-01-20 15:56:02,265 : episode: 240 score: 87.8 100 games avg: 87.8 steps 50 
INFO : 2021-01-20 15:56:30,109 : episode: 241 score: 308.1 100 games avg: 308.1 steps 116 
INFO : 2021-01-20 15:56:58,395 : episode: 242 score: 317.5 100 games avg: 317.5 steps 118 
INFO : 2021-01-20 15:57:26,421 : episode: 243 score: 318.2 100 games avg: 318.2 steps 117 
INFO : 2021-01-20 15:57:54,811 : episode: 244 score: 307.8 100 games avg: 307.8 steps 118 
INFO : 2021-01-20 15:58:24,094 : episode: 245 score: 328.3 100 games avg: 328.3 steps 123 
INFO : 2021-01-20 15:58:53,017 : episode: 246 score: 315.9 100 games avg: 315.9 steps 121 
INFO : 2021-01-20 15:59:21,288 : episode: 247 score: 298.5 100 games avg: 298.5 steps 119 
INFO : 2021-01-20 15:59:49,817 : episode: 248 score: 287.4 100 games avg: 287.4 steps 118 
INFO : 2021-01-20 16:00:18,948 : episode: 249 score: 296.8 100 games avg: 296.8 steps 119 
INFO : 2021-01-20 16:00:47,845 : episode: 250 score: 287.1 100 games avg: 287.1 steps 118 
INFO : 2021-01-20 16:01:17,389 : episode: 251 score: 306.6 100 games avg: 306.6 steps 123 
INFO : 2021-01-20 16:01:46,213 : episode: 252 score: 298.4 100 games avg: 298.4 steps 119 
INFO : 2021-01-20 16:02:16,044 : episode: 253 score: 309.4 100 games avg: 309.4 steps 124 
INFO : 2021-01-20 16:02:45,797 : episode: 254 score: 315.5 100 games avg: 315.5 steps 123 
INFO : 2021-01-20 16:03:15,610 : episode: 255 score: 312.2 100 games avg: 312.2 steps 123 
INFO : 2021-01-20 16:03:44,850 : episode: 256 score: 300.5 100 games avg: 300.5 steps 120 
INFO : 2021-01-20 16:04:15,242 : episode: 257 score: 322.8 100 games avg: 322.8 steps 126 
INFO : 2021-01-20 16:04:43,990 : episode: 258 score: 289.8 100 games avg: 289.8 steps 117 
INFO : 2021-01-20 16:05:12,713 : episode: 259 score: 293.2 100 games avg: 293.2 steps 116 
INFO : 2021-01-20 16:05:42,401 : episode: 260 score: 298.7 100 games avg: 298.7 steps 121 
INFO : 2021-01-20 16:06:11,390 : episode: 261 score: 292.1 100 games avg: 292.1 steps 116 
INFO : 2021-01-20 16:06:41,034 : episode: 262 score: 303.7 100 games avg: 303.7 steps 120 
INFO : 2021-01-20 16:07:10,779 : episode: 263 score: 299.5 100 games avg: 299.5 steps 121 
INFO : 2021-01-20 16:07:39,719 : episode: 264 score: 277.2 100 games avg: 277.2 steps 116 
INFO : 2021-01-20 16:08:08,840 : episode: 265 score: 282.2 100 games avg: 282.2 steps 117 
INFO : 2021-01-20 16:08:38,460 : episode: 266 score: 297.6 100 games avg: 297.6 steps 119 
INFO : 2021-01-20 16:09:08,062 : episode: 267 score: 309.2 100 games avg: 309.2 steps 119 
INFO : 2021-01-20 16:09:38,018 : episode: 268 score: 296.9 100 games avg: 296.9 steps 119 
INFO : 2021-01-20 16:10:07,597 : episode: 269 score: 299.1 100 games avg: 299.1 steps 116 
INFO : 2021-01-20 16:10:37,488 : episode: 270 score: 295.8 100 games avg: 295.8 steps 119 
INFO : 2021-01-20 16:11:07,539 : episode: 271 score: 310.5 100 games avg: 310.5 steps 121 
INFO : 2021-01-20 16:11:37,480 : episode: 272 score: 295.3 100 games avg: 295.3 steps 120 
INFO : 2021-01-20 16:12:07,959 : episode: 273 score: 307.8 100 games avg: 307.8 steps 122 
INFO : 2021-01-20 16:12:38,203 : episode: 274 score: 300.6 100 games avg: 300.6 steps 119 
INFO : 2021-01-20 16:13:08,081 : episode: 275 score: 293.4 100 games avg: 293.4 steps 118 
INFO : 2021-01-20 16:13:38,397 : episode: 276 score: 302.7 100 games avg: 302.7 steps 121 
INFO : 2021-01-20 16:14:08,749 : episode: 277 score: 301.3 100 games avg: 301.3 steps 121 
INFO : 2021-01-20 16:14:38,381 : episode: 278 score: 303.2 100 games avg: 303.2 steps 117 
INFO : 2021-01-20 16:15:05,839 : episode: 279 score: 308.0 100 games avg: 308.0 steps 122 
INFO : 2021-01-20 16:15:36,427 : episode: 280 score: 304.5 100 games avg: 304.5 steps 121 
INFO : 2021-01-20 16:16:05,920 : episode: 281 score: 300.0 100 games avg: 300.0 steps 115 
INFO : 2021-01-20 16:16:36,157 : episode: 282 score: 305.1 100 games avg: 305.1 steps 119 
INFO : 2021-01-20 16:17:06,734 : episode: 283 score: 311.3 100 games avg: 311.3 steps 120 
INFO : 2021-01-20 16:17:36,798 : episode: 284 score: 285.6 100 games avg: 285.6 steps 118 
INFO : 2021-01-20 16:18:07,086 : episode: 285 score: 290.0 100 games avg: 290.0 steps 118 
INFO : 2021-01-20 16:18:36,158 : episode: 286 score: 268.8 100 games avg: 268.8 steps 112 
INFO : 2021-01-20 16:19:06,698 : episode: 287 score: 292.9 100 games avg: 292.9 steps 119 
INFO : 2021-01-20 16:19:37,165 : episode: 288 score: 288.6 100 games avg: 288.6 steps 119 
INFO : 2021-01-20 16:20:07,146 : episode: 289 score: 276.8 100 games avg: 276.8 steps 116 
INFO : 2021-01-20 16:20:37,315 : episode: 290 score: 279.7 100 games avg: 279.7 steps 117 
INFO : 2021-01-20 16:21:08,139 : episode: 291 score: 303.4 100 games avg: 303.4 steps 120 
INFO : 2021-01-20 16:21:38,768 : episode: 292 score: 284.8 100 games avg: 284.8 steps 118 
INFO : 2021-01-20 16:22:09,577 : episode: 293 score: 293.3 100 games avg: 293.3 steps 120 
INFO : 2021-01-20 16:22:40,845 : episode: 294 score: 304.1 100 games avg: 304.1 steps 122 
INFO : 2021-01-20 16:23:11,805 : episode: 295 score: 295.9 100 games avg: 295.9 steps 120 
INFO : 2021-01-20 16:23:41,533 : episode: 296 score: 299.1 100 games avg: 299.1 steps 121 
INFO : 2021-01-20 16:24:07,819 : episode: 297 score: 292.8 100 games avg: 292.8 steps 117 
INFO : 2021-01-20 16:24:36,273 : episode: 298 score: 300.4 100 games avg: 300.4 steps 118 
INFO : 2021-01-20 16:25:07,227 : episode: 299 score: 305.1 100 games avg: 305.1 steps 119 
INFO : 2021-01-20 16:25:40,124 : episode: 300 score: 323.6 100 games avg: 323.6 steps 126 
INFO : 2021-01-20 16:26:11,818 : episode: 301 score: 314.4 100 games avg: 314.4 steps 122 
INFO : 2021-01-20 16:26:43,571 : episode: 302 score: 306.5 100 games avg: 306.5 steps 122 
INFO : 2021-01-20 16:27:15,190 : episode: 303 score: 307.9 100 games avg: 307.9 steps 121 
INFO : 2021-01-20 16:27:46,923 : episode: 304 score: 308.7 100 games avg: 308.7 steps 120 
INFO : 2021-01-20 16:28:18,664 : episode: 305 score: 330.2 100 games avg: 330.2 steps 121 
INFO : 2021-01-20 16:28:50,322 : episode: 306 score: 314.9 100 games avg: 314.9 steps 120 
INFO : 2021-01-20 16:29:22,152 : episode: 307 score: 318.5 100 games avg: 318.5 steps 121 
INFO : 2021-01-20 16:29:54,164 : episode: 308 score: 330.3 100 games avg: 330.3 steps 122 
INFO : 2021-01-20 16:30:25,125 : episode: 309 score: 326.3 100 games avg: 326.3 steps 122 
INFO : 2021-01-20 16:30:57,621 : episode: 310 score: 322.8 100 games avg: 322.8 steps 125 
INFO : 2021-01-20 16:31:29,408 : episode: 311 score: 321.9 100 games avg: 321.9 steps 120 
INFO : 2021-01-20 16:32:01,205 : episode: 312 score: 321.8 100 games avg: 321.8 steps 120 
INFO : 2021-01-20 16:32:33,422 : episode: 313 score: 333.4 100 games avg: 333.4 steps 122 
INFO : 2021-01-20 16:33:05,224 : episode: 314 score: 333.3 100 games avg: 333.3 steps 122 
INFO : 2021-01-20 16:33:35,659 : episode: 315 score: 315.8 100 games avg: 315.8 steps 119 
INFO : 2021-01-20 16:34:07,782 : episode: 316 score: 329.0 100 games avg: 329.0 steps 121 
INFO : 2021-01-20 16:34:39,317 : episode: 317 score: 322.5 100 games avg: 322.5 steps 118 
INFO : 2021-01-20 16:35:07,710 : episode: 318 score: 337.2 100 games avg: 337.2 steps 122 
INFO : 2021-01-20 16:35:40,353 : episode: 319 score: 327.4 100 games avg: 327.4 steps 121 
INFO : 2021-01-20 16:36:12,686 : episode: 320 score: 311.1 100 games avg: 311.1 steps 120 
INFO : 2021-01-20 16:36:42,936 : episode: 321 score: 323.4 100 games avg: 323.4 steps 120 
INFO : 2021-01-20 16:37:14,793 : episode: 322 score: 319.4 100 games avg: 319.4 steps 118 
INFO : 2021-01-20 16:37:47,486 : episode: 323 score: 327.2 100 games avg: 327.2 steps 121 
INFO : 2021-01-20 16:38:20,302 : episode: 324 score: 317.9 100 games avg: 317.9 steps 123 
INFO : 2021-01-20 16:38:52,526 : episode: 325 score: 316.3 100 games avg: 316.3 steps 121 
INFO : 2021-01-20 16:39:21,173 : episode: 326 score: 332.0 100 games avg: 332.0 steps 122 
INFO : 2021-01-20 16:39:48,572 : episode: 327 score: 318.2 100 games avg: 318.2 steps 117 
INFO : 2021-01-20 16:40:16,871 : episode: 328 score: 316.8 100 games avg: 316.8 steps 121 
INFO : 2021-01-20 16:40:49,511 : episode: 329 score: 312.1 100 games avg: 312.1 steps 122 
INFO : 2021-01-20 16:41:22,670 : episode: 330 score: 318.0 100 games avg: 318.0 steps 123 
INFO : 2021-01-20 16:41:56,012 : episode: 331 score: 314.4 100 games avg: 314.4 steps 124 
INFO : 2021-01-20 16:42:27,549 : episode: 332 score: 283.0 100 games avg: 283.0 steps 114 
INFO : 2021-01-20 16:43:00,716 : episode: 333 score: 297.7 100 games avg: 297.7 steps 120 
INFO : 2021-01-20 16:43:34,348 : episode: 334 score: 305.1 100 games avg: 305.1 steps 122 
INFO : 2021-01-20 16:44:05,780 : episode: 335 score: 324.7 100 games avg: 324.7 steps 122 
INFO : 2021-01-20 16:44:38,749 : episode: 336 score: 305.3 100 games avg: 305.3 steps 120 
INFO : 2021-01-20 16:45:12,084 : episode: 337 score: 320.5 100 games avg: 320.5 steps 122 
INFO : 2021-01-20 16:45:46,667 : episode: 338 score: 331.1 100 games avg: 331.1 steps 128 
INFO : 2021-01-20 16:46:19,779 : episode: 339 score: 321.1 100 games avg: 321.1 steps 120 
INFO : 2021-01-20 16:46:53,011 : episode: 340 score: 331.2 100 games avg: 331.2 steps 121 
INFO : 2021-01-20 16:47:25,679 : episode: 341 score: 329.7 100 games avg: 329.7 steps 120 
INFO : 2021-01-20 16:47:54,934 : episode: 342 score: 307.5 100 games avg: 307.5 steps 122 
INFO : 2021-01-20 16:48:25,058 : episode: 343 score: 316.9 100 games avg: 316.9 steps 123 
INFO : 2021-01-20 16:48:57,647 : episode: 344 score: 282.9 100 games avg: 282.9 steps 114 
INFO : 2021-01-20 16:49:31,273 : episode: 345 score: 320.4 100 games avg: 320.4 steps 119 
INFO : 2021-01-20 16:50:04,332 : episode: 346 score: 322.5 100 games avg: 322.5 steps 119 
INFO : 2021-01-20 16:50:37,967 : episode: 347 score: 330.8 100 games avg: 330.8 steps 122 
INFO : 2021-01-20 16:51:11,848 : episode: 348 score: 319.9 100 games avg: 319.9 steps 123 
INFO : 2021-01-20 16:51:41,099 : episode: 349 score: 307.7 100 games avg: 307.7 steps 114 
INFO : 2021-01-20 16:52:14,689 : episode: 350 score: 328.8 100 games avg: 328.8 steps 121 
INFO : 2021-01-20 16:52:47,110 : episode: 351 score: 313.3 100 games avg: 313.3 steps 122 
INFO : 2021-01-20 16:53:16,192 : episode: 352 score: 337.1 100 games avg: 337.1 steps 122 
INFO : 2021-01-20 16:53:49,069 : episode: 353 score: 330.9 100 games avg: 330.9 steps 120 
INFO : 2021-01-20 16:54:20,250 : episode: 354 score: 324.3 100 games avg: 324.3 steps 122 
INFO : 2021-01-20 16:54:54,105 : episode: 355 score: 332.7 100 games avg: 332.7 steps 122 
INFO : 2021-01-20 16:55:28,170 : episode: 356 score: 339.5 100 games avg: 339.5 steps 122 
INFO : 2021-01-20 16:55:43,094 : episode: 357 score: 19.3 100 games avg: 19.3 steps 16 
INFO : 2021-01-20 16:56:17,078 : episode: 358 score: 338.6 100 games avg: 338.6 steps 121 
INFO : 2021-01-20 16:56:50,039 : episode: 359 score: 328.9 100 games avg: 328.9 steps 120 
INFO : 2021-01-20 16:57:24,386 : episode: 360 score: 329.0 100 games avg: 329.0 steps 122 
INFO : 2021-01-20 16:57:58,449 : episode: 361 score: 329.1 100 games avg: 329.1 steps 120 
INFO : 2021-01-20 16:58:32,063 : episode: 362 score: 314.9 100 games avg: 314.9 steps 117 
INFO : 2021-01-20 16:59:06,398 : episode: 363 score: 326.6 100 games avg: 326.6 steps 122 
INFO : 2021-01-20 16:59:41,714 : episode: 364 score: 323.6 100 games avg: 323.6 steps 125 
INFO : 2021-01-20 17:00:15,943 : episode: 365 score: 331.1 100 games avg: 331.1 steps 122 
INFO : 2021-01-20 17:00:48,271 : episode: 366 score: 318.4 100 games avg: 318.4 steps 123 
INFO : 2021-01-20 17:01:17,631 : episode: 367 score: 334.4 100 games avg: 334.4 steps 120 
INFO : 2021-01-20 17:01:52,153 : episode: 368 score: 320.7 100 games avg: 320.7 steps 124 
INFO : 2021-01-20 17:02:26,792 : episode: 369 score: 315.1 100 games avg: 315.1 steps 122 
INFO : 2021-01-20 17:03:01,776 : episode: 370 score: 335.5 100 games avg: 335.5 steps 124 
INFO : 2021-01-20 17:03:36,350 : episode: 371 score: 329.4 100 games avg: 329.4 steps 121 
INFO : 2021-01-20 17:04:11,255 : episode: 372 score: 338.1 100 games avg: 338.1 steps 123 
INFO : 2021-01-20 17:04:46,475 : episode: 373 score: 346.7 100 games avg: 346.7 steps 124 
INFO : 2021-01-20 17:05:21,618 : episode: 374 score: 346.8 100 games avg: 346.8 steps 124 
INFO : 2021-01-20 17:05:56,601 : episode: 375 score: 335.7 100 games avg: 335.7 steps 121 
INFO : 2021-01-20 17:06:31,490 : episode: 376 score: 333.8 100 games avg: 333.8 steps 122 
INFO : 2021-01-20 17:07:06,805 : episode: 377 score: 323.4 100 games avg: 323.4 steps 124 
INFO : 2021-01-20 17:07:41,840 : episode: 378 score: 334.1 100 games avg: 334.1 steps 120 
INFO : 2021-01-20 17:08:17,016 : episode: 379 score: 337.5 100 games avg: 337.5 steps 121 
INFO : 2021-01-20 17:08:51,555 : episode: 380 score: 325.0 100 games avg: 325.0 steps 118 
INFO : 2021-01-20 17:09:26,268 : episode: 381 score: 328.4 100 games avg: 328.4 steps 119 
INFO : 2021-01-20 17:10:01,056 : episode: 382 score: 336.0 100 games avg: 336.0 steps 120 
INFO : 2021-01-20 17:10:36,103 : episode: 383 score: 325.9 100 games avg: 325.9 steps 120 
INFO : 2021-01-20 17:11:11,882 : episode: 384 score: 340.2 100 games avg: 340.2 steps 121 
INFO : 2021-01-20 17:11:47,223 : episode: 385 score: 330.6 100 games avg: 330.6 steps 122 
INFO : 2021-01-20 17:12:22,628 : episode: 386 score: 331.7 100 games avg: 331.7 steps 119 
INFO : 2021-01-20 17:12:58,269 : episode: 387 score: 333.9 100 games avg: 333.9 steps 122 
INFO : 2021-01-20 17:13:34,297 : episode: 388 score: 324.8 100 games avg: 324.8 steps 124 
INFO : 2021-01-20 17:14:08,530 : episode: 389 score: 295.1 100 games avg: 295.1 steps 114 
INFO : 2021-01-20 17:14:43,532 : episode: 390 score: 298.1 100 games avg: 298.1 steps 115 
INFO : 2021-01-20 17:15:18,793 : episode: 391 score: 327.5 100 games avg: 327.5 steps 120 
INFO : 2021-01-20 17:15:53,956 : episode: 392 score: 329.6 100 games avg: 329.6 steps 122 
INFO : 2021-01-20 17:16:30,277 : episode: 393 score: 345.2 100 games avg: 345.2 steps 126 
INFO : 2021-01-20 17:17:09,094 : episode: 394 score: 339.3 100 games avg: 339.3 steps 123 
INFO : 2021-01-20 17:17:41,125 : episode: 395 score: 337.9 100 games avg: 337.9 steps 122 
INFO : 2021-01-20 17:18:12,408 : episode: 396 score: 352.5 100 games avg: 352.5 steps 124 
INFO : 2021-01-20 17:18:49,536 : episode: 397 score: 340.5 100 games avg: 340.5 steps 129 
INFO : 2021-01-20 17:19:25,693 : episode: 398 score: 337.3 100 games avg: 337.3 steps 123 
INFO : 2021-01-20 17:20:01,154 : episode: 399 score: 326.5 100 games avg: 326.5 steps 119 
INFO : 2021-01-20 17:20:37,620 : episode: 400 score: 338.9 100 games avg: 338.9 steps 124 
INFO : 2021-01-20 17:21:14,170 : episode: 401 score: 324.7 100 games avg: 324.7 steps 124 
INFO : 2021-01-20 17:21:50,151 : episode: 402 score: 345.2 100 games avg: 345.2 steps 121 
INFO : 2021-01-20 17:22:26,860 : episode: 403 score: 353.6 100 games avg: 353.6 steps 125 
INFO : 2021-01-20 17:23:03,642 : episode: 404 score: 350.6 100 games avg: 350.6 steps 125 
INFO : 2021-01-20 17:23:40,417 : episode: 405 score: 357.3 100 games avg: 357.3 steps 125 
INFO : 2021-01-20 17:24:16,763 : episode: 406 score: 350.8 100 games avg: 350.8 steps 124 
INFO : 2021-01-20 17:24:54,151 : episode: 407 score: 339.2 100 games avg: 339.2 steps 126 
INFO : 2021-01-20 17:25:31,059 : episode: 408 score: 351.8 100 games avg: 351.8 steps 125 
INFO : 2021-01-20 17:26:08,575 : episode: 409 score: 316.4 100 games avg: 316.4 steps 123 
INFO : 2021-01-20 17:26:45,453 : episode: 410 score: 346.8 100 games avg: 346.8 steps 124 
INFO : 2021-01-20 17:27:22,617 : episode: 411 score: 338.1 100 games avg: 338.1 steps 125 
INFO : 2021-01-20 17:27:53,784 : episode: 412 score: 333.8 100 games avg: 333.8 steps 123 
INFO : 2021-01-20 17:28:24,741 : episode: 413 score: 341.5 100 games avg: 341.5 steps 122 
INFO : 2021-01-20 17:28:55,689 : episode: 414 score: 347.1 100 games avg: 347.1 steps 122 
INFO : 2021-01-20 17:29:27,237 : episode: 415 score: 352.6 100 games avg: 352.6 steps 125 
INFO : 2021-01-20 17:29:58,400 : episode: 416 score: 351.1 100 games avg: 351.1 steps 123 
INFO : 2021-01-20 17:30:33,185 : episode: 417 score: 332.6 100 games avg: 332.6 steps 124 
INFO : 2021-01-20 17:31:11,094 : episode: 418 score: 369.3 100 games avg: 369.3 steps 128 
INFO : 2021-01-20 17:31:48,200 : episode: 419 score: 348.2 100 games avg: 348.2 steps 123 
INFO : 2021-01-20 17:32:26,071 : episode: 420 score: 339.4 100 games avg: 339.4 steps 127 
INFO : 2021-01-20 17:33:04,060 : episode: 421 score: 338.2 100 games avg: 338.2 steps 123 
INFO : 2021-01-20 17:33:41,377 : episode: 422 score: 317.4 100 games avg: 317.4 steps 122 
INFO : 2021-01-20 17:34:13,555 : episode: 423 score: 231.0 100 games avg: 231.0 steps 95 
INFO : 2021-01-20 17:34:50,243 : episode: 424 score: 340.7 100 games avg: 340.7 steps 120 
INFO : 2021-01-20 17:35:27,939 : episode: 425 score: 354.2 100 games avg: 354.2 steps 125 
INFO : 2021-01-20 17:36:00,049 : episode: 426 score: 227.5 100 games avg: 227.5 steps 94 
INFO : 2021-01-20 17:36:31,886 : episode: 427 score: 220.6 100 games avg: 220.6 steps 92 
INFO : 2021-01-20 17:37:10,252 : episode: 428 score: 366.9 100 games avg: 366.9 steps 128 
INFO : 2021-01-20 17:37:43,219 : episode: 429 score: 251.5 100 games avg: 251.5 steps 100 
INFO : 2021-01-20 17:38:21,034 : episode: 430 score: 356.1 100 games avg: 356.1 steps 125 
INFO : 2021-01-20 17:39:00,072 : episode: 431 score: 370.7 100 games avg: 370.7 steps 130 
INFO : 2021-01-20 17:39:33,580 : episode: 432 score: 238.5 100 games avg: 238.5 steps 98 
INFO : 2021-01-20 17:40:12,247 : episode: 433 score: 361.5 100 games avg: 361.5 steps 128 
INFO : 2021-01-20 17:40:29,322 : episode: 434 score: 6.8 100 games avg: 6.8 steps 9 
INFO : 2021-01-20 17:40:46,201 : episode: 435 score: 5.7 100 games avg: 5.7 steps 8 
INFO : 2021-01-20 17:41:24,451 : episode: 436 score: 353.0 100 games avg: 353.0 steps 124 
INFO : 2021-01-20 17:42:02,145 : episode: 437 score: 336.4 100 games avg: 336.4 steps 125 
INFO : 2021-01-20 17:42:35,397 : episode: 438 score: 243.4 100 games avg: 243.4 steps 98 
INFO : 2021-01-20 17:43:08,720 : episode: 439 score: 243.9 100 games avg: 243.9 steps 98 
INFO : 2021-01-20 17:43:42,761 : episode: 440 score: 250.7 100 games avg: 250.7 steps 100 
INFO : 2021-01-20 17:44:15,783 : episode: 441 score: 236.8 100 games avg: 236.8 steps 96 
INFO : 2021-01-20 17:44:50,042 : episode: 442 score: 257.6 100 games avg: 257.6 steps 102 
INFO : 2021-01-20 17:45:26,683 : episode: 443 score: 296.3 100 games avg: 296.3 steps 115 
INFO : 2021-01-20 17:46:05,411 : episode: 444 score: 361.6 100 games avg: 361.6 steps 126 
INFO : 2021-01-20 17:46:42,644 : episode: 445 score: 339.1 100 games avg: 339.1 steps 118 
INFO : 2021-01-20 17:47:22,025 : episode: 446 score: 362.4 100 games avg: 362.4 steps 127 
INFO : 2021-01-20 17:48:03,133 : episode: 447 score: 354.9 100 games avg: 354.9 steps 131 
INFO : 2021-01-20 17:48:42,076 : episode: 448 score: 357.5 100 games avg: 357.5 steps 126 
INFO : 2021-01-20 17:49:21,268 : episode: 449 score: 360.7 100 games avg: 360.7 steps 127 
INFO : 2021-01-20 17:50:03,456 : episode: 450 score: 358.2 100 games avg: 358.2 steps 126 
INFO : 2021-01-20 17:50:42,028 : episode: 451 score: 350.3 100 games avg: 350.3 steps 122 
INFO : 2021-01-20 17:51:20,990 : episode: 452 score: 354.1 100 games avg: 354.1 steps 125 
INFO : 2021-01-20 17:51:59,391 : episode: 453 score: 341.7 100 games avg: 341.7 steps 122 
INFO : 2021-01-20 17:52:38,617 : episode: 454 score: 353.1 100 games avg: 353.1 steps 126 
INFO : 2021-01-20 17:52:58,426 : episode: 455 score: 21.5 100 games avg: 21.5 steps 20 
INFO : 2021-01-20 17:53:17,513 : episode: 456 score: 14.8 100 games avg: 14.8 steps 16 
INFO : 2021-01-20 17:53:57,775 : episode: 457 score: 346.1 100 games avg: 346.1 steps 124 
INFO : 2021-01-20 17:54:36,392 : episode: 458 score: 348.2 100 games avg: 348.2 steps 124 
INFO : 2021-01-20 17:55:13,710 : episode: 459 score: 336.5 100 games avg: 336.5 steps 121 
INFO : 2021-01-20 17:55:53,239 : episode: 460 score: 361.7 100 games avg: 361.7 steps 127 
INFO : 2021-01-20 17:56:31,520 : episode: 461 score: 334.8 100 games avg: 334.8 steps 120 
INFO : 2021-01-20 17:57:10,633 : episode: 462 score: 345.8 100 games avg: 345.8 steps 124 
INFO : 2021-01-20 17:57:42,515 : episode: 463 score: 165.2 100 games avg: 165.2 steps 86 
INFO : 2021-01-20 17:58:22,597 : episode: 464 score: 342.3 100 games avg: 342.3 steps 124 
INFO : 2021-01-20 17:59:02,298 : episode: 465 score: 296.6 100 games avg: 296.6 steps 121 
INFO : 2021-01-20 17:59:39,799 : episode: 466 score: 316.4 100 games avg: 316.4 steps 114 
INFO : 2021-01-20 18:00:18,780 : episode: 467 score: 344.9 100 games avg: 344.9 steps 123 
INFO : 2021-01-20 18:00:54,659 : episode: 468 score: 342.5 100 games avg: 342.5 steps 124 
INFO : 2021-01-20 18:01:19,321 : episode: 469 score: 135.0 100 games avg: 135.0 steps 76 
INFO : 2021-01-20 18:01:54,501 : episode: 470 score: 216.6 100 games avg: 216.6 steps 102 
INFO : 2021-01-20 18:02:33,933 : episode: 471 score: 343.4 100 games avg: 343.4 steps 124 
INFO : 2021-01-20 18:03:13,953 : episode: 472 score: 359.8 100 games avg: 359.8 steps 127 
INFO : 2021-01-20 18:03:53,753 : episode: 473 score: 347.2 100 games avg: 347.2 steps 125 
INFO : 2021-01-20 18:04:33,485 : episode: 474 score: 352.7 100 games avg: 352.7 steps 125 
INFO : 2021-01-20 18:05:13,697 : episode: 475 score: 353.5 100 games avg: 353.5 steps 127 
INFO : 2021-01-20 18:05:46,085 : episode: 476 score: 207.9 100 games avg: 207.9 steps 101 
INFO : 2021-01-20 18:06:22,587 : episode: 477 score: 350.8 100 games avg: 350.8 steps 126 
INFO : 2021-01-20 18:07:02,774 : episode: 478 score: 358.1 100 games avg: 358.1 steps 127 
INFO : 2021-01-20 18:07:42,786 : episode: 479 score: 354.5 100 games avg: 354.5 steps 125 
INFO : 2021-01-20 18:08:23,685 : episode: 480 score: 345.1 100 games avg: 345.1 steps 130 
INFO : 2021-01-20 18:09:04,177 : episode: 481 score: 358.6 100 games avg: 358.6 steps 127 
INFO : 2021-01-20 18:09:44,763 : episode: 482 score: 334.1 100 games avg: 334.1 steps 128 
INFO : 2021-01-20 18:10:18,918 : episode: 483 score: 217.9 100 games avg: 217.9 steps 92 
INFO : 2021-01-20 18:10:59,386 : episode: 484 score: 349.9 100 games avg: 349.9 steps 127 
INFO : 2021-01-20 18:11:39,572 : episode: 485 score: 345.9 100 games avg: 345.9 steps 125 
INFO : 2021-01-20 18:12:20,099 : episode: 486 score: 331.6 100 games avg: 331.6 steps 126 
INFO : 2021-01-20 18:12:51,474 : episode: 487 score: 149.5 100 games avg: 149.5 steps 76 
INFO : 2021-01-20 18:13:31,105 : episode: 488 score: 314.6 100 games avg: 314.6 steps 121 
INFO : 2021-01-20 18:14:12,487 : episode: 489 score: 349.7 100 games avg: 349.7 steps 130 
INFO : 2021-01-20 18:14:51,315 : episode: 490 score: 296.9 100 games avg: 296.9 steps 116 
INFO : 2021-01-20 18:15:24,844 : episode: 491 score: 158.5 100 games avg: 158.5 steps 80 
INFO : 2021-01-20 18:16:06,468 : episode: 492 score: 359.3 100 games avg: 359.3 steps 131 
INFO : 2021-01-20 18:16:47,304 : episode: 493 score: 337.3 100 games avg: 337.3 steps 127 
INFO : 2021-01-20 18:17:29,105 : episode: 494 score: 355.4 100 games avg: 355.4 steps 131 
INFO : 2021-01-20 18:18:10,274 : episode: 495 score: 359.1 100 games avg: 359.1 steps 128 
INFO : 2021-01-20 18:18:42,459 : episode: 496 score: 160.0 100 games avg: 160.0 steps 81 
INFO : 2021-01-20 18:19:17,358 : episode: 497 score: 364.3 100 games avg: 364.3 steps 128 
INFO : 2021-01-20 18:19:57,441 : episode: 498 score: 348.8 100 games avg: 348.8 steps 129 
INFO : 2021-01-20 18:20:39,405 : episode: 499 score: 352.4 100 games avg: 352.4 steps 130 
INFO : 2021-01-20 18:21:21,905 : episode: 500 score: 355.3 100 games avg: 355.3 steps 133 
INFO : 2021-01-20 18:22:02,799 : episode: 501 score: 337.1 100 games avg: 337.1 steps 127 
INFO : 2021-01-20 18:22:40,267 : episode: 502 score: 354.7 100 games avg: 354.7 steps 127 
INFO : 2021-01-20 18:23:08,266 : episode: 503 score: 221.0 100 games avg: 221.0 steps 93 
INFO : 2021-01-20 18:23:46,522 : episode: 504 score: 364.2 100 games avg: 364.2 steps 128 
INFO : 2021-01-20 18:24:21,040 : episode: 505 score: 236.0 100 games avg: 236.0 steps 97 
INFO : 2021-01-20 18:25:02,727 : episode: 506 score: 367.3 100 games avg: 367.3 steps 128 
INFO : 2021-01-20 18:25:38,788 : episode: 507 score: 228.1 100 games avg: 228.1 steps 97 
INFO : 2021-01-20 18:26:20,212 : episode: 508 score: 359.0 100 games avg: 359.0 steps 126 
INFO : 2021-01-20 18:26:59,978 : episode: 509 score: 305.0 100 games avg: 305.0 steps 117 
INFO : 2021-01-20 18:27:36,201 : episode: 510 score: 227.8 100 games avg: 227.8 steps 96 
INFO : 2021-01-20 18:28:11,586 : episode: 511 score: 215.6 100 games avg: 215.6 steps 92 
INFO : 2021-01-20 18:28:47,401 : episode: 512 score: 223.8 100 games avg: 223.8 steps 94 
INFO : 2021-01-20 18:29:23,144 : episode: 513 score: 227.5 100 games avg: 227.5 steps 97 
INFO : 2021-01-20 18:29:59,289 : episode: 514 score: 359.0 100 games avg: 359.0 steps 131 
INFO : 2021-01-20 18:30:34,758 : episode: 515 score: 221.9 100 games avg: 221.9 steps 94 
INFO : 2021-01-20 18:31:14,776 : episode: 516 score: 306.1 100 games avg: 306.1 steps 117 
INFO : 2021-01-20 18:31:45,164 : episode: 517 score: 220.2 100 games avg: 220.2 steps 92 
INFO : 2021-01-20 18:32:22,881 : episode: 518 score: 360.4 100 games avg: 360.4 steps 130 
INFO : 2021-01-20 18:33:05,871 : episode: 519 score: 359.9 100 games avg: 359.9 steps 131 
INFO : 2021-01-20 18:33:49,824 : episode: 520 score: 322.7 100 games avg: 322.7 steps 122 
INFO : 2021-01-20 18:34:22,975 : episode: 521 score: 294.8 100 games avg: 294.8 steps 115 
INFO : 2021-01-20 18:34:49,814 : episode: 522 score: 171.3 100 games avg: 171.3 steps 82 
INFO : 2021-01-20 18:35:17,543 : episode: 523 score: 159.8 100 games avg: 159.8 steps 79 
INFO : 2021-01-20 18:35:50,375 : episode: 524 score: 167.3 100 games avg: 167.3 steps 82 
INFO : 2021-01-20 18:36:33,074 : episode: 525 score: 356.2 100 games avg: 356.2 steps 130 
INFO : 2021-01-20 18:37:15,845 : episode: 526 score: 359.9 100 games avg: 359.9 steps 131 
INFO : 2021-01-20 18:37:57,386 : episode: 527 score: 330.6 100 games avg: 330.6 steps 123 
INFO : 2021-01-20 18:38:37,647 : episode: 528 score: 305.4 100 games avg: 305.4 steps 116 
INFO : 2021-01-20 18:39:12,334 : episode: 529 score: 178.9 100 games avg: 178.9 steps 84 
INFO : 2021-01-20 18:39:45,930 : episode: 530 score: 160.6 100 games avg: 160.6 steps 78 
INFO : 2021-01-20 18:40:22,252 : episode: 531 score: 222.4 100 games avg: 222.4 steps 93 
INFO : 2021-01-20 18:41:02,608 : episode: 532 score: 300.4 100 games avg: 300.4 steps 115 
INFO : 2021-01-20 18:41:41,707 : episode: 533 score: 271.0 100 games avg: 271.0 steps 108 
INFO : 2021-01-20 18:42:15,516 : episode: 534 score: 157.9 100 games avg: 157.9 steps 78 
INFO : 2021-01-20 18:42:49,108 : episode: 535 score: 154.6 100 games avg: 154.6 steps 77 
INFO : 2021-01-20 18:43:30,501 : episode: 536 score: 318.0 100 games avg: 318.0 steps 120 
INFO : 2021-01-20 18:44:04,793 : episode: 537 score: 164.5 100 games avg: 164.5 steps 80 
INFO : 2021-01-20 18:44:46,750 : episode: 538 score: 276.2 100 games avg: 276.2 steps 109 
INFO : 2021-01-20 18:45:31,508 : episode: 539 score: 302.2 100 games avg: 302.2 steps 115 
INFO : 2021-01-20 18:46:06,211 : episode: 540 score: 170.7 100 games avg: 170.7 steps 82 
INFO : 2021-01-20 18:46:49,653 : episode: 541 score: 355.9 100 games avg: 355.9 steps 130 
INFO : 2021-01-20 18:47:30,848 : episode: 542 score: 301.9 100 games avg: 301.9 steps 115 
INFO : 2021-01-20 18:48:10,593 : episode: 543 score: 301.4 100 games avg: 301.4 steps 115 
INFO : 2021-01-20 18:48:51,654 : episode: 544 score: 302.6 100 games avg: 302.6 steps 116 
INFO : 2021-01-20 18:49:27,391 : episode: 545 score: 185.8 100 games avg: 185.8 steps 87 
INFO : 2021-01-20 18:50:02,923 : episode: 546 score: 156.1 100 games avg: 156.1 steps 78 
INFO : 2021-01-20 18:50:43,949 : episode: 547 score: 274.8 100 games avg: 274.8 steps 109 
INFO : 2021-01-20 18:51:11,295 : episode: 548 score: 154.4 100 games avg: 154.4 steps 77 
INFO : 2021-01-20 18:51:55,294 : episode: 549 score: 359.0 100 games avg: 359.0 steps 131 
INFO : 2021-01-20 18:52:37,089 : episode: 550 score: 307.1 100 games avg: 307.1 steps 117 
INFO : 2021-01-20 18:53:12,189 : episode: 551 score: 166.3 100 games avg: 166.3 steps 81 
INFO : 2021-01-20 18:53:54,495 : episode: 552 score: 324.2 100 games avg: 324.2 steps 121 
INFO : 2021-01-20 18:54:29,943 : episode: 553 score: 157.0 100 games avg: 157.0 steps 77 
INFO : 2021-01-20 18:55:13,321 : episode: 554 score: 341.1 100 games avg: 341.1 steps 127 
INFO : 2021-01-20 18:55:48,977 : episode: 555 score: 177.7 100 games avg: 177.7 steps 84 
INFO : 2021-01-20 18:56:32,659 : episode: 556 score: 342.3 100 games avg: 342.3 steps 128 
INFO : 2021-01-20 18:57:07,232 : episode: 557 score: 156.5 100 games avg: 156.5 steps 78 
INFO : 2021-01-20 18:57:41,200 : episode: 558 score: 182.1 100 games avg: 182.1 steps 86 
INFO : 2021-01-20 18:58:24,200 : episode: 559 score: 324.9 100 games avg: 324.9 steps 122 
INFO : 2021-01-20 18:59:00,185 : episode: 560 score: 179.7 100 games avg: 179.7 steps 85 
INFO : 2021-01-20 18:59:35,709 : episode: 561 score: 171.0 100 games avg: 171.0 steps 82 
INFO : 2021-01-20 19:00:19,253 : episode: 562 score: 334.0 100 games avg: 334.0 steps 125 
INFO : 2021-01-20 19:01:01,079 : episode: 563 score: 304.9 100 games avg: 304.9 steps 117 
INFO : 2021-01-20 19:01:35,953 : episode: 564 score: 157.6 100 games avg: 157.6 steps 78 
INFO : 2021-01-20 19:02:19,574 : episode: 565 score: 335.5 100 games avg: 335.5 steps 125 
INFO : 2021-01-20 19:03:02,359 : episode: 566 score: 313.5 100 games avg: 313.5 steps 119 
INFO : 2021-01-20 19:03:42,558 : episode: 567 score: 345.5 100 games avg: 345.5 steps 128 
INFO : 2021-01-20 19:04:15,865 : episode: 568 score: 288.9 100 games avg: 288.9 steps 113 
INFO : 2021-01-20 19:04:46,286 : episode: 569 score: 223.0 100 games avg: 223.0 steps 97 
INFO : 2021-01-20 19:05:21,654 : episode: 570 score: 330.8 100 games avg: 330.8 steps 124 
INFO : 2021-01-20 19:05:51,584 : episode: 571 score: 213.0 100 games avg: 213.0 steps 94 
INFO : 2021-01-20 19:06:20,133 : episode: 572 score: 164.7 100 games avg: 164.7 steps 81 
INFO : 2021-01-20 19:07:00,687 : episode: 573 score: 271.3 100 games avg: 271.3 steps 108 
INFO : 2021-01-20 19:07:45,007 : episode: 574 score: 346.6 100 games avg: 346.6 steps 128 
INFO : 2021-01-20 19:08:29,655 : episode: 575 score: 361.0 100 games avg: 361.0 steps 130 
INFO : 2021-01-20 19:09:14,717 : episode: 576 score: 360.5 100 games avg: 360.5 steps 131 
INFO : 2021-01-20 19:09:58,595 : episode: 577 score: 355.9 100 games avg: 355.9 steps 132 
INFO : 2021-01-20 19:10:42,268 : episode: 578 score: 324.3 100 games avg: 324.3 steps 123 
INFO : 2021-01-20 19:11:20,908 : episode: 579 score: 220.9 100 games avg: 220.9 steps 96 
INFO : 2021-01-20 19:12:04,969 : episode: 580 score: 331.8 100 games avg: 331.8 steps 125 
INFO : 2021-01-20 19:12:49,113 : episode: 581 score: 362.4 100 games avg: 362.4 steps 128 
INFO : 2021-01-20 19:13:34,552 : episode: 582 score: 359.9 100 games avg: 359.9 steps 132 
INFO : 2021-01-20 19:14:19,358 : episode: 583 score: 362.5 100 games avg: 362.5 steps 130 
INFO : 2021-01-20 19:14:57,001 : episode: 584 score: 349.0 100 games avg: 349.0 steps 130 
INFO : 2021-01-20 19:15:39,006 : episode: 585 score: 354.0 100 games avg: 354.0 steps 124 
INFO : 2021-01-20 19:16:23,443 : episode: 586 score: 331.1 100 games avg: 331.1 steps 125 
INFO : 2021-01-20 19:17:09,348 : episode: 587 score: 361.6 100 games avg: 361.6 steps 133 
INFO : 2021-01-20 19:17:53,912 : episode: 588 score: 339.4 100 games avg: 339.4 steps 126 
INFO : 2021-01-20 19:18:39,041 : episode: 589 score: 345.8 100 games avg: 345.8 steps 128 
INFO : 2021-01-20 19:19:23,873 : episode: 590 score: 338.6 100 games avg: 338.6 steps 126 
INFO : 2021-01-20 19:20:02,583 : episode: 591 score: 222.6 100 games avg: 222.6 steps 95 
INFO : 2021-01-20 19:20:47,276 : episode: 592 score: 336.9 100 games avg: 336.9 steps 126 
INFO : 2021-01-20 19:21:30,582 : episode: 593 score: 306.9 100 games avg: 306.9 steps 118 
INFO : 2021-01-20 19:22:15,952 : episode: 594 score: 347.1 100 games avg: 347.1 steps 129 
INFO : 2021-01-20 19:23:02,072 : episode: 595 score: 356.8 100 games avg: 356.8 steps 131 
INFO : 2021-01-20 19:23:48,253 : episode: 596 score: 362.1 100 games avg: 362.1 steps 132 
INFO : 2021-01-20 19:24:33,395 : episode: 597 score: 348.6 100 games avg: 348.6 steps 127 
INFO : 2021-01-20 19:25:19,360 : episode: 598 score: 349.1 100 games avg: 349.1 steps 130 
INFO : 2021-01-20 19:25:59,187 : episode: 599 score: 293.3 100 games avg: 293.3 steps 114 
INFO : 2021-01-20 19:26:34,919 : episode: 600 score: 285.1 100 games avg: 285.1 steps 111 
INFO : 2021-01-20 19:27:15,772 : episode: 601 score: 164.8 100 games avg: 164.8 steps 81 
INFO : 2021-01-20 19:28:01,375 : episode: 602 score: 361.3 100 games avg: 361.3 steps 129 
INFO : 2021-01-20 19:28:47,319 : episode: 603 score: 359.3 100 games avg: 359.3 steps 129 
INFO : 2021-01-20 19:29:32,864 : episode: 604 score: 353.1 100 games avg: 353.1 steps 127 
INFO : 2021-01-20 19:30:18,352 : episode: 605 score: 339.8 100 games avg: 339.8 steps 126 
INFO : 2021-01-20 19:31:06,385 : episode: 606 score: 361.4 100 games avg: 361.4 steps 130 
INFO : 2021-01-20 19:31:53,641 : episode: 607 score: 352.8 100 games avg: 352.8 steps 131 
INFO : 2021-01-20 19:32:39,593 : episode: 608 score: 356.4 100 games avg: 356.4 steps 128 
INFO : 2021-01-20 19:33:25,687 : episode: 609 score: 352.1 100 games avg: 352.1 steps 129 
INFO : 2021-01-20 19:34:11,523 : episode: 610 score: 347.8 100 games avg: 347.8 steps 125 
INFO : 2021-01-20 19:34:58,276 : episode: 611 score: 359.4 100 games avg: 359.4 steps 132 
INFO : 2021-01-20 19:35:44,930 : episode: 612 score: 354.8 100 games avg: 354.8 steps 131 
INFO : 2021-01-20 19:36:29,381 : episode: 613 score: 305.8 100 games avg: 305.8 steps 117 
INFO : 2021-01-20 19:37:15,700 : episode: 614 score: 347.3 100 games avg: 347.3 steps 129 
INFO : 2021-01-20 19:38:01,917 : episode: 615 score: 361.7 100 games avg: 361.7 steps 129 
INFO : 2021-01-20 19:38:48,879 : episode: 616 score: 355.5 100 games avg: 355.5 steps 131 
INFO : 2021-01-20 19:39:36,928 : episode: 617 score: 361.1 100 games avg: 361.1 steps 133 
INFO : 2021-01-20 19:40:23,024 : episode: 618 score: 346.6 100 games avg: 346.6 steps 127 
INFO : 2021-01-20 19:41:10,554 : episode: 619 score: 370.1 100 games avg: 370.1 steps 134 
INFO : 2021-01-20 19:41:56,815 : episode: 620 score: 349.9 100 games avg: 349.9 steps 127 
INFO : 2021-01-20 19:42:44,431 : episode: 621 score: 336.9 100 games avg: 336.9 steps 128 
INFO : 2021-01-20 19:43:30,815 : episode: 622 score: 349.0 100 games avg: 349.0 steps 127 
INFO : 2021-01-20 19:44:18,090 : episode: 623 score: 357.2 100 games avg: 357.2 steps 131 
INFO : 2021-01-20 19:45:05,297 : episode: 624 score: 368.4 100 games avg: 368.4 steps 131 
INFO : 2021-01-20 19:45:43,610 : episode: 625 score: 168.1 100 games avg: 168.1 steps 82 
INFO : 2021-01-20 19:46:21,627 : episode: 626 score: 163.8 100 games avg: 163.8 steps 80 
INFO : 2021-01-20 19:47:08,293 : episode: 627 score: 332.5 100 games avg: 332.5 steps 127 
INFO : 2021-01-20 19:47:54,178 : episode: 628 score: 326.0 100 games avg: 326.0 steps 122 
INFO : 2021-01-20 19:48:30,549 : episode: 629 score: 160.9 100 games avg: 160.9 steps 80 
INFO : 2021-01-20 19:49:17,484 : episode: 630 score: 357.0 100 games avg: 357.0 steps 132 
INFO : 2021-01-20 19:50:04,110 : episode: 631 score: 351.3 100 games avg: 351.3 steps 127 
INFO : 2021-01-20 19:50:42,870 : episode: 632 score: 178.1 100 games avg: 178.1 steps 86 
INFO : 2021-01-20 19:51:29,963 : episode: 633 score: 341.3 100 games avg: 341.3 steps 129 
INFO : 2021-01-20 19:52:17,020 : episode: 634 score: 353.0 100 games avg: 353.0 steps 127 
INFO : 2021-01-20 19:53:03,647 : episode: 635 score: 335.8 100 games avg: 335.8 steps 125 
INFO : 2021-01-20 19:53:50,383 : episode: 636 score: 332.6 100 games avg: 332.6 steps 125 
INFO : 2021-01-20 19:54:35,747 : episode: 637 score: 309.5 100 games avg: 309.5 steps 118 
INFO : 2021-01-20 19:55:21,352 : episode: 638 score: 310.2 100 games avg: 310.2 steps 119 
INFO : 2021-01-20 19:56:07,831 : episode: 639 score: 331.2 100 games avg: 331.2 steps 124 
INFO : 2021-01-20 19:56:54,912 : episode: 640 score: 356.0 100 games avg: 356.0 steps 127 
INFO : 2021-01-20 19:57:43,763 : episode: 641 score: 340.5 100 games avg: 340.5 steps 127 
INFO : 2021-01-20 19:58:34,261 : episode: 642 score: 356.4 100 games avg: 356.4 steps 128 
INFO : 2021-01-20 19:59:18,667 : episode: 643 score: 201.0 100 games avg: 201.0 steps 109 
INFO : 2021-01-20 20:00:01,838 : episode: 644 score: 191.8 100 games avg: 191.8 steps 102 
INFO : 2021-01-20 20:00:49,229 : episode: 645 score: 357.4 100 games avg: 357.4 steps 127 
INFO : 2021-01-20 20:01:37,171 : episode: 646 score: 360.8 100 games avg: 360.8 steps 130 
INFO : 2021-01-20 20:02:19,971 : episode: 647 score: 182.1 100 games avg: 182.1 steps 101 
INFO : 2021-01-20 20:03:09,211 : episode: 648 score: 351.3 100 games avg: 351.3 steps 136 
INFO : 2021-01-20 20:03:52,426 : episode: 649 score: 354.0 100 games avg: 354.0 steps 130 
INFO : 2021-01-20 20:04:39,945 : episode: 650 score: 354.1 100 games avg: 354.1 steps 128 
INFO : 2021-01-20 20:05:22,633 : episode: 651 score: 204.9 100 games avg: 204.9 steps 99 
INFO : 2021-01-20 20:06:11,173 : episode: 652 score: 357.6 100 games avg: 357.6 steps 131 
INFO : 2021-01-20 20:06:56,653 : episode: 653 score: 221.3 100 games avg: 221.3 steps 110 
INFO : 2021-01-20 20:07:34,963 : episode: 654 score: 218.2 100 games avg: 218.2 steps 107 
INFO : 2021-01-20 20:08:22,891 : episode: 655 score: 354.9 100 games avg: 354.9 steps 128 
INFO : 2021-01-20 20:09:10,007 : episode: 656 score: 247.6 100 games avg: 247.6 steps 123 
INFO : 2021-01-20 20:09:55,195 : episode: 657 score: 219.0 100 games avg: 219.0 steps 112 
INFO : 2021-01-20 20:10:43,989 : episode: 658 score: 353.2 100 games avg: 353.2 steps 132 
INFO : 2021-01-20 20:11:32,936 : episode: 659 score: 357.7 100 games avg: 357.7 steps 131 
INFO : 2021-01-20 20:12:21,564 : episode: 660 score: 361.4 100 games avg: 361.4 steps 130 
INFO : 2021-01-20 20:13:09,996 : episode: 661 score: 355.0 100 games avg: 355.0 steps 129 
INFO : 2021-01-20 20:13:56,652 : episode: 662 score: 228.6 100 games avg: 228.6 steps 116 
INFO : 2021-01-20 20:14:44,880 : episode: 663 score: 250.6 100 games avg: 250.6 steps 127 
INFO : 2021-01-20 20:15:29,996 : episode: 664 score: 216.2 100 games avg: 216.2 steps 109 
INFO : 2021-01-20 20:16:15,055 : episode: 665 score: 204.6 100 games avg: 204.6 steps 109 
INFO : 2021-01-20 20:17:06,411 : episode: 666 score: 392.1 100 games avg: 392.1 steps 144 
INFO : 2021-01-20 20:17:58,677 : episode: 667 score: 382.3 100 games avg: 382.3 steps 148 
INFO : 2021-01-20 20:18:42,025 : episode: 668 score: 219.9 100 games avg: 219.9 steps 113 
INFO : 2021-01-20 20:19:25,789 : episode: 669 score: 195.3 100 games avg: 195.3 steps 101 
INFO : 2021-01-20 20:20:14,549 : episode: 670 score: 353.6 100 games avg: 353.6 steps 127 
INFO : 2021-01-20 20:21:03,616 : episode: 671 score: 257.0 100 games avg: 257.0 steps 130 
INFO : 2021-01-20 20:21:52,055 : episode: 672 score: 224.2 100 games avg: 224.2 steps 118 
INFO : 2021-01-20 20:22:40,983 : episode: 673 score: 241.9 100 games avg: 241.9 steps 128 
INFO : 2021-01-20 20:23:25,152 : episode: 674 score: 202.0 100 games avg: 202.0 steps 102 
INFO : 2021-01-20 20:24:09,074 : episode: 675 score: 194.3 100 games avg: 194.3 steps 102 
INFO : 2021-01-20 20:24:58,784 : episode: 676 score: 334.8 100 games avg: 334.8 steps 127 
INFO : 2021-01-20 20:25:44,153 : episode: 677 score: 215.3 100 games avg: 215.3 steps 108 
INFO : 2021-01-20 20:26:26,857 : episode: 678 score: 177.4 100 games avg: 177.4 steps 92 
INFO : 2021-01-20 20:27:11,769 : episode: 679 score: 217.0 100 games avg: 217.0 steps 105 
INFO : 2021-01-20 20:28:13,216 : episode: 680 score: 488.1 100 games avg: 488.1 steps 194 
INFO : 2021-01-20 20:29:02,669 : episode: 681 score: 341.7 100 games avg: 341.7 steps 129 
INFO : 2021-01-20 20:29:47,768 : episode: 682 score: 231.4 100 games avg: 231.4 steps 108 
INFO : 2021-01-20 20:30:23,882 : episode: 683 score: 102.0 100 games avg: 102.0 steps 56 
INFO : 2021-01-20 20:31:12,274 : episode: 684 score: 254.5 100 games avg: 254.5 steps 123 
INFO : 2021-01-20 20:32:00,934 : episode: 685 score: 264.5 100 games avg: 264.5 steps 124 
INFO : 2021-01-20 20:32:52,641 : episode: 686 score: 270.4 100 games avg: 270.4 steps 143 
INFO : 2021-01-20 20:33:43,189 : episode: 687 score: 373.1 100 games avg: 373.1 steps 132 
INFO : 2021-01-20 20:34:26,951 : episode: 688 score: 189.3 100 games avg: 189.3 steps 96 
INFO : 2021-01-20 20:35:16,921 : episode: 689 score: 346.9 100 games avg: 346.9 steps 130 
INFO : 2021-01-20 20:36:03,337 : episode: 690 score: 247.1 100 games avg: 247.1 steps 111 
INFO : 2021-01-20 20:36:48,903 : episode: 691 score: 235.4 100 games avg: 235.4 steps 106 
INFO : 2021-01-20 20:37:35,799 : episode: 692 score: 246.6 100 games avg: 246.6 steps 113 
INFO : 2021-01-20 20:38:21,025 : episode: 693 score: 221.7 100 games avg: 221.7 steps 104 
INFO : 2021-01-20 20:39:05,405 : episode: 694 score: 215.2 100 games avg: 215.2 steps 99 
INFO : 2021-01-20 20:39:49,929 : episode: 695 score: 304.0 100 games avg: 304.0 steps 118 
INFO : 2021-01-20 20:40:35,065 : episode: 696 score: 337.4 100 games avg: 337.4 steps 129 
INFO : 2021-01-20 20:41:25,258 : episode: 697 score: 313.0 100 games avg: 313.0 steps 121 
INFO : 2021-01-20 20:42:14,330 : episode: 698 score: 344.1 100 games avg: 344.1 steps 129 
INFO : 2021-01-20 20:42:55,378 : episode: 699 score: 153.0 100 games avg: 153.0 steps 78 
INFO : 2021-01-20 20:43:36,815 : episode: 700 score: 236.3 100 games avg: 236.3 steps 108 
INFO : 2021-01-20 20:44:25,655 : episode: 701 score: 313.4 100 games avg: 313.4 steps 121 
INFO : 2021-01-20 20:45:15,373 : episode: 702 score: 332.9 100 games avg: 332.9 steps 126 
INFO : 2021-01-20 20:46:05,235 : episode: 703 score: 341.8 100 games avg: 341.8 steps 128 
INFO : 2021-01-20 20:46:55,341 : episode: 704 score: 349.5 100 games avg: 349.5 steps 127 
INFO : 2021-01-20 20:47:43,395 : episode: 705 score: 288.4 100 games avg: 288.4 steps 114 
INFO : 2021-01-20 20:48:34,532 : episode: 706 score: 347.2 100 games avg: 347.2 steps 131 
INFO : 2021-01-20 20:49:15,486 : episode: 707 score: 354.0 100 games avg: 354.0 steps 132 
INFO : 2021-01-20 20:50:04,479 : episode: 708 score: 347.4 100 games avg: 347.4 steps 126 
INFO : 2021-01-20 20:50:51,119 : episode: 709 score: 356.8 100 games avg: 356.8 steps 132 
INFO : 2021-01-20 20:51:33,830 : episode: 710 score: 308.9 100 games avg: 308.9 steps 119 
INFO : 2021-01-20 20:52:15,390 : episode: 711 score: 158.9 100 games avg: 158.9 steps 80 
INFO : 2021-01-20 20:53:06,033 : episode: 712 score: 356.6 100 games avg: 356.6 steps 130 
INFO : 2021-01-20 20:53:58,540 : episode: 713 score: 352.7 100 games avg: 352.7 steps 133 
INFO : 2021-01-20 20:54:40,258 : episode: 714 score: 350.3 100 games avg: 350.3 steps 131 
INFO : 2021-01-20 20:55:12,490 : episode: 715 score: 151.3 100 games avg: 151.3 steps 77 
INFO : 2021-01-20 20:55:58,956 : episode: 716 score: 348.6 100 games avg: 348.6 steps 131 
INFO : 2021-01-20 20:56:48,147 : episode: 717 score: 310.0 100 games avg: 310.0 steps 120 
INFO : 2021-01-20 20:57:25,008 : episode: 718 score: 162.5 100 games avg: 162.5 steps 81 
INFO : 2021-01-20 20:58:06,168 : episode: 719 score: 358.6 100 games avg: 358.6 steps 133 
INFO : 2021-01-20 20:58:47,291 : episode: 720 score: 360.1 100 games avg: 360.1 steps 133 
INFO : 2021-01-20 20:59:31,652 : episode: 721 score: 348.2 100 games avg: 348.2 steps 129 
INFO : 2021-01-20 21:00:20,786 : episode: 722 score: 302.9 100 games avg: 302.9 steps 117 
INFO : 2021-01-20 21:01:02,446 : episode: 723 score: 150.1 100 games avg: 150.1 steps 76 
INFO : 2021-01-20 21:01:49,754 : episode: 724 score: 269.0 100 games avg: 269.0 steps 108 
INFO : 2021-01-20 21:02:41,097 : episode: 725 score: 343.0 100 games avg: 343.0 steps 129 
INFO : 2021-01-20 21:03:22,734 : episode: 726 score: 149.1 100 games avg: 149.1 steps 76 
INFO : 2021-01-20 21:04:04,290 : episode: 727 score: 145.5 100 games avg: 145.5 steps 75 
INFO : 2021-01-20 21:04:47,328 : episode: 728 score: 152.1 100 games avg: 152.1 steps 78 
INFO : 2021-01-20 21:05:35,672 : episode: 729 score: 269.8 100 games avg: 269.8 steps 109 
INFO : 2021-01-20 21:06:17,793 : episode: 730 score: 150.9 100 games avg: 150.9 steps 77 
INFO : 2021-01-20 21:07:00,327 : episode: 731 score: 164.8 100 games avg: 164.8 steps 81 
INFO : 2021-01-20 21:07:52,542 : episode: 732 score: 350.8 100 games avg: 350.8 steps 131 
INFO : 2021-01-20 21:08:45,626 : episode: 733 score: 351.0 100 games avg: 351.0 steps 127 
INFO : 2021-01-20 21:09:27,807 : episode: 734 score: 150.5 100 games avg: 150.5 steps 77 
INFO : 2021-01-20 21:10:16,230 : episode: 735 score: 277.8 100 games avg: 277.8 steps 111 
INFO : 2021-01-20 21:11:08,372 : episode: 736 score: 358.2 100 games avg: 358.2 steps 132 
INFO : 2021-01-20 21:11:46,686 : episode: 737 score: 152.5 100 games avg: 152.5 steps 77 
INFO : 2021-01-20 21:12:35,886 : episode: 738 score: 326.3 100 games avg: 326.3 steps 124 
INFO : 2021-01-20 21:13:23,528 : episode: 739 score: 323.4 100 games avg: 323.4 steps 124 
INFO : 2021-01-20 21:14:01,491 : episode: 740 score: 260.3 100 games avg: 260.3 steps 106 
INFO : 2021-01-20 21:14:42,530 : episode: 741 score: 310.1 100 games avg: 310.1 steps 119 
INFO : 2021-01-20 21:15:20,376 : episode: 742 score: 164.3 100 games avg: 164.3 steps 81 
INFO : 2021-01-20 21:16:12,383 : episode: 743 score: 347.2 100 games avg: 347.2 steps 129 
INFO : 2021-01-20 21:16:56,189 : episode: 744 score: 165.5 100 games avg: 165.5 steps 82 
INFO : 2021-01-20 21:17:42,039 : episode: 745 score: 346.5 100 games avg: 346.5 steps 128 
INFO : 2021-01-20 21:18:16,315 : episode: 746 score: 160.9 100 games avg: 160.9 steps 80 
INFO : 2021-01-20 21:19:01,798 : episode: 747 score: 300.3 100 games avg: 300.3 steps 116 
INFO : 2021-01-20 21:19:47,134 : episode: 748 score: 165.4 100 games avg: 165.4 steps 81 
INFO : 2021-01-20 21:20:37,818 : episode: 749 score: 317.4 100 games avg: 317.4 steps 121 
INFO : 2021-01-20 21:21:21,337 : episode: 750 score: 166.0 100 games avg: 166.0 steps 81 
INFO : 2021-01-20 21:22:10,106 : episode: 751 score: 310.4 100 games avg: 310.4 steps 119 
INFO : 2021-01-20 21:22:53,249 : episode: 752 score: 164.0 100 games avg: 164.0 steps 81 
INFO : 2021-01-20 21:23:36,633 : episode: 753 score: 160.4 100 games avg: 160.4 steps 80 
INFO : 2021-01-20 21:24:30,946 : episode: 754 score: 337.6 100 games avg: 337.6 steps 129 
INFO : 2021-01-20 21:25:24,835 : episode: 755 score: 339.9 100 games avg: 339.9 steps 128 
INFO : 2021-01-20 21:26:08,676 : episode: 756 score: 166.3 100 games avg: 166.3 steps 82 
INFO : 2021-01-20 21:26:58,521 : episode: 757 score: 291.2 100 games avg: 291.2 steps 114 
INFO : 2021-01-20 21:27:42,272 : episode: 758 score: 158.1 100 games avg: 158.1 steps 79 
INFO : 2021-01-20 21:28:26,617 : episode: 759 score: 168.2 100 games avg: 168.2 steps 83 
INFO : 2021-01-20 21:29:10,773 : episode: 760 score: 165.8 100 games avg: 165.8 steps 82 
INFO : 2021-01-20 21:29:57,056 : episode: 761 score: 184.7 100 games avg: 184.7 steps 87 
INFO : 2021-01-20 21:30:43,191 : episode: 762 score: 210.2 100 games avg: 210.2 steps 92 
INFO : 2021-01-20 21:31:26,496 : episode: 763 score: 159.9 100 games avg: 159.9 steps 80 
INFO : 2021-01-20 21:32:06,745 : episode: 764 score: 297.0 100 games avg: 297.0 steps 115 
INFO : 2021-01-20 21:32:46,157 : episode: 765 score: 166.3 100 games avg: 166.3 steps 82 
INFO : 2021-01-20 21:33:36,084 : episode: 766 score: 289.5 100 games avg: 289.5 steps 114 
INFO : 2021-01-20 21:34:10,937 : episode: 767 score: 177.1 100 games avg: 177.1 steps 85 
INFO : 2021-01-20 21:34:53,002 : episode: 768 score: 322.2 100 games avg: 322.2 steps 123 
INFO : 2021-01-20 21:35:35,304 : episode: 769 score: 165.8 100 games avg: 165.8 steps 82 
INFO : 2021-01-20 21:36:10,190 : episode: 770 score: 164.6 100 games avg: 164.6 steps 81 
INFO : 2021-01-20 21:36:45,401 : episode: 771 score: 171.4 100 games avg: 171.4 steps 84 
INFO : 2021-01-20 21:37:30,476 : episode: 772 score: 177.1 100 games avg: 177.1 steps 85 
INFO : 2021-01-20 21:38:14,812 : episode: 773 score: 163.8 100 games avg: 163.8 steps 81 
INFO : 2021-01-20 21:39:04,637 : episode: 774 score: 267.3 100 games avg: 267.3 steps 109 
INFO : 2021-01-20 21:39:58,718 : episode: 775 score: 340.6 100 games avg: 340.6 steps 128 
INFO : 2021-01-20 21:40:49,022 : episode: 776 score: 287.6 100 games avg: 287.6 steps 113 
INFO : 2021-01-20 21:41:34,102 : episode: 777 score: 174.3 100 games avg: 174.3 steps 84 
INFO : 2021-01-20 21:42:24,893 : episode: 778 score: 296.3 100 games avg: 296.3 steps 115 
INFO : 2021-01-20 21:43:09,332 : episode: 779 score: 159.3 100 games avg: 159.3 steps 80 
INFO : 2021-01-20 21:43:48,260 : episode: 780 score: 179.0 100 games avg: 179.0 steps 86 
INFO : 2021-01-20 21:44:21,598 : episode: 781 score: 164.3 100 games avg: 164.3 steps 81 
INFO : 2021-01-20 21:44:55,102 : episode: 782 score: 165.1 100 games avg: 165.1 steps 82 
INFO : 2021-01-20 21:45:42,650 : episode: 783 score: 311.1 100 games avg: 311.1 steps 120 
INFO : 2021-01-20 21:46:33,415 : episode: 784 score: 291.1 100 games avg: 291.1 steps 114 
INFO : 2021-01-20 21:47:26,144 : episode: 785 score: 327.0 100 games avg: 327.0 steps 125 
INFO : 2021-01-20 21:48:16,454 : episode: 786 score: 277.0 100 games avg: 277.0 steps 111 
INFO : 2021-01-20 21:49:02,207 : episode: 787 score: 175.0 100 games avg: 175.0 steps 85 
INFO : 2021-01-20 21:49:50,051 : episode: 788 score: 302.6 100 games avg: 302.6 steps 117 
INFO : 2021-01-20 21:50:31,504 : episode: 789 score: 298.7 100 games avg: 298.7 steps 116 
INFO : 2021-01-20 21:51:15,496 : episode: 790 score: 277.9 100 games avg: 277.9 steps 111 
INFO : 2021-01-20 21:51:54,482 : episode: 791 score: 165.4 100 games avg: 165.4 steps 82 
INFO : 2021-01-20 21:52:42,449 : episode: 792 score: 344.1 100 games avg: 344.1 steps 130 
INFO : 2021-01-20 21:53:21,214 : episode: 793 score: 157.6 100 games avg: 157.6 steps 79 
INFO : 2021-01-20 21:54:08,566 : episode: 794 score: 175.5 100 games avg: 175.5 steps 85 
INFO : 2021-01-20 21:55:03,387 : episode: 795 score: 316.5 100 games avg: 316.5 steps 121 
INFO : 2021-01-20 21:55:58,937 : episode: 796 score: 321.0 100 games avg: 321.0 steps 122 
INFO : 2021-01-20 21:56:54,397 : episode: 797 score: 339.8 100 games avg: 339.8 steps 129 
INFO : 2021-01-20 21:57:42,302 : episode: 798 score: 179.1 100 games avg: 179.1 steps 86 
INFO : 2021-01-20 21:58:30,280 : episode: 799 score: 176.8 100 games avg: 176.8 steps 86 
INFO : 2021-01-20 21:59:25,604 : episode: 800 score: 329.0 100 games avg: 329.0 steps 126 
INFO : 2021-01-20 22:00:17,733 : episode: 801 score: 267.9 100 games avg: 267.9 steps 109 
INFO : 2021-01-20 22:01:04,901 : episode: 802 score: 159.2 100 games avg: 159.2 steps 80 
INFO : 2021-01-20 22:01:49,660 : episode: 803 score: 160.5 100 games avg: 160.5 steps 80 
INFO : 2021-01-20 22:02:45,222 : episode: 804 score: 338.7 100 games avg: 338.7 steps 129 
INFO : 2021-01-20 22:03:40,366 : episode: 805 score: 347.3 100 games avg: 347.3 steps 131 
INFO : 2021-01-20 22:04:34,459 : episode: 806 score: 328.0 100 games avg: 328.0 steps 125 
INFO : 2021-01-20 22:05:27,565 : episode: 807 score: 315.1 100 games avg: 315.1 steps 121 
INFO : 2021-01-20 22:06:22,843 : episode: 808 score: 366.4 100 games avg: 366.4 steps 131 
INFO : 2021-01-20 22:07:16,227 : episode: 809 score: 333.4 100 games avg: 333.4 steps 128 
INFO : 2021-01-20 22:08:13,901 : episode: 810 score: 364.1 100 games avg: 364.1 steps 130 
INFO : 2021-01-20 22:09:08,853 : episode: 811 score: 334.9 100 games avg: 334.9 steps 128 
INFO : 2021-01-20 22:10:03,813 : episode: 812 score: 356.2 100 games avg: 356.2 steps 128 
INFO : 2021-01-20 22:10:56,952 : episode: 813 score: 309.8 100 games avg: 309.8 steps 119 
INFO : 2021-01-20 22:11:51,843 : episode: 814 score: 344.5 100 games avg: 344.5 steps 127 
INFO : 2021-01-20 22:12:46,784 : episode: 815 score: 334.9 100 games avg: 334.9 steps 128 
INFO : 2021-01-20 22:13:42,035 : episode: 816 score: 352.8 100 games avg: 352.8 steps 129 
INFO : 2021-01-20 22:14:37,183 : episode: 817 score: 360.5 100 games avg: 360.5 steps 128 
INFO : 2021-01-20 22:15:33,091 : episode: 818 score: 365.6 100 games avg: 365.6 steps 131 
INFO : 2021-01-20 22:16:28,020 : episode: 819 score: 357.5 100 games avg: 357.5 steps 129 
INFO : 2021-01-20 22:17:21,862 : episode: 820 score: 355.2 100 games avg: 355.2 steps 128 
INFO : 2021-01-20 22:18:18,143 : episode: 821 score: 359.0 100 games avg: 359.0 steps 130 
INFO : 2021-01-20 22:19:03,581 : episode: 822 score: 363.8 100 games avg: 363.8 steps 131 
INFO : 2021-01-20 22:19:47,316 : episode: 823 score: 363.8 100 games avg: 363.8 steps 130 
INFO : 2021-01-20 22:20:43,084 : episode: 824 score: 372.4 100 games avg: 372.4 steps 133 
INFO : 2021-01-20 22:21:38,213 : episode: 825 score: 361.9 100 games avg: 361.9 steps 130 
INFO : 2021-01-20 22:22:32,838 : episode: 826 score: 343.7 100 games avg: 343.7 steps 126 
INFO : 2021-01-20 22:23:27,177 : episode: 827 score: 333.6 100 games avg: 333.6 steps 124 
INFO : 2021-01-20 22:24:22,642 : episode: 828 score: 368.3 100 games avg: 368.3 steps 132 
INFO : 2021-01-20 22:25:19,275 : episode: 829 score: 364.8 100 games avg: 364.8 steps 131 
INFO : 2021-01-20 22:26:15,748 : episode: 830 score: 372.7 100 games avg: 372.7 steps 131 
INFO : 2021-01-20 22:27:11,383 : episode: 831 score: 368.5 100 games avg: 368.5 steps 132 
INFO : 2021-01-20 22:28:06,020 : episode: 832 score: 364.4 100 games avg: 364.4 steps 130 
INFO : 2021-01-20 22:29:02,297 : episode: 833 score: 373.7 100 games avg: 373.7 steps 131 
INFO : 2021-01-20 22:29:57,931 : episode: 834 score: 349.7 100 games avg: 349.7 steps 128 
INFO : 2021-01-20 22:30:53,540 : episode: 835 score: 359.0 100 games avg: 359.0 steps 129 
INFO : 2021-01-20 22:31:49,225 : episode: 836 score: 356.3 100 games avg: 356.3 steps 128 
INFO : 2021-01-20 22:32:45,584 : episode: 837 score: 368.2 100 games avg: 368.2 steps 132 
INFO : 2021-01-20 22:33:42,269 : episode: 838 score: 362.8 100 games avg: 362.8 steps 132 
INFO : 2021-01-20 22:34:46,746 : episode: 839 score: 370.0 100 games avg: 370.0 steps 133 
INFO : 2021-01-20 22:35:37,464 : episode: 840 score: 370.1 100 games avg: 370.1 steps 134 
INFO : 2021-01-20 22:36:22,395 : episode: 841 score: 353.9 100 games avg: 353.9 steps 129 
INFO : 2021-01-20 22:37:11,343 : episode: 842 score: 209.8 100 games avg: 209.8 steps 91 
INFO : 2021-01-20 22:38:07,585 : episode: 843 score: 362.8 100 games avg: 362.8 steps 130 
INFO : 2021-01-20 22:39:05,014 : episode: 844 score: 358.9 100 games avg: 358.9 steps 129 
INFO : 2021-01-20 22:39:59,651 : episode: 845 score: 359.7 100 games avg: 359.7 steps 130 
INFO : 2021-01-20 22:40:56,073 : episode: 846 score: 365.6 100 games avg: 365.6 steps 130 
INFO : 2021-01-20 22:41:51,588 : episode: 847 score: 344.1 100 games avg: 344.1 steps 125 
INFO : 2021-01-20 22:42:48,111 : episode: 848 score: 356.8 100 games avg: 356.8 steps 130 
INFO : 2021-01-20 22:43:45,077 : episode: 849 score: 359.3 100 games avg: 359.3 steps 129 
INFO : 2021-01-20 22:44:41,011 : episode: 850 score: 351.6 100 games avg: 351.6 steps 127 
INFO : 2021-01-20 22:45:38,182 : episode: 851 score: 371.0 100 games avg: 371.0 steps 132 
INFO : 2021-01-20 22:46:36,971 : episode: 852 score: 363.9 100 games avg: 363.9 steps 131 
INFO : 2021-01-20 22:47:34,123 : episode: 853 score: 368.5 100 games avg: 368.5 steps 133 
INFO : 2021-01-20 22:48:28,502 : episode: 854 score: 356.9 100 games avg: 356.9 steps 129 
INFO : 2021-01-20 22:49:25,059 : episode: 855 score: 359.0 100 games avg: 359.0 steps 129 
INFO : 2021-01-20 22:50:20,321 : episode: 856 score: 362.1 100 games avg: 362.1 steps 130 
INFO : 2021-01-20 22:51:16,555 : episode: 857 score: 350.7 100 games avg: 350.7 steps 126 
INFO : 2021-01-20 22:52:16,151 : episode: 858 score: 356.4 100 games avg: 356.4 steps 130 
INFO : 2021-01-20 22:53:01,848 : episode: 859 score: 353.0 100 games avg: 353.0 steps 129 
INFO : 2021-01-20 22:53:47,523 : episode: 860 score: 356.9 100 games avg: 356.9 steps 128 
INFO : 2021-01-20 22:54:43,570 : episode: 861 score: 351.4 100 games avg: 351.4 steps 127 
INFO : 2021-01-20 22:55:40,530 : episode: 862 score: 359.7 100 games avg: 359.7 steps 129 
INFO : 2021-01-20 22:56:37,404 : episode: 863 score: 362.9 100 games avg: 362.9 steps 129 
INFO : 2021-01-20 22:57:31,758 : episode: 864 score: 375.3 100 games avg: 375.3 steps 132 
INFO : 2021-01-20 22:58:15,911 : episode: 865 score: 362.7 100 games avg: 362.7 steps 129 
INFO : 2021-01-20 22:58:59,988 : episode: 866 score: 359.1 100 games avg: 359.1 steps 127 
INFO : 2021-01-20 22:59:44,467 : episode: 867 score: 364.3 100 games avg: 364.3 steps 130 
INFO : 2021-01-20 23:00:30,850 : episode: 868 score: 369.7 100 games avg: 369.7 steps 130 
INFO : 2021-01-20 23:01:28,226 : episode: 869 score: 360.4 100 games avg: 360.4 steps 130 
INFO : 2021-01-20 23:02:26,046 : episode: 870 score: 371.5 100 games avg: 371.5 steps 132 
INFO : 2021-01-20 23:03:23,127 : episode: 871 score: 358.1 100 games avg: 358.1 steps 128 
INFO : 2021-01-20 23:04:21,223 : episode: 872 score: 375.8 100 games avg: 375.8 steps 132 
INFO : 2021-01-20 23:05:18,806 : episode: 873 score: 364.4 100 games avg: 364.4 steps 130 
INFO : 2021-01-20 23:06:16,593 : episode: 874 score: 364.5 100 games avg: 364.5 steps 129 
INFO : 2021-01-20 23:07:14,801 : episode: 875 score: 373.8 100 games avg: 373.8 steps 132 
INFO : 2021-01-20 23:08:19,730 : episode: 876 score: 360.8 100 games avg: 360.8 steps 130 
INFO : 2021-01-20 23:09:17,628 : episode: 877 score: 362.0 100 games avg: 362.0 steps 129 
INFO : 2021-01-20 23:10:15,774 : episode: 878 score: 358.7 100 games avg: 358.7 steps 127 
INFO : 2021-01-20 23:11:15,755 : episode: 879 score: 367.6 100 games avg: 367.6 steps 131 
INFO : 2021-01-20 23:12:13,430 : episode: 880 score: 354.9 100 games avg: 354.9 steps 128 
INFO : 2021-01-20 23:13:11,178 : episode: 881 score: 364.6 100 games avg: 364.6 steps 129 
INFO : 2021-01-20 23:14:09,565 : episode: 882 score: 363.0 100 games avg: 363.0 steps 129 
INFO : 2021-01-20 23:15:07,860 : episode: 883 score: 374.6 100 games avg: 374.6 steps 131 
INFO : 2021-01-20 23:16:06,641 : episode: 884 score: 362.5 100 games avg: 362.5 steps 130 
INFO : 2021-01-20 23:17:04,532 : episode: 885 score: 362.7 100 games avg: 362.7 steps 128 
INFO : 2021-01-20 23:18:02,425 : episode: 886 score: 360.4 100 games avg: 360.4 steps 128 
INFO : 2021-01-20 23:19:01,095 : episode: 887 score: 369.3 100 games avg: 369.3 steps 131 
INFO : 2021-01-20 23:19:56,808 : episode: 888 score: 378.9 100 games avg: 378.9 steps 133 
INFO : 2021-01-20 23:20:43,964 : episode: 889 score: 374.3 100 games avg: 374.3 steps 131 
INFO : 2021-01-20 23:21:41,669 : episode: 890 score: 367.0 100 games avg: 367.0 steps 129 
INFO : 2021-01-20 23:22:40,171 : episode: 891 score: 372.9 100 games avg: 372.9 steps 130 
INFO : 2021-01-20 23:23:37,507 : episode: 892 score: 368.4 100 games avg: 368.4 steps 130 
INFO : 2021-01-20 23:24:22,998 : episode: 893 score: 371.2 100 games avg: 371.2 steps 130 
INFO : 2021-01-20 23:25:08,928 : episode: 894 score: 374.3 100 games avg: 374.3 steps 132 
INFO : 2021-01-20 23:26:03,641 : episode: 895 score: 327.4 100 games avg: 327.4 steps 121 
INFO : 2021-01-20 23:27:02,119 : episode: 896 score: 361.7 100 games avg: 361.7 steps 128 
INFO : 2021-01-20 23:28:00,787 : episode: 897 score: 368.2 100 games avg: 368.2 steps 129 
INFO : 2021-01-20 23:28:59,520 : episode: 898 score: 366.0 100 games avg: 366.0 steps 129 
INFO : 2021-01-20 23:29:58,792 : episode: 899 score: 374.7 100 games avg: 374.7 steps 130 
INFO : 2021-01-20 23:30:57,353 : episode: 900 score: 362.7 100 games avg: 362.7 steps 128 
INFO : 2021-01-20 23:31:56,521 : episode: 901 score: 366.9 100 games avg: 366.9 steps 130 
INFO : 2021-01-20 23:32:55,745 : episode: 902 score: 367.9 100 games avg: 367.9 steps 130 
INFO : 2021-01-20 23:33:55,066 : episode: 903 score: 368.7 100 games avg: 368.7 steps 131 
INFO : 2021-01-20 23:34:52,970 : episode: 904 score: 355.0 100 games avg: 355.0 steps 124 
INFO : 2021-01-20 23:35:50,924 : episode: 905 score: 349.6 100 games avg: 349.6 steps 124 
INFO : 2021-01-20 23:36:43,325 : episode: 906 score: 347.7 100 games avg: 347.7 steps 126 
INFO : 2021-01-20 23:37:42,183 : episode: 907 score: 354.7 100 games avg: 354.7 steps 127 
INFO : 2021-01-20 23:38:46,575 : episode: 908 score: 361.2 100 games avg: 361.2 steps 127 
INFO : 2021-01-20 23:39:45,439 : episode: 909 score: 356.7 100 games avg: 356.7 steps 127 
INFO : 2021-01-20 23:40:44,972 : episode: 910 score: 372.4 100 games avg: 372.4 steps 130 
INFO : 2021-01-20 23:41:44,384 : episode: 911 score: 369.7 100 games avg: 369.7 steps 129 
INFO : 2021-01-20 23:42:42,958 : episode: 912 score: 348.3 100 games avg: 348.3 steps 125 
INFO : 2021-01-20 23:43:42,943 : episode: 913 score: 374.0 100 games avg: 374.0 steps 130 
INFO : 2021-01-20 23:44:42,944 : episode: 914 score: 373.7 100 games avg: 373.7 steps 132 
INFO : 2021-01-20 23:45:42,973 : episode: 915 score: 373.7 100 games avg: 373.7 steps 130 
INFO : 2021-01-20 23:46:44,093 : episode: 916 score: 379.5 100 games avg: 379.5 steps 132 
INFO : 2021-01-20 23:47:44,774 : episode: 917 score: 364.8 100 games avg: 364.8 steps 128 
INFO : 2021-01-20 23:48:43,400 : episode: 918 score: 367.7 100 games avg: 367.7 steps 129 
INFO : 2021-01-20 23:49:43,693 : episode: 919 score: 367.5 100 games avg: 367.5 steps 130 
INFO : 2021-01-20 23:50:43,270 : episode: 920 score: 369.9 100 games avg: 369.9 steps 128 
INFO : 2021-01-20 23:51:42,466 : episode: 921 score: 348.7 100 games avg: 348.7 steps 125 
INFO : 2021-01-20 23:52:41,115 : episode: 922 score: 337.2 100 games avg: 337.2 steps 122 
INFO : 2021-01-20 23:53:41,033 : episode: 923 score: 369.9 100 games avg: 369.9 steps 129 
INFO : 2021-01-20 23:54:41,069 : episode: 924 score: 365.9 100 games avg: 365.9 steps 129 
INFO : 2021-01-20 23:55:41,378 : episode: 925 score: 376.8 100 games avg: 376.8 steps 130 
INFO : 2021-01-20 23:56:40,297 : episode: 926 score: 350.2 100 games avg: 350.2 steps 126 
INFO : 2021-01-20 23:57:40,793 : episode: 927 score: 367.2 100 games avg: 367.2 steps 129 
INFO : 2021-01-20 23:58:40,382 : episode: 928 score: 357.5 100 games avg: 357.5 steps 126 
INFO : 2021-01-20 23:59:39,614 : episode: 929 score: 331.3 100 games avg: 331.3 steps 122 
INFO : 2021-01-21 00:00:40,301 : episode: 930 score: 361.4 100 games avg: 361.4 steps 127 
INFO : 2021-01-21 00:01:40,524 : episode: 931 score: 358.4 100 games avg: 358.4 steps 128 
INFO : 2021-01-21 00:02:41,639 : episode: 932 score: 372.3 100 games avg: 372.3 steps 131 
INFO : 2021-01-21 00:03:41,206 : episode: 933 score: 361.7 100 games avg: 361.7 steps 130 
INFO : 2021-01-21 00:04:40,617 : episode: 934 score: 369.4 100 games avg: 369.4 steps 130 
INFO : 2021-01-21 00:05:40,609 : episode: 935 score: 344.5 100 games avg: 344.5 steps 126 
INFO : 2021-01-21 00:06:41,405 : episode: 936 score: 366.6 100 games avg: 366.6 steps 129 
INFO : 2021-01-21 00:07:40,917 : episode: 937 score: 327.5 100 games avg: 327.5 steps 122 
INFO : 2021-01-21 00:08:40,027 : episode: 938 score: 325.7 100 games avg: 325.7 steps 120 
INFO : 2021-01-21 00:09:40,557 : episode: 939 score: 377.3 100 games avg: 377.3 steps 131 
INFO : 2021-01-21 00:10:39,736 : episode: 940 score: 322.0 100 games avg: 322.0 steps 120 
INFO : 2021-01-21 00:11:39,564 : episode: 941 score: 337.5 100 games avg: 337.5 steps 123 
INFO : 2021-01-21 00:12:36,828 : episode: 942 score: 340.7 100 games avg: 340.7 steps 123 
INFO : 2021-01-21 00:13:38,487 : episode: 943 score: 384.8 100 games avg: 384.8 steps 133 
INFO : 2021-01-21 00:14:38,751 : episode: 944 score: 362.5 100 games avg: 362.5 steps 126 
INFO : 2021-01-21 00:15:38,074 : episode: 945 score: 360.7 100 games avg: 360.7 steps 127 
INFO : 2021-01-21 00:16:39,410 : episode: 946 score: 367.5 100 games avg: 367.5 steps 130 
INFO : 2021-01-21 00:17:39,743 : episode: 947 score: 352.2 100 games avg: 352.2 steps 126 
INFO : 2021-01-21 00:18:38,394 : episode: 948 score: 362.0 100 games avg: 362.0 steps 128 
INFO : 2021-01-21 00:19:41,595 : episode: 949 score: 365.0 100 games avg: 365.0 steps 129 
INFO : 2021-01-21 00:20:42,620 : episode: 950 score: 370.1 100 games avg: 370.1 steps 128 
INFO : 2021-01-21 00:21:44,041 : episode: 951 score: 377.3 100 games avg: 377.3 steps 130 
INFO : 2021-01-21 00:22:43,875 : episode: 952 score: 334.0 100 games avg: 334.0 steps 121 
INFO : 2021-01-21 00:23:36,680 : episode: 953 score: 329.9 100 games avg: 329.9 steps 121 
INFO : 2021-01-21 00:24:38,422 : episode: 954 score: 373.1 100 games avg: 373.1 steps 131 
INFO : 2021-01-21 00:25:40,179 : episode: 955 score: 376.1 100 games avg: 376.1 steps 131 
INFO : 2021-01-21 00:26:41,659 : episode: 956 score: 369.4 100 games avg: 369.4 steps 130 
INFO : 2021-01-21 00:27:44,723 : episode: 957 score: 385.6 100 games avg: 385.6 steps 134 
INFO : 2021-01-21 00:28:37,816 : episode: 958 score: 333.7 100 games avg: 333.7 steps 122 
INFO : 2021-01-21 00:29:37,044 : episode: 959 score: 375.3 100 games avg: 375.3 steps 131 
INFO : 2021-01-21 00:30:37,633 : episode: 960 score: 373.7 100 games avg: 373.7 steps 130 
INFO : 2021-01-21 00:31:38,988 : episode: 961 score: 365.3 100 games avg: 365.3 steps 127 
INFO : 2021-01-21 00:32:38,634 : episode: 962 score: 368.5 100 games avg: 368.5 steps 129 
INFO : 2021-01-21 00:33:35,337 : episode: 963 score: 366.9 100 games avg: 366.9 steps 129 
INFO : 2021-01-21 00:34:37,126 : episode: 964 score: 372.6 100 games avg: 372.6 steps 130 
INFO : 2021-01-21 00:35:39,562 : episode: 965 score: 362.4 100 games avg: 362.4 steps 128 
INFO : 2021-01-21 00:36:39,842 : episode: 966 score: 311.8 100 games avg: 311.8 steps 117 
INFO : 2021-01-21 00:37:44,677 : episode: 967 score: 358.0 100 games avg: 358.0 steps 127 
INFO : 2021-01-21 00:38:46,951 : episode: 968 score: 374.6 100 games avg: 374.6 steps 130 
INFO : 2021-01-21 00:39:48,860 : episode: 969 score: 363.1 100 games avg: 363.1 steps 128 
INFO : 2021-01-21 00:40:50,833 : episode: 970 score: 369.5 100 games avg: 369.5 steps 129 
INFO : 2021-01-21 00:41:52,825 : episode: 971 score: 375.0 100 games avg: 375.0 steps 130 
INFO : 2021-01-21 00:42:52,809 : episode: 972 score: 367.6 100 games avg: 367.6 steps 128 
INFO : 2021-01-21 00:43:55,331 : episode: 973 score: 382.2 100 games avg: 382.2 steps 132 
INFO : 2021-01-21 00:44:58,496 : episode: 974 score: 385.4 100 games avg: 385.4 steps 134 
INFO : 2021-01-21 00:46:01,071 : episode: 975 score: 373.6 100 games avg: 373.6 steps 130 
INFO : 2021-01-21 00:47:03,931 : episode: 976 score: 373.4 100 games avg: 373.4 steps 131 
INFO : 2021-01-21 00:48:06,517 : episode: 977 score: 350.5 100 games avg: 350.5 steps 125 
INFO : 2021-01-21 00:49:06,729 : episode: 978 score: 370.3 100 games avg: 370.3 steps 131 
INFO : 2021-01-21 00:50:08,825 : episode: 979 score: 363.0 100 games avg: 363.0 steps 128 
INFO : 2021-01-21 00:51:11,559 : episode: 980 score: 375.4 100 games avg: 375.4 steps 130 
INFO : 2021-01-21 00:52:14,341 : episode: 981 score: 376.3 100 games avg: 376.3 steps 131 
INFO : 2021-01-21 00:53:17,168 : episode: 982 score: 366.0 100 games avg: 366.0 steps 129 
INFO : 2021-01-21 00:54:20,566 : episode: 983 score: 371.8 100 games avg: 371.8 steps 130 
INFO : 2021-01-21 00:55:23,168 : episode: 984 score: 367.1 100 games avg: 367.1 steps 128 
INFO : 2021-01-21 00:56:27,151 : episode: 985 score: 375.7 100 games avg: 375.7 steps 131 
INFO : 2021-01-21 00:57:29,309 : episode: 986 score: 357.4 100 games avg: 357.4 steps 125 
INFO : 2021-01-21 00:58:32,477 : episode: 987 score: 374.4 100 games avg: 374.4 steps 130 
INFO : 2021-01-21 00:59:36,008 : episode: 988 score: 376.2 100 games avg: 376.2 steps 131 
INFO : 2021-01-21 01:00:38,999 : episode: 989 score: 352.1 100 games avg: 352.1 steps 128 
INFO : 2021-01-21 01:01:41,388 : episode: 990 score: 366.3 100 games avg: 366.3 steps 127 
INFO : 2021-01-21 01:02:41,929 : episode: 991 score: 383.8 100 games avg: 383.8 steps 132 
INFO : 2021-01-21 01:03:44,930 : episode: 992 score: 370.2 100 games avg: 370.2 steps 128 
INFO : 2021-01-21 01:04:47,866 : episode: 993 score: 365.3 100 games avg: 365.3 steps 127 
INFO : 2021-01-21 01:05:50,846 : episode: 994 score: 365.9 100 games avg: 365.9 steps 127 
INFO : 2021-01-21 01:06:53,766 : episode: 995 score: 373.5 100 games avg: 373.5 steps 130 
INFO : 2021-01-21 01:07:57,385 : episode: 996 score: 371.6 100 games avg: 371.6 steps 129 
INFO : 2021-01-21 01:09:00,600 : episode: 997 score: 362.7 100 games avg: 362.7 steps 127 
INFO : 2021-01-21 01:10:03,743 : episode: 998 score: 366.4 100 games avg: 366.4 steps 128 
INFO : 2021-01-21 01:11:06,822 : episode: 999 score: 369.3 100 games avg: 369.3 steps 128 
