INFO : 2021-01-28 01:09:05,148 : method: Model Predictive Contorol
INFO : 2021-01-28 01:09:05,149 : parameter n_steps: 100 ensemble_size: 5 env: HalfCheetah-v2
INFO : 2021-01-28 01:09:07,556 : mpc horizon: 10 mpc_samples: 100 elite_sample: 30 grad_steps: 10
INFO : 2021-01-28 01:09:07,556 : mpc_function policy-gamma
INFO : 2021-01-28 01:09:07,556 : policy-gamma
INFO : 2021-01-28 01:09:07,725 : state_square_error: 0.954 reward_error: 2.944
INFO : 2021-01-28 01:09:23,614 : state_square_error: 2.000 reward_error: 1.919
INFO : 2021-01-28 01:09:39,496 : state_square_error: 2.683 reward_error: 3.006
INFO : 2021-01-28 01:09:56,392 : state_square_error: 28.533 reward_error: -0.680
INFO : 2021-01-28 01:10:14,484 : state_square_error: 122.840 reward_error: 11.959
INFO : 2021-01-28 01:10:32,555 : state_square_error: 76.939 reward_error: 12.186
INFO : 2021-01-28 01:10:50,634 : state_square_error: 91.863 reward_error: 5.821
INFO : 2021-01-28 01:11:08,690 : state_square_error: 156.172 reward_error: -4.347
INFO : 2021-01-28 01:11:26,866 : state_square_error: 76.838 reward_error: -3.120
INFO : 2021-01-28 01:11:44,921 : state_square_error: 88.658 reward_error: 4.033
INFO : 2021-01-28 01:12:02,836 : episode: 0 score: -152.5 100 games avg: -152.5 steps 1000 
INFO : 2021-01-28 01:12:03,253 : state_square_error: 18.962 reward_error: 18.231
INFO : 2021-01-28 01:12:21,368 : state_square_error: 32.178 reward_error: 20.034
INFO : 2021-01-28 01:12:39,417 : state_square_error: 32.391 reward_error: 35.571
INFO : 2021-01-28 01:12:57,519 : state_square_error: 9.083 reward_error: 25.796
INFO : 2021-01-28 01:13:15,619 : state_square_error: 21.096 reward_error: 28.652
INFO : 2021-01-28 01:13:33,665 : state_square_error: 4.946 reward_error: 23.889
INFO : 2021-01-28 01:13:51,739 : state_square_error: 14.287 reward_error: 34.057
INFO : 2021-01-28 01:14:09,758 : state_square_error: 17.575 reward_error: 36.199
INFO : 2021-01-28 01:14:27,763 : state_square_error: 13.117 reward_error: 36.300
INFO : 2021-01-28 01:14:45,859 : state_square_error: 20.633 reward_error: 9.563
INFO : 2021-01-28 01:15:03,789 : episode: 1 score: -125.0 100 games avg: -125.0 steps 1000 
INFO : 2021-01-28 01:15:04,539 : state_square_error: 7.398 reward_error: 39.853
INFO : 2021-01-28 01:15:22,604 : state_square_error: 16.906 reward_error: 35.015
INFO : 2021-01-28 01:15:40,461 : state_square_error: 58.078 reward_error: 35.494
INFO : 2021-01-28 01:15:58,389 : state_square_error: 38.385 reward_error: 46.550
INFO : 2021-01-28 01:16:16,353 : state_square_error: 78.343 reward_error: 36.092
INFO : 2021-01-28 01:16:34,241 : state_square_error: 15.390 reward_error: 54.152
INFO : 2021-01-28 01:16:52,227 : state_square_error: 50.877 reward_error: 54.800
INFO : 2021-01-28 01:17:10,219 : state_square_error: 71.206 reward_error: 67.704
INFO : 2021-01-28 01:17:28,242 : state_square_error: 24.846 reward_error: 28.981
INFO : 2021-01-28 01:17:46,273 : state_square_error: 13.084 reward_error: 38.277
INFO : 2021-01-28 01:18:04,220 : episode: 2 score: -175.8 100 games avg: -175.8 steps 1000 
INFO : 2021-01-28 01:18:05,282 : state_square_error: 66.347 reward_error: 71.494
INFO : 2021-01-28 01:18:23,459 : state_square_error: 51.404 reward_error: 84.891
INFO : 2021-01-28 01:18:41,531 : state_square_error: 185.938 reward_error: 96.668
INFO : 2021-01-28 01:18:59,574 : state_square_error: 82.157 reward_error: 73.638
INFO : 2021-01-28 01:19:17,725 : state_square_error: 490.318 reward_error: 108.541
INFO : 2021-01-28 01:19:35,750 : state_square_error: 104.829 reward_error: 81.123
INFO : 2021-01-28 01:19:53,854 : state_square_error: 204.672 reward_error: 79.810
INFO : 2021-01-28 01:20:11,973 : state_square_error: 82.455 reward_error: 75.213
INFO : 2021-01-28 01:20:30,090 : state_square_error: 283.009 reward_error: 70.005
INFO : 2021-01-28 01:20:48,155 : state_square_error: 254.773 reward_error: 106.060
INFO : 2021-01-28 01:21:06,021 : episode: 3 score: -124.3 100 games avg: -124.3 steps 1000 
INFO : 2021-01-28 01:21:07,412 : state_square_error: 40.602 reward_error: 38.813
INFO : 2021-01-28 01:21:25,638 : state_square_error: 47.483 reward_error: 50.184
INFO : 2021-01-28 01:21:43,722 : state_square_error: 546.730 reward_error: 46.205
INFO : 2021-01-28 01:22:01,744 : state_square_error: 545.252 reward_error: 68.845
INFO : 2021-01-28 01:22:19,765 : state_square_error: 5.008 reward_error: 46.543
INFO : 2021-01-28 01:22:37,823 : state_square_error: 532.454 reward_error: 46.202
INFO : 2021-01-28 01:22:55,881 : state_square_error: 2323.297 reward_error: 71.545
INFO : 2021-01-28 01:23:13,946 : state_square_error: 3076.395 reward_error: 52.893
INFO : 2021-01-28 01:23:32,084 : state_square_error: 163.893 reward_error: 58.617
INFO : 2021-01-28 01:23:50,248 : state_square_error: 468.127 reward_error: 62.201
INFO : 2021-01-28 01:24:08,174 : episode: 4 score: -162.1 100 games avg: -162.1 steps 1000 
INFO : 2021-01-28 01:24:09,851 : state_square_error: 8.026 reward_error: 44.774
INFO : 2021-01-28 01:24:28,011 : state_square_error: 10.416 reward_error: 39.706
INFO : 2021-01-28 01:24:46,136 : state_square_error: 7.173 reward_error: 44.475
INFO : 2021-01-28 01:25:04,241 : state_square_error: 12.174 reward_error: 50.492
INFO : 2021-01-28 01:25:22,324 : state_square_error: 11.421 reward_error: 58.606
INFO : 2021-01-28 01:25:40,393 : state_square_error: 40.592 reward_error: 48.905
INFO : 2021-01-28 01:25:58,484 : state_square_error: 26.088 reward_error: 59.611
INFO : 2021-01-28 01:26:16,564 : state_square_error: 23.451 reward_error: 65.148
INFO : 2021-01-28 01:26:34,641 : state_square_error: 11.497 reward_error: 37.304
INFO : 2021-01-28 01:26:52,730 : state_square_error: 39.574 reward_error: 40.420
INFO : 2021-01-28 01:27:10,651 : episode: 5 score: -1.5 100 games avg: -1.5 steps 1000 
INFO : 2021-01-28 01:27:12,672 : state_square_error: 6.948 reward_error: 42.788
INFO : 2021-01-28 01:27:30,797 : state_square_error: 15.973 reward_error: 32.796
INFO : 2021-01-28 01:27:48,857 : state_square_error: 6.774 reward_error: 17.521
INFO : 2021-01-28 01:28:06,931 : state_square_error: 6.271 reward_error: 26.064
INFO : 2021-01-28 01:28:24,976 : state_square_error: 6.820 reward_error: 23.116
INFO : 2021-01-28 01:28:43,060 : state_square_error: 9.948 reward_error: 19.797
INFO : 2021-01-28 01:29:01,109 : state_square_error: 37.173 reward_error: 21.364
INFO : 2021-01-28 01:29:19,171 : state_square_error: 3.161 reward_error: 15.741
INFO : 2021-01-28 01:29:37,181 : state_square_error: 9.390 reward_error: 14.883
INFO : 2021-01-28 01:29:55,318 : state_square_error: 13.172 reward_error: 23.938
INFO : 2021-01-28 01:30:13,232 : episode: 6 score: -214.0 100 games avg: -214.0 steps 1000 
INFO : 2021-01-28 01:30:15,538 : state_square_error: 3.347 reward_error: 29.722
INFO : 2021-01-28 01:30:33,739 : state_square_error: 12.324 reward_error: 36.178
INFO : 2021-01-28 01:30:51,839 : state_square_error: 12.021 reward_error: 28.565
INFO : 2021-01-28 01:31:10,015 : state_square_error: 11.540 reward_error: 31.178
INFO : 2021-01-28 01:31:28,089 : state_square_error: 35.386 reward_error: 24.256
INFO : 2021-01-28 01:31:46,109 : state_square_error: 11.197 reward_error: 48.365
INFO : 2021-01-28 01:32:04,223 : state_square_error: 17.051 reward_error: 11.887
INFO : 2021-01-28 01:32:22,348 : state_square_error: 3.822 reward_error: 15.232
INFO : 2021-01-28 01:32:40,477 : state_square_error: 4.480 reward_error: 9.320
INFO : 2021-01-28 01:32:58,561 : state_square_error: 11.978 reward_error: 12.781
INFO : 2021-01-28 01:33:16,548 : episode: 7 score: -90.4 100 games avg: -90.4 steps 1000 
INFO : 2021-01-28 01:33:19,201 : state_square_error: 1.304 reward_error: 35.947
INFO : 2021-01-28 01:33:37,328 : state_square_error: 4.862 reward_error: 5.408
INFO : 2021-01-28 01:33:55,397 : state_square_error: 9.079 reward_error: 5.687
INFO : 2021-01-28 01:34:13,413 : state_square_error: 2.615 reward_error: 2.692
INFO : 2021-01-28 01:34:31,569 : state_square_error: 5.406 reward_error: 7.118
INFO : 2021-01-28 01:34:49,706 : state_square_error: 4.489 reward_error: 12.901
INFO : 2021-01-28 01:35:07,801 : state_square_error: 6.386 reward_error: 6.135
INFO : 2021-01-28 01:35:25,864 : state_square_error: 2.125 reward_error: 10.175
INFO : 2021-01-28 01:35:43,890 : state_square_error: 6.995 reward_error: 7.004
INFO : 2021-01-28 01:36:01,949 : state_square_error: 2.243 reward_error: 11.525
INFO : 2021-01-28 01:36:19,975 : episode: 8 score: -113.8 100 games avg: -113.8 steps 1000 
INFO : 2021-01-28 01:36:22,951 : state_square_error: 1.345 reward_error: 40.644
INFO : 2021-01-28 01:36:41,042 : state_square_error: 2.693 reward_error: 21.954
INFO : 2021-01-28 01:36:59,151 : state_square_error: 4.983 reward_error: 22.211
INFO : 2021-01-28 01:37:17,290 : state_square_error: 4.929 reward_error: 34.481
INFO : 2021-01-28 01:37:35,398 : state_square_error: 2.348 reward_error: 48.614
INFO : 2021-01-28 01:37:53,443 : state_square_error: 4.146 reward_error: 29.514
INFO : 2021-01-28 01:38:11,539 : state_square_error: 5.586 reward_error: 28.339
INFO : 2021-01-28 01:38:29,626 : state_square_error: 3.639 reward_error: 25.037
INFO : 2021-01-28 01:38:47,658 : state_square_error: 2.149 reward_error: 45.927
INFO : 2021-01-28 01:39:05,804 : state_square_error: 7.059 reward_error: 37.419
INFO : 2021-01-28 01:39:23,707 : episode: 9 score: 95.6 100 games avg: 95.6 steps 1000 
INFO : 2021-01-28 01:39:26,978 : state_square_error: 3.289 reward_error: 50.847
INFO : 2021-01-28 01:39:45,074 : state_square_error: 1.458 reward_error: 31.629
INFO : 2021-01-28 01:40:03,136 : state_square_error: 2.434 reward_error: 35.774
INFO : 2021-01-28 01:40:21,300 : state_square_error: 5.994 reward_error: 30.277
INFO : 2021-01-28 01:40:39,396 : state_square_error: 4.711 reward_error: 23.384
INFO : 2021-01-28 01:40:57,448 : state_square_error: 2.983 reward_error: 33.515
INFO : 2021-01-28 01:41:15,485 : state_square_error: 2.084 reward_error: 37.051
INFO : 2021-01-28 01:41:33,495 : state_square_error: 4.533 reward_error: 28.421
INFO : 2021-01-28 01:41:51,542 : state_square_error: 0.665 reward_error: 29.165
INFO : 2021-01-28 01:42:09,584 : state_square_error: 2.978 reward_error: 30.303
INFO : 2021-01-28 01:42:27,509 : episode: 10 score: 144.4 100 games avg: 144.4 steps 1000 
INFO : 2021-01-28 01:42:31,002 : state_square_error: 3.493 reward_error: 47.833
INFO : 2021-01-28 01:42:49,146 : state_square_error: 5.116 reward_error: 38.516
INFO : 2021-01-28 01:43:07,244 : state_square_error: 2.689 reward_error: 32.431
INFO : 2021-01-28 01:43:25,310 : state_square_error: 2.220 reward_error: 46.793
INFO : 2021-01-28 01:43:43,435 : state_square_error: 1.609 reward_error: 31.546
INFO : 2021-01-28 01:44:01,450 : state_square_error: 4.024 reward_error: 40.881
INFO : 2021-01-28 01:44:19,442 : state_square_error: 4.969 reward_error: 39.304
INFO : 2021-01-28 01:44:37,434 : state_square_error: 1.299 reward_error: 38.276
INFO : 2021-01-28 01:44:55,651 : state_square_error: 3.537 reward_error: 29.983
INFO : 2021-01-28 01:45:13,770 : state_square_error: 4.045 reward_error: 50.489
INFO : 2021-01-28 01:45:31,778 : episode: 11 score: 253.7 100 games avg: 253.7 steps 1000 
INFO : 2021-01-28 01:45:35,628 : state_square_error: 1.872 reward_error: 48.341
INFO : 2021-01-28 01:45:53,731 : state_square_error: 0.464 reward_error: 35.005
INFO : 2021-01-28 01:46:11,777 : state_square_error: 3.490 reward_error: 43.541
INFO : 2021-01-28 01:46:29,851 : state_square_error: 6.091 reward_error: 41.710
INFO : 2021-01-28 01:46:47,861 : state_square_error: 5.257 reward_error: 34.124
INFO : 2021-01-28 01:47:05,920 : state_square_error: 4.020 reward_error: 40.442
INFO : 2021-01-28 01:47:23,982 : state_square_error: 3.740 reward_error: 34.362
INFO : 2021-01-28 01:47:42,067 : state_square_error: 2.072 reward_error: 22.587
INFO : 2021-01-28 01:48:00,127 : state_square_error: 1.093 reward_error: 44.637
INFO : 2021-01-28 01:48:18,229 : state_square_error: 2.788 reward_error: 50.865
INFO : 2021-01-28 01:48:36,163 : episode: 12 score: 321.4 100 games avg: 321.4 steps 1000 
INFO : 2021-01-28 01:48:40,323 : state_square_error: 1.313 reward_error: 33.876
INFO : 2021-01-28 01:48:58,511 : state_square_error: 1.791 reward_error: 29.994
INFO : 2021-01-28 01:49:16,546 : state_square_error: 0.961 reward_error: 24.822
INFO : 2021-01-28 01:49:34,629 : state_square_error: 3.285 reward_error: 39.702
INFO : 2021-01-28 01:49:52,696 : state_square_error: 2.440 reward_error: 28.232
INFO : 2021-01-28 01:50:10,781 : state_square_error: 6.914 reward_error: 38.484
INFO : 2021-01-28 01:50:28,869 : state_square_error: 8.062 reward_error: 27.433
INFO : 2021-01-28 01:50:46,936 : state_square_error: 1.010 reward_error: 22.841
INFO : 2021-01-28 01:51:05,013 : state_square_error: 3.243 reward_error: 37.548
INFO : 2021-01-28 01:51:23,119 : state_square_error: 1.041 reward_error: 35.957
INFO : 2021-01-28 01:51:41,028 : episode: 13 score: 415.9 100 games avg: 415.9 steps 1000 
INFO : 2021-01-28 01:51:45,478 : state_square_error: 1.931 reward_error: 42.624
INFO : 2021-01-28 01:52:03,636 : state_square_error: 3.841 reward_error: 31.419
INFO : 2021-01-28 01:52:21,690 : state_square_error: 4.010 reward_error: 53.545
INFO : 2021-01-28 01:52:39,650 : state_square_error: 3.458 reward_error: 42.943
INFO : 2021-01-28 01:52:57,650 : state_square_error: 3.752 reward_error: 45.547
INFO : 2021-01-28 01:53:15,658 : state_square_error: 2.859 reward_error: 31.952
INFO : 2021-01-28 01:53:33,658 : state_square_error: 4.059 reward_error: 48.962
INFO : 2021-01-28 01:53:51,813 : state_square_error: 8.056 reward_error: 31.458
INFO : 2021-01-28 01:54:09,941 : state_square_error: 6.399 reward_error: 44.425
INFO : 2021-01-28 01:54:28,043 : state_square_error: 2.594 reward_error: 53.315
INFO : 2021-01-28 01:54:45,915 : episode: 14 score: 570.1 100 games avg: 570.1 steps 1000 
INFO : 2021-01-28 01:54:50,723 : state_square_error: 1.162 reward_error: 50.883
INFO : 2021-01-28 01:55:08,966 : state_square_error: 5.851 reward_error: 49.244
INFO : 2021-01-28 01:55:27,102 : state_square_error: 4.360 reward_error: 67.508
INFO : 2021-01-28 01:55:45,208 : state_square_error: 2.438 reward_error: 51.227
INFO : 2021-01-28 01:56:03,310 : state_square_error: 2.199 reward_error: 51.290
INFO : 2021-01-28 01:56:21,457 : state_square_error: 1.013 reward_error: 45.310
INFO : 2021-01-28 01:56:39,586 : state_square_error: 1.191 reward_error: 44.281
INFO : 2021-01-28 01:56:57,648 : state_square_error: 4.650 reward_error: 58.751
INFO : 2021-01-28 01:57:15,771 : state_square_error: 4.237 reward_error: 57.698
INFO : 2021-01-28 01:57:33,905 : state_square_error: 2.023 reward_error: 39.915
INFO : 2021-01-28 01:57:51,839 : episode: 15 score: 791.9 100 games avg: 791.9 steps 1000 
INFO : 2021-01-28 01:57:56,949 : state_square_error: 3.261 reward_error: 55.459
INFO : 2021-01-28 01:58:15,172 : state_square_error: 1.761 reward_error: 52.135
INFO : 2021-01-28 01:58:33,249 : state_square_error: 2.412 reward_error: 60.895
INFO : 2021-01-28 01:58:51,316 : state_square_error: 5.741 reward_error: 59.944
INFO : 2021-01-28 01:59:09,476 : state_square_error: 3.451 reward_error: 78.244
INFO : 2021-01-28 01:59:27,520 : state_square_error: 0.871 reward_error: 44.211
INFO : 2021-01-28 01:59:45,575 : state_square_error: 2.969 reward_error: 50.792
INFO : 2021-01-28 02:00:03,677 : state_square_error: 4.073 reward_error: 74.247
INFO : 2021-01-28 02:00:21,809 : state_square_error: 2.817 reward_error: 73.173
INFO : 2021-01-28 02:00:39,854 : state_square_error: 3.372 reward_error: 52.478
INFO : 2021-01-28 02:00:57,709 : episode: 16 score: 815.8 100 games avg: 815.8 steps 1000 
INFO : 2021-01-28 02:01:03,090 : state_square_error: 2.351 reward_error: 52.884
INFO : 2021-01-28 02:01:21,180 : state_square_error: 6.995 reward_error: 78.912
INFO : 2021-01-28 02:01:39,245 : state_square_error: 1.406 reward_error: 61.752
INFO : 2021-01-28 02:01:57,322 : state_square_error: 1.276 reward_error: 55.288
INFO : 2021-01-28 02:02:15,426 : state_square_error: 2.147 reward_error: 57.398
INFO : 2021-01-28 02:02:33,493 : state_square_error: 2.591 reward_error: 55.897
INFO : 2021-01-28 02:02:51,584 : state_square_error: 3.252 reward_error: 56.714
INFO : 2021-01-28 02:03:09,677 : state_square_error: 5.996 reward_error: 64.046
INFO : 2021-01-28 02:03:27,850 : state_square_error: 2.635 reward_error: 39.902
INFO : 2021-01-28 02:03:45,998 : state_square_error: 12.209 reward_error: 61.404
INFO : 2021-01-28 02:04:03,982 : episode: 17 score: 697.4 100 games avg: 697.4 steps 1000 
INFO : 2021-01-28 02:04:09,691 : state_square_error: 2.532 reward_error: 50.512
INFO : 2021-01-28 02:04:27,835 : state_square_error: 4.596 reward_error: 55.615
INFO : 2021-01-28 02:04:45,863 : state_square_error: 8.867 reward_error: 84.764
INFO : 2021-01-28 02:05:03,994 : state_square_error: 4.760 reward_error: 78.812
INFO : 2021-01-28 02:05:22,055 : state_square_error: 3.358 reward_error: 66.257
INFO : 2021-01-28 02:05:40,182 : state_square_error: 7.740 reward_error: 84.719
INFO : 2021-01-28 02:05:58,356 : state_square_error: 1.856 reward_error: 48.424
INFO : 2021-01-28 02:06:16,481 : state_square_error: 3.018 reward_error: 48.451
INFO : 2021-01-28 02:06:34,610 : state_square_error: 6.949 reward_error: 72.160
INFO : 2021-01-28 02:06:52,726 : state_square_error: 3.993 reward_error: 62.885
INFO : 2021-01-28 02:07:10,671 : episode: 18 score: 961.3 100 games avg: 961.3 steps 1000 
INFO : 2021-01-28 02:07:16,770 : state_square_error: 3.655 reward_error: 55.934
INFO : 2021-01-28 02:07:34,972 : state_square_error: 10.887 reward_error: 72.786
INFO : 2021-01-28 02:07:53,108 : state_square_error: 5.915 reward_error: 44.596
INFO : 2021-01-28 02:08:11,244 : state_square_error: 1.474 reward_error: 78.651
INFO : 2021-01-28 02:08:29,374 : state_square_error: 4.917 reward_error: 54.920
INFO : 2021-01-28 02:08:47,576 : state_square_error: 21.538 reward_error: 56.737
INFO : 2021-01-28 02:09:05,672 : state_square_error: 3.961 reward_error: 69.140
INFO : 2021-01-28 02:09:23,775 : state_square_error: 11.934 reward_error: 72.552
INFO : 2021-01-28 02:09:41,832 : state_square_error: 3.568 reward_error: 61.049
INFO : 2021-01-28 02:09:59,826 : state_square_error: 4.244 reward_error: 59.127
INFO : 2021-01-28 02:10:17,681 : episode: 19 score: 1031.3 100 games avg: 1031.3 steps 1000 
INFO : 2021-01-28 02:10:24,056 : state_square_error: 5.195 reward_error: 57.072
INFO : 2021-01-28 02:10:42,165 : state_square_error: 2.557 reward_error: 65.790
INFO : 2021-01-28 02:11:00,161 : state_square_error: 1.977 reward_error: 57.362
INFO : 2021-01-28 02:11:18,202 : state_square_error: 3.670 reward_error: 59.097
INFO : 2021-01-28 02:11:36,344 : state_square_error: 3.187 reward_error: 65.847
INFO : 2021-01-28 02:11:54,490 : state_square_error: 1.901 reward_error: 54.432
INFO : 2021-01-28 02:12:12,621 : state_square_error: 7.062 reward_error: 62.560
INFO : 2021-01-28 02:12:30,720 : state_square_error: 1.018 reward_error: 70.331
INFO : 2021-01-28 02:12:48,776 : state_square_error: 3.426 reward_error: 78.033
INFO : 2021-01-28 02:13:06,895 : state_square_error: 1.627 reward_error: 66.734
INFO : 2021-01-28 02:13:24,840 : episode: 20 score: 1058.3 100 games avg: 1058.3 steps 1000 
INFO : 2021-01-28 02:13:31,568 : state_square_error: 5.053 reward_error: 55.016
INFO : 2021-01-28 02:13:49,673 : state_square_error: 6.931 reward_error: 69.580
INFO : 2021-01-28 02:14:07,727 : state_square_error: 1.917 reward_error: 92.314
INFO : 2021-01-28 02:14:25,860 : state_square_error: 4.573 reward_error: 86.950
INFO : 2021-01-28 02:14:43,931 : state_square_error: 1.861 reward_error: 70.831
INFO : 2021-01-28 02:15:02,061 : state_square_error: 4.715 reward_error: 70.929
INFO : 2021-01-28 02:15:20,159 : state_square_error: 9.470 reward_error: 77.119
INFO : 2021-01-28 02:15:38,240 : state_square_error: 4.915 reward_error: 70.952
INFO : 2021-01-28 02:15:56,342 : state_square_error: 4.838 reward_error: 84.440
INFO : 2021-01-28 02:16:14,430 : state_square_error: 1.799 reward_error: 74.322
INFO : 2021-01-28 02:16:32,309 : episode: 21 score: 1243.4 100 games avg: 1243.4 steps 1000 
INFO : 2021-01-28 02:16:39,286 : state_square_error: 0.789 reward_error: 69.751
INFO : 2021-01-28 02:16:57,417 : state_square_error: 17.877 reward_error: 79.102
INFO : 2021-01-28 02:17:15,524 : state_square_error: 7.673 reward_error: 68.473
INFO : 2021-01-28 02:17:33,604 : state_square_error: 1.763 reward_error: 20.744
INFO : 2021-01-28 02:17:51,713 : state_square_error: 1.771 reward_error: 17.750
INFO : 2021-01-28 02:18:09,763 : state_square_error: 3.134 reward_error: 20.580
INFO : 2021-01-28 02:18:27,809 : state_square_error: 2.363 reward_error: 16.013
INFO : 2021-01-28 02:18:45,897 : state_square_error: 4.605 reward_error: 23.632
INFO : 2021-01-28 02:19:03,944 : state_square_error: 1.418 reward_error: 19.927
INFO : 2021-01-28 02:19:22,016 : state_square_error: 2.385 reward_error: 27.600
INFO : 2021-01-28 02:19:39,886 : episode: 22 score: -36.3 100 games avg: -36.3 steps 1000 
INFO : 2021-01-28 02:19:47,194 : state_square_error: 4.446 reward_error: 70.394
INFO : 2021-01-28 02:20:05,430 : state_square_error: 2.508 reward_error: 87.269
INFO : 2021-01-28 02:20:23,509 : state_square_error: 2.147 reward_error: 78.833
INFO : 2021-01-28 02:20:41,513 : state_square_error: 4.955 reward_error: 98.797
INFO : 2021-01-28 02:20:59,538 : state_square_error: 0.452 reward_error: 82.354
INFO : 2021-01-28 02:21:17,610 : state_square_error: 5.845 reward_error: 100.170
INFO : 2021-01-28 02:21:35,742 : state_square_error: 0.679 reward_error: 97.616
INFO : 2021-01-28 02:21:53,849 : state_square_error: 2.067 reward_error: 101.812
INFO : 2021-01-28 02:22:11,925 : state_square_error: 2.742 reward_error: 84.730
INFO : 2021-01-28 02:22:30,033 : state_square_error: 3.059 reward_error: 97.694
INFO : 2021-01-28 02:22:48,010 : episode: 23 score: 1196.4 100 games avg: 1196.4 steps 1000 
INFO : 2021-01-28 02:22:55,582 : state_square_error: 1.777 reward_error: 72.903
INFO : 2021-01-28 02:23:13,866 : state_square_error: 3.011 reward_error: 76.891
INFO : 2021-01-28 02:23:31,982 : state_square_error: 3.465 reward_error: 89.412
INFO : 2021-01-28 02:23:50,045 : state_square_error: 1.129 reward_error: 83.157
INFO : 2021-01-28 02:24:08,171 : state_square_error: 3.877 reward_error: 95.284
INFO : 2021-01-28 02:24:26,268 : state_square_error: 2.752 reward_error: 24.618
INFO : 2021-01-28 02:24:44,339 : state_square_error: 4.208 reward_error: 31.888
INFO : 2021-01-28 02:25:02,338 : state_square_error: 3.481 reward_error: 42.963
INFO : 2021-01-28 02:25:20,346 : state_square_error: 4.691 reward_error: 31.467
INFO : 2021-01-28 02:25:38,365 : state_square_error: 3.597 reward_error: 24.813
INFO : 2021-01-28 02:25:56,203 : episode: 24 score: 435.6 100 games avg: 435.6 steps 1000 
INFO : 2021-01-28 02:26:04,077 : state_square_error: 2.757 reward_error: 69.184
INFO : 2021-01-28 02:26:22,248 : state_square_error: 5.534 reward_error: 86.884
INFO : 2021-01-28 02:26:40,253 : state_square_error: 11.602 reward_error: 103.113
INFO : 2021-01-28 02:26:58,324 : state_square_error: 9.183 reward_error: 26.206
INFO : 2021-01-28 02:27:16,463 : state_square_error: 2.388 reward_error: 25.980
INFO : 2021-01-28 02:27:34,623 : state_square_error: 4.576 reward_error: 22.686
INFO : 2021-01-28 02:27:52,797 : state_square_error: 4.728 reward_error: 24.290
INFO : 2021-01-28 02:28:10,901 : state_square_error: 2.483 reward_error: 38.273
INFO : 2021-01-28 02:28:28,974 : state_square_error: 4.367 reward_error: 39.467
INFO : 2021-01-28 02:28:47,091 : state_square_error: 1.322 reward_error: 32.526
INFO : 2021-01-28 02:29:04,996 : episode: 25 score: 137.3 100 games avg: 137.3 steps 1000 
INFO : 2021-01-28 02:29:13,260 : state_square_error: 6.486 reward_error: 89.129
INFO : 2021-01-28 02:29:31,397 : state_square_error: 6.061 reward_error: 41.679
INFO : 2021-01-28 02:29:49,475 : state_square_error: 2.006 reward_error: 37.105
INFO : 2021-01-28 02:30:07,616 : state_square_error: 5.136 reward_error: 22.856
INFO : 2021-01-28 02:30:25,708 : state_square_error: 2.804 reward_error: 25.029
INFO : 2021-01-28 02:30:43,748 : state_square_error: 3.123 reward_error: 22.550
INFO : 2021-01-28 02:31:01,790 : state_square_error: 0.889 reward_error: 30.878
INFO : 2021-01-28 02:31:19,862 : state_square_error: 2.269 reward_error: 29.522
INFO : 2021-01-28 02:31:37,916 : state_square_error: 1.307 reward_error: 26.166
INFO : 2021-01-28 02:31:56,061 : state_square_error: 2.261 reward_error: 25.241
INFO : 2021-01-28 02:32:13,935 : episode: 26 score: -30.5 100 games avg: -30.5 steps 1000 
INFO : 2021-01-28 02:32:22,499 : state_square_error: 4.381 reward_error: 79.393
INFO : 2021-01-28 02:32:40,674 : state_square_error: 1.924 reward_error: 101.769
INFO : 2021-01-28 02:32:58,758 : state_square_error: 4.070 reward_error: 89.850
INFO : 2021-01-28 02:33:16,847 : state_square_error: 2.948 reward_error: 115.032
INFO : 2021-01-28 02:33:34,983 : state_square_error: 7.505 reward_error: 97.537
INFO : 2021-01-28 02:33:53,077 : state_square_error: 3.832 reward_error: 99.804
INFO : 2021-01-28 02:34:11,132 : state_square_error: 6.857 reward_error: 112.499
INFO : 2021-01-28 02:34:29,251 : state_square_error: 4.132 reward_error: 104.448
INFO : 2021-01-28 02:34:47,366 : state_square_error: 8.210 reward_error: 111.252
INFO : 2021-01-28 02:35:05,466 : state_square_error: 6.101 reward_error: 96.172
INFO : 2021-01-28 02:35:23,367 : episode: 27 score: 1708.3 100 games avg: 1708.3 steps 1000 
INFO : 2021-01-28 02:35:32,233 : state_square_error: 3.220 reward_error: 75.010
INFO : 2021-01-28 02:35:50,313 : state_square_error: 8.689 reward_error: 119.163
INFO : 2021-01-28 02:36:08,414 : state_square_error: 6.190 reward_error: 107.554
INFO : 2021-01-28 02:36:26,568 : state_square_error: 4.128 reward_error: 19.096
INFO : 2021-01-28 02:36:44,693 : state_square_error: 2.243 reward_error: 18.873
INFO : 2021-01-28 02:37:02,749 : state_square_error: 2.947 reward_error: 20.171
INFO : 2021-01-28 02:37:20,792 : state_square_error: 2.518 reward_error: 22.365
INFO : 2021-01-28 02:37:38,840 : state_square_error: 1.751 reward_error: 27.663
INFO : 2021-01-28 02:37:56,912 : state_square_error: 3.050 reward_error: 17.556
INFO : 2021-01-28 02:38:14,970 : state_square_error: 2.616 reward_error: 33.167
INFO : 2021-01-28 02:38:32,843 : episode: 28 score: 283.4 100 games avg: 283.4 steps 1000 
INFO : 2021-01-28 02:38:42,000 : state_square_error: 6.188 reward_error: 94.479
INFO : 2021-01-28 02:39:00,110 : state_square_error: 6.799 reward_error: 116.004
INFO : 2021-01-28 02:39:18,146 : state_square_error: 19.896 reward_error: 110.710
INFO : 2021-01-28 02:39:36,262 : state_square_error: 1.937 reward_error: 143.575
INFO : 2021-01-28 02:39:54,322 : state_square_error: 3.621 reward_error: 121.608
INFO : 2021-01-28 02:40:12,395 : state_square_error: 8.804 reward_error: 103.102
INFO : 2021-01-28 02:40:30,486 : state_square_error: 2.487 reward_error: 121.251
INFO : 2021-01-28 02:40:48,527 : state_square_error: 1.965 reward_error: 115.490
INFO : 2021-01-28 02:41:06,593 : state_square_error: 3.350 reward_error: 139.611
INFO : 2021-01-28 02:41:24,607 : state_square_error: 13.143 reward_error: 121.140
INFO : 2021-01-28 02:41:42,513 : episode: 29 score: 1681.7 100 games avg: 1681.7 steps 1000 
INFO : 2021-01-28 02:41:52,058 : state_square_error: 2.791 reward_error: 85.780
INFO : 2021-01-28 02:42:10,245 : state_square_error: 2.803 reward_error: 117.527
INFO : 2021-01-28 02:42:28,326 : state_square_error: 4.107 reward_error: 135.256
INFO : 2021-01-28 02:42:46,404 : state_square_error: 3.702 reward_error: 122.623
INFO : 2021-01-28 02:43:04,474 : state_square_error: 5.074 reward_error: 102.352
INFO : 2021-01-28 02:43:22,585 : state_square_error: 1.543 reward_error: 121.958
INFO : 2021-01-28 02:43:40,706 : state_square_error: 8.713 reward_error: 123.787
INFO : 2021-01-28 02:43:58,779 : state_square_error: 2.305 reward_error: 126.441
INFO : 2021-01-28 02:44:16,855 : state_square_error: 10.608 reward_error: 106.024
INFO : 2021-01-28 02:44:34,977 : state_square_error: 5.741 reward_error: 140.372
INFO : 2021-01-28 02:44:52,894 : episode: 30 score: 1691.4 100 games avg: 1691.4 steps 1000 
INFO : 2021-01-28 02:45:02,790 : state_square_error: 8.093 reward_error: 95.876
INFO : 2021-01-28 02:45:20,896 : state_square_error: 2.202 reward_error: 106.958
INFO : 2021-01-28 02:45:39,025 : state_square_error: 2.118 reward_error: 129.653
INFO : 2021-01-28 02:45:57,125 : state_square_error: 7.538 reward_error: 113.319
INFO : 2021-01-28 02:46:15,206 : state_square_error: 3.948 reward_error: 133.229
INFO : 2021-01-28 02:46:33,336 : state_square_error: 2.883 reward_error: 107.944
INFO : 2021-01-28 02:46:51,459 : state_square_error: 6.225 reward_error: 131.724
INFO : 2021-01-28 02:47:09,657 : state_square_error: 3.469 reward_error: 129.038
INFO : 2021-01-28 02:47:27,720 : state_square_error: 3.325 reward_error: 111.573
INFO : 2021-01-28 02:47:45,898 : state_square_error: 2.694 reward_error: 122.737
INFO : 2021-01-28 02:48:03,877 : episode: 31 score: 1742.9 100 games avg: 1742.9 steps 1000 
INFO : 2021-01-28 02:48:14,111 : state_square_error: 6.068 reward_error: 97.243
INFO : 2021-01-28 02:48:32,321 : state_square_error: 1.779 reward_error: 123.250
INFO : 2021-01-28 02:48:50,490 : state_square_error: 1.821 reward_error: 114.766
INFO : 2021-01-28 02:49:08,717 : state_square_error: 4.587 reward_error: 47.661
INFO : 2021-01-28 02:49:26,819 : state_square_error: 3.925 reward_error: 4.806
INFO : 2021-01-28 02:49:44,829 : state_square_error: 1.699 reward_error: 20.298
INFO : 2021-01-28 02:50:02,898 : state_square_error: 2.567 reward_error: 41.329
INFO : 2021-01-28 02:50:20,969 : state_square_error: 4.690 reward_error: 22.388
INFO : 2021-01-28 02:50:39,084 : state_square_error: 1.098 reward_error: 24.360
INFO : 2021-01-28 02:50:57,135 : state_square_error: 5.866 reward_error: 24.066
INFO : 2021-01-28 02:51:15,070 : episode: 32 score: 278.5 100 games avg: 278.5 steps 1000 
INFO : 2021-01-28 02:51:25,478 : state_square_error: 14.430 reward_error: 117.465
INFO : 2021-01-28 02:51:43,468 : state_square_error: 2.633 reward_error: 133.057
INFO : 2021-01-28 02:52:01,436 : state_square_error: 8.212 reward_error: 149.091
INFO : 2021-01-28 02:52:19,424 : state_square_error: 5.496 reward_error: 136.842
INFO : 2021-01-28 02:52:37,374 : state_square_error: 4.875 reward_error: 129.616
INFO : 2021-01-28 02:52:55,480 : state_square_error: 3.793 reward_error: 142.799
INFO : 2021-01-28 02:53:13,407 : state_square_error: 8.678 reward_error: 138.643
INFO : 2021-01-28 02:53:31,322 : state_square_error: 4.304 reward_error: 121.015
INFO : 2021-01-28 02:53:49,469 : state_square_error: 2.876 reward_error: 139.583
INFO : 2021-01-28 02:54:07,530 : state_square_error: 37.233 reward_error: 142.050
INFO : 2021-01-28 02:54:25,453 : episode: 33 score: 1880.7 100 games avg: 1880.7 steps 1000 
INFO : 2021-01-28 02:54:36,220 : state_square_error: 2.213 reward_error: 109.715
INFO : 2021-01-28 02:54:54,378 : state_square_error: 26.504 reward_error: 159.110
INFO : 2021-01-28 02:55:12,494 : state_square_error: 8.428 reward_error: 128.297
INFO : 2021-01-28 02:55:30,591 : state_square_error: 11.412 reward_error: 136.433
INFO : 2021-01-28 02:55:48,698 : state_square_error: 0.981 reward_error: 130.406
INFO : 2021-01-28 02:56:06,704 : state_square_error: 6.956 reward_error: 135.047
INFO : 2021-01-28 02:56:24,700 : state_square_error: 9.020 reward_error: 68.704
INFO : 2021-01-28 02:56:42,655 : state_square_error: 5.024 reward_error: 17.298
INFO : 2021-01-28 02:57:00,659 : state_square_error: 1.918 reward_error: 50.980
INFO : 2021-01-28 02:57:18,653 : state_square_error: 3.731 reward_error: 25.082
INFO : 2021-01-28 02:57:36,487 : episode: 34 score: 1037.7 100 games avg: 1037.7 steps 1000 
INFO : 2021-01-28 02:57:47,591 : state_square_error: 2.929 reward_error: 102.321
INFO : 2021-01-28 02:58:05,735 : state_square_error: 3.073 reward_error: 137.127
INFO : 2021-01-28 02:58:23,830 : state_square_error: 1.503 reward_error: 136.271
INFO : 2021-01-28 02:58:41,927 : state_square_error: 10.194 reward_error: 15.685
INFO : 2021-01-28 02:59:00,015 : state_square_error: 1.579 reward_error: 21.678
INFO : 2021-01-28 02:59:18,111 : state_square_error: 3.835 reward_error: 36.020
INFO : 2021-01-28 02:59:36,192 : state_square_error: 7.821 reward_error: 38.270
INFO : 2021-01-28 02:59:54,217 : state_square_error: 1.804 reward_error: 30.195
INFO : 2021-01-28 03:00:12,301 : state_square_error: 1.145 reward_error: 42.894
INFO : 2021-01-28 03:00:30,376 : state_square_error: 4.270 reward_error: 18.264
INFO : 2021-01-28 03:00:48,202 : episode: 35 score: 249.5 100 games avg: 249.5 steps 1000 
INFO : 2021-01-28 03:00:59,601 : state_square_error: 1.276 reward_error: 102.445
INFO : 2021-01-28 03:01:17,783 : state_square_error: 2.384 reward_error: 139.310
INFO : 2021-01-28 03:01:35,891 : state_square_error: 9.777 reward_error: 129.003
INFO : 2021-01-28 03:01:53,955 : state_square_error: 2.304 reward_error: 137.464
INFO : 2021-01-28 03:02:12,037 : state_square_error: 2.846 reward_error: 35.568
INFO : 2021-01-28 03:02:30,091 : state_square_error: 1.047 reward_error: 25.100
INFO : 2021-01-28 03:02:48,174 : state_square_error: 6.224 reward_error: 17.119
INFO : 2021-01-28 03:03:06,165 : state_square_error: 2.509 reward_error: 20.563
INFO : 2021-01-28 03:03:24,239 : state_square_error: 5.146 reward_error: 35.443
INFO : 2021-01-28 03:03:42,328 : state_square_error: 1.085 reward_error: 20.166
INFO : 2021-01-28 03:04:00,207 : episode: 36 score: 511.5 100 games avg: 511.5 steps 1000 
INFO : 2021-01-28 03:04:11,909 : state_square_error: 19.090 reward_error: 109.919
INFO : 2021-01-28 03:04:29,975 : state_square_error: 3.681 reward_error: 144.429
INFO : 2021-01-28 03:04:47,976 : state_square_error: 1.296 reward_error: 137.341
INFO : 2021-01-28 03:05:05,959 : state_square_error: 3.269 reward_error: 161.485
INFO : 2021-01-28 03:05:23,935 : state_square_error: 3.996 reward_error: 139.198
INFO : 2021-01-28 03:05:41,903 : state_square_error: 5.442 reward_error: 151.063
INFO : 2021-01-28 03:05:59,884 : state_square_error: 0.667 reward_error: 148.382
INFO : 2021-01-28 03:06:17,890 : state_square_error: 1.602 reward_error: 153.152
INFO : 2021-01-28 03:06:35,984 : state_square_error: 12.037 reward_error: 162.746
INFO : 2021-01-28 03:06:54,061 : state_square_error: 10.642 reward_error: 153.403
INFO : 2021-01-28 03:07:11,896 : episode: 37 score: 1970.0 100 games avg: 1970.0 steps 1000 
INFO : 2021-01-28 03:07:23,921 : state_square_error: 1.398 reward_error: 110.317
INFO : 2021-01-28 03:07:42,017 : state_square_error: 8.796 reward_error: 151.067
INFO : 2021-01-28 03:08:00,041 : state_square_error: 2.566 reward_error: 139.697
INFO : 2021-01-28 03:08:18,084 : state_square_error: 4.050 reward_error: 146.562
INFO : 2021-01-28 03:08:36,102 : state_square_error: 4.558 reward_error: 164.072
INFO : 2021-01-28 03:08:54,170 : state_square_error: 4.808 reward_error: 163.114
INFO : 2021-01-28 03:09:12,299 : state_square_error: 2.407 reward_error: 151.978
INFO : 2021-01-28 03:09:30,463 : state_square_error: 6.443 reward_error: 135.763
INFO : 2021-01-28 03:09:48,522 : state_square_error: 4.792 reward_error: 160.371
INFO : 2021-01-28 03:10:06,562 : state_square_error: 2.515 reward_error: 147.326
INFO : 2021-01-28 03:10:24,449 : episode: 38 score: 2111.0 100 games avg: 2111.0 steps 1000 
INFO : 2021-01-28 03:10:36,861 : state_square_error: 1.936 reward_error: 115.269
INFO : 2021-01-28 03:10:54,983 : state_square_error: 12.024 reward_error: 166.593
INFO : 2021-01-28 03:11:13,044 : state_square_error: 1.711 reward_error: 152.045
INFO : 2021-01-28 03:11:31,041 : state_square_error: 6.714 reward_error: 139.301
INFO : 2021-01-28 03:11:49,005 : state_square_error: 1.723 reward_error: 146.827
INFO : 2021-01-28 03:12:07,022 : state_square_error: 3.841 reward_error: 139.685
INFO : 2021-01-28 03:12:24,989 : state_square_error: 2.973 reward_error: 161.796
INFO : 2021-01-28 03:12:42,958 : state_square_error: 2.586 reward_error: 149.635
INFO : 2021-01-28 03:13:00,971 : state_square_error: 5.127 reward_error: 169.954
INFO : 2021-01-28 03:13:19,062 : state_square_error: 5.305 reward_error: 161.623
INFO : 2021-01-28 03:13:36,911 : episode: 39 score: 2065.5 100 games avg: 2065.5 steps 1000 
INFO : 2021-01-28 03:13:49,635 : state_square_error: 4.343 reward_error: 129.007
INFO : 2021-01-28 03:14:07,654 : state_square_error: 5.344 reward_error: 156.388
INFO : 2021-01-28 03:14:25,606 : state_square_error: 2.497 reward_error: 147.571
INFO : 2021-01-28 03:14:43,615 : state_square_error: 8.992 reward_error: 143.442
INFO : 2021-01-28 03:15:01,619 : state_square_error: 9.799 reward_error: 188.449
INFO : 2021-01-28 03:15:19,663 : state_square_error: 1.031 reward_error: 165.756
INFO : 2021-01-28 03:15:37,678 : state_square_error: 4.234 reward_error: 163.197
INFO : 2021-01-28 03:15:55,703 : state_square_error: 2.246 reward_error: 157.598
INFO : 2021-01-28 03:16:13,842 : state_square_error: 1.502 reward_error: 161.968
INFO : 2021-01-28 03:16:31,958 : state_square_error: 9.187 reward_error: 153.563
INFO : 2021-01-28 03:16:49,789 : episode: 40 score: 2225.3 100 games avg: 2225.3 steps 1000 
INFO : 2021-01-28 03:17:02,811 : state_square_error: 4.169 reward_error: 131.423
INFO : 2021-01-28 03:17:20,833 : state_square_error: 2.051 reward_error: 161.220
INFO : 2021-01-28 03:17:38,714 : state_square_error: 4.836 reward_error: 157.836
INFO : 2021-01-28 03:17:56,586 : state_square_error: 0.794 reward_error: 141.746
INFO : 2021-01-28 03:18:14,637 : state_square_error: 4.726 reward_error: 153.799
INFO : 2021-01-28 03:18:32,652 : state_square_error: 2.535 reward_error: 162.206
INFO : 2021-01-28 03:18:50,655 : state_square_error: 5.338 reward_error: 161.802
INFO : 2021-01-28 03:19:08,628 : state_square_error: 2.867 reward_error: 156.871
INFO : 2021-01-28 03:19:26,641 : state_square_error: 4.183 reward_error: 165.244
INFO : 2021-01-28 03:19:44,640 : state_square_error: 18.807 reward_error: 171.932
INFO : 2021-01-28 03:20:02,460 : episode: 41 score: 1963.2 100 games avg: 1963.2 steps 1000 
INFO : 2021-01-28 03:20:15,789 : state_square_error: 1.782 reward_error: 130.283
INFO : 2021-01-28 03:20:33,963 : state_square_error: 5.283 reward_error: 167.976
INFO : 2021-01-28 03:20:52,068 : state_square_error: 5.830 reward_error: 154.151
INFO : 2021-01-28 03:21:10,171 : state_square_error: 3.759 reward_error: 160.574
INFO : 2021-01-28 03:21:28,189 : state_square_error: 2.172 reward_error: 176.255
INFO : 2021-01-28 03:21:46,158 : state_square_error: 4.356 reward_error: 166.509
INFO : 2021-01-28 03:22:04,155 : state_square_error: 6.242 reward_error: 171.167
INFO : 2021-01-28 03:22:22,225 : state_square_error: 2.729 reward_error: 189.806
INFO : 2021-01-28 03:22:40,244 : state_square_error: 1.685 reward_error: 176.942
INFO : 2021-01-28 03:22:58,218 : state_square_error: 2.048 reward_error: 175.139
INFO : 2021-01-28 03:23:16,012 : episode: 42 score: 1927.7 100 games avg: 1927.7 steps 1000 
INFO : 2021-01-28 03:23:29,631 : state_square_error: 1.501 reward_error: 137.979
INFO : 2021-01-28 03:23:47,769 : state_square_error: 2.945 reward_error: 172.330
INFO : 2021-01-28 03:24:05,729 : state_square_error: 2.523 reward_error: 168.615
INFO : 2021-01-28 03:24:23,669 : state_square_error: 2.626 reward_error: 175.592
INFO : 2021-01-28 03:24:41,669 : state_square_error: 4.422 reward_error: 172.067
INFO : 2021-01-28 03:24:59,704 : state_square_error: 2.090 reward_error: 154.613
INFO : 2021-01-28 03:25:17,765 : state_square_error: 1.838 reward_error: 164.314
INFO : 2021-01-28 03:25:35,827 : state_square_error: 2.234 reward_error: 148.831
INFO : 2021-01-28 03:25:53,945 : state_square_error: 5.754 reward_error: 177.262
INFO : 2021-01-28 03:26:12,019 : state_square_error: 8.335 reward_error: 172.762
INFO : 2021-01-28 03:26:29,866 : episode: 43 score: 1886.2 100 games avg: 1886.2 steps 1000 
INFO : 2021-01-28 03:26:43,826 : state_square_error: 2.159 reward_error: 129.175
INFO : 2021-01-28 03:27:01,943 : state_square_error: 4.273 reward_error: 170.809
INFO : 2021-01-28 03:27:19,929 : state_square_error: 2.642 reward_error: 172.141
INFO : 2021-01-28 03:27:37,963 : state_square_error: 4.661 reward_error: 155.130
INFO : 2021-01-28 03:27:55,904 : state_square_error: 3.407 reward_error: 172.632
INFO : 2021-01-28 03:28:13,833 : state_square_error: 13.613 reward_error: 184.056
INFO : 2021-01-28 03:28:31,785 : state_square_error: 1.269 reward_error: 185.890
INFO : 2021-01-28 03:28:49,744 : state_square_error: 1.534 reward_error: 182.470
INFO : 2021-01-28 03:29:07,616 : state_square_error: 3.206 reward_error: 178.358
INFO : 2021-01-28 03:29:25,556 : state_square_error: 1.280 reward_error: 164.172
INFO : 2021-01-28 03:29:43,253 : episode: 44 score: 2004.8 100 games avg: 2004.8 steps 1000 
INFO : 2021-01-28 03:29:57,572 : state_square_error: 8.753 reward_error: 137.367
INFO : 2021-01-28 03:30:15,718 : state_square_error: 2.484 reward_error: 174.167
INFO : 2021-01-28 03:30:33,761 : state_square_error: 3.750 reward_error: 145.603
INFO : 2021-01-28 03:30:51,705 : state_square_error: 4.015 reward_error: 178.765
INFO : 2021-01-28 03:31:09,754 : state_square_error: 4.974 reward_error: 180.236
INFO : 2021-01-28 03:31:27,789 : state_square_error: 2.350 reward_error: 184.159
INFO : 2021-01-28 03:31:45,726 : state_square_error: 0.877 reward_error: 158.559
INFO : 2021-01-28 03:32:03,718 : state_square_error: 7.328 reward_error: 193.208
INFO : 2021-01-28 03:32:21,772 : state_square_error: 8.808 reward_error: 184.563
INFO : 2021-01-28 03:32:39,828 : state_square_error: 30.612 reward_error: 178.756
INFO : 2021-01-28 03:32:57,601 : episode: 45 score: 2350.2 100 games avg: 2350.2 steps 1000 
INFO : 2021-01-28 03:33:12,330 : state_square_error: 4.014 reward_error: 151.654
INFO : 2021-01-28 03:33:30,395 : state_square_error: 5.457 reward_error: 161.649
INFO : 2021-01-28 03:33:48,381 : state_square_error: 1.129 reward_error: 182.468
INFO : 2021-01-28 03:34:06,371 : state_square_error: 10.894 reward_error: 176.786
INFO : 2021-01-28 03:34:24,341 : state_square_error: 2.011 reward_error: 182.966
INFO : 2021-01-28 03:34:42,341 : state_square_error: 1.349 reward_error: 188.586
INFO : 2021-01-28 03:35:00,418 : state_square_error: 4.440 reward_error: 190.161
INFO : 2021-01-28 03:35:18,466 : state_square_error: 24.319 reward_error: 187.948
INFO : 2021-01-28 03:35:36,454 : state_square_error: 2.995 reward_error: 202.746
INFO : 2021-01-28 03:35:54,481 : state_square_error: 1.519 reward_error: 192.542
INFO : 2021-01-28 03:36:12,328 : episode: 46 score: 2242.6 100 games avg: 2242.6 steps 1000 
INFO : 2021-01-28 03:36:27,367 : state_square_error: 3.526 reward_error: 137.065
INFO : 2021-01-28 03:36:45,389 : state_square_error: 9.652 reward_error: 181.381
INFO : 2021-01-28 03:37:03,321 : state_square_error: 4.512 reward_error: 199.966
INFO : 2021-01-28 03:37:21,318 : state_square_error: 4.594 reward_error: 190.276
INFO : 2021-01-28 03:37:39,245 : state_square_error: 6.650 reward_error: 181.647
INFO : 2021-01-28 03:37:57,253 : state_square_error: 4.077 reward_error: 155.968
INFO : 2021-01-28 03:38:15,322 : state_square_error: 4.805 reward_error: 203.228
INFO : 2021-01-28 03:38:33,396 : state_square_error: 2.232 reward_error: 178.585
INFO : 2021-01-28 03:38:51,489 : state_square_error: 13.192 reward_error: 199.984
INFO : 2021-01-28 03:39:09,543 : state_square_error: 1.554 reward_error: 147.624
INFO : 2021-01-28 03:39:27,375 : episode: 47 score: 2111.8 100 games avg: 2111.8 steps 1000 
INFO : 2021-01-28 03:39:42,687 : state_square_error: 10.908 reward_error: 158.499
INFO : 2021-01-28 03:40:00,759 : state_square_error: 6.899 reward_error: 193.599
INFO : 2021-01-28 03:40:18,784 : state_square_error: 2.367 reward_error: 172.936
INFO : 2021-01-28 03:40:36,738 : state_square_error: 9.500 reward_error: 201.457
INFO : 2021-01-28 03:40:54,755 : state_square_error: 2.629 reward_error: 199.900
INFO : 2021-01-28 03:41:12,729 : state_square_error: 4.115 reward_error: 177.366
INFO : 2021-01-28 03:41:30,695 : state_square_error: 3.166 reward_error: 204.714
INFO : 2021-01-28 03:41:48,740 : state_square_error: 10.839 reward_error: 204.024
INFO : 2021-01-28 03:42:06,778 : state_square_error: 1.792 reward_error: 196.664
INFO : 2021-01-28 03:42:24,799 : state_square_error: 10.789 reward_error: 197.780
INFO : 2021-01-28 03:42:42,676 : episode: 48 score: 2289.8 100 games avg: 2289.8 steps 1000 
INFO : 2021-01-28 03:42:58,313 : state_square_error: 1.057 reward_error: 161.298
INFO : 2021-01-28 03:43:16,411 : state_square_error: 6.265 reward_error: 205.882
INFO : 2021-01-28 03:43:34,411 : state_square_error: 0.983 reward_error: 190.384
INFO : 2021-01-28 03:43:52,411 : state_square_error: 4.500 reward_error: 194.865
INFO : 2021-01-28 03:44:10,345 : state_square_error: 3.320 reward_error: 201.473
INFO : 2021-01-28 03:44:28,284 : state_square_error: 8.121 reward_error: 178.957
INFO : 2021-01-28 03:44:46,185 : state_square_error: 7.724 reward_error: 203.491
INFO : 2021-01-28 03:45:04,139 : state_square_error: 5.735 reward_error: 220.192
INFO : 2021-01-28 03:45:22,277 : state_square_error: 2.615 reward_error: 197.607
INFO : 2021-01-28 03:45:40,241 : state_square_error: 4.564 reward_error: 205.874
INFO : 2021-01-28 03:45:58,120 : episode: 49 score: 2174.8 100 games avg: 2174.8 steps 1000 
INFO : 2021-01-28 03:46:14,066 : state_square_error: 3.874 reward_error: 158.778
INFO : 2021-01-28 03:46:32,162 : state_square_error: 1.837 reward_error: 167.036
INFO : 2021-01-28 03:46:50,190 : state_square_error: 2.630 reward_error: 211.719
INFO : 2021-01-28 03:47:08,107 : state_square_error: 0.762 reward_error: 202.544
INFO : 2021-01-28 03:47:26,031 : state_square_error: 2.523 reward_error: 180.240
INFO : 2021-01-28 03:47:43,949 : state_square_error: 5.401 reward_error: 209.807
INFO : 2021-01-28 03:48:01,829 : state_square_error: 6.722 reward_error: 199.307
INFO : 2021-01-28 03:48:19,709 : state_square_error: 0.920 reward_error: 210.349
INFO : 2021-01-28 03:48:37,659 : state_square_error: 5.182 reward_error: 215.557
INFO : 2021-01-28 03:48:55,687 : state_square_error: 3.641 reward_error: 200.245
INFO : 2021-01-28 03:49:13,542 : episode: 50 score: 2448.1 100 games avg: 2448.1 steps 1000 
INFO : 2021-01-28 03:49:29,746 : state_square_error: 3.013 reward_error: 166.875
INFO : 2021-01-28 03:49:47,770 : state_square_error: 5.914 reward_error: 220.391
INFO : 2021-01-28 03:50:05,809 : state_square_error: 1.918 reward_error: 197.691
INFO : 2021-01-28 03:50:23,823 : state_square_error: 3.194 reward_error: 203.157
INFO : 2021-01-28 03:50:41,804 : state_square_error: 2.302 reward_error: 216.569
INFO : 2021-01-28 03:50:59,659 : state_square_error: 2.088 reward_error: 227.542
INFO : 2021-01-28 03:51:17,621 : state_square_error: 1.457 reward_error: 55.572
INFO : 2021-01-28 03:51:35,582 : state_square_error: 5.230 reward_error: 55.032
INFO : 2021-01-28 03:51:53,547 : state_square_error: 1.520 reward_error: 21.360
INFO : 2021-01-28 03:52:11,551 : state_square_error: 3.443 reward_error: 66.955
INFO : 2021-01-28 03:52:29,469 : episode: 51 score: 1350.2 100 games avg: 1350.2 steps 1000 
INFO : 2021-01-28 03:52:46,142 : state_square_error: 3.270 reward_error: 165.428
INFO : 2021-01-28 03:53:04,292 : state_square_error: 3.747 reward_error: 202.727
INFO : 2021-01-28 03:53:22,409 : state_square_error: 6.753 reward_error: 222.394
INFO : 2021-01-28 03:53:40,476 : state_square_error: 0.848 reward_error: 205.596
INFO : 2021-01-28 03:53:58,562 : state_square_error: 3.619 reward_error: 195.040
INFO : 2021-01-28 03:54:16,667 : state_square_error: 8.518 reward_error: 225.511
INFO : 2021-01-28 03:54:34,644 : state_square_error: 1.508 reward_error: 218.504
INFO : 2021-01-28 03:54:52,649 : state_square_error: 2.118 reward_error: 218.186
INFO : 2021-01-28 03:55:10,580 : state_square_error: 10.246 reward_error: 224.788
INFO : 2021-01-28 03:55:28,495 : state_square_error: 5.402 reward_error: 198.837
INFO : 2021-01-28 03:55:46,385 : episode: 52 score: 2466.4 100 games avg: 2466.4 steps 1000 
INFO : 2021-01-28 03:56:03,379 : state_square_error: 3.498 reward_error: 170.755
INFO : 2021-01-28 03:56:21,352 : state_square_error: 3.799 reward_error: 235.289
INFO : 2021-01-28 03:56:39,286 : state_square_error: 1.702 reward_error: 223.732
INFO : 2021-01-28 03:56:57,229 : state_square_error: 1.520 reward_error: 215.395
INFO : 2021-01-28 03:57:15,224 : state_square_error: 1.488 reward_error: 222.957
INFO : 2021-01-28 03:57:33,165 : state_square_error: 1.365 reward_error: 203.566
INFO : 2021-01-28 03:57:51,151 : state_square_error: 1.493 reward_error: 218.979
INFO : 2021-01-28 03:58:09,150 : state_square_error: 21.728 reward_error: 231.311
INFO : 2021-01-28 03:58:27,166 : state_square_error: 0.614 reward_error: 191.335
INFO : 2021-01-28 03:58:45,227 : state_square_error: 13.697 reward_error: 208.471
INFO : 2021-01-28 03:59:03,080 : episode: 53 score: 2330.4 100 games avg: 2330.4 steps 1000 
INFO : 2021-01-28 03:59:20,308 : state_square_error: 2.612 reward_error: 175.038
INFO : 2021-01-28 03:59:38,314 : state_square_error: 4.902 reward_error: 224.622
INFO : 2021-01-28 03:59:56,215 : state_square_error: 3.024 reward_error: 215.429
INFO : 2021-01-28 04:00:14,215 : state_square_error: 0.581 reward_error: 226.778
INFO : 2021-01-28 04:00:32,083 : state_square_error: 7.308 reward_error: 52.168
INFO : 2021-01-28 04:00:49,932 : state_square_error: 3.468 reward_error: 33.190
INFO : 2021-01-28 04:01:07,767 : state_square_error: 6.568 reward_error: 60.324
INFO : 2021-01-28 04:01:25,593 : state_square_error: 2.492 reward_error: 36.012
INFO : 2021-01-28 04:01:43,442 : state_square_error: 3.782 reward_error: 29.846
INFO : 2021-01-28 04:02:01,299 : state_square_error: 2.670 reward_error: 28.559
INFO : 2021-01-28 04:02:19,080 : episode: 54 score: 664.7 100 games avg: 664.7 steps 1000 
INFO : 2021-01-28 04:02:36,543 : state_square_error: 12.826 reward_error: 180.497
INFO : 2021-01-28 04:02:54,495 : state_square_error: 0.709 reward_error: 220.531
INFO : 2021-01-28 04:03:12,585 : state_square_error: 10.361 reward_error: 209.449
INFO : 2021-01-28 04:03:30,650 : state_square_error: 12.968 reward_error: 225.093
INFO : 2021-01-28 04:03:48,680 : state_square_error: 4.898 reward_error: 223.270
INFO : 2021-01-28 04:04:06,666 : state_square_error: 1.416 reward_error: 216.224
INFO : 2021-01-28 04:04:24,668 : state_square_error: 5.577 reward_error: 227.551
INFO : 2021-01-28 04:04:42,607 : state_square_error: 1.474 reward_error: 228.167
INFO : 2021-01-28 04:05:00,642 : state_square_error: 1.535 reward_error: 208.311
INFO : 2021-01-28 04:05:18,651 : state_square_error: 3.897 reward_error: 224.456
INFO : 2021-01-28 04:05:36,605 : episode: 55 score: 2440.8 100 games avg: 2440.8 steps 1000 
INFO : 2021-01-28 04:05:54,559 : state_square_error: 2.506 reward_error: 170.823
INFO : 2021-01-28 04:06:12,634 : state_square_error: 10.124 reward_error: 238.204
INFO : 2021-01-28 04:06:30,746 : state_square_error: 7.608 reward_error: 232.753
INFO : 2021-01-28 04:06:48,893 : state_square_error: 34.703 reward_error: 215.943
INFO : 2021-01-28 04:07:06,980 : state_square_error: 4.104 reward_error: 228.637
INFO : 2021-01-28 04:07:25,064 : state_square_error: 2.951 reward_error: 245.156
INFO : 2021-01-28 04:07:43,125 : state_square_error: 4.481 reward_error: 234.984
INFO : 2021-01-28 04:08:01,148 : state_square_error: 3.549 reward_error: 246.923
INFO : 2021-01-28 04:08:19,149 : state_square_error: 16.017 reward_error: 228.444
INFO : 2021-01-28 04:08:37,068 : state_square_error: 1.287 reward_error: 235.003
INFO : 2021-01-28 04:08:54,759 : episode: 56 score: 2561.0 100 games avg: 2561.0 steps 1000 
INFO : 2021-01-28 04:09:12,912 : state_square_error: 12.465 reward_error: 178.736
INFO : 2021-01-28 04:09:31,075 : state_square_error: 14.862 reward_error: 218.697
INFO : 2021-01-28 04:09:49,134 : state_square_error: 3.246 reward_error: 231.144
INFO : 2021-01-28 04:10:07,234 : state_square_error: 1.691 reward_error: 215.299
INFO : 2021-01-28 04:10:25,300 : state_square_error: 2.552 reward_error: 218.968
INFO : 2021-01-28 04:10:43,397 : state_square_error: 1.002 reward_error: 217.062
INFO : 2021-01-28 04:11:01,474 : state_square_error: 15.374 reward_error: 230.179
INFO : 2021-01-28 04:11:19,444 : state_square_error: 1.916 reward_error: 232.173
INFO : 2021-01-28 04:11:37,397 : state_square_error: 2.815 reward_error: 219.231
INFO : 2021-01-28 04:11:55,307 : state_square_error: 22.639 reward_error: 220.965
INFO : 2021-01-28 04:12:13,146 : episode: 57 score: 2491.5 100 games avg: 2491.5 steps 1000 
INFO : 2021-01-28 04:12:31,614 : state_square_error: 2.303 reward_error: 188.767
INFO : 2021-01-28 04:12:49,704 : state_square_error: 1.731 reward_error: 240.159
INFO : 2021-01-28 04:13:07,687 : state_square_error: 1.167 reward_error: 241.207
INFO : 2021-01-28 04:13:25,661 : state_square_error: 2.740 reward_error: 175.896
INFO : 2021-01-28 04:13:43,632 : state_square_error: 1.708 reward_error: 245.488
INFO : 2021-01-28 04:14:01,659 : state_square_error: 6.179 reward_error: 239.390
INFO : 2021-01-28 04:14:19,627 : state_square_error: 1.171 reward_error: 228.164
INFO : 2021-01-28 04:14:37,561 : state_square_error: 3.759 reward_error: 227.169
INFO : 2021-01-28 04:14:55,561 : state_square_error: 7.070 reward_error: 241.291
INFO : 2021-01-28 04:15:13,599 : state_square_error: 4.738 reward_error: 242.610
INFO : 2021-01-28 04:15:31,450 : episode: 58 score: 2475.4 100 games avg: 2475.4 steps 1000 
INFO : 2021-01-28 04:15:50,349 : state_square_error: 9.681 reward_error: 190.899
INFO : 2021-01-28 04:16:08,388 : state_square_error: 3.874 reward_error: 228.114
INFO : 2021-01-28 04:16:26,393 : state_square_error: 2.908 reward_error: 244.210
INFO : 2021-01-28 04:16:44,547 : state_square_error: 8.781 reward_error: 247.972
INFO : 2021-01-28 04:17:02,637 : state_square_error: 5.347 reward_error: 236.042
INFO : 2021-01-28 04:17:20,691 : state_square_error: 4.714 reward_error: 226.247
INFO : 2021-01-28 04:17:38,773 : state_square_error: 4.327 reward_error: 258.719
INFO : 2021-01-28 04:17:56,853 : state_square_error: 1.286 reward_error: 234.395
INFO : 2021-01-28 04:18:14,943 : state_square_error: 8.064 reward_error: 237.860
INFO : 2021-01-28 04:18:32,893 : state_square_error: 7.669 reward_error: 254.034
INFO : 2021-01-28 04:18:50,718 : episode: 59 score: 2779.3 100 games avg: 2779.3 steps 1000 
INFO : 2021-01-28 04:19:09,955 : state_square_error: 10.144 reward_error: 192.652
INFO : 2021-01-28 04:19:27,971 : state_square_error: 3.313 reward_error: 236.737
INFO : 2021-01-28 04:19:45,934 : state_square_error: 11.249 reward_error: 225.953
INFO : 2021-01-28 04:20:03,883 : state_square_error: 5.278 reward_error: 233.974
INFO : 2021-01-28 04:20:21,934 : state_square_error: 2.095 reward_error: 236.738
INFO : 2021-01-28 04:20:39,921 : state_square_error: 6.570 reward_error: 244.718
INFO : 2021-01-28 04:20:58,001 : state_square_error: 21.231 reward_error: 225.155
INFO : 2021-01-28 04:21:16,177 : state_square_error: 2.891 reward_error: 230.455
INFO : 2021-01-28 04:21:34,339 : state_square_error: 1.258 reward_error: 230.201
INFO : 2021-01-28 04:21:52,422 : state_square_error: 12.853 reward_error: 242.551
INFO : 2021-01-28 04:22:10,311 : episode: 60 score: 2649.7 100 games avg: 2649.7 steps 1000 
INFO : 2021-01-28 04:22:29,868 : state_square_error: 11.021 reward_error: 204.631
INFO : 2021-01-28 04:22:47,858 : state_square_error: 3.714 reward_error: 231.701
INFO : 2021-01-28 04:23:05,788 : state_square_error: 1.872 reward_error: 263.761
INFO : 2021-01-28 04:23:23,817 : state_square_error: 7.162 reward_error: 242.537
INFO : 2021-01-28 04:23:41,803 : state_square_error: 2.926 reward_error: 229.651
INFO : 2021-01-28 04:23:59,774 : state_square_error: 2.622 reward_error: 242.165
INFO : 2021-01-28 04:24:17,794 : state_square_error: 23.535 reward_error: 268.596
INFO : 2021-01-28 04:24:35,885 : state_square_error: 6.073 reward_error: 263.490
INFO : 2021-01-28 04:24:53,894 : state_square_error: 6.476 reward_error: 240.131
INFO : 2021-01-28 04:25:11,968 : state_square_error: 14.754 reward_error: 252.589
INFO : 2021-01-28 04:25:29,739 : episode: 61 score: 2674.4 100 games avg: 2674.4 steps 1000 
INFO : 2021-01-28 04:25:49,639 : state_square_error: 4.021 reward_error: 200.767
INFO : 2021-01-28 04:26:07,621 : state_square_error: 9.453 reward_error: 255.182
INFO : 2021-01-28 04:26:25,630 : state_square_error: 2.394 reward_error: 256.990
INFO : 2021-01-28 04:26:43,722 : state_square_error: 13.467 reward_error: 260.903
INFO : 2021-01-28 04:27:01,827 : state_square_error: 2.145 reward_error: 247.111
INFO : 2021-01-28 04:27:19,902 : state_square_error: 1.470 reward_error: 254.681
INFO : 2021-01-28 04:27:37,963 : state_square_error: 2.658 reward_error: 235.086
INFO : 2021-01-28 04:27:56,063 : state_square_error: 1.418 reward_error: 234.880
INFO : 2021-01-28 04:28:14,142 : state_square_error: 6.506 reward_error: 244.162
INFO : 2021-01-28 04:28:32,158 : state_square_error: 1.457 reward_error: 242.970
INFO : 2021-01-28 04:28:49,934 : episode: 62 score: 2867.1 100 games avg: 2867.1 steps 1000 
INFO : 2021-01-28 04:29:10,151 : state_square_error: 0.899 reward_error: 206.398
INFO : 2021-01-28 04:29:28,266 : state_square_error: 10.934 reward_error: 271.911
INFO : 2021-01-28 04:29:46,402 : state_square_error: 6.155 reward_error: 240.803
INFO : 2021-01-28 04:30:04,592 : state_square_error: 2.392 reward_error: 268.749
INFO : 2021-01-28 04:30:22,737 : state_square_error: 9.318 reward_error: 252.720
INFO : 2021-01-28 04:30:40,823 : state_square_error: 1.682 reward_error: 254.002
INFO : 2021-01-28 04:30:58,840 : state_square_error: 1.518 reward_error: 253.108
INFO : 2021-01-28 04:31:16,888 : state_square_error: 10.542 reward_error: 250.793
INFO : 2021-01-28 04:31:34,945 : state_square_error: 2.611 reward_error: 252.450
INFO : 2021-01-28 04:31:53,011 : state_square_error: 2.608 reward_error: 253.772
INFO : 2021-01-28 04:32:10,888 : episode: 63 score: 2920.3 100 games avg: 2920.3 steps 1000 
INFO : 2021-01-28 04:32:31,464 : state_square_error: 8.316 reward_error: 198.617
INFO : 2021-01-28 04:32:49,630 : state_square_error: 4.660 reward_error: 251.203
INFO : 2021-01-28 04:33:07,708 : state_square_error: 5.259 reward_error: 267.857
INFO : 2021-01-28 04:33:25,777 : state_square_error: 4.464 reward_error: 256.173
INFO : 2021-01-28 04:33:43,875 : state_square_error: 2.628 reward_error: 248.463
INFO : 2021-01-28 04:34:01,990 : state_square_error: 7.979 reward_error: 266.915
INFO : 2021-01-28 04:34:20,107 : state_square_error: 8.353 reward_error: 240.798
INFO : 2021-01-28 04:34:38,218 : state_square_error: 1.365 reward_error: 23.564
INFO : 2021-01-28 04:34:56,331 : state_square_error: 1.237 reward_error: 12.765
INFO : 2021-01-28 04:35:14,424 : state_square_error: 0.797 reward_error: 47.176
INFO : 2021-01-28 04:35:32,341 : episode: 64 score: 1754.7 100 games avg: 1754.7 steps 1000 
INFO : 2021-01-28 04:35:53,228 : state_square_error: 3.011 reward_error: 207.343
INFO : 2021-01-28 04:36:11,524 : state_square_error: 6.323 reward_error: 265.163
INFO : 2021-01-28 04:36:29,625 : state_square_error: 2.701 reward_error: 266.796
INFO : 2021-01-28 04:36:47,788 : state_square_error: 1.897 reward_error: 246.471
INFO : 2021-01-28 04:37:05,848 : state_square_error: 12.132 reward_error: 262.627
INFO : 2021-01-28 04:37:23,947 : state_square_error: 1.432 reward_error: 267.265
INFO : 2021-01-28 04:37:42,074 : state_square_error: 2.718 reward_error: 258.497
INFO : 2021-01-28 04:38:00,170 : state_square_error: 4.508 reward_error: 275.329
INFO : 2021-01-28 04:38:18,247 : state_square_error: 1.221 reward_error: 273.438
INFO : 2021-01-28 04:38:36,337 : state_square_error: 16.225 reward_error: 276.670
INFO : 2021-01-28 04:38:54,362 : episode: 65 score: 3044.3 100 games avg: 3044.3 steps 1000 
INFO : 2021-01-28 04:39:15,544 : state_square_error: 1.034 reward_error: 231.607
INFO : 2021-01-28 04:39:33,715 : state_square_error: 7.719 reward_error: 268.828
INFO : 2021-01-28 04:39:51,815 : state_square_error: 24.448 reward_error: 288.800
INFO : 2021-01-28 04:40:09,928 : state_square_error: 2.290 reward_error: 254.518
INFO : 2021-01-28 04:40:28,004 : state_square_error: 7.776 reward_error: 269.664
INFO : 2021-01-28 04:40:46,020 : state_square_error: 8.714 reward_error: 278.603
INFO : 2021-01-28 04:41:04,132 : state_square_error: 2.262 reward_error: 272.999
INFO : 2021-01-28 04:41:22,258 : state_square_error: 5.805 reward_error: 267.702
INFO : 2021-01-28 04:41:40,351 : state_square_error: 2.992 reward_error: 257.282
INFO : 2021-01-28 04:41:58,406 : state_square_error: 2.960 reward_error: 265.685
INFO : 2021-01-28 04:42:16,408 : episode: 66 score: 2623.0 100 games avg: 2623.0 steps 1000 
INFO : 2021-01-28 04:42:37,921 : state_square_error: 4.163 reward_error: 199.937
INFO : 2021-01-28 04:42:56,133 : state_square_error: 1.140 reward_error: 271.600
INFO : 2021-01-28 04:43:14,222 : state_square_error: 4.079 reward_error: 261.132
INFO : 2021-01-28 04:43:32,340 : state_square_error: 1.938 reward_error: 262.200
INFO : 2021-01-28 04:43:50,426 : state_square_error: 1.637 reward_error: 281.638
INFO : 2021-01-28 04:44:08,618 : state_square_error: 1.091 reward_error: 269.197
INFO : 2021-01-28 04:44:26,624 : state_square_error: 4.282 reward_error: 280.722
INFO : 2021-01-28 04:44:44,790 : state_square_error: 2.566 reward_error: 279.946
INFO : 2021-01-28 04:45:02,916 : state_square_error: 8.124 reward_error: 247.919
INFO : 2021-01-28 04:45:21,032 : state_square_error: 7.409 reward_error: 279.460
INFO : 2021-01-28 04:45:38,929 : episode: 67 score: 2773.7 100 games avg: 2773.7 steps 1000 
INFO : 2021-01-28 04:46:00,682 : state_square_error: 1.440 reward_error: 222.774
INFO : 2021-01-28 04:46:18,805 : state_square_error: 3.023 reward_error: 261.772
INFO : 2021-01-28 04:46:37,014 : state_square_error: 0.979 reward_error: 286.759
INFO : 2021-01-28 04:46:55,201 : state_square_error: 7.691 reward_error: 284.062
INFO : 2021-01-28 04:47:13,285 : state_square_error: 3.184 reward_error: 262.361
INFO : 2021-01-28 04:47:31,372 : state_square_error: 11.447 reward_error: 261.306
INFO : 2021-01-28 04:47:49,474 : state_square_error: 3.586 reward_error: 284.272
INFO : 2021-01-28 04:48:07,625 : state_square_error: 7.222 reward_error: 269.154
INFO : 2021-01-28 04:48:25,731 : state_square_error: 2.359 reward_error: 286.436
INFO : 2021-01-28 04:48:43,862 : state_square_error: 3.042 reward_error: 276.382
INFO : 2021-01-28 04:49:01,752 : episode: 68 score: 2906.9 100 games avg: 2906.9 steps 1000 
INFO : 2021-01-28 04:49:23,946 : state_square_error: 4.357 reward_error: 213.037
INFO : 2021-01-28 04:49:41,950 : state_square_error: 10.255 reward_error: 271.464
INFO : 2021-01-28 04:49:59,943 : state_square_error: 4.727 reward_error: 277.162
INFO : 2021-01-28 04:50:17,956 : state_square_error: 14.714 reward_error: 293.058
INFO : 2021-01-28 04:50:35,970 : state_square_error: 3.500 reward_error: 277.898
INFO : 2021-01-28 04:50:54,126 : state_square_error: 11.153 reward_error: 260.713
INFO : 2021-01-28 04:51:12,375 : state_square_error: 8.632 reward_error: 288.054
INFO : 2021-01-28 04:51:30,473 : state_square_error: 10.670 reward_error: 280.334
INFO : 2021-01-28 04:51:48,553 : state_square_error: 1.732 reward_error: 288.975
INFO : 2021-01-28 04:52:06,680 : state_square_error: 14.255 reward_error: 277.686
INFO : 2021-01-28 04:52:24,555 : episode: 69 score: 3021.3 100 games avg: 3021.3 steps 1000 
INFO : 2021-01-28 04:52:47,091 : state_square_error: 2.763 reward_error: 221.769
INFO : 2021-01-28 04:53:05,052 : state_square_error: 8.955 reward_error: 265.463
INFO : 2021-01-28 04:53:23,136 : state_square_error: 5.832 reward_error: 264.980
INFO : 2021-01-28 04:53:41,189 : state_square_error: 3.826 reward_error: 291.528
INFO : 2021-01-28 04:53:59,194 : state_square_error: 2.348 reward_error: 283.419
INFO : 2021-01-28 04:54:17,268 : state_square_error: 6.798 reward_error: 290.699
INFO : 2021-01-28 04:54:35,425 : state_square_error: 13.024 reward_error: 277.174
INFO : 2021-01-28 04:54:53,527 : state_square_error: 1.501 reward_error: 277.327
INFO : 2021-01-28 04:55:11,632 : state_square_error: 1.742 reward_error: 270.170
INFO : 2021-01-28 04:55:29,694 : state_square_error: 2.098 reward_error: 273.414
INFO : 2021-01-28 04:55:47,569 : episode: 70 score: 2842.6 100 games avg: 2842.6 steps 1000 
INFO : 2021-01-28 04:56:10,424 : state_square_error: 3.593 reward_error: 233.898
INFO : 2021-01-28 04:56:28,545 : state_square_error: 3.660 reward_error: 273.562
INFO : 2021-01-28 04:56:46,629 : state_square_error: 9.890 reward_error: 278.600
INFO : 2021-01-28 04:57:04,701 : state_square_error: 4.781 reward_error: 282.260
INFO : 2021-01-28 04:57:22,859 : state_square_error: 6.920 reward_error: 251.583
INFO : 2021-01-28 04:57:41,024 : state_square_error: 5.528 reward_error: 283.783
INFO : 2021-01-28 04:57:59,118 : state_square_error: 8.130 reward_error: 288.637
INFO : 2021-01-28 04:58:17,232 : state_square_error: 1.491 reward_error: 262.102
INFO : 2021-01-28 04:58:35,309 : state_square_error: 3.376 reward_error: 289.293
INFO : 2021-01-28 04:58:53,420 : state_square_error: 3.311 reward_error: 277.284
INFO : 2021-01-28 04:59:11,344 : episode: 71 score: 2850.3 100 games avg: 2850.3 steps 1000 
INFO : 2021-01-28 04:59:34,551 : state_square_error: 2.321 reward_error: 218.734
INFO : 2021-01-28 04:59:52,706 : state_square_error: 6.656 reward_error: 309.564
INFO : 2021-01-28 05:00:10,867 : state_square_error: 10.192 reward_error: 281.210
INFO : 2021-01-28 05:00:29,008 : state_square_error: 5.532 reward_error: 288.590
INFO : 2021-01-28 05:00:47,140 : state_square_error: 29.309 reward_error: 295.264
INFO : 2021-01-28 05:01:05,191 : state_square_error: 9.012 reward_error: 294.132
INFO : 2021-01-28 05:01:23,291 : state_square_error: 2.904 reward_error: 281.227
INFO : 2021-01-28 05:01:41,377 : state_square_error: 1.757 reward_error: 285.200
INFO : 2021-01-28 05:01:59,445 : state_square_error: 5.272 reward_error: 290.087
INFO : 2021-01-28 05:02:17,513 : state_square_error: 11.539 reward_error: 295.101
INFO : 2021-01-28 05:02:35,382 : episode: 72 score: 3081.4 100 games avg: 3081.4 steps 1000 
INFO : 2021-01-28 05:02:58,865 : state_square_error: 3.538 reward_error: 234.183
INFO : 2021-01-28 05:03:17,022 : state_square_error: 8.050 reward_error: 308.514
INFO : 2021-01-28 05:03:35,076 : state_square_error: 7.749 reward_error: 306.903
INFO : 2021-01-28 05:03:53,273 : state_square_error: 5.300 reward_error: 306.761
INFO : 2021-01-28 05:04:11,419 : state_square_error: 4.037 reward_error: 299.936
INFO : 2021-01-28 05:04:29,477 : state_square_error: 2.605 reward_error: 271.958
INFO : 2021-01-28 05:04:47,534 : state_square_error: 33.367 reward_error: 281.142
INFO : 2021-01-28 05:05:05,603 : state_square_error: 3.261 reward_error: 270.291
INFO : 2021-01-28 05:05:23,686 : state_square_error: 5.038 reward_error: 280.686
INFO : 2021-01-28 05:05:41,866 : state_square_error: 2.085 reward_error: 301.792
INFO : 2021-01-28 05:05:59,789 : episode: 73 score: 2928.9 100 games avg: 2928.9 steps 1000 
INFO : 2021-01-28 05:06:23,660 : state_square_error: 2.015 reward_error: 245.095
INFO : 2021-01-28 05:06:41,816 : state_square_error: 1.764 reward_error: 304.584
INFO : 2021-01-28 05:06:59,937 : state_square_error: 7.885 reward_error: 302.002
INFO : 2021-01-28 05:07:18,026 : state_square_error: 1.291 reward_error: 287.209
INFO : 2021-01-28 05:07:36,099 : state_square_error: 3.134 reward_error: 285.253
INFO : 2021-01-28 05:07:54,172 : state_square_error: 8.000 reward_error: 284.575
INFO : 2021-01-28 05:08:12,250 : state_square_error: 2.096 reward_error: 284.774
INFO : 2021-01-28 05:08:30,357 : state_square_error: 1.182 reward_error: 276.998
INFO : 2021-01-28 05:08:48,407 : state_square_error: 1.212 reward_error: 278.644
INFO : 2021-01-28 05:09:06,539 : state_square_error: 11.458 reward_error: 299.112
INFO : 2021-01-28 05:09:24,481 : episode: 74 score: 2910.1 100 games avg: 2910.1 steps 1000 
INFO : 2021-01-28 05:09:48,560 : state_square_error: 1.594 reward_error: 237.465
INFO : 2021-01-28 05:10:06,691 : state_square_error: 2.695 reward_error: 310.051
INFO : 2021-01-28 05:10:24,753 : state_square_error: 6.174 reward_error: 314.786
INFO : 2021-01-28 05:10:42,842 : state_square_error: 2.948 reward_error: 304.699
INFO : 2021-01-28 05:11:00,909 : state_square_error: 5.579 reward_error: 295.637
INFO : 2021-01-28 05:11:18,949 : state_square_error: 3.704 reward_error: 314.432
INFO : 2021-01-28 05:11:37,010 : state_square_error: 6.552 reward_error: 317.473
INFO : 2021-01-28 05:11:55,094 : state_square_error: 3.806 reward_error: 319.675
INFO : 2021-01-28 05:12:13,209 : state_square_error: 4.075 reward_error: 314.141
INFO : 2021-01-28 05:12:31,287 : state_square_error: 5.700 reward_error: 314.029
INFO : 2021-01-28 05:12:49,162 : episode: 75 score: 3101.7 100 games avg: 3101.7 steps 1000 
INFO : 2021-01-28 05:13:13,663 : state_square_error: 6.903 reward_error: 240.932
INFO : 2021-01-28 05:13:31,950 : state_square_error: 29.850 reward_error: 308.554
INFO : 2021-01-28 05:13:50,061 : state_square_error: 4.984 reward_error: 291.611
INFO : 2021-01-28 05:14:08,181 : state_square_error: 1.695 reward_error: 298.187
INFO : 2021-01-28 05:14:26,232 : state_square_error: 3.776 reward_error: 308.007
INFO : 2021-01-28 05:14:44,290 : state_square_error: 5.750 reward_error: 302.194
INFO : 2021-01-28 05:15:02,361 : state_square_error: 3.425 reward_error: 322.989
INFO : 2021-01-28 05:15:20,463 : state_square_error: 4.019 reward_error: 297.943
INFO : 2021-01-28 05:15:38,562 : state_square_error: 4.800 reward_error: 323.446
INFO : 2021-01-28 05:15:56,652 : state_square_error: 12.336 reward_error: 294.754
INFO : 2021-01-28 05:16:14,554 : episode: 76 score: 3092.4 100 games avg: 3092.4 steps 1000 
INFO : 2021-01-28 05:16:39,393 : state_square_error: 1.755 reward_error: 256.338
INFO : 2021-01-28 05:16:57,504 : state_square_error: 24.519 reward_error: 342.849
INFO : 2021-01-28 05:17:15,632 : state_square_error: 15.131 reward_error: 291.286
INFO : 2021-01-28 05:17:33,633 : state_square_error: 5.414 reward_error: 318.569
INFO : 2021-01-28 05:17:51,710 : state_square_error: 3.590 reward_error: 294.958
INFO : 2021-01-28 05:18:09,833 : state_square_error: 9.688 reward_error: 301.432
INFO : 2021-01-28 05:18:27,971 : state_square_error: 5.154 reward_error: 315.781
INFO : 2021-01-28 05:18:46,094 : state_square_error: 8.501 reward_error: 310.378
INFO : 2021-01-28 05:19:04,192 : state_square_error: 11.453 reward_error: 301.890
INFO : 2021-01-28 05:19:22,277 : state_square_error: 4.788 reward_error: 309.116
INFO : 2021-01-28 05:19:40,147 : episode: 77 score: 3025.6 100 games avg: 3025.6 steps 1000 
INFO : 2021-01-28 05:20:05,301 : state_square_error: 0.344 reward_error: 250.041
INFO : 2021-01-28 05:20:23,431 : state_square_error: 6.243 reward_error: 315.377
INFO : 2021-01-28 05:20:41,492 : state_square_error: 1.401 reward_error: 316.020
INFO : 2021-01-28 05:20:59,551 : state_square_error: 6.948 reward_error: 318.088
INFO : 2021-01-28 05:21:17,690 : state_square_error: 6.204 reward_error: 312.909
INFO : 2021-01-28 05:21:35,739 : state_square_error: 1.790 reward_error: 323.818
INFO : 2021-01-28 05:21:53,804 : state_square_error: 1.133 reward_error: 311.356
INFO : 2021-01-28 05:22:11,890 : state_square_error: 4.585 reward_error: 320.880
INFO : 2021-01-28 05:22:29,947 : state_square_error: 8.703 reward_error: 320.245
INFO : 2021-01-28 05:22:48,009 : state_square_error: 3.932 reward_error: 319.637
INFO : 2021-01-28 05:23:05,915 : episode: 78 score: 3223.5 100 games avg: 3223.5 steps 1000 
INFO : 2021-01-28 05:23:31,372 : state_square_error: 2.228 reward_error: 253.416
INFO : 2021-01-28 05:23:49,540 : state_square_error: 1.233 reward_error: 286.602
INFO : 2021-01-28 05:24:07,700 : state_square_error: 1.916 reward_error: 286.243
INFO : 2021-01-28 05:24:25,832 : state_square_error: 0.970 reward_error: 338.125
INFO : 2021-01-28 05:24:43,894 : state_square_error: 8.241 reward_error: 302.829
INFO : 2021-01-28 05:25:01,879 : state_square_error: 3.747 reward_error: 325.816
INFO : 2021-01-28 05:25:19,985 : state_square_error: 13.626 reward_error: 318.996
INFO : 2021-01-28 05:25:38,061 : state_square_error: 3.298 reward_error: 315.675
INFO : 2021-01-28 05:25:56,132 : state_square_error: 1.669 reward_error: 314.768
INFO : 2021-01-28 05:26:14,205 : state_square_error: 9.142 reward_error: 346.578
INFO : 2021-01-28 05:26:32,131 : episode: 79 score: 3024.2 100 games avg: 3024.2 steps 1000 
INFO : 2021-01-28 05:26:57,867 : state_square_error: 6.958 reward_error: 248.933
INFO : 2021-01-28 05:27:16,081 : state_square_error: 12.381 reward_error: 315.747
INFO : 2021-01-28 05:27:34,240 : state_square_error: 3.910 reward_error: 329.266
INFO : 2021-01-28 05:27:52,364 : state_square_error: 5.396 reward_error: 342.804
INFO : 2021-01-28 05:28:10,495 : state_square_error: 4.029 reward_error: 318.198
INFO : 2021-01-28 05:28:28,551 : state_square_error: 17.700 reward_error: 324.118
INFO : 2021-01-28 05:28:46,653 : state_square_error: 0.450 reward_error: 312.755
INFO : 2021-01-28 05:29:04,726 : state_square_error: 4.038 reward_error: 327.656
INFO : 2021-01-28 05:29:22,861 : state_square_error: 4.048 reward_error: 341.017
INFO : 2021-01-28 05:29:40,928 : state_square_error: 1.483 reward_error: 309.159
INFO : 2021-01-28 05:29:58,794 : episode: 80 score: 3078.0 100 games avg: 3078.0 steps 1000 
INFO : 2021-01-28 05:30:24,929 : state_square_error: 2.452 reward_error: 256.469
INFO : 2021-01-28 05:30:42,971 : state_square_error: 42.843 reward_error: 323.507
INFO : 2021-01-28 05:31:00,965 : state_square_error: 6.389 reward_error: 317.598
INFO : 2021-01-28 05:31:18,963 : state_square_error: 4.388 reward_error: 307.808
INFO : 2021-01-28 05:31:37,107 : state_square_error: 5.441 reward_error: 326.031
INFO : 2021-01-28 05:31:55,210 : state_square_error: 7.924 reward_error: 331.252
INFO : 2021-01-28 05:32:13,272 : state_square_error: 4.416 reward_error: 313.700
INFO : 2021-01-28 05:32:31,322 : state_square_error: 10.367 reward_error: 322.506
INFO : 2021-01-28 05:32:49,420 : state_square_error: 3.837 reward_error: 314.926
INFO : 2021-01-28 05:33:07,558 : state_square_error: 2.022 reward_error: 319.159
INFO : 2021-01-28 05:33:25,561 : episode: 81 score: 3233.8 100 games avg: 3233.8 steps 1000 
INFO : 2021-01-28 05:33:52,083 : state_square_error: 3.584 reward_error: 249.676
INFO : 2021-01-28 05:34:10,228 : state_square_error: 15.408 reward_error: 311.644
INFO : 2021-01-28 05:34:28,311 : state_square_error: 8.592 reward_error: 314.282
INFO : 2021-01-28 05:34:46,391 : state_square_error: 13.367 reward_error: 310.445
INFO : 2021-01-28 05:35:04,505 : state_square_error: 5.157 reward_error: 328.319
INFO : 2021-01-28 05:35:22,600 : state_square_error: 10.201 reward_error: 299.242
INFO : 2021-01-28 05:35:40,704 : state_square_error: 1.245 reward_error: 312.786
INFO : 2021-01-28 05:35:58,803 : state_square_error: 2.028 reward_error: 332.495
INFO : 2021-01-28 05:36:16,950 : state_square_error: 1.235 reward_error: 331.069
INFO : 2021-01-28 05:36:35,107 : state_square_error: 18.950 reward_error: 324.087
INFO : 2021-01-28 05:36:53,016 : episode: 82 score: 3078.9 100 games avg: 3078.9 steps 1000 
INFO : 2021-01-28 05:37:19,786 : state_square_error: 6.857 reward_error: 243.947
INFO : 2021-01-28 05:37:37,989 : state_square_error: 1.232 reward_error: 331.374
INFO : 2021-01-28 05:37:56,047 : state_square_error: 14.153 reward_error: 308.640
INFO : 2021-01-28 05:38:14,115 : state_square_error: 0.923 reward_error: 328.151
INFO : 2021-01-28 05:38:32,202 : state_square_error: 4.573 reward_error: 316.334
INFO : 2021-01-28 05:38:50,244 : state_square_error: 11.680 reward_error: 280.638
INFO : 2021-01-28 05:39:08,339 : state_square_error: 5.397 reward_error: 329.140
INFO : 2021-01-28 05:39:26,428 : state_square_error: 8.494 reward_error: 327.812
INFO : 2021-01-28 05:39:44,540 : state_square_error: 3.879 reward_error: 340.099
INFO : 2021-01-28 05:40:02,588 : state_square_error: 25.403 reward_error: 316.176
INFO : 2021-01-28 05:40:20,496 : episode: 83 score: 3207.8 100 games avg: 3207.8 steps 1000 
INFO : 2021-01-28 05:40:47,700 : state_square_error: 6.801 reward_error: 261.733
INFO : 2021-01-28 05:41:05,844 : state_square_error: 0.734 reward_error: 319.951
INFO : 2021-01-28 05:41:23,954 : state_square_error: 13.470 reward_error: 323.341
INFO : 2021-01-28 05:41:42,086 : state_square_error: 2.413 reward_error: 357.066
INFO : 2021-01-28 05:42:00,210 : state_square_error: 7.066 reward_error: 329.484
INFO : 2021-01-28 05:42:18,321 : state_square_error: 3.273 reward_error: 330.348
INFO : 2021-01-28 05:42:36,417 : state_square_error: 4.749 reward_error: 331.557
INFO : 2021-01-28 05:42:54,499 : state_square_error: 1.585 reward_error: 342.973
INFO : 2021-01-28 05:43:12,585 : state_square_error: 5.989 reward_error: 326.855
INFO : 2021-01-28 05:43:30,684 : state_square_error: 2.366 reward_error: 334.009
INFO : 2021-01-28 05:43:48,581 : episode: 84 score: 3128.2 100 games avg: 3128.2 steps 1000 
INFO : 2021-01-28 05:44:15,834 : state_square_error: 2.160 reward_error: 266.481
INFO : 2021-01-28 05:44:33,971 : state_square_error: 1.923 reward_error: 334.368
INFO : 2021-01-28 05:44:52,021 : state_square_error: 32.910 reward_error: 336.916
INFO : 2021-01-28 05:45:10,149 : state_square_error: 6.575 reward_error: 339.328
INFO : 2021-01-28 05:45:28,224 : state_square_error: 1.293 reward_error: 329.916
INFO : 2021-01-28 05:45:46,290 : state_square_error: 8.512 reward_error: 336.379
INFO : 2021-01-28 05:46:04,437 : state_square_error: 10.112 reward_error: 305.620
INFO : 2021-01-28 05:46:22,570 : state_square_error: 5.211 reward_error: 317.667
INFO : 2021-01-28 05:46:40,711 : state_square_error: 15.493 reward_error: 329.949
INFO : 2021-01-28 05:46:58,777 : state_square_error: 6.943 reward_error: 341.287
INFO : 2021-01-28 05:47:16,629 : episode: 85 score: 2930.8 100 games avg: 2930.8 steps 1000 
INFO : 2021-01-28 05:47:44,430 : state_square_error: 2.141 reward_error: 260.602
INFO : 2021-01-28 05:48:02,637 : state_square_error: 8.347 reward_error: 332.328
INFO : 2021-01-28 05:48:20,746 : state_square_error: 2.916 reward_error: 318.068
INFO : 2021-01-28 05:48:38,790 : state_square_error: 3.550 reward_error: 359.718
INFO : 2021-01-28 05:48:56,849 : state_square_error: 1.711 reward_error: 305.534
INFO : 2021-01-28 05:49:14,953 : state_square_error: 0.960 reward_error: 315.725
INFO : 2021-01-28 05:49:33,007 : state_square_error: 5.115 reward_error: 334.836
INFO : 2021-01-28 05:49:51,230 : state_square_error: 2.236 reward_error: 322.964
INFO : 2021-01-28 05:50:09,300 : state_square_error: 1.954 reward_error: 363.075
INFO : 2021-01-28 05:50:27,338 : state_square_error: 7.627 reward_error: 386.252
INFO : 2021-01-28 05:50:45,261 : episode: 86 score: 3299.5 100 games avg: 3299.5 steps 1000 
INFO : 2021-01-28 05:51:13,336 : state_square_error: 7.623 reward_error: 267.666
INFO : 2021-01-28 05:51:31,504 : state_square_error: 4.105 reward_error: 333.028
INFO : 2021-01-28 05:51:49,614 : state_square_error: 2.358 reward_error: 326.902
INFO : 2021-01-28 05:52:07,710 : state_square_error: 1.504 reward_error: 339.119
INFO : 2021-01-28 05:52:25,877 : state_square_error: 12.688 reward_error: 350.887
INFO : 2021-01-28 05:52:44,017 : state_square_error: 9.928 reward_error: 305.041
INFO : 2021-01-28 05:53:02,139 : state_square_error: 7.762 reward_error: 340.723
INFO : 2021-01-28 05:53:20,253 : state_square_error: 13.797 reward_error: 359.749
INFO : 2021-01-28 05:53:38,401 : state_square_error: 5.297 reward_error: 333.621
INFO : 2021-01-28 05:53:56,548 : state_square_error: 7.396 reward_error: 356.285
INFO : 2021-01-28 05:54:14,527 : episode: 87 score: 3093.1 100 games avg: 3093.1 steps 1000 
INFO : 2021-01-28 05:54:42,976 : state_square_error: 1.321 reward_error: 264.329
INFO : 2021-01-28 05:55:01,134 : state_square_error: 9.540 reward_error: 324.697
INFO : 2021-01-28 05:55:19,257 : state_square_error: 2.813 reward_error: 311.188
INFO : 2021-01-28 05:55:37,324 : state_square_error: 6.667 reward_error: 373.368
INFO : 2021-01-28 05:55:55,375 : state_square_error: 7.562 reward_error: 347.892
INFO : 2021-01-28 05:56:13,436 : state_square_error: 0.385 reward_error: 333.099
INFO : 2021-01-28 05:56:31,585 : state_square_error: 11.708 reward_error: 336.296
INFO : 2021-01-28 05:56:49,737 : state_square_error: 6.172 reward_error: 333.750
INFO : 2021-01-28 05:57:07,907 : state_square_error: 12.578 reward_error: 336.219
INFO : 2021-01-28 05:57:25,971 : state_square_error: 14.934 reward_error: 343.431
INFO : 2021-01-28 05:57:43,859 : episode: 88 score: 3123.6 100 games avg: 3123.6 steps 1000 
INFO : 2021-01-28 05:58:12,547 : state_square_error: 4.690 reward_error: 272.368
INFO : 2021-01-28 05:58:30,708 : state_square_error: 4.846 reward_error: 326.091
INFO : 2021-01-28 05:58:48,788 : state_square_error: 1.449 reward_error: 332.330
INFO : 2021-01-28 05:59:06,843 : state_square_error: 4.224 reward_error: 336.000
INFO : 2021-01-28 05:59:24,940 : state_square_error: 6.466 reward_error: 353.282
INFO : 2021-01-28 05:59:43,087 : state_square_error: 4.271 reward_error: 359.982
INFO : 2021-01-28 06:00:01,241 : state_square_error: 3.448 reward_error: 314.210
INFO : 2021-01-28 06:00:19,249 : state_square_error: 6.258 reward_error: 324.539
INFO : 2021-01-28 06:00:37,288 : state_square_error: 0.789 reward_error: 341.950
INFO : 2021-01-28 06:00:55,387 : state_square_error: 0.837 reward_error: 330.756
INFO : 2021-01-28 06:01:13,321 : episode: 89 score: 3277.9 100 games avg: 3277.9 steps 1000 
INFO : 2021-01-28 06:01:42,376 : state_square_error: 5.120 reward_error: 276.971
INFO : 2021-01-28 06:02:00,510 : state_square_error: 11.402 reward_error: 335.192
INFO : 2021-01-28 06:02:18,665 : state_square_error: 1.605 reward_error: 360.640
INFO : 2021-01-28 06:02:36,771 : state_square_error: 17.209 reward_error: 367.628
INFO : 2021-01-28 06:02:54,883 : state_square_error: 3.319 reward_error: 348.913
INFO : 2021-01-28 06:03:12,970 : state_square_error: 6.180 reward_error: 341.973
INFO : 2021-01-28 06:03:31,030 : state_square_error: 8.952 reward_error: 351.886
INFO : 2021-01-28 06:03:49,065 : state_square_error: 1.225 reward_error: 321.839
INFO : 2021-01-28 06:04:07,198 : state_square_error: 4.812 reward_error: 366.140
INFO : 2021-01-28 06:04:25,272 : state_square_error: 8.224 reward_error: 350.245
INFO : 2021-01-28 06:04:43,145 : episode: 90 score: 3518.8 100 games avg: 3518.8 steps 1000 
INFO : 2021-01-28 06:05:12,536 : state_square_error: 5.078 reward_error: 271.411
INFO : 2021-01-28 06:05:30,634 : state_square_error: 5.317 reward_error: 346.068
INFO : 2021-01-28 06:05:48,636 : state_square_error: 1.206 reward_error: 348.735
INFO : 2021-01-28 06:06:06,755 : state_square_error: 4.533 reward_error: 338.384
INFO : 2021-01-28 06:06:25,302 : state_square_error: 14.077 reward_error: 352.837
INFO : 2021-01-28 06:06:43,624 : state_square_error: 6.807 reward_error: 356.677
INFO : 2021-01-28 06:07:01,889 : state_square_error: 2.907 reward_error: 330.826
INFO : 2021-01-28 06:07:20,057 : state_square_error: 3.425 reward_error: 317.052
INFO : 2021-01-28 06:07:38,153 : state_square_error: 2.385 reward_error: 340.948
INFO : 2021-01-28 06:07:56,230 : state_square_error: 2.179 reward_error: 326.360
INFO : 2021-01-28 06:08:14,129 : episode: 91 score: 3387.6 100 games avg: 3387.6 steps 1000 
INFO : 2021-01-28 06:08:43,918 : state_square_error: 4.928 reward_error: 284.365
INFO : 2021-01-28 06:09:02,078 : state_square_error: 2.541 reward_error: 344.204
INFO : 2021-01-28 06:09:20,190 : state_square_error: 3.033 reward_error: 319.527
INFO : 2021-01-28 06:09:38,187 : state_square_error: 3.896 reward_error: 339.414
INFO : 2021-01-28 06:09:56,223 : state_square_error: 2.386 reward_error: 350.745
INFO : 2021-01-28 06:10:14,272 : state_square_error: 2.887 reward_error: 359.655
INFO : 2021-01-28 06:10:32,356 : state_square_error: 1.084 reward_error: 334.127
INFO : 2021-01-28 06:10:50,456 : state_square_error: 4.872 reward_error: 353.489
INFO : 2021-01-28 06:11:08,609 : state_square_error: 13.001 reward_error: 320.710
INFO : 2021-01-28 06:11:26,735 : state_square_error: 7.668 reward_error: 353.908
INFO : 2021-01-28 06:11:44,619 : episode: 92 score: 3126.9 100 games avg: 3126.9 steps 1000 
INFO : 2021-01-28 06:12:14,797 : state_square_error: 9.899 reward_error: 293.378
INFO : 2021-01-28 06:12:33,061 : state_square_error: 6.432 reward_error: 374.024
INFO : 2021-01-28 06:12:51,181 : state_square_error: 1.551 reward_error: 333.147
INFO : 2021-01-28 06:13:09,312 : state_square_error: 1.008 reward_error: 395.629
INFO : 2021-01-28 06:13:27,425 : state_square_error: 7.115 reward_error: 355.893
INFO : 2021-01-28 06:13:45,485 : state_square_error: 9.108 reward_error: 361.604
INFO : 2021-01-28 06:14:03,558 : state_square_error: 6.273 reward_error: 364.091
INFO : 2021-01-28 06:14:21,649 : state_square_error: 2.160 reward_error: 352.220
INFO : 2021-01-28 06:14:39,759 : state_square_error: 1.556 reward_error: 364.027
INFO : 2021-01-28 06:14:57,825 : state_square_error: 2.293 reward_error: 344.390
INFO : 2021-01-28 06:15:15,816 : episode: 93 score: 3231.8 100 games avg: 3231.8 steps 1000 
INFO : 2021-01-28 06:15:46,267 : state_square_error: 5.771 reward_error: 278.998
INFO : 2021-01-28 06:16:04,406 : state_square_error: 14.752 reward_error: 344.862
INFO : 2021-01-28 06:16:22,480 : state_square_error: 1.661 reward_error: 359.914
INFO : 2021-01-28 06:16:40,532 : state_square_error: 9.444 reward_error: 333.159
INFO : 2021-01-28 06:16:58,612 : state_square_error: 3.052 reward_error: 342.850
INFO : 2021-01-28 06:17:16,689 : state_square_error: 4.841 reward_error: 368.567
INFO : 2021-01-28 06:17:34,768 : state_square_error: 9.829 reward_error: 367.021
INFO : 2021-01-28 06:17:52,855 : state_square_error: 12.250 reward_error: 324.056
INFO : 2021-01-28 06:18:10,936 : state_square_error: 7.732 reward_error: 376.906
INFO : 2021-01-28 06:18:29,032 : state_square_error: 5.822 reward_error: 348.474
INFO : 2021-01-28 06:18:46,957 : episode: 94 score: 3469.2 100 games avg: 3469.2 steps 1000 
INFO : 2021-01-28 06:19:17,811 : state_square_error: 6.250 reward_error: 276.540
INFO : 2021-01-28 06:19:35,922 : state_square_error: 3.003 reward_error: 360.495
INFO : 2021-01-28 06:19:54,040 : state_square_error: 1.101 reward_error: 346.435
INFO : 2021-01-28 06:20:12,126 : state_square_error: 5.550 reward_error: 367.718
INFO : 2021-01-28 06:20:30,181 : state_square_error: 3.607 reward_error: 368.092
INFO : 2021-01-28 06:20:48,247 : state_square_error: 2.316 reward_error: 361.457
INFO : 2021-01-28 06:21:06,430 : state_square_error: 1.037 reward_error: 355.734
INFO : 2021-01-28 06:21:24,559 : state_square_error: 5.549 reward_error: 339.414
INFO : 2021-01-28 06:21:42,652 : state_square_error: 12.555 reward_error: 335.764
INFO : 2021-01-28 06:22:00,714 : state_square_error: 18.939 reward_error: 351.999
INFO : 2021-01-28 06:22:18,607 : episode: 95 score: 3434.6 100 games avg: 3434.6 steps 1000 
INFO : 2021-01-28 06:22:49,680 : state_square_error: 3.658 reward_error: 287.270
INFO : 2021-01-28 06:23:07,697 : state_square_error: 5.959 reward_error: 343.281
INFO : 2021-01-28 06:23:25,889 : state_square_error: 22.897 reward_error: 358.013
INFO : 2021-01-28 06:23:43,996 : state_square_error: 5.368 reward_error: 349.284
INFO : 2021-01-28 06:24:02,124 : state_square_error: 19.710 reward_error: 361.964
INFO : 2021-01-28 06:24:20,309 : state_square_error: 2.864 reward_error: 354.612
INFO : 2021-01-28 06:24:38,460 : state_square_error: 0.982 reward_error: 346.550
INFO : 2021-01-28 06:24:56,500 : state_square_error: 1.602 reward_error: 367.313
INFO : 2021-01-28 06:25:14,531 : state_square_error: 3.839 reward_error: 361.005
INFO : 2021-01-28 06:25:32,565 : state_square_error: 4.179 reward_error: 356.625
INFO : 2021-01-28 06:25:50,432 : episode: 96 score: 3494.8 100 games avg: 3494.8 steps 1000 
INFO : 2021-01-28 06:26:21,740 : state_square_error: 4.751 reward_error: 278.101
INFO : 2021-01-28 06:26:39,833 : state_square_error: 24.337 reward_error: 382.879
INFO : 2021-01-28 06:26:57,849 : state_square_error: 4.572 reward_error: 372.999
INFO : 2021-01-28 06:27:15,881 : state_square_error: 4.423 reward_error: 368.462
INFO : 2021-01-28 06:27:33,917 : state_square_error: 6.339 reward_error: 376.885
INFO : 2021-01-28 06:27:51,984 : state_square_error: 2.824 reward_error: 377.740
INFO : 2021-01-28 06:28:10,037 : state_square_error: 5.771 reward_error: 336.576
INFO : 2021-01-28 06:28:28,121 : state_square_error: 19.313 reward_error: 404.178
INFO : 2021-01-28 06:28:46,165 : state_square_error: 1.223 reward_error: 351.693
INFO : 2021-01-28 06:29:04,254 : state_square_error: 2.609 reward_error: 366.723
INFO : 2021-01-28 06:29:22,238 : episode: 97 score: 3547.8 100 games avg: 3547.8 steps 1000 
INFO : 2021-01-28 06:29:53,965 : state_square_error: 11.665 reward_error: 283.263
INFO : 2021-01-28 06:30:12,084 : state_square_error: 4.370 reward_error: 342.223
INFO : 2021-01-28 06:30:30,148 : state_square_error: 10.593 reward_error: 366.334
INFO : 2021-01-28 06:30:48,164 : state_square_error: 6.605 reward_error: 361.445
INFO : 2021-01-28 06:31:06,236 : state_square_error: 3.633 reward_error: 342.383
INFO : 2021-01-28 06:31:24,401 : state_square_error: 6.784 reward_error: 357.597
INFO : 2021-01-28 06:31:42,455 : state_square_error: 3.204 reward_error: 376.750
INFO : 2021-01-28 06:32:00,535 : state_square_error: 5.484 reward_error: 362.366
INFO : 2021-01-28 06:32:18,697 : state_square_error: 6.700 reward_error: 389.721
INFO : 2021-01-28 06:32:36,781 : state_square_error: 21.930 reward_error: 352.236
INFO : 2021-01-28 06:32:54,663 : episode: 98 score: 3345.4 100 games avg: 3345.4 steps 1000 
INFO : 2021-01-28 06:33:26,800 : state_square_error: 5.877 reward_error: 283.125
INFO : 2021-01-28 06:33:44,889 : state_square_error: 1.126 reward_error: 326.728
INFO : 2021-01-28 06:34:03,010 : state_square_error: 3.281 reward_error: 337.404
INFO : 2021-01-28 06:34:21,068 : state_square_error: 2.405 reward_error: 371.274
INFO : 2021-01-28 06:34:39,126 : state_square_error: 2.616 reward_error: 364.934
INFO : 2021-01-28 06:34:57,190 : state_square_error: 2.492 reward_error: 369.401
INFO : 2021-01-28 06:35:15,209 : state_square_error: 1.440 reward_error: 363.278
INFO : 2021-01-28 06:35:33,319 : state_square_error: 10.713 reward_error: 341.206
INFO : 2021-01-28 06:35:51,385 : state_square_error: 2.219 reward_error: 365.568
INFO : 2021-01-28 06:36:09,494 : state_square_error: 1.594 reward_error: 376.752
INFO : 2021-01-28 06:36:27,450 : episode: 99 score: 3313.9 100 games avg: 3313.9 steps 1000 
